00:34:28.283 [main] INFO  f.i.s.repairnator.pipeline.Launcher - PIPELINE VERSION: 3.0-2018-08-09 19:04
00:34:28.489 [main] INFO  f.i.s.repairnator.pipeline.Launcher - The pipeline will try to reproduce a bug from build 371351470 and its corresponding patch from build 371352027
00:34:28.490 [main] INFO  f.i.s.repairnator.pipeline.Launcher - Initialize file serializer engines.
00:34:28.493 [main] INFO  f.i.s.repairnator.pipeline.Launcher - MongoDB won't be used for serialization.
00:34:28.493 [main] INFO  f.i.s.repairnator.pipeline.Launcher - The email notifier engine won't be used.
00:34:28.497 [main] INFO  f.i.s.repairnator.pipeline.Launcher - Start by getting the build (buildId: 371351470) with the following config: RepairnatorConfig{runId='e1e687d4-f849-47b3-a53e-600cf5a719ad_04-18-week4-FAILING_AND_PASSING', launcherMode=BEARS, serializeJson=true, inputPath='null', outputPath='/var/log', mongodbHost='null', mongodbName='repairnator', smtpServer='null', notifyTo=[], notifyEndProcess=false, push=true, pushRemoteRepo='https://github.com/fermadeiral/bears-collection-fp', fork=false, lookFromDate=null, lookToDate=null, buildId=371351470, z3solverPath='./z3_for_linux', workspacePath='./workspace', githubToken='c8a341a903[...]', dockerImageName='null', skipDelete=false, createOutputDir=false, logDirectory='null', nbThreads=0, globalTimeout=0, whiteList=null, blackList=null, jobSleepTime=0, buildSleepTime=0, maxInspectedBuilds=0, duration=null, humanPatch=false, repository='null', clean=true, bearsMode=BOTH, bearsDelimiter = false, repairTools=NopolAllTests,NPEFix,AssertFixer,AstorJGenProg,AstorJKali,NopolSingleTest,AstorJMut,NopolTestExclusionStrategy, githubUserName= fermadeiral, githubUserEmail=fer.madeiral@gmail.com}
00:34:30.238 [main] DEBUG fr.inria.jtravis.helpers.BuildHelper - Get request to :https://api.travis-ci.org/build/371351470 done after 930 ms
00:34:30.519 [main] DEBUG fr.inria.jtravis.helpers.BuildHelper - Get request to :https://api.travis-ci.org/build/371352027 done after 147 ms
00:34:30.538 [main] INFO  f.i.s.repairnator.pipeline.Launcher - The patched build (371352027) was successfully retrieved from Travis.
00:34:31.889 [main] INFO  fr.inria.jtravis.JTravis - GitHub ratelimit: Limit: 5000 Remaining: 4949 Reset hour: 19:41:43
00:34:32.172 [main] INFO  f.i.s.r.p.i.ProjectInspector - ----------------------------------------------------------------------
00:34:32.172 [main] INFO  f.i.s.r.p.i.ProjectInspector - PIPELINE STEPS
00:34:32.173 [main] INFO  f.i.s.r.p.i.ProjectInspector - ----------------------------------------------------------------------
00:34:32.173 [main] INFO  f.i.s.r.p.i.ProjectInspector - CloneRepository
00:34:32.173 [main] INFO  f.i.s.r.p.i.ProjectInspector - CheckoutBuggyBuildCandidate
00:34:32.174 [main] INFO  f.i.s.r.p.i.ProjectInspector - ComputeSourceDir
00:34:32.174 [main] INFO  f.i.s.r.p.i.ProjectInspector - ComputeTestDir
00:34:32.175 [main] INFO  f.i.s.r.p.i.ProjectInspector - BuildProjectBuggyBuildCandidate
00:34:32.175 [main] INFO  f.i.s.r.p.i.ProjectInspector - TestProjectBuggyBuildCandidate
00:34:32.175 [main] INFO  f.i.s.r.p.i.ProjectInspector - GatherTestInformationBuggyBuildCandidate
00:34:32.176 [main] INFO  f.i.s.r.p.i.ProjectInspector - InitRepoToPush
00:34:32.176 [main] INFO  f.i.s.r.p.i.ProjectInspector - ComputeClasspath
00:34:32.177 [main] INFO  f.i.s.r.p.i.ProjectInspector - ComputeModules
00:34:32.177 [main] INFO  f.i.s.r.p.i.ProjectInspector - CheckoutPatchedBuildCandidate
00:34:32.177 [main] INFO  f.i.s.r.p.i.ProjectInspector - BuildProjectPatchedBuildCandidate
00:34:32.178 [main] INFO  f.i.s.r.p.i.ProjectInspector - TestProjectPatchedBuildCandidate
00:34:32.178 [main] INFO  f.i.s.r.p.i.ProjectInspector - GatherTestInformationPatchedBuildCandidate
00:34:32.179 [main] INFO  f.i.s.r.p.i.ProjectInspector - CommitPatch
00:34:32.179 [main] INFO  f.i.s.r.p.i.ProjectInspector - WritePropertyFile
00:34:32.179 [main] INFO  f.i.s.r.p.i.ProjectInspector - CommitProcessEnd
00:34:32.180 [main] INFO  f.i.s.r.p.i.ProjectInspector - PushProcessEnd
00:34:32.180 [main] DEBUG f.i.s.r.process.step.CloneRepository - ----------------------------------------------------------------------
00:34:32.181 [main] DEBUG f.i.s.r.process.step.CloneRepository - STEP 1/18: CloneRepository
00:34:32.181 [main] DEBUG f.i.s.r.process.step.CloneRepository - ----------------------------------------------------------------------
00:34:32.182 [main] DEBUG f.i.s.r.process.step.CloneRepository - Cloning repository linkedin/pinot in the following directory: ./workspace/linkedin/pinot/371351470
00:35:08.876 [main] DEBUG f.i.s.r.process.step.CloneRepository - STEP STATUS: [ CloneRepository : SUCCESS ]
00:35:08.877 [main] DEBUG f.i.s.r.process.step.CloneRepository - STEP DURATION: 36s
00:35:08.878 [main] DEBUG f.i.s.r.process.step.CloneRepository - EXECUTE NEXT STEP
00:35:08.878 [main] DEBUG f.i.s.r.p.s.c.CheckoutBuggyBuild - ----------------------------------------------------------------------
00:35:08.879 [main] DEBUG f.i.s.r.p.s.c.CheckoutBuggyBuild - STEP 2/18: CheckoutBuggyBuildCandidate
00:35:08.879 [main] DEBUG f.i.s.r.p.s.c.CheckoutBuggyBuild - ----------------------------------------------------------------------
00:35:08.879 [main] DEBUG f.i.s.r.p.s.c.CheckoutBuggyBuild - Checking out buggy build candidate...
00:35:09.205 [main] INFO  fr.inria.jtravis.JTravis - GitHub ratelimit: Limit: 5000 Remaining: 4939 Reset hour: 19:41:43
00:35:11.541 [main] DEBUG f.i.s.r.p.s.c.CheckoutBuggyBuild - Reproduce the PR for linkedin/pinot by fetching remote branch and merging.
00:35:12.872 [main] ERROR f.i.s.r.p.s.c.CheckoutBuggyBuild - Error while testing commit: org.eclipse.jgit.errors.MissingObjectException: Missing unknown 11a0a51aa7814e65fdbc7b39e0f18978e135b7cc
00:35:12.874 [main] ERROR f.i.s.r.p.s.c.CheckoutBuggyBuild - Commit head ref cannot be retrieved from the repository: 11a0a51aa7814e65fdbc7b39e0f18978e135b7cc. Operation aborted.
00:35:12.874 [main] ERROR f.i.s.r.p.s.c.CheckoutBuggyBuild - Error while merging two commits to reproduce the PR.
00:35:12.876 [main] DEBUG f.i.s.r.p.s.c.CheckoutBuggyBuild - STEP STATUS: [ CheckoutBuggyBuildCandidate : FAILURE ( BUILDNOTCHECKEDOUT ) ]
00:35:12.877 [main] DEBUG f.i.s.r.p.s.c.CheckoutBuggyBuild - STEP DURATION: 3s
00:35:12.878 [main] DEBUG f.i.s.r.p.s.c.CheckoutBuggyBuild - TERMINATE PIPELINE
00:35:12.879 [main] DEBUG f.i.s.r.p.s.c.CheckoutBuggyBuild - FINAL STEPS SKIPPED: The reproduction of the bug and/or the patch failed.
00:35:12.880 [main] INFO  f.i.s.r.p.s.c.CheckoutBuggyBuild - Serialize all data for the pair of builds 371351470, 371352027
00:35:13.002 [main] INFO  fr.inria.jtravis.JTravis - GitHub ratelimit: Limit: 5000 Remaining: 4932 Reset hour: 19:41:43
00:35:14.299 [main] INFO  f.i.s.r.p.i.ProjectInspector - ----------------------------------------------------------------------
00:35:14.299 [main] INFO  f.i.s.r.p.i.ProjectInspector - PIPELINE EXECUTION SUMMARY
00:35:14.299 [main] INFO  f.i.s.r.p.i.ProjectInspector - ----------------------------------------------------------------------
00:35:14.300 [main] INFO  f.i.s.r.p.i.ProjectInspector - CloneRepository.......................................SUCCESS [ 36 s ]
00:35:14.300 [main] INFO  f.i.s.r.p.i.ProjectInspector - CheckoutBuggyBuildCandidate...........................FAILURE [  3 s ]
00:35:14.300 [main] INFO  f.i.s.r.p.i.ProjectInspector - ComputeSourceDir......................................NOT RUN         
00:35:14.300 [main] INFO  f.i.s.r.p.i.ProjectInspector - ComputeTestDir........................................NOT RUN         
00:35:14.301 [main] INFO  f.i.s.r.p.i.ProjectInspector - BuildProjectBuggyBuildCandidate.......................NOT RUN         
00:35:14.301 [main] INFO  f.i.s.r.p.i.ProjectInspector - TestProjectBuggyBuildCandidate........................NOT RUN         
00:35:14.301 [main] INFO  f.i.s.r.p.i.ProjectInspector - GatherTestInformationBuggyBuildCandidate..............NOT RUN         
00:35:14.302 [main] INFO  f.i.s.r.p.i.ProjectInspector - InitRepoToPush........................................NOT RUN         
00:35:14.302 [main] INFO  f.i.s.r.p.i.ProjectInspector - ComputeClasspath......................................NOT RUN         
00:35:14.303 [main] INFO  f.i.s.r.p.i.ProjectInspector - ComputeModules........................................NOT RUN         
00:35:14.303 [main] INFO  f.i.s.r.p.i.ProjectInspector - CheckoutPatchedBuildCandidate.........................NOT RUN         
00:35:14.303 [main] INFO  f.i.s.r.p.i.ProjectInspector - BuildProjectPatchedBuildCandidate.....................NOT RUN         
00:35:14.303 [main] INFO  f.i.s.r.p.i.ProjectInspector - TestProjectPatchedBuildCandidate......................NOT RUN         
00:35:14.303 [main] INFO  f.i.s.r.p.i.ProjectInspector - GatherTestInformationPatchedBuildCandidate............NOT RUN         
00:35:14.304 [main] INFO  f.i.s.r.p.i.ProjectInspector - CommitPatch...........................................NOT RUN         
00:35:14.304 [main] INFO  f.i.s.r.p.i.ProjectInspector - WritePropertyFile.....................................NOT RUN         
00:35:14.304 [main] INFO  f.i.s.r.p.i.ProjectInspector - CommitProcessEnd......................................NOT RUN         
00:35:14.304 [main] INFO  f.i.s.r.p.i.ProjectInspector - PushProcessEnd........................................NOT RUN         
00:35:14.304 [main] INFO  f.i.s.r.p.i.ProjectInspector - ----------------------------------------------------------------------
00:35:14.304 [main] INFO  f.i.s.r.p.i.ProjectInspector - PIPELINE FINDING: BUILDNOTCHECKEDOUT
00:35:14.305 [main] INFO  f.i.s.r.p.i.ProjectInspector - ----------------------------------------------------------------------
00:35:14.305 [main] INFO  f.i.s.repairnator.pipeline.Launcher - Inspector is finished. The process will exit now.
