06:51:55.788 [main] INFO  f.i.s.repairnator.pipeline.Launcher - PIPELINE VERSION: 3.0-2018-08-09 19:04
06:51:55.919 [main] INFO  f.i.s.repairnator.pipeline.Launcher - The pipeline will try to reproduce a bug from build 370079227 and its corresponding patch from build 370081430
06:51:55.920 [main] INFO  f.i.s.repairnator.pipeline.Launcher - Initialize file serializer engines.
06:51:55.922 [main] INFO  f.i.s.repairnator.pipeline.Launcher - MongoDB won't be used for serialization.
06:51:55.922 [main] INFO  f.i.s.repairnator.pipeline.Launcher - The email notifier engine won't be used.
06:51:55.925 [main] INFO  f.i.s.repairnator.pipeline.Launcher - Start by getting the build (buildId: 370079227) with the following config: RepairnatorConfig{runId='e1e687d4-f849-47b3-a53e-600cf5a719ad_04-18-week4-FAILING_AND_PASSING', launcherMode=BEARS, serializeJson=true, inputPath='null', outputPath='/var/log', mongodbHost='null', mongodbName='repairnator', smtpServer='null', notifyTo=[], notifyEndProcess=false, push=true, pushRemoteRepo='https://github.com/fermadeiral/bears-collection-fp', fork=false, lookFromDate=null, lookToDate=null, buildId=370079227, z3solverPath='./z3_for_linux', workspacePath='./workspace', githubToken='c8a341a903[...]', dockerImageName='null', skipDelete=false, createOutputDir=false, logDirectory='null', nbThreads=0, globalTimeout=0, whiteList=null, blackList=null, jobSleepTime=0, buildSleepTime=0, maxInspectedBuilds=0, duration=null, humanPatch=false, repository='null', clean=true, bearsMode=BOTH, bearsDelimiter = false, repairTools=NopolAllTests,NPEFix,AssertFixer,AstorJGenProg,AstorJKali,NopolSingleTest,AstorJMut,NopolTestExclusionStrategy, githubUserName= fermadeiral, githubUserEmail=fer.madeiral@gmail.com}
06:51:57.279 [main] DEBUG fr.inria.jtravis.helpers.BuildHelper - Get request to :https://api.travis-ci.org/build/370079227 done after 861 ms
06:51:57.698 [main] DEBUG fr.inria.jtravis.helpers.BuildHelper - Get request to :https://api.travis-ci.org/build/370081430 done after 304 ms
06:51:57.712 [main] INFO  f.i.s.repairnator.pipeline.Launcher - The patched build (370081430) was successfully retrieved from Travis.
06:51:58.905 [main] INFO  fr.inria.jtravis.JTravis - GitHub ratelimit: Limit: 5000 Remaining: 4883 Reset hour: 19:42:06
06:51:59.153 [main] INFO  f.i.s.r.p.i.ProjectInspector - ----------------------------------------------------------------------
06:51:59.153 [main] INFO  f.i.s.r.p.i.ProjectInspector - PIPELINE STEPS
06:51:59.153 [main] INFO  f.i.s.r.p.i.ProjectInspector - ----------------------------------------------------------------------
06:51:59.153 [main] INFO  f.i.s.r.p.i.ProjectInspector - CloneRepository
06:51:59.153 [main] INFO  f.i.s.r.p.i.ProjectInspector - CheckoutBuggyBuildCandidate
06:51:59.153 [main] INFO  f.i.s.r.p.i.ProjectInspector - ComputeSourceDir
06:51:59.154 [main] INFO  f.i.s.r.p.i.ProjectInspector - ComputeTestDir
06:51:59.154 [main] INFO  f.i.s.r.p.i.ProjectInspector - BuildProjectBuggyBuildCandidate
06:51:59.154 [main] INFO  f.i.s.r.p.i.ProjectInspector - TestProjectBuggyBuildCandidate
06:51:59.154 [main] INFO  f.i.s.r.p.i.ProjectInspector - GatherTestInformationBuggyBuildCandidate
06:51:59.154 [main] INFO  f.i.s.r.p.i.ProjectInspector - InitRepoToPush
06:51:59.155 [main] INFO  f.i.s.r.p.i.ProjectInspector - ComputeClasspath
06:51:59.155 [main] INFO  f.i.s.r.p.i.ProjectInspector - ComputeModules
06:51:59.155 [main] INFO  f.i.s.r.p.i.ProjectInspector - CheckoutPatchedBuildCandidate
06:51:59.155 [main] INFO  f.i.s.r.p.i.ProjectInspector - BuildProjectPatchedBuildCandidate
06:51:59.155 [main] INFO  f.i.s.r.p.i.ProjectInspector - TestProjectPatchedBuildCandidate
06:51:59.155 [main] INFO  f.i.s.r.p.i.ProjectInspector - GatherTestInformationPatchedBuildCandidate
06:51:59.155 [main] INFO  f.i.s.r.p.i.ProjectInspector - CommitPatch
06:51:59.156 [main] INFO  f.i.s.r.p.i.ProjectInspector - WritePropertyFile
06:51:59.156 [main] INFO  f.i.s.r.p.i.ProjectInspector - CommitProcessEnd
06:51:59.156 [main] INFO  f.i.s.r.p.i.ProjectInspector - PushProcessEnd
06:51:59.156 [main] DEBUG f.i.s.r.process.step.CloneRepository - ----------------------------------------------------------------------
06:51:59.157 [main] DEBUG f.i.s.r.process.step.CloneRepository - STEP 1/18: CloneRepository
06:51:59.157 [main] DEBUG f.i.s.r.process.step.CloneRepository - ----------------------------------------------------------------------
06:51:59.158 [main] DEBUG f.i.s.r.process.step.CloneRepository - Cloning repository dhis2/dhis2-core in the following directory: ./workspace/dhis2/dhis2-core/370079227
06:52:21.414 [main] DEBUG f.i.s.r.process.step.CloneRepository - STEP STATUS: [ CloneRepository : SUCCESS ]
06:52:21.415 [main] DEBUG f.i.s.r.process.step.CloneRepository - STEP DURATION: 22s
06:52:21.415 [main] DEBUG f.i.s.r.process.step.CloneRepository - EXECUTE NEXT STEP
06:52:21.415 [main] DEBUG f.i.s.r.p.s.c.CheckoutBuggyBuild - ----------------------------------------------------------------------
06:52:21.416 [main] DEBUG f.i.s.r.p.s.c.CheckoutBuggyBuild - STEP 2/18: CheckoutBuggyBuildCandidate
06:52:21.416 [main] DEBUG f.i.s.r.p.s.c.CheckoutBuggyBuild - ----------------------------------------------------------------------
06:52:21.416 [main] DEBUG f.i.s.r.p.s.c.CheckoutBuggyBuild - Checking out buggy build candidate...
06:52:21.702 [main] INFO  fr.inria.jtravis.JTravis - GitHub ratelimit: Limit: 5000 Remaining: 4875 Reset hour: 19:42:06
06:52:23.863 [main] DEBUG f.i.s.r.p.s.c.CheckoutBuggyBuild - Reproduce the PR for dhis2/dhis2-core by fetching remote branch and merging.
06:52:24.699 [main] ERROR f.i.s.r.p.s.c.CheckoutBuggyBuild - Error while testing commit: org.eclipse.jgit.errors.MissingObjectException: Missing unknown 3cd34408f1bb9b04894a5d8b9d48b865ea13b743
06:52:24.700 [main] ERROR f.i.s.r.p.s.c.CheckoutBuggyBuild - Commit head ref cannot be retrieved from the repository: 3cd34408f1bb9b04894a5d8b9d48b865ea13b743. Operation aborted.
06:52:24.701 [main] ERROR f.i.s.r.p.s.c.CheckoutBuggyBuild - Error while merging two commits to reproduce the PR.
06:52:24.702 [main] DEBUG f.i.s.r.p.s.c.CheckoutBuggyBuild - STEP STATUS: [ CheckoutBuggyBuildCandidate : FAILURE ( BUILDNOTCHECKEDOUT ) ]
06:52:24.702 [main] DEBUG f.i.s.r.p.s.c.CheckoutBuggyBuild - STEP DURATION: 3s
06:52:24.702 [main] DEBUG f.i.s.r.p.s.c.CheckoutBuggyBuild - TERMINATE PIPELINE
06:52:24.702 [main] DEBUG f.i.s.r.p.s.c.CheckoutBuggyBuild - FINAL STEPS SKIPPED: The reproduction of the bug and/or the patch failed.
06:52:24.702 [main] INFO  f.i.s.r.p.s.c.CheckoutBuggyBuild - Serialize all data for the pair of builds 370079227, 370081430
06:52:24.809 [main] INFO  fr.inria.jtravis.JTravis - GitHub ratelimit: Limit: 5000 Remaining: 4868 Reset hour: 19:42:06
06:52:25.986 [main] INFO  f.i.s.r.p.i.ProjectInspector - ----------------------------------------------------------------------
06:52:25.986 [main] INFO  f.i.s.r.p.i.ProjectInspector - PIPELINE EXECUTION SUMMARY
06:52:25.986 [main] INFO  f.i.s.r.p.i.ProjectInspector - ----------------------------------------------------------------------
06:52:25.987 [main] INFO  f.i.s.r.p.i.ProjectInspector - CloneRepository.......................................SUCCESS [ 22 s ]
06:52:25.987 [main] INFO  f.i.s.r.p.i.ProjectInspector - CheckoutBuggyBuildCandidate...........................FAILURE [  3 s ]
06:52:25.987 [main] INFO  f.i.s.r.p.i.ProjectInspector - ComputeSourceDir......................................NOT RUN         
06:52:25.987 [main] INFO  f.i.s.r.p.i.ProjectInspector - ComputeTestDir........................................NOT RUN         
06:52:25.987 [main] INFO  f.i.s.r.p.i.ProjectInspector - BuildProjectBuggyBuildCandidate.......................NOT RUN         
06:52:25.987 [main] INFO  f.i.s.r.p.i.ProjectInspector - TestProjectBuggyBuildCandidate........................NOT RUN         
06:52:25.988 [main] INFO  f.i.s.r.p.i.ProjectInspector - GatherTestInformationBuggyBuildCandidate..............NOT RUN         
06:52:25.988 [main] INFO  f.i.s.r.p.i.ProjectInspector - InitRepoToPush........................................NOT RUN         
06:52:25.988 [main] INFO  f.i.s.r.p.i.ProjectInspector - ComputeClasspath......................................NOT RUN         
06:52:25.988 [main] INFO  f.i.s.r.p.i.ProjectInspector - ComputeModules........................................NOT RUN         
06:52:25.988 [main] INFO  f.i.s.r.p.i.ProjectInspector - CheckoutPatchedBuildCandidate.........................NOT RUN         
06:52:25.988 [main] INFO  f.i.s.r.p.i.ProjectInspector - BuildProjectPatchedBuildCandidate.....................NOT RUN         
06:52:25.989 [main] INFO  f.i.s.r.p.i.ProjectInspector - TestProjectPatchedBuildCandidate......................NOT RUN         
06:52:25.989 [main] INFO  f.i.s.r.p.i.ProjectInspector - GatherTestInformationPatchedBuildCandidate............NOT RUN         
06:52:25.989 [main] INFO  f.i.s.r.p.i.ProjectInspector - CommitPatch...........................................NOT RUN         
06:52:25.989 [main] INFO  f.i.s.r.p.i.ProjectInspector - WritePropertyFile.....................................NOT RUN         
06:52:25.989 [main] INFO  f.i.s.r.p.i.ProjectInspector - CommitProcessEnd......................................NOT RUN         
06:52:25.989 [main] INFO  f.i.s.r.p.i.ProjectInspector - PushProcessEnd........................................NOT RUN         
06:52:25.989 [main] INFO  f.i.s.r.p.i.ProjectInspector - ----------------------------------------------------------------------
06:52:25.989 [main] INFO  f.i.s.r.p.i.ProjectInspector - PIPELINE FINDING: BUILDNOTCHECKEDOUT
06:52:25.990 [main] INFO  f.i.s.r.p.i.ProjectInspector - ----------------------------------------------------------------------
06:52:25.990 [main] INFO  f.i.s.repairnator.pipeline.Launcher - Inspector is finished. The process will exit now.
