01:02:21.299 [main] INFO  f.i.s.repairnator.pipeline.Launcher - PIPELINE VERSION: 3.0-2018-08-09 19:04
01:02:21.476 [main] INFO  f.i.s.repairnator.pipeline.Launcher - The pipeline will try to reproduce a bug from build 369883489 and its corresponding patch from build 369890695
01:02:21.477 [main] INFO  f.i.s.repairnator.pipeline.Launcher - Initialize file serializer engines.
01:02:21.479 [main] INFO  f.i.s.repairnator.pipeline.Launcher - MongoDB won't be used for serialization.
01:02:21.479 [main] INFO  f.i.s.repairnator.pipeline.Launcher - The email notifier engine won't be used.
01:02:21.482 [main] INFO  f.i.s.repairnator.pipeline.Launcher - Start by getting the build (buildId: 369883489) with the following config: RepairnatorConfig{runId='e1e687d4-f849-47b3-a53e-600cf5a719ad_04-18-week4-FAILING_AND_PASSING', launcherMode=BEARS, serializeJson=true, inputPath='null', outputPath='/var/log', mongodbHost='null', mongodbName='repairnator', smtpServer='null', notifyTo=[], notifyEndProcess=false, push=true, pushRemoteRepo='https://github.com/fermadeiral/bears-collection-fp', fork=false, lookFromDate=null, lookToDate=null, buildId=369883489, z3solverPath='./z3_for_linux', workspacePath='./workspace', githubToken='c8a341a903[...]', dockerImageName='null', skipDelete=false, createOutputDir=false, logDirectory='null', nbThreads=0, globalTimeout=0, whiteList=null, blackList=null, jobSleepTime=0, buildSleepTime=0, maxInspectedBuilds=0, duration=null, humanPatch=false, repository='null', clean=true, bearsMode=BOTH, bearsDelimiter = false, repairTools=NopolAllTests,NPEFix,AssertFixer,AstorJGenProg,AstorJKali,NopolSingleTest,AstorJMut,NopolTestExclusionStrategy, githubUserName= fermadeiral, githubUserEmail=fer.madeiral@gmail.com}
01:02:22.862 [main] DEBUG fr.inria.jtravis.helpers.BuildHelper - Get request to :https://api.travis-ci.org/build/369883489 done after 834 ms
01:02:23.100 [main] DEBUG fr.inria.jtravis.helpers.BuildHelper - Get request to :https://api.travis-ci.org/build/369890695 done after 131 ms
01:02:23.115 [main] INFO  f.i.s.repairnator.pipeline.Launcher - The patched build (369890695) was successfully retrieved from Travis.
01:02:24.152 [main] INFO  fr.inria.jtravis.JTravis - GitHub ratelimit: Limit: 5000 Remaining: 4727 Reset hour: 19:41:43
01:02:24.377 [main] INFO  f.i.s.r.p.i.ProjectInspector - ----------------------------------------------------------------------
01:02:24.377 [main] INFO  f.i.s.r.p.i.ProjectInspector - PIPELINE STEPS
01:02:24.377 [main] INFO  f.i.s.r.p.i.ProjectInspector - ----------------------------------------------------------------------
01:02:24.377 [main] INFO  f.i.s.r.p.i.ProjectInspector - CloneRepository
01:02:24.377 [main] INFO  f.i.s.r.p.i.ProjectInspector - CheckoutBuggyBuildCandidate
01:02:24.378 [main] INFO  f.i.s.r.p.i.ProjectInspector - ComputeSourceDir
01:02:24.378 [main] INFO  f.i.s.r.p.i.ProjectInspector - ComputeTestDir
01:02:24.378 [main] INFO  f.i.s.r.p.i.ProjectInspector - BuildProjectBuggyBuildCandidate
01:02:24.378 [main] INFO  f.i.s.r.p.i.ProjectInspector - TestProjectBuggyBuildCandidate
01:02:24.378 [main] INFO  f.i.s.r.p.i.ProjectInspector - GatherTestInformationBuggyBuildCandidate
01:02:24.378 [main] INFO  f.i.s.r.p.i.ProjectInspector - InitRepoToPush
01:02:24.379 [main] INFO  f.i.s.r.p.i.ProjectInspector - ComputeClasspath
01:02:24.379 [main] INFO  f.i.s.r.p.i.ProjectInspector - ComputeModules
01:02:24.379 [main] INFO  f.i.s.r.p.i.ProjectInspector - CheckoutPatchedBuildCandidate
01:02:24.379 [main] INFO  f.i.s.r.p.i.ProjectInspector - BuildProjectPatchedBuildCandidate
01:02:24.379 [main] INFO  f.i.s.r.p.i.ProjectInspector - TestProjectPatchedBuildCandidate
01:02:24.379 [main] INFO  f.i.s.r.p.i.ProjectInspector - GatherTestInformationPatchedBuildCandidate
01:02:24.379 [main] INFO  f.i.s.r.p.i.ProjectInspector - CommitPatch
01:02:24.379 [main] INFO  f.i.s.r.p.i.ProjectInspector - WritePropertyFile
01:02:24.380 [main] INFO  f.i.s.r.p.i.ProjectInspector - CommitProcessEnd
01:02:24.380 [main] INFO  f.i.s.r.p.i.ProjectInspector - PushProcessEnd
01:02:24.380 [main] DEBUG f.i.s.r.process.step.CloneRepository - ----------------------------------------------------------------------
01:02:24.380 [main] DEBUG f.i.s.r.process.step.CloneRepository - STEP 1/18: CloneRepository
01:02:24.381 [main] DEBUG f.i.s.r.process.step.CloneRepository - ----------------------------------------------------------------------
01:02:24.381 [main] DEBUG f.i.s.r.process.step.CloneRepository - Cloning repository Azure/azure-libraries-for-java in the following directory: ./workspace/Azure/azure-libraries-for-java/369883489
01:03:26.747 [main] DEBUG f.i.s.r.process.step.CloneRepository - STEP STATUS: [ CloneRepository : SUCCESS ]
01:03:26.748 [main] DEBUG f.i.s.r.process.step.CloneRepository - STEP DURATION: 62s
01:03:26.750 [main] DEBUG f.i.s.r.process.step.CloneRepository - EXECUTE NEXT STEP
01:03:26.751 [main] DEBUG f.i.s.r.p.s.c.CheckoutBuggyBuild - ----------------------------------------------------------------------
01:03:26.751 [main] DEBUG f.i.s.r.p.s.c.CheckoutBuggyBuild - STEP 2/18: CheckoutBuggyBuildCandidate
01:03:26.751 [main] DEBUG f.i.s.r.p.s.c.CheckoutBuggyBuild - ----------------------------------------------------------------------
01:03:26.751 [main] DEBUG f.i.s.r.p.s.c.CheckoutBuggyBuild - Checking out buggy build candidate...
01:03:27.110 [main] INFO  fr.inria.jtravis.JTravis - GitHub ratelimit: Limit: 5000 Remaining: 4726 Reset hour: 19:41:43
01:03:30.969 [main] DEBUG f.i.s.r.p.s.c.CheckoutBuggyBuild - Reproduce the PR for Azure/azure-libraries-for-java by fetching remote branch and merging.
01:03:35.843 [main] ERROR f.i.s.r.p.s.c.CheckoutBuggyBuild - Error while testing commit: org.eclipse.jgit.errors.MissingObjectException: Missing unknown ef4baf7314c078297fe92342ab2c511980d8d5bf
01:03:35.845 [main] ERROR f.i.s.r.p.s.c.CheckoutBuggyBuild - Commit head ref cannot be retrieved from the repository: ef4baf7314c078297fe92342ab2c511980d8d5bf. Operation aborted.
01:03:35.845 [main] ERROR f.i.s.r.p.s.c.CheckoutBuggyBuild - Error while merging two commits to reproduce the PR.
01:03:35.847 [main] DEBUG f.i.s.r.p.s.c.CheckoutBuggyBuild - STEP STATUS: [ CheckoutBuggyBuildCandidate : FAILURE ( BUILDNOTCHECKEDOUT ) ]
01:03:35.848 [main] DEBUG f.i.s.r.p.s.c.CheckoutBuggyBuild - STEP DURATION: 9s
01:03:35.848 [main] DEBUG f.i.s.r.p.s.c.CheckoutBuggyBuild - TERMINATE PIPELINE
01:03:35.849 [main] DEBUG f.i.s.r.p.s.c.CheckoutBuggyBuild - FINAL STEPS SKIPPED: The reproduction of the bug and/or the patch failed.
01:03:35.850 [main] INFO  f.i.s.r.p.s.c.CheckoutBuggyBuild - Serialize all data for the pair of builds 369883489, 369890695
01:03:36.165 [main] INFO  fr.inria.jtravis.JTravis - GitHub ratelimit: Limit: 5000 Remaining: 4719 Reset hour: 19:41:43
01:03:37.496 [main] INFO  f.i.s.r.p.i.ProjectInspector - ----------------------------------------------------------------------
01:03:37.496 [main] INFO  f.i.s.r.p.i.ProjectInspector - PIPELINE EXECUTION SUMMARY
01:03:37.496 [main] INFO  f.i.s.r.p.i.ProjectInspector - ----------------------------------------------------------------------
01:03:37.496 [main] INFO  f.i.s.r.p.i.ProjectInspector - CloneRepository.......................................SUCCESS [ 62 s ]
01:03:37.497 [main] INFO  f.i.s.r.p.i.ProjectInspector - CheckoutBuggyBuildCandidate...........................FAILURE [  9 s ]
01:03:37.497 [main] INFO  f.i.s.r.p.i.ProjectInspector - ComputeSourceDir......................................NOT RUN         
01:03:37.497 [main] INFO  f.i.s.r.p.i.ProjectInspector - ComputeTestDir........................................NOT RUN         
01:03:37.497 [main] INFO  f.i.s.r.p.i.ProjectInspector - BuildProjectBuggyBuildCandidate.......................NOT RUN         
01:03:37.497 [main] INFO  f.i.s.r.p.i.ProjectInspector - TestProjectBuggyBuildCandidate........................NOT RUN         
01:03:37.497 [main] INFO  f.i.s.r.p.i.ProjectInspector - GatherTestInformationBuggyBuildCandidate..............NOT RUN         
01:03:37.497 [main] INFO  f.i.s.r.p.i.ProjectInspector - InitRepoToPush........................................NOT RUN         
01:03:37.498 [main] INFO  f.i.s.r.p.i.ProjectInspector - ComputeClasspath......................................NOT RUN         
01:03:37.498 [main] INFO  f.i.s.r.p.i.ProjectInspector - ComputeModules........................................NOT RUN         
01:03:37.498 [main] INFO  f.i.s.r.p.i.ProjectInspector - CheckoutPatchedBuildCandidate.........................NOT RUN         
01:03:37.498 [main] INFO  f.i.s.r.p.i.ProjectInspector - BuildProjectPatchedBuildCandidate.....................NOT RUN         
01:03:37.498 [main] INFO  f.i.s.r.p.i.ProjectInspector - TestProjectPatchedBuildCandidate......................NOT RUN         
01:03:37.498 [main] INFO  f.i.s.r.p.i.ProjectInspector - GatherTestInformationPatchedBuildCandidate............NOT RUN         
01:03:37.499 [main] INFO  f.i.s.r.p.i.ProjectInspector - CommitPatch...........................................NOT RUN         
01:03:37.499 [main] INFO  f.i.s.r.p.i.ProjectInspector - WritePropertyFile.....................................NOT RUN         
01:03:37.499 [main] INFO  f.i.s.r.p.i.ProjectInspector - CommitProcessEnd......................................NOT RUN         
01:03:37.499 [main] INFO  f.i.s.r.p.i.ProjectInspector - PushProcessEnd........................................NOT RUN         
01:03:37.499 [main] INFO  f.i.s.r.p.i.ProjectInspector - ----------------------------------------------------------------------
01:03:37.499 [main] INFO  f.i.s.r.p.i.ProjectInspector - PIPELINE FINDING: BUILDNOTCHECKEDOUT
01:03:37.499 [main] INFO  f.i.s.r.p.i.ProjectInspector - ----------------------------------------------------------------------
01:03:37.499 [main] INFO  f.i.s.repairnator.pipeline.Launcher - Inspector is finished. The process will exit now.
