19:13:03.568 [main] INFO  f.i.s.repairnator.pipeline.Launcher - PIPELINE VERSION: 3.0-2018-08-09 19:04
19:13:03.762 [main] INFO  f.i.s.repairnator.pipeline.Launcher - The pipeline will try to reproduce a bug from build 371779665 and its corresponding patch from build 371876430
19:13:03.762 [main] INFO  f.i.s.repairnator.pipeline.Launcher - Initialize file serializer engines.
19:13:03.764 [main] INFO  f.i.s.repairnator.pipeline.Launcher - MongoDB won't be used for serialization.
19:13:03.765 [main] INFO  f.i.s.repairnator.pipeline.Launcher - The email notifier engine won't be used.
19:13:03.769 [main] INFO  f.i.s.repairnator.pipeline.Launcher - Start by getting the build (buildId: 371779665) with the following config: RepairnatorConfig{runId='e1e687d4-f849-47b3-a53e-600cf5a719ad_04-18-week4-FAILING_AND_PASSING', launcherMode=BEARS, serializeJson=true, inputPath='null', outputPath='/var/log', mongodbHost='null', mongodbName='repairnator', smtpServer='null', notifyTo=[], notifyEndProcess=false, push=true, pushRemoteRepo='https://github.com/fermadeiral/bears-collection-fp', fork=false, lookFromDate=null, lookToDate=null, buildId=371779665, z3solverPath='./z3_for_linux', workspacePath='./workspace', githubToken='c8a341a903[...]', dockerImageName='null', skipDelete=false, createOutputDir=false, logDirectory='null', nbThreads=0, globalTimeout=0, whiteList=null, blackList=null, jobSleepTime=0, buildSleepTime=0, maxInspectedBuilds=0, duration=null, humanPatch=false, repository='null', clean=true, bearsMode=BOTH, bearsDelimiter = false, repairTools=NopolAllTests,NPEFix,AssertFixer,AstorJGenProg,AstorJKali,NopolSingleTest,AstorJMut,NopolTestExclusionStrategy, githubUserName= fermadeiral, githubUserEmail=fer.madeiral@gmail.com}
19:13:05.418 [main] DEBUG fr.inria.jtravis.helpers.BuildHelper - Get request to :https://api.travis-ci.org/build/371779665 done after 940 ms
19:13:05.692 [main] DEBUG fr.inria.jtravis.helpers.BuildHelper - Get request to :https://api.travis-ci.org/build/371876430 done after 133 ms
19:13:05.711 [main] INFO  f.i.s.repairnator.pipeline.Launcher - The patched build (371876430) was successfully retrieved from Travis.
19:13:07.021 [main] INFO  fr.inria.jtravis.JTravis - GitHub ratelimit: Limit: 5000 Remaining: 4861 Reset hour: 19:41:21
19:13:07.279 [main] INFO  f.i.s.r.p.i.ProjectInspector - ----------------------------------------------------------------------
19:13:07.279 [main] INFO  f.i.s.r.p.i.ProjectInspector - PIPELINE STEPS
19:13:07.279 [main] INFO  f.i.s.r.p.i.ProjectInspector - ----------------------------------------------------------------------
19:13:07.279 [main] INFO  f.i.s.r.p.i.ProjectInspector - CloneRepository
19:13:07.279 [main] INFO  f.i.s.r.p.i.ProjectInspector - CheckoutBuggyBuildCandidate
19:13:07.280 [main] INFO  f.i.s.r.p.i.ProjectInspector - ComputeSourceDir
19:13:07.280 [main] INFO  f.i.s.r.p.i.ProjectInspector - ComputeTestDir
19:13:07.280 [main] INFO  f.i.s.r.p.i.ProjectInspector - BuildProjectBuggyBuildCandidate
19:13:07.280 [main] INFO  f.i.s.r.p.i.ProjectInspector - TestProjectBuggyBuildCandidate
19:13:07.280 [main] INFO  f.i.s.r.p.i.ProjectInspector - GatherTestInformationBuggyBuildCandidate
19:13:07.280 [main] INFO  f.i.s.r.p.i.ProjectInspector - InitRepoToPush
19:13:07.280 [main] INFO  f.i.s.r.p.i.ProjectInspector - ComputeClasspath
19:13:07.280 [main] INFO  f.i.s.r.p.i.ProjectInspector - ComputeModules
19:13:07.281 [main] INFO  f.i.s.r.p.i.ProjectInspector - CheckoutPatchedBuildCandidate
19:13:07.281 [main] INFO  f.i.s.r.p.i.ProjectInspector - BuildProjectPatchedBuildCandidate
19:13:07.281 [main] INFO  f.i.s.r.p.i.ProjectInspector - TestProjectPatchedBuildCandidate
19:13:07.281 [main] INFO  f.i.s.r.p.i.ProjectInspector - GatherTestInformationPatchedBuildCandidate
19:13:07.281 [main] INFO  f.i.s.r.p.i.ProjectInspector - CommitPatch
19:13:07.281 [main] INFO  f.i.s.r.p.i.ProjectInspector - WritePropertyFile
19:13:07.281 [main] INFO  f.i.s.r.p.i.ProjectInspector - CommitProcessEnd
19:13:07.281 [main] INFO  f.i.s.r.p.i.ProjectInspector - PushProcessEnd
19:13:07.282 [main] DEBUG f.i.s.r.process.step.CloneRepository - ----------------------------------------------------------------------
19:13:07.282 [main] DEBUG f.i.s.r.process.step.CloneRepository - STEP 1/18: CloneRepository
19:13:07.282 [main] DEBUG f.i.s.r.process.step.CloneRepository - ----------------------------------------------------------------------
19:13:07.282 [main] DEBUG f.i.s.r.process.step.CloneRepository - Cloning repository prestodb/presto in the following directory: ./workspace/prestodb/presto/371779665
19:13:53.401 [main] DEBUG f.i.s.r.process.step.CloneRepository - STEP STATUS: [ CloneRepository : SUCCESS ]
19:13:53.401 [main] DEBUG f.i.s.r.process.step.CloneRepository - STEP DURATION: 46s
19:13:53.406 [main] DEBUG f.i.s.r.process.step.CloneRepository - EXECUTE NEXT STEP
19:13:53.414 [main] DEBUG f.i.s.r.p.s.c.CheckoutBuggyBuild - ----------------------------------------------------------------------
19:13:53.415 [main] DEBUG f.i.s.r.p.s.c.CheckoutBuggyBuild - STEP 2/18: CheckoutBuggyBuildCandidate
19:13:53.415 [main] DEBUG f.i.s.r.p.s.c.CheckoutBuggyBuild - ----------------------------------------------------------------------
19:13:53.415 [main] DEBUG f.i.s.r.p.s.c.CheckoutBuggyBuild - Checking out buggy build candidate...
19:13:53.775 [main] INFO  fr.inria.jtravis.JTravis - GitHub ratelimit: Limit: 5000 Remaining: 4860 Reset hour: 19:41:21
19:13:56.026 [main] DEBUG f.i.s.r.p.s.c.CheckoutBuggyBuild - Reproduce the PR for prestodb/presto by fetching remote branch and merging.
19:13:57.968 [main] ERROR f.i.s.r.p.s.c.CheckoutBuggyBuild - Error while testing commit: org.eclipse.jgit.errors.MissingObjectException: Missing unknown 80097d76e570b4c00b726700d6d0afe241294635
19:13:57.970 [main] ERROR f.i.s.r.p.s.c.CheckoutBuggyBuild - Commit head ref cannot be retrieved from the repository: 80097d76e570b4c00b726700d6d0afe241294635. Operation aborted.
19:13:57.970 [main] ERROR f.i.s.r.p.s.c.CheckoutBuggyBuild - Error while merging two commits to reproduce the PR.
19:13:57.971 [main] DEBUG f.i.s.r.p.s.c.CheckoutBuggyBuild - STEP STATUS: [ CheckoutBuggyBuildCandidate : FAILURE ( BUILDNOTCHECKEDOUT ) ]
19:13:57.971 [main] DEBUG f.i.s.r.p.s.c.CheckoutBuggyBuild - STEP DURATION: 4s
19:13:57.971 [main] DEBUG f.i.s.r.p.s.c.CheckoutBuggyBuild - TERMINATE PIPELINE
19:13:57.972 [main] DEBUG f.i.s.r.p.s.c.CheckoutBuggyBuild - FINAL STEPS SKIPPED: The reproduction of the bug and/or the patch failed.
19:13:57.972 [main] INFO  f.i.s.r.p.s.c.CheckoutBuggyBuild - Serialize all data for the pair of builds 371779665, 371876430
19:13:58.094 [main] INFO  fr.inria.jtravis.JTravis - GitHub ratelimit: Limit: 5000 Remaining: 4853 Reset hour: 19:41:21
19:14:00.840 [main] INFO  f.i.s.r.p.i.ProjectInspector - ----------------------------------------------------------------------
19:14:00.841 [main] INFO  f.i.s.r.p.i.ProjectInspector - PIPELINE EXECUTION SUMMARY
19:14:00.841 [main] INFO  f.i.s.r.p.i.ProjectInspector - ----------------------------------------------------------------------
19:14:00.841 [main] INFO  f.i.s.r.p.i.ProjectInspector - CloneRepository.......................................SUCCESS [ 46 s ]
19:14:00.841 [main] INFO  f.i.s.r.p.i.ProjectInspector - CheckoutBuggyBuildCandidate...........................FAILURE [  4 s ]
19:14:00.842 [main] INFO  f.i.s.r.p.i.ProjectInspector - ComputeSourceDir......................................NOT RUN         
19:14:00.842 [main] INFO  f.i.s.r.p.i.ProjectInspector - ComputeTestDir........................................NOT RUN         
19:14:00.843 [main] INFO  f.i.s.r.p.i.ProjectInspector - BuildProjectBuggyBuildCandidate.......................NOT RUN         
19:14:00.843 [main] INFO  f.i.s.r.p.i.ProjectInspector - TestProjectBuggyBuildCandidate........................NOT RUN         
19:14:00.843 [main] INFO  f.i.s.r.p.i.ProjectInspector - GatherTestInformationBuggyBuildCandidate..............NOT RUN         
19:14:00.843 [main] INFO  f.i.s.r.p.i.ProjectInspector - InitRepoToPush........................................NOT RUN         
19:14:00.843 [main] INFO  f.i.s.r.p.i.ProjectInspector - ComputeClasspath......................................NOT RUN         
19:14:00.844 [main] INFO  f.i.s.r.p.i.ProjectInspector - ComputeModules........................................NOT RUN         
19:14:00.844 [main] INFO  f.i.s.r.p.i.ProjectInspector - CheckoutPatchedBuildCandidate.........................NOT RUN         
19:14:00.844 [main] INFO  f.i.s.r.p.i.ProjectInspector - BuildProjectPatchedBuildCandidate.....................NOT RUN         
19:14:00.844 [main] INFO  f.i.s.r.p.i.ProjectInspector - TestProjectPatchedBuildCandidate......................NOT RUN         
19:14:00.844 [main] INFO  f.i.s.r.p.i.ProjectInspector - GatherTestInformationPatchedBuildCandidate............NOT RUN         
19:14:00.844 [main] INFO  f.i.s.r.p.i.ProjectInspector - CommitPatch...........................................NOT RUN         
19:14:00.844 [main] INFO  f.i.s.r.p.i.ProjectInspector - WritePropertyFile.....................................NOT RUN         
19:14:00.845 [main] INFO  f.i.s.r.p.i.ProjectInspector - CommitProcessEnd......................................NOT RUN         
19:14:00.845 [main] INFO  f.i.s.r.p.i.ProjectInspector - PushProcessEnd........................................NOT RUN         
19:14:00.845 [main] INFO  f.i.s.r.p.i.ProjectInspector - ----------------------------------------------------------------------
19:14:00.845 [main] INFO  f.i.s.r.p.i.ProjectInspector - PIPELINE FINDING: BUILDNOTCHECKEDOUT
19:14:00.845 [main] INFO  f.i.s.r.p.i.ProjectInspector - ----------------------------------------------------------------------
19:14:00.845 [main] INFO  f.i.s.repairnator.pipeline.Launcher - Inspector is finished. The process will exit now.
