20:05:23.589 [main] INFO  f.i.s.repairnator.pipeline.Launcher - PIPELINE VERSION: 3.0-2018-08-09 19:04
20:05:23.816 [main] INFO  f.i.s.repairnator.pipeline.Launcher - The pipeline will try to reproduce a bug from build 370663614 and its corresponding patch from build 370727325
20:05:23.816 [main] INFO  f.i.s.repairnator.pipeline.Launcher - Initialize file serializer engines.
20:05:23.819 [main] INFO  f.i.s.repairnator.pipeline.Launcher - MongoDB won't be used for serialization.
20:05:23.820 [main] INFO  f.i.s.repairnator.pipeline.Launcher - The email notifier engine won't be used.
20:05:23.825 [main] INFO  f.i.s.repairnator.pipeline.Launcher - Start by getting the build (buildId: 370663614) with the following config: RepairnatorConfig{runId='e1e687d4-f849-47b3-a53e-600cf5a719ad_04-18-week4-FAILING_AND_PASSING', launcherMode=BEARS, serializeJson=true, inputPath='null', outputPath='/var/log', mongodbHost='null', mongodbName='repairnator', smtpServer='null', notifyTo=[], notifyEndProcess=false, push=true, pushRemoteRepo='https://github.com/fermadeiral/bears-collection-fp', fork=false, lookFromDate=null, lookToDate=null, buildId=370663614, z3solverPath='./z3_for_linux', workspacePath='./workspace', githubToken='c8a341a903[...]', dockerImageName='null', skipDelete=false, createOutputDir=false, logDirectory='null', nbThreads=0, globalTimeout=0, whiteList=null, blackList=null, jobSleepTime=0, buildSleepTime=0, maxInspectedBuilds=0, duration=null, humanPatch=false, repository='null', clean=true, bearsMode=BOTH, bearsDelimiter = false, repairTools=NopolAllTests,NPEFix,AssertFixer,AstorJGenProg,AstorJKali,NopolSingleTest,AstorJMut,NopolTestExclusionStrategy, githubUserName= fermadeiral, githubUserEmail=fer.madeiral@gmail.com}
20:05:25.034 [main] DEBUG fr.inria.jtravis.helpers.BuildHelper - Get request to :https://api.travis-ci.org/build/370663614 done after 792 ms
20:05:25.259 [main] DEBUG fr.inria.jtravis.helpers.BuildHelper - Get request to :https://api.travis-ci.org/build/370727325 done after 144 ms
20:05:25.279 [main] INFO  f.i.s.repairnator.pipeline.Launcher - The patched build (370727325) was successfully retrieved from Travis.
20:05:26.365 [main] INFO  fr.inria.jtravis.JTravis - GitHub ratelimit: Limit: 5000 Remaining: 4808 Reset hour: 19:41:25
20:05:26.641 [main] INFO  f.i.s.r.p.i.ProjectInspector - ----------------------------------------------------------------------
20:05:26.642 [main] INFO  f.i.s.r.p.i.ProjectInspector - PIPELINE STEPS
20:05:26.642 [main] INFO  f.i.s.r.p.i.ProjectInspector - ----------------------------------------------------------------------
20:05:26.643 [main] INFO  f.i.s.r.p.i.ProjectInspector - CloneRepository
20:05:26.643 [main] INFO  f.i.s.r.p.i.ProjectInspector - CheckoutBuggyBuildCandidate
20:05:26.643 [main] INFO  f.i.s.r.p.i.ProjectInspector - ComputeSourceDir
20:05:26.643 [main] INFO  f.i.s.r.p.i.ProjectInspector - ComputeTestDir
20:05:26.643 [main] INFO  f.i.s.r.p.i.ProjectInspector - BuildProjectBuggyBuildCandidate
20:05:26.644 [main] INFO  f.i.s.r.p.i.ProjectInspector - TestProjectBuggyBuildCandidate
20:05:26.644 [main] INFO  f.i.s.r.p.i.ProjectInspector - GatherTestInformationBuggyBuildCandidate
20:05:26.644 [main] INFO  f.i.s.r.p.i.ProjectInspector - InitRepoToPush
20:05:26.644 [main] INFO  f.i.s.r.p.i.ProjectInspector - ComputeClasspath
20:05:26.644 [main] INFO  f.i.s.r.p.i.ProjectInspector - ComputeModules
20:05:26.645 [main] INFO  f.i.s.r.p.i.ProjectInspector - CheckoutPatchedBuildCandidate
20:05:26.645 [main] INFO  f.i.s.r.p.i.ProjectInspector - BuildProjectPatchedBuildCandidate
20:05:26.645 [main] INFO  f.i.s.r.p.i.ProjectInspector - TestProjectPatchedBuildCandidate
20:05:26.645 [main] INFO  f.i.s.r.p.i.ProjectInspector - GatherTestInformationPatchedBuildCandidate
20:05:26.645 [main] INFO  f.i.s.r.p.i.ProjectInspector - CommitPatch
20:05:26.646 [main] INFO  f.i.s.r.p.i.ProjectInspector - WritePropertyFile
20:05:26.646 [main] INFO  f.i.s.r.p.i.ProjectInspector - CommitProcessEnd
20:05:26.646 [main] INFO  f.i.s.r.p.i.ProjectInspector - PushProcessEnd
20:05:26.647 [main] DEBUG f.i.s.r.process.step.CloneRepository - ----------------------------------------------------------------------
20:05:26.647 [main] DEBUG f.i.s.r.process.step.CloneRepository - STEP 1/18: CloneRepository
20:05:26.647 [main] DEBUG f.i.s.r.process.step.CloneRepository - ----------------------------------------------------------------------
20:05:26.654 [main] DEBUG f.i.s.r.process.step.CloneRepository - Cloning repository apache/incubator-druid in the following directory: ./workspace/apache/incubator-druid/370663614
20:06:04.293 [main] DEBUG f.i.s.r.process.step.CloneRepository - STEP STATUS: [ CloneRepository : SUCCESS ]
20:06:04.293 [main] DEBUG f.i.s.r.process.step.CloneRepository - STEP DURATION: 37s
20:06:04.293 [main] DEBUG f.i.s.r.process.step.CloneRepository - EXECUTE NEXT STEP
20:06:04.294 [main] DEBUG f.i.s.r.p.s.c.CheckoutBuggyBuild - ----------------------------------------------------------------------
20:06:04.294 [main] DEBUG f.i.s.r.p.s.c.CheckoutBuggyBuild - STEP 2/18: CheckoutBuggyBuildCandidate
20:06:04.294 [main] DEBUG f.i.s.r.p.s.c.CheckoutBuggyBuild - ----------------------------------------------------------------------
20:06:04.294 [main] DEBUG f.i.s.r.p.s.c.CheckoutBuggyBuild - Checking out buggy build candidate...
20:06:04.621 [main] INFO  fr.inria.jtravis.JTravis - GitHub ratelimit: Limit: 5000 Remaining: 4807 Reset hour: 19:41:25
20:06:07.132 [main] DEBUG f.i.s.r.p.s.c.CheckoutBuggyBuild - Reproduce the PR for apache/incubator-druid by fetching remote branch and merging.
20:06:10.150 [main] ERROR f.i.s.r.p.s.c.CheckoutBuggyBuild - Error while testing commit: org.eclipse.jgit.errors.MissingObjectException: Missing unknown 61496c72a9860375d662f72c7e1507b1de19e8d8
20:06:10.151 [main] ERROR f.i.s.r.p.s.c.CheckoutBuggyBuild - Commit head ref cannot be retrieved from the repository: 61496c72a9860375d662f72c7e1507b1de19e8d8. Operation aborted.
20:06:10.151 [main] ERROR f.i.s.r.p.s.c.CheckoutBuggyBuild - Error while merging two commits to reproduce the PR.
20:06:10.152 [main] DEBUG f.i.s.r.p.s.c.CheckoutBuggyBuild - STEP STATUS: [ CheckoutBuggyBuildCandidate : FAILURE ( BUILDNOTCHECKEDOUT ) ]
20:06:10.152 [main] DEBUG f.i.s.r.p.s.c.CheckoutBuggyBuild - STEP DURATION: 5s
20:06:10.153 [main] DEBUG f.i.s.r.p.s.c.CheckoutBuggyBuild - TERMINATE PIPELINE
20:06:10.153 [main] DEBUG f.i.s.r.p.s.c.CheckoutBuggyBuild - FINAL STEPS SKIPPED: The reproduction of the bug and/or the patch failed.
20:06:10.153 [main] INFO  f.i.s.r.p.s.c.CheckoutBuggyBuild - Serialize all data for the pair of builds 370663614, 370727325
20:06:10.270 [main] INFO  fr.inria.jtravis.JTravis - GitHub ratelimit: Limit: 5000 Remaining: 4800 Reset hour: 19:41:25
20:06:12.029 [main] INFO  f.i.s.r.p.i.ProjectInspector - ----------------------------------------------------------------------
20:06:12.029 [main] INFO  f.i.s.r.p.i.ProjectInspector - PIPELINE EXECUTION SUMMARY
20:06:12.030 [main] INFO  f.i.s.r.p.i.ProjectInspector - ----------------------------------------------------------------------
20:06:12.030 [main] INFO  f.i.s.r.p.i.ProjectInspector - CloneRepository.......................................SUCCESS [ 37 s ]
20:06:12.030 [main] INFO  f.i.s.r.p.i.ProjectInspector - CheckoutBuggyBuildCandidate...........................FAILURE [  5 s ]
20:06:12.031 [main] INFO  f.i.s.r.p.i.ProjectInspector - ComputeSourceDir......................................NOT RUN         
20:06:12.031 [main] INFO  f.i.s.r.p.i.ProjectInspector - ComputeTestDir........................................NOT RUN         
20:06:12.031 [main] INFO  f.i.s.r.p.i.ProjectInspector - BuildProjectBuggyBuildCandidate.......................NOT RUN         
20:06:12.032 [main] INFO  f.i.s.r.p.i.ProjectInspector - TestProjectBuggyBuildCandidate........................NOT RUN         
20:06:12.034 [main] INFO  f.i.s.r.p.i.ProjectInspector - GatherTestInformationBuggyBuildCandidate..............NOT RUN         
20:06:12.034 [main] INFO  f.i.s.r.p.i.ProjectInspector - InitRepoToPush........................................NOT RUN         
20:06:12.035 [main] INFO  f.i.s.r.p.i.ProjectInspector - ComputeClasspath......................................NOT RUN         
20:06:12.035 [main] INFO  f.i.s.r.p.i.ProjectInspector - ComputeModules........................................NOT RUN         
20:06:12.035 [main] INFO  f.i.s.r.p.i.ProjectInspector - CheckoutPatchedBuildCandidate.........................NOT RUN         
20:06:12.035 [main] INFO  f.i.s.r.p.i.ProjectInspector - BuildProjectPatchedBuildCandidate.....................NOT RUN         
20:06:12.036 [main] INFO  f.i.s.r.p.i.ProjectInspector - TestProjectPatchedBuildCandidate......................NOT RUN         
20:06:12.036 [main] INFO  f.i.s.r.p.i.ProjectInspector - GatherTestInformationPatchedBuildCandidate............NOT RUN         
20:06:12.036 [main] INFO  f.i.s.r.p.i.ProjectInspector - CommitPatch...........................................NOT RUN         
20:06:12.037 [main] INFO  f.i.s.r.p.i.ProjectInspector - WritePropertyFile.....................................NOT RUN         
20:06:12.037 [main] INFO  f.i.s.r.p.i.ProjectInspector - CommitProcessEnd......................................NOT RUN         
20:06:12.037 [main] INFO  f.i.s.r.p.i.ProjectInspector - PushProcessEnd........................................NOT RUN         
20:06:12.038 [main] INFO  f.i.s.r.p.i.ProjectInspector - ----------------------------------------------------------------------
20:06:12.038 [main] INFO  f.i.s.r.p.i.ProjectInspector - PIPELINE FINDING: BUILDNOTCHECKEDOUT
20:06:12.038 [main] INFO  f.i.s.r.p.i.ProjectInspector - ----------------------------------------------------------------------
20:06:12.038 [main] INFO  f.i.s.repairnator.pipeline.Launcher - Inspector is finished. The process will exit now.
