07:07:29.608 [main] INFO  f.i.s.repairnator.pipeline.Launcher - PIPELINE VERSION: 3.0-2018-08-09 19:04
07:07:29.740 [main] INFO  f.i.s.repairnator.pipeline.Launcher - The pipeline will try to reproduce a bug from build 371966017 and its corresponding patch from build 371971526
07:07:29.740 [main] INFO  f.i.s.repairnator.pipeline.Launcher - Initialize file serializer engines.
07:07:29.742 [main] INFO  f.i.s.repairnator.pipeline.Launcher - MongoDB won't be used for serialization.
07:07:29.742 [main] INFO  f.i.s.repairnator.pipeline.Launcher - The email notifier engine won't be used.
07:07:29.745 [main] INFO  f.i.s.repairnator.pipeline.Launcher - Start by getting the build (buildId: 371966017) with the following config: RepairnatorConfig{runId='e1e687d4-f849-47b3-a53e-600cf5a719ad_04-18-week4-FAILING_AND_PASSING', launcherMode=BEARS, serializeJson=true, inputPath='null', outputPath='/var/log', mongodbHost='null', mongodbName='repairnator', smtpServer='null', notifyTo=[], notifyEndProcess=false, push=true, pushRemoteRepo='https://github.com/fermadeiral/bears-collection-fp', fork=false, lookFromDate=null, lookToDate=null, buildId=371966017, z3solverPath='./z3_for_linux', workspacePath='./workspace', githubToken='c8a341a903[...]', dockerImageName='null', skipDelete=false, createOutputDir=false, logDirectory='null', nbThreads=0, globalTimeout=0, whiteList=null, blackList=null, jobSleepTime=0, buildSleepTime=0, maxInspectedBuilds=0, duration=null, humanPatch=false, repository='null', clean=true, bearsMode=BOTH, bearsDelimiter = false, repairTools=NopolAllTests,NPEFix,AssertFixer,AstorJGenProg,AstorJKali,NopolSingleTest,AstorJMut,NopolTestExclusionStrategy, githubUserName= fermadeiral, githubUserEmail=fer.madeiral@gmail.com}
07:07:31.295 [main] DEBUG fr.inria.jtravis.helpers.BuildHelper - Get request to :https://api.travis-ci.org/build/371966017 done after 1113 ms
07:07:31.583 [main] DEBUG fr.inria.jtravis.helpers.BuildHelper - Get request to :https://api.travis-ci.org/build/371971526 done after 149 ms
07:07:31.611 [main] INFO  f.i.s.repairnator.pipeline.Launcher - The patched build (371971526) was successfully retrieved from Travis.
07:07:32.944 [main] INFO  fr.inria.jtravis.JTravis - GitHub ratelimit: Limit: 5000 Remaining: 4787 Reset hour: 19:42:06
07:07:33.252 [main] INFO  f.i.s.r.p.i.ProjectInspector - ----------------------------------------------------------------------
07:07:33.253 [main] INFO  f.i.s.r.p.i.ProjectInspector - PIPELINE STEPS
07:07:33.253 [main] INFO  f.i.s.r.p.i.ProjectInspector - ----------------------------------------------------------------------
07:07:33.253 [main] INFO  f.i.s.r.p.i.ProjectInspector - CloneRepository
07:07:33.253 [main] INFO  f.i.s.r.p.i.ProjectInspector - CheckoutBuggyBuildCandidate
07:07:33.254 [main] INFO  f.i.s.r.p.i.ProjectInspector - ComputeSourceDir
07:07:33.254 [main] INFO  f.i.s.r.p.i.ProjectInspector - ComputeTestDir
07:07:33.254 [main] INFO  f.i.s.r.p.i.ProjectInspector - BuildProjectBuggyBuildCandidate
07:07:33.254 [main] INFO  f.i.s.r.p.i.ProjectInspector - TestProjectBuggyBuildCandidate
07:07:33.255 [main] INFO  f.i.s.r.p.i.ProjectInspector - GatherTestInformationBuggyBuildCandidate
07:07:33.255 [main] INFO  f.i.s.r.p.i.ProjectInspector - InitRepoToPush
07:07:33.255 [main] INFO  f.i.s.r.p.i.ProjectInspector - ComputeClasspath
07:07:33.255 [main] INFO  f.i.s.r.p.i.ProjectInspector - ComputeModules
07:07:33.256 [main] INFO  f.i.s.r.p.i.ProjectInspector - CheckoutPatchedBuildCandidate
07:07:33.256 [main] INFO  f.i.s.r.p.i.ProjectInspector - BuildProjectPatchedBuildCandidate
07:07:33.256 [main] INFO  f.i.s.r.p.i.ProjectInspector - TestProjectPatchedBuildCandidate
07:07:33.256 [main] INFO  f.i.s.r.p.i.ProjectInspector - GatherTestInformationPatchedBuildCandidate
07:07:33.256 [main] INFO  f.i.s.r.p.i.ProjectInspector - CommitPatch
07:07:33.257 [main] INFO  f.i.s.r.p.i.ProjectInspector - WritePropertyFile
07:07:33.257 [main] INFO  f.i.s.r.p.i.ProjectInspector - CommitProcessEnd
07:07:33.257 [main] INFO  f.i.s.r.p.i.ProjectInspector - PushProcessEnd
07:07:33.258 [main] DEBUG f.i.s.r.process.step.CloneRepository - ----------------------------------------------------------------------
07:07:33.259 [main] DEBUG f.i.s.r.process.step.CloneRepository - STEP 1/18: CloneRepository
07:07:33.260 [main] DEBUG f.i.s.r.process.step.CloneRepository - ----------------------------------------------------------------------
07:07:33.261 [main] DEBUG f.i.s.r.process.step.CloneRepository - Cloning repository alipay/sofa-rpc in the following directory: ./workspace/alipay/sofa-rpc/371966017
07:07:37.188 [main] DEBUG f.i.s.r.process.step.CloneRepository - STEP STATUS: [ CloneRepository : SUCCESS ]
07:07:37.188 [main] DEBUG f.i.s.r.process.step.CloneRepository - STEP DURATION: 3s
07:07:37.188 [main] DEBUG f.i.s.r.process.step.CloneRepository - EXECUTE NEXT STEP
07:07:37.189 [main] DEBUG f.i.s.r.p.s.c.CheckoutBuggyBuild - ----------------------------------------------------------------------
07:07:37.189 [main] DEBUG f.i.s.r.p.s.c.CheckoutBuggyBuild - STEP 2/18: CheckoutBuggyBuildCandidate
07:07:37.189 [main] DEBUG f.i.s.r.p.s.c.CheckoutBuggyBuild - ----------------------------------------------------------------------
07:07:37.189 [main] DEBUG f.i.s.r.p.s.c.CheckoutBuggyBuild - Checking out buggy build candidate...
07:07:37.199 [main] ERROR f.i.s.r.p.s.c.CheckoutBuggyBuild - Error while testing commit: org.eclipse.jgit.errors.MissingObjectException: Missing unknown 8c18bdd41c8e3dbaadd48fe283752bfc2f6ce63c
07:07:37.199 [main] ERROR f.i.s.r.p.s.c.CheckoutBuggyBuild - Error while getting the commit to checkout from the repo.
07:07:37.200 [main] DEBUG f.i.s.r.p.s.c.CheckoutBuggyBuild - STEP STATUS: [ CheckoutBuggyBuildCandidate : FAILURE ( BUILDNOTCHECKEDOUT ) ]
07:07:37.200 [main] DEBUG f.i.s.r.p.s.c.CheckoutBuggyBuild - STEP DURATION: 0s
07:07:37.200 [main] DEBUG f.i.s.r.p.s.c.CheckoutBuggyBuild - TERMINATE PIPELINE
07:07:37.201 [main] DEBUG f.i.s.r.p.s.c.CheckoutBuggyBuild - FINAL STEPS SKIPPED: The reproduction of the bug and/or the patch failed.
07:07:37.201 [main] INFO  f.i.s.r.p.s.c.CheckoutBuggyBuild - Serialize all data for the pair of builds 371966017, 371971526
07:07:37.321 [main] INFO  fr.inria.jtravis.JTravis - GitHub ratelimit: Limit: 5000 Remaining: 4786 Reset hour: 19:42:06
07:07:38.006 [main] INFO  f.i.s.r.p.i.ProjectInspector - ----------------------------------------------------------------------
07:07:38.007 [main] INFO  f.i.s.r.p.i.ProjectInspector - PIPELINE EXECUTION SUMMARY
07:07:38.007 [main] INFO  f.i.s.r.p.i.ProjectInspector - ----------------------------------------------------------------------
07:07:38.008 [main] INFO  f.i.s.r.p.i.ProjectInspector - CloneRepository........................................SUCCESS [ 3 s ]
07:07:38.008 [main] INFO  f.i.s.r.p.i.ProjectInspector - CheckoutBuggyBuildCandidate............................FAILURE [ 0 s ]
07:07:38.008 [main] INFO  f.i.s.r.p.i.ProjectInspector - ComputeSourceDir.......................................NOT RUN        
07:07:38.008 [main] INFO  f.i.s.r.p.i.ProjectInspector - ComputeTestDir.........................................NOT RUN        
07:07:38.009 [main] INFO  f.i.s.r.p.i.ProjectInspector - BuildProjectBuggyBuildCandidate........................NOT RUN        
07:07:38.009 [main] INFO  f.i.s.r.p.i.ProjectInspector - TestProjectBuggyBuildCandidate.........................NOT RUN        
07:07:38.009 [main] INFO  f.i.s.r.p.i.ProjectInspector - GatherTestInformationBuggyBuildCandidate...............NOT RUN        
07:07:38.009 [main] INFO  f.i.s.r.p.i.ProjectInspector - InitRepoToPush.........................................NOT RUN        
07:07:38.010 [main] INFO  f.i.s.r.p.i.ProjectInspector - ComputeClasspath.......................................NOT RUN        
07:07:38.010 [main] INFO  f.i.s.r.p.i.ProjectInspector - ComputeModules.........................................NOT RUN        
07:07:38.010 [main] INFO  f.i.s.r.p.i.ProjectInspector - CheckoutPatchedBuildCandidate..........................NOT RUN        
07:07:38.010 [main] INFO  f.i.s.r.p.i.ProjectInspector - BuildProjectPatchedBuildCandidate......................NOT RUN        
07:07:38.011 [main] INFO  f.i.s.r.p.i.ProjectInspector - TestProjectPatchedBuildCandidate.......................NOT RUN        
07:07:38.011 [main] INFO  f.i.s.r.p.i.ProjectInspector - GatherTestInformationPatchedBuildCandidate.............NOT RUN        
07:07:38.011 [main] INFO  f.i.s.r.p.i.ProjectInspector - CommitPatch............................................NOT RUN        
07:07:38.011 [main] INFO  f.i.s.r.p.i.ProjectInspector - WritePropertyFile......................................NOT RUN        
07:07:38.012 [main] INFO  f.i.s.r.p.i.ProjectInspector - CommitProcessEnd.......................................NOT RUN        
07:07:38.012 [main] INFO  f.i.s.r.p.i.ProjectInspector - PushProcessEnd.........................................NOT RUN        
07:07:38.012 [main] INFO  f.i.s.r.p.i.ProjectInspector - ----------------------------------------------------------------------
07:07:38.012 [main] INFO  f.i.s.r.p.i.ProjectInspector - PIPELINE FINDING: BUILDNOTCHECKEDOUT
07:07:38.012 [main] INFO  f.i.s.r.p.i.ProjectInspector - ----------------------------------------------------------------------
07:07:38.013 [main] INFO  f.i.s.repairnator.pipeline.Launcher - Inspector is finished. The process will exit now.
