07:00:10.681 [main] INFO  f.i.s.repairnator.pipeline.Launcher - PIPELINE VERSION: 3.0-2018-08-09 19:04
07:00:10.836 [main] INFO  f.i.s.repairnator.pipeline.Launcher - The pipeline will try to reproduce a bug from build 371542520 and its corresponding patch from build 371577521
07:00:10.837 [main] INFO  f.i.s.repairnator.pipeline.Launcher - Initialize file serializer engines.
07:00:10.839 [main] INFO  f.i.s.repairnator.pipeline.Launcher - MongoDB won't be used for serialization.
07:00:10.840 [main] INFO  f.i.s.repairnator.pipeline.Launcher - The email notifier engine won't be used.
07:00:10.844 [main] INFO  f.i.s.repairnator.pipeline.Launcher - Start by getting the build (buildId: 371542520) with the following config: RepairnatorConfig{runId='7f781b86-edd9-4c2c-8d35-0759e20819d2_04-18-week4-PASSING_AND_PASSING', launcherMode=BEARS, serializeJson=true, inputPath='null', outputPath='/var/log', mongodbHost='null', mongodbName='repairnator', smtpServer='null', notifyTo=[], notifyEndProcess=false, push=true, pushRemoteRepo='https://github.com/fermadeiral/bears-collection-pp', fork=false, lookFromDate=null, lookToDate=null, buildId=371542520, z3solverPath='./z3_for_linux', workspacePath='./workspace', githubToken='c8a341a903[...]', dockerImageName='null', skipDelete=false, createOutputDir=false, logDirectory='null', nbThreads=0, globalTimeout=0, whiteList=null, blackList=null, jobSleepTime=0, buildSleepTime=0, maxInspectedBuilds=0, duration=null, humanPatch=false, repository='null', clean=true, bearsMode=BOTH, bearsDelimiter = false, repairTools=NopolAllTests,NPEFix,AssertFixer,AstorJGenProg,AstorJKali,NopolSingleTest,AstorJMut,NopolTestExclusionStrategy, githubUserName= fermadeiral, githubUserEmail=fer.madeiral@gmail.com}
07:00:12.138 [main] DEBUG fr.inria.jtravis.helpers.BuildHelper - Get request to :https://api.travis-ci.org/build/371542520 done after 798 ms
07:00:12.524 [main] DEBUG fr.inria.jtravis.helpers.BuildHelper - Get request to :https://api.travis-ci.org/build/371577521 done after 298 ms
07:00:12.541 [main] INFO  f.i.s.repairnator.pipeline.Launcher - The patched build (371577521) was successfully retrieved from Travis.
07:00:13.656 [main] INFO  fr.inria.jtravis.JTravis - GitHub ratelimit: Limit: 5000 Remaining: 4111 Reset hour: 19:43:30
07:00:13.941 [main] INFO  f.i.s.r.p.i.ProjectInspector - ----------------------------------------------------------------------
07:00:13.942 [main] INFO  f.i.s.r.p.i.ProjectInspector - PIPELINE STEPS
07:00:13.942 [main] INFO  f.i.s.r.p.i.ProjectInspector - ----------------------------------------------------------------------
07:00:13.942 [main] INFO  f.i.s.r.p.i.ProjectInspector - CloneRepository
07:00:13.942 [main] INFO  f.i.s.r.p.i.ProjectInspector - CheckoutPatchedBuildCandidate
07:00:13.942 [main] INFO  f.i.s.r.p.i.ProjectInspector - ComputeSourceDir
07:00:13.943 [main] INFO  f.i.s.r.p.i.ProjectInspector - ComputeTestDir
07:00:13.943 [main] INFO  f.i.s.r.p.i.ProjectInspector - CheckoutBuggyBuildCandidateSourceCode
07:00:13.943 [main] INFO  f.i.s.r.p.i.ProjectInspector - BuildProjectBuggyBuildCandidateSourceCode
07:00:13.944 [main] INFO  f.i.s.r.p.i.ProjectInspector - TestProjectBuggyBuildCandidateSourceCode
07:00:13.944 [main] INFO  f.i.s.r.p.i.ProjectInspector - GatherTestInformationBuggyBuildCandidateSourceCode
07:00:13.945 [main] INFO  f.i.s.r.p.i.ProjectInspector - CheckoutBuggyBuildTestCode
07:00:13.945 [main] INFO  f.i.s.r.p.i.ProjectInspector - InitRepoToPush
07:00:13.945 [main] INFO  f.i.s.r.p.i.ProjectInspector - ComputeClasspath
07:00:13.946 [main] INFO  f.i.s.r.p.i.ProjectInspector - ComputeModules
07:00:13.946 [main] INFO  f.i.s.r.p.i.ProjectInspector - CheckoutBuggyBuildCandidateSourceCode
07:00:13.946 [main] INFO  f.i.s.r.p.i.ProjectInspector - CommitChangedTests
07:00:13.947 [main] INFO  f.i.s.r.p.i.ProjectInspector - CheckoutPatchedBuildCandidate
07:00:13.947 [main] INFO  f.i.s.r.p.i.ProjectInspector - BuildProjectPatchedBuildCandidate
07:00:13.947 [main] INFO  f.i.s.r.p.i.ProjectInspector - TestProjectPatchedBuildCandidate
07:00:13.948 [main] INFO  f.i.s.r.p.i.ProjectInspector - GatherTestInformationPatchedBuildCandidate
07:00:13.948 [main] INFO  f.i.s.r.p.i.ProjectInspector - CommitPatch
07:00:13.948 [main] INFO  f.i.s.r.p.i.ProjectInspector - WritePropertyFile
07:00:13.949 [main] INFO  f.i.s.r.p.i.ProjectInspector - CommitProcessEnd
07:00:13.949 [main] INFO  f.i.s.r.p.i.ProjectInspector - PushProcessEnd
07:00:13.950 [main] DEBUG f.i.s.r.process.step.CloneRepository - ----------------------------------------------------------------------
07:00:13.950 [main] DEBUG f.i.s.r.process.step.CloneRepository - STEP 1/22: CloneRepository
07:00:13.952 [main] DEBUG f.i.s.r.process.step.CloneRepository - ----------------------------------------------------------------------
07:00:13.952 [main] DEBUG f.i.s.r.process.step.CloneRepository - Cloning repository MyCoRe-Org/mycore in the following directory: ./workspace/MyCoRe-Org/mycore/371542520
07:01:01.470 [main] DEBUG f.i.s.r.process.step.CloneRepository - STEP STATUS: [ CloneRepository : SUCCESS ]
07:01:01.471 [main] DEBUG f.i.s.r.process.step.CloneRepository - STEP DURATION: 47s
07:01:01.471 [main] DEBUG f.i.s.r.process.step.CloneRepository - EXECUTE NEXT STEP
07:01:01.471 [main] DEBUG f.i.s.r.p.s.c.CheckoutPatchedBuild - ----------------------------------------------------------------------
07:01:01.472 [main] DEBUG f.i.s.r.p.s.c.CheckoutPatchedBuild - STEP 2/22: CheckoutPatchedBuildCandidate
07:01:01.472 [main] DEBUG f.i.s.r.p.s.c.CheckoutPatchedBuild - ----------------------------------------------------------------------
07:01:01.472 [main] DEBUG f.i.s.r.p.s.c.CheckoutPatchedBuild - Checking out patched build candidate...
07:01:01.491 [main] ERROR f.i.s.r.p.s.c.CheckoutPatchedBuild - Error while testing commit: org.eclipse.jgit.errors.MissingObjectException: Missing unknown 40494276768b493259799afaf807fdecc8041d90
07:01:01.491 [main] ERROR f.i.s.r.p.s.c.CheckoutPatchedBuild - Error while getting the commit to checkout from the repo.
07:01:01.492 [main] DEBUG f.i.s.r.p.s.c.CheckoutPatchedBuild - STEP STATUS: [ CheckoutPatchedBuildCandidate : FAILURE ( BUILDNOTCHECKEDOUT ) ]
07:01:01.492 [main] DEBUG f.i.s.r.p.s.c.CheckoutPatchedBuild - STEP DURATION: 0s
07:01:01.492 [main] DEBUG f.i.s.r.p.s.c.CheckoutPatchedBuild - TERMINATE PIPELINE
07:01:01.493 [main] DEBUG f.i.s.r.p.s.c.CheckoutPatchedBuild - FINAL STEPS SKIPPED: The reproduction of the bug and/or the patch failed.
07:01:01.493 [main] INFO  f.i.s.r.p.s.c.CheckoutPatchedBuild - Serialize all data for the pair of builds 371542520, 371577521
07:01:01.792 [main] INFO  fr.inria.jtravis.JTravis - GitHub ratelimit: Limit: 5000 Remaining: 4110 Reset hour: 19:43:30
07:01:02.831 [main] INFO  f.i.s.r.p.i.ProjectInspector - ----------------------------------------------------------------------
07:01:02.832 [main] INFO  f.i.s.r.p.i.ProjectInspector - PIPELINE EXECUTION SUMMARY
07:01:02.832 [main] INFO  f.i.s.r.p.i.ProjectInspector - ----------------------------------------------------------------------
07:01:02.832 [main] INFO  f.i.s.r.p.i.ProjectInspector - CloneRepository.......................................SUCCESS [ 47 s ]
07:01:02.832 [main] INFO  f.i.s.r.p.i.ProjectInspector - CheckoutPatchedBuildCandidate.........................FAILURE [  0 s ]
07:01:02.832 [main] INFO  f.i.s.r.p.i.ProjectInspector - ComputeSourceDir......................................NOT RUN         
07:01:02.833 [main] INFO  f.i.s.r.p.i.ProjectInspector - ComputeTestDir........................................NOT RUN         
07:01:02.833 [main] INFO  f.i.s.r.p.i.ProjectInspector - CheckoutBuggyBuildCandidateSourceCode.................NOT RUN         
07:01:02.833 [main] INFO  f.i.s.r.p.i.ProjectInspector - BuildProjectBuggyBuildCandidateSourceCode.............NOT RUN         
07:01:02.833 [main] INFO  f.i.s.r.p.i.ProjectInspector - TestProjectBuggyBuildCandidateSourceCode..............NOT RUN         
07:01:02.835 [main] INFO  f.i.s.r.p.i.ProjectInspector - GatherTestInformationBuggyBuildCandidateSourceCode....NOT RUN         
07:01:02.835 [main] INFO  f.i.s.r.p.i.ProjectInspector - CheckoutBuggyBuildTestCode............................NOT RUN         
07:01:02.835 [main] INFO  f.i.s.r.p.i.ProjectInspector - InitRepoToPush........................................NOT RUN         
07:01:02.836 [main] INFO  f.i.s.r.p.i.ProjectInspector - ComputeClasspath......................................NOT RUN         
07:01:02.836 [main] INFO  f.i.s.r.p.i.ProjectInspector - ComputeModules........................................NOT RUN         
07:01:02.836 [main] INFO  f.i.s.r.p.i.ProjectInspector - CheckoutBuggyBuildCandidateSourceCode.................NOT RUN         
07:01:02.836 [main] INFO  f.i.s.r.p.i.ProjectInspector - CommitChangedTests....................................NOT RUN         
07:01:02.836 [main] INFO  f.i.s.r.p.i.ProjectInspector - CheckoutPatchedBuildCandidate.........................NOT RUN         
07:01:02.836 [main] INFO  f.i.s.r.p.i.ProjectInspector - BuildProjectPatchedBuildCandidate.....................NOT RUN         
07:01:02.836 [main] INFO  f.i.s.r.p.i.ProjectInspector - TestProjectPatchedBuildCandidate......................NOT RUN         
07:01:02.836 [main] INFO  f.i.s.r.p.i.ProjectInspector - GatherTestInformationPatchedBuildCandidate............NOT RUN         
07:01:02.836 [main] INFO  f.i.s.r.p.i.ProjectInspector - CommitPatch...........................................NOT RUN         
07:01:02.837 [main] INFO  f.i.s.r.p.i.ProjectInspector - WritePropertyFile.....................................NOT RUN         
07:01:02.837 [main] INFO  f.i.s.r.p.i.ProjectInspector - CommitProcessEnd......................................NOT RUN         
07:01:02.837 [main] INFO  f.i.s.r.p.i.ProjectInspector - PushProcessEnd........................................NOT RUN         
07:01:02.837 [main] INFO  f.i.s.r.p.i.ProjectInspector - ----------------------------------------------------------------------
07:01:02.837 [main] INFO  f.i.s.r.p.i.ProjectInspector - PIPELINE FINDING: BUILDNOTCHECKEDOUT
07:01:02.837 [main] INFO  f.i.s.r.p.i.ProjectInspector - ----------------------------------------------------------------------
07:01:02.837 [main] INFO  f.i.s.repairnator.pipeline.Launcher - Inspector is finished. The process will exit now.
