01:55:42.667 [main] INFO  f.i.s.repairnator.pipeline.Launcher - PIPELINE VERSION: 3.0-2018-08-09 19:04
01:55:42.784 [main] INFO  f.i.s.repairnator.pipeline.Launcher - The pipeline will try to reproduce a bug from build 372980812 and its corresponding patch from build 373077742
01:55:42.785 [main] INFO  f.i.s.repairnator.pipeline.Launcher - Initialize file serializer engines.
01:55:42.787 [main] INFO  f.i.s.repairnator.pipeline.Launcher - MongoDB won't be used for serialization.
01:55:42.787 [main] INFO  f.i.s.repairnator.pipeline.Launcher - The email notifier engine won't be used.
01:55:42.790 [main] INFO  f.i.s.repairnator.pipeline.Launcher - Start by getting the build (buildId: 372980812) with the following config: RepairnatorConfig{runId='7f781b86-edd9-4c2c-8d35-0759e20819d2_04-18-week4-PASSING_AND_PASSING', launcherMode=BEARS, serializeJson=true, inputPath='null', outputPath='/var/log', mongodbHost='null', mongodbName='repairnator', smtpServer='null', notifyTo=[], notifyEndProcess=false, push=true, pushRemoteRepo='https://github.com/fermadeiral/bears-collection-pp', fork=false, lookFromDate=null, lookToDate=null, buildId=372980812, z3solverPath='./z3_for_linux', workspacePath='./workspace', githubToken='c8a341a903[...]', dockerImageName='null', skipDelete=false, createOutputDir=false, logDirectory='null', nbThreads=0, globalTimeout=0, whiteList=null, blackList=null, jobSleepTime=0, buildSleepTime=0, maxInspectedBuilds=0, duration=null, humanPatch=false, repository='null', clean=true, bearsMode=BOTH, bearsDelimiter = false, repairTools=NopolAllTests,NPEFix,AssertFixer,AstorJGenProg,AstorJKali,NopolSingleTest,AstorJMut,NopolTestExclusionStrategy, githubUserName= fermadeiral, githubUserEmail=fer.madeiral@gmail.com}
01:55:43.938 [main] DEBUG fr.inria.jtravis.helpers.BuildHelper - Get request to :https://api.travis-ci.org/build/372980812 done after 756 ms
01:55:44.225 [main] DEBUG fr.inria.jtravis.helpers.BuildHelper - Get request to :https://api.travis-ci.org/build/373077742 done after 139 ms
01:55:44.242 [main] INFO  f.i.s.repairnator.pipeline.Launcher - The patched build (373077742) was successfully retrieved from Travis.
01:55:45.626 [main] INFO  fr.inria.jtravis.JTravis - GitHub ratelimit: Limit: 5000 Remaining: 4656 Reset hour: 19:43:14
01:55:45.912 [main] INFO  f.i.s.r.p.i.ProjectInspector - ----------------------------------------------------------------------
01:55:45.912 [main] INFO  f.i.s.r.p.i.ProjectInspector - PIPELINE STEPS
01:55:45.913 [main] INFO  f.i.s.r.p.i.ProjectInspector - ----------------------------------------------------------------------
01:55:45.913 [main] INFO  f.i.s.r.p.i.ProjectInspector - CloneRepository
01:55:45.913 [main] INFO  f.i.s.r.p.i.ProjectInspector - CheckoutPatchedBuildCandidate
01:55:45.914 [main] INFO  f.i.s.r.p.i.ProjectInspector - ComputeSourceDir
01:55:45.914 [main] INFO  f.i.s.r.p.i.ProjectInspector - ComputeTestDir
01:55:45.914 [main] INFO  f.i.s.r.p.i.ProjectInspector - CheckoutBuggyBuildCandidateSourceCode
01:55:45.915 [main] INFO  f.i.s.r.p.i.ProjectInspector - BuildProjectBuggyBuildCandidateSourceCode
01:55:45.915 [main] INFO  f.i.s.r.p.i.ProjectInspector - TestProjectBuggyBuildCandidateSourceCode
01:55:45.916 [main] INFO  f.i.s.r.p.i.ProjectInspector - GatherTestInformationBuggyBuildCandidateSourceCode
01:55:45.916 [main] INFO  f.i.s.r.p.i.ProjectInspector - CheckoutBuggyBuildTestCode
01:55:45.916 [main] INFO  f.i.s.r.p.i.ProjectInspector - InitRepoToPush
01:55:45.917 [main] INFO  f.i.s.r.p.i.ProjectInspector - ComputeClasspath
01:55:45.917 [main] INFO  f.i.s.r.p.i.ProjectInspector - ComputeModules
01:55:45.917 [main] INFO  f.i.s.r.p.i.ProjectInspector - CheckoutBuggyBuildCandidateSourceCode
01:55:45.918 [main] INFO  f.i.s.r.p.i.ProjectInspector - CommitChangedTests
01:55:45.918 [main] INFO  f.i.s.r.p.i.ProjectInspector - CheckoutPatchedBuildCandidate
01:55:45.918 [main] INFO  f.i.s.r.p.i.ProjectInspector - BuildProjectPatchedBuildCandidate
01:55:45.919 [main] INFO  f.i.s.r.p.i.ProjectInspector - TestProjectPatchedBuildCandidate
01:55:45.919 [main] INFO  f.i.s.r.p.i.ProjectInspector - GatherTestInformationPatchedBuildCandidate
01:55:45.920 [main] INFO  f.i.s.r.p.i.ProjectInspector - CommitPatch
01:55:45.920 [main] INFO  f.i.s.r.p.i.ProjectInspector - WritePropertyFile
01:55:45.920 [main] INFO  f.i.s.r.p.i.ProjectInspector - CommitProcessEnd
01:55:45.921 [main] INFO  f.i.s.r.p.i.ProjectInspector - PushProcessEnd
01:55:45.921 [main] DEBUG f.i.s.r.process.step.CloneRepository - ----------------------------------------------------------------------
01:55:45.922 [main] DEBUG f.i.s.r.process.step.CloneRepository - STEP 1/22: CloneRepository
01:55:45.923 [main] DEBUG f.i.s.r.process.step.CloneRepository - ----------------------------------------------------------------------
01:55:45.923 [main] DEBUG f.i.s.r.process.step.CloneRepository - Cloning repository geoserver/geoserver in the following directory: ./workspace/geoserver/geoserver/372980812
01:56:49.166 [main] DEBUG f.i.s.r.process.step.CloneRepository - STEP STATUS: [ CloneRepository : SUCCESS ]
01:56:49.167 [main] DEBUG f.i.s.r.process.step.CloneRepository - STEP DURATION: 63s
01:56:49.167 [main] DEBUG f.i.s.r.process.step.CloneRepository - EXECUTE NEXT STEP
01:56:49.168 [main] DEBUG f.i.s.r.p.s.c.CheckoutPatchedBuild - ----------------------------------------------------------------------
01:56:49.169 [main] DEBUG f.i.s.r.p.s.c.CheckoutPatchedBuild - STEP 2/22: CheckoutPatchedBuildCandidate
01:56:49.169 [main] DEBUG f.i.s.r.p.s.c.CheckoutPatchedBuild - ----------------------------------------------------------------------
01:56:49.170 [main] DEBUG f.i.s.r.p.s.c.CheckoutPatchedBuild - Checking out patched build candidate...
01:56:49.529 [main] INFO  fr.inria.jtravis.JTravis - GitHub ratelimit: Limit: 5000 Remaining: 4642 Reset hour: 19:43:14
01:56:52.311 [main] DEBUG f.i.s.r.p.s.c.CheckoutPatchedBuild - Reproduce the PR for geoserver/geoserver by fetching remote branch and merging.
01:56:57.779 [main] ERROR f.i.s.r.p.s.c.CheckoutPatchedBuild - Error while testing commit: org.eclipse.jgit.errors.MissingObjectException: Missing unknown 6ece0879674873d123516446a8cb9c37cc3d07b6
01:56:57.780 [main] ERROR f.i.s.r.p.s.c.CheckoutPatchedBuild - Commit head ref cannot be retrieved from the repository: 6ece0879674873d123516446a8cb9c37cc3d07b6. Operation aborted.
01:56:57.781 [main] ERROR f.i.s.r.p.s.c.CheckoutPatchedBuild - Error while merging two commits to reproduce the PR.
01:56:57.785 [main] DEBUG f.i.s.r.p.s.c.CheckoutPatchedBuild - STEP STATUS: [ CheckoutPatchedBuildCandidate : FAILURE ( BUILDNOTCHECKEDOUT ) ]
01:56:57.785 [main] DEBUG f.i.s.r.p.s.c.CheckoutPatchedBuild - STEP DURATION: 8s
01:56:57.785 [main] DEBUG f.i.s.r.p.s.c.CheckoutPatchedBuild - TERMINATE PIPELINE
01:56:57.786 [main] DEBUG f.i.s.r.p.s.c.CheckoutPatchedBuild - FINAL STEPS SKIPPED: The reproduction of the bug and/or the patch failed.
01:56:57.786 [main] INFO  f.i.s.r.p.s.c.CheckoutPatchedBuild - Serialize all data for the pair of builds 372980812, 373077742
01:56:58.113 [main] INFO  fr.inria.jtravis.JTravis - GitHub ratelimit: Limit: 5000 Remaining: 4635 Reset hour: 19:43:14
01:57:00.780 [main] INFO  f.i.s.r.p.i.ProjectInspector - ----------------------------------------------------------------------
01:57:00.781 [main] INFO  f.i.s.r.p.i.ProjectInspector - PIPELINE EXECUTION SUMMARY
01:57:00.781 [main] INFO  f.i.s.r.p.i.ProjectInspector - ----------------------------------------------------------------------
01:57:00.781 [main] INFO  f.i.s.r.p.i.ProjectInspector - CloneRepository.......................................SUCCESS [ 63 s ]
01:57:00.782 [main] INFO  f.i.s.r.p.i.ProjectInspector - CheckoutPatchedBuildCandidate.........................FAILURE [  8 s ]
01:57:00.782 [main] INFO  f.i.s.r.p.i.ProjectInspector - ComputeSourceDir......................................NOT RUN         
01:57:00.782 [main] INFO  f.i.s.r.p.i.ProjectInspector - ComputeTestDir........................................NOT RUN         
01:57:00.783 [main] INFO  f.i.s.r.p.i.ProjectInspector - CheckoutBuggyBuildCandidateSourceCode.................NOT RUN         
01:57:00.783 [main] INFO  f.i.s.r.p.i.ProjectInspector - BuildProjectBuggyBuildCandidateSourceCode.............NOT RUN         
01:57:00.783 [main] INFO  f.i.s.r.p.i.ProjectInspector - TestProjectBuggyBuildCandidateSourceCode..............NOT RUN         
01:57:00.783 [main] INFO  f.i.s.r.p.i.ProjectInspector - GatherTestInformationBuggyBuildCandidateSourceCode....NOT RUN         
01:57:00.783 [main] INFO  f.i.s.r.p.i.ProjectInspector - CheckoutBuggyBuildTestCode............................NOT RUN         
01:57:00.783 [main] INFO  f.i.s.r.p.i.ProjectInspector - InitRepoToPush........................................NOT RUN         
01:57:00.784 [main] INFO  f.i.s.r.p.i.ProjectInspector - ComputeClasspath......................................NOT RUN         
01:57:00.784 [main] INFO  f.i.s.r.p.i.ProjectInspector - ComputeModules........................................NOT RUN         
01:57:00.784 [main] INFO  f.i.s.r.p.i.ProjectInspector - CheckoutBuggyBuildCandidateSourceCode.................NOT RUN         
01:57:00.784 [main] INFO  f.i.s.r.p.i.ProjectInspector - CommitChangedTests....................................NOT RUN         
01:57:00.784 [main] INFO  f.i.s.r.p.i.ProjectInspector - CheckoutPatchedBuildCandidate.........................NOT RUN         
01:57:00.784 [main] INFO  f.i.s.r.p.i.ProjectInspector - BuildProjectPatchedBuildCandidate.....................NOT RUN         
01:57:00.784 [main] INFO  f.i.s.r.p.i.ProjectInspector - TestProjectPatchedBuildCandidate......................NOT RUN         
01:57:00.785 [main] INFO  f.i.s.r.p.i.ProjectInspector - GatherTestInformationPatchedBuildCandidate............NOT RUN         
01:57:00.785 [main] INFO  f.i.s.r.p.i.ProjectInspector - CommitPatch...........................................NOT RUN         
01:57:00.788 [main] INFO  f.i.s.r.p.i.ProjectInspector - WritePropertyFile.....................................NOT RUN         
01:57:00.788 [main] INFO  f.i.s.r.p.i.ProjectInspector - CommitProcessEnd......................................NOT RUN         
01:57:00.788 [main] INFO  f.i.s.r.p.i.ProjectInspector - PushProcessEnd........................................NOT RUN         
01:57:00.788 [main] INFO  f.i.s.r.p.i.ProjectInspector - ----------------------------------------------------------------------
01:57:00.788 [main] INFO  f.i.s.r.p.i.ProjectInspector - PIPELINE FINDING: BUILDNOTCHECKEDOUT
01:57:00.789 [main] INFO  f.i.s.r.p.i.ProjectInspector - ----------------------------------------------------------------------
01:57:00.789 [main] INFO  f.i.s.repairnator.pipeline.Launcher - Inspector is finished. The process will exit now.
