04:26:31.350 [main] INFO  f.i.s.repairnator.pipeline.Launcher - PIPELINE VERSION: 3.0-2018-08-09 19:04
04:26:31.539 [main] INFO  f.i.s.repairnator.pipeline.Launcher - The pipeline will try to reproduce a bug from build 370787964 and its corresponding patch from build 371275126
04:26:31.540 [main] INFO  f.i.s.repairnator.pipeline.Launcher - Initialize file serializer engines.
04:26:31.544 [main] INFO  f.i.s.repairnator.pipeline.Launcher - MongoDB won't be used for serialization.
04:26:31.544 [main] INFO  f.i.s.repairnator.pipeline.Launcher - The email notifier engine won't be used.
04:26:31.549 [main] INFO  f.i.s.repairnator.pipeline.Launcher - Start by getting the build (buildId: 370787964) with the following config: RepairnatorConfig{runId='7f781b86-edd9-4c2c-8d35-0759e20819d2_04-18-week4-PASSING_AND_PASSING', launcherMode=BEARS, serializeJson=true, inputPath='null', outputPath='/var/log', mongodbHost='null', mongodbName='repairnator', smtpServer='null', notifyTo=[], notifyEndProcess=false, push=true, pushRemoteRepo='https://github.com/fermadeiral/bears-collection-pp', fork=false, lookFromDate=null, lookToDate=null, buildId=370787964, z3solverPath='./z3_for_linux', workspacePath='./workspace', githubToken='c8a341a903[...]', dockerImageName='null', skipDelete=false, createOutputDir=false, logDirectory='null', nbThreads=0, globalTimeout=0, whiteList=null, blackList=null, jobSleepTime=0, buildSleepTime=0, maxInspectedBuilds=0, duration=null, humanPatch=false, repository='null', clean=true, bearsMode=BOTH, bearsDelimiter = false, repairTools=NopolAllTests,NPEFix,AssertFixer,AstorJGenProg,AstorJKali,NopolSingleTest,AstorJMut,NopolTestExclusionStrategy, githubUserName= fermadeiral, githubUserEmail=fer.madeiral@gmail.com}
04:26:33.043 [main] DEBUG fr.inria.jtravis.helpers.BuildHelper - Get request to :https://api.travis-ci.org/build/370787964 done after 884 ms
04:26:33.333 [main] DEBUG fr.inria.jtravis.helpers.BuildHelper - Get request to :https://api.travis-ci.org/build/371275126 done after 147 ms
04:26:33.366 [main] INFO  f.i.s.repairnator.pipeline.Launcher - The patched build (371275126) was successfully retrieved from Travis.
04:26:34.750 [main] INFO  fr.inria.jtravis.JTravis - GitHub ratelimit: Limit: 5000 Remaining: 4600 Reset hour: 19:43:22
04:26:35.043 [main] INFO  f.i.s.r.p.i.ProjectInspector - ----------------------------------------------------------------------
04:26:35.044 [main] INFO  f.i.s.r.p.i.ProjectInspector - PIPELINE STEPS
04:26:35.044 [main] INFO  f.i.s.r.p.i.ProjectInspector - ----------------------------------------------------------------------
04:26:35.044 [main] INFO  f.i.s.r.p.i.ProjectInspector - CloneRepository
04:26:35.045 [main] INFO  f.i.s.r.p.i.ProjectInspector - CheckoutPatchedBuildCandidate
04:26:35.045 [main] INFO  f.i.s.r.p.i.ProjectInspector - ComputeSourceDir
04:26:35.045 [main] INFO  f.i.s.r.p.i.ProjectInspector - ComputeTestDir
04:26:35.046 [main] INFO  f.i.s.r.p.i.ProjectInspector - CheckoutBuggyBuildCandidateSourceCode
04:26:35.046 [main] INFO  f.i.s.r.p.i.ProjectInspector - BuildProjectBuggyBuildCandidateSourceCode
04:26:35.046 [main] INFO  f.i.s.r.p.i.ProjectInspector - TestProjectBuggyBuildCandidateSourceCode
04:26:35.046 [main] INFO  f.i.s.r.p.i.ProjectInspector - GatherTestInformationBuggyBuildCandidateSourceCode
04:26:35.046 [main] INFO  f.i.s.r.p.i.ProjectInspector - CheckoutBuggyBuildTestCode
04:26:35.047 [main] INFO  f.i.s.r.p.i.ProjectInspector - InitRepoToPush
04:26:35.047 [main] INFO  f.i.s.r.p.i.ProjectInspector - ComputeClasspath
04:26:35.047 [main] INFO  f.i.s.r.p.i.ProjectInspector - ComputeModules
04:26:35.047 [main] INFO  f.i.s.r.p.i.ProjectInspector - CheckoutBuggyBuildCandidateSourceCode
04:26:35.048 [main] INFO  f.i.s.r.p.i.ProjectInspector - CommitChangedTests
04:26:35.048 [main] INFO  f.i.s.r.p.i.ProjectInspector - CheckoutPatchedBuildCandidate
04:26:35.048 [main] INFO  f.i.s.r.p.i.ProjectInspector - BuildProjectPatchedBuildCandidate
04:26:35.049 [main] INFO  f.i.s.r.p.i.ProjectInspector - TestProjectPatchedBuildCandidate
04:26:35.050 [main] INFO  f.i.s.r.p.i.ProjectInspector - GatherTestInformationPatchedBuildCandidate
04:26:35.050 [main] INFO  f.i.s.r.p.i.ProjectInspector - CommitPatch
04:26:35.051 [main] INFO  f.i.s.r.p.i.ProjectInspector - WritePropertyFile
04:26:35.051 [main] INFO  f.i.s.r.p.i.ProjectInspector - CommitProcessEnd
04:26:35.051 [main] INFO  f.i.s.r.p.i.ProjectInspector - PushProcessEnd
04:26:35.052 [main] DEBUG f.i.s.r.process.step.CloneRepository - ----------------------------------------------------------------------
04:26:35.052 [main] DEBUG f.i.s.r.process.step.CloneRepository - STEP 1/22: CloneRepository
04:26:35.052 [main] DEBUG f.i.s.r.process.step.CloneRepository - ----------------------------------------------------------------------
04:26:35.053 [main] DEBUG f.i.s.r.process.step.CloneRepository - Cloning repository datastax/java-driver in the following directory: ./workspace/datastax/java-driver/370787964
04:26:53.382 [main] DEBUG f.i.s.r.process.step.CloneRepository - STEP STATUS: [ CloneRepository : SUCCESS ]
04:26:53.383 [main] DEBUG f.i.s.r.process.step.CloneRepository - STEP DURATION: 18s
04:26:53.386 [main] DEBUG f.i.s.r.process.step.CloneRepository - EXECUTE NEXT STEP
04:26:53.387 [main] DEBUG f.i.s.r.p.s.c.CheckoutPatchedBuild - ----------------------------------------------------------------------
04:26:53.387 [main] DEBUG f.i.s.r.p.s.c.CheckoutPatchedBuild - STEP 2/22: CheckoutPatchedBuildCandidate
04:26:53.387 [main] DEBUG f.i.s.r.p.s.c.CheckoutPatchedBuild - ----------------------------------------------------------------------
04:26:53.388 [main] DEBUG f.i.s.r.p.s.c.CheckoutPatchedBuild - Checking out patched build candidate...
04:26:53.694 [main] INFO  fr.inria.jtravis.JTravis - GitHub ratelimit: Limit: 5000 Remaining: 4599 Reset hour: 19:43:22
04:26:55.271 [main] DEBUG f.i.s.r.p.s.c.CheckoutPatchedBuild - Reproduce the PR for datastax/java-driver by fetching remote branch and merging.
04:26:55.595 [main] ERROR f.i.s.r.p.s.c.CheckoutPatchedBuild - Error while testing commit: org.eclipse.jgit.errors.MissingObjectException: Missing unknown fba7ffc86db55017064d9903d9b8c2ffcc3e74f3
04:26:55.597 [main] ERROR f.i.s.r.p.s.c.CheckoutPatchedBuild - Commit head ref cannot be retrieved from the repository: fba7ffc86db55017064d9903d9b8c2ffcc3e74f3. Operation aborted.
04:26:55.597 [main] ERROR f.i.s.r.p.s.c.CheckoutPatchedBuild - Error while merging two commits to reproduce the PR.
04:26:55.599 [main] DEBUG f.i.s.r.p.s.c.CheckoutPatchedBuild - STEP STATUS: [ CheckoutPatchedBuildCandidate : FAILURE ( BUILDNOTCHECKEDOUT ) ]
04:26:55.599 [main] DEBUG f.i.s.r.p.s.c.CheckoutPatchedBuild - STEP DURATION: 2s
04:26:55.600 [main] DEBUG f.i.s.r.p.s.c.CheckoutPatchedBuild - TERMINATE PIPELINE
04:26:55.601 [main] DEBUG f.i.s.r.p.s.c.CheckoutPatchedBuild - FINAL STEPS SKIPPED: The reproduction of the bug and/or the patch failed.
04:26:55.601 [main] INFO  f.i.s.r.p.s.c.CheckoutPatchedBuild - Serialize all data for the pair of builds 370787964, 371275126
04:26:55.722 [main] INFO  fr.inria.jtravis.JTravis - GitHub ratelimit: Limit: 5000 Remaining: 4592 Reset hour: 19:43:22
04:26:56.284 [main] INFO  f.i.s.r.p.i.ProjectInspector - ----------------------------------------------------------------------
04:26:56.285 [main] INFO  f.i.s.r.p.i.ProjectInspector - PIPELINE EXECUTION SUMMARY
04:26:56.285 [main] INFO  f.i.s.r.p.i.ProjectInspector - ----------------------------------------------------------------------
04:26:56.286 [main] INFO  f.i.s.r.p.i.ProjectInspector - CloneRepository.......................................SUCCESS [ 18 s ]
04:26:56.286 [main] INFO  f.i.s.r.p.i.ProjectInspector - CheckoutPatchedBuildCandidate.........................FAILURE [  2 s ]
04:26:56.286 [main] INFO  f.i.s.r.p.i.ProjectInspector - ComputeSourceDir......................................NOT RUN         
04:26:56.287 [main] INFO  f.i.s.r.p.i.ProjectInspector - ComputeTestDir........................................NOT RUN         
04:26:56.287 [main] INFO  f.i.s.r.p.i.ProjectInspector - CheckoutBuggyBuildCandidateSourceCode.................NOT RUN         
04:26:56.287 [main] INFO  f.i.s.r.p.i.ProjectInspector - BuildProjectBuggyBuildCandidateSourceCode.............NOT RUN         
04:26:56.288 [main] INFO  f.i.s.r.p.i.ProjectInspector - TestProjectBuggyBuildCandidateSourceCode..............NOT RUN         
04:26:56.288 [main] INFO  f.i.s.r.p.i.ProjectInspector - GatherTestInformationBuggyBuildCandidateSourceCode....NOT RUN         
04:26:56.288 [main] INFO  f.i.s.r.p.i.ProjectInspector - CheckoutBuggyBuildTestCode............................NOT RUN         
04:26:56.289 [main] INFO  f.i.s.r.p.i.ProjectInspector - InitRepoToPush........................................NOT RUN         
04:26:56.289 [main] INFO  f.i.s.r.p.i.ProjectInspector - ComputeClasspath......................................NOT RUN         
04:26:56.289 [main] INFO  f.i.s.r.p.i.ProjectInspector - ComputeModules........................................NOT RUN         
04:26:56.289 [main] INFO  f.i.s.r.p.i.ProjectInspector - CheckoutBuggyBuildCandidateSourceCode.................NOT RUN         
04:26:56.290 [main] INFO  f.i.s.r.p.i.ProjectInspector - CommitChangedTests....................................NOT RUN         
04:26:56.290 [main] INFO  f.i.s.r.p.i.ProjectInspector - CheckoutPatchedBuildCandidate.........................NOT RUN         
04:26:56.290 [main] INFO  f.i.s.r.p.i.ProjectInspector - BuildProjectPatchedBuildCandidate.....................NOT RUN         
04:26:56.291 [main] INFO  f.i.s.r.p.i.ProjectInspector - TestProjectPatchedBuildCandidate......................NOT RUN         
04:26:56.291 [main] INFO  f.i.s.r.p.i.ProjectInspector - GatherTestInformationPatchedBuildCandidate............NOT RUN         
04:26:56.291 [main] INFO  f.i.s.r.p.i.ProjectInspector - CommitPatch...........................................NOT RUN         
04:26:56.291 [main] INFO  f.i.s.r.p.i.ProjectInspector - WritePropertyFile.....................................NOT RUN         
04:26:56.291 [main] INFO  f.i.s.r.p.i.ProjectInspector - CommitProcessEnd......................................NOT RUN         
04:26:56.292 [main] INFO  f.i.s.r.p.i.ProjectInspector - PushProcessEnd........................................NOT RUN         
04:26:56.292 [main] INFO  f.i.s.r.p.i.ProjectInspector - ----------------------------------------------------------------------
04:26:56.292 [main] INFO  f.i.s.r.p.i.ProjectInspector - PIPELINE FINDING: BUILDNOTCHECKEDOUT
04:26:56.292 [main] INFO  f.i.s.r.p.i.ProjectInspector - ----------------------------------------------------------------------
04:26:56.292 [main] INFO  f.i.s.repairnator.pipeline.Launcher - Inspector is finished. The process will exit now.
