04:34:20.924 [main] INFO  f.i.s.repairnator.pipeline.Launcher - PIPELINE VERSION: 3.0-2018-08-09 19:04
04:34:21.311 [main] INFO  f.i.s.repairnator.pipeline.Launcher - The pipeline will try to reproduce a bug from build 370594943 and its corresponding patch from build 370595515
04:34:21.312 [main] INFO  f.i.s.repairnator.pipeline.Launcher - Initialize file serializer engines.
04:34:21.313 [main] INFO  f.i.s.repairnator.pipeline.Launcher - MongoDB won't be used for serialization.
04:34:21.314 [main] INFO  f.i.s.repairnator.pipeline.Launcher - The email notifier engine won't be used.
04:34:21.318 [main] INFO  f.i.s.repairnator.pipeline.Launcher - Start by getting the build (buildId: 370594943) with the following config: RepairnatorConfig{runId='7f781b86-edd9-4c2c-8d35-0759e20819d2_04-18-week4-PASSING_AND_PASSING', launcherMode=BEARS, serializeJson=true, inputPath='null', outputPath='/var/log', mongodbHost='null', mongodbName='repairnator', smtpServer='null', notifyTo=[], notifyEndProcess=false, push=true, pushRemoteRepo='https://github.com/fermadeiral/bears-collection-pp', fork=false, lookFromDate=null, lookToDate=null, buildId=370594943, z3solverPath='./z3_for_linux', workspacePath='./workspace', githubToken='c8a341a903[...]', dockerImageName='null', skipDelete=false, createOutputDir=false, logDirectory='null', nbThreads=0, globalTimeout=0, whiteList=null, blackList=null, jobSleepTime=0, buildSleepTime=0, maxInspectedBuilds=0, duration=null, humanPatch=false, repository='null', clean=true, bearsMode=BOTH, bearsDelimiter = false, repairTools=NopolAllTests,NPEFix,AssertFixer,AstorJGenProg,AstorJKali,NopolSingleTest,AstorJMut,NopolTestExclusionStrategy, githubUserName= fermadeiral, githubUserEmail=fer.madeiral@gmail.com}
04:34:23.799 [main] DEBUG fr.inria.jtravis.helpers.BuildHelper - Get request to :https://api.travis-ci.org/build/370594943 done after 1284 ms
04:34:24.081 [main] DEBUG fr.inria.jtravis.helpers.BuildHelper - Get request to :https://api.travis-ci.org/build/370595515 done after 124 ms
04:34:24.111 [main] INFO  f.i.s.repairnator.pipeline.Launcher - The patched build (370595515) was successfully retrieved from Travis.
04:34:25.419 [main] INFO  fr.inria.jtravis.JTravis - GitHub ratelimit: Limit: 5000 Remaining: 4529 Reset hour: 19:43:22
04:34:25.687 [main] INFO  f.i.s.r.p.i.ProjectInspector - ----------------------------------------------------------------------
04:34:25.688 [main] INFO  f.i.s.r.p.i.ProjectInspector - PIPELINE STEPS
04:34:25.688 [main] INFO  f.i.s.r.p.i.ProjectInspector - ----------------------------------------------------------------------
04:34:25.688 [main] INFO  f.i.s.r.p.i.ProjectInspector - CloneRepository
04:34:25.688 [main] INFO  f.i.s.r.p.i.ProjectInspector - CheckoutPatchedBuildCandidate
04:34:25.689 [main] INFO  f.i.s.r.p.i.ProjectInspector - ComputeSourceDir
04:34:25.689 [main] INFO  f.i.s.r.p.i.ProjectInspector - ComputeTestDir
04:34:25.689 [main] INFO  f.i.s.r.p.i.ProjectInspector - CheckoutBuggyBuildCandidateSourceCode
04:34:25.690 [main] INFO  f.i.s.r.p.i.ProjectInspector - BuildProjectBuggyBuildCandidateSourceCode
04:34:25.690 [main] INFO  f.i.s.r.p.i.ProjectInspector - TestProjectBuggyBuildCandidateSourceCode
04:34:25.691 [main] INFO  f.i.s.r.p.i.ProjectInspector - GatherTestInformationBuggyBuildCandidateSourceCode
04:34:25.691 [main] INFO  f.i.s.r.p.i.ProjectInspector - CheckoutBuggyBuildTestCode
04:34:25.691 [main] INFO  f.i.s.r.p.i.ProjectInspector - InitRepoToPush
04:34:25.691 [main] INFO  f.i.s.r.p.i.ProjectInspector - ComputeClasspath
04:34:25.691 [main] INFO  f.i.s.r.p.i.ProjectInspector - ComputeModules
04:34:25.692 [main] INFO  f.i.s.r.p.i.ProjectInspector - CheckoutBuggyBuildCandidateSourceCode
04:34:25.692 [main] INFO  f.i.s.r.p.i.ProjectInspector - CommitChangedTests
04:34:25.693 [main] INFO  f.i.s.r.p.i.ProjectInspector - CheckoutPatchedBuildCandidate
04:34:25.693 [main] INFO  f.i.s.r.p.i.ProjectInspector - BuildProjectPatchedBuildCandidate
04:34:25.693 [main] INFO  f.i.s.r.p.i.ProjectInspector - TestProjectPatchedBuildCandidate
04:34:25.694 [main] INFO  f.i.s.r.p.i.ProjectInspector - GatherTestInformationPatchedBuildCandidate
04:34:25.694 [main] INFO  f.i.s.r.p.i.ProjectInspector - CommitPatch
04:34:25.695 [main] INFO  f.i.s.r.p.i.ProjectInspector - WritePropertyFile
04:34:25.695 [main] INFO  f.i.s.r.p.i.ProjectInspector - CommitProcessEnd
04:34:25.695 [main] INFO  f.i.s.r.p.i.ProjectInspector - PushProcessEnd
04:34:25.696 [main] DEBUG f.i.s.r.process.step.CloneRepository - ----------------------------------------------------------------------
04:34:25.696 [main] DEBUG f.i.s.r.process.step.CloneRepository - STEP 1/22: CloneRepository
04:34:25.697 [main] DEBUG f.i.s.r.process.step.CloneRepository - ----------------------------------------------------------------------
04:34:25.697 [main] DEBUG f.i.s.r.process.step.CloneRepository - Cloning repository datastax/java-driver in the following directory: ./workspace/datastax/java-driver/370594943
04:34:42.671 [main] DEBUG f.i.s.r.process.step.CloneRepository - STEP STATUS: [ CloneRepository : SUCCESS ]
04:34:42.671 [main] DEBUG f.i.s.r.process.step.CloneRepository - STEP DURATION: 16s
04:34:42.672 [main] DEBUG f.i.s.r.process.step.CloneRepository - EXECUTE NEXT STEP
04:34:42.672 [main] DEBUG f.i.s.r.p.s.c.CheckoutPatchedBuild - ----------------------------------------------------------------------
04:34:42.672 [main] DEBUG f.i.s.r.p.s.c.CheckoutPatchedBuild - STEP 2/22: CheckoutPatchedBuildCandidate
04:34:42.672 [main] DEBUG f.i.s.r.p.s.c.CheckoutPatchedBuild - ----------------------------------------------------------------------
04:34:42.672 [main] DEBUG f.i.s.r.p.s.c.CheckoutPatchedBuild - Checking out patched build candidate...
04:34:42.685 [main] ERROR f.i.s.r.p.s.c.CheckoutPatchedBuild - Error while testing commit: org.eclipse.jgit.errors.MissingObjectException: Missing unknown 7990884353cbd64009919d505dab87c5ebf17884
04:34:42.686 [main] ERROR f.i.s.r.p.s.c.CheckoutPatchedBuild - Error while getting the commit to checkout from the repo.
04:34:42.687 [main] DEBUG f.i.s.r.p.s.c.CheckoutPatchedBuild - STEP STATUS: [ CheckoutPatchedBuildCandidate : FAILURE ( BUILDNOTCHECKEDOUT ) ]
04:34:42.687 [main] DEBUG f.i.s.r.p.s.c.CheckoutPatchedBuild - STEP DURATION: 0s
04:34:42.687 [main] DEBUG f.i.s.r.p.s.c.CheckoutPatchedBuild - TERMINATE PIPELINE
04:34:42.687 [main] DEBUG f.i.s.r.p.s.c.CheckoutPatchedBuild - FINAL STEPS SKIPPED: The reproduction of the bug and/or the patch failed.
04:34:42.688 [main] INFO  f.i.s.r.p.s.c.CheckoutPatchedBuild - Serialize all data for the pair of builds 370594943, 370595515
04:34:42.989 [main] INFO  fr.inria.jtravis.JTravis - GitHub ratelimit: Limit: 5000 Remaining: 4526 Reset hour: 19:43:22
04:34:43.633 [main] INFO  f.i.s.r.p.i.ProjectInspector - ----------------------------------------------------------------------
04:34:43.633 [main] INFO  f.i.s.r.p.i.ProjectInspector - PIPELINE EXECUTION SUMMARY
04:34:43.634 [main] INFO  f.i.s.r.p.i.ProjectInspector - ----------------------------------------------------------------------
04:34:43.634 [main] INFO  f.i.s.r.p.i.ProjectInspector - CloneRepository.......................................SUCCESS [ 16 s ]
04:34:43.635 [main] INFO  f.i.s.r.p.i.ProjectInspector - CheckoutPatchedBuildCandidate.........................FAILURE [  0 s ]
04:34:43.635 [main] INFO  f.i.s.r.p.i.ProjectInspector - ComputeSourceDir......................................NOT RUN         
04:34:43.635 [main] INFO  f.i.s.r.p.i.ProjectInspector - ComputeTestDir........................................NOT RUN         
04:34:43.636 [main] INFO  f.i.s.r.p.i.ProjectInspector - CheckoutBuggyBuildCandidateSourceCode.................NOT RUN         
04:34:43.636 [main] INFO  f.i.s.r.p.i.ProjectInspector - BuildProjectBuggyBuildCandidateSourceCode.............NOT RUN         
04:34:43.637 [main] INFO  f.i.s.r.p.i.ProjectInspector - TestProjectBuggyBuildCandidateSourceCode..............NOT RUN         
04:34:43.637 [main] INFO  f.i.s.r.p.i.ProjectInspector - GatherTestInformationBuggyBuildCandidateSourceCode....NOT RUN         
04:34:43.638 [main] INFO  f.i.s.r.p.i.ProjectInspector - CheckoutBuggyBuildTestCode............................NOT RUN         
04:34:43.638 [main] INFO  f.i.s.r.p.i.ProjectInspector - InitRepoToPush........................................NOT RUN         
04:34:43.639 [main] INFO  f.i.s.r.p.i.ProjectInspector - ComputeClasspath......................................NOT RUN         
04:34:43.639 [main] INFO  f.i.s.r.p.i.ProjectInspector - ComputeModules........................................NOT RUN         
04:34:43.640 [main] INFO  f.i.s.r.p.i.ProjectInspector - CheckoutBuggyBuildCandidateSourceCode.................NOT RUN         
04:34:43.640 [main] INFO  f.i.s.r.p.i.ProjectInspector - CommitChangedTests....................................NOT RUN         
04:34:43.640 [main] INFO  f.i.s.r.p.i.ProjectInspector - CheckoutPatchedBuildCandidate.........................NOT RUN         
04:34:43.641 [main] INFO  f.i.s.r.p.i.ProjectInspector - BuildProjectPatchedBuildCandidate.....................NOT RUN         
04:34:43.641 [main] INFO  f.i.s.r.p.i.ProjectInspector - TestProjectPatchedBuildCandidate......................NOT RUN         
04:34:43.642 [main] INFO  f.i.s.r.p.i.ProjectInspector - GatherTestInformationPatchedBuildCandidate............NOT RUN         
04:34:43.642 [main] INFO  f.i.s.r.p.i.ProjectInspector - CommitPatch...........................................NOT RUN         
04:34:43.650 [main] INFO  f.i.s.r.p.i.ProjectInspector - WritePropertyFile.....................................NOT RUN         
04:34:43.651 [main] INFO  f.i.s.r.p.i.ProjectInspector - CommitProcessEnd......................................NOT RUN         
04:34:43.651 [main] INFO  f.i.s.r.p.i.ProjectInspector - PushProcessEnd........................................NOT RUN         
04:34:43.652 [main] INFO  f.i.s.r.p.i.ProjectInspector - ----------------------------------------------------------------------
04:34:43.652 [main] INFO  f.i.s.r.p.i.ProjectInspector - PIPELINE FINDING: BUILDNOTCHECKEDOUT
04:34:43.652 [main] INFO  f.i.s.r.p.i.ProjectInspector - ----------------------------------------------------------------------
04:34:43.653 [main] INFO  f.i.s.repairnator.pipeline.Launcher - Inspector is finished. The process will exit now.
