04:25:05.313 [main] INFO  f.i.s.repairnator.pipeline.Launcher - PIPELINE VERSION: 3.0-2018-08-09 19:04
04:25:05.497 [main] INFO  f.i.s.repairnator.pipeline.Launcher - The pipeline will try to reproduce a bug from build 369284121 and its corresponding patch from build 370379827
04:25:05.498 [main] INFO  f.i.s.repairnator.pipeline.Launcher - Initialize file serializer engines.
04:25:05.500 [main] INFO  f.i.s.repairnator.pipeline.Launcher - MongoDB won't be used for serialization.
04:25:05.500 [main] INFO  f.i.s.repairnator.pipeline.Launcher - The email notifier engine won't be used.
04:25:05.504 [main] INFO  f.i.s.repairnator.pipeline.Launcher - Start by getting the build (buildId: 369284121) with the following config: RepairnatorConfig{runId='7f781b86-edd9-4c2c-8d35-0759e20819d2_04-18-week4-PASSING_AND_PASSING', launcherMode=BEARS, serializeJson=true, inputPath='null', outputPath='/var/log', mongodbHost='null', mongodbName='repairnator', smtpServer='null', notifyTo=[], notifyEndProcess=false, push=true, pushRemoteRepo='https://github.com/fermadeiral/bears-collection-pp', fork=false, lookFromDate=null, lookToDate=null, buildId=369284121, z3solverPath='./z3_for_linux', workspacePath='./workspace', githubToken='c8a341a903[...]', dockerImageName='null', skipDelete=false, createOutputDir=false, logDirectory='null', nbThreads=0, globalTimeout=0, whiteList=null, blackList=null, jobSleepTime=0, buildSleepTime=0, maxInspectedBuilds=0, duration=null, humanPatch=false, repository='null', clean=true, bearsMode=BOTH, bearsDelimiter = false, repairTools=NopolAllTests,NPEFix,AssertFixer,AstorJGenProg,AstorJKali,NopolSingleTest,AstorJMut,NopolTestExclusionStrategy, githubUserName= fermadeiral, githubUserEmail=fer.madeiral@gmail.com}
04:25:06.806 [main] DEBUG fr.inria.jtravis.helpers.BuildHelper - Get request to :https://api.travis-ci.org/build/369284121 done after 752 ms
04:25:07.089 [main] DEBUG fr.inria.jtravis.helpers.BuildHelper - Get request to :https://api.travis-ci.org/build/370379827 done after 134 ms
04:25:07.110 [main] INFO  f.i.s.repairnator.pipeline.Launcher - The patched build (370379827) was successfully retrieved from Travis.
04:25:08.477 [main] INFO  fr.inria.jtravis.JTravis - GitHub ratelimit: Limit: 5000 Remaining: 4650 Reset hour: 19:43:22
04:25:08.755 [main] INFO  f.i.s.r.p.i.ProjectInspector - ----------------------------------------------------------------------
04:25:08.756 [main] INFO  f.i.s.r.p.i.ProjectInspector - PIPELINE STEPS
04:25:08.756 [main] INFO  f.i.s.r.p.i.ProjectInspector - ----------------------------------------------------------------------
04:25:08.757 [main] INFO  f.i.s.r.p.i.ProjectInspector - CloneRepository
04:25:08.757 [main] INFO  f.i.s.r.p.i.ProjectInspector - CheckoutPatchedBuildCandidate
04:25:08.758 [main] INFO  f.i.s.r.p.i.ProjectInspector - ComputeSourceDir
04:25:08.758 [main] INFO  f.i.s.r.p.i.ProjectInspector - ComputeTestDir
04:25:08.759 [main] INFO  f.i.s.r.p.i.ProjectInspector - CheckoutBuggyBuildCandidateSourceCode
04:25:08.759 [main] INFO  f.i.s.r.p.i.ProjectInspector - BuildProjectBuggyBuildCandidateSourceCode
04:25:08.760 [main] INFO  f.i.s.r.p.i.ProjectInspector - TestProjectBuggyBuildCandidateSourceCode
04:25:08.760 [main] INFO  f.i.s.r.p.i.ProjectInspector - GatherTestInformationBuggyBuildCandidateSourceCode
04:25:08.761 [main] INFO  f.i.s.r.p.i.ProjectInspector - CheckoutBuggyBuildTestCode
04:25:08.761 [main] INFO  f.i.s.r.p.i.ProjectInspector - InitRepoToPush
04:25:08.762 [main] INFO  f.i.s.r.p.i.ProjectInspector - ComputeClasspath
04:25:08.762 [main] INFO  f.i.s.r.p.i.ProjectInspector - ComputeModules
04:25:08.763 [main] INFO  f.i.s.r.p.i.ProjectInspector - CheckoutBuggyBuildCandidateSourceCode
04:25:08.763 [main] INFO  f.i.s.r.p.i.ProjectInspector - CommitChangedTests
04:25:08.764 [main] INFO  f.i.s.r.p.i.ProjectInspector - CheckoutPatchedBuildCandidate
04:25:08.764 [main] INFO  f.i.s.r.p.i.ProjectInspector - BuildProjectPatchedBuildCandidate
04:25:08.765 [main] INFO  f.i.s.r.p.i.ProjectInspector - TestProjectPatchedBuildCandidate
04:25:08.765 [main] INFO  f.i.s.r.p.i.ProjectInspector - GatherTestInformationPatchedBuildCandidate
04:25:08.766 [main] INFO  f.i.s.r.p.i.ProjectInspector - CommitPatch
04:25:08.766 [main] INFO  f.i.s.r.p.i.ProjectInspector - WritePropertyFile
04:25:08.767 [main] INFO  f.i.s.r.p.i.ProjectInspector - CommitProcessEnd
04:25:08.767 [main] INFO  f.i.s.r.p.i.ProjectInspector - PushProcessEnd
04:25:08.768 [main] DEBUG f.i.s.r.process.step.CloneRepository - ----------------------------------------------------------------------
04:25:08.769 [main] DEBUG f.i.s.r.process.step.CloneRepository - STEP 1/22: CloneRepository
04:25:08.769 [main] DEBUG f.i.s.r.process.step.CloneRepository - ----------------------------------------------------------------------
04:25:08.770 [main] DEBUG f.i.s.r.process.step.CloneRepository - Cloning repository spring-cloud/spring-cloud-gcp in the following directory: ./workspace/spring-cloud/spring-cloud-gcp/369284121
04:25:13.635 [main] DEBUG f.i.s.r.process.step.CloneRepository - STEP STATUS: [ CloneRepository : SUCCESS ]
04:25:13.636 [main] DEBUG f.i.s.r.process.step.CloneRepository - STEP DURATION: 4s
04:25:13.636 [main] DEBUG f.i.s.r.process.step.CloneRepository - EXECUTE NEXT STEP
04:25:13.637 [main] DEBUG f.i.s.r.p.s.c.CheckoutPatchedBuild - ----------------------------------------------------------------------
04:25:13.638 [main] DEBUG f.i.s.r.p.s.c.CheckoutPatchedBuild - STEP 2/22: CheckoutPatchedBuildCandidate
04:25:13.638 [main] DEBUG f.i.s.r.p.s.c.CheckoutPatchedBuild - ----------------------------------------------------------------------
04:25:13.638 [main] DEBUG f.i.s.r.p.s.c.CheckoutPatchedBuild - Checking out patched build candidate...
04:25:13.945 [main] INFO  fr.inria.jtravis.JTravis - GitHub ratelimit: Limit: 5000 Remaining: 4645 Reset hour: 19:43:22
04:25:15.921 [main] DEBUG f.i.s.r.p.s.c.CheckoutPatchedBuild - Reproduce the PR for spring-cloud/spring-cloud-gcp by fetching remote branch and merging.
04:25:16.162 [main] ERROR f.i.s.r.p.s.c.CheckoutPatchedBuild - Error while testing commit: org.eclipse.jgit.errors.MissingObjectException: Missing unknown 8fa8d3c909d0e844f92c52230e2c8c2c8fa4f0ab
04:25:16.164 [main] ERROR f.i.s.r.p.s.c.CheckoutPatchedBuild - Commit head ref cannot be retrieved from the repository: 8fa8d3c909d0e844f92c52230e2c8c2c8fa4f0ab. Operation aborted.
04:25:16.164 [main] ERROR f.i.s.r.p.s.c.CheckoutPatchedBuild - Error while merging two commits to reproduce the PR.
04:25:16.166 [main] DEBUG f.i.s.r.p.s.c.CheckoutPatchedBuild - STEP STATUS: [ CheckoutPatchedBuildCandidate : FAILURE ( BUILDNOTCHECKEDOUT ) ]
04:25:16.166 [main] DEBUG f.i.s.r.p.s.c.CheckoutPatchedBuild - STEP DURATION: 2s
04:25:16.167 [main] DEBUG f.i.s.r.p.s.c.CheckoutPatchedBuild - TERMINATE PIPELINE
04:25:16.167 [main] DEBUG f.i.s.r.p.s.c.CheckoutPatchedBuild - FINAL STEPS SKIPPED: The reproduction of the bug and/or the patch failed.
04:25:16.168 [main] INFO  f.i.s.r.p.s.c.CheckoutPatchedBuild - Serialize all data for the pair of builds 369284121, 370379827
04:25:16.275 [main] INFO  fr.inria.jtravis.JTravis - GitHub ratelimit: Limit: 5000 Remaining: 4633 Reset hour: 19:43:22
04:25:16.994 [main] INFO  f.i.s.r.p.i.ProjectInspector - ----------------------------------------------------------------------
04:25:16.994 [main] INFO  f.i.s.r.p.i.ProjectInspector - PIPELINE EXECUTION SUMMARY
04:25:16.995 [main] INFO  f.i.s.r.p.i.ProjectInspector - ----------------------------------------------------------------------
04:25:16.995 [main] INFO  f.i.s.r.p.i.ProjectInspector - CloneRepository........................................SUCCESS [ 4 s ]
04:25:16.995 [main] INFO  f.i.s.r.p.i.ProjectInspector - CheckoutPatchedBuildCandidate..........................FAILURE [ 2 s ]
04:25:16.995 [main] INFO  f.i.s.r.p.i.ProjectInspector - ComputeSourceDir.......................................NOT RUN        
04:25:16.996 [main] INFO  f.i.s.r.p.i.ProjectInspector - ComputeTestDir.........................................NOT RUN        
04:25:16.996 [main] INFO  f.i.s.r.p.i.ProjectInspector - CheckoutBuggyBuildCandidateSourceCode..................NOT RUN        
04:25:16.996 [main] INFO  f.i.s.r.p.i.ProjectInspector - BuildProjectBuggyBuildCandidateSourceCode..............NOT RUN        
04:25:16.996 [main] INFO  f.i.s.r.p.i.ProjectInspector - TestProjectBuggyBuildCandidateSourceCode...............NOT RUN        
04:25:16.997 [main] INFO  f.i.s.r.p.i.ProjectInspector - GatherTestInformationBuggyBuildCandidateSourceCode.....NOT RUN        
04:25:16.997 [main] INFO  f.i.s.r.p.i.ProjectInspector - CheckoutBuggyBuildTestCode.............................NOT RUN        
04:25:16.997 [main] INFO  f.i.s.r.p.i.ProjectInspector - InitRepoToPush.........................................NOT RUN        
04:25:16.997 [main] INFO  f.i.s.r.p.i.ProjectInspector - ComputeClasspath.......................................NOT RUN        
04:25:16.998 [main] INFO  f.i.s.r.p.i.ProjectInspector - ComputeModules.........................................NOT RUN        
04:25:16.998 [main] INFO  f.i.s.r.p.i.ProjectInspector - CheckoutBuggyBuildCandidateSourceCode..................NOT RUN        
04:25:16.998 [main] INFO  f.i.s.r.p.i.ProjectInspector - CommitChangedTests.....................................NOT RUN        
04:25:16.998 [main] INFO  f.i.s.r.p.i.ProjectInspector - CheckoutPatchedBuildCandidate..........................NOT RUN        
04:25:16.998 [main] INFO  f.i.s.r.p.i.ProjectInspector - BuildProjectPatchedBuildCandidate......................NOT RUN        
04:25:16.999 [main] INFO  f.i.s.r.p.i.ProjectInspector - TestProjectPatchedBuildCandidate.......................NOT RUN        
04:25:16.999 [main] INFO  f.i.s.r.p.i.ProjectInspector - GatherTestInformationPatchedBuildCandidate.............NOT RUN        
04:25:16.999 [main] INFO  f.i.s.r.p.i.ProjectInspector - CommitPatch............................................NOT RUN        
04:25:16.999 [main] INFO  f.i.s.r.p.i.ProjectInspector - WritePropertyFile......................................NOT RUN        
04:25:16.999 [main] INFO  f.i.s.r.p.i.ProjectInspector - CommitProcessEnd.......................................NOT RUN        
04:25:17.000 [main] INFO  f.i.s.r.p.i.ProjectInspector - PushProcessEnd.........................................NOT RUN        
04:25:17.000 [main] INFO  f.i.s.r.p.i.ProjectInspector - ----------------------------------------------------------------------
04:25:17.000 [main] INFO  f.i.s.r.p.i.ProjectInspector - PIPELINE FINDING: BUILDNOTCHECKEDOUT
04:25:17.001 [main] INFO  f.i.s.r.p.i.ProjectInspector - ----------------------------------------------------------------------
04:25:17.001 [main] INFO  f.i.s.repairnator.pipeline.Launcher - Inspector is finished. The process will exit now.
