17:55:03.444 [main] INFO  f.i.s.repairnator.pipeline.Launcher - PIPELINE VERSION: 3.0-2018-08-09 19:04
17:55:03.559 [main] INFO  f.i.s.repairnator.pipeline.Launcher - The pipeline will try to reproduce a bug from build 373113212 and its corresponding patch from build 373226068
17:55:03.559 [main] INFO  f.i.s.repairnator.pipeline.Launcher - Initialize file serializer engines.
17:55:03.561 [main] INFO  f.i.s.repairnator.pipeline.Launcher - MongoDB won't be used for serialization.
17:55:03.561 [main] INFO  f.i.s.repairnator.pipeline.Launcher - The email notifier engine won't be used.
17:55:03.564 [main] INFO  f.i.s.repairnator.pipeline.Launcher - Start by getting the build (buildId: 373113212) with the following config: RepairnatorConfig{runId='7f781b86-edd9-4c2c-8d35-0759e20819d2_04-18-week4-PASSING_AND_PASSING', launcherMode=BEARS, serializeJson=true, inputPath='null', outputPath='/var/log', mongodbHost='null', mongodbName='repairnator', smtpServer='null', notifyTo=[], notifyEndProcess=false, push=true, pushRemoteRepo='https://github.com/fermadeiral/bears-collection-pp', fork=false, lookFromDate=null, lookToDate=null, buildId=373113212, z3solverPath='./z3_for_linux', workspacePath='./workspace', githubToken='c8a341a903[...]', dockerImageName='null', skipDelete=false, createOutputDir=false, logDirectory='null', nbThreads=0, globalTimeout=0, whiteList=null, blackList=null, jobSleepTime=0, buildSleepTime=0, maxInspectedBuilds=0, duration=null, humanPatch=false, repository='null', clean=true, bearsMode=BOTH, bearsDelimiter = false, repairTools=NopolAllTests,NPEFix,AssertFixer,AstorJGenProg,AstorJKali,NopolSingleTest,AstorJMut,NopolTestExclusionStrategy, githubUserName= fermadeiral, githubUserEmail=fer.madeiral@gmail.com}
17:55:04.917 [main] DEBUG fr.inria.jtravis.helpers.BuildHelper - Get request to :https://api.travis-ci.org/build/373113212 done after 914 ms
17:55:05.173 [main] DEBUG fr.inria.jtravis.helpers.BuildHelper - Get request to :https://api.travis-ci.org/build/373226068 done after 145 ms
17:55:05.190 [main] INFO  f.i.s.repairnator.pipeline.Launcher - The patched build (373226068) was successfully retrieved from Travis.
17:55:06.564 [main] INFO  fr.inria.jtravis.JTravis - GitHub ratelimit: Limit: 5000 Remaining: 4637 Reset hour: 19:42:43
17:55:06.819 [main] INFO  f.i.s.r.p.i.ProjectInspector - ----------------------------------------------------------------------
17:55:06.820 [main] INFO  f.i.s.r.p.i.ProjectInspector - PIPELINE STEPS
17:55:06.820 [main] INFO  f.i.s.r.p.i.ProjectInspector - ----------------------------------------------------------------------
17:55:06.820 [main] INFO  f.i.s.r.p.i.ProjectInspector - CloneRepository
17:55:06.820 [main] INFO  f.i.s.r.p.i.ProjectInspector - CheckoutPatchedBuildCandidate
17:55:06.820 [main] INFO  f.i.s.r.p.i.ProjectInspector - ComputeSourceDir
17:55:06.821 [main] INFO  f.i.s.r.p.i.ProjectInspector - ComputeTestDir
17:55:06.821 [main] INFO  f.i.s.r.p.i.ProjectInspector - CheckoutBuggyBuildCandidateSourceCode
17:55:06.821 [main] INFO  f.i.s.r.p.i.ProjectInspector - BuildProjectBuggyBuildCandidateSourceCode
17:55:06.821 [main] INFO  f.i.s.r.p.i.ProjectInspector - TestProjectBuggyBuildCandidateSourceCode
17:55:06.821 [main] INFO  f.i.s.r.p.i.ProjectInspector - GatherTestInformationBuggyBuildCandidateSourceCode
17:55:06.822 [main] INFO  f.i.s.r.p.i.ProjectInspector - CheckoutBuggyBuildTestCode
17:55:06.822 [main] INFO  f.i.s.r.p.i.ProjectInspector - InitRepoToPush
17:55:06.822 [main] INFO  f.i.s.r.p.i.ProjectInspector - ComputeClasspath
17:55:06.822 [main] INFO  f.i.s.r.p.i.ProjectInspector - ComputeModules
17:55:06.822 [main] INFO  f.i.s.r.p.i.ProjectInspector - CheckoutBuggyBuildCandidateSourceCode
17:55:06.822 [main] INFO  f.i.s.r.p.i.ProjectInspector - CommitChangedTests
17:55:06.823 [main] INFO  f.i.s.r.p.i.ProjectInspector - CheckoutPatchedBuildCandidate
17:55:06.823 [main] INFO  f.i.s.r.p.i.ProjectInspector - BuildProjectPatchedBuildCandidate
17:55:06.823 [main] INFO  f.i.s.r.p.i.ProjectInspector - TestProjectPatchedBuildCandidate
17:55:06.823 [main] INFO  f.i.s.r.p.i.ProjectInspector - GatherTestInformationPatchedBuildCandidate
17:55:06.823 [main] INFO  f.i.s.r.p.i.ProjectInspector - CommitPatch
17:55:06.824 [main] INFO  f.i.s.r.p.i.ProjectInspector - WritePropertyFile
17:55:06.824 [main] INFO  f.i.s.r.p.i.ProjectInspector - CommitProcessEnd
17:55:06.824 [main] INFO  f.i.s.r.p.i.ProjectInspector - PushProcessEnd
17:55:06.824 [main] DEBUG f.i.s.r.process.step.CloneRepository - ----------------------------------------------------------------------
17:55:06.824 [main] DEBUG f.i.s.r.process.step.CloneRepository - STEP 1/22: CloneRepository
17:55:06.825 [main] DEBUG f.i.s.r.process.step.CloneRepository - ----------------------------------------------------------------------
17:55:06.825 [main] DEBUG f.i.s.r.process.step.CloneRepository - Cloning repository batfish/batfish in the following directory: ./workspace/batfish/batfish/373113212
17:55:59.953 [main] DEBUG f.i.s.r.process.step.CloneRepository - STEP STATUS: [ CloneRepository : SUCCESS ]
17:55:59.953 [main] DEBUG f.i.s.r.process.step.CloneRepository - STEP DURATION: 53s
17:55:59.954 [main] DEBUG f.i.s.r.process.step.CloneRepository - EXECUTE NEXT STEP
17:55:59.954 [main] DEBUG f.i.s.r.p.s.c.CheckoutPatchedBuild - ----------------------------------------------------------------------
17:55:59.954 [main] DEBUG f.i.s.r.p.s.c.CheckoutPatchedBuild - STEP 2/22: CheckoutPatchedBuildCandidate
17:55:59.955 [main] DEBUG f.i.s.r.p.s.c.CheckoutPatchedBuild - ----------------------------------------------------------------------
17:55:59.955 [main] DEBUG f.i.s.r.p.s.c.CheckoutPatchedBuild - Checking out patched build candidate...
17:55:59.970 [main] ERROR f.i.s.r.p.s.c.CheckoutPatchedBuild - Error while testing commit: org.eclipse.jgit.errors.MissingObjectException: Missing unknown 725d1be04c06aad4906b37fb73c96f34891b5b23
17:55:59.970 [main] ERROR f.i.s.r.p.s.c.CheckoutPatchedBuild - Error while getting the commit to checkout from the repo.
17:55:59.971 [main] DEBUG f.i.s.r.p.s.c.CheckoutPatchedBuild - STEP STATUS: [ CheckoutPatchedBuildCandidate : FAILURE ( BUILDNOTCHECKEDOUT ) ]
17:55:59.972 [main] DEBUG f.i.s.r.p.s.c.CheckoutPatchedBuild - STEP DURATION: 0s
17:55:59.972 [main] DEBUG f.i.s.r.p.s.c.CheckoutPatchedBuild - TERMINATE PIPELINE
17:55:59.972 [main] DEBUG f.i.s.r.p.s.c.CheckoutPatchedBuild - FINAL STEPS SKIPPED: The reproduction of the bug and/or the patch failed.
17:55:59.973 [main] INFO  f.i.s.r.p.s.c.CheckoutPatchedBuild - Serialize all data for the pair of builds 373113212, 373226068
17:56:00.322 [main] INFO  fr.inria.jtravis.JTravis - GitHub ratelimit: Limit: 5000 Remaining: 4621 Reset hour: 19:42:43
17:56:01.367 [main] INFO  f.i.s.r.p.i.ProjectInspector - ----------------------------------------------------------------------
17:56:01.368 [main] INFO  f.i.s.r.p.i.ProjectInspector - PIPELINE EXECUTION SUMMARY
17:56:01.368 [main] INFO  f.i.s.r.p.i.ProjectInspector - ----------------------------------------------------------------------
17:56:01.368 [main] INFO  f.i.s.r.p.i.ProjectInspector - CloneRepository.......................................SUCCESS [ 53 s ]
17:56:01.377 [main] INFO  f.i.s.r.p.i.ProjectInspector - CheckoutPatchedBuildCandidate.........................FAILURE [  0 s ]
17:56:01.377 [main] INFO  f.i.s.r.p.i.ProjectInspector - ComputeSourceDir......................................NOT RUN         
17:56:01.378 [main] INFO  f.i.s.r.p.i.ProjectInspector - ComputeTestDir........................................NOT RUN         
17:56:01.378 [main] INFO  f.i.s.r.p.i.ProjectInspector - CheckoutBuggyBuildCandidateSourceCode.................NOT RUN         
17:56:01.378 [main] INFO  f.i.s.r.p.i.ProjectInspector - BuildProjectBuggyBuildCandidateSourceCode.............NOT RUN         
17:56:01.379 [main] INFO  f.i.s.r.p.i.ProjectInspector - TestProjectBuggyBuildCandidateSourceCode..............NOT RUN         
17:56:01.379 [main] INFO  f.i.s.r.p.i.ProjectInspector - GatherTestInformationBuggyBuildCandidateSourceCode....NOT RUN         
17:56:01.379 [main] INFO  f.i.s.r.p.i.ProjectInspector - CheckoutBuggyBuildTestCode............................NOT RUN         
17:56:01.379 [main] INFO  f.i.s.r.p.i.ProjectInspector - InitRepoToPush........................................NOT RUN         
17:56:01.379 [main] INFO  f.i.s.r.p.i.ProjectInspector - ComputeClasspath......................................NOT RUN         
17:56:01.380 [main] INFO  f.i.s.r.p.i.ProjectInspector - ComputeModules........................................NOT RUN         
17:56:01.380 [main] INFO  f.i.s.r.p.i.ProjectInspector - CheckoutBuggyBuildCandidateSourceCode.................NOT RUN         
17:56:01.380 [main] INFO  f.i.s.r.p.i.ProjectInspector - CommitChangedTests....................................NOT RUN         
17:56:01.380 [main] INFO  f.i.s.r.p.i.ProjectInspector - CheckoutPatchedBuildCandidate.........................NOT RUN         
17:56:01.380 [main] INFO  f.i.s.r.p.i.ProjectInspector - BuildProjectPatchedBuildCandidate.....................NOT RUN         
17:56:01.381 [main] INFO  f.i.s.r.p.i.ProjectInspector - TestProjectPatchedBuildCandidate......................NOT RUN         
17:56:01.381 [main] INFO  f.i.s.r.p.i.ProjectInspector - GatherTestInformationPatchedBuildCandidate............NOT RUN         
17:56:01.381 [main] INFO  f.i.s.r.p.i.ProjectInspector - CommitPatch...........................................NOT RUN         
17:56:01.381 [main] INFO  f.i.s.r.p.i.ProjectInspector - WritePropertyFile.....................................NOT RUN         
17:56:01.381 [main] INFO  f.i.s.r.p.i.ProjectInspector - CommitProcessEnd......................................NOT RUN         
17:56:01.381 [main] INFO  f.i.s.r.p.i.ProjectInspector - PushProcessEnd........................................NOT RUN         
17:56:01.382 [main] INFO  f.i.s.r.p.i.ProjectInspector - ----------------------------------------------------------------------
17:56:01.382 [main] INFO  f.i.s.r.p.i.ProjectInspector - PIPELINE FINDING: BUILDNOTCHECKEDOUT
17:56:01.382 [main] INFO  f.i.s.r.p.i.ProjectInspector - ----------------------------------------------------------------------
17:56:01.382 [main] INFO  f.i.s.repairnator.pipeline.Launcher - Inspector is finished. The process will exit now.
