18:36:52.428 [main] INFO  f.i.s.repairnator.pipeline.Launcher - PIPELINE VERSION: 3.0-2018-08-09 19:04
18:36:52.577 [main] INFO  f.i.s.repairnator.pipeline.Launcher - The pipeline will try to reproduce a bug from build 371801720 and its corresponding patch from build 373109860
18:36:52.578 [main] INFO  f.i.s.repairnator.pipeline.Launcher - Initialize file serializer engines.
18:36:52.580 [main] INFO  f.i.s.repairnator.pipeline.Launcher - MongoDB won't be used for serialization.
18:36:52.580 [main] INFO  f.i.s.repairnator.pipeline.Launcher - The email notifier engine won't be used.
18:36:52.583 [main] INFO  f.i.s.repairnator.pipeline.Launcher - Start by getting the build (buildId: 371801720) with the following config: RepairnatorConfig{runId='7f781b86-edd9-4c2c-8d35-0759e20819d2_04-18-week4-PASSING_AND_PASSING', launcherMode=BEARS, serializeJson=true, inputPath='null', outputPath='/var/log', mongodbHost='null', mongodbName='repairnator', smtpServer='null', notifyTo=[], notifyEndProcess=false, push=true, pushRemoteRepo='https://github.com/fermadeiral/bears-collection-pp', fork=false, lookFromDate=null, lookToDate=null, buildId=371801720, z3solverPath='./z3_for_linux', workspacePath='./workspace', githubToken='c8a341a903[...]', dockerImageName='null', skipDelete=false, createOutputDir=false, logDirectory='null', nbThreads=0, globalTimeout=0, whiteList=null, blackList=null, jobSleepTime=0, buildSleepTime=0, maxInspectedBuilds=0, duration=null, humanPatch=false, repository='null', clean=true, bearsMode=BOTH, bearsDelimiter = false, repairTools=NopolAllTests,NPEFix,AssertFixer,AstorJGenProg,AstorJKali,NopolSingleTest,AstorJMut,NopolTestExclusionStrategy, githubUserName= fermadeiral, githubUserEmail=fer.madeiral@gmail.com}
18:36:55.259 [main] DEBUG fr.inria.jtravis.helpers.BuildHelper - Get request to :https://api.travis-ci.org/build/371801720 done after 2163 ms
18:36:55.609 [main] DEBUG fr.inria.jtravis.helpers.BuildHelper - Get request to :https://api.travis-ci.org/build/373109860 done after 196 ms
18:36:55.625 [main] INFO  f.i.s.repairnator.pipeline.Launcher - The patched build (373109860) was successfully retrieved from Travis.
18:36:56.897 [main] INFO  fr.inria.jtravis.JTravis - GitHub ratelimit: Limit: 5000 Remaining: 4576 Reset hour: 19:42:47
18:36:57.158 [main] INFO  f.i.s.r.p.i.ProjectInspector - ----------------------------------------------------------------------
18:36:57.159 [main] INFO  f.i.s.r.p.i.ProjectInspector - PIPELINE STEPS
18:36:57.159 [main] INFO  f.i.s.r.p.i.ProjectInspector - ----------------------------------------------------------------------
18:36:57.159 [main] INFO  f.i.s.r.p.i.ProjectInspector - CloneRepository
18:36:57.159 [main] INFO  f.i.s.r.p.i.ProjectInspector - CheckoutPatchedBuildCandidate
18:36:57.159 [main] INFO  f.i.s.r.p.i.ProjectInspector - ComputeSourceDir
18:36:57.159 [main] INFO  f.i.s.r.p.i.ProjectInspector - ComputeTestDir
18:36:57.160 [main] INFO  f.i.s.r.p.i.ProjectInspector - CheckoutBuggyBuildCandidateSourceCode
18:36:57.160 [main] INFO  f.i.s.r.p.i.ProjectInspector - BuildProjectBuggyBuildCandidateSourceCode
18:36:57.160 [main] INFO  f.i.s.r.p.i.ProjectInspector - TestProjectBuggyBuildCandidateSourceCode
18:36:57.160 [main] INFO  f.i.s.r.p.i.ProjectInspector - GatherTestInformationBuggyBuildCandidateSourceCode
18:36:57.160 [main] INFO  f.i.s.r.p.i.ProjectInspector - CheckoutBuggyBuildTestCode
18:36:57.161 [main] INFO  f.i.s.r.p.i.ProjectInspector - InitRepoToPush
18:36:57.161 [main] INFO  f.i.s.r.p.i.ProjectInspector - ComputeClasspath
18:36:57.161 [main] INFO  f.i.s.r.p.i.ProjectInspector - ComputeModules
18:36:57.161 [main] INFO  f.i.s.r.p.i.ProjectInspector - CheckoutBuggyBuildCandidateSourceCode
18:36:57.161 [main] INFO  f.i.s.r.p.i.ProjectInspector - CommitChangedTests
18:36:57.161 [main] INFO  f.i.s.r.p.i.ProjectInspector - CheckoutPatchedBuildCandidate
18:36:57.162 [main] INFO  f.i.s.r.p.i.ProjectInspector - BuildProjectPatchedBuildCandidate
18:36:57.162 [main] INFO  f.i.s.r.p.i.ProjectInspector - TestProjectPatchedBuildCandidate
18:36:57.162 [main] INFO  f.i.s.r.p.i.ProjectInspector - GatherTestInformationPatchedBuildCandidate
18:36:57.162 [main] INFO  f.i.s.r.p.i.ProjectInspector - CommitPatch
18:36:57.163 [main] INFO  f.i.s.r.p.i.ProjectInspector - WritePropertyFile
18:36:57.163 [main] INFO  f.i.s.r.p.i.ProjectInspector - CommitProcessEnd
18:36:57.163 [main] INFO  f.i.s.r.p.i.ProjectInspector - PushProcessEnd
18:36:57.164 [main] DEBUG f.i.s.r.process.step.CloneRepository - ----------------------------------------------------------------------
18:36:57.164 [main] DEBUG f.i.s.r.process.step.CloneRepository - STEP 1/22: CloneRepository
18:36:57.165 [main] DEBUG f.i.s.r.process.step.CloneRepository - ----------------------------------------------------------------------
18:36:57.165 [main] DEBUG f.i.s.r.process.step.CloneRepository - Cloning repository runelite/runelite in the following directory: ./workspace/runelite/runelite/371801720
18:37:09.108 [main] DEBUG f.i.s.r.process.step.CloneRepository - STEP STATUS: [ CloneRepository : SUCCESS ]
18:37:09.109 [main] DEBUG f.i.s.r.process.step.CloneRepository - STEP DURATION: 11s
18:37:09.109 [main] DEBUG f.i.s.r.process.step.CloneRepository - EXECUTE NEXT STEP
18:37:09.114 [main] DEBUG f.i.s.r.p.s.c.CheckoutPatchedBuild - ----------------------------------------------------------------------
18:37:09.115 [main] DEBUG f.i.s.r.p.s.c.CheckoutPatchedBuild - STEP 2/22: CheckoutPatchedBuildCandidate
18:37:09.115 [main] DEBUG f.i.s.r.p.s.c.CheckoutPatchedBuild - ----------------------------------------------------------------------
18:37:09.115 [main] DEBUG f.i.s.r.p.s.c.CheckoutPatchedBuild - Checking out patched build candidate...
18:37:09.471 [main] INFO  fr.inria.jtravis.JTravis - GitHub ratelimit: Limit: 5000 Remaining: 4575 Reset hour: 19:42:47
18:37:10.003 [main] WARN  f.i.j.helpers.PullRequestHelper - The head repository is null: maybe it has been deleted from GitHub
18:37:10.004 [main] ERROR f.i.s.r.p.s.c.CheckoutPatchedBuild - Error while getting PR information.
18:37:10.005 [main] DEBUG f.i.s.r.p.s.c.CheckoutPatchedBuild - STEP STATUS: [ CheckoutPatchedBuildCandidate : FAILURE ( BUILDNOTCHECKEDOUT ) ]
18:37:10.005 [main] DEBUG f.i.s.r.p.s.c.CheckoutPatchedBuild - STEP DURATION: 0s
18:37:10.005 [main] DEBUG f.i.s.r.p.s.c.CheckoutPatchedBuild - TERMINATE PIPELINE
18:37:10.006 [main] DEBUG f.i.s.r.p.s.c.CheckoutPatchedBuild - FINAL STEPS SKIPPED: The reproduction of the bug and/or the patch failed.
18:37:10.006 [main] INFO  f.i.s.r.p.s.c.CheckoutPatchedBuild - Serialize all data for the pair of builds 371801720, 373109860
18:37:10.136 [main] INFO  fr.inria.jtravis.JTravis - GitHub ratelimit: Limit: 5000 Remaining: 4573 Reset hour: 19:42:47
18:37:10.972 [main] INFO  f.i.s.r.p.i.ProjectInspector - ----------------------------------------------------------------------
18:37:10.972 [main] INFO  f.i.s.r.p.i.ProjectInspector - PIPELINE EXECUTION SUMMARY
18:37:10.972 [main] INFO  f.i.s.r.p.i.ProjectInspector - ----------------------------------------------------------------------
18:37:10.972 [main] INFO  f.i.s.r.p.i.ProjectInspector - CloneRepository.......................................SUCCESS [ 11 s ]
18:37:10.973 [main] INFO  f.i.s.r.p.i.ProjectInspector - CheckoutPatchedBuildCandidate.........................FAILURE [  0 s ]
18:37:10.973 [main] INFO  f.i.s.r.p.i.ProjectInspector - ComputeSourceDir......................................NOT RUN         
18:37:10.973 [main] INFO  f.i.s.r.p.i.ProjectInspector - ComputeTestDir........................................NOT RUN         
18:37:10.973 [main] INFO  f.i.s.r.p.i.ProjectInspector - CheckoutBuggyBuildCandidateSourceCode.................NOT RUN         
18:37:10.973 [main] INFO  f.i.s.r.p.i.ProjectInspector - BuildProjectBuggyBuildCandidateSourceCode.............NOT RUN         
18:37:10.973 [main] INFO  f.i.s.r.p.i.ProjectInspector - TestProjectBuggyBuildCandidateSourceCode..............NOT RUN         
18:37:10.974 [main] INFO  f.i.s.r.p.i.ProjectInspector - GatherTestInformationBuggyBuildCandidateSourceCode....NOT RUN         
18:37:10.974 [main] INFO  f.i.s.r.p.i.ProjectInspector - CheckoutBuggyBuildTestCode............................NOT RUN         
18:37:10.974 [main] INFO  f.i.s.r.p.i.ProjectInspector - InitRepoToPush........................................NOT RUN         
18:37:10.974 [main] INFO  f.i.s.r.p.i.ProjectInspector - ComputeClasspath......................................NOT RUN         
18:37:10.975 [main] INFO  f.i.s.r.p.i.ProjectInspector - ComputeModules........................................NOT RUN         
18:37:10.975 [main] INFO  f.i.s.r.p.i.ProjectInspector - CheckoutBuggyBuildCandidateSourceCode.................NOT RUN         
18:37:10.976 [main] INFO  f.i.s.r.p.i.ProjectInspector - CommitChangedTests....................................NOT RUN         
18:37:10.976 [main] INFO  f.i.s.r.p.i.ProjectInspector - CheckoutPatchedBuildCandidate.........................NOT RUN         
18:37:10.976 [main] INFO  f.i.s.r.p.i.ProjectInspector - BuildProjectPatchedBuildCandidate.....................NOT RUN         
18:37:10.976 [main] INFO  f.i.s.r.p.i.ProjectInspector - TestProjectPatchedBuildCandidate......................NOT RUN         
18:37:10.976 [main] INFO  f.i.s.r.p.i.ProjectInspector - GatherTestInformationPatchedBuildCandidate............NOT RUN         
18:37:10.976 [main] INFO  f.i.s.r.p.i.ProjectInspector - CommitPatch...........................................NOT RUN         
18:37:10.976 [main] INFO  f.i.s.r.p.i.ProjectInspector - WritePropertyFile.....................................NOT RUN         
18:37:10.977 [main] INFO  f.i.s.r.p.i.ProjectInspector - CommitProcessEnd......................................NOT RUN         
18:37:10.977 [main] INFO  f.i.s.r.p.i.ProjectInspector - PushProcessEnd........................................NOT RUN         
18:37:10.977 [main] INFO  f.i.s.r.p.i.ProjectInspector - ----------------------------------------------------------------------
18:37:10.977 [main] INFO  f.i.s.r.p.i.ProjectInspector - PIPELINE FINDING: BUILDNOTCHECKEDOUT
18:37:10.977 [main] INFO  f.i.s.r.p.i.ProjectInspector - ----------------------------------------------------------------------
18:37:10.977 [main] INFO  f.i.s.repairnator.pipeline.Launcher - Inspector is finished. The process will exit now.
