14:45:29.379 [main] INFO  f.i.s.repairnator.pipeline.Launcher - PIPELINE VERSION: 3.0-2018-08-09 19:04
14:45:29.495 [main] INFO  f.i.s.repairnator.pipeline.Launcher - The pipeline will try to reproduce a bug from build 370335248 and its corresponding patch from build 371825840
14:45:29.495 [main] INFO  f.i.s.repairnator.pipeline.Launcher - Initialize file serializer engines.
14:45:29.497 [main] INFO  f.i.s.repairnator.pipeline.Launcher - MongoDB won't be used for serialization.
14:45:29.497 [main] INFO  f.i.s.repairnator.pipeline.Launcher - The email notifier engine won't be used.
14:45:29.500 [main] INFO  f.i.s.repairnator.pipeline.Launcher - Start by getting the build (buildId: 370335248) with the following config: RepairnatorConfig{runId='7f781b86-edd9-4c2c-8d35-0759e20819d2_04-18-week4-PASSING_AND_PASSING', launcherMode=BEARS, serializeJson=true, inputPath='null', outputPath='/var/log', mongodbHost='null', mongodbName='repairnator', smtpServer='null', notifyTo=[], notifyEndProcess=false, push=true, pushRemoteRepo='https://github.com/fermadeiral/bears-collection-pp', fork=false, lookFromDate=null, lookToDate=null, buildId=370335248, z3solverPath='./z3_for_linux', workspacePath='./workspace', githubToken='c8a341a903[...]', dockerImageName='null', skipDelete=false, createOutputDir=false, logDirectory='null', nbThreads=0, globalTimeout=0, whiteList=null, blackList=null, jobSleepTime=0, buildSleepTime=0, maxInspectedBuilds=0, duration=null, humanPatch=false, repository='null', clean=true, bearsMode=BOTH, bearsDelimiter = false, repairTools=NopolAllTests,NPEFix,AssertFixer,AstorJGenProg,AstorJKali,NopolSingleTest,AstorJMut,NopolTestExclusionStrategy, githubUserName= fermadeiral, githubUserEmail=fer.madeiral@gmail.com}
14:45:30.875 [main] DEBUG fr.inria.jtravis.helpers.BuildHelper - Get request to :https://api.travis-ci.org/build/370335248 done after 800 ms
14:45:31.108 [main] DEBUG fr.inria.jtravis.helpers.BuildHelper - Get request to :https://api.travis-ci.org/build/371825840 done after 144 ms
14:45:31.124 [main] INFO  f.i.s.repairnator.pipeline.Launcher - The patched build (371825840) was successfully retrieved from Travis.
14:45:32.249 [main] INFO  fr.inria.jtravis.JTravis - GitHub ratelimit: Limit: 5000 Remaining: 4748 Reset hour: 19:42:32
14:45:32.538 [main] INFO  f.i.s.r.p.i.ProjectInspector - ----------------------------------------------------------------------
14:45:32.538 [main] INFO  f.i.s.r.p.i.ProjectInspector - PIPELINE STEPS
14:45:32.538 [main] INFO  f.i.s.r.p.i.ProjectInspector - ----------------------------------------------------------------------
14:45:32.539 [main] INFO  f.i.s.r.p.i.ProjectInspector - CloneRepository
14:45:32.539 [main] INFO  f.i.s.r.p.i.ProjectInspector - CheckoutPatchedBuildCandidate
14:45:32.539 [main] INFO  f.i.s.r.p.i.ProjectInspector - ComputeSourceDir
14:45:32.540 [main] INFO  f.i.s.r.p.i.ProjectInspector - ComputeTestDir
14:45:32.540 [main] INFO  f.i.s.r.p.i.ProjectInspector - CheckoutBuggyBuildCandidateSourceCode
14:45:32.540 [main] INFO  f.i.s.r.p.i.ProjectInspector - BuildProjectBuggyBuildCandidateSourceCode
14:45:32.541 [main] INFO  f.i.s.r.p.i.ProjectInspector - TestProjectBuggyBuildCandidateSourceCode
14:45:32.541 [main] INFO  f.i.s.r.p.i.ProjectInspector - GatherTestInformationBuggyBuildCandidateSourceCode
14:45:32.541 [main] INFO  f.i.s.r.p.i.ProjectInspector - CheckoutBuggyBuildTestCode
14:45:32.542 [main] INFO  f.i.s.r.p.i.ProjectInspector - InitRepoToPush
14:45:32.542 [main] INFO  f.i.s.r.p.i.ProjectInspector - ComputeClasspath
14:45:32.542 [main] INFO  f.i.s.r.p.i.ProjectInspector - ComputeModules
14:45:32.542 [main] INFO  f.i.s.r.p.i.ProjectInspector - CheckoutBuggyBuildCandidateSourceCode
14:45:32.543 [main] INFO  f.i.s.r.p.i.ProjectInspector - CommitChangedTests
14:45:32.543 [main] INFO  f.i.s.r.p.i.ProjectInspector - CheckoutPatchedBuildCandidate
14:45:32.543 [main] INFO  f.i.s.r.p.i.ProjectInspector - BuildProjectPatchedBuildCandidate
14:45:32.544 [main] INFO  f.i.s.r.p.i.ProjectInspector - TestProjectPatchedBuildCandidate
14:45:32.544 [main] INFO  f.i.s.r.p.i.ProjectInspector - GatherTestInformationPatchedBuildCandidate
14:45:32.544 [main] INFO  f.i.s.r.p.i.ProjectInspector - CommitPatch
14:45:32.545 [main] INFO  f.i.s.r.p.i.ProjectInspector - WritePropertyFile
14:45:32.545 [main] INFO  f.i.s.r.p.i.ProjectInspector - CommitProcessEnd
14:45:32.545 [main] INFO  f.i.s.r.p.i.ProjectInspector - PushProcessEnd
14:45:32.546 [main] DEBUG f.i.s.r.process.step.CloneRepository - ----------------------------------------------------------------------
14:45:32.546 [main] DEBUG f.i.s.r.process.step.CloneRepository - STEP 1/22: CloneRepository
14:45:32.546 [main] DEBUG f.i.s.r.process.step.CloneRepository - ----------------------------------------------------------------------
14:45:32.547 [main] DEBUG f.i.s.r.process.step.CloneRepository - Cloning repository prestodb/presto in the following directory: ./workspace/prestodb/presto/370335248
14:46:16.681 [main] DEBUG f.i.s.r.process.step.CloneRepository - STEP STATUS: [ CloneRepository : SUCCESS ]
14:46:16.681 [main] DEBUG f.i.s.r.process.step.CloneRepository - STEP DURATION: 44s
14:46:16.682 [main] DEBUG f.i.s.r.process.step.CloneRepository - EXECUTE NEXT STEP
14:46:16.682 [main] DEBUG f.i.s.r.p.s.c.CheckoutPatchedBuild - ----------------------------------------------------------------------
14:46:16.682 [main] DEBUG f.i.s.r.p.s.c.CheckoutPatchedBuild - STEP 2/22: CheckoutPatchedBuildCandidate
14:46:16.682 [main] DEBUG f.i.s.r.p.s.c.CheckoutPatchedBuild - ----------------------------------------------------------------------
14:46:16.682 [main] DEBUG f.i.s.r.p.s.c.CheckoutPatchedBuild - Checking out patched build candidate...
14:46:17.033 [main] INFO  fr.inria.jtravis.JTravis - GitHub ratelimit: Limit: 5000 Remaining: 4747 Reset hour: 19:42:32
14:46:23.943 [main] DEBUG f.i.s.r.p.s.c.CheckoutPatchedBuild - Reproduce the PR for prestodb/presto by fetching remote branch and merging.
14:46:35.561 [main] ERROR f.i.s.r.p.s.c.CheckoutPatchedBuild - Error while testing commit: org.eclipse.jgit.errors.MissingObjectException: Missing unknown 85a843be64777b41c230d7929c12fe0b4dbc9cec
14:46:35.563 [main] ERROR f.i.s.r.p.s.c.CheckoutPatchedBuild - Commit head ref cannot be retrieved from the repository: 85a843be64777b41c230d7929c12fe0b4dbc9cec. Operation aborted.
14:46:35.563 [main] ERROR f.i.s.r.p.s.c.CheckoutPatchedBuild - Error while merging two commits to reproduce the PR.
14:46:35.565 [main] DEBUG f.i.s.r.p.s.c.CheckoutPatchedBuild - STEP STATUS: [ CheckoutPatchedBuildCandidate : FAILURE ( BUILDNOTCHECKEDOUT ) ]
14:46:35.565 [main] DEBUG f.i.s.r.p.s.c.CheckoutPatchedBuild - STEP DURATION: 18s
14:46:35.566 [main] DEBUG f.i.s.r.p.s.c.CheckoutPatchedBuild - TERMINATE PIPELINE
14:46:35.570 [main] DEBUG f.i.s.r.p.s.c.CheckoutPatchedBuild - FINAL STEPS SKIPPED: The reproduction of the bug and/or the patch failed.
14:46:35.571 [main] INFO  f.i.s.r.p.s.c.CheckoutPatchedBuild - Serialize all data for the pair of builds 370335248, 371825840
14:46:35.893 [main] INFO  fr.inria.jtravis.JTravis - GitHub ratelimit: Limit: 5000 Remaining: 4740 Reset hour: 19:42:32
14:46:37.617 [main] INFO  f.i.s.r.p.i.ProjectInspector - ----------------------------------------------------------------------
14:46:37.617 [main] INFO  f.i.s.r.p.i.ProjectInspector - PIPELINE EXECUTION SUMMARY
14:46:37.617 [main] INFO  f.i.s.r.p.i.ProjectInspector - ----------------------------------------------------------------------
14:46:37.618 [main] INFO  f.i.s.r.p.i.ProjectInspector - CloneRepository.......................................SUCCESS [ 44 s ]
14:46:37.618 [main] INFO  f.i.s.r.p.i.ProjectInspector - CheckoutPatchedBuildCandidate.........................FAILURE [ 18 s ]
14:46:37.618 [main] INFO  f.i.s.r.p.i.ProjectInspector - ComputeSourceDir......................................NOT RUN         
14:46:37.618 [main] INFO  f.i.s.r.p.i.ProjectInspector - ComputeTestDir........................................NOT RUN         
14:46:37.619 [main] INFO  f.i.s.r.p.i.ProjectInspector - CheckoutBuggyBuildCandidateSourceCode.................NOT RUN         
14:46:37.619 [main] INFO  f.i.s.r.p.i.ProjectInspector - BuildProjectBuggyBuildCandidateSourceCode.............NOT RUN         
14:46:37.619 [main] INFO  f.i.s.r.p.i.ProjectInspector - TestProjectBuggyBuildCandidateSourceCode..............NOT RUN         
14:46:37.619 [main] INFO  f.i.s.r.p.i.ProjectInspector - GatherTestInformationBuggyBuildCandidateSourceCode....NOT RUN         
14:46:37.619 [main] INFO  f.i.s.r.p.i.ProjectInspector - CheckoutBuggyBuildTestCode............................NOT RUN         
14:46:37.619 [main] INFO  f.i.s.r.p.i.ProjectInspector - InitRepoToPush........................................NOT RUN         
14:46:37.619 [main] INFO  f.i.s.r.p.i.ProjectInspector - ComputeClasspath......................................NOT RUN         
14:46:37.620 [main] INFO  f.i.s.r.p.i.ProjectInspector - ComputeModules........................................NOT RUN         
14:46:37.620 [main] INFO  f.i.s.r.p.i.ProjectInspector - CheckoutBuggyBuildCandidateSourceCode.................NOT RUN         
14:46:37.620 [main] INFO  f.i.s.r.p.i.ProjectInspector - CommitChangedTests....................................NOT RUN         
14:46:37.620 [main] INFO  f.i.s.r.p.i.ProjectInspector - CheckoutPatchedBuildCandidate.........................NOT RUN         
14:46:37.620 [main] INFO  f.i.s.r.p.i.ProjectInspector - BuildProjectPatchedBuildCandidate.....................NOT RUN         
14:46:37.620 [main] INFO  f.i.s.r.p.i.ProjectInspector - TestProjectPatchedBuildCandidate......................NOT RUN         
14:46:37.620 [main] INFO  f.i.s.r.p.i.ProjectInspector - GatherTestInformationPatchedBuildCandidate............NOT RUN         
14:46:37.620 [main] INFO  f.i.s.r.p.i.ProjectInspector - CommitPatch...........................................NOT RUN         
14:46:37.621 [main] INFO  f.i.s.r.p.i.ProjectInspector - WritePropertyFile.....................................NOT RUN         
14:46:37.621 [main] INFO  f.i.s.r.p.i.ProjectInspector - CommitProcessEnd......................................NOT RUN         
14:46:37.621 [main] INFO  f.i.s.r.p.i.ProjectInspector - PushProcessEnd........................................NOT RUN         
14:46:37.621 [main] INFO  f.i.s.r.p.i.ProjectInspector - ----------------------------------------------------------------------
14:46:37.621 [main] INFO  f.i.s.r.p.i.ProjectInspector - PIPELINE FINDING: BUILDNOTCHECKEDOUT
14:46:37.621 [main] INFO  f.i.s.r.p.i.ProjectInspector - ----------------------------------------------------------------------
14:46:37.621 [main] INFO  f.i.s.repairnator.pipeline.Launcher - Inspector is finished. The process will exit now.
