18:43:21.251 [main] INFO  f.i.s.repairnator.pipeline.Launcher - PIPELINE VERSION: 3.0-2018-08-09 19:04
18:43:21.402 [main] INFO  f.i.s.repairnator.pipeline.Launcher - The pipeline will try to reproduce a bug from build 371799241 and its corresponding patch from build 371831153
18:43:21.402 [main] INFO  f.i.s.repairnator.pipeline.Launcher - Initialize file serializer engines.
18:43:21.404 [main] INFO  f.i.s.repairnator.pipeline.Launcher - MongoDB won't be used for serialization.
18:43:21.404 [main] INFO  f.i.s.repairnator.pipeline.Launcher - The email notifier engine won't be used.
18:43:21.407 [main] INFO  f.i.s.repairnator.pipeline.Launcher - Start by getting the build (buildId: 371799241) with the following config: RepairnatorConfig{runId='7f781b86-edd9-4c2c-8d35-0759e20819d2_04-18-week4-PASSING_AND_PASSING', launcherMode=BEARS, serializeJson=true, inputPath='null', outputPath='/var/log', mongodbHost='null', mongodbName='repairnator', smtpServer='null', notifyTo=[], notifyEndProcess=false, push=true, pushRemoteRepo='https://github.com/fermadeiral/bears-collection-pp', fork=false, lookFromDate=null, lookToDate=null, buildId=371799241, z3solverPath='./z3_for_linux', workspacePath='./workspace', githubToken='c8a341a903[...]', dockerImageName='null', skipDelete=false, createOutputDir=false, logDirectory='null', nbThreads=0, globalTimeout=0, whiteList=null, blackList=null, jobSleepTime=0, buildSleepTime=0, maxInspectedBuilds=0, duration=null, humanPatch=false, repository='null', clean=true, bearsMode=BOTH, bearsDelimiter = false, repairTools=NopolAllTests,NPEFix,AssertFixer,AstorJGenProg,AstorJKali,NopolSingleTest,AstorJMut,NopolTestExclusionStrategy, githubUserName= fermadeiral, githubUserEmail=fer.madeiral@gmail.com}
18:43:22.609 [main] DEBUG fr.inria.jtravis.helpers.BuildHelper - Get request to :https://api.travis-ci.org/build/371799241 done after 808 ms
18:43:22.907 [main] DEBUG fr.inria.jtravis.helpers.BuildHelper - Get request to :https://api.travis-ci.org/build/371831153 done after 143 ms
18:43:22.933 [main] INFO  f.i.s.repairnator.pipeline.Launcher - The patched build (371831153) was successfully retrieved from Travis.
18:43:24.229 [main] INFO  fr.inria.jtravis.JTravis - GitHub ratelimit: Limit: 5000 Remaining: 4299 Reset hour: 19:42:47
18:43:24.487 [main] INFO  f.i.s.r.p.i.ProjectInspector - ----------------------------------------------------------------------
18:43:24.488 [main] INFO  f.i.s.r.p.i.ProjectInspector - PIPELINE STEPS
18:43:24.488 [main] INFO  f.i.s.r.p.i.ProjectInspector - ----------------------------------------------------------------------
18:43:24.488 [main] INFO  f.i.s.r.p.i.ProjectInspector - CloneRepository
18:43:24.488 [main] INFO  f.i.s.r.p.i.ProjectInspector - CheckoutPatchedBuildCandidate
18:43:24.488 [main] INFO  f.i.s.r.p.i.ProjectInspector - ComputeSourceDir
18:43:24.488 [main] INFO  f.i.s.r.p.i.ProjectInspector - ComputeTestDir
18:43:24.489 [main] INFO  f.i.s.r.p.i.ProjectInspector - CheckoutBuggyBuildCandidateSourceCode
18:43:24.489 [main] INFO  f.i.s.r.p.i.ProjectInspector - BuildProjectBuggyBuildCandidateSourceCode
18:43:24.489 [main] INFO  f.i.s.r.p.i.ProjectInspector - TestProjectBuggyBuildCandidateSourceCode
18:43:24.489 [main] INFO  f.i.s.r.p.i.ProjectInspector - GatherTestInformationBuggyBuildCandidateSourceCode
18:43:24.489 [main] INFO  f.i.s.r.p.i.ProjectInspector - CheckoutBuggyBuildTestCode
18:43:24.490 [main] INFO  f.i.s.r.p.i.ProjectInspector - InitRepoToPush
18:43:24.490 [main] INFO  f.i.s.r.p.i.ProjectInspector - ComputeClasspath
18:43:24.490 [main] INFO  f.i.s.r.p.i.ProjectInspector - ComputeModules
18:43:24.490 [main] INFO  f.i.s.r.p.i.ProjectInspector - CheckoutBuggyBuildCandidateSourceCode
18:43:24.490 [main] INFO  f.i.s.r.p.i.ProjectInspector - CommitChangedTests
18:43:24.490 [main] INFO  f.i.s.r.p.i.ProjectInspector - CheckoutPatchedBuildCandidate
18:43:24.490 [main] INFO  f.i.s.r.p.i.ProjectInspector - BuildProjectPatchedBuildCandidate
18:43:24.491 [main] INFO  f.i.s.r.p.i.ProjectInspector - TestProjectPatchedBuildCandidate
18:43:24.491 [main] INFO  f.i.s.r.p.i.ProjectInspector - GatherTestInformationPatchedBuildCandidate
18:43:24.491 [main] INFO  f.i.s.r.p.i.ProjectInspector - CommitPatch
18:43:24.491 [main] INFO  f.i.s.r.p.i.ProjectInspector - WritePropertyFile
18:43:24.491 [main] INFO  f.i.s.r.p.i.ProjectInspector - CommitProcessEnd
18:43:24.491 [main] INFO  f.i.s.r.p.i.ProjectInspector - PushProcessEnd
18:43:24.492 [main] DEBUG f.i.s.r.process.step.CloneRepository - ----------------------------------------------------------------------
18:43:24.492 [main] DEBUG f.i.s.r.process.step.CloneRepository - STEP 1/22: CloneRepository
18:43:24.492 [main] DEBUG f.i.s.r.process.step.CloneRepository - ----------------------------------------------------------------------
18:43:24.493 [main] DEBUG f.i.s.r.process.step.CloneRepository - Cloning repository runelite/runelite in the following directory: ./workspace/runelite/runelite/371799241
18:43:35.845 [main] DEBUG f.i.s.r.process.step.CloneRepository - STEP STATUS: [ CloneRepository : SUCCESS ]
18:43:35.846 [main] DEBUG f.i.s.r.process.step.CloneRepository - STEP DURATION: 11s
18:43:35.846 [main] DEBUG f.i.s.r.process.step.CloneRepository - EXECUTE NEXT STEP
18:43:35.847 [main] DEBUG f.i.s.r.p.s.c.CheckoutPatchedBuild - ----------------------------------------------------------------------
18:43:35.847 [main] DEBUG f.i.s.r.p.s.c.CheckoutPatchedBuild - STEP 2/22: CheckoutPatchedBuildCandidate
18:43:35.847 [main] DEBUG f.i.s.r.p.s.c.CheckoutPatchedBuild - ----------------------------------------------------------------------
18:43:35.847 [main] DEBUG f.i.s.r.p.s.c.CheckoutPatchedBuild - Checking out patched build candidate...
18:43:36.191 [main] INFO  fr.inria.jtravis.JTravis - GitHub ratelimit: Limit: 5000 Remaining: 4296 Reset hour: 19:42:47
18:43:37.700 [main] DEBUG f.i.s.r.p.s.c.CheckoutPatchedBuild - Reproduce the PR for runelite/runelite by fetching remote branch and merging.
18:43:49.085 [main] ERROR f.i.s.r.p.s.c.CheckoutPatchedBuild - Error while testing commit: org.eclipse.jgit.errors.MissingObjectException: Missing unknown 0844678eabc17ea7ce8c20d170821b6b7cf9d46e
18:43:49.086 [main] ERROR f.i.s.r.p.s.c.CheckoutPatchedBuild - Commit head ref cannot be retrieved from the repository: 0844678eabc17ea7ce8c20d170821b6b7cf9d46e. Operation aborted.
18:43:49.087 [main] ERROR f.i.s.r.p.s.c.CheckoutPatchedBuild - Error while merging two commits to reproduce the PR.
18:43:49.088 [main] DEBUG f.i.s.r.p.s.c.CheckoutPatchedBuild - STEP STATUS: [ CheckoutPatchedBuildCandidate : FAILURE ( BUILDNOTCHECKEDOUT ) ]
18:43:49.088 [main] DEBUG f.i.s.r.p.s.c.CheckoutPatchedBuild - STEP DURATION: 13s
18:43:49.088 [main] DEBUG f.i.s.r.p.s.c.CheckoutPatchedBuild - TERMINATE PIPELINE
18:43:49.088 [main] DEBUG f.i.s.r.p.s.c.CheckoutPatchedBuild - FINAL STEPS SKIPPED: The reproduction of the bug and/or the patch failed.
18:43:49.089 [main] INFO  f.i.s.r.p.s.c.CheckoutPatchedBuild - Serialize all data for the pair of builds 371799241, 371831153
18:43:49.390 [main] INFO  fr.inria.jtravis.JTravis - GitHub ratelimit: Limit: 5000 Remaining: 4282 Reset hour: 19:42:47
18:43:50.221 [main] INFO  f.i.s.r.p.i.ProjectInspector - ----------------------------------------------------------------------
18:43:50.222 [main] INFO  f.i.s.r.p.i.ProjectInspector - PIPELINE EXECUTION SUMMARY
18:43:50.222 [main] INFO  f.i.s.r.p.i.ProjectInspector - ----------------------------------------------------------------------
18:43:50.222 [main] INFO  f.i.s.r.p.i.ProjectInspector - CloneRepository.......................................SUCCESS [ 11 s ]
18:43:50.223 [main] INFO  f.i.s.r.p.i.ProjectInspector - CheckoutPatchedBuildCandidate.........................FAILURE [ 13 s ]
18:43:50.223 [main] INFO  f.i.s.r.p.i.ProjectInspector - ComputeSourceDir......................................NOT RUN         
18:43:50.223 [main] INFO  f.i.s.r.p.i.ProjectInspector - ComputeTestDir........................................NOT RUN         
18:43:50.225 [main] INFO  f.i.s.r.p.i.ProjectInspector - CheckoutBuggyBuildCandidateSourceCode.................NOT RUN         
18:43:50.225 [main] INFO  f.i.s.r.p.i.ProjectInspector - BuildProjectBuggyBuildCandidateSourceCode.............NOT RUN         
18:43:50.225 [main] INFO  f.i.s.r.p.i.ProjectInspector - TestProjectBuggyBuildCandidateSourceCode..............NOT RUN         
18:43:50.234 [main] INFO  f.i.s.r.p.i.ProjectInspector - GatherTestInformationBuggyBuildCandidateSourceCode....NOT RUN         
18:43:50.234 [main] INFO  f.i.s.r.p.i.ProjectInspector - CheckoutBuggyBuildTestCode............................NOT RUN         
18:43:50.235 [main] INFO  f.i.s.r.p.i.ProjectInspector - InitRepoToPush........................................NOT RUN         
18:43:50.235 [main] INFO  f.i.s.r.p.i.ProjectInspector - ComputeClasspath......................................NOT RUN         
18:43:50.235 [main] INFO  f.i.s.r.p.i.ProjectInspector - ComputeModules........................................NOT RUN         
18:43:50.235 [main] INFO  f.i.s.r.p.i.ProjectInspector - CheckoutBuggyBuildCandidateSourceCode.................NOT RUN         
18:43:50.236 [main] INFO  f.i.s.r.p.i.ProjectInspector - CommitChangedTests....................................NOT RUN         
18:43:50.236 [main] INFO  f.i.s.r.p.i.ProjectInspector - CheckoutPatchedBuildCandidate.........................NOT RUN         
18:43:50.236 [main] INFO  f.i.s.r.p.i.ProjectInspector - BuildProjectPatchedBuildCandidate.....................NOT RUN         
18:43:50.236 [main] INFO  f.i.s.r.p.i.ProjectInspector - TestProjectPatchedBuildCandidate......................NOT RUN         
18:43:50.236 [main] INFO  f.i.s.r.p.i.ProjectInspector - GatherTestInformationPatchedBuildCandidate............NOT RUN         
18:43:50.237 [main] INFO  f.i.s.r.p.i.ProjectInspector - CommitPatch...........................................NOT RUN         
18:43:50.237 [main] INFO  f.i.s.r.p.i.ProjectInspector - WritePropertyFile.....................................NOT RUN         
18:43:50.237 [main] INFO  f.i.s.r.p.i.ProjectInspector - CommitProcessEnd......................................NOT RUN         
18:43:50.237 [main] INFO  f.i.s.r.p.i.ProjectInspector - PushProcessEnd........................................NOT RUN         
18:43:50.237 [main] INFO  f.i.s.r.p.i.ProjectInspector - ----------------------------------------------------------------------
18:43:50.238 [main] INFO  f.i.s.r.p.i.ProjectInspector - PIPELINE FINDING: BUILDNOTCHECKEDOUT
18:43:50.238 [main] INFO  f.i.s.r.p.i.ProjectInspector - ----------------------------------------------------------------------
18:43:50.238 [main] INFO  f.i.s.repairnator.pipeline.Launcher - Inspector is finished. The process will exit now.
