23:22:59.026 [main] INFO  f.i.s.repairnator.pipeline.Launcher - PIPELINE VERSION: 3.0-2018-08-09 19:04
23:22:59.164 [main] INFO  f.i.s.repairnator.pipeline.Launcher - The pipeline will try to reproduce a bug from build 353182842 and its corresponding patch from build 370626210
23:22:59.164 [main] INFO  f.i.s.repairnator.pipeline.Launcher - Initialize file serializer engines.
23:22:59.166 [main] INFO  f.i.s.repairnator.pipeline.Launcher - MongoDB won't be used for serialization.
23:22:59.166 [main] INFO  f.i.s.repairnator.pipeline.Launcher - The email notifier engine won't be used.
23:22:59.169 [main] INFO  f.i.s.repairnator.pipeline.Launcher - Start by getting the build (buildId: 353182842) with the following config: RepairnatorConfig{runId='7f781b86-edd9-4c2c-8d35-0759e20819d2_04-18-week4-PASSING_AND_PASSING', launcherMode=BEARS, serializeJson=true, inputPath='null', outputPath='/var/log', mongodbHost='null', mongodbName='repairnator', smtpServer='null', notifyTo=[], notifyEndProcess=false, push=true, pushRemoteRepo='https://github.com/fermadeiral/bears-collection-pp', fork=false, lookFromDate=null, lookToDate=null, buildId=353182842, z3solverPath='./z3_for_linux', workspacePath='./workspace', githubToken='c8a341a903[...]', dockerImageName='null', skipDelete=false, createOutputDir=false, logDirectory='null', nbThreads=0, globalTimeout=0, whiteList=null, blackList=null, jobSleepTime=0, buildSleepTime=0, maxInspectedBuilds=0, duration=null, humanPatch=false, repository='null', clean=true, bearsMode=BOTH, bearsDelimiter = false, repairTools=NopolAllTests,NPEFix,AssertFixer,AstorJGenProg,AstorJKali,NopolSingleTest,AstorJMut,NopolTestExclusionStrategy, githubUserName= fermadeiral, githubUserEmail=fer.madeiral@gmail.com}
23:23:00.763 [main] DEBUG fr.inria.jtravis.helpers.BuildHelper - Get request to :https://api.travis-ci.org/build/353182842 done after 1081 ms
23:23:01.020 [main] DEBUG fr.inria.jtravis.helpers.BuildHelper - Get request to :https://api.travis-ci.org/build/370626210 done after 136 ms
23:23:01.046 [main] INFO  f.i.s.repairnator.pipeline.Launcher - The patched build (370626210) was successfully retrieved from Travis.
23:23:02.326 [main] INFO  fr.inria.jtravis.JTravis - GitHub ratelimit: Limit: 5000 Remaining: 4971 Reset hour: 19:43:05
23:23:02.768 [main] INFO  f.i.s.r.p.i.ProjectInspector - ----------------------------------------------------------------------
23:23:02.769 [main] INFO  f.i.s.r.p.i.ProjectInspector - PIPELINE STEPS
23:23:02.770 [main] INFO  f.i.s.r.p.i.ProjectInspector - ----------------------------------------------------------------------
23:23:02.770 [main] INFO  f.i.s.r.p.i.ProjectInspector - CloneRepository
23:23:02.771 [main] INFO  f.i.s.r.p.i.ProjectInspector - CheckoutPatchedBuildCandidate
23:23:02.771 [main] INFO  f.i.s.r.p.i.ProjectInspector - ComputeSourceDir
23:23:02.771 [main] INFO  f.i.s.r.p.i.ProjectInspector - ComputeTestDir
23:23:02.772 [main] INFO  f.i.s.r.p.i.ProjectInspector - CheckoutBuggyBuildCandidateSourceCode
23:23:02.772 [main] INFO  f.i.s.r.p.i.ProjectInspector - BuildProjectBuggyBuildCandidateSourceCode
23:23:02.773 [main] INFO  f.i.s.r.p.i.ProjectInspector - TestProjectBuggyBuildCandidateSourceCode
23:23:02.773 [main] INFO  f.i.s.r.p.i.ProjectInspector - GatherTestInformationBuggyBuildCandidateSourceCode
23:23:02.774 [main] INFO  f.i.s.r.p.i.ProjectInspector - CheckoutBuggyBuildTestCode
23:23:02.774 [main] INFO  f.i.s.r.p.i.ProjectInspector - InitRepoToPush
23:23:02.774 [main] INFO  f.i.s.r.p.i.ProjectInspector - ComputeClasspath
23:23:02.775 [main] INFO  f.i.s.r.p.i.ProjectInspector - ComputeModules
23:23:02.775 [main] INFO  f.i.s.r.p.i.ProjectInspector - CheckoutBuggyBuildCandidateSourceCode
23:23:02.776 [main] INFO  f.i.s.r.p.i.ProjectInspector - CommitChangedTests
23:23:02.776 [main] INFO  f.i.s.r.p.i.ProjectInspector - CheckoutPatchedBuildCandidate
23:23:02.777 [main] INFO  f.i.s.r.p.i.ProjectInspector - BuildProjectPatchedBuildCandidate
23:23:02.777 [main] INFO  f.i.s.r.p.i.ProjectInspector - TestProjectPatchedBuildCandidate
23:23:02.777 [main] INFO  f.i.s.r.p.i.ProjectInspector - GatherTestInformationPatchedBuildCandidate
23:23:02.778 [main] INFO  f.i.s.r.p.i.ProjectInspector - CommitPatch
23:23:02.778 [main] INFO  f.i.s.r.p.i.ProjectInspector - WritePropertyFile
23:23:02.779 [main] INFO  f.i.s.r.p.i.ProjectInspector - CommitProcessEnd
23:23:02.787 [main] INFO  f.i.s.r.p.i.ProjectInspector - PushProcessEnd
23:23:02.788 [main] DEBUG f.i.s.r.process.step.CloneRepository - ----------------------------------------------------------------------
23:23:02.789 [main] DEBUG f.i.s.r.process.step.CloneRepository - STEP 1/22: CloneRepository
23:23:02.789 [main] DEBUG f.i.s.r.process.step.CloneRepository - ----------------------------------------------------------------------
23:23:02.790 [main] DEBUG f.i.s.r.process.step.CloneRepository - Cloning repository apache/incubator-dubbo in the following directory: ./workspace/apache/incubator-dubbo/353182842
23:23:12.671 [main] DEBUG f.i.s.r.process.step.CloneRepository - STEP STATUS: [ CloneRepository : SUCCESS ]
23:23:12.671 [main] DEBUG f.i.s.r.process.step.CloneRepository - STEP DURATION: 9s
23:23:12.671 [main] DEBUG f.i.s.r.process.step.CloneRepository - EXECUTE NEXT STEP
23:23:12.672 [main] DEBUG f.i.s.r.p.s.c.CheckoutPatchedBuild - ----------------------------------------------------------------------
23:23:12.672 [main] DEBUG f.i.s.r.p.s.c.CheckoutPatchedBuild - STEP 2/22: CheckoutPatchedBuildCandidate
23:23:12.672 [main] DEBUG f.i.s.r.p.s.c.CheckoutPatchedBuild - ----------------------------------------------------------------------
23:23:12.672 [main] DEBUG f.i.s.r.p.s.c.CheckoutPatchedBuild - Checking out patched build candidate...
23:23:13.023 [main] INFO  fr.inria.jtravis.JTravis - GitHub ratelimit: Limit: 5000 Remaining: 4970 Reset hour: 19:43:05
23:23:14.875 [main] DEBUG f.i.s.r.p.s.c.CheckoutPatchedBuild - Reproduce the PR for apache/incubator-dubbo by fetching remote branch and merging.
23:23:16.158 [main] ERROR f.i.s.r.p.s.c.CheckoutPatchedBuild - Error while testing commit: org.eclipse.jgit.errors.MissingObjectException: Missing unknown b2d643a181d93c1abfb7d402d9f720287ffdffee
23:23:16.159 [main] ERROR f.i.s.r.p.s.c.CheckoutPatchedBuild - Commit head ref cannot be retrieved from the repository: b2d643a181d93c1abfb7d402d9f720287ffdffee. Operation aborted.
23:23:16.160 [main] ERROR f.i.s.r.p.s.c.CheckoutPatchedBuild - Error while merging two commits to reproduce the PR.
23:23:16.161 [main] DEBUG f.i.s.r.p.s.c.CheckoutPatchedBuild - STEP STATUS: [ CheckoutPatchedBuildCandidate : FAILURE ( BUILDNOTCHECKEDOUT ) ]
23:23:16.161 [main] DEBUG f.i.s.r.p.s.c.CheckoutPatchedBuild - STEP DURATION: 3s
23:23:16.162 [main] DEBUG f.i.s.r.p.s.c.CheckoutPatchedBuild - TERMINATE PIPELINE
23:23:16.162 [main] DEBUG f.i.s.r.p.s.c.CheckoutPatchedBuild - FINAL STEPS SKIPPED: The reproduction of the bug and/or the patch failed.
23:23:16.162 [main] INFO  f.i.s.r.p.s.c.CheckoutPatchedBuild - Serialize all data for the pair of builds 353182842, 370626210
23:23:16.282 [main] INFO  fr.inria.jtravis.JTravis - GitHub ratelimit: Limit: 5000 Remaining: 4963 Reset hour: 19:43:05
23:23:16.947 [main] INFO  f.i.s.r.p.i.ProjectInspector - ----------------------------------------------------------------------
23:23:16.948 [main] INFO  f.i.s.r.p.i.ProjectInspector - PIPELINE EXECUTION SUMMARY
23:23:16.948 [main] INFO  f.i.s.r.p.i.ProjectInspector - ----------------------------------------------------------------------
23:23:16.948 [main] INFO  f.i.s.r.p.i.ProjectInspector - CloneRepository........................................SUCCESS [ 9 s ]
23:23:16.948 [main] INFO  f.i.s.r.p.i.ProjectInspector - CheckoutPatchedBuildCandidate..........................FAILURE [ 3 s ]
23:23:16.948 [main] INFO  f.i.s.r.p.i.ProjectInspector - ComputeSourceDir.......................................NOT RUN        
23:23:16.949 [main] INFO  f.i.s.r.p.i.ProjectInspector - ComputeTestDir.........................................NOT RUN        
23:23:16.949 [main] INFO  f.i.s.r.p.i.ProjectInspector - CheckoutBuggyBuildCandidateSourceCode..................NOT RUN        
23:23:16.949 [main] INFO  f.i.s.r.p.i.ProjectInspector - BuildProjectBuggyBuildCandidateSourceCode..............NOT RUN        
23:23:16.949 [main] INFO  f.i.s.r.p.i.ProjectInspector - TestProjectBuggyBuildCandidateSourceCode...............NOT RUN        
23:23:16.949 [main] INFO  f.i.s.r.p.i.ProjectInspector - GatherTestInformationBuggyBuildCandidateSourceCode.....NOT RUN        
23:23:16.949 [main] INFO  f.i.s.r.p.i.ProjectInspector - CheckoutBuggyBuildTestCode.............................NOT RUN        
23:23:16.949 [main] INFO  f.i.s.r.p.i.ProjectInspector - InitRepoToPush.........................................NOT RUN        
23:23:16.949 [main] INFO  f.i.s.r.p.i.ProjectInspector - ComputeClasspath.......................................NOT RUN        
23:23:16.950 [main] INFO  f.i.s.r.p.i.ProjectInspector - ComputeModules.........................................NOT RUN        
23:23:16.950 [main] INFO  f.i.s.r.p.i.ProjectInspector - CheckoutBuggyBuildCandidateSourceCode..................NOT RUN        
23:23:16.950 [main] INFO  f.i.s.r.p.i.ProjectInspector - CommitChangedTests.....................................NOT RUN        
23:23:16.950 [main] INFO  f.i.s.r.p.i.ProjectInspector - CheckoutPatchedBuildCandidate..........................NOT RUN        
23:23:16.950 [main] INFO  f.i.s.r.p.i.ProjectInspector - BuildProjectPatchedBuildCandidate......................NOT RUN        
23:23:16.950 [main] INFO  f.i.s.r.p.i.ProjectInspector - TestProjectPatchedBuildCandidate.......................NOT RUN        
23:23:16.950 [main] INFO  f.i.s.r.p.i.ProjectInspector - GatherTestInformationPatchedBuildCandidate.............NOT RUN        
23:23:16.950 [main] INFO  f.i.s.r.p.i.ProjectInspector - CommitPatch............................................NOT RUN        
23:23:16.950 [main] INFO  f.i.s.r.p.i.ProjectInspector - WritePropertyFile......................................NOT RUN        
23:23:16.950 [main] INFO  f.i.s.r.p.i.ProjectInspector - CommitProcessEnd.......................................NOT RUN        
23:23:16.950 [main] INFO  f.i.s.r.p.i.ProjectInspector - PushProcessEnd.........................................NOT RUN        
23:23:16.951 [main] INFO  f.i.s.r.p.i.ProjectInspector - ----------------------------------------------------------------------
23:23:16.951 [main] INFO  f.i.s.r.p.i.ProjectInspector - PIPELINE FINDING: BUILDNOTCHECKEDOUT
23:23:16.951 [main] INFO  f.i.s.r.p.i.ProjectInspector - ----------------------------------------------------------------------
23:23:16.951 [main] INFO  f.i.s.repairnator.pipeline.Launcher - Inspector is finished. The process will exit now.
