18:15:25.334 [main] INFO  f.i.s.repairnator.pipeline.Launcher - PIPELINE VERSION: 3.0-2018-08-09 19:04
18:15:25.588 [main] INFO  f.i.s.repairnator.pipeline.Launcher - The pipeline will try to reproduce a bug from build 370366740 and its corresponding patch from build 370367699
18:15:25.589 [main] INFO  f.i.s.repairnator.pipeline.Launcher - Initialize file serializer engines.
18:15:25.590 [main] INFO  f.i.s.repairnator.pipeline.Launcher - MongoDB won't be used for serialization.
18:15:25.591 [main] INFO  f.i.s.repairnator.pipeline.Launcher - The email notifier engine won't be used.
18:15:25.594 [main] INFO  f.i.s.repairnator.pipeline.Launcher - Start by getting the build (buildId: 370366740) with the following config: RepairnatorConfig{runId='7f781b86-edd9-4c2c-8d35-0759e20819d2_04-18-week4-PASSING_AND_PASSING', launcherMode=BEARS, serializeJson=true, inputPath='null', outputPath='/var/log', mongodbHost='null', mongodbName='repairnator', smtpServer='null', notifyTo=[], notifyEndProcess=false, push=true, pushRemoteRepo='https://github.com/fermadeiral/bears-collection-pp', fork=false, lookFromDate=null, lookToDate=null, buildId=370366740, z3solverPath='./z3_for_linux', workspacePath='./workspace', githubToken='c8a341a903[...]', dockerImageName='null', skipDelete=false, createOutputDir=false, logDirectory='null', nbThreads=0, globalTimeout=0, whiteList=null, blackList=null, jobSleepTime=0, buildSleepTime=0, maxInspectedBuilds=0, duration=null, humanPatch=false, repository='null', clean=true, bearsMode=BOTH, bearsDelimiter = false, repairTools=NopolAllTests,NPEFix,AssertFixer,AstorJGenProg,AstorJKali,NopolSingleTest,AstorJMut,NopolTestExclusionStrategy, githubUserName= fermadeiral, githubUserEmail=fer.madeiral@gmail.com}
18:15:27.018 [main] DEBUG fr.inria.jtravis.helpers.BuildHelper - Get request to :https://api.travis-ci.org/build/370366740 done after 841 ms
18:15:27.305 [main] DEBUG fr.inria.jtravis.helpers.BuildHelper - Get request to :https://api.travis-ci.org/build/370367699 done after 168 ms
18:15:27.319 [main] INFO  f.i.s.repairnator.pipeline.Launcher - The patched build (370367699) was successfully retrieved from Travis.
18:15:28.993 [main] INFO  fr.inria.jtravis.JTravis - GitHub ratelimit: Limit: 5000 Remaining: 4801 Reset hour: 19:42:47
18:15:29.284 [main] INFO  f.i.s.r.p.i.ProjectInspector - ----------------------------------------------------------------------
18:15:29.284 [main] INFO  f.i.s.r.p.i.ProjectInspector - PIPELINE STEPS
18:15:29.284 [main] INFO  f.i.s.r.p.i.ProjectInspector - ----------------------------------------------------------------------
18:15:29.285 [main] INFO  f.i.s.r.p.i.ProjectInspector - CloneRepository
18:15:29.285 [main] INFO  f.i.s.r.p.i.ProjectInspector - CheckoutPatchedBuildCandidate
18:15:29.285 [main] INFO  f.i.s.r.p.i.ProjectInspector - ComputeSourceDir
18:15:29.285 [main] INFO  f.i.s.r.p.i.ProjectInspector - ComputeTestDir
18:15:29.285 [main] INFO  f.i.s.r.p.i.ProjectInspector - CheckoutBuggyBuildCandidateSourceCode
18:15:29.286 [main] INFO  f.i.s.r.p.i.ProjectInspector - BuildProjectBuggyBuildCandidateSourceCode
18:15:29.286 [main] INFO  f.i.s.r.p.i.ProjectInspector - TestProjectBuggyBuildCandidateSourceCode
18:15:29.286 [main] INFO  f.i.s.r.p.i.ProjectInspector - GatherTestInformationBuggyBuildCandidateSourceCode
18:15:29.286 [main] INFO  f.i.s.r.p.i.ProjectInspector - CheckoutBuggyBuildTestCode
18:15:29.286 [main] INFO  f.i.s.r.p.i.ProjectInspector - InitRepoToPush
18:15:29.286 [main] INFO  f.i.s.r.p.i.ProjectInspector - ComputeClasspath
18:15:29.287 [main] INFO  f.i.s.r.p.i.ProjectInspector - ComputeModules
18:15:29.287 [main] INFO  f.i.s.r.p.i.ProjectInspector - CheckoutBuggyBuildCandidateSourceCode
18:15:29.287 [main] INFO  f.i.s.r.p.i.ProjectInspector - CommitChangedTests
18:15:29.287 [main] INFO  f.i.s.r.p.i.ProjectInspector - CheckoutPatchedBuildCandidate
18:15:29.287 [main] INFO  f.i.s.r.p.i.ProjectInspector - BuildProjectPatchedBuildCandidate
18:15:29.287 [main] INFO  f.i.s.r.p.i.ProjectInspector - TestProjectPatchedBuildCandidate
18:15:29.287 [main] INFO  f.i.s.r.p.i.ProjectInspector - GatherTestInformationPatchedBuildCandidate
18:15:29.287 [main] INFO  f.i.s.r.p.i.ProjectInspector - CommitPatch
18:15:29.288 [main] INFO  f.i.s.r.p.i.ProjectInspector - WritePropertyFile
18:15:29.288 [main] INFO  f.i.s.r.p.i.ProjectInspector - CommitProcessEnd
18:15:29.288 [main] INFO  f.i.s.r.p.i.ProjectInspector - PushProcessEnd
18:15:29.288 [main] DEBUG f.i.s.r.process.step.CloneRepository - ----------------------------------------------------------------------
18:15:29.288 [main] DEBUG f.i.s.r.process.step.CloneRepository - STEP 1/22: CloneRepository
18:15:29.289 [main] DEBUG f.i.s.r.process.step.CloneRepository - ----------------------------------------------------------------------
18:15:29.289 [main] DEBUG f.i.s.r.process.step.CloneRepository - Cloning repository batfish/batfish in the following directory: ./workspace/batfish/batfish/370366740
18:16:21.190 [main] DEBUG f.i.s.r.process.step.CloneRepository - STEP STATUS: [ CloneRepository : SUCCESS ]
18:16:21.191 [main] DEBUG f.i.s.r.process.step.CloneRepository - STEP DURATION: 51s
18:16:21.191 [main] DEBUG f.i.s.r.process.step.CloneRepository - EXECUTE NEXT STEP
18:16:21.191 [main] DEBUG f.i.s.r.p.s.c.CheckoutPatchedBuild - ----------------------------------------------------------------------
18:16:21.192 [main] DEBUG f.i.s.r.p.s.c.CheckoutPatchedBuild - STEP 2/22: CheckoutPatchedBuildCandidate
18:16:21.192 [main] DEBUG f.i.s.r.p.s.c.CheckoutPatchedBuild - ----------------------------------------------------------------------
18:16:21.192 [main] DEBUG f.i.s.r.p.s.c.CheckoutPatchedBuild - Checking out patched build candidate...
18:16:21.223 [main] ERROR f.i.s.r.p.s.c.CheckoutPatchedBuild - Error while testing commit: org.eclipse.jgit.errors.MissingObjectException: Missing unknown 673deebfb70a237083117e51d621d75b35c999e4
18:16:21.223 [main] ERROR f.i.s.r.p.s.c.CheckoutPatchedBuild - Error while getting the commit to checkout from the repo.
18:16:21.224 [main] DEBUG f.i.s.r.p.s.c.CheckoutPatchedBuild - STEP STATUS: [ CheckoutPatchedBuildCandidate : FAILURE ( BUILDNOTCHECKEDOUT ) ]
18:16:21.225 [main] DEBUG f.i.s.r.p.s.c.CheckoutPatchedBuild - STEP DURATION: 0s
18:16:21.225 [main] DEBUG f.i.s.r.p.s.c.CheckoutPatchedBuild - TERMINATE PIPELINE
18:16:21.225 [main] DEBUG f.i.s.r.p.s.c.CheckoutPatchedBuild - FINAL STEPS SKIPPED: The reproduction of the bug and/or the patch failed.
18:16:21.226 [main] INFO  f.i.s.r.p.s.c.CheckoutPatchedBuild - Serialize all data for the pair of builds 370366740, 370367699
18:16:21.604 [main] INFO  fr.inria.jtravis.JTravis - GitHub ratelimit: Limit: 5000 Remaining: 4798 Reset hour: 19:42:47
18:16:23.220 [main] INFO  f.i.s.r.p.i.ProjectInspector - ----------------------------------------------------------------------
18:16:23.221 [main] INFO  f.i.s.r.p.i.ProjectInspector - PIPELINE EXECUTION SUMMARY
18:16:23.221 [main] INFO  f.i.s.r.p.i.ProjectInspector - ----------------------------------------------------------------------
18:16:23.221 [main] INFO  f.i.s.r.p.i.ProjectInspector - CloneRepository.......................................SUCCESS [ 51 s ]
18:16:23.221 [main] INFO  f.i.s.r.p.i.ProjectInspector - CheckoutPatchedBuildCandidate.........................FAILURE [  0 s ]
18:16:23.221 [main] INFO  f.i.s.r.p.i.ProjectInspector - ComputeSourceDir......................................NOT RUN         
18:16:23.222 [main] INFO  f.i.s.r.p.i.ProjectInspector - ComputeTestDir........................................NOT RUN         
18:16:23.222 [main] INFO  f.i.s.r.p.i.ProjectInspector - CheckoutBuggyBuildCandidateSourceCode.................NOT RUN         
18:16:23.222 [main] INFO  f.i.s.r.p.i.ProjectInspector - BuildProjectBuggyBuildCandidateSourceCode.............NOT RUN         
18:16:23.222 [main] INFO  f.i.s.r.p.i.ProjectInspector - TestProjectBuggyBuildCandidateSourceCode..............NOT RUN         
18:16:23.222 [main] INFO  f.i.s.r.p.i.ProjectInspector - GatherTestInformationBuggyBuildCandidateSourceCode....NOT RUN         
18:16:23.223 [main] INFO  f.i.s.r.p.i.ProjectInspector - CheckoutBuggyBuildTestCode............................NOT RUN         
18:16:23.223 [main] INFO  f.i.s.r.p.i.ProjectInspector - InitRepoToPush........................................NOT RUN         
18:16:23.223 [main] INFO  f.i.s.r.p.i.ProjectInspector - ComputeClasspath......................................NOT RUN         
18:16:23.223 [main] INFO  f.i.s.r.p.i.ProjectInspector - ComputeModules........................................NOT RUN         
18:16:23.223 [main] INFO  f.i.s.r.p.i.ProjectInspector - CheckoutBuggyBuildCandidateSourceCode.................NOT RUN         
18:16:23.223 [main] INFO  f.i.s.r.p.i.ProjectInspector - CommitChangedTests....................................NOT RUN         
18:16:23.224 [main] INFO  f.i.s.r.p.i.ProjectInspector - CheckoutPatchedBuildCandidate.........................NOT RUN         
18:16:23.224 [main] INFO  f.i.s.r.p.i.ProjectInspector - BuildProjectPatchedBuildCandidate.....................NOT RUN         
18:16:23.224 [main] INFO  f.i.s.r.p.i.ProjectInspector - TestProjectPatchedBuildCandidate......................NOT RUN         
18:16:23.224 [main] INFO  f.i.s.r.p.i.ProjectInspector - GatherTestInformationPatchedBuildCandidate............NOT RUN         
18:16:23.224 [main] INFO  f.i.s.r.p.i.ProjectInspector - CommitPatch...........................................NOT RUN         
18:16:23.224 [main] INFO  f.i.s.r.p.i.ProjectInspector - WritePropertyFile.....................................NOT RUN         
18:16:23.225 [main] INFO  f.i.s.r.p.i.ProjectInspector - CommitProcessEnd......................................NOT RUN         
18:16:23.225 [main] INFO  f.i.s.r.p.i.ProjectInspector - PushProcessEnd........................................NOT RUN         
18:16:23.225 [main] INFO  f.i.s.r.p.i.ProjectInspector - ----------------------------------------------------------------------
18:16:23.225 [main] INFO  f.i.s.r.p.i.ProjectInspector - PIPELINE FINDING: BUILDNOTCHECKEDOUT
18:16:23.225 [main] INFO  f.i.s.r.p.i.ProjectInspector - ----------------------------------------------------------------------
18:16:23.225 [main] INFO  f.i.s.repairnator.pipeline.Launcher - Inspector is finished. The process will exit now.
