18:48:09.657 [main] INFO  f.i.s.repairnator.pipeline.Launcher - PIPELINE VERSION: 3.0-2018-08-09 19:04
18:48:09.902 [main] INFO  f.i.s.repairnator.pipeline.Launcher - The pipeline will try to reproduce a bug from build 368342505 and its corresponding patch from build 369656358
18:48:09.902 [main] INFO  f.i.s.repairnator.pipeline.Launcher - Initialize file serializer engines.
18:48:09.905 [main] INFO  f.i.s.repairnator.pipeline.Launcher - MongoDB won't be used for serialization.
18:48:09.905 [main] INFO  f.i.s.repairnator.pipeline.Launcher - The email notifier engine won't be used.
18:48:09.910 [main] INFO  f.i.s.repairnator.pipeline.Launcher - Start by getting the build (buildId: 368342505) with the following config: RepairnatorConfig{runId='7f781b86-edd9-4c2c-8d35-0759e20819d2_04-18-week4-PASSING_AND_PASSING', launcherMode=BEARS, serializeJson=true, inputPath='null', outputPath='/var/log', mongodbHost='null', mongodbName='repairnator', smtpServer='null', notifyTo=[], notifyEndProcess=false, push=true, pushRemoteRepo='https://github.com/fermadeiral/bears-collection-pp', fork=false, lookFromDate=null, lookToDate=null, buildId=368342505, z3solverPath='./z3_for_linux', workspacePath='./workspace', githubToken='c8a341a903[...]', dockerImageName='null', skipDelete=false, createOutputDir=false, logDirectory='null', nbThreads=0, globalTimeout=0, whiteList=null, blackList=null, jobSleepTime=0, buildSleepTime=0, maxInspectedBuilds=0, duration=null, humanPatch=false, repository='null', clean=true, bearsMode=BOTH, bearsDelimiter = false, repairTools=NopolAllTests,NPEFix,AssertFixer,AstorJGenProg,AstorJKali,NopolSingleTest,AstorJMut,NopolTestExclusionStrategy, githubUserName= fermadeiral, githubUserEmail=fer.madeiral@gmail.com}
18:48:11.617 [main] DEBUG fr.inria.jtravis.helpers.BuildHelper - Get request to :https://api.travis-ci.org/build/368342505 done after 1179 ms
18:48:16.282 [main] DEBUG fr.inria.jtravis.helpers.BuildHelper - Get request to :https://api.travis-ci.org/build/369656358 done after 4519 ms
18:48:16.302 [main] INFO  f.i.s.repairnator.pipeline.Launcher - The patched build (369656358) was successfully retrieved from Travis.
18:48:17.402 [main] INFO  fr.inria.jtravis.JTravis - GitHub ratelimit: Limit: 5000 Remaining: 4047 Reset hour: 19:42:47
18:48:17.631 [main] INFO  f.i.s.r.p.i.ProjectInspector - ----------------------------------------------------------------------
18:48:17.631 [main] INFO  f.i.s.r.p.i.ProjectInspector - PIPELINE STEPS
18:48:17.631 [main] INFO  f.i.s.r.p.i.ProjectInspector - ----------------------------------------------------------------------
18:48:17.631 [main] INFO  f.i.s.r.p.i.ProjectInspector - CloneRepository
18:48:17.632 [main] INFO  f.i.s.r.p.i.ProjectInspector - CheckoutPatchedBuildCandidate
18:48:17.632 [main] INFO  f.i.s.r.p.i.ProjectInspector - ComputeSourceDir
18:48:17.632 [main] INFO  f.i.s.r.p.i.ProjectInspector - ComputeTestDir
18:48:17.632 [main] INFO  f.i.s.r.p.i.ProjectInspector - CheckoutBuggyBuildCandidateSourceCode
18:48:17.632 [main] INFO  f.i.s.r.p.i.ProjectInspector - BuildProjectBuggyBuildCandidateSourceCode
18:48:17.632 [main] INFO  f.i.s.r.p.i.ProjectInspector - TestProjectBuggyBuildCandidateSourceCode
18:48:17.632 [main] INFO  f.i.s.r.p.i.ProjectInspector - GatherTestInformationBuggyBuildCandidateSourceCode
18:48:17.633 [main] INFO  f.i.s.r.p.i.ProjectInspector - CheckoutBuggyBuildTestCode
18:48:17.633 [main] INFO  f.i.s.r.p.i.ProjectInspector - InitRepoToPush
18:48:17.633 [main] INFO  f.i.s.r.p.i.ProjectInspector - ComputeClasspath
18:48:17.633 [main] INFO  f.i.s.r.p.i.ProjectInspector - ComputeModules
18:48:17.633 [main] INFO  f.i.s.r.p.i.ProjectInspector - CheckoutBuggyBuildCandidateSourceCode
18:48:17.633 [main] INFO  f.i.s.r.p.i.ProjectInspector - CommitChangedTests
18:48:17.634 [main] INFO  f.i.s.r.p.i.ProjectInspector - CheckoutPatchedBuildCandidate
18:48:17.634 [main] INFO  f.i.s.r.p.i.ProjectInspector - BuildProjectPatchedBuildCandidate
18:48:17.634 [main] INFO  f.i.s.r.p.i.ProjectInspector - TestProjectPatchedBuildCandidate
18:48:17.634 [main] INFO  f.i.s.r.p.i.ProjectInspector - GatherTestInformationPatchedBuildCandidate
18:48:17.634 [main] INFO  f.i.s.r.p.i.ProjectInspector - CommitPatch
18:48:17.635 [main] INFO  f.i.s.r.p.i.ProjectInspector - WritePropertyFile
18:48:17.635 [main] INFO  f.i.s.r.p.i.ProjectInspector - CommitProcessEnd
18:48:17.635 [main] INFO  f.i.s.r.p.i.ProjectInspector - PushProcessEnd
18:48:17.635 [main] DEBUG f.i.s.r.process.step.CloneRepository - ----------------------------------------------------------------------
18:48:17.635 [main] DEBUG f.i.s.r.process.step.CloneRepository - STEP 1/22: CloneRepository
18:48:17.636 [main] DEBUG f.i.s.r.process.step.CloneRepository - ----------------------------------------------------------------------
18:48:17.637 [main] DEBUG f.i.s.r.process.step.CloneRepository - Cloning repository runelite/runelite in the following directory: ./workspace/runelite/runelite/368342505
18:48:30.040 [main] DEBUG f.i.s.r.process.step.CloneRepository - STEP STATUS: [ CloneRepository : SUCCESS ]
18:48:30.040 [main] DEBUG f.i.s.r.process.step.CloneRepository - STEP DURATION: 12s
18:48:30.041 [main] DEBUG f.i.s.r.process.step.CloneRepository - EXECUTE NEXT STEP
18:48:30.041 [main] DEBUG f.i.s.r.p.s.c.CheckoutPatchedBuild - ----------------------------------------------------------------------
18:48:30.041 [main] DEBUG f.i.s.r.p.s.c.CheckoutPatchedBuild - STEP 2/22: CheckoutPatchedBuildCandidate
18:48:30.041 [main] DEBUG f.i.s.r.p.s.c.CheckoutPatchedBuild - ----------------------------------------------------------------------
18:48:30.041 [main] DEBUG f.i.s.r.p.s.c.CheckoutPatchedBuild - Checking out patched build candidate...
18:48:30.366 [main] INFO  fr.inria.jtravis.JTravis - GitHub ratelimit: Limit: 5000 Remaining: 4023 Reset hour: 19:42:47
18:48:30.771 [main] WARN  f.i.j.helpers.PullRequestHelper - The head repository is null: maybe it has been deleted from GitHub
18:48:30.772 [main] ERROR f.i.s.r.p.s.c.CheckoutPatchedBuild - Error while getting PR information.
18:48:30.773 [main] DEBUG f.i.s.r.p.s.c.CheckoutPatchedBuild - STEP STATUS: [ CheckoutPatchedBuildCandidate : FAILURE ( BUILDNOTCHECKEDOUT ) ]
18:48:30.773 [main] DEBUG f.i.s.r.p.s.c.CheckoutPatchedBuild - STEP DURATION: 0s
18:48:30.773 [main] DEBUG f.i.s.r.p.s.c.CheckoutPatchedBuild - TERMINATE PIPELINE
18:48:30.773 [main] DEBUG f.i.s.r.p.s.c.CheckoutPatchedBuild - FINAL STEPS SKIPPED: The reproduction of the bug and/or the patch failed.
18:48:30.774 [main] INFO  f.i.s.r.p.s.c.CheckoutPatchedBuild - Serialize all data for the pair of builds 368342505, 369656358
18:48:30.891 [main] INFO  fr.inria.jtravis.JTravis - GitHub ratelimit: Limit: 5000 Remaining: 4019 Reset hour: 19:42:47
18:48:31.607 [main] INFO  f.i.s.r.p.i.ProjectInspector - ----------------------------------------------------------------------
18:48:31.608 [main] INFO  f.i.s.r.p.i.ProjectInspector - PIPELINE EXECUTION SUMMARY
18:48:31.608 [main] INFO  f.i.s.r.p.i.ProjectInspector - ----------------------------------------------------------------------
18:48:31.608 [main] INFO  f.i.s.r.p.i.ProjectInspector - CloneRepository.......................................SUCCESS [ 12 s ]
18:48:31.608 [main] INFO  f.i.s.r.p.i.ProjectInspector - CheckoutPatchedBuildCandidate.........................FAILURE [  0 s ]
18:48:31.609 [main] INFO  f.i.s.r.p.i.ProjectInspector - ComputeSourceDir......................................NOT RUN         
18:48:31.609 [main] INFO  f.i.s.r.p.i.ProjectInspector - ComputeTestDir........................................NOT RUN         
18:48:31.609 [main] INFO  f.i.s.r.p.i.ProjectInspector - CheckoutBuggyBuildCandidateSourceCode.................NOT RUN         
18:48:31.609 [main] INFO  f.i.s.r.p.i.ProjectInspector - BuildProjectBuggyBuildCandidateSourceCode.............NOT RUN         
18:48:31.609 [main] INFO  f.i.s.r.p.i.ProjectInspector - TestProjectBuggyBuildCandidateSourceCode..............NOT RUN         
18:48:31.609 [main] INFO  f.i.s.r.p.i.ProjectInspector - GatherTestInformationBuggyBuildCandidateSourceCode....NOT RUN         
18:48:31.609 [main] INFO  f.i.s.r.p.i.ProjectInspector - CheckoutBuggyBuildTestCode............................NOT RUN         
18:48:31.609 [main] INFO  f.i.s.r.p.i.ProjectInspector - InitRepoToPush........................................NOT RUN         
18:48:31.610 [main] INFO  f.i.s.r.p.i.ProjectInspector - ComputeClasspath......................................NOT RUN         
18:48:31.610 [main] INFO  f.i.s.r.p.i.ProjectInspector - ComputeModules........................................NOT RUN         
18:48:31.610 [main] INFO  f.i.s.r.p.i.ProjectInspector - CheckoutBuggyBuildCandidateSourceCode.................NOT RUN         
18:48:31.610 [main] INFO  f.i.s.r.p.i.ProjectInspector - CommitChangedTests....................................NOT RUN         
18:48:31.611 [main] INFO  f.i.s.r.p.i.ProjectInspector - CheckoutPatchedBuildCandidate.........................NOT RUN         
18:48:31.611 [main] INFO  f.i.s.r.p.i.ProjectInspector - BuildProjectPatchedBuildCandidate.....................NOT RUN         
18:48:31.611 [main] INFO  f.i.s.r.p.i.ProjectInspector - TestProjectPatchedBuildCandidate......................NOT RUN         
18:48:31.611 [main] INFO  f.i.s.r.p.i.ProjectInspector - GatherTestInformationPatchedBuildCandidate............NOT RUN         
18:48:31.611 [main] INFO  f.i.s.r.p.i.ProjectInspector - CommitPatch...........................................NOT RUN         
18:48:31.611 [main] INFO  f.i.s.r.p.i.ProjectInspector - WritePropertyFile.....................................NOT RUN         
18:48:31.611 [main] INFO  f.i.s.r.p.i.ProjectInspector - CommitProcessEnd......................................NOT RUN         
18:48:31.612 [main] INFO  f.i.s.r.p.i.ProjectInspector - PushProcessEnd........................................NOT RUN         
18:48:31.612 [main] INFO  f.i.s.r.p.i.ProjectInspector - ----------------------------------------------------------------------
18:48:31.612 [main] INFO  f.i.s.r.p.i.ProjectInspector - PIPELINE FINDING: BUILDNOTCHECKEDOUT
18:48:31.612 [main] INFO  f.i.s.r.p.i.ProjectInspector - ----------------------------------------------------------------------
18:48:31.612 [main] INFO  f.i.s.repairnator.pipeline.Launcher - Inspector is finished. The process will exit now.
