14:54:42.376 [main] INFO  f.i.s.repairnator.pipeline.Launcher - PIPELINE VERSION: 3.0-2018-08-09 19:04
14:54:42.519 [main] INFO  f.i.s.repairnator.pipeline.Launcher - The pipeline will try to reproduce a bug from build 371340700 and its corresponding patch from build 371387529
14:54:42.519 [main] INFO  f.i.s.repairnator.pipeline.Launcher - Initialize file serializer engines.
14:54:42.521 [main] INFO  f.i.s.repairnator.pipeline.Launcher - MongoDB won't be used for serialization.
14:54:42.522 [main] INFO  f.i.s.repairnator.pipeline.Launcher - The email notifier engine won't be used.
14:54:42.526 [main] INFO  f.i.s.repairnator.pipeline.Launcher - Start by getting the build (buildId: 371340700) with the following config: RepairnatorConfig{runId='7f781b86-edd9-4c2c-8d35-0759e20819d2_04-18-week4-PASSING_AND_PASSING', launcherMode=BEARS, serializeJson=true, inputPath='null', outputPath='/var/log', mongodbHost='null', mongodbName='repairnator', smtpServer='null', notifyTo=[], notifyEndProcess=false, push=true, pushRemoteRepo='https://github.com/fermadeiral/bears-collection-pp', fork=false, lookFromDate=null, lookToDate=null, buildId=371340700, z3solverPath='./z3_for_linux', workspacePath='./workspace', githubToken='c8a341a903[...]', dockerImageName='null', skipDelete=false, createOutputDir=false, logDirectory='null', nbThreads=0, globalTimeout=0, whiteList=null, blackList=null, jobSleepTime=0, buildSleepTime=0, maxInspectedBuilds=0, duration=null, humanPatch=false, repository='null', clean=true, bearsMode=BOTH, bearsDelimiter = false, repairTools=NopolAllTests,NPEFix,AssertFixer,AstorJGenProg,AstorJKali,NopolSingleTest,AstorJMut,NopolTestExclusionStrategy, githubUserName= fermadeiral, githubUserEmail=fer.madeiral@gmail.com}
14:54:43.753 [main] DEBUG fr.inria.jtravis.helpers.BuildHelper - Get request to :https://api.travis-ci.org/build/371340700 done after 791 ms
14:54:44.008 [main] DEBUG fr.inria.jtravis.helpers.BuildHelper - Get request to :https://api.travis-ci.org/build/371387529 done after 132 ms
14:54:44.025 [main] INFO  f.i.s.repairnator.pipeline.Launcher - The patched build (371387529) was successfully retrieved from Travis.
14:54:45.107 [main] INFO  fr.inria.jtravis.JTravis - GitHub ratelimit: Limit: 5000 Remaining: 4646 Reset hour: 19:42:32
14:54:45.341 [main] INFO  f.i.s.r.p.i.ProjectInspector - ----------------------------------------------------------------------
14:54:45.341 [main] INFO  f.i.s.r.p.i.ProjectInspector - PIPELINE STEPS
14:54:45.341 [main] INFO  f.i.s.r.p.i.ProjectInspector - ----------------------------------------------------------------------
14:54:45.341 [main] INFO  f.i.s.r.p.i.ProjectInspector - CloneRepository
14:54:45.341 [main] INFO  f.i.s.r.p.i.ProjectInspector - CheckoutPatchedBuildCandidate
14:54:45.342 [main] INFO  f.i.s.r.p.i.ProjectInspector - ComputeSourceDir
14:54:45.342 [main] INFO  f.i.s.r.p.i.ProjectInspector - ComputeTestDir
14:54:45.342 [main] INFO  f.i.s.r.p.i.ProjectInspector - CheckoutBuggyBuildCandidateSourceCode
14:54:45.342 [main] INFO  f.i.s.r.p.i.ProjectInspector - BuildProjectBuggyBuildCandidateSourceCode
14:54:45.344 [main] INFO  f.i.s.r.p.i.ProjectInspector - TestProjectBuggyBuildCandidateSourceCode
14:54:45.344 [main] INFO  f.i.s.r.p.i.ProjectInspector - GatherTestInformationBuggyBuildCandidateSourceCode
14:54:45.344 [main] INFO  f.i.s.r.p.i.ProjectInspector - CheckoutBuggyBuildTestCode
14:54:45.345 [main] INFO  f.i.s.r.p.i.ProjectInspector - InitRepoToPush
14:54:45.345 [main] INFO  f.i.s.r.p.i.ProjectInspector - ComputeClasspath
14:54:45.345 [main] INFO  f.i.s.r.p.i.ProjectInspector - ComputeModules
14:54:45.345 [main] INFO  f.i.s.r.p.i.ProjectInspector - CheckoutBuggyBuildCandidateSourceCode
14:54:45.345 [main] INFO  f.i.s.r.p.i.ProjectInspector - CommitChangedTests
14:54:45.345 [main] INFO  f.i.s.r.p.i.ProjectInspector - CheckoutPatchedBuildCandidate
14:54:45.346 [main] INFO  f.i.s.r.p.i.ProjectInspector - BuildProjectPatchedBuildCandidate
14:54:45.346 [main] INFO  f.i.s.r.p.i.ProjectInspector - TestProjectPatchedBuildCandidate
14:54:45.346 [main] INFO  f.i.s.r.p.i.ProjectInspector - GatherTestInformationPatchedBuildCandidate
14:54:45.346 [main] INFO  f.i.s.r.p.i.ProjectInspector - CommitPatch
14:54:45.347 [main] INFO  f.i.s.r.p.i.ProjectInspector - WritePropertyFile
14:54:45.347 [main] INFO  f.i.s.r.p.i.ProjectInspector - CommitProcessEnd
14:54:45.347 [main] INFO  f.i.s.r.p.i.ProjectInspector - PushProcessEnd
14:54:45.347 [main] DEBUG f.i.s.r.process.step.CloneRepository - ----------------------------------------------------------------------
14:54:45.348 [main] DEBUG f.i.s.r.process.step.CloneRepository - STEP 1/22: CloneRepository
14:54:45.348 [main] DEBUG f.i.s.r.process.step.CloneRepository - ----------------------------------------------------------------------
14:54:45.348 [main] DEBUG f.i.s.r.process.step.CloneRepository - Cloning repository prestodb/presto in the following directory: ./workspace/prestodb/presto/371340700
14:55:44.621 [main] DEBUG f.i.s.r.process.step.CloneRepository - STEP STATUS: [ CloneRepository : SUCCESS ]
14:55:44.621 [main] DEBUG f.i.s.r.process.step.CloneRepository - STEP DURATION: 59s
14:55:44.622 [main] DEBUG f.i.s.r.process.step.CloneRepository - EXECUTE NEXT STEP
14:55:44.622 [main] DEBUG f.i.s.r.p.s.c.CheckoutPatchedBuild - ----------------------------------------------------------------------
14:55:44.622 [main] DEBUG f.i.s.r.p.s.c.CheckoutPatchedBuild - STEP 2/22: CheckoutPatchedBuildCandidate
14:55:44.623 [main] DEBUG f.i.s.r.p.s.c.CheckoutPatchedBuild - ----------------------------------------------------------------------
14:55:44.623 [main] DEBUG f.i.s.r.p.s.c.CheckoutPatchedBuild - Checking out patched build candidate...
14:55:44.955 [main] INFO  fr.inria.jtravis.JTravis - GitHub ratelimit: Limit: 5000 Remaining: 4645 Reset hour: 19:42:32
14:55:46.743 [main] DEBUG f.i.s.r.p.s.c.CheckoutPatchedBuild - Reproduce the PR for prestodb/presto by fetching remote branch and merging.
14:55:48.105 [main] ERROR f.i.s.r.p.s.c.CheckoutPatchedBuild - Error while testing commit: org.eclipse.jgit.errors.MissingObjectException: Missing unknown 8a276adc3e33ba2b5bb9bdbd7df4941c5b12738e
14:55:48.106 [main] ERROR f.i.s.r.p.s.c.CheckoutPatchedBuild - Commit head ref cannot be retrieved from the repository: 8a276adc3e33ba2b5bb9bdbd7df4941c5b12738e. Operation aborted.
14:55:48.106 [main] ERROR f.i.s.r.p.s.c.CheckoutPatchedBuild - Error while merging two commits to reproduce the PR.
14:55:48.107 [main] DEBUG f.i.s.r.p.s.c.CheckoutPatchedBuild - STEP STATUS: [ CheckoutPatchedBuildCandidate : FAILURE ( BUILDNOTCHECKEDOUT ) ]
14:55:48.108 [main] DEBUG f.i.s.r.p.s.c.CheckoutPatchedBuild - STEP DURATION: 3s
14:55:48.108 [main] DEBUG f.i.s.r.p.s.c.CheckoutPatchedBuild - TERMINATE PIPELINE
14:55:48.127 [main] DEBUG f.i.s.r.p.s.c.CheckoutPatchedBuild - FINAL STEPS SKIPPED: The reproduction of the bug and/or the patch failed.
14:55:48.131 [main] INFO  f.i.s.r.p.s.c.CheckoutPatchedBuild - Serialize all data for the pair of builds 371340700, 371387529
14:55:48.244 [main] INFO  fr.inria.jtravis.JTravis - GitHub ratelimit: Limit: 5000 Remaining: 4638 Reset hour: 19:42:32
14:55:49.424 [main] INFO  f.i.s.r.p.i.ProjectInspector - ----------------------------------------------------------------------
14:55:49.425 [main] INFO  f.i.s.r.p.i.ProjectInspector - PIPELINE EXECUTION SUMMARY
14:55:49.425 [main] INFO  f.i.s.r.p.i.ProjectInspector - ----------------------------------------------------------------------
14:55:49.425 [main] INFO  f.i.s.r.p.i.ProjectInspector - CloneRepository.......................................SUCCESS [ 59 s ]
14:55:49.426 [main] INFO  f.i.s.r.p.i.ProjectInspector - CheckoutPatchedBuildCandidate.........................FAILURE [  3 s ]
14:55:49.426 [main] INFO  f.i.s.r.p.i.ProjectInspector - ComputeSourceDir......................................NOT RUN         
14:55:49.426 [main] INFO  f.i.s.r.p.i.ProjectInspector - ComputeTestDir........................................NOT RUN         
14:55:49.427 [main] INFO  f.i.s.r.p.i.ProjectInspector - CheckoutBuggyBuildCandidateSourceCode.................NOT RUN         
14:55:49.427 [main] INFO  f.i.s.r.p.i.ProjectInspector - BuildProjectBuggyBuildCandidateSourceCode.............NOT RUN         
14:55:49.427 [main] INFO  f.i.s.r.p.i.ProjectInspector - TestProjectBuggyBuildCandidateSourceCode..............NOT RUN         
14:55:49.427 [main] INFO  f.i.s.r.p.i.ProjectInspector - GatherTestInformationBuggyBuildCandidateSourceCode....NOT RUN         
14:55:49.427 [main] INFO  f.i.s.r.p.i.ProjectInspector - CheckoutBuggyBuildTestCode............................NOT RUN         
14:55:49.428 [main] INFO  f.i.s.r.p.i.ProjectInspector - InitRepoToPush........................................NOT RUN         
14:55:49.428 [main] INFO  f.i.s.r.p.i.ProjectInspector - ComputeClasspath......................................NOT RUN         
14:55:49.428 [main] INFO  f.i.s.r.p.i.ProjectInspector - ComputeModules........................................NOT RUN         
14:55:49.428 [main] INFO  f.i.s.r.p.i.ProjectInspector - CheckoutBuggyBuildCandidateSourceCode.................NOT RUN         
14:55:49.429 [main] INFO  f.i.s.r.p.i.ProjectInspector - CommitChangedTests....................................NOT RUN         
14:55:49.429 [main] INFO  f.i.s.r.p.i.ProjectInspector - CheckoutPatchedBuildCandidate.........................NOT RUN         
14:55:49.429 [main] INFO  f.i.s.r.p.i.ProjectInspector - BuildProjectPatchedBuildCandidate.....................NOT RUN         
14:55:49.429 [main] INFO  f.i.s.r.p.i.ProjectInspector - TestProjectPatchedBuildCandidate......................NOT RUN         
14:55:49.430 [main] INFO  f.i.s.r.p.i.ProjectInspector - GatherTestInformationPatchedBuildCandidate............NOT RUN         
14:55:49.430 [main] INFO  f.i.s.r.p.i.ProjectInspector - CommitPatch...........................................NOT RUN         
14:55:49.431 [main] INFO  f.i.s.r.p.i.ProjectInspector - WritePropertyFile.....................................NOT RUN         
14:55:49.431 [main] INFO  f.i.s.r.p.i.ProjectInspector - CommitProcessEnd......................................NOT RUN         
14:55:49.431 [main] INFO  f.i.s.r.p.i.ProjectInspector - PushProcessEnd........................................NOT RUN         
14:55:49.431 [main] INFO  f.i.s.r.p.i.ProjectInspector - ----------------------------------------------------------------------
14:55:49.431 [main] INFO  f.i.s.r.p.i.ProjectInspector - PIPELINE FINDING: BUILDNOTCHECKEDOUT
14:55:49.432 [main] INFO  f.i.s.r.p.i.ProjectInspector - ----------------------------------------------------------------------
14:55:49.432 [main] INFO  f.i.s.repairnator.pipeline.Launcher - Inspector is finished. The process will exit now.
