01:54:29.079 [main] INFO  f.i.s.repairnator.pipeline.Launcher - PIPELINE VERSION: 3.0-2018-08-09 19:04
01:54:29.282 [main] INFO  f.i.s.repairnator.pipeline.Launcher - The pipeline will try to reproduce a bug from build 357485448 and its corresponding patch from build 370666392
01:54:29.283 [main] INFO  f.i.s.repairnator.pipeline.Launcher - Initialize file serializer engines.
01:54:29.285 [main] INFO  f.i.s.repairnator.pipeline.Launcher - MongoDB won't be used for serialization.
01:54:29.286 [main] INFO  f.i.s.repairnator.pipeline.Launcher - The email notifier engine won't be used.
01:54:29.291 [main] INFO  f.i.s.repairnator.pipeline.Launcher - Start by getting the build (buildId: 357485448) with the following config: RepairnatorConfig{runId='7f781b86-edd9-4c2c-8d35-0759e20819d2_04-18-week4-PASSING_AND_PASSING', launcherMode=BEARS, serializeJson=true, inputPath='null', outputPath='/var/log', mongodbHost='null', mongodbName='repairnator', smtpServer='null', notifyTo=[], notifyEndProcess=false, push=true, pushRemoteRepo='https://github.com/fermadeiral/bears-collection-pp', fork=false, lookFromDate=null, lookToDate=null, buildId=357485448, z3solverPath='./z3_for_linux', workspacePath='./workspace', githubToken='c8a341a903[...]', dockerImageName='null', skipDelete=false, createOutputDir=false, logDirectory='null', nbThreads=0, globalTimeout=0, whiteList=null, blackList=null, jobSleepTime=0, buildSleepTime=0, maxInspectedBuilds=0, duration=null, humanPatch=false, repository='null', clean=true, bearsMode=BOTH, bearsDelimiter = false, repairTools=NopolAllTests,NPEFix,AssertFixer,AstorJGenProg,AstorJKali,NopolSingleTest,AstorJMut,NopolTestExclusionStrategy, githubUserName= fermadeiral, githubUserEmail=fer.madeiral@gmail.com}
01:54:30.765 [main] DEBUG fr.inria.jtravis.helpers.BuildHelper - Get request to :https://api.travis-ci.org/build/357485448 done after 805 ms
01:54:31.012 [main] DEBUG fr.inria.jtravis.helpers.BuildHelper - Get request to :https://api.travis-ci.org/build/370666392 done after 141 ms
01:54:31.025 [main] INFO  f.i.s.repairnator.pipeline.Launcher - The patched build (370666392) was successfully retrieved from Travis.
01:54:32.159 [main] INFO  fr.inria.jtravis.JTravis - GitHub ratelimit: Limit: 5000 Remaining: 4708 Reset hour: 19:43:14
01:54:32.635 [main] INFO  f.i.s.r.p.i.ProjectInspector - ----------------------------------------------------------------------
01:54:32.636 [main] INFO  f.i.s.r.p.i.ProjectInspector - PIPELINE STEPS
01:54:32.636 [main] INFO  f.i.s.r.p.i.ProjectInspector - ----------------------------------------------------------------------
01:54:32.636 [main] INFO  f.i.s.r.p.i.ProjectInspector - CloneRepository
01:54:32.636 [main] INFO  f.i.s.r.p.i.ProjectInspector - CheckoutPatchedBuildCandidate
01:54:32.636 [main] INFO  f.i.s.r.p.i.ProjectInspector - ComputeSourceDir
01:54:32.636 [main] INFO  f.i.s.r.p.i.ProjectInspector - ComputeTestDir
01:54:32.637 [main] INFO  f.i.s.r.p.i.ProjectInspector - CheckoutBuggyBuildCandidateSourceCode
01:54:32.637 [main] INFO  f.i.s.r.p.i.ProjectInspector - BuildProjectBuggyBuildCandidateSourceCode
01:54:32.637 [main] INFO  f.i.s.r.p.i.ProjectInspector - TestProjectBuggyBuildCandidateSourceCode
01:54:32.637 [main] INFO  f.i.s.r.p.i.ProjectInspector - GatherTestInformationBuggyBuildCandidateSourceCode
01:54:32.637 [main] INFO  f.i.s.r.p.i.ProjectInspector - CheckoutBuggyBuildTestCode
01:54:32.637 [main] INFO  f.i.s.r.p.i.ProjectInspector - InitRepoToPush
01:54:32.637 [main] INFO  f.i.s.r.p.i.ProjectInspector - ComputeClasspath
01:54:32.638 [main] INFO  f.i.s.r.p.i.ProjectInspector - ComputeModules
01:54:32.638 [main] INFO  f.i.s.r.p.i.ProjectInspector - CheckoutBuggyBuildCandidateSourceCode
01:54:32.638 [main] INFO  f.i.s.r.p.i.ProjectInspector - CommitChangedTests
01:54:32.638 [main] INFO  f.i.s.r.p.i.ProjectInspector - CheckoutPatchedBuildCandidate
01:54:32.638 [main] INFO  f.i.s.r.p.i.ProjectInspector - BuildProjectPatchedBuildCandidate
01:54:32.638 [main] INFO  f.i.s.r.p.i.ProjectInspector - TestProjectPatchedBuildCandidate
01:54:32.638 [main] INFO  f.i.s.r.p.i.ProjectInspector - GatherTestInformationPatchedBuildCandidate
01:54:32.639 [main] INFO  f.i.s.r.p.i.ProjectInspector - CommitPatch
01:54:32.639 [main] INFO  f.i.s.r.p.i.ProjectInspector - WritePropertyFile
01:54:32.639 [main] INFO  f.i.s.r.p.i.ProjectInspector - CommitProcessEnd
01:54:32.640 [main] INFO  f.i.s.r.p.i.ProjectInspector - PushProcessEnd
01:54:32.640 [main] DEBUG f.i.s.r.process.step.CloneRepository - ----------------------------------------------------------------------
01:54:32.640 [main] DEBUG f.i.s.r.process.step.CloneRepository - STEP 1/22: CloneRepository
01:54:32.640 [main] DEBUG f.i.s.r.process.step.CloneRepository - ----------------------------------------------------------------------
01:54:32.640 [main] DEBUG f.i.s.r.process.step.CloneRepository - Cloning repository resteasy/Resteasy in the following directory: ./workspace/resteasy/Resteasy/357485448
01:54:51.435 [main] DEBUG f.i.s.r.process.step.CloneRepository - STEP STATUS: [ CloneRepository : SUCCESS ]
01:54:51.436 [main] DEBUG f.i.s.r.process.step.CloneRepository - STEP DURATION: 18s
01:54:51.436 [main] DEBUG f.i.s.r.process.step.CloneRepository - EXECUTE NEXT STEP
01:54:51.437 [main] DEBUG f.i.s.r.p.s.c.CheckoutPatchedBuild - ----------------------------------------------------------------------
01:54:51.437 [main] DEBUG f.i.s.r.p.s.c.CheckoutPatchedBuild - STEP 2/22: CheckoutPatchedBuildCandidate
01:54:51.437 [main] DEBUG f.i.s.r.p.s.c.CheckoutPatchedBuild - ----------------------------------------------------------------------
01:54:51.438 [main] DEBUG f.i.s.r.p.s.c.CheckoutPatchedBuild - Checking out patched build candidate...
01:54:51.761 [main] INFO  fr.inria.jtravis.JTravis - GitHub ratelimit: Limit: 5000 Remaining: 4696 Reset hour: 19:43:14
01:54:54.174 [main] DEBUG f.i.s.r.p.s.c.CheckoutPatchedBuild - Reproduce the PR for resteasy/Resteasy by fetching remote branch and merging.
01:54:57.678 [main] DEBUG f.i.s.r.process.git.GitHelper - Step CheckoutPatchedBuildCandidate - Get the commit 12061ccaf390137a6b037a1825f3b7ad539c88b1 for repo resteasy/Resteasy
01:54:59.064 [main] DEBUG f.i.s.r.process.git.GitHelper - Step CheckoutPatchedBuildCandidate - Do the merge with the PR commit for repo resteasy/Resteasy
01:54:59.079 [main] INFO  f.i.s.r.process.git.GitHelper - Init git submodules.
01:54:59.269 [main] DEBUG f.i.s.r.p.s.c.CheckoutPatchedBuild - STEP STATUS: [ CheckoutPatchedBuildCandidate : SUCCESS ]
01:54:59.269 [main] DEBUG f.i.s.r.p.s.c.CheckoutPatchedBuild - STEP DURATION: 7s
01:54:59.269 [main] DEBUG f.i.s.r.p.s.c.CheckoutPatchedBuild - EXECUTE NEXT STEP
01:54:59.270 [main] DEBUG f.i.s.r.p.s.paths.ComputeSourceDir - ----------------------------------------------------------------------
01:54:59.270 [main] DEBUG f.i.s.r.p.s.paths.ComputeSourceDir - STEP 3/22: ComputeSourceDir
01:54:59.270 [main] DEBUG f.i.s.r.p.s.paths.ComputeSourceDir - ----------------------------------------------------------------------
01:54:59.270 [main] DEBUG f.i.s.r.p.s.paths.ComputeSourceDir - Computing the source directory ...
01:54:59.271 [main] DEBUG f.i.s.r.p.s.paths.ComputeSourceDir - The default source directory (/root/workspace/resteasy/Resteasy/357485448/src/main/java) does not exist. Try to read pom.xml to get information.
01:54:59.392 [main] DEBUG f.i.s.r.p.m.RepositoryModelResolver - Downloading https://repo1.maven.org/maven2/org/jboss/jboss-parent/26/jboss-parent-26.pom
01:54:59.644 [main] DEBUG f.i.s.r.p.m.RepositoryModelResolver - Downloading https://repo1.maven.org/maven2/org/jboss/resteasy/resteasy-dependencies/4.0.0-SNAPSHOT/resteasy-dependencies-4.0.0-SNAPSHOT.pom
01:54:59.733 [main] DEBUG f.i.s.r.p.m.RepositoryModelResolver - Downloading http://repo.maven.apache.org/maven2/org/jboss/resteasy/resteasy-dependencies/4.0.0-SNAPSHOT/resteasy-dependencies-4.0.0-SNAPSHOT.pom
01:54:59.770 [main] DEBUG f.i.s.r.p.m.RepositoryModelResolver - Downloading http://uk.maven.org/maven2/org/jboss/resteasy/resteasy-dependencies/4.0.0-SNAPSHOT/resteasy-dependencies-4.0.0-SNAPSHOT.pom
01:54:59.788 [main] DEBUG f.i.s.r.p.m.RepositoryModelResolver - Downloading http://repository.jboss.org/nexus/content/groups/public/org/jboss/resteasy/resteasy-dependencies/4.0.0-SNAPSHOT/resteasy-dependencies-4.0.0-SNAPSHOT.pom
01:55:00.109 [main] DEBUG f.i.s.r.p.m.RepositoryModelResolver - Downloading http://repository.jboss.org/nexus/content/groups/public/org/jboss/resteasy/resteasy-dependencies/4.0.0-SNAPSHOT/resteasy-dependencies-4.0.0-SNAPSHOT.pom
01:55:00.426 [main] DEBUG f.i.s.r.p.m.RepositoryModelResolver - Downloading https://repo.maven.apache.org/maven2/org/jboss/resteasy/resteasy-dependencies/4.0.0-SNAPSHOT/resteasy-dependencies-4.0.0-SNAPSHOT.pom
01:55:00.513 [main] ERROR f.i.s.r.process.maven.MavenHelper - Error while building complete model. The raw model will be used. Error message: 2 problems were encountered while building the effective model for org.jboss.resteasy:resteasy-jaxrs-all:4.0.0-SNAPSHOT
[ERROR] Failed to determine Java version for profile doclint-java8-disable @ org.jboss:jboss-parent:26
[FATAL] Non-readable POM /root/./workspace/resteasy/Resteasy/357485448/.m2/org/jboss/resteasy/resteasy-dependencies/4.0.0-SNAPSHOT/resteasy-dependencies-4.0.0-SNAPSHOT.pom: /root/./workspace/resteasy/Resteasy/357485448/.m2/org/jboss/resteasy/resteasy-dependencies/4.0.0-SNAPSHOT/resteasy-dependencies-4.0.0-SNAPSHOT.pom (No such file or directory) @ /root/./workspace/resteasy/Resteasy/357485448/.m2/org/jboss/resteasy/resteasy-dependencies/4.0.0-SNAPSHOT/resteasy-dependencies-4.0.0-SNAPSHOT.pom

01:55:00.538 [main] DEBUG f.i.s.r.p.s.paths.ComputeSourceDir - Build section does not exist in the following pom.xml: /root/workspace/resteasy/Resteasy/357485448/pom.xml. Continue to try to get source dir from all modules.
01:55:00.538 [main] DEBUG f.i.s.r.p.s.paths.ComputeSourceDir - The default source directory (/root/workspace/resteasy/Resteasy/src/main/java) does not exist. Try to read pom.xml to get information.
01:55:00.570 [main] DEBUG f.i.s.r.p.m.RepositoryModelResolver - Downloading https://repo1.maven.org/maven2/org/jboss/resteasy/resteasy-dependencies/4.0.0-SNAPSHOT/resteasy-dependencies-4.0.0-SNAPSHOT.pom
01:55:00.690 [main] DEBUG f.i.s.r.p.m.RepositoryModelResolver - Downloading http://repo.maven.apache.org/maven2/org/jboss/resteasy/resteasy-dependencies/4.0.0-SNAPSHOT/resteasy-dependencies-4.0.0-SNAPSHOT.pom
01:55:00.708 [main] DEBUG f.i.s.r.p.m.RepositoryModelResolver - Downloading http://uk.maven.org/maven2/org/jboss/resteasy/resteasy-dependencies/4.0.0-SNAPSHOT/resteasy-dependencies-4.0.0-SNAPSHOT.pom
01:55:00.727 [main] DEBUG f.i.s.r.p.m.RepositoryModelResolver - Downloading http://repository.jboss.org/nexus/content/groups/public/org/jboss/resteasy/resteasy-dependencies/4.0.0-SNAPSHOT/resteasy-dependencies-4.0.0-SNAPSHOT.pom
01:55:01.046 [main] DEBUG f.i.s.r.p.m.RepositoryModelResolver - Downloading http://repository.jboss.org/nexus/content/groups/public/org/jboss/resteasy/resteasy-dependencies/4.0.0-SNAPSHOT/resteasy-dependencies-4.0.0-SNAPSHOT.pom
01:55:01.368 [main] DEBUG f.i.s.r.p.m.RepositoryModelResolver - Downloading https://repo.maven.apache.org/maven2/org/jboss/resteasy/resteasy-dependencies/4.0.0-SNAPSHOT/resteasy-dependencies-4.0.0-SNAPSHOT.pom
01:55:01.461 [main] ERROR f.i.s.r.process.maven.MavenHelper - Error while building complete model. The raw model will be used. Error message: 2 problems were encountered while building the effective model for org.jboss.resteasy:resteasy-jaxrs-all:4.0.0-SNAPSHOT
[ERROR] Failed to determine Java version for profile doclint-java8-disable @ org.jboss:jboss-parent:26
[FATAL] Non-readable POM /root/./workspace/resteasy/Resteasy/357485448/.m2/org/jboss/resteasy/resteasy-dependencies/4.0.0-SNAPSHOT/resteasy-dependencies-4.0.0-SNAPSHOT.pom: /root/./workspace/resteasy/Resteasy/357485448/.m2/org/jboss/resteasy/resteasy-dependencies/4.0.0-SNAPSHOT/resteasy-dependencies-4.0.0-SNAPSHOT.pom (No such file or directory) @ /root/./workspace/resteasy/Resteasy/357485448/.m2/org/jboss/resteasy/resteasy-dependencies/4.0.0-SNAPSHOT/resteasy-dependencies-4.0.0-SNAPSHOT.pom

01:55:01.467 [main] DEBUG f.i.s.r.p.s.paths.ComputeSourceDir - Build section does not exist in the following pom.xml: ./workspace/resteasy/Resteasy/357485448/pom.xml. Continue to try to get source dir from all modules.
01:55:01.468 [main] ERROR f.i.s.r.p.s.paths.ComputeSourceDir - The source directory is not at default location or specified in build section from pom.xml, and no parent can be found.
01:55:01.469 [main] ERROR f.i.s.r.p.s.paths.ComputeSourceDir - The source directory is not at default location or specified in build section from pom.xml, and no parent can be found.
01:55:01.469 [main] ERROR f.i.s.r.p.s.paths.ComputeSourceDir - Fail to find source directories.
01:55:01.471 [main] DEBUG f.i.s.r.p.s.paths.ComputeSourceDir - STEP STATUS: [ ComputeSourceDir : FAILURE ( SOURCEDIRNOTCOMPUTED ) ]
01:55:01.471 [main] DEBUG f.i.s.r.p.s.paths.ComputeSourceDir - STEP DURATION: 2s
01:55:01.472 [main] DEBUG f.i.s.r.p.s.paths.ComputeSourceDir - TERMINATE PIPELINE
01:55:01.472 [main] DEBUG f.i.s.r.p.s.paths.ComputeSourceDir - FINAL STEPS SKIPPED: The reproduction of the bug and/or the patch failed.
01:55:01.473 [main] INFO  f.i.s.r.p.s.paths.ComputeSourceDir - Serialize all data for the pair of builds 357485448, 370666392
01:55:01.788 [main] INFO  fr.inria.jtravis.JTravis - GitHub ratelimit: Limit: 5000 Remaining: 4680 Reset hour: 19:43:14
01:55:03.231 [main] INFO  f.i.s.r.p.i.ProjectInspector - ----------------------------------------------------------------------
01:55:03.232 [main] INFO  f.i.s.r.p.i.ProjectInspector - PIPELINE EXECUTION SUMMARY
01:55:03.232 [main] INFO  f.i.s.r.p.i.ProjectInspector - ----------------------------------------------------------------------
01:55:03.232 [main] INFO  f.i.s.r.p.i.ProjectInspector - CloneRepository.......................................SUCCESS [ 18 s ]
01:55:03.232 [main] INFO  f.i.s.r.p.i.ProjectInspector - CheckoutPatchedBuildCandidate.........................SUCCESS [  7 s ]
01:55:03.233 [main] INFO  f.i.s.r.p.i.ProjectInspector - ComputeSourceDir......................................FAILURE [  2 s ]
01:55:03.233 [main] INFO  f.i.s.r.p.i.ProjectInspector - ComputeTestDir........................................NOT RUN         
01:55:03.233 [main] INFO  f.i.s.r.p.i.ProjectInspector - CheckoutBuggyBuildCandidateSourceCode.................NOT RUN         
01:55:03.233 [main] INFO  f.i.s.r.p.i.ProjectInspector - BuildProjectBuggyBuildCandidateSourceCode.............NOT RUN         
01:55:03.234 [main] INFO  f.i.s.r.p.i.ProjectInspector - TestProjectBuggyBuildCandidateSourceCode..............NOT RUN         
01:55:03.234 [main] INFO  f.i.s.r.p.i.ProjectInspector - GatherTestInformationBuggyBuildCandidateSourceCode....NOT RUN         
01:55:03.234 [main] INFO  f.i.s.r.p.i.ProjectInspector - CheckoutBuggyBuildTestCode............................NOT RUN         
01:55:03.234 [main] INFO  f.i.s.r.p.i.ProjectInspector - InitRepoToPush........................................NOT RUN         
01:55:03.235 [main] INFO  f.i.s.r.p.i.ProjectInspector - ComputeClasspath......................................NOT RUN         
01:55:03.235 [main] INFO  f.i.s.r.p.i.ProjectInspector - ComputeModules........................................NOT RUN         
01:55:03.235 [main] INFO  f.i.s.r.p.i.ProjectInspector - CheckoutBuggyBuildCandidateSourceCode.................NOT RUN         
01:55:03.235 [main] INFO  f.i.s.r.p.i.ProjectInspector - CommitChangedTests....................................NOT RUN         
01:55:03.236 [main] INFO  f.i.s.r.p.i.ProjectInspector - CheckoutPatchedBuildCandidate.........................NOT RUN         
01:55:03.236 [main] INFO  f.i.s.r.p.i.ProjectInspector - BuildProjectPatchedBuildCandidate.....................NOT RUN         
01:55:03.236 [main] INFO  f.i.s.r.p.i.ProjectInspector - TestProjectPatchedBuildCandidate......................NOT RUN         
01:55:03.236 [main] INFO  f.i.s.r.p.i.ProjectInspector - GatherTestInformationPatchedBuildCandidate............NOT RUN         
01:55:03.236 [main] INFO  f.i.s.r.p.i.ProjectInspector - CommitPatch...........................................NOT RUN         
01:55:03.237 [main] INFO  f.i.s.r.p.i.ProjectInspector - WritePropertyFile.....................................NOT RUN         
01:55:03.237 [main] INFO  f.i.s.r.p.i.ProjectInspector - CommitProcessEnd......................................NOT RUN         
01:55:03.237 [main] INFO  f.i.s.r.p.i.ProjectInspector - PushProcessEnd........................................NOT RUN         
01:55:03.237 [main] INFO  f.i.s.r.p.i.ProjectInspector - ----------------------------------------------------------------------
01:55:03.238 [main] INFO  f.i.s.r.p.i.ProjectInspector - PIPELINE FINDING: SOURCEDIRNOTCOMPUTED
01:55:03.238 [main] INFO  f.i.s.r.p.i.ProjectInspector - ----------------------------------------------------------------------
01:55:03.238 [main] INFO  f.i.s.repairnator.pipeline.Launcher - Inspector is finished. The process will exit now.
