01:54:23.068 [main] INFO  f.i.s.repairnator.pipeline.Launcher - PIPELINE VERSION: 3.0-2018-08-09 19:04
01:54:23.216 [main] INFO  f.i.s.repairnator.pipeline.Launcher - The pipeline will try to reproduce a bug from build 368994314 and its corresponding patch from build 371364510
01:54:23.217 [main] INFO  f.i.s.repairnator.pipeline.Launcher - Initialize file serializer engines.
01:54:23.220 [main] INFO  f.i.s.repairnator.pipeline.Launcher - MongoDB won't be used for serialization.
01:54:23.220 [main] INFO  f.i.s.repairnator.pipeline.Launcher - The email notifier engine won't be used.
01:54:23.225 [main] INFO  f.i.s.repairnator.pipeline.Launcher - Start by getting the build (buildId: 368994314) with the following config: RepairnatorConfig{runId='7f781b86-edd9-4c2c-8d35-0759e20819d2_04-18-week4-PASSING_AND_PASSING', launcherMode=BEARS, serializeJson=true, inputPath='null', outputPath='/var/log', mongodbHost='null', mongodbName='repairnator', smtpServer='null', notifyTo=[], notifyEndProcess=false, push=true, pushRemoteRepo='https://github.com/fermadeiral/bears-collection-pp', fork=false, lookFromDate=null, lookToDate=null, buildId=368994314, z3solverPath='./z3_for_linux', workspacePath='./workspace', githubToken='c8a341a903[...]', dockerImageName='null', skipDelete=false, createOutputDir=false, logDirectory='null', nbThreads=0, globalTimeout=0, whiteList=null, blackList=null, jobSleepTime=0, buildSleepTime=0, maxInspectedBuilds=0, duration=null, humanPatch=false, repository='null', clean=true, bearsMode=BOTH, bearsDelimiter = false, repairTools=NopolAllTests,NPEFix,AssertFixer,AstorJGenProg,AstorJKali,NopolSingleTest,AstorJMut,NopolTestExclusionStrategy, githubUserName= fermadeiral, githubUserEmail=fer.madeiral@gmail.com}
01:54:24.549 [main] DEBUG fr.inria.jtravis.helpers.BuildHelper - Get request to :https://api.travis-ci.org/build/368994314 done after 761 ms
01:54:24.874 [main] DEBUG fr.inria.jtravis.helpers.BuildHelper - Get request to :https://api.travis-ci.org/build/371364510 done after 132 ms
01:54:24.888 [main] INFO  f.i.s.repairnator.pipeline.Launcher - The patched build (371364510) was successfully retrieved from Travis.
01:54:26.773 [main] INFO  fr.inria.jtravis.JTravis - GitHub ratelimit: Limit: 5000 Remaining: 4712 Reset hour: 19:43:14
01:54:27.200 [main] INFO  f.i.s.r.p.i.ProjectInspector - ----------------------------------------------------------------------
01:54:27.201 [main] INFO  f.i.s.r.p.i.ProjectInspector - PIPELINE STEPS
01:54:27.201 [main] INFO  f.i.s.r.p.i.ProjectInspector - ----------------------------------------------------------------------
01:54:27.202 [main] INFO  f.i.s.r.p.i.ProjectInspector - CloneRepository
01:54:27.202 [main] INFO  f.i.s.r.p.i.ProjectInspector - CheckoutPatchedBuildCandidate
01:54:27.202 [main] INFO  f.i.s.r.p.i.ProjectInspector - ComputeSourceDir
01:54:27.202 [main] INFO  f.i.s.r.p.i.ProjectInspector - ComputeTestDir
01:54:27.203 [main] INFO  f.i.s.r.p.i.ProjectInspector - CheckoutBuggyBuildCandidateSourceCode
01:54:27.203 [main] INFO  f.i.s.r.p.i.ProjectInspector - BuildProjectBuggyBuildCandidateSourceCode
01:54:27.203 [main] INFO  f.i.s.r.p.i.ProjectInspector - TestProjectBuggyBuildCandidateSourceCode
01:54:27.203 [main] INFO  f.i.s.r.p.i.ProjectInspector - GatherTestInformationBuggyBuildCandidateSourceCode
01:54:27.204 [main] INFO  f.i.s.r.p.i.ProjectInspector - CheckoutBuggyBuildTestCode
01:54:27.204 [main] INFO  f.i.s.r.p.i.ProjectInspector - InitRepoToPush
01:54:27.204 [main] INFO  f.i.s.r.p.i.ProjectInspector - ComputeClasspath
01:54:27.204 [main] INFO  f.i.s.r.p.i.ProjectInspector - ComputeModules
01:54:27.205 [main] INFO  f.i.s.r.p.i.ProjectInspector - CheckoutBuggyBuildCandidateSourceCode
01:54:27.205 [main] INFO  f.i.s.r.p.i.ProjectInspector - CommitChangedTests
01:54:27.205 [main] INFO  f.i.s.r.p.i.ProjectInspector - CheckoutPatchedBuildCandidate
01:54:27.206 [main] INFO  f.i.s.r.p.i.ProjectInspector - BuildProjectPatchedBuildCandidate
01:54:27.206 [main] INFO  f.i.s.r.p.i.ProjectInspector - TestProjectPatchedBuildCandidate
01:54:27.206 [main] INFO  f.i.s.r.p.i.ProjectInspector - GatherTestInformationPatchedBuildCandidate
01:54:27.206 [main] INFO  f.i.s.r.p.i.ProjectInspector - CommitPatch
01:54:27.208 [main] INFO  f.i.s.r.p.i.ProjectInspector - WritePropertyFile
01:54:27.208 [main] INFO  f.i.s.r.p.i.ProjectInspector - CommitProcessEnd
01:54:27.208 [main] INFO  f.i.s.r.p.i.ProjectInspector - PushProcessEnd
01:54:27.210 [main] DEBUG f.i.s.r.process.step.CloneRepository - ----------------------------------------------------------------------
01:54:27.210 [main] DEBUG f.i.s.r.process.step.CloneRepository - STEP 1/22: CloneRepository
01:54:27.210 [main] DEBUG f.i.s.r.process.step.CloneRepository - ----------------------------------------------------------------------
01:54:27.211 [main] DEBUG f.i.s.r.process.step.CloneRepository - Cloning repository resteasy/Resteasy in the following directory: ./workspace/resteasy/Resteasy/368994314
01:54:45.885 [main] DEBUG f.i.s.r.process.step.CloneRepository - STEP STATUS: [ CloneRepository : SUCCESS ]
01:54:45.885 [main] DEBUG f.i.s.r.process.step.CloneRepository - STEP DURATION: 18s
01:54:45.886 [main] DEBUG f.i.s.r.process.step.CloneRepository - EXECUTE NEXT STEP
01:54:45.886 [main] DEBUG f.i.s.r.p.s.c.CheckoutPatchedBuild - ----------------------------------------------------------------------
01:54:45.886 [main] DEBUG f.i.s.r.p.s.c.CheckoutPatchedBuild - STEP 2/22: CheckoutPatchedBuildCandidate
01:54:45.887 [main] DEBUG f.i.s.r.p.s.c.CheckoutPatchedBuild - ----------------------------------------------------------------------
01:54:45.887 [main] DEBUG f.i.s.r.p.s.c.CheckoutPatchedBuild - Checking out patched build candidate...
01:54:46.219 [main] INFO  fr.inria.jtravis.JTravis - GitHub ratelimit: Limit: 5000 Remaining: 4705 Reset hour: 19:43:14
01:54:48.422 [main] DEBUG f.i.s.r.p.s.c.CheckoutPatchedBuild - Reproduce the PR for resteasy/Resteasy by fetching remote branch and merging.
01:54:50.955 [main] ERROR f.i.s.r.p.s.c.CheckoutPatchedBuild - Error while testing commit: org.eclipse.jgit.errors.MissingObjectException: Missing unknown 4c839cdc670b09d461b76be33abd099b1632086d
01:54:50.958 [main] ERROR f.i.s.r.p.s.c.CheckoutPatchedBuild - Commit head ref cannot be retrieved from the repository: 4c839cdc670b09d461b76be33abd099b1632086d. Operation aborted.
01:54:50.958 [main] ERROR f.i.s.r.p.s.c.CheckoutPatchedBuild - Error while merging two commits to reproduce the PR.
01:54:50.960 [main] DEBUG f.i.s.r.p.s.c.CheckoutPatchedBuild - STEP STATUS: [ CheckoutPatchedBuildCandidate : FAILURE ( BUILDNOTCHECKEDOUT ) ]
01:54:50.960 [main] DEBUG f.i.s.r.p.s.c.CheckoutPatchedBuild - STEP DURATION: 5s
01:54:50.961 [main] DEBUG f.i.s.r.p.s.c.CheckoutPatchedBuild - TERMINATE PIPELINE
01:54:50.962 [main] DEBUG f.i.s.r.p.s.c.CheckoutPatchedBuild - FINAL STEPS SKIPPED: The reproduction of the bug and/or the patch failed.
01:54:50.962 [main] INFO  f.i.s.r.p.s.c.CheckoutPatchedBuild - Serialize all data for the pair of builds 368994314, 371364510
01:54:51.082 [main] INFO  fr.inria.jtravis.JTravis - GitHub ratelimit: Limit: 5000 Remaining: 4698 Reset hour: 19:43:14
01:54:52.360 [main] INFO  f.i.s.r.p.i.ProjectInspector - ----------------------------------------------------------------------
01:54:52.360 [main] INFO  f.i.s.r.p.i.ProjectInspector - PIPELINE EXECUTION SUMMARY
01:54:52.360 [main] INFO  f.i.s.r.p.i.ProjectInspector - ----------------------------------------------------------------------
01:54:52.361 [main] INFO  f.i.s.r.p.i.ProjectInspector - CloneRepository.......................................SUCCESS [ 18 s ]
01:54:52.361 [main] INFO  f.i.s.r.p.i.ProjectInspector - CheckoutPatchedBuildCandidate.........................FAILURE [  5 s ]
01:54:52.361 [main] INFO  f.i.s.r.p.i.ProjectInspector - ComputeSourceDir......................................NOT RUN         
01:54:52.361 [main] INFO  f.i.s.r.p.i.ProjectInspector - ComputeTestDir........................................NOT RUN         
01:54:52.362 [main] INFO  f.i.s.r.p.i.ProjectInspector - CheckoutBuggyBuildCandidateSourceCode.................NOT RUN         
01:54:52.362 [main] INFO  f.i.s.r.p.i.ProjectInspector - BuildProjectBuggyBuildCandidateSourceCode.............NOT RUN         
01:54:52.362 [main] INFO  f.i.s.r.p.i.ProjectInspector - TestProjectBuggyBuildCandidateSourceCode..............NOT RUN         
01:54:52.363 [main] INFO  f.i.s.r.p.i.ProjectInspector - GatherTestInformationBuggyBuildCandidateSourceCode....NOT RUN         
01:54:52.363 [main] INFO  f.i.s.r.p.i.ProjectInspector - CheckoutBuggyBuildTestCode............................NOT RUN         
01:54:52.364 [main] INFO  f.i.s.r.p.i.ProjectInspector - InitRepoToPush........................................NOT RUN         
01:54:52.364 [main] INFO  f.i.s.r.p.i.ProjectInspector - ComputeClasspath......................................NOT RUN         
01:54:52.364 [main] INFO  f.i.s.r.p.i.ProjectInspector - ComputeModules........................................NOT RUN         
01:54:52.364 [main] INFO  f.i.s.r.p.i.ProjectInspector - CheckoutBuggyBuildCandidateSourceCode.................NOT RUN         
01:54:52.364 [main] INFO  f.i.s.r.p.i.ProjectInspector - CommitChangedTests....................................NOT RUN         
01:54:52.364 [main] INFO  f.i.s.r.p.i.ProjectInspector - CheckoutPatchedBuildCandidate.........................NOT RUN         
01:54:52.364 [main] INFO  f.i.s.r.p.i.ProjectInspector - BuildProjectPatchedBuildCandidate.....................NOT RUN         
01:54:52.365 [main] INFO  f.i.s.r.p.i.ProjectInspector - TestProjectPatchedBuildCandidate......................NOT RUN         
01:54:52.365 [main] INFO  f.i.s.r.p.i.ProjectInspector - GatherTestInformationPatchedBuildCandidate............NOT RUN         
01:54:52.365 [main] INFO  f.i.s.r.p.i.ProjectInspector - CommitPatch...........................................NOT RUN         
01:54:52.365 [main] INFO  f.i.s.r.p.i.ProjectInspector - WritePropertyFile.....................................NOT RUN         
01:54:52.365 [main] INFO  f.i.s.r.p.i.ProjectInspector - CommitProcessEnd......................................NOT RUN         
01:54:52.365 [main] INFO  f.i.s.r.p.i.ProjectInspector - PushProcessEnd........................................NOT RUN         
01:54:52.366 [main] INFO  f.i.s.r.p.i.ProjectInspector - ----------------------------------------------------------------------
01:54:52.366 [main] INFO  f.i.s.r.p.i.ProjectInspector - PIPELINE FINDING: BUILDNOTCHECKEDOUT
01:54:52.366 [main] INFO  f.i.s.r.p.i.ProjectInspector - ----------------------------------------------------------------------
01:54:52.366 [main] INFO  f.i.s.repairnator.pipeline.Launcher - Inspector is finished. The process will exit now.
