14:36:47.869 [main] INFO  f.i.s.repairnator.pipeline.Launcher - PIPELINE VERSION: 3.0-2018-08-09 19:04
14:36:48.181 [main] INFO  f.i.s.repairnator.pipeline.Launcher - The pipeline will try to reproduce a bug from build 316866640 and its corresponding patch from build 328917407
14:36:48.182 [main] INFO  f.i.s.repairnator.pipeline.Launcher - Initialize file serializer engines.
14:36:48.183 [main] INFO  f.i.s.repairnator.pipeline.Launcher - MongoDB won't be used for serialization.
14:36:48.184 [main] INFO  f.i.s.repairnator.pipeline.Launcher - The email notifier engine won't be used.
14:36:48.267 [main] INFO  f.i.s.repairnator.pipeline.Launcher - Start by getting the build (buildId: 316866640) with the following config: RepairnatorConfig{runId='37882099-5e5d-4fae-9744-50be0382c1aa_01-18-week3-PASSING_AND_PASSING', launcherMode=BEARS, serializeJson=true, inputPath='null', outputPath='/var/log', mongodbHost='null', mongodbName='repairnator', smtpServer='null', notifyTo=[], notifyEndProcess=false, push=true, pushRemoteRepo='https://github.com/fermadeiral/bears-collection-pp', fork=false, lookFromDate=null, lookToDate=null, buildId=316866640, z3solverPath='./z3_for_linux', workspacePath='./workspace', githubToken='c8a341a903[...]', dockerImageName='null', skipDelete=false, createOutputDir=false, logDirectory='null', nbThreads=0, globalTimeout=0, whiteList=null, blackList=null, jobSleepTime=0, buildSleepTime=0, maxInspectedBuilds=0, duration=null, humanPatch=false, repository='null', clean=true, bearsMode=BOTH, bearsDelimiter = false, repairTools=NopolAllTests,NPEFix,AssertFixer,AstorJGenProg,AstorJKali,NopolSingleTest,AstorJMut,NopolTestExclusionStrategy, githubUserName= fermadeiral, githubUserEmail=fer.madeiral@gmail.com}
14:36:49.674 [main] DEBUG fr.inria.jtravis.helpers.BuildHelper - Get request to :https://api.travis-ci.org/build/316866640 done after 789 ms
14:36:49.894 [main] DEBUG fr.inria.jtravis.helpers.BuildHelper - Get request to :https://api.travis-ci.org/build/328917407 done after 127 ms
14:36:49.905 [main] INFO  f.i.s.repairnator.pipeline.Launcher - The patched build (328917407) was successfully retrieved from Travis.
14:36:51.248 [main] INFO  fr.inria.jtravis.JTravis - GitHub ratelimit: Limit: 5000 Remaining: 4699 Reset hour: 19:18:03
14:36:51.585 [main] INFO  f.i.s.r.p.i.ProjectInspector - ----------------------------------------------------------------------
14:36:51.585 [main] INFO  f.i.s.r.p.i.ProjectInspector - PIPELINE STEPS
14:36:51.586 [main] INFO  f.i.s.r.p.i.ProjectInspector - ----------------------------------------------------------------------
14:36:51.586 [main] INFO  f.i.s.r.p.i.ProjectInspector - CloneRepository
14:36:51.587 [main] INFO  f.i.s.r.p.i.ProjectInspector - CheckoutPatchedBuildCandidate
14:36:51.587 [main] INFO  f.i.s.r.p.i.ProjectInspector - ComputeSourceDir
14:36:51.588 [main] INFO  f.i.s.r.p.i.ProjectInspector - ComputeTestDir
14:36:51.588 [main] INFO  f.i.s.r.p.i.ProjectInspector - CheckoutBuggyBuildCandidateSourceCode
14:36:51.589 [main] INFO  f.i.s.r.p.i.ProjectInspector - BuildProjectBuggyBuildCandidateSourceCode
14:36:51.589 [main] INFO  f.i.s.r.p.i.ProjectInspector - TestProjectBuggyBuildCandidateSourceCode
14:36:51.590 [main] INFO  f.i.s.r.p.i.ProjectInspector - GatherTestInformationBuggyBuildCandidateSourceCode
14:36:51.590 [main] INFO  f.i.s.r.p.i.ProjectInspector - CheckoutBuggyBuildTestCode
14:36:51.591 [main] INFO  f.i.s.r.p.i.ProjectInspector - InitRepoToPush
14:36:51.591 [main] INFO  f.i.s.r.p.i.ProjectInspector - ComputeClasspath
14:36:51.592 [main] INFO  f.i.s.r.p.i.ProjectInspector - ComputeModules
14:36:51.592 [main] INFO  f.i.s.r.p.i.ProjectInspector - CheckoutBuggyBuildCandidateSourceCode
14:36:51.592 [main] INFO  f.i.s.r.p.i.ProjectInspector - CommitChangedTests
14:36:51.593 [main] INFO  f.i.s.r.p.i.ProjectInspector - CheckoutPatchedBuildCandidate
14:36:51.593 [main] INFO  f.i.s.r.p.i.ProjectInspector - BuildProjectPatchedBuildCandidate
14:36:51.599 [main] INFO  f.i.s.r.p.i.ProjectInspector - TestProjectPatchedBuildCandidate
14:36:51.600 [main] INFO  f.i.s.r.p.i.ProjectInspector - GatherTestInformationPatchedBuildCandidate
14:36:51.601 [main] INFO  f.i.s.r.p.i.ProjectInspector - CommitPatch
14:36:51.601 [main] INFO  f.i.s.r.p.i.ProjectInspector - WritePropertyFile
14:36:51.601 [main] INFO  f.i.s.r.p.i.ProjectInspector - CommitProcessEnd
14:36:51.602 [main] INFO  f.i.s.r.p.i.ProjectInspector - PushProcessEnd
14:36:51.603 [main] DEBUG f.i.s.r.process.step.CloneRepository - ----------------------------------------------------------------------
14:36:51.603 [main] DEBUG f.i.s.r.process.step.CloneRepository - STEP 1/22: CloneRepository
14:36:51.604 [main] DEBUG f.i.s.r.process.step.CloneRepository - ----------------------------------------------------------------------
14:36:51.605 [main] DEBUG f.i.s.r.process.step.CloneRepository - Cloning repository apache/flink in the following directory: ./workspace/apache/flink/316866640
14:38:02.637 [main] DEBUG f.i.s.r.process.step.CloneRepository - STEP STATUS: [ CloneRepository : SUCCESS ]
14:38:02.638 [main] DEBUG f.i.s.r.process.step.CloneRepository - STEP DURATION: 71s
14:38:02.638 [main] DEBUG f.i.s.r.process.step.CloneRepository - EXECUTE NEXT STEP
14:38:02.639 [main] DEBUG f.i.s.r.p.s.c.CheckoutPatchedBuild - ----------------------------------------------------------------------
14:38:02.639 [main] DEBUG f.i.s.r.p.s.c.CheckoutPatchedBuild - STEP 2/22: CheckoutPatchedBuildCandidate
14:38:02.639 [main] DEBUG f.i.s.r.p.s.c.CheckoutPatchedBuild - ----------------------------------------------------------------------
14:38:02.640 [main] DEBUG f.i.s.r.p.s.c.CheckoutPatchedBuild - Checking out patched build candidate...
14:38:02.979 [main] INFO  fr.inria.jtravis.JTravis - GitHub ratelimit: Limit: 5000 Remaining: 4698 Reset hour: 19:18:03
14:38:05.383 [main] DEBUG f.i.s.r.p.s.c.CheckoutPatchedBuild - Reproduce the PR for apache/flink by fetching remote branch and merging.
14:38:09.618 [main] DEBUG f.i.s.r.process.git.GitHelper - Step CheckoutPatchedBuildCandidate - Get the commit 7b89d3fc7411badd842d039c4f23feb97ed49f68 for repo apache/flink
14:38:16.809 [main] DEBUG f.i.s.r.process.git.GitHelper - Step CheckoutPatchedBuildCandidate - Do the merge with the PR commit for repo apache/flink
14:38:20.650 [main] INFO  f.i.s.r.process.git.GitHelper - Init git submodules.
14:38:21.048 [main] DEBUG f.i.s.r.p.s.c.CheckoutPatchedBuild - STEP STATUS: [ CheckoutPatchedBuildCandidate : SUCCESS ]
14:38:21.049 [main] DEBUG f.i.s.r.p.s.c.CheckoutPatchedBuild - STEP DURATION: 18s
14:38:21.049 [main] DEBUG f.i.s.r.p.s.c.CheckoutPatchedBuild - EXECUTE NEXT STEP
14:38:21.050 [main] DEBUG f.i.s.r.p.s.paths.ComputeSourceDir - ----------------------------------------------------------------------
14:38:21.050 [main] DEBUG f.i.s.r.p.s.paths.ComputeSourceDir - STEP 3/22: ComputeSourceDir
14:38:21.050 [main] DEBUG f.i.s.r.p.s.paths.ComputeSourceDir - ----------------------------------------------------------------------
14:38:21.051 [main] DEBUG f.i.s.r.p.s.paths.ComputeSourceDir - Computing the source directory ...
14:38:21.053 [main] DEBUG f.i.s.r.p.s.paths.ComputeSourceDir - The default source directory (/root/workspace/apache/flink/316866640/src/main/java) does not exist. Try to read pom.xml to get information.
14:38:21.247 [main] DEBUG f.i.s.r.p.m.RepositoryModelResolver - Downloading https://repo1.maven.org/maven2/org/apache/apache/18/apache-18.pom
14:38:21.504 [main] DEBUG f.i.s.r.p.s.paths.ComputeSourceDir - The source directory given in pom.xml (/root/workspace/apache/flink/316866640/src/main/java) does not exist. Continue to try to get source dir from all modules.
14:38:21.505 [main] DEBUG f.i.s.r.p.s.paths.ComputeSourceDir - The default source directory (/root/workspace/apache/flink/316866640/tools/force-shading/src/main/java) does not exist. Try to read pom.xml to get information.
14:38:21.516 [main] DEBUG f.i.s.r.p.s.paths.ComputeSourceDir - The source directory given in pom.xml (/root/workspace/apache/flink/316866640/tools/force-shading/src/main/java) does not exist. Continue to try to get source dir from all modules.
14:38:21.517 [main] ERROR f.i.s.r.p.s.paths.ComputeSourceDir - The source directory is not at default location or specified in build section from pom.xml, and no parent can be found.
14:38:21.566 [main] DEBUG f.i.s.r.p.s.paths.ComputeSourceDir - The default source directory (/root/workspace/apache/flink/316866640/flink-shaded-hadoop/src/main/java) does not exist. Try to read pom.xml to get information.
14:38:21.605 [main] DEBUG f.i.s.r.p.s.paths.ComputeSourceDir - The source directory given in pom.xml (/root/workspace/apache/flink/316866640/flink-shaded-hadoop/src/main/java) does not exist. Continue to try to get source dir from all modules.
14:38:21.606 [main] DEBUG f.i.s.r.p.s.paths.ComputeSourceDir - The default source directory (/root/workspace/apache/flink/316866640/flink-shaded-hadoop/flink-shaded-hadoop2/src/main/java) does not exist. Try to read pom.xml to get information.
14:38:21.647 [main] DEBUG f.i.s.r.p.s.paths.ComputeSourceDir - The source directory given in pom.xml (/root/workspace/apache/flink/316866640/flink-shaded-hadoop/flink-shaded-hadoop2/src/main/java) does not exist. Continue to try to get source dir from all modules.
14:38:21.647 [main] ERROR f.i.s.r.p.s.paths.ComputeSourceDir - The source directory is not at default location or specified in build section from pom.xml, and no parent can be found.
14:38:21.648 [main] DEBUG f.i.s.r.p.s.paths.ComputeSourceDir - The default source directory (/root/workspace/apache/flink/316866640/flink-shaded-hadoop/flink-shaded-hadoop2-uber/src/main/java) does not exist. Try to read pom.xml to get information.
14:38:21.671 [main] DEBUG f.i.s.r.p.s.paths.ComputeSourceDir - The source directory given in pom.xml (/root/workspace/apache/flink/316866640/flink-shaded-hadoop/flink-shaded-hadoop2-uber/src/main/java) does not exist. Continue to try to get source dir from all modules.
14:38:21.672 [main] ERROR f.i.s.r.p.s.paths.ComputeSourceDir - The source directory is not at default location or specified in build section from pom.xml, and no parent can be found.
14:38:21.672 [main] DEBUG f.i.s.r.p.s.paths.ComputeSourceDir - The default source directory (/root/workspace/apache/flink/316866640/flink-shaded-hadoop/flink-shaded-yarn-tests/src/main/java) does not exist. Try to read pom.xml to get information.
14:38:21.691 [main] DEBUG f.i.s.r.p.s.paths.ComputeSourceDir - The source directory given in pom.xml (/root/workspace/apache/flink/316866640/flink-shaded-hadoop/flink-shaded-yarn-tests/src/main/java) does not exist. Continue to try to get source dir from all modules.
14:38:21.692 [main] ERROR f.i.s.r.p.s.paths.ComputeSourceDir - The source directory is not at default location or specified in build section from pom.xml, and no parent can be found.
14:38:21.692 [main] ERROR f.i.s.r.p.s.paths.ComputeSourceDir - The source directory is not at default location or specified in build section from pom.xml, and no parent can be found.
14:38:21.692 [main] DEBUG f.i.s.r.p.s.paths.ComputeSourceDir - The default source directory (/root/workspace/apache/flink/316866640/flink-shaded-curator/src/main/java) does not exist. Try to read pom.xml to get information.
14:38:21.706 [main] DEBUG f.i.s.r.p.s.paths.ComputeSourceDir - The source directory given in pom.xml (/root/workspace/apache/flink/316866640/flink-shaded-curator/src/main/java) does not exist. Continue to try to get source dir from all modules.
14:38:21.707 [main] ERROR f.i.s.r.p.s.paths.ComputeSourceDir - The source directory is not at default location or specified in build section from pom.xml, and no parent can be found.
14:38:21.763 [main] DEBUG f.i.s.r.p.s.paths.ComputeSourceDir - The default source directory (/root/workspace/apache/flink/316866640/flink-filesystems/src/main/java) does not exist. Try to read pom.xml to get information.
14:38:21.778 [main] DEBUG f.i.s.r.p.s.paths.ComputeSourceDir - The source directory given in pom.xml (/root/workspace/apache/flink/316866640/flink-filesystems/src/main/java) does not exist. Continue to try to get source dir from all modules.
14:38:21.874 [main] DEBUG f.i.s.r.p.s.paths.ComputeSourceDir - The default source directory (/root/workspace/apache/flink/316866640/flink-streaming-scala/src/main/java) does not exist. Try to read pom.xml to get information.
14:38:21.883 [main] DEBUG f.i.s.r.p.s.paths.ComputeSourceDir - The source directory given in pom.xml (/root/workspace/apache/flink/316866640/flink-streaming-scala/src/main/java) does not exist. Continue to try to get source dir from all modules.
14:38:21.884 [main] ERROR f.i.s.r.p.s.paths.ComputeSourceDir - The source directory is not at default location or specified in build section from pom.xml, and no parent can be found.
14:38:21.884 [main] DEBUG f.i.s.r.p.s.paths.ComputeSourceDir - The default source directory (/root/workspace/apache/flink/316866640/flink-connectors/src/main/java) does not exist. Try to read pom.xml to get information.
14:38:21.893 [main] DEBUG f.i.s.r.p.s.paths.ComputeSourceDir - The source directory given in pom.xml (/root/workspace/apache/flink/316866640/flink-connectors/src/main/java) does not exist. Continue to try to get source dir from all modules.
14:38:22.071 [main] DEBUG f.i.s.r.p.s.paths.ComputeSourceDir - The default source directory (/root/workspace/apache/flink/316866640/flink-formats/src/main/java) does not exist. Try to read pom.xml to get information.
14:38:22.079 [main] DEBUG f.i.s.r.p.s.paths.ComputeSourceDir - The source directory given in pom.xml (/root/workspace/apache/flink/316866640/flink-formats/src/main/java) does not exist. Continue to try to get source dir from all modules.
14:38:22.088 [main] DEBUG f.i.s.r.p.s.paths.ComputeSourceDir - The default source directory (/root/workspace/apache/flink/316866640/flink-examples/src/main/java) does not exist. Try to read pom.xml to get information.
14:38:22.096 [main] DEBUG f.i.s.r.p.s.paths.ComputeSourceDir - The source directory given in pom.xml (/root/workspace/apache/flink/316866640/flink-examples/src/main/java) does not exist. Continue to try to get source dir from all modules.
14:38:22.140 [main] DEBUG f.i.s.r.p.s.paths.ComputeSourceDir - The default source directory (/root/workspace/apache/flink/316866640/flink-queryable-state/src/main/java) does not exist. Try to read pom.xml to get information.
14:38:22.148 [main] DEBUG f.i.s.r.p.s.paths.ComputeSourceDir - The source directory given in pom.xml (/root/workspace/apache/flink/316866640/flink-queryable-state/src/main/java) does not exist. Continue to try to get source dir from all modules.
14:38:22.178 [main] DEBUG f.i.s.r.p.s.paths.ComputeSourceDir - The default source directory (/root/workspace/apache/flink/316866640/flink-tests/src/main/java) does not exist. Try to read pom.xml to get information.
14:38:22.185 [main] DEBUG f.i.s.r.p.s.paths.ComputeSourceDir - The source directory given in pom.xml (/root/workspace/apache/flink/316866640/flink-tests/src/main/java) does not exist. Continue to try to get source dir from all modules.
14:38:22.186 [main] ERROR f.i.s.r.p.s.paths.ComputeSourceDir - The source directory is not at default location or specified in build section from pom.xml, and no parent can be found.
14:38:22.192 [main] DEBUG f.i.s.r.p.s.paths.ComputeSourceDir - The default source directory (/root/workspace/apache/flink/316866640/flink-test-utils-parent/src/main/java) does not exist. Try to read pom.xml to get information.
14:38:22.198 [main] DEBUG f.i.s.r.p.s.paths.ComputeSourceDir - The source directory given in pom.xml (/root/workspace/apache/flink/316866640/flink-test-utils-parent/src/main/java) does not exist. Continue to try to get source dir from all modules.
14:38:22.226 [main] DEBUG f.i.s.r.p.s.paths.ComputeSourceDir - The default source directory (/root/workspace/apache/flink/316866640/flink-libraries/src/main/java) does not exist. Try to read pom.xml to get information.
14:38:22.232 [main] DEBUG f.i.s.r.p.s.paths.ComputeSourceDir - The source directory given in pom.xml (/root/workspace/apache/flink/316866640/flink-libraries/src/main/java) does not exist. Continue to try to get source dir from all modules.
14:38:22.239 [main] DEBUG f.i.s.r.p.s.paths.ComputeSourceDir - The default source directory (/root/workspace/apache/flink/316866640/flink-libraries/flink-gelly-scala/src/main/java) does not exist. Try to read pom.xml to get information.
14:38:22.246 [main] DEBUG f.i.s.r.p.s.paths.ComputeSourceDir - The source directory given in pom.xml (/root/workspace/apache/flink/316866640/flink-libraries/flink-gelly-scala/src/main/java) does not exist. Continue to try to get source dir from all modules.
14:38:22.246 [main] ERROR f.i.s.r.p.s.paths.ComputeSourceDir - The source directory is not at default location or specified in build section from pom.xml, and no parent can be found.
14:38:22.267 [main] DEBUG f.i.s.r.p.s.paths.ComputeSourceDir - The default source directory (/root/workspace/apache/flink/316866640/flink-libraries/flink-ml/src/main/java) does not exist. Try to read pom.xml to get information.
14:38:22.281 [main] DEBUG f.i.s.r.p.s.paths.ComputeSourceDir - The source directory given in pom.xml (/root/workspace/apache/flink/316866640/flink-libraries/flink-ml/src/main/java) does not exist. Continue to try to get source dir from all modules.
14:38:22.281 [main] ERROR f.i.s.r.p.s.paths.ComputeSourceDir - The source directory is not at default location or specified in build section from pom.xml, and no parent can be found.
14:38:22.290 [main] DEBUG f.i.s.r.p.s.paths.ComputeSourceDir - The default source directory (/root/workspace/apache/flink/316866640/flink-libraries/flink-cep-scala/src/main/java) does not exist. Try to read pom.xml to get information.
14:38:22.306 [main] DEBUG f.i.s.r.p.s.paths.ComputeSourceDir - The default source directory (/root/workspace/apache/flink/316866640/flink-quickstart/src/main/java) does not exist. Try to read pom.xml to get information.
14:38:22.314 [main] DEBUG f.i.s.r.p.s.paths.ComputeSourceDir - The source directory given in pom.xml (/root/workspace/apache/flink/316866640/flink-quickstart/src/main/java) does not exist. Continue to try to get source dir from all modules.
14:38:22.330 [main] DEBUG f.i.s.r.p.s.paths.ComputeSourceDir - The default source directory (/root/workspace/apache/flink/316866640/flink-contrib/src/main/java) does not exist. Try to read pom.xml to get information.
14:38:22.337 [main] DEBUG f.i.s.r.p.s.paths.ComputeSourceDir - The source directory given in pom.xml (/root/workspace/apache/flink/316866640/flink-contrib/src/main/java) does not exist. Continue to try to get source dir from all modules.
14:38:22.377 [main] DEBUG f.i.s.r.p.s.paths.ComputeSourceDir - The default source directory (/root/workspace/apache/flink/316866640/flink-dist/src/main/java) does not exist. Try to read pom.xml to get information.
14:38:22.388 [main] DEBUG f.i.s.r.p.s.paths.ComputeSourceDir - The source directory given in pom.xml (/root/workspace/apache/flink/316866640/flink-dist/src/main/java) does not exist. Continue to try to get source dir from all modules.
14:38:22.388 [main] ERROR f.i.s.r.p.s.paths.ComputeSourceDir - The source directory is not at default location or specified in build section from pom.xml, and no parent can be found.
14:38:22.396 [main] DEBUG f.i.s.r.p.s.paths.ComputeSourceDir - The default source directory (/root/workspace/apache/flink/316866640/flink-metrics/src/main/java) does not exist. Try to read pom.xml to get information.
14:38:22.403 [main] DEBUG f.i.s.r.p.s.paths.ComputeSourceDir - The source directory given in pom.xml (/root/workspace/apache/flink/316866640/flink-metrics/src/main/java) does not exist. Continue to try to get source dir from all modules.
14:38:22.468 [main] DEBUG f.i.s.r.p.s.paths.ComputeSourceDir - The default source directory (/root/workspace/apache/flink/316866640/flink-yarn-tests/src/main/java) does not exist. Try to read pom.xml to get information.
14:38:22.473 [main] DEBUG f.i.s.r.p.s.paths.ComputeSourceDir - The source directory given in pom.xml (/root/workspace/apache/flink/316866640/flink-yarn-tests/src/main/java) does not exist. Continue to try to get source dir from all modules.
14:38:22.474 [main] ERROR f.i.s.r.p.s.paths.ComputeSourceDir - The source directory is not at default location or specified in build section from pom.xml, and no parent can be found.
14:38:22.474 [main] DEBUG f.i.s.r.p.s.paths.ComputeSourceDir - The default source directory (/root/workspace/apache/flink/316866640/flink-fs-tests/src/main/java) does not exist. Try to read pom.xml to get information.
14:38:22.479 [main] DEBUG f.i.s.r.p.s.paths.ComputeSourceDir - The source directory given in pom.xml (/root/workspace/apache/flink/316866640/flink-fs-tests/src/main/java) does not exist. Continue to try to get source dir from all modules.
14:38:22.479 [main] ERROR f.i.s.r.p.s.paths.ComputeSourceDir - The source directory is not at default location or specified in build section from pom.xml, and no parent can be found.
14:38:22.485 [main] INFO  f.i.s.r.p.s.paths.ComputeSourceDir - 68 source dirs were found:
14:38:22.485 [main] INFO  f.i.s.r.p.s.paths.ComputeSourceDir - /root/workspace/apache/flink/316866640/flink-annotations/src/main/java
14:38:22.485 [main] INFO  f.i.s.r.p.s.paths.ComputeSourceDir - /root/workspace/apache/flink/316866640/flink-clients/src/main/java
14:38:22.486 [main] INFO  f.i.s.r.p.s.paths.ComputeSourceDir - /root/workspace/apache/flink/316866640/flink-connectors/flink-connector-cassandra/src/main/java
14:38:22.486 [main] INFO  f.i.s.r.p.s.paths.ComputeSourceDir - /root/workspace/apache/flink/316866640/flink-connectors/flink-connector-elasticsearch-base/src/main/java
14:38:22.486 [main] INFO  f.i.s.r.p.s.paths.ComputeSourceDir - /root/workspace/apache/flink/316866640/flink-connectors/flink-connector-elasticsearch/src/main/java
14:38:22.486 [main] INFO  f.i.s.r.p.s.paths.ComputeSourceDir - /root/workspace/apache/flink/316866640/flink-connectors/flink-connector-elasticsearch2/src/main/java
14:38:22.487 [main] INFO  f.i.s.r.p.s.paths.ComputeSourceDir - /root/workspace/apache/flink/316866640/flink-connectors/flink-connector-elasticsearch5/src/main/java
14:38:22.487 [main] INFO  f.i.s.r.p.s.paths.ComputeSourceDir - /root/workspace/apache/flink/316866640/flink-connectors/flink-connector-filesystem/src/main/java
14:38:22.487 [main] INFO  f.i.s.r.p.s.paths.ComputeSourceDir - /root/workspace/apache/flink/316866640/flink-connectors/flink-connector-kafka-0.10/src/main/java
14:38:22.487 [main] INFO  f.i.s.r.p.s.paths.ComputeSourceDir - /root/workspace/apache/flink/316866640/flink-connectors/flink-connector-kafka-0.11/src/main/java
14:38:22.487 [main] INFO  f.i.s.r.p.s.paths.ComputeSourceDir - /root/workspace/apache/flink/316866640/flink-connectors/flink-connector-kafka-0.8/src/main/java
14:38:22.488 [main] INFO  f.i.s.r.p.s.paths.ComputeSourceDir - /root/workspace/apache/flink/316866640/flink-connectors/flink-connector-kafka-0.9/src/main/java
14:38:22.488 [main] INFO  f.i.s.r.p.s.paths.ComputeSourceDir - /root/workspace/apache/flink/316866640/flink-connectors/flink-connector-kafka-base/src/main/java
14:38:22.488 [main] INFO  f.i.s.r.p.s.paths.ComputeSourceDir - /root/workspace/apache/flink/316866640/flink-connectors/flink-connector-nifi/src/main/java
14:38:22.488 [main] INFO  f.i.s.r.p.s.paths.ComputeSourceDir - /root/workspace/apache/flink/316866640/flink-connectors/flink-connector-rabbitmq/src/main/java
14:38:22.488 [main] INFO  f.i.s.r.p.s.paths.ComputeSourceDir - /root/workspace/apache/flink/316866640/flink-connectors/flink-connector-twitter/src/main/java
14:38:22.489 [main] INFO  f.i.s.r.p.s.paths.ComputeSourceDir - /root/workspace/apache/flink/316866640/flink-connectors/flink-hadoop-compatibility/src/main/java
14:38:22.489 [main] INFO  f.i.s.r.p.s.paths.ComputeSourceDir - /root/workspace/apache/flink/316866640/flink-connectors/flink-hbase/src/main/java
14:38:22.489 [main] INFO  f.i.s.r.p.s.paths.ComputeSourceDir - /root/workspace/apache/flink/316866640/flink-connectors/flink-hcatalog/src/main/java
14:38:22.489 [main] INFO  f.i.s.r.p.s.paths.ComputeSourceDir - /root/workspace/apache/flink/316866640/flink-connectors/flink-jdbc/src/main/java
14:38:22.489 [main] INFO  f.i.s.r.p.s.paths.ComputeSourceDir - /root/workspace/apache/flink/316866640/flink-connectors/flink-orc/src/main/java
14:38:22.490 [main] INFO  f.i.s.r.p.s.paths.ComputeSourceDir - /root/workspace/apache/flink/316866640/flink-contrib/flink-connector-wikiedits/src/main/java
14:38:22.490 [main] INFO  f.i.s.r.p.s.paths.ComputeSourceDir - /root/workspace/apache/flink/316866640/flink-contrib/flink-statebackend-rocksdb/src/main/java
14:38:22.490 [main] INFO  f.i.s.r.p.s.paths.ComputeSourceDir - /root/workspace/apache/flink/316866640/flink-contrib/flink-storm-examples/src/main/java
14:38:22.490 [main] INFO  f.i.s.r.p.s.paths.ComputeSourceDir - /root/workspace/apache/flink/316866640/flink-contrib/flink-storm/src/main/java
14:38:22.490 [main] INFO  f.i.s.r.p.s.paths.ComputeSourceDir - /root/workspace/apache/flink/316866640/flink-contrib/flink-streaming-contrib/src/main/java
14:38:22.491 [main] INFO  f.i.s.r.p.s.paths.ComputeSourceDir - /root/workspace/apache/flink/316866640/flink-core/src/main/java
14:38:22.491 [main] INFO  f.i.s.r.p.s.paths.ComputeSourceDir - /root/workspace/apache/flink/316866640/flink-docs/src/main/java
14:38:22.491 [main] INFO  f.i.s.r.p.s.paths.ComputeSourceDir - /root/workspace/apache/flink/316866640/flink-end-to-end-tests/src/main/java
14:38:22.491 [main] INFO  f.i.s.r.p.s.paths.ComputeSourceDir - /root/workspace/apache/flink/316866640/flink-examples/flink-examples-batch/src/main/java
14:38:22.491 [main] INFO  f.i.s.r.p.s.paths.ComputeSourceDir - /root/workspace/apache/flink/316866640/flink-examples/flink-examples-streaming/src/main/java
14:38:22.491 [main] INFO  f.i.s.r.p.s.paths.ComputeSourceDir - /root/workspace/apache/flink/316866640/flink-examples/flink-examples-table/src/main/java
14:38:22.492 [main] INFO  f.i.s.r.p.s.paths.ComputeSourceDir - /root/workspace/apache/flink/316866640/flink-filesystems/flink-hadoop-fs/src/main/java
14:38:22.492 [main] INFO  f.i.s.r.p.s.paths.ComputeSourceDir - /root/workspace/apache/flink/316866640/flink-filesystems/flink-mapr-fs/src/main/java
14:38:22.492 [main] INFO  f.i.s.r.p.s.paths.ComputeSourceDir - /root/workspace/apache/flink/316866640/flink-filesystems/flink-s3-fs-hadoop/src/main/java
14:38:22.492 [main] INFO  f.i.s.r.p.s.paths.ComputeSourceDir - /root/workspace/apache/flink/316866640/flink-filesystems/flink-s3-fs-presto/src/main/java
14:38:22.493 [main] INFO  f.i.s.r.p.s.paths.ComputeSourceDir - /root/workspace/apache/flink/316866640/flink-formats/flink-avro/src/main/java
14:38:22.493 [main] INFO  f.i.s.r.p.s.paths.ComputeSourceDir - /root/workspace/apache/flink/316866640/flink-java/src/main/java
14:38:22.493 [main] INFO  f.i.s.r.p.s.paths.ComputeSourceDir - /root/workspace/apache/flink/316866640/flink-java8/src/main/java
14:38:22.493 [main] INFO  f.i.s.r.p.s.paths.ComputeSourceDir - /root/workspace/apache/flink/316866640/flink-libraries/flink-cep-scala/src/main/scala
14:38:22.494 [main] INFO  f.i.s.r.p.s.paths.ComputeSourceDir - /root/workspace/apache/flink/316866640/flink-libraries/flink-cep/src/main/java
14:38:22.494 [main] INFO  f.i.s.r.p.s.paths.ComputeSourceDir - /root/workspace/apache/flink/316866640/flink-libraries/flink-gelly-examples/src/main/java
14:38:22.494 [main] INFO  f.i.s.r.p.s.paths.ComputeSourceDir - /root/workspace/apache/flink/316866640/flink-libraries/flink-gelly/src/main/java
14:38:22.494 [main] INFO  f.i.s.r.p.s.paths.ComputeSourceDir - /root/workspace/apache/flink/316866640/flink-libraries/flink-python/src/main/java
14:38:22.494 [main] INFO  f.i.s.r.p.s.paths.ComputeSourceDir - /root/workspace/apache/flink/316866640/flink-libraries/flink-table/src/main/java
14:38:22.495 [main] INFO  f.i.s.r.p.s.paths.ComputeSourceDir - /root/workspace/apache/flink/316866640/flink-mesos/src/main/java
14:38:22.495 [main] INFO  f.i.s.r.p.s.paths.ComputeSourceDir - /root/workspace/apache/flink/316866640/flink-metrics/flink-metrics-core/src/main/java
14:38:22.495 [main] INFO  f.i.s.r.p.s.paths.ComputeSourceDir - /root/workspace/apache/flink/316866640/flink-metrics/flink-metrics-datadog/src/main/java
14:38:22.495 [main] INFO  f.i.s.r.p.s.paths.ComputeSourceDir - /root/workspace/apache/flink/316866640/flink-metrics/flink-metrics-dropwizard/src/main/java
14:38:22.495 [main] INFO  f.i.s.r.p.s.paths.ComputeSourceDir - /root/workspace/apache/flink/316866640/flink-metrics/flink-metrics-ganglia/src/main/java
14:38:22.496 [main] INFO  f.i.s.r.p.s.paths.ComputeSourceDir - /root/workspace/apache/flink/316866640/flink-metrics/flink-metrics-graphite/src/main/java
14:38:22.496 [main] INFO  f.i.s.r.p.s.paths.ComputeSourceDir - /root/workspace/apache/flink/316866640/flink-metrics/flink-metrics-jmx/src/main/java
14:38:22.496 [main] INFO  f.i.s.r.p.s.paths.ComputeSourceDir - /root/workspace/apache/flink/316866640/flink-metrics/flink-metrics-prometheus/src/main/java
14:38:22.496 [main] INFO  f.i.s.r.p.s.paths.ComputeSourceDir - /root/workspace/apache/flink/316866640/flink-metrics/flink-metrics-slf4j/src/main/java
14:38:22.496 [main] INFO  f.i.s.r.p.s.paths.ComputeSourceDir - /root/workspace/apache/flink/316866640/flink-metrics/flink-metrics-statsd/src/main/java
14:38:22.497 [main] INFO  f.i.s.r.p.s.paths.ComputeSourceDir - /root/workspace/apache/flink/316866640/flink-optimizer/src/main/java
14:38:22.497 [main] INFO  f.i.s.r.p.s.paths.ComputeSourceDir - /root/workspace/apache/flink/316866640/flink-queryable-state/flink-queryable-state-client-java/src/main/java
14:38:22.497 [main] INFO  f.i.s.r.p.s.paths.ComputeSourceDir - /root/workspace/apache/flink/316866640/flink-queryable-state/flink-queryable-state-runtime/src/main/java
14:38:22.497 [main] INFO  f.i.s.r.p.s.paths.ComputeSourceDir - /root/workspace/apache/flink/316866640/flink-quickstart/flink-quickstart-java/src/main/java
14:38:22.497 [main] INFO  f.i.s.r.p.s.paths.ComputeSourceDir - /root/workspace/apache/flink/316866640/flink-quickstart/flink-quickstart-scala/src/main/java
14:38:22.498 [main] INFO  f.i.s.r.p.s.paths.ComputeSourceDir - /root/workspace/apache/flink/316866640/flink-runtime-web/src/main/java
14:38:22.498 [main] INFO  f.i.s.r.p.s.paths.ComputeSourceDir - /root/workspace/apache/flink/316866640/flink-runtime/src/main/java
14:38:22.498 [main] INFO  f.i.s.r.p.s.paths.ComputeSourceDir - /root/workspace/apache/flink/316866640/flink-scala-shell/src/main/java
14:38:22.498 [main] INFO  f.i.s.r.p.s.paths.ComputeSourceDir - /root/workspace/apache/flink/316866640/flink-scala/src/main/java
14:38:22.498 [main] INFO  f.i.s.r.p.s.paths.ComputeSourceDir - /root/workspace/apache/flink/316866640/flink-streaming-java/src/main/java
14:38:22.498 [main] INFO  f.i.s.r.p.s.paths.ComputeSourceDir - /root/workspace/apache/flink/316866640/flink-test-utils-parent/flink-test-utils-junit/src/main/java
14:38:22.499 [main] INFO  f.i.s.r.p.s.paths.ComputeSourceDir - /root/workspace/apache/flink/316866640/flink-test-utils-parent/flink-test-utils/src/main/java
14:38:22.499 [main] INFO  f.i.s.r.p.s.paths.ComputeSourceDir - /root/workspace/apache/flink/316866640/flink-yarn/src/main/java
14:38:22.587 [main] DEBUG f.i.s.r.p.s.paths.ComputeSourceDir - Compute the line of code of the project
14:38:22.825 [main] DEBUG f.i.s.r.p.s.paths.ComputeSourceDir - Get result from cloc process...
14:38:22.826 [main] DEBUG f.i.s.r.p.s.paths.ComputeSourceDir - STEP STATUS: [ ComputeSourceDir : SUCCESS ]
14:38:22.827 [main] DEBUG f.i.s.r.p.s.paths.ComputeSourceDir - STEP DURATION: 1s
14:38:22.827 [main] DEBUG f.i.s.r.p.s.paths.ComputeSourceDir - EXECUTE NEXT STEP
14:38:22.827 [main] DEBUG f.i.s.r.p.step.paths.ComputeTestDir - ----------------------------------------------------------------------
14:38:22.827 [main] DEBUG f.i.s.r.p.step.paths.ComputeTestDir - STEP 4/22: ComputeTestDir
14:38:22.827 [main] DEBUG f.i.s.r.p.step.paths.ComputeTestDir - ----------------------------------------------------------------------
14:38:22.827 [main] DEBUG f.i.s.r.p.step.paths.ComputeTestDir - Computing the test directory ...
14:38:22.827 [main] DEBUG f.i.s.r.p.step.paths.ComputeTestDir - The default test directory (/root/workspace/apache/flink/316866640/src/test/java) does not exist. Try to read pom.xml to get information.
14:38:22.833 [main] DEBUG f.i.s.r.p.step.paths.ComputeTestDir - The test directory given in pom.xml (/root/workspace/apache/flink/316866640/src/test/java) does not exist. Continue to try to get test dir from all modules.
14:38:22.833 [main] DEBUG f.i.s.r.p.step.paths.ComputeTestDir - The default test directory (/root/workspace/apache/flink/316866640/tools/force-shading/src/test/java) does not exist. Try to read pom.xml to get information.
14:38:22.835 [main] DEBUG f.i.s.r.p.step.paths.ComputeTestDir - The test directory given in pom.xml (/root/workspace/apache/flink/316866640/tools/force-shading/src/test/java) does not exist. Continue to try to get test dir from all modules.
14:38:22.836 [main] ERROR f.i.s.r.p.step.paths.ComputeTestDir - The test directory is not at default location or specified in build section from pom.xml, and no parent can be found.
14:38:22.836 [main] DEBUG f.i.s.r.p.step.paths.ComputeTestDir - The default test directory (/root/workspace/apache/flink/316866640/flink-annotations/src/test/java) does not exist. Try to read pom.xml to get information.
14:38:22.840 [main] DEBUG f.i.s.r.p.step.paths.ComputeTestDir - The test directory given in pom.xml (/root/workspace/apache/flink/316866640/flink-annotations/src/test/java) does not exist. Continue to try to get test dir from all modules.
14:38:22.841 [main] ERROR f.i.s.r.p.step.paths.ComputeTestDir - The test directory is not at default location or specified in build section from pom.xml, and no parent can be found.
14:38:22.841 [main] DEBUG f.i.s.r.p.step.paths.ComputeTestDir - The default test directory (/root/workspace/apache/flink/316866640/flink-shaded-hadoop/src/test/java) does not exist. Try to read pom.xml to get information.
14:38:22.845 [main] DEBUG f.i.s.r.p.step.paths.ComputeTestDir - The test directory given in pom.xml (/root/workspace/apache/flink/316866640/flink-shaded-hadoop/src/test/java) does not exist. Continue to try to get test dir from all modules.
14:38:22.846 [main] DEBUG f.i.s.r.p.step.paths.ComputeTestDir - The default test directory (/root/workspace/apache/flink/316866640/flink-shaded-hadoop/flink-shaded-hadoop2/src/test/java) does not exist. Try to read pom.xml to get information.
14:38:22.851 [main] DEBUG f.i.s.r.p.step.paths.ComputeTestDir - The test directory given in pom.xml (/root/workspace/apache/flink/316866640/flink-shaded-hadoop/flink-shaded-hadoop2/src/test/java) does not exist. Continue to try to get test dir from all modules.
14:38:22.851 [main] ERROR f.i.s.r.p.step.paths.ComputeTestDir - The test directory is not at default location or specified in build section from pom.xml, and no parent can be found.
14:38:22.851 [main] DEBUG f.i.s.r.p.step.paths.ComputeTestDir - The default test directory (/root/workspace/apache/flink/316866640/flink-shaded-hadoop/flink-shaded-hadoop2-uber/src/test/java) does not exist. Try to read pom.xml to get information.
14:38:22.856 [main] DEBUG f.i.s.r.p.step.paths.ComputeTestDir - The test directory given in pom.xml (/root/workspace/apache/flink/316866640/flink-shaded-hadoop/flink-shaded-hadoop2-uber/src/test/java) does not exist. Continue to try to get test dir from all modules.
14:38:22.856 [main] ERROR f.i.s.r.p.step.paths.ComputeTestDir - The test directory is not at default location or specified in build section from pom.xml, and no parent can be found.
14:38:22.856 [main] DEBUG f.i.s.r.p.step.paths.ComputeTestDir - The default test directory (/root/workspace/apache/flink/316866640/flink-shaded-hadoop/flink-shaded-yarn-tests/src/test/java) does not exist. Try to read pom.xml to get information.
14:38:22.861 [main] DEBUG f.i.s.r.p.step.paths.ComputeTestDir - The test directory given in pom.xml (/root/workspace/apache/flink/316866640/flink-shaded-hadoop/flink-shaded-yarn-tests/src/test/java) does not exist. Continue to try to get test dir from all modules.
14:38:22.862 [main] ERROR f.i.s.r.p.step.paths.ComputeTestDir - The test directory is not at default location or specified in build section from pom.xml, and no parent can be found.
14:38:22.862 [main] ERROR f.i.s.r.p.step.paths.ComputeTestDir - The test directory is not at default location or specified in build section from pom.xml, and no parent can be found.
14:38:22.862 [main] DEBUG f.i.s.r.p.step.paths.ComputeTestDir - The default test directory (/root/workspace/apache/flink/316866640/flink-shaded-curator/src/test/java) does not exist. Try to read pom.xml to get information.
14:38:22.867 [main] DEBUG f.i.s.r.p.step.paths.ComputeTestDir - The test directory given in pom.xml (/root/workspace/apache/flink/316866640/flink-shaded-curator/src/test/java) does not exist. Continue to try to get test dir from all modules.
14:38:22.867 [main] ERROR f.i.s.r.p.step.paths.ComputeTestDir - The test directory is not at default location or specified in build section from pom.xml, and no parent can be found.
14:38:22.880 [main] DEBUG f.i.s.r.p.step.paths.ComputeTestDir - The default test directory (/root/workspace/apache/flink/316866640/flink-scala/src/test/java) does not exist. Try to read pom.xml to get information.
14:38:22.885 [main] DEBUG f.i.s.r.p.step.paths.ComputeTestDir - The test directory given in pom.xml (/root/workspace/apache/flink/316866640/flink-scala/src/test/java) does not exist. Continue to try to get test dir from all modules.
14:38:22.885 [main] ERROR f.i.s.r.p.step.paths.ComputeTestDir - The test directory is not at default location or specified in build section from pom.xml, and no parent can be found.
14:38:22.885 [main] DEBUG f.i.s.r.p.step.paths.ComputeTestDir - The default test directory (/root/workspace/apache/flink/316866640/flink-filesystems/src/test/java) does not exist. Try to read pom.xml to get information.
14:38:22.889 [main] DEBUG f.i.s.r.p.step.paths.ComputeTestDir - The test directory given in pom.xml (/root/workspace/apache/flink/316866640/flink-filesystems/src/test/java) does not exist. Continue to try to get test dir from all modules.
14:38:22.934 [main] DEBUG f.i.s.r.p.step.paths.ComputeTestDir - The default test directory (/root/workspace/apache/flink/316866640/flink-connectors/src/test/java) does not exist. Try to read pom.xml to get information.
14:38:22.939 [main] DEBUG f.i.s.r.p.step.paths.ComputeTestDir - The test directory given in pom.xml (/root/workspace/apache/flink/316866640/flink-connectors/src/test/java) does not exist. Continue to try to get test dir from all modules.
14:38:22.958 [main] DEBUG f.i.s.r.p.step.paths.ComputeTestDir - The default test directory (/root/workspace/apache/flink/316866640/flink-connectors/flink-hcatalog/src/test/java) does not exist. Try to read pom.xml to get information.
14:38:22.963 [main] DEBUG f.i.s.r.p.step.paths.ComputeTestDir - The test directory given in pom.xml (/root/workspace/apache/flink/316866640/flink-connectors/flink-hcatalog/src/test/java) does not exist. Continue to try to get test dir from all modules.
14:38:22.963 [main] ERROR f.i.s.r.p.step.paths.ComputeTestDir - The test directory is not at default location or specified in build section from pom.xml, and no parent can be found.
14:38:23.012 [main] DEBUG f.i.s.r.p.step.paths.ComputeTestDir - The default test directory (/root/workspace/apache/flink/316866640/flink-connectors/flink-connector-twitter/src/test/java) does not exist. Try to read pom.xml to get information.
14:38:23.017 [main] DEBUG f.i.s.r.p.step.paths.ComputeTestDir - The test directory given in pom.xml (/root/workspace/apache/flink/316866640/flink-connectors/flink-connector-twitter/src/test/java) does not exist. Continue to try to get test dir from all modules.
14:38:23.017 [main] ERROR f.i.s.r.p.step.paths.ComputeTestDir - The test directory is not at default location or specified in build section from pom.xml, and no parent can be found.
14:38:23.031 [main] DEBUG f.i.s.r.p.step.paths.ComputeTestDir - The default test directory (/root/workspace/apache/flink/316866640/flink-formats/src/test/java) does not exist. Try to read pom.xml to get information.
14:38:23.036 [main] DEBUG f.i.s.r.p.step.paths.ComputeTestDir - The test directory given in pom.xml (/root/workspace/apache/flink/316866640/flink-formats/src/test/java) does not exist. Continue to try to get test dir from all modules.
14:38:23.040 [main] DEBUG f.i.s.r.p.step.paths.ComputeTestDir - The default test directory (/root/workspace/apache/flink/316866640/flink-examples/src/test/java) does not exist. Try to read pom.xml to get information.
14:38:23.044 [main] DEBUG f.i.s.r.p.step.paths.ComputeTestDir - The test directory given in pom.xml (/root/workspace/apache/flink/316866640/flink-examples/src/test/java) does not exist. Continue to try to get test dir from all modules.
14:38:23.044 [main] DEBUG f.i.s.r.p.step.paths.ComputeTestDir - The default test directory (/root/workspace/apache/flink/316866640/flink-examples/flink-examples-batch/src/test/java) does not exist. Try to read pom.xml to get information.
14:38:23.049 [main] DEBUG f.i.s.r.p.step.paths.ComputeTestDir - The test directory given in pom.xml (/root/workspace/apache/flink/316866640/flink-examples/flink-examples-batch/src/test/java) does not exist. Continue to try to get test dir from all modules.
14:38:23.050 [main] ERROR f.i.s.r.p.step.paths.ComputeTestDir - The test directory is not at default location or specified in build section from pom.xml, and no parent can be found.
14:38:23.055 [main] DEBUG f.i.s.r.p.step.paths.ComputeTestDir - The default test directory (/root/workspace/apache/flink/316866640/flink-examples/flink-examples-table/src/test/java) does not exist. Try to read pom.xml to get information.
14:38:23.059 [main] DEBUG f.i.s.r.p.step.paths.ComputeTestDir - The test directory given in pom.xml (/root/workspace/apache/flink/316866640/flink-examples/flink-examples-table/src/test/java) does not exist. Continue to try to get test dir from all modules.
14:38:23.060 [main] ERROR f.i.s.r.p.step.paths.ComputeTestDir - The test directory is not at default location or specified in build section from pom.xml, and no parent can be found.
14:38:23.064 [main] DEBUG f.i.s.r.p.step.paths.ComputeTestDir - The default test directory (/root/workspace/apache/flink/316866640/flink-queryable-state/src/test/java) does not exist. Try to read pom.xml to get information.
14:38:23.068 [main] DEBUG f.i.s.r.p.step.paths.ComputeTestDir - The test directory given in pom.xml (/root/workspace/apache/flink/316866640/flink-queryable-state/src/test/java) does not exist. Continue to try to get test dir from all modules.
14:38:23.083 [main] DEBUG f.i.s.r.p.step.paths.ComputeTestDir - The default test directory (/root/workspace/apache/flink/316866640/flink-end-to-end-tests/src/test/java) does not exist. Try to read pom.xml to get information.
14:38:23.088 [main] DEBUG f.i.s.r.p.step.paths.ComputeTestDir - The test directory given in pom.xml (/root/workspace/apache/flink/316866640/flink-end-to-end-tests/src/test/java) does not exist. Continue to try to get test dir from all modules.
14:38:23.088 [main] ERROR f.i.s.r.p.step.paths.ComputeTestDir - The test directory is not at default location or specified in build section from pom.xml, and no parent can be found.
14:38:23.088 [main] DEBUG f.i.s.r.p.step.paths.ComputeTestDir - The default test directory (/root/workspace/apache/flink/316866640/flink-test-utils-parent/src/test/java) does not exist. Try to read pom.xml to get information.
14:38:23.092 [main] DEBUG f.i.s.r.p.step.paths.ComputeTestDir - The test directory given in pom.xml (/root/workspace/apache/flink/316866640/flink-test-utils-parent/src/test/java) does not exist. Continue to try to get test dir from all modules.
14:38:23.101 [main] DEBUG f.i.s.r.p.step.paths.ComputeTestDir - The default test directory (/root/workspace/apache/flink/316866640/flink-libraries/src/test/java) does not exist. Try to read pom.xml to get information.
14:38:23.105 [main] DEBUG f.i.s.r.p.step.paths.ComputeTestDir - The test directory given in pom.xml (/root/workspace/apache/flink/316866640/flink-libraries/src/test/java) does not exist. Continue to try to get test dir from all modules.
14:38:23.110 [main] DEBUG f.i.s.r.p.step.paths.ComputeTestDir - The default test directory (/root/workspace/apache/flink/316866640/flink-libraries/flink-gelly-scala/src/test/java) does not exist. Try to read pom.xml to get information.
14:38:23.114 [main] DEBUG f.i.s.r.p.step.paths.ComputeTestDir - The test directory given in pom.xml (/root/workspace/apache/flink/316866640/flink-libraries/flink-gelly-scala/src/test/java) does not exist. Continue to try to get test dir from all modules.
14:38:23.115 [main] ERROR f.i.s.r.p.step.paths.ComputeTestDir - The test directory is not at default location or specified in build section from pom.xml, and no parent can be found.
14:38:23.129 [main] DEBUG f.i.s.r.p.step.paths.ComputeTestDir - The default test directory (/root/workspace/apache/flink/316866640/flink-libraries/flink-ml/src/test/java) does not exist. Try to read pom.xml to get information.
14:38:23.134 [main] DEBUG f.i.s.r.p.step.paths.ComputeTestDir - The test directory given in pom.xml (/root/workspace/apache/flink/316866640/flink-libraries/flink-ml/src/test/java) does not exist. Continue to try to get test dir from all modules.
14:38:23.134 [main] ERROR f.i.s.r.p.step.paths.ComputeTestDir - The test directory is not at default location or specified in build section from pom.xml, and no parent can be found.
14:38:23.139 [main] DEBUG f.i.s.r.p.step.paths.ComputeTestDir - The default test directory (/root/workspace/apache/flink/316866640/flink-libraries/flink-cep-scala/src/test/java) does not exist. Try to read pom.xml to get information.
14:38:23.144 [main] DEBUG f.i.s.r.p.step.paths.ComputeTestDir - The test directory given in pom.xml (/root/workspace/apache/flink/316866640/flink-libraries/flink-cep-scala/src/test/java) does not exist. Continue to try to get test dir from all modules.
14:38:23.144 [main] ERROR f.i.s.r.p.step.paths.ComputeTestDir - The test directory is not at default location or specified in build section from pom.xml, and no parent can be found.
14:38:23.148 [main] DEBUG f.i.s.r.p.step.paths.ComputeTestDir - The default test directory (/root/workspace/apache/flink/316866640/flink-quickstart/src/test/java) does not exist. Try to read pom.xml to get information.
14:38:23.153 [main] DEBUG f.i.s.r.p.step.paths.ComputeTestDir - The test directory given in pom.xml (/root/workspace/apache/flink/316866640/flink-quickstart/src/test/java) does not exist. Continue to try to get test dir from all modules.
14:38:23.153 [main] DEBUG f.i.s.r.p.step.paths.ComputeTestDir - The default test directory (/root/workspace/apache/flink/316866640/flink-quickstart/flink-quickstart-java/src/test/java) does not exist. Try to read pom.xml to get information.
14:38:23.158 [main] DEBUG f.i.s.r.p.step.paths.ComputeTestDir - The test directory given in pom.xml (/root/workspace/apache/flink/316866640/flink-quickstart/flink-quickstart-java/src/test/java) does not exist. Continue to try to get test dir from all modules.
14:38:23.158 [main] ERROR f.i.s.r.p.step.paths.ComputeTestDir - The test directory is not at default location or specified in build section from pom.xml, and no parent can be found.
14:38:23.158 [main] DEBUG f.i.s.r.p.step.paths.ComputeTestDir - The default test directory (/root/workspace/apache/flink/316866640/flink-quickstart/flink-quickstart-scala/src/test/java) does not exist. Try to read pom.xml to get information.
14:38:23.163 [main] DEBUG f.i.s.r.p.step.paths.ComputeTestDir - The test directory given in pom.xml (/root/workspace/apache/flink/316866640/flink-quickstart/flink-quickstart-scala/src/test/java) does not exist. Continue to try to get test dir from all modules.
14:38:23.163 [main] ERROR f.i.s.r.p.step.paths.ComputeTestDir - The test directory is not at default location or specified in build section from pom.xml, and no parent can be found.
14:38:23.163 [main] ERROR f.i.s.r.p.step.paths.ComputeTestDir - The test directory is not at default location or specified in build section from pom.xml, and no parent can be found.
14:38:23.163 [main] DEBUG f.i.s.r.p.step.paths.ComputeTestDir - The default test directory (/root/workspace/apache/flink/316866640/flink-contrib/src/test/java) does not exist. Try to read pom.xml to get information.
14:38:23.167 [main] DEBUG f.i.s.r.p.step.paths.ComputeTestDir - The test directory given in pom.xml (/root/workspace/apache/flink/316866640/flink-contrib/src/test/java) does not exist. Continue to try to get test dir from all modules.
14:38:23.199 [main] DEBUG f.i.s.r.p.step.paths.ComputeTestDir - The default test directory (/root/workspace/apache/flink/316866640/flink-metrics/src/test/java) does not exist. Try to read pom.xml to get information.
14:38:23.203 [main] DEBUG f.i.s.r.p.step.paths.ComputeTestDir - The test directory given in pom.xml (/root/workspace/apache/flink/316866640/flink-metrics/src/test/java) does not exist. Continue to try to get test dir from all modules.
14:38:23.212 [main] DEBUG f.i.s.r.p.step.paths.ComputeTestDir - The default test directory (/root/workspace/apache/flink/316866640/flink-metrics/flink-metrics-ganglia/src/test/java) does not exist. Try to read pom.xml to get information.
14:38:23.217 [main] DEBUG f.i.s.r.p.step.paths.ComputeTestDir - The test directory given in pom.xml (/root/workspace/apache/flink/316866640/flink-metrics/flink-metrics-ganglia/src/test/java) does not exist. Continue to try to get test dir from all modules.
14:38:23.217 [main] ERROR f.i.s.r.p.step.paths.ComputeTestDir - The test directory is not at default location or specified in build section from pom.xml, and no parent can be found.
14:38:23.217 [main] DEBUG f.i.s.r.p.step.paths.ComputeTestDir - The default test directory (/root/workspace/apache/flink/316866640/flink-metrics/flink-metrics-graphite/src/test/java) does not exist. Try to read pom.xml to get information.
14:38:23.222 [main] DEBUG f.i.s.r.p.step.paths.ComputeTestDir - The test directory given in pom.xml (/root/workspace/apache/flink/316866640/flink-metrics/flink-metrics-graphite/src/test/java) does not exist. Continue to try to get test dir from all modules.
14:38:23.222 [main] ERROR f.i.s.r.p.step.paths.ComputeTestDir - The test directory is not at default location or specified in build section from pom.xml, and no parent can be found.
14:38:23.256 [main] DEBUG f.i.s.r.p.step.paths.ComputeTestDir - The default test directory (/root/workspace/apache/flink/316866640/flink-docs/src/test/java) does not exist. Try to read pom.xml to get information.
14:38:23.261 [main] DEBUG f.i.s.r.p.step.paths.ComputeTestDir - The test directory given in pom.xml (/root/workspace/apache/flink/316866640/flink-docs/src/test/java) does not exist. Continue to try to get test dir from all modules.
14:38:23.261 [main] ERROR f.i.s.r.p.step.paths.ComputeTestDir - The test directory is not at default location or specified in build section from pom.xml, and no parent can be found.
14:38:23.261 [main] INFO  f.i.s.r.p.step.paths.ComputeTestDir - 60 test dirs were found:
14:38:23.261 [main] INFO  f.i.s.r.p.step.paths.ComputeTestDir - /root/workspace/apache/flink/316866640/flink-clients/src/test/java
14:38:23.261 [main] INFO  f.i.s.r.p.step.paths.ComputeTestDir - /root/workspace/apache/flink/316866640/flink-connectors/flink-connector-cassandra/src/test/java
14:38:23.262 [main] INFO  f.i.s.r.p.step.paths.ComputeTestDir - /root/workspace/apache/flink/316866640/flink-connectors/flink-connector-elasticsearch-base/src/test/java
14:38:23.262 [main] INFO  f.i.s.r.p.step.paths.ComputeTestDir - /root/workspace/apache/flink/316866640/flink-connectors/flink-connector-elasticsearch/src/test/java
14:38:23.262 [main] INFO  f.i.s.r.p.step.paths.ComputeTestDir - /root/workspace/apache/flink/316866640/flink-connectors/flink-connector-elasticsearch2/src/test/java
14:38:23.262 [main] INFO  f.i.s.r.p.step.paths.ComputeTestDir - /root/workspace/apache/flink/316866640/flink-connectors/flink-connector-elasticsearch5/src/test/java
14:38:23.262 [main] INFO  f.i.s.r.p.step.paths.ComputeTestDir - /root/workspace/apache/flink/316866640/flink-connectors/flink-connector-filesystem/src/test/java
14:38:23.262 [main] INFO  f.i.s.r.p.step.paths.ComputeTestDir - /root/workspace/apache/flink/316866640/flink-connectors/flink-connector-kafka-0.10/src/test/java
14:38:23.262 [main] INFO  f.i.s.r.p.step.paths.ComputeTestDir - /root/workspace/apache/flink/316866640/flink-connectors/flink-connector-kafka-0.11/src/test/java
14:38:23.262 [main] INFO  f.i.s.r.p.step.paths.ComputeTestDir - /root/workspace/apache/flink/316866640/flink-connectors/flink-connector-kafka-0.8/src/test/java
14:38:23.262 [main] INFO  f.i.s.r.p.step.paths.ComputeTestDir - /root/workspace/apache/flink/316866640/flink-connectors/flink-connector-kafka-0.9/src/test/java
14:38:23.263 [main] INFO  f.i.s.r.p.step.paths.ComputeTestDir - /root/workspace/apache/flink/316866640/flink-connectors/flink-connector-kafka-base/src/test/java
14:38:23.263 [main] INFO  f.i.s.r.p.step.paths.ComputeTestDir - /root/workspace/apache/flink/316866640/flink-connectors/flink-connector-nifi/src/test/java
14:38:23.263 [main] INFO  f.i.s.r.p.step.paths.ComputeTestDir - /root/workspace/apache/flink/316866640/flink-connectors/flink-connector-rabbitmq/src/test/java
14:38:23.263 [main] INFO  f.i.s.r.p.step.paths.ComputeTestDir - /root/workspace/apache/flink/316866640/flink-connectors/flink-hadoop-compatibility/src/test/java
14:38:23.263 [main] INFO  f.i.s.r.p.step.paths.ComputeTestDir - /root/workspace/apache/flink/316866640/flink-connectors/flink-hbase/src/test/java
14:38:23.263 [main] INFO  f.i.s.r.p.step.paths.ComputeTestDir - /root/workspace/apache/flink/316866640/flink-connectors/flink-jdbc/src/test/java
14:38:23.263 [main] INFO  f.i.s.r.p.step.paths.ComputeTestDir - /root/workspace/apache/flink/316866640/flink-connectors/flink-orc/src/test/java
14:38:23.263 [main] INFO  f.i.s.r.p.step.paths.ComputeTestDir - /root/workspace/apache/flink/316866640/flink-contrib/flink-connector-wikiedits/src/test/java
14:38:23.263 [main] INFO  f.i.s.r.p.step.paths.ComputeTestDir - /root/workspace/apache/flink/316866640/flink-contrib/flink-statebackend-rocksdb/src/test/java
14:38:23.264 [main] INFO  f.i.s.r.p.step.paths.ComputeTestDir - /root/workspace/apache/flink/316866640/flink-contrib/flink-storm-examples/src/test/java
14:38:23.264 [main] INFO  f.i.s.r.p.step.paths.ComputeTestDir - /root/workspace/apache/flink/316866640/flink-contrib/flink-storm/src/test/java
14:38:23.264 [main] INFO  f.i.s.r.p.step.paths.ComputeTestDir - /root/workspace/apache/flink/316866640/flink-contrib/flink-streaming-contrib/src/test/java
14:38:23.264 [main] INFO  f.i.s.r.p.step.paths.ComputeTestDir - /root/workspace/apache/flink/316866640/flink-core/src/test/java
14:38:23.264 [main] INFO  f.i.s.r.p.step.paths.ComputeTestDir - /root/workspace/apache/flink/316866640/flink-dist/src/test/java
14:38:23.264 [main] INFO  f.i.s.r.p.step.paths.ComputeTestDir - /root/workspace/apache/flink/316866640/flink-examples/flink-examples-streaming/src/test/java
14:38:23.264 [main] INFO  f.i.s.r.p.step.paths.ComputeTestDir - /root/workspace/apache/flink/316866640/flink-filesystems/flink-hadoop-fs/src/test/java
14:38:23.264 [main] INFO  f.i.s.r.p.step.paths.ComputeTestDir - /root/workspace/apache/flink/316866640/flink-filesystems/flink-mapr-fs/src/test/java
14:38:23.264 [main] INFO  f.i.s.r.p.step.paths.ComputeTestDir - /root/workspace/apache/flink/316866640/flink-filesystems/flink-s3-fs-hadoop/src/test/java
14:38:23.265 [main] INFO  f.i.s.r.p.step.paths.ComputeTestDir - /root/workspace/apache/flink/316866640/flink-filesystems/flink-s3-fs-presto/src/test/java
14:38:23.265 [main] INFO  f.i.s.r.p.step.paths.ComputeTestDir - /root/workspace/apache/flink/316866640/flink-formats/flink-avro/src/test/java
14:38:23.265 [main] INFO  f.i.s.r.p.step.paths.ComputeTestDir - /root/workspace/apache/flink/316866640/flink-fs-tests/src/test/java
14:38:23.265 [main] INFO  f.i.s.r.p.step.paths.ComputeTestDir - /root/workspace/apache/flink/316866640/flink-java/src/test/java
14:38:23.265 [main] INFO  f.i.s.r.p.step.paths.ComputeTestDir - /root/workspace/apache/flink/316866640/flink-java8/src/test/java
14:38:23.265 [main] INFO  f.i.s.r.p.step.paths.ComputeTestDir - /root/workspace/apache/flink/316866640/flink-libraries/flink-cep/src/test/java
14:38:23.265 [main] INFO  f.i.s.r.p.step.paths.ComputeTestDir - /root/workspace/apache/flink/316866640/flink-libraries/flink-gelly-examples/src/test/java
14:38:23.265 [main] INFO  f.i.s.r.p.step.paths.ComputeTestDir - /root/workspace/apache/flink/316866640/flink-libraries/flink-gelly/src/test/java
14:38:23.265 [main] INFO  f.i.s.r.p.step.paths.ComputeTestDir - /root/workspace/apache/flink/316866640/flink-libraries/flink-python/src/test/java
14:38:23.266 [main] INFO  f.i.s.r.p.step.paths.ComputeTestDir - /root/workspace/apache/flink/316866640/flink-libraries/flink-table/src/test/java
14:38:23.266 [main] INFO  f.i.s.r.p.step.paths.ComputeTestDir - /root/workspace/apache/flink/316866640/flink-mesos/src/test/java
14:38:23.266 [main] INFO  f.i.s.r.p.step.paths.ComputeTestDir - /root/workspace/apache/flink/316866640/flink-metrics/flink-metrics-core/src/test/java
14:38:23.266 [main] INFO  f.i.s.r.p.step.paths.ComputeTestDir - /root/workspace/apache/flink/316866640/flink-metrics/flink-metrics-datadog/src/test/java
14:38:23.266 [main] INFO  f.i.s.r.p.step.paths.ComputeTestDir - /root/workspace/apache/flink/316866640/flink-metrics/flink-metrics-dropwizard/src/test/java
14:38:23.266 [main] INFO  f.i.s.r.p.step.paths.ComputeTestDir - /root/workspace/apache/flink/316866640/flink-metrics/flink-metrics-jmx/src/test/java
14:38:23.266 [main] INFO  f.i.s.r.p.step.paths.ComputeTestDir - /root/workspace/apache/flink/316866640/flink-metrics/flink-metrics-prometheus/src/test/java
14:38:23.266 [main] INFO  f.i.s.r.p.step.paths.ComputeTestDir - /root/workspace/apache/flink/316866640/flink-metrics/flink-metrics-slf4j/src/test/java
14:38:23.266 [main] INFO  f.i.s.r.p.step.paths.ComputeTestDir - /root/workspace/apache/flink/316866640/flink-metrics/flink-metrics-statsd/src/test/java
14:38:23.266 [main] INFO  f.i.s.r.p.step.paths.ComputeTestDir - /root/workspace/apache/flink/316866640/flink-optimizer/src/test/java
14:38:23.266 [main] INFO  f.i.s.r.p.step.paths.ComputeTestDir - /root/workspace/apache/flink/316866640/flink-queryable-state/flink-queryable-state-client-java/src/test/java
14:38:23.267 [main] INFO  f.i.s.r.p.step.paths.ComputeTestDir - /root/workspace/apache/flink/316866640/flink-queryable-state/flink-queryable-state-runtime/src/test/java
14:38:23.267 [main] INFO  f.i.s.r.p.step.paths.ComputeTestDir - /root/workspace/apache/flink/316866640/flink-runtime-web/src/test/java
14:38:23.267 [main] INFO  f.i.s.r.p.step.paths.ComputeTestDir - /root/workspace/apache/flink/316866640/flink-runtime/src/test/java
14:38:23.267 [main] INFO  f.i.s.r.p.step.paths.ComputeTestDir - /root/workspace/apache/flink/316866640/flink-scala-shell/src/test/java
14:38:23.267 [main] INFO  f.i.s.r.p.step.paths.ComputeTestDir - /root/workspace/apache/flink/316866640/flink-streaming-java/src/test/java
14:38:23.267 [main] INFO  f.i.s.r.p.step.paths.ComputeTestDir - /root/workspace/apache/flink/316866640/flink-streaming-scala/src/test/java
14:38:23.267 [main] INFO  f.i.s.r.p.step.paths.ComputeTestDir - /root/workspace/apache/flink/316866640/flink-test-utils-parent/flink-test-utils-junit/src/test/java
14:38:23.267 [main] INFO  f.i.s.r.p.step.paths.ComputeTestDir - /root/workspace/apache/flink/316866640/flink-test-utils-parent/flink-test-utils/src/test/java
14:38:23.267 [main] INFO  f.i.s.r.p.step.paths.ComputeTestDir - /root/workspace/apache/flink/316866640/flink-tests/src/test/java
14:38:23.267 [main] INFO  f.i.s.r.p.step.paths.ComputeTestDir - /root/workspace/apache/flink/316866640/flink-yarn-tests/src/test/java
14:38:23.267 [main] INFO  f.i.s.r.p.step.paths.ComputeTestDir - /root/workspace/apache/flink/316866640/flink-yarn/src/test/java
14:38:23.317 [main] DEBUG f.i.s.r.p.step.paths.ComputeTestDir - STEP STATUS: [ ComputeTestDir : SUCCESS ]
14:38:23.317 [main] DEBUG f.i.s.r.p.step.paths.ComputeTestDir - STEP DURATION: 0s
14:38:23.317 [main] DEBUG f.i.s.r.p.step.paths.ComputeTestDir - EXECUTE NEXT STEP
14:38:23.318 [main] DEBUG f.i.s.r.p.s.c.CheckoutBuggyBuildSourceCode - ----------------------------------------------------------------------
14:38:23.318 [main] DEBUG f.i.s.r.p.s.c.CheckoutBuggyBuildSourceCode - STEP 5/22: CheckoutBuggyBuildCandidateSourceCode
14:38:23.318 [main] DEBUG f.i.s.r.p.s.c.CheckoutBuggyBuildSourceCode - ----------------------------------------------------------------------
14:38:23.318 [main] DEBUG f.i.s.r.p.s.c.CheckoutBuggyBuildSourceCode - Checking out the source code of the buggy build candidate...
14:38:24.116 [main] INFO  fr.inria.jtravis.JTravis - GitHub ratelimit: Limit: 5000 Remaining: 4691 Reset hour: 19:18:03
14:38:26.058 [main] DEBUG f.i.s.r.process.git.GitHelper - Commit repairnator files...
14:38:26.059 [main] INFO  f.i.s.r.process.git.GitHelper - There is no repairnator file to commit.
14:38:26.059 [main] DEBUG f.i.s.r.p.s.c.CheckoutBuggyBuildSourceCode - Reproduce the PR for apache/flink by fetching remote branch and merging.
14:38:26.563 [main] DEBUG f.i.s.r.process.git.GitHelper - Step CheckoutBuggyBuildCandidateSourceCode - Get the commit 7b89d3fc7411badd842d039c4f23feb97ed49f68 for repo apache/flink
14:38:27.277 [main] DEBUG f.i.s.r.process.git.GitHelper - Step CheckoutBuggyBuildCandidateSourceCode - Do the merge with the PR commit for repo apache/flink
14:38:28.316 [main] INFO  f.i.s.r.process.git.GitHelper - Init git submodules.
14:38:28.544 [main] INFO  fr.inria.jtravis.JTravis - GitHub ratelimit: Limit: 5000 Remaining: 4684 Reset hour: 19:18:03
14:38:30.501 [main] DEBUG f.i.s.r.process.git.GitHelper - Commit repairnator files...
14:38:30.501 [main] INFO  f.i.s.r.process.git.GitHelper - There is no repairnator file to commit.
14:38:30.501 [main] DEBUG f.i.s.r.p.s.c.CheckoutBuggyBuildSourceCode - Reproduce the PR for apache/flink by fetching remote branch and merging.
14:38:30.952 [main] ERROR f.i.s.r.p.s.c.CheckoutBuggyBuildSourceCode - Error while testing commit: org.eclipse.jgit.errors.MissingObjectException: Missing unknown 93822bfac6a0794b2b2047e046dcef93c5313185
14:38:30.953 [main] ERROR f.i.s.r.p.s.c.CheckoutBuggyBuildSourceCode - Commit head ref cannot be retrieved from the repository: 93822bfac6a0794b2b2047e046dcef93c5313185. Operation aborted.
14:38:30.953 [main] ERROR f.i.s.r.p.s.c.CheckoutBuggyBuildSourceCode - Error while merging two commits to reproduce the PR.
14:38:30.954 [main] DEBUG f.i.s.r.p.s.c.CheckoutBuggyBuildSourceCode - STEP STATUS: [ CheckoutBuggyBuildCandidateSourceCode : FAILURE ( BUILDNOTCHECKEDOUT ) ]
14:38:30.954 [main] DEBUG f.i.s.r.p.s.c.CheckoutBuggyBuildSourceCode - STEP DURATION: 7s
14:38:30.954 [main] DEBUG f.i.s.r.p.s.c.CheckoutBuggyBuildSourceCode - TERMINATE PIPELINE
14:38:30.955 [main] DEBUG f.i.s.r.p.s.c.CheckoutBuggyBuildSourceCode - FINAL STEPS SKIPPED: The reproduction of the bug and/or the patch failed.
14:38:30.955 [main] INFO  f.i.s.r.p.s.c.CheckoutBuggyBuildSourceCode - Serialize all data for the pair of builds 316866640, 328917407
14:38:31.081 [main] INFO  fr.inria.jtravis.JTravis - GitHub ratelimit: Limit: 5000 Remaining: 4677 Reset hour: 19:18:03
14:38:32.528 [main] INFO  f.i.s.r.p.i.ProjectInspector - ----------------------------------------------------------------------
14:38:32.528 [main] INFO  f.i.s.r.p.i.ProjectInspector - PIPELINE EXECUTION SUMMARY
14:38:32.528 [main] INFO  f.i.s.r.p.i.ProjectInspector - ----------------------------------------------------------------------
14:38:32.529 [main] INFO  f.i.s.r.p.i.ProjectInspector - CloneRepository.......................................SUCCESS [ 71 s ]
14:38:32.529 [main] INFO  f.i.s.r.p.i.ProjectInspector - CheckoutPatchedBuildCandidate.........................SUCCESS [ 18 s ]
14:38:32.529 [main] INFO  f.i.s.r.p.i.ProjectInspector - ComputeSourceDir......................................SUCCESS [  1 s ]
14:38:32.529 [main] INFO  f.i.s.r.p.i.ProjectInspector - ComputeTestDir........................................SUCCESS [  0 s ]
14:38:32.529 [main] INFO  f.i.s.r.p.i.ProjectInspector - CheckoutBuggyBuildCandidateSourceCode.................FAILURE [  7 s ]
14:38:32.529 [main] INFO  f.i.s.r.p.i.ProjectInspector - BuildProjectBuggyBuildCandidateSourceCode.............NOT RUN         
14:38:32.530 [main] INFO  f.i.s.r.p.i.ProjectInspector - TestProjectBuggyBuildCandidateSourceCode..............NOT RUN         
14:38:32.530 [main] INFO  f.i.s.r.p.i.ProjectInspector - GatherTestInformationBuggyBuildCandidateSourceCode....NOT RUN         
14:38:32.530 [main] INFO  f.i.s.r.p.i.ProjectInspector - CheckoutBuggyBuildTestCode............................NOT RUN         
14:38:32.530 [main] INFO  f.i.s.r.p.i.ProjectInspector - InitRepoToPush........................................NOT RUN         
14:38:32.530 [main] INFO  f.i.s.r.p.i.ProjectInspector - ComputeClasspath......................................NOT RUN         
14:38:32.531 [main] INFO  f.i.s.r.p.i.ProjectInspector - ComputeModules........................................NOT RUN         
14:38:32.531 [main] INFO  f.i.s.r.p.i.ProjectInspector - CheckoutBuggyBuildCandidateSourceCode.................NOT RUN         
14:38:32.531 [main] INFO  f.i.s.r.p.i.ProjectInspector - CommitChangedTests....................................NOT RUN         
14:38:32.531 [main] INFO  f.i.s.r.p.i.ProjectInspector - CheckoutPatchedBuildCandidate.........................NOT RUN         
14:38:32.532 [main] INFO  f.i.s.r.p.i.ProjectInspector - BuildProjectPatchedBuildCandidate.....................NOT RUN         
14:38:32.532 [main] INFO  f.i.s.r.p.i.ProjectInspector - TestProjectPatchedBuildCandidate......................NOT RUN         
14:38:32.532 [main] INFO  f.i.s.r.p.i.ProjectInspector - GatherTestInformationPatchedBuildCandidate............NOT RUN         
14:38:32.532 [main] INFO  f.i.s.r.p.i.ProjectInspector - CommitPatch...........................................NOT RUN         
14:38:32.532 [main] INFO  f.i.s.r.p.i.ProjectInspector - WritePropertyFile.....................................NOT RUN         
14:38:32.532 [main] INFO  f.i.s.r.p.i.ProjectInspector - CommitProcessEnd......................................NOT RUN         
14:38:32.533 [main] INFO  f.i.s.r.p.i.ProjectInspector - PushProcessEnd........................................NOT RUN         
14:38:32.533 [main] INFO  f.i.s.r.p.i.ProjectInspector - ----------------------------------------------------------------------
14:38:32.533 [main] INFO  f.i.s.r.p.i.ProjectInspector - PIPELINE FINDING: BUILDNOTCHECKEDOUT
14:38:32.533 [main] INFO  f.i.s.r.p.i.ProjectInspector - ----------------------------------------------------------------------
14:38:32.533 [main] INFO  f.i.s.repairnator.pipeline.Launcher - Inspector is finished. The process will exit now.
