21:22:03.426 [main] INFO  f.i.s.repairnator.pipeline.Launcher - PIPELINE VERSION: 3.0-2018-08-09 19:04
21:22:03.581 [main] INFO  f.i.s.repairnator.pipeline.Launcher - The pipeline will try to reproduce a bug from build 329440330 and its corresponding patch from build 330255284
21:22:03.581 [main] INFO  f.i.s.repairnator.pipeline.Launcher - Initialize file serializer engines.
21:22:03.583 [main] INFO  f.i.s.repairnator.pipeline.Launcher - MongoDB won't be used for serialization.
21:22:03.583 [main] INFO  f.i.s.repairnator.pipeline.Launcher - The email notifier engine won't be used.
21:22:03.586 [main] INFO  f.i.s.repairnator.pipeline.Launcher - Start by getting the build (buildId: 329440330) with the following config: RepairnatorConfig{runId='37882099-5e5d-4fae-9744-50be0382c1aa_01-18-week3-PASSING_AND_PASSING', launcherMode=BEARS, serializeJson=true, inputPath='null', outputPath='/var/log', mongodbHost='null', mongodbName='repairnator', smtpServer='null', notifyTo=[], notifyEndProcess=false, push=true, pushRemoteRepo='https://github.com/fermadeiral/bears-collection-pp', fork=false, lookFromDate=null, lookToDate=null, buildId=329440330, z3solverPath='./z3_for_linux', workspacePath='./workspace', githubToken='c8a341a903[...]', dockerImageName='null', skipDelete=false, createOutputDir=false, logDirectory='null', nbThreads=0, globalTimeout=0, whiteList=null, blackList=null, jobSleepTime=0, buildSleepTime=0, maxInspectedBuilds=0, duration=null, humanPatch=false, repository='null', clean=true, bearsMode=BOTH, bearsDelimiter = false, repairTools=NopolAllTests,NPEFix,AssertFixer,AstorJGenProg,AstorJKali,NopolSingleTest,AstorJMut,NopolTestExclusionStrategy, githubUserName= fermadeiral, githubUserEmail=fer.madeiral@gmail.com}
21:22:04.780 [main] DEBUG fr.inria.jtravis.helpers.BuildHelper - Get request to :https://api.travis-ci.org/build/329440330 done after 769 ms
21:22:05.030 [main] DEBUG fr.inria.jtravis.helpers.BuildHelper - Get request to :https://api.travis-ci.org/build/330255284 done after 127 ms
21:22:05.043 [main] INFO  f.i.s.repairnator.pipeline.Launcher - The patched build (330255284) was successfully retrieved from Travis.
21:22:06.126 [main] INFO  fr.inria.jtravis.JTravis - GitHub ratelimit: Limit: 5000 Remaining: 4875 Reset hour: 19:18:28
21:22:06.369 [main] INFO  f.i.s.r.p.i.ProjectInspector - ----------------------------------------------------------------------
21:22:06.369 [main] INFO  f.i.s.r.p.i.ProjectInspector - PIPELINE STEPS
21:22:06.369 [main] INFO  f.i.s.r.p.i.ProjectInspector - ----------------------------------------------------------------------
21:22:06.370 [main] INFO  f.i.s.r.p.i.ProjectInspector - CloneRepository
21:22:06.370 [main] INFO  f.i.s.r.p.i.ProjectInspector - CheckoutPatchedBuildCandidate
21:22:06.370 [main] INFO  f.i.s.r.p.i.ProjectInspector - ComputeSourceDir
21:22:06.370 [main] INFO  f.i.s.r.p.i.ProjectInspector - ComputeTestDir
21:22:06.370 [main] INFO  f.i.s.r.p.i.ProjectInspector - CheckoutBuggyBuildCandidateSourceCode
21:22:06.371 [main] INFO  f.i.s.r.p.i.ProjectInspector - BuildProjectBuggyBuildCandidateSourceCode
21:22:06.371 [main] INFO  f.i.s.r.p.i.ProjectInspector - TestProjectBuggyBuildCandidateSourceCode
21:22:06.371 [main] INFO  f.i.s.r.p.i.ProjectInspector - GatherTestInformationBuggyBuildCandidateSourceCode
21:22:06.371 [main] INFO  f.i.s.r.p.i.ProjectInspector - CheckoutBuggyBuildTestCode
21:22:06.371 [main] INFO  f.i.s.r.p.i.ProjectInspector - InitRepoToPush
21:22:06.371 [main] INFO  f.i.s.r.p.i.ProjectInspector - ComputeClasspath
21:22:06.372 [main] INFO  f.i.s.r.p.i.ProjectInspector - ComputeModules
21:22:06.372 [main] INFO  f.i.s.r.p.i.ProjectInspector - CheckoutBuggyBuildCandidateSourceCode
21:22:06.372 [main] INFO  f.i.s.r.p.i.ProjectInspector - CommitChangedTests
21:22:06.372 [main] INFO  f.i.s.r.p.i.ProjectInspector - CheckoutPatchedBuildCandidate
21:22:06.373 [main] INFO  f.i.s.r.p.i.ProjectInspector - BuildProjectPatchedBuildCandidate
21:22:06.373 [main] INFO  f.i.s.r.p.i.ProjectInspector - TestProjectPatchedBuildCandidate
21:22:06.373 [main] INFO  f.i.s.r.p.i.ProjectInspector - GatherTestInformationPatchedBuildCandidate
21:22:06.373 [main] INFO  f.i.s.r.p.i.ProjectInspector - CommitPatch
21:22:06.373 [main] INFO  f.i.s.r.p.i.ProjectInspector - WritePropertyFile
21:22:06.374 [main] INFO  f.i.s.r.p.i.ProjectInspector - CommitProcessEnd
21:22:06.374 [main] INFO  f.i.s.r.p.i.ProjectInspector - PushProcessEnd
21:22:06.374 [main] DEBUG f.i.s.r.process.step.CloneRepository - ----------------------------------------------------------------------
21:22:06.374 [main] DEBUG f.i.s.r.process.step.CloneRepository - STEP 1/22: CloneRepository
21:22:06.375 [main] DEBUG f.i.s.r.process.step.CloneRepository - ----------------------------------------------------------------------
21:22:06.375 [main] DEBUG f.i.s.r.process.step.CloneRepository - Cloning repository molgenis/molgenis in the following directory: ./workspace/molgenis/molgenis/329440330
21:22:44.126 [main] DEBUG f.i.s.r.process.step.CloneRepository - STEP STATUS: [ CloneRepository : SUCCESS ]
21:22:44.127 [main] DEBUG f.i.s.r.process.step.CloneRepository - STEP DURATION: 37s
21:22:44.127 [main] DEBUG f.i.s.r.process.step.CloneRepository - EXECUTE NEXT STEP
21:22:44.128 [main] DEBUG f.i.s.r.p.s.c.CheckoutPatchedBuild - ----------------------------------------------------------------------
21:22:44.128 [main] DEBUG f.i.s.r.p.s.c.CheckoutPatchedBuild - STEP 2/22: CheckoutPatchedBuildCandidate
21:22:44.128 [main] DEBUG f.i.s.r.p.s.c.CheckoutPatchedBuild - ----------------------------------------------------------------------
21:22:44.128 [main] DEBUG f.i.s.r.p.s.c.CheckoutPatchedBuild - Checking out patched build candidate...
21:22:44.463 [main] INFO  fr.inria.jtravis.JTravis - GitHub ratelimit: Limit: 5000 Remaining: 4874 Reset hour: 19:18:28
21:22:46.463 [main] DEBUG f.i.s.r.p.s.c.CheckoutPatchedBuild - Reproduce the PR for molgenis/molgenis by fetching remote branch and merging.
21:22:52.066 [main] ERROR f.i.s.r.p.s.c.CheckoutPatchedBuild - Error while testing commit: org.eclipse.jgit.errors.MissingObjectException: Missing unknown fd3aa131abf3d5a529f73d7e3a8107538d621764
21:22:52.068 [main] ERROR f.i.s.r.p.s.c.CheckoutPatchedBuild - Commit head ref cannot be retrieved from the repository: fd3aa131abf3d5a529f73d7e3a8107538d621764. Operation aborted.
21:22:52.068 [main] ERROR f.i.s.r.p.s.c.CheckoutPatchedBuild - Error while merging two commits to reproduce the PR.
21:22:52.070 [main] DEBUG f.i.s.r.p.s.c.CheckoutPatchedBuild - STEP STATUS: [ CheckoutPatchedBuildCandidate : FAILURE ( BUILDNOTCHECKEDOUT ) ]
21:22:52.070 [main] DEBUG f.i.s.r.p.s.c.CheckoutPatchedBuild - STEP DURATION: 7s
21:22:52.071 [main] DEBUG f.i.s.r.p.s.c.CheckoutPatchedBuild - TERMINATE PIPELINE
21:22:52.071 [main] DEBUG f.i.s.r.p.s.c.CheckoutPatchedBuild - FINAL STEPS SKIPPED: The reproduction of the bug and/or the patch failed.
21:22:52.072 [main] INFO  f.i.s.r.p.s.c.CheckoutPatchedBuild - Serialize all data for the pair of builds 329440330, 330255284
21:22:52.398 [main] INFO  fr.inria.jtravis.JTravis - GitHub ratelimit: Limit: 5000 Remaining: 4867 Reset hour: 19:18:28
21:22:53.409 [main] INFO  f.i.s.r.p.i.ProjectInspector - ----------------------------------------------------------------------
21:22:53.410 [main] INFO  f.i.s.r.p.i.ProjectInspector - PIPELINE EXECUTION SUMMARY
21:22:53.410 [main] INFO  f.i.s.r.p.i.ProjectInspector - ----------------------------------------------------------------------
21:22:53.410 [main] INFO  f.i.s.r.p.i.ProjectInspector - CloneRepository.......................................SUCCESS [ 37 s ]
21:22:53.411 [main] INFO  f.i.s.r.p.i.ProjectInspector - CheckoutPatchedBuildCandidate.........................FAILURE [  7 s ]
21:22:53.411 [main] INFO  f.i.s.r.p.i.ProjectInspector - ComputeSourceDir......................................NOT RUN         
21:22:53.411 [main] INFO  f.i.s.r.p.i.ProjectInspector - ComputeTestDir........................................NOT RUN         
21:22:53.411 [main] INFO  f.i.s.r.p.i.ProjectInspector - CheckoutBuggyBuildCandidateSourceCode.................NOT RUN         
21:22:53.411 [main] INFO  f.i.s.r.p.i.ProjectInspector - BuildProjectBuggyBuildCandidateSourceCode.............NOT RUN         
21:22:53.412 [main] INFO  f.i.s.r.p.i.ProjectInspector - TestProjectBuggyBuildCandidateSourceCode..............NOT RUN         
21:22:53.412 [main] INFO  f.i.s.r.p.i.ProjectInspector - GatherTestInformationBuggyBuildCandidateSourceCode....NOT RUN         
21:22:53.412 [main] INFO  f.i.s.r.p.i.ProjectInspector - CheckoutBuggyBuildTestCode............................NOT RUN         
21:22:53.412 [main] INFO  f.i.s.r.p.i.ProjectInspector - InitRepoToPush........................................NOT RUN         
21:22:53.412 [main] INFO  f.i.s.r.p.i.ProjectInspector - ComputeClasspath......................................NOT RUN         
21:22:53.412 [main] INFO  f.i.s.r.p.i.ProjectInspector - ComputeModules........................................NOT RUN         
21:22:53.412 [main] INFO  f.i.s.r.p.i.ProjectInspector - CheckoutBuggyBuildCandidateSourceCode.................NOT RUN         
21:22:53.412 [main] INFO  f.i.s.r.p.i.ProjectInspector - CommitChangedTests....................................NOT RUN         
21:22:53.413 [main] INFO  f.i.s.r.p.i.ProjectInspector - CheckoutPatchedBuildCandidate.........................NOT RUN         
21:22:53.413 [main] INFO  f.i.s.r.p.i.ProjectInspector - BuildProjectPatchedBuildCandidate.....................NOT RUN         
21:22:53.413 [main] INFO  f.i.s.r.p.i.ProjectInspector - TestProjectPatchedBuildCandidate......................NOT RUN         
21:22:53.413 [main] INFO  f.i.s.r.p.i.ProjectInspector - GatherTestInformationPatchedBuildCandidate............NOT RUN         
21:22:53.413 [main] INFO  f.i.s.r.p.i.ProjectInspector - CommitPatch...........................................NOT RUN         
21:22:53.413 [main] INFO  f.i.s.r.p.i.ProjectInspector - WritePropertyFile.....................................NOT RUN         
21:22:53.413 [main] INFO  f.i.s.r.p.i.ProjectInspector - CommitProcessEnd......................................NOT RUN         
21:22:53.413 [main] INFO  f.i.s.r.p.i.ProjectInspector - PushProcessEnd........................................NOT RUN         
21:22:53.413 [main] INFO  f.i.s.r.p.i.ProjectInspector - ----------------------------------------------------------------------
21:22:53.414 [main] INFO  f.i.s.r.p.i.ProjectInspector - PIPELINE FINDING: BUILDNOTCHECKEDOUT
21:22:53.414 [main] INFO  f.i.s.r.p.i.ProjectInspector - ----------------------------------------------------------------------
21:22:53.414 [main] INFO  f.i.s.repairnator.pipeline.Launcher - Inspector is finished. The process will exit now.
