18:37:30.025 [main] INFO  f.i.s.repairnator.pipeline.Launcher - PIPELINE VERSION: 3.0-2018-08-09 19:04
18:37:30.194 [main] INFO  f.i.s.repairnator.pipeline.Launcher - The pipeline will try to reproduce a bug from build 329814579 and its corresponding patch from build 330104294
18:37:30.194 [main] INFO  f.i.s.repairnator.pipeline.Launcher - Initialize file serializer engines.
18:37:30.196 [main] INFO  f.i.s.repairnator.pipeline.Launcher - MongoDB won't be used for serialization.
18:37:30.197 [main] INFO  f.i.s.repairnator.pipeline.Launcher - The email notifier engine won't be used.
18:37:30.200 [main] INFO  f.i.s.repairnator.pipeline.Launcher - Start by getting the build (buildId: 329814579) with the following config: RepairnatorConfig{runId='37882099-5e5d-4fae-9744-50be0382c1aa_01-18-week3-PASSING_AND_PASSING', launcherMode=BEARS, serializeJson=true, inputPath='null', outputPath='/var/log', mongodbHost='null', mongodbName='repairnator', smtpServer='null', notifyTo=[], notifyEndProcess=false, push=true, pushRemoteRepo='https://github.com/fermadeiral/bears-collection-pp', fork=false, lookFromDate=null, lookToDate=null, buildId=329814579, z3solverPath='./z3_for_linux', workspacePath='./workspace', githubToken='c8a341a903[...]', dockerImageName='null', skipDelete=false, createOutputDir=false, logDirectory='null', nbThreads=0, globalTimeout=0, whiteList=null, blackList=null, jobSleepTime=0, buildSleepTime=0, maxInspectedBuilds=0, duration=null, humanPatch=false, repository='null', clean=true, bearsMode=BOTH, bearsDelimiter = false, repairTools=NopolAllTests,NPEFix,AssertFixer,AstorJGenProg,AstorJKali,NopolSingleTest,AstorJMut,NopolTestExclusionStrategy, githubUserName= fermadeiral, githubUserEmail=fer.madeiral@gmail.com}
18:37:31.571 [main] DEBUG fr.inria.jtravis.helpers.BuildHelper - Get request to :https://api.travis-ci.org/build/329814579 done after 805 ms
18:37:31.814 [main] DEBUG fr.inria.jtravis.helpers.BuildHelper - Get request to :https://api.travis-ci.org/build/330104294 done after 130 ms
18:37:31.828 [main] INFO  f.i.s.repairnator.pipeline.Launcher - The patched build (330104294) was successfully retrieved from Travis.
18:37:32.991 [main] INFO  fr.inria.jtravis.JTravis - GitHub ratelimit: Limit: 5000 Remaining: 4919 Reset hour: 19:18:19
18:37:33.721 [main] INFO  f.i.s.r.p.i.ProjectInspector - ----------------------------------------------------------------------
18:37:33.722 [main] INFO  f.i.s.r.p.i.ProjectInspector - PIPELINE STEPS
18:37:33.722 [main] INFO  f.i.s.r.p.i.ProjectInspector - ----------------------------------------------------------------------
18:37:33.722 [main] INFO  f.i.s.r.p.i.ProjectInspector - CloneRepository
18:37:33.722 [main] INFO  f.i.s.r.p.i.ProjectInspector - CheckoutPatchedBuildCandidate
18:37:33.723 [main] INFO  f.i.s.r.p.i.ProjectInspector - ComputeSourceDir
18:37:33.723 [main] INFO  f.i.s.r.p.i.ProjectInspector - ComputeTestDir
18:37:33.723 [main] INFO  f.i.s.r.p.i.ProjectInspector - CheckoutBuggyBuildCandidateSourceCode
18:37:33.723 [main] INFO  f.i.s.r.p.i.ProjectInspector - BuildProjectBuggyBuildCandidateSourceCode
18:37:33.724 [main] INFO  f.i.s.r.p.i.ProjectInspector - TestProjectBuggyBuildCandidateSourceCode
18:37:33.724 [main] INFO  f.i.s.r.p.i.ProjectInspector - GatherTestInformationBuggyBuildCandidateSourceCode
18:37:33.724 [main] INFO  f.i.s.r.p.i.ProjectInspector - CheckoutBuggyBuildTestCode
18:37:33.724 [main] INFO  f.i.s.r.p.i.ProjectInspector - InitRepoToPush
18:37:33.725 [main] INFO  f.i.s.r.p.i.ProjectInspector - ComputeClasspath
18:37:33.725 [main] INFO  f.i.s.r.p.i.ProjectInspector - ComputeModules
18:37:33.725 [main] INFO  f.i.s.r.p.i.ProjectInspector - CheckoutBuggyBuildCandidateSourceCode
18:37:33.725 [main] INFO  f.i.s.r.p.i.ProjectInspector - CommitChangedTests
18:37:33.725 [main] INFO  f.i.s.r.p.i.ProjectInspector - CheckoutPatchedBuildCandidate
18:37:33.726 [main] INFO  f.i.s.r.p.i.ProjectInspector - BuildProjectPatchedBuildCandidate
18:37:33.726 [main] INFO  f.i.s.r.p.i.ProjectInspector - TestProjectPatchedBuildCandidate
18:37:33.726 [main] INFO  f.i.s.r.p.i.ProjectInspector - GatherTestInformationPatchedBuildCandidate
18:37:33.727 [main] INFO  f.i.s.r.p.i.ProjectInspector - CommitPatch
18:37:33.727 [main] INFO  f.i.s.r.p.i.ProjectInspector - WritePropertyFile
18:37:33.727 [main] INFO  f.i.s.r.p.i.ProjectInspector - CommitProcessEnd
18:37:33.727 [main] INFO  f.i.s.r.p.i.ProjectInspector - PushProcessEnd
18:37:33.728 [main] DEBUG f.i.s.r.process.step.CloneRepository - ----------------------------------------------------------------------
18:37:33.728 [main] DEBUG f.i.s.r.process.step.CloneRepository - STEP 1/22: CloneRepository
18:37:33.728 [main] DEBUG f.i.s.r.process.step.CloneRepository - ----------------------------------------------------------------------
18:37:33.729 [main] DEBUG f.i.s.r.process.step.CloneRepository - Cloning repository CorfuDB/CorfuDB in the following directory: ./workspace/CorfuDB/CorfuDB/329814579
18:41:38.336 [main] DEBUG f.i.s.r.process.step.CloneRepository - STEP STATUS: [ CloneRepository : SUCCESS ]
18:41:38.337 [main] DEBUG f.i.s.r.process.step.CloneRepository - STEP DURATION: 244s
18:41:38.337 [main] DEBUG f.i.s.r.process.step.CloneRepository - EXECUTE NEXT STEP
18:41:38.338 [main] DEBUG f.i.s.r.p.s.c.CheckoutPatchedBuild - ----------------------------------------------------------------------
18:41:38.338 [main] DEBUG f.i.s.r.p.s.c.CheckoutPatchedBuild - STEP 2/22: CheckoutPatchedBuildCandidate
18:41:38.338 [main] DEBUG f.i.s.r.p.s.c.CheckoutPatchedBuild - ----------------------------------------------------------------------
18:41:38.338 [main] DEBUG f.i.s.r.p.s.c.CheckoutPatchedBuild - Checking out patched build candidate...
18:41:38.669 [main] INFO  fr.inria.jtravis.JTravis - GitHub ratelimit: Limit: 5000 Remaining: 4903 Reset hour: 19:18:19
18:41:40.554 [main] DEBUG f.i.s.r.p.s.c.CheckoutPatchedBuild - Reproduce the PR for CorfuDB/CorfuDB by fetching remote branch and merging.
18:41:41.453 [main] DEBUG f.i.s.r.process.git.GitHelper - Step CheckoutPatchedBuildCandidate - Get the commit b9e5976cac9ceada37104ad5b2e4d27217b36d17 for repo CorfuDB/CorfuDB
18:41:41.641 [main] DEBUG f.i.s.r.process.git.GitHelper - Step CheckoutPatchedBuildCandidate - Do the merge with the PR commit for repo CorfuDB/CorfuDB
18:41:41.656 [main] INFO  f.i.s.r.process.git.GitHelper - Init git submodules.
18:41:41.707 [main] DEBUG f.i.s.r.p.s.c.CheckoutPatchedBuild - STEP STATUS: [ CheckoutPatchedBuildCandidate : SUCCESS ]
18:41:41.707 [main] DEBUG f.i.s.r.p.s.c.CheckoutPatchedBuild - STEP DURATION: 3s
18:41:41.708 [main] DEBUG f.i.s.r.p.s.c.CheckoutPatchedBuild - EXECUTE NEXT STEP
18:41:41.708 [main] DEBUG f.i.s.r.p.s.paths.ComputeSourceDir - ----------------------------------------------------------------------
18:41:41.708 [main] DEBUG f.i.s.r.p.s.paths.ComputeSourceDir - STEP 3/22: ComputeSourceDir
18:41:41.709 [main] DEBUG f.i.s.r.p.s.paths.ComputeSourceDir - ----------------------------------------------------------------------
18:41:41.709 [main] DEBUG f.i.s.r.p.s.paths.ComputeSourceDir - Computing the source directory ...
18:41:41.710 [main] DEBUG f.i.s.r.p.s.paths.ComputeSourceDir - The default source directory (/root/workspace/CorfuDB/CorfuDB/329814579/src/main/java) does not exist. Try to read pom.xml to get information.
18:41:41.841 [main] DEBUG f.i.s.r.p.s.paths.ComputeSourceDir - The source directory given in pom.xml (/root/workspace/CorfuDB/CorfuDB/329814579/src/main/java) does not exist. Continue to try to get source dir from all modules.
18:41:41.872 [main] DEBUG f.i.s.r.p.s.paths.ComputeSourceDir - The default source directory (/root/workspace/CorfuDB/CorfuDB/329814579/format/src/main/java) does not exist. Try to read pom.xml to get information.
18:41:41.886 [main] DEBUG f.i.s.r.p.s.paths.ComputeSourceDir - The source directory given in pom.xml (/root/workspace/CorfuDB/CorfuDB/329814579/format/src/main/java) does not exist. Continue to try to get source dir from all modules.
18:41:41.886 [main] ERROR f.i.s.r.p.s.paths.ComputeSourceDir - The source directory is not at default location or specified in build section from pom.xml, and no parent can be found.
18:41:41.899 [main] DEBUG f.i.s.r.p.s.paths.ComputeSourceDir - The default source directory (/root/workspace/CorfuDB/CorfuDB/329814579/test/src/main/java) does not exist. Try to read pom.xml to get information.
18:41:41.907 [main] DEBUG f.i.s.r.p.s.paths.ComputeSourceDir - The source directory given in pom.xml (/root/workspace/CorfuDB/CorfuDB/329814579/test/src/main/java) does not exist. Continue to try to get source dir from all modules.
18:41:41.908 [main] ERROR f.i.s.r.p.s.paths.ComputeSourceDir - The source directory is not at default location or specified in build section from pom.xml, and no parent can be found.
18:41:41.940 [main] DEBUG f.i.s.r.p.s.paths.ComputeSourceDir - The default source directory (/root/workspace/CorfuDB/CorfuDB/329814579/debian/src/main/java) does not exist. Try to read pom.xml to get information.
18:41:41.957 [main] DEBUG f.i.s.r.p.s.paths.ComputeSourceDir - The source directory given in pom.xml (/root/workspace/CorfuDB/CorfuDB/329814579/debian/src/main/java) does not exist. Continue to try to get source dir from all modules.
18:41:41.957 [main] ERROR f.i.s.r.p.s.paths.ComputeSourceDir - The source directory is not at default location or specified in build section from pom.xml, and no parent can be found.
18:41:41.966 [main] INFO  f.i.s.r.p.s.paths.ComputeSourceDir - 8 source dirs were found:
18:41:41.980 [main] INFO  f.i.s.r.p.s.paths.ComputeSourceDir - /root/workspace/CorfuDB/CorfuDB/329814579/annotationProcessor/src/main/java
18:41:41.980 [main] INFO  f.i.s.r.p.s.paths.ComputeSourceDir - /root/workspace/CorfuDB/CorfuDB/329814579/annotations/src/main/java
18:41:41.980 [main] INFO  f.i.s.r.p.s.paths.ComputeSourceDir - /root/workspace/CorfuDB/CorfuDB/329814579/cmdlets/src/main/java
18:41:41.981 [main] INFO  f.i.s.r.p.s.paths.ComputeSourceDir - /root/workspace/CorfuDB/CorfuDB/329814579/generator/src/main/java
18:41:41.981 [main] INFO  f.i.s.r.p.s.paths.ComputeSourceDir - /root/workspace/CorfuDB/CorfuDB/329814579/infrastructure/src/main/java
18:41:41.981 [main] INFO  f.i.s.r.p.s.paths.ComputeSourceDir - /root/workspace/CorfuDB/CorfuDB/329814579/logReader/src/main/java
18:41:41.982 [main] INFO  f.i.s.r.p.s.paths.ComputeSourceDir - /root/workspace/CorfuDB/CorfuDB/329814579/runtime/src/main/java
18:41:41.982 [main] INFO  f.i.s.r.p.s.paths.ComputeSourceDir - /root/workspace/CorfuDB/CorfuDB/329814579/samples/src/main/java
18:41:42.011 [main] DEBUG f.i.s.r.p.s.paths.ComputeSourceDir - Compute the line of code of the project
18:41:44.687 [main] DEBUG f.i.s.r.p.s.paths.ComputeSourceDir - Get result from cloc process...
18:41:44.689 [main] DEBUG f.i.s.r.p.s.paths.ComputeSourceDir - STEP STATUS: [ ComputeSourceDir : SUCCESS ]
18:41:44.710 [main] DEBUG f.i.s.r.p.s.paths.ComputeSourceDir - STEP DURATION: 2s
18:41:44.711 [main] DEBUG f.i.s.r.p.s.paths.ComputeSourceDir - EXECUTE NEXT STEP
18:41:44.711 [main] DEBUG f.i.s.r.p.step.paths.ComputeTestDir - ----------------------------------------------------------------------
18:41:44.711 [main] DEBUG f.i.s.r.p.step.paths.ComputeTestDir - STEP 4/22: ComputeTestDir
18:41:44.712 [main] DEBUG f.i.s.r.p.step.paths.ComputeTestDir - ----------------------------------------------------------------------
18:41:44.712 [main] DEBUG f.i.s.r.p.step.paths.ComputeTestDir - Computing the test directory ...
18:41:44.713 [main] DEBUG f.i.s.r.p.step.paths.ComputeTestDir - The default test directory (/root/workspace/CorfuDB/CorfuDB/329814579/src/test/java) does not exist. Try to read pom.xml to get information.
18:41:44.717 [main] DEBUG f.i.s.r.p.step.paths.ComputeTestDir - The test directory given in pom.xml (/root/workspace/CorfuDB/CorfuDB/329814579/src/test/java) does not exist. Continue to try to get test dir from all modules.
18:41:44.724 [main] DEBUG f.i.s.r.p.step.paths.ComputeTestDir - The default test directory (/root/workspace/CorfuDB/CorfuDB/329814579/infrastructure/src/test/java) does not exist. Try to read pom.xml to get information.
18:41:44.738 [main] DEBUG f.i.s.r.p.step.paths.ComputeTestDir - The test directory given in pom.xml (/root/workspace/CorfuDB/CorfuDB/329814579/infrastructure/src/test/java) does not exist. Continue to try to get test dir from all modules.
18:41:44.739 [main] ERROR f.i.s.r.p.step.paths.ComputeTestDir - The test directory is not at default location or specified in build section from pom.xml, and no parent can be found.
18:41:44.754 [main] DEBUG f.i.s.r.p.step.paths.ComputeTestDir - The default test directory (/root/workspace/CorfuDB/CorfuDB/329814579/runtime/src/test/java) does not exist. Try to read pom.xml to get information.
18:41:44.765 [main] DEBUG f.i.s.r.p.step.paths.ComputeTestDir - The test directory given in pom.xml (/root/workspace/CorfuDB/CorfuDB/329814579/runtime/src/test/java) does not exist. Continue to try to get test dir from all modules.
18:41:44.766 [main] ERROR f.i.s.r.p.step.paths.ComputeTestDir - The test directory is not at default location or specified in build section from pom.xml, and no parent can be found.
18:41:44.766 [main] DEBUG f.i.s.r.p.step.paths.ComputeTestDir - The default test directory (/root/workspace/CorfuDB/CorfuDB/329814579/format/src/test/java) does not exist. Try to read pom.xml to get information.
18:41:44.777 [main] DEBUG f.i.s.r.p.step.paths.ComputeTestDir - The test directory given in pom.xml (/root/workspace/CorfuDB/CorfuDB/329814579/format/src/test/java) does not exist. Continue to try to get test dir from all modules.
18:41:44.777 [main] ERROR f.i.s.r.p.step.paths.ComputeTestDir - The test directory is not at default location or specified in build section from pom.xml, and no parent can be found.
18:41:44.778 [main] DEBUG f.i.s.r.p.step.paths.ComputeTestDir - The default test directory (/root/workspace/CorfuDB/CorfuDB/329814579/cmdlets/src/test/java) does not exist. Try to read pom.xml to get information.
18:41:44.785 [main] DEBUG f.i.s.r.p.step.paths.ComputeTestDir - The test directory given in pom.xml (/root/workspace/CorfuDB/CorfuDB/329814579/cmdlets/src/test/java) does not exist. Continue to try to get test dir from all modules.
18:41:44.786 [main] ERROR f.i.s.r.p.step.paths.ComputeTestDir - The test directory is not at default location or specified in build section from pom.xml, and no parent can be found.
18:41:44.797 [main] DEBUG f.i.s.r.p.step.paths.ComputeTestDir - The default test directory (/root/workspace/CorfuDB/CorfuDB/329814579/annotationProcessor/src/test/java) does not exist. Try to read pom.xml to get information.
18:41:44.804 [main] DEBUG f.i.s.r.p.step.paths.ComputeTestDir - The test directory given in pom.xml (/root/workspace/CorfuDB/CorfuDB/329814579/annotationProcessor/src/test/java) does not exist. Continue to try to get test dir from all modules.
18:41:44.805 [main] ERROR f.i.s.r.p.step.paths.ComputeTestDir - The test directory is not at default location or specified in build section from pom.xml, and no parent can be found.
18:41:44.805 [main] DEBUG f.i.s.r.p.step.paths.ComputeTestDir - The default test directory (/root/workspace/CorfuDB/CorfuDB/329814579/annotations/src/test/java) does not exist. Try to read pom.xml to get information.
18:41:44.820 [main] DEBUG f.i.s.r.p.step.paths.ComputeTestDir - The test directory given in pom.xml (/root/workspace/CorfuDB/CorfuDB/329814579/annotations/src/test/java) does not exist. Continue to try to get test dir from all modules.
18:41:44.821 [main] ERROR f.i.s.r.p.step.paths.ComputeTestDir - The test directory is not at default location or specified in build section from pom.xml, and no parent can be found.
18:41:44.821 [main] DEBUG f.i.s.r.p.step.paths.ComputeTestDir - The default test directory (/root/workspace/CorfuDB/CorfuDB/329814579/samples/src/test/java) does not exist. Try to read pom.xml to get information.
18:41:44.831 [main] DEBUG f.i.s.r.p.step.paths.ComputeTestDir - The test directory given in pom.xml (/root/workspace/CorfuDB/CorfuDB/329814579/samples/src/test/java) does not exist. Continue to try to get test dir from all modules.
18:41:44.832 [main] ERROR f.i.s.r.p.step.paths.ComputeTestDir - The test directory is not at default location or specified in build section from pom.xml, and no parent can be found.
18:41:44.840 [main] DEBUG f.i.s.r.p.step.paths.ComputeTestDir - The default test directory (/root/workspace/CorfuDB/CorfuDB/329814579/debian/src/test/java) does not exist. Try to read pom.xml to get information.
18:41:44.848 [main] DEBUG f.i.s.r.p.step.paths.ComputeTestDir - The test directory given in pom.xml (/root/workspace/CorfuDB/CorfuDB/329814579/debian/src/test/java) does not exist. Continue to try to get test dir from all modules.
18:41:44.849 [main] ERROR f.i.s.r.p.step.paths.ComputeTestDir - The test directory is not at default location or specified in build section from pom.xml, and no parent can be found.
18:41:44.849 [main] DEBUG f.i.s.r.p.step.paths.ComputeTestDir - The default test directory (/root/workspace/CorfuDB/CorfuDB/329814579/generator/src/test/java) does not exist. Try to read pom.xml to get information.
18:41:44.856 [main] DEBUG f.i.s.r.p.step.paths.ComputeTestDir - The test directory given in pom.xml (/root/workspace/CorfuDB/CorfuDB/329814579/generator/src/test/java) does not exist. Continue to try to get test dir from all modules.
18:41:44.856 [main] ERROR f.i.s.r.p.step.paths.ComputeTestDir - The test directory is not at default location or specified in build section from pom.xml, and no parent can be found.
18:41:44.857 [main] INFO  f.i.s.r.p.step.paths.ComputeTestDir - 2 test dirs were found:
18:41:44.857 [main] INFO  f.i.s.r.p.step.paths.ComputeTestDir - /root/workspace/CorfuDB/CorfuDB/329814579/logReader/src/test/java
18:41:44.857 [main] INFO  f.i.s.r.p.step.paths.ComputeTestDir - /root/workspace/CorfuDB/CorfuDB/329814579/test/src/test/java
18:41:44.864 [main] DEBUG f.i.s.r.p.step.paths.ComputeTestDir - STEP STATUS: [ ComputeTestDir : SUCCESS ]
18:41:44.864 [main] DEBUG f.i.s.r.p.step.paths.ComputeTestDir - STEP DURATION: 0s
18:41:44.865 [main] DEBUG f.i.s.r.p.step.paths.ComputeTestDir - EXECUTE NEXT STEP
18:41:44.865 [main] DEBUG f.i.s.r.p.s.c.CheckoutBuggyBuildSourceCode - ----------------------------------------------------------------------
18:41:44.865 [main] DEBUG f.i.s.r.p.s.c.CheckoutBuggyBuildSourceCode - STEP 5/22: CheckoutBuggyBuildCandidateSourceCode
18:41:44.866 [main] DEBUG f.i.s.r.p.s.c.CheckoutBuggyBuildSourceCode - ----------------------------------------------------------------------
18:41:44.866 [main] DEBUG f.i.s.r.p.s.c.CheckoutBuggyBuildSourceCode - Checking out the source code of the buggy build candidate...
18:41:44.990 [main] INFO  fr.inria.jtravis.JTravis - GitHub ratelimit: Limit: 5000 Remaining: 4896 Reset hour: 19:18:19
18:41:46.367 [main] DEBUG f.i.s.r.p.s.c.CheckoutBuggyBuildSourceCode - Reproduce the PR for CorfuDB/CorfuDB by fetching remote branch and merging.
18:41:46.993 [main] DEBUG f.i.s.r.process.git.GitHelper - Step CheckoutBuggyBuildCandidateSourceCode - Get the commit b9e5976cac9ceada37104ad5b2e4d27217b36d17 for repo CorfuDB/CorfuDB
18:41:47.144 [main] DEBUG f.i.s.r.process.git.GitHelper - Step CheckoutBuggyBuildCandidateSourceCode - Do the merge with the PR commit for repo CorfuDB/CorfuDB
18:41:47.145 [main] INFO  f.i.s.r.process.git.GitHelper - Init git submodules.
18:41:47.917 [main] INFO  fr.inria.jtravis.JTravis - GitHub ratelimit: Limit: 5000 Remaining: 4889 Reset hour: 19:18:19
18:41:49.903 [main] DEBUG f.i.s.r.p.s.c.CheckoutBuggyBuildSourceCode - Reproduce the PR for CorfuDB/CorfuDB by fetching remote branch and merging.
18:41:50.158 [main] ERROR f.i.s.r.p.s.c.CheckoutBuggyBuildSourceCode - Error while testing commit: org.eclipse.jgit.errors.MissingObjectException: Missing unknown 15984b5dd497daffaa5b9f31cce6d16ff43851d9
18:41:50.159 [main] ERROR f.i.s.r.p.s.c.CheckoutBuggyBuildSourceCode - Commit head ref cannot be retrieved from the repository: 15984b5dd497daffaa5b9f31cce6d16ff43851d9. Operation aborted.
18:41:50.159 [main] ERROR f.i.s.r.p.s.c.CheckoutBuggyBuildSourceCode - Error while merging two commits to reproduce the PR.
18:41:50.160 [main] DEBUG f.i.s.r.p.s.c.CheckoutBuggyBuildSourceCode - STEP STATUS: [ CheckoutBuggyBuildCandidateSourceCode : FAILURE ( BUILDNOTCHECKEDOUT ) ]
18:41:50.166 [main] DEBUG f.i.s.r.p.s.c.CheckoutBuggyBuildSourceCode - STEP DURATION: 5s
18:41:50.166 [main] DEBUG f.i.s.r.p.s.c.CheckoutBuggyBuildSourceCode - TERMINATE PIPELINE
18:41:50.166 [main] DEBUG f.i.s.r.p.s.c.CheckoutBuggyBuildSourceCode - FINAL STEPS SKIPPED: The reproduction of the bug and/or the patch failed.
18:41:50.167 [main] INFO  f.i.s.r.p.s.c.CheckoutBuggyBuildSourceCode - Serialize all data for the pair of builds 329814579, 330104294
18:41:50.286 [main] INFO  fr.inria.jtravis.JTravis - GitHub ratelimit: Limit: 5000 Remaining: 4882 Reset hour: 19:18:19
18:41:50.750 [main] INFO  f.i.s.r.p.i.ProjectInspector - ----------------------------------------------------------------------
18:41:50.750 [main] INFO  f.i.s.r.p.i.ProjectInspector - PIPELINE EXECUTION SUMMARY
18:41:50.750 [main] INFO  f.i.s.r.p.i.ProjectInspector - ----------------------------------------------------------------------
18:41:50.750 [main] INFO  f.i.s.r.p.i.ProjectInspector - CloneRepository......................................SUCCESS [ 244 s ]
18:41:50.750 [main] INFO  f.i.s.r.p.i.ProjectInspector - CheckoutPatchedBuildCandidate........................SUCCESS [   3 s ]
18:41:50.750 [main] INFO  f.i.s.r.p.i.ProjectInspector - ComputeSourceDir.....................................SUCCESS [   2 s ]
18:41:50.751 [main] INFO  f.i.s.r.p.i.ProjectInspector - ComputeTestDir.......................................SUCCESS [   0 s ]
18:41:50.751 [main] INFO  f.i.s.r.p.i.ProjectInspector - CheckoutBuggyBuildCandidateSourceCode................FAILURE [   5 s ]
18:41:50.751 [main] INFO  f.i.s.r.p.i.ProjectInspector - BuildProjectBuggyBuildCandidateSourceCode............NOT RUN          
18:41:50.751 [main] INFO  f.i.s.r.p.i.ProjectInspector - TestProjectBuggyBuildCandidateSourceCode.............NOT RUN          
18:41:50.751 [main] INFO  f.i.s.r.p.i.ProjectInspector - GatherTestInformationBuggyBuildCandidateSourceCode...NOT RUN          
18:41:50.751 [main] INFO  f.i.s.r.p.i.ProjectInspector - CheckoutBuggyBuildTestCode...........................NOT RUN          
18:41:50.751 [main] INFO  f.i.s.r.p.i.ProjectInspector - InitRepoToPush.......................................NOT RUN          
18:41:50.751 [main] INFO  f.i.s.r.p.i.ProjectInspector - ComputeClasspath.....................................NOT RUN          
18:41:50.751 [main] INFO  f.i.s.r.p.i.ProjectInspector - ComputeModules.......................................NOT RUN          
18:41:50.751 [main] INFO  f.i.s.r.p.i.ProjectInspector - CheckoutBuggyBuildCandidateSourceCode................NOT RUN          
18:41:50.751 [main] INFO  f.i.s.r.p.i.ProjectInspector - CommitChangedTests...................................NOT RUN          
18:41:50.751 [main] INFO  f.i.s.r.p.i.ProjectInspector - CheckoutPatchedBuildCandidate........................NOT RUN          
18:41:50.751 [main] INFO  f.i.s.r.p.i.ProjectInspector - BuildProjectPatchedBuildCandidate....................NOT RUN          
18:41:50.751 [main] INFO  f.i.s.r.p.i.ProjectInspector - TestProjectPatchedBuildCandidate.....................NOT RUN          
18:41:50.752 [main] INFO  f.i.s.r.p.i.ProjectInspector - GatherTestInformationPatchedBuildCandidate...........NOT RUN          
18:41:50.752 [main] INFO  f.i.s.r.p.i.ProjectInspector - CommitPatch..........................................NOT RUN          
18:41:50.752 [main] INFO  f.i.s.r.p.i.ProjectInspector - WritePropertyFile....................................NOT RUN          
18:41:50.752 [main] INFO  f.i.s.r.p.i.ProjectInspector - CommitProcessEnd.....................................NOT RUN          
18:41:50.752 [main] INFO  f.i.s.r.p.i.ProjectInspector - PushProcessEnd.......................................NOT RUN          
18:41:50.752 [main] INFO  f.i.s.r.p.i.ProjectInspector - ----------------------------------------------------------------------
18:41:50.752 [main] INFO  f.i.s.r.p.i.ProjectInspector - PIPELINE FINDING: BUILDNOTCHECKEDOUT
18:41:50.752 [main] INFO  f.i.s.r.p.i.ProjectInspector - ----------------------------------------------------------------------
18:41:50.752 [main] INFO  f.i.s.repairnator.pipeline.Launcher - Inspector is finished. The process will exit now.
