14:08:01.570 [main] INFO  f.i.s.repairnator.pipeline.Launcher - PIPELINE VERSION: 3.0-2018-08-09 19:04
14:08:01.776 [main] INFO  f.i.s.repairnator.pipeline.Launcher - The pipeline will try to reproduce a bug from build 329853954 and its corresponding patch from build 330053767
14:08:01.777 [main] INFO  f.i.s.repairnator.pipeline.Launcher - Initialize file serializer engines.
14:08:01.779 [main] INFO  f.i.s.repairnator.pipeline.Launcher - MongoDB won't be used for serialization.
14:08:01.779 [main] INFO  f.i.s.repairnator.pipeline.Launcher - The email notifier engine won't be used.
14:08:01.787 [main] INFO  f.i.s.repairnator.pipeline.Launcher - Start by getting the build (buildId: 329853954) with the following config: RepairnatorConfig{runId='37882099-5e5d-4fae-9744-50be0382c1aa_01-18-week3-PASSING_AND_PASSING', launcherMode=BEARS, serializeJson=true, inputPath='null', outputPath='/var/log', mongodbHost='null', mongodbName='repairnator', smtpServer='null', notifyTo=[], notifyEndProcess=false, push=true, pushRemoteRepo='https://github.com/fermadeiral/bears-collection-pp', fork=false, lookFromDate=null, lookToDate=null, buildId=329853954, z3solverPath='./z3_for_linux', workspacePath='./workspace', githubToken='c8a341a903[...]', dockerImageName='null', skipDelete=false, createOutputDir=false, logDirectory='null', nbThreads=0, globalTimeout=0, whiteList=null, blackList=null, jobSleepTime=0, buildSleepTime=0, maxInspectedBuilds=0, duration=null, humanPatch=false, repository='null', clean=true, bearsMode=BOTH, bearsDelimiter = false, repairTools=NopolAllTests,NPEFix,AssertFixer,AstorJGenProg,AstorJKali,NopolSingleTest,AstorJMut,NopolTestExclusionStrategy, githubUserName= fermadeiral, githubUserEmail=fer.madeiral@gmail.com}
14:08:03.090 [main] DEBUG fr.inria.jtravis.helpers.BuildHelper - Get request to :https://api.travis-ci.org/build/329853954 done after 793 ms
14:08:03.349 [main] DEBUG fr.inria.jtravis.helpers.BuildHelper - Get request to :https://api.travis-ci.org/build/330053767 done after 147 ms
14:08:03.367 [main] INFO  f.i.s.repairnator.pipeline.Launcher - The patched build (330053767) was successfully retrieved from Travis.
14:08:04.503 [main] INFO  fr.inria.jtravis.JTravis - GitHub ratelimit: Limit: 5000 Remaining: 4830 Reset hour: 19:18:03
14:08:04.838 [main] INFO  f.i.s.r.p.i.ProjectInspector - ----------------------------------------------------------------------
14:08:04.838 [main] INFO  f.i.s.r.p.i.ProjectInspector - PIPELINE STEPS
14:08:04.838 [main] INFO  f.i.s.r.p.i.ProjectInspector - ----------------------------------------------------------------------
14:08:04.838 [main] INFO  f.i.s.r.p.i.ProjectInspector - CloneRepository
14:08:04.839 [main] INFO  f.i.s.r.p.i.ProjectInspector - CheckoutPatchedBuildCandidate
14:08:04.839 [main] INFO  f.i.s.r.p.i.ProjectInspector - ComputeSourceDir
14:08:04.839 [main] INFO  f.i.s.r.p.i.ProjectInspector - ComputeTestDir
14:08:04.839 [main] INFO  f.i.s.r.p.i.ProjectInspector - CheckoutBuggyBuildCandidateSourceCode
14:08:04.839 [main] INFO  f.i.s.r.p.i.ProjectInspector - BuildProjectBuggyBuildCandidateSourceCode
14:08:04.839 [main] INFO  f.i.s.r.p.i.ProjectInspector - TestProjectBuggyBuildCandidateSourceCode
14:08:04.839 [main] INFO  f.i.s.r.p.i.ProjectInspector - GatherTestInformationBuggyBuildCandidateSourceCode
14:08:04.839 [main] INFO  f.i.s.r.p.i.ProjectInspector - CheckoutBuggyBuildTestCode
14:08:04.840 [main] INFO  f.i.s.r.p.i.ProjectInspector - InitRepoToPush
14:08:04.840 [main] INFO  f.i.s.r.p.i.ProjectInspector - ComputeClasspath
14:08:04.840 [main] INFO  f.i.s.r.p.i.ProjectInspector - ComputeModules
14:08:04.840 [main] INFO  f.i.s.r.p.i.ProjectInspector - CheckoutBuggyBuildCandidateSourceCode
14:08:04.840 [main] INFO  f.i.s.r.p.i.ProjectInspector - CommitChangedTests
14:08:04.840 [main] INFO  f.i.s.r.p.i.ProjectInspector - CheckoutPatchedBuildCandidate
14:08:04.840 [main] INFO  f.i.s.r.p.i.ProjectInspector - BuildProjectPatchedBuildCandidate
14:08:04.840 [main] INFO  f.i.s.r.p.i.ProjectInspector - TestProjectPatchedBuildCandidate
14:08:04.841 [main] INFO  f.i.s.r.p.i.ProjectInspector - GatherTestInformationPatchedBuildCandidate
14:08:04.841 [main] INFO  f.i.s.r.p.i.ProjectInspector - CommitPatch
14:08:04.841 [main] INFO  f.i.s.r.p.i.ProjectInspector - WritePropertyFile
14:08:04.841 [main] INFO  f.i.s.r.p.i.ProjectInspector - CommitProcessEnd
14:08:04.841 [main] INFO  f.i.s.r.p.i.ProjectInspector - PushProcessEnd
14:08:04.841 [main] DEBUG f.i.s.r.process.step.CloneRepository - ----------------------------------------------------------------------
14:08:04.842 [main] DEBUG f.i.s.r.process.step.CloneRepository - STEP 1/22: CloneRepository
14:08:04.842 [main] DEBUG f.i.s.r.process.step.CloneRepository - ----------------------------------------------------------------------
14:08:04.842 [main] DEBUG f.i.s.r.process.step.CloneRepository - Cloning repository apache/flink in the following directory: ./workspace/apache/flink/329853954
14:09:04.302 [main] DEBUG f.i.s.r.process.step.CloneRepository - STEP STATUS: [ CloneRepository : SUCCESS ]
14:09:04.303 [main] DEBUG f.i.s.r.process.step.CloneRepository - STEP DURATION: 59s
14:09:04.303 [main] DEBUG f.i.s.r.process.step.CloneRepository - EXECUTE NEXT STEP
14:09:04.303 [main] DEBUG f.i.s.r.p.s.c.CheckoutPatchedBuild - ----------------------------------------------------------------------
14:09:04.304 [main] DEBUG f.i.s.r.p.s.c.CheckoutPatchedBuild - STEP 2/22: CheckoutPatchedBuildCandidate
14:09:04.304 [main] DEBUG f.i.s.r.p.s.c.CheckoutPatchedBuild - ----------------------------------------------------------------------
14:09:04.304 [main] DEBUG f.i.s.r.p.s.c.CheckoutPatchedBuild - Checking out patched build candidate...
14:09:04.646 [main] INFO  fr.inria.jtravis.JTravis - GitHub ratelimit: Limit: 5000 Remaining: 4829 Reset hour: 19:18:03
14:09:07.651 [main] DEBUG f.i.s.r.p.s.c.CheckoutPatchedBuild - Reproduce the PR for apache/flink by fetching remote branch and merging.
14:09:11.170 [main] ERROR f.i.s.r.p.s.c.CheckoutPatchedBuild - Error while testing commit: org.eclipse.jgit.errors.MissingObjectException: Missing unknown 373b8d7e2838320d40892a66c6612d25c7bec310
14:09:11.171 [main] ERROR f.i.s.r.p.s.c.CheckoutPatchedBuild - Commit head ref cannot be retrieved from the repository: 373b8d7e2838320d40892a66c6612d25c7bec310. Operation aborted.
14:09:11.172 [main] ERROR f.i.s.r.p.s.c.CheckoutPatchedBuild - Error while merging two commits to reproduce the PR.
14:09:11.173 [main] DEBUG f.i.s.r.p.s.c.CheckoutPatchedBuild - STEP STATUS: [ CheckoutPatchedBuildCandidate : FAILURE ( BUILDNOTCHECKEDOUT ) ]
14:09:11.173 [main] DEBUG f.i.s.r.p.s.c.CheckoutPatchedBuild - STEP DURATION: 6s
14:09:11.173 [main] DEBUG f.i.s.r.p.s.c.CheckoutPatchedBuild - TERMINATE PIPELINE
14:09:11.174 [main] DEBUG f.i.s.r.p.s.c.CheckoutPatchedBuild - FINAL STEPS SKIPPED: The reproduction of the bug and/or the patch failed.
14:09:11.174 [main] INFO  f.i.s.r.p.s.c.CheckoutPatchedBuild - Serialize all data for the pair of builds 329853954, 330053767
14:09:11.294 [main] INFO  fr.inria.jtravis.JTravis - GitHub ratelimit: Limit: 5000 Remaining: 4822 Reset hour: 19:18:03
14:09:12.893 [main] INFO  f.i.s.r.p.i.ProjectInspector - ----------------------------------------------------------------------
14:09:12.894 [main] INFO  f.i.s.r.p.i.ProjectInspector - PIPELINE EXECUTION SUMMARY
14:09:12.894 [main] INFO  f.i.s.r.p.i.ProjectInspector - ----------------------------------------------------------------------
14:09:12.895 [main] INFO  f.i.s.r.p.i.ProjectInspector - CloneRepository.......................................SUCCESS [ 59 s ]
14:09:12.895 [main] INFO  f.i.s.r.p.i.ProjectInspector - CheckoutPatchedBuildCandidate.........................FAILURE [  6 s ]
14:09:12.895 [main] INFO  f.i.s.r.p.i.ProjectInspector - ComputeSourceDir......................................NOT RUN         
14:09:12.895 [main] INFO  f.i.s.r.p.i.ProjectInspector - ComputeTestDir........................................NOT RUN         
14:09:12.896 [main] INFO  f.i.s.r.p.i.ProjectInspector - CheckoutBuggyBuildCandidateSourceCode.................NOT RUN         
14:09:12.896 [main] INFO  f.i.s.r.p.i.ProjectInspector - BuildProjectBuggyBuildCandidateSourceCode.............NOT RUN         
14:09:12.896 [main] INFO  f.i.s.r.p.i.ProjectInspector - TestProjectBuggyBuildCandidateSourceCode..............NOT RUN         
14:09:12.897 [main] INFO  f.i.s.r.p.i.ProjectInspector - GatherTestInformationBuggyBuildCandidateSourceCode....NOT RUN         
14:09:12.897 [main] INFO  f.i.s.r.p.i.ProjectInspector - CheckoutBuggyBuildTestCode............................NOT RUN         
14:09:12.897 [main] INFO  f.i.s.r.p.i.ProjectInspector - InitRepoToPush........................................NOT RUN         
14:09:12.897 [main] INFO  f.i.s.r.p.i.ProjectInspector - ComputeClasspath......................................NOT RUN         
14:09:12.897 [main] INFO  f.i.s.r.p.i.ProjectInspector - ComputeModules........................................NOT RUN         
14:09:12.898 [main] INFO  f.i.s.r.p.i.ProjectInspector - CheckoutBuggyBuildCandidateSourceCode.................NOT RUN         
14:09:12.898 [main] INFO  f.i.s.r.p.i.ProjectInspector - CommitChangedTests....................................NOT RUN         
14:09:12.898 [main] INFO  f.i.s.r.p.i.ProjectInspector - CheckoutPatchedBuildCandidate.........................NOT RUN         
14:09:12.899 [main] INFO  f.i.s.r.p.i.ProjectInspector - BuildProjectPatchedBuildCandidate.....................NOT RUN         
14:09:12.899 [main] INFO  f.i.s.r.p.i.ProjectInspector - TestProjectPatchedBuildCandidate......................NOT RUN         
14:09:12.899 [main] INFO  f.i.s.r.p.i.ProjectInspector - GatherTestInformationPatchedBuildCandidate............NOT RUN         
14:09:12.899 [main] INFO  f.i.s.r.p.i.ProjectInspector - CommitPatch...........................................NOT RUN         
14:09:12.899 [main] INFO  f.i.s.r.p.i.ProjectInspector - WritePropertyFile.....................................NOT RUN         
14:09:12.900 [main] INFO  f.i.s.r.p.i.ProjectInspector - CommitProcessEnd......................................NOT RUN         
14:09:12.900 [main] INFO  f.i.s.r.p.i.ProjectInspector - PushProcessEnd........................................NOT RUN         
14:09:12.900 [main] INFO  f.i.s.r.p.i.ProjectInspector - ----------------------------------------------------------------------
14:09:12.900 [main] INFO  f.i.s.r.p.i.ProjectInspector - PIPELINE FINDING: BUILDNOTCHECKEDOUT
14:09:12.900 [main] INFO  f.i.s.r.p.i.ProjectInspector - ----------------------------------------------------------------------
14:09:12.901 [main] INFO  f.i.s.repairnator.pipeline.Launcher - Inspector is finished. The process will exit now.
