18:10:17.967 [main] INFO  f.i.s.repairnator.pipeline.Launcher - PIPELINE VERSION: 3.0-2018-08-09 19:04
18:10:18.083 [main] INFO  f.i.s.repairnator.pipeline.Launcher - The pipeline will try to reproduce a bug from build 328884860 and its corresponding patch from build 328895973
18:10:18.084 [main] INFO  f.i.s.repairnator.pipeline.Launcher - Initialize file serializer engines.
18:10:18.085 [main] INFO  f.i.s.repairnator.pipeline.Launcher - MongoDB won't be used for serialization.
18:10:18.086 [main] INFO  f.i.s.repairnator.pipeline.Launcher - The email notifier engine won't be used.
18:10:18.088 [main] INFO  f.i.s.repairnator.pipeline.Launcher - Start by getting the build (buildId: 328884860) with the following config: RepairnatorConfig{runId='37882099-5e5d-4fae-9744-50be0382c1aa_01-18-week3-PASSING_AND_PASSING', launcherMode=BEARS, serializeJson=true, inputPath='null', outputPath='/var/log', mongodbHost='null', mongodbName='repairnator', smtpServer='null', notifyTo=[], notifyEndProcess=false, push=true, pushRemoteRepo='https://github.com/fermadeiral/bears-collection-pp', fork=false, lookFromDate=null, lookToDate=null, buildId=328884860, z3solverPath='./z3_for_linux', workspacePath='./workspace', githubToken='c8a341a903[...]', dockerImageName='null', skipDelete=false, createOutputDir=false, logDirectory='null', nbThreads=0, globalTimeout=0, whiteList=null, blackList=null, jobSleepTime=0, buildSleepTime=0, maxInspectedBuilds=0, duration=null, humanPatch=false, repository='null', clean=true, bearsMode=BOTH, bearsDelimiter = false, repairTools=NopolAllTests,NPEFix,AssertFixer,AstorJGenProg,AstorJKali,NopolSingleTest,AstorJMut,NopolTestExclusionStrategy, githubUserName= fermadeiral, githubUserEmail=fer.madeiral@gmail.com}
18:10:19.409 [main] DEBUG fr.inria.jtravis.helpers.BuildHelper - Get request to :https://api.travis-ci.org/build/328884860 done after 892 ms
18:10:19.724 [main] DEBUG fr.inria.jtravis.helpers.BuildHelper - Get request to :https://api.travis-ci.org/build/328895973 done after 154 ms
18:10:19.754 [main] INFO  f.i.s.repairnator.pipeline.Launcher - The patched build (328895973) was successfully retrieved from Travis.
18:10:21.723 [main] INFO  fr.inria.jtravis.JTravis - GitHub ratelimit: Limit: 5000 Remaining: 4497 Reset hour: 19:18:16
18:10:22.264 [main] INFO  f.i.s.r.p.i.ProjectInspector - ----------------------------------------------------------------------
18:10:22.264 [main] INFO  f.i.s.r.p.i.ProjectInspector - PIPELINE STEPS
18:10:22.264 [main] INFO  f.i.s.r.p.i.ProjectInspector - ----------------------------------------------------------------------
18:10:22.264 [main] INFO  f.i.s.r.p.i.ProjectInspector - CloneRepository
18:10:22.265 [main] INFO  f.i.s.r.p.i.ProjectInspector - CheckoutPatchedBuildCandidate
18:10:22.265 [main] INFO  f.i.s.r.p.i.ProjectInspector - ComputeSourceDir
18:10:22.265 [main] INFO  f.i.s.r.p.i.ProjectInspector - ComputeTestDir
18:10:22.265 [main] INFO  f.i.s.r.p.i.ProjectInspector - CheckoutBuggyBuildCandidateSourceCode
18:10:22.265 [main] INFO  f.i.s.r.p.i.ProjectInspector - BuildProjectBuggyBuildCandidateSourceCode
18:10:22.266 [main] INFO  f.i.s.r.p.i.ProjectInspector - TestProjectBuggyBuildCandidateSourceCode
18:10:22.266 [main] INFO  f.i.s.r.p.i.ProjectInspector - GatherTestInformationBuggyBuildCandidateSourceCode
18:10:22.266 [main] INFO  f.i.s.r.p.i.ProjectInspector - CheckoutBuggyBuildTestCode
18:10:22.266 [main] INFO  f.i.s.r.p.i.ProjectInspector - InitRepoToPush
18:10:22.266 [main] INFO  f.i.s.r.p.i.ProjectInspector - ComputeClasspath
18:10:22.267 [main] INFO  f.i.s.r.p.i.ProjectInspector - ComputeModules
18:10:22.267 [main] INFO  f.i.s.r.p.i.ProjectInspector - CheckoutBuggyBuildCandidateSourceCode
18:10:22.267 [main] INFO  f.i.s.r.p.i.ProjectInspector - CommitChangedTests
18:10:22.267 [main] INFO  f.i.s.r.p.i.ProjectInspector - CheckoutPatchedBuildCandidate
18:10:22.267 [main] INFO  f.i.s.r.p.i.ProjectInspector - BuildProjectPatchedBuildCandidate
18:10:22.267 [main] INFO  f.i.s.r.p.i.ProjectInspector - TestProjectPatchedBuildCandidate
18:10:22.268 [main] INFO  f.i.s.r.p.i.ProjectInspector - GatherTestInformationPatchedBuildCandidate
18:10:22.268 [main] INFO  f.i.s.r.p.i.ProjectInspector - CommitPatch
18:10:22.268 [main] INFO  f.i.s.r.p.i.ProjectInspector - WritePropertyFile
18:10:22.268 [main] INFO  f.i.s.r.p.i.ProjectInspector - CommitProcessEnd
18:10:22.269 [main] INFO  f.i.s.r.p.i.ProjectInspector - PushProcessEnd
18:10:22.269 [main] DEBUG f.i.s.r.process.step.CloneRepository - ----------------------------------------------------------------------
18:10:22.270 [main] DEBUG f.i.s.r.process.step.CloneRepository - STEP 1/22: CloneRepository
18:10:22.270 [main] DEBUG f.i.s.r.process.step.CloneRepository - ----------------------------------------------------------------------
18:10:22.270 [main] DEBUG f.i.s.r.process.step.CloneRepository - Cloning repository runelite/runelite in the following directory: ./workspace/runelite/runelite/328884860
18:10:34.979 [main] DEBUG f.i.s.r.process.step.CloneRepository - STEP STATUS: [ CloneRepository : SUCCESS ]
18:10:34.980 [main] DEBUG f.i.s.r.process.step.CloneRepository - STEP DURATION: 12s
18:10:34.980 [main] DEBUG f.i.s.r.process.step.CloneRepository - EXECUTE NEXT STEP
18:10:34.980 [main] DEBUG f.i.s.r.p.s.c.CheckoutPatchedBuild - ----------------------------------------------------------------------
18:10:34.981 [main] DEBUG f.i.s.r.p.s.c.CheckoutPatchedBuild - STEP 2/22: CheckoutPatchedBuildCandidate
18:10:34.981 [main] DEBUG f.i.s.r.p.s.c.CheckoutPatchedBuild - ----------------------------------------------------------------------
18:10:34.981 [main] DEBUG f.i.s.r.p.s.c.CheckoutPatchedBuild - Checking out patched build candidate...
18:10:34.994 [main] ERROR f.i.s.r.p.s.c.CheckoutPatchedBuild - Error while testing commit: org.eclipse.jgit.errors.MissingObjectException: Missing unknown 892902d084ba7ff9c006f78f25fbb8feeda5d8b8
18:10:34.994 [main] ERROR f.i.s.r.p.s.c.CheckoutPatchedBuild - Error while getting the commit to checkout from the repo.
18:10:34.995 [main] DEBUG f.i.s.r.p.s.c.CheckoutPatchedBuild - STEP STATUS: [ CheckoutPatchedBuildCandidate : FAILURE ( BUILDNOTCHECKEDOUT ) ]
18:10:34.996 [main] DEBUG f.i.s.r.p.s.c.CheckoutPatchedBuild - STEP DURATION: 0s
18:10:34.996 [main] DEBUG f.i.s.r.p.s.c.CheckoutPatchedBuild - TERMINATE PIPELINE
18:10:34.996 [main] DEBUG f.i.s.r.p.s.c.CheckoutPatchedBuild - FINAL STEPS SKIPPED: The reproduction of the bug and/or the patch failed.
18:10:34.997 [main] INFO  f.i.s.r.p.s.c.CheckoutPatchedBuild - Serialize all data for the pair of builds 328884860, 328895973
18:10:35.343 [main] INFO  fr.inria.jtravis.JTravis - GitHub ratelimit: Limit: 5000 Remaining: 4494 Reset hour: 19:18:16
18:10:36.318 [main] INFO  f.i.s.r.p.i.ProjectInspector - ----------------------------------------------------------------------
18:10:36.318 [main] INFO  f.i.s.r.p.i.ProjectInspector - PIPELINE EXECUTION SUMMARY
18:10:36.319 [main] INFO  f.i.s.r.p.i.ProjectInspector - ----------------------------------------------------------------------
18:10:36.319 [main] INFO  f.i.s.r.p.i.ProjectInspector - CloneRepository.......................................SUCCESS [ 12 s ]
18:10:36.319 [main] INFO  f.i.s.r.p.i.ProjectInspector - CheckoutPatchedBuildCandidate.........................FAILURE [  0 s ]
18:10:36.319 [main] INFO  f.i.s.r.p.i.ProjectInspector - ComputeSourceDir......................................NOT RUN         
18:10:36.319 [main] INFO  f.i.s.r.p.i.ProjectInspector - ComputeTestDir........................................NOT RUN         
18:10:36.320 [main] INFO  f.i.s.r.p.i.ProjectInspector - CheckoutBuggyBuildCandidateSourceCode.................NOT RUN         
18:10:36.323 [main] INFO  f.i.s.r.p.i.ProjectInspector - BuildProjectBuggyBuildCandidateSourceCode.............NOT RUN         
18:10:36.323 [main] INFO  f.i.s.r.p.i.ProjectInspector - TestProjectBuggyBuildCandidateSourceCode..............NOT RUN         
18:10:36.323 [main] INFO  f.i.s.r.p.i.ProjectInspector - GatherTestInformationBuggyBuildCandidateSourceCode....NOT RUN         
18:10:36.323 [main] INFO  f.i.s.r.p.i.ProjectInspector - CheckoutBuggyBuildTestCode............................NOT RUN         
18:10:36.324 [main] INFO  f.i.s.r.p.i.ProjectInspector - InitRepoToPush........................................NOT RUN         
18:10:36.324 [main] INFO  f.i.s.r.p.i.ProjectInspector - ComputeClasspath......................................NOT RUN         
18:10:36.324 [main] INFO  f.i.s.r.p.i.ProjectInspector - ComputeModules........................................NOT RUN         
18:10:36.324 [main] INFO  f.i.s.r.p.i.ProjectInspector - CheckoutBuggyBuildCandidateSourceCode.................NOT RUN         
18:10:36.325 [main] INFO  f.i.s.r.p.i.ProjectInspector - CommitChangedTests....................................NOT RUN         
18:10:36.325 [main] INFO  f.i.s.r.p.i.ProjectInspector - CheckoutPatchedBuildCandidate.........................NOT RUN         
18:10:36.325 [main] INFO  f.i.s.r.p.i.ProjectInspector - BuildProjectPatchedBuildCandidate.....................NOT RUN         
18:10:36.325 [main] INFO  f.i.s.r.p.i.ProjectInspector - TestProjectPatchedBuildCandidate......................NOT RUN         
18:10:36.325 [main] INFO  f.i.s.r.p.i.ProjectInspector - GatherTestInformationPatchedBuildCandidate............NOT RUN         
18:10:36.325 [main] INFO  f.i.s.r.p.i.ProjectInspector - CommitPatch...........................................NOT RUN         
18:10:36.326 [main] INFO  f.i.s.r.p.i.ProjectInspector - WritePropertyFile.....................................NOT RUN         
18:10:36.326 [main] INFO  f.i.s.r.p.i.ProjectInspector - CommitProcessEnd......................................NOT RUN         
18:10:36.326 [main] INFO  f.i.s.r.p.i.ProjectInspector - PushProcessEnd........................................NOT RUN         
18:10:36.326 [main] INFO  f.i.s.r.p.i.ProjectInspector - ----------------------------------------------------------------------
18:10:36.327 [main] INFO  f.i.s.r.p.i.ProjectInspector - PIPELINE FINDING: BUILDNOTCHECKEDOUT
18:10:36.327 [main] INFO  f.i.s.r.p.i.ProjectInspector - ----------------------------------------------------------------------
18:10:36.327 [main] INFO  f.i.s.repairnator.pipeline.Launcher - Inspector is finished. The process will exit now.
