14:50:02.503 [main] INFO  f.i.s.repairnator.pipeline.Launcher - PIPELINE VERSION: 3.0-2018-08-09 19:04
14:50:02.612 [main] INFO  f.i.s.repairnator.pipeline.Launcher - The pipeline will try to reproduce a bug from build 328116191 and its corresponding patch from build 330703286
14:50:02.612 [main] INFO  f.i.s.repairnator.pipeline.Launcher - Initialize file serializer engines.
14:50:02.614 [main] INFO  f.i.s.repairnator.pipeline.Launcher - MongoDB won't be used for serialization.
14:50:02.614 [main] INFO  f.i.s.repairnator.pipeline.Launcher - The email notifier engine won't be used.
14:50:02.617 [main] INFO  f.i.s.repairnator.pipeline.Launcher - Start by getting the build (buildId: 328116191) with the following config: RepairnatorConfig{runId='37882099-5e5d-4fae-9744-50be0382c1aa_01-18-week3-PASSING_AND_PASSING', launcherMode=BEARS, serializeJson=true, inputPath='null', outputPath='/var/log', mongodbHost='null', mongodbName='repairnator', smtpServer='null', notifyTo=[], notifyEndProcess=false, push=true, pushRemoteRepo='https://github.com/fermadeiral/bears-collection-pp', fork=false, lookFromDate=null, lookToDate=null, buildId=328116191, z3solverPath='./z3_for_linux', workspacePath='./workspace', githubToken='c8a341a903[...]', dockerImageName='null', skipDelete=false, createOutputDir=false, logDirectory='null', nbThreads=0, globalTimeout=0, whiteList=null, blackList=null, jobSleepTime=0, buildSleepTime=0, maxInspectedBuilds=0, duration=null, humanPatch=false, repository='null', clean=true, bearsMode=BOTH, bearsDelimiter = false, repairTools=NopolAllTests,NPEFix,AssertFixer,AstorJGenProg,AstorJKali,NopolSingleTest,AstorJMut,NopolTestExclusionStrategy, githubUserName= fermadeiral, githubUserEmail=fer.madeiral@gmail.com}
14:50:03.938 [main] DEBUG fr.inria.jtravis.helpers.BuildHelper - Get request to :https://api.travis-ci.org/build/328116191 done after 827 ms
14:50:04.167 [main] DEBUG fr.inria.jtravis.helpers.BuildHelper - Get request to :https://api.travis-ci.org/build/330703286 done after 126 ms
14:50:04.182 [main] INFO  f.i.s.repairnator.pipeline.Launcher - The patched build (330703286) was successfully retrieved from Travis.
14:50:05.196 [main] INFO  fr.inria.jtravis.JTravis - GitHub ratelimit: Limit: 5000 Remaining: 4625 Reset hour: 19:18:03
14:50:05.431 [main] INFO  f.i.s.r.p.i.ProjectInspector - ----------------------------------------------------------------------
14:50:05.431 [main] INFO  f.i.s.r.p.i.ProjectInspector - PIPELINE STEPS
14:50:05.431 [main] INFO  f.i.s.r.p.i.ProjectInspector - ----------------------------------------------------------------------
14:50:05.432 [main] INFO  f.i.s.r.p.i.ProjectInspector - CloneRepository
14:50:05.432 [main] INFO  f.i.s.r.p.i.ProjectInspector - CheckoutPatchedBuildCandidate
14:50:05.432 [main] INFO  f.i.s.r.p.i.ProjectInspector - ComputeSourceDir
14:50:05.432 [main] INFO  f.i.s.r.p.i.ProjectInspector - ComputeTestDir
14:50:05.432 [main] INFO  f.i.s.r.p.i.ProjectInspector - CheckoutBuggyBuildCandidateSourceCode
14:50:05.432 [main] INFO  f.i.s.r.p.i.ProjectInspector - BuildProjectBuggyBuildCandidateSourceCode
14:50:05.432 [main] INFO  f.i.s.r.p.i.ProjectInspector - TestProjectBuggyBuildCandidateSourceCode
14:50:05.432 [main] INFO  f.i.s.r.p.i.ProjectInspector - GatherTestInformationBuggyBuildCandidateSourceCode
14:50:05.433 [main] INFO  f.i.s.r.p.i.ProjectInspector - CheckoutBuggyBuildTestCode
14:50:05.433 [main] INFO  f.i.s.r.p.i.ProjectInspector - InitRepoToPush
14:50:05.433 [main] INFO  f.i.s.r.p.i.ProjectInspector - ComputeClasspath
14:50:05.433 [main] INFO  f.i.s.r.p.i.ProjectInspector - ComputeModules
14:50:05.433 [main] INFO  f.i.s.r.p.i.ProjectInspector - CheckoutBuggyBuildCandidateSourceCode
14:50:05.433 [main] INFO  f.i.s.r.p.i.ProjectInspector - CommitChangedTests
14:50:05.433 [main] INFO  f.i.s.r.p.i.ProjectInspector - CheckoutPatchedBuildCandidate
14:50:05.433 [main] INFO  f.i.s.r.p.i.ProjectInspector - BuildProjectPatchedBuildCandidate
14:50:05.434 [main] INFO  f.i.s.r.p.i.ProjectInspector - TestProjectPatchedBuildCandidate
14:50:05.434 [main] INFO  f.i.s.r.p.i.ProjectInspector - GatherTestInformationPatchedBuildCandidate
14:50:05.434 [main] INFO  f.i.s.r.p.i.ProjectInspector - CommitPatch
14:50:05.434 [main] INFO  f.i.s.r.p.i.ProjectInspector - WritePropertyFile
14:50:05.434 [main] INFO  f.i.s.r.p.i.ProjectInspector - CommitProcessEnd
14:50:05.434 [main] INFO  f.i.s.r.p.i.ProjectInspector - PushProcessEnd
14:50:05.435 [main] DEBUG f.i.s.r.process.step.CloneRepository - ----------------------------------------------------------------------
14:50:05.436 [main] DEBUG f.i.s.r.process.step.CloneRepository - STEP 1/22: CloneRepository
14:50:05.436 [main] DEBUG f.i.s.r.process.step.CloneRepository - ----------------------------------------------------------------------
14:50:05.436 [main] DEBUG f.i.s.r.process.step.CloneRepository - Cloning repository prestodb/presto in the following directory: ./workspace/prestodb/presto/328116191
14:50:48.704 [main] DEBUG f.i.s.r.process.step.CloneRepository - STEP STATUS: [ CloneRepository : SUCCESS ]
14:50:48.704 [main] DEBUG f.i.s.r.process.step.CloneRepository - STEP DURATION: 43s
14:50:48.705 [main] DEBUG f.i.s.r.process.step.CloneRepository - EXECUTE NEXT STEP
14:50:48.705 [main] DEBUG f.i.s.r.p.s.c.CheckoutPatchedBuild - ----------------------------------------------------------------------
14:50:48.705 [main] DEBUG f.i.s.r.p.s.c.CheckoutPatchedBuild - STEP 2/22: CheckoutPatchedBuildCandidate
14:50:48.706 [main] DEBUG f.i.s.r.p.s.c.CheckoutPatchedBuild - ----------------------------------------------------------------------
14:50:48.706 [main] DEBUG f.i.s.r.p.s.c.CheckoutPatchedBuild - Checking out patched build candidate...
14:50:49.046 [main] INFO  fr.inria.jtravis.JTravis - GitHub ratelimit: Limit: 5000 Remaining: 4620 Reset hour: 19:18:03
14:50:51.003 [main] DEBUG f.i.s.r.p.s.c.CheckoutPatchedBuild - Reproduce the PR for prestodb/presto by fetching remote branch and merging.
14:50:57.884 [main] ERROR f.i.s.r.p.s.c.CheckoutPatchedBuild - Error while testing commit: org.eclipse.jgit.errors.MissingObjectException: Missing unknown 22d340e5216fa0c0c4501323e51921cbd7ed15ac
14:50:57.885 [main] ERROR f.i.s.r.p.s.c.CheckoutPatchedBuild - Commit head ref cannot be retrieved from the repository: 22d340e5216fa0c0c4501323e51921cbd7ed15ac. Operation aborted.
14:50:57.885 [main] ERROR f.i.s.r.p.s.c.CheckoutPatchedBuild - Error while merging two commits to reproduce the PR.
14:50:57.886 [main] DEBUG f.i.s.r.p.s.c.CheckoutPatchedBuild - STEP STATUS: [ CheckoutPatchedBuildCandidate : FAILURE ( BUILDNOTCHECKEDOUT ) ]
14:50:57.886 [main] DEBUG f.i.s.r.p.s.c.CheckoutPatchedBuild - STEP DURATION: 9s
14:50:57.886 [main] DEBUG f.i.s.r.p.s.c.CheckoutPatchedBuild - TERMINATE PIPELINE
14:50:57.886 [main] DEBUG f.i.s.r.p.s.c.CheckoutPatchedBuild - FINAL STEPS SKIPPED: The reproduction of the bug and/or the patch failed.
14:50:57.887 [main] INFO  f.i.s.r.p.s.c.CheckoutPatchedBuild - Serialize all data for the pair of builds 328116191, 330703286
14:50:58.206 [main] INFO  fr.inria.jtravis.JTravis - GitHub ratelimit: Limit: 5000 Remaining: 4613 Reset hour: 19:18:03
14:50:59.364 [main] INFO  f.i.s.r.p.i.ProjectInspector - ----------------------------------------------------------------------
14:50:59.365 [main] INFO  f.i.s.r.p.i.ProjectInspector - PIPELINE EXECUTION SUMMARY
14:50:59.365 [main] INFO  f.i.s.r.p.i.ProjectInspector - ----------------------------------------------------------------------
14:50:59.365 [main] INFO  f.i.s.r.p.i.ProjectInspector - CloneRepository.......................................SUCCESS [ 43 s ]
14:50:59.365 [main] INFO  f.i.s.r.p.i.ProjectInspector - CheckoutPatchedBuildCandidate.........................FAILURE [  9 s ]
14:50:59.366 [main] INFO  f.i.s.r.p.i.ProjectInspector - ComputeSourceDir......................................NOT RUN         
14:50:59.366 [main] INFO  f.i.s.r.p.i.ProjectInspector - ComputeTestDir........................................NOT RUN         
14:50:59.366 [main] INFO  f.i.s.r.p.i.ProjectInspector - CheckoutBuggyBuildCandidateSourceCode.................NOT RUN         
14:50:59.366 [main] INFO  f.i.s.r.p.i.ProjectInspector - BuildProjectBuggyBuildCandidateSourceCode.............NOT RUN         
14:50:59.366 [main] INFO  f.i.s.r.p.i.ProjectInspector - TestProjectBuggyBuildCandidateSourceCode..............NOT RUN         
14:50:59.366 [main] INFO  f.i.s.r.p.i.ProjectInspector - GatherTestInformationBuggyBuildCandidateSourceCode....NOT RUN         
14:50:59.366 [main] INFO  f.i.s.r.p.i.ProjectInspector - CheckoutBuggyBuildTestCode............................NOT RUN         
14:50:59.366 [main] INFO  f.i.s.r.p.i.ProjectInspector - InitRepoToPush........................................NOT RUN         
14:50:59.367 [main] INFO  f.i.s.r.p.i.ProjectInspector - ComputeClasspath......................................NOT RUN         
14:50:59.367 [main] INFO  f.i.s.r.p.i.ProjectInspector - ComputeModules........................................NOT RUN         
14:50:59.367 [main] INFO  f.i.s.r.p.i.ProjectInspector - CheckoutBuggyBuildCandidateSourceCode.................NOT RUN         
14:50:59.367 [main] INFO  f.i.s.r.p.i.ProjectInspector - CommitChangedTests....................................NOT RUN         
14:50:59.367 [main] INFO  f.i.s.r.p.i.ProjectInspector - CheckoutPatchedBuildCandidate.........................NOT RUN         
14:50:59.367 [main] INFO  f.i.s.r.p.i.ProjectInspector - BuildProjectPatchedBuildCandidate.....................NOT RUN         
14:50:59.367 [main] INFO  f.i.s.r.p.i.ProjectInspector - TestProjectPatchedBuildCandidate......................NOT RUN         
14:50:59.367 [main] INFO  f.i.s.r.p.i.ProjectInspector - GatherTestInformationPatchedBuildCandidate............NOT RUN         
14:50:59.367 [main] INFO  f.i.s.r.p.i.ProjectInspector - CommitPatch...........................................NOT RUN         
14:50:59.367 [main] INFO  f.i.s.r.p.i.ProjectInspector - WritePropertyFile.....................................NOT RUN         
14:50:59.368 [main] INFO  f.i.s.r.p.i.ProjectInspector - CommitProcessEnd......................................NOT RUN         
14:50:59.368 [main] INFO  f.i.s.r.p.i.ProjectInspector - PushProcessEnd........................................NOT RUN         
14:50:59.368 [main] INFO  f.i.s.r.p.i.ProjectInspector - ----------------------------------------------------------------------
14:50:59.368 [main] INFO  f.i.s.r.p.i.ProjectInspector - PIPELINE FINDING: BUILDNOTCHECKEDOUT
14:50:59.369 [main] INFO  f.i.s.r.p.i.ProjectInspector - ----------------------------------------------------------------------
14:50:59.369 [main] INFO  f.i.s.repairnator.pipeline.Launcher - Inspector is finished. The process will exit now.
