18:07:34.036 [main] INFO  f.i.s.repairnator.pipeline.Launcher - PIPELINE VERSION: 3.0-2018-08-09 19:04
18:07:34.221 [main] INFO  f.i.s.repairnator.pipeline.Launcher - The pipeline will try to reproduce a bug from build 328891970 and its corresponding patch from build 329128790
18:07:34.222 [main] INFO  f.i.s.repairnator.pipeline.Launcher - Initialize file serializer engines.
18:07:34.224 [main] INFO  f.i.s.repairnator.pipeline.Launcher - MongoDB won't be used for serialization.
18:07:34.225 [main] INFO  f.i.s.repairnator.pipeline.Launcher - The email notifier engine won't be used.
18:07:34.230 [main] INFO  f.i.s.repairnator.pipeline.Launcher - Start by getting the build (buildId: 328891970) with the following config: RepairnatorConfig{runId='37882099-5e5d-4fae-9744-50be0382c1aa_01-18-week3-PASSING_AND_PASSING', launcherMode=BEARS, serializeJson=true, inputPath='null', outputPath='/var/log', mongodbHost='null', mongodbName='repairnator', smtpServer='null', notifyTo=[], notifyEndProcess=false, push=true, pushRemoteRepo='https://github.com/fermadeiral/bears-collection-pp', fork=false, lookFromDate=null, lookToDate=null, buildId=328891970, z3solverPath='./z3_for_linux', workspacePath='./workspace', githubToken='c8a341a903[...]', dockerImageName='null', skipDelete=false, createOutputDir=false, logDirectory='null', nbThreads=0, globalTimeout=0, whiteList=null, blackList=null, jobSleepTime=0, buildSleepTime=0, maxInspectedBuilds=0, duration=null, humanPatch=false, repository='null', clean=true, bearsMode=BOTH, bearsDelimiter = false, repairTools=NopolAllTests,NPEFix,AssertFixer,AstorJGenProg,AstorJKali,NopolSingleTest,AstorJMut,NopolTestExclusionStrategy, githubUserName= fermadeiral, githubUserEmail=fer.madeiral@gmail.com}
18:07:35.789 [main] DEBUG fr.inria.jtravis.helpers.BuildHelper - Get request to :https://api.travis-ci.org/build/328891970 done after 899 ms
18:07:36.065 [main] DEBUG fr.inria.jtravis.helpers.BuildHelper - Get request to :https://api.travis-ci.org/build/329128790 done after 134 ms
18:07:36.081 [main] INFO  f.i.s.repairnator.pipeline.Launcher - The patched build (329128790) was successfully retrieved from Travis.
18:07:37.462 [main] INFO  fr.inria.jtravis.JTravis - GitHub ratelimit: Limit: 5000 Remaining: 4546 Reset hour: 19:18:16
18:07:37.751 [main] INFO  f.i.s.r.p.i.ProjectInspector - ----------------------------------------------------------------------
18:07:37.752 [main] INFO  f.i.s.r.p.i.ProjectInspector - PIPELINE STEPS
18:07:37.752 [main] INFO  f.i.s.r.p.i.ProjectInspector - ----------------------------------------------------------------------
18:07:37.752 [main] INFO  f.i.s.r.p.i.ProjectInspector - CloneRepository
18:07:37.753 [main] INFO  f.i.s.r.p.i.ProjectInspector - CheckoutPatchedBuildCandidate
18:07:37.753 [main] INFO  f.i.s.r.p.i.ProjectInspector - ComputeSourceDir
18:07:37.753 [main] INFO  f.i.s.r.p.i.ProjectInspector - ComputeTestDir
18:07:37.754 [main] INFO  f.i.s.r.p.i.ProjectInspector - CheckoutBuggyBuildCandidateSourceCode
18:07:37.754 [main] INFO  f.i.s.r.p.i.ProjectInspector - BuildProjectBuggyBuildCandidateSourceCode
18:07:37.754 [main] INFO  f.i.s.r.p.i.ProjectInspector - TestProjectBuggyBuildCandidateSourceCode
18:07:37.754 [main] INFO  f.i.s.r.p.i.ProjectInspector - GatherTestInformationBuggyBuildCandidateSourceCode
18:07:37.755 [main] INFO  f.i.s.r.p.i.ProjectInspector - CheckoutBuggyBuildTestCode
18:07:37.755 [main] INFO  f.i.s.r.p.i.ProjectInspector - InitRepoToPush
18:07:37.755 [main] INFO  f.i.s.r.p.i.ProjectInspector - ComputeClasspath
18:07:37.755 [main] INFO  f.i.s.r.p.i.ProjectInspector - ComputeModules
18:07:37.756 [main] INFO  f.i.s.r.p.i.ProjectInspector - CheckoutBuggyBuildCandidateSourceCode
18:07:37.756 [main] INFO  f.i.s.r.p.i.ProjectInspector - CommitChangedTests
18:07:37.756 [main] INFO  f.i.s.r.p.i.ProjectInspector - CheckoutPatchedBuildCandidate
18:07:37.757 [main] INFO  f.i.s.r.p.i.ProjectInspector - BuildProjectPatchedBuildCandidate
18:07:37.757 [main] INFO  f.i.s.r.p.i.ProjectInspector - TestProjectPatchedBuildCandidate
18:07:37.757 [main] INFO  f.i.s.r.p.i.ProjectInspector - GatherTestInformationPatchedBuildCandidate
18:07:37.758 [main] INFO  f.i.s.r.p.i.ProjectInspector - CommitPatch
18:07:37.758 [main] INFO  f.i.s.r.p.i.ProjectInspector - WritePropertyFile
18:07:37.759 [main] INFO  f.i.s.r.p.i.ProjectInspector - CommitProcessEnd
18:07:37.759 [main] INFO  f.i.s.r.p.i.ProjectInspector - PushProcessEnd
18:07:37.760 [main] DEBUG f.i.s.r.process.step.CloneRepository - ----------------------------------------------------------------------
18:07:37.760 [main] DEBUG f.i.s.r.process.step.CloneRepository - STEP 1/22: CloneRepository
18:07:37.761 [main] DEBUG f.i.s.r.process.step.CloneRepository - ----------------------------------------------------------------------
18:07:37.761 [main] DEBUG f.i.s.r.process.step.CloneRepository - Cloning repository runelite/runelite in the following directory: ./workspace/runelite/runelite/328891970
18:07:49.249 [main] DEBUG f.i.s.r.process.step.CloneRepository - STEP STATUS: [ CloneRepository : SUCCESS ]
18:07:49.249 [main] DEBUG f.i.s.r.process.step.CloneRepository - STEP DURATION: 11s
18:07:49.249 [main] DEBUG f.i.s.r.process.step.CloneRepository - EXECUTE NEXT STEP
18:07:49.250 [main] DEBUG f.i.s.r.p.s.c.CheckoutPatchedBuild - ----------------------------------------------------------------------
18:07:49.250 [main] DEBUG f.i.s.r.p.s.c.CheckoutPatchedBuild - STEP 2/22: CheckoutPatchedBuildCandidate
18:07:49.250 [main] DEBUG f.i.s.r.p.s.c.CheckoutPatchedBuild - ----------------------------------------------------------------------
18:07:49.250 [main] DEBUG f.i.s.r.p.s.c.CheckoutPatchedBuild - Checking out patched build candidate...
18:07:49.571 [main] INFO  fr.inria.jtravis.JTravis - GitHub ratelimit: Limit: 5000 Remaining: 4545 Reset hour: 19:18:16
18:07:49.959 [main] WARN  f.i.j.helpers.PullRequestHelper - The head repository is null: maybe it has been deleted from GitHub
18:07:49.960 [main] ERROR f.i.s.r.p.s.c.CheckoutPatchedBuild - Error while getting PR information.
18:07:49.964 [main] DEBUG f.i.s.r.p.s.c.CheckoutPatchedBuild - STEP STATUS: [ CheckoutPatchedBuildCandidate : FAILURE ( BUILDNOTCHECKEDOUT ) ]
18:07:49.965 [main] DEBUG f.i.s.r.p.s.c.CheckoutPatchedBuild - STEP DURATION: 0s
18:07:49.965 [main] DEBUG f.i.s.r.p.s.c.CheckoutPatchedBuild - TERMINATE PIPELINE
18:07:49.966 [main] DEBUG f.i.s.r.p.s.c.CheckoutPatchedBuild - FINAL STEPS SKIPPED: The reproduction of the bug and/or the patch failed.
18:07:49.967 [main] INFO  f.i.s.r.p.s.c.CheckoutPatchedBuild - Serialize all data for the pair of builds 328891970, 329128790
18:07:50.121 [main] INFO  fr.inria.jtravis.JTravis - GitHub ratelimit: Limit: 5000 Remaining: 4543 Reset hour: 19:18:16
18:07:50.974 [main] INFO  f.i.s.r.p.i.ProjectInspector - ----------------------------------------------------------------------
18:07:50.975 [main] INFO  f.i.s.r.p.i.ProjectInspector - PIPELINE EXECUTION SUMMARY
18:07:50.975 [main] INFO  f.i.s.r.p.i.ProjectInspector - ----------------------------------------------------------------------
18:07:50.976 [main] INFO  f.i.s.r.p.i.ProjectInspector - CloneRepository.......................................SUCCESS [ 11 s ]
18:07:50.976 [main] INFO  f.i.s.r.p.i.ProjectInspector - CheckoutPatchedBuildCandidate.........................FAILURE [  0 s ]
18:07:50.977 [main] INFO  f.i.s.r.p.i.ProjectInspector - ComputeSourceDir......................................NOT RUN         
18:07:50.977 [main] INFO  f.i.s.r.p.i.ProjectInspector - ComputeTestDir........................................NOT RUN         
18:07:50.978 [main] INFO  f.i.s.r.p.i.ProjectInspector - CheckoutBuggyBuildCandidateSourceCode.................NOT RUN         
18:07:50.979 [main] INFO  f.i.s.r.p.i.ProjectInspector - BuildProjectBuggyBuildCandidateSourceCode.............NOT RUN         
18:07:50.980 [main] INFO  f.i.s.r.p.i.ProjectInspector - TestProjectBuggyBuildCandidateSourceCode..............NOT RUN         
18:07:50.980 [main] INFO  f.i.s.r.p.i.ProjectInspector - GatherTestInformationBuggyBuildCandidateSourceCode....NOT RUN         
18:07:50.981 [main] INFO  f.i.s.r.p.i.ProjectInspector - CheckoutBuggyBuildTestCode............................NOT RUN         
18:07:50.981 [main] INFO  f.i.s.r.p.i.ProjectInspector - InitRepoToPush........................................NOT RUN         
18:07:50.982 [main] INFO  f.i.s.r.p.i.ProjectInspector - ComputeClasspath......................................NOT RUN         
18:07:50.982 [main] INFO  f.i.s.r.p.i.ProjectInspector - ComputeModules........................................NOT RUN         
18:07:50.983 [main] INFO  f.i.s.r.p.i.ProjectInspector - CheckoutBuggyBuildCandidateSourceCode.................NOT RUN         
18:07:50.983 [main] INFO  f.i.s.r.p.i.ProjectInspector - CommitChangedTests....................................NOT RUN         
18:07:50.984 [main] INFO  f.i.s.r.p.i.ProjectInspector - CheckoutPatchedBuildCandidate.........................NOT RUN         
18:07:50.984 [main] INFO  f.i.s.r.p.i.ProjectInspector - BuildProjectPatchedBuildCandidate.....................NOT RUN         
18:07:50.985 [main] INFO  f.i.s.r.p.i.ProjectInspector - TestProjectPatchedBuildCandidate......................NOT RUN         
18:07:50.985 [main] INFO  f.i.s.r.p.i.ProjectInspector - GatherTestInformationPatchedBuildCandidate............NOT RUN         
18:07:50.986 [main] INFO  f.i.s.r.p.i.ProjectInspector - CommitPatch...........................................NOT RUN         
18:07:50.986 [main] INFO  f.i.s.r.p.i.ProjectInspector - WritePropertyFile.....................................NOT RUN         
18:07:50.987 [main] INFO  f.i.s.r.p.i.ProjectInspector - CommitProcessEnd......................................NOT RUN         
18:07:50.987 [main] INFO  f.i.s.r.p.i.ProjectInspector - PushProcessEnd........................................NOT RUN         
18:07:50.988 [main] INFO  f.i.s.r.p.i.ProjectInspector - ----------------------------------------------------------------------
18:07:50.988 [main] INFO  f.i.s.r.p.i.ProjectInspector - PIPELINE FINDING: BUILDNOTCHECKEDOUT
18:07:50.989 [main] INFO  f.i.s.r.p.i.ProjectInspector - ----------------------------------------------------------------------
18:07:50.989 [main] INFO  f.i.s.repairnator.pipeline.Launcher - Inspector is finished. The process will exit now.
