21:20:54.243 [main] INFO  f.i.s.repairnator.pipeline.Launcher - PIPELINE VERSION: 3.0-2018-08-09 19:04
21:20:54.391 [main] INFO  f.i.s.repairnator.pipeline.Launcher - The pipeline will try to reproduce a bug from build 330255284 and its corresponding patch from build 330335151
21:20:54.392 [main] INFO  f.i.s.repairnator.pipeline.Launcher - Initialize file serializer engines.
21:20:54.394 [main] INFO  f.i.s.repairnator.pipeline.Launcher - MongoDB won't be used for serialization.
21:20:54.394 [main] INFO  f.i.s.repairnator.pipeline.Launcher - The email notifier engine won't be used.
21:20:54.397 [main] INFO  f.i.s.repairnator.pipeline.Launcher - Start by getting the build (buildId: 330255284) with the following config: RepairnatorConfig{runId='37882099-5e5d-4fae-9744-50be0382c1aa_01-18-week3-PASSING_AND_PASSING', launcherMode=BEARS, serializeJson=true, inputPath='null', outputPath='/var/log', mongodbHost='null', mongodbName='repairnator', smtpServer='null', notifyTo=[], notifyEndProcess=false, push=true, pushRemoteRepo='https://github.com/fermadeiral/bears-collection-pp', fork=false, lookFromDate=null, lookToDate=null, buildId=330255284, z3solverPath='./z3_for_linux', workspacePath='./workspace', githubToken='c8a341a903[...]', dockerImageName='null', skipDelete=false, createOutputDir=false, logDirectory='null', nbThreads=0, globalTimeout=0, whiteList=null, blackList=null, jobSleepTime=0, buildSleepTime=0, maxInspectedBuilds=0, duration=null, humanPatch=false, repository='null', clean=true, bearsMode=BOTH, bearsDelimiter = false, repairTools=NopolAllTests,NPEFix,AssertFixer,AstorJGenProg,AstorJKali,NopolSingleTest,AstorJMut,NopolTestExclusionStrategy, githubUserName= fermadeiral, githubUserEmail=fer.madeiral@gmail.com}
21:20:56.014 [main] DEBUG fr.inria.jtravis.helpers.BuildHelper - Get request to :https://api.travis-ci.org/build/330255284 done after 1018 ms
21:20:56.245 [main] DEBUG fr.inria.jtravis.helpers.BuildHelper - Get request to :https://api.travis-ci.org/build/330335151 done after 144 ms
21:20:56.266 [main] INFO  f.i.s.repairnator.pipeline.Launcher - The patched build (330335151) was successfully retrieved from Travis.
21:20:57.471 [main] INFO  fr.inria.jtravis.JTravis - GitHub ratelimit: Limit: 5000 Remaining: 4904 Reset hour: 19:18:28
21:20:57.738 [main] INFO  f.i.s.r.p.i.ProjectInspector - ----------------------------------------------------------------------
21:20:57.738 [main] INFO  f.i.s.r.p.i.ProjectInspector - PIPELINE STEPS
21:20:57.738 [main] INFO  f.i.s.r.p.i.ProjectInspector - ----------------------------------------------------------------------
21:20:57.738 [main] INFO  f.i.s.r.p.i.ProjectInspector - CloneRepository
21:20:57.739 [main] INFO  f.i.s.r.p.i.ProjectInspector - CheckoutPatchedBuildCandidate
21:20:57.739 [main] INFO  f.i.s.r.p.i.ProjectInspector - ComputeSourceDir
21:20:57.739 [main] INFO  f.i.s.r.p.i.ProjectInspector - ComputeTestDir
21:20:57.740 [main] INFO  f.i.s.r.p.i.ProjectInspector - CheckoutBuggyBuildCandidateSourceCode
21:20:57.740 [main] INFO  f.i.s.r.p.i.ProjectInspector - BuildProjectBuggyBuildCandidateSourceCode
21:20:57.740 [main] INFO  f.i.s.r.p.i.ProjectInspector - TestProjectBuggyBuildCandidateSourceCode
21:20:57.740 [main] INFO  f.i.s.r.p.i.ProjectInspector - GatherTestInformationBuggyBuildCandidateSourceCode
21:20:57.740 [main] INFO  f.i.s.r.p.i.ProjectInspector - CheckoutBuggyBuildTestCode
21:20:57.741 [main] INFO  f.i.s.r.p.i.ProjectInspector - InitRepoToPush
21:20:57.741 [main] INFO  f.i.s.r.p.i.ProjectInspector - ComputeClasspath
21:20:57.741 [main] INFO  f.i.s.r.p.i.ProjectInspector - ComputeModules
21:20:57.741 [main] INFO  f.i.s.r.p.i.ProjectInspector - CheckoutBuggyBuildCandidateSourceCode
21:20:57.742 [main] INFO  f.i.s.r.p.i.ProjectInspector - CommitChangedTests
21:20:57.742 [main] INFO  f.i.s.r.p.i.ProjectInspector - CheckoutPatchedBuildCandidate
21:20:57.742 [main] INFO  f.i.s.r.p.i.ProjectInspector - BuildProjectPatchedBuildCandidate
21:20:57.742 [main] INFO  f.i.s.r.p.i.ProjectInspector - TestProjectPatchedBuildCandidate
21:20:57.742 [main] INFO  f.i.s.r.p.i.ProjectInspector - GatherTestInformationPatchedBuildCandidate
21:20:57.743 [main] INFO  f.i.s.r.p.i.ProjectInspector - CommitPatch
21:20:57.743 [main] INFO  f.i.s.r.p.i.ProjectInspector - WritePropertyFile
21:20:57.743 [main] INFO  f.i.s.r.p.i.ProjectInspector - CommitProcessEnd
21:20:57.744 [main] INFO  f.i.s.r.p.i.ProjectInspector - PushProcessEnd
21:20:57.746 [main] DEBUG f.i.s.r.process.step.CloneRepository - ----------------------------------------------------------------------
21:20:57.746 [main] DEBUG f.i.s.r.process.step.CloneRepository - STEP 1/22: CloneRepository
21:20:57.747 [main] DEBUG f.i.s.r.process.step.CloneRepository - ----------------------------------------------------------------------
21:20:57.747 [main] DEBUG f.i.s.r.process.step.CloneRepository - Cloning repository molgenis/molgenis in the following directory: ./workspace/molgenis/molgenis/330255284
21:21:37.852 [main] DEBUG f.i.s.r.process.step.CloneRepository - STEP STATUS: [ CloneRepository : SUCCESS ]
21:21:37.853 [main] DEBUG f.i.s.r.process.step.CloneRepository - STEP DURATION: 40s
21:21:37.854 [main] DEBUG f.i.s.r.process.step.CloneRepository - EXECUTE NEXT STEP
21:21:37.854 [main] DEBUG f.i.s.r.p.s.c.CheckoutPatchedBuild - ----------------------------------------------------------------------
21:21:37.854 [main] DEBUG f.i.s.r.p.s.c.CheckoutPatchedBuild - STEP 2/22: CheckoutPatchedBuildCandidate
21:21:37.855 [main] DEBUG f.i.s.r.p.s.c.CheckoutPatchedBuild - ----------------------------------------------------------------------
21:21:37.855 [main] DEBUG f.i.s.r.p.s.c.CheckoutPatchedBuild - Checking out patched build candidate...
21:21:38.187 [main] INFO  fr.inria.jtravis.JTravis - GitHub ratelimit: Limit: 5000 Remaining: 4901 Reset hour: 19:18:28
21:21:40.739 [main] DEBUG f.i.s.r.p.s.c.CheckoutPatchedBuild - Reproduce the PR for molgenis/molgenis by fetching remote branch and merging.
21:21:47.452 [main] DEBUG f.i.s.r.process.git.GitHelper - Step CheckoutPatchedBuildCandidate - Get the commit 03b336b40e9017f9f474ea2c1f69e4e71e7ea8c5 for repo molgenis/molgenis
21:21:48.575 [main] DEBUG f.i.s.r.process.git.GitHelper - Step CheckoutPatchedBuildCandidate - Do the merge with the PR commit for repo molgenis/molgenis
21:21:48.591 [main] INFO  f.i.s.r.process.git.GitHelper - Init git submodules.
21:21:48.866 [main] DEBUG f.i.s.r.p.s.c.CheckoutPatchedBuild - STEP STATUS: [ CheckoutPatchedBuildCandidate : SUCCESS ]
21:21:48.866 [main] DEBUG f.i.s.r.p.s.c.CheckoutPatchedBuild - STEP DURATION: 11s
21:21:48.867 [main] DEBUG f.i.s.r.p.s.c.CheckoutPatchedBuild - EXECUTE NEXT STEP
21:21:48.867 [main] DEBUG f.i.s.r.p.s.paths.ComputeSourceDir - ----------------------------------------------------------------------
21:21:48.867 [main] DEBUG f.i.s.r.p.s.paths.ComputeSourceDir - STEP 3/22: ComputeSourceDir
21:21:48.867 [main] DEBUG f.i.s.r.p.s.paths.ComputeSourceDir - ----------------------------------------------------------------------
21:21:48.868 [main] DEBUG f.i.s.r.p.s.paths.ComputeSourceDir - Computing the source directory ...
21:21:48.869 [main] DEBUG f.i.s.r.p.s.paths.ComputeSourceDir - The default source directory (/root/workspace/molgenis/molgenis/330255284/src/main/java) does not exist. Try to read pom.xml to get information.
21:21:49.055 [main] DEBUG f.i.s.r.p.m.RepositoryModelResolver - Downloading https://repo1.maven.org/maven2/org/springframework/spring-framework-bom/4.3.10.RELEASE/spring-framework-bom-4.3.10.RELEASE.pom
21:21:49.175 [main] DEBUG f.i.s.r.p.m.RepositoryModelResolver - Downloading https://repo1.maven.org/maven2/org/springframework/security/spring-security-bom/4.2.3.RELEASE/spring-security-bom-4.2.3.RELEASE.pom
21:21:49.272 [main] DEBUG f.i.s.r.p.s.paths.ComputeSourceDir - The source directory given in pom.xml (/root/workspace/molgenis/molgenis/330255284/src/main/java) does not exist. Continue to try to get source dir from all modules.
21:21:49.310 [main] DEBUG f.i.s.r.p.s.paths.ComputeSourceDir - The default source directory (/root/workspace/molgenis/molgenis/330255284/molgenis-api-tests/src/main/java) does not exist. Try to read pom.xml to get information.
21:21:49.355 [main] DEBUG f.i.s.r.p.s.paths.ComputeSourceDir - The source directory given in pom.xml (/root/workspace/molgenis/molgenis/330255284/molgenis-api-tests/src/main/java) does not exist. Continue to try to get source dir from all modules.
21:21:49.356 [main] ERROR f.i.s.r.p.s.paths.ComputeSourceDir - The source directory is not at default location or specified in build section from pom.xml, and no parent can be found.
21:21:50.049 [main] INFO  f.i.s.r.p.s.paths.ComputeSourceDir - 55 source dirs were found:
21:21:50.049 [main] INFO  f.i.s.r.p.s.paths.ComputeSourceDir - /root/workspace/molgenis/molgenis/330255284/molgenis-amazon-bucket/src/main/java
21:21:50.049 [main] INFO  f.i.s.r.p.s.paths.ComputeSourceDir - /root/workspace/molgenis/molgenis/330255284/molgenis-app/src/main/java
21:21:50.049 [main] INFO  f.i.s.r.p.s.paths.ComputeSourceDir - /root/workspace/molgenis/molgenis/330255284/molgenis-apps/src/main/java
21:21:50.049 [main] INFO  f.i.s.r.p.s.paths.ComputeSourceDir - /root/workspace/molgenis/molgenis/330255284/molgenis-beacon/src/main/java
21:21:50.049 [main] INFO  f.i.s.r.p.s.paths.ComputeSourceDir - /root/workspace/molgenis/molgenis/330255284/molgenis-bootstrap/src/main/java
21:21:50.049 [main] INFO  f.i.s.r.p.s.paths.ComputeSourceDir - /root/workspace/molgenis/molgenis/330255284/molgenis-core-ui/src/main/java
21:21:50.050 [main] INFO  f.i.s.r.p.s.paths.ComputeSourceDir - /root/workspace/molgenis/molgenis/330255284/molgenis-core/src/main/java
21:21:50.050 [main] INFO  f.i.s.r.p.s.paths.ComputeSourceDir - /root/workspace/molgenis/molgenis/330255284/molgenis-data-annotators/src/main/java
21:21:50.050 [main] INFO  f.i.s.r.p.s.paths.ComputeSourceDir - /root/workspace/molgenis/molgenis/330255284/molgenis-data-cache/src/main/java
21:21:50.050 [main] INFO  f.i.s.r.p.s.paths.ComputeSourceDir - /root/workspace/molgenis/molgenis/330255284/molgenis-data-csv/src/main/java
21:21:50.050 [main] INFO  f.i.s.r.p.s.paths.ComputeSourceDir - /root/workspace/molgenis/molgenis/330255284/molgenis-data-elasticsearch/src/main/java
21:21:50.050 [main] INFO  f.i.s.r.p.s.paths.ComputeSourceDir - /root/workspace/molgenis/molgenis/330255284/molgenis-data-excel/src/main/java
21:21:50.050 [main] INFO  f.i.s.r.p.s.paths.ComputeSourceDir - /root/workspace/molgenis/molgenis/330255284/molgenis-data-file/src/main/java
21:21:50.050 [main] INFO  f.i.s.r.p.s.paths.ComputeSourceDir - /root/workspace/molgenis/molgenis/330255284/molgenis-data-i18n/src/main/java
21:21:50.050 [main] INFO  f.i.s.r.p.s.paths.ComputeSourceDir - /root/workspace/molgenis/molgenis/330255284/molgenis-data-import/src/main/java
21:21:50.050 [main] INFO  f.i.s.r.p.s.paths.ComputeSourceDir - /root/workspace/molgenis/molgenis/330255284/molgenis-data-index/src/main/java
21:21:50.050 [main] INFO  f.i.s.r.p.s.paths.ComputeSourceDir - /root/workspace/molgenis/molgenis/330255284/molgenis-data-migrate/src/main/java
21:21:50.051 [main] INFO  f.i.s.r.p.s.paths.ComputeSourceDir - /root/workspace/molgenis/molgenis/330255284/molgenis-data-platform/src/main/java
21:21:50.051 [main] INFO  f.i.s.r.p.s.paths.ComputeSourceDir - /root/workspace/molgenis/molgenis/330255284/molgenis-data-plugin/src/main/java
21:21:50.051 [main] INFO  f.i.s.r.p.s.paths.ComputeSourceDir - /root/workspace/molgenis/molgenis/330255284/molgenis-data-postgresql/src/main/java
21:21:50.051 [main] INFO  f.i.s.r.p.s.paths.ComputeSourceDir - /root/workspace/molgenis/molgenis/330255284/molgenis-data-rest-client/src/main/java
21:21:50.051 [main] INFO  f.i.s.r.p.s.paths.ComputeSourceDir - /root/workspace/molgenis/molgenis/330255284/molgenis-data-rest/src/main/java
21:21:50.051 [main] INFO  f.i.s.r.p.s.paths.ComputeSourceDir - /root/workspace/molgenis/molgenis/330255284/molgenis-data-security/src/main/java
21:21:50.051 [main] INFO  f.i.s.r.p.s.paths.ComputeSourceDir - /root/workspace/molgenis/molgenis/330255284/molgenis-data-validation/src/main/java
21:21:50.051 [main] INFO  f.i.s.r.p.s.paths.ComputeSourceDir - /root/workspace/molgenis/molgenis/330255284/molgenis-data-vcf/src/main/java
21:21:50.051 [main] INFO  f.i.s.r.p.s.paths.ComputeSourceDir - /root/workspace/molgenis/molgenis/330255284/molgenis-data/src/main/java
21:21:50.052 [main] INFO  f.i.s.r.p.s.paths.ComputeSourceDir - /root/workspace/molgenis/molgenis/330255284/molgenis-dataexplorer/src/main/java
21:21:50.052 [main] INFO  f.i.s.r.p.s.paths.ComputeSourceDir - /root/workspace/molgenis/molgenis/330255284/molgenis-fair/src/main/java
21:21:50.052 [main] INFO  f.i.s.r.p.s.paths.ComputeSourceDir - /root/workspace/molgenis/molgenis/330255284/molgenis-file-ingester/src/main/java
21:21:50.052 [main] INFO  f.i.s.r.p.s.paths.ComputeSourceDir - /root/workspace/molgenis/molgenis/330255284/molgenis-gavin/src/main/java
21:21:50.052 [main] INFO  f.i.s.r.p.s.paths.ComputeSourceDir - /root/workspace/molgenis/molgenis/330255284/molgenis-genomebrowser/src/main/java
21:21:50.052 [main] INFO  f.i.s.r.p.s.paths.ComputeSourceDir - /root/workspace/molgenis/molgenis/330255284/molgenis-i18n/src/main/java
21:21:50.052 [main] INFO  f.i.s.r.p.s.paths.ComputeSourceDir - /root/workspace/molgenis/molgenis/330255284/molgenis-jobs/src/main/java
21:21:50.053 [main] INFO  f.i.s.r.p.s.paths.ComputeSourceDir - /root/workspace/molgenis/molgenis/330255284/molgenis-js/src/main/java
21:21:50.053 [main] INFO  f.i.s.r.p.s.paths.ComputeSourceDir - /root/workspace/molgenis/molgenis/330255284/molgenis-metadata-manager/src/main/java
21:21:50.053 [main] INFO  f.i.s.r.p.s.paths.ComputeSourceDir - /root/workspace/molgenis/molgenis/330255284/molgenis-navigator/src/main/java
21:21:50.053 [main] INFO  f.i.s.r.p.s.paths.ComputeSourceDir - /root/workspace/molgenis/molgenis/330255284/molgenis-one-click-importer/src/main/java
21:21:50.053 [main] INFO  f.i.s.r.p.s.paths.ComputeSourceDir - /root/workspace/molgenis/molgenis/330255284/molgenis-ontology-core/src/main/java
21:21:50.053 [main] INFO  f.i.s.r.p.s.paths.ComputeSourceDir - /root/workspace/molgenis/molgenis/330255284/molgenis-ontology/src/main/java
21:21:50.053 [main] INFO  f.i.s.r.p.s.paths.ComputeSourceDir - /root/workspace/molgenis/molgenis/330255284/molgenis-platform-integration-tests/src/main/java
21:21:50.053 [main] INFO  f.i.s.r.p.s.paths.ComputeSourceDir - /root/workspace/molgenis/molgenis/330255284/molgenis-python/src/main/java
21:21:50.054 [main] INFO  f.i.s.r.p.s.paths.ComputeSourceDir - /root/workspace/molgenis/molgenis/330255284/molgenis-questionnaires/src/main/java
21:21:50.054 [main] INFO  f.i.s.r.p.s.paths.ComputeSourceDir - /root/workspace/molgenis/molgenis/330255284/molgenis-r/src/main/java
21:21:50.054 [main] INFO  f.i.s.r.p.s.paths.ComputeSourceDir - /root/workspace/molgenis/molgenis/330255284/molgenis-scripts-core/src/main/java
21:21:50.054 [main] INFO  f.i.s.r.p.s.paths.ComputeSourceDir - /root/workspace/molgenis/molgenis/330255284/molgenis-scripts/src/main/java
21:21:50.054 [main] INFO  f.i.s.r.p.s.paths.ComputeSourceDir - /root/workspace/molgenis/molgenis/330255284/molgenis-searchall/src/main/java
21:21:50.054 [main] INFO  f.i.s.r.p.s.paths.ComputeSourceDir - /root/workspace/molgenis/molgenis/330255284/molgenis-security-core/src/main/java
21:21:50.054 [main] INFO  f.i.s.r.p.s.paths.ComputeSourceDir - /root/workspace/molgenis/molgenis/330255284/molgenis-security/src/main/java
21:21:50.054 [main] INFO  f.i.s.r.p.s.paths.ComputeSourceDir - /root/workspace/molgenis/molgenis/330255284/molgenis-semantic-mapper/src/main/java
21:21:50.055 [main] INFO  f.i.s.r.p.s.paths.ComputeSourceDir - /root/workspace/molgenis/molgenis/330255284/molgenis-semantic-search/src/main/java
21:21:50.055 [main] INFO  f.i.s.r.p.s.paths.ComputeSourceDir - /root/workspace/molgenis/molgenis/330255284/molgenis-settings/src/main/java
21:21:50.055 [main] INFO  f.i.s.r.p.s.paths.ComputeSourceDir - /root/workspace/molgenis/molgenis/330255284/molgenis-swagger/src/main/java
21:21:50.055 [main] INFO  f.i.s.r.p.s.paths.ComputeSourceDir - /root/workspace/molgenis/molgenis/330255284/molgenis-test/src/main/java
21:21:50.055 [main] INFO  f.i.s.r.p.s.paths.ComputeSourceDir - /root/workspace/molgenis/molgenis/330255284/molgenis-util/src/main/java
21:21:50.055 [main] INFO  f.i.s.r.p.s.paths.ComputeSourceDir - /root/workspace/molgenis/molgenis/330255284/molgenis-web/src/main/java
21:21:50.106 [main] DEBUG f.i.s.r.p.s.paths.ComputeSourceDir - Compute the line of code of the project
21:21:50.354 [main] DEBUG f.i.s.r.p.s.paths.ComputeSourceDir - Get result from cloc process...
21:21:50.355 [main] DEBUG f.i.s.r.p.s.paths.ComputeSourceDir - STEP STATUS: [ ComputeSourceDir : SUCCESS ]
21:21:50.355 [main] DEBUG f.i.s.r.p.s.paths.ComputeSourceDir - STEP DURATION: 1s
21:21:50.356 [main] DEBUG f.i.s.r.p.s.paths.ComputeSourceDir - EXECUTE NEXT STEP
21:21:50.356 [main] DEBUG f.i.s.r.p.step.paths.ComputeTestDir - ----------------------------------------------------------------------
21:21:50.356 [main] DEBUG f.i.s.r.p.step.paths.ComputeTestDir - STEP 4/22: ComputeTestDir
21:21:50.356 [main] DEBUG f.i.s.r.p.step.paths.ComputeTestDir - ----------------------------------------------------------------------
21:21:50.356 [main] DEBUG f.i.s.r.p.step.paths.ComputeTestDir - Computing the test directory ...
21:21:50.356 [main] DEBUG f.i.s.r.p.step.paths.ComputeTestDir - The default test directory (/root/workspace/molgenis/molgenis/330255284/src/test/java) does not exist. Try to read pom.xml to get information.
21:21:50.379 [main] DEBUG f.i.s.r.p.step.paths.ComputeTestDir - The test directory given in pom.xml (/root/workspace/molgenis/molgenis/330255284/src/test/java) does not exist. Continue to try to get test dir from all modules.
21:21:50.426 [main] DEBUG f.i.s.r.p.step.paths.ComputeTestDir - The default test directory (/root/workspace/molgenis/molgenis/330255284/molgenis-bootstrap/src/test/java) does not exist. Try to read pom.xml to get information.
21:21:50.455 [main] DEBUG f.i.s.r.p.step.paths.ComputeTestDir - The test directory given in pom.xml (/root/workspace/molgenis/molgenis/330255284/molgenis-bootstrap/src/test/java) does not exist. Continue to try to get test dir from all modules.
21:21:50.456 [main] ERROR f.i.s.r.p.step.paths.ComputeTestDir - The test directory is not at default location or specified in build section from pom.xml, and no parent can be found.
21:21:50.548 [main] DEBUG f.i.s.r.p.step.paths.ComputeTestDir - The default test directory (/root/workspace/molgenis/molgenis/330255284/molgenis-data-migrate/src/test/java) does not exist. Try to read pom.xml to get information.
21:21:50.554 [main] DEBUG f.i.s.r.p.step.paths.ComputeTestDir - The test directory given in pom.xml (/root/workspace/molgenis/molgenis/330255284/molgenis-data-migrate/src/test/java) does not exist. Continue to try to get test dir from all modules.
21:21:50.554 [main] ERROR f.i.s.r.p.step.paths.ComputeTestDir - The test directory is not at default location or specified in build section from pom.xml, and no parent can be found.
21:21:50.554 [main] DEBUG f.i.s.r.p.step.paths.ComputeTestDir - The default test directory (/root/workspace/molgenis/molgenis/330255284/molgenis-data-platform/src/test/java) does not exist. Try to read pom.xml to get information.
21:21:50.560 [main] DEBUG f.i.s.r.p.step.paths.ComputeTestDir - The test directory given in pom.xml (/root/workspace/molgenis/molgenis/330255284/molgenis-data-platform/src/test/java) does not exist. Continue to try to get test dir from all modules.
21:21:50.560 [main] ERROR f.i.s.r.p.step.paths.ComputeTestDir - The test directory is not at default location or specified in build section from pom.xml, and no parent can be found.
21:21:50.560 [main] DEBUG f.i.s.r.p.step.paths.ComputeTestDir - The default test directory (/root/workspace/molgenis/molgenis/330255284/molgenis-data-plugin/src/test/java) does not exist. Try to read pom.xml to get information.
21:21:50.566 [main] DEBUG f.i.s.r.p.step.paths.ComputeTestDir - The test directory given in pom.xml (/root/workspace/molgenis/molgenis/330255284/molgenis-data-plugin/src/test/java) does not exist. Continue to try to get test dir from all modules.
21:21:50.567 [main] ERROR f.i.s.r.p.step.paths.ComputeTestDir - The test directory is not at default location or specified in build section from pom.xml, and no parent can be found.
21:21:50.730 [main] DEBUG f.i.s.r.p.step.paths.ComputeTestDir - The default test directory (/root/workspace/molgenis/molgenis/330255284/molgenis-python/src/test/java) does not exist. Try to read pom.xml to get information.
21:21:50.736 [main] DEBUG f.i.s.r.p.step.paths.ComputeTestDir - The test directory given in pom.xml (/root/workspace/molgenis/molgenis/330255284/molgenis-python/src/test/java) does not exist. Continue to try to get test dir from all modules.
21:21:50.736 [main] ERROR f.i.s.r.p.step.paths.ComputeTestDir - The test directory is not at default location or specified in build section from pom.xml, and no parent can be found.
21:21:50.736 [main] DEBUG f.i.s.r.p.step.paths.ComputeTestDir - The default test directory (/root/workspace/molgenis/molgenis/330255284/molgenis-questionnaires/src/test/java) does not exist. Try to read pom.xml to get information.
21:21:50.743 [main] DEBUG f.i.s.r.p.step.paths.ComputeTestDir - The test directory given in pom.xml (/root/workspace/molgenis/molgenis/330255284/molgenis-questionnaires/src/test/java) does not exist. Continue to try to get test dir from all modules.
21:21:50.744 [main] ERROR f.i.s.r.p.step.paths.ComputeTestDir - The test directory is not at default location or specified in build section from pom.xml, and no parent can be found.
21:21:50.763 [main] DEBUG f.i.s.r.p.step.paths.ComputeTestDir - The default test directory (/root/workspace/molgenis/molgenis/330255284/molgenis-scripts/src/test/java) does not exist. Try to read pom.xml to get information.
21:21:50.769 [main] DEBUG f.i.s.r.p.step.paths.ComputeTestDir - The test directory given in pom.xml (/root/workspace/molgenis/molgenis/330255284/molgenis-scripts/src/test/java) does not exist. Continue to try to get test dir from all modules.
21:21:50.770 [main] ERROR f.i.s.r.p.step.paths.ComputeTestDir - The test directory is not at default location or specified in build section from pom.xml, and no parent can be found.
21:21:50.808 [main] DEBUG f.i.s.r.p.step.paths.ComputeTestDir - The default test directory (/root/workspace/molgenis/molgenis/330255284/molgenis-test/src/test/java) does not exist. Try to read pom.xml to get information.
21:21:50.814 [main] DEBUG f.i.s.r.p.step.paths.ComputeTestDir - The test directory given in pom.xml (/root/workspace/molgenis/molgenis/330255284/molgenis-test/src/test/java) does not exist. Continue to try to get test dir from all modules.
21:21:50.814 [main] ERROR f.i.s.r.p.step.paths.ComputeTestDir - The test directory is not at default location or specified in build section from pom.xml, and no parent can be found.
21:21:50.839 [main] INFO  f.i.s.r.p.step.paths.ComputeTestDir - 48 test dirs were found:
21:21:50.839 [main] INFO  f.i.s.r.p.step.paths.ComputeTestDir - /root/workspace/molgenis/molgenis/330255284/molgenis-amazon-bucket/src/test/java
21:21:50.839 [main] INFO  f.i.s.r.p.step.paths.ComputeTestDir - /root/workspace/molgenis/molgenis/330255284/molgenis-api-tests/src/test/java
21:21:50.839 [main] INFO  f.i.s.r.p.step.paths.ComputeTestDir - /root/workspace/molgenis/molgenis/330255284/molgenis-app/src/test/java
21:21:50.840 [main] INFO  f.i.s.r.p.step.paths.ComputeTestDir - /root/workspace/molgenis/molgenis/330255284/molgenis-apps/src/test/java
21:21:50.840 [main] INFO  f.i.s.r.p.step.paths.ComputeTestDir - /root/workspace/molgenis/molgenis/330255284/molgenis-beacon/src/test/java
21:21:50.840 [main] INFO  f.i.s.r.p.step.paths.ComputeTestDir - /root/workspace/molgenis/molgenis/330255284/molgenis-core-ui/src/test/java
21:21:50.840 [main] INFO  f.i.s.r.p.step.paths.ComputeTestDir - /root/workspace/molgenis/molgenis/330255284/molgenis-core/src/test/java
21:21:50.840 [main] INFO  f.i.s.r.p.step.paths.ComputeTestDir - /root/workspace/molgenis/molgenis/330255284/molgenis-data-annotators/src/test/java
21:21:50.840 [main] INFO  f.i.s.r.p.step.paths.ComputeTestDir - /root/workspace/molgenis/molgenis/330255284/molgenis-data-cache/src/test/java
21:21:50.840 [main] INFO  f.i.s.r.p.step.paths.ComputeTestDir - /root/workspace/molgenis/molgenis/330255284/molgenis-data-csv/src/test/java
21:21:50.841 [main] INFO  f.i.s.r.p.step.paths.ComputeTestDir - /root/workspace/molgenis/molgenis/330255284/molgenis-data-elasticsearch/src/test/java
21:21:50.841 [main] INFO  f.i.s.r.p.step.paths.ComputeTestDir - /root/workspace/molgenis/molgenis/330255284/molgenis-data-excel/src/test/java
21:21:50.841 [main] INFO  f.i.s.r.p.step.paths.ComputeTestDir - /root/workspace/molgenis/molgenis/330255284/molgenis-data-file/src/test/java
21:21:50.841 [main] INFO  f.i.s.r.p.step.paths.ComputeTestDir - /root/workspace/molgenis/molgenis/330255284/molgenis-data-i18n/src/test/java
21:21:50.841 [main] INFO  f.i.s.r.p.step.paths.ComputeTestDir - /root/workspace/molgenis/molgenis/330255284/molgenis-data-import/src/test/java
21:21:50.841 [main] INFO  f.i.s.r.p.step.paths.ComputeTestDir - /root/workspace/molgenis/molgenis/330255284/molgenis-data-index/src/test/java
21:21:50.841 [main] INFO  f.i.s.r.p.step.paths.ComputeTestDir - /root/workspace/molgenis/molgenis/330255284/molgenis-data-postgresql/src/test/java
21:21:50.841 [main] INFO  f.i.s.r.p.step.paths.ComputeTestDir - /root/workspace/molgenis/molgenis/330255284/molgenis-data-rest-client/src/test/java
21:21:50.841 [main] INFO  f.i.s.r.p.step.paths.ComputeTestDir - /root/workspace/molgenis/molgenis/330255284/molgenis-data-rest/src/test/java
21:21:50.841 [main] INFO  f.i.s.r.p.step.paths.ComputeTestDir - /root/workspace/molgenis/molgenis/330255284/molgenis-data-security/src/test/java
21:21:50.842 [main] INFO  f.i.s.r.p.step.paths.ComputeTestDir - /root/workspace/molgenis/molgenis/330255284/molgenis-data-validation/src/test/java
21:21:50.842 [main] INFO  f.i.s.r.p.step.paths.ComputeTestDir - /root/workspace/molgenis/molgenis/330255284/molgenis-data-vcf/src/test/java
21:21:50.842 [main] INFO  f.i.s.r.p.step.paths.ComputeTestDir - /root/workspace/molgenis/molgenis/330255284/molgenis-data/src/test/java
21:21:50.842 [main] INFO  f.i.s.r.p.step.paths.ComputeTestDir - /root/workspace/molgenis/molgenis/330255284/molgenis-dataexplorer/src/test/java
21:21:50.842 [main] INFO  f.i.s.r.p.step.paths.ComputeTestDir - /root/workspace/molgenis/molgenis/330255284/molgenis-fair/src/test/java
21:21:50.842 [main] INFO  f.i.s.r.p.step.paths.ComputeTestDir - /root/workspace/molgenis/molgenis/330255284/molgenis-file-ingester/src/test/java
21:21:50.842 [main] INFO  f.i.s.r.p.step.paths.ComputeTestDir - /root/workspace/molgenis/molgenis/330255284/molgenis-gavin/src/test/java
21:21:50.842 [main] INFO  f.i.s.r.p.step.paths.ComputeTestDir - /root/workspace/molgenis/molgenis/330255284/molgenis-genomebrowser/src/test/java
21:21:50.842 [main] INFO  f.i.s.r.p.step.paths.ComputeTestDir - /root/workspace/molgenis/molgenis/330255284/molgenis-i18n/src/test/java
21:21:50.842 [main] INFO  f.i.s.r.p.step.paths.ComputeTestDir - /root/workspace/molgenis/molgenis/330255284/molgenis-jobs/src/test/java
21:21:50.843 [main] INFO  f.i.s.r.p.step.paths.ComputeTestDir - /root/workspace/molgenis/molgenis/330255284/molgenis-js/src/test/java
21:21:50.843 [main] INFO  f.i.s.r.p.step.paths.ComputeTestDir - /root/workspace/molgenis/molgenis/330255284/molgenis-metadata-manager/src/test/java
21:21:50.843 [main] INFO  f.i.s.r.p.step.paths.ComputeTestDir - /root/workspace/molgenis/molgenis/330255284/molgenis-navigator/src/test/java
21:21:50.843 [main] INFO  f.i.s.r.p.step.paths.ComputeTestDir - /root/workspace/molgenis/molgenis/330255284/molgenis-one-click-importer/src/test/java
21:21:50.843 [main] INFO  f.i.s.r.p.step.paths.ComputeTestDir - /root/workspace/molgenis/molgenis/330255284/molgenis-ontology-core/src/test/java
21:21:50.843 [main] INFO  f.i.s.r.p.step.paths.ComputeTestDir - /root/workspace/molgenis/molgenis/330255284/molgenis-ontology/src/test/java
21:21:50.843 [main] INFO  f.i.s.r.p.step.paths.ComputeTestDir - /root/workspace/molgenis/molgenis/330255284/molgenis-platform-integration-tests/src/test/java
21:21:50.843 [main] INFO  f.i.s.r.p.step.paths.ComputeTestDir - /root/workspace/molgenis/molgenis/330255284/molgenis-r/src/test/java
21:21:50.844 [main] INFO  f.i.s.r.p.step.paths.ComputeTestDir - /root/workspace/molgenis/molgenis/330255284/molgenis-scripts-core/src/test/java
21:21:50.844 [main] INFO  f.i.s.r.p.step.paths.ComputeTestDir - /root/workspace/molgenis/molgenis/330255284/molgenis-searchall/src/test/java
21:21:50.844 [main] INFO  f.i.s.r.p.step.paths.ComputeTestDir - /root/workspace/molgenis/molgenis/330255284/molgenis-security-core/src/test/java
21:21:50.844 [main] INFO  f.i.s.r.p.step.paths.ComputeTestDir - /root/workspace/molgenis/molgenis/330255284/molgenis-security/src/test/java
21:21:50.844 [main] INFO  f.i.s.r.p.step.paths.ComputeTestDir - /root/workspace/molgenis/molgenis/330255284/molgenis-semantic-mapper/src/test/java
21:21:50.844 [main] INFO  f.i.s.r.p.step.paths.ComputeTestDir - /root/workspace/molgenis/molgenis/330255284/molgenis-semantic-search/src/test/java
21:21:50.844 [main] INFO  f.i.s.r.p.step.paths.ComputeTestDir - /root/workspace/molgenis/molgenis/330255284/molgenis-settings/src/test/java
21:21:50.844 [main] INFO  f.i.s.r.p.step.paths.ComputeTestDir - /root/workspace/molgenis/molgenis/330255284/molgenis-swagger/src/test/java
21:21:50.844 [main] INFO  f.i.s.r.p.step.paths.ComputeTestDir - /root/workspace/molgenis/molgenis/330255284/molgenis-util/src/test/java
21:21:50.845 [main] INFO  f.i.s.r.p.step.paths.ComputeTestDir - /root/workspace/molgenis/molgenis/330255284/molgenis-web/src/test/java
21:21:50.883 [main] DEBUG f.i.s.r.p.step.paths.ComputeTestDir - STEP STATUS: [ ComputeTestDir : SUCCESS ]
21:21:50.883 [main] DEBUG f.i.s.r.p.step.paths.ComputeTestDir - STEP DURATION: 0s
21:21:50.884 [main] DEBUG f.i.s.r.p.step.paths.ComputeTestDir - EXECUTE NEXT STEP
21:21:50.884 [main] DEBUG f.i.s.r.p.s.c.CheckoutBuggyBuildSourceCode - ----------------------------------------------------------------------
21:21:50.884 [main] DEBUG f.i.s.r.p.s.c.CheckoutBuggyBuildSourceCode - STEP 5/22: CheckoutBuggyBuildCandidateSourceCode
21:21:50.884 [main] DEBUG f.i.s.r.p.s.c.CheckoutBuggyBuildSourceCode - ----------------------------------------------------------------------
21:21:50.884 [main] DEBUG f.i.s.r.p.s.c.CheckoutBuggyBuildSourceCode - Checking out the source code of the buggy build candidate...
21:21:51.197 [main] INFO  fr.inria.jtravis.JTravis - GitHub ratelimit: Limit: 5000 Remaining: 4892 Reset hour: 19:18:28
21:21:52.952 [main] DEBUG f.i.s.r.process.git.GitHelper - Commit repairnator files...
21:21:52.953 [main] INFO  f.i.s.r.process.git.GitHelper - There is no repairnator file to commit.
21:21:52.953 [main] DEBUG f.i.s.r.p.s.c.CheckoutBuggyBuildSourceCode - Reproduce the PR for molgenis/molgenis by fetching remote branch and merging.
21:21:53.473 [main] DEBUG f.i.s.r.process.git.GitHelper - Step CheckoutBuggyBuildCandidateSourceCode - Get the commit 03b336b40e9017f9f474ea2c1f69e4e71e7ea8c5 for repo molgenis/molgenis
21:21:53.806 [main] DEBUG f.i.s.r.process.git.GitHelper - Step CheckoutBuggyBuildCandidateSourceCode - Do the merge with the PR commit for repo molgenis/molgenis
21:21:53.807 [main] INFO  f.i.s.r.process.git.GitHelper - Init git submodules.
21:21:53.991 [main] INFO  fr.inria.jtravis.JTravis - GitHub ratelimit: Limit: 5000 Remaining: 4885 Reset hour: 19:18:28
21:21:55.556 [main] DEBUG f.i.s.r.process.git.GitHelper - Commit repairnator files...
21:21:55.556 [main] INFO  f.i.s.r.process.git.GitHelper - There is no repairnator file to commit.
21:21:55.556 [main] DEBUG f.i.s.r.p.s.c.CheckoutBuggyBuildSourceCode - Reproduce the PR for molgenis/molgenis by fetching remote branch and merging.
21:21:56.044 [main] ERROR f.i.s.r.p.s.c.CheckoutBuggyBuildSourceCode - Error while testing commit: org.eclipse.jgit.errors.MissingObjectException: Missing unknown fd3aa131abf3d5a529f73d7e3a8107538d621764
21:21:56.046 [main] ERROR f.i.s.r.p.s.c.CheckoutBuggyBuildSourceCode - Commit head ref cannot be retrieved from the repository: fd3aa131abf3d5a529f73d7e3a8107538d621764. Operation aborted.
21:21:56.046 [main] ERROR f.i.s.r.p.s.c.CheckoutBuggyBuildSourceCode - Error while merging two commits to reproduce the PR.
21:21:56.048 [main] DEBUG f.i.s.r.p.s.c.CheckoutBuggyBuildSourceCode - STEP STATUS: [ CheckoutBuggyBuildCandidateSourceCode : FAILURE ( BUILDNOTCHECKEDOUT ) ]
21:21:56.048 [main] DEBUG f.i.s.r.p.s.c.CheckoutBuggyBuildSourceCode - STEP DURATION: 5s
21:21:56.048 [main] DEBUG f.i.s.r.p.s.c.CheckoutBuggyBuildSourceCode - TERMINATE PIPELINE
21:21:56.049 [main] DEBUG f.i.s.r.p.s.c.CheckoutBuggyBuildSourceCode - FINAL STEPS SKIPPED: The reproduction of the bug and/or the patch failed.
21:21:56.049 [main] INFO  f.i.s.r.p.s.c.CheckoutBuggyBuildSourceCode - Serialize all data for the pair of builds 330255284, 330335151
21:21:56.169 [main] INFO  fr.inria.jtravis.JTravis - GitHub ratelimit: Limit: 5000 Remaining: 4878 Reset hour: 19:18:28
21:21:57.203 [main] INFO  f.i.s.r.p.i.ProjectInspector - ----------------------------------------------------------------------
21:21:57.203 [main] INFO  f.i.s.r.p.i.ProjectInspector - PIPELINE EXECUTION SUMMARY
21:21:57.204 [main] INFO  f.i.s.r.p.i.ProjectInspector - ----------------------------------------------------------------------
21:21:57.204 [main] INFO  f.i.s.r.p.i.ProjectInspector - CloneRepository.......................................SUCCESS [ 40 s ]
21:21:57.204 [main] INFO  f.i.s.r.p.i.ProjectInspector - CheckoutPatchedBuildCandidate.........................SUCCESS [ 11 s ]
21:21:57.204 [main] INFO  f.i.s.r.p.i.ProjectInspector - ComputeSourceDir......................................SUCCESS [  1 s ]
21:21:57.204 [main] INFO  f.i.s.r.p.i.ProjectInspector - ComputeTestDir........................................SUCCESS [  0 s ]
21:21:57.204 [main] INFO  f.i.s.r.p.i.ProjectInspector - CheckoutBuggyBuildCandidateSourceCode.................FAILURE [  5 s ]
21:21:57.205 [main] INFO  f.i.s.r.p.i.ProjectInspector - BuildProjectBuggyBuildCandidateSourceCode.............NOT RUN         
21:21:57.205 [main] INFO  f.i.s.r.p.i.ProjectInspector - TestProjectBuggyBuildCandidateSourceCode..............NOT RUN         
21:21:57.205 [main] INFO  f.i.s.r.p.i.ProjectInspector - GatherTestInformationBuggyBuildCandidateSourceCode....NOT RUN         
21:21:57.205 [main] INFO  f.i.s.r.p.i.ProjectInspector - CheckoutBuggyBuildTestCode............................NOT RUN         
21:21:57.205 [main] INFO  f.i.s.r.p.i.ProjectInspector - InitRepoToPush........................................NOT RUN         
21:21:57.205 [main] INFO  f.i.s.r.p.i.ProjectInspector - ComputeClasspath......................................NOT RUN         
21:21:57.205 [main] INFO  f.i.s.r.p.i.ProjectInspector - ComputeModules........................................NOT RUN         
21:21:57.206 [main] INFO  f.i.s.r.p.i.ProjectInspector - CheckoutBuggyBuildCandidateSourceCode.................NOT RUN         
21:21:57.206 [main] INFO  f.i.s.r.p.i.ProjectInspector - CommitChangedTests....................................NOT RUN         
21:21:57.206 [main] INFO  f.i.s.r.p.i.ProjectInspector - CheckoutPatchedBuildCandidate.........................NOT RUN         
21:21:57.206 [main] INFO  f.i.s.r.p.i.ProjectInspector - BuildProjectPatchedBuildCandidate.....................NOT RUN         
21:21:57.206 [main] INFO  f.i.s.r.p.i.ProjectInspector - TestProjectPatchedBuildCandidate......................NOT RUN         
21:21:57.206 [main] INFO  f.i.s.r.p.i.ProjectInspector - GatherTestInformationPatchedBuildCandidate............NOT RUN         
21:21:57.206 [main] INFO  f.i.s.r.p.i.ProjectInspector - CommitPatch...........................................NOT RUN         
21:21:57.207 [main] INFO  f.i.s.r.p.i.ProjectInspector - WritePropertyFile.....................................NOT RUN         
21:21:57.207 [main] INFO  f.i.s.r.p.i.ProjectInspector - CommitProcessEnd......................................NOT RUN         
21:21:57.207 [main] INFO  f.i.s.r.p.i.ProjectInspector - PushProcessEnd........................................NOT RUN         
21:21:57.207 [main] INFO  f.i.s.r.p.i.ProjectInspector - ----------------------------------------------------------------------
21:21:57.207 [main] INFO  f.i.s.r.p.i.ProjectInspector - PIPELINE FINDING: BUILDNOTCHECKEDOUT
21:21:57.207 [main] INFO  f.i.s.r.p.i.ProjectInspector - ----------------------------------------------------------------------
21:21:57.208 [main] INFO  f.i.s.repairnator.pipeline.Launcher - Inspector is finished. The process will exit now.
