17:52:09.314 [main] INFO  f.i.s.repairnator.pipeline.Launcher - PIPELINE VERSION: 3.0-2018-08-09 19:04
17:52:09.459 [main] INFO  f.i.s.repairnator.pipeline.Launcher - The pipeline will try to reproduce a bug from build 339586212 and its corresponding patch from build 339588207
17:52:09.460 [main] INFO  f.i.s.repairnator.pipeline.Launcher - Initialize file serializer engines.
17:52:09.461 [main] INFO  f.i.s.repairnator.pipeline.Launcher - MongoDB won't be used for serialization.
17:52:09.462 [main] INFO  f.i.s.repairnator.pipeline.Launcher - The email notifier engine won't be used.
17:52:09.464 [main] INFO  f.i.s.repairnator.pipeline.Launcher - Start by getting the build (buildId: 339586212) with the following config: RepairnatorConfig{runId='11aa25c6-cd5d-4ed3-9c64-3e93d2d5d895_02-18-week2-FAILING_AND_PASSING', launcherMode=BEARS, serializeJson=true, inputPath='null', outputPath='/var/log', mongodbHost='null', mongodbName='repairnator', smtpServer='null', notifyTo=[], notifyEndProcess=false, push=true, pushRemoteRepo='https://github.com/fermadeiral/bears-collection-fp', fork=false, lookFromDate=null, lookToDate=null, buildId=339586212, z3solverPath='./z3_for_linux', workspacePath='./workspace', githubToken='c8a341a903[...]', dockerImageName='null', skipDelete=false, createOutputDir=false, logDirectory='null', nbThreads=0, globalTimeout=0, whiteList=null, blackList=null, jobSleepTime=0, buildSleepTime=0, maxInspectedBuilds=0, duration=null, humanPatch=false, repository='null', clean=true, bearsMode=BOTH, bearsDelimiter = false, repairTools=NopolAllTests,NPEFix,AssertFixer,AstorJGenProg,AstorJKali,NopolSingleTest,AstorJMut,NopolTestExclusionStrategy, githubUserName= fermadeiral, githubUserEmail=fer.madeiral@gmail.com}
17:52:10.700 [main] DEBUG fr.inria.jtravis.helpers.BuildHelper - Get request to :https://api.travis-ci.org/build/339586212 done after 788 ms
17:52:12.313 [main] DEBUG fr.inria.jtravis.helpers.BuildHelper - Get request to :https://api.travis-ci.org/build/339588207 done after 1530 ms
17:52:12.335 [main] INFO  f.i.s.repairnator.pipeline.Launcher - The patched build (339588207) was successfully retrieved from Travis.
17:52:13.958 [main] INFO  fr.inria.jtravis.JTravis - GitHub ratelimit: Limit: 5000 Remaining: 4845 Reset hour: 19:24:02
17:52:14.212 [main] INFO  f.i.s.r.p.i.ProjectInspector - ----------------------------------------------------------------------
17:52:14.212 [main] INFO  f.i.s.r.p.i.ProjectInspector - PIPELINE STEPS
17:52:14.212 [main] INFO  f.i.s.r.p.i.ProjectInspector - ----------------------------------------------------------------------
17:52:14.213 [main] INFO  f.i.s.r.p.i.ProjectInspector - CloneRepository
17:52:14.213 [main] INFO  f.i.s.r.p.i.ProjectInspector - CheckoutBuggyBuildCandidate
17:52:14.226 [main] INFO  f.i.s.r.p.i.ProjectInspector - ComputeSourceDir
17:52:14.226 [main] INFO  f.i.s.r.p.i.ProjectInspector - ComputeTestDir
17:52:14.226 [main] INFO  f.i.s.r.p.i.ProjectInspector - BuildProjectBuggyBuildCandidate
17:52:14.226 [main] INFO  f.i.s.r.p.i.ProjectInspector - TestProjectBuggyBuildCandidate
17:52:14.226 [main] INFO  f.i.s.r.p.i.ProjectInspector - GatherTestInformationBuggyBuildCandidate
17:52:14.226 [main] INFO  f.i.s.r.p.i.ProjectInspector - InitRepoToPush
17:52:14.226 [main] INFO  f.i.s.r.p.i.ProjectInspector - ComputeClasspath
17:52:14.227 [main] INFO  f.i.s.r.p.i.ProjectInspector - ComputeModules
17:52:14.227 [main] INFO  f.i.s.r.p.i.ProjectInspector - CheckoutPatchedBuildCandidate
17:52:14.227 [main] INFO  f.i.s.r.p.i.ProjectInspector - BuildProjectPatchedBuildCandidate
17:52:14.227 [main] INFO  f.i.s.r.p.i.ProjectInspector - TestProjectPatchedBuildCandidate
17:52:14.227 [main] INFO  f.i.s.r.p.i.ProjectInspector - GatherTestInformationPatchedBuildCandidate
17:52:14.227 [main] INFO  f.i.s.r.p.i.ProjectInspector - CommitPatch
17:52:14.227 [main] INFO  f.i.s.r.p.i.ProjectInspector - WritePropertyFile
17:52:14.227 [main] INFO  f.i.s.r.p.i.ProjectInspector - CommitProcessEnd
17:52:14.227 [main] INFO  f.i.s.r.p.i.ProjectInspector - PushProcessEnd
17:52:14.234 [main] DEBUG f.i.s.r.process.step.CloneRepository - ----------------------------------------------------------------------
17:52:14.234 [main] DEBUG f.i.s.r.process.step.CloneRepository - STEP 1/18: CloneRepository
17:52:14.234 [main] DEBUG f.i.s.r.process.step.CloneRepository - ----------------------------------------------------------------------
17:52:14.235 [main] DEBUG f.i.s.r.process.step.CloneRepository - Cloning repository runelite/runelite in the following directory: ./workspace/runelite/runelite/339586212
17:52:25.664 [main] DEBUG f.i.s.r.process.step.CloneRepository - STEP STATUS: [ CloneRepository : SUCCESS ]
17:52:25.665 [main] DEBUG f.i.s.r.process.step.CloneRepository - STEP DURATION: 11s
17:52:25.665 [main] DEBUG f.i.s.r.process.step.CloneRepository - EXECUTE NEXT STEP
17:52:25.665 [main] DEBUG f.i.s.r.p.s.c.CheckoutBuggyBuild - ----------------------------------------------------------------------
17:52:25.666 [main] DEBUG f.i.s.r.p.s.c.CheckoutBuggyBuild - STEP 2/18: CheckoutBuggyBuildCandidate
17:52:25.666 [main] DEBUG f.i.s.r.p.s.c.CheckoutBuggyBuild - ----------------------------------------------------------------------
17:52:25.666 [main] DEBUG f.i.s.r.p.s.c.CheckoutBuggyBuild - Checking out buggy build candidate...
17:52:26.000 [main] INFO  fr.inria.jtravis.JTravis - GitHub ratelimit: Limit: 5000 Remaining: 4831 Reset hour: 19:24:02
17:52:26.361 [main] WARN  f.i.j.helpers.PullRequestHelper - The head repository is null: maybe it has been deleted from GitHub
17:52:26.361 [main] ERROR f.i.s.r.p.s.c.CheckoutBuggyBuild - Error while getting PR information.
17:52:26.362 [main] DEBUG f.i.s.r.p.s.c.CheckoutBuggyBuild - STEP STATUS: [ CheckoutBuggyBuildCandidate : FAILURE ( BUILDNOTCHECKEDOUT ) ]
17:52:26.362 [main] DEBUG f.i.s.r.p.s.c.CheckoutBuggyBuild - STEP DURATION: 0s
17:52:26.362 [main] DEBUG f.i.s.r.p.s.c.CheckoutBuggyBuild - TERMINATE PIPELINE
17:52:26.363 [main] DEBUG f.i.s.r.p.s.c.CheckoutBuggyBuild - FINAL STEPS SKIPPED: The reproduction of the bug and/or the patch failed.
17:52:26.363 [main] INFO  f.i.s.r.p.s.c.CheckoutBuggyBuild - Serialize all data for the pair of builds 339586212, 339588207
17:52:26.485 [main] INFO  fr.inria.jtravis.JTravis - GitHub ratelimit: Limit: 5000 Remaining: 4829 Reset hour: 19:24:02
17:52:27.344 [main] INFO  f.i.s.r.p.i.ProjectInspector - ----------------------------------------------------------------------
17:52:27.344 [main] INFO  f.i.s.r.p.i.ProjectInspector - PIPELINE EXECUTION SUMMARY
17:52:27.345 [main] INFO  f.i.s.r.p.i.ProjectInspector - ----------------------------------------------------------------------
17:52:27.345 [main] INFO  f.i.s.r.p.i.ProjectInspector - CloneRepository.......................................SUCCESS [ 11 s ]
17:52:27.345 [main] INFO  f.i.s.r.p.i.ProjectInspector - CheckoutBuggyBuildCandidate...........................FAILURE [  0 s ]
17:52:27.345 [main] INFO  f.i.s.r.p.i.ProjectInspector - ComputeSourceDir......................................NOT RUN         
17:52:27.346 [main] INFO  f.i.s.r.p.i.ProjectInspector - ComputeTestDir........................................NOT RUN         
17:52:27.346 [main] INFO  f.i.s.r.p.i.ProjectInspector - BuildProjectBuggyBuildCandidate.......................NOT RUN         
17:52:27.346 [main] INFO  f.i.s.r.p.i.ProjectInspector - TestProjectBuggyBuildCandidate........................NOT RUN         
17:52:27.346 [main] INFO  f.i.s.r.p.i.ProjectInspector - GatherTestInformationBuggyBuildCandidate..............NOT RUN         
17:52:27.346 [main] INFO  f.i.s.r.p.i.ProjectInspector - InitRepoToPush........................................NOT RUN         
17:52:27.346 [main] INFO  f.i.s.r.p.i.ProjectInspector - ComputeClasspath......................................NOT RUN         
17:52:27.347 [main] INFO  f.i.s.r.p.i.ProjectInspector - ComputeModules........................................NOT RUN         
17:52:27.347 [main] INFO  f.i.s.r.p.i.ProjectInspector - CheckoutPatchedBuildCandidate.........................NOT RUN         
17:52:27.347 [main] INFO  f.i.s.r.p.i.ProjectInspector - BuildProjectPatchedBuildCandidate.....................NOT RUN         
17:52:27.347 [main] INFO  f.i.s.r.p.i.ProjectInspector - TestProjectPatchedBuildCandidate......................NOT RUN         
17:52:27.347 [main] INFO  f.i.s.r.p.i.ProjectInspector - GatherTestInformationPatchedBuildCandidate............NOT RUN         
17:52:27.347 [main] INFO  f.i.s.r.p.i.ProjectInspector - CommitPatch...........................................NOT RUN         
17:52:27.348 [main] INFO  f.i.s.r.p.i.ProjectInspector - WritePropertyFile.....................................NOT RUN         
17:52:27.348 [main] INFO  f.i.s.r.p.i.ProjectInspector - CommitProcessEnd......................................NOT RUN         
17:52:27.348 [main] INFO  f.i.s.r.p.i.ProjectInspector - PushProcessEnd........................................NOT RUN         
17:52:27.348 [main] INFO  f.i.s.r.p.i.ProjectInspector - ----------------------------------------------------------------------
17:52:27.348 [main] INFO  f.i.s.r.p.i.ProjectInspector - PIPELINE FINDING: BUILDNOTCHECKEDOUT
17:52:27.348 [main] INFO  f.i.s.r.p.i.ProjectInspector - ----------------------------------------------------------------------
17:52:27.348 [main] INFO  f.i.s.repairnator.pipeline.Launcher - Inspector is finished. The process will exit now.
