19:20:04.363 [main] INFO  f.i.s.repairnator.pipeline.Launcher - PIPELINE VERSION: 3.0-2018-08-09 19:04
19:20:04.578 [main] INFO  f.i.s.repairnator.pipeline.Launcher - The pipeline will try to reproduce a bug from build 341071436 and its corresponding patch from build 341072196
19:20:04.579 [main] INFO  f.i.s.repairnator.pipeline.Launcher - Initialize file serializer engines.
19:20:04.581 [main] INFO  f.i.s.repairnator.pipeline.Launcher - MongoDB won't be used for serialization.
19:20:04.582 [main] INFO  f.i.s.repairnator.pipeline.Launcher - The email notifier engine won't be used.
19:20:04.585 [main] INFO  f.i.s.repairnator.pipeline.Launcher - Start by getting the build (buildId: 341071436) with the following config: RepairnatorConfig{runId='11aa25c6-cd5d-4ed3-9c64-3e93d2d5d895_02-18-week2-FAILING_AND_PASSING', launcherMode=BEARS, serializeJson=true, inputPath='null', outputPath='/var/log', mongodbHost='null', mongodbName='repairnator', smtpServer='null', notifyTo=[], notifyEndProcess=false, push=true, pushRemoteRepo='https://github.com/fermadeiral/bears-collection-fp', fork=false, lookFromDate=null, lookToDate=null, buildId=341071436, z3solverPath='./z3_for_linux', workspacePath='./workspace', githubToken='c8a341a903[...]', dockerImageName='null', skipDelete=false, createOutputDir=false, logDirectory='null', nbThreads=0, globalTimeout=0, whiteList=null, blackList=null, jobSleepTime=0, buildSleepTime=0, maxInspectedBuilds=0, duration=null, humanPatch=false, repository='null', clean=true, bearsMode=BOTH, bearsDelimiter = false, repairTools=NopolAllTests,NPEFix,AssertFixer,AstorJGenProg,AstorJKali,NopolSingleTest,AstorJMut,NopolTestExclusionStrategy, githubUserName= fermadeiral, githubUserEmail=fer.madeiral@gmail.com}
19:20:06.594 [main] DEBUG fr.inria.jtravis.helpers.BuildHelper - Get request to :https://api.travis-ci.org/build/341071436 done after 1372 ms
19:20:06.837 [main] DEBUG fr.inria.jtravis.helpers.BuildHelper - Get request to :https://api.travis-ci.org/build/341072196 done after 138 ms
19:20:06.851 [main] INFO  f.i.s.repairnator.pipeline.Launcher - The patched build (341072196) was successfully retrieved from Travis.
19:20:07.981 [main] INFO  fr.inria.jtravis.JTravis - GitHub ratelimit: Limit: 5000 Remaining: 4912 Reset hour: 19:24:06
19:20:08.230 [main] INFO  f.i.s.r.p.i.ProjectInspector - ----------------------------------------------------------------------
19:20:08.230 [main] INFO  f.i.s.r.p.i.ProjectInspector - PIPELINE STEPS
19:20:08.231 [main] INFO  f.i.s.r.p.i.ProjectInspector - ----------------------------------------------------------------------
19:20:08.231 [main] INFO  f.i.s.r.p.i.ProjectInspector - CloneRepository
19:20:08.231 [main] INFO  f.i.s.r.p.i.ProjectInspector - CheckoutBuggyBuildCandidate
19:20:08.231 [main] INFO  f.i.s.r.p.i.ProjectInspector - ComputeSourceDir
19:20:08.231 [main] INFO  f.i.s.r.p.i.ProjectInspector - ComputeTestDir
19:20:08.231 [main] INFO  f.i.s.r.p.i.ProjectInspector - BuildProjectBuggyBuildCandidate
19:20:08.231 [main] INFO  f.i.s.r.p.i.ProjectInspector - TestProjectBuggyBuildCandidate
19:20:08.231 [main] INFO  f.i.s.r.p.i.ProjectInspector - GatherTestInformationBuggyBuildCandidate
19:20:08.232 [main] INFO  f.i.s.r.p.i.ProjectInspector - InitRepoToPush
19:20:08.232 [main] INFO  f.i.s.r.p.i.ProjectInspector - ComputeClasspath
19:20:08.232 [main] INFO  f.i.s.r.p.i.ProjectInspector - ComputeModules
19:20:08.232 [main] INFO  f.i.s.r.p.i.ProjectInspector - CheckoutPatchedBuildCandidate
19:20:08.232 [main] INFO  f.i.s.r.p.i.ProjectInspector - BuildProjectPatchedBuildCandidate
19:20:08.232 [main] INFO  f.i.s.r.p.i.ProjectInspector - TestProjectPatchedBuildCandidate
19:20:08.232 [main] INFO  f.i.s.r.p.i.ProjectInspector - GatherTestInformationPatchedBuildCandidate
19:20:08.232 [main] INFO  f.i.s.r.p.i.ProjectInspector - CommitPatch
19:20:08.232 [main] INFO  f.i.s.r.p.i.ProjectInspector - WritePropertyFile
19:20:08.233 [main] INFO  f.i.s.r.p.i.ProjectInspector - CommitProcessEnd
19:20:08.233 [main] INFO  f.i.s.r.p.i.ProjectInspector - PushProcessEnd
19:20:08.233 [main] DEBUG f.i.s.r.process.step.CloneRepository - ----------------------------------------------------------------------
19:20:08.233 [main] DEBUG f.i.s.r.process.step.CloneRepository - STEP 1/18: CloneRepository
19:20:08.233 [main] DEBUG f.i.s.r.process.step.CloneRepository - ----------------------------------------------------------------------
19:20:08.234 [main] DEBUG f.i.s.r.process.step.CloneRepository - Cloning repository StuPro-TOSCAna/TOSCAna in the following directory: ./workspace/StuPro-TOSCAna/TOSCAna/341071436
19:20:26.110 [main] DEBUG f.i.s.r.process.step.CloneRepository - STEP STATUS: [ CloneRepository : SUCCESS ]
19:20:26.110 [main] DEBUG f.i.s.r.process.step.CloneRepository - STEP DURATION: 17s
19:20:26.111 [main] DEBUG f.i.s.r.process.step.CloneRepository - EXECUTE NEXT STEP
19:20:26.111 [main] DEBUG f.i.s.r.p.s.c.CheckoutBuggyBuild - ----------------------------------------------------------------------
19:20:26.111 [main] DEBUG f.i.s.r.p.s.c.CheckoutBuggyBuild - STEP 2/18: CheckoutBuggyBuildCandidate
19:20:26.111 [main] DEBUG f.i.s.r.p.s.c.CheckoutBuggyBuild - ----------------------------------------------------------------------
19:20:26.112 [main] DEBUG f.i.s.r.p.s.c.CheckoutBuggyBuild - Checking out buggy build candidate...
19:20:26.121 [main] ERROR f.i.s.r.p.s.c.CheckoutBuggyBuild - Error while testing commit: org.eclipse.jgit.errors.MissingObjectException: Missing unknown 6f5f719e57c974668ea7fe34400f5d2a8dda5257
19:20:26.121 [main] ERROR f.i.s.r.p.s.c.CheckoutBuggyBuild - Error while getting the commit to checkout from the repo.
19:20:26.122 [main] DEBUG f.i.s.r.p.s.c.CheckoutBuggyBuild - STEP STATUS: [ CheckoutBuggyBuildCandidate : FAILURE ( BUILDNOTCHECKEDOUT ) ]
19:20:26.123 [main] DEBUG f.i.s.r.p.s.c.CheckoutBuggyBuild - STEP DURATION: 0s
19:20:26.123 [main] DEBUG f.i.s.r.p.s.c.CheckoutBuggyBuild - TERMINATE PIPELINE
19:20:26.124 [main] DEBUG f.i.s.r.p.s.c.CheckoutBuggyBuild - FINAL STEPS SKIPPED: The reproduction of the bug and/or the patch failed.
19:20:26.124 [main] INFO  f.i.s.r.p.s.c.CheckoutBuggyBuild - Serialize all data for the pair of builds 341071436, 341072196
19:20:26.463 [main] INFO  fr.inria.jtravis.JTravis - GitHub ratelimit: Limit: 5000 Remaining: 4911 Reset hour: 19:24:06
19:20:27.673 [main] INFO  f.i.s.r.p.i.ProjectInspector - ----------------------------------------------------------------------
19:20:27.673 [main] INFO  f.i.s.r.p.i.ProjectInspector - PIPELINE EXECUTION SUMMARY
19:20:27.674 [main] INFO  f.i.s.r.p.i.ProjectInspector - ----------------------------------------------------------------------
19:20:27.674 [main] INFO  f.i.s.r.p.i.ProjectInspector - CloneRepository.......................................SUCCESS [ 17 s ]
19:20:27.675 [main] INFO  f.i.s.r.p.i.ProjectInspector - CheckoutBuggyBuildCandidate...........................FAILURE [  0 s ]
19:20:27.675 [main] INFO  f.i.s.r.p.i.ProjectInspector - ComputeSourceDir......................................NOT RUN         
19:20:27.676 [main] INFO  f.i.s.r.p.i.ProjectInspector - ComputeTestDir........................................NOT RUN         
19:20:27.676 [main] INFO  f.i.s.r.p.i.ProjectInspector - BuildProjectBuggyBuildCandidate.......................NOT RUN         
19:20:27.677 [main] INFO  f.i.s.r.p.i.ProjectInspector - TestProjectBuggyBuildCandidate........................NOT RUN         
19:20:27.677 [main] INFO  f.i.s.r.p.i.ProjectInspector - GatherTestInformationBuggyBuildCandidate..............NOT RUN         
19:20:27.677 [main] INFO  f.i.s.r.p.i.ProjectInspector - InitRepoToPush........................................NOT RUN         
19:20:27.678 [main] INFO  f.i.s.r.p.i.ProjectInspector - ComputeClasspath......................................NOT RUN         
19:20:27.678 [main] INFO  f.i.s.r.p.i.ProjectInspector - ComputeModules........................................NOT RUN         
19:20:27.679 [main] INFO  f.i.s.r.p.i.ProjectInspector - CheckoutPatchedBuildCandidate.........................NOT RUN         
19:20:27.680 [main] INFO  f.i.s.r.p.i.ProjectInspector - BuildProjectPatchedBuildCandidate.....................NOT RUN         
19:20:27.681 [main] INFO  f.i.s.r.p.i.ProjectInspector - TestProjectPatchedBuildCandidate......................NOT RUN         
19:20:27.681 [main] INFO  f.i.s.r.p.i.ProjectInspector - GatherTestInformationPatchedBuildCandidate............NOT RUN         
19:20:27.682 [main] INFO  f.i.s.r.p.i.ProjectInspector - CommitPatch...........................................NOT RUN         
19:20:27.682 [main] INFO  f.i.s.r.p.i.ProjectInspector - WritePropertyFile.....................................NOT RUN         
19:20:27.683 [main] INFO  f.i.s.r.p.i.ProjectInspector - CommitProcessEnd......................................NOT RUN         
19:20:27.683 [main] INFO  f.i.s.r.p.i.ProjectInspector - PushProcessEnd........................................NOT RUN         
19:20:27.684 [main] INFO  f.i.s.r.p.i.ProjectInspector - ----------------------------------------------------------------------
19:20:27.684 [main] INFO  f.i.s.r.p.i.ProjectInspector - PIPELINE FINDING: BUILDNOTCHECKEDOUT
19:20:27.685 [main] INFO  f.i.s.r.p.i.ProjectInspector - ----------------------------------------------------------------------
19:20:27.685 [main] INFO  f.i.s.repairnator.pipeline.Launcher - Inspector is finished. The process will exit now.
