19:22:25.008 [main] INFO  f.i.s.repairnator.pipeline.Launcher - PIPELINE VERSION: 3.0-2018-08-09 19:04
19:22:25.150 [main] INFO  f.i.s.repairnator.pipeline.Launcher - The pipeline will try to reproduce a bug from build 339627913 and its corresponding patch from build 339631880
19:22:25.150 [main] INFO  f.i.s.repairnator.pipeline.Launcher - Initialize file serializer engines.
19:22:25.152 [main] INFO  f.i.s.repairnator.pipeline.Launcher - MongoDB won't be used for serialization.
19:22:25.152 [main] INFO  f.i.s.repairnator.pipeline.Launcher - The email notifier engine won't be used.
19:22:25.157 [main] INFO  f.i.s.repairnator.pipeline.Launcher - Start by getting the build (buildId: 339627913) with the following config: RepairnatorConfig{runId='11aa25c6-cd5d-4ed3-9c64-3e93d2d5d895_02-18-week2-FAILING_AND_PASSING', launcherMode=BEARS, serializeJson=true, inputPath='null', outputPath='/var/log', mongodbHost='null', mongodbName='repairnator', smtpServer='null', notifyTo=[], notifyEndProcess=false, push=true, pushRemoteRepo='https://github.com/fermadeiral/bears-collection-fp', fork=false, lookFromDate=null, lookToDate=null, buildId=339627913, z3solverPath='./z3_for_linux', workspacePath='./workspace', githubToken='c8a341a903[...]', dockerImageName='null', skipDelete=false, createOutputDir=false, logDirectory='null', nbThreads=0, globalTimeout=0, whiteList=null, blackList=null, jobSleepTime=0, buildSleepTime=0, maxInspectedBuilds=0, duration=null, humanPatch=false, repository='null', clean=true, bearsMode=BOTH, bearsDelimiter = false, repairTools=NopolAllTests,NPEFix,AssertFixer,AstorJGenProg,AstorJKali,NopolSingleTest,AstorJMut,NopolTestExclusionStrategy, githubUserName= fermadeiral, githubUserEmail=fer.madeiral@gmail.com}
19:22:26.707 [main] DEBUG fr.inria.jtravis.helpers.BuildHelper - Get request to :https://api.travis-ci.org/build/339627913 done after 959 ms
19:22:27.013 [main] DEBUG fr.inria.jtravis.helpers.BuildHelper - Get request to :https://api.travis-ci.org/build/339631880 done after 145 ms
19:22:27.037 [main] INFO  f.i.s.repairnator.pipeline.Launcher - The patched build (339631880) was successfully retrieved from Travis.
19:22:28.179 [main] INFO  fr.inria.jtravis.JTravis - GitHub ratelimit: Limit: 5000 Remaining: 4855 Reset hour: 19:24:06
19:22:28.485 [main] INFO  f.i.s.r.p.i.ProjectInspector - ----------------------------------------------------------------------
19:22:28.485 [main] INFO  f.i.s.r.p.i.ProjectInspector - PIPELINE STEPS
19:22:28.485 [main] INFO  f.i.s.r.p.i.ProjectInspector - ----------------------------------------------------------------------
19:22:28.486 [main] INFO  f.i.s.r.p.i.ProjectInspector - CloneRepository
19:22:28.486 [main] INFO  f.i.s.r.p.i.ProjectInspector - CheckoutBuggyBuildCandidate
19:22:28.486 [main] INFO  f.i.s.r.p.i.ProjectInspector - ComputeSourceDir
19:22:28.487 [main] INFO  f.i.s.r.p.i.ProjectInspector - ComputeTestDir
19:22:28.487 [main] INFO  f.i.s.r.p.i.ProjectInspector - BuildProjectBuggyBuildCandidate
19:22:28.487 [main] INFO  f.i.s.r.p.i.ProjectInspector - TestProjectBuggyBuildCandidate
19:22:28.487 [main] INFO  f.i.s.r.p.i.ProjectInspector - GatherTestInformationBuggyBuildCandidate
19:22:28.487 [main] INFO  f.i.s.r.p.i.ProjectInspector - InitRepoToPush
19:22:28.488 [main] INFO  f.i.s.r.p.i.ProjectInspector - ComputeClasspath
19:22:28.488 [main] INFO  f.i.s.r.p.i.ProjectInspector - ComputeModules
19:22:28.488 [main] INFO  f.i.s.r.p.i.ProjectInspector - CheckoutPatchedBuildCandidate
19:22:28.488 [main] INFO  f.i.s.r.p.i.ProjectInspector - BuildProjectPatchedBuildCandidate
19:22:28.489 [main] INFO  f.i.s.r.p.i.ProjectInspector - TestProjectPatchedBuildCandidate
19:22:28.489 [main] INFO  f.i.s.r.p.i.ProjectInspector - GatherTestInformationPatchedBuildCandidate
19:22:28.489 [main] INFO  f.i.s.r.p.i.ProjectInspector - CommitPatch
19:22:28.489 [main] INFO  f.i.s.r.p.i.ProjectInspector - WritePropertyFile
19:22:28.489 [main] INFO  f.i.s.r.p.i.ProjectInspector - CommitProcessEnd
19:22:28.490 [main] INFO  f.i.s.r.p.i.ProjectInspector - PushProcessEnd
19:22:28.490 [main] DEBUG f.i.s.r.process.step.CloneRepository - ----------------------------------------------------------------------
19:22:28.491 [main] DEBUG f.i.s.r.process.step.CloneRepository - STEP 1/18: CloneRepository
19:22:28.491 [main] DEBUG f.i.s.r.process.step.CloneRepository - ----------------------------------------------------------------------
19:22:28.491 [main] DEBUG f.i.s.r.process.step.CloneRepository - Cloning repository StuPro-TOSCAna/TOSCAna in the following directory: ./workspace/StuPro-TOSCAna/TOSCAna/339627913
19:22:42.508 [main] DEBUG f.i.s.r.process.step.CloneRepository - STEP STATUS: [ CloneRepository : SUCCESS ]
19:22:42.510 [main] DEBUG f.i.s.r.process.step.CloneRepository - STEP DURATION: 14s
19:22:42.510 [main] DEBUG f.i.s.r.process.step.CloneRepository - EXECUTE NEXT STEP
19:22:42.510 [main] DEBUG f.i.s.r.p.s.c.CheckoutBuggyBuild - ----------------------------------------------------------------------
19:22:42.511 [main] DEBUG f.i.s.r.p.s.c.CheckoutBuggyBuild - STEP 2/18: CheckoutBuggyBuildCandidate
19:22:42.511 [main] DEBUG f.i.s.r.p.s.c.CheckoutBuggyBuild - ----------------------------------------------------------------------
19:22:42.511 [main] DEBUG f.i.s.r.p.s.c.CheckoutBuggyBuild - Checking out buggy build candidate...
19:22:42.835 [main] INFO  fr.inria.jtravis.JTravis - GitHub ratelimit: Limit: 5000 Remaining: 4854 Reset hour: 19:24:06
19:22:45.125 [main] DEBUG f.i.s.r.p.s.c.CheckoutBuggyBuild - Reproduce the PR for StuPro-TOSCAna/TOSCAna by fetching remote branch and merging.
19:22:45.278 [main] ERROR f.i.s.r.p.s.c.CheckoutBuggyBuild - Error while testing commit: org.eclipse.jgit.errors.MissingObjectException: Missing unknown ed3e1f12bbbb22e1a29fafd072437983137b008c
19:22:45.280 [main] ERROR f.i.s.r.p.s.c.CheckoutBuggyBuild - Commit head ref cannot be retrieved from the repository: ed3e1f12bbbb22e1a29fafd072437983137b008c. Operation aborted.
19:22:45.281 [main] ERROR f.i.s.r.p.s.c.CheckoutBuggyBuild - Error while merging two commits to reproduce the PR.
19:22:45.282 [main] DEBUG f.i.s.r.p.s.c.CheckoutBuggyBuild - STEP STATUS: [ CheckoutBuggyBuildCandidate : FAILURE ( BUILDNOTCHECKEDOUT ) ]
19:22:45.283 [main] DEBUG f.i.s.r.p.s.c.CheckoutBuggyBuild - STEP DURATION: 2s
19:22:45.283 [main] DEBUG f.i.s.r.p.s.c.CheckoutBuggyBuild - TERMINATE PIPELINE
19:22:45.284 [main] DEBUG f.i.s.r.p.s.c.CheckoutBuggyBuild - FINAL STEPS SKIPPED: The reproduction of the bug and/or the patch failed.
19:22:45.284 [main] INFO  f.i.s.r.p.s.c.CheckoutBuggyBuild - Serialize all data for the pair of builds 339627913, 339631880
19:22:45.397 [main] INFO  fr.inria.jtravis.JTravis - GitHub ratelimit: Limit: 5000 Remaining: 4847 Reset hour: 19:24:06
19:22:45.949 [main] INFO  f.i.s.r.p.i.ProjectInspector - ----------------------------------------------------------------------
19:22:45.950 [main] INFO  f.i.s.r.p.i.ProjectInspector - PIPELINE EXECUTION SUMMARY
19:22:45.950 [main] INFO  f.i.s.r.p.i.ProjectInspector - ----------------------------------------------------------------------
19:22:45.950 [main] INFO  f.i.s.r.p.i.ProjectInspector - CloneRepository.......................................SUCCESS [ 14 s ]
19:22:45.951 [main] INFO  f.i.s.r.p.i.ProjectInspector - CheckoutBuggyBuildCandidate...........................FAILURE [  2 s ]
19:22:45.951 [main] INFO  f.i.s.r.p.i.ProjectInspector - ComputeSourceDir......................................NOT RUN         
19:22:45.951 [main] INFO  f.i.s.r.p.i.ProjectInspector - ComputeTestDir........................................NOT RUN         
19:22:45.951 [main] INFO  f.i.s.r.p.i.ProjectInspector - BuildProjectBuggyBuildCandidate.......................NOT RUN         
19:22:45.951 [main] INFO  f.i.s.r.p.i.ProjectInspector - TestProjectBuggyBuildCandidate........................NOT RUN         
19:22:45.951 [main] INFO  f.i.s.r.p.i.ProjectInspector - GatherTestInformationBuggyBuildCandidate..............NOT RUN         
19:22:45.952 [main] INFO  f.i.s.r.p.i.ProjectInspector - InitRepoToPush........................................NOT RUN         
19:22:45.952 [main] INFO  f.i.s.r.p.i.ProjectInspector - ComputeClasspath......................................NOT RUN         
19:22:45.952 [main] INFO  f.i.s.r.p.i.ProjectInspector - ComputeModules........................................NOT RUN         
19:22:45.952 [main] INFO  f.i.s.r.p.i.ProjectInspector - CheckoutPatchedBuildCandidate.........................NOT RUN         
19:22:45.952 [main] INFO  f.i.s.r.p.i.ProjectInspector - BuildProjectPatchedBuildCandidate.....................NOT RUN         
19:22:45.952 [main] INFO  f.i.s.r.p.i.ProjectInspector - TestProjectPatchedBuildCandidate......................NOT RUN         
19:22:45.953 [main] INFO  f.i.s.r.p.i.ProjectInspector - GatherTestInformationPatchedBuildCandidate............NOT RUN         
19:22:45.953 [main] INFO  f.i.s.r.p.i.ProjectInspector - CommitPatch...........................................NOT RUN         
19:22:45.953 [main] INFO  f.i.s.r.p.i.ProjectInspector - WritePropertyFile.....................................NOT RUN         
19:22:45.953 [main] INFO  f.i.s.r.p.i.ProjectInspector - CommitProcessEnd......................................NOT RUN         
19:22:45.953 [main] INFO  f.i.s.r.p.i.ProjectInspector - PushProcessEnd........................................NOT RUN         
19:22:45.953 [main] INFO  f.i.s.r.p.i.ProjectInspector - ----------------------------------------------------------------------
19:22:45.953 [main] INFO  f.i.s.r.p.i.ProjectInspector - PIPELINE FINDING: BUILDNOTCHECKEDOUT
19:22:45.954 [main] INFO  f.i.s.r.p.i.ProjectInspector - ----------------------------------------------------------------------
19:22:45.954 [main] INFO  f.i.s.repairnator.pipeline.Launcher - Inspector is finished. The process will exit now.
