17:48:44.099 [main] INFO  f.i.s.repairnator.pipeline.Launcher - PIPELINE VERSION: 3.0-2018-08-09 19:04
17:48:44.210 [main] INFO  f.i.s.repairnator.pipeline.Launcher - The pipeline will try to reproduce a bug from build 338847010 and its corresponding patch from build 339081314
17:48:44.211 [main] INFO  f.i.s.repairnator.pipeline.Launcher - Initialize file serializer engines.
17:48:44.212 [main] INFO  f.i.s.repairnator.pipeline.Launcher - MongoDB won't be used for serialization.
17:48:44.213 [main] INFO  f.i.s.repairnator.pipeline.Launcher - The email notifier engine won't be used.
17:48:44.215 [main] INFO  f.i.s.repairnator.pipeline.Launcher - Start by getting the build (buildId: 338847010) with the following config: RepairnatorConfig{runId='11aa25c6-cd5d-4ed3-9c64-3e93d2d5d895_02-18-week2-FAILING_AND_PASSING', launcherMode=BEARS, serializeJson=true, inputPath='null', outputPath='/var/log', mongodbHost='null', mongodbName='repairnator', smtpServer='null', notifyTo=[], notifyEndProcess=false, push=true, pushRemoteRepo='https://github.com/fermadeiral/bears-collection-fp', fork=false, lookFromDate=null, lookToDate=null, buildId=338847010, z3solverPath='./z3_for_linux', workspacePath='./workspace', githubToken='c8a341a903[...]', dockerImageName='null', skipDelete=false, createOutputDir=false, logDirectory='null', nbThreads=0, globalTimeout=0, whiteList=null, blackList=null, jobSleepTime=0, buildSleepTime=0, maxInspectedBuilds=0, duration=null, humanPatch=false, repository='null', clean=true, bearsMode=BOTH, bearsDelimiter = false, repairTools=NopolAllTests,NPEFix,AssertFixer,AstorJGenProg,AstorJKali,NopolSingleTest,AstorJMut,NopolTestExclusionStrategy, githubUserName= fermadeiral, githubUserEmail=fer.madeiral@gmail.com}
17:48:45.710 [main] DEBUG fr.inria.jtravis.helpers.BuildHelper - Get request to :https://api.travis-ci.org/build/338847010 done after 920 ms
17:48:46.023 [main] DEBUG fr.inria.jtravis.helpers.BuildHelper - Get request to :https://api.travis-ci.org/build/339081314 done after 143 ms
17:48:46.044 [main] INFO  f.i.s.repairnator.pipeline.Launcher - The patched build (339081314) was successfully retrieved from Travis.
17:48:47.400 [main] INFO  fr.inria.jtravis.JTravis - GitHub ratelimit: Limit: 5000 Remaining: 4701 Reset hour: 19:23:59
17:48:47.721 [main] INFO  f.i.s.r.p.i.ProjectInspector - ----------------------------------------------------------------------
17:48:47.722 [main] INFO  f.i.s.r.p.i.ProjectInspector - PIPELINE STEPS
17:48:47.723 [main] INFO  f.i.s.r.p.i.ProjectInspector - ----------------------------------------------------------------------
17:48:47.724 [main] INFO  f.i.s.r.p.i.ProjectInspector - CloneRepository
17:48:47.725 [main] INFO  f.i.s.r.p.i.ProjectInspector - CheckoutBuggyBuildCandidate
17:48:47.726 [main] INFO  f.i.s.r.p.i.ProjectInspector - ComputeSourceDir
17:48:47.727 [main] INFO  f.i.s.r.p.i.ProjectInspector - ComputeTestDir
17:48:47.728 [main] INFO  f.i.s.r.p.i.ProjectInspector - BuildProjectBuggyBuildCandidate
17:48:47.729 [main] INFO  f.i.s.r.p.i.ProjectInspector - TestProjectBuggyBuildCandidate
17:48:47.729 [main] INFO  f.i.s.r.p.i.ProjectInspector - GatherTestInformationBuggyBuildCandidate
17:48:47.730 [main] INFO  f.i.s.r.p.i.ProjectInspector - InitRepoToPush
17:48:47.731 [main] INFO  f.i.s.r.p.i.ProjectInspector - ComputeClasspath
17:48:47.732 [main] INFO  f.i.s.r.p.i.ProjectInspector - ComputeModules
17:48:47.734 [main] INFO  f.i.s.r.p.i.ProjectInspector - CheckoutPatchedBuildCandidate
17:48:47.734 [main] INFO  f.i.s.r.p.i.ProjectInspector - BuildProjectPatchedBuildCandidate
17:48:47.735 [main] INFO  f.i.s.r.p.i.ProjectInspector - TestProjectPatchedBuildCandidate
17:48:47.736 [main] INFO  f.i.s.r.p.i.ProjectInspector - GatherTestInformationPatchedBuildCandidate
17:48:47.737 [main] INFO  f.i.s.r.p.i.ProjectInspector - CommitPatch
17:48:47.737 [main] INFO  f.i.s.r.p.i.ProjectInspector - WritePropertyFile
17:48:47.738 [main] INFO  f.i.s.r.p.i.ProjectInspector - CommitProcessEnd
17:48:47.738 [main] INFO  f.i.s.r.p.i.ProjectInspector - PushProcessEnd
17:48:47.739 [main] DEBUG f.i.s.r.process.step.CloneRepository - ----------------------------------------------------------------------
17:48:47.740 [main] DEBUG f.i.s.r.process.step.CloneRepository - STEP 1/18: CloneRepository
17:48:47.741 [main] DEBUG f.i.s.r.process.step.CloneRepository - ----------------------------------------------------------------------
17:48:47.741 [main] DEBUG f.i.s.r.process.step.CloneRepository - Cloning repository batfish/batfish in the following directory: ./workspace/batfish/batfish/338847010
17:49:37.883 [main] DEBUG f.i.s.r.process.step.CloneRepository - STEP STATUS: [ CloneRepository : SUCCESS ]
17:49:37.883 [main] DEBUG f.i.s.r.process.step.CloneRepository - STEP DURATION: 50s
17:49:37.884 [main] DEBUG f.i.s.r.process.step.CloneRepository - EXECUTE NEXT STEP
17:49:37.884 [main] DEBUG f.i.s.r.p.s.c.CheckoutBuggyBuild - ----------------------------------------------------------------------
17:49:37.885 [main] DEBUG f.i.s.r.p.s.c.CheckoutBuggyBuild - STEP 2/18: CheckoutBuggyBuildCandidate
17:49:37.885 [main] DEBUG f.i.s.r.p.s.c.CheckoutBuggyBuild - ----------------------------------------------------------------------
17:49:37.885 [main] DEBUG f.i.s.r.p.s.c.CheckoutBuggyBuild - Checking out buggy build candidate...
17:49:37.899 [main] ERROR f.i.s.r.p.s.c.CheckoutBuggyBuild - Error while testing commit: org.eclipse.jgit.errors.MissingObjectException: Missing unknown 2d0d456416b21b07321fb8aac2ada68a61a6b90f
17:49:37.899 [main] ERROR f.i.s.r.p.s.c.CheckoutBuggyBuild - Error while getting the commit to checkout from the repo.
17:49:37.900 [main] DEBUG f.i.s.r.p.s.c.CheckoutBuggyBuild - STEP STATUS: [ CheckoutBuggyBuildCandidate : FAILURE ( BUILDNOTCHECKEDOUT ) ]
17:49:37.900 [main] DEBUG f.i.s.r.p.s.c.CheckoutBuggyBuild - STEP DURATION: 0s
17:49:37.901 [main] DEBUG f.i.s.r.p.s.c.CheckoutBuggyBuild - TERMINATE PIPELINE
17:49:37.901 [main] DEBUG f.i.s.r.p.s.c.CheckoutBuggyBuild - FINAL STEPS SKIPPED: The reproduction of the bug and/or the patch failed.
17:49:37.901 [main] INFO  f.i.s.r.p.s.c.CheckoutBuggyBuild - Serialize all data for the pair of builds 338847010, 339081314
17:49:38.244 [main] INFO  fr.inria.jtravis.JTravis - GitHub ratelimit: Limit: 5000 Remaining: 5000 Reset hour: 19:24:02
17:49:39.545 [main] INFO  f.i.s.r.p.i.ProjectInspector - ----------------------------------------------------------------------
17:49:39.546 [main] INFO  f.i.s.r.p.i.ProjectInspector - PIPELINE EXECUTION SUMMARY
17:49:39.546 [main] INFO  f.i.s.r.p.i.ProjectInspector - ----------------------------------------------------------------------
17:49:39.546 [main] INFO  f.i.s.r.p.i.ProjectInspector - CloneRepository.......................................SUCCESS [ 50 s ]
17:49:39.547 [main] INFO  f.i.s.r.p.i.ProjectInspector - CheckoutBuggyBuildCandidate...........................FAILURE [  0 s ]
17:49:39.547 [main] INFO  f.i.s.r.p.i.ProjectInspector - ComputeSourceDir......................................NOT RUN         
17:49:39.547 [main] INFO  f.i.s.r.p.i.ProjectInspector - ComputeTestDir........................................NOT RUN         
17:49:39.547 [main] INFO  f.i.s.r.p.i.ProjectInspector - BuildProjectBuggyBuildCandidate.......................NOT RUN         
17:49:39.548 [main] INFO  f.i.s.r.p.i.ProjectInspector - TestProjectBuggyBuildCandidate........................NOT RUN         
17:49:39.548 [main] INFO  f.i.s.r.p.i.ProjectInspector - GatherTestInformationBuggyBuildCandidate..............NOT RUN         
17:49:39.548 [main] INFO  f.i.s.r.p.i.ProjectInspector - InitRepoToPush........................................NOT RUN         
17:49:39.548 [main] INFO  f.i.s.r.p.i.ProjectInspector - ComputeClasspath......................................NOT RUN         
17:49:39.549 [main] INFO  f.i.s.r.p.i.ProjectInspector - ComputeModules........................................NOT RUN         
17:49:39.549 [main] INFO  f.i.s.r.p.i.ProjectInspector - CheckoutPatchedBuildCandidate.........................NOT RUN         
17:49:39.549 [main] INFO  f.i.s.r.p.i.ProjectInspector - BuildProjectPatchedBuildCandidate.....................NOT RUN         
17:49:39.549 [main] INFO  f.i.s.r.p.i.ProjectInspector - TestProjectPatchedBuildCandidate......................NOT RUN         
17:49:39.550 [main] INFO  f.i.s.r.p.i.ProjectInspector - GatherTestInformationPatchedBuildCandidate............NOT RUN         
17:49:39.551 [main] INFO  f.i.s.r.p.i.ProjectInspector - CommitPatch...........................................NOT RUN         
17:49:39.551 [main] INFO  f.i.s.r.p.i.ProjectInspector - WritePropertyFile.....................................NOT RUN         
17:49:39.552 [main] INFO  f.i.s.r.p.i.ProjectInspector - CommitProcessEnd......................................NOT RUN         
17:49:39.552 [main] INFO  f.i.s.r.p.i.ProjectInspector - PushProcessEnd........................................NOT RUN         
17:49:39.552 [main] INFO  f.i.s.r.p.i.ProjectInspector - ----------------------------------------------------------------------
17:49:39.552 [main] INFO  f.i.s.r.p.i.ProjectInspector - PIPELINE FINDING: BUILDNOTCHECKEDOUT
17:49:39.553 [main] INFO  f.i.s.r.p.i.ProjectInspector - ----------------------------------------------------------------------
17:49:39.553 [main] INFO  f.i.s.repairnator.pipeline.Launcher - Inspector is finished. The process will exit now.
