19:41:33.838 [main] INFO  f.i.s.repairnator.pipeline.Launcher - PIPELINE VERSION: 3.0-2018-08-09 19:04
19:41:34.054 [main] INFO  f.i.s.repairnator.pipeline.Launcher - The pipeline will try to reproduce a bug from build 339320231 and its corresponding patch from build 342209131
19:41:34.055 [main] INFO  f.i.s.repairnator.pipeline.Launcher - Initialize file serializer engines.
19:41:34.058 [main] INFO  f.i.s.repairnator.pipeline.Launcher - MongoDB won't be used for serialization.
19:41:34.058 [main] INFO  f.i.s.repairnator.pipeline.Launcher - The email notifier engine won't be used.
19:41:34.063 [main] INFO  f.i.s.repairnator.pipeline.Launcher - Start by getting the build (buildId: 339320231) with the following config: RepairnatorConfig{runId='f6547159-c29d-40d6-8a8e-3c2ad13c6286_02-18-week3-FAILING_AND_PASSING', launcherMode=BEARS, serializeJson=true, inputPath='null', outputPath='/var/log', mongodbHost='null', mongodbName='repairnator', smtpServer='null', notifyTo=[], notifyEndProcess=false, push=true, pushRemoteRepo='https://github.com/fermadeiral/bears-collection-fp', fork=false, lookFromDate=null, lookToDate=null, buildId=339320231, z3solverPath='./z3_for_linux', workspacePath='./workspace', githubToken='c8a341a903[...]', dockerImageName='null', skipDelete=false, createOutputDir=false, logDirectory='null', nbThreads=0, globalTimeout=0, whiteList=null, blackList=null, jobSleepTime=0, buildSleepTime=0, maxInspectedBuilds=0, duration=null, humanPatch=false, repository='null', clean=true, bearsMode=BOTH, bearsDelimiter = false, repairTools=NopolAllTests,NPEFix,AssertFixer,AstorJGenProg,AstorJKali,NopolSingleTest,AstorJMut,NopolTestExclusionStrategy, githubUserName= fermadeiral, githubUserEmail=fer.madeiral@gmail.com}
19:41:35.702 [main] DEBUG fr.inria.jtravis.helpers.BuildHelper - Get request to :https://api.travis-ci.org/build/339320231 done after 885 ms
19:41:35.970 [main] DEBUG fr.inria.jtravis.helpers.BuildHelper - Get request to :https://api.travis-ci.org/build/342209131 done after 141 ms
19:41:35.995 [main] INFO  f.i.s.repairnator.pipeline.Launcher - The patched build (342209131) was successfully retrieved from Travis.
19:41:37.244 [main] INFO  fr.inria.jtravis.JTravis - GitHub ratelimit: Limit: 5000 Remaining: 4293 Reset hour: 19:25:33
19:41:37.545 [main] INFO  f.i.s.r.p.i.ProjectInspector - ----------------------------------------------------------------------
19:41:37.545 [main] INFO  f.i.s.r.p.i.ProjectInspector - PIPELINE STEPS
19:41:37.545 [main] INFO  f.i.s.r.p.i.ProjectInspector - ----------------------------------------------------------------------
19:41:37.546 [main] INFO  f.i.s.r.p.i.ProjectInspector - CloneRepository
19:41:37.546 [main] INFO  f.i.s.r.p.i.ProjectInspector - CheckoutBuggyBuildCandidate
19:41:37.546 [main] INFO  f.i.s.r.p.i.ProjectInspector - ComputeSourceDir
19:41:37.546 [main] INFO  f.i.s.r.p.i.ProjectInspector - ComputeTestDir
19:41:37.546 [main] INFO  f.i.s.r.p.i.ProjectInspector - BuildProjectBuggyBuildCandidate
19:41:37.546 [main] INFO  f.i.s.r.p.i.ProjectInspector - TestProjectBuggyBuildCandidate
19:41:37.546 [main] INFO  f.i.s.r.p.i.ProjectInspector - GatherTestInformationBuggyBuildCandidate
19:41:37.546 [main] INFO  f.i.s.r.p.i.ProjectInspector - InitRepoToPush
19:41:37.547 [main] INFO  f.i.s.r.p.i.ProjectInspector - ComputeClasspath
19:41:37.547 [main] INFO  f.i.s.r.p.i.ProjectInspector - ComputeModules
19:41:37.547 [main] INFO  f.i.s.r.p.i.ProjectInspector - CheckoutPatchedBuildCandidate
19:41:37.547 [main] INFO  f.i.s.r.p.i.ProjectInspector - BuildProjectPatchedBuildCandidate
19:41:37.547 [main] INFO  f.i.s.r.p.i.ProjectInspector - TestProjectPatchedBuildCandidate
19:41:37.547 [main] INFO  f.i.s.r.p.i.ProjectInspector - GatherTestInformationPatchedBuildCandidate
19:41:37.547 [main] INFO  f.i.s.r.p.i.ProjectInspector - CommitPatch
19:41:37.547 [main] INFO  f.i.s.r.p.i.ProjectInspector - WritePropertyFile
19:41:37.548 [main] INFO  f.i.s.r.p.i.ProjectInspector - CommitProcessEnd
19:41:37.548 [main] INFO  f.i.s.r.p.i.ProjectInspector - PushProcessEnd
19:41:37.548 [main] DEBUG f.i.s.r.process.step.CloneRepository - ----------------------------------------------------------------------
19:41:37.548 [main] DEBUG f.i.s.r.process.step.CloneRepository - STEP 1/18: CloneRepository
19:41:37.548 [main] DEBUG f.i.s.r.process.step.CloneRepository - ----------------------------------------------------------------------
19:41:37.548 [main] DEBUG f.i.s.r.process.step.CloneRepository - Cloning repository terasolunaorg/tutorial-apps in the following directory: ./workspace/terasolunaorg/tutorial-apps/339320231
19:41:41.904 [main] DEBUG f.i.s.r.process.step.CloneRepository - STEP STATUS: [ CloneRepository : SUCCESS ]
19:41:41.904 [main] DEBUG f.i.s.r.process.step.CloneRepository - STEP DURATION: 4s
19:41:41.904 [main] DEBUG f.i.s.r.process.step.CloneRepository - EXECUTE NEXT STEP
19:41:41.905 [main] DEBUG f.i.s.r.p.s.c.CheckoutBuggyBuild - ----------------------------------------------------------------------
19:41:41.905 [main] DEBUG f.i.s.r.p.s.c.CheckoutBuggyBuild - STEP 2/18: CheckoutBuggyBuildCandidate
19:41:41.905 [main] DEBUG f.i.s.r.p.s.c.CheckoutBuggyBuild - ----------------------------------------------------------------------
19:41:41.905 [main] DEBUG f.i.s.r.p.s.c.CheckoutBuggyBuild - Checking out buggy build candidate...
19:41:41.913 [main] DEBUG f.i.s.r.p.s.c.CheckoutBuggyBuild - Get commit 298bc085808e785a5c8bef33745e7fc6b4923fbb for repo terasolunaorg/tutorial-apps
19:41:42.394 [main] INFO  f.i.s.r.process.git.GitHelper - Init git submodules.
19:41:42.547 [main] DEBUG f.i.s.r.p.s.c.CheckoutBuggyBuild - STEP STATUS: [ CheckoutBuggyBuildCandidate : SUCCESS ]
19:41:42.547 [main] DEBUG f.i.s.r.p.s.c.CheckoutBuggyBuild - STEP DURATION: 0s
19:41:42.547 [main] DEBUG f.i.s.r.p.s.c.CheckoutBuggyBuild - EXECUTE NEXT STEP
19:41:42.548 [main] DEBUG f.i.s.r.p.s.paths.ComputeSourceDir - ----------------------------------------------------------------------
19:41:42.548 [main] DEBUG f.i.s.r.p.s.paths.ComputeSourceDir - STEP 3/18: ComputeSourceDir
19:41:42.548 [main] DEBUG f.i.s.r.p.s.paths.ComputeSourceDir - ----------------------------------------------------------------------
19:41:42.548 [main] DEBUG f.i.s.r.p.s.paths.ComputeSourceDir - Computing the source directory ...
19:41:42.551 [main] DEBUG f.i.s.r.p.s.paths.ComputeSourceDir - The default source directory (/root/workspace/terasolunaorg/tutorial-apps/339320231/src/main/java) does not exist. Try to read pom.xml to get information.
19:41:42.710 [main] DEBUG f.i.s.r.p.s.paths.ComputeSourceDir - The source directory given in pom.xml (/root/workspace/terasolunaorg/tutorial-apps/339320231/src/main/java) does not exist. Continue to try to get source dir from all modules.
19:41:42.710 [main] ERROR f.i.s.r.p.s.paths.ComputeSourceDir - The source directory is not at default location or specified in build section from pom.xml, and no parent can be found.
19:41:42.711 [main] ERROR f.i.s.r.p.s.paths.ComputeSourceDir - Fail to find source directories.
19:41:42.723 [main] DEBUG f.i.s.r.p.s.paths.ComputeSourceDir - STEP STATUS: [ ComputeSourceDir : FAILURE ( SOURCEDIRNOTCOMPUTED ) ]
19:41:42.723 [main] DEBUG f.i.s.r.p.s.paths.ComputeSourceDir - STEP DURATION: 0s
19:41:42.724 [main] DEBUG f.i.s.r.p.s.paths.ComputeSourceDir - EXECUTE NEXT STEP
19:41:42.724 [main] DEBUG f.i.s.r.p.step.paths.ComputeTestDir - ----------------------------------------------------------------------
19:41:42.724 [main] DEBUG f.i.s.r.p.step.paths.ComputeTestDir - STEP 4/18: ComputeTestDir
19:41:42.724 [main] DEBUG f.i.s.r.p.step.paths.ComputeTestDir - ----------------------------------------------------------------------
19:41:42.724 [main] DEBUG f.i.s.r.p.step.paths.ComputeTestDir - Computing the test directory ...
19:41:42.724 [main] DEBUG f.i.s.r.p.step.paths.ComputeTestDir - The default test directory (/root/workspace/terasolunaorg/tutorial-apps/339320231/src/test/java) does not exist. Try to read pom.xml to get information.
19:41:42.731 [main] DEBUG f.i.s.r.p.step.paths.ComputeTestDir - The test directory given in pom.xml (/root/workspace/terasolunaorg/tutorial-apps/339320231/src/test/java) does not exist. Continue to try to get test dir from all modules.
19:41:42.731 [main] ERROR f.i.s.r.p.step.paths.ComputeTestDir - The test directory is not at default location or specified in build section from pom.xml, and no parent can be found.
19:41:42.732 [main] ERROR f.i.s.r.p.step.paths.ComputeTestDir - Fail to find test directories.
19:41:42.732 [main] DEBUG f.i.s.r.p.step.paths.ComputeTestDir - STEP STATUS: [ ComputeTestDir : FAILURE ( TESTDIRNOTCOMPUTED ) ]
19:41:42.732 [main] DEBUG f.i.s.r.p.step.paths.ComputeTestDir - STEP DURATION: 0s
19:41:42.734 [main] DEBUG f.i.s.r.p.step.paths.ComputeTestDir - EXECUTE NEXT STEP
19:41:42.734 [main] DEBUG f.i.s.r.process.step.BuildProject - ----------------------------------------------------------------------
19:41:42.734 [main] DEBUG f.i.s.r.process.step.BuildProject - STEP 5/18: BuildProjectBuggyBuildCandidate
19:41:42.734 [main] DEBUG f.i.s.r.process.step.BuildProject - ----------------------------------------------------------------------
19:41:42.734 [main] DEBUG f.i.s.r.process.step.BuildProject - Building project by installing artifacts with maven (skip test execution)...
19:41:45.507 [Thread-5] DEBUG f.i.s.r.p.m.o.MavenFilterOutputHandler - [INFO] Scanning for projects...
19:41:45.626 [Thread-5] DEBUG f.i.s.r.p.m.o.MavenFilterOutputHandler - [INFO]                                                                         
19:41:45.626 [Thread-5] DEBUG f.i.s.r.p.m.o.MavenFilterOutputHandler - [INFO] ------------------------------------------------------------------------
19:41:45.627 [Thread-5] DEBUG f.i.s.r.p.m.o.MavenFilterOutputHandler - [INFO] Building TERASOLUNA Server Framework for Java (5.x) - Tutorial Applications 5.4.1-SNAPSHOT
19:41:45.627 [Thread-5] DEBUG f.i.s.r.p.m.o.MavenFilterOutputHandler - [INFO] ------------------------------------------------------------------------
19:41:46.096 [Thread-5] DEBUG f.i.s.r.p.m.o.MavenFilterOutputHandler - [INFO] Downloading: https://repo.maven.apache.org/maven2/org/apache/maven/plugins/maven-install-plugin/2.4/maven-install-plugin-2.4.pom
19:41:46.584 [Thread-5] DEBUG f.i.s.r.p.m.o.MavenFilterOutputHandler - [INFO] Downloaded: https://repo.maven.apache.org/maven2/org/apache/maven/plugins/maven-install-plugin/2.4/maven-install-plugin-2.4.pom (7 KB at 12.6 KB/sec)
19:41:46.610 [Thread-5] DEBUG f.i.s.r.p.m.o.MavenFilterOutputHandler - [INFO] Downloading: https://repo.maven.apache.org/maven2/org/apache/maven/plugins/maven-plugins/23/maven-plugins-23.pom
19:41:46.639 [Thread-5] DEBUG f.i.s.r.p.m.o.MavenFilterOutputHandler - [INFO] Downloaded: https://repo.maven.apache.org/maven2/org/apache/maven/plugins/maven-plugins/23/maven-plugins-23.pom (9 KB at 309.7 KB/sec)
19:41:46.648 [Thread-5] DEBUG f.i.s.r.p.m.o.MavenFilterOutputHandler - [INFO] Downloading: https://repo.maven.apache.org/maven2/org/apache/maven/maven-parent/22/maven-parent-22.pom
19:41:46.691 [Thread-5] DEBUG f.i.s.r.p.m.o.MavenFilterOutputHandler - [INFO] Downloaded: https://repo.maven.apache.org/maven2/org/apache/maven/maven-parent/22/maven-parent-22.pom (30 KB at 691.6 KB/sec)
19:41:46.717 [Thread-5] DEBUG f.i.s.r.p.m.o.MavenFilterOutputHandler - [INFO] Downloading: https://repo.maven.apache.org/maven2/org/apache/apache/11/apache-11.pom
19:41:46.745 [Thread-5] DEBUG f.i.s.r.p.m.o.MavenFilterOutputHandler - [INFO] Downloaded: https://repo.maven.apache.org/maven2/org/apache/apache/11/apache-11.pom (15 KB at 498.8 KB/sec)
19:41:46.775 [Thread-5] DEBUG f.i.s.r.p.m.o.MavenFilterOutputHandler - [INFO] Downloading: https://repo.maven.apache.org/maven2/org/apache/maven/plugins/maven-install-plugin/2.4/maven-install-plugin-2.4.jar
19:41:46.811 [Thread-5] DEBUG f.i.s.r.p.m.o.MavenFilterOutputHandler - [INFO] Downloaded: https://repo.maven.apache.org/maven2/org/apache/maven/plugins/maven-install-plugin/2.4/maven-install-plugin-2.4.jar (27 KB at 731.1 KB/sec)
19:41:46.859 [Thread-5] DEBUG f.i.s.r.p.m.o.MavenFilterOutputHandler - [INFO] 
19:41:46.859 [Thread-5] DEBUG f.i.s.r.p.m.o.MavenFilterOutputHandler - [INFO] --- maven-install-plugin:2.4:install (default-install) @ tutorial-apps ---
19:41:46.890 [Thread-5] DEBUG f.i.s.r.p.m.o.MavenFilterOutputHandler - [INFO] Downloading: https://repo.maven.apache.org/maven2/org/apache/maven/maven-plugin-api/2.0.6/maven-plugin-api-2.0.6.pom
19:41:46.908 [Thread-5] DEBUG f.i.s.r.p.m.o.MavenFilterOutputHandler - [INFO] Downloaded: https://repo.maven.apache.org/maven2/org/apache/maven/maven-plugin-api/2.0.6/maven-plugin-api-2.0.6.pom (2 KB at 74.8 KB/sec)
19:41:46.912 [Thread-5] DEBUG f.i.s.r.p.m.o.MavenFilterOutputHandler - [INFO] Downloading: https://repo.maven.apache.org/maven2/org/apache/maven/maven/2.0.6/maven-2.0.6.pom
19:41:46.941 [Thread-5] DEBUG f.i.s.r.p.m.o.MavenFilterOutputHandler - [INFO] Downloaded: https://repo.maven.apache.org/maven2/org/apache/maven/maven/2.0.6/maven-2.0.6.pom (9 KB at 304.7 KB/sec)
19:41:46.945 [Thread-5] DEBUG f.i.s.r.p.m.o.MavenFilterOutputHandler - [INFO] Downloading: https://repo.maven.apache.org/maven2/org/apache/maven/maven-parent/5/maven-parent-5.pom
19:41:46.968 [Thread-5] DEBUG f.i.s.r.p.m.o.MavenFilterOutputHandler - [INFO] Downloaded: https://repo.maven.apache.org/maven2/org/apache/maven/maven-parent/5/maven-parent-5.pom (15 KB at 647.0 KB/sec)
19:41:46.973 [Thread-5] DEBUG f.i.s.r.p.m.o.MavenFilterOutputHandler - [INFO] Downloading: https://repo.maven.apache.org/maven2/org/apache/apache/3/apache-3.pom
19:41:46.991 [Thread-5] DEBUG f.i.s.r.p.m.o.MavenFilterOutputHandler - [INFO] Downloaded: https://repo.maven.apache.org/maven2/org/apache/apache/3/apache-3.pom (4 KB at 186.1 KB/sec)
19:41:47.006 [Thread-5] DEBUG f.i.s.r.p.m.o.MavenFilterOutputHandler - [INFO] Downloading: https://repo.maven.apache.org/maven2/org/apache/maven/maven-project/2.0.6/maven-project-2.0.6.pom
19:41:47.024 [Thread-5] DEBUG f.i.s.r.p.m.o.MavenFilterOutputHandler - [INFO] Downloaded: https://repo.maven.apache.org/maven2/org/apache/maven/maven-project/2.0.6/maven-project-2.0.6.pom (3 KB at 151.5 KB/sec)
19:41:47.035 [Thread-5] DEBUG f.i.s.r.p.m.o.MavenFilterOutputHandler - [INFO] Downloading: https://repo.maven.apache.org/maven2/org/apache/maven/maven-settings/2.0.6/maven-settings-2.0.6.pom
19:41:47.053 [Thread-5] DEBUG f.i.s.r.p.m.o.MavenFilterOutputHandler - [INFO] Downloaded: https://repo.maven.apache.org/maven2/org/apache/maven/maven-settings/2.0.6/maven-settings-2.0.6.pom (2 KB at 114.9 KB/sec)
19:41:47.062 [Thread-5] DEBUG f.i.s.r.p.m.o.MavenFilterOutputHandler - [INFO] Downloading: https://repo.maven.apache.org/maven2/org/apache/maven/maven-model/2.0.6/maven-model-2.0.6.pom
19:41:47.079 [Thread-5] DEBUG f.i.s.r.p.m.o.MavenFilterOutputHandler - [INFO] Downloaded: https://repo.maven.apache.org/maven2/org/apache/maven/maven-model/2.0.6/maven-model-2.0.6.pom (3 KB at 165.3 KB/sec)
19:41:47.087 [Thread-5] DEBUG f.i.s.r.p.m.o.MavenFilterOutputHandler - [INFO] Downloading: https://repo.maven.apache.org/maven2/org/codehaus/plexus/plexus-utils/1.4.1/plexus-utils-1.4.1.pom
19:41:47.106 [Thread-5] DEBUG f.i.s.r.p.m.o.MavenFilterOutputHandler - [INFO] Downloaded: https://repo.maven.apache.org/maven2/org/codehaus/plexus/plexus-utils/1.4.1/plexus-utils-1.4.1.pom (2 KB at 98.1 KB/sec)
19:41:47.118 [Thread-5] DEBUG f.i.s.r.p.m.o.MavenFilterOutputHandler - [INFO] Downloading: https://repo.maven.apache.org/maven2/org/codehaus/plexus/plexus/1.0.11/plexus-1.0.11.pom
19:41:47.130 [Thread-5] DEBUG f.i.s.r.p.m.o.MavenFilterOutputHandler - [INFO] Downloaded: https://repo.maven.apache.org/maven2/org/codehaus/plexus/plexus/1.0.11/plexus-1.0.11.pom (9 KB at 461.0 KB/sec)
19:41:47.137 [Thread-5] DEBUG f.i.s.r.p.m.o.MavenFilterOutputHandler - [INFO] Downloading: https://repo.maven.apache.org/maven2/org/codehaus/plexus/plexus-container-default/1.0-alpha-9-stable-1/plexus-container-default-1.0-alpha-9-stable-1.pom
19:41:47.179 [Thread-5] DEBUG f.i.s.r.p.m.o.MavenFilterOutputHandler - [INFO] Downloaded: https://repo.maven.apache.org/maven2/org/codehaus/plexus/plexus-container-default/1.0-alpha-9-stable-1/plexus-container-default-1.0-alpha-9-stable-1.pom (4 KB at 91.8 KB/sec)
19:41:47.184 [Thread-5] DEBUG f.i.s.r.p.m.o.MavenFilterOutputHandler - [INFO] Downloading: https://repo.maven.apache.org/maven2/org/codehaus/plexus/plexus-containers/1.0.3/plexus-containers-1.0.3.pom
19:41:47.211 [Thread-5] DEBUG f.i.s.r.p.m.o.MavenFilterOutputHandler - [INFO] Downloaded: https://repo.maven.apache.org/maven2/org/codehaus/plexus/plexus-containers/1.0.3/plexus-containers-1.0.3.pom (492 B at 17.8 KB/sec)
19:41:47.214 [Thread-5] DEBUG f.i.s.r.p.m.o.MavenFilterOutputHandler - [INFO] Downloading: https://repo.maven.apache.org/maven2/org/codehaus/plexus/plexus/1.0.4/plexus-1.0.4.pom
19:41:47.234 [Thread-5] DEBUG f.i.s.r.p.m.o.MavenFilterOutputHandler - [INFO] Downloaded: https://repo.maven.apache.org/maven2/org/codehaus/plexus/plexus/1.0.4/plexus-1.0.4.pom (6 KB at 294.9 KB/sec)
19:41:47.239 [Thread-5] DEBUG f.i.s.r.p.m.o.MavenFilterOutputHandler - [INFO] Downloading: https://repo.maven.apache.org/maven2/junit/junit/3.8.1/junit-3.8.1.pom
19:41:47.256 [Thread-5] DEBUG f.i.s.r.p.m.o.MavenFilterOutputHandler - [INFO] Downloaded: https://repo.maven.apache.org/maven2/junit/junit/3.8.1/junit-3.8.1.pom (998 B at 54.1 KB/sec)
19:41:47.263 [Thread-5] DEBUG f.i.s.r.p.m.o.MavenFilterOutputHandler - [INFO] Downloading: https://repo.maven.apache.org/maven2/org/codehaus/plexus/plexus-utils/1.0.4/plexus-utils-1.0.4.pom
19:41:47.289 [Thread-5] DEBUG f.i.s.r.p.m.o.MavenFilterOutputHandler - [INFO] Downloaded: https://repo.maven.apache.org/maven2/org/codehaus/plexus/plexus-utils/1.0.4/plexus-utils-1.0.4.pom (7 KB at 257.5 KB/sec)
19:41:47.319 [Thread-5] DEBUG f.i.s.r.p.m.o.MavenFilterOutputHandler - [INFO] Downloading: https://repo.maven.apache.org/maven2/classworlds/classworlds/1.1-alpha-2/classworlds-1.1-alpha-2.pom
19:41:47.341 [Thread-5] DEBUG f.i.s.r.p.m.o.MavenFilterOutputHandler - [INFO] Downloaded: https://repo.maven.apache.org/maven2/classworlds/classworlds/1.1-alpha-2/classworlds-1.1-alpha-2.pom (4 KB at 138.8 KB/sec)
19:41:47.348 [Thread-5] DEBUG f.i.s.r.p.m.o.MavenFilterOutputHandler - [INFO] Downloading: https://repo.maven.apache.org/maven2/org/apache/maven/maven-profile/2.0.6/maven-profile-2.0.6.pom
19:41:47.374 [Thread-5] DEBUG f.i.s.r.p.m.o.MavenFilterOutputHandler - [INFO] Downloaded: https://repo.maven.apache.org/maven2/org/apache/maven/maven-profile/2.0.6/maven-profile-2.0.6.pom (2 KB at 74.4 KB/sec)
19:41:47.444 [Thread-5] DEBUG f.i.s.r.p.m.o.MavenFilterOutputHandler - [INFO] Downloading: https://repo.maven.apache.org/maven2/org/apache/maven/maven-artifact-manager/2.0.6/maven-artifact-manager-2.0.6.pom
19:41:47.470 [Thread-5] DEBUG f.i.s.r.p.m.o.MavenFilterOutputHandler - [INFO] Downloaded: https://repo.maven.apache.org/maven2/org/apache/maven/maven-artifact-manager/2.0.6/maven-artifact-manager-2.0.6.pom (3 KB at 94.8 KB/sec)
19:41:47.484 [Thread-5] DEBUG f.i.s.r.p.m.o.MavenFilterOutputHandler - [INFO] Downloading: https://repo.maven.apache.org/maven2/org/apache/maven/maven-repository-metadata/2.0.6/maven-repository-metadata-2.0.6.pom
19:41:47.506 [Thread-5] DEBUG f.i.s.r.p.m.o.MavenFilterOutputHandler - [INFO] Downloaded: https://repo.maven.apache.org/maven2/org/apache/maven/maven-repository-metadata/2.0.6/maven-repository-metadata-2.0.6.pom (2 KB at 86.0 KB/sec)
19:41:47.517 [Thread-5] DEBUG f.i.s.r.p.m.o.MavenFilterOutputHandler - [INFO] Downloading: https://repo.maven.apache.org/maven2/org/apache/maven/maven-artifact/2.0.6/maven-artifact-2.0.6.pom
19:41:47.538 [Thread-5] DEBUG f.i.s.r.p.m.o.MavenFilterOutputHandler - [INFO] Downloaded: https://repo.maven.apache.org/maven2/org/apache/maven/maven-artifact/2.0.6/maven-artifact-2.0.6.pom (2 KB at 73.3 KB/sec)
19:41:47.549 [Thread-5] DEBUG f.i.s.r.p.m.o.MavenFilterOutputHandler - [INFO] Downloading: https://repo.maven.apache.org/maven2/org/apache/maven/maven-plugin-registry/2.0.6/maven-plugin-registry-2.0.6.pom
19:41:47.570 [Thread-5] DEBUG f.i.s.r.p.m.o.MavenFilterOutputHandler - [INFO] Downloaded: https://repo.maven.apache.org/maven2/org/apache/maven/maven-plugin-registry/2.0.6/maven-plugin-registry-2.0.6.pom (2 KB at 90.5 KB/sec)
19:41:47.583 [Thread-5] DEBUG f.i.s.r.p.m.o.MavenFilterOutputHandler - [INFO] Downloading: https://repo.maven.apache.org/maven2/org/codehaus/plexus/plexus-utils/3.0.5/plexus-utils-3.0.5.pom
19:41:47.604 [Thread-5] DEBUG f.i.s.r.p.m.o.MavenFilterOutputHandler - [INFO] Downloaded: https://repo.maven.apache.org/maven2/org/codehaus/plexus/plexus-utils/3.0.5/plexus-utils-3.0.5.pom (3 KB at 116.8 KB/sec)
19:41:47.611 [Thread-5] DEBUG f.i.s.r.p.m.o.MavenFilterOutputHandler - [INFO] Downloading: https://repo.maven.apache.org/maven2/org/codehaus/plexus/plexus/3.1/plexus-3.1.pom
19:41:47.638 [Thread-5] DEBUG f.i.s.r.p.m.o.MavenFilterOutputHandler - [INFO] Downloaded: https://repo.maven.apache.org/maven2/org/codehaus/plexus/plexus/3.1/plexus-3.1.pom (19 KB at 673.3 KB/sec)
19:41:47.646 [Thread-5] DEBUG f.i.s.r.p.m.o.MavenFilterOutputHandler - [INFO] Downloading: https://repo.maven.apache.org/maven2/org/sonatype/spice/spice-parent/17/spice-parent-17.pom
19:41:47.668 [Thread-5] DEBUG f.i.s.r.p.m.o.MavenFilterOutputHandler - [INFO] Downloaded: https://repo.maven.apache.org/maven2/org/sonatype/spice/spice-parent/17/spice-parent-17.pom (7 KB at 300.0 KB/sec)
19:41:47.673 [Thread-5] DEBUG f.i.s.r.p.m.o.MavenFilterOutputHandler - [INFO] Downloading: https://repo.maven.apache.org/maven2/org/sonatype/forge/forge-parent/10/forge-parent-10.pom
19:41:47.695 [Thread-5] DEBUG f.i.s.r.p.m.o.MavenFilterOutputHandler - [INFO] Downloaded: https://repo.maven.apache.org/maven2/org/sonatype/forge/forge-parent/10/forge-parent-10.pom (14 KB at 601.9 KB/sec)
19:41:47.706 [Thread-5] DEBUG f.i.s.r.p.m.o.MavenFilterOutputHandler - [INFO] Downloading: https://repo.maven.apache.org/maven2/org/codehaus/plexus/plexus-digest/1.0/plexus-digest-1.0.pom
19:41:47.726 [Thread-5] DEBUG f.i.s.r.p.m.o.MavenFilterOutputHandler - [INFO] Downloaded: https://repo.maven.apache.org/maven2/org/codehaus/plexus/plexus-digest/1.0/plexus-digest-1.0.pom (2 KB at 51.7 KB/sec)
19:41:47.731 [Thread-5] DEBUG f.i.s.r.p.m.o.MavenFilterOutputHandler - [INFO] Downloading: https://repo.maven.apache.org/maven2/org/codehaus/plexus/plexus-components/1.1.7/plexus-components-1.1.7.pom
19:41:47.751 [Thread-5] DEBUG f.i.s.r.p.m.o.MavenFilterOutputHandler - [INFO] Downloaded: https://repo.maven.apache.org/maven2/org/codehaus/plexus/plexus-components/1.1.7/plexus-components-1.1.7.pom (5 KB at 231.4 KB/sec)
19:41:47.757 [Thread-5] DEBUG f.i.s.r.p.m.o.MavenFilterOutputHandler - [INFO] Downloading: https://repo.maven.apache.org/maven2/org/codehaus/plexus/plexus/1.0.8/plexus-1.0.8.pom
19:41:47.778 [Thread-5] DEBUG f.i.s.r.p.m.o.MavenFilterOutputHandler - [INFO] Downloaded: https://repo.maven.apache.org/maven2/org/codehaus/plexus/plexus/1.0.8/plexus-1.0.8.pom (8 KB at 336.2 KB/sec)
19:41:47.787 [Thread-5] DEBUG f.i.s.r.p.m.o.MavenFilterOutputHandler - [INFO] Downloading: https://repo.maven.apache.org/maven2/org/codehaus/plexus/plexus-container-default/1.0-alpha-8/plexus-container-default-1.0-alpha-8.pom
19:41:47.810 [Thread-5] DEBUG f.i.s.r.p.m.o.MavenFilterOutputHandler - [INFO] Downloaded: https://repo.maven.apache.org/maven2/org/codehaus/plexus/plexus-container-default/1.0-alpha-8/plexus-container-default-1.0-alpha-8.pom (8 KB at 322.4 KB/sec)
19:41:47.851 [Thread-5] DEBUG f.i.s.r.p.m.o.MavenFilterOutputHandler - [INFO] Downloading: https://repo.maven.apache.org/maven2/org/apache/maven/maven-plugin-api/2.0.6/maven-plugin-api-2.0.6.jar
19:41:47.851 [Thread-5] DEBUG f.i.s.r.p.m.o.MavenFilterOutputHandler - [INFO] Downloading: https://repo.maven.apache.org/maven2/org/apache/maven/maven-project/2.0.6/maven-project-2.0.6.jar
19:41:47.853 [Thread-5] DEBUG f.i.s.r.p.m.o.MavenFilterOutputHandler - [INFO] Downloading: https://repo.maven.apache.org/maven2/org/apache/maven/maven-settings/2.0.6/maven-settings-2.0.6.jar
19:41:47.854 [Thread-5] DEBUG f.i.s.r.p.m.o.MavenFilterOutputHandler - [INFO] Downloading: https://repo.maven.apache.org/maven2/org/apache/maven/maven-profile/2.0.6/maven-profile-2.0.6.jar
19:41:47.865 [Thread-5] DEBUG f.i.s.r.p.m.o.MavenFilterOutputHandler - [INFO] Downloading: https://repo.maven.apache.org/maven2/org/apache/maven/maven-plugin-registry/2.0.6/maven-plugin-registry-2.0.6.jar
19:41:47.912 [Thread-5] DEBUG f.i.s.r.p.m.o.MavenFilterOutputHandler - [INFO] Downloaded: https://repo.maven.apache.org/maven2/org/apache/maven/maven-settings/2.0.6/maven-settings-2.0.6.jar (48 KB at 786.1 KB/sec)
19:41:47.913 [Thread-5] DEBUG f.i.s.r.p.m.o.MavenFilterOutputHandler - [INFO] Downloading: https://repo.maven.apache.org/maven2/org/codehaus/plexus/plexus-container-default/1.0-alpha-9-stable-1/plexus-container-default-1.0-alpha-9-stable-1.jar
19:41:47.925 [Thread-5] DEBUG f.i.s.r.p.m.o.MavenFilterOutputHandler - [INFO] Downloaded: https://repo.maven.apache.org/maven2/org/apache/maven/maven-plugin-api/2.0.6/maven-plugin-api-2.0.6.jar (13 KB at 165.2 KB/sec)
19:41:47.926 [Thread-5] DEBUG f.i.s.r.p.m.o.MavenFilterOutputHandler - [INFO] Downloading: https://repo.maven.apache.org/maven2/junit/junit/3.8.1/junit-3.8.1.jar
19:41:47.926 [Thread-5] DEBUG f.i.s.r.p.m.o.MavenFilterOutputHandler - [INFO] Downloaded: https://repo.maven.apache.org/maven2/org/apache/maven/maven-plugin-registry/2.0.6/maven-plugin-registry-2.0.6.jar (29 KB at 392.3 KB/sec)
19:41:47.927 [Thread-5] DEBUG f.i.s.r.p.m.o.MavenFilterOutputHandler - [INFO] Downloading: https://repo.maven.apache.org/maven2/classworlds/classworlds/1.1-alpha-2/classworlds-1.1-alpha-2.jar
19:41:47.927 [Thread-5] DEBUG f.i.s.r.p.m.o.MavenFilterOutputHandler - [INFO] Downloaded: https://repo.maven.apache.org/maven2/org/apache/maven/maven-profile/2.0.6/maven-profile-2.0.6.jar (35 KB at 452.8 KB/sec)
19:41:47.928 [Thread-5] DEBUG f.i.s.r.p.m.o.MavenFilterOutputHandler - [INFO] Downloading: https://repo.maven.apache.org/maven2/org/apache/maven/maven-model/2.0.6/maven-model-2.0.6.jar
19:41:47.969 [Thread-5] DEBUG f.i.s.r.p.m.o.MavenFilterOutputHandler - [INFO] Downloaded: https://repo.maven.apache.org/maven2/classworlds/classworlds/1.1-alpha-2/classworlds-1.1-alpha-2.jar (37 KB at 352.3 KB/sec)
19:41:47.970 [Thread-5] DEBUG f.i.s.r.p.m.o.MavenFilterOutputHandler - [INFO] Downloading: https://repo.maven.apache.org/maven2/org/apache/maven/maven-artifact-manager/2.0.6/maven-artifact-manager-2.0.6.jar
19:41:47.978 [Thread-5] DEBUG f.i.s.r.p.m.o.MavenFilterOutputHandler - [INFO] Downloaded: https://repo.maven.apache.org/maven2/org/apache/maven/maven-project/2.0.6/maven-project-2.0.6.jar (114 KB at 886.4 KB/sec)
19:41:47.979 [Thread-5] DEBUG f.i.s.r.p.m.o.MavenFilterOutputHandler - [INFO] Downloading: https://repo.maven.apache.org/maven2/org/apache/maven/maven-repository-metadata/2.0.6/maven-repository-metadata-2.0.6.jar
19:41:48.011 [Thread-5] DEBUG f.i.s.r.p.m.o.MavenFilterOutputHandler - [INFO] Downloaded: https://repo.maven.apache.org/maven2/org/codehaus/plexus/plexus-container-default/1.0-alpha-9-stable-1/plexus-container-default-1.0-alpha-9-stable-1.jar (190 KB at 1290.0 KB/sec)
19:41:48.012 [Thread-5] DEBUG f.i.s.r.p.m.o.MavenFilterOutputHandler - [INFO] Downloading: https://repo.maven.apache.org/maven2/org/apache/maven/maven-artifact/2.0.6/maven-artifact-2.0.6.jar
19:41:48.012 [Thread-5] DEBUG f.i.s.r.p.m.o.MavenFilterOutputHandler - [INFO] Downloaded: https://repo.maven.apache.org/maven2/org/apache/maven/maven-artifact-manager/2.0.6/maven-artifact-manager-2.0.6.jar (56 KB at 375.4 KB/sec)
19:41:48.017 [Thread-5] DEBUG f.i.s.r.p.m.o.MavenFilterOutputHandler - [INFO] Downloading: https://repo.maven.apache.org/maven2/org/codehaus/plexus/plexus-utils/3.0.5/plexus-utils-3.0.5.jar
19:41:48.049 [Thread-5] DEBUG f.i.s.r.p.m.o.MavenFilterOutputHandler - [INFO] Downloaded: https://repo.maven.apache.org/maven2/org/apache/maven/maven-model/2.0.6/maven-model-2.0.6.jar (85 KB at 458.5 KB/sec)
19:41:48.050 [Thread-5] DEBUG f.i.s.r.p.m.o.MavenFilterOutputHandler - [INFO] Downloading: https://repo.maven.apache.org/maven2/org/codehaus/plexus/plexus-digest/1.0/plexus-digest-1.0.jar
19:41:48.054 [Thread-5] DEBUG f.i.s.r.p.m.o.MavenFilterOutputHandler - [INFO] Downloaded: https://repo.maven.apache.org/maven2/org/apache/maven/maven-repository-metadata/2.0.6/maven-repository-metadata-2.0.6.jar (24 KB at 126.5 KB/sec)
19:41:48.064 [Thread-5] DEBUG f.i.s.r.p.m.o.MavenFilterOutputHandler - [INFO] Downloaded: https://repo.maven.apache.org/maven2/junit/junit/3.8.1/junit-3.8.1.jar (119 KB at 597.1 KB/sec)
19:41:48.086 [Thread-5] DEBUG f.i.s.r.p.m.o.MavenFilterOutputHandler - [INFO] Downloaded: https://repo.maven.apache.org/maven2/org/codehaus/plexus/plexus-digest/1.0/plexus-digest-1.0.jar (12 KB at 55.1 KB/sec)
19:41:48.087 [Thread-5] DEBUG f.i.s.r.p.m.o.MavenFilterOutputHandler - [INFO] Downloaded: https://repo.maven.apache.org/maven2/org/apache/maven/maven-artifact/2.0.6/maven-artifact-2.0.6.jar (86 KB at 387.8 KB/sec)
19:41:48.110 [Thread-5] DEBUG f.i.s.r.p.m.o.MavenFilterOutputHandler - [INFO] Downloaded: https://repo.maven.apache.org/maven2/org/codehaus/plexus/plexus-utils/3.0.5/plexus-utils-3.0.5.jar (226 KB at 926.1 KB/sec)
19:41:48.431 [Thread-5] DEBUG f.i.s.r.p.m.o.MavenFilterOutputHandler - [INFO] Installing /root/workspace/terasolunaorg/tutorial-apps/339320231/pom.xml to /root/./workspace/terasolunaorg/tutorial-apps/339320231/.m2/org/terasoluna/gfw/tutorial/tutorial-apps/5.4.1-SNAPSHOT/tutorial-apps-5.4.1-SNAPSHOT.pom
19:41:48.445 [Thread-5] DEBUG f.i.s.r.p.m.o.MavenFilterOutputHandler - [INFO] ------------------------------------------------------------------------
19:41:48.446 [Thread-5] DEBUG f.i.s.r.p.m.o.MavenFilterOutputHandler - [INFO] BUILD SUCCESS
19:41:48.446 [Thread-5] DEBUG f.i.s.r.p.m.o.MavenFilterOutputHandler - [INFO] ------------------------------------------------------------------------
19:41:48.446 [Thread-5] DEBUG f.i.s.r.p.m.o.MavenFilterOutputHandler - [INFO] Total time: 2.975 s
19:41:48.447 [Thread-5] DEBUG f.i.s.r.p.m.o.MavenFilterOutputHandler - [INFO] Finished at: 2018-08-24T19:41:48+02:00
19:41:48.619 [Thread-5] DEBUG f.i.s.r.p.m.o.MavenFilterOutputHandler - [INFO] Final Memory: 12M/460M
19:41:48.619 [Thread-5] DEBUG f.i.s.r.p.m.o.MavenFilterOutputHandler - [INFO] ------------------------------------------------------------------------
19:41:48.746 [main] DEBUG f.i.s.r.process.step.BuildProject - STEP STATUS: [ BuildProjectBuggyBuildCandidate : SUCCESS ]
19:41:48.747 [main] DEBUG f.i.s.r.process.step.BuildProject - STEP DURATION: 6s
19:41:48.747 [main] DEBUG f.i.s.r.process.step.BuildProject - EXECUTE NEXT STEP
19:41:48.748 [main] DEBUG f.i.s.r.process.step.TestProject - ----------------------------------------------------------------------
19:41:48.749 [main] DEBUG f.i.s.r.process.step.TestProject - STEP 6/18: TestProjectBuggyBuildCandidate
19:41:48.749 [main] DEBUG f.i.s.r.process.step.TestProject - ----------------------------------------------------------------------
19:41:48.749 [main] DEBUG f.i.s.r.process.step.TestProject - Launching tests with maven...
19:41:51.895 [Thread-8] DEBUG f.i.s.r.p.m.o.MavenFilterOutputHandler - [INFO] Scanning for projects...
19:41:52.087 [Thread-8] DEBUG f.i.s.r.p.m.o.MavenFilterOutputHandler - [INFO]                                                                         
19:41:52.088 [Thread-8] DEBUG f.i.s.r.p.m.o.MavenFilterOutputHandler - [INFO] ------------------------------------------------------------------------
19:41:52.089 [Thread-8] DEBUG f.i.s.r.p.m.o.MavenFilterOutputHandler - [INFO] Building TERASOLUNA Server Framework for Java (5.x) - Tutorial Applications 5.4.1-SNAPSHOT
19:41:52.089 [Thread-8] DEBUG f.i.s.r.p.m.o.MavenFilterOutputHandler - [INFO] ------------------------------------------------------------------------
19:41:52.094 [Thread-8] DEBUG f.i.s.r.p.m.o.MavenFilterOutputHandler - [INFO] ------------------------------------------------------------------------
19:41:52.095 [Thread-8] DEBUG f.i.s.r.p.m.o.MavenFilterOutputHandler - [INFO] BUILD SUCCESS
19:41:52.095 [Thread-8] DEBUG f.i.s.r.p.m.o.MavenFilterOutputHandler - [INFO] ------------------------------------------------------------------------
19:41:52.095 [Thread-8] DEBUG f.i.s.r.p.m.o.MavenFilterOutputHandler - [INFO] Total time: 0.260 s
19:41:52.095 [Thread-8] DEBUG f.i.s.r.p.m.o.MavenFilterOutputHandler - [INFO] Finished at: 2018-08-24T19:41:52+02:00
19:41:52.231 [Thread-8] DEBUG f.i.s.r.p.m.o.MavenFilterOutputHandler - [INFO] Final Memory: 13M/483M
19:41:52.231 [Thread-8] DEBUG f.i.s.r.p.m.o.MavenFilterOutputHandler - [INFO] ------------------------------------------------------------------------
19:41:52.752 [main] DEBUG f.i.s.r.process.step.TestProject - STEP STATUS: [ TestProjectBuggyBuildCandidate : SUCCESS ]
19:41:52.752 [main] DEBUG f.i.s.r.process.step.TestProject - STEP DURATION: 4s
19:41:52.752 [main] DEBUG f.i.s.r.process.step.TestProject - EXECUTE NEXT STEP
19:41:52.752 [main] DEBUG f.i.s.r.p.s.g.GatherTestInformation - ----------------------------------------------------------------------
19:41:52.752 [main] DEBUG f.i.s.r.p.s.g.GatherTestInformation - STEP 7/18: GatherTestInformationBuggyBuildCandidate
19:41:52.752 [main] DEBUG f.i.s.r.p.s.g.GatherTestInformation - ----------------------------------------------------------------------
19:41:52.752 [main] DEBUG f.i.s.r.p.s.g.GatherTestInformation - Gathering test information from surefire reports...
19:41:52.753 [main] DEBUG f.i.s.r.p.s.g.GatherTestInformation - Contract: BuildShouldFail
19:41:52.800 [main] INFO  f.i.s.r.p.s.g.GatherTestInformation - ---Test results---
19:41:52.800 [main] INFO  f.i.s.r.p.s.g.GatherTestInformation -    Total tests: 0
19:41:52.800 [main] INFO  f.i.s.r.p.s.g.GatherTestInformation -    Tests run: 0
19:41:52.800 [main] INFO  f.i.s.r.p.s.g.GatherTestInformation -    Tests passing: 0
19:41:52.801 [main] INFO  f.i.s.r.p.s.g.GatherTestInformation -    Failures: 0
19:41:52.801 [main] INFO  f.i.s.r.p.s.g.GatherTestInformation -    Errors: 0
19:41:52.801 [main] INFO  f.i.s.r.p.s.g.GatherTestInformation -    Skipped: 0
19:41:52.801 [main] DEBUG f.i.s.r.p.s.g.GatherTestInformation - STEP STATUS: [ GatherTestInformationBuggyBuildCandidate : FAILURE ( NOTFAILING ) ]
19:41:52.801 [main] DEBUG f.i.s.r.p.s.g.GatherTestInformation - STEP DURATION: 0s
19:41:52.801 [main] DEBUG f.i.s.r.p.s.g.GatherTestInformation - TERMINATE PIPELINE
19:41:52.801 [main] DEBUG f.i.s.r.p.s.g.GatherTestInformation - FINAL STEPS SKIPPED: The reproduction of the bug and/or the patch failed.
19:41:52.801 [main] INFO  f.i.s.r.p.s.g.GatherTestInformation - Serialize all data for the pair of builds 339320231, 342209131
19:41:53.149 [main] INFO  fr.inria.jtravis.JTravis - GitHub ratelimit: Limit: 5000 Remaining: 4288 Reset hour: 19:25:33
19:41:53.886 [main] INFO  f.i.s.r.p.i.ProjectInspector - ----------------------------------------------------------------------
19:41:53.887 [main] INFO  f.i.s.r.p.i.ProjectInspector - PIPELINE EXECUTION SUMMARY
19:41:53.887 [main] INFO  f.i.s.r.p.i.ProjectInspector - ----------------------------------------------------------------------
19:41:53.887 [main] INFO  f.i.s.r.p.i.ProjectInspector - CloneRepository........................................SUCCESS [ 4 s ]
19:41:53.887 [main] INFO  f.i.s.r.p.i.ProjectInspector - CheckoutBuggyBuildCandidate............................SUCCESS [ 0 s ]
19:41:53.888 [main] INFO  f.i.s.r.p.i.ProjectInspector - ComputeSourceDir.......................................FAILURE [ 0 s ]
19:41:53.888 [main] INFO  f.i.s.r.p.i.ProjectInspector - ComputeTestDir.........................................FAILURE [ 0 s ]
19:41:53.888 [main] INFO  f.i.s.r.p.i.ProjectInspector - BuildProjectBuggyBuildCandidate........................SUCCESS [ 6 s ]
19:41:53.888 [main] INFO  f.i.s.r.p.i.ProjectInspector - TestProjectBuggyBuildCandidate.........................SUCCESS [ 4 s ]
19:41:53.888 [main] INFO  f.i.s.r.p.i.ProjectInspector - GatherTestInformationBuggyBuildCandidate...............FAILURE [ 0 s ]
19:41:53.888 [main] INFO  f.i.s.r.p.i.ProjectInspector - InitRepoToPush.........................................NOT RUN        
19:41:53.888 [main] INFO  f.i.s.r.p.i.ProjectInspector - ComputeClasspath.......................................NOT RUN        
19:41:53.888 [main] INFO  f.i.s.r.p.i.ProjectInspector - ComputeModules.........................................NOT RUN        
19:41:53.889 [main] INFO  f.i.s.r.p.i.ProjectInspector - CheckoutPatchedBuildCandidate..........................NOT RUN        
19:41:53.889 [main] INFO  f.i.s.r.p.i.ProjectInspector - BuildProjectPatchedBuildCandidate......................NOT RUN        
19:41:53.889 [main] INFO  f.i.s.r.p.i.ProjectInspector - TestProjectPatchedBuildCandidate.......................NOT RUN        
19:41:53.889 [main] INFO  f.i.s.r.p.i.ProjectInspector - GatherTestInformationPatchedBuildCandidate.............NOT RUN        
19:41:53.889 [main] INFO  f.i.s.r.p.i.ProjectInspector - CommitPatch............................................NOT RUN        
19:41:53.889 [main] INFO  f.i.s.r.p.i.ProjectInspector - WritePropertyFile......................................NOT RUN        
19:41:53.890 [main] INFO  f.i.s.r.p.i.ProjectInspector - CommitProcessEnd.......................................NOT RUN        
19:41:53.890 [main] INFO  f.i.s.r.p.i.ProjectInspector - PushProcessEnd.........................................NOT RUN        
19:41:53.890 [main] INFO  f.i.s.r.p.i.ProjectInspector - ----------------------------------------------------------------------
19:41:53.890 [main] INFO  f.i.s.r.p.i.ProjectInspector - PIPELINE FINDING: NOTFAILING
19:41:53.890 [main] INFO  f.i.s.r.p.i.ProjectInspector - ----------------------------------------------------------------------
19:41:53.890 [main] INFO  f.i.s.repairnator.pipeline.Launcher - Inspector is finished. The process will exit now.
