19:07:42.014 [main] INFO  f.i.s.repairnator.pipeline.Launcher - PIPELINE VERSION: 3.0-2018-08-09 19:04
19:07:42.125 [main] INFO  f.i.s.repairnator.pipeline.Launcher - The pipeline will try to reproduce a bug from build 343940847 and its corresponding patch from build 343963569
19:07:42.126 [main] INFO  f.i.s.repairnator.pipeline.Launcher - Initialize file serializer engines.
19:07:42.127 [main] INFO  f.i.s.repairnator.pipeline.Launcher - MongoDB won't be used for serialization.
19:07:42.128 [main] INFO  f.i.s.repairnator.pipeline.Launcher - The email notifier engine won't be used.
19:07:42.137 [main] INFO  f.i.s.repairnator.pipeline.Launcher - Start by getting the build (buildId: 343940847) with the following config: RepairnatorConfig{runId='f6547159-c29d-40d6-8a8e-3c2ad13c6286_02-18-week3-FAILING_AND_PASSING', launcherMode=BEARS, serializeJson=true, inputPath='null', outputPath='/var/log', mongodbHost='null', mongodbName='repairnator', smtpServer='null', notifyTo=[], notifyEndProcess=false, push=true, pushRemoteRepo='https://github.com/fermadeiral/bears-collection-fp', fork=false, lookFromDate=null, lookToDate=null, buildId=343940847, z3solverPath='./z3_for_linux', workspacePath='./workspace', githubToken='c8a341a903[...]', dockerImageName='null', skipDelete=false, createOutputDir=false, logDirectory='null', nbThreads=0, globalTimeout=0, whiteList=null, blackList=null, jobSleepTime=0, buildSleepTime=0, maxInspectedBuilds=0, duration=null, humanPatch=false, repository='null', clean=true, bearsMode=BOTH, bearsDelimiter = false, repairTools=NopolAllTests,NPEFix,AssertFixer,AstorJGenProg,AstorJKali,NopolSingleTest,AstorJMut,NopolTestExclusionStrategy, githubUserName= fermadeiral, githubUserEmail=fer.madeiral@gmail.com}
19:07:43.406 [main] DEBUG fr.inria.jtravis.helpers.BuildHelper - Get request to :https://api.travis-ci.org/build/343940847 done after 777 ms
19:07:43.655 [main] DEBUG fr.inria.jtravis.helpers.BuildHelper - Get request to :https://api.travis-ci.org/build/343963569 done after 137 ms
19:07:43.689 [main] INFO  f.i.s.repairnator.pipeline.Launcher - The patched build (343963569) was successfully retrieved from Travis.
19:07:44.729 [main] INFO  fr.inria.jtravis.JTravis - GitHub ratelimit: Limit: 5000 Remaining: 4931 Reset hour: 19:25:33
19:07:44.967 [main] INFO  f.i.s.r.p.i.ProjectInspector - ----------------------------------------------------------------------
19:07:44.968 [main] INFO  f.i.s.r.p.i.ProjectInspector - PIPELINE STEPS
19:07:44.968 [main] INFO  f.i.s.r.p.i.ProjectInspector - ----------------------------------------------------------------------
19:07:44.968 [main] INFO  f.i.s.r.p.i.ProjectInspector - CloneRepository
19:07:44.968 [main] INFO  f.i.s.r.p.i.ProjectInspector - CheckoutBuggyBuildCandidate
19:07:44.968 [main] INFO  f.i.s.r.p.i.ProjectInspector - ComputeSourceDir
19:07:44.968 [main] INFO  f.i.s.r.p.i.ProjectInspector - ComputeTestDir
19:07:44.968 [main] INFO  f.i.s.r.p.i.ProjectInspector - BuildProjectBuggyBuildCandidate
19:07:44.969 [main] INFO  f.i.s.r.p.i.ProjectInspector - TestProjectBuggyBuildCandidate
19:07:44.969 [main] INFO  f.i.s.r.p.i.ProjectInspector - GatherTestInformationBuggyBuildCandidate
19:07:44.969 [main] INFO  f.i.s.r.p.i.ProjectInspector - InitRepoToPush
19:07:44.969 [main] INFO  f.i.s.r.p.i.ProjectInspector - ComputeClasspath
19:07:44.969 [main] INFO  f.i.s.r.p.i.ProjectInspector - ComputeModules
19:07:44.969 [main] INFO  f.i.s.r.p.i.ProjectInspector - CheckoutPatchedBuildCandidate
19:07:44.969 [main] INFO  f.i.s.r.p.i.ProjectInspector - BuildProjectPatchedBuildCandidate
19:07:44.970 [main] INFO  f.i.s.r.p.i.ProjectInspector - TestProjectPatchedBuildCandidate
19:07:44.970 [main] INFO  f.i.s.r.p.i.ProjectInspector - GatherTestInformationPatchedBuildCandidate
19:07:44.970 [main] INFO  f.i.s.r.p.i.ProjectInspector - CommitPatch
19:07:44.970 [main] INFO  f.i.s.r.p.i.ProjectInspector - WritePropertyFile
19:07:44.970 [main] INFO  f.i.s.r.p.i.ProjectInspector - CommitProcessEnd
19:07:44.970 [main] INFO  f.i.s.r.p.i.ProjectInspector - PushProcessEnd
19:07:44.970 [main] DEBUG f.i.s.r.process.step.CloneRepository - ----------------------------------------------------------------------
19:07:44.971 [main] DEBUG f.i.s.r.process.step.CloneRepository - STEP 1/18: CloneRepository
19:07:44.971 [main] DEBUG f.i.s.r.process.step.CloneRepository - ----------------------------------------------------------------------
19:07:44.971 [main] DEBUG f.i.s.r.process.step.CloneRepository - Cloning repository EnMasseProject/enmasse in the following directory: ./workspace/EnMasseProject/enmasse/343940847
19:08:27.863 [main] DEBUG f.i.s.r.process.step.CloneRepository - STEP STATUS: [ CloneRepository : SUCCESS ]
19:08:27.863 [main] DEBUG f.i.s.r.process.step.CloneRepository - STEP DURATION: 42s
19:08:27.864 [main] DEBUG f.i.s.r.process.step.CloneRepository - EXECUTE NEXT STEP
19:08:27.864 [main] DEBUG f.i.s.r.p.s.c.CheckoutBuggyBuild - ----------------------------------------------------------------------
19:08:27.864 [main] DEBUG f.i.s.r.p.s.c.CheckoutBuggyBuild - STEP 2/18: CheckoutBuggyBuildCandidate
19:08:27.864 [main] DEBUG f.i.s.r.p.s.c.CheckoutBuggyBuild - ----------------------------------------------------------------------
19:08:27.864 [main] DEBUG f.i.s.r.p.s.c.CheckoutBuggyBuild - Checking out buggy build candidate...
19:08:28.189 [main] INFO  fr.inria.jtravis.JTravis - GitHub ratelimit: Limit: 5000 Remaining: 4926 Reset hour: 19:25:33
19:08:30.049 [main] DEBUG f.i.s.r.p.s.c.CheckoutBuggyBuild - Reproduce the PR for EnMasseProject/enmasse by fetching remote branch and merging.
19:08:30.872 [main] ERROR f.i.s.r.p.s.c.CheckoutBuggyBuild - Error while testing commit: org.eclipse.jgit.errors.MissingObjectException: Missing unknown cf575b4c76ecd50c9eee5e16ac25dec52cce0c00
19:08:30.874 [main] ERROR f.i.s.r.p.s.c.CheckoutBuggyBuild - Commit head ref cannot be retrieved from the repository: cf575b4c76ecd50c9eee5e16ac25dec52cce0c00. Operation aborted.
19:08:30.874 [main] ERROR f.i.s.r.p.s.c.CheckoutBuggyBuild - Error while merging two commits to reproduce the PR.
19:08:30.875 [main] DEBUG f.i.s.r.p.s.c.CheckoutBuggyBuild - STEP STATUS: [ CheckoutBuggyBuildCandidate : FAILURE ( BUILDNOTCHECKEDOUT ) ]
19:08:30.875 [main] DEBUG f.i.s.r.p.s.c.CheckoutBuggyBuild - STEP DURATION: 3s
19:08:30.876 [main] DEBUG f.i.s.r.p.s.c.CheckoutBuggyBuild - TERMINATE PIPELINE
19:08:30.876 [main] DEBUG f.i.s.r.p.s.c.CheckoutBuggyBuild - FINAL STEPS SKIPPED: The reproduction of the bug and/or the patch failed.
19:08:30.876 [main] INFO  f.i.s.r.p.s.c.CheckoutBuggyBuild - Serialize all data for the pair of builds 343940847, 343963569
19:08:30.996 [main] INFO  fr.inria.jtravis.JTravis - GitHub ratelimit: Limit: 5000 Remaining: 4919 Reset hour: 19:25:33
19:08:32.326 [main] INFO  f.i.s.r.p.i.ProjectInspector - ----------------------------------------------------------------------
19:08:32.327 [main] INFO  f.i.s.r.p.i.ProjectInspector - PIPELINE EXECUTION SUMMARY
19:08:32.327 [main] INFO  f.i.s.r.p.i.ProjectInspector - ----------------------------------------------------------------------
19:08:32.327 [main] INFO  f.i.s.r.p.i.ProjectInspector - CloneRepository.......................................SUCCESS [ 42 s ]
19:08:32.327 [main] INFO  f.i.s.r.p.i.ProjectInspector - CheckoutBuggyBuildCandidate...........................FAILURE [  3 s ]
19:08:32.327 [main] INFO  f.i.s.r.p.i.ProjectInspector - ComputeSourceDir......................................NOT RUN         
19:08:32.327 [main] INFO  f.i.s.r.p.i.ProjectInspector - ComputeTestDir........................................NOT RUN         
19:08:32.327 [main] INFO  f.i.s.r.p.i.ProjectInspector - BuildProjectBuggyBuildCandidate.......................NOT RUN         
19:08:32.327 [main] INFO  f.i.s.r.p.i.ProjectInspector - TestProjectBuggyBuildCandidate........................NOT RUN         
19:08:32.327 [main] INFO  f.i.s.r.p.i.ProjectInspector - GatherTestInformationBuggyBuildCandidate..............NOT RUN         
19:08:32.328 [main] INFO  f.i.s.r.p.i.ProjectInspector - InitRepoToPush........................................NOT RUN         
19:08:32.328 [main] INFO  f.i.s.r.p.i.ProjectInspector - ComputeClasspath......................................NOT RUN         
19:08:32.328 [main] INFO  f.i.s.r.p.i.ProjectInspector - ComputeModules........................................NOT RUN         
19:08:32.328 [main] INFO  f.i.s.r.p.i.ProjectInspector - CheckoutPatchedBuildCandidate.........................NOT RUN         
19:08:32.328 [main] INFO  f.i.s.r.p.i.ProjectInspector - BuildProjectPatchedBuildCandidate.....................NOT RUN         
19:08:32.328 [main] INFO  f.i.s.r.p.i.ProjectInspector - TestProjectPatchedBuildCandidate......................NOT RUN         
19:08:32.328 [main] INFO  f.i.s.r.p.i.ProjectInspector - GatherTestInformationPatchedBuildCandidate............NOT RUN         
19:08:32.328 [main] INFO  f.i.s.r.p.i.ProjectInspector - CommitPatch...........................................NOT RUN         
19:08:32.328 [main] INFO  f.i.s.r.p.i.ProjectInspector - WritePropertyFile.....................................NOT RUN         
19:08:32.328 [main] INFO  f.i.s.r.p.i.ProjectInspector - CommitProcessEnd......................................NOT RUN         
19:08:32.329 [main] INFO  f.i.s.r.p.i.ProjectInspector - PushProcessEnd........................................NOT RUN         
19:08:32.329 [main] INFO  f.i.s.r.p.i.ProjectInspector - ----------------------------------------------------------------------
19:08:32.329 [main] INFO  f.i.s.r.p.i.ProjectInspector - PIPELINE FINDING: BUILDNOTCHECKEDOUT
19:08:32.329 [main] INFO  f.i.s.r.p.i.ProjectInspector - ----------------------------------------------------------------------
19:08:32.329 [main] INFO  f.i.s.repairnator.pipeline.Launcher - Inspector is finished. The process will exit now.
