19:45:16.110 [main] INFO  f.i.s.repairnator.pipeline.Launcher - PIPELINE VERSION: 3.0-2018-08-09 19:04
19:45:16.228 [main] INFO  f.i.s.repairnator.pipeline.Launcher - The pipeline will try to reproduce a bug from build 342479519 and its corresponding patch from build 342483564
19:45:16.229 [main] INFO  f.i.s.repairnator.pipeline.Launcher - Initialize file serializer engines.
19:45:16.230 [main] INFO  f.i.s.repairnator.pipeline.Launcher - MongoDB won't be used for serialization.
19:45:16.231 [main] INFO  f.i.s.repairnator.pipeline.Launcher - The email notifier engine won't be used.
19:45:16.233 [main] INFO  f.i.s.repairnator.pipeline.Launcher - Start by getting the build (buildId: 342479519) with the following config: RepairnatorConfig{runId='f6547159-c29d-40d6-8a8e-3c2ad13c6286_02-18-week3-FAILING_AND_PASSING', launcherMode=BEARS, serializeJson=true, inputPath='null', outputPath='/var/log', mongodbHost='null', mongodbName='repairnator', smtpServer='null', notifyTo=[], notifyEndProcess=false, push=true, pushRemoteRepo='https://github.com/fermadeiral/bears-collection-fp', fork=false, lookFromDate=null, lookToDate=null, buildId=342479519, z3solverPath='./z3_for_linux', workspacePath='./workspace', githubToken='c8a341a903[...]', dockerImageName='null', skipDelete=false, createOutputDir=false, logDirectory='null', nbThreads=0, globalTimeout=0, whiteList=null, blackList=null, jobSleepTime=0, buildSleepTime=0, maxInspectedBuilds=0, duration=null, humanPatch=false, repository='null', clean=true, bearsMode=BOTH, bearsDelimiter = false, repairTools=NopolAllTests,NPEFix,AssertFixer,AstorJGenProg,AstorJKali,NopolSingleTest,AstorJMut,NopolTestExclusionStrategy, githubUserName= fermadeiral, githubUserEmail=fer.madeiral@gmail.com}
19:45:17.888 [main] DEBUG fr.inria.jtravis.helpers.BuildHelper - Get request to :https://api.travis-ci.org/build/342479519 done after 978 ms
19:45:18.191 [main] DEBUG fr.inria.jtravis.helpers.BuildHelper - Get request to :https://api.travis-ci.org/build/342483564 done after 135 ms
19:45:18.210 [main] INFO  f.i.s.repairnator.pipeline.Launcher - The patched build (342483564) was successfully retrieved from Travis.
19:45:19.626 [main] INFO  fr.inria.jtravis.JTravis - GitHub ratelimit: Limit: 5000 Remaining: 4235 Reset hour: 19:25:33
19:45:19.960 [main] INFO  f.i.s.r.p.i.ProjectInspector - ----------------------------------------------------------------------
19:45:19.961 [main] INFO  f.i.s.r.p.i.ProjectInspector - PIPELINE STEPS
19:45:19.961 [main] INFO  f.i.s.r.p.i.ProjectInspector - ----------------------------------------------------------------------
19:45:19.962 [main] INFO  f.i.s.r.p.i.ProjectInspector - CloneRepository
19:45:19.962 [main] INFO  f.i.s.r.p.i.ProjectInspector - CheckoutBuggyBuildCandidate
19:45:19.963 [main] INFO  f.i.s.r.p.i.ProjectInspector - ComputeSourceDir
19:45:19.964 [main] INFO  f.i.s.r.p.i.ProjectInspector - ComputeTestDir
19:45:19.964 [main] INFO  f.i.s.r.p.i.ProjectInspector - BuildProjectBuggyBuildCandidate
19:45:19.965 [main] INFO  f.i.s.r.p.i.ProjectInspector - TestProjectBuggyBuildCandidate
19:45:19.965 [main] INFO  f.i.s.r.p.i.ProjectInspector - GatherTestInformationBuggyBuildCandidate
19:45:19.966 [main] INFO  f.i.s.r.p.i.ProjectInspector - InitRepoToPush
19:45:19.966 [main] INFO  f.i.s.r.p.i.ProjectInspector - ComputeClasspath
19:45:19.967 [main] INFO  f.i.s.r.p.i.ProjectInspector - ComputeModules
19:45:19.967 [main] INFO  f.i.s.r.p.i.ProjectInspector - CheckoutPatchedBuildCandidate
19:45:19.968 [main] INFO  f.i.s.r.p.i.ProjectInspector - BuildProjectPatchedBuildCandidate
19:45:19.968 [main] INFO  f.i.s.r.p.i.ProjectInspector - TestProjectPatchedBuildCandidate
19:45:19.968 [main] INFO  f.i.s.r.p.i.ProjectInspector - GatherTestInformationPatchedBuildCandidate
19:45:19.969 [main] INFO  f.i.s.r.p.i.ProjectInspector - CommitPatch
19:45:19.969 [main] INFO  f.i.s.r.p.i.ProjectInspector - WritePropertyFile
19:45:19.970 [main] INFO  f.i.s.r.p.i.ProjectInspector - CommitProcessEnd
19:45:19.970 [main] INFO  f.i.s.r.p.i.ProjectInspector - PushProcessEnd
19:45:19.971 [main] DEBUG f.i.s.r.process.step.CloneRepository - ----------------------------------------------------------------------
19:45:19.972 [main] DEBUG f.i.s.r.process.step.CloneRepository - STEP 1/18: CloneRepository
19:45:19.972 [main] DEBUG f.i.s.r.process.step.CloneRepository - ----------------------------------------------------------------------
19:45:19.973 [main] DEBUG f.i.s.r.process.step.CloneRepository - Cloning repository apache/activemq-artemis in the following directory: ./workspace/apache/activemq-artemis/342479519
19:45:49.724 [main] DEBUG f.i.s.r.process.step.CloneRepository - STEP STATUS: [ CloneRepository : SUCCESS ]
19:45:49.724 [main] DEBUG f.i.s.r.process.step.CloneRepository - STEP DURATION: 29s
19:45:49.725 [main] DEBUG f.i.s.r.process.step.CloneRepository - EXECUTE NEXT STEP
19:45:49.725 [main] DEBUG f.i.s.r.p.s.c.CheckoutBuggyBuild - ----------------------------------------------------------------------
19:45:49.726 [main] DEBUG f.i.s.r.p.s.c.CheckoutBuggyBuild - STEP 2/18: CheckoutBuggyBuildCandidate
19:45:49.726 [main] DEBUG f.i.s.r.p.s.c.CheckoutBuggyBuild - ----------------------------------------------------------------------
19:45:49.726 [main] DEBUG f.i.s.r.p.s.c.CheckoutBuggyBuild - Checking out buggy build candidate...
19:45:50.080 [main] INFO  fr.inria.jtravis.JTravis - GitHub ratelimit: Limit: 5000 Remaining: 4227 Reset hour: 19:25:33
19:45:52.312 [main] DEBUG f.i.s.r.p.s.c.CheckoutBuggyBuild - Reproduce the PR for apache/activemq-artemis by fetching remote branch and merging.
19:45:55.416 [main] ERROR f.i.s.r.p.s.c.CheckoutBuggyBuild - Error while testing commit: org.eclipse.jgit.errors.MissingObjectException: Missing unknown 1b543e33857fa9dbd04f5afe310d24dcdb955385
19:45:55.417 [main] ERROR f.i.s.r.p.s.c.CheckoutBuggyBuild - Commit head ref cannot be retrieved from the repository: 1b543e33857fa9dbd04f5afe310d24dcdb955385. Operation aborted.
19:45:55.418 [main] ERROR f.i.s.r.p.s.c.CheckoutBuggyBuild - Error while merging two commits to reproduce the PR.
19:45:55.419 [main] DEBUG f.i.s.r.p.s.c.CheckoutBuggyBuild - STEP STATUS: [ CheckoutBuggyBuildCandidate : FAILURE ( BUILDNOTCHECKEDOUT ) ]
19:45:55.419 [main] DEBUG f.i.s.r.p.s.c.CheckoutBuggyBuild - STEP DURATION: 5s
19:45:55.420 [main] DEBUG f.i.s.r.p.s.c.CheckoutBuggyBuild - TERMINATE PIPELINE
19:45:55.420 [main] DEBUG f.i.s.r.p.s.c.CheckoutBuggyBuild - FINAL STEPS SKIPPED: The reproduction of the bug and/or the patch failed.
19:45:55.421 [main] INFO  f.i.s.r.p.s.c.CheckoutBuggyBuild - Serialize all data for the pair of builds 342479519, 342483564
19:45:55.552 [main] INFO  fr.inria.jtravis.JTravis - GitHub ratelimit: Limit: 5000 Remaining: 4218 Reset hour: 19:25:33
19:45:57.128 [main] INFO  f.i.s.r.p.i.ProjectInspector - ----------------------------------------------------------------------
19:45:57.129 [main] INFO  f.i.s.r.p.i.ProjectInspector - PIPELINE EXECUTION SUMMARY
19:45:57.129 [main] INFO  f.i.s.r.p.i.ProjectInspector - ----------------------------------------------------------------------
19:45:57.129 [main] INFO  f.i.s.r.p.i.ProjectInspector - CloneRepository.......................................SUCCESS [ 29 s ]
19:45:57.130 [main] INFO  f.i.s.r.p.i.ProjectInspector - CheckoutBuggyBuildCandidate...........................FAILURE [  5 s ]
19:45:57.130 [main] INFO  f.i.s.r.p.i.ProjectInspector - ComputeSourceDir......................................NOT RUN         
19:45:57.130 [main] INFO  f.i.s.r.p.i.ProjectInspector - ComputeTestDir........................................NOT RUN         
19:45:57.130 [main] INFO  f.i.s.r.p.i.ProjectInspector - BuildProjectBuggyBuildCandidate.......................NOT RUN         
19:45:57.130 [main] INFO  f.i.s.r.p.i.ProjectInspector - TestProjectBuggyBuildCandidate........................NOT RUN         
19:45:57.130 [main] INFO  f.i.s.r.p.i.ProjectInspector - GatherTestInformationBuggyBuildCandidate..............NOT RUN         
19:45:57.131 [main] INFO  f.i.s.r.p.i.ProjectInspector - InitRepoToPush........................................NOT RUN         
19:45:57.131 [main] INFO  f.i.s.r.p.i.ProjectInspector - ComputeClasspath......................................NOT RUN         
19:45:57.131 [main] INFO  f.i.s.r.p.i.ProjectInspector - ComputeModules........................................NOT RUN         
19:45:57.131 [main] INFO  f.i.s.r.p.i.ProjectInspector - CheckoutPatchedBuildCandidate.........................NOT RUN         
19:45:57.131 [main] INFO  f.i.s.r.p.i.ProjectInspector - BuildProjectPatchedBuildCandidate.....................NOT RUN         
19:45:57.132 [main] INFO  f.i.s.r.p.i.ProjectInspector - TestProjectPatchedBuildCandidate......................NOT RUN         
19:45:57.132 [main] INFO  f.i.s.r.p.i.ProjectInspector - GatherTestInformationPatchedBuildCandidate............NOT RUN         
19:45:57.132 [main] INFO  f.i.s.r.p.i.ProjectInspector - CommitPatch...........................................NOT RUN         
19:45:57.132 [main] INFO  f.i.s.r.p.i.ProjectInspector - WritePropertyFile.....................................NOT RUN         
19:45:57.132 [main] INFO  f.i.s.r.p.i.ProjectInspector - CommitProcessEnd......................................NOT RUN         
19:45:57.132 [main] INFO  f.i.s.r.p.i.ProjectInspector - PushProcessEnd........................................NOT RUN         
19:45:57.133 [main] INFO  f.i.s.r.p.i.ProjectInspector - ----------------------------------------------------------------------
19:45:57.133 [main] INFO  f.i.s.r.p.i.ProjectInspector - PIPELINE FINDING: BUILDNOTCHECKEDOUT
19:45:57.133 [main] INFO  f.i.s.r.p.i.ProjectInspector - ----------------------------------------------------------------------
19:45:57.133 [main] INFO  f.i.s.repairnator.pipeline.Launcher - Inspector is finished. The process will exit now.
