19:23:12.601 [main] INFO  f.i.s.repairnator.pipeline.Launcher - PIPELINE VERSION: 3.0-2018-08-09 19:04
19:23:12.708 [main] INFO  f.i.s.repairnator.pipeline.Launcher - The pipeline will try to reproduce a bug from build 343516106 and its corresponding patch from build 343531441
19:23:12.708 [main] INFO  f.i.s.repairnator.pipeline.Launcher - Initialize file serializer engines.
19:23:12.710 [main] INFO  f.i.s.repairnator.pipeline.Launcher - MongoDB won't be used for serialization.
19:23:12.710 [main] INFO  f.i.s.repairnator.pipeline.Launcher - The email notifier engine won't be used.
19:23:12.713 [main] INFO  f.i.s.repairnator.pipeline.Launcher - Start by getting the build (buildId: 343516106) with the following config: RepairnatorConfig{runId='f6547159-c29d-40d6-8a8e-3c2ad13c6286_02-18-week3-FAILING_AND_PASSING', launcherMode=BEARS, serializeJson=true, inputPath='null', outputPath='/var/log', mongodbHost='null', mongodbName='repairnator', smtpServer='null', notifyTo=[], notifyEndProcess=false, push=true, pushRemoteRepo='https://github.com/fermadeiral/bears-collection-fp', fork=false, lookFromDate=null, lookToDate=null, buildId=343516106, z3solverPath='./z3_for_linux', workspacePath='./workspace', githubToken='c8a341a903[...]', dockerImageName='null', skipDelete=false, createOutputDir=false, logDirectory='null', nbThreads=0, globalTimeout=0, whiteList=null, blackList=null, jobSleepTime=0, buildSleepTime=0, maxInspectedBuilds=0, duration=null, humanPatch=false, repository='null', clean=true, bearsMode=BOTH, bearsDelimiter = false, repairTools=NopolAllTests,NPEFix,AssertFixer,AstorJGenProg,AstorJKali,NopolSingleTest,AstorJMut,NopolTestExclusionStrategy, githubUserName= fermadeiral, githubUserEmail=fer.madeiral@gmail.com}
19:23:13.915 [main] DEBUG fr.inria.jtravis.helpers.BuildHelper - Get request to :https://api.travis-ci.org/build/343516106 done after 828 ms
19:23:14.190 [main] DEBUG fr.inria.jtravis.helpers.BuildHelper - Get request to :https://api.travis-ci.org/build/343531441 done after 137 ms
19:23:14.209 [main] INFO  f.i.s.repairnator.pipeline.Launcher - The patched build (343531441) was successfully retrieved from Travis.
19:23:15.249 [main] INFO  fr.inria.jtravis.JTravis - GitHub ratelimit: Limit: 5000 Remaining: 4711 Reset hour: 19:25:33
19:23:15.484 [main] INFO  f.i.s.r.p.i.ProjectInspector - ----------------------------------------------------------------------
19:23:15.484 [main] INFO  f.i.s.r.p.i.ProjectInspector - PIPELINE STEPS
19:23:15.484 [main] INFO  f.i.s.r.p.i.ProjectInspector - ----------------------------------------------------------------------
19:23:15.485 [main] INFO  f.i.s.r.p.i.ProjectInspector - CloneRepository
19:23:15.485 [main] INFO  f.i.s.r.p.i.ProjectInspector - CheckoutBuggyBuildCandidate
19:23:15.485 [main] INFO  f.i.s.r.p.i.ProjectInspector - ComputeSourceDir
19:23:15.485 [main] INFO  f.i.s.r.p.i.ProjectInspector - ComputeTestDir
19:23:15.485 [main] INFO  f.i.s.r.p.i.ProjectInspector - BuildProjectBuggyBuildCandidate
19:23:15.485 [main] INFO  f.i.s.r.p.i.ProjectInspector - TestProjectBuggyBuildCandidate
19:23:15.486 [main] INFO  f.i.s.r.p.i.ProjectInspector - GatherTestInformationBuggyBuildCandidate
19:23:15.486 [main] INFO  f.i.s.r.p.i.ProjectInspector - InitRepoToPush
19:23:15.486 [main] INFO  f.i.s.r.p.i.ProjectInspector - ComputeClasspath
19:23:15.486 [main] INFO  f.i.s.r.p.i.ProjectInspector - ComputeModules
19:23:15.486 [main] INFO  f.i.s.r.p.i.ProjectInspector - CheckoutPatchedBuildCandidate
19:23:15.486 [main] INFO  f.i.s.r.p.i.ProjectInspector - BuildProjectPatchedBuildCandidate
19:23:15.486 [main] INFO  f.i.s.r.p.i.ProjectInspector - TestProjectPatchedBuildCandidate
19:23:15.486 [main] INFO  f.i.s.r.p.i.ProjectInspector - GatherTestInformationPatchedBuildCandidate
19:23:15.487 [main] INFO  f.i.s.r.p.i.ProjectInspector - CommitPatch
19:23:15.487 [main] INFO  f.i.s.r.p.i.ProjectInspector - WritePropertyFile
19:23:15.487 [main] INFO  f.i.s.r.p.i.ProjectInspector - CommitProcessEnd
19:23:15.487 [main] INFO  f.i.s.r.p.i.ProjectInspector - PushProcessEnd
19:23:15.487 [main] DEBUG f.i.s.r.process.step.CloneRepository - ----------------------------------------------------------------------
19:23:15.488 [main] DEBUG f.i.s.r.process.step.CloneRepository - STEP 1/18: CloneRepository
19:23:15.488 [main] DEBUG f.i.s.r.process.step.CloneRepository - ----------------------------------------------------------------------
19:23:15.488 [main] DEBUG f.i.s.r.process.step.CloneRepository - Cloning repository batfish/batfish in the following directory: ./workspace/batfish/batfish/343516106
19:24:08.240 [main] DEBUG f.i.s.r.process.step.CloneRepository - STEP STATUS: [ CloneRepository : SUCCESS ]
19:24:08.240 [main] DEBUG f.i.s.r.process.step.CloneRepository - STEP DURATION: 52s
19:24:08.241 [main] DEBUG f.i.s.r.process.step.CloneRepository - EXECUTE NEXT STEP
19:24:08.241 [main] DEBUG f.i.s.r.p.s.c.CheckoutBuggyBuild - ----------------------------------------------------------------------
19:24:08.241 [main] DEBUG f.i.s.r.p.s.c.CheckoutBuggyBuild - STEP 2/18: CheckoutBuggyBuildCandidate
19:24:08.241 [main] DEBUG f.i.s.r.p.s.c.CheckoutBuggyBuild - ----------------------------------------------------------------------
19:24:08.241 [main] DEBUG f.i.s.r.p.s.c.CheckoutBuggyBuild - Checking out buggy build candidate...
19:24:08.258 [main] ERROR f.i.s.r.p.s.c.CheckoutBuggyBuild - Error while testing commit: org.eclipse.jgit.errors.MissingObjectException: Missing unknown 3b275f4e2b8b667b2474f28740448669598e392c
19:24:08.258 [main] ERROR f.i.s.r.p.s.c.CheckoutBuggyBuild - Error while getting the commit to checkout from the repo.
19:24:08.259 [main] DEBUG f.i.s.r.p.s.c.CheckoutBuggyBuild - STEP STATUS: [ CheckoutBuggyBuildCandidate : FAILURE ( BUILDNOTCHECKEDOUT ) ]
19:24:08.259 [main] DEBUG f.i.s.r.p.s.c.CheckoutBuggyBuild - STEP DURATION: 0s
19:24:08.259 [main] DEBUG f.i.s.r.p.s.c.CheckoutBuggyBuild - TERMINATE PIPELINE
19:24:08.259 [main] DEBUG f.i.s.r.p.s.c.CheckoutBuggyBuild - FINAL STEPS SKIPPED: The reproduction of the bug and/or the patch failed.
19:24:08.259 [main] INFO  f.i.s.r.p.s.c.CheckoutBuggyBuild - Serialize all data for the pair of builds 343516106, 343531441
19:24:08.631 [main] INFO  fr.inria.jtravis.JTravis - GitHub ratelimit: Limit: 5000 Remaining: 4684 Reset hour: 19:25:33
19:24:09.622 [main] INFO  f.i.s.r.p.i.ProjectInspector - ----------------------------------------------------------------------
19:24:09.622 [main] INFO  f.i.s.r.p.i.ProjectInspector - PIPELINE EXECUTION SUMMARY
19:24:09.622 [main] INFO  f.i.s.r.p.i.ProjectInspector - ----------------------------------------------------------------------
19:24:09.622 [main] INFO  f.i.s.r.p.i.ProjectInspector - CloneRepository.......................................SUCCESS [ 52 s ]
19:24:09.623 [main] INFO  f.i.s.r.p.i.ProjectInspector - CheckoutBuggyBuildCandidate...........................FAILURE [  0 s ]
19:24:09.623 [main] INFO  f.i.s.r.p.i.ProjectInspector - ComputeSourceDir......................................NOT RUN         
19:24:09.623 [main] INFO  f.i.s.r.p.i.ProjectInspector - ComputeTestDir........................................NOT RUN         
19:24:09.623 [main] INFO  f.i.s.r.p.i.ProjectInspector - BuildProjectBuggyBuildCandidate.......................NOT RUN         
19:24:09.623 [main] INFO  f.i.s.r.p.i.ProjectInspector - TestProjectBuggyBuildCandidate........................NOT RUN         
19:24:09.623 [main] INFO  f.i.s.r.p.i.ProjectInspector - GatherTestInformationBuggyBuildCandidate..............NOT RUN         
19:24:09.623 [main] INFO  f.i.s.r.p.i.ProjectInspector - InitRepoToPush........................................NOT RUN         
19:24:09.623 [main] INFO  f.i.s.r.p.i.ProjectInspector - ComputeClasspath......................................NOT RUN         
19:24:09.623 [main] INFO  f.i.s.r.p.i.ProjectInspector - ComputeModules........................................NOT RUN         
19:24:09.624 [main] INFO  f.i.s.r.p.i.ProjectInspector - CheckoutPatchedBuildCandidate.........................NOT RUN         
19:24:09.624 [main] INFO  f.i.s.r.p.i.ProjectInspector - BuildProjectPatchedBuildCandidate.....................NOT RUN         
19:24:09.624 [main] INFO  f.i.s.r.p.i.ProjectInspector - TestProjectPatchedBuildCandidate......................NOT RUN         
19:24:09.624 [main] INFO  f.i.s.r.p.i.ProjectInspector - GatherTestInformationPatchedBuildCandidate............NOT RUN         
19:24:09.624 [main] INFO  f.i.s.r.p.i.ProjectInspector - CommitPatch...........................................NOT RUN         
19:24:09.624 [main] INFO  f.i.s.r.p.i.ProjectInspector - WritePropertyFile.....................................NOT RUN         
19:24:09.624 [main] INFO  f.i.s.r.p.i.ProjectInspector - CommitProcessEnd......................................NOT RUN         
19:24:09.624 [main] INFO  f.i.s.r.p.i.ProjectInspector - PushProcessEnd........................................NOT RUN         
19:24:09.625 [main] INFO  f.i.s.r.p.i.ProjectInspector - ----------------------------------------------------------------------
19:24:09.625 [main] INFO  f.i.s.r.p.i.ProjectInspector - PIPELINE FINDING: BUILDNOTCHECKEDOUT
19:24:09.625 [main] INFO  f.i.s.r.p.i.ProjectInspector - ----------------------------------------------------------------------
19:24:09.625 [main] INFO  f.i.s.repairnator.pipeline.Launcher - Inspector is finished. The process will exit now.
