21:14:02.998 [main] INFO  f.i.s.repairnator.pipeline.Launcher - PIPELINE VERSION: 3.0-2018-08-09 19:04
21:14:03.196 [main] INFO  f.i.s.repairnator.pipeline.Launcher - The pipeline will try to reproduce a bug from build 344496133 and its corresponding patch from build 344509697
21:14:03.197 [main] INFO  f.i.s.repairnator.pipeline.Launcher - Initialize file serializer engines.
21:14:03.199 [main] INFO  f.i.s.repairnator.pipeline.Launcher - MongoDB won't be used for serialization.
21:14:03.199 [main] INFO  f.i.s.repairnator.pipeline.Launcher - The email notifier engine won't be used.
21:14:03.203 [main] INFO  f.i.s.repairnator.pipeline.Launcher - Start by getting the build (buildId: 344496133) with the following config: RepairnatorConfig{runId='f6547159-c29d-40d6-8a8e-3c2ad13c6286_02-18-week3-FAILING_AND_PASSING', launcherMode=BEARS, serializeJson=true, inputPath='null', outputPath='/var/log', mongodbHost='null', mongodbName='repairnator', smtpServer='null', notifyTo=[], notifyEndProcess=false, push=true, pushRemoteRepo='https://github.com/fermadeiral/bears-collection-fp', fork=false, lookFromDate=null, lookToDate=null, buildId=344496133, z3solverPath='./z3_for_linux', workspacePath='./workspace', githubToken='c8a341a903[...]', dockerImageName='null', skipDelete=false, createOutputDir=false, logDirectory='null', nbThreads=0, globalTimeout=0, whiteList=null, blackList=null, jobSleepTime=0, buildSleepTime=0, maxInspectedBuilds=0, duration=null, humanPatch=false, repository='null', clean=true, bearsMode=BOTH, bearsDelimiter = false, repairTools=NopolAllTests,NPEFix,AssertFixer,AstorJGenProg,AstorJKali,NopolSingleTest,AstorJMut,NopolTestExclusionStrategy, githubUserName= fermadeiral, githubUserEmail=fer.madeiral@gmail.com}
21:14:04.647 [main] DEBUG fr.inria.jtravis.helpers.BuildHelper - Get request to :https://api.travis-ci.org/build/344496133 done after 799 ms
21:14:04.880 [main] DEBUG fr.inria.jtravis.helpers.BuildHelper - Get request to :https://api.travis-ci.org/build/344509697 done after 134 ms
21:14:04.892 [main] INFO  f.i.s.repairnator.pipeline.Launcher - The patched build (344509697) was successfully retrieved from Travis.
21:14:06.384 [main] INFO  fr.inria.jtravis.JTravis - GitHub ratelimit: Limit: 5000 Remaining: 4919 Reset hour: 19:25:40
21:14:06.629 [main] INFO  f.i.s.r.p.i.ProjectInspector - ----------------------------------------------------------------------
21:14:06.629 [main] INFO  f.i.s.r.p.i.ProjectInspector - PIPELINE STEPS
21:14:06.629 [main] INFO  f.i.s.r.p.i.ProjectInspector - ----------------------------------------------------------------------
21:14:06.629 [main] INFO  f.i.s.r.p.i.ProjectInspector - CloneRepository
21:14:06.630 [main] INFO  f.i.s.r.p.i.ProjectInspector - CheckoutBuggyBuildCandidate
21:14:06.630 [main] INFO  f.i.s.r.p.i.ProjectInspector - ComputeSourceDir
21:14:06.630 [main] INFO  f.i.s.r.p.i.ProjectInspector - ComputeTestDir
21:14:06.630 [main] INFO  f.i.s.r.p.i.ProjectInspector - BuildProjectBuggyBuildCandidate
21:14:06.631 [main] INFO  f.i.s.r.p.i.ProjectInspector - TestProjectBuggyBuildCandidate
21:14:06.631 [main] INFO  f.i.s.r.p.i.ProjectInspector - GatherTestInformationBuggyBuildCandidate
21:14:06.631 [main] INFO  f.i.s.r.p.i.ProjectInspector - InitRepoToPush
21:14:06.631 [main] INFO  f.i.s.r.p.i.ProjectInspector - ComputeClasspath
21:14:06.631 [main] INFO  f.i.s.r.p.i.ProjectInspector - ComputeModules
21:14:06.631 [main] INFO  f.i.s.r.p.i.ProjectInspector - CheckoutPatchedBuildCandidate
21:14:06.631 [main] INFO  f.i.s.r.p.i.ProjectInspector - BuildProjectPatchedBuildCandidate
21:14:06.631 [main] INFO  f.i.s.r.p.i.ProjectInspector - TestProjectPatchedBuildCandidate
21:14:06.632 [main] INFO  f.i.s.r.p.i.ProjectInspector - GatherTestInformationPatchedBuildCandidate
21:14:06.632 [main] INFO  f.i.s.r.p.i.ProjectInspector - CommitPatch
21:14:06.632 [main] INFO  f.i.s.r.p.i.ProjectInspector - WritePropertyFile
21:14:06.632 [main] INFO  f.i.s.r.p.i.ProjectInspector - CommitProcessEnd
21:14:06.632 [main] INFO  f.i.s.r.p.i.ProjectInspector - PushProcessEnd
21:14:06.632 [main] DEBUG f.i.s.r.process.step.CloneRepository - ----------------------------------------------------------------------
21:14:06.633 [main] DEBUG f.i.s.r.process.step.CloneRepository - STEP 1/18: CloneRepository
21:14:06.634 [main] DEBUG f.i.s.r.process.step.CloneRepository - ----------------------------------------------------------------------
21:14:06.634 [main] DEBUG f.i.s.r.process.step.CloneRepository - Cloning repository StuPro-TOSCAna/TOSCAna in the following directory: ./workspace/StuPro-TOSCAna/TOSCAna/344496133
21:14:23.744 [main] DEBUG f.i.s.r.process.step.CloneRepository - STEP STATUS: [ CloneRepository : SUCCESS ]
21:14:23.744 [main] DEBUG f.i.s.r.process.step.CloneRepository - STEP DURATION: 17s
21:14:23.745 [main] DEBUG f.i.s.r.process.step.CloneRepository - EXECUTE NEXT STEP
21:14:23.745 [main] DEBUG f.i.s.r.p.s.c.CheckoutBuggyBuild - ----------------------------------------------------------------------
21:14:23.745 [main] DEBUG f.i.s.r.p.s.c.CheckoutBuggyBuild - STEP 2/18: CheckoutBuggyBuildCandidate
21:14:23.745 [main] DEBUG f.i.s.r.p.s.c.CheckoutBuggyBuild - ----------------------------------------------------------------------
21:14:23.745 [main] DEBUG f.i.s.r.p.s.c.CheckoutBuggyBuild - Checking out buggy build candidate...
21:14:23.754 [main] ERROR f.i.s.r.p.s.c.CheckoutBuggyBuild - Error while testing commit: org.eclipse.jgit.errors.MissingObjectException: Missing unknown 002f6a7aea6cf41087710c64303d97489d7dc06e
21:14:23.754 [main] ERROR f.i.s.r.p.s.c.CheckoutBuggyBuild - Error while getting the commit to checkout from the repo.
21:14:23.755 [main] DEBUG f.i.s.r.p.s.c.CheckoutBuggyBuild - STEP STATUS: [ CheckoutBuggyBuildCandidate : FAILURE ( BUILDNOTCHECKEDOUT ) ]
21:14:23.755 [main] DEBUG f.i.s.r.p.s.c.CheckoutBuggyBuild - STEP DURATION: 0s
21:14:23.755 [main] DEBUG f.i.s.r.p.s.c.CheckoutBuggyBuild - TERMINATE PIPELINE
21:14:23.756 [main] DEBUG f.i.s.r.p.s.c.CheckoutBuggyBuild - FINAL STEPS SKIPPED: The reproduction of the bug and/or the patch failed.
21:14:23.756 [main] INFO  f.i.s.r.p.s.c.CheckoutBuggyBuild - Serialize all data for the pair of builds 344496133, 344509697
21:14:24.079 [main] INFO  fr.inria.jtravis.JTravis - GitHub ratelimit: Limit: 5000 Remaining: 4915 Reset hour: 19:25:40
21:14:24.738 [main] INFO  f.i.s.r.p.i.ProjectInspector - ----------------------------------------------------------------------
21:14:24.738 [main] INFO  f.i.s.r.p.i.ProjectInspector - PIPELINE EXECUTION SUMMARY
21:14:24.738 [main] INFO  f.i.s.r.p.i.ProjectInspector - ----------------------------------------------------------------------
21:14:24.739 [main] INFO  f.i.s.r.p.i.ProjectInspector - CloneRepository.......................................SUCCESS [ 17 s ]
21:14:24.739 [main] INFO  f.i.s.r.p.i.ProjectInspector - CheckoutBuggyBuildCandidate...........................FAILURE [  0 s ]
21:14:24.741 [main] INFO  f.i.s.r.p.i.ProjectInspector - ComputeSourceDir......................................NOT RUN         
21:14:24.741 [main] INFO  f.i.s.r.p.i.ProjectInspector - ComputeTestDir........................................NOT RUN         
21:14:24.741 [main] INFO  f.i.s.r.p.i.ProjectInspector - BuildProjectBuggyBuildCandidate.......................NOT RUN         
21:14:24.742 [main] INFO  f.i.s.r.p.i.ProjectInspector - TestProjectBuggyBuildCandidate........................NOT RUN         
21:14:24.742 [main] INFO  f.i.s.r.p.i.ProjectInspector - GatherTestInformationBuggyBuildCandidate..............NOT RUN         
21:14:24.743 [main] INFO  f.i.s.r.p.i.ProjectInspector - InitRepoToPush........................................NOT RUN         
21:14:24.743 [main] INFO  f.i.s.r.p.i.ProjectInspector - ComputeClasspath......................................NOT RUN         
21:14:24.744 [main] INFO  f.i.s.r.p.i.ProjectInspector - ComputeModules........................................NOT RUN         
21:14:24.744 [main] INFO  f.i.s.r.p.i.ProjectInspector - CheckoutPatchedBuildCandidate.........................NOT RUN         
21:14:24.744 [main] INFO  f.i.s.r.p.i.ProjectInspector - BuildProjectPatchedBuildCandidate.....................NOT RUN         
21:14:24.745 [main] INFO  f.i.s.r.p.i.ProjectInspector - TestProjectPatchedBuildCandidate......................NOT RUN         
21:14:24.745 [main] INFO  f.i.s.r.p.i.ProjectInspector - GatherTestInformationPatchedBuildCandidate............NOT RUN         
21:14:24.745 [main] INFO  f.i.s.r.p.i.ProjectInspector - CommitPatch...........................................NOT RUN         
21:14:24.746 [main] INFO  f.i.s.r.p.i.ProjectInspector - WritePropertyFile.....................................NOT RUN         
21:14:24.746 [main] INFO  f.i.s.r.p.i.ProjectInspector - CommitProcessEnd......................................NOT RUN         
21:14:24.747 [main] INFO  f.i.s.r.p.i.ProjectInspector - PushProcessEnd........................................NOT RUN         
21:14:24.747 [main] INFO  f.i.s.r.p.i.ProjectInspector - ----------------------------------------------------------------------
21:14:24.748 [main] INFO  f.i.s.r.p.i.ProjectInspector - PIPELINE FINDING: BUILDNOTCHECKEDOUT
21:14:24.748 [main] INFO  f.i.s.r.p.i.ProjectInspector - ----------------------------------------------------------------------
21:14:24.748 [main] INFO  f.i.s.repairnator.pipeline.Launcher - Inspector is finished. The process will exit now.
