19:40:48.221 [main] INFO  f.i.s.repairnator.pipeline.Launcher - PIPELINE VERSION: 3.0-2018-08-09 19:04
19:40:48.401 [main] INFO  f.i.s.repairnator.pipeline.Launcher - The pipeline will try to reproduce a bug from build 339322799 and its corresponding patch from build 344176281
19:40:48.402 [main] INFO  f.i.s.repairnator.pipeline.Launcher - Initialize file serializer engines.
19:40:48.403 [main] INFO  f.i.s.repairnator.pipeline.Launcher - MongoDB won't be used for serialization.
19:40:48.404 [main] INFO  f.i.s.repairnator.pipeline.Launcher - The email notifier engine won't be used.
19:40:48.411 [main] INFO  f.i.s.repairnator.pipeline.Launcher - Start by getting the build (buildId: 339322799) with the following config: RepairnatorConfig{runId='f6547159-c29d-40d6-8a8e-3c2ad13c6286_02-18-week3-FAILING_AND_PASSING', launcherMode=BEARS, serializeJson=true, inputPath='null', outputPath='/var/log', mongodbHost='null', mongodbName='repairnator', smtpServer='null', notifyTo=[], notifyEndProcess=false, push=true, pushRemoteRepo='https://github.com/fermadeiral/bears-collection-fp', fork=false, lookFromDate=null, lookToDate=null, buildId=339322799, z3solverPath='./z3_for_linux', workspacePath='./workspace', githubToken='c8a341a903[...]', dockerImageName='null', skipDelete=false, createOutputDir=false, logDirectory='null', nbThreads=0, globalTimeout=0, whiteList=null, blackList=null, jobSleepTime=0, buildSleepTime=0, maxInspectedBuilds=0, duration=null, humanPatch=false, repository='null', clean=true, bearsMode=BOTH, bearsDelimiter = false, repairTools=NopolAllTests,NPEFix,AssertFixer,AstorJGenProg,AstorJKali,NopolSingleTest,AstorJMut,NopolTestExclusionStrategy, githubUserName= fermadeiral, githubUserEmail=fer.madeiral@gmail.com}
19:40:49.739 [main] DEBUG fr.inria.jtravis.helpers.BuildHelper - Get request to :https://api.travis-ci.org/build/339322799 done after 786 ms
19:40:50.019 [main] DEBUG fr.inria.jtravis.helpers.BuildHelper - Get request to :https://api.travis-ci.org/build/344176281 done after 137 ms
19:40:50.043 [main] INFO  f.i.s.repairnator.pipeline.Launcher - The patched build (344176281) was successfully retrieved from Travis.
19:40:51.545 [main] INFO  fr.inria.jtravis.JTravis - GitHub ratelimit: Limit: 5000 Remaining: 4346 Reset hour: 19:25:33
19:40:51.828 [main] INFO  f.i.s.r.p.i.ProjectInspector - ----------------------------------------------------------------------
19:40:51.829 [main] INFO  f.i.s.r.p.i.ProjectInspector - PIPELINE STEPS
19:40:51.829 [main] INFO  f.i.s.r.p.i.ProjectInspector - ----------------------------------------------------------------------
19:40:51.829 [main] INFO  f.i.s.r.p.i.ProjectInspector - CloneRepository
19:40:51.829 [main] INFO  f.i.s.r.p.i.ProjectInspector - CheckoutBuggyBuildCandidate
19:40:51.830 [main] INFO  f.i.s.r.p.i.ProjectInspector - ComputeSourceDir
19:40:51.830 [main] INFO  f.i.s.r.p.i.ProjectInspector - ComputeTestDir
19:40:51.830 [main] INFO  f.i.s.r.p.i.ProjectInspector - BuildProjectBuggyBuildCandidate
19:40:51.830 [main] INFO  f.i.s.r.p.i.ProjectInspector - TestProjectBuggyBuildCandidate
19:40:51.831 [main] INFO  f.i.s.r.p.i.ProjectInspector - GatherTestInformationBuggyBuildCandidate
19:40:51.831 [main] INFO  f.i.s.r.p.i.ProjectInspector - InitRepoToPush
19:40:51.831 [main] INFO  f.i.s.r.p.i.ProjectInspector - ComputeClasspath
19:40:51.832 [main] INFO  f.i.s.r.p.i.ProjectInspector - ComputeModules
19:40:51.832 [main] INFO  f.i.s.r.p.i.ProjectInspector - CheckoutPatchedBuildCandidate
19:40:51.832 [main] INFO  f.i.s.r.p.i.ProjectInspector - BuildProjectPatchedBuildCandidate
19:40:51.832 [main] INFO  f.i.s.r.p.i.ProjectInspector - TestProjectPatchedBuildCandidate
19:40:51.833 [main] INFO  f.i.s.r.p.i.ProjectInspector - GatherTestInformationPatchedBuildCandidate
19:40:51.833 [main] INFO  f.i.s.r.p.i.ProjectInspector - CommitPatch
19:40:51.834 [main] INFO  f.i.s.r.p.i.ProjectInspector - WritePropertyFile
19:40:51.834 [main] INFO  f.i.s.r.p.i.ProjectInspector - CommitProcessEnd
19:40:51.834 [main] INFO  f.i.s.r.p.i.ProjectInspector - PushProcessEnd
19:40:51.835 [main] DEBUG f.i.s.r.process.step.CloneRepository - ----------------------------------------------------------------------
19:40:51.835 [main] DEBUG f.i.s.r.process.step.CloneRepository - STEP 1/18: CloneRepository
19:40:51.836 [main] DEBUG f.i.s.r.process.step.CloneRepository - ----------------------------------------------------------------------
19:40:51.838 [main] DEBUG f.i.s.r.process.step.CloneRepository - Cloning repository terasolunaorg/tutorial-apps in the following directory: ./workspace/terasolunaorg/tutorial-apps/339322799
19:40:56.129 [main] DEBUG f.i.s.r.process.step.CloneRepository - STEP STATUS: [ CloneRepository : SUCCESS ]
19:40:56.129 [main] DEBUG f.i.s.r.process.step.CloneRepository - STEP DURATION: 4s
19:40:56.130 [main] DEBUG f.i.s.r.process.step.CloneRepository - EXECUTE NEXT STEP
19:40:56.130 [main] DEBUG f.i.s.r.p.s.c.CheckoutBuggyBuild - ----------------------------------------------------------------------
19:40:56.130 [main] DEBUG f.i.s.r.p.s.c.CheckoutBuggyBuild - STEP 2/18: CheckoutBuggyBuildCandidate
19:40:56.131 [main] DEBUG f.i.s.r.p.s.c.CheckoutBuggyBuild - ----------------------------------------------------------------------
19:40:56.131 [main] DEBUG f.i.s.r.p.s.c.CheckoutBuggyBuild - Checking out buggy build candidate...
19:40:56.141 [main] DEBUG f.i.s.r.p.s.c.CheckoutBuggyBuild - Get commit 1c4a5f7b002953521035029fb7e6f2ce2e552beb for repo terasolunaorg/tutorial-apps
19:40:56.444 [main] INFO  f.i.s.r.process.git.GitHelper - Init git submodules.
19:40:56.504 [main] DEBUG f.i.s.r.p.s.c.CheckoutBuggyBuild - STEP STATUS: [ CheckoutBuggyBuildCandidate : SUCCESS ]
19:40:56.505 [main] DEBUG f.i.s.r.p.s.c.CheckoutBuggyBuild - STEP DURATION: 0s
19:40:56.505 [main] DEBUG f.i.s.r.p.s.c.CheckoutBuggyBuild - EXECUTE NEXT STEP
19:40:56.505 [main] DEBUG f.i.s.r.p.s.paths.ComputeSourceDir - ----------------------------------------------------------------------
19:40:56.505 [main] DEBUG f.i.s.r.p.s.paths.ComputeSourceDir - STEP 3/18: ComputeSourceDir
19:40:56.505 [main] DEBUG f.i.s.r.p.s.paths.ComputeSourceDir - ----------------------------------------------------------------------
19:40:56.506 [main] DEBUG f.i.s.r.p.s.paths.ComputeSourceDir - Computing the source directory ...
19:40:56.507 [main] DEBUG f.i.s.r.p.s.paths.ComputeSourceDir - The default source directory (/root/workspace/terasolunaorg/tutorial-apps/339322799/src/main/java) does not exist. Try to read pom.xml to get information.
19:40:56.661 [main] DEBUG f.i.s.r.p.s.paths.ComputeSourceDir - The source directory given in pom.xml (/root/workspace/terasolunaorg/tutorial-apps/339322799/src/main/java) does not exist. Continue to try to get source dir from all modules.
19:40:56.661 [main] ERROR f.i.s.r.p.s.paths.ComputeSourceDir - The source directory is not at default location or specified in build section from pom.xml, and no parent can be found.
19:40:56.662 [main] ERROR f.i.s.r.p.s.paths.ComputeSourceDir - Fail to find source directories.
19:40:56.663 [main] DEBUG f.i.s.r.p.s.paths.ComputeSourceDir - STEP STATUS: [ ComputeSourceDir : FAILURE ( SOURCEDIRNOTCOMPUTED ) ]
19:40:56.663 [main] DEBUG f.i.s.r.p.s.paths.ComputeSourceDir - STEP DURATION: 0s
19:40:56.663 [main] DEBUG f.i.s.r.p.s.paths.ComputeSourceDir - EXECUTE NEXT STEP
19:40:56.664 [main] DEBUG f.i.s.r.p.step.paths.ComputeTestDir - ----------------------------------------------------------------------
19:40:56.664 [main] DEBUG f.i.s.r.p.step.paths.ComputeTestDir - STEP 4/18: ComputeTestDir
19:40:56.664 [main] DEBUG f.i.s.r.p.step.paths.ComputeTestDir - ----------------------------------------------------------------------
19:40:56.664 [main] DEBUG f.i.s.r.p.step.paths.ComputeTestDir - Computing the test directory ...
19:40:56.665 [main] DEBUG f.i.s.r.p.step.paths.ComputeTestDir - The default test directory (/root/workspace/terasolunaorg/tutorial-apps/339322799/src/test/java) does not exist. Try to read pom.xml to get information.
19:40:56.673 [main] DEBUG f.i.s.r.p.step.paths.ComputeTestDir - The test directory given in pom.xml (/root/workspace/terasolunaorg/tutorial-apps/339322799/src/test/java) does not exist. Continue to try to get test dir from all modules.
19:40:56.673 [main] ERROR f.i.s.r.p.step.paths.ComputeTestDir - The test directory is not at default location or specified in build section from pom.xml, and no parent can be found.
19:40:56.674 [main] ERROR f.i.s.r.p.step.paths.ComputeTestDir - Fail to find test directories.
19:40:56.674 [main] DEBUG f.i.s.r.p.step.paths.ComputeTestDir - STEP STATUS: [ ComputeTestDir : FAILURE ( TESTDIRNOTCOMPUTED ) ]
19:40:56.674 [main] DEBUG f.i.s.r.p.step.paths.ComputeTestDir - STEP DURATION: 0s
19:40:56.674 [main] DEBUG f.i.s.r.p.step.paths.ComputeTestDir - EXECUTE NEXT STEP
19:40:56.675 [main] DEBUG f.i.s.r.process.step.BuildProject - ----------------------------------------------------------------------
19:40:56.675 [main] DEBUG f.i.s.r.process.step.BuildProject - STEP 5/18: BuildProjectBuggyBuildCandidate
19:40:56.675 [main] DEBUG f.i.s.r.process.step.BuildProject - ----------------------------------------------------------------------
19:40:56.675 [main] DEBUG f.i.s.r.process.step.BuildProject - Building project by installing artifacts with maven (skip test execution)...
19:41:01.100 [Thread-5] DEBUG f.i.s.r.p.m.o.MavenFilterOutputHandler - [INFO] Scanning for projects...
19:41:01.295 [Thread-5] DEBUG f.i.s.r.p.m.o.MavenFilterOutputHandler - [INFO]                                                                         
19:41:01.296 [Thread-5] DEBUG f.i.s.r.p.m.o.MavenFilterOutputHandler - [INFO] ------------------------------------------------------------------------
19:41:01.297 [Thread-5] DEBUG f.i.s.r.p.m.o.MavenFilterOutputHandler - [INFO] Building TERASOLUNA Server Framework for Java (5.x) - Tutorial Applications 5.1.2-SNAPSHOT
19:41:01.297 [Thread-5] DEBUG f.i.s.r.p.m.o.MavenFilterOutputHandler - [INFO] ------------------------------------------------------------------------
19:41:02.289 [Thread-5] DEBUG f.i.s.r.p.m.o.MavenFilterOutputHandler - [INFO] Downloading: https://repo.maven.apache.org/maven2/org/apache/maven/plugins/maven-install-plugin/2.4/maven-install-plugin-2.4.pom
19:41:02.926 [Thread-5] DEBUG f.i.s.r.p.m.o.MavenFilterOutputHandler - [INFO] Downloaded: https://repo.maven.apache.org/maven2/org/apache/maven/plugins/maven-install-plugin/2.4/maven-install-plugin-2.4.pom (7 KB at 9.6 KB/sec)
19:41:02.962 [Thread-5] DEBUG f.i.s.r.p.m.o.MavenFilterOutputHandler - [INFO] Downloading: https://repo.maven.apache.org/maven2/org/apache/maven/plugins/maven-plugins/23/maven-plugins-23.pom
19:41:03.000 [Thread-5] DEBUG f.i.s.r.p.m.o.MavenFilterOutputHandler - [INFO] Downloaded: https://repo.maven.apache.org/maven2/org/apache/maven/plugins/maven-plugins/23/maven-plugins-23.pom (9 KB at 236.4 KB/sec)
19:41:03.017 [Thread-5] DEBUG f.i.s.r.p.m.o.MavenFilterOutputHandler - [INFO] Downloading: https://repo.maven.apache.org/maven2/org/apache/maven/maven-parent/22/maven-parent-22.pom
19:41:03.057 [Thread-5] DEBUG f.i.s.r.p.m.o.MavenFilterOutputHandler - [INFO] Downloaded: https://repo.maven.apache.org/maven2/org/apache/maven/maven-parent/22/maven-parent-22.pom (30 KB at 744.8 KB/sec)
19:41:03.090 [Thread-5] DEBUG f.i.s.r.p.m.o.MavenFilterOutputHandler - [INFO] Downloading: https://repo.maven.apache.org/maven2/org/apache/apache/11/apache-11.pom
19:41:03.117 [Thread-5] DEBUG f.i.s.r.p.m.o.MavenFilterOutputHandler - [INFO] Downloaded: https://repo.maven.apache.org/maven2/org/apache/apache/11/apache-11.pom (15 KB at 516.6 KB/sec)
19:41:03.162 [Thread-5] DEBUG f.i.s.r.p.m.o.MavenFilterOutputHandler - [INFO] Downloading: https://repo.maven.apache.org/maven2/org/apache/maven/plugins/maven-install-plugin/2.4/maven-install-plugin-2.4.jar
19:41:03.197 [Thread-5] DEBUG f.i.s.r.p.m.o.MavenFilterOutputHandler - [INFO] Downloaded: https://repo.maven.apache.org/maven2/org/apache/maven/plugins/maven-install-plugin/2.4/maven-install-plugin-2.4.jar (27 KB at 752.0 KB/sec)
19:41:03.232 [Thread-5] DEBUG f.i.s.r.p.m.o.MavenFilterOutputHandler - [INFO] 
19:41:03.233 [Thread-5] DEBUG f.i.s.r.p.m.o.MavenFilterOutputHandler - [INFO] --- maven-install-plugin:2.4:install (default-install) @ tutorial-apps ---
19:41:03.278 [Thread-5] DEBUG f.i.s.r.p.m.o.MavenFilterOutputHandler - [INFO] Downloading: https://repo.maven.apache.org/maven2/org/apache/maven/maven-plugin-api/2.0.6/maven-plugin-api-2.0.6.pom
19:41:03.303 [Thread-5] DEBUG f.i.s.r.p.m.o.MavenFilterOutputHandler - [INFO] Downloaded: https://repo.maven.apache.org/maven2/org/apache/maven/maven-plugin-api/2.0.6/maven-plugin-api-2.0.6.pom (2 KB at 59.2 KB/sec)
19:41:03.309 [Thread-5] DEBUG f.i.s.r.p.m.o.MavenFilterOutputHandler - [INFO] Downloading: https://repo.maven.apache.org/maven2/org/apache/maven/maven/2.0.6/maven-2.0.6.pom
19:41:03.340 [Thread-5] DEBUG f.i.s.r.p.m.o.MavenFilterOutputHandler - [INFO] Downloaded: https://repo.maven.apache.org/maven2/org/apache/maven/maven/2.0.6/maven-2.0.6.pom (9 KB at 276.1 KB/sec)
19:41:03.347 [Thread-5] DEBUG f.i.s.r.p.m.o.MavenFilterOutputHandler - [INFO] Downloading: https://repo.maven.apache.org/maven2/org/apache/maven/maven-parent/5/maven-parent-5.pom
19:41:03.401 [Thread-5] DEBUG f.i.s.r.p.m.o.MavenFilterOutputHandler - [INFO] Downloaded: https://repo.maven.apache.org/maven2/org/apache/maven/maven-parent/5/maven-parent-5.pom (15 KB at 280.8 KB/sec)
19:41:03.408 [Thread-5] DEBUG f.i.s.r.p.m.o.MavenFilterOutputHandler - [INFO] Downloading: https://repo.maven.apache.org/maven2/org/apache/apache/3/apache-3.pom
19:41:03.435 [Thread-5] DEBUG f.i.s.r.p.m.o.MavenFilterOutputHandler - [INFO] Downloaded: https://repo.maven.apache.org/maven2/org/apache/apache/3/apache-3.pom (4 KB at 124.1 KB/sec)
19:41:03.452 [Thread-5] DEBUG f.i.s.r.p.m.o.MavenFilterOutputHandler - [INFO] Downloading: https://repo.maven.apache.org/maven2/org/apache/maven/maven-project/2.0.6/maven-project-2.0.6.pom
19:41:03.475 [Thread-5] DEBUG f.i.s.r.p.m.o.MavenFilterOutputHandler - [INFO] Downloaded: https://repo.maven.apache.org/maven2/org/apache/maven/maven-project/2.0.6/maven-project-2.0.6.pom (3 KB at 107.3 KB/sec)
19:41:03.488 [Thread-5] DEBUG f.i.s.r.p.m.o.MavenFilterOutputHandler - [INFO] Downloading: https://repo.maven.apache.org/maven2/org/apache/maven/maven-settings/2.0.6/maven-settings-2.0.6.pom
19:41:03.518 [Thread-5] DEBUG f.i.s.r.p.m.o.MavenFilterOutputHandler - [INFO] Downloaded: https://repo.maven.apache.org/maven2/org/apache/maven/maven-settings/2.0.6/maven-settings-2.0.6.pom (2 KB at 65.1 KB/sec)
19:41:03.532 [Thread-5] DEBUG f.i.s.r.p.m.o.MavenFilterOutputHandler - [INFO] Downloading: https://repo.maven.apache.org/maven2/org/apache/maven/maven-model/2.0.6/maven-model-2.0.6.pom
19:41:03.558 [Thread-5] DEBUG f.i.s.r.p.m.o.MavenFilterOutputHandler - [INFO] Downloaded: https://repo.maven.apache.org/maven2/org/apache/maven/maven-model/2.0.6/maven-model-2.0.6.pom (3 KB at 114.4 KB/sec)
19:41:03.576 [Thread-5] DEBUG f.i.s.r.p.m.o.MavenFilterOutputHandler - [INFO] Downloading: https://repo.maven.apache.org/maven2/org/codehaus/plexus/plexus-utils/1.4.1/plexus-utils-1.4.1.pom
19:41:03.603 [Thread-5] DEBUG f.i.s.r.p.m.o.MavenFilterOutputHandler - [INFO] Downloaded: https://repo.maven.apache.org/maven2/org/codehaus/plexus/plexus-utils/1.4.1/plexus-utils-1.4.1.pom (2 KB at 66.6 KB/sec)
19:41:03.609 [Thread-5] DEBUG f.i.s.r.p.m.o.MavenFilterOutputHandler - [INFO] Downloading: https://repo.maven.apache.org/maven2/org/codehaus/plexus/plexus/1.0.11/plexus-1.0.11.pom
19:41:03.633 [Thread-5] DEBUG f.i.s.r.p.m.o.MavenFilterOutputHandler - [INFO] Downloaded: https://repo.maven.apache.org/maven2/org/codehaus/plexus/plexus/1.0.11/plexus-1.0.11.pom (9 KB at 364.9 KB/sec)
19:41:03.648 [Thread-5] DEBUG f.i.s.r.p.m.o.MavenFilterOutputHandler - [INFO] Downloading: https://repo.maven.apache.org/maven2/org/codehaus/plexus/plexus-container-default/1.0-alpha-9-stable-1/plexus-container-default-1.0-alpha-9-stable-1.pom
19:41:03.673 [Thread-5] DEBUG f.i.s.r.p.m.o.MavenFilterOutputHandler - [INFO] Downloaded: https://repo.maven.apache.org/maven2/org/codehaus/plexus/plexus-container-default/1.0-alpha-9-stable-1/plexus-container-default-1.0-alpha-9-stable-1.pom (4 KB at 148.3 KB/sec)
19:41:03.683 [Thread-5] DEBUG f.i.s.r.p.m.o.MavenFilterOutputHandler - [INFO] Downloading: https://repo.maven.apache.org/maven2/org/codehaus/plexus/plexus-containers/1.0.3/plexus-containers-1.0.3.pom
19:41:03.708 [Thread-5] DEBUG f.i.s.r.p.m.o.MavenFilterOutputHandler - [INFO] Downloaded: https://repo.maven.apache.org/maven2/org/codehaus/plexus/plexus-containers/1.0.3/plexus-containers-1.0.3.pom (492 B at 19.2 KB/sec)
19:41:03.713 [Thread-5] DEBUG f.i.s.r.p.m.o.MavenFilterOutputHandler - [INFO] Downloading: https://repo.maven.apache.org/maven2/org/codehaus/plexus/plexus/1.0.4/plexus-1.0.4.pom
19:41:03.736 [Thread-5] DEBUG f.i.s.r.p.m.o.MavenFilterOutputHandler - [INFO] Downloaded: https://repo.maven.apache.org/maven2/org/codehaus/plexus/plexus/1.0.4/plexus-1.0.4.pom (6 KB at 243.6 KB/sec)
19:41:03.758 [Thread-5] DEBUG f.i.s.r.p.m.o.MavenFilterOutputHandler - [INFO] Downloading: https://repo.maven.apache.org/maven2/junit/junit/3.8.1/junit-3.8.1.pom
19:41:03.780 [Thread-5] DEBUG f.i.s.r.p.m.o.MavenFilterOutputHandler - [INFO] Downloaded: https://repo.maven.apache.org/maven2/junit/junit/3.8.1/junit-3.8.1.pom (998 B at 44.3 KB/sec)
19:41:03.786 [Thread-5] DEBUG f.i.s.r.p.m.o.MavenFilterOutputHandler - [INFO] Downloading: https://repo.maven.apache.org/maven2/org/codehaus/plexus/plexus-utils/1.0.4/plexus-utils-1.0.4.pom
19:41:03.806 [Thread-5] DEBUG f.i.s.r.p.m.o.MavenFilterOutputHandler - [INFO] Downloaded: https://repo.maven.apache.org/maven2/org/codehaus/plexus/plexus-utils/1.0.4/plexus-utils-1.0.4.pom (7 KB at 334.8 KB/sec)
19:41:03.812 [Thread-5] DEBUG f.i.s.r.p.m.o.MavenFilterOutputHandler - [INFO] Downloading: https://repo.maven.apache.org/maven2/classworlds/classworlds/1.1-alpha-2/classworlds-1.1-alpha-2.pom
19:41:03.830 [Thread-5] DEBUG f.i.s.r.p.m.o.MavenFilterOutputHandler - [INFO] Downloaded: https://repo.maven.apache.org/maven2/classworlds/classworlds/1.1-alpha-2/classworlds-1.1-alpha-2.pom (4 KB at 160.8 KB/sec)
19:41:03.895 [Thread-5] DEBUG f.i.s.r.p.m.o.MavenFilterOutputHandler - [INFO] Downloading: https://repo.maven.apache.org/maven2/org/apache/maven/maven-profile/2.0.6/maven-profile-2.0.6.pom
19:41:03.915 [Thread-5] DEBUG f.i.s.r.p.m.o.MavenFilterOutputHandler - [INFO] Downloaded: https://repo.maven.apache.org/maven2/org/apache/maven/maven-profile/2.0.6/maven-profile-2.0.6.pom (2 KB at 101.8 KB/sec)
19:41:03.932 [Thread-5] DEBUG f.i.s.r.p.m.o.MavenFilterOutputHandler - [INFO] Downloading: https://repo.maven.apache.org/maven2/org/apache/maven/maven-artifact-manager/2.0.6/maven-artifact-manager-2.0.6.pom
19:41:03.950 [Thread-5] DEBUG f.i.s.r.p.m.o.MavenFilterOutputHandler - [INFO] Downloaded: https://repo.maven.apache.org/maven2/org/apache/maven/maven-artifact-manager/2.0.6/maven-artifact-manager-2.0.6.pom (3 KB at 134.8 KB/sec)
19:41:03.959 [Thread-5] DEBUG f.i.s.r.p.m.o.MavenFilterOutputHandler - [INFO] Downloading: https://repo.maven.apache.org/maven2/org/apache/maven/maven-repository-metadata/2.0.6/maven-repository-metadata-2.0.6.pom
19:41:03.976 [Thread-5] DEBUG f.i.s.r.p.m.o.MavenFilterOutputHandler - [INFO] Downloaded: https://repo.maven.apache.org/maven2/org/apache/maven/maven-repository-metadata/2.0.6/maven-repository-metadata-2.0.6.pom (2 KB at 100.4 KB/sec)
19:41:03.984 [Thread-5] DEBUG f.i.s.r.p.m.o.MavenFilterOutputHandler - [INFO] Downloading: https://repo.maven.apache.org/maven2/org/apache/maven/maven-artifact/2.0.6/maven-artifact-2.0.6.pom
19:41:04.001 [Thread-5] DEBUG f.i.s.r.p.m.o.MavenFilterOutputHandler - [INFO] Downloaded: https://repo.maven.apache.org/maven2/org/apache/maven/maven-artifact/2.0.6/maven-artifact-2.0.6.pom (2 KB at 85.6 KB/sec)
19:41:04.009 [Thread-5] DEBUG f.i.s.r.p.m.o.MavenFilterOutputHandler - [INFO] Downloading: https://repo.maven.apache.org/maven2/org/apache/maven/maven-plugin-registry/2.0.6/maven-plugin-registry-2.0.6.pom
19:41:04.027 [Thread-5] DEBUG f.i.s.r.p.m.o.MavenFilterOutputHandler - [INFO] Downloaded: https://repo.maven.apache.org/maven2/org/apache/maven/maven-plugin-registry/2.0.6/maven-plugin-registry-2.0.6.pom (2 KB at 105.6 KB/sec)
19:41:04.036 [Thread-5] DEBUG f.i.s.r.p.m.o.MavenFilterOutputHandler - [INFO] Downloading: https://repo.maven.apache.org/maven2/org/codehaus/plexus/plexus-utils/3.0.5/plexus-utils-3.0.5.pom
19:41:04.053 [Thread-5] DEBUG f.i.s.r.p.m.o.MavenFilterOutputHandler - [INFO] Downloaded: https://repo.maven.apache.org/maven2/org/codehaus/plexus/plexus-utils/3.0.5/plexus-utils-3.0.5.pom (3 KB at 136.3 KB/sec)
19:41:04.057 [Thread-5] DEBUG f.i.s.r.p.m.o.MavenFilterOutputHandler - [INFO] Downloading: https://repo.maven.apache.org/maven2/org/codehaus/plexus/plexus/3.1/plexus-3.1.pom
19:41:04.080 [Thread-5] DEBUG f.i.s.r.p.m.o.MavenFilterOutputHandler - [INFO] Downloaded: https://repo.maven.apache.org/maven2/org/codehaus/plexus/plexus/3.1/plexus-3.1.pom (19 KB at 790.4 KB/sec)
19:41:04.084 [Thread-5] DEBUG f.i.s.r.p.m.o.MavenFilterOutputHandler - [INFO] Downloading: https://repo.maven.apache.org/maven2/org/sonatype/spice/spice-parent/17/spice-parent-17.pom
19:41:04.103 [Thread-5] DEBUG f.i.s.r.p.m.o.MavenFilterOutputHandler - [INFO] Downloaded: https://repo.maven.apache.org/maven2/org/sonatype/spice/spice-parent/17/spice-parent-17.pom (7 KB at 347.4 KB/sec)
19:41:04.108 [Thread-5] DEBUG f.i.s.r.p.m.o.MavenFilterOutputHandler - [INFO] Downloading: https://repo.maven.apache.org/maven2/org/sonatype/forge/forge-parent/10/forge-parent-10.pom
19:41:04.128 [Thread-5] DEBUG f.i.s.r.p.m.o.MavenFilterOutputHandler - [INFO] Downloaded: https://repo.maven.apache.org/maven2/org/sonatype/forge/forge-parent/10/forge-parent-10.pom (14 KB at 601.9 KB/sec)
19:41:04.136 [Thread-5] DEBUG f.i.s.r.p.m.o.MavenFilterOutputHandler - [INFO] Downloading: https://repo.maven.apache.org/maven2/org/codehaus/plexus/plexus-digest/1.0/plexus-digest-1.0.pom
19:41:04.152 [Thread-5] DEBUG f.i.s.r.p.m.o.MavenFilterOutputHandler - [INFO] Downloaded: https://repo.maven.apache.org/maven2/org/codehaus/plexus/plexus-digest/1.0/plexus-digest-1.0.pom (2 KB at 60.8 KB/sec)
19:41:04.156 [Thread-5] DEBUG f.i.s.r.p.m.o.MavenFilterOutputHandler - [INFO] Downloading: https://repo.maven.apache.org/maven2/org/codehaus/plexus/plexus-components/1.1.7/plexus-components-1.1.7.pom
19:41:04.180 [Thread-5] DEBUG f.i.s.r.p.m.o.MavenFilterOutputHandler - [INFO] Downloaded: https://repo.maven.apache.org/maven2/org/codehaus/plexus/plexus-components/1.1.7/plexus-components-1.1.7.pom (5 KB at 211.2 KB/sec)
19:41:04.183 [Thread-5] DEBUG f.i.s.r.p.m.o.MavenFilterOutputHandler - [INFO] Downloading: https://repo.maven.apache.org/maven2/org/codehaus/plexus/plexus/1.0.8/plexus-1.0.8.pom
19:41:04.200 [Thread-5] DEBUG f.i.s.r.p.m.o.MavenFilterOutputHandler - [INFO] Downloaded: https://repo.maven.apache.org/maven2/org/codehaus/plexus/plexus/1.0.8/plexus-1.0.8.pom (8 KB at 415.3 KB/sec)
19:41:04.206 [Thread-5] DEBUG f.i.s.r.p.m.o.MavenFilterOutputHandler - [INFO] Downloading: https://repo.maven.apache.org/maven2/org/codehaus/plexus/plexus-container-default/1.0-alpha-8/plexus-container-default-1.0-alpha-8.pom
19:41:04.224 [Thread-5] DEBUG f.i.s.r.p.m.o.MavenFilterOutputHandler - [INFO] Downloaded: https://repo.maven.apache.org/maven2/org/codehaus/plexus/plexus-container-default/1.0-alpha-8/plexus-container-default-1.0-alpha-8.pom (8 KB at 394.0 KB/sec)
19:41:04.265 [Thread-5] DEBUG f.i.s.r.p.m.o.MavenFilterOutputHandler - [INFO] Downloading: https://repo.maven.apache.org/maven2/org/apache/maven/maven-plugin-api/2.0.6/maven-plugin-api-2.0.6.jar
19:41:04.265 [Thread-5] DEBUG f.i.s.r.p.m.o.MavenFilterOutputHandler - [INFO] Downloading: https://repo.maven.apache.org/maven2/org/apache/maven/maven-project/2.0.6/maven-project-2.0.6.jar
19:41:04.266 [Thread-5] DEBUG f.i.s.r.p.m.o.MavenFilterOutputHandler - [INFO] Downloading: https://repo.maven.apache.org/maven2/org/apache/maven/maven-profile/2.0.6/maven-profile-2.0.6.jar
19:41:04.266 [Thread-5] DEBUG f.i.s.r.p.m.o.MavenFilterOutputHandler - [INFO] Downloading: https://repo.maven.apache.org/maven2/org/apache/maven/maven-settings/2.0.6/maven-settings-2.0.6.jar
19:41:04.266 [Thread-5] DEBUG f.i.s.r.p.m.o.MavenFilterOutputHandler - [INFO] Downloading: https://repo.maven.apache.org/maven2/org/apache/maven/maven-plugin-registry/2.0.6/maven-plugin-registry-2.0.6.jar
19:41:04.337 [Thread-5] DEBUG f.i.s.r.p.m.o.MavenFilterOutputHandler - [INFO] Downloaded: https://repo.maven.apache.org/maven2/org/apache/maven/maven-profile/2.0.6/maven-profile-2.0.6.jar (35 KB at 484.7 KB/sec)
19:41:04.337 [Thread-5] DEBUG f.i.s.r.p.m.o.MavenFilterOutputHandler - [INFO] Downloading: https://repo.maven.apache.org/maven2/org/codehaus/plexus/plexus-container-default/1.0-alpha-9-stable-1/plexus-container-default-1.0-alpha-9-stable-1.jar
19:41:04.353 [Thread-5] DEBUG f.i.s.r.p.m.o.MavenFilterOutputHandler - [INFO] Downloaded: https://repo.maven.apache.org/maven2/org/apache/maven/maven-plugin-api/2.0.6/maven-plugin-api-2.0.6.jar (13 KB at 142.7 KB/sec)
19:41:04.353 [Thread-5] DEBUG f.i.s.r.p.m.o.MavenFilterOutputHandler - [INFO] Downloading: https://repo.maven.apache.org/maven2/junit/junit/3.8.1/junit-3.8.1.jar
19:41:04.398 [Thread-5] DEBUG f.i.s.r.p.m.o.MavenFilterOutputHandler - [INFO] Downloaded: https://repo.maven.apache.org/maven2/org/apache/maven/maven-plugin-registry/2.0.6/maven-plugin-registry-2.0.6.jar (29 KB at 212.4 KB/sec)
19:41:04.399 [Thread-5] DEBUG f.i.s.r.p.m.o.MavenFilterOutputHandler - [INFO] Downloading: https://repo.maven.apache.org/maven2/classworlds/classworlds/1.1-alpha-2/classworlds-1.1-alpha-2.jar
19:41:04.418 [Thread-5] DEBUG f.i.s.r.p.m.o.MavenFilterOutputHandler - [INFO] Downloaded: https://repo.maven.apache.org/maven2/org/apache/maven/maven-project/2.0.6/maven-project-2.0.6.jar (114 KB at 741.6 KB/sec)
19:41:04.418 [Thread-5] DEBUG f.i.s.r.p.m.o.MavenFilterOutputHandler - [INFO] Downloading: https://repo.maven.apache.org/maven2/org/apache/maven/maven-model/2.0.6/maven-model-2.0.6.jar
19:41:04.421 [Thread-5] DEBUG f.i.s.r.p.m.o.MavenFilterOutputHandler - [INFO] Downloaded: https://repo.maven.apache.org/maven2/org/apache/maven/maven-settings/2.0.6/maven-settings-2.0.6.jar (48 KB at 309.3 KB/sec)
19:41:04.421 [Thread-5] DEBUG f.i.s.r.p.m.o.MavenFilterOutputHandler - [INFO] Downloading: https://repo.maven.apache.org/maven2/org/apache/maven/maven-artifact-manager/2.0.6/maven-artifact-manager-2.0.6.jar
19:41:04.435 [Thread-5] DEBUG f.i.s.r.p.m.o.MavenFilterOutputHandler - [INFO] Downloaded: https://repo.maven.apache.org/maven2/org/codehaus/plexus/plexus-container-default/1.0-alpha-9-stable-1/plexus-container-default-1.0-alpha-9-stable-1.jar (190 KB at 1128.8 KB/sec)
19:41:04.435 [Thread-5] DEBUG f.i.s.r.p.m.o.MavenFilterOutputHandler - [INFO] Downloading: https://repo.maven.apache.org/maven2/org/apache/maven/maven-repository-metadata/2.0.6/maven-repository-metadata-2.0.6.jar
19:41:04.449 [Thread-5] DEBUG f.i.s.r.p.m.o.MavenFilterOutputHandler - [INFO] Downloaded: https://repo.maven.apache.org/maven2/classworlds/classworlds/1.1-alpha-2/classworlds-1.1-alpha-2.jar (37 KB at 201.3 KB/sec)
19:41:04.449 [Thread-5] DEBUG f.i.s.r.p.m.o.MavenFilterOutputHandler - [INFO] Downloading: https://repo.maven.apache.org/maven2/org/apache/maven/maven-artifact/2.0.6/maven-artifact-2.0.6.jar
19:41:04.450 [Thread-5] DEBUG f.i.s.r.p.m.o.MavenFilterOutputHandler - [INFO] Downloaded: https://repo.maven.apache.org/maven2/org/apache/maven/maven-model/2.0.6/maven-model-2.0.6.jar (85 KB at 458.5 KB/sec)
19:41:04.451 [Thread-5] DEBUG f.i.s.r.p.m.o.MavenFilterOutputHandler - [INFO] Downloading: https://repo.maven.apache.org/maven2/org/codehaus/plexus/plexus-utils/3.0.5/plexus-utils-3.0.5.jar
19:41:04.452 [Thread-5] DEBUG f.i.s.r.p.m.o.MavenFilterOutputHandler - [INFO] Downloaded: https://repo.maven.apache.org/maven2/junit/junit/3.8.1/junit-3.8.1.jar (119 KB at 635.7 KB/sec)
19:41:04.452 [Thread-5] DEBUG f.i.s.r.p.m.o.MavenFilterOutputHandler - [INFO] Downloading: https://repo.maven.apache.org/maven2/org/codehaus/plexus/plexus-digest/1.0/plexus-digest-1.0.jar
19:41:04.459 [Thread-5] DEBUG f.i.s.r.p.m.o.MavenFilterOutputHandler - [INFO] Downloaded: https://repo.maven.apache.org/maven2/org/apache/maven/maven-artifact-manager/2.0.6/maven-artifact-manager-2.0.6.jar (56 KB at 287.4 KB/sec)
19:41:04.459 [Thread-5] DEBUG f.i.s.r.p.m.o.MavenFilterOutputHandler - [INFO] Downloaded: https://repo.maven.apache.org/maven2/org/apache/maven/maven-repository-metadata/2.0.6/maven-repository-metadata-2.0.6.jar (24 KB at 124.5 KB/sec)
19:41:04.476 [Thread-5] DEBUG f.i.s.r.p.m.o.MavenFilterOutputHandler - [INFO] Downloaded: https://repo.maven.apache.org/maven2/org/codehaus/plexus/plexus-digest/1.0/plexus-digest-1.0.jar (12 KB at 55.7 KB/sec)
19:41:04.485 [Thread-5] DEBUG f.i.s.r.p.m.o.MavenFilterOutputHandler - [INFO] Downloaded: https://repo.maven.apache.org/maven2/org/apache/maven/maven-artifact/2.0.6/maven-artifact-2.0.6.jar (86 KB at 391.3 KB/sec)
19:41:04.499 [Thread-5] DEBUG f.i.s.r.p.m.o.MavenFilterOutputHandler - [INFO] Downloaded: https://repo.maven.apache.org/maven2/org/codehaus/plexus/plexus-utils/3.0.5/plexus-utils-3.0.5.jar (226 KB at 965.9 KB/sec)
19:41:04.694 [Thread-5] DEBUG f.i.s.r.p.m.o.MavenFilterOutputHandler - [INFO] Installing /root/workspace/terasolunaorg/tutorial-apps/339322799/pom.xml to /root/./workspace/terasolunaorg/tutorial-apps/339322799/.m2/org/terasoluna/gfw/tutorial/tutorial-apps/5.1.2-SNAPSHOT/tutorial-apps-5.1.2-SNAPSHOT.pom
19:41:04.706 [Thread-5] DEBUG f.i.s.r.p.m.o.MavenFilterOutputHandler - [INFO] ------------------------------------------------------------------------
19:41:04.707 [Thread-5] DEBUG f.i.s.r.p.m.o.MavenFilterOutputHandler - [INFO] BUILD SUCCESS
19:41:04.707 [Thread-5] DEBUG f.i.s.r.p.m.o.MavenFilterOutputHandler - [INFO] ------------------------------------------------------------------------
19:41:04.708 [Thread-5] DEBUG f.i.s.r.p.m.o.MavenFilterOutputHandler - [INFO] Total time: 3.837 s
19:41:04.708 [Thread-5] DEBUG f.i.s.r.p.m.o.MavenFilterOutputHandler - [INFO] Finished at: 2018-08-24T19:41:04+02:00
19:41:04.887 [Thread-5] DEBUG f.i.s.r.p.m.o.MavenFilterOutputHandler - [INFO] Final Memory: 10M/317M
19:41:04.888 [Thread-5] DEBUG f.i.s.r.p.m.o.MavenFilterOutputHandler - [INFO] ------------------------------------------------------------------------
19:41:05.684 [main] DEBUG f.i.s.r.process.step.BuildProject - STEP STATUS: [ BuildProjectBuggyBuildCandidate : SUCCESS ]
19:41:05.685 [main] DEBUG f.i.s.r.process.step.BuildProject - STEP DURATION: 9s
19:41:05.685 [main] DEBUG f.i.s.r.process.step.BuildProject - EXECUTE NEXT STEP
19:41:05.685 [main] DEBUG f.i.s.r.process.step.TestProject - ----------------------------------------------------------------------
19:41:05.685 [main] DEBUG f.i.s.r.process.step.TestProject - STEP 6/18: TestProjectBuggyBuildCandidate
19:41:05.685 [main] DEBUG f.i.s.r.process.step.TestProject - ----------------------------------------------------------------------
19:41:05.686 [main] DEBUG f.i.s.r.process.step.TestProject - Launching tests with maven...
19:41:08.623 [Thread-8] DEBUG f.i.s.r.p.m.o.MavenFilterOutputHandler - [INFO] Scanning for projects...
19:41:08.772 [Thread-8] DEBUG f.i.s.r.p.m.o.MavenFilterOutputHandler - [INFO]                                                                         
19:41:08.773 [Thread-8] DEBUG f.i.s.r.p.m.o.MavenFilterOutputHandler - [INFO] ------------------------------------------------------------------------
19:41:08.773 [Thread-8] DEBUG f.i.s.r.p.m.o.MavenFilterOutputHandler - [INFO] Building TERASOLUNA Server Framework for Java (5.x) - Tutorial Applications 5.1.2-SNAPSHOT
19:41:08.774 [Thread-8] DEBUG f.i.s.r.p.m.o.MavenFilterOutputHandler - [INFO] ------------------------------------------------------------------------
19:41:08.777 [Thread-8] DEBUG f.i.s.r.p.m.o.MavenFilterOutputHandler - [INFO] ------------------------------------------------------------------------
19:41:08.778 [Thread-8] DEBUG f.i.s.r.p.m.o.MavenFilterOutputHandler - [INFO] BUILD SUCCESS
19:41:08.778 [Thread-8] DEBUG f.i.s.r.p.m.o.MavenFilterOutputHandler - [INFO] ------------------------------------------------------------------------
19:41:08.778 [Thread-8] DEBUG f.i.s.r.p.m.o.MavenFilterOutputHandler - [INFO] Total time: 0.198 s
19:41:08.786 [Thread-8] DEBUG f.i.s.r.p.m.o.MavenFilterOutputHandler - [INFO] Finished at: 2018-08-24T19:41:08+02:00
19:41:08.929 [Thread-8] DEBUG f.i.s.r.p.m.o.MavenFilterOutputHandler - [INFO] Final Memory: 13M/483M
19:41:08.929 [Thread-8] DEBUG f.i.s.r.p.m.o.MavenFilterOutputHandler - [INFO] ------------------------------------------------------------------------
19:41:09.690 [main] DEBUG f.i.s.r.process.step.TestProject - STEP STATUS: [ TestProjectBuggyBuildCandidate : SUCCESS ]
19:41:09.690 [main] DEBUG f.i.s.r.process.step.TestProject - STEP DURATION: 4s
19:41:09.690 [main] DEBUG f.i.s.r.process.step.TestProject - EXECUTE NEXT STEP
19:41:09.690 [main] DEBUG f.i.s.r.p.s.g.GatherTestInformation - ----------------------------------------------------------------------
19:41:09.691 [main] DEBUG f.i.s.r.p.s.g.GatherTestInformation - STEP 7/18: GatherTestInformationBuggyBuildCandidate
19:41:09.691 [main] DEBUG f.i.s.r.p.s.g.GatherTestInformation - ----------------------------------------------------------------------
19:41:09.691 [main] DEBUG f.i.s.r.p.s.g.GatherTestInformation - Gathering test information from surefire reports...
19:41:09.691 [main] DEBUG f.i.s.r.p.s.g.GatherTestInformation - Contract: BuildShouldFail
19:41:09.773 [main] INFO  f.i.s.r.p.s.g.GatherTestInformation - ---Test results---
19:41:09.773 [main] INFO  f.i.s.r.p.s.g.GatherTestInformation -    Total tests: 0
19:41:09.773 [main] INFO  f.i.s.r.p.s.g.GatherTestInformation -    Tests run: 0
19:41:09.773 [main] INFO  f.i.s.r.p.s.g.GatherTestInformation -    Tests passing: 0
19:41:09.773 [main] INFO  f.i.s.r.p.s.g.GatherTestInformation -    Failures: 0
19:41:09.774 [main] INFO  f.i.s.r.p.s.g.GatherTestInformation -    Errors: 0
19:41:09.774 [main] INFO  f.i.s.r.p.s.g.GatherTestInformation -    Skipped: 0
19:41:09.774 [main] DEBUG f.i.s.r.p.s.g.GatherTestInformation - STEP STATUS: [ GatherTestInformationBuggyBuildCandidate : FAILURE ( NOTFAILING ) ]
19:41:09.774 [main] DEBUG f.i.s.r.p.s.g.GatherTestInformation - STEP DURATION: 0s
19:41:09.774 [main] DEBUG f.i.s.r.p.s.g.GatherTestInformation - TERMINATE PIPELINE
19:41:09.774 [main] DEBUG f.i.s.r.p.s.g.GatherTestInformation - FINAL STEPS SKIPPED: The reproduction of the bug and/or the patch failed.
19:41:09.774 [main] INFO  f.i.s.r.p.s.g.GatherTestInformation - Serialize all data for the pair of builds 339322799, 344176281
19:41:10.134 [main] INFO  fr.inria.jtravis.JTravis - GitHub ratelimit: Limit: 5000 Remaining: 4328 Reset hour: 19:25:33
19:41:10.755 [main] INFO  f.i.s.r.p.i.ProjectInspector - ----------------------------------------------------------------------
19:41:10.756 [main] INFO  f.i.s.r.p.i.ProjectInspector - PIPELINE EXECUTION SUMMARY
19:41:10.756 [main] INFO  f.i.s.r.p.i.ProjectInspector - ----------------------------------------------------------------------
19:41:10.756 [main] INFO  f.i.s.r.p.i.ProjectInspector - CloneRepository........................................SUCCESS [ 4 s ]
19:41:10.756 [main] INFO  f.i.s.r.p.i.ProjectInspector - CheckoutBuggyBuildCandidate............................SUCCESS [ 0 s ]
19:41:10.756 [main] INFO  f.i.s.r.p.i.ProjectInspector - ComputeSourceDir.......................................FAILURE [ 0 s ]
19:41:10.757 [main] INFO  f.i.s.r.p.i.ProjectInspector - ComputeTestDir.........................................FAILURE [ 0 s ]
19:41:10.757 [main] INFO  f.i.s.r.p.i.ProjectInspector - BuildProjectBuggyBuildCandidate........................SUCCESS [ 9 s ]
19:41:10.757 [main] INFO  f.i.s.r.p.i.ProjectInspector - TestProjectBuggyBuildCandidate.........................SUCCESS [ 4 s ]
19:41:10.757 [main] INFO  f.i.s.r.p.i.ProjectInspector - GatherTestInformationBuggyBuildCandidate...............FAILURE [ 0 s ]
19:41:10.757 [main] INFO  f.i.s.r.p.i.ProjectInspector - InitRepoToPush.........................................NOT RUN        
19:41:10.757 [main] INFO  f.i.s.r.p.i.ProjectInspector - ComputeClasspath.......................................NOT RUN        
19:41:10.758 [main] INFO  f.i.s.r.p.i.ProjectInspector - ComputeModules.........................................NOT RUN        
19:41:10.758 [main] INFO  f.i.s.r.p.i.ProjectInspector - CheckoutPatchedBuildCandidate..........................NOT RUN        
19:41:10.758 [main] INFO  f.i.s.r.p.i.ProjectInspector - BuildProjectPatchedBuildCandidate......................NOT RUN        
19:41:10.758 [main] INFO  f.i.s.r.p.i.ProjectInspector - TestProjectPatchedBuildCandidate.......................NOT RUN        
19:41:10.758 [main] INFO  f.i.s.r.p.i.ProjectInspector - GatherTestInformationPatchedBuildCandidate.............NOT RUN        
19:41:10.758 [main] INFO  f.i.s.r.p.i.ProjectInspector - CommitPatch............................................NOT RUN        
19:41:10.758 [main] INFO  f.i.s.r.p.i.ProjectInspector - WritePropertyFile......................................NOT RUN        
19:41:10.758 [main] INFO  f.i.s.r.p.i.ProjectInspector - CommitProcessEnd.......................................NOT RUN        
19:41:10.759 [main] INFO  f.i.s.r.p.i.ProjectInspector - PushProcessEnd.........................................NOT RUN        
19:41:10.759 [main] INFO  f.i.s.r.p.i.ProjectInspector - ----------------------------------------------------------------------
19:41:10.759 [main] INFO  f.i.s.r.p.i.ProjectInspector - PIPELINE FINDING: NOTFAILING
19:41:10.759 [main] INFO  f.i.s.r.p.i.ProjectInspector - ----------------------------------------------------------------------
19:41:10.759 [main] INFO  f.i.s.repairnator.pipeline.Launcher - Inspector is finished. The process will exit now.
