21:15:09.850 [main] INFO  f.i.s.repairnator.pipeline.Launcher - PIPELINE VERSION: 3.0-2018-08-09 19:04
21:15:10.028 [main] INFO  f.i.s.repairnator.pipeline.Launcher - The pipeline will try to reproduce a bug from build 342003678 and its corresponding patch from build 342546880
21:15:10.029 [main] INFO  f.i.s.repairnator.pipeline.Launcher - Initialize file serializer engines.
21:15:10.031 [main] INFO  f.i.s.repairnator.pipeline.Launcher - MongoDB won't be used for serialization.
21:15:10.031 [main] INFO  f.i.s.repairnator.pipeline.Launcher - The email notifier engine won't be used.
21:15:10.034 [main] INFO  f.i.s.repairnator.pipeline.Launcher - Start by getting the build (buildId: 342003678) with the following config: RepairnatorConfig{runId='f6547159-c29d-40d6-8a8e-3c2ad13c6286_02-18-week3-FAILING_AND_PASSING', launcherMode=BEARS, serializeJson=true, inputPath='null', outputPath='/var/log', mongodbHost='null', mongodbName='repairnator', smtpServer='null', notifyTo=[], notifyEndProcess=false, push=true, pushRemoteRepo='https://github.com/fermadeiral/bears-collection-fp', fork=false, lookFromDate=null, lookToDate=null, buildId=342003678, z3solverPath='./z3_for_linux', workspacePath='./workspace', githubToken='c8a341a903[...]', dockerImageName='null', skipDelete=false, createOutputDir=false, logDirectory='null', nbThreads=0, globalTimeout=0, whiteList=null, blackList=null, jobSleepTime=0, buildSleepTime=0, maxInspectedBuilds=0, duration=null, humanPatch=false, repository='null', clean=true, bearsMode=BOTH, bearsDelimiter = false, repairTools=NopolAllTests,NPEFix,AssertFixer,AstorJGenProg,AstorJKali,NopolSingleTest,AstorJMut,NopolTestExclusionStrategy, githubUserName= fermadeiral, githubUserEmail=fer.madeiral@gmail.com}
21:15:11.510 [main] DEBUG fr.inria.jtravis.helpers.BuildHelper - Get request to :https://api.travis-ci.org/build/342003678 done after 914 ms
21:15:11.798 [main] DEBUG fr.inria.jtravis.helpers.BuildHelper - Get request to :https://api.travis-ci.org/build/342546880 done after 136 ms
21:15:11.825 [main] INFO  f.i.s.repairnator.pipeline.Launcher - The patched build (342546880) was successfully retrieved from Travis.
21:15:13.753 [main] INFO  fr.inria.jtravis.JTravis - GitHub ratelimit: Limit: 5000 Remaining: 4888 Reset hour: 19:25:40
21:15:14.373 [main] INFO  f.i.s.r.p.i.ProjectInspector - ----------------------------------------------------------------------
21:15:14.373 [main] INFO  f.i.s.r.p.i.ProjectInspector - PIPELINE STEPS
21:15:14.373 [main] INFO  f.i.s.r.p.i.ProjectInspector - ----------------------------------------------------------------------
21:15:14.373 [main] INFO  f.i.s.r.p.i.ProjectInspector - CloneRepository
21:15:14.374 [main] INFO  f.i.s.r.p.i.ProjectInspector - CheckoutBuggyBuildCandidate
21:15:14.374 [main] INFO  f.i.s.r.p.i.ProjectInspector - ComputeSourceDir
21:15:14.374 [main] INFO  f.i.s.r.p.i.ProjectInspector - ComputeTestDir
21:15:14.374 [main] INFO  f.i.s.r.p.i.ProjectInspector - BuildProjectBuggyBuildCandidate
21:15:14.374 [main] INFO  f.i.s.r.p.i.ProjectInspector - TestProjectBuggyBuildCandidate
21:15:14.374 [main] INFO  f.i.s.r.p.i.ProjectInspector - GatherTestInformationBuggyBuildCandidate
21:15:14.374 [main] INFO  f.i.s.r.p.i.ProjectInspector - InitRepoToPush
21:15:14.374 [main] INFO  f.i.s.r.p.i.ProjectInspector - ComputeClasspath
21:15:14.375 [main] INFO  f.i.s.r.p.i.ProjectInspector - ComputeModules
21:15:14.375 [main] INFO  f.i.s.r.p.i.ProjectInspector - CheckoutPatchedBuildCandidate
21:15:14.375 [main] INFO  f.i.s.r.p.i.ProjectInspector - BuildProjectPatchedBuildCandidate
21:15:14.375 [main] INFO  f.i.s.r.p.i.ProjectInspector - TestProjectPatchedBuildCandidate
21:15:14.375 [main] INFO  f.i.s.r.p.i.ProjectInspector - GatherTestInformationPatchedBuildCandidate
21:15:14.375 [main] INFO  f.i.s.r.p.i.ProjectInspector - CommitPatch
21:15:14.375 [main] INFO  f.i.s.r.p.i.ProjectInspector - WritePropertyFile
21:15:14.376 [main] INFO  f.i.s.r.p.i.ProjectInspector - CommitProcessEnd
21:15:14.376 [main] INFO  f.i.s.r.p.i.ProjectInspector - PushProcessEnd
21:15:14.376 [main] DEBUG f.i.s.r.process.step.CloneRepository - ----------------------------------------------------------------------
21:15:14.376 [main] DEBUG f.i.s.r.process.step.CloneRepository - STEP 1/18: CloneRepository
21:15:14.376 [main] DEBUG f.i.s.r.process.step.CloneRepository - ----------------------------------------------------------------------
21:15:14.377 [main] DEBUG f.i.s.r.process.step.CloneRepository - Cloning repository StuPro-TOSCAna/TOSCAna in the following directory: ./workspace/StuPro-TOSCAna/TOSCAna/342003678
21:15:36.116 [main] DEBUG f.i.s.r.process.step.CloneRepository - STEP STATUS: [ CloneRepository : SUCCESS ]
21:15:36.117 [main] DEBUG f.i.s.r.process.step.CloneRepository - STEP DURATION: 21s
21:15:36.117 [main] DEBUG f.i.s.r.process.step.CloneRepository - EXECUTE NEXT STEP
21:15:36.118 [main] DEBUG f.i.s.r.p.s.c.CheckoutBuggyBuild - ----------------------------------------------------------------------
21:15:36.118 [main] DEBUG f.i.s.r.p.s.c.CheckoutBuggyBuild - STEP 2/18: CheckoutBuggyBuildCandidate
21:15:36.118 [main] DEBUG f.i.s.r.p.s.c.CheckoutBuggyBuild - ----------------------------------------------------------------------
21:15:36.118 [main] DEBUG f.i.s.r.p.s.c.CheckoutBuggyBuild - Checking out buggy build candidate...
21:15:36.445 [main] INFO  fr.inria.jtravis.JTravis - GitHub ratelimit: Limit: 5000 Remaining: 4872 Reset hour: 19:25:40
21:15:38.775 [main] DEBUG f.i.s.r.p.s.c.CheckoutBuggyBuild - Reproduce the PR for StuPro-TOSCAna/TOSCAna by fetching remote branch and merging.
21:15:38.912 [main] ERROR f.i.s.r.p.s.c.CheckoutBuggyBuild - Error while testing commit: org.eclipse.jgit.errors.MissingObjectException: Missing unknown 8352aa28056abc60a36e7a8fe016a8c91596e1ee
21:15:38.913 [main] ERROR f.i.s.r.p.s.c.CheckoutBuggyBuild - Commit head ref cannot be retrieved from the repository: 8352aa28056abc60a36e7a8fe016a8c91596e1ee. Operation aborted.
21:15:38.914 [main] ERROR f.i.s.r.p.s.c.CheckoutBuggyBuild - Error while merging two commits to reproduce the PR.
21:15:38.915 [main] DEBUG f.i.s.r.p.s.c.CheckoutBuggyBuild - STEP STATUS: [ CheckoutBuggyBuildCandidate : FAILURE ( BUILDNOTCHECKEDOUT ) ]
21:15:38.915 [main] DEBUG f.i.s.r.p.s.c.CheckoutBuggyBuild - STEP DURATION: 2s
21:15:38.915 [main] DEBUG f.i.s.r.p.s.c.CheckoutBuggyBuild - TERMINATE PIPELINE
21:15:38.915 [main] DEBUG f.i.s.r.p.s.c.CheckoutBuggyBuild - FINAL STEPS SKIPPED: The reproduction of the bug and/or the patch failed.
21:15:38.915 [main] INFO  f.i.s.r.p.s.c.CheckoutBuggyBuild - Serialize all data for the pair of builds 342003678, 342546880
21:15:39.039 [main] INFO  fr.inria.jtravis.JTravis - GitHub ratelimit: Limit: 5000 Remaining: 4865 Reset hour: 19:25:40
21:15:39.824 [main] INFO  f.i.s.r.p.i.ProjectInspector - ----------------------------------------------------------------------
21:15:39.824 [main] INFO  f.i.s.r.p.i.ProjectInspector - PIPELINE EXECUTION SUMMARY
21:15:39.825 [main] INFO  f.i.s.r.p.i.ProjectInspector - ----------------------------------------------------------------------
21:15:39.825 [main] INFO  f.i.s.r.p.i.ProjectInspector - CloneRepository.......................................SUCCESS [ 21 s ]
21:15:39.825 [main] INFO  f.i.s.r.p.i.ProjectInspector - CheckoutBuggyBuildCandidate...........................FAILURE [  2 s ]
21:15:39.825 [main] INFO  f.i.s.r.p.i.ProjectInspector - ComputeSourceDir......................................NOT RUN         
21:15:39.826 [main] INFO  f.i.s.r.p.i.ProjectInspector - ComputeTestDir........................................NOT RUN         
21:15:39.826 [main] INFO  f.i.s.r.p.i.ProjectInspector - BuildProjectBuggyBuildCandidate.......................NOT RUN         
21:15:39.826 [main] INFO  f.i.s.r.p.i.ProjectInspector - TestProjectBuggyBuildCandidate........................NOT RUN         
21:15:39.826 [main] INFO  f.i.s.r.p.i.ProjectInspector - GatherTestInformationBuggyBuildCandidate..............NOT RUN         
21:15:39.826 [main] INFO  f.i.s.r.p.i.ProjectInspector - InitRepoToPush........................................NOT RUN         
21:15:39.827 [main] INFO  f.i.s.r.p.i.ProjectInspector - ComputeClasspath......................................NOT RUN         
21:15:39.827 [main] INFO  f.i.s.r.p.i.ProjectInspector - ComputeModules........................................NOT RUN         
21:15:39.827 [main] INFO  f.i.s.r.p.i.ProjectInspector - CheckoutPatchedBuildCandidate.........................NOT RUN         
21:15:39.827 [main] INFO  f.i.s.r.p.i.ProjectInspector - BuildProjectPatchedBuildCandidate.....................NOT RUN         
21:15:39.828 [main] INFO  f.i.s.r.p.i.ProjectInspector - TestProjectPatchedBuildCandidate......................NOT RUN         
21:15:39.828 [main] INFO  f.i.s.r.p.i.ProjectInspector - GatherTestInformationPatchedBuildCandidate............NOT RUN         
21:15:39.828 [main] INFO  f.i.s.r.p.i.ProjectInspector - CommitPatch...........................................NOT RUN         
21:15:39.828 [main] INFO  f.i.s.r.p.i.ProjectInspector - WritePropertyFile.....................................NOT RUN         
21:15:39.828 [main] INFO  f.i.s.r.p.i.ProjectInspector - CommitProcessEnd......................................NOT RUN         
21:15:39.828 [main] INFO  f.i.s.r.p.i.ProjectInspector - PushProcessEnd........................................NOT RUN         
21:15:39.829 [main] INFO  f.i.s.r.p.i.ProjectInspector - ----------------------------------------------------------------------
21:15:39.829 [main] INFO  f.i.s.r.p.i.ProjectInspector - PIPELINE FINDING: BUILDNOTCHECKEDOUT
21:15:39.829 [main] INFO  f.i.s.r.p.i.ProjectInspector - ----------------------------------------------------------------------
21:15:39.829 [main] INFO  f.i.s.repairnator.pipeline.Launcher - Inspector is finished. The process will exit now.
