21:10:44.731 [main] INFO  f.i.s.repairnator.pipeline.Launcher - PIPELINE VERSION: 3.0-2018-08-09 19:04
21:10:44.903 [main] INFO  f.i.s.repairnator.pipeline.Launcher - The pipeline will try to reproduce a bug from build 344016373 and its corresponding patch from build 344141355
21:10:44.904 [main] INFO  f.i.s.repairnator.pipeline.Launcher - Initialize file serializer engines.
21:10:44.905 [main] INFO  f.i.s.repairnator.pipeline.Launcher - MongoDB won't be used for serialization.
21:10:44.906 [main] INFO  f.i.s.repairnator.pipeline.Launcher - The email notifier engine won't be used.
21:10:44.914 [main] INFO  f.i.s.repairnator.pipeline.Launcher - Start by getting the build (buildId: 344016373) with the following config: RepairnatorConfig{runId='f6547159-c29d-40d6-8a8e-3c2ad13c6286_02-18-week3-FAILING_AND_PASSING', launcherMode=BEARS, serializeJson=true, inputPath='null', outputPath='/var/log', mongodbHost='null', mongodbName='repairnator', smtpServer='null', notifyTo=[], notifyEndProcess=false, push=true, pushRemoteRepo='https://github.com/fermadeiral/bears-collection-fp', fork=false, lookFromDate=null, lookToDate=null, buildId=344016373, z3solverPath='./z3_for_linux', workspacePath='./workspace', githubToken='c8a341a903[...]', dockerImageName='null', skipDelete=false, createOutputDir=false, logDirectory='null', nbThreads=0, globalTimeout=0, whiteList=null, blackList=null, jobSleepTime=0, buildSleepTime=0, maxInspectedBuilds=0, duration=null, humanPatch=false, repository='null', clean=true, bearsMode=BOTH, bearsDelimiter = false, repairTools=NopolAllTests,NPEFix,AssertFixer,AstorJGenProg,AstorJKali,NopolSingleTest,AstorJMut,NopolTestExclusionStrategy, githubUserName= fermadeiral, githubUserEmail=fer.madeiral@gmail.com}
21:10:46.704 [main] DEBUG fr.inria.jtravis.helpers.BuildHelper - Get request to :https://api.travis-ci.org/build/344016373 done after 922 ms
21:10:47.011 [main] DEBUG fr.inria.jtravis.helpers.BuildHelper - Get request to :https://api.travis-ci.org/build/344141355 done after 135 ms
21:10:47.034 [main] INFO  f.i.s.repairnator.pipeline.Launcher - The patched build (344141355) was successfully retrieved from Travis.
21:10:48.211 [main] INFO  fr.inria.jtravis.JTravis - GitHub ratelimit: Limit: 5000 Remaining: 4945 Reset hour: 19:25:40
21:10:48.518 [main] INFO  f.i.s.r.p.i.ProjectInspector - ----------------------------------------------------------------------
21:10:48.518 [main] INFO  f.i.s.r.p.i.ProjectInspector - PIPELINE STEPS
21:10:48.518 [main] INFO  f.i.s.r.p.i.ProjectInspector - ----------------------------------------------------------------------
21:10:48.518 [main] INFO  f.i.s.r.p.i.ProjectInspector - CloneRepository
21:10:48.518 [main] INFO  f.i.s.r.p.i.ProjectInspector - CheckoutBuggyBuildCandidate
21:10:48.518 [main] INFO  f.i.s.r.p.i.ProjectInspector - ComputeSourceDir
21:10:48.518 [main] INFO  f.i.s.r.p.i.ProjectInspector - ComputeTestDir
21:10:48.519 [main] INFO  f.i.s.r.p.i.ProjectInspector - BuildProjectBuggyBuildCandidate
21:10:48.519 [main] INFO  f.i.s.r.p.i.ProjectInspector - TestProjectBuggyBuildCandidate
21:10:48.519 [main] INFO  f.i.s.r.p.i.ProjectInspector - GatherTestInformationBuggyBuildCandidate
21:10:48.519 [main] INFO  f.i.s.r.p.i.ProjectInspector - InitRepoToPush
21:10:48.519 [main] INFO  f.i.s.r.p.i.ProjectInspector - ComputeClasspath
21:10:48.519 [main] INFO  f.i.s.r.p.i.ProjectInspector - ComputeModules
21:10:48.519 [main] INFO  f.i.s.r.p.i.ProjectInspector - CheckoutPatchedBuildCandidate
21:10:48.519 [main] INFO  f.i.s.r.p.i.ProjectInspector - BuildProjectPatchedBuildCandidate
21:10:48.520 [main] INFO  f.i.s.r.p.i.ProjectInspector - TestProjectPatchedBuildCandidate
21:10:48.520 [main] INFO  f.i.s.r.p.i.ProjectInspector - GatherTestInformationPatchedBuildCandidate
21:10:48.520 [main] INFO  f.i.s.r.p.i.ProjectInspector - CommitPatch
21:10:48.520 [main] INFO  f.i.s.r.p.i.ProjectInspector - WritePropertyFile
21:10:48.520 [main] INFO  f.i.s.r.p.i.ProjectInspector - CommitProcessEnd
21:10:48.520 [main] INFO  f.i.s.r.p.i.ProjectInspector - PushProcessEnd
21:10:48.520 [main] DEBUG f.i.s.r.process.step.CloneRepository - ----------------------------------------------------------------------
21:10:48.521 [main] DEBUG f.i.s.r.process.step.CloneRepository - STEP 1/18: CloneRepository
21:10:48.521 [main] DEBUG f.i.s.r.process.step.CloneRepository - ----------------------------------------------------------------------
21:10:48.521 [main] DEBUG f.i.s.r.process.step.CloneRepository - Cloning repository visallo/vertexium in the following directory: ./workspace/visallo/vertexium/344016373
21:10:57.605 [main] DEBUG f.i.s.r.process.step.CloneRepository - STEP STATUS: [ CloneRepository : SUCCESS ]
21:10:57.606 [main] DEBUG f.i.s.r.process.step.CloneRepository - STEP DURATION: 9s
21:10:57.606 [main] DEBUG f.i.s.r.process.step.CloneRepository - EXECUTE NEXT STEP
21:10:57.607 [main] DEBUG f.i.s.r.p.s.c.CheckoutBuggyBuild - ----------------------------------------------------------------------
21:10:57.607 [main] DEBUG f.i.s.r.p.s.c.CheckoutBuggyBuild - STEP 2/18: CheckoutBuggyBuildCandidate
21:10:57.607 [main] DEBUG f.i.s.r.p.s.c.CheckoutBuggyBuild - ----------------------------------------------------------------------
21:10:57.607 [main] DEBUG f.i.s.r.p.s.c.CheckoutBuggyBuild - Checking out buggy build candidate...
21:10:57.921 [main] INFO  fr.inria.jtravis.JTravis - GitHub ratelimit: Limit: 5000 Remaining: 4944 Reset hour: 19:25:40
21:10:59.812 [main] DEBUG f.i.s.r.p.s.c.CheckoutBuggyBuild - Reproduce the PR for visallo/vertexium by fetching remote branch and merging.
21:10:59.998 [main] ERROR f.i.s.r.p.s.c.CheckoutBuggyBuild - Error while testing commit: org.eclipse.jgit.errors.MissingObjectException: Missing unknown 0a9374af07c8ff011b0a43a69f63727716745ba6
21:11:00.000 [main] ERROR f.i.s.r.p.s.c.CheckoutBuggyBuild - Commit head ref cannot be retrieved from the repository: 0a9374af07c8ff011b0a43a69f63727716745ba6. Operation aborted.
21:11:00.000 [main] ERROR f.i.s.r.p.s.c.CheckoutBuggyBuild - Error while merging two commits to reproduce the PR.
21:11:00.001 [main] DEBUG f.i.s.r.p.s.c.CheckoutBuggyBuild - STEP STATUS: [ CheckoutBuggyBuildCandidate : FAILURE ( BUILDNOTCHECKEDOUT ) ]
21:11:00.001 [main] DEBUG f.i.s.r.p.s.c.CheckoutBuggyBuild - STEP DURATION: 2s
21:11:00.002 [main] DEBUG f.i.s.r.p.s.c.CheckoutBuggyBuild - TERMINATE PIPELINE
21:11:00.002 [main] DEBUG f.i.s.r.p.s.c.CheckoutBuggyBuild - FINAL STEPS SKIPPED: The reproduction of the bug and/or the patch failed.
21:11:00.002 [main] INFO  f.i.s.r.p.s.c.CheckoutBuggyBuild - Serialize all data for the pair of builds 344016373, 344141355
21:11:00.128 [main] INFO  fr.inria.jtravis.JTravis - GitHub ratelimit: Limit: 5000 Remaining: 4937 Reset hour: 19:25:40
21:11:00.715 [main] INFO  f.i.s.r.p.i.ProjectInspector - ----------------------------------------------------------------------
21:11:00.715 [main] INFO  f.i.s.r.p.i.ProjectInspector - PIPELINE EXECUTION SUMMARY
21:11:00.715 [main] INFO  f.i.s.r.p.i.ProjectInspector - ----------------------------------------------------------------------
21:11:00.716 [main] INFO  f.i.s.r.p.i.ProjectInspector - CloneRepository........................................SUCCESS [ 9 s ]
21:11:00.716 [main] INFO  f.i.s.r.p.i.ProjectInspector - CheckoutBuggyBuildCandidate............................FAILURE [ 2 s ]
21:11:00.716 [main] INFO  f.i.s.r.p.i.ProjectInspector - ComputeSourceDir.......................................NOT RUN        
21:11:00.717 [main] INFO  f.i.s.r.p.i.ProjectInspector - ComputeTestDir.........................................NOT RUN        
21:11:00.717 [main] INFO  f.i.s.r.p.i.ProjectInspector - BuildProjectBuggyBuildCandidate........................NOT RUN        
21:11:00.717 [main] INFO  f.i.s.r.p.i.ProjectInspector - TestProjectBuggyBuildCandidate.........................NOT RUN        
21:11:00.719 [main] INFO  f.i.s.r.p.i.ProjectInspector - GatherTestInformationBuggyBuildCandidate...............NOT RUN        
21:11:00.720 [main] INFO  f.i.s.r.p.i.ProjectInspector - InitRepoToPush.........................................NOT RUN        
21:11:00.720 [main] INFO  f.i.s.r.p.i.ProjectInspector - ComputeClasspath.......................................NOT RUN        
21:11:00.720 [main] INFO  f.i.s.r.p.i.ProjectInspector - ComputeModules.........................................NOT RUN        
21:11:00.720 [main] INFO  f.i.s.r.p.i.ProjectInspector - CheckoutPatchedBuildCandidate..........................NOT RUN        
21:11:00.721 [main] INFO  f.i.s.r.p.i.ProjectInspector - BuildProjectPatchedBuildCandidate......................NOT RUN        
21:11:00.721 [main] INFO  f.i.s.r.p.i.ProjectInspector - TestProjectPatchedBuildCandidate.......................NOT RUN        
21:11:00.721 [main] INFO  f.i.s.r.p.i.ProjectInspector - GatherTestInformationPatchedBuildCandidate.............NOT RUN        
21:11:00.721 [main] INFO  f.i.s.r.p.i.ProjectInspector - CommitPatch............................................NOT RUN        
21:11:00.722 [main] INFO  f.i.s.r.p.i.ProjectInspector - WritePropertyFile......................................NOT RUN        
21:11:00.722 [main] INFO  f.i.s.r.p.i.ProjectInspector - CommitProcessEnd.......................................NOT RUN        
21:11:00.722 [main] INFO  f.i.s.r.p.i.ProjectInspector - PushProcessEnd.........................................NOT RUN        
21:11:00.722 [main] INFO  f.i.s.r.p.i.ProjectInspector - ----------------------------------------------------------------------
21:11:00.722 [main] INFO  f.i.s.r.p.i.ProjectInspector - PIPELINE FINDING: BUILDNOTCHECKEDOUT
21:11:00.723 [main] INFO  f.i.s.r.p.i.ProjectInspector - ----------------------------------------------------------------------
21:11:00.723 [main] INFO  f.i.s.repairnator.pipeline.Launcher - Inspector is finished. The process will exit now.
