15:34:35.292 [main] INFO  f.i.s.repairnator.pipeline.Launcher - PIPELINE VERSION: 3.0-2018-08-09 19:04
15:34:35.414 [main] INFO  f.i.s.repairnator.pipeline.Launcher - The pipeline will try to reproduce a bug from build 341974584 and its corresponding patch from build 342240819
15:34:35.415 [main] INFO  f.i.s.repairnator.pipeline.Launcher - Initialize file serializer engines.
15:34:35.416 [main] INFO  f.i.s.repairnator.pipeline.Launcher - MongoDB won't be used for serialization.
15:34:35.417 [main] INFO  f.i.s.repairnator.pipeline.Launcher - The email notifier engine won't be used.
15:34:35.419 [main] INFO  f.i.s.repairnator.pipeline.Launcher - Start by getting the build (buildId: 341974584) with the following config: RepairnatorConfig{runId='f6547159-c29d-40d6-8a8e-3c2ad13c6286_02-18-week3-FAILING_AND_PASSING', launcherMode=BEARS, serializeJson=true, inputPath='null', outputPath='/var/log', mongodbHost='null', mongodbName='repairnator', smtpServer='null', notifyTo=[], notifyEndProcess=false, push=true, pushRemoteRepo='https://github.com/fermadeiral/bears-collection-fp', fork=false, lookFromDate=null, lookToDate=null, buildId=341974584, z3solverPath='./z3_for_linux', workspacePath='./workspace', githubToken='c8a341a903[...]', dockerImageName='null', skipDelete=false, createOutputDir=false, logDirectory='null', nbThreads=0, globalTimeout=0, whiteList=null, blackList=null, jobSleepTime=0, buildSleepTime=0, maxInspectedBuilds=0, duration=null, humanPatch=false, repository='null', clean=true, bearsMode=BOTH, bearsDelimiter = false, repairTools=NopolAllTests,NPEFix,AssertFixer,AstorJGenProg,AstorJKali,NopolSingleTest,AstorJMut,NopolTestExclusionStrategy, githubUserName= fermadeiral, githubUserEmail=fer.madeiral@gmail.com}
15:34:36.568 [main] DEBUG fr.inria.jtravis.helpers.BuildHelper - Get request to :https://api.travis-ci.org/build/341974584 done after 748 ms
15:34:36.809 [main] DEBUG fr.inria.jtravis.helpers.BuildHelper - Get request to :https://api.travis-ci.org/build/342240819 done after 133 ms
15:34:36.831 [main] INFO  f.i.s.repairnator.pipeline.Launcher - The patched build (342240819) was successfully retrieved from Travis.
15:34:37.895 [main] INFO  fr.inria.jtravis.JTravis - GitHub ratelimit: Limit: 5000 Remaining: 4777 Reset hour: 19:25:18
15:34:38.149 [main] INFO  f.i.s.r.p.i.ProjectInspector - ----------------------------------------------------------------------
15:34:38.150 [main] INFO  f.i.s.r.p.i.ProjectInspector - PIPELINE STEPS
15:34:38.150 [main] INFO  f.i.s.r.p.i.ProjectInspector - ----------------------------------------------------------------------
15:34:38.150 [main] INFO  f.i.s.r.p.i.ProjectInspector - CloneRepository
15:34:38.150 [main] INFO  f.i.s.r.p.i.ProjectInspector - CheckoutBuggyBuildCandidate
15:34:38.150 [main] INFO  f.i.s.r.p.i.ProjectInspector - ComputeSourceDir
15:34:38.150 [main] INFO  f.i.s.r.p.i.ProjectInspector - ComputeTestDir
15:34:38.150 [main] INFO  f.i.s.r.p.i.ProjectInspector - BuildProjectBuggyBuildCandidate
15:34:38.151 [main] INFO  f.i.s.r.p.i.ProjectInspector - TestProjectBuggyBuildCandidate
15:34:38.151 [main] INFO  f.i.s.r.p.i.ProjectInspector - GatherTestInformationBuggyBuildCandidate
15:34:38.151 [main] INFO  f.i.s.r.p.i.ProjectInspector - InitRepoToPush
15:34:38.151 [main] INFO  f.i.s.r.p.i.ProjectInspector - ComputeClasspath
15:34:38.151 [main] INFO  f.i.s.r.p.i.ProjectInspector - ComputeModules
15:34:38.151 [main] INFO  f.i.s.r.p.i.ProjectInspector - CheckoutPatchedBuildCandidate
15:34:38.151 [main] INFO  f.i.s.r.p.i.ProjectInspector - BuildProjectPatchedBuildCandidate
15:34:38.152 [main] INFO  f.i.s.r.p.i.ProjectInspector - TestProjectPatchedBuildCandidate
15:34:38.152 [main] INFO  f.i.s.r.p.i.ProjectInspector - GatherTestInformationPatchedBuildCandidate
15:34:38.152 [main] INFO  f.i.s.r.p.i.ProjectInspector - CommitPatch
15:34:38.152 [main] INFO  f.i.s.r.p.i.ProjectInspector - WritePropertyFile
15:34:38.152 [main] INFO  f.i.s.r.p.i.ProjectInspector - CommitProcessEnd
15:34:38.152 [main] INFO  f.i.s.r.p.i.ProjectInspector - PushProcessEnd
15:34:38.153 [main] DEBUG f.i.s.r.process.step.CloneRepository - ----------------------------------------------------------------------
15:34:38.153 [main] DEBUG f.i.s.r.process.step.CloneRepository - STEP 1/18: CloneRepository
15:34:38.153 [main] DEBUG f.i.s.r.process.step.CloneRepository - ----------------------------------------------------------------------
15:34:38.153 [main] DEBUG f.i.s.r.process.step.CloneRepository - Cloning repository apache/flink in the following directory: ./workspace/apache/flink/341974584
15:35:42.104 [main] DEBUG f.i.s.r.process.step.CloneRepository - STEP STATUS: [ CloneRepository : SUCCESS ]
15:35:42.105 [main] DEBUG f.i.s.r.process.step.CloneRepository - STEP DURATION: 63s
15:35:42.105 [main] DEBUG f.i.s.r.process.step.CloneRepository - EXECUTE NEXT STEP
15:35:42.105 [main] DEBUG f.i.s.r.p.s.c.CheckoutBuggyBuild - ----------------------------------------------------------------------
15:35:42.105 [main] DEBUG f.i.s.r.p.s.c.CheckoutBuggyBuild - STEP 2/18: CheckoutBuggyBuildCandidate
15:35:42.106 [main] DEBUG f.i.s.r.p.s.c.CheckoutBuggyBuild - ----------------------------------------------------------------------
15:35:42.106 [main] DEBUG f.i.s.r.p.s.c.CheckoutBuggyBuild - Checking out buggy build candidate...
15:35:42.442 [main] INFO  fr.inria.jtravis.JTravis - GitHub ratelimit: Limit: 5000 Remaining: 4776 Reset hour: 19:25:18
15:35:46.625 [main] DEBUG f.i.s.r.p.s.c.CheckoutBuggyBuild - Reproduce the PR for apache/flink by fetching remote branch and merging.
15:35:50.216 [main] ERROR f.i.s.r.p.s.c.CheckoutBuggyBuild - Error while testing commit: org.eclipse.jgit.errors.MissingObjectException: Missing unknown d300986bced7db511e4eeeb0a76251880902a24f
15:35:50.217 [main] ERROR f.i.s.r.p.s.c.CheckoutBuggyBuild - Commit head ref cannot be retrieved from the repository: d300986bced7db511e4eeeb0a76251880902a24f. Operation aborted.
15:35:50.218 [main] ERROR f.i.s.r.p.s.c.CheckoutBuggyBuild - Error while merging two commits to reproduce the PR.
15:35:50.219 [main] DEBUG f.i.s.r.p.s.c.CheckoutBuggyBuild - STEP STATUS: [ CheckoutBuggyBuildCandidate : FAILURE ( BUILDNOTCHECKEDOUT ) ]
15:35:50.219 [main] DEBUG f.i.s.r.p.s.c.CheckoutBuggyBuild - STEP DURATION: 8s
15:35:50.219 [main] DEBUG f.i.s.r.p.s.c.CheckoutBuggyBuild - TERMINATE PIPELINE
15:35:50.219 [main] DEBUG f.i.s.r.p.s.c.CheckoutBuggyBuild - FINAL STEPS SKIPPED: The reproduction of the bug and/or the patch failed.
15:35:50.219 [main] INFO  f.i.s.r.p.s.c.CheckoutBuggyBuild - Serialize all data for the pair of builds 341974584, 342240819
15:35:50.340 [main] INFO  fr.inria.jtravis.JTravis - GitHub ratelimit: Limit: 5000 Remaining: 4769 Reset hour: 19:25:18
15:35:52.165 [main] INFO  f.i.s.r.p.i.ProjectInspector - ----------------------------------------------------------------------
15:35:52.165 [main] INFO  f.i.s.r.p.i.ProjectInspector - PIPELINE EXECUTION SUMMARY
15:35:52.165 [main] INFO  f.i.s.r.p.i.ProjectInspector - ----------------------------------------------------------------------
15:35:52.166 [main] INFO  f.i.s.r.p.i.ProjectInspector - CloneRepository.......................................SUCCESS [ 63 s ]
15:35:52.166 [main] INFO  f.i.s.r.p.i.ProjectInspector - CheckoutBuggyBuildCandidate...........................FAILURE [  8 s ]
15:35:52.166 [main] INFO  f.i.s.r.p.i.ProjectInspector - ComputeSourceDir......................................NOT RUN         
15:35:52.166 [main] INFO  f.i.s.r.p.i.ProjectInspector - ComputeTestDir........................................NOT RUN         
15:35:52.167 [main] INFO  f.i.s.r.p.i.ProjectInspector - BuildProjectBuggyBuildCandidate.......................NOT RUN         
15:35:52.167 [main] INFO  f.i.s.r.p.i.ProjectInspector - TestProjectBuggyBuildCandidate........................NOT RUN         
15:35:52.167 [main] INFO  f.i.s.r.p.i.ProjectInspector - GatherTestInformationBuggyBuildCandidate..............NOT RUN         
15:35:52.168 [main] INFO  f.i.s.r.p.i.ProjectInspector - InitRepoToPush........................................NOT RUN         
15:35:52.168 [main] INFO  f.i.s.r.p.i.ProjectInspector - ComputeClasspath......................................NOT RUN         
15:35:52.168 [main] INFO  f.i.s.r.p.i.ProjectInspector - ComputeModules........................................NOT RUN         
15:35:52.168 [main] INFO  f.i.s.r.p.i.ProjectInspector - CheckoutPatchedBuildCandidate.........................NOT RUN         
15:35:52.169 [main] INFO  f.i.s.r.p.i.ProjectInspector - BuildProjectPatchedBuildCandidate.....................NOT RUN         
15:35:52.169 [main] INFO  f.i.s.r.p.i.ProjectInspector - TestProjectPatchedBuildCandidate......................NOT RUN         
15:35:52.169 [main] INFO  f.i.s.r.p.i.ProjectInspector - GatherTestInformationPatchedBuildCandidate............NOT RUN         
15:35:52.169 [main] INFO  f.i.s.r.p.i.ProjectInspector - CommitPatch...........................................NOT RUN         
15:35:52.170 [main] INFO  f.i.s.r.p.i.ProjectInspector - WritePropertyFile.....................................NOT RUN         
15:35:52.170 [main] INFO  f.i.s.r.p.i.ProjectInspector - CommitProcessEnd......................................NOT RUN         
15:35:52.171 [main] INFO  f.i.s.r.p.i.ProjectInspector - PushProcessEnd........................................NOT RUN         
15:35:52.171 [main] INFO  f.i.s.r.p.i.ProjectInspector - ----------------------------------------------------------------------
15:35:52.171 [main] INFO  f.i.s.r.p.i.ProjectInspector - PIPELINE FINDING: BUILDNOTCHECKEDOUT
15:35:52.171 [main] INFO  f.i.s.r.p.i.ProjectInspector - ----------------------------------------------------------------------
15:35:52.172 [main] INFO  f.i.s.repairnator.pipeline.Launcher - Inspector is finished. The process will exit now.
