19:23:58.639 [main] INFO  f.i.s.repairnator.pipeline.Launcher - PIPELINE VERSION: 3.0-2018-08-09 19:04
19:23:58.801 [main] INFO  f.i.s.repairnator.pipeline.Launcher - The pipeline will try to reproduce a bug from build 342653257 and its corresponding patch from build 342655084
19:23:58.802 [main] INFO  f.i.s.repairnator.pipeline.Launcher - Initialize file serializer engines.
19:23:58.804 [main] INFO  f.i.s.repairnator.pipeline.Launcher - MongoDB won't be used for serialization.
19:23:58.804 [main] INFO  f.i.s.repairnator.pipeline.Launcher - The email notifier engine won't be used.
19:23:58.808 [main] INFO  f.i.s.repairnator.pipeline.Launcher - Start by getting the build (buildId: 342653257) with the following config: RepairnatorConfig{runId='f6547159-c29d-40d6-8a8e-3c2ad13c6286_02-18-week3-FAILING_AND_PASSING', launcherMode=BEARS, serializeJson=true, inputPath='null', outputPath='/var/log', mongodbHost='null', mongodbName='repairnator', smtpServer='null', notifyTo=[], notifyEndProcess=false, push=true, pushRemoteRepo='https://github.com/fermadeiral/bears-collection-fp', fork=false, lookFromDate=null, lookToDate=null, buildId=342653257, z3solverPath='./z3_for_linux', workspacePath='./workspace', githubToken='c8a341a903[...]', dockerImageName='null', skipDelete=false, createOutputDir=false, logDirectory='null', nbThreads=0, globalTimeout=0, whiteList=null, blackList=null, jobSleepTime=0, buildSleepTime=0, maxInspectedBuilds=0, duration=null, humanPatch=false, repository='null', clean=true, bearsMode=BOTH, bearsDelimiter = false, repairTools=NopolAllTests,NPEFix,AssertFixer,AstorJGenProg,AstorJKali,NopolSingleTest,AstorJMut,NopolTestExclusionStrategy, githubUserName= fermadeiral, githubUserEmail=fer.madeiral@gmail.com}
19:24:00.181 [main] DEBUG fr.inria.jtravis.helpers.BuildHelper - Get request to :https://api.travis-ci.org/build/342653257 done after 865 ms
19:24:00.498 [main] DEBUG fr.inria.jtravis.helpers.BuildHelper - Get request to :https://api.travis-ci.org/build/342655084 done after 233 ms
19:24:00.533 [main] INFO  f.i.s.repairnator.pipeline.Launcher - The patched build (342655084) was successfully retrieved from Travis.
19:24:01.564 [main] INFO  fr.inria.jtravis.JTravis - GitHub ratelimit: Limit: 5000 Remaining: 4685 Reset hour: 19:25:33
19:24:02.085 [main] INFO  f.i.s.r.p.i.ProjectInspector - ----------------------------------------------------------------------
19:24:02.085 [main] INFO  f.i.s.r.p.i.ProjectInspector - PIPELINE STEPS
19:24:02.085 [main] INFO  f.i.s.r.p.i.ProjectInspector - ----------------------------------------------------------------------
19:24:02.086 [main] INFO  f.i.s.r.p.i.ProjectInspector - CloneRepository
19:24:02.086 [main] INFO  f.i.s.r.p.i.ProjectInspector - CheckoutBuggyBuildCandidate
19:24:02.086 [main] INFO  f.i.s.r.p.i.ProjectInspector - ComputeSourceDir
19:24:02.086 [main] INFO  f.i.s.r.p.i.ProjectInspector - ComputeTestDir
19:24:02.086 [main] INFO  f.i.s.r.p.i.ProjectInspector - BuildProjectBuggyBuildCandidate
19:24:02.087 [main] INFO  f.i.s.r.p.i.ProjectInspector - TestProjectBuggyBuildCandidate
19:24:02.087 [main] INFO  f.i.s.r.p.i.ProjectInspector - GatherTestInformationBuggyBuildCandidate
19:24:02.087 [main] INFO  f.i.s.r.p.i.ProjectInspector - InitRepoToPush
19:24:02.087 [main] INFO  f.i.s.r.p.i.ProjectInspector - ComputeClasspath
19:24:02.087 [main] INFO  f.i.s.r.p.i.ProjectInspector - ComputeModules
19:24:02.088 [main] INFO  f.i.s.r.p.i.ProjectInspector - CheckoutPatchedBuildCandidate
19:24:02.088 [main] INFO  f.i.s.r.p.i.ProjectInspector - BuildProjectPatchedBuildCandidate
19:24:02.088 [main] INFO  f.i.s.r.p.i.ProjectInspector - TestProjectPatchedBuildCandidate
19:24:02.088 [main] INFO  f.i.s.r.p.i.ProjectInspector - GatherTestInformationPatchedBuildCandidate
19:24:02.088 [main] INFO  f.i.s.r.p.i.ProjectInspector - CommitPatch
19:24:02.088 [main] INFO  f.i.s.r.p.i.ProjectInspector - WritePropertyFile
19:24:02.089 [main] INFO  f.i.s.r.p.i.ProjectInspector - CommitProcessEnd
19:24:02.089 [main] INFO  f.i.s.r.p.i.ProjectInspector - PushProcessEnd
19:24:02.089 [main] DEBUG f.i.s.r.process.step.CloneRepository - ----------------------------------------------------------------------
19:24:02.090 [main] DEBUG f.i.s.r.process.step.CloneRepository - STEP 1/18: CloneRepository
19:24:02.090 [main] DEBUG f.i.s.r.process.step.CloneRepository - ----------------------------------------------------------------------
19:24:02.090 [main] DEBUG f.i.s.r.process.step.CloneRepository - Cloning repository batfish/batfish in the following directory: ./workspace/batfish/batfish/342653257
19:24:53.855 [main] DEBUG f.i.s.r.process.step.CloneRepository - STEP STATUS: [ CloneRepository : SUCCESS ]
19:24:53.856 [main] DEBUG f.i.s.r.process.step.CloneRepository - STEP DURATION: 51s
19:24:53.856 [main] DEBUG f.i.s.r.process.step.CloneRepository - EXECUTE NEXT STEP
19:24:53.856 [main] DEBUG f.i.s.r.p.s.c.CheckoutBuggyBuild - ----------------------------------------------------------------------
19:24:53.857 [main] DEBUG f.i.s.r.p.s.c.CheckoutBuggyBuild - STEP 2/18: CheckoutBuggyBuildCandidate
19:24:53.857 [main] DEBUG f.i.s.r.p.s.c.CheckoutBuggyBuild - ----------------------------------------------------------------------
19:24:53.857 [main] DEBUG f.i.s.r.p.s.c.CheckoutBuggyBuild - Checking out buggy build candidate...
19:24:54.210 [main] INFO  fr.inria.jtravis.JTravis - GitHub ratelimit: Limit: 5000 Remaining: 4672 Reset hour: 19:25:33
19:24:56.799 [main] DEBUG f.i.s.r.p.s.c.CheckoutBuggyBuild - Reproduce the PR for batfish/batfish by fetching remote branch and merging.
19:24:57.728 [main] ERROR f.i.s.r.p.s.c.CheckoutBuggyBuild - Error while testing commit: org.eclipse.jgit.errors.MissingObjectException: Missing unknown c16c3b33d1ade01a059fafb8c4ef542ddb7a820e
19:24:57.729 [main] ERROR f.i.s.r.p.s.c.CheckoutBuggyBuild - Commit head ref cannot be retrieved from the repository: c16c3b33d1ade01a059fafb8c4ef542ddb7a820e. Operation aborted.
19:24:57.729 [main] ERROR f.i.s.r.p.s.c.CheckoutBuggyBuild - Error while merging two commits to reproduce the PR.
19:24:57.730 [main] DEBUG f.i.s.r.p.s.c.CheckoutBuggyBuild - STEP STATUS: [ CheckoutBuggyBuildCandidate : FAILURE ( BUILDNOTCHECKEDOUT ) ]
19:24:57.730 [main] DEBUG f.i.s.r.p.s.c.CheckoutBuggyBuild - STEP DURATION: 3s
19:24:57.730 [main] DEBUG f.i.s.r.p.s.c.CheckoutBuggyBuild - TERMINATE PIPELINE
19:24:57.731 [main] DEBUG f.i.s.r.p.s.c.CheckoutBuggyBuild - FINAL STEPS SKIPPED: The reproduction of the bug and/or the patch failed.
19:24:57.731 [main] INFO  f.i.s.r.p.s.c.CheckoutBuggyBuild - Serialize all data for the pair of builds 342653257, 342655084
19:24:57.858 [main] INFO  fr.inria.jtravis.JTravis - GitHub ratelimit: Limit: 5000 Remaining: 4665 Reset hour: 19:25:33
19:24:58.829 [main] INFO  f.i.s.r.p.i.ProjectInspector - ----------------------------------------------------------------------
19:24:58.830 [main] INFO  f.i.s.r.p.i.ProjectInspector - PIPELINE EXECUTION SUMMARY
19:24:58.830 [main] INFO  f.i.s.r.p.i.ProjectInspector - ----------------------------------------------------------------------
19:24:58.830 [main] INFO  f.i.s.r.p.i.ProjectInspector - CloneRepository.......................................SUCCESS [ 51 s ]
19:24:58.830 [main] INFO  f.i.s.r.p.i.ProjectInspector - CheckoutBuggyBuildCandidate...........................FAILURE [  3 s ]
19:24:58.830 [main] INFO  f.i.s.r.p.i.ProjectInspector - ComputeSourceDir......................................NOT RUN         
19:24:58.830 [main] INFO  f.i.s.r.p.i.ProjectInspector - ComputeTestDir........................................NOT RUN         
19:24:58.831 [main] INFO  f.i.s.r.p.i.ProjectInspector - BuildProjectBuggyBuildCandidate.......................NOT RUN         
19:24:58.831 [main] INFO  f.i.s.r.p.i.ProjectInspector - TestProjectBuggyBuildCandidate........................NOT RUN         
19:24:58.831 [main] INFO  f.i.s.r.p.i.ProjectInspector - GatherTestInformationBuggyBuildCandidate..............NOT RUN         
19:24:58.831 [main] INFO  f.i.s.r.p.i.ProjectInspector - InitRepoToPush........................................NOT RUN         
19:24:58.831 [main] INFO  f.i.s.r.p.i.ProjectInspector - ComputeClasspath......................................NOT RUN         
19:24:58.831 [main] INFO  f.i.s.r.p.i.ProjectInspector - ComputeModules........................................NOT RUN         
19:24:58.831 [main] INFO  f.i.s.r.p.i.ProjectInspector - CheckoutPatchedBuildCandidate.........................NOT RUN         
19:24:58.831 [main] INFO  f.i.s.r.p.i.ProjectInspector - BuildProjectPatchedBuildCandidate.....................NOT RUN         
19:24:58.832 [main] INFO  f.i.s.r.p.i.ProjectInspector - TestProjectPatchedBuildCandidate......................NOT RUN         
19:24:58.832 [main] INFO  f.i.s.r.p.i.ProjectInspector - GatherTestInformationPatchedBuildCandidate............NOT RUN         
19:24:58.832 [main] INFO  f.i.s.r.p.i.ProjectInspector - CommitPatch...........................................NOT RUN         
19:24:58.832 [main] INFO  f.i.s.r.p.i.ProjectInspector - WritePropertyFile.....................................NOT RUN         
19:24:58.832 [main] INFO  f.i.s.r.p.i.ProjectInspector - CommitProcessEnd......................................NOT RUN         
19:24:58.832 [main] INFO  f.i.s.r.p.i.ProjectInspector - PushProcessEnd........................................NOT RUN         
19:24:58.832 [main] INFO  f.i.s.r.p.i.ProjectInspector - ----------------------------------------------------------------------
19:24:58.832 [main] INFO  f.i.s.r.p.i.ProjectInspector - PIPELINE FINDING: BUILDNOTCHECKEDOUT
19:24:58.832 [main] INFO  f.i.s.r.p.i.ProjectInspector - ----------------------------------------------------------------------
19:24:58.832 [main] INFO  f.i.s.repairnator.pipeline.Launcher - Inspector is finished. The process will exit now.
