03:44:29.461 [main] INFO  f.i.s.repairnator.pipeline.Launcher - PIPELINE VERSION: 3.0-2018-08-09 19:04
03:44:29.598 [main] INFO  f.i.s.repairnator.pipeline.Launcher - The pipeline will try to reproduce a bug from build 363352939 and its corresponding patch from build 363363390
03:44:29.598 [main] INFO  f.i.s.repairnator.pipeline.Launcher - Initialize file serializer engines.
03:44:29.600 [main] INFO  f.i.s.repairnator.pipeline.Launcher - MongoDB won't be used for serialization.
03:44:29.600 [main] INFO  f.i.s.repairnator.pipeline.Launcher - The email notifier engine won't be used.
03:44:29.604 [main] INFO  f.i.s.repairnator.pipeline.Launcher - Start by getting the build (buildId: 363352939) with the following config: RepairnatorConfig{runId='c528381b-1d5b-4a22-a74f-ab72178e0533_04-18-week1-PASSING_AND_PASSING', launcherMode=BEARS, serializeJson=true, inputPath='null', outputPath='/var/log', mongodbHost='null', mongodbName='repairnator', smtpServer='null', notifyTo=[], notifyEndProcess=false, push=true, pushRemoteRepo='https://github.com/fermadeiral/bears-collection-pp', fork=false, lookFromDate=null, lookToDate=null, buildId=363352939, z3solverPath='./z3_for_linux', workspacePath='./workspace', githubToken='c8a341a903[...]', dockerImageName='null', skipDelete=false, createOutputDir=false, logDirectory='null', nbThreads=0, globalTimeout=0, whiteList=null, blackList=null, jobSleepTime=0, buildSleepTime=0, maxInspectedBuilds=0, duration=null, humanPatch=false, repository='null', clean=true, bearsMode=BOTH, bearsDelimiter = false, repairTools=NopolAllTests,NPEFix,AssertFixer,AstorJGenProg,AstorJKali,NopolSingleTest,AstorJMut,NopolTestExclusionStrategy, githubUserName= fermadeiral, githubUserEmail=fer.madeiral@gmail.com}
03:44:30.914 [main] DEBUG fr.inria.jtravis.helpers.BuildHelper - Get request to :https://api.travis-ci.org/build/363352939 done after 834 ms
03:44:31.233 [main] DEBUG fr.inria.jtravis.helpers.BuildHelper - Get request to :https://api.travis-ci.org/build/363363390 done after 240 ms
03:44:31.249 [main] INFO  f.i.s.repairnator.pipeline.Launcher - The patched build (363363390) was successfully retrieved from Travis.
03:44:32.331 [main] INFO  fr.inria.jtravis.JTravis - GitHub ratelimit: Limit: 5000 Remaining: 4637 Reset hour: 19:37:33
03:44:32.612 [main] INFO  f.i.s.r.p.i.ProjectInspector - ----------------------------------------------------------------------
03:44:32.612 [main] INFO  f.i.s.r.p.i.ProjectInspector - PIPELINE STEPS
03:44:32.613 [main] INFO  f.i.s.r.p.i.ProjectInspector - ----------------------------------------------------------------------
03:44:32.613 [main] INFO  f.i.s.r.p.i.ProjectInspector - CloneRepository
03:44:32.613 [main] INFO  f.i.s.r.p.i.ProjectInspector - CheckoutPatchedBuildCandidate
03:44:32.613 [main] INFO  f.i.s.r.p.i.ProjectInspector - ComputeSourceDir
03:44:32.613 [main] INFO  f.i.s.r.p.i.ProjectInspector - ComputeTestDir
03:44:32.613 [main] INFO  f.i.s.r.p.i.ProjectInspector - CheckoutBuggyBuildCandidateSourceCode
03:44:32.613 [main] INFO  f.i.s.r.p.i.ProjectInspector - BuildProjectBuggyBuildCandidateSourceCode
03:44:32.613 [main] INFO  f.i.s.r.p.i.ProjectInspector - TestProjectBuggyBuildCandidateSourceCode
03:44:32.614 [main] INFO  f.i.s.r.p.i.ProjectInspector - GatherTestInformationBuggyBuildCandidateSourceCode
03:44:32.614 [main] INFO  f.i.s.r.p.i.ProjectInspector - CheckoutBuggyBuildTestCode
03:44:32.614 [main] INFO  f.i.s.r.p.i.ProjectInspector - InitRepoToPush
03:44:32.614 [main] INFO  f.i.s.r.p.i.ProjectInspector - ComputeClasspath
03:44:32.614 [main] INFO  f.i.s.r.p.i.ProjectInspector - ComputeModules
03:44:32.614 [main] INFO  f.i.s.r.p.i.ProjectInspector - CheckoutBuggyBuildCandidateSourceCode
03:44:32.614 [main] INFO  f.i.s.r.p.i.ProjectInspector - CommitChangedTests
03:44:32.614 [main] INFO  f.i.s.r.p.i.ProjectInspector - CheckoutPatchedBuildCandidate
03:44:32.615 [main] INFO  f.i.s.r.p.i.ProjectInspector - BuildProjectPatchedBuildCandidate
03:44:32.615 [main] INFO  f.i.s.r.p.i.ProjectInspector - TestProjectPatchedBuildCandidate
03:44:32.615 [main] INFO  f.i.s.r.p.i.ProjectInspector - GatherTestInformationPatchedBuildCandidate
03:44:32.615 [main] INFO  f.i.s.r.p.i.ProjectInspector - CommitPatch
03:44:32.616 [main] INFO  f.i.s.r.p.i.ProjectInspector - WritePropertyFile
03:44:32.616 [main] INFO  f.i.s.r.p.i.ProjectInspector - CommitProcessEnd
03:44:32.616 [main] INFO  f.i.s.r.p.i.ProjectInspector - PushProcessEnd
03:44:32.616 [main] DEBUG f.i.s.r.process.step.CloneRepository - ----------------------------------------------------------------------
03:44:32.616 [main] DEBUG f.i.s.r.process.step.CloneRepository - STEP 1/22: CloneRepository
03:44:32.617 [main] DEBUG f.i.s.r.process.step.CloneRepository - ----------------------------------------------------------------------
03:44:32.617 [main] DEBUG f.i.s.r.process.step.CloneRepository - Cloning repository batfish/batfish in the following directory: ./workspace/batfish/batfish/363352939
03:45:24.123 [main] DEBUG f.i.s.r.process.step.CloneRepository - STEP STATUS: [ CloneRepository : SUCCESS ]
03:45:24.123 [main] DEBUG f.i.s.r.process.step.CloneRepository - STEP DURATION: 51s
03:45:24.123 [main] DEBUG f.i.s.r.process.step.CloneRepository - EXECUTE NEXT STEP
03:45:24.124 [main] DEBUG f.i.s.r.p.s.c.CheckoutPatchedBuild - ----------------------------------------------------------------------
03:45:24.124 [main] DEBUG f.i.s.r.p.s.c.CheckoutPatchedBuild - STEP 2/22: CheckoutPatchedBuildCandidate
03:45:24.124 [main] DEBUG f.i.s.r.p.s.c.CheckoutPatchedBuild - ----------------------------------------------------------------------
03:45:24.124 [main] DEBUG f.i.s.r.p.s.c.CheckoutPatchedBuild - Checking out patched build candidate...
03:45:24.451 [main] INFO  fr.inria.jtravis.JTravis - GitHub ratelimit: Limit: 5000 Remaining: 4632 Reset hour: 19:37:33
03:45:26.242 [main] DEBUG f.i.s.r.p.s.c.CheckoutPatchedBuild - Reproduce the PR for batfish/batfish by fetching remote branch and merging.
03:45:26.649 [main] ERROR f.i.s.r.p.s.c.CheckoutPatchedBuild - Error while testing commit: org.eclipse.jgit.errors.MissingObjectException: Missing unknown 01eeee8cbfe2520b723d0e985ce11dbe331f4ea8
03:45:26.650 [main] ERROR f.i.s.r.p.s.c.CheckoutPatchedBuild - Commit head ref cannot be retrieved from the repository: 01eeee8cbfe2520b723d0e985ce11dbe331f4ea8. Operation aborted.
03:45:26.651 [main] ERROR f.i.s.r.p.s.c.CheckoutPatchedBuild - Error while merging two commits to reproduce the PR.
03:45:26.652 [main] DEBUG f.i.s.r.p.s.c.CheckoutPatchedBuild - STEP STATUS: [ CheckoutPatchedBuildCandidate : FAILURE ( BUILDNOTCHECKEDOUT ) ]
03:45:26.652 [main] DEBUG f.i.s.r.p.s.c.CheckoutPatchedBuild - STEP DURATION: 2s
03:45:26.653 [main] DEBUG f.i.s.r.p.s.c.CheckoutPatchedBuild - TERMINATE PIPELINE
03:45:26.653 [main] DEBUG f.i.s.r.p.s.c.CheckoutPatchedBuild - FINAL STEPS SKIPPED: The reproduction of the bug and/or the patch failed.
03:45:26.653 [main] INFO  f.i.s.r.p.s.c.CheckoutPatchedBuild - Serialize all data for the pair of builds 363352939, 363363390
03:45:26.778 [main] INFO  fr.inria.jtravis.JTravis - GitHub ratelimit: Limit: 5000 Remaining: 4625 Reset hour: 19:37:33
03:45:27.664 [main] INFO  f.i.s.r.p.i.ProjectInspector - ----------------------------------------------------------------------
03:45:27.664 [main] INFO  f.i.s.r.p.i.ProjectInspector - PIPELINE EXECUTION SUMMARY
03:45:27.665 [main] INFO  f.i.s.r.p.i.ProjectInspector - ----------------------------------------------------------------------
03:45:27.665 [main] INFO  f.i.s.r.p.i.ProjectInspector - CloneRepository.......................................SUCCESS [ 51 s ]
03:45:27.665 [main] INFO  f.i.s.r.p.i.ProjectInspector - CheckoutPatchedBuildCandidate.........................FAILURE [  2 s ]
03:45:27.665 [main] INFO  f.i.s.r.p.i.ProjectInspector - ComputeSourceDir......................................NOT RUN         
03:45:27.666 [main] INFO  f.i.s.r.p.i.ProjectInspector - ComputeTestDir........................................NOT RUN         
03:45:27.666 [main] INFO  f.i.s.r.p.i.ProjectInspector - CheckoutBuggyBuildCandidateSourceCode.................NOT RUN         
03:45:27.666 [main] INFO  f.i.s.r.p.i.ProjectInspector - BuildProjectBuggyBuildCandidateSourceCode.............NOT RUN         
03:45:27.666 [main] INFO  f.i.s.r.p.i.ProjectInspector - TestProjectBuggyBuildCandidateSourceCode..............NOT RUN         
03:45:27.666 [main] INFO  f.i.s.r.p.i.ProjectInspector - GatherTestInformationBuggyBuildCandidateSourceCode....NOT RUN         
03:45:27.666 [main] INFO  f.i.s.r.p.i.ProjectInspector - CheckoutBuggyBuildTestCode............................NOT RUN         
03:45:27.667 [main] INFO  f.i.s.r.p.i.ProjectInspector - InitRepoToPush........................................NOT RUN         
03:45:27.667 [main] INFO  f.i.s.r.p.i.ProjectInspector - ComputeClasspath......................................NOT RUN         
03:45:27.667 [main] INFO  f.i.s.r.p.i.ProjectInspector - ComputeModules........................................NOT RUN         
03:45:27.667 [main] INFO  f.i.s.r.p.i.ProjectInspector - CheckoutBuggyBuildCandidateSourceCode.................NOT RUN         
03:45:27.667 [main] INFO  f.i.s.r.p.i.ProjectInspector - CommitChangedTests....................................NOT RUN         
03:45:27.667 [main] INFO  f.i.s.r.p.i.ProjectInspector - CheckoutPatchedBuildCandidate.........................NOT RUN         
03:45:27.667 [main] INFO  f.i.s.r.p.i.ProjectInspector - BuildProjectPatchedBuildCandidate.....................NOT RUN         
03:45:27.667 [main] INFO  f.i.s.r.p.i.ProjectInspector - TestProjectPatchedBuildCandidate......................NOT RUN         
03:45:27.668 [main] INFO  f.i.s.r.p.i.ProjectInspector - GatherTestInformationPatchedBuildCandidate............NOT RUN         
03:45:27.668 [main] INFO  f.i.s.r.p.i.ProjectInspector - CommitPatch...........................................NOT RUN         
03:45:27.668 [main] INFO  f.i.s.r.p.i.ProjectInspector - WritePropertyFile.....................................NOT RUN         
03:45:27.668 [main] INFO  f.i.s.r.p.i.ProjectInspector - CommitProcessEnd......................................NOT RUN         
03:45:27.668 [main] INFO  f.i.s.r.p.i.ProjectInspector - PushProcessEnd........................................NOT RUN         
03:45:27.668 [main] INFO  f.i.s.r.p.i.ProjectInspector - ----------------------------------------------------------------------
03:45:27.668 [main] INFO  f.i.s.r.p.i.ProjectInspector - PIPELINE FINDING: BUILDNOTCHECKEDOUT
03:45:27.668 [main] INFO  f.i.s.r.p.i.ProjectInspector - ----------------------------------------------------------------------
03:45:27.669 [main] INFO  f.i.s.repairnator.pipeline.Launcher - Inspector is finished. The process will exit now.
