23:58:56.083 [main] INFO  f.i.s.repairnator.pipeline.Launcher - PIPELINE VERSION: 3.0-2018-08-09 19:04
23:58:56.264 [main] INFO  f.i.s.repairnator.pipeline.Launcher - The pipeline will try to reproduce a bug from build 362120928 and its corresponding patch from build 363164623
23:58:56.265 [main] INFO  f.i.s.repairnator.pipeline.Launcher - Initialize file serializer engines.
23:58:56.268 [main] INFO  f.i.s.repairnator.pipeline.Launcher - MongoDB won't be used for serialization.
23:58:56.268 [main] INFO  f.i.s.repairnator.pipeline.Launcher - The email notifier engine won't be used.
23:58:56.273 [main] INFO  f.i.s.repairnator.pipeline.Launcher - Start by getting the build (buildId: 362120928) with the following config: RepairnatorConfig{runId='c528381b-1d5b-4a22-a74f-ab72178e0533_04-18-week1-PASSING_AND_PASSING', launcherMode=BEARS, serializeJson=true, inputPath='null', outputPath='/var/log', mongodbHost='null', mongodbName='repairnator', smtpServer='null', notifyTo=[], notifyEndProcess=false, push=true, pushRemoteRepo='https://github.com/fermadeiral/bears-collection-pp', fork=false, lookFromDate=null, lookToDate=null, buildId=362120928, z3solverPath='./z3_for_linux', workspacePath='./workspace', githubToken='c8a341a903[...]', dockerImageName='null', skipDelete=false, createOutputDir=false, logDirectory='null', nbThreads=0, globalTimeout=0, whiteList=null, blackList=null, jobSleepTime=0, buildSleepTime=0, maxInspectedBuilds=0, duration=null, humanPatch=false, repository='null', clean=true, bearsMode=BOTH, bearsDelimiter = false, repairTools=NopolAllTests,NPEFix,AssertFixer,AstorJGenProg,AstorJKali,NopolSingleTest,AstorJMut,NopolTestExclusionStrategy, githubUserName= fermadeiral, githubUserEmail=fer.madeiral@gmail.com}
23:58:58.234 [main] DEBUG fr.inria.jtravis.helpers.BuildHelper - Get request to :https://api.travis-ci.org/build/362120928 done after 1333 ms
23:58:58.531 [main] DEBUG fr.inria.jtravis.helpers.BuildHelper - Get request to :https://api.travis-ci.org/build/363164623 done after 138 ms
23:58:58.552 [main] INFO  f.i.s.repairnator.pipeline.Launcher - The patched build (363164623) was successfully retrieved from Travis.
23:58:59.854 [main] INFO  fr.inria.jtravis.JTravis - GitHub ratelimit: Limit: 5000 Remaining: 4996 Reset hour: 19:37:22
23:59:00.141 [main] INFO  f.i.s.r.p.i.ProjectInspector - ----------------------------------------------------------------------
23:59:00.141 [main] INFO  f.i.s.r.p.i.ProjectInspector - PIPELINE STEPS
23:59:00.142 [main] INFO  f.i.s.r.p.i.ProjectInspector - ----------------------------------------------------------------------
23:59:00.142 [main] INFO  f.i.s.r.p.i.ProjectInspector - CloneRepository
23:59:00.142 [main] INFO  f.i.s.r.p.i.ProjectInspector - CheckoutPatchedBuildCandidate
23:59:00.143 [main] INFO  f.i.s.r.p.i.ProjectInspector - ComputeSourceDir
23:59:00.143 [main] INFO  f.i.s.r.p.i.ProjectInspector - ComputeTestDir
23:59:00.143 [main] INFO  f.i.s.r.p.i.ProjectInspector - CheckoutBuggyBuildCandidateSourceCode
23:59:00.144 [main] INFO  f.i.s.r.p.i.ProjectInspector - BuildProjectBuggyBuildCandidateSourceCode
23:59:00.144 [main] INFO  f.i.s.r.p.i.ProjectInspector - TestProjectBuggyBuildCandidateSourceCode
23:59:00.144 [main] INFO  f.i.s.r.p.i.ProjectInspector - GatherTestInformationBuggyBuildCandidateSourceCode
23:59:00.145 [main] INFO  f.i.s.r.p.i.ProjectInspector - CheckoutBuggyBuildTestCode
23:59:00.145 [main] INFO  f.i.s.r.p.i.ProjectInspector - InitRepoToPush
23:59:00.145 [main] INFO  f.i.s.r.p.i.ProjectInspector - ComputeClasspath
23:59:00.146 [main] INFO  f.i.s.r.p.i.ProjectInspector - ComputeModules
23:59:00.146 [main] INFO  f.i.s.r.p.i.ProjectInspector - CheckoutBuggyBuildCandidateSourceCode
23:59:00.147 [main] INFO  f.i.s.r.p.i.ProjectInspector - CommitChangedTests
23:59:00.147 [main] INFO  f.i.s.r.p.i.ProjectInspector - CheckoutPatchedBuildCandidate
23:59:00.147 [main] INFO  f.i.s.r.p.i.ProjectInspector - BuildProjectPatchedBuildCandidate
23:59:00.148 [main] INFO  f.i.s.r.p.i.ProjectInspector - TestProjectPatchedBuildCandidate
23:59:00.148 [main] INFO  f.i.s.r.p.i.ProjectInspector - GatherTestInformationPatchedBuildCandidate
23:59:00.149 [main] INFO  f.i.s.r.p.i.ProjectInspector - CommitPatch
23:59:00.149 [main] INFO  f.i.s.r.p.i.ProjectInspector - WritePropertyFile
23:59:00.149 [main] INFO  f.i.s.r.p.i.ProjectInspector - CommitProcessEnd
23:59:00.150 [main] INFO  f.i.s.r.p.i.ProjectInspector - PushProcessEnd
23:59:00.150 [main] DEBUG f.i.s.r.process.step.CloneRepository - ----------------------------------------------------------------------
23:59:00.151 [main] DEBUG f.i.s.r.process.step.CloneRepository - STEP 1/22: CloneRepository
23:59:00.151 [main] DEBUG f.i.s.r.process.step.CloneRepository - ----------------------------------------------------------------------
23:59:00.152 [main] DEBUG f.i.s.r.process.step.CloneRepository - Cloning repository apache/flink in the following directory: ./workspace/apache/flink/362120928
00:00:16.171 [main] DEBUG f.i.s.r.process.step.CloneRepository - STEP STATUS: [ CloneRepository : SUCCESS ]
00:00:16.171 [main] DEBUG f.i.s.r.process.step.CloneRepository - STEP DURATION: 76s
00:00:16.172 [main] DEBUG f.i.s.r.process.step.CloneRepository - EXECUTE NEXT STEP
00:00:16.172 [main] DEBUG f.i.s.r.p.s.c.CheckoutPatchedBuild - ----------------------------------------------------------------------
00:00:16.172 [main] DEBUG f.i.s.r.p.s.c.CheckoutPatchedBuild - STEP 2/22: CheckoutPatchedBuildCandidate
00:00:16.172 [main] DEBUG f.i.s.r.p.s.c.CheckoutPatchedBuild - ----------------------------------------------------------------------
00:00:16.172 [main] DEBUG f.i.s.r.p.s.c.CheckoutPatchedBuild - Checking out patched build candidate...
00:00:16.529 [main] INFO  fr.inria.jtravis.JTravis - GitHub ratelimit: Limit: 5000 Remaining: 4983 Reset hour: 19:37:22
00:00:19.353 [main] DEBUG f.i.s.r.p.s.c.CheckoutPatchedBuild - Reproduce the PR for apache/flink by fetching remote branch and merging.
00:00:26.888 [main] DEBUG f.i.s.r.process.git.GitHelper - Step CheckoutPatchedBuildCandidate - Get the commit eed007a9297186e0a61c924604af0b8a566de473 for repo apache/flink
00:00:28.485 [main] DEBUG f.i.s.r.process.git.GitHelper - Step CheckoutPatchedBuildCandidate - Do the merge with the PR commit for repo apache/flink
00:00:30.032 [main] INFO  f.i.s.r.process.git.GitHelper - Init git submodules.
00:00:30.262 [main] DEBUG f.i.s.r.p.s.c.CheckoutPatchedBuild - STEP STATUS: [ CheckoutPatchedBuildCandidate : SUCCESS ]
00:00:30.262 [main] DEBUG f.i.s.r.p.s.c.CheckoutPatchedBuild - STEP DURATION: 14s
00:00:30.263 [main] DEBUG f.i.s.r.p.s.c.CheckoutPatchedBuild - EXECUTE NEXT STEP
00:00:30.263 [main] DEBUG f.i.s.r.p.s.paths.ComputeSourceDir - ----------------------------------------------------------------------
00:00:30.263 [main] DEBUG f.i.s.r.p.s.paths.ComputeSourceDir - STEP 3/22: ComputeSourceDir
00:00:30.264 [main] DEBUG f.i.s.r.p.s.paths.ComputeSourceDir - ----------------------------------------------------------------------
00:00:30.264 [main] DEBUG f.i.s.r.p.s.paths.ComputeSourceDir - Computing the source directory ...
00:00:30.265 [main] DEBUG f.i.s.r.p.s.paths.ComputeSourceDir - The default source directory (/root/workspace/apache/flink/362120928/src/main/java) does not exist. Try to read pom.xml to get information.
00:00:30.387 [main] DEBUG f.i.s.r.p.m.RepositoryModelResolver - Downloading https://repo1.maven.org/maven2/org/apache/apache/18/apache-18.pom
00:00:30.579 [main] DEBUG f.i.s.r.p.s.paths.ComputeSourceDir - The source directory given in pom.xml (/root/workspace/apache/flink/362120928/src/main/java) does not exist. Continue to try to get source dir from all modules.
00:00:30.580 [main] DEBUG f.i.s.r.p.s.paths.ComputeSourceDir - The default source directory (/root/workspace/apache/flink/362120928/tools/force-shading/src/main/java) does not exist. Try to read pom.xml to get information.
00:00:30.587 [main] DEBUG f.i.s.r.p.s.paths.ComputeSourceDir - The source directory given in pom.xml (/root/workspace/apache/flink/362120928/tools/force-shading/src/main/java) does not exist. Continue to try to get source dir from all modules.
00:00:30.590 [main] ERROR f.i.s.r.p.s.paths.ComputeSourceDir - The source directory is not at default location or specified in build section from pom.xml, and no parent can be found.
00:00:30.614 [main] DEBUG f.i.s.r.p.s.paths.ComputeSourceDir - The default source directory (/root/workspace/apache/flink/362120928/flink-shaded-hadoop/src/main/java) does not exist. Try to read pom.xml to get information.
00:00:30.647 [main] DEBUG f.i.s.r.p.s.paths.ComputeSourceDir - The source directory given in pom.xml (/root/workspace/apache/flink/362120928/flink-shaded-hadoop/src/main/java) does not exist. Continue to try to get source dir from all modules.
00:00:30.647 [main] DEBUG f.i.s.r.p.s.paths.ComputeSourceDir - The default source directory (/root/workspace/apache/flink/362120928/flink-shaded-hadoop/flink-shaded-hadoop2/src/main/java) does not exist. Try to read pom.xml to get information.
00:00:30.691 [main] DEBUG f.i.s.r.p.s.paths.ComputeSourceDir - The source directory given in pom.xml (/root/workspace/apache/flink/362120928/flink-shaded-hadoop/flink-shaded-hadoop2/src/main/java) does not exist. Continue to try to get source dir from all modules.
00:00:30.692 [main] ERROR f.i.s.r.p.s.paths.ComputeSourceDir - The source directory is not at default location or specified in build section from pom.xml, and no parent can be found.
00:00:30.692 [main] DEBUG f.i.s.r.p.s.paths.ComputeSourceDir - The default source directory (/root/workspace/apache/flink/362120928/flink-shaded-hadoop/flink-shaded-hadoop2-uber/src/main/java) does not exist. Try to read pom.xml to get information.
00:00:30.710 [main] DEBUG f.i.s.r.p.s.paths.ComputeSourceDir - The source directory given in pom.xml (/root/workspace/apache/flink/362120928/flink-shaded-hadoop/flink-shaded-hadoop2-uber/src/main/java) does not exist. Continue to try to get source dir from all modules.
00:00:30.710 [main] ERROR f.i.s.r.p.s.paths.ComputeSourceDir - The source directory is not at default location or specified in build section from pom.xml, and no parent can be found.
00:00:30.711 [main] DEBUG f.i.s.r.p.s.paths.ComputeSourceDir - The default source directory (/root/workspace/apache/flink/362120928/flink-shaded-hadoop/flink-shaded-yarn-tests/src/main/java) does not exist. Try to read pom.xml to get information.
00:00:30.723 [main] DEBUG f.i.s.r.p.s.paths.ComputeSourceDir - The source directory given in pom.xml (/root/workspace/apache/flink/362120928/flink-shaded-hadoop/flink-shaded-yarn-tests/src/main/java) does not exist. Continue to try to get source dir from all modules.
00:00:30.724 [main] ERROR f.i.s.r.p.s.paths.ComputeSourceDir - The source directory is not at default location or specified in build section from pom.xml, and no parent can be found.
00:00:30.724 [main] ERROR f.i.s.r.p.s.paths.ComputeSourceDir - The source directory is not at default location or specified in build section from pom.xml, and no parent can be found.
00:00:30.724 [main] DEBUG f.i.s.r.p.s.paths.ComputeSourceDir - The default source directory (/root/workspace/apache/flink/362120928/flink-shaded-curator/src/main/java) does not exist. Try to read pom.xml to get information.
00:00:30.734 [main] DEBUG f.i.s.r.p.s.paths.ComputeSourceDir - The source directory given in pom.xml (/root/workspace/apache/flink/362120928/flink-shaded-curator/src/main/java) does not exist. Continue to try to get source dir from all modules.
00:00:30.734 [main] ERROR f.i.s.r.p.s.paths.ComputeSourceDir - The source directory is not at default location or specified in build section from pom.xml, and no parent can be found.
00:00:30.771 [main] DEBUG f.i.s.r.p.s.paths.ComputeSourceDir - The default source directory (/root/workspace/apache/flink/362120928/flink-filesystems/src/main/java) does not exist. Try to read pom.xml to get information.
00:00:30.778 [main] DEBUG f.i.s.r.p.s.paths.ComputeSourceDir - The source directory given in pom.xml (/root/workspace/apache/flink/362120928/flink-filesystems/src/main/java) does not exist. Continue to try to get source dir from all modules.
00:00:30.860 [main] DEBUG f.i.s.r.p.s.paths.ComputeSourceDir - The default source directory (/root/workspace/apache/flink/362120928/flink-streaming-scala/src/main/java) does not exist. Try to read pom.xml to get information.
00:00:30.867 [main] DEBUG f.i.s.r.p.s.paths.ComputeSourceDir - The source directory given in pom.xml (/root/workspace/apache/flink/362120928/flink-streaming-scala/src/main/java) does not exist. Continue to try to get source dir from all modules.
00:00:30.867 [main] ERROR f.i.s.r.p.s.paths.ComputeSourceDir - The source directory is not at default location or specified in build section from pom.xml, and no parent can be found.
00:00:30.868 [main] DEBUG f.i.s.r.p.s.paths.ComputeSourceDir - The default source directory (/root/workspace/apache/flink/362120928/flink-connectors/src/main/java) does not exist. Try to read pom.xml to get information.
00:00:30.875 [main] DEBUG f.i.s.r.p.s.paths.ComputeSourceDir - The source directory given in pom.xml (/root/workspace/apache/flink/362120928/flink-connectors/src/main/java) does not exist. Continue to try to get source dir from all modules.
00:00:31.056 [main] DEBUG f.i.s.r.p.s.paths.ComputeSourceDir - The default source directory (/root/workspace/apache/flink/362120928/flink-formats/src/main/java) does not exist. Try to read pom.xml to get information.
00:00:31.069 [main] DEBUG f.i.s.r.p.s.paths.ComputeSourceDir - The source directory given in pom.xml (/root/workspace/apache/flink/362120928/flink-formats/src/main/java) does not exist. Continue to try to get source dir from all modules.
00:00:31.084 [main] DEBUG f.i.s.r.p.s.paths.ComputeSourceDir - The default source directory (/root/workspace/apache/flink/362120928/flink-examples/src/main/java) does not exist. Try to read pom.xml to get information.
00:00:31.090 [main] DEBUG f.i.s.r.p.s.paths.ComputeSourceDir - The source directory given in pom.xml (/root/workspace/apache/flink/362120928/flink-examples/src/main/java) does not exist. Continue to try to get source dir from all modules.
00:00:31.126 [main] DEBUG f.i.s.r.p.s.paths.ComputeSourceDir - The default source directory (/root/workspace/apache/flink/362120928/flink-queryable-state/src/main/java) does not exist. Try to read pom.xml to get information.
00:00:31.135 [main] DEBUG f.i.s.r.p.s.paths.ComputeSourceDir - The source directory given in pom.xml (/root/workspace/apache/flink/362120928/flink-queryable-state/src/main/java) does not exist. Continue to try to get source dir from all modules.
00:00:31.150 [main] DEBUG f.i.s.r.p.s.paths.ComputeSourceDir - The default source directory (/root/workspace/apache/flink/362120928/flink-tests/src/main/java) does not exist. Try to read pom.xml to get information.
00:00:31.158 [main] DEBUG f.i.s.r.p.s.paths.ComputeSourceDir - The source directory given in pom.xml (/root/workspace/apache/flink/362120928/flink-tests/src/main/java) does not exist. Continue to try to get source dir from all modules.
00:00:31.158 [main] ERROR f.i.s.r.p.s.paths.ComputeSourceDir - The source directory is not at default location or specified in build section from pom.xml, and no parent can be found.
00:00:31.159 [main] DEBUG f.i.s.r.p.s.paths.ComputeSourceDir - The default source directory (/root/workspace/apache/flink/362120928/flink-end-to-end-tests/src/main/java) does not exist. Try to read pom.xml to get information.
00:00:31.166 [main] DEBUG f.i.s.r.p.s.paths.ComputeSourceDir - The source directory given in pom.xml (/root/workspace/apache/flink/362120928/flink-end-to-end-tests/src/main/java) does not exist. Continue to try to get source dir from all modules.
00:00:31.199 [main] DEBUG f.i.s.r.p.s.paths.ComputeSourceDir - The default source directory (/root/workspace/apache/flink/362120928/flink-test-utils-parent/src/main/java) does not exist. Try to read pom.xml to get information.
00:00:31.204 [main] DEBUG f.i.s.r.p.s.paths.ComputeSourceDir - The source directory given in pom.xml (/root/workspace/apache/flink/362120928/flink-test-utils-parent/src/main/java) does not exist. Continue to try to get source dir from all modules.
00:00:31.216 [main] DEBUG f.i.s.r.p.s.paths.ComputeSourceDir - The default source directory (/root/workspace/apache/flink/362120928/flink-state-backends/src/main/java) does not exist. Try to read pom.xml to get information.
00:00:31.223 [main] DEBUG f.i.s.r.p.s.paths.ComputeSourceDir - The source directory given in pom.xml (/root/workspace/apache/flink/362120928/flink-state-backends/src/main/java) does not exist. Continue to try to get source dir from all modules.
00:00:31.229 [main] DEBUG f.i.s.r.p.s.paths.ComputeSourceDir - The default source directory (/root/workspace/apache/flink/362120928/flink-libraries/src/main/java) does not exist. Try to read pom.xml to get information.
00:00:31.236 [main] DEBUG f.i.s.r.p.s.paths.ComputeSourceDir - The source directory given in pom.xml (/root/workspace/apache/flink/362120928/flink-libraries/src/main/java) does not exist. Continue to try to get source dir from all modules.
00:00:31.244 [main] DEBUG f.i.s.r.p.s.paths.ComputeSourceDir - The default source directory (/root/workspace/apache/flink/362120928/flink-libraries/flink-gelly-scala/src/main/java) does not exist. Try to read pom.xml to get information.
00:00:31.251 [main] DEBUG f.i.s.r.p.s.paths.ComputeSourceDir - The source directory given in pom.xml (/root/workspace/apache/flink/362120928/flink-libraries/flink-gelly-scala/src/main/java) does not exist. Continue to try to get source dir from all modules.
00:00:31.251 [main] ERROR f.i.s.r.p.s.paths.ComputeSourceDir - The source directory is not at default location or specified in build section from pom.xml, and no parent can be found.
00:00:31.282 [main] DEBUG f.i.s.r.p.s.paths.ComputeSourceDir - The default source directory (/root/workspace/apache/flink/362120928/flink-libraries/flink-ml/src/main/java) does not exist. Try to read pom.xml to get information.
00:00:31.297 [main] DEBUG f.i.s.r.p.s.paths.ComputeSourceDir - The source directory given in pom.xml (/root/workspace/apache/flink/362120928/flink-libraries/flink-ml/src/main/java) does not exist. Continue to try to get source dir from all modules.
00:00:31.297 [main] ERROR f.i.s.r.p.s.paths.ComputeSourceDir - The source directory is not at default location or specified in build section from pom.xml, and no parent can be found.
00:00:31.307 [main] DEBUG f.i.s.r.p.s.paths.ComputeSourceDir - The default source directory (/root/workspace/apache/flink/362120928/flink-libraries/flink-cep-scala/src/main/java) does not exist. Try to read pom.xml to get information.
00:00:31.334 [main] DEBUG f.i.s.r.p.s.paths.ComputeSourceDir - The default source directory (/root/workspace/apache/flink/362120928/flink-quickstart/src/main/java) does not exist. Try to read pom.xml to get information.
00:00:31.343 [main] DEBUG f.i.s.r.p.s.paths.ComputeSourceDir - The source directory given in pom.xml (/root/workspace/apache/flink/362120928/flink-quickstart/src/main/java) does not exist. Continue to try to get source dir from all modules.
00:00:31.343 [main] DEBUG f.i.s.r.p.s.paths.ComputeSourceDir - The default source directory (/root/workspace/apache/flink/362120928/flink-quickstart/flink-quickstart-java/src/main/java) does not exist. Try to read pom.xml to get information.
00:00:31.363 [main] DEBUG f.i.s.r.p.s.paths.ComputeSourceDir - The source directory given in pom.xml (/root/workspace/apache/flink/362120928/flink-quickstart/flink-quickstart-java/src/main/java) does not exist. Continue to try to get source dir from all modules.
00:00:31.373 [main] ERROR f.i.s.r.p.s.paths.ComputeSourceDir - The source directory is not at default location or specified in build section from pom.xml, and no parent can be found.
00:00:31.373 [main] DEBUG f.i.s.r.p.s.paths.ComputeSourceDir - The default source directory (/root/workspace/apache/flink/362120928/flink-quickstart/flink-quickstart-scala/src/main/java) does not exist. Try to read pom.xml to get information.
00:00:31.381 [main] DEBUG f.i.s.r.p.s.paths.ComputeSourceDir - The source directory given in pom.xml (/root/workspace/apache/flink/362120928/flink-quickstart/flink-quickstart-scala/src/main/java) does not exist. Continue to try to get source dir from all modules.
00:00:31.381 [main] ERROR f.i.s.r.p.s.paths.ComputeSourceDir - The source directory is not at default location or specified in build section from pom.xml, and no parent can be found.
00:00:31.381 [main] ERROR f.i.s.r.p.s.paths.ComputeSourceDir - The source directory is not at default location or specified in build section from pom.xml, and no parent can be found.
00:00:31.382 [main] DEBUG f.i.s.r.p.s.paths.ComputeSourceDir - The default source directory (/root/workspace/apache/flink/362120928/flink-contrib/src/main/java) does not exist. Try to read pom.xml to get information.
00:00:31.390 [main] DEBUG f.i.s.r.p.s.paths.ComputeSourceDir - The source directory given in pom.xml (/root/workspace/apache/flink/362120928/flink-contrib/src/main/java) does not exist. Continue to try to get source dir from all modules.
00:00:31.437 [main] DEBUG f.i.s.r.p.s.paths.ComputeSourceDir - The default source directory (/root/workspace/apache/flink/362120928/flink-dist/src/main/java) does not exist. Try to read pom.xml to get information.
00:00:31.446 [main] DEBUG f.i.s.r.p.s.paths.ComputeSourceDir - The source directory given in pom.xml (/root/workspace/apache/flink/362120928/flink-dist/src/main/java) does not exist. Continue to try to get source dir from all modules.
00:00:31.446 [main] ERROR f.i.s.r.p.s.paths.ComputeSourceDir - The source directory is not at default location or specified in build section from pom.xml, and no parent can be found.
00:00:31.464 [main] DEBUG f.i.s.r.p.s.paths.ComputeSourceDir - The default source directory (/root/workspace/apache/flink/362120928/flink-metrics/src/main/java) does not exist. Try to read pom.xml to get information.
00:00:31.472 [main] DEBUG f.i.s.r.p.s.paths.ComputeSourceDir - The source directory given in pom.xml (/root/workspace/apache/flink/362120928/flink-metrics/src/main/java) does not exist. Continue to try to get source dir from all modules.
00:00:31.571 [main] DEBUG f.i.s.r.p.s.paths.ComputeSourceDir - The default source directory (/root/workspace/apache/flink/362120928/flink-yarn-tests/src/main/java) does not exist. Try to read pom.xml to get information.
00:00:31.576 [main] DEBUG f.i.s.r.p.s.paths.ComputeSourceDir - The source directory given in pom.xml (/root/workspace/apache/flink/362120928/flink-yarn-tests/src/main/java) does not exist. Continue to try to get source dir from all modules.
00:00:31.576 [main] ERROR f.i.s.r.p.s.paths.ComputeSourceDir - The source directory is not at default location or specified in build section from pom.xml, and no parent can be found.
00:00:31.576 [main] DEBUG f.i.s.r.p.s.paths.ComputeSourceDir - The default source directory (/root/workspace/apache/flink/362120928/flink-fs-tests/src/main/java) does not exist. Try to read pom.xml to get information.
00:00:31.582 [main] DEBUG f.i.s.r.p.s.paths.ComputeSourceDir - The source directory given in pom.xml (/root/workspace/apache/flink/362120928/flink-fs-tests/src/main/java) does not exist. Continue to try to get source dir from all modules.
00:00:31.582 [main] ERROR f.i.s.r.p.s.paths.ComputeSourceDir - The source directory is not at default location or specified in build section from pom.xml, and no parent can be found.
00:00:31.588 [main] INFO  f.i.s.r.p.s.paths.ComputeSourceDir - 72 source dirs were found:
00:00:31.588 [main] INFO  f.i.s.r.p.s.paths.ComputeSourceDir - /root/workspace/apache/flink/362120928/flink-annotations/src/main/java
00:00:31.588 [main] INFO  f.i.s.r.p.s.paths.ComputeSourceDir - /root/workspace/apache/flink/362120928/flink-clients/src/main/java
00:00:31.588 [main] INFO  f.i.s.r.p.s.paths.ComputeSourceDir - /root/workspace/apache/flink/362120928/flink-connectors/flink-connector-cassandra/src/main/java
00:00:31.588 [main] INFO  f.i.s.r.p.s.paths.ComputeSourceDir - /root/workspace/apache/flink/362120928/flink-connectors/flink-connector-elasticsearch-base/src/main/java
00:00:31.588 [main] INFO  f.i.s.r.p.s.paths.ComputeSourceDir - /root/workspace/apache/flink/362120928/flink-connectors/flink-connector-elasticsearch/src/main/java
00:00:31.588 [main] INFO  f.i.s.r.p.s.paths.ComputeSourceDir - /root/workspace/apache/flink/362120928/flink-connectors/flink-connector-elasticsearch2/src/main/java
00:00:31.588 [main] INFO  f.i.s.r.p.s.paths.ComputeSourceDir - /root/workspace/apache/flink/362120928/flink-connectors/flink-connector-elasticsearch5/src/main/java
00:00:31.588 [main] INFO  f.i.s.r.p.s.paths.ComputeSourceDir - /root/workspace/apache/flink/362120928/flink-connectors/flink-connector-filesystem/src/main/java
00:00:31.589 [main] INFO  f.i.s.r.p.s.paths.ComputeSourceDir - /root/workspace/apache/flink/362120928/flink-connectors/flink-connector-kafka-0.10/src/main/java
00:00:31.589 [main] INFO  f.i.s.r.p.s.paths.ComputeSourceDir - /root/workspace/apache/flink/362120928/flink-connectors/flink-connector-kafka-0.11/src/main/java
00:00:31.589 [main] INFO  f.i.s.r.p.s.paths.ComputeSourceDir - /root/workspace/apache/flink/362120928/flink-connectors/flink-connector-kafka-0.8/src/main/java
00:00:31.589 [main] INFO  f.i.s.r.p.s.paths.ComputeSourceDir - /root/workspace/apache/flink/362120928/flink-connectors/flink-connector-kafka-0.9/src/main/java
00:00:31.589 [main] INFO  f.i.s.r.p.s.paths.ComputeSourceDir - /root/workspace/apache/flink/362120928/flink-connectors/flink-connector-kafka-base/src/main/java
00:00:31.589 [main] INFO  f.i.s.r.p.s.paths.ComputeSourceDir - /root/workspace/apache/flink/362120928/flink-connectors/flink-connector-nifi/src/main/java
00:00:31.589 [main] INFO  f.i.s.r.p.s.paths.ComputeSourceDir - /root/workspace/apache/flink/362120928/flink-connectors/flink-connector-rabbitmq/src/main/java
00:00:31.589 [main] INFO  f.i.s.r.p.s.paths.ComputeSourceDir - /root/workspace/apache/flink/362120928/flink-connectors/flink-connector-twitter/src/main/java
00:00:31.590 [main] INFO  f.i.s.r.p.s.paths.ComputeSourceDir - /root/workspace/apache/flink/362120928/flink-connectors/flink-hadoop-compatibility/src/main/java
00:00:31.590 [main] INFO  f.i.s.r.p.s.paths.ComputeSourceDir - /root/workspace/apache/flink/362120928/flink-connectors/flink-hbase/src/main/java
00:00:31.591 [main] INFO  f.i.s.r.p.s.paths.ComputeSourceDir - /root/workspace/apache/flink/362120928/flink-connectors/flink-hcatalog/src/main/java
00:00:31.591 [main] INFO  f.i.s.r.p.s.paths.ComputeSourceDir - /root/workspace/apache/flink/362120928/flink-connectors/flink-jdbc/src/main/java
00:00:31.591 [main] INFO  f.i.s.r.p.s.paths.ComputeSourceDir - /root/workspace/apache/flink/362120928/flink-connectors/flink-orc/src/main/java
00:00:31.591 [main] INFO  f.i.s.r.p.s.paths.ComputeSourceDir - /root/workspace/apache/flink/362120928/flink-contrib/flink-connector-wikiedits/src/main/java
00:00:31.591 [main] INFO  f.i.s.r.p.s.paths.ComputeSourceDir - /root/workspace/apache/flink/362120928/flink-contrib/flink-storm-examples/src/main/java
00:00:31.591 [main] INFO  f.i.s.r.p.s.paths.ComputeSourceDir - /root/workspace/apache/flink/362120928/flink-contrib/flink-storm/src/main/java
00:00:31.591 [main] INFO  f.i.s.r.p.s.paths.ComputeSourceDir - /root/workspace/apache/flink/362120928/flink-core/src/main/java
00:00:31.592 [main] INFO  f.i.s.r.p.s.paths.ComputeSourceDir - /root/workspace/apache/flink/362120928/flink-docs/src/main/java
00:00:31.592 [main] INFO  f.i.s.r.p.s.paths.ComputeSourceDir - /root/workspace/apache/flink/362120928/flink-end-to-end-tests/flink-bucketing-sink-test/src/main/java
00:00:31.592 [main] INFO  f.i.s.r.p.s.paths.ComputeSourceDir - /root/workspace/apache/flink/362120928/flink-end-to-end-tests/flink-dataset-allround-test/src/main/java
00:00:31.592 [main] INFO  f.i.s.r.p.s.paths.ComputeSourceDir - /root/workspace/apache/flink/362120928/flink-end-to-end-tests/flink-parent-child-classloading-test/src/main/java
00:00:31.592 [main] INFO  f.i.s.r.p.s.paths.ComputeSourceDir - /root/workspace/apache/flink/362120928/flink-end-to-end-tests/flink-stream-sql-test/src/main/java
00:00:31.592 [main] INFO  f.i.s.r.p.s.paths.ComputeSourceDir - /root/workspace/apache/flink/362120928/flink-examples/flink-examples-batch/src/main/java
00:00:31.592 [main] INFO  f.i.s.r.p.s.paths.ComputeSourceDir - /root/workspace/apache/flink/362120928/flink-examples/flink-examples-streaming/src/main/java
00:00:31.593 [main] INFO  f.i.s.r.p.s.paths.ComputeSourceDir - /root/workspace/apache/flink/362120928/flink-examples/flink-examples-table/src/main/java
00:00:31.593 [main] INFO  f.i.s.r.p.s.paths.ComputeSourceDir - /root/workspace/apache/flink/362120928/flink-filesystems/flink-hadoop-fs/src/main/java
00:00:31.593 [main] INFO  f.i.s.r.p.s.paths.ComputeSourceDir - /root/workspace/apache/flink/362120928/flink-filesystems/flink-mapr-fs/src/main/java
00:00:31.593 [main] INFO  f.i.s.r.p.s.paths.ComputeSourceDir - /root/workspace/apache/flink/362120928/flink-filesystems/flink-s3-fs-hadoop/src/main/java
00:00:31.593 [main] INFO  f.i.s.r.p.s.paths.ComputeSourceDir - /root/workspace/apache/flink/362120928/flink-filesystems/flink-s3-fs-presto/src/main/java
00:00:31.593 [main] INFO  f.i.s.r.p.s.paths.ComputeSourceDir - /root/workspace/apache/flink/362120928/flink-filesystems/flink-swift-fs-hadoop/src/main/java
00:00:31.594 [main] INFO  f.i.s.r.p.s.paths.ComputeSourceDir - /root/workspace/apache/flink/362120928/flink-formats/flink-avro/src/main/java
00:00:31.594 [main] INFO  f.i.s.r.p.s.paths.ComputeSourceDir - /root/workspace/apache/flink/362120928/flink-formats/flink-json/src/main/java
00:00:31.594 [main] INFO  f.i.s.r.p.s.paths.ComputeSourceDir - /root/workspace/apache/flink/362120928/flink-java/src/main/java
00:00:31.594 [main] INFO  f.i.s.r.p.s.paths.ComputeSourceDir - /root/workspace/apache/flink/362120928/flink-java8/src/main/java
00:00:31.594 [main] INFO  f.i.s.r.p.s.paths.ComputeSourceDir - /root/workspace/apache/flink/362120928/flink-libraries/flink-cep-scala/src/main/scala
00:00:31.594 [main] INFO  f.i.s.r.p.s.paths.ComputeSourceDir - /root/workspace/apache/flink/362120928/flink-libraries/flink-cep/src/main/java
00:00:31.594 [main] INFO  f.i.s.r.p.s.paths.ComputeSourceDir - /root/workspace/apache/flink/362120928/flink-libraries/flink-gelly-examples/src/main/java
00:00:31.594 [main] INFO  f.i.s.r.p.s.paths.ComputeSourceDir - /root/workspace/apache/flink/362120928/flink-libraries/flink-gelly/src/main/java
00:00:31.594 [main] INFO  f.i.s.r.p.s.paths.ComputeSourceDir - /root/workspace/apache/flink/362120928/flink-libraries/flink-python/src/main/java
00:00:31.594 [main] INFO  f.i.s.r.p.s.paths.ComputeSourceDir - /root/workspace/apache/flink/362120928/flink-libraries/flink-sql-client/src/main/java
00:00:31.594 [main] INFO  f.i.s.r.p.s.paths.ComputeSourceDir - /root/workspace/apache/flink/362120928/flink-libraries/flink-streaming-python/src/main/java
00:00:31.595 [main] INFO  f.i.s.r.p.s.paths.ComputeSourceDir - /root/workspace/apache/flink/362120928/flink-libraries/flink-table/src/main/java
00:00:31.595 [main] INFO  f.i.s.r.p.s.paths.ComputeSourceDir - /root/workspace/apache/flink/362120928/flink-mesos/src/main/java
00:00:31.595 [main] INFO  f.i.s.r.p.s.paths.ComputeSourceDir - /root/workspace/apache/flink/362120928/flink-metrics/flink-metrics-core/src/main/java
00:00:31.595 [main] INFO  f.i.s.r.p.s.paths.ComputeSourceDir - /root/workspace/apache/flink/362120928/flink-metrics/flink-metrics-datadog/src/main/java
00:00:31.595 [main] INFO  f.i.s.r.p.s.paths.ComputeSourceDir - /root/workspace/apache/flink/362120928/flink-metrics/flink-metrics-dropwizard/src/main/java
00:00:31.595 [main] INFO  f.i.s.r.p.s.paths.ComputeSourceDir - /root/workspace/apache/flink/362120928/flink-metrics/flink-metrics-ganglia/src/main/java
00:00:31.595 [main] INFO  f.i.s.r.p.s.paths.ComputeSourceDir - /root/workspace/apache/flink/362120928/flink-metrics/flink-metrics-graphite/src/main/java
00:00:31.596 [main] INFO  f.i.s.r.p.s.paths.ComputeSourceDir - /root/workspace/apache/flink/362120928/flink-metrics/flink-metrics-jmx/src/main/java
00:00:31.596 [main] INFO  f.i.s.r.p.s.paths.ComputeSourceDir - /root/workspace/apache/flink/362120928/flink-metrics/flink-metrics-prometheus/src/main/java
00:00:31.596 [main] INFO  f.i.s.r.p.s.paths.ComputeSourceDir - /root/workspace/apache/flink/362120928/flink-metrics/flink-metrics-slf4j/src/main/java
00:00:31.596 [main] INFO  f.i.s.r.p.s.paths.ComputeSourceDir - /root/workspace/apache/flink/362120928/flink-metrics/flink-metrics-statsd/src/main/java
00:00:31.596 [main] INFO  f.i.s.r.p.s.paths.ComputeSourceDir - /root/workspace/apache/flink/362120928/flink-optimizer/src/main/java
00:00:31.596 [main] INFO  f.i.s.r.p.s.paths.ComputeSourceDir - /root/workspace/apache/flink/362120928/flink-queryable-state/flink-queryable-state-client-java/src/main/java
00:00:31.597 [main] INFO  f.i.s.r.p.s.paths.ComputeSourceDir - /root/workspace/apache/flink/362120928/flink-queryable-state/flink-queryable-state-runtime/src/main/java
00:00:31.598 [main] INFO  f.i.s.r.p.s.paths.ComputeSourceDir - /root/workspace/apache/flink/362120928/flink-runtime-web/src/main/java
00:00:31.598 [main] INFO  f.i.s.r.p.s.paths.ComputeSourceDir - /root/workspace/apache/flink/362120928/flink-runtime/src/main/java
00:00:31.598 [main] INFO  f.i.s.r.p.s.paths.ComputeSourceDir - /root/workspace/apache/flink/362120928/flink-scala-shell/src/main/java
00:00:31.599 [main] INFO  f.i.s.r.p.s.paths.ComputeSourceDir - /root/workspace/apache/flink/362120928/flink-scala/src/main/java
00:00:31.605 [main] INFO  f.i.s.r.p.s.paths.ComputeSourceDir - /root/workspace/apache/flink/362120928/flink-state-backends/flink-statebackend-rocksdb/src/main/java
00:00:31.605 [main] INFO  f.i.s.r.p.s.paths.ComputeSourceDir - /root/workspace/apache/flink/362120928/flink-streaming-java/src/main/java
00:00:31.606 [main] INFO  f.i.s.r.p.s.paths.ComputeSourceDir - /root/workspace/apache/flink/362120928/flink-test-utils-parent/flink-test-utils-junit/src/main/java
00:00:31.606 [main] INFO  f.i.s.r.p.s.paths.ComputeSourceDir - /root/workspace/apache/flink/362120928/flink-test-utils-parent/flink-test-utils/src/main/java
00:00:31.606 [main] INFO  f.i.s.r.p.s.paths.ComputeSourceDir - /root/workspace/apache/flink/362120928/flink-yarn/src/main/java
00:00:31.699 [main] DEBUG f.i.s.r.p.s.paths.ComputeSourceDir - Compute the line of code of the project
00:00:31.928 [main] DEBUG f.i.s.r.p.s.paths.ComputeSourceDir - Get result from cloc process...
00:00:31.929 [main] DEBUG f.i.s.r.p.s.paths.ComputeSourceDir - STEP STATUS: [ ComputeSourceDir : SUCCESS ]
00:00:31.929 [main] DEBUG f.i.s.r.p.s.paths.ComputeSourceDir - STEP DURATION: 1s
00:00:31.929 [main] DEBUG f.i.s.r.p.s.paths.ComputeSourceDir - EXECUTE NEXT STEP
00:00:31.930 [main] DEBUG f.i.s.r.p.step.paths.ComputeTestDir - ----------------------------------------------------------------------
00:00:31.930 [main] DEBUG f.i.s.r.p.step.paths.ComputeTestDir - STEP 4/22: ComputeTestDir
00:00:31.930 [main] DEBUG f.i.s.r.p.step.paths.ComputeTestDir - ----------------------------------------------------------------------
00:00:31.930 [main] DEBUG f.i.s.r.p.step.paths.ComputeTestDir - Computing the test directory ...
00:00:31.930 [main] DEBUG f.i.s.r.p.step.paths.ComputeTestDir - The default test directory (/root/workspace/apache/flink/362120928/src/test/java) does not exist. Try to read pom.xml to get information.
00:00:31.936 [main] DEBUG f.i.s.r.p.step.paths.ComputeTestDir - The test directory given in pom.xml (/root/workspace/apache/flink/362120928/src/test/java) does not exist. Continue to try to get test dir from all modules.
00:00:31.936 [main] DEBUG f.i.s.r.p.step.paths.ComputeTestDir - The default test directory (/root/workspace/apache/flink/362120928/tools/force-shading/src/test/java) does not exist. Try to read pom.xml to get information.
00:00:31.938 [main] DEBUG f.i.s.r.p.step.paths.ComputeTestDir - The test directory given in pom.xml (/root/workspace/apache/flink/362120928/tools/force-shading/src/test/java) does not exist. Continue to try to get test dir from all modules.
00:00:31.939 [main] ERROR f.i.s.r.p.step.paths.ComputeTestDir - The test directory is not at default location or specified in build section from pom.xml, and no parent can be found.
00:00:31.939 [main] DEBUG f.i.s.r.p.step.paths.ComputeTestDir - The default test directory (/root/workspace/apache/flink/362120928/flink-annotations/src/test/java) does not exist. Try to read pom.xml to get information.
00:00:31.944 [main] DEBUG f.i.s.r.p.step.paths.ComputeTestDir - The test directory given in pom.xml (/root/workspace/apache/flink/362120928/flink-annotations/src/test/java) does not exist. Continue to try to get test dir from all modules.
00:00:31.944 [main] ERROR f.i.s.r.p.step.paths.ComputeTestDir - The test directory is not at default location or specified in build section from pom.xml, and no parent can be found.
00:00:31.945 [main] DEBUG f.i.s.r.p.step.paths.ComputeTestDir - The default test directory (/root/workspace/apache/flink/362120928/flink-shaded-hadoop/src/test/java) does not exist. Try to read pom.xml to get information.
00:00:31.950 [main] DEBUG f.i.s.r.p.step.paths.ComputeTestDir - The test directory given in pom.xml (/root/workspace/apache/flink/362120928/flink-shaded-hadoop/src/test/java) does not exist. Continue to try to get test dir from all modules.
00:00:31.951 [main] DEBUG f.i.s.r.p.step.paths.ComputeTestDir - The default test directory (/root/workspace/apache/flink/362120928/flink-shaded-hadoop/flink-shaded-hadoop2/src/test/java) does not exist. Try to read pom.xml to get information.
00:00:31.957 [main] DEBUG f.i.s.r.p.step.paths.ComputeTestDir - The test directory given in pom.xml (/root/workspace/apache/flink/362120928/flink-shaded-hadoop/flink-shaded-hadoop2/src/test/java) does not exist. Continue to try to get test dir from all modules.
00:00:31.957 [main] ERROR f.i.s.r.p.step.paths.ComputeTestDir - The test directory is not at default location or specified in build section from pom.xml, and no parent can be found.
00:00:31.957 [main] DEBUG f.i.s.r.p.step.paths.ComputeTestDir - The default test directory (/root/workspace/apache/flink/362120928/flink-shaded-hadoop/flink-shaded-hadoop2-uber/src/test/java) does not exist. Try to read pom.xml to get information.
00:00:31.968 [main] DEBUG f.i.s.r.p.step.paths.ComputeTestDir - The test directory given in pom.xml (/root/workspace/apache/flink/362120928/flink-shaded-hadoop/flink-shaded-hadoop2-uber/src/test/java) does not exist. Continue to try to get test dir from all modules.
00:00:31.968 [main] ERROR f.i.s.r.p.step.paths.ComputeTestDir - The test directory is not at default location or specified in build section from pom.xml, and no parent can be found.
00:00:31.968 [main] DEBUG f.i.s.r.p.step.paths.ComputeTestDir - The default test directory (/root/workspace/apache/flink/362120928/flink-shaded-hadoop/flink-shaded-yarn-tests/src/test/java) does not exist. Try to read pom.xml to get information.
00:00:31.982 [main] DEBUG f.i.s.r.p.step.paths.ComputeTestDir - The test directory given in pom.xml (/root/workspace/apache/flink/362120928/flink-shaded-hadoop/flink-shaded-yarn-tests/src/test/java) does not exist. Continue to try to get test dir from all modules.
00:00:31.983 [main] ERROR f.i.s.r.p.step.paths.ComputeTestDir - The test directory is not at default location or specified in build section from pom.xml, and no parent can be found.
00:00:31.983 [main] ERROR f.i.s.r.p.step.paths.ComputeTestDir - The test directory is not at default location or specified in build section from pom.xml, and no parent can be found.
00:00:31.983 [main] DEBUG f.i.s.r.p.step.paths.ComputeTestDir - The default test directory (/root/workspace/apache/flink/362120928/flink-shaded-curator/src/test/java) does not exist. Try to read pom.xml to get information.
00:00:31.988 [main] DEBUG f.i.s.r.p.step.paths.ComputeTestDir - The test directory given in pom.xml (/root/workspace/apache/flink/362120928/flink-shaded-curator/src/test/java) does not exist. Continue to try to get test dir from all modules.
00:00:31.988 [main] ERROR f.i.s.r.p.step.paths.ComputeTestDir - The test directory is not at default location or specified in build section from pom.xml, and no parent can be found.
00:00:32.002 [main] DEBUG f.i.s.r.p.step.paths.ComputeTestDir - The default test directory (/root/workspace/apache/flink/362120928/flink-scala/src/test/java) does not exist. Try to read pom.xml to get information.
00:00:32.007 [main] DEBUG f.i.s.r.p.step.paths.ComputeTestDir - The test directory given in pom.xml (/root/workspace/apache/flink/362120928/flink-scala/src/test/java) does not exist. Continue to try to get test dir from all modules.
00:00:32.007 [main] ERROR f.i.s.r.p.step.paths.ComputeTestDir - The test directory is not at default location or specified in build section from pom.xml, and no parent can be found.
00:00:32.007 [main] DEBUG f.i.s.r.p.step.paths.ComputeTestDir - The default test directory (/root/workspace/apache/flink/362120928/flink-filesystems/src/test/java) does not exist. Try to read pom.xml to get information.
00:00:32.011 [main] DEBUG f.i.s.r.p.step.paths.ComputeTestDir - The test directory given in pom.xml (/root/workspace/apache/flink/362120928/flink-filesystems/src/test/java) does not exist. Continue to try to get test dir from all modules.
00:00:32.060 [main] DEBUG f.i.s.r.p.step.paths.ComputeTestDir - The default test directory (/root/workspace/apache/flink/362120928/flink-connectors/src/test/java) does not exist. Try to read pom.xml to get information.
00:00:32.065 [main] DEBUG f.i.s.r.p.step.paths.ComputeTestDir - The test directory given in pom.xml (/root/workspace/apache/flink/362120928/flink-connectors/src/test/java) does not exist. Continue to try to get test dir from all modules.
00:00:32.090 [main] DEBUG f.i.s.r.p.step.paths.ComputeTestDir - The default test directory (/root/workspace/apache/flink/362120928/flink-connectors/flink-hcatalog/src/test/java) does not exist. Try to read pom.xml to get information.
00:00:32.096 [main] DEBUG f.i.s.r.p.step.paths.ComputeTestDir - The test directory given in pom.xml (/root/workspace/apache/flink/362120928/flink-connectors/flink-hcatalog/src/test/java) does not exist. Continue to try to get test dir from all modules.
00:00:32.096 [main] ERROR f.i.s.r.p.step.paths.ComputeTestDir - The test directory is not at default location or specified in build section from pom.xml, and no parent can be found.
00:00:32.146 [main] DEBUG f.i.s.r.p.step.paths.ComputeTestDir - The default test directory (/root/workspace/apache/flink/362120928/flink-connectors/flink-connector-twitter/src/test/java) does not exist. Try to read pom.xml to get information.
00:00:32.151 [main] DEBUG f.i.s.r.p.step.paths.ComputeTestDir - The test directory given in pom.xml (/root/workspace/apache/flink/362120928/flink-connectors/flink-connector-twitter/src/test/java) does not exist. Continue to try to get test dir from all modules.
00:00:32.151 [main] ERROR f.i.s.r.p.step.paths.ComputeTestDir - The test directory is not at default location or specified in build section from pom.xml, and no parent can be found.
00:00:32.166 [main] DEBUG f.i.s.r.p.step.paths.ComputeTestDir - The default test directory (/root/workspace/apache/flink/362120928/flink-formats/src/test/java) does not exist. Try to read pom.xml to get information.
00:00:32.170 [main] DEBUG f.i.s.r.p.step.paths.ComputeTestDir - The test directory given in pom.xml (/root/workspace/apache/flink/362120928/flink-formats/src/test/java) does not exist. Continue to try to get test dir from all modules.
00:00:32.179 [main] DEBUG f.i.s.r.p.step.paths.ComputeTestDir - The default test directory (/root/workspace/apache/flink/362120928/flink-examples/src/test/java) does not exist. Try to read pom.xml to get information.
00:00:32.184 [main] DEBUG f.i.s.r.p.step.paths.ComputeTestDir - The test directory given in pom.xml (/root/workspace/apache/flink/362120928/flink-examples/src/test/java) does not exist. Continue to try to get test dir from all modules.
00:00:32.184 [main] DEBUG f.i.s.r.p.step.paths.ComputeTestDir - The default test directory (/root/workspace/apache/flink/362120928/flink-examples/flink-examples-batch/src/test/java) does not exist. Try to read pom.xml to get information.
00:00:32.190 [main] DEBUG f.i.s.r.p.step.paths.ComputeTestDir - The test directory given in pom.xml (/root/workspace/apache/flink/362120928/flink-examples/flink-examples-batch/src/test/java) does not exist. Continue to try to get test dir from all modules.
00:00:32.190 [main] ERROR f.i.s.r.p.step.paths.ComputeTestDir - The test directory is not at default location or specified in build section from pom.xml, and no parent can be found.
00:00:32.196 [main] DEBUG f.i.s.r.p.step.paths.ComputeTestDir - The default test directory (/root/workspace/apache/flink/362120928/flink-examples/flink-examples-table/src/test/java) does not exist. Try to read pom.xml to get information.
00:00:32.200 [main] DEBUG f.i.s.r.p.step.paths.ComputeTestDir - The test directory given in pom.xml (/root/workspace/apache/flink/362120928/flink-examples/flink-examples-table/src/test/java) does not exist. Continue to try to get test dir from all modules.
00:00:32.200 [main] ERROR f.i.s.r.p.step.paths.ComputeTestDir - The test directory is not at default location or specified in build section from pom.xml, and no parent can be found.
00:00:32.205 [main] DEBUG f.i.s.r.p.step.paths.ComputeTestDir - The default test directory (/root/workspace/apache/flink/362120928/flink-queryable-state/src/test/java) does not exist. Try to read pom.xml to get information.
00:00:32.209 [main] DEBUG f.i.s.r.p.step.paths.ComputeTestDir - The test directory given in pom.xml (/root/workspace/apache/flink/362120928/flink-queryable-state/src/test/java) does not exist. Continue to try to get test dir from all modules.
00:00:32.224 [main] DEBUG f.i.s.r.p.step.paths.ComputeTestDir - The default test directory (/root/workspace/apache/flink/362120928/flink-end-to-end-tests/src/test/java) does not exist. Try to read pom.xml to get information.
00:00:32.228 [main] DEBUG f.i.s.r.p.step.paths.ComputeTestDir - The test directory given in pom.xml (/root/workspace/apache/flink/362120928/flink-end-to-end-tests/src/test/java) does not exist. Continue to try to get test dir from all modules.
00:00:32.229 [main] DEBUG f.i.s.r.p.step.paths.ComputeTestDir - The default test directory (/root/workspace/apache/flink/362120928/flink-end-to-end-tests/flink-parent-child-classloading-test/src/test/java) does not exist. Try to read pom.xml to get information.
00:00:32.233 [main] DEBUG f.i.s.r.p.step.paths.ComputeTestDir - The test directory given in pom.xml (/root/workspace/apache/flink/362120928/flink-end-to-end-tests/flink-parent-child-classloading-test/src/test/java) does not exist. Continue to try to get test dir from all modules.
00:00:32.233 [main] ERROR f.i.s.r.p.step.paths.ComputeTestDir - The test directory is not at default location or specified in build section from pom.xml, and no parent can be found.
00:00:32.233 [main] DEBUG f.i.s.r.p.step.paths.ComputeTestDir - The default test directory (/root/workspace/apache/flink/362120928/flink-end-to-end-tests/flink-dataset-allround-test/src/test/java) does not exist. Try to read pom.xml to get information.
00:00:32.238 [main] DEBUG f.i.s.r.p.step.paths.ComputeTestDir - The test directory given in pom.xml (/root/workspace/apache/flink/362120928/flink-end-to-end-tests/flink-dataset-allround-test/src/test/java) does not exist. Continue to try to get test dir from all modules.
00:00:32.238 [main] ERROR f.i.s.r.p.step.paths.ComputeTestDir - The test directory is not at default location or specified in build section from pom.xml, and no parent can be found.
00:00:32.238 [main] DEBUG f.i.s.r.p.step.paths.ComputeTestDir - The default test directory (/root/workspace/apache/flink/362120928/flink-end-to-end-tests/flink-stream-sql-test/src/test/java) does not exist. Try to read pom.xml to get information.
00:00:32.242 [main] DEBUG f.i.s.r.p.step.paths.ComputeTestDir - The test directory given in pom.xml (/root/workspace/apache/flink/362120928/flink-end-to-end-tests/flink-stream-sql-test/src/test/java) does not exist. Continue to try to get test dir from all modules.
00:00:32.243 [main] ERROR f.i.s.r.p.step.paths.ComputeTestDir - The test directory is not at default location or specified in build section from pom.xml, and no parent can be found.
00:00:32.243 [main] DEBUG f.i.s.r.p.step.paths.ComputeTestDir - The default test directory (/root/workspace/apache/flink/362120928/flink-end-to-end-tests/flink-bucketing-sink-test/src/test/java) does not exist. Try to read pom.xml to get information.
00:00:32.247 [main] DEBUG f.i.s.r.p.step.paths.ComputeTestDir - The test directory given in pom.xml (/root/workspace/apache/flink/362120928/flink-end-to-end-tests/flink-bucketing-sink-test/src/test/java) does not exist. Continue to try to get test dir from all modules.
00:00:32.248 [main] ERROR f.i.s.r.p.step.paths.ComputeTestDir - The test directory is not at default location or specified in build section from pom.xml, and no parent can be found.
00:00:32.248 [main] ERROR f.i.s.r.p.step.paths.ComputeTestDir - The test directory is not at default location or specified in build section from pom.xml, and no parent can be found.
00:00:32.248 [main] DEBUG f.i.s.r.p.step.paths.ComputeTestDir - The default test directory (/root/workspace/apache/flink/362120928/flink-test-utils-parent/src/test/java) does not exist. Try to read pom.xml to get information.
00:00:32.252 [main] DEBUG f.i.s.r.p.step.paths.ComputeTestDir - The test directory given in pom.xml (/root/workspace/apache/flink/362120928/flink-test-utils-parent/src/test/java) does not exist. Continue to try to get test dir from all modules.
00:00:32.261 [main] DEBUG f.i.s.r.p.step.paths.ComputeTestDir - The default test directory (/root/workspace/apache/flink/362120928/flink-state-backends/src/test/java) does not exist. Try to read pom.xml to get information.
00:00:32.266 [main] DEBUG f.i.s.r.p.step.paths.ComputeTestDir - The test directory given in pom.xml (/root/workspace/apache/flink/362120928/flink-state-backends/src/test/java) does not exist. Continue to try to get test dir from all modules.
00:00:32.270 [main] DEBUG f.i.s.r.p.step.paths.ComputeTestDir - The default test directory (/root/workspace/apache/flink/362120928/flink-libraries/src/test/java) does not exist. Try to read pom.xml to get information.
00:00:32.275 [main] DEBUG f.i.s.r.p.step.paths.ComputeTestDir - The test directory given in pom.xml (/root/workspace/apache/flink/362120928/flink-libraries/src/test/java) does not exist. Continue to try to get test dir from all modules.
00:00:32.281 [main] DEBUG f.i.s.r.p.step.paths.ComputeTestDir - The default test directory (/root/workspace/apache/flink/362120928/flink-libraries/flink-gelly-scala/src/test/java) does not exist. Try to read pom.xml to get information.
00:00:32.286 [main] DEBUG f.i.s.r.p.step.paths.ComputeTestDir - The test directory given in pom.xml (/root/workspace/apache/flink/362120928/flink-libraries/flink-gelly-scala/src/test/java) does not exist. Continue to try to get test dir from all modules.
00:00:32.286 [main] ERROR f.i.s.r.p.step.paths.ComputeTestDir - The test directory is not at default location or specified in build section from pom.xml, and no parent can be found.
00:00:32.306 [main] DEBUG f.i.s.r.p.step.paths.ComputeTestDir - The default test directory (/root/workspace/apache/flink/362120928/flink-libraries/flink-ml/src/test/java) does not exist. Try to read pom.xml to get information.
00:00:32.311 [main] DEBUG f.i.s.r.p.step.paths.ComputeTestDir - The test directory given in pom.xml (/root/workspace/apache/flink/362120928/flink-libraries/flink-ml/src/test/java) does not exist. Continue to try to get test dir from all modules.
00:00:32.312 [main] ERROR f.i.s.r.p.step.paths.ComputeTestDir - The test directory is not at default location or specified in build section from pom.xml, and no parent can be found.
00:00:32.316 [main] DEBUG f.i.s.r.p.step.paths.ComputeTestDir - The default test directory (/root/workspace/apache/flink/362120928/flink-libraries/flink-cep-scala/src/test/java) does not exist. Try to read pom.xml to get information.
00:00:32.321 [main] DEBUG f.i.s.r.p.step.paths.ComputeTestDir - The test directory given in pom.xml (/root/workspace/apache/flink/362120928/flink-libraries/flink-cep-scala/src/test/java) does not exist. Continue to try to get test dir from all modules.
00:00:32.321 [main] ERROR f.i.s.r.p.step.paths.ComputeTestDir - The test directory is not at default location or specified in build section from pom.xml, and no parent can be found.
00:00:32.331 [main] DEBUG f.i.s.r.p.step.paths.ComputeTestDir - The default test directory (/root/workspace/apache/flink/362120928/flink-quickstart/src/test/java) does not exist. Try to read pom.xml to get information.
00:00:32.335 [main] DEBUG f.i.s.r.p.step.paths.ComputeTestDir - The test directory given in pom.xml (/root/workspace/apache/flink/362120928/flink-quickstart/src/test/java) does not exist. Continue to try to get test dir from all modules.
00:00:32.335 [main] DEBUG f.i.s.r.p.step.paths.ComputeTestDir - The default test directory (/root/workspace/apache/flink/362120928/flink-quickstart/flink-quickstart-java/src/test/java) does not exist. Try to read pom.xml to get information.
00:00:32.340 [main] DEBUG f.i.s.r.p.step.paths.ComputeTestDir - The test directory given in pom.xml (/root/workspace/apache/flink/362120928/flink-quickstart/flink-quickstart-java/src/test/java) does not exist. Continue to try to get test dir from all modules.
00:00:32.340 [main] ERROR f.i.s.r.p.step.paths.ComputeTestDir - The test directory is not at default location or specified in build section from pom.xml, and no parent can be found.
00:00:32.340 [main] DEBUG f.i.s.r.p.step.paths.ComputeTestDir - The default test directory (/root/workspace/apache/flink/362120928/flink-quickstart/flink-quickstart-scala/src/test/java) does not exist. Try to read pom.xml to get information.
00:00:32.345 [main] DEBUG f.i.s.r.p.step.paths.ComputeTestDir - The test directory given in pom.xml (/root/workspace/apache/flink/362120928/flink-quickstart/flink-quickstart-scala/src/test/java) does not exist. Continue to try to get test dir from all modules.
00:00:32.345 [main] ERROR f.i.s.r.p.step.paths.ComputeTestDir - The test directory is not at default location or specified in build section from pom.xml, and no parent can be found.
00:00:32.345 [main] ERROR f.i.s.r.p.step.paths.ComputeTestDir - The test directory is not at default location or specified in build section from pom.xml, and no parent can be found.
00:00:32.345 [main] DEBUG f.i.s.r.p.step.paths.ComputeTestDir - The default test directory (/root/workspace/apache/flink/362120928/flink-contrib/src/test/java) does not exist. Try to read pom.xml to get information.
00:00:32.350 [main] DEBUG f.i.s.r.p.step.paths.ComputeTestDir - The test directory given in pom.xml (/root/workspace/apache/flink/362120928/flink-contrib/src/test/java) does not exist. Continue to try to get test dir from all modules.
00:00:32.374 [main] DEBUG f.i.s.r.p.step.paths.ComputeTestDir - The default test directory (/root/workspace/apache/flink/362120928/flink-metrics/src/test/java) does not exist. Try to read pom.xml to get information.
00:00:32.379 [main] DEBUG f.i.s.r.p.step.paths.ComputeTestDir - The test directory given in pom.xml (/root/workspace/apache/flink/362120928/flink-metrics/src/test/java) does not exist. Continue to try to get test dir from all modules.
00:00:32.389 [main] DEBUG f.i.s.r.p.step.paths.ComputeTestDir - The default test directory (/root/workspace/apache/flink/362120928/flink-metrics/flink-metrics-ganglia/src/test/java) does not exist. Try to read pom.xml to get information.
00:00:32.393 [main] DEBUG f.i.s.r.p.step.paths.ComputeTestDir - The test directory given in pom.xml (/root/workspace/apache/flink/362120928/flink-metrics/flink-metrics-ganglia/src/test/java) does not exist. Continue to try to get test dir from all modules.
00:00:32.394 [main] ERROR f.i.s.r.p.step.paths.ComputeTestDir - The test directory is not at default location or specified in build section from pom.xml, and no parent can be found.
00:00:32.394 [main] DEBUG f.i.s.r.p.step.paths.ComputeTestDir - The default test directory (/root/workspace/apache/flink/362120928/flink-metrics/flink-metrics-graphite/src/test/java) does not exist. Try to read pom.xml to get information.
00:00:32.398 [main] DEBUG f.i.s.r.p.step.paths.ComputeTestDir - The test directory given in pom.xml (/root/workspace/apache/flink/362120928/flink-metrics/flink-metrics-graphite/src/test/java) does not exist. Continue to try to get test dir from all modules.
00:00:32.398 [main] ERROR f.i.s.r.p.step.paths.ComputeTestDir - The test directory is not at default location or specified in build section from pom.xml, and no parent can be found.
00:00:32.441 [main] INFO  f.i.s.r.p.step.paths.ComputeTestDir - 64 test dirs were found:
00:00:32.441 [main] INFO  f.i.s.r.p.step.paths.ComputeTestDir - /root/workspace/apache/flink/362120928/flink-clients/src/test/java
00:00:32.441 [main] INFO  f.i.s.r.p.step.paths.ComputeTestDir - /root/workspace/apache/flink/362120928/flink-connectors/flink-connector-cassandra/src/test/java
00:00:32.441 [main] INFO  f.i.s.r.p.step.paths.ComputeTestDir - /root/workspace/apache/flink/362120928/flink-connectors/flink-connector-elasticsearch-base/src/test/java
00:00:32.441 [main] INFO  f.i.s.r.p.step.paths.ComputeTestDir - /root/workspace/apache/flink/362120928/flink-connectors/flink-connector-elasticsearch/src/test/java
00:00:32.441 [main] INFO  f.i.s.r.p.step.paths.ComputeTestDir - /root/workspace/apache/flink/362120928/flink-connectors/flink-connector-elasticsearch2/src/test/java
00:00:32.441 [main] INFO  f.i.s.r.p.step.paths.ComputeTestDir - /root/workspace/apache/flink/362120928/flink-connectors/flink-connector-elasticsearch5/src/test/java
00:00:32.441 [main] INFO  f.i.s.r.p.step.paths.ComputeTestDir - /root/workspace/apache/flink/362120928/flink-connectors/flink-connector-filesystem/src/test/java
00:00:32.441 [main] INFO  f.i.s.r.p.step.paths.ComputeTestDir - /root/workspace/apache/flink/362120928/flink-connectors/flink-connector-kafka-0.10/src/test/java
00:00:32.441 [main] INFO  f.i.s.r.p.step.paths.ComputeTestDir - /root/workspace/apache/flink/362120928/flink-connectors/flink-connector-kafka-0.11/src/test/java
00:00:32.441 [main] INFO  f.i.s.r.p.step.paths.ComputeTestDir - /root/workspace/apache/flink/362120928/flink-connectors/flink-connector-kafka-0.8/src/test/java
00:00:32.441 [main] INFO  f.i.s.r.p.step.paths.ComputeTestDir - /root/workspace/apache/flink/362120928/flink-connectors/flink-connector-kafka-0.9/src/test/java
00:00:32.441 [main] INFO  f.i.s.r.p.step.paths.ComputeTestDir - /root/workspace/apache/flink/362120928/flink-connectors/flink-connector-kafka-base/src/test/java
00:00:32.441 [main] INFO  f.i.s.r.p.step.paths.ComputeTestDir - /root/workspace/apache/flink/362120928/flink-connectors/flink-connector-nifi/src/test/java
00:00:32.441 [main] INFO  f.i.s.r.p.step.paths.ComputeTestDir - /root/workspace/apache/flink/362120928/flink-connectors/flink-connector-rabbitmq/src/test/java
00:00:32.442 [main] INFO  f.i.s.r.p.step.paths.ComputeTestDir - /root/workspace/apache/flink/362120928/flink-connectors/flink-hadoop-compatibility/src/test/java
00:00:32.442 [main] INFO  f.i.s.r.p.step.paths.ComputeTestDir - /root/workspace/apache/flink/362120928/flink-connectors/flink-hbase/src/test/java
00:00:32.442 [main] INFO  f.i.s.r.p.step.paths.ComputeTestDir - /root/workspace/apache/flink/362120928/flink-connectors/flink-jdbc/src/test/java
00:00:32.442 [main] INFO  f.i.s.r.p.step.paths.ComputeTestDir - /root/workspace/apache/flink/362120928/flink-connectors/flink-orc/src/test/java
00:00:32.442 [main] INFO  f.i.s.r.p.step.paths.ComputeTestDir - /root/workspace/apache/flink/362120928/flink-contrib/flink-connector-wikiedits/src/test/java
00:00:32.442 [main] INFO  f.i.s.r.p.step.paths.ComputeTestDir - /root/workspace/apache/flink/362120928/flink-contrib/flink-storm-examples/src/test/java
00:00:32.442 [main] INFO  f.i.s.r.p.step.paths.ComputeTestDir - /root/workspace/apache/flink/362120928/flink-contrib/flink-storm/src/test/java
00:00:32.442 [main] INFO  f.i.s.r.p.step.paths.ComputeTestDir - /root/workspace/apache/flink/362120928/flink-core/src/test/java
00:00:32.442 [main] INFO  f.i.s.r.p.step.paths.ComputeTestDir - /root/workspace/apache/flink/362120928/flink-dist/src/test/java
00:00:32.442 [main] INFO  f.i.s.r.p.step.paths.ComputeTestDir - /root/workspace/apache/flink/362120928/flink-docs/src/test/java
00:00:32.442 [main] INFO  f.i.s.r.p.step.paths.ComputeTestDir - /root/workspace/apache/flink/362120928/flink-examples/flink-examples-streaming/src/test/java
00:00:32.442 [main] INFO  f.i.s.r.p.step.paths.ComputeTestDir - /root/workspace/apache/flink/362120928/flink-filesystems/flink-hadoop-fs/src/test/java
00:00:32.442 [main] INFO  f.i.s.r.p.step.paths.ComputeTestDir - /root/workspace/apache/flink/362120928/flink-filesystems/flink-mapr-fs/src/test/java
00:00:32.442 [main] INFO  f.i.s.r.p.step.paths.ComputeTestDir - /root/workspace/apache/flink/362120928/flink-filesystems/flink-s3-fs-hadoop/src/test/java
00:00:32.442 [main] INFO  f.i.s.r.p.step.paths.ComputeTestDir - /root/workspace/apache/flink/362120928/flink-filesystems/flink-s3-fs-presto/src/test/java
00:00:32.442 [main] INFO  f.i.s.r.p.step.paths.ComputeTestDir - /root/workspace/apache/flink/362120928/flink-filesystems/flink-swift-fs-hadoop/src/test/java
00:00:32.442 [main] INFO  f.i.s.r.p.step.paths.ComputeTestDir - /root/workspace/apache/flink/362120928/flink-formats/flink-avro/src/test/java
00:00:32.442 [main] INFO  f.i.s.r.p.step.paths.ComputeTestDir - /root/workspace/apache/flink/362120928/flink-formats/flink-json/src/test/java
00:00:32.442 [main] INFO  f.i.s.r.p.step.paths.ComputeTestDir - /root/workspace/apache/flink/362120928/flink-fs-tests/src/test/java
00:00:32.442 [main] INFO  f.i.s.r.p.step.paths.ComputeTestDir - /root/workspace/apache/flink/362120928/flink-java/src/test/java
00:00:32.442 [main] INFO  f.i.s.r.p.step.paths.ComputeTestDir - /root/workspace/apache/flink/362120928/flink-java8/src/test/java
00:00:32.442 [main] INFO  f.i.s.r.p.step.paths.ComputeTestDir - /root/workspace/apache/flink/362120928/flink-libraries/flink-cep/src/test/java
00:00:32.443 [main] INFO  f.i.s.r.p.step.paths.ComputeTestDir - /root/workspace/apache/flink/362120928/flink-libraries/flink-gelly-examples/src/test/java
00:00:32.443 [main] INFO  f.i.s.r.p.step.paths.ComputeTestDir - /root/workspace/apache/flink/362120928/flink-libraries/flink-gelly/src/test/java
00:00:32.443 [main] INFO  f.i.s.r.p.step.paths.ComputeTestDir - /root/workspace/apache/flink/362120928/flink-libraries/flink-python/src/test/java
00:00:32.443 [main] INFO  f.i.s.r.p.step.paths.ComputeTestDir - /root/workspace/apache/flink/362120928/flink-libraries/flink-sql-client/src/test/java
00:00:32.443 [main] INFO  f.i.s.r.p.step.paths.ComputeTestDir - /root/workspace/apache/flink/362120928/flink-libraries/flink-streaming-python/src/test/java
00:00:32.443 [main] INFO  f.i.s.r.p.step.paths.ComputeTestDir - /root/workspace/apache/flink/362120928/flink-libraries/flink-table/src/test/java
00:00:32.443 [main] INFO  f.i.s.r.p.step.paths.ComputeTestDir - /root/workspace/apache/flink/362120928/flink-mesos/src/test/java
00:00:32.443 [main] INFO  f.i.s.r.p.step.paths.ComputeTestDir - /root/workspace/apache/flink/362120928/flink-metrics/flink-metrics-core/src/test/java
00:00:32.443 [main] INFO  f.i.s.r.p.step.paths.ComputeTestDir - /root/workspace/apache/flink/362120928/flink-metrics/flink-metrics-datadog/src/test/java
00:00:32.443 [main] INFO  f.i.s.r.p.step.paths.ComputeTestDir - /root/workspace/apache/flink/362120928/flink-metrics/flink-metrics-dropwizard/src/test/java
00:00:32.443 [main] INFO  f.i.s.r.p.step.paths.ComputeTestDir - /root/workspace/apache/flink/362120928/flink-metrics/flink-metrics-jmx/src/test/java
00:00:32.443 [main] INFO  f.i.s.r.p.step.paths.ComputeTestDir - /root/workspace/apache/flink/362120928/flink-metrics/flink-metrics-prometheus/src/test/java
00:00:32.443 [main] INFO  f.i.s.r.p.step.paths.ComputeTestDir - /root/workspace/apache/flink/362120928/flink-metrics/flink-metrics-slf4j/src/test/java
00:00:32.443 [main] INFO  f.i.s.r.p.step.paths.ComputeTestDir - /root/workspace/apache/flink/362120928/flink-metrics/flink-metrics-statsd/src/test/java
00:00:32.443 [main] INFO  f.i.s.r.p.step.paths.ComputeTestDir - /root/workspace/apache/flink/362120928/flink-optimizer/src/test/java
00:00:32.443 [main] INFO  f.i.s.r.p.step.paths.ComputeTestDir - /root/workspace/apache/flink/362120928/flink-queryable-state/flink-queryable-state-client-java/src/test/java
00:00:32.443 [main] INFO  f.i.s.r.p.step.paths.ComputeTestDir - /root/workspace/apache/flink/362120928/flink-queryable-state/flink-queryable-state-runtime/src/test/java
00:00:32.443 [main] INFO  f.i.s.r.p.step.paths.ComputeTestDir - /root/workspace/apache/flink/362120928/flink-runtime-web/src/test/java
00:00:32.443 [main] INFO  f.i.s.r.p.step.paths.ComputeTestDir - /root/workspace/apache/flink/362120928/flink-runtime/src/test/java
00:00:32.443 [main] INFO  f.i.s.r.p.step.paths.ComputeTestDir - /root/workspace/apache/flink/362120928/flink-scala-shell/src/test/java
00:00:32.443 [main] INFO  f.i.s.r.p.step.paths.ComputeTestDir - /root/workspace/apache/flink/362120928/flink-state-backends/flink-statebackend-rocksdb/src/test/java
00:00:32.443 [main] INFO  f.i.s.r.p.step.paths.ComputeTestDir - /root/workspace/apache/flink/362120928/flink-streaming-java/src/test/java
00:00:32.443 [main] INFO  f.i.s.r.p.step.paths.ComputeTestDir - /root/workspace/apache/flink/362120928/flink-streaming-scala/src/test/java
00:00:32.443 [main] INFO  f.i.s.r.p.step.paths.ComputeTestDir - /root/workspace/apache/flink/362120928/flink-test-utils-parent/flink-test-utils-junit/src/test/java
00:00:32.443 [main] INFO  f.i.s.r.p.step.paths.ComputeTestDir - /root/workspace/apache/flink/362120928/flink-test-utils-parent/flink-test-utils/src/test/java
00:00:32.443 [main] INFO  f.i.s.r.p.step.paths.ComputeTestDir - /root/workspace/apache/flink/362120928/flink-tests/src/test/java
00:00:32.444 [main] INFO  f.i.s.r.p.step.paths.ComputeTestDir - /root/workspace/apache/flink/362120928/flink-yarn-tests/src/test/java
00:00:32.444 [main] INFO  f.i.s.r.p.step.paths.ComputeTestDir - /root/workspace/apache/flink/362120928/flink-yarn/src/test/java
00:00:32.496 [main] DEBUG f.i.s.r.p.step.paths.ComputeTestDir - STEP STATUS: [ ComputeTestDir : SUCCESS ]
00:00:32.496 [main] DEBUG f.i.s.r.p.step.paths.ComputeTestDir - STEP DURATION: 0s
00:00:32.496 [main] DEBUG f.i.s.r.p.step.paths.ComputeTestDir - EXECUTE NEXT STEP
00:00:32.496 [main] DEBUG f.i.s.r.p.s.c.CheckoutBuggyBuildSourceCode - ----------------------------------------------------------------------
00:00:32.496 [main] DEBUG f.i.s.r.p.s.c.CheckoutBuggyBuildSourceCode - STEP 5/22: CheckoutBuggyBuildCandidateSourceCode
00:00:32.496 [main] DEBUG f.i.s.r.p.s.c.CheckoutBuggyBuildSourceCode - ----------------------------------------------------------------------
00:00:32.496 [main] DEBUG f.i.s.r.p.s.c.CheckoutBuggyBuildSourceCode - Checking out the source code of the buggy build candidate...
00:00:32.832 [main] INFO  fr.inria.jtravis.JTravis - GitHub ratelimit: Limit: 5000 Remaining: 4974 Reset hour: 19:37:22
00:00:35.227 [main] DEBUG f.i.s.r.process.git.GitHelper - Commit repairnator files...
00:00:35.227 [main] INFO  f.i.s.r.process.git.GitHelper - There is no repairnator file to commit.
00:00:35.227 [main] DEBUG f.i.s.r.p.s.c.CheckoutBuggyBuildSourceCode - Reproduce the PR for apache/flink by fetching remote branch and merging.
00:00:35.720 [main] DEBUG f.i.s.r.process.git.GitHelper - Step CheckoutBuggyBuildCandidateSourceCode - Get the commit eed007a9297186e0a61c924604af0b8a566de473 for repo apache/flink
00:00:36.538 [main] DEBUG f.i.s.r.process.git.GitHelper - Step CheckoutBuggyBuildCandidateSourceCode - Do the merge with the PR commit for repo apache/flink
00:00:37.946 [main] INFO  f.i.s.r.process.git.GitHelper - Init git submodules.
00:00:38.253 [main] INFO  fr.inria.jtravis.JTravis - GitHub ratelimit: Limit: 5000 Remaining: 4967 Reset hour: 19:37:22
00:00:40.362 [main] DEBUG f.i.s.r.process.git.GitHelper - Commit repairnator files...
00:00:40.363 [main] INFO  f.i.s.r.process.git.GitHelper - There is no repairnator file to commit.
00:00:40.363 [main] DEBUG f.i.s.r.p.s.c.CheckoutBuggyBuildSourceCode - Reproduce the PR for apache/flink by fetching remote branch and merging.
00:00:40.859 [main] ERROR f.i.s.r.p.s.c.CheckoutBuggyBuildSourceCode - Error while testing commit: org.eclipse.jgit.errors.MissingObjectException: Missing unknown e57677688e3d56f545b9a770026037a5a7623c07
00:00:40.860 [main] ERROR f.i.s.r.p.s.c.CheckoutBuggyBuildSourceCode - Commit head ref cannot be retrieved from the repository: e57677688e3d56f545b9a770026037a5a7623c07. Operation aborted.
00:00:40.860 [main] ERROR f.i.s.r.p.s.c.CheckoutBuggyBuildSourceCode - Error while merging two commits to reproduce the PR.
00:00:40.862 [main] DEBUG f.i.s.r.p.s.c.CheckoutBuggyBuildSourceCode - STEP STATUS: [ CheckoutBuggyBuildCandidateSourceCode : FAILURE ( BUILDNOTCHECKEDOUT ) ]
00:00:40.862 [main] DEBUG f.i.s.r.p.s.c.CheckoutBuggyBuildSourceCode - STEP DURATION: 8s
00:00:40.862 [main] DEBUG f.i.s.r.p.s.c.CheckoutBuggyBuildSourceCode - TERMINATE PIPELINE
00:00:40.862 [main] DEBUG f.i.s.r.p.s.c.CheckoutBuggyBuildSourceCode - FINAL STEPS SKIPPED: The reproduction of the bug and/or the patch failed.
00:00:40.863 [main] INFO  f.i.s.r.p.s.c.CheckoutBuggyBuildSourceCode - Serialize all data for the pair of builds 362120928, 363164623
00:00:40.985 [main] INFO  fr.inria.jtravis.JTravis - GitHub ratelimit: Limit: 5000 Remaining: 4960 Reset hour: 19:37:22
00:00:42.877 [main] INFO  f.i.s.r.p.i.ProjectInspector - ----------------------------------------------------------------------
00:00:42.877 [main] INFO  f.i.s.r.p.i.ProjectInspector - PIPELINE EXECUTION SUMMARY
00:00:42.877 [main] INFO  f.i.s.r.p.i.ProjectInspector - ----------------------------------------------------------------------
00:00:42.878 [main] INFO  f.i.s.r.p.i.ProjectInspector - CloneRepository.......................................SUCCESS [ 76 s ]
00:00:42.878 [main] INFO  f.i.s.r.p.i.ProjectInspector - CheckoutPatchedBuildCandidate.........................SUCCESS [ 14 s ]
00:00:42.878 [main] INFO  f.i.s.r.p.i.ProjectInspector - ComputeSourceDir......................................SUCCESS [  1 s ]
00:00:42.878 [main] INFO  f.i.s.r.p.i.ProjectInspector - ComputeTestDir........................................SUCCESS [  0 s ]
00:00:42.878 [main] INFO  f.i.s.r.p.i.ProjectInspector - CheckoutBuggyBuildCandidateSourceCode.................FAILURE [  8 s ]
00:00:42.878 [main] INFO  f.i.s.r.p.i.ProjectInspector - BuildProjectBuggyBuildCandidateSourceCode.............NOT RUN         
00:00:42.878 [main] INFO  f.i.s.r.p.i.ProjectInspector - TestProjectBuggyBuildCandidateSourceCode..............NOT RUN         
00:00:42.878 [main] INFO  f.i.s.r.p.i.ProjectInspector - GatherTestInformationBuggyBuildCandidateSourceCode....NOT RUN         
00:00:42.878 [main] INFO  f.i.s.r.p.i.ProjectInspector - CheckoutBuggyBuildTestCode............................NOT RUN         
00:00:42.878 [main] INFO  f.i.s.r.p.i.ProjectInspector - InitRepoToPush........................................NOT RUN         
00:00:42.879 [main] INFO  f.i.s.r.p.i.ProjectInspector - ComputeClasspath......................................NOT RUN         
00:00:42.879 [main] INFO  f.i.s.r.p.i.ProjectInspector - ComputeModules........................................NOT RUN         
00:00:42.879 [main] INFO  f.i.s.r.p.i.ProjectInspector - CheckoutBuggyBuildCandidateSourceCode.................NOT RUN         
00:00:42.879 [main] INFO  f.i.s.r.p.i.ProjectInspector - CommitChangedTests....................................NOT RUN         
00:00:42.879 [main] INFO  f.i.s.r.p.i.ProjectInspector - CheckoutPatchedBuildCandidate.........................NOT RUN         
00:00:42.879 [main] INFO  f.i.s.r.p.i.ProjectInspector - BuildProjectPatchedBuildCandidate.....................NOT RUN         
00:00:42.879 [main] INFO  f.i.s.r.p.i.ProjectInspector - TestProjectPatchedBuildCandidate......................NOT RUN         
00:00:42.879 [main] INFO  f.i.s.r.p.i.ProjectInspector - GatherTestInformationPatchedBuildCandidate............NOT RUN         
00:00:42.879 [main] INFO  f.i.s.r.p.i.ProjectInspector - CommitPatch...........................................NOT RUN         
00:00:42.879 [main] INFO  f.i.s.r.p.i.ProjectInspector - WritePropertyFile.....................................NOT RUN         
00:00:42.880 [main] INFO  f.i.s.r.p.i.ProjectInspector - CommitProcessEnd......................................NOT RUN         
00:00:42.880 [main] INFO  f.i.s.r.p.i.ProjectInspector - PushProcessEnd........................................NOT RUN         
00:00:42.880 [main] INFO  f.i.s.r.p.i.ProjectInspector - ----------------------------------------------------------------------
00:00:42.880 [main] INFO  f.i.s.r.p.i.ProjectInspector - PIPELINE FINDING: BUILDNOTCHECKEDOUT
00:00:42.880 [main] INFO  f.i.s.r.p.i.ProjectInspector - ----------------------------------------------------------------------
00:00:42.880 [main] INFO  f.i.s.repairnator.pipeline.Launcher - Inspector is finished. The process will exit now.
