11:55:17.103 [main] INFO  f.i.s.repairnator.pipeline.Launcher - PIPELINE VERSION: 3.0-2018-08-09 19:04
11:55:17.219 [main] INFO  f.i.s.repairnator.pipeline.Launcher - The pipeline will try to reproduce a bug from build 361892383 and its corresponding patch from build 362245778
11:55:17.220 [main] INFO  f.i.s.repairnator.pipeline.Launcher - Initialize file serializer engines.
11:55:17.222 [main] INFO  f.i.s.repairnator.pipeline.Launcher - MongoDB won't be used for serialization.
11:55:17.222 [main] INFO  f.i.s.repairnator.pipeline.Launcher - The email notifier engine won't be used.
11:55:17.225 [main] INFO  f.i.s.repairnator.pipeline.Launcher - Start by getting the build (buildId: 361892383) with the following config: RepairnatorConfig{runId='c528381b-1d5b-4a22-a74f-ab72178e0533_04-18-week1-PASSING_AND_PASSING', launcherMode=BEARS, serializeJson=true, inputPath='null', outputPath='/var/log', mongodbHost='null', mongodbName='repairnator', smtpServer='null', notifyTo=[], notifyEndProcess=false, push=true, pushRemoteRepo='https://github.com/fermadeiral/bears-collection-pp', fork=false, lookFromDate=null, lookToDate=null, buildId=361892383, z3solverPath='./z3_for_linux', workspacePath='./workspace', githubToken='c8a341a903[...]', dockerImageName='null', skipDelete=false, createOutputDir=false, logDirectory='null', nbThreads=0, globalTimeout=0, whiteList=null, blackList=null, jobSleepTime=0, buildSleepTime=0, maxInspectedBuilds=0, duration=null, humanPatch=false, repository='null', clean=true, bearsMode=BOTH, bearsDelimiter = false, repairTools=NopolAllTests,NPEFix,AssertFixer,AstorJGenProg,AstorJKali,NopolSingleTest,AstorJMut,NopolTestExclusionStrategy, githubUserName= fermadeiral, githubUserEmail=fer.madeiral@gmail.com}
11:55:18.705 [main] DEBUG fr.inria.jtravis.helpers.BuildHelper - Get request to :https://api.travis-ci.org/build/361892383 done after 919 ms
11:55:18.983 [main] DEBUG fr.inria.jtravis.helpers.BuildHelper - Get request to :https://api.travis-ci.org/build/362245778 done after 156 ms
11:55:18.993 [main] INFO  f.i.s.repairnator.pipeline.Launcher - The patched build (362245778) was successfully retrieved from Travis.
11:55:20.051 [main] INFO  fr.inria.jtravis.JTravis - GitHub ratelimit: Limit: 5000 Remaining: 4548 Reset hour: 19:38:04
11:55:20.301 [main] INFO  f.i.s.r.p.i.ProjectInspector - ----------------------------------------------------------------------
11:55:20.301 [main] INFO  f.i.s.r.p.i.ProjectInspector - PIPELINE STEPS
11:55:20.301 [main] INFO  f.i.s.r.p.i.ProjectInspector - ----------------------------------------------------------------------
11:55:20.301 [main] INFO  f.i.s.r.p.i.ProjectInspector - CloneRepository
11:55:20.301 [main] INFO  f.i.s.r.p.i.ProjectInspector - CheckoutPatchedBuildCandidate
11:55:20.302 [main] INFO  f.i.s.r.p.i.ProjectInspector - ComputeSourceDir
11:55:20.302 [main] INFO  f.i.s.r.p.i.ProjectInspector - ComputeTestDir
11:55:20.302 [main] INFO  f.i.s.r.p.i.ProjectInspector - CheckoutBuggyBuildCandidateSourceCode
11:55:20.302 [main] INFO  f.i.s.r.p.i.ProjectInspector - BuildProjectBuggyBuildCandidateSourceCode
11:55:20.303 [main] INFO  f.i.s.r.p.i.ProjectInspector - TestProjectBuggyBuildCandidateSourceCode
11:55:20.303 [main] INFO  f.i.s.r.p.i.ProjectInspector - GatherTestInformationBuggyBuildCandidateSourceCode
11:55:20.303 [main] INFO  f.i.s.r.p.i.ProjectInspector - CheckoutBuggyBuildTestCode
11:55:20.303 [main] INFO  f.i.s.r.p.i.ProjectInspector - InitRepoToPush
11:55:20.303 [main] INFO  f.i.s.r.p.i.ProjectInspector - ComputeClasspath
11:55:20.304 [main] INFO  f.i.s.r.p.i.ProjectInspector - ComputeModules
11:55:20.304 [main] INFO  f.i.s.r.p.i.ProjectInspector - CheckoutBuggyBuildCandidateSourceCode
11:55:20.304 [main] INFO  f.i.s.r.p.i.ProjectInspector - CommitChangedTests
11:55:20.304 [main] INFO  f.i.s.r.p.i.ProjectInspector - CheckoutPatchedBuildCandidate
11:55:20.304 [main] INFO  f.i.s.r.p.i.ProjectInspector - BuildProjectPatchedBuildCandidate
11:55:20.305 [main] INFO  f.i.s.r.p.i.ProjectInspector - TestProjectPatchedBuildCandidate
11:55:20.305 [main] INFO  f.i.s.r.p.i.ProjectInspector - GatherTestInformationPatchedBuildCandidate
11:55:20.305 [main] INFO  f.i.s.r.p.i.ProjectInspector - CommitPatch
11:55:20.305 [main] INFO  f.i.s.r.p.i.ProjectInspector - WritePropertyFile
11:55:20.305 [main] INFO  f.i.s.r.p.i.ProjectInspector - CommitProcessEnd
11:55:20.306 [main] INFO  f.i.s.r.p.i.ProjectInspector - PushProcessEnd
11:55:20.306 [main] DEBUG f.i.s.r.process.step.CloneRepository - ----------------------------------------------------------------------
11:55:20.306 [main] DEBUG f.i.s.r.process.step.CloneRepository - STEP 1/22: CloneRepository
11:55:20.306 [main] DEBUG f.i.s.r.process.step.CloneRepository - ----------------------------------------------------------------------
11:55:20.307 [main] DEBUG f.i.s.r.process.step.CloneRepository - Cloning repository datastax/java-driver in the following directory: ./workspace/datastax/java-driver/361892383
11:55:37.709 [main] DEBUG f.i.s.r.process.step.CloneRepository - STEP STATUS: [ CloneRepository : SUCCESS ]
11:55:37.710 [main] DEBUG f.i.s.r.process.step.CloneRepository - STEP DURATION: 17s
11:55:37.710 [main] DEBUG f.i.s.r.process.step.CloneRepository - EXECUTE NEXT STEP
11:55:37.711 [main] DEBUG f.i.s.r.p.s.c.CheckoutPatchedBuild - ----------------------------------------------------------------------
11:55:37.711 [main] DEBUG f.i.s.r.p.s.c.CheckoutPatchedBuild - STEP 2/22: CheckoutPatchedBuildCandidate
11:55:37.711 [main] DEBUG f.i.s.r.p.s.c.CheckoutPatchedBuild - ----------------------------------------------------------------------
11:55:37.712 [main] DEBUG f.i.s.r.p.s.c.CheckoutPatchedBuild - Checking out patched build candidate...
11:55:38.036 [main] INFO  fr.inria.jtravis.JTravis - GitHub ratelimit: Limit: 5000 Remaining: 4543 Reset hour: 19:38:04
11:55:40.355 [main] DEBUG f.i.s.r.p.s.c.CheckoutPatchedBuild - Reproduce the PR for datastax/java-driver by fetching remote branch and merging.
11:55:40.613 [main] ERROR f.i.s.r.p.s.c.CheckoutPatchedBuild - Error while testing commit: org.eclipse.jgit.errors.MissingObjectException: Missing unknown 905d980e256bb3149958882dadb72cc3433e0014
11:55:40.614 [main] ERROR f.i.s.r.p.s.c.CheckoutPatchedBuild - Commit head ref cannot be retrieved from the repository: 905d980e256bb3149958882dadb72cc3433e0014. Operation aborted.
11:55:40.614 [main] ERROR f.i.s.r.p.s.c.CheckoutPatchedBuild - Error while merging two commits to reproduce the PR.
11:55:40.615 [main] DEBUG f.i.s.r.p.s.c.CheckoutPatchedBuild - STEP STATUS: [ CheckoutPatchedBuildCandidate : FAILURE ( BUILDNOTCHECKEDOUT ) ]
11:55:40.618 [main] DEBUG f.i.s.r.p.s.c.CheckoutPatchedBuild - STEP DURATION: 2s
11:55:40.618 [main] DEBUG f.i.s.r.p.s.c.CheckoutPatchedBuild - TERMINATE PIPELINE
11:55:40.619 [main] DEBUG f.i.s.r.p.s.c.CheckoutPatchedBuild - FINAL STEPS SKIPPED: The reproduction of the bug and/or the patch failed.
11:55:40.619 [main] INFO  f.i.s.r.p.s.c.CheckoutPatchedBuild - Serialize all data for the pair of builds 361892383, 362245778
11:55:40.739 [main] INFO  fr.inria.jtravis.JTravis - GitHub ratelimit: Limit: 5000 Remaining: 4534 Reset hour: 19:38:04
11:55:41.881 [main] INFO  f.i.s.r.p.i.ProjectInspector - ----------------------------------------------------------------------
11:55:41.882 [main] INFO  f.i.s.r.p.i.ProjectInspector - PIPELINE EXECUTION SUMMARY
11:55:41.882 [main] INFO  f.i.s.r.p.i.ProjectInspector - ----------------------------------------------------------------------
11:55:41.882 [main] INFO  f.i.s.r.p.i.ProjectInspector - CloneRepository.......................................SUCCESS [ 17 s ]
11:55:41.883 [main] INFO  f.i.s.r.p.i.ProjectInspector - CheckoutPatchedBuildCandidate.........................FAILURE [  2 s ]
11:55:41.883 [main] INFO  f.i.s.r.p.i.ProjectInspector - ComputeSourceDir......................................NOT RUN         
11:55:41.883 [main] INFO  f.i.s.r.p.i.ProjectInspector - ComputeTestDir........................................NOT RUN         
11:55:41.884 [main] INFO  f.i.s.r.p.i.ProjectInspector - CheckoutBuggyBuildCandidateSourceCode.................NOT RUN         
11:55:41.893 [main] INFO  f.i.s.r.p.i.ProjectInspector - BuildProjectBuggyBuildCandidateSourceCode.............NOT RUN         
11:55:41.893 [main] INFO  f.i.s.r.p.i.ProjectInspector - TestProjectBuggyBuildCandidateSourceCode..............NOT RUN         
11:55:41.893 [main] INFO  f.i.s.r.p.i.ProjectInspector - GatherTestInformationBuggyBuildCandidateSourceCode....NOT RUN         
11:55:41.894 [main] INFO  f.i.s.r.p.i.ProjectInspector - CheckoutBuggyBuildTestCode............................NOT RUN         
11:55:41.894 [main] INFO  f.i.s.r.p.i.ProjectInspector - InitRepoToPush........................................NOT RUN         
11:55:41.894 [main] INFO  f.i.s.r.p.i.ProjectInspector - ComputeClasspath......................................NOT RUN         
11:55:41.895 [main] INFO  f.i.s.r.p.i.ProjectInspector - ComputeModules........................................NOT RUN         
11:55:41.895 [main] INFO  f.i.s.r.p.i.ProjectInspector - CheckoutBuggyBuildCandidateSourceCode.................NOT RUN         
11:55:41.895 [main] INFO  f.i.s.r.p.i.ProjectInspector - CommitChangedTests....................................NOT RUN         
11:55:41.896 [main] INFO  f.i.s.r.p.i.ProjectInspector - CheckoutPatchedBuildCandidate.........................NOT RUN         
11:55:41.896 [main] INFO  f.i.s.r.p.i.ProjectInspector - BuildProjectPatchedBuildCandidate.....................NOT RUN         
11:55:41.896 [main] INFO  f.i.s.r.p.i.ProjectInspector - TestProjectPatchedBuildCandidate......................NOT RUN         
11:55:41.896 [main] INFO  f.i.s.r.p.i.ProjectInspector - GatherTestInformationPatchedBuildCandidate............NOT RUN         
11:55:41.897 [main] INFO  f.i.s.r.p.i.ProjectInspector - CommitPatch...........................................NOT RUN         
11:55:41.897 [main] INFO  f.i.s.r.p.i.ProjectInspector - WritePropertyFile.....................................NOT RUN         
11:55:41.897 [main] INFO  f.i.s.r.p.i.ProjectInspector - CommitProcessEnd......................................NOT RUN         
11:55:41.898 [main] INFO  f.i.s.r.p.i.ProjectInspector - PushProcessEnd........................................NOT RUN         
11:55:41.898 [main] INFO  f.i.s.r.p.i.ProjectInspector - ----------------------------------------------------------------------
11:55:41.898 [main] INFO  f.i.s.r.p.i.ProjectInspector - PIPELINE FINDING: BUILDNOTCHECKEDOUT
11:55:41.899 [main] INFO  f.i.s.r.p.i.ProjectInspector - ----------------------------------------------------------------------
11:55:41.899 [main] INFO  f.i.s.repairnator.pipeline.Launcher - Inspector is finished. The process will exit now.
