03:54:55.066 [main] INFO  f.i.s.repairnator.pipeline.Launcher - PIPELINE VERSION: 3.0-2018-08-09 19:04
03:54:55.183 [main] INFO  f.i.s.repairnator.pipeline.Launcher - The pipeline will try to reproduce a bug from build 362319681 and its corresponding patch from build 362336182
03:54:55.184 [main] INFO  f.i.s.repairnator.pipeline.Launcher - Initialize file serializer engines.
03:54:55.186 [main] INFO  f.i.s.repairnator.pipeline.Launcher - MongoDB won't be used for serialization.
03:54:55.186 [main] INFO  f.i.s.repairnator.pipeline.Launcher - The email notifier engine won't be used.
03:54:55.189 [main] INFO  f.i.s.repairnator.pipeline.Launcher - Start by getting the build (buildId: 362319681) with the following config: RepairnatorConfig{runId='c528381b-1d5b-4a22-a74f-ab72178e0533_04-18-week1-PASSING_AND_PASSING', launcherMode=BEARS, serializeJson=true, inputPath='null', outputPath='/var/log', mongodbHost='null', mongodbName='repairnator', smtpServer='null', notifyTo=[], notifyEndProcess=false, push=true, pushRemoteRepo='https://github.com/fermadeiral/bears-collection-pp', fork=false, lookFromDate=null, lookToDate=null, buildId=362319681, z3solverPath='./z3_for_linux', workspacePath='./workspace', githubToken='c8a341a903[...]', dockerImageName='null', skipDelete=false, createOutputDir=false, logDirectory='null', nbThreads=0, globalTimeout=0, whiteList=null, blackList=null, jobSleepTime=0, buildSleepTime=0, maxInspectedBuilds=0, duration=null, humanPatch=false, repository='null', clean=true, bearsMode=BOTH, bearsDelimiter = false, repairTools=NopolAllTests,NPEFix,AssertFixer,AstorJGenProg,AstorJKali,NopolSingleTest,AstorJMut,NopolTestExclusionStrategy, githubUserName= fermadeiral, githubUserEmail=fer.madeiral@gmail.com}
03:54:56.447 [main] DEBUG fr.inria.jtravis.helpers.BuildHelper - Get request to :https://api.travis-ci.org/build/362319681 done after 797 ms
03:54:56.731 [main] DEBUG fr.inria.jtravis.helpers.BuildHelper - Get request to :https://api.travis-ci.org/build/362336182 done after 133 ms
03:54:56.743 [main] INFO  f.i.s.repairnator.pipeline.Launcher - The patched build (362336182) was successfully retrieved from Travis.
03:54:57.789 [main] INFO  fr.inria.jtravis.JTravis - GitHub ratelimit: Limit: 5000 Remaining: 4460 Reset hour: 19:37:33
03:54:58.041 [main] INFO  f.i.s.r.p.i.ProjectInspector - ----------------------------------------------------------------------
03:54:58.041 [main] INFO  f.i.s.r.p.i.ProjectInspector - PIPELINE STEPS
03:54:58.042 [main] INFO  f.i.s.r.p.i.ProjectInspector - ----------------------------------------------------------------------
03:54:58.042 [main] INFO  f.i.s.r.p.i.ProjectInspector - CloneRepository
03:54:58.042 [main] INFO  f.i.s.r.p.i.ProjectInspector - CheckoutPatchedBuildCandidate
03:54:58.042 [main] INFO  f.i.s.r.p.i.ProjectInspector - ComputeSourceDir
03:54:58.042 [main] INFO  f.i.s.r.p.i.ProjectInspector - ComputeTestDir
03:54:58.043 [main] INFO  f.i.s.r.p.i.ProjectInspector - CheckoutBuggyBuildCandidateSourceCode
03:54:58.043 [main] INFO  f.i.s.r.p.i.ProjectInspector - BuildProjectBuggyBuildCandidateSourceCode
03:54:58.050 [main] INFO  f.i.s.r.p.i.ProjectInspector - TestProjectBuggyBuildCandidateSourceCode
03:54:58.050 [main] INFO  f.i.s.r.p.i.ProjectInspector - GatherTestInformationBuggyBuildCandidateSourceCode
03:54:58.050 [main] INFO  f.i.s.r.p.i.ProjectInspector - CheckoutBuggyBuildTestCode
03:54:58.051 [main] INFO  f.i.s.r.p.i.ProjectInspector - InitRepoToPush
03:54:58.051 [main] INFO  f.i.s.r.p.i.ProjectInspector - ComputeClasspath
03:54:58.051 [main] INFO  f.i.s.r.p.i.ProjectInspector - ComputeModules
03:54:58.051 [main] INFO  f.i.s.r.p.i.ProjectInspector - CheckoutBuggyBuildCandidateSourceCode
03:54:58.051 [main] INFO  f.i.s.r.p.i.ProjectInspector - CommitChangedTests
03:54:58.052 [main] INFO  f.i.s.r.p.i.ProjectInspector - CheckoutPatchedBuildCandidate
03:54:58.052 [main] INFO  f.i.s.r.p.i.ProjectInspector - BuildProjectPatchedBuildCandidate
03:54:58.052 [main] INFO  f.i.s.r.p.i.ProjectInspector - TestProjectPatchedBuildCandidate
03:54:58.053 [main] INFO  f.i.s.r.p.i.ProjectInspector - GatherTestInformationPatchedBuildCandidate
03:54:58.053 [main] INFO  f.i.s.r.p.i.ProjectInspector - CommitPatch
03:54:58.053 [main] INFO  f.i.s.r.p.i.ProjectInspector - WritePropertyFile
03:54:58.053 [main] INFO  f.i.s.r.p.i.ProjectInspector - CommitProcessEnd
03:54:58.053 [main] INFO  f.i.s.r.p.i.ProjectInspector - PushProcessEnd
03:54:58.054 [main] DEBUG f.i.s.r.process.step.CloneRepository - ----------------------------------------------------------------------
03:54:58.054 [main] DEBUG f.i.s.r.process.step.CloneRepository - STEP 1/22: CloneRepository
03:54:58.054 [main] DEBUG f.i.s.r.process.step.CloneRepository - ----------------------------------------------------------------------
03:54:58.055 [main] DEBUG f.i.s.r.process.step.CloneRepository - Cloning repository batfish/batfish in the following directory: ./workspace/batfish/batfish/362319681
03:56:02.518 [main] DEBUG f.i.s.r.process.step.CloneRepository - STEP STATUS: [ CloneRepository : SUCCESS ]
03:56:02.518 [main] DEBUG f.i.s.r.process.step.CloneRepository - STEP DURATION: 64s
03:56:02.519 [main] DEBUG f.i.s.r.process.step.CloneRepository - EXECUTE NEXT STEP
03:56:02.519 [main] DEBUG f.i.s.r.p.s.c.CheckoutPatchedBuild - ----------------------------------------------------------------------
03:56:02.519 [main] DEBUG f.i.s.r.p.s.c.CheckoutPatchedBuild - STEP 2/22: CheckoutPatchedBuildCandidate
03:56:02.519 [main] DEBUG f.i.s.r.p.s.c.CheckoutPatchedBuild - ----------------------------------------------------------------------
03:56:02.519 [main] DEBUG f.i.s.r.p.s.c.CheckoutPatchedBuild - Checking out patched build candidate...
03:56:02.872 [main] INFO  fr.inria.jtravis.JTravis - GitHub ratelimit: Limit: 5000 Remaining: 4459 Reset hour: 19:37:33
03:56:04.621 [main] DEBUG f.i.s.r.p.s.c.CheckoutPatchedBuild - Reproduce the PR for batfish/batfish by fetching remote branch and merging.
03:56:05.654 [main] ERROR f.i.s.r.p.s.c.CheckoutPatchedBuild - Error while testing commit: org.eclipse.jgit.errors.MissingObjectException: Missing unknown 56b3c7d6314b53ad0495dd18adb71aa30938aa16
03:56:05.655 [main] ERROR f.i.s.r.p.s.c.CheckoutPatchedBuild - Commit head ref cannot be retrieved from the repository: 56b3c7d6314b53ad0495dd18adb71aa30938aa16. Operation aborted.
03:56:05.655 [main] ERROR f.i.s.r.p.s.c.CheckoutPatchedBuild - Error while merging two commits to reproduce the PR.
03:56:05.656 [main] DEBUG f.i.s.r.p.s.c.CheckoutPatchedBuild - STEP STATUS: [ CheckoutPatchedBuildCandidate : FAILURE ( BUILDNOTCHECKEDOUT ) ]
03:56:05.656 [main] DEBUG f.i.s.r.p.s.c.CheckoutPatchedBuild - STEP DURATION: 3s
03:56:05.657 [main] DEBUG f.i.s.r.p.s.c.CheckoutPatchedBuild - TERMINATE PIPELINE
03:56:05.657 [main] DEBUG f.i.s.r.p.s.c.CheckoutPatchedBuild - FINAL STEPS SKIPPED: The reproduction of the bug and/or the patch failed.
03:56:05.657 [main] INFO  f.i.s.r.p.s.c.CheckoutPatchedBuild - Serialize all data for the pair of builds 362319681, 362336182
03:56:05.774 [main] INFO  fr.inria.jtravis.JTravis - GitHub ratelimit: Limit: 5000 Remaining: 4452 Reset hour: 19:37:33
03:56:06.824 [main] INFO  f.i.s.r.p.i.ProjectInspector - ----------------------------------------------------------------------
03:56:06.824 [main] INFO  f.i.s.r.p.i.ProjectInspector - PIPELINE EXECUTION SUMMARY
03:56:06.824 [main] INFO  f.i.s.r.p.i.ProjectInspector - ----------------------------------------------------------------------
03:56:06.825 [main] INFO  f.i.s.r.p.i.ProjectInspector - CloneRepository.......................................SUCCESS [ 64 s ]
03:56:06.825 [main] INFO  f.i.s.r.p.i.ProjectInspector - CheckoutPatchedBuildCandidate.........................FAILURE [  3 s ]
03:56:06.825 [main] INFO  f.i.s.r.p.i.ProjectInspector - ComputeSourceDir......................................NOT RUN         
03:56:06.825 [main] INFO  f.i.s.r.p.i.ProjectInspector - ComputeTestDir........................................NOT RUN         
03:56:06.826 [main] INFO  f.i.s.r.p.i.ProjectInspector - CheckoutBuggyBuildCandidateSourceCode.................NOT RUN         
03:56:06.826 [main] INFO  f.i.s.r.p.i.ProjectInspector - BuildProjectBuggyBuildCandidateSourceCode.............NOT RUN         
03:56:06.826 [main] INFO  f.i.s.r.p.i.ProjectInspector - TestProjectBuggyBuildCandidateSourceCode..............NOT RUN         
03:56:06.826 [main] INFO  f.i.s.r.p.i.ProjectInspector - GatherTestInformationBuggyBuildCandidateSourceCode....NOT RUN         
03:56:06.826 [main] INFO  f.i.s.r.p.i.ProjectInspector - CheckoutBuggyBuildTestCode............................NOT RUN         
03:56:06.827 [main] INFO  f.i.s.r.p.i.ProjectInspector - InitRepoToPush........................................NOT RUN         
03:56:06.827 [main] INFO  f.i.s.r.p.i.ProjectInspector - ComputeClasspath......................................NOT RUN         
03:56:06.827 [main] INFO  f.i.s.r.p.i.ProjectInspector - ComputeModules........................................NOT RUN         
03:56:06.827 [main] INFO  f.i.s.r.p.i.ProjectInspector - CheckoutBuggyBuildCandidateSourceCode.................NOT RUN         
03:56:06.827 [main] INFO  f.i.s.r.p.i.ProjectInspector - CommitChangedTests....................................NOT RUN         
03:56:06.827 [main] INFO  f.i.s.r.p.i.ProjectInspector - CheckoutPatchedBuildCandidate.........................NOT RUN         
03:56:06.827 [main] INFO  f.i.s.r.p.i.ProjectInspector - BuildProjectPatchedBuildCandidate.....................NOT RUN         
03:56:06.828 [main] INFO  f.i.s.r.p.i.ProjectInspector - TestProjectPatchedBuildCandidate......................NOT RUN         
03:56:06.828 [main] INFO  f.i.s.r.p.i.ProjectInspector - GatherTestInformationPatchedBuildCandidate............NOT RUN         
03:56:06.828 [main] INFO  f.i.s.r.p.i.ProjectInspector - CommitPatch...........................................NOT RUN         
03:56:06.828 [main] INFO  f.i.s.r.p.i.ProjectInspector - WritePropertyFile.....................................NOT RUN         
03:56:06.828 [main] INFO  f.i.s.r.p.i.ProjectInspector - CommitProcessEnd......................................NOT RUN         
03:56:06.828 [main] INFO  f.i.s.r.p.i.ProjectInspector - PushProcessEnd........................................NOT RUN         
03:56:06.828 [main] INFO  f.i.s.r.p.i.ProjectInspector - ----------------------------------------------------------------------
03:56:06.828 [main] INFO  f.i.s.r.p.i.ProjectInspector - PIPELINE FINDING: BUILDNOTCHECKEDOUT
03:56:06.828 [main] INFO  f.i.s.r.p.i.ProjectInspector - ----------------------------------------------------------------------
03:56:06.829 [main] INFO  f.i.s.repairnator.pipeline.Launcher - Inspector is finished. The process will exit now.
