00:55:05.982 [main] INFO  f.i.s.repairnator.pipeline.Launcher - PIPELINE VERSION: 3.0-2018-08-09 19:04
00:55:06.103 [main] INFO  f.i.s.repairnator.pipeline.Launcher - The pipeline will try to reproduce a bug from build 361314694 and its corresponding patch from build 361330955
00:55:06.103 [main] INFO  f.i.s.repairnator.pipeline.Launcher - Initialize file serializer engines.
00:55:06.105 [main] INFO  f.i.s.repairnator.pipeline.Launcher - MongoDB won't be used for serialization.
00:55:06.105 [main] INFO  f.i.s.repairnator.pipeline.Launcher - The email notifier engine won't be used.
00:55:06.108 [main] INFO  f.i.s.repairnator.pipeline.Launcher - Start by getting the build (buildId: 361314694) with the following config: RepairnatorConfig{runId='c528381b-1d5b-4a22-a74f-ab72178e0533_04-18-week1-PASSING_AND_PASSING', launcherMode=BEARS, serializeJson=true, inputPath='null', outputPath='/var/log', mongodbHost='null', mongodbName='repairnator', smtpServer='null', notifyTo=[], notifyEndProcess=false, push=true, pushRemoteRepo='https://github.com/fermadeiral/bears-collection-pp', fork=false, lookFromDate=null, lookToDate=null, buildId=361314694, z3solverPath='./z3_for_linux', workspacePath='./workspace', githubToken='c8a341a903[...]', dockerImageName='null', skipDelete=false, createOutputDir=false, logDirectory='null', nbThreads=0, globalTimeout=0, whiteList=null, blackList=null, jobSleepTime=0, buildSleepTime=0, maxInspectedBuilds=0, duration=null, humanPatch=false, repository='null', clean=true, bearsMode=BOTH, bearsDelimiter = false, repairTools=NopolAllTests,NPEFix,AssertFixer,AstorJGenProg,AstorJKali,NopolSingleTest,AstorJMut,NopolTestExclusionStrategy, githubUserName= fermadeiral, githubUserEmail=fer.madeiral@gmail.com}
00:55:07.363 [main] DEBUG fr.inria.jtravis.helpers.BuildHelper - Get request to :https://api.travis-ci.org/build/361314694 done after 788 ms
00:55:07.591 [main] DEBUG fr.inria.jtravis.helpers.BuildHelper - Get request to :https://api.travis-ci.org/build/361330955 done after 134 ms
00:55:07.617 [main] INFO  f.i.s.repairnator.pipeline.Launcher - The patched build (361330955) was successfully retrieved from Travis.
00:55:08.669 [main] INFO  fr.inria.jtravis.JTravis - GitHub ratelimit: Limit: 5000 Remaining: 4439 Reset hour: 19:37:22
00:55:08.920 [main] INFO  f.i.s.r.p.i.ProjectInspector - ----------------------------------------------------------------------
00:55:08.920 [main] INFO  f.i.s.r.p.i.ProjectInspector - PIPELINE STEPS
00:55:08.920 [main] INFO  f.i.s.r.p.i.ProjectInspector - ----------------------------------------------------------------------
00:55:08.921 [main] INFO  f.i.s.r.p.i.ProjectInspector - CloneRepository
00:55:08.921 [main] INFO  f.i.s.r.p.i.ProjectInspector - CheckoutPatchedBuildCandidate
00:55:08.921 [main] INFO  f.i.s.r.p.i.ProjectInspector - ComputeSourceDir
00:55:08.921 [main] INFO  f.i.s.r.p.i.ProjectInspector - ComputeTestDir
00:55:08.921 [main] INFO  f.i.s.r.p.i.ProjectInspector - CheckoutBuggyBuildCandidateSourceCode
00:55:08.921 [main] INFO  f.i.s.r.p.i.ProjectInspector - BuildProjectBuggyBuildCandidateSourceCode
00:55:08.923 [main] INFO  f.i.s.r.p.i.ProjectInspector - TestProjectBuggyBuildCandidateSourceCode
00:55:08.923 [main] INFO  f.i.s.r.p.i.ProjectInspector - GatherTestInformationBuggyBuildCandidateSourceCode
00:55:08.924 [main] INFO  f.i.s.r.p.i.ProjectInspector - CheckoutBuggyBuildTestCode
00:55:08.924 [main] INFO  f.i.s.r.p.i.ProjectInspector - InitRepoToPush
00:55:08.924 [main] INFO  f.i.s.r.p.i.ProjectInspector - ComputeClasspath
00:55:08.924 [main] INFO  f.i.s.r.p.i.ProjectInspector - ComputeModules
00:55:08.924 [main] INFO  f.i.s.r.p.i.ProjectInspector - CheckoutBuggyBuildCandidateSourceCode
00:55:08.924 [main] INFO  f.i.s.r.p.i.ProjectInspector - CommitChangedTests
00:55:08.924 [main] INFO  f.i.s.r.p.i.ProjectInspector - CheckoutPatchedBuildCandidate
00:55:08.925 [main] INFO  f.i.s.r.p.i.ProjectInspector - BuildProjectPatchedBuildCandidate
00:55:08.925 [main] INFO  f.i.s.r.p.i.ProjectInspector - TestProjectPatchedBuildCandidate
00:55:08.925 [main] INFO  f.i.s.r.p.i.ProjectInspector - GatherTestInformationPatchedBuildCandidate
00:55:08.925 [main] INFO  f.i.s.r.p.i.ProjectInspector - CommitPatch
00:55:08.925 [main] INFO  f.i.s.r.p.i.ProjectInspector - WritePropertyFile
00:55:08.925 [main] INFO  f.i.s.r.p.i.ProjectInspector - CommitProcessEnd
00:55:08.925 [main] INFO  f.i.s.r.p.i.ProjectInspector - PushProcessEnd
00:55:08.926 [main] DEBUG f.i.s.r.process.step.CloneRepository - ----------------------------------------------------------------------
00:55:08.926 [main] DEBUG f.i.s.r.process.step.CloneRepository - STEP 1/22: CloneRepository
00:55:08.926 [main] DEBUG f.i.s.r.process.step.CloneRepository - ----------------------------------------------------------------------
00:55:08.926 [main] DEBUG f.i.s.r.process.step.CloneRepository - Cloning repository apache/incubator-druid in the following directory: ./workspace/apache/incubator-druid/361314694
00:55:46.491 [main] DEBUG f.i.s.r.process.step.CloneRepository - STEP STATUS: [ CloneRepository : SUCCESS ]
00:55:46.492 [main] DEBUG f.i.s.r.process.step.CloneRepository - STEP DURATION: 37s
00:55:46.493 [main] DEBUG f.i.s.r.process.step.CloneRepository - EXECUTE NEXT STEP
00:55:46.493 [main] DEBUG f.i.s.r.p.s.c.CheckoutPatchedBuild - ----------------------------------------------------------------------
00:55:46.495 [main] DEBUG f.i.s.r.p.s.c.CheckoutPatchedBuild - STEP 2/22: CheckoutPatchedBuildCandidate
00:55:46.495 [main] DEBUG f.i.s.r.p.s.c.CheckoutPatchedBuild - ----------------------------------------------------------------------
00:55:46.495 [main] DEBUG f.i.s.r.p.s.c.CheckoutPatchedBuild - Checking out patched build candidate...
00:55:46.819 [main] INFO  fr.inria.jtravis.JTravis - GitHub ratelimit: Limit: 5000 Remaining: 4417 Reset hour: 19:37:22
00:55:48.876 [main] DEBUG f.i.s.r.p.s.c.CheckoutPatchedBuild - Reproduce the PR for apache/incubator-druid by fetching remote branch and merging.
00:55:51.272 [main] ERROR f.i.s.r.p.s.c.CheckoutPatchedBuild - Error while testing commit: org.eclipse.jgit.errors.MissingObjectException: Missing unknown c82ff349ca418aeb59ff85453968e495a22d1134
00:55:51.274 [main] ERROR f.i.s.r.p.s.c.CheckoutPatchedBuild - Commit head ref cannot be retrieved from the repository: c82ff349ca418aeb59ff85453968e495a22d1134. Operation aborted.
00:55:51.274 [main] ERROR f.i.s.r.p.s.c.CheckoutPatchedBuild - Error while merging two commits to reproduce the PR.
00:55:51.276 [main] DEBUG f.i.s.r.p.s.c.CheckoutPatchedBuild - STEP STATUS: [ CheckoutPatchedBuildCandidate : FAILURE ( BUILDNOTCHECKEDOUT ) ]
00:55:51.276 [main] DEBUG f.i.s.r.p.s.c.CheckoutPatchedBuild - STEP DURATION: 4s
00:55:51.276 [main] DEBUG f.i.s.r.p.s.c.CheckoutPatchedBuild - TERMINATE PIPELINE
00:55:51.277 [main] DEBUG f.i.s.r.p.s.c.CheckoutPatchedBuild - FINAL STEPS SKIPPED: The reproduction of the bug and/or the patch failed.
00:55:51.277 [main] INFO  f.i.s.r.p.s.c.CheckoutPatchedBuild - Serialize all data for the pair of builds 361314694, 361330955
00:55:51.391 [main] INFO  fr.inria.jtravis.JTravis - GitHub ratelimit: Limit: 5000 Remaining: 4410 Reset hour: 19:37:22
00:55:52.922 [main] INFO  f.i.s.r.p.i.ProjectInspector - ----------------------------------------------------------------------
00:55:52.922 [main] INFO  f.i.s.r.p.i.ProjectInspector - PIPELINE EXECUTION SUMMARY
00:55:52.923 [main] INFO  f.i.s.r.p.i.ProjectInspector - ----------------------------------------------------------------------
00:55:52.923 [main] INFO  f.i.s.r.p.i.ProjectInspector - CloneRepository.......................................SUCCESS [ 37 s ]
00:55:52.923 [main] INFO  f.i.s.r.p.i.ProjectInspector - CheckoutPatchedBuildCandidate.........................FAILURE [  4 s ]
00:55:52.923 [main] INFO  f.i.s.r.p.i.ProjectInspector - ComputeSourceDir......................................NOT RUN         
00:55:52.924 [main] INFO  f.i.s.r.p.i.ProjectInspector - ComputeTestDir........................................NOT RUN         
00:55:52.924 [main] INFO  f.i.s.r.p.i.ProjectInspector - CheckoutBuggyBuildCandidateSourceCode.................NOT RUN         
00:55:52.924 [main] INFO  f.i.s.r.p.i.ProjectInspector - BuildProjectBuggyBuildCandidateSourceCode.............NOT RUN         
00:55:52.924 [main] INFO  f.i.s.r.p.i.ProjectInspector - TestProjectBuggyBuildCandidateSourceCode..............NOT RUN         
00:55:52.924 [main] INFO  f.i.s.r.p.i.ProjectInspector - GatherTestInformationBuggyBuildCandidateSourceCode....NOT RUN         
00:55:52.925 [main] INFO  f.i.s.r.p.i.ProjectInspector - CheckoutBuggyBuildTestCode............................NOT RUN         
00:55:52.925 [main] INFO  f.i.s.r.p.i.ProjectInspector - InitRepoToPush........................................NOT RUN         
00:55:52.925 [main] INFO  f.i.s.r.p.i.ProjectInspector - ComputeClasspath......................................NOT RUN         
00:55:52.925 [main] INFO  f.i.s.r.p.i.ProjectInspector - ComputeModules........................................NOT RUN         
00:55:52.925 [main] INFO  f.i.s.r.p.i.ProjectInspector - CheckoutBuggyBuildCandidateSourceCode.................NOT RUN         
00:55:52.925 [main] INFO  f.i.s.r.p.i.ProjectInspector - CommitChangedTests....................................NOT RUN         
00:55:52.926 [main] INFO  f.i.s.r.p.i.ProjectInspector - CheckoutPatchedBuildCandidate.........................NOT RUN         
00:55:52.926 [main] INFO  f.i.s.r.p.i.ProjectInspector - BuildProjectPatchedBuildCandidate.....................NOT RUN         
00:55:52.926 [main] INFO  f.i.s.r.p.i.ProjectInspector - TestProjectPatchedBuildCandidate......................NOT RUN         
00:55:52.926 [main] INFO  f.i.s.r.p.i.ProjectInspector - GatherTestInformationPatchedBuildCandidate............NOT RUN         
00:55:52.926 [main] INFO  f.i.s.r.p.i.ProjectInspector - CommitPatch...........................................NOT RUN         
00:55:52.926 [main] INFO  f.i.s.r.p.i.ProjectInspector - WritePropertyFile.....................................NOT RUN         
00:55:52.927 [main] INFO  f.i.s.r.p.i.ProjectInspector - CommitProcessEnd......................................NOT RUN         
00:55:52.927 [main] INFO  f.i.s.r.p.i.ProjectInspector - PushProcessEnd........................................NOT RUN         
00:55:52.927 [main] INFO  f.i.s.r.p.i.ProjectInspector - ----------------------------------------------------------------------
00:55:52.927 [main] INFO  f.i.s.r.p.i.ProjectInspector - PIPELINE FINDING: BUILDNOTCHECKEDOUT
00:55:52.927 [main] INFO  f.i.s.r.p.i.ProjectInspector - ----------------------------------------------------------------------
00:55:52.927 [main] INFO  f.i.s.repairnator.pipeline.Launcher - Inspector is finished. The process will exit now.
