04:30:42.023 [main] INFO  f.i.s.repairnator.pipeline.Launcher - PIPELINE VERSION: 3.0-2018-08-09 19:04
04:30:42.168 [main] INFO  f.i.s.repairnator.pipeline.Launcher - The pipeline will try to reproduce a bug from build 362348078 and its corresponding patch from build 362348749
04:30:42.169 [main] INFO  f.i.s.repairnator.pipeline.Launcher - Initialize file serializer engines.
04:30:42.170 [main] INFO  f.i.s.repairnator.pipeline.Launcher - MongoDB won't be used for serialization.
04:30:42.171 [main] INFO  f.i.s.repairnator.pipeline.Launcher - The email notifier engine won't be used.
04:30:42.173 [main] INFO  f.i.s.repairnator.pipeline.Launcher - Start by getting the build (buildId: 362348078) with the following config: RepairnatorConfig{runId='c528381b-1d5b-4a22-a74f-ab72178e0533_04-18-week1-PASSING_AND_PASSING', launcherMode=BEARS, serializeJson=true, inputPath='null', outputPath='/var/log', mongodbHost='null', mongodbName='repairnator', smtpServer='null', notifyTo=[], notifyEndProcess=false, push=true, pushRemoteRepo='https://github.com/fermadeiral/bears-collection-pp', fork=false, lookFromDate=null, lookToDate=null, buildId=362348078, z3solverPath='./z3_for_linux', workspacePath='./workspace', githubToken='c8a341a903[...]', dockerImageName='null', skipDelete=false, createOutputDir=false, logDirectory='null', nbThreads=0, globalTimeout=0, whiteList=null, blackList=null, jobSleepTime=0, buildSleepTime=0, maxInspectedBuilds=0, duration=null, humanPatch=false, repository='null', clean=true, bearsMode=BOTH, bearsDelimiter = false, repairTools=NopolAllTests,NPEFix,AssertFixer,AstorJGenProg,AstorJKali,NopolSingleTest,AstorJMut,NopolTestExclusionStrategy, githubUserName= fermadeiral, githubUserEmail=fer.madeiral@gmail.com}
04:30:43.410 [main] DEBUG fr.inria.jtravis.helpers.BuildHelper - Get request to :https://api.travis-ci.org/build/362348078 done after 787 ms
04:30:43.631 [main] DEBUG fr.inria.jtravis.helpers.BuildHelper - Get request to :https://api.travis-ci.org/build/362348749 done after 120 ms
04:30:43.643 [main] INFO  f.i.s.repairnator.pipeline.Launcher - The patched build (362348749) was successfully retrieved from Travis.
04:30:44.811 [main] INFO  fr.inria.jtravis.JTravis - GitHub ratelimit: Limit: 5000 Remaining: 4625 Reset hour: 19:37:37
04:30:45.084 [main] INFO  f.i.s.r.p.i.ProjectInspector - ----------------------------------------------------------------------
04:30:45.085 [main] INFO  f.i.s.r.p.i.ProjectInspector - PIPELINE STEPS
04:30:45.086 [main] INFO  f.i.s.r.p.i.ProjectInspector - ----------------------------------------------------------------------
04:30:45.086 [main] INFO  f.i.s.r.p.i.ProjectInspector - CloneRepository
04:30:45.087 [main] INFO  f.i.s.r.p.i.ProjectInspector - CheckoutPatchedBuildCandidate
04:30:45.087 [main] INFO  f.i.s.r.p.i.ProjectInspector - ComputeSourceDir
04:30:45.088 [main] INFO  f.i.s.r.p.i.ProjectInspector - ComputeTestDir
04:30:45.089 [main] INFO  f.i.s.r.p.i.ProjectInspector - CheckoutBuggyBuildCandidateSourceCode
04:30:45.090 [main] INFO  f.i.s.r.p.i.ProjectInspector - BuildProjectBuggyBuildCandidateSourceCode
04:30:45.090 [main] INFO  f.i.s.r.p.i.ProjectInspector - TestProjectBuggyBuildCandidateSourceCode
04:30:45.091 [main] INFO  f.i.s.r.p.i.ProjectInspector - GatherTestInformationBuggyBuildCandidateSourceCode
04:30:45.091 [main] INFO  f.i.s.r.p.i.ProjectInspector - CheckoutBuggyBuildTestCode
04:30:45.092 [main] INFO  f.i.s.r.p.i.ProjectInspector - InitRepoToPush
04:30:45.092 [main] INFO  f.i.s.r.p.i.ProjectInspector - ComputeClasspath
04:30:45.092 [main] INFO  f.i.s.r.p.i.ProjectInspector - ComputeModules
04:30:45.093 [main] INFO  f.i.s.r.p.i.ProjectInspector - CheckoutBuggyBuildCandidateSourceCode
04:30:45.094 [main] INFO  f.i.s.r.p.i.ProjectInspector - CommitChangedTests
04:30:45.094 [main] INFO  f.i.s.r.p.i.ProjectInspector - CheckoutPatchedBuildCandidate
04:30:45.094 [main] INFO  f.i.s.r.p.i.ProjectInspector - BuildProjectPatchedBuildCandidate
04:30:45.095 [main] INFO  f.i.s.r.p.i.ProjectInspector - TestProjectPatchedBuildCandidate
04:30:45.095 [main] INFO  f.i.s.r.p.i.ProjectInspector - GatherTestInformationPatchedBuildCandidate
04:30:45.096 [main] INFO  f.i.s.r.p.i.ProjectInspector - CommitPatch
04:30:45.096 [main] INFO  f.i.s.r.p.i.ProjectInspector - WritePropertyFile
04:30:45.097 [main] INFO  f.i.s.r.p.i.ProjectInspector - CommitProcessEnd
04:30:45.098 [main] INFO  f.i.s.r.p.i.ProjectInspector - PushProcessEnd
04:30:45.098 [main] DEBUG f.i.s.r.process.step.CloneRepository - ----------------------------------------------------------------------
04:30:45.099 [main] DEBUG f.i.s.r.process.step.CloneRepository - STEP 1/22: CloneRepository
04:30:45.099 [main] DEBUG f.i.s.r.process.step.CloneRepository - ----------------------------------------------------------------------
04:30:45.100 [main] DEBUG f.i.s.r.process.step.CloneRepository - Cloning repository apache/activemq-artemis in the following directory: ./workspace/apache/activemq-artemis/362348078
04:31:15.575 [main] DEBUG f.i.s.r.process.step.CloneRepository - STEP STATUS: [ CloneRepository : SUCCESS ]
04:31:15.576 [main] DEBUG f.i.s.r.process.step.CloneRepository - STEP DURATION: 30s
04:31:15.577 [main] DEBUG f.i.s.r.process.step.CloneRepository - EXECUTE NEXT STEP
04:31:15.578 [main] DEBUG f.i.s.r.p.s.c.CheckoutPatchedBuild - ----------------------------------------------------------------------
04:31:15.579 [main] DEBUG f.i.s.r.p.s.c.CheckoutPatchedBuild - STEP 2/22: CheckoutPatchedBuildCandidate
04:31:15.579 [main] DEBUG f.i.s.r.p.s.c.CheckoutPatchedBuild - ----------------------------------------------------------------------
04:31:15.581 [main] DEBUG f.i.s.r.p.s.c.CheckoutPatchedBuild - Checking out patched build candidate...
04:31:15.924 [main] INFO  fr.inria.jtravis.JTravis - GitHub ratelimit: Limit: 5000 Remaining: 4617 Reset hour: 19:37:37
04:31:18.215 [main] DEBUG f.i.s.r.p.s.c.CheckoutPatchedBuild - Reproduce the PR for apache/activemq-artemis by fetching remote branch and merging.
04:32:01.592 [main] ERROR f.i.s.r.p.s.c.CheckoutPatchedBuild - Error while testing commit: org.eclipse.jgit.errors.MissingObjectException: Missing unknown 680075e694f4c6987852cd2dbfe2ac4b6814f195
04:32:01.593 [main] ERROR f.i.s.r.p.s.c.CheckoutPatchedBuild - Commit head ref cannot be retrieved from the repository: 680075e694f4c6987852cd2dbfe2ac4b6814f195. Operation aborted.
04:32:01.593 [main] ERROR f.i.s.r.p.s.c.CheckoutPatchedBuild - Error while merging two commits to reproduce the PR.
04:32:01.594 [main] DEBUG f.i.s.r.p.s.c.CheckoutPatchedBuild - STEP STATUS: [ CheckoutPatchedBuildCandidate : FAILURE ( BUILDNOTCHECKEDOUT ) ]
04:32:01.594 [main] DEBUG f.i.s.r.p.s.c.CheckoutPatchedBuild - STEP DURATION: 46s
04:32:01.594 [main] DEBUG f.i.s.r.p.s.c.CheckoutPatchedBuild - TERMINATE PIPELINE
04:32:01.595 [main] DEBUG f.i.s.r.p.s.c.CheckoutPatchedBuild - FINAL STEPS SKIPPED: The reproduction of the bug and/or the patch failed.
04:32:01.595 [main] INFO  f.i.s.r.p.s.c.CheckoutPatchedBuild - Serialize all data for the pair of builds 362348078, 362348749
04:32:01.930 [main] INFO  fr.inria.jtravis.JTravis - GitHub ratelimit: Limit: 5000 Remaining: 4592 Reset hour: 19:37:37
04:32:03.569 [main] INFO  f.i.s.r.p.i.ProjectInspector - ----------------------------------------------------------------------
04:32:03.569 [main] INFO  f.i.s.r.p.i.ProjectInspector - PIPELINE EXECUTION SUMMARY
04:32:03.569 [main] INFO  f.i.s.r.p.i.ProjectInspector - ----------------------------------------------------------------------
04:32:03.569 [main] INFO  f.i.s.r.p.i.ProjectInspector - CloneRepository.......................................SUCCESS [ 30 s ]
04:32:03.570 [main] INFO  f.i.s.r.p.i.ProjectInspector - CheckoutPatchedBuildCandidate.........................FAILURE [ 46 s ]
04:32:03.570 [main] INFO  f.i.s.r.p.i.ProjectInspector - ComputeSourceDir......................................NOT RUN         
04:32:03.570 [main] INFO  f.i.s.r.p.i.ProjectInspector - ComputeTestDir........................................NOT RUN         
04:32:03.570 [main] INFO  f.i.s.r.p.i.ProjectInspector - CheckoutBuggyBuildCandidateSourceCode.................NOT RUN         
04:32:03.571 [main] INFO  f.i.s.r.p.i.ProjectInspector - BuildProjectBuggyBuildCandidateSourceCode.............NOT RUN         
04:32:03.571 [main] INFO  f.i.s.r.p.i.ProjectInspector - TestProjectBuggyBuildCandidateSourceCode..............NOT RUN         
04:32:03.571 [main] INFO  f.i.s.r.p.i.ProjectInspector - GatherTestInformationBuggyBuildCandidateSourceCode....NOT RUN         
04:32:03.571 [main] INFO  f.i.s.r.p.i.ProjectInspector - CheckoutBuggyBuildTestCode............................NOT RUN         
04:32:03.571 [main] INFO  f.i.s.r.p.i.ProjectInspector - InitRepoToPush........................................NOT RUN         
04:32:03.571 [main] INFO  f.i.s.r.p.i.ProjectInspector - ComputeClasspath......................................NOT RUN         
04:32:03.571 [main] INFO  f.i.s.r.p.i.ProjectInspector - ComputeModules........................................NOT RUN         
04:32:03.571 [main] INFO  f.i.s.r.p.i.ProjectInspector - CheckoutBuggyBuildCandidateSourceCode.................NOT RUN         
04:32:03.571 [main] INFO  f.i.s.r.p.i.ProjectInspector - CommitChangedTests....................................NOT RUN         
04:32:03.572 [main] INFO  f.i.s.r.p.i.ProjectInspector - CheckoutPatchedBuildCandidate.........................NOT RUN         
04:32:03.572 [main] INFO  f.i.s.r.p.i.ProjectInspector - BuildProjectPatchedBuildCandidate.....................NOT RUN         
04:32:03.572 [main] INFO  f.i.s.r.p.i.ProjectInspector - TestProjectPatchedBuildCandidate......................NOT RUN         
04:32:03.572 [main] INFO  f.i.s.r.p.i.ProjectInspector - GatherTestInformationPatchedBuildCandidate............NOT RUN         
04:32:03.572 [main] INFO  f.i.s.r.p.i.ProjectInspector - CommitPatch...........................................NOT RUN         
04:32:03.572 [main] INFO  f.i.s.r.p.i.ProjectInspector - WritePropertyFile.....................................NOT RUN         
04:32:03.573 [main] INFO  f.i.s.r.p.i.ProjectInspector - CommitProcessEnd......................................NOT RUN         
04:32:03.573 [main] INFO  f.i.s.r.p.i.ProjectInspector - PushProcessEnd........................................NOT RUN         
04:32:03.573 [main] INFO  f.i.s.r.p.i.ProjectInspector - ----------------------------------------------------------------------
04:32:03.573 [main] INFO  f.i.s.r.p.i.ProjectInspector - PIPELINE FINDING: BUILDNOTCHECKEDOUT
04:32:03.573 [main] INFO  f.i.s.r.p.i.ProjectInspector - ----------------------------------------------------------------------
04:32:03.573 [main] INFO  f.i.s.repairnator.pipeline.Launcher - Inspector is finished. The process will exit now.
