04:08:11.278 [main] INFO  f.i.s.repairnator.pipeline.Launcher - PIPELINE VERSION: 3.0-2018-08-09 19:04
04:08:11.431 [main] INFO  f.i.s.repairnator.pipeline.Launcher - The pipeline will try to reproduce a bug from build 360795177 and its corresponding patch from build 362040649
04:08:11.432 [main] INFO  f.i.s.repairnator.pipeline.Launcher - Initialize file serializer engines.
04:08:11.433 [main] INFO  f.i.s.repairnator.pipeline.Launcher - MongoDB won't be used for serialization.
04:08:11.433 [main] INFO  f.i.s.repairnator.pipeline.Launcher - The email notifier engine won't be used.
04:08:11.436 [main] INFO  f.i.s.repairnator.pipeline.Launcher - Start by getting the build (buildId: 360795177) with the following config: RepairnatorConfig{runId='c528381b-1d5b-4a22-a74f-ab72178e0533_04-18-week1-PASSING_AND_PASSING', launcherMode=BEARS, serializeJson=true, inputPath='null', outputPath='/var/log', mongodbHost='null', mongodbName='repairnator', smtpServer='null', notifyTo=[], notifyEndProcess=false, push=true, pushRemoteRepo='https://github.com/fermadeiral/bears-collection-pp', fork=false, lookFromDate=null, lookToDate=null, buildId=360795177, z3solverPath='./z3_for_linux', workspacePath='./workspace', githubToken='c8a341a903[...]', dockerImageName='null', skipDelete=false, createOutputDir=false, logDirectory='null', nbThreads=0, globalTimeout=0, whiteList=null, blackList=null, jobSleepTime=0, buildSleepTime=0, maxInspectedBuilds=0, duration=null, humanPatch=false, repository='null', clean=true, bearsMode=BOTH, bearsDelimiter = false, repairTools=NopolAllTests,NPEFix,AssertFixer,AstorJGenProg,AstorJKali,NopolSingleTest,AstorJMut,NopolTestExclusionStrategy, githubUserName= fermadeiral, githubUserEmail=fer.madeiral@gmail.com}
04:08:12.917 [main] DEBUG fr.inria.jtravis.helpers.BuildHelper - Get request to :https://api.travis-ci.org/build/360795177 done after 892 ms
04:08:13.164 [main] DEBUG fr.inria.jtravis.helpers.BuildHelper - Get request to :https://api.travis-ci.org/build/362040649 done after 128 ms
04:08:13.181 [main] INFO  f.i.s.repairnator.pipeline.Launcher - The patched build (362040649) was successfully retrieved from Travis.
04:08:14.391 [main] INFO  fr.inria.jtravis.JTravis - GitHub ratelimit: Limit: 5000 Remaining: 4923 Reset hour: 19:37:37
04:08:14.692 [main] INFO  f.i.s.r.p.i.ProjectInspector - ----------------------------------------------------------------------
04:08:14.693 [main] INFO  f.i.s.r.p.i.ProjectInspector - PIPELINE STEPS
04:08:14.693 [main] INFO  f.i.s.r.p.i.ProjectInspector - ----------------------------------------------------------------------
04:08:14.693 [main] INFO  f.i.s.r.p.i.ProjectInspector - CloneRepository
04:08:14.693 [main] INFO  f.i.s.r.p.i.ProjectInspector - CheckoutPatchedBuildCandidate
04:08:14.694 [main] INFO  f.i.s.r.p.i.ProjectInspector - ComputeSourceDir
04:08:14.694 [main] INFO  f.i.s.r.p.i.ProjectInspector - ComputeTestDir
04:08:14.694 [main] INFO  f.i.s.r.p.i.ProjectInspector - CheckoutBuggyBuildCandidateSourceCode
04:08:14.694 [main] INFO  f.i.s.r.p.i.ProjectInspector - BuildProjectBuggyBuildCandidateSourceCode
04:08:14.695 [main] INFO  f.i.s.r.p.i.ProjectInspector - TestProjectBuggyBuildCandidateSourceCode
04:08:14.695 [main] INFO  f.i.s.r.p.i.ProjectInspector - GatherTestInformationBuggyBuildCandidateSourceCode
04:08:14.695 [main] INFO  f.i.s.r.p.i.ProjectInspector - CheckoutBuggyBuildTestCode
04:08:14.695 [main] INFO  f.i.s.r.p.i.ProjectInspector - InitRepoToPush
04:08:14.696 [main] INFO  f.i.s.r.p.i.ProjectInspector - ComputeClasspath
04:08:14.696 [main] INFO  f.i.s.r.p.i.ProjectInspector - ComputeModules
04:08:14.696 [main] INFO  f.i.s.r.p.i.ProjectInspector - CheckoutBuggyBuildCandidateSourceCode
04:08:14.696 [main] INFO  f.i.s.r.p.i.ProjectInspector - CommitChangedTests
04:08:14.696 [main] INFO  f.i.s.r.p.i.ProjectInspector - CheckoutPatchedBuildCandidate
04:08:14.697 [main] INFO  f.i.s.r.p.i.ProjectInspector - BuildProjectPatchedBuildCandidate
04:08:14.697 [main] INFO  f.i.s.r.p.i.ProjectInspector - TestProjectPatchedBuildCandidate
04:08:14.697 [main] INFO  f.i.s.r.p.i.ProjectInspector - GatherTestInformationPatchedBuildCandidate
04:08:14.697 [main] INFO  f.i.s.r.p.i.ProjectInspector - CommitPatch
04:08:14.698 [main] INFO  f.i.s.r.p.i.ProjectInspector - WritePropertyFile
04:08:14.698 [main] INFO  f.i.s.r.p.i.ProjectInspector - CommitProcessEnd
04:08:14.698 [main] INFO  f.i.s.r.p.i.ProjectInspector - PushProcessEnd
04:08:14.699 [main] DEBUG f.i.s.r.process.step.CloneRepository - ----------------------------------------------------------------------
04:08:14.699 [main] DEBUG f.i.s.r.process.step.CloneRepository - STEP 1/22: CloneRepository
04:08:14.700 [main] DEBUG f.i.s.r.process.step.CloneRepository - ----------------------------------------------------------------------
04:08:14.700 [main] DEBUG f.i.s.r.process.step.CloneRepository - Cloning repository runelite/runelite in the following directory: ./workspace/runelite/runelite/360795177
04:08:25.126 [main] DEBUG f.i.s.r.process.step.CloneRepository - STEP STATUS: [ CloneRepository : SUCCESS ]
04:08:25.127 [main] DEBUG f.i.s.r.process.step.CloneRepository - STEP DURATION: 10s
04:08:25.127 [main] DEBUG f.i.s.r.process.step.CloneRepository - EXECUTE NEXT STEP
04:08:25.128 [main] DEBUG f.i.s.r.p.s.c.CheckoutPatchedBuild - ----------------------------------------------------------------------
04:08:25.128 [main] DEBUG f.i.s.r.p.s.c.CheckoutPatchedBuild - STEP 2/22: CheckoutPatchedBuildCandidate
04:08:25.128 [main] DEBUG f.i.s.r.p.s.c.CheckoutPatchedBuild - ----------------------------------------------------------------------
04:08:25.128 [main] DEBUG f.i.s.r.p.s.c.CheckoutPatchedBuild - Checking out patched build candidate...
04:08:25.449 [main] INFO  fr.inria.jtravis.JTravis - GitHub ratelimit: Limit: 5000 Remaining: 4922 Reset hour: 19:37:37
04:08:26.004 [main] WARN  f.i.j.helpers.PullRequestHelper - The head repository is null: maybe it has been deleted from GitHub
04:08:26.004 [main] ERROR f.i.s.r.p.s.c.CheckoutPatchedBuild - Error while getting PR information.
04:08:26.005 [main] DEBUG f.i.s.r.p.s.c.CheckoutPatchedBuild - STEP STATUS: [ CheckoutPatchedBuildCandidate : FAILURE ( BUILDNOTCHECKEDOUT ) ]
04:08:26.006 [main] DEBUG f.i.s.r.p.s.c.CheckoutPatchedBuild - STEP DURATION: 0s
04:08:26.006 [main] DEBUG f.i.s.r.p.s.c.CheckoutPatchedBuild - TERMINATE PIPELINE
04:08:26.006 [main] DEBUG f.i.s.r.p.s.c.CheckoutPatchedBuild - FINAL STEPS SKIPPED: The reproduction of the bug and/or the patch failed.
04:08:26.006 [main] INFO  f.i.s.r.p.s.c.CheckoutPatchedBuild - Serialize all data for the pair of builds 360795177, 362040649
04:08:26.124 [main] INFO  fr.inria.jtravis.JTravis - GitHub ratelimit: Limit: 5000 Remaining: 4920 Reset hour: 19:37:37
04:08:27.096 [main] INFO  f.i.s.r.p.i.ProjectInspector - ----------------------------------------------------------------------
04:08:27.096 [main] INFO  f.i.s.r.p.i.ProjectInspector - PIPELINE EXECUTION SUMMARY
04:08:27.097 [main] INFO  f.i.s.r.p.i.ProjectInspector - ----------------------------------------------------------------------
04:08:27.097 [main] INFO  f.i.s.r.p.i.ProjectInspector - CloneRepository.......................................SUCCESS [ 10 s ]
04:08:27.097 [main] INFO  f.i.s.r.p.i.ProjectInspector - CheckoutPatchedBuildCandidate.........................FAILURE [  0 s ]
04:08:27.098 [main] INFO  f.i.s.r.p.i.ProjectInspector - ComputeSourceDir......................................NOT RUN         
04:08:27.098 [main] INFO  f.i.s.r.p.i.ProjectInspector - ComputeTestDir........................................NOT RUN         
04:08:27.098 [main] INFO  f.i.s.r.p.i.ProjectInspector - CheckoutBuggyBuildCandidateSourceCode.................NOT RUN         
04:08:27.099 [main] INFO  f.i.s.r.p.i.ProjectInspector - BuildProjectBuggyBuildCandidateSourceCode.............NOT RUN         
04:08:27.099 [main] INFO  f.i.s.r.p.i.ProjectInspector - TestProjectBuggyBuildCandidateSourceCode..............NOT RUN         
04:08:27.099 [main] INFO  f.i.s.r.p.i.ProjectInspector - GatherTestInformationBuggyBuildCandidateSourceCode....NOT RUN         
04:08:27.099 [main] INFO  f.i.s.r.p.i.ProjectInspector - CheckoutBuggyBuildTestCode............................NOT RUN         
04:08:27.100 [main] INFO  f.i.s.r.p.i.ProjectInspector - InitRepoToPush........................................NOT RUN         
04:08:27.100 [main] INFO  f.i.s.r.p.i.ProjectInspector - ComputeClasspath......................................NOT RUN         
04:08:27.101 [main] INFO  f.i.s.r.p.i.ProjectInspector - ComputeModules........................................NOT RUN         
04:08:27.101 [main] INFO  f.i.s.r.p.i.ProjectInspector - CheckoutBuggyBuildCandidateSourceCode.................NOT RUN         
04:08:27.102 [main] INFO  f.i.s.r.p.i.ProjectInspector - CommitChangedTests....................................NOT RUN         
04:08:27.102 [main] INFO  f.i.s.r.p.i.ProjectInspector - CheckoutPatchedBuildCandidate.........................NOT RUN         
04:08:27.102 [main] INFO  f.i.s.r.p.i.ProjectInspector - BuildProjectPatchedBuildCandidate.....................NOT RUN         
04:08:27.103 [main] INFO  f.i.s.r.p.i.ProjectInspector - TestProjectPatchedBuildCandidate......................NOT RUN         
04:08:27.103 [main] INFO  f.i.s.r.p.i.ProjectInspector - GatherTestInformationPatchedBuildCandidate............NOT RUN         
04:08:27.103 [main] INFO  f.i.s.r.p.i.ProjectInspector - CommitPatch...........................................NOT RUN         
04:08:27.103 [main] INFO  f.i.s.r.p.i.ProjectInspector - WritePropertyFile.....................................NOT RUN         
04:08:27.104 [main] INFO  f.i.s.r.p.i.ProjectInspector - CommitProcessEnd......................................NOT RUN         
04:08:27.104 [main] INFO  f.i.s.r.p.i.ProjectInspector - PushProcessEnd........................................NOT RUN         
04:08:27.104 [main] INFO  f.i.s.r.p.i.ProjectInspector - ----------------------------------------------------------------------
04:08:27.104 [main] INFO  f.i.s.r.p.i.ProjectInspector - PIPELINE FINDING: BUILDNOTCHECKEDOUT
04:08:27.105 [main] INFO  f.i.s.r.p.i.ProjectInspector - ----------------------------------------------------------------------
04:08:27.105 [main] INFO  f.i.s.repairnator.pipeline.Launcher - Inspector is finished. The process will exit now.
