11:51:41.691 [main] INFO  f.i.s.repairnator.pipeline.Launcher - PIPELINE VERSION: 3.0-2018-08-09 19:04
11:51:41.851 [main] INFO  f.i.s.repairnator.pipeline.Launcher - The pipeline will try to reproduce a bug from build 361855156 and its corresponding patch from build 361860031
11:51:41.851 [main] INFO  f.i.s.repairnator.pipeline.Launcher - Initialize file serializer engines.
11:51:41.853 [main] INFO  f.i.s.repairnator.pipeline.Launcher - MongoDB won't be used for serialization.
11:51:41.853 [main] INFO  f.i.s.repairnator.pipeline.Launcher - The email notifier engine won't be used.
11:51:41.856 [main] INFO  f.i.s.repairnator.pipeline.Launcher - Start by getting the build (buildId: 361855156) with the following config: RepairnatorConfig{runId='c528381b-1d5b-4a22-a74f-ab72178e0533_04-18-week1-PASSING_AND_PASSING', launcherMode=BEARS, serializeJson=true, inputPath='null', outputPath='/var/log', mongodbHost='null', mongodbName='repairnator', smtpServer='null', notifyTo=[], notifyEndProcess=false, push=true, pushRemoteRepo='https://github.com/fermadeiral/bears-collection-pp', fork=false, lookFromDate=null, lookToDate=null, buildId=361855156, z3solverPath='./z3_for_linux', workspacePath='./workspace', githubToken='c8a341a903[...]', dockerImageName='null', skipDelete=false, createOutputDir=false, logDirectory='null', nbThreads=0, globalTimeout=0, whiteList=null, blackList=null, jobSleepTime=0, buildSleepTime=0, maxInspectedBuilds=0, duration=null, humanPatch=false, repository='null', clean=true, bearsMode=BOTH, bearsDelimiter = false, repairTools=NopolAllTests,NPEFix,AssertFixer,AstorJGenProg,AstorJKali,NopolSingleTest,AstorJMut,NopolTestExclusionStrategy, githubUserName= fermadeiral, githubUserEmail=fer.madeiral@gmail.com}
11:51:43.064 [main] DEBUG fr.inria.jtravis.helpers.BuildHelper - Get request to :https://api.travis-ci.org/build/361855156 done after 777 ms
11:51:43.371 [main] DEBUG fr.inria.jtravis.helpers.BuildHelper - Get request to :https://api.travis-ci.org/build/361860031 done after 151 ms
11:51:43.395 [main] INFO  f.i.s.repairnator.pipeline.Launcher - The patched build (361860031) was successfully retrieved from Travis.
11:51:44.739 [main] INFO  fr.inria.jtravis.JTravis - GitHub ratelimit: Limit: 5000 Remaining: 4707 Reset hour: 19:38:04
11:51:45.001 [main] INFO  f.i.s.r.p.i.ProjectInspector - ----------------------------------------------------------------------
11:51:45.001 [main] INFO  f.i.s.r.p.i.ProjectInspector - PIPELINE STEPS
11:51:45.001 [main] INFO  f.i.s.r.p.i.ProjectInspector - ----------------------------------------------------------------------
11:51:45.002 [main] INFO  f.i.s.r.p.i.ProjectInspector - CloneRepository
11:51:45.002 [main] INFO  f.i.s.r.p.i.ProjectInspector - CheckoutPatchedBuildCandidate
11:51:45.002 [main] INFO  f.i.s.r.p.i.ProjectInspector - ComputeSourceDir
11:51:45.002 [main] INFO  f.i.s.r.p.i.ProjectInspector - ComputeTestDir
11:51:45.002 [main] INFO  f.i.s.r.p.i.ProjectInspector - CheckoutBuggyBuildCandidateSourceCode
11:51:45.002 [main] INFO  f.i.s.r.p.i.ProjectInspector - BuildProjectBuggyBuildCandidateSourceCode
11:51:45.002 [main] INFO  f.i.s.r.p.i.ProjectInspector - TestProjectBuggyBuildCandidateSourceCode
11:51:45.002 [main] INFO  f.i.s.r.p.i.ProjectInspector - GatherTestInformationBuggyBuildCandidateSourceCode
11:51:45.003 [main] INFO  f.i.s.r.p.i.ProjectInspector - CheckoutBuggyBuildTestCode
11:51:45.003 [main] INFO  f.i.s.r.p.i.ProjectInspector - InitRepoToPush
11:51:45.003 [main] INFO  f.i.s.r.p.i.ProjectInspector - ComputeClasspath
11:51:45.003 [main] INFO  f.i.s.r.p.i.ProjectInspector - ComputeModules
11:51:45.003 [main] INFO  f.i.s.r.p.i.ProjectInspector - CheckoutBuggyBuildCandidateSourceCode
11:51:45.003 [main] INFO  f.i.s.r.p.i.ProjectInspector - CommitChangedTests
11:51:45.003 [main] INFO  f.i.s.r.p.i.ProjectInspector - CheckoutPatchedBuildCandidate
11:51:45.003 [main] INFO  f.i.s.r.p.i.ProjectInspector - BuildProjectPatchedBuildCandidate
11:51:45.003 [main] INFO  f.i.s.r.p.i.ProjectInspector - TestProjectPatchedBuildCandidate
11:51:45.004 [main] INFO  f.i.s.r.p.i.ProjectInspector - GatherTestInformationPatchedBuildCandidate
11:51:45.004 [main] INFO  f.i.s.r.p.i.ProjectInspector - CommitPatch
11:51:45.006 [main] INFO  f.i.s.r.p.i.ProjectInspector - WritePropertyFile
11:51:45.007 [main] INFO  f.i.s.r.p.i.ProjectInspector - CommitProcessEnd
11:51:45.007 [main] INFO  f.i.s.r.p.i.ProjectInspector - PushProcessEnd
11:51:45.008 [main] DEBUG f.i.s.r.process.step.CloneRepository - ----------------------------------------------------------------------
11:51:45.008 [main] DEBUG f.i.s.r.process.step.CloneRepository - STEP 1/22: CloneRepository
11:51:45.008 [main] DEBUG f.i.s.r.process.step.CloneRepository - ----------------------------------------------------------------------
11:51:45.009 [main] DEBUG f.i.s.r.process.step.CloneRepository - Cloning repository spring-cloud/spring-cloud-gcp in the following directory: ./workspace/spring-cloud/spring-cloud-gcp/361855156
11:51:50.211 [main] DEBUG f.i.s.r.process.step.CloneRepository - STEP STATUS: [ CloneRepository : SUCCESS ]
11:51:50.212 [main] DEBUG f.i.s.r.process.step.CloneRepository - STEP DURATION: 5s
11:51:50.212 [main] DEBUG f.i.s.r.process.step.CloneRepository - EXECUTE NEXT STEP
11:51:50.212 [main] DEBUG f.i.s.r.p.s.c.CheckoutPatchedBuild - ----------------------------------------------------------------------
11:51:50.213 [main] DEBUG f.i.s.r.p.s.c.CheckoutPatchedBuild - STEP 2/22: CheckoutPatchedBuildCandidate
11:51:50.213 [main] DEBUG f.i.s.r.p.s.c.CheckoutPatchedBuild - ----------------------------------------------------------------------
11:51:50.213 [main] DEBUG f.i.s.r.p.s.c.CheckoutPatchedBuild - Checking out patched build candidate...
11:51:50.541 [main] INFO  fr.inria.jtravis.JTravis - GitHub ratelimit: Limit: 5000 Remaining: 4706 Reset hour: 19:38:04
11:51:52.574 [main] DEBUG f.i.s.r.p.s.c.CheckoutPatchedBuild - Reproduce the PR for spring-cloud/spring-cloud-gcp by fetching remote branch and merging.
11:51:52.769 [main] ERROR f.i.s.r.p.s.c.CheckoutPatchedBuild - Error while testing commit: org.eclipse.jgit.errors.MissingObjectException: Missing unknown eec438bfe32e0ef8c5d50abefff586be5ee33246
11:51:52.771 [main] ERROR f.i.s.r.p.s.c.CheckoutPatchedBuild - Commit head ref cannot be retrieved from the repository: eec438bfe32e0ef8c5d50abefff586be5ee33246. Operation aborted.
11:51:52.771 [main] ERROR f.i.s.r.p.s.c.CheckoutPatchedBuild - Error while merging two commits to reproduce the PR.
11:51:52.772 [main] DEBUG f.i.s.r.p.s.c.CheckoutPatchedBuild - STEP STATUS: [ CheckoutPatchedBuildCandidate : FAILURE ( BUILDNOTCHECKEDOUT ) ]
11:51:52.773 [main] DEBUG f.i.s.r.p.s.c.CheckoutPatchedBuild - STEP DURATION: 2s
11:51:52.773 [main] DEBUG f.i.s.r.p.s.c.CheckoutPatchedBuild - TERMINATE PIPELINE
11:51:52.773 [main] DEBUG f.i.s.r.p.s.c.CheckoutPatchedBuild - FINAL STEPS SKIPPED: The reproduction of the bug and/or the patch failed.
11:51:52.774 [main] INFO  f.i.s.r.p.s.c.CheckoutPatchedBuild - Serialize all data for the pair of builds 361855156, 361860031
11:51:52.893 [main] INFO  fr.inria.jtravis.JTravis - GitHub ratelimit: Limit: 5000 Remaining: 4699 Reset hour: 19:38:04
11:51:53.441 [main] INFO  f.i.s.r.p.i.ProjectInspector - ----------------------------------------------------------------------
11:51:53.442 [main] INFO  f.i.s.r.p.i.ProjectInspector - PIPELINE EXECUTION SUMMARY
11:51:53.442 [main] INFO  f.i.s.r.p.i.ProjectInspector - ----------------------------------------------------------------------
11:51:53.443 [main] INFO  f.i.s.r.p.i.ProjectInspector - CloneRepository........................................SUCCESS [ 5 s ]
11:51:53.443 [main] INFO  f.i.s.r.p.i.ProjectInspector - CheckoutPatchedBuildCandidate..........................FAILURE [ 2 s ]
11:51:53.443 [main] INFO  f.i.s.r.p.i.ProjectInspector - ComputeSourceDir.......................................NOT RUN        
11:51:53.444 [main] INFO  f.i.s.r.p.i.ProjectInspector - ComputeTestDir.........................................NOT RUN        
11:51:53.444 [main] INFO  f.i.s.r.p.i.ProjectInspector - CheckoutBuggyBuildCandidateSourceCode..................NOT RUN        
11:51:53.444 [main] INFO  f.i.s.r.p.i.ProjectInspector - BuildProjectBuggyBuildCandidateSourceCode..............NOT RUN        
11:51:53.444 [main] INFO  f.i.s.r.p.i.ProjectInspector - TestProjectBuggyBuildCandidateSourceCode...............NOT RUN        
11:51:53.444 [main] INFO  f.i.s.r.p.i.ProjectInspector - GatherTestInformationBuggyBuildCandidateSourceCode.....NOT RUN        
11:51:53.445 [main] INFO  f.i.s.r.p.i.ProjectInspector - CheckoutBuggyBuildTestCode.............................NOT RUN        
11:51:53.445 [main] INFO  f.i.s.r.p.i.ProjectInspector - InitRepoToPush.........................................NOT RUN        
11:51:53.445 [main] INFO  f.i.s.r.p.i.ProjectInspector - ComputeClasspath.......................................NOT RUN        
11:51:53.445 [main] INFO  f.i.s.r.p.i.ProjectInspector - ComputeModules.........................................NOT RUN        
11:51:53.446 [main] INFO  f.i.s.r.p.i.ProjectInspector - CheckoutBuggyBuildCandidateSourceCode..................NOT RUN        
11:51:53.446 [main] INFO  f.i.s.r.p.i.ProjectInspector - CommitChangedTests.....................................NOT RUN        
11:51:53.446 [main] INFO  f.i.s.r.p.i.ProjectInspector - CheckoutPatchedBuildCandidate..........................NOT RUN        
11:51:53.446 [main] INFO  f.i.s.r.p.i.ProjectInspector - BuildProjectPatchedBuildCandidate......................NOT RUN        
11:51:53.447 [main] INFO  f.i.s.r.p.i.ProjectInspector - TestProjectPatchedBuildCandidate.......................NOT RUN        
11:51:53.447 [main] INFO  f.i.s.r.p.i.ProjectInspector - GatherTestInformationPatchedBuildCandidate.............NOT RUN        
11:51:53.447 [main] INFO  f.i.s.r.p.i.ProjectInspector - CommitPatch............................................NOT RUN        
11:51:53.447 [main] INFO  f.i.s.r.p.i.ProjectInspector - WritePropertyFile......................................NOT RUN        
11:51:53.447 [main] INFO  f.i.s.r.p.i.ProjectInspector - CommitProcessEnd.......................................NOT RUN        
11:51:53.448 [main] INFO  f.i.s.r.p.i.ProjectInspector - PushProcessEnd.........................................NOT RUN        
11:51:53.448 [main] INFO  f.i.s.r.p.i.ProjectInspector - ----------------------------------------------------------------------
11:51:53.448 [main] INFO  f.i.s.r.p.i.ProjectInspector - PIPELINE FINDING: BUILDNOTCHECKEDOUT
11:51:53.448 [main] INFO  f.i.s.r.p.i.ProjectInspector - ----------------------------------------------------------------------
11:51:53.449 [main] INFO  f.i.s.repairnator.pipeline.Launcher - Inspector is finished. The process will exit now.
