00:45:10.359 [main] INFO  f.i.s.repairnator.pipeline.Launcher - PIPELINE VERSION: 3.0-2018-08-09 19:04
00:45:10.487 [main] INFO  f.i.s.repairnator.pipeline.Launcher - The pipeline will try to reproduce a bug from build 360445592 and its corresponding patch from build 361407722
00:45:10.487 [main] INFO  f.i.s.repairnator.pipeline.Launcher - Initialize file serializer engines.
00:45:10.488 [main] INFO  f.i.s.repairnator.pipeline.Launcher - MongoDB won't be used for serialization.
00:45:10.489 [main] INFO  f.i.s.repairnator.pipeline.Launcher - The email notifier engine won't be used.
00:45:10.492 [main] INFO  f.i.s.repairnator.pipeline.Launcher - Start by getting the build (buildId: 360445592) with the following config: RepairnatorConfig{runId='c528381b-1d5b-4a22-a74f-ab72178e0533_04-18-week1-PASSING_AND_PASSING', launcherMode=BEARS, serializeJson=true, inputPath='null', outputPath='/var/log', mongodbHost='null', mongodbName='repairnator', smtpServer='null', notifyTo=[], notifyEndProcess=false, push=true, pushRemoteRepo='https://github.com/fermadeiral/bears-collection-pp', fork=false, lookFromDate=null, lookToDate=null, buildId=360445592, z3solverPath='./z3_for_linux', workspacePath='./workspace', githubToken='c8a341a903[...]', dockerImageName='null', skipDelete=false, createOutputDir=false, logDirectory='null', nbThreads=0, globalTimeout=0, whiteList=null, blackList=null, jobSleepTime=0, buildSleepTime=0, maxInspectedBuilds=0, duration=null, humanPatch=false, repository='null', clean=true, bearsMode=BOTH, bearsDelimiter = false, repairTools=NopolAllTests,NPEFix,AssertFixer,AstorJGenProg,AstorJKali,NopolSingleTest,AstorJMut,NopolTestExclusionStrategy, githubUserName= fermadeiral, githubUserEmail=fer.madeiral@gmail.com}
00:45:11.698 [main] DEBUG fr.inria.jtravis.helpers.BuildHelper - Get request to :https://api.travis-ci.org/build/360445592 done after 766 ms
00:45:11.935 [main] DEBUG fr.inria.jtravis.helpers.BuildHelper - Get request to :https://api.travis-ci.org/build/361407722 done after 145 ms
00:45:11.951 [main] INFO  f.i.s.repairnator.pipeline.Launcher - The patched build (361407722) was successfully retrieved from Travis.
00:45:13.265 [main] INFO  fr.inria.jtravis.JTravis - GitHub ratelimit: Limit: 5000 Remaining: 4611 Reset hour: 19:37:22
00:45:13.575 [main] INFO  f.i.s.r.p.i.ProjectInspector - ----------------------------------------------------------------------
00:45:13.575 [main] INFO  f.i.s.r.p.i.ProjectInspector - PIPELINE STEPS
00:45:13.576 [main] INFO  f.i.s.r.p.i.ProjectInspector - ----------------------------------------------------------------------
00:45:13.576 [main] INFO  f.i.s.r.p.i.ProjectInspector - CloneRepository
00:45:13.576 [main] INFO  f.i.s.r.p.i.ProjectInspector - CheckoutPatchedBuildCandidate
00:45:13.576 [main] INFO  f.i.s.r.p.i.ProjectInspector - ComputeSourceDir
00:45:13.577 [main] INFO  f.i.s.r.p.i.ProjectInspector - ComputeTestDir
00:45:13.577 [main] INFO  f.i.s.r.p.i.ProjectInspector - CheckoutBuggyBuildCandidateSourceCode
00:45:13.577 [main] INFO  f.i.s.r.p.i.ProjectInspector - BuildProjectBuggyBuildCandidateSourceCode
00:45:13.578 [main] INFO  f.i.s.r.p.i.ProjectInspector - TestProjectBuggyBuildCandidateSourceCode
00:45:13.578 [main] INFO  f.i.s.r.p.i.ProjectInspector - GatherTestInformationBuggyBuildCandidateSourceCode
00:45:13.578 [main] INFO  f.i.s.r.p.i.ProjectInspector - CheckoutBuggyBuildTestCode
00:45:13.578 [main] INFO  f.i.s.r.p.i.ProjectInspector - InitRepoToPush
00:45:13.578 [main] INFO  f.i.s.r.p.i.ProjectInspector - ComputeClasspath
00:45:13.579 [main] INFO  f.i.s.r.p.i.ProjectInspector - ComputeModules
00:45:13.579 [main] INFO  f.i.s.r.p.i.ProjectInspector - CheckoutBuggyBuildCandidateSourceCode
00:45:13.579 [main] INFO  f.i.s.r.p.i.ProjectInspector - CommitChangedTests
00:45:13.579 [main] INFO  f.i.s.r.p.i.ProjectInspector - CheckoutPatchedBuildCandidate
00:45:13.580 [main] INFO  f.i.s.r.p.i.ProjectInspector - BuildProjectPatchedBuildCandidate
00:45:13.580 [main] INFO  f.i.s.r.p.i.ProjectInspector - TestProjectPatchedBuildCandidate
00:45:13.580 [main] INFO  f.i.s.r.p.i.ProjectInspector - GatherTestInformationPatchedBuildCandidate
00:45:13.580 [main] INFO  f.i.s.r.p.i.ProjectInspector - CommitPatch
00:45:13.581 [main] INFO  f.i.s.r.p.i.ProjectInspector - WritePropertyFile
00:45:13.581 [main] INFO  f.i.s.r.p.i.ProjectInspector - CommitProcessEnd
00:45:13.581 [main] INFO  f.i.s.r.p.i.ProjectInspector - PushProcessEnd
00:45:13.582 [main] DEBUG f.i.s.r.process.step.CloneRepository - ----------------------------------------------------------------------
00:45:13.582 [main] DEBUG f.i.s.r.process.step.CloneRepository - STEP 1/22: CloneRepository
00:45:13.583 [main] DEBUG f.i.s.r.process.step.CloneRepository - ----------------------------------------------------------------------
00:45:13.584 [main] DEBUG f.i.s.r.process.step.CloneRepository - Cloning repository prestodb/presto in the following directory: ./workspace/prestodb/presto/360445592
00:45:57.059 [main] DEBUG f.i.s.r.process.step.CloneRepository - STEP STATUS: [ CloneRepository : SUCCESS ]
00:45:57.060 [main] DEBUG f.i.s.r.process.step.CloneRepository - STEP DURATION: 43s
00:45:57.060 [main] DEBUG f.i.s.r.process.step.CloneRepository - EXECUTE NEXT STEP
00:45:57.060 [main] DEBUG f.i.s.r.p.s.c.CheckoutPatchedBuild - ----------------------------------------------------------------------
00:45:57.060 [main] DEBUG f.i.s.r.p.s.c.CheckoutPatchedBuild - STEP 2/22: CheckoutPatchedBuildCandidate
00:45:57.061 [main] DEBUG f.i.s.r.p.s.c.CheckoutPatchedBuild - ----------------------------------------------------------------------
00:45:57.061 [main] DEBUG f.i.s.r.p.s.c.CheckoutPatchedBuild - Checking out patched build candidate...
00:45:57.417 [main] INFO  fr.inria.jtravis.JTravis - GitHub ratelimit: Limit: 5000 Remaining: 4608 Reset hour: 19:37:22
00:46:00.108 [main] DEBUG f.i.s.r.p.s.c.CheckoutPatchedBuild - Reproduce the PR for prestodb/presto by fetching remote branch and merging.
00:46:03.863 [main] DEBUG f.i.s.r.process.git.GitHelper - Step CheckoutPatchedBuildCandidate - Get the commit 16f4ef052eadd47257615c9246c3130b3925c573 for repo prestodb/presto
00:46:05.286 [main] DEBUG f.i.s.r.process.git.GitHelper - Step CheckoutPatchedBuildCandidate - Do the merge with the PR commit for repo prestodb/presto
00:46:05.303 [main] INFO  f.i.s.r.process.git.GitHelper - Init git submodules.
00:46:05.432 [main] DEBUG f.i.s.r.p.s.c.CheckoutPatchedBuild - STEP STATUS: [ CheckoutPatchedBuildCandidate : SUCCESS ]
00:46:05.432 [main] DEBUG f.i.s.r.p.s.c.CheckoutPatchedBuild - STEP DURATION: 8s
00:46:05.432 [main] DEBUG f.i.s.r.p.s.c.CheckoutPatchedBuild - EXECUTE NEXT STEP
00:46:05.432 [main] DEBUG f.i.s.r.p.s.paths.ComputeSourceDir - ----------------------------------------------------------------------
00:46:05.432 [main] DEBUG f.i.s.r.p.s.paths.ComputeSourceDir - STEP 3/22: ComputeSourceDir
00:46:05.433 [main] DEBUG f.i.s.r.p.s.paths.ComputeSourceDir - ----------------------------------------------------------------------
00:46:05.433 [main] DEBUG f.i.s.r.p.s.paths.ComputeSourceDir - Computing the source directory ...
00:46:05.434 [main] DEBUG f.i.s.r.p.s.paths.ComputeSourceDir - The default source directory (/root/workspace/prestodb/presto/360445592/src/main/java) does not exist. Try to read pom.xml to get information.
00:46:05.555 [main] DEBUG f.i.s.r.p.m.RepositoryModelResolver - Downloading https://repo1.maven.org/maven2/io/airlift/airbase/79/airbase-79.pom
00:46:05.801 [main] ERROR f.i.s.r.process.maven.MavenHelper - Error while building complete model. The raw model will be used. Error message: 1 problem was encountered while building the effective model for com.facebook.presto:presto-root:0.199-SNAPSHOT
[ERROR] Failed to determine Java version for profile java9-surefire @ io.airlift:airbase:79

00:46:05.839 [main] DEBUG f.i.s.r.p.s.paths.ComputeSourceDir - Build section does not exist in the following pom.xml: /root/workspace/prestodb/presto/360445592/pom.xml. Continue to try to get source dir from all modules.
00:46:05.878 [main] ERROR f.i.s.r.process.maven.MavenHelper - Error while building complete model. The raw model will be used. Error message: 1 problem was encountered while building the effective model for com.facebook.presto:presto-atop:0.199-SNAPSHOT
[ERROR] Failed to determine Java version for profile java9-surefire @ io.airlift:airbase:79

00:46:05.921 [main] ERROR f.i.s.r.process.maven.MavenHelper - Error while building complete model. The raw model will be used. Error message: 1 problem was encountered while building the effective model for com.facebook.presto:presto-spi:0.199-SNAPSHOT
[ERROR] Failed to determine Java version for profile java9-surefire @ io.airlift:airbase:79

00:46:05.986 [main] ERROR f.i.s.r.process.maven.MavenHelper - Error while building complete model. The raw model will be used. Error message: 1 problem was encountered while building the effective model for com.facebook.presto:presto-array:0.199-SNAPSHOT
[ERROR] Failed to determine Java version for profile java9-surefire @ io.airlift:airbase:79

00:46:06.024 [main] ERROR f.i.s.r.process.maven.MavenHelper - Error while building complete model. The raw model will be used. Error message: 1 problem was encountered while building the effective model for com.facebook.presto:presto-jmx:0.199-SNAPSHOT
[ERROR] Failed to determine Java version for profile java9-surefire @ io.airlift:airbase:79

00:46:06.050 [main] ERROR f.i.s.r.process.maven.MavenHelper - Error while building complete model. The raw model will be used. Error message: 1 problem was encountered while building the effective model for com.facebook.presto:presto-record-decoder:0.199-SNAPSHOT
[ERROR] Failed to determine Java version for profile java9-surefire @ io.airlift:airbase:79

00:46:06.075 [main] ERROR f.i.s.r.process.maven.MavenHelper - Error while building complete model. The raw model will be used. Error message: 1 problem was encountered while building the effective model for com.facebook.presto:presto-kafka:0.199-SNAPSHOT
[ERROR] Failed to determine Java version for profile java9-surefire @ io.airlift:airbase:79

00:46:06.100 [main] ERROR f.i.s.r.process.maven.MavenHelper - Error while building complete model. The raw model will be used. Error message: 1 problem was encountered while building the effective model for com.facebook.presto:presto-redis:0.199-SNAPSHOT
[ERROR] Failed to determine Java version for profile java9-surefire @ io.airlift:airbase:79

00:46:06.135 [main] ERROR f.i.s.r.process.maven.MavenHelper - Error while building complete model. The raw model will be used. Error message: 1 problem was encountered while building the effective model for com.facebook.presto:presto-accumulo:0.199-SNAPSHOT
[ERROR] Failed to determine Java version for profile java9-surefire @ io.airlift:airbase:79

00:46:06.160 [main] ERROR f.i.s.r.process.maven.MavenHelper - Error while building complete model. The raw model will be used. Error message: 1 problem was encountered while building the effective model for com.facebook.presto:presto-cassandra:0.199-SNAPSHOT
[ERROR] Failed to determine Java version for profile java9-surefire @ io.airlift:airbase:79

00:46:06.187 [main] ERROR f.i.s.r.process.maven.MavenHelper - Error while building complete model. The raw model will be used. Error message: 1 problem was encountered while building the effective model for com.facebook.presto:presto-blackhole:0.199-SNAPSHOT
[ERROR] Failed to determine Java version for profile java9-surefire @ io.airlift:airbase:79

00:46:06.209 [main] ERROR f.i.s.r.process.maven.MavenHelper - Error while building complete model. The raw model will be used. Error message: 1 problem was encountered while building the effective model for com.facebook.presto:presto-memory:0.199-SNAPSHOT
[ERROR] Failed to determine Java version for profile java9-surefire @ io.airlift:airbase:79

00:46:06.231 [main] ERROR f.i.s.r.process.maven.MavenHelper - Error while building complete model. The raw model will be used. Error message: 1 problem was encountered while building the effective model for com.facebook.presto:presto-orc:0.199-SNAPSHOT
[ERROR] Failed to determine Java version for profile java9-surefire @ io.airlift:airbase:79

00:46:06.252 [main] ERROR f.i.s.r.process.maven.MavenHelper - Error while building complete model. The raw model will be used. Error message: 1 problem was encountered while building the effective model for com.facebook.presto:presto-rcfile:0.199-SNAPSHOT
[ERROR] Failed to determine Java version for profile java9-surefire @ io.airlift:airbase:79

00:46:06.278 [main] ERROR f.i.s.r.process.maven.MavenHelper - Error while building complete model. The raw model will be used. Error message: 1 problem was encountered while building the effective model for com.facebook.presto:presto-hive:0.199-SNAPSHOT
[ERROR] Failed to determine Java version for profile java9-surefire @ io.airlift:airbase:79

00:46:06.299 [main] ERROR f.i.s.r.process.maven.MavenHelper - Error while building complete model. The raw model will be used. Error message: 1 problem was encountered while building the effective model for com.facebook.presto:presto-hive-hadoop2:0.199-SNAPSHOT
[ERROR] Failed to determine Java version for profile java9-surefire @ io.airlift:airbase:79

00:46:06.314 [main] ERROR f.i.s.r.process.maven.MavenHelper - Error while building complete model. The raw model will be used. Error message: 1 problem was encountered while building the effective model for com.facebook.presto:presto-teradata-functions:0.199-SNAPSHOT
[ERROR] Failed to determine Java version for profile java9-surefire @ io.airlift:airbase:79

00:46:06.329 [main] ERROR f.i.s.r.process.maven.MavenHelper - Error while building complete model. The raw model will be used. Error message: 1 problem was encountered while building the effective model for com.facebook.presto:presto-example-http:0.199-SNAPSHOT
[ERROR] Failed to determine Java version for profile java9-surefire @ io.airlift:airbase:79

00:46:06.343 [main] ERROR f.i.s.r.process.maven.MavenHelper - Error while building complete model. The raw model will be used. Error message: 1 problem was encountered while building the effective model for com.facebook.presto:presto-local-file:0.199-SNAPSHOT
[ERROR] Failed to determine Java version for profile java9-surefire @ io.airlift:airbase:79

00:46:06.357 [main] ERROR f.i.s.r.process.maven.MavenHelper - Error while building complete model. The raw model will be used. Error message: 1 problem was encountered while building the effective model for com.facebook.presto:presto-tpch:0.199-SNAPSHOT
[ERROR] Failed to determine Java version for profile java9-surefire @ io.airlift:airbase:79

00:46:06.371 [main] ERROR f.i.s.r.process.maven.MavenHelper - Error while building complete model. The raw model will be used. Error message: 1 problem was encountered while building the effective model for com.facebook.presto:presto-tpcds:0.199-SNAPSHOT
[ERROR] Failed to determine Java version for profile java9-surefire @ io.airlift:airbase:79

00:46:06.385 [main] ERROR f.i.s.r.process.maven.MavenHelper - Error while building complete model. The raw model will be used. Error message: 1 problem was encountered while building the effective model for com.facebook.presto:presto-raptor:0.199-SNAPSHOT
[ERROR] Failed to determine Java version for profile java9-surefire @ io.airlift:airbase:79

00:46:06.400 [main] ERROR f.i.s.r.process.maven.MavenHelper - Error while building complete model. The raw model will be used. Error message: 1 problem was encountered while building the effective model for com.facebook.presto:presto-base-jdbc:0.199-SNAPSHOT
[ERROR] Failed to determine Java version for profile java9-surefire @ io.airlift:airbase:79

00:46:06.413 [main] ERROR f.i.s.r.process.maven.MavenHelper - Error while building complete model. The raw model will be used. Error message: 1 problem was encountered while building the effective model for com.facebook.presto:presto-mysql:0.199-SNAPSHOT
[ERROR] Failed to determine Java version for profile java9-surefire @ io.airlift:airbase:79

00:46:06.425 [main] ERROR f.i.s.r.process.maven.MavenHelper - Error while building complete model. The raw model will be used. Error message: 1 problem was encountered while building the effective model for com.facebook.presto:presto-postgresql:0.199-SNAPSHOT
[ERROR] Failed to determine Java version for profile java9-surefire @ io.airlift:airbase:79

00:46:06.439 [main] ERROR f.i.s.r.process.maven.MavenHelper - Error while building complete model. The raw model will be used. Error message: 1 problem was encountered while building the effective model for com.facebook.presto:presto-redshift:0.199-SNAPSHOT
[ERROR] Failed to determine Java version for profile java9-surefire @ io.airlift:airbase:79

00:46:06.452 [main] ERROR f.i.s.r.process.maven.MavenHelper - Error while building complete model. The raw model will be used. Error message: 1 problem was encountered while building the effective model for com.facebook.presto:presto-sqlserver:0.199-SNAPSHOT
[ERROR] Failed to determine Java version for profile java9-surefire @ io.airlift:airbase:79

00:46:06.465 [main] ERROR f.i.s.r.process.maven.MavenHelper - Error while building complete model. The raw model will be used. Error message: 1 problem was encountered while building the effective model for com.facebook.presto:presto-mongodb:0.199-SNAPSHOT
[ERROR] Failed to determine Java version for profile java9-surefire @ io.airlift:airbase:79

00:46:06.477 [main] ERROR f.i.s.r.process.maven.MavenHelper - Error while building complete model. The raw model will be used. Error message: 1 problem was encountered while building the effective model for com.facebook.presto:presto-client:0.199-SNAPSHOT
[ERROR] Failed to determine Java version for profile java9-surefire @ io.airlift:airbase:79

00:46:06.491 [main] ERROR f.i.s.r.process.maven.MavenHelper - Error while building complete model. The raw model will be used. Error message: 1 problem was encountered while building the effective model for com.facebook.presto:presto-parser:0.199-SNAPSHOT
[ERROR] Failed to determine Java version for profile java9-surefire @ io.airlift:airbase:79

00:46:06.503 [main] ERROR f.i.s.r.process.maven.MavenHelper - Error while building complete model. The raw model will be used. Error message: 1 problem was encountered while building the effective model for com.facebook.presto:presto-main:0.199-SNAPSHOT
[ERROR] Failed to determine Java version for profile java9-surefire @ io.airlift:airbase:79

00:46:06.515 [main] ERROR f.i.s.r.process.maven.MavenHelper - Error while building complete model. The raw model will be used. Error message: 1 problem was encountered while building the effective model for com.facebook.presto:presto-ml:0.199-SNAPSHOT
[ERROR] Failed to determine Java version for profile java9-surefire @ io.airlift:airbase:79

00:46:06.529 [main] ERROR f.i.s.r.process.maven.MavenHelper - Error while building complete model. The raw model will be used. Error message: 1 problem was encountered while building the effective model for com.facebook.presto:presto-geospatial:0.199-SNAPSHOT
[ERROR] Failed to determine Java version for profile java9-surefire @ io.airlift:airbase:79

00:46:06.541 [main] ERROR f.i.s.r.process.maven.MavenHelper - Error while building complete model. The raw model will be used. Error message: 1 problem was encountered while building the effective model for com.facebook.presto:presto-geospatial-toolkit:0.199-SNAPSHOT
[ERROR] Failed to determine Java version for profile java9-surefire @ io.airlift:airbase:79

00:46:06.553 [main] ERROR f.i.s.r.process.maven.MavenHelper - Error while building complete model. The raw model will be used. Error message: 1 problem was encountered while building the effective model for com.facebook.presto:presto-benchmark:0.199-SNAPSHOT
[ERROR] Failed to determine Java version for profile java9-surefire @ io.airlift:airbase:79

00:46:06.565 [main] ERROR f.i.s.r.process.maven.MavenHelper - Error while building complete model. The raw model will be used. Error message: 1 problem was encountered while building the effective model for com.facebook.presto:presto-tests:0.199-SNAPSHOT
[ERROR] Failed to determine Java version for profile java9-surefire @ io.airlift:airbase:79

00:46:06.577 [main] ERROR f.i.s.r.process.maven.MavenHelper - Error while building complete model. The raw model will be used. Error message: 1 problem was encountered while building the effective model for com.facebook.presto:presto-product-tests:0.199-SNAPSHOT
[ERROR] Failed to determine Java version for profile java9-surefire @ io.airlift:airbase:79

00:46:06.590 [main] ERROR f.i.s.r.process.maven.MavenHelper - Error while building complete model. The raw model will be used. Error message: 1 problem was encountered while building the effective model for com.facebook.presto:presto-jdbc:0.199-SNAPSHOT
[ERROR] Failed to determine Java version for profile java9-surefire @ io.airlift:airbase:79

00:46:06.601 [main] ERROR f.i.s.r.process.maven.MavenHelper - Error while building complete model. The raw model will be used. Error message: 1 problem was encountered while building the effective model for com.facebook.presto:presto-cli:0.199-SNAPSHOT
[ERROR] Failed to determine Java version for profile java9-surefire @ io.airlift:airbase:79

00:46:06.612 [main] ERROR f.i.s.r.process.maven.MavenHelper - Error while building complete model. The raw model will be used. Error message: 1 problem was encountered while building the effective model for com.facebook.presto:presto-benchmark-driver:0.199-SNAPSHOT
[ERROR] Failed to determine Java version for profile java9-surefire @ io.airlift:airbase:79

00:46:06.613 [main] DEBUG f.i.s.r.p.s.paths.ComputeSourceDir - The default source directory (/root/workspace/prestodb/presto/360445592/presto-server/src/main/java) does not exist. Try to read pom.xml to get information.
00:46:06.623 [main] ERROR f.i.s.r.process.maven.MavenHelper - Error while building complete model. The raw model will be used. Error message: 1 problem was encountered while building the effective model for com.facebook.presto:presto-server:0.199-SNAPSHOT
[ERROR] Failed to determine Java version for profile java9-surefire @ io.airlift:airbase:79

00:46:06.624 [main] DEBUG f.i.s.r.p.s.paths.ComputeSourceDir - Build section does not exist in the following pom.xml: /root/workspace/prestodb/presto/360445592/presto-server/pom.xml. Continue to try to get source dir from all modules.
00:46:06.624 [main] ERROR f.i.s.r.p.s.paths.ComputeSourceDir - The source directory is not at default location or specified in build section from pom.xml, and no parent can be found.
00:46:06.624 [main] DEBUG f.i.s.r.p.s.paths.ComputeSourceDir - The default source directory (/root/workspace/prestodb/presto/360445592/presto-server-rpm/src/main/java) does not exist. Try to read pom.xml to get information.
00:46:06.646 [main] ERROR f.i.s.r.process.maven.MavenHelper - Error while building complete model. The raw model will be used. Error message: 1 problem was encountered while building the effective model for com.facebook.presto:presto-server-rpm:0.199-SNAPSHOT
[ERROR] Failed to determine Java version for profile java9-surefire @ io.airlift:airbase:79

00:46:06.673 [main] DEBUG f.i.s.r.p.s.paths.ComputeSourceDir - Build section does not exist in the following pom.xml: /root/workspace/prestodb/presto/360445592/presto-server-rpm/pom.xml. Continue to try to get source dir from all modules.
00:46:06.673 [main] ERROR f.i.s.r.p.s.paths.ComputeSourceDir - The source directory is not at default location or specified in build section from pom.xml, and no parent can be found.
00:46:06.673 [main] DEBUG f.i.s.r.p.s.paths.ComputeSourceDir - The default source directory (/root/workspace/prestodb/presto/360445592/presto-docs/src/main/java) does not exist. Try to read pom.xml to get information.
00:46:06.685 [main] ERROR f.i.s.r.process.maven.MavenHelper - Error while building complete model. The raw model will be used. Error message: 1 problem was encountered while building the effective model for com.facebook.presto:presto-docs:0.199-SNAPSHOT
[ERROR] Failed to determine Java version for profile java9-surefire @ io.airlift:airbase:79

00:46:06.686 [main] DEBUG f.i.s.r.p.s.paths.ComputeSourceDir - Build section does not exist in the following pom.xml: /root/workspace/prestodb/presto/360445592/presto-docs/pom.xml. Continue to try to get source dir from all modules.
00:46:06.686 [main] ERROR f.i.s.r.p.s.paths.ComputeSourceDir - The source directory is not at default location or specified in build section from pom.xml, and no parent can be found.
00:46:06.698 [main] ERROR f.i.s.r.process.maven.MavenHelper - Error while building complete model. The raw model will be used. Error message: 1 problem was encountered while building the effective model for com.facebook.presto:presto-verifier:0.199-SNAPSHOT
[ERROR] Failed to determine Java version for profile java9-surefire @ io.airlift:airbase:79

00:46:06.709 [main] ERROR f.i.s.r.process.maven.MavenHelper - Error while building complete model. The raw model will be used. Error message: 1 problem was encountered while building the effective model for com.facebook.presto:presto-testing-server-launcher:0.199-SNAPSHOT
[ERROR] Failed to determine Java version for profile java9-surefire @ io.airlift:airbase:79

00:46:06.719 [main] ERROR f.i.s.r.process.maven.MavenHelper - Error while building complete model. The raw model will be used. Error message: 1 problem was encountered while building the effective model for com.facebook.presto:presto-plugin-toolkit:0.199-SNAPSHOT
[ERROR] Failed to determine Java version for profile java9-surefire @ io.airlift:airbase:79

00:46:06.729 [main] ERROR f.i.s.r.process.maven.MavenHelper - Error while building complete model. The raw model will be used. Error message: 1 problem was encountered while building the effective model for com.facebook.presto:presto-resource-group-managers:0.199-SNAPSHOT
[ERROR] Failed to determine Java version for profile java9-surefire @ io.airlift:airbase:79

00:46:06.739 [main] ERROR f.i.s.r.process.maven.MavenHelper - Error while building complete model. The raw model will be used. Error message: 1 problem was encountered while building the effective model for com.facebook.presto:presto-password-authenticators:0.199-SNAPSHOT
[ERROR] Failed to determine Java version for profile java9-surefire @ io.airlift:airbase:79

00:46:06.739 [main] DEBUG f.i.s.r.p.s.paths.ComputeSourceDir - The default source directory (/root/workspace/prestodb/presto/360445592/presto-benchto-benchmarks/src/main/java) does not exist. Try to read pom.xml to get information.
00:46:06.749 [main] ERROR f.i.s.r.process.maven.MavenHelper - Error while building complete model. The raw model will be used. Error message: 1 problem was encountered while building the effective model for com.facebook.presto:presto-benchto-benchmarks:0.199-SNAPSHOT
[ERROR] Failed to determine Java version for profile java9-surefire @ io.airlift:airbase:79

00:46:06.749 [main] DEBUG f.i.s.r.p.s.paths.ComputeSourceDir - Build section does not exist in the following pom.xml: /root/workspace/prestodb/presto/360445592/presto-benchto-benchmarks/pom.xml. Continue to try to get source dir from all modules.
00:46:06.750 [main] ERROR f.i.s.r.p.s.paths.ComputeSourceDir - The source directory is not at default location or specified in build section from pom.xml, and no parent can be found.
00:46:06.759 [main] ERROR f.i.s.r.process.maven.MavenHelper - Error while building complete model. The raw model will be used. Error message: 1 problem was encountered while building the effective model for com.facebook.presto:presto-thrift-connector-api:0.199-SNAPSHOT
[ERROR] Failed to determine Java version for profile java9-surefire @ io.airlift:airbase:79

00:46:06.774 [main] ERROR f.i.s.r.process.maven.MavenHelper - Error while building complete model. The raw model will be used. Error message: 1 problem was encountered while building the effective model for com.facebook.presto:presto-thrift-testing-server:0.199-SNAPSHOT
[ERROR] Failed to determine Java version for profile java9-surefire @ io.airlift:airbase:79

00:46:06.785 [main] ERROR f.i.s.r.process.maven.MavenHelper - Error while building complete model. The raw model will be used. Error message: 1 problem was encountered while building the effective model for com.facebook.presto:presto-thrift-connector:0.199-SNAPSHOT
[ERROR] Failed to determine Java version for profile java9-surefire @ io.airlift:airbase:79

00:46:06.795 [main] ERROR f.i.s.r.process.maven.MavenHelper - Error while building complete model. The raw model will be used. Error message: 1 problem was encountered while building the effective model for com.facebook.presto:presto-matching:0.199-SNAPSHOT
[ERROR] Failed to determine Java version for profile java9-surefire @ io.airlift:airbase:79

00:46:06.806 [main] ERROR f.i.s.r.process.maven.MavenHelper - Error while building complete model. The raw model will be used. Error message: 1 problem was encountered while building the effective model for com.facebook.presto:presto-memory-context:0.199-SNAPSHOT
[ERROR] Failed to determine Java version for profile java9-surefire @ io.airlift:airbase:79

00:46:06.807 [main] INFO  f.i.s.r.p.s.paths.ComputeSourceDir - 49 source dirs were found:
00:46:06.808 [main] INFO  f.i.s.r.p.s.paths.ComputeSourceDir - /root/workspace/prestodb/presto/360445592/presto-accumulo/src/main/java
00:46:06.808 [main] INFO  f.i.s.r.p.s.paths.ComputeSourceDir - /root/workspace/prestodb/presto/360445592/presto-array/src/main/java
00:46:06.808 [main] INFO  f.i.s.r.p.s.paths.ComputeSourceDir - /root/workspace/prestodb/presto/360445592/presto-atop/src/main/java
00:46:06.809 [main] INFO  f.i.s.r.p.s.paths.ComputeSourceDir - /root/workspace/prestodb/presto/360445592/presto-base-jdbc/src/main/java
00:46:06.809 [main] INFO  f.i.s.r.p.s.paths.ComputeSourceDir - /root/workspace/prestodb/presto/360445592/presto-benchmark-driver/src/main/java
00:46:06.809 [main] INFO  f.i.s.r.p.s.paths.ComputeSourceDir - /root/workspace/prestodb/presto/360445592/presto-benchmark/src/main/java
00:46:06.809 [main] INFO  f.i.s.r.p.s.paths.ComputeSourceDir - /root/workspace/prestodb/presto/360445592/presto-blackhole/src/main/java
00:46:06.810 [main] INFO  f.i.s.r.p.s.paths.ComputeSourceDir - /root/workspace/prestodb/presto/360445592/presto-cassandra/src/main/java
00:46:06.810 [main] INFO  f.i.s.r.p.s.paths.ComputeSourceDir - /root/workspace/prestodb/presto/360445592/presto-cli/src/main/java
00:46:06.810 [main] INFO  f.i.s.r.p.s.paths.ComputeSourceDir - /root/workspace/prestodb/presto/360445592/presto-client/src/main/java
00:46:06.810 [main] INFO  f.i.s.r.p.s.paths.ComputeSourceDir - /root/workspace/prestodb/presto/360445592/presto-example-http/src/main/java
00:46:06.811 [main] INFO  f.i.s.r.p.s.paths.ComputeSourceDir - /root/workspace/prestodb/presto/360445592/presto-geospatial-toolkit/src/main/java
00:46:06.811 [main] INFO  f.i.s.r.p.s.paths.ComputeSourceDir - /root/workspace/prestodb/presto/360445592/presto-geospatial/src/main/java
00:46:06.811 [main] INFO  f.i.s.r.p.s.paths.ComputeSourceDir - /root/workspace/prestodb/presto/360445592/presto-hive-hadoop2/src/main/java
00:46:06.811 [main] INFO  f.i.s.r.p.s.paths.ComputeSourceDir - /root/workspace/prestodb/presto/360445592/presto-hive/src/main/java
00:46:06.811 [main] INFO  f.i.s.r.p.s.paths.ComputeSourceDir - /root/workspace/prestodb/presto/360445592/presto-jdbc/src/main/java
00:46:06.812 [main] INFO  f.i.s.r.p.s.paths.ComputeSourceDir - /root/workspace/prestodb/presto/360445592/presto-jmx/src/main/java
00:46:06.812 [main] INFO  f.i.s.r.p.s.paths.ComputeSourceDir - /root/workspace/prestodb/presto/360445592/presto-kafka/src/main/java
00:46:06.812 [main] INFO  f.i.s.r.p.s.paths.ComputeSourceDir - /root/workspace/prestodb/presto/360445592/presto-local-file/src/main/java
00:46:06.812 [main] INFO  f.i.s.r.p.s.paths.ComputeSourceDir - /root/workspace/prestodb/presto/360445592/presto-main/src/main/java
00:46:06.813 [main] INFO  f.i.s.r.p.s.paths.ComputeSourceDir - /root/workspace/prestodb/presto/360445592/presto-matching/src/main/java
00:46:06.813 [main] INFO  f.i.s.r.p.s.paths.ComputeSourceDir - /root/workspace/prestodb/presto/360445592/presto-memory-context/src/main/java
00:46:06.813 [main] INFO  f.i.s.r.p.s.paths.ComputeSourceDir - /root/workspace/prestodb/presto/360445592/presto-memory/src/main/java
00:46:06.814 [main] INFO  f.i.s.r.p.s.paths.ComputeSourceDir - /root/workspace/prestodb/presto/360445592/presto-ml/src/main/java
00:46:06.814 [main] INFO  f.i.s.r.p.s.paths.ComputeSourceDir - /root/workspace/prestodb/presto/360445592/presto-mongodb/src/main/java
00:46:06.814 [main] INFO  f.i.s.r.p.s.paths.ComputeSourceDir - /root/workspace/prestodb/presto/360445592/presto-mysql/src/main/java
00:46:06.814 [main] INFO  f.i.s.r.p.s.paths.ComputeSourceDir - /root/workspace/prestodb/presto/360445592/presto-orc/src/main/java
00:46:06.814 [main] INFO  f.i.s.r.p.s.paths.ComputeSourceDir - /root/workspace/prestodb/presto/360445592/presto-parser/src/main/java
00:46:06.815 [main] INFO  f.i.s.r.p.s.paths.ComputeSourceDir - /root/workspace/prestodb/presto/360445592/presto-password-authenticators/src/main/java
00:46:06.815 [main] INFO  f.i.s.r.p.s.paths.ComputeSourceDir - /root/workspace/prestodb/presto/360445592/presto-plugin-toolkit/src/main/java
00:46:06.815 [main] INFO  f.i.s.r.p.s.paths.ComputeSourceDir - /root/workspace/prestodb/presto/360445592/presto-postgresql/src/main/java
00:46:06.815 [main] INFO  f.i.s.r.p.s.paths.ComputeSourceDir - /root/workspace/prestodb/presto/360445592/presto-product-tests/src/main/java
00:46:06.815 [main] INFO  f.i.s.r.p.s.paths.ComputeSourceDir - /root/workspace/prestodb/presto/360445592/presto-raptor/src/main/java
00:46:06.816 [main] INFO  f.i.s.r.p.s.paths.ComputeSourceDir - /root/workspace/prestodb/presto/360445592/presto-rcfile/src/main/java
00:46:06.816 [main] INFO  f.i.s.r.p.s.paths.ComputeSourceDir - /root/workspace/prestodb/presto/360445592/presto-record-decoder/src/main/java
00:46:06.816 [main] INFO  f.i.s.r.p.s.paths.ComputeSourceDir - /root/workspace/prestodb/presto/360445592/presto-redis/src/main/java
00:46:06.816 [main] INFO  f.i.s.r.p.s.paths.ComputeSourceDir - /root/workspace/prestodb/presto/360445592/presto-redshift/src/main/java
00:46:06.816 [main] INFO  f.i.s.r.p.s.paths.ComputeSourceDir - /root/workspace/prestodb/presto/360445592/presto-resource-group-managers/src/main/java
00:46:06.817 [main] INFO  f.i.s.r.p.s.paths.ComputeSourceDir - /root/workspace/prestodb/presto/360445592/presto-spi/src/main/java
00:46:06.817 [main] INFO  f.i.s.r.p.s.paths.ComputeSourceDir - /root/workspace/prestodb/presto/360445592/presto-sqlserver/src/main/java
00:46:06.817 [main] INFO  f.i.s.r.p.s.paths.ComputeSourceDir - /root/workspace/prestodb/presto/360445592/presto-teradata-functions/src/main/java
00:46:06.817 [main] INFO  f.i.s.r.p.s.paths.ComputeSourceDir - /root/workspace/prestodb/presto/360445592/presto-testing-server-launcher/src/main/java
00:46:06.817 [main] INFO  f.i.s.r.p.s.paths.ComputeSourceDir - /root/workspace/prestodb/presto/360445592/presto-tests/src/main/java
00:46:06.818 [main] INFO  f.i.s.r.p.s.paths.ComputeSourceDir - /root/workspace/prestodb/presto/360445592/presto-thrift-connector-api/src/main/java
00:46:06.818 [main] INFO  f.i.s.r.p.s.paths.ComputeSourceDir - /root/workspace/prestodb/presto/360445592/presto-thrift-connector/src/main/java
00:46:06.818 [main] INFO  f.i.s.r.p.s.paths.ComputeSourceDir - /root/workspace/prestodb/presto/360445592/presto-thrift-testing-server/src/main/java
00:46:06.818 [main] INFO  f.i.s.r.p.s.paths.ComputeSourceDir - /root/workspace/prestodb/presto/360445592/presto-tpcds/src/main/java
00:46:06.818 [main] INFO  f.i.s.r.p.s.paths.ComputeSourceDir - /root/workspace/prestodb/presto/360445592/presto-tpch/src/main/java
00:46:06.819 [main] INFO  f.i.s.r.p.s.paths.ComputeSourceDir - /root/workspace/prestodb/presto/360445592/presto-verifier/src/main/java
00:46:06.909 [main] DEBUG f.i.s.r.p.s.paths.ComputeSourceDir - Compute the line of code of the project
00:46:07.580 [main] DEBUG f.i.s.r.p.s.paths.ComputeSourceDir - Get result from cloc process...
00:46:07.656 [main] DEBUG f.i.s.r.p.s.paths.ComputeSourceDir - STEP STATUS: [ ComputeSourceDir : SUCCESS ]
00:46:07.656 [main] DEBUG f.i.s.r.p.s.paths.ComputeSourceDir - STEP DURATION: 2s
00:46:07.656 [main] DEBUG f.i.s.r.p.s.paths.ComputeSourceDir - EXECUTE NEXT STEP
00:46:07.656 [main] DEBUG f.i.s.r.p.step.paths.ComputeTestDir - ----------------------------------------------------------------------
00:46:07.656 [main] DEBUG f.i.s.r.p.step.paths.ComputeTestDir - STEP 4/22: ComputeTestDir
00:46:07.657 [main] DEBUG f.i.s.r.p.step.paths.ComputeTestDir - ----------------------------------------------------------------------
00:46:07.657 [main] DEBUG f.i.s.r.p.step.paths.ComputeTestDir - Computing the test directory ...
00:46:07.657 [main] DEBUG f.i.s.r.p.step.paths.ComputeTestDir - The default test directory (/root/workspace/prestodb/presto/360445592/src/test/java) does not exist. Try to read pom.xml to get information.
00:46:07.734 [main] ERROR f.i.s.r.process.maven.MavenHelper - Error while building complete model. The raw model will be used. Error message: 1 problem was encountered while building the effective model for com.facebook.presto:presto-root:0.199-SNAPSHOT
[ERROR] Failed to determine Java version for profile java9-surefire @ io.airlift:airbase:79

00:46:07.748 [main] DEBUG f.i.s.r.p.step.paths.ComputeTestDir - Build section does not exist in the following pom.xml: /root/workspace/prestodb/presto/360445592/pom.xml. Continue to try to get test dir from all modules.
00:46:07.761 [main] ERROR f.i.s.r.process.maven.MavenHelper - Error while building complete model. The raw model will be used. Error message: 1 problem was encountered while building the effective model for com.facebook.presto:presto-atop:0.199-SNAPSHOT
[ERROR] Failed to determine Java version for profile java9-surefire @ io.airlift:airbase:79

00:46:07.780 [main] ERROR f.i.s.r.process.maven.MavenHelper - Error while building complete model. The raw model will be used. Error message: 1 problem was encountered while building the effective model for com.facebook.presto:presto-spi:0.199-SNAPSHOT
[ERROR] Failed to determine Java version for profile java9-surefire @ io.airlift:airbase:79

00:46:07.794 [main] ERROR f.i.s.r.process.maven.MavenHelper - Error while building complete model. The raw model will be used. Error message: 1 problem was encountered while building the effective model for com.facebook.presto:presto-array:0.199-SNAPSHOT
[ERROR] Failed to determine Java version for profile java9-surefire @ io.airlift:airbase:79

00:46:07.819 [main] ERROR f.i.s.r.process.maven.MavenHelper - Error while building complete model. The raw model will be used. Error message: 1 problem was encountered while building the effective model for com.facebook.presto:presto-jmx:0.199-SNAPSHOT
[ERROR] Failed to determine Java version for profile java9-surefire @ io.airlift:airbase:79

00:46:07.836 [main] ERROR f.i.s.r.process.maven.MavenHelper - Error while building complete model. The raw model will be used. Error message: 1 problem was encountered while building the effective model for com.facebook.presto:presto-record-decoder:0.199-SNAPSHOT
[ERROR] Failed to determine Java version for profile java9-surefire @ io.airlift:airbase:79

00:46:07.852 [main] ERROR f.i.s.r.process.maven.MavenHelper - Error while building complete model. The raw model will be used. Error message: 1 problem was encountered while building the effective model for com.facebook.presto:presto-kafka:0.199-SNAPSHOT
[ERROR] Failed to determine Java version for profile java9-surefire @ io.airlift:airbase:79

00:46:07.866 [main] ERROR f.i.s.r.process.maven.MavenHelper - Error while building complete model. The raw model will be used. Error message: 1 problem was encountered while building the effective model for com.facebook.presto:presto-redis:0.199-SNAPSHOT
[ERROR] Failed to determine Java version for profile java9-surefire @ io.airlift:airbase:79

00:46:07.880 [main] ERROR f.i.s.r.process.maven.MavenHelper - Error while building complete model. The raw model will be used. Error message: 1 problem was encountered while building the effective model for com.facebook.presto:presto-accumulo:0.199-SNAPSHOT
[ERROR] Failed to determine Java version for profile java9-surefire @ io.airlift:airbase:79

00:46:07.900 [main] ERROR f.i.s.r.process.maven.MavenHelper - Error while building complete model. The raw model will be used. Error message: 1 problem was encountered while building the effective model for com.facebook.presto:presto-cassandra:0.199-SNAPSHOT
[ERROR] Failed to determine Java version for profile java9-surefire @ io.airlift:airbase:79

00:46:07.927 [main] ERROR f.i.s.r.process.maven.MavenHelper - Error while building complete model. The raw model will be used. Error message: 1 problem was encountered while building the effective model for com.facebook.presto:presto-blackhole:0.199-SNAPSHOT
[ERROR] Failed to determine Java version for profile java9-surefire @ io.airlift:airbase:79

00:46:07.940 [main] ERROR f.i.s.r.process.maven.MavenHelper - Error while building complete model. The raw model will be used. Error message: 1 problem was encountered while building the effective model for com.facebook.presto:presto-memory:0.199-SNAPSHOT
[ERROR] Failed to determine Java version for profile java9-surefire @ io.airlift:airbase:79

00:46:07.952 [main] ERROR f.i.s.r.process.maven.MavenHelper - Error while building complete model. The raw model will be used. Error message: 1 problem was encountered while building the effective model for com.facebook.presto:presto-orc:0.199-SNAPSHOT
[ERROR] Failed to determine Java version for profile java9-surefire @ io.airlift:airbase:79

00:46:07.965 [main] ERROR f.i.s.r.process.maven.MavenHelper - Error while building complete model. The raw model will be used. Error message: 1 problem was encountered while building the effective model for com.facebook.presto:presto-rcfile:0.199-SNAPSHOT
[ERROR] Failed to determine Java version for profile java9-surefire @ io.airlift:airbase:79

00:46:07.986 [main] ERROR f.i.s.r.process.maven.MavenHelper - Error while building complete model. The raw model will be used. Error message: 1 problem was encountered while building the effective model for com.facebook.presto:presto-hive:0.199-SNAPSHOT
[ERROR] Failed to determine Java version for profile java9-surefire @ io.airlift:airbase:79

00:46:08.001 [main] ERROR f.i.s.r.process.maven.MavenHelper - Error while building complete model. The raw model will be used. Error message: 1 problem was encountered while building the effective model for com.facebook.presto:presto-hive-hadoop2:0.199-SNAPSHOT
[ERROR] Failed to determine Java version for profile java9-surefire @ io.airlift:airbase:79

00:46:08.013 [main] ERROR f.i.s.r.process.maven.MavenHelper - Error while building complete model. The raw model will be used. Error message: 1 problem was encountered while building the effective model for com.facebook.presto:presto-teradata-functions:0.199-SNAPSHOT
[ERROR] Failed to determine Java version for profile java9-surefire @ io.airlift:airbase:79

00:46:08.026 [main] ERROR f.i.s.r.process.maven.MavenHelper - Error while building complete model. The raw model will be used. Error message: 1 problem was encountered while building the effective model for com.facebook.presto:presto-example-http:0.199-SNAPSHOT
[ERROR] Failed to determine Java version for profile java9-surefire @ io.airlift:airbase:79

00:46:08.038 [main] ERROR f.i.s.r.process.maven.MavenHelper - Error while building complete model. The raw model will be used. Error message: 1 problem was encountered while building the effective model for com.facebook.presto:presto-local-file:0.199-SNAPSHOT
[ERROR] Failed to determine Java version for profile java9-surefire @ io.airlift:airbase:79

00:46:08.051 [main] ERROR f.i.s.r.process.maven.MavenHelper - Error while building complete model. The raw model will be used. Error message: 1 problem was encountered while building the effective model for com.facebook.presto:presto-tpch:0.199-SNAPSHOT
[ERROR] Failed to determine Java version for profile java9-surefire @ io.airlift:airbase:79

00:46:08.063 [main] ERROR f.i.s.r.process.maven.MavenHelper - Error while building complete model. The raw model will be used. Error message: 1 problem was encountered while building the effective model for com.facebook.presto:presto-tpcds:0.199-SNAPSHOT
[ERROR] Failed to determine Java version for profile java9-surefire @ io.airlift:airbase:79

00:46:08.086 [main] ERROR f.i.s.r.process.maven.MavenHelper - Error while building complete model. The raw model will be used. Error message: 1 problem was encountered while building the effective model for com.facebook.presto:presto-raptor:0.199-SNAPSHOT
[ERROR] Failed to determine Java version for profile java9-surefire @ io.airlift:airbase:79

00:46:08.102 [main] ERROR f.i.s.r.process.maven.MavenHelper - Error while building complete model. The raw model will be used. Error message: 1 problem was encountered while building the effective model for com.facebook.presto:presto-base-jdbc:0.199-SNAPSHOT
[ERROR] Failed to determine Java version for profile java9-surefire @ io.airlift:airbase:79

00:46:08.132 [main] ERROR f.i.s.r.process.maven.MavenHelper - Error while building complete model. The raw model will be used. Error message: 1 problem was encountered while building the effective model for com.facebook.presto:presto-mysql:0.199-SNAPSHOT
[ERROR] Failed to determine Java version for profile java9-surefire @ io.airlift:airbase:79

00:46:08.149 [main] ERROR f.i.s.r.process.maven.MavenHelper - Error while building complete model. The raw model will be used. Error message: 1 problem was encountered while building the effective model for com.facebook.presto:presto-postgresql:0.199-SNAPSHOT
[ERROR] Failed to determine Java version for profile java9-surefire @ io.airlift:airbase:79

00:46:08.162 [main] ERROR f.i.s.r.process.maven.MavenHelper - Error while building complete model. The raw model will be used. Error message: 1 problem was encountered while building the effective model for com.facebook.presto:presto-redshift:0.199-SNAPSHOT
[ERROR] Failed to determine Java version for profile java9-surefire @ io.airlift:airbase:79

00:46:08.175 [main] ERROR f.i.s.r.process.maven.MavenHelper - Error while building complete model. The raw model will be used. Error message: 1 problem was encountered while building the effective model for com.facebook.presto:presto-sqlserver:0.199-SNAPSHOT
[ERROR] Failed to determine Java version for profile java9-surefire @ io.airlift:airbase:79

00:46:08.188 [main] ERROR f.i.s.r.process.maven.MavenHelper - Error while building complete model. The raw model will be used. Error message: 1 problem was encountered while building the effective model for com.facebook.presto:presto-mongodb:0.199-SNAPSHOT
[ERROR] Failed to determine Java version for profile java9-surefire @ io.airlift:airbase:79

00:46:08.201 [main] ERROR f.i.s.r.process.maven.MavenHelper - Error while building complete model. The raw model will be used. Error message: 1 problem was encountered while building the effective model for com.facebook.presto:presto-client:0.199-SNAPSHOT
[ERROR] Failed to determine Java version for profile java9-surefire @ io.airlift:airbase:79

00:46:08.213 [main] ERROR f.i.s.r.process.maven.MavenHelper - Error while building complete model. The raw model will be used. Error message: 1 problem was encountered while building the effective model for com.facebook.presto:presto-parser:0.199-SNAPSHOT
[ERROR] Failed to determine Java version for profile java9-surefire @ io.airlift:airbase:79

00:46:08.226 [main] ERROR f.i.s.r.process.maven.MavenHelper - Error while building complete model. The raw model will be used. Error message: 1 problem was encountered while building the effective model for com.facebook.presto:presto-main:0.199-SNAPSHOT
[ERROR] Failed to determine Java version for profile java9-surefire @ io.airlift:airbase:79

00:46:08.254 [main] ERROR f.i.s.r.process.maven.MavenHelper - Error while building complete model. The raw model will be used. Error message: 1 problem was encountered while building the effective model for com.facebook.presto:presto-ml:0.199-SNAPSHOT
[ERROR] Failed to determine Java version for profile java9-surefire @ io.airlift:airbase:79

00:46:08.267 [main] ERROR f.i.s.r.process.maven.MavenHelper - Error while building complete model. The raw model will be used. Error message: 1 problem was encountered while building the effective model for com.facebook.presto:presto-geospatial:0.199-SNAPSHOT
[ERROR] Failed to determine Java version for profile java9-surefire @ io.airlift:airbase:79

00:46:08.280 [main] ERROR f.i.s.r.process.maven.MavenHelper - Error while building complete model. The raw model will be used. Error message: 1 problem was encountered while building the effective model for com.facebook.presto:presto-geospatial-toolkit:0.199-SNAPSHOT
[ERROR] Failed to determine Java version for profile java9-surefire @ io.airlift:airbase:79

00:46:08.293 [main] ERROR f.i.s.r.process.maven.MavenHelper - Error while building complete model. The raw model will be used. Error message: 1 problem was encountered while building the effective model for com.facebook.presto:presto-benchmark:0.199-SNAPSHOT
[ERROR] Failed to determine Java version for profile java9-surefire @ io.airlift:airbase:79

00:46:08.309 [main] ERROR f.i.s.r.process.maven.MavenHelper - Error while building complete model. The raw model will be used. Error message: 1 problem was encountered while building the effective model for com.facebook.presto:presto-tests:0.199-SNAPSHOT
[ERROR] Failed to determine Java version for profile java9-surefire @ io.airlift:airbase:79

00:46:08.321 [main] ERROR f.i.s.r.process.maven.MavenHelper - Error while building complete model. The raw model will be used. Error message: 1 problem was encountered while building the effective model for com.facebook.presto:presto-product-tests:0.199-SNAPSHOT
[ERROR] Failed to determine Java version for profile java9-surefire @ io.airlift:airbase:79

00:46:08.333 [main] ERROR f.i.s.r.process.maven.MavenHelper - Error while building complete model. The raw model will be used. Error message: 1 problem was encountered while building the effective model for com.facebook.presto:presto-jdbc:0.199-SNAPSHOT
[ERROR] Failed to determine Java version for profile java9-surefire @ io.airlift:airbase:79

00:46:08.345 [main] ERROR f.i.s.r.process.maven.MavenHelper - Error while building complete model. The raw model will be used. Error message: 1 problem was encountered while building the effective model for com.facebook.presto:presto-cli:0.199-SNAPSHOT
[ERROR] Failed to determine Java version for profile java9-surefire @ io.airlift:airbase:79

00:46:08.357 [main] ERROR f.i.s.r.process.maven.MavenHelper - Error while building complete model. The raw model will be used. Error message: 1 problem was encountered while building the effective model for com.facebook.presto:presto-benchmark-driver:0.199-SNAPSHOT
[ERROR] Failed to determine Java version for profile java9-surefire @ io.airlift:airbase:79

00:46:08.358 [main] DEBUG f.i.s.r.p.step.paths.ComputeTestDir - The default test directory (/root/workspace/prestodb/presto/360445592/presto-server/src/test/java) does not exist. Try to read pom.xml to get information.
00:46:08.369 [main] ERROR f.i.s.r.process.maven.MavenHelper - Error while building complete model. The raw model will be used. Error message: 1 problem was encountered while building the effective model for com.facebook.presto:presto-server:0.199-SNAPSHOT
[ERROR] Failed to determine Java version for profile java9-surefire @ io.airlift:airbase:79

00:46:08.370 [main] DEBUG f.i.s.r.p.step.paths.ComputeTestDir - Build section does not exist in the following pom.xml: /root/workspace/prestodb/presto/360445592/presto-server/pom.xml. Continue to try to get test dir from all modules.
00:46:08.370 [main] ERROR f.i.s.r.p.step.paths.ComputeTestDir - The test directory is not at default location or specified in build section from pom.xml, and no parent can be found.
00:46:08.370 [main] DEBUG f.i.s.r.p.step.paths.ComputeTestDir - The default test directory (/root/workspace/prestodb/presto/360445592/presto-server-rpm/src/test/java) does not exist. Try to read pom.xml to get information.
00:46:08.382 [main] ERROR f.i.s.r.process.maven.MavenHelper - Error while building complete model. The raw model will be used. Error message: 1 problem was encountered while building the effective model for com.facebook.presto:presto-server-rpm:0.199-SNAPSHOT
[ERROR] Failed to determine Java version for profile java9-surefire @ io.airlift:airbase:79

00:46:08.384 [main] DEBUG f.i.s.r.p.step.paths.ComputeTestDir - Build section does not exist in the following pom.xml: /root/workspace/prestodb/presto/360445592/presto-server-rpm/pom.xml. Continue to try to get test dir from all modules.
00:46:08.384 [main] ERROR f.i.s.r.p.step.paths.ComputeTestDir - The test directory is not at default location or specified in build section from pom.xml, and no parent can be found.
00:46:08.384 [main] DEBUG f.i.s.r.p.step.paths.ComputeTestDir - The default test directory (/root/workspace/prestodb/presto/360445592/presto-docs/src/test/java) does not exist. Try to read pom.xml to get information.
00:46:08.396 [main] ERROR f.i.s.r.process.maven.MavenHelper - Error while building complete model. The raw model will be used. Error message: 1 problem was encountered while building the effective model for com.facebook.presto:presto-docs:0.199-SNAPSHOT
[ERROR] Failed to determine Java version for profile java9-surefire @ io.airlift:airbase:79

00:46:08.397 [main] DEBUG f.i.s.r.p.step.paths.ComputeTestDir - Build section does not exist in the following pom.xml: /root/workspace/prestodb/presto/360445592/presto-docs/pom.xml. Continue to try to get test dir from all modules.
00:46:08.398 [main] ERROR f.i.s.r.p.step.paths.ComputeTestDir - The test directory is not at default location or specified in build section from pom.xml, and no parent can be found.
00:46:08.408 [main] ERROR f.i.s.r.process.maven.MavenHelper - Error while building complete model. The raw model will be used. Error message: 1 problem was encountered while building the effective model for com.facebook.presto:presto-verifier:0.199-SNAPSHOT
[ERROR] Failed to determine Java version for profile java9-surefire @ io.airlift:airbase:79

00:46:08.409 [main] DEBUG f.i.s.r.p.step.paths.ComputeTestDir - The default test directory (/root/workspace/prestodb/presto/360445592/presto-testing-server-launcher/src/test/java) does not exist. Try to read pom.xml to get information.
00:46:08.415 [main] ERROR f.i.s.r.process.maven.MavenHelper - Error while building complete model. The raw model will be used. Error message: 1 problem was encountered while building the effective model for com.facebook.presto:presto-testing-server-launcher:0.199-SNAPSHOT
[ERROR] Failed to determine Java version for profile java9-surefire @ io.airlift:airbase:79

00:46:08.416 [main] DEBUG f.i.s.r.p.step.paths.ComputeTestDir - Build section does not exist in the following pom.xml: /root/workspace/prestodb/presto/360445592/presto-testing-server-launcher/pom.xml. Continue to try to get test dir from all modules.
00:46:08.416 [main] ERROR f.i.s.r.p.step.paths.ComputeTestDir - The test directory is not at default location or specified in build section from pom.xml, and no parent can be found.
00:46:08.423 [main] ERROR f.i.s.r.process.maven.MavenHelper - Error while building complete model. The raw model will be used. Error message: 1 problem was encountered while building the effective model for com.facebook.presto:presto-plugin-toolkit:0.199-SNAPSHOT
[ERROR] Failed to determine Java version for profile java9-surefire @ io.airlift:airbase:79

00:46:08.430 [main] ERROR f.i.s.r.process.maven.MavenHelper - Error while building complete model. The raw model will be used. Error message: 1 problem was encountered while building the effective model for com.facebook.presto:presto-resource-group-managers:0.199-SNAPSHOT
[ERROR] Failed to determine Java version for profile java9-surefire @ io.airlift:airbase:79

00:46:08.437 [main] ERROR f.i.s.r.process.maven.MavenHelper - Error while building complete model. The raw model will be used. Error message: 1 problem was encountered while building the effective model for com.facebook.presto:presto-password-authenticators:0.199-SNAPSHOT
[ERROR] Failed to determine Java version for profile java9-surefire @ io.airlift:airbase:79

00:46:08.438 [main] DEBUG f.i.s.r.p.step.paths.ComputeTestDir - The default test directory (/root/workspace/prestodb/presto/360445592/presto-benchto-benchmarks/src/test/java) does not exist. Try to read pom.xml to get information.
00:46:08.445 [main] ERROR f.i.s.r.process.maven.MavenHelper - Error while building complete model. The raw model will be used. Error message: 1 problem was encountered while building the effective model for com.facebook.presto:presto-benchto-benchmarks:0.199-SNAPSHOT
[ERROR] Failed to determine Java version for profile java9-surefire @ io.airlift:airbase:79

00:46:08.446 [main] DEBUG f.i.s.r.p.step.paths.ComputeTestDir - Build section does not exist in the following pom.xml: /root/workspace/prestodb/presto/360445592/presto-benchto-benchmarks/pom.xml. Continue to try to get test dir from all modules.
00:46:08.446 [main] ERROR f.i.s.r.p.step.paths.ComputeTestDir - The test directory is not at default location or specified in build section from pom.xml, and no parent can be found.
00:46:08.452 [main] ERROR f.i.s.r.process.maven.MavenHelper - Error while building complete model. The raw model will be used. Error message: 1 problem was encountered while building the effective model for com.facebook.presto:presto-thrift-connector-api:0.199-SNAPSHOT
[ERROR] Failed to determine Java version for profile java9-surefire @ io.airlift:airbase:79

00:46:08.460 [main] ERROR f.i.s.r.process.maven.MavenHelper - Error while building complete model. The raw model will be used. Error message: 1 problem was encountered while building the effective model for com.facebook.presto:presto-thrift-testing-server:0.199-SNAPSHOT
[ERROR] Failed to determine Java version for profile java9-surefire @ io.airlift:airbase:79

00:46:08.467 [main] ERROR f.i.s.r.process.maven.MavenHelper - Error while building complete model. The raw model will be used. Error message: 1 problem was encountered while building the effective model for com.facebook.presto:presto-thrift-connector:0.199-SNAPSHOT
[ERROR] Failed to determine Java version for profile java9-surefire @ io.airlift:airbase:79

00:46:08.475 [main] ERROR f.i.s.r.process.maven.MavenHelper - Error while building complete model. The raw model will be used. Error message: 1 problem was encountered while building the effective model for com.facebook.presto:presto-matching:0.199-SNAPSHOT
[ERROR] Failed to determine Java version for profile java9-surefire @ io.airlift:airbase:79

00:46:08.483 [main] ERROR f.i.s.r.process.maven.MavenHelper - Error while building complete model. The raw model will be used. Error message: 1 problem was encountered while building the effective model for com.facebook.presto:presto-memory-context:0.199-SNAPSHOT
[ERROR] Failed to determine Java version for profile java9-surefire @ io.airlift:airbase:79

00:46:08.490 [main] INFO  f.i.s.r.p.step.paths.ComputeTestDir - 48 test dirs were found:
00:46:08.490 [main] INFO  f.i.s.r.p.step.paths.ComputeTestDir - /root/workspace/prestodb/presto/360445592/presto-accumulo/src/test/java
00:46:08.490 [main] INFO  f.i.s.r.p.step.paths.ComputeTestDir - /root/workspace/prestodb/presto/360445592/presto-array/src/test/java
00:46:08.490 [main] INFO  f.i.s.r.p.step.paths.ComputeTestDir - /root/workspace/prestodb/presto/360445592/presto-atop/src/test/java
00:46:08.490 [main] INFO  f.i.s.r.p.step.paths.ComputeTestDir - /root/workspace/prestodb/presto/360445592/presto-base-jdbc/src/test/java
00:46:08.490 [main] INFO  f.i.s.r.p.step.paths.ComputeTestDir - /root/workspace/prestodb/presto/360445592/presto-benchmark-driver/src/test/java
00:46:08.490 [main] INFO  f.i.s.r.p.step.paths.ComputeTestDir - /root/workspace/prestodb/presto/360445592/presto-benchmark/src/test/java
00:46:08.490 [main] INFO  f.i.s.r.p.step.paths.ComputeTestDir - /root/workspace/prestodb/presto/360445592/presto-blackhole/src/test/java
00:46:08.490 [main] INFO  f.i.s.r.p.step.paths.ComputeTestDir - /root/workspace/prestodb/presto/360445592/presto-cassandra/src/test/java
00:46:08.490 [main] INFO  f.i.s.r.p.step.paths.ComputeTestDir - /root/workspace/prestodb/presto/360445592/presto-cli/src/test/java
00:46:08.491 [main] INFO  f.i.s.r.p.step.paths.ComputeTestDir - /root/workspace/prestodb/presto/360445592/presto-client/src/test/java
00:46:08.491 [main] INFO  f.i.s.r.p.step.paths.ComputeTestDir - /root/workspace/prestodb/presto/360445592/presto-example-http/src/test/java
00:46:08.491 [main] INFO  f.i.s.r.p.step.paths.ComputeTestDir - /root/workspace/prestodb/presto/360445592/presto-geospatial-toolkit/src/test/java
00:46:08.491 [main] INFO  f.i.s.r.p.step.paths.ComputeTestDir - /root/workspace/prestodb/presto/360445592/presto-geospatial/src/test/java
00:46:08.491 [main] INFO  f.i.s.r.p.step.paths.ComputeTestDir - /root/workspace/prestodb/presto/360445592/presto-hive-hadoop2/src/test/java
00:46:08.491 [main] INFO  f.i.s.r.p.step.paths.ComputeTestDir - /root/workspace/prestodb/presto/360445592/presto-hive/src/test/java
00:46:08.491 [main] INFO  f.i.s.r.p.step.paths.ComputeTestDir - /root/workspace/prestodb/presto/360445592/presto-jdbc/src/test/java
00:46:08.491 [main] INFO  f.i.s.r.p.step.paths.ComputeTestDir - /root/workspace/prestodb/presto/360445592/presto-jmx/src/test/java
00:46:08.491 [main] INFO  f.i.s.r.p.step.paths.ComputeTestDir - /root/workspace/prestodb/presto/360445592/presto-kafka/src/test/java
00:46:08.491 [main] INFO  f.i.s.r.p.step.paths.ComputeTestDir - /root/workspace/prestodb/presto/360445592/presto-local-file/src/test/java
00:46:08.491 [main] INFO  f.i.s.r.p.step.paths.ComputeTestDir - /root/workspace/prestodb/presto/360445592/presto-main/src/test/java
00:46:08.491 [main] INFO  f.i.s.r.p.step.paths.ComputeTestDir - /root/workspace/prestodb/presto/360445592/presto-matching/src/test/java
00:46:08.491 [main] INFO  f.i.s.r.p.step.paths.ComputeTestDir - /root/workspace/prestodb/presto/360445592/presto-memory-context/src/test/java
00:46:08.491 [main] INFO  f.i.s.r.p.step.paths.ComputeTestDir - /root/workspace/prestodb/presto/360445592/presto-memory/src/test/java
00:46:08.491 [main] INFO  f.i.s.r.p.step.paths.ComputeTestDir - /root/workspace/prestodb/presto/360445592/presto-ml/src/test/java
00:46:08.491 [main] INFO  f.i.s.r.p.step.paths.ComputeTestDir - /root/workspace/prestodb/presto/360445592/presto-mongodb/src/test/java
00:46:08.491 [main] INFO  f.i.s.r.p.step.paths.ComputeTestDir - /root/workspace/prestodb/presto/360445592/presto-mysql/src/test/java
00:46:08.491 [main] INFO  f.i.s.r.p.step.paths.ComputeTestDir - /root/workspace/prestodb/presto/360445592/presto-orc/src/test/java
00:46:08.491 [main] INFO  f.i.s.r.p.step.paths.ComputeTestDir - /root/workspace/prestodb/presto/360445592/presto-parser/src/test/java
00:46:08.491 [main] INFO  f.i.s.r.p.step.paths.ComputeTestDir - /root/workspace/prestodb/presto/360445592/presto-password-authenticators/src/test/java
00:46:08.491 [main] INFO  f.i.s.r.p.step.paths.ComputeTestDir - /root/workspace/prestodb/presto/360445592/presto-plugin-toolkit/src/test/java
00:46:08.491 [main] INFO  f.i.s.r.p.step.paths.ComputeTestDir - /root/workspace/prestodb/presto/360445592/presto-postgresql/src/test/java
00:46:08.491 [main] INFO  f.i.s.r.p.step.paths.ComputeTestDir - /root/workspace/prestodb/presto/360445592/presto-product-tests/src/test/java
00:46:08.492 [main] INFO  f.i.s.r.p.step.paths.ComputeTestDir - /root/workspace/prestodb/presto/360445592/presto-raptor/src/test/java
00:46:08.492 [main] INFO  f.i.s.r.p.step.paths.ComputeTestDir - /root/workspace/prestodb/presto/360445592/presto-rcfile/src/test/java
00:46:08.492 [main] INFO  f.i.s.r.p.step.paths.ComputeTestDir - /root/workspace/prestodb/presto/360445592/presto-record-decoder/src/test/java
00:46:08.492 [main] INFO  f.i.s.r.p.step.paths.ComputeTestDir - /root/workspace/prestodb/presto/360445592/presto-redis/src/test/java
00:46:08.492 [main] INFO  f.i.s.r.p.step.paths.ComputeTestDir - /root/workspace/prestodb/presto/360445592/presto-redshift/src/test/java
00:46:08.492 [main] INFO  f.i.s.r.p.step.paths.ComputeTestDir - /root/workspace/prestodb/presto/360445592/presto-resource-group-managers/src/test/java
00:46:08.492 [main] INFO  f.i.s.r.p.step.paths.ComputeTestDir - /root/workspace/prestodb/presto/360445592/presto-spi/src/test/java
00:46:08.492 [main] INFO  f.i.s.r.p.step.paths.ComputeTestDir - /root/workspace/prestodb/presto/360445592/presto-sqlserver/src/test/java
00:46:08.492 [main] INFO  f.i.s.r.p.step.paths.ComputeTestDir - /root/workspace/prestodb/presto/360445592/presto-teradata-functions/src/test/java
00:46:08.492 [main] INFO  f.i.s.r.p.step.paths.ComputeTestDir - /root/workspace/prestodb/presto/360445592/presto-tests/src/test/java
00:46:08.492 [main] INFO  f.i.s.r.p.step.paths.ComputeTestDir - /root/workspace/prestodb/presto/360445592/presto-thrift-connector-api/src/test/java
00:46:08.492 [main] INFO  f.i.s.r.p.step.paths.ComputeTestDir - /root/workspace/prestodb/presto/360445592/presto-thrift-connector/src/test/java
00:46:08.492 [main] INFO  f.i.s.r.p.step.paths.ComputeTestDir - /root/workspace/prestodb/presto/360445592/presto-thrift-testing-server/src/test/java
00:46:08.492 [main] INFO  f.i.s.r.p.step.paths.ComputeTestDir - /root/workspace/prestodb/presto/360445592/presto-tpcds/src/test/java
00:46:08.492 [main] INFO  f.i.s.r.p.step.paths.ComputeTestDir - /root/workspace/prestodb/presto/360445592/presto-tpch/src/test/java
00:46:08.492 [main] INFO  f.i.s.r.p.step.paths.ComputeTestDir - /root/workspace/prestodb/presto/360445592/presto-verifier/src/test/java
00:46:08.525 [main] DEBUG f.i.s.r.p.step.paths.ComputeTestDir - STEP STATUS: [ ComputeTestDir : SUCCESS ]
00:46:08.525 [main] DEBUG f.i.s.r.p.step.paths.ComputeTestDir - STEP DURATION: 0s
00:46:08.525 [main] DEBUG f.i.s.r.p.step.paths.ComputeTestDir - EXECUTE NEXT STEP
00:46:08.526 [main] DEBUG f.i.s.r.p.s.c.CheckoutBuggyBuildSourceCode - ----------------------------------------------------------------------
00:46:08.526 [main] DEBUG f.i.s.r.p.s.c.CheckoutBuggyBuildSourceCode - STEP 5/22: CheckoutBuggyBuildCandidateSourceCode
00:46:08.526 [main] DEBUG f.i.s.r.p.s.c.CheckoutBuggyBuildSourceCode - ----------------------------------------------------------------------
00:46:08.526 [main] DEBUG f.i.s.r.p.s.c.CheckoutBuggyBuildSourceCode - Checking out the source code of the buggy build candidate...
00:46:08.838 [main] INFO  fr.inria.jtravis.JTravis - GitHub ratelimit: Limit: 5000 Remaining: 4592 Reset hour: 19:37:22
00:46:10.810 [main] DEBUG f.i.s.r.process.git.GitHelper - Commit repairnator files...
00:46:10.810 [main] INFO  f.i.s.r.process.git.GitHelper - There is no repairnator file to commit.
00:46:10.810 [main] DEBUG f.i.s.r.p.s.c.CheckoutBuggyBuildSourceCode - Reproduce the PR for prestodb/presto by fetching remote branch and merging.
00:46:11.303 [main] DEBUG f.i.s.r.process.git.GitHelper - Step CheckoutBuggyBuildCandidateSourceCode - Get the commit 16f4ef052eadd47257615c9246c3130b3925c573 for repo prestodb/presto
00:46:11.503 [main] DEBUG f.i.s.r.process.git.GitHelper - Step CheckoutBuggyBuildCandidateSourceCode - Do the merge with the PR commit for repo prestodb/presto
00:46:11.504 [main] INFO  f.i.s.r.process.git.GitHelper - Init git submodules.
00:46:11.740 [main] INFO  fr.inria.jtravis.JTravis - GitHub ratelimit: Limit: 5000 Remaining: 4585 Reset hour: 19:37:22
00:46:14.185 [main] DEBUG f.i.s.r.process.git.GitHelper - Commit repairnator files...
00:46:14.185 [main] INFO  f.i.s.r.process.git.GitHelper - There is no repairnator file to commit.
00:46:14.185 [main] DEBUG f.i.s.r.p.s.c.CheckoutBuggyBuildSourceCode - Reproduce the PR for prestodb/presto by fetching remote branch and merging.
00:46:14.629 [main] ERROR f.i.s.r.p.s.c.CheckoutBuggyBuildSourceCode - Error while testing commit: org.eclipse.jgit.errors.MissingObjectException: Missing unknown 18eaad78e9a46136e1615fb859a22a6199cecfa6
00:46:14.630 [main] ERROR f.i.s.r.p.s.c.CheckoutBuggyBuildSourceCode - Commit head ref cannot be retrieved from the repository: 18eaad78e9a46136e1615fb859a22a6199cecfa6. Operation aborted.
00:46:14.630 [main] ERROR f.i.s.r.p.s.c.CheckoutBuggyBuildSourceCode - Error while merging two commits to reproduce the PR.
00:46:14.631 [main] DEBUG f.i.s.r.p.s.c.CheckoutBuggyBuildSourceCode - STEP STATUS: [ CheckoutBuggyBuildCandidateSourceCode : FAILURE ( BUILDNOTCHECKEDOUT ) ]
00:46:14.631 [main] DEBUG f.i.s.r.p.s.c.CheckoutBuggyBuildSourceCode - STEP DURATION: 6s
00:46:14.631 [main] DEBUG f.i.s.r.p.s.c.CheckoutBuggyBuildSourceCode - TERMINATE PIPELINE
00:46:14.632 [main] DEBUG f.i.s.r.p.s.c.CheckoutBuggyBuildSourceCode - FINAL STEPS SKIPPED: The reproduction of the bug and/or the patch failed.
00:46:14.632 [main] INFO  f.i.s.r.p.s.c.CheckoutBuggyBuildSourceCode - Serialize all data for the pair of builds 360445592, 361407722
00:46:14.750 [main] INFO  fr.inria.jtravis.JTravis - GitHub ratelimit: Limit: 5000 Remaining: 4578 Reset hour: 19:37:22
00:46:16.032 [main] INFO  f.i.s.r.p.i.ProjectInspector - ----------------------------------------------------------------------
00:46:16.033 [main] INFO  f.i.s.r.p.i.ProjectInspector - PIPELINE EXECUTION SUMMARY
00:46:16.033 [main] INFO  f.i.s.r.p.i.ProjectInspector - ----------------------------------------------------------------------
00:46:16.033 [main] INFO  f.i.s.r.p.i.ProjectInspector - CloneRepository.......................................SUCCESS [ 43 s ]
00:46:16.033 [main] INFO  f.i.s.r.p.i.ProjectInspector - CheckoutPatchedBuildCandidate.........................SUCCESS [  8 s ]
00:46:16.033 [main] INFO  f.i.s.r.p.i.ProjectInspector - ComputeSourceDir......................................SUCCESS [  2 s ]
00:46:16.033 [main] INFO  f.i.s.r.p.i.ProjectInspector - ComputeTestDir........................................SUCCESS [  0 s ]
00:46:16.034 [main] INFO  f.i.s.r.p.i.ProjectInspector - CheckoutBuggyBuildCandidateSourceCode.................FAILURE [  6 s ]
00:46:16.034 [main] INFO  f.i.s.r.p.i.ProjectInspector - BuildProjectBuggyBuildCandidateSourceCode.............NOT RUN         
00:46:16.034 [main] INFO  f.i.s.r.p.i.ProjectInspector - TestProjectBuggyBuildCandidateSourceCode..............NOT RUN         
00:46:16.034 [main] INFO  f.i.s.r.p.i.ProjectInspector - GatherTestInformationBuggyBuildCandidateSourceCode....NOT RUN         
00:46:16.034 [main] INFO  f.i.s.r.p.i.ProjectInspector - CheckoutBuggyBuildTestCode............................NOT RUN         
00:46:16.034 [main] INFO  f.i.s.r.p.i.ProjectInspector - InitRepoToPush........................................NOT RUN         
00:46:16.035 [main] INFO  f.i.s.r.p.i.ProjectInspector - ComputeClasspath......................................NOT RUN         
00:46:16.035 [main] INFO  f.i.s.r.p.i.ProjectInspector - ComputeModules........................................NOT RUN         
00:46:16.035 [main] INFO  f.i.s.r.p.i.ProjectInspector - CheckoutBuggyBuildCandidateSourceCode.................NOT RUN         
00:46:16.035 [main] INFO  f.i.s.r.p.i.ProjectInspector - CommitChangedTests....................................NOT RUN         
00:46:16.035 [main] INFO  f.i.s.r.p.i.ProjectInspector - CheckoutPatchedBuildCandidate.........................NOT RUN         
00:46:16.035 [main] INFO  f.i.s.r.p.i.ProjectInspector - BuildProjectPatchedBuildCandidate.....................NOT RUN         
00:46:16.035 [main] INFO  f.i.s.r.p.i.ProjectInspector - TestProjectPatchedBuildCandidate......................NOT RUN         
00:46:16.036 [main] INFO  f.i.s.r.p.i.ProjectInspector - GatherTestInformationPatchedBuildCandidate............NOT RUN         
00:46:16.036 [main] INFO  f.i.s.r.p.i.ProjectInspector - CommitPatch...........................................NOT RUN         
00:46:16.036 [main] INFO  f.i.s.r.p.i.ProjectInspector - WritePropertyFile.....................................NOT RUN         
00:46:16.036 [main] INFO  f.i.s.r.p.i.ProjectInspector - CommitProcessEnd......................................NOT RUN         
00:46:16.036 [main] INFO  f.i.s.r.p.i.ProjectInspector - PushProcessEnd........................................NOT RUN         
00:46:16.036 [main] INFO  f.i.s.r.p.i.ProjectInspector - ----------------------------------------------------------------------
00:46:16.036 [main] INFO  f.i.s.r.p.i.ProjectInspector - PIPELINE FINDING: BUILDNOTCHECKEDOUT
00:46:16.036 [main] INFO  f.i.s.r.p.i.ProjectInspector - ----------------------------------------------------------------------
00:46:16.036 [main] INFO  f.i.s.repairnator.pipeline.Launcher - Inspector is finished. The process will exit now.
