12:13:25.814 [main] INFO  f.i.s.repairnator.pipeline.Launcher - PIPELINE VERSION: 3.0-2018-08-09 19:04
12:13:26.002 [main] INFO  f.i.s.repairnator.pipeline.Launcher - The pipeline will try to reproduce a bug from build 359767790 and its corresponding patch from build 361532201
12:13:26.003 [main] INFO  f.i.s.repairnator.pipeline.Launcher - Initialize file serializer engines.
12:13:26.005 [main] INFO  f.i.s.repairnator.pipeline.Launcher - MongoDB won't be used for serialization.
12:13:26.005 [main] INFO  f.i.s.repairnator.pipeline.Launcher - The email notifier engine won't be used.
12:13:26.009 [main] INFO  f.i.s.repairnator.pipeline.Launcher - Start by getting the build (buildId: 359767790) with the following config: RepairnatorConfig{runId='c528381b-1d5b-4a22-a74f-ab72178e0533_04-18-week1-PASSING_AND_PASSING', launcherMode=BEARS, serializeJson=true, inputPath='null', outputPath='/var/log', mongodbHost='null', mongodbName='repairnator', smtpServer='null', notifyTo=[], notifyEndProcess=false, push=true, pushRemoteRepo='https://github.com/fermadeiral/bears-collection-pp', fork=false, lookFromDate=null, lookToDate=null, buildId=359767790, z3solverPath='./z3_for_linux', workspacePath='./workspace', githubToken='c8a341a903[...]', dockerImageName='null', skipDelete=false, createOutputDir=false, logDirectory='null', nbThreads=0, globalTimeout=0, whiteList=null, blackList=null, jobSleepTime=0, buildSleepTime=0, maxInspectedBuilds=0, duration=null, humanPatch=false, repository='null', clean=true, bearsMode=BOTH, bearsDelimiter = false, repairTools=NopolAllTests,NPEFix,AssertFixer,AstorJGenProg,AstorJKali,NopolSingleTest,AstorJMut,NopolTestExclusionStrategy, githubUserName= fermadeiral, githubUserEmail=fer.madeiral@gmail.com}
12:13:27.290 [main] DEBUG fr.inria.jtravis.helpers.BuildHelper - Get request to :https://api.travis-ci.org/build/359767790 done after 772 ms
12:13:27.509 [main] DEBUG fr.inria.jtravis.helpers.BuildHelper - Get request to :https://api.travis-ci.org/build/361532201 done after 125 ms
12:13:27.518 [main] INFO  f.i.s.repairnator.pipeline.Launcher - The patched build (361532201) was successfully retrieved from Travis.
12:13:28.725 [main] INFO  fr.inria.jtravis.JTravis - GitHub ratelimit: Limit: 5000 Remaining: 3986 Reset hour: 19:38:04
12:13:29.254 [main] INFO  f.i.s.r.p.i.ProjectInspector - ----------------------------------------------------------------------
12:13:29.255 [main] INFO  f.i.s.r.p.i.ProjectInspector - PIPELINE STEPS
12:13:29.255 [main] INFO  f.i.s.r.p.i.ProjectInspector - ----------------------------------------------------------------------
12:13:29.255 [main] INFO  f.i.s.r.p.i.ProjectInspector - CloneRepository
12:13:29.255 [main] INFO  f.i.s.r.p.i.ProjectInspector - CheckoutPatchedBuildCandidate
12:13:29.255 [main] INFO  f.i.s.r.p.i.ProjectInspector - ComputeSourceDir
12:13:29.255 [main] INFO  f.i.s.r.p.i.ProjectInspector - ComputeTestDir
12:13:29.256 [main] INFO  f.i.s.r.p.i.ProjectInspector - CheckoutBuggyBuildCandidateSourceCode
12:13:29.256 [main] INFO  f.i.s.r.p.i.ProjectInspector - BuildProjectBuggyBuildCandidateSourceCode
12:13:29.256 [main] INFO  f.i.s.r.p.i.ProjectInspector - TestProjectBuggyBuildCandidateSourceCode
12:13:29.256 [main] INFO  f.i.s.r.p.i.ProjectInspector - GatherTestInformationBuggyBuildCandidateSourceCode
12:13:29.257 [main] INFO  f.i.s.r.p.i.ProjectInspector - CheckoutBuggyBuildTestCode
12:13:29.257 [main] INFO  f.i.s.r.p.i.ProjectInspector - InitRepoToPush
12:13:29.266 [main] INFO  f.i.s.r.p.i.ProjectInspector - ComputeClasspath
12:13:29.266 [main] INFO  f.i.s.r.p.i.ProjectInspector - ComputeModules
12:13:29.266 [main] INFO  f.i.s.r.p.i.ProjectInspector - CheckoutBuggyBuildCandidateSourceCode
12:13:29.266 [main] INFO  f.i.s.r.p.i.ProjectInspector - CommitChangedTests
12:13:29.266 [main] INFO  f.i.s.r.p.i.ProjectInspector - CheckoutPatchedBuildCandidate
12:13:29.267 [main] INFO  f.i.s.r.p.i.ProjectInspector - BuildProjectPatchedBuildCandidate
12:13:29.267 [main] INFO  f.i.s.r.p.i.ProjectInspector - TestProjectPatchedBuildCandidate
12:13:29.267 [main] INFO  f.i.s.r.p.i.ProjectInspector - GatherTestInformationPatchedBuildCandidate
12:13:29.267 [main] INFO  f.i.s.r.p.i.ProjectInspector - CommitPatch
12:13:29.267 [main] INFO  f.i.s.r.p.i.ProjectInspector - WritePropertyFile
12:13:29.267 [main] INFO  f.i.s.r.p.i.ProjectInspector - CommitProcessEnd
12:13:29.267 [main] INFO  f.i.s.r.p.i.ProjectInspector - PushProcessEnd
12:13:29.268 [main] DEBUG f.i.s.r.process.step.CloneRepository - ----------------------------------------------------------------------
12:13:29.268 [main] DEBUG f.i.s.r.process.step.CloneRepository - STEP 1/22: CloneRepository
12:13:29.268 [main] DEBUG f.i.s.r.process.step.CloneRepository - ----------------------------------------------------------------------
12:13:29.268 [main] DEBUG f.i.s.r.process.step.CloneRepository - Cloning repository MyCoRe-Org/mycore in the following directory: ./workspace/MyCoRe-Org/mycore/359767790
12:14:42.504 [main] DEBUG f.i.s.r.process.step.CloneRepository - STEP STATUS: [ CloneRepository : SUCCESS ]
12:14:42.505 [main] DEBUG f.i.s.r.process.step.CloneRepository - STEP DURATION: 73s
12:14:42.505 [main] DEBUG f.i.s.r.process.step.CloneRepository - EXECUTE NEXT STEP
12:14:42.505 [main] DEBUG f.i.s.r.p.s.c.CheckoutPatchedBuild - ----------------------------------------------------------------------
12:14:42.506 [main] DEBUG f.i.s.r.p.s.c.CheckoutPatchedBuild - STEP 2/22: CheckoutPatchedBuildCandidate
12:14:42.506 [main] DEBUG f.i.s.r.p.s.c.CheckoutPatchedBuild - ----------------------------------------------------------------------
12:14:42.506 [main] DEBUG f.i.s.r.p.s.c.CheckoutPatchedBuild - Checking out patched build candidate...
12:14:42.821 [main] INFO  fr.inria.jtravis.JTravis - GitHub ratelimit: Limit: 5000 Remaining: 3969 Reset hour: 19:38:04
12:14:44.924 [main] DEBUG f.i.s.r.p.s.c.CheckoutPatchedBuild - Reproduce the PR for MyCoRe-Org/mycore by fetching remote branch and merging.
12:14:45.196 [main] ERROR f.i.s.r.p.s.c.CheckoutPatchedBuild - Error while testing commit: org.eclipse.jgit.errors.MissingObjectException: Missing unknown ac810d3be4f8c773314506ea4da89146778d31a9
12:14:45.198 [main] ERROR f.i.s.r.p.s.c.CheckoutPatchedBuild - Commit head ref cannot be retrieved from the repository: ac810d3be4f8c773314506ea4da89146778d31a9. Operation aborted.
12:14:45.199 [main] ERROR f.i.s.r.p.s.c.CheckoutPatchedBuild - Error while merging two commits to reproduce the PR.
12:14:45.200 [main] DEBUG f.i.s.r.p.s.c.CheckoutPatchedBuild - STEP STATUS: [ CheckoutPatchedBuildCandidate : FAILURE ( BUILDNOTCHECKEDOUT ) ]
12:14:45.201 [main] DEBUG f.i.s.r.p.s.c.CheckoutPatchedBuild - STEP DURATION: 2s
12:14:45.201 [main] DEBUG f.i.s.r.p.s.c.CheckoutPatchedBuild - TERMINATE PIPELINE
12:14:45.202 [main] DEBUG f.i.s.r.p.s.c.CheckoutPatchedBuild - FINAL STEPS SKIPPED: The reproduction of the bug and/or the patch failed.
12:14:45.202 [main] INFO  f.i.s.r.p.s.c.CheckoutPatchedBuild - Serialize all data for the pair of builds 359767790, 361532201
12:14:45.322 [main] INFO  fr.inria.jtravis.JTravis - GitHub ratelimit: Limit: 5000 Remaining: 3952 Reset hour: 19:38:04
12:14:46.156 [main] INFO  f.i.s.r.p.i.ProjectInspector - ----------------------------------------------------------------------
12:14:46.156 [main] INFO  f.i.s.r.p.i.ProjectInspector - PIPELINE EXECUTION SUMMARY
12:14:46.157 [main] INFO  f.i.s.r.p.i.ProjectInspector - ----------------------------------------------------------------------
12:14:46.157 [main] INFO  f.i.s.r.p.i.ProjectInspector - CloneRepository.......................................SUCCESS [ 73 s ]
12:14:46.157 [main] INFO  f.i.s.r.p.i.ProjectInspector - CheckoutPatchedBuildCandidate.........................FAILURE [  2 s ]
12:14:46.157 [main] INFO  f.i.s.r.p.i.ProjectInspector - ComputeSourceDir......................................NOT RUN         
12:14:46.158 [main] INFO  f.i.s.r.p.i.ProjectInspector - ComputeTestDir........................................NOT RUN         
12:14:46.158 [main] INFO  f.i.s.r.p.i.ProjectInspector - CheckoutBuggyBuildCandidateSourceCode.................NOT RUN         
12:14:46.158 [main] INFO  f.i.s.r.p.i.ProjectInspector - BuildProjectBuggyBuildCandidateSourceCode.............NOT RUN         
12:14:46.158 [main] INFO  f.i.s.r.p.i.ProjectInspector - TestProjectBuggyBuildCandidateSourceCode..............NOT RUN         
12:14:46.158 [main] INFO  f.i.s.r.p.i.ProjectInspector - GatherTestInformationBuggyBuildCandidateSourceCode....NOT RUN         
12:14:46.158 [main] INFO  f.i.s.r.p.i.ProjectInspector - CheckoutBuggyBuildTestCode............................NOT RUN         
12:14:46.159 [main] INFO  f.i.s.r.p.i.ProjectInspector - InitRepoToPush........................................NOT RUN         
12:14:46.159 [main] INFO  f.i.s.r.p.i.ProjectInspector - ComputeClasspath......................................NOT RUN         
12:14:46.159 [main] INFO  f.i.s.r.p.i.ProjectInspector - ComputeModules........................................NOT RUN         
12:14:46.159 [main] INFO  f.i.s.r.p.i.ProjectInspector - CheckoutBuggyBuildCandidateSourceCode.................NOT RUN         
12:14:46.159 [main] INFO  f.i.s.r.p.i.ProjectInspector - CommitChangedTests....................................NOT RUN         
12:14:46.160 [main] INFO  f.i.s.r.p.i.ProjectInspector - CheckoutPatchedBuildCandidate.........................NOT RUN         
12:14:46.160 [main] INFO  f.i.s.r.p.i.ProjectInspector - BuildProjectPatchedBuildCandidate.....................NOT RUN         
12:14:46.160 [main] INFO  f.i.s.r.p.i.ProjectInspector - TestProjectPatchedBuildCandidate......................NOT RUN         
12:14:46.160 [main] INFO  f.i.s.r.p.i.ProjectInspector - GatherTestInformationPatchedBuildCandidate............NOT RUN         
12:14:46.160 [main] INFO  f.i.s.r.p.i.ProjectInspector - CommitPatch...........................................NOT RUN         
12:14:46.160 [main] INFO  f.i.s.r.p.i.ProjectInspector - WritePropertyFile.....................................NOT RUN         
12:14:46.160 [main] INFO  f.i.s.r.p.i.ProjectInspector - CommitProcessEnd......................................NOT RUN         
12:14:46.161 [main] INFO  f.i.s.r.p.i.ProjectInspector - PushProcessEnd........................................NOT RUN         
12:14:46.161 [main] INFO  f.i.s.r.p.i.ProjectInspector - ----------------------------------------------------------------------
12:14:46.161 [main] INFO  f.i.s.r.p.i.ProjectInspector - PIPELINE FINDING: BUILDNOTCHECKEDOUT
12:14:46.161 [main] INFO  f.i.s.r.p.i.ProjectInspector - ----------------------------------------------------------------------
12:14:46.161 [main] INFO  f.i.s.repairnator.pipeline.Launcher - Inspector is finished. The process will exit now.
