11:50:06.360 [main] INFO  f.i.s.repairnator.pipeline.Launcher - PIPELINE VERSION: 3.0-2018-08-09 19:04
11:50:06.616 [main] INFO  f.i.s.repairnator.pipeline.Launcher - The pipeline will try to reproduce a bug from build 361734743 and its corresponding patch from build 362806706
11:50:06.617 [main] INFO  f.i.s.repairnator.pipeline.Launcher - Initialize file serializer engines.
11:50:06.618 [main] INFO  f.i.s.repairnator.pipeline.Launcher - MongoDB won't be used for serialization.
11:50:06.619 [main] INFO  f.i.s.repairnator.pipeline.Launcher - The email notifier engine won't be used.
11:50:06.622 [main] INFO  f.i.s.repairnator.pipeline.Launcher - Start by getting the build (buildId: 361734743) with the following config: RepairnatorConfig{runId='c528381b-1d5b-4a22-a74f-ab72178e0533_04-18-week1-PASSING_AND_PASSING', launcherMode=BEARS, serializeJson=true, inputPath='null', outputPath='/var/log', mongodbHost='null', mongodbName='repairnator', smtpServer='null', notifyTo=[], notifyEndProcess=false, push=true, pushRemoteRepo='https://github.com/fermadeiral/bears-collection-pp', fork=false, lookFromDate=null, lookToDate=null, buildId=361734743, z3solverPath='./z3_for_linux', workspacePath='./workspace', githubToken='c8a341a903[...]', dockerImageName='null', skipDelete=false, createOutputDir=false, logDirectory='null', nbThreads=0, globalTimeout=0, whiteList=null, blackList=null, jobSleepTime=0, buildSleepTime=0, maxInspectedBuilds=0, duration=null, humanPatch=false, repository='null', clean=true, bearsMode=BOTH, bearsDelimiter = false, repairTools=NopolAllTests,NPEFix,AssertFixer,AstorJGenProg,AstorJKali,NopolSingleTest,AstorJMut,NopolTestExclusionStrategy, githubUserName= fermadeiral, githubUserEmail=fer.madeiral@gmail.com}
11:50:08.113 [main] DEBUG fr.inria.jtravis.helpers.BuildHelper - Get request to :https://api.travis-ci.org/build/361734743 done after 856 ms
11:50:08.338 [main] DEBUG fr.inria.jtravis.helpers.BuildHelper - Get request to :https://api.travis-ci.org/build/362806706 done after 134 ms
11:50:08.348 [main] INFO  f.i.s.repairnator.pipeline.Launcher - The patched build (362806706) was successfully retrieved from Travis.
11:50:09.480 [main] INFO  fr.inria.jtravis.JTravis - GitHub ratelimit: Limit: 5000 Remaining: 4766 Reset hour: 19:38:04
11:50:09.725 [main] INFO  f.i.s.r.p.i.ProjectInspector - ----------------------------------------------------------------------
11:50:09.725 [main] INFO  f.i.s.r.p.i.ProjectInspector - PIPELINE STEPS
11:50:09.725 [main] INFO  f.i.s.r.p.i.ProjectInspector - ----------------------------------------------------------------------
11:50:09.725 [main] INFO  f.i.s.r.p.i.ProjectInspector - CloneRepository
11:50:09.725 [main] INFO  f.i.s.r.p.i.ProjectInspector - CheckoutPatchedBuildCandidate
11:50:09.726 [main] INFO  f.i.s.r.p.i.ProjectInspector - ComputeSourceDir
11:50:09.726 [main] INFO  f.i.s.r.p.i.ProjectInspector - ComputeTestDir
11:50:09.726 [main] INFO  f.i.s.r.p.i.ProjectInspector - CheckoutBuggyBuildCandidateSourceCode
11:50:09.726 [main] INFO  f.i.s.r.p.i.ProjectInspector - BuildProjectBuggyBuildCandidateSourceCode
11:50:09.726 [main] INFO  f.i.s.r.p.i.ProjectInspector - TestProjectBuggyBuildCandidateSourceCode
11:50:09.726 [main] INFO  f.i.s.r.p.i.ProjectInspector - GatherTestInformationBuggyBuildCandidateSourceCode
11:50:09.726 [main] INFO  f.i.s.r.p.i.ProjectInspector - CheckoutBuggyBuildTestCode
11:50:09.726 [main] INFO  f.i.s.r.p.i.ProjectInspector - InitRepoToPush
11:50:09.727 [main] INFO  f.i.s.r.p.i.ProjectInspector - ComputeClasspath
11:50:09.727 [main] INFO  f.i.s.r.p.i.ProjectInspector - ComputeModules
11:50:09.727 [main] INFO  f.i.s.r.p.i.ProjectInspector - CheckoutBuggyBuildCandidateSourceCode
11:50:09.727 [main] INFO  f.i.s.r.p.i.ProjectInspector - CommitChangedTests
11:50:09.727 [main] INFO  f.i.s.r.p.i.ProjectInspector - CheckoutPatchedBuildCandidate
11:50:09.727 [main] INFO  f.i.s.r.p.i.ProjectInspector - BuildProjectPatchedBuildCandidate
11:50:09.727 [main] INFO  f.i.s.r.p.i.ProjectInspector - TestProjectPatchedBuildCandidate
11:50:09.727 [main] INFO  f.i.s.r.p.i.ProjectInspector - GatherTestInformationPatchedBuildCandidate
11:50:09.728 [main] INFO  f.i.s.r.p.i.ProjectInspector - CommitPatch
11:50:09.728 [main] INFO  f.i.s.r.p.i.ProjectInspector - WritePropertyFile
11:50:09.728 [main] INFO  f.i.s.r.p.i.ProjectInspector - CommitProcessEnd
11:50:09.728 [main] INFO  f.i.s.r.p.i.ProjectInspector - PushProcessEnd
11:50:09.728 [main] DEBUG f.i.s.r.process.step.CloneRepository - ----------------------------------------------------------------------
11:50:09.728 [main] DEBUG f.i.s.r.process.step.CloneRepository - STEP 1/22: CloneRepository
11:50:09.729 [main] DEBUG f.i.s.r.process.step.CloneRepository - ----------------------------------------------------------------------
11:50:09.729 [main] DEBUG f.i.s.r.process.step.CloneRepository - Cloning repository spring-cloud/spring-cloud-gcp in the following directory: ./workspace/spring-cloud/spring-cloud-gcp/361734743
11:50:14.807 [main] DEBUG f.i.s.r.process.step.CloneRepository - STEP STATUS: [ CloneRepository : SUCCESS ]
11:50:14.807 [main] DEBUG f.i.s.r.process.step.CloneRepository - STEP DURATION: 5s
11:50:14.807 [main] DEBUG f.i.s.r.process.step.CloneRepository - EXECUTE NEXT STEP
11:50:14.808 [main] DEBUG f.i.s.r.p.s.c.CheckoutPatchedBuild - ----------------------------------------------------------------------
11:50:14.808 [main] DEBUG f.i.s.r.p.s.c.CheckoutPatchedBuild - STEP 2/22: CheckoutPatchedBuildCandidate
11:50:14.808 [main] DEBUG f.i.s.r.p.s.c.CheckoutPatchedBuild - ----------------------------------------------------------------------
11:50:14.808 [main] DEBUG f.i.s.r.p.s.c.CheckoutPatchedBuild - Checking out patched build candidate...
11:50:15.172 [main] INFO  fr.inria.jtravis.JTravis - GitHub ratelimit: Limit: 5000 Remaining: 4765 Reset hour: 19:38:04
11:50:17.010 [main] DEBUG f.i.s.r.p.s.c.CheckoutPatchedBuild - Reproduce the PR for spring-cloud/spring-cloud-gcp by fetching remote branch and merging.
11:50:17.204 [main] ERROR f.i.s.r.p.s.c.CheckoutPatchedBuild - Error while testing commit: org.eclipse.jgit.errors.MissingObjectException: Missing unknown 19f4568a9cea557387fa978f43a396718989652b
11:50:17.205 [main] ERROR f.i.s.r.p.s.c.CheckoutPatchedBuild - Commit head ref cannot be retrieved from the repository: 19f4568a9cea557387fa978f43a396718989652b. Operation aborted.
11:50:17.206 [main] ERROR f.i.s.r.p.s.c.CheckoutPatchedBuild - Error while merging two commits to reproduce the PR.
11:50:17.207 [main] DEBUG f.i.s.r.p.s.c.CheckoutPatchedBuild - STEP STATUS: [ CheckoutPatchedBuildCandidate : FAILURE ( BUILDNOTCHECKEDOUT ) ]
11:50:17.207 [main] DEBUG f.i.s.r.p.s.c.CheckoutPatchedBuild - STEP DURATION: 2s
11:50:17.207 [main] DEBUG f.i.s.r.p.s.c.CheckoutPatchedBuild - TERMINATE PIPELINE
11:50:17.207 [main] DEBUG f.i.s.r.p.s.c.CheckoutPatchedBuild - FINAL STEPS SKIPPED: The reproduction of the bug and/or the patch failed.
11:50:17.208 [main] INFO  f.i.s.r.p.s.c.CheckoutPatchedBuild - Serialize all data for the pair of builds 361734743, 362806706
11:50:17.330 [main] INFO  fr.inria.jtravis.JTravis - GitHub ratelimit: Limit: 5000 Remaining: 4758 Reset hour: 19:38:04
11:50:17.808 [main] INFO  f.i.s.r.p.i.ProjectInspector - ----------------------------------------------------------------------
11:50:17.809 [main] INFO  f.i.s.r.p.i.ProjectInspector - PIPELINE EXECUTION SUMMARY
11:50:17.809 [main] INFO  f.i.s.r.p.i.ProjectInspector - ----------------------------------------------------------------------
11:50:17.810 [main] INFO  f.i.s.r.p.i.ProjectInspector - CloneRepository........................................SUCCESS [ 5 s ]
11:50:17.810 [main] INFO  f.i.s.r.p.i.ProjectInspector - CheckoutPatchedBuildCandidate..........................FAILURE [ 2 s ]
11:50:17.810 [main] INFO  f.i.s.r.p.i.ProjectInspector - ComputeSourceDir.......................................NOT RUN        
11:50:17.811 [main] INFO  f.i.s.r.p.i.ProjectInspector - ComputeTestDir.........................................NOT RUN        
11:50:17.811 [main] INFO  f.i.s.r.p.i.ProjectInspector - CheckoutBuggyBuildCandidateSourceCode..................NOT RUN        
11:50:17.811 [main] INFO  f.i.s.r.p.i.ProjectInspector - BuildProjectBuggyBuildCandidateSourceCode..............NOT RUN        
11:50:17.812 [main] INFO  f.i.s.r.p.i.ProjectInspector - TestProjectBuggyBuildCandidateSourceCode...............NOT RUN        
11:50:17.812 [main] INFO  f.i.s.r.p.i.ProjectInspector - GatherTestInformationBuggyBuildCandidateSourceCode.....NOT RUN        
11:50:17.812 [main] INFO  f.i.s.r.p.i.ProjectInspector - CheckoutBuggyBuildTestCode.............................NOT RUN        
11:50:17.812 [main] INFO  f.i.s.r.p.i.ProjectInspector - InitRepoToPush.........................................NOT RUN        
11:50:17.813 [main] INFO  f.i.s.r.p.i.ProjectInspector - ComputeClasspath.......................................NOT RUN        
11:50:17.813 [main] INFO  f.i.s.r.p.i.ProjectInspector - ComputeModules.........................................NOT RUN        
11:50:17.813 [main] INFO  f.i.s.r.p.i.ProjectInspector - CheckoutBuggyBuildCandidateSourceCode..................NOT RUN        
11:50:17.814 [main] INFO  f.i.s.r.p.i.ProjectInspector - CommitChangedTests.....................................NOT RUN        
11:50:17.814 [main] INFO  f.i.s.r.p.i.ProjectInspector - CheckoutPatchedBuildCandidate..........................NOT RUN        
11:50:17.814 [main] INFO  f.i.s.r.p.i.ProjectInspector - BuildProjectPatchedBuildCandidate......................NOT RUN        
11:50:17.814 [main] INFO  f.i.s.r.p.i.ProjectInspector - TestProjectPatchedBuildCandidate.......................NOT RUN        
11:50:17.815 [main] INFO  f.i.s.r.p.i.ProjectInspector - GatherTestInformationPatchedBuildCandidate.............NOT RUN        
11:50:17.815 [main] INFO  f.i.s.r.p.i.ProjectInspector - CommitPatch............................................NOT RUN        
11:50:17.815 [main] INFO  f.i.s.r.p.i.ProjectInspector - WritePropertyFile......................................NOT RUN        
11:50:17.816 [main] INFO  f.i.s.r.p.i.ProjectInspector - CommitProcessEnd.......................................NOT RUN        
11:50:17.816 [main] INFO  f.i.s.r.p.i.ProjectInspector - PushProcessEnd.........................................NOT RUN        
11:50:17.816 [main] INFO  f.i.s.r.p.i.ProjectInspector - ----------------------------------------------------------------------
11:50:17.817 [main] INFO  f.i.s.r.p.i.ProjectInspector - PIPELINE FINDING: BUILDNOTCHECKEDOUT
11:50:17.817 [main] INFO  f.i.s.r.p.i.ProjectInspector - ----------------------------------------------------------------------
11:50:17.817 [main] INFO  f.i.s.repairnator.pipeline.Launcher - Inspector is finished. The process will exit now.
