11:53:41.976 [main] INFO  f.i.s.repairnator.pipeline.Launcher - PIPELINE VERSION: 3.0-2018-08-09 19:04
11:53:42.150 [main] INFO  f.i.s.repairnator.pipeline.Launcher - The pipeline will try to reproduce a bug from build 361279168 and its corresponding patch from build 361300967
11:53:42.150 [main] INFO  f.i.s.repairnator.pipeline.Launcher - Initialize file serializer engines.
11:53:42.152 [main] INFO  f.i.s.repairnator.pipeline.Launcher - MongoDB won't be used for serialization.
11:53:42.153 [main] INFO  f.i.s.repairnator.pipeline.Launcher - The email notifier engine won't be used.
11:53:42.157 [main] INFO  f.i.s.repairnator.pipeline.Launcher - Start by getting the build (buildId: 361279168) with the following config: RepairnatorConfig{runId='c528381b-1d5b-4a22-a74f-ab72178e0533_04-18-week1-PASSING_AND_PASSING', launcherMode=BEARS, serializeJson=true, inputPath='null', outputPath='/var/log', mongodbHost='null', mongodbName='repairnator', smtpServer='null', notifyTo=[], notifyEndProcess=false, push=true, pushRemoteRepo='https://github.com/fermadeiral/bears-collection-pp', fork=false, lookFromDate=null, lookToDate=null, buildId=361279168, z3solverPath='./z3_for_linux', workspacePath='./workspace', githubToken='c8a341a903[...]', dockerImageName='null', skipDelete=false, createOutputDir=false, logDirectory='null', nbThreads=0, globalTimeout=0, whiteList=null, blackList=null, jobSleepTime=0, buildSleepTime=0, maxInspectedBuilds=0, duration=null, humanPatch=false, repository='null', clean=true, bearsMode=BOTH, bearsDelimiter = false, repairTools=NopolAllTests,NPEFix,AssertFixer,AstorJGenProg,AstorJKali,NopolSingleTest,AstorJMut,NopolTestExclusionStrategy, githubUserName= fermadeiral, githubUserEmail=fer.madeiral@gmail.com}
11:53:43.536 [main] DEBUG fr.inria.jtravis.helpers.BuildHelper - Get request to :https://api.travis-ci.org/build/361279168 done after 880 ms
11:53:43.819 [main] DEBUG fr.inria.jtravis.helpers.BuildHelper - Get request to :https://api.travis-ci.org/build/361300967 done after 140 ms
11:53:43.838 [main] INFO  f.i.s.repairnator.pipeline.Launcher - The patched build (361300967) was successfully retrieved from Travis.
11:53:45.240 [main] INFO  fr.inria.jtravis.JTravis - GitHub ratelimit: Limit: 5000 Remaining: 4619 Reset hour: 19:38:04
11:53:45.491 [main] INFO  f.i.s.r.p.i.ProjectInspector - ----------------------------------------------------------------------
11:53:45.492 [main] INFO  f.i.s.r.p.i.ProjectInspector - PIPELINE STEPS
11:53:45.492 [main] INFO  f.i.s.r.p.i.ProjectInspector - ----------------------------------------------------------------------
11:53:45.492 [main] INFO  f.i.s.r.p.i.ProjectInspector - CloneRepository
11:53:45.492 [main] INFO  f.i.s.r.p.i.ProjectInspector - CheckoutPatchedBuildCandidate
11:53:45.492 [main] INFO  f.i.s.r.p.i.ProjectInspector - ComputeSourceDir
11:53:45.493 [main] INFO  f.i.s.r.p.i.ProjectInspector - ComputeTestDir
11:53:45.493 [main] INFO  f.i.s.r.p.i.ProjectInspector - CheckoutBuggyBuildCandidateSourceCode
11:53:45.493 [main] INFO  f.i.s.r.p.i.ProjectInspector - BuildProjectBuggyBuildCandidateSourceCode
11:53:45.493 [main] INFO  f.i.s.r.p.i.ProjectInspector - TestProjectBuggyBuildCandidateSourceCode
11:53:45.493 [main] INFO  f.i.s.r.p.i.ProjectInspector - GatherTestInformationBuggyBuildCandidateSourceCode
11:53:45.493 [main] INFO  f.i.s.r.p.i.ProjectInspector - CheckoutBuggyBuildTestCode
11:53:45.494 [main] INFO  f.i.s.r.p.i.ProjectInspector - InitRepoToPush
11:53:45.494 [main] INFO  f.i.s.r.p.i.ProjectInspector - ComputeClasspath
11:53:45.494 [main] INFO  f.i.s.r.p.i.ProjectInspector - ComputeModules
11:53:45.494 [main] INFO  f.i.s.r.p.i.ProjectInspector - CheckoutBuggyBuildCandidateSourceCode
11:53:45.494 [main] INFO  f.i.s.r.p.i.ProjectInspector - CommitChangedTests
11:53:45.495 [main] INFO  f.i.s.r.p.i.ProjectInspector - CheckoutPatchedBuildCandidate
11:53:45.495 [main] INFO  f.i.s.r.p.i.ProjectInspector - BuildProjectPatchedBuildCandidate
11:53:45.495 [main] INFO  f.i.s.r.p.i.ProjectInspector - TestProjectPatchedBuildCandidate
11:53:45.495 [main] INFO  f.i.s.r.p.i.ProjectInspector - GatherTestInformationPatchedBuildCandidate
11:53:45.495 [main] INFO  f.i.s.r.p.i.ProjectInspector - CommitPatch
11:53:45.496 [main] INFO  f.i.s.r.p.i.ProjectInspector - WritePropertyFile
11:53:45.496 [main] INFO  f.i.s.r.p.i.ProjectInspector - CommitProcessEnd
11:53:45.497 [main] INFO  f.i.s.r.p.i.ProjectInspector - PushProcessEnd
11:53:45.497 [main] DEBUG f.i.s.r.process.step.CloneRepository - ----------------------------------------------------------------------
11:53:45.498 [main] DEBUG f.i.s.r.process.step.CloneRepository - STEP 1/22: CloneRepository
11:53:45.498 [main] DEBUG f.i.s.r.process.step.CloneRepository - ----------------------------------------------------------------------
11:53:45.498 [main] DEBUG f.i.s.r.process.step.CloneRepository - Cloning repository spring-cloud/spring-cloud-gcp in the following directory: ./workspace/spring-cloud/spring-cloud-gcp/361279168
11:53:50.114 [main] DEBUG f.i.s.r.process.step.CloneRepository - STEP STATUS: [ CloneRepository : SUCCESS ]
11:53:50.114 [main] DEBUG f.i.s.r.process.step.CloneRepository - STEP DURATION: 4s
11:53:50.114 [main] DEBUG f.i.s.r.process.step.CloneRepository - EXECUTE NEXT STEP
11:53:50.115 [main] DEBUG f.i.s.r.p.s.c.CheckoutPatchedBuild - ----------------------------------------------------------------------
11:53:50.115 [main] DEBUG f.i.s.r.p.s.c.CheckoutPatchedBuild - STEP 2/22: CheckoutPatchedBuildCandidate
11:53:50.115 [main] DEBUG f.i.s.r.p.s.c.CheckoutPatchedBuild - ----------------------------------------------------------------------
11:53:50.116 [main] DEBUG f.i.s.r.p.s.c.CheckoutPatchedBuild - Checking out patched build candidate...
11:53:50.244 [main] INFO  fr.inria.jtravis.JTravis - GitHub ratelimit: Limit: 5000 Remaining: 4618 Reset hour: 19:38:04
11:53:52.178 [main] DEBUG f.i.s.r.p.s.c.CheckoutPatchedBuild - Reproduce the PR for spring-cloud/spring-cloud-gcp by fetching remote branch and merging.
11:53:52.396 [main] ERROR f.i.s.r.p.s.c.CheckoutPatchedBuild - Error while testing commit: org.eclipse.jgit.errors.MissingObjectException: Missing unknown f2225205e1d20a63f1776c71b916d86e63a4abcb
11:53:52.398 [main] ERROR f.i.s.r.p.s.c.CheckoutPatchedBuild - Commit head ref cannot be retrieved from the repository: f2225205e1d20a63f1776c71b916d86e63a4abcb. Operation aborted.
11:53:52.398 [main] ERROR f.i.s.r.p.s.c.CheckoutPatchedBuild - Error while merging two commits to reproduce the PR.
11:53:52.399 [main] DEBUG f.i.s.r.p.s.c.CheckoutPatchedBuild - STEP STATUS: [ CheckoutPatchedBuildCandidate : FAILURE ( BUILDNOTCHECKEDOUT ) ]
11:53:52.400 [main] DEBUG f.i.s.r.p.s.c.CheckoutPatchedBuild - STEP DURATION: 2s
11:53:52.401 [main] DEBUG f.i.s.r.p.s.c.CheckoutPatchedBuild - TERMINATE PIPELINE
11:53:52.402 [main] DEBUG f.i.s.r.p.s.c.CheckoutPatchedBuild - FINAL STEPS SKIPPED: The reproduction of the bug and/or the patch failed.
11:53:52.402 [main] INFO  f.i.s.r.p.s.c.CheckoutPatchedBuild - Serialize all data for the pair of builds 361279168, 361300967
11:53:52.526 [main] INFO  fr.inria.jtravis.JTravis - GitHub ratelimit: Limit: 5000 Remaining: 4611 Reset hour: 19:38:04
11:53:53.061 [main] INFO  f.i.s.r.p.i.ProjectInspector - ----------------------------------------------------------------------
11:53:53.061 [main] INFO  f.i.s.r.p.i.ProjectInspector - PIPELINE EXECUTION SUMMARY
11:53:53.061 [main] INFO  f.i.s.r.p.i.ProjectInspector - ----------------------------------------------------------------------
11:53:53.062 [main] INFO  f.i.s.r.p.i.ProjectInspector - CloneRepository........................................SUCCESS [ 4 s ]
11:53:53.062 [main] INFO  f.i.s.r.p.i.ProjectInspector - CheckoutPatchedBuildCandidate..........................FAILURE [ 2 s ]
11:53:53.062 [main] INFO  f.i.s.r.p.i.ProjectInspector - ComputeSourceDir.......................................NOT RUN        
11:53:53.063 [main] INFO  f.i.s.r.p.i.ProjectInspector - ComputeTestDir.........................................NOT RUN        
11:53:53.063 [main] INFO  f.i.s.r.p.i.ProjectInspector - CheckoutBuggyBuildCandidateSourceCode..................NOT RUN        
11:53:53.063 [main] INFO  f.i.s.r.p.i.ProjectInspector - BuildProjectBuggyBuildCandidateSourceCode..............NOT RUN        
11:53:53.064 [main] INFO  f.i.s.r.p.i.ProjectInspector - TestProjectBuggyBuildCandidateSourceCode...............NOT RUN        
11:53:53.064 [main] INFO  f.i.s.r.p.i.ProjectInspector - GatherTestInformationBuggyBuildCandidateSourceCode.....NOT RUN        
11:53:53.064 [main] INFO  f.i.s.r.p.i.ProjectInspector - CheckoutBuggyBuildTestCode.............................NOT RUN        
11:53:53.064 [main] INFO  f.i.s.r.p.i.ProjectInspector - InitRepoToPush.........................................NOT RUN        
11:53:53.064 [main] INFO  f.i.s.r.p.i.ProjectInspector - ComputeClasspath.......................................NOT RUN        
11:53:53.065 [main] INFO  f.i.s.r.p.i.ProjectInspector - ComputeModules.........................................NOT RUN        
11:53:53.065 [main] INFO  f.i.s.r.p.i.ProjectInspector - CheckoutBuggyBuildCandidateSourceCode..................NOT RUN        
11:53:53.065 [main] INFO  f.i.s.r.p.i.ProjectInspector - CommitChangedTests.....................................NOT RUN        
11:53:53.065 [main] INFO  f.i.s.r.p.i.ProjectInspector - CheckoutPatchedBuildCandidate..........................NOT RUN        
11:53:53.066 [main] INFO  f.i.s.r.p.i.ProjectInspector - BuildProjectPatchedBuildCandidate......................NOT RUN        
11:53:53.066 [main] INFO  f.i.s.r.p.i.ProjectInspector - TestProjectPatchedBuildCandidate.......................NOT RUN        
11:53:53.066 [main] INFO  f.i.s.r.p.i.ProjectInspector - GatherTestInformationPatchedBuildCandidate.............NOT RUN        
11:53:53.066 [main] INFO  f.i.s.r.p.i.ProjectInspector - CommitPatch............................................NOT RUN        
11:53:53.067 [main] INFO  f.i.s.r.p.i.ProjectInspector - WritePropertyFile......................................NOT RUN        
11:53:53.067 [main] INFO  f.i.s.r.p.i.ProjectInspector - CommitProcessEnd.......................................NOT RUN        
11:53:53.067 [main] INFO  f.i.s.r.p.i.ProjectInspector - PushProcessEnd.........................................NOT RUN        
11:53:53.067 [main] INFO  f.i.s.r.p.i.ProjectInspector - ----------------------------------------------------------------------
11:53:53.068 [main] INFO  f.i.s.r.p.i.ProjectInspector - PIPELINE FINDING: BUILDNOTCHECKEDOUT
11:53:53.068 [main] INFO  f.i.s.r.p.i.ProjectInspector - ----------------------------------------------------------------------
11:53:53.068 [main] INFO  f.i.s.repairnator.pipeline.Launcher - Inspector is finished. The process will exit now.
