12:37:49.052 [main] INFO  f.i.s.repairnator.pipeline.Launcher - PIPELINE VERSION: 3.0-2018-08-09 19:04
12:37:49.191 [main] INFO  f.i.s.repairnator.pipeline.Launcher - The pipeline will try to reproduce a bug from build 361337286 and its corresponding patch from build 361963737
12:37:49.192 [main] INFO  f.i.s.repairnator.pipeline.Launcher - Initialize file serializer engines.
12:37:49.194 [main] INFO  f.i.s.repairnator.pipeline.Launcher - MongoDB won't be used for serialization.
12:37:49.194 [main] INFO  f.i.s.repairnator.pipeline.Launcher - The email notifier engine won't be used.
12:37:49.198 [main] INFO  f.i.s.repairnator.pipeline.Launcher - Start by getting the build (buildId: 361337286) with the following config: RepairnatorConfig{runId='c528381b-1d5b-4a22-a74f-ab72178e0533_04-18-week1-PASSING_AND_PASSING', launcherMode=BEARS, serializeJson=true, inputPath='null', outputPath='/var/log', mongodbHost='null', mongodbName='repairnator', smtpServer='null', notifyTo=[], notifyEndProcess=false, push=true, pushRemoteRepo='https://github.com/fermadeiral/bears-collection-pp', fork=false, lookFromDate=null, lookToDate=null, buildId=361337286, z3solverPath='./z3_for_linux', workspacePath='./workspace', githubToken='c8a341a903[...]', dockerImageName='null', skipDelete=false, createOutputDir=false, logDirectory='null', nbThreads=0, globalTimeout=0, whiteList=null, blackList=null, jobSleepTime=0, buildSleepTime=0, maxInspectedBuilds=0, duration=null, humanPatch=false, repository='null', clean=true, bearsMode=BOTH, bearsDelimiter = false, repairTools=NopolAllTests,NPEFix,AssertFixer,AstorJGenProg,AstorJKali,NopolSingleTest,AstorJMut,NopolTestExclusionStrategy, githubUserName= fermadeiral, githubUserEmail=fer.madeiral@gmail.com}
12:37:50.655 [main] DEBUG fr.inria.jtravis.helpers.BuildHelper - Get request to :https://api.travis-ci.org/build/361337286 done after 974 ms
12:37:50.918 [main] DEBUG fr.inria.jtravis.helpers.BuildHelper - Get request to :https://api.travis-ci.org/build/361963737 done after 137 ms
12:37:50.940 [main] INFO  f.i.s.repairnator.pipeline.Launcher - The patched build (361963737) was successfully retrieved from Travis.
12:37:52.363 [main] INFO  fr.inria.jtravis.JTravis - GitHub ratelimit: Limit: 5000 Remaining: 4917 Reset hour: 19:38:07
12:37:52.689 [main] INFO  f.i.s.r.p.i.ProjectInspector - ----------------------------------------------------------------------
12:37:52.689 [main] INFO  f.i.s.r.p.i.ProjectInspector - PIPELINE STEPS
12:37:52.690 [main] INFO  f.i.s.r.p.i.ProjectInspector - ----------------------------------------------------------------------
12:37:52.690 [main] INFO  f.i.s.r.p.i.ProjectInspector - CloneRepository
12:37:52.691 [main] INFO  f.i.s.r.p.i.ProjectInspector - CheckoutPatchedBuildCandidate
12:37:52.691 [main] INFO  f.i.s.r.p.i.ProjectInspector - ComputeSourceDir
12:37:52.691 [main] INFO  f.i.s.r.p.i.ProjectInspector - ComputeTestDir
12:37:52.692 [main] INFO  f.i.s.r.p.i.ProjectInspector - CheckoutBuggyBuildCandidateSourceCode
12:37:52.692 [main] INFO  f.i.s.r.p.i.ProjectInspector - BuildProjectBuggyBuildCandidateSourceCode
12:37:52.692 [main] INFO  f.i.s.r.p.i.ProjectInspector - TestProjectBuggyBuildCandidateSourceCode
12:37:52.693 [main] INFO  f.i.s.r.p.i.ProjectInspector - GatherTestInformationBuggyBuildCandidateSourceCode
12:37:52.693 [main] INFO  f.i.s.r.p.i.ProjectInspector - CheckoutBuggyBuildTestCode
12:37:52.693 [main] INFO  f.i.s.r.p.i.ProjectInspector - InitRepoToPush
12:37:52.694 [main] INFO  f.i.s.r.p.i.ProjectInspector - ComputeClasspath
12:37:52.694 [main] INFO  f.i.s.r.p.i.ProjectInspector - ComputeModules
12:37:52.694 [main] INFO  f.i.s.r.p.i.ProjectInspector - CheckoutBuggyBuildCandidateSourceCode
12:37:52.695 [main] INFO  f.i.s.r.p.i.ProjectInspector - CommitChangedTests
12:37:52.695 [main] INFO  f.i.s.r.p.i.ProjectInspector - CheckoutPatchedBuildCandidate
12:37:52.695 [main] INFO  f.i.s.r.p.i.ProjectInspector - BuildProjectPatchedBuildCandidate
12:37:52.696 [main] INFO  f.i.s.r.p.i.ProjectInspector - TestProjectPatchedBuildCandidate
12:37:52.696 [main] INFO  f.i.s.r.p.i.ProjectInspector - GatherTestInformationPatchedBuildCandidate
12:37:52.698 [main] INFO  f.i.s.r.p.i.ProjectInspector - CommitPatch
12:37:52.698 [main] INFO  f.i.s.r.p.i.ProjectInspector - WritePropertyFile
12:37:52.699 [main] INFO  f.i.s.r.p.i.ProjectInspector - CommitProcessEnd
12:37:52.699 [main] INFO  f.i.s.r.p.i.ProjectInspector - PushProcessEnd
12:37:52.704 [main] DEBUG f.i.s.r.process.step.CloneRepository - ----------------------------------------------------------------------
12:37:52.704 [main] DEBUG f.i.s.r.process.step.CloneRepository - STEP 1/22: CloneRepository
12:37:52.704 [main] DEBUG f.i.s.r.process.step.CloneRepository - ----------------------------------------------------------------------
12:37:52.705 [main] DEBUG f.i.s.r.process.step.CloneRepository - Cloning repository jacoco/jacoco in the following directory: ./workspace/jacoco/jacoco/361337286
12:37:59.243 [main] DEBUG f.i.s.r.process.step.CloneRepository - STEP STATUS: [ CloneRepository : SUCCESS ]
12:37:59.243 [main] DEBUG f.i.s.r.process.step.CloneRepository - STEP DURATION: 6s
12:37:59.243 [main] DEBUG f.i.s.r.process.step.CloneRepository - EXECUTE NEXT STEP
12:37:59.244 [main] DEBUG f.i.s.r.p.s.c.CheckoutPatchedBuild - ----------------------------------------------------------------------
12:37:59.244 [main] DEBUG f.i.s.r.p.s.c.CheckoutPatchedBuild - STEP 2/22: CheckoutPatchedBuildCandidate
12:37:59.244 [main] DEBUG f.i.s.r.p.s.c.CheckoutPatchedBuild - ----------------------------------------------------------------------
12:37:59.244 [main] DEBUG f.i.s.r.p.s.c.CheckoutPatchedBuild - Checking out patched build candidate...
12:37:59.267 [main] DEBUG f.i.s.r.p.s.c.CheckoutPatchedBuild - Get commit 26a7a025377a31aeae710adc07729fb86666f2e5 for repo jacoco/jacoco
12:37:59.635 [main] INFO  f.i.s.r.process.git.GitHelper - Init git submodules.
12:37:59.695 [main] DEBUG f.i.s.r.p.s.c.CheckoutPatchedBuild - STEP STATUS: [ CheckoutPatchedBuildCandidate : SUCCESS ]
12:37:59.695 [main] DEBUG f.i.s.r.p.s.c.CheckoutPatchedBuild - STEP DURATION: 0s
12:37:59.696 [main] DEBUG f.i.s.r.p.s.c.CheckoutPatchedBuild - EXECUTE NEXT STEP
12:37:59.696 [main] DEBUG f.i.s.r.p.s.paths.ComputeSourceDir - ----------------------------------------------------------------------
12:37:59.696 [main] DEBUG f.i.s.r.p.s.paths.ComputeSourceDir - STEP 3/22: ComputeSourceDir
12:37:59.696 [main] DEBUG f.i.s.r.p.s.paths.ComputeSourceDir - ----------------------------------------------------------------------
12:37:59.696 [main] DEBUG f.i.s.r.p.s.paths.ComputeSourceDir - Computing the source directory ...
12:37:59.697 [main] DEBUG f.i.s.r.p.s.paths.ComputeSourceDir - The default source directory (/root/workspace/jacoco/jacoco/361337286/src/main/java) does not exist. Try to read pom.xml to get information.
12:38:01.596 [main] DEBUG f.i.s.r.p.s.paths.ComputeSourceDir - The source directory given in pom.xml (/root/workspace/jacoco/jacoco/361337286/src/main/java) does not exist. Continue to try to get source dir from all modules.
12:38:01.597 [main] DEBUG f.i.s.r.p.s.paths.ComputeSourceDir - The default source directory (/root/workspace/jacoco/jacoco/361337286/org.jacoco.build/src/main/java) does not exist. Try to read pom.xml to get information.
12:38:01.658 [main] DEBUG f.i.s.r.p.s.paths.ComputeSourceDir - The source directory given in pom.xml (/root/workspace/jacoco/jacoco/361337286/org.jacoco.build/src/main/java) does not exist. Continue to try to get source dir from all modules.
12:38:01.658 [main] DEBUG f.i.s.r.p.s.paths.ComputeSourceDir - The default source directory (/root/workspace/jacoco/jacoco/361337286/org.jacoco.core/src/main/java) does not exist. Try to read pom.xml to get information.
12:38:01.704 [main] DEBUG f.i.s.r.p.s.paths.ComputeSourceDir - The default source directory (/root/workspace/jacoco/jacoco/361337286/org.jacoco.report/src/main/java) does not exist. Try to read pom.xml to get information.
12:38:02.147 [main] DEBUG f.i.s.r.p.s.paths.ComputeSourceDir - The default source directory (/root/workspace/jacoco/jacoco/361337286/org.jacoco.agent.rt/src/main/java) does not exist. Try to read pom.xml to get information.
12:38:02.172 [main] DEBUG f.i.s.r.p.s.paths.ComputeSourceDir - The default source directory (/root/workspace/jacoco/jacoco/361337286/org.jacoco.agent/src/main/java) does not exist. Try to read pom.xml to get information.
12:38:02.197 [main] DEBUG f.i.s.r.p.s.paths.ComputeSourceDir - The default source directory (/root/workspace/jacoco/jacoco/361337286/org.jacoco.ant/src/main/java) does not exist. Try to read pom.xml to get information.
12:38:02.215 [main] DEBUG f.i.s.r.p.s.paths.ComputeSourceDir - The default source directory (/root/workspace/jacoco/jacoco/361337286/org.jacoco.cli/src/main/java) does not exist. Try to read pom.xml to get information.
12:38:02.230 [main] DEBUG f.i.s.r.p.s.paths.ComputeSourceDir - The default source directory (/root/workspace/jacoco/jacoco/361337286/org.jacoco.examples/src/main/java) does not exist. Try to read pom.xml to get information.
12:38:02.243 [main] DEBUG f.i.s.r.p.s.paths.ComputeSourceDir - The default source directory (/root/workspace/jacoco/jacoco/361337286/jacoco-maven-plugin/src/main/java) does not exist. Try to read pom.xml to get information.
12:38:02.259 [main] DEBUG f.i.s.r.p.s.paths.ComputeSourceDir - The default source directory (/root/workspace/jacoco/jacoco/361337286/org.jacoco.tests/src/main/java) does not exist. Try to read pom.xml to get information.
12:38:02.272 [main] DEBUG f.i.s.r.p.s.paths.ComputeSourceDir - The source directory given in pom.xml (/root/workspace/jacoco/jacoco/361337286/org.jacoco.tests/src) does not exist. Continue to try to get source dir from all modules.
12:38:02.272 [main] DEBUG f.i.s.r.p.s.paths.ComputeSourceDir - The default source directory (/root/workspace/jacoco/jacoco/361337286/org.jacoco.core.test/src/main/java) does not exist. Try to read pom.xml to get information.
12:38:02.287 [main] DEBUG f.i.s.r.p.s.paths.ComputeSourceDir - The default source directory (/root/workspace/jacoco/jacoco/361337286/org.jacoco.report.test/src/main/java) does not exist. Try to read pom.xml to get information.
12:38:02.299 [main] DEBUG f.i.s.r.p.s.paths.ComputeSourceDir - The default source directory (/root/workspace/jacoco/jacoco/361337286/org.jacoco.agent.rt.test/src/main/java) does not exist. Try to read pom.xml to get information.
12:38:02.342 [main] DEBUG f.i.s.r.p.s.paths.ComputeSourceDir - The default source directory (/root/workspace/jacoco/jacoco/361337286/org.jacoco.agent.test/src/main/java) does not exist. Try to read pom.xml to get information.
12:38:02.350 [main] DEBUG f.i.s.r.p.s.paths.ComputeSourceDir - The default source directory (/root/workspace/jacoco/jacoco/361337286/org.jacoco.ant.test/src/main/java) does not exist. Try to read pom.xml to get information.
12:38:02.375 [main] DEBUG f.i.s.r.p.s.paths.ComputeSourceDir - The default source directory (/root/workspace/jacoco/jacoco/361337286/org.jacoco.cli.test/src/main/java) does not exist. Try to read pom.xml to get information.
12:38:02.385 [main] DEBUG f.i.s.r.p.s.paths.ComputeSourceDir - The default source directory (/root/workspace/jacoco/jacoco/361337286/org.jacoco.examples.test/src/main/java) does not exist. Try to read pom.xml to get information.
12:38:02.420 [main] DEBUG f.i.s.r.p.s.paths.ComputeSourceDir - The default source directory (/root/workspace/jacoco/jacoco/361337286/jacoco-maven-plugin.test/src/main/java) does not exist. Try to read pom.xml to get information.
12:38:02.429 [main] DEBUG f.i.s.r.p.s.paths.ComputeSourceDir - The source directory given in pom.xml (/root/workspace/jacoco/jacoco/361337286/jacoco-maven-plugin.test/src) does not exist. Continue to try to get source dir from all modules.
12:38:02.430 [main] ERROR f.i.s.r.p.s.paths.ComputeSourceDir - The source directory is not at default location or specified in build section from pom.xml, and no parent can be found.
12:38:02.430 [main] DEBUG f.i.s.r.p.s.paths.ComputeSourceDir - The default source directory (/root/workspace/jacoco/jacoco/361337286/org.jacoco.doc/src/main/java) does not exist. Try to read pom.xml to get information.
12:38:02.440 [main] DEBUG f.i.s.r.p.s.paths.ComputeSourceDir - The source directory given in pom.xml (/root/workspace/jacoco/jacoco/361337286/org.jacoco.doc/src) does not exist. Continue to try to get source dir from all modules.
12:38:02.440 [main] ERROR f.i.s.r.p.s.paths.ComputeSourceDir - The source directory is not at default location or specified in build section from pom.xml, and no parent can be found.
12:38:02.440 [main] DEBUG f.i.s.r.p.s.paths.ComputeSourceDir - The default source directory (/root/workspace/jacoco/jacoco/361337286/jacoco/src/main/java) does not exist. Try to read pom.xml to get information.
12:38:02.457 [main] DEBUG f.i.s.r.p.s.paths.ComputeSourceDir - The source directory given in pom.xml (/root/workspace/jacoco/jacoco/361337286/jacoco/src) does not exist. Continue to try to get source dir from all modules.
12:38:02.458 [main] ERROR f.i.s.r.p.s.paths.ComputeSourceDir - The source directory is not at default location or specified in build section from pom.xml, and no parent can be found.
12:38:02.458 [main] INFO  f.i.s.r.p.s.paths.ComputeSourceDir - 15 source dirs were found:
12:38:02.458 [main] INFO  f.i.s.r.p.s.paths.ComputeSourceDir - /root/workspace/jacoco/jacoco/361337286/jacoco-maven-plugin/src
12:38:02.458 [main] INFO  f.i.s.r.p.s.paths.ComputeSourceDir - /root/workspace/jacoco/jacoco/361337286/org.jacoco.agent.rt.test/src
12:38:02.459 [main] INFO  f.i.s.r.p.s.paths.ComputeSourceDir - /root/workspace/jacoco/jacoco/361337286/org.jacoco.agent.rt/src
12:38:02.459 [main] INFO  f.i.s.r.p.s.paths.ComputeSourceDir - /root/workspace/jacoco/jacoco/361337286/org.jacoco.agent.test/src
12:38:02.459 [main] INFO  f.i.s.r.p.s.paths.ComputeSourceDir - /root/workspace/jacoco/jacoco/361337286/org.jacoco.agent/src
12:38:02.459 [main] INFO  f.i.s.r.p.s.paths.ComputeSourceDir - /root/workspace/jacoco/jacoco/361337286/org.jacoco.ant.test/src
12:38:02.459 [main] INFO  f.i.s.r.p.s.paths.ComputeSourceDir - /root/workspace/jacoco/jacoco/361337286/org.jacoco.ant/src
12:38:02.459 [main] INFO  f.i.s.r.p.s.paths.ComputeSourceDir - /root/workspace/jacoco/jacoco/361337286/org.jacoco.cli.test/src
12:38:02.459 [main] INFO  f.i.s.r.p.s.paths.ComputeSourceDir - /root/workspace/jacoco/jacoco/361337286/org.jacoco.cli/src
12:38:02.459 [main] INFO  f.i.s.r.p.s.paths.ComputeSourceDir - /root/workspace/jacoco/jacoco/361337286/org.jacoco.core.test/src
12:38:02.459 [main] INFO  f.i.s.r.p.s.paths.ComputeSourceDir - /root/workspace/jacoco/jacoco/361337286/org.jacoco.core/src
12:38:02.460 [main] INFO  f.i.s.r.p.s.paths.ComputeSourceDir - /root/workspace/jacoco/jacoco/361337286/org.jacoco.examples.test/src
12:38:02.460 [main] INFO  f.i.s.r.p.s.paths.ComputeSourceDir - /root/workspace/jacoco/jacoco/361337286/org.jacoco.examples/src
12:38:02.460 [main] INFO  f.i.s.r.p.s.paths.ComputeSourceDir - /root/workspace/jacoco/jacoco/361337286/org.jacoco.report.test/src
12:38:02.460 [main] INFO  f.i.s.r.p.s.paths.ComputeSourceDir - /root/workspace/jacoco/jacoco/361337286/org.jacoco.report/src
12:38:08.091 [main] DEBUG f.i.s.r.p.s.paths.ComputeSourceDir - Compute the line of code of the project
12:38:08.927 [main] DEBUG f.i.s.r.p.s.paths.ComputeSourceDir - Get result from cloc process...
12:38:08.929 [main] DEBUG f.i.s.r.p.s.paths.ComputeSourceDir - STEP STATUS: [ ComputeSourceDir : SUCCESS ]
12:38:08.929 [main] DEBUG f.i.s.r.p.s.paths.ComputeSourceDir - STEP DURATION: 9s
12:38:08.929 [main] DEBUG f.i.s.r.p.s.paths.ComputeSourceDir - EXECUTE NEXT STEP
12:38:08.929 [main] DEBUG f.i.s.r.p.step.paths.ComputeTestDir - ----------------------------------------------------------------------
12:38:08.930 [main] DEBUG f.i.s.r.p.step.paths.ComputeTestDir - STEP 4/22: ComputeTestDir
12:38:08.930 [main] DEBUG f.i.s.r.p.step.paths.ComputeTestDir - ----------------------------------------------------------------------
12:38:08.930 [main] DEBUG f.i.s.r.p.step.paths.ComputeTestDir - Computing the test directory ...
12:38:08.930 [main] DEBUG f.i.s.r.p.step.paths.ComputeTestDir - The default test directory (/root/workspace/jacoco/jacoco/361337286/src/test/java) does not exist. Try to read pom.xml to get information.
12:38:08.933 [main] DEBUG f.i.s.r.p.step.paths.ComputeTestDir - The test directory given in pom.xml (/root/workspace/jacoco/jacoco/361337286/src/test/java) does not exist. Continue to try to get test dir from all modules.
12:38:08.934 [main] DEBUG f.i.s.r.p.step.paths.ComputeTestDir - The default test directory (/root/workspace/jacoco/jacoco/361337286/org.jacoco.build/src/test/java) does not exist. Try to read pom.xml to get information.
12:38:08.942 [main] DEBUG f.i.s.r.p.step.paths.ComputeTestDir - The test directory given in pom.xml (/root/workspace/jacoco/jacoco/361337286/org.jacoco.build/src/test/java) does not exist. Continue to try to get test dir from all modules.
12:38:08.943 [main] DEBUG f.i.s.r.p.step.paths.ComputeTestDir - The default test directory (/root/workspace/jacoco/jacoco/361337286/org.jacoco.core/src/test/java) does not exist. Try to read pom.xml to get information.
12:38:08.956 [main] DEBUG f.i.s.r.p.step.paths.ComputeTestDir - The test directory given in pom.xml (/root/workspace/jacoco/jacoco/361337286/org.jacoco.core/src/test/java) does not exist. Continue to try to get test dir from all modules.
12:38:08.957 [main] ERROR f.i.s.r.p.step.paths.ComputeTestDir - The test directory is not at default location or specified in build section from pom.xml, and no parent can be found.
12:38:08.957 [main] DEBUG f.i.s.r.p.step.paths.ComputeTestDir - The default test directory (/root/workspace/jacoco/jacoco/361337286/org.jacoco.report/src/test/java) does not exist. Try to read pom.xml to get information.
12:38:08.965 [main] DEBUG f.i.s.r.p.step.paths.ComputeTestDir - The test directory given in pom.xml (/root/workspace/jacoco/jacoco/361337286/org.jacoco.report/src/test/java) does not exist. Continue to try to get test dir from all modules.
12:38:08.973 [main] ERROR f.i.s.r.p.step.paths.ComputeTestDir - The test directory is not at default location or specified in build section from pom.xml, and no parent can be found.
12:38:08.974 [main] DEBUG f.i.s.r.p.step.paths.ComputeTestDir - The default test directory (/root/workspace/jacoco/jacoco/361337286/org.jacoco.agent.rt/src/test/java) does not exist. Try to read pom.xml to get information.
12:38:08.983 [main] DEBUG f.i.s.r.p.step.paths.ComputeTestDir - The test directory given in pom.xml (/root/workspace/jacoco/jacoco/361337286/org.jacoco.agent.rt/src/test/java) does not exist. Continue to try to get test dir from all modules.
12:38:08.984 [main] ERROR f.i.s.r.p.step.paths.ComputeTestDir - The test directory is not at default location or specified in build section from pom.xml, and no parent can be found.
12:38:08.984 [main] DEBUG f.i.s.r.p.step.paths.ComputeTestDir - The default test directory (/root/workspace/jacoco/jacoco/361337286/org.jacoco.agent/src/test/java) does not exist. Try to read pom.xml to get information.
12:38:08.992 [main] DEBUG f.i.s.r.p.step.paths.ComputeTestDir - The test directory given in pom.xml (/root/workspace/jacoco/jacoco/361337286/org.jacoco.agent/src/test/java) does not exist. Continue to try to get test dir from all modules.
12:38:08.992 [main] ERROR f.i.s.r.p.step.paths.ComputeTestDir - The test directory is not at default location or specified in build section from pom.xml, and no parent can be found.
12:38:08.992 [main] DEBUG f.i.s.r.p.step.paths.ComputeTestDir - The default test directory (/root/workspace/jacoco/jacoco/361337286/org.jacoco.ant/src/test/java) does not exist. Try to read pom.xml to get information.
12:38:09.006 [main] DEBUG f.i.s.r.p.step.paths.ComputeTestDir - The test directory given in pom.xml (/root/workspace/jacoco/jacoco/361337286/org.jacoco.ant/src/test/java) does not exist. Continue to try to get test dir from all modules.
12:38:09.006 [main] ERROR f.i.s.r.p.step.paths.ComputeTestDir - The test directory is not at default location or specified in build section from pom.xml, and no parent can be found.
12:38:09.006 [main] DEBUG f.i.s.r.p.step.paths.ComputeTestDir - The default test directory (/root/workspace/jacoco/jacoco/361337286/org.jacoco.cli/src/test/java) does not exist. Try to read pom.xml to get information.
12:38:09.015 [main] DEBUG f.i.s.r.p.step.paths.ComputeTestDir - The test directory given in pom.xml (/root/workspace/jacoco/jacoco/361337286/org.jacoco.cli/src/test/java) does not exist. Continue to try to get test dir from all modules.
12:38:09.015 [main] ERROR f.i.s.r.p.step.paths.ComputeTestDir - The test directory is not at default location or specified in build section from pom.xml, and no parent can be found.
12:38:09.015 [main] DEBUG f.i.s.r.p.step.paths.ComputeTestDir - The default test directory (/root/workspace/jacoco/jacoco/361337286/org.jacoco.examples/src/test/java) does not exist. Try to read pom.xml to get information.
12:38:09.022 [main] DEBUG f.i.s.r.p.step.paths.ComputeTestDir - The test directory given in pom.xml (/root/workspace/jacoco/jacoco/361337286/org.jacoco.examples/src/test/java) does not exist. Continue to try to get test dir from all modules.
12:38:09.023 [main] ERROR f.i.s.r.p.step.paths.ComputeTestDir - The test directory is not at default location or specified in build section from pom.xml, and no parent can be found.
12:38:09.023 [main] DEBUG f.i.s.r.p.step.paths.ComputeTestDir - The default test directory (/root/workspace/jacoco/jacoco/361337286/jacoco-maven-plugin/src/test/java) does not exist. Try to read pom.xml to get information.
12:38:09.031 [main] DEBUG f.i.s.r.p.step.paths.ComputeTestDir - The test directory given in pom.xml (/root/workspace/jacoco/jacoco/361337286/jacoco-maven-plugin/src/test/java) does not exist. Continue to try to get test dir from all modules.
12:38:09.032 [main] ERROR f.i.s.r.p.step.paths.ComputeTestDir - The test directory is not at default location or specified in build section from pom.xml, and no parent can be found.
12:38:09.032 [main] DEBUG f.i.s.r.p.step.paths.ComputeTestDir - The default test directory (/root/workspace/jacoco/jacoco/361337286/org.jacoco.tests/src/test/java) does not exist. Try to read pom.xml to get information.
12:38:09.041 [main] DEBUG f.i.s.r.p.step.paths.ComputeTestDir - The test directory given in pom.xml (/root/workspace/jacoco/jacoco/361337286/org.jacoco.tests/src/test/java) does not exist. Continue to try to get test dir from all modules.
12:38:09.042 [main] DEBUG f.i.s.r.p.step.paths.ComputeTestDir - The default test directory (/root/workspace/jacoco/jacoco/361337286/org.jacoco.core.test/src/test/java) does not exist. Try to read pom.xml to get information.
12:38:09.050 [main] DEBUG f.i.s.r.p.step.paths.ComputeTestDir - The test directory given in pom.xml (/root/workspace/jacoco/jacoco/361337286/org.jacoco.core.test/src/test/java) does not exist. Continue to try to get test dir from all modules.
12:38:09.050 [main] ERROR f.i.s.r.p.step.paths.ComputeTestDir - The test directory is not at default location or specified in build section from pom.xml, and no parent can be found.
12:38:09.050 [main] DEBUG f.i.s.r.p.step.paths.ComputeTestDir - The default test directory (/root/workspace/jacoco/jacoco/361337286/org.jacoco.report.test/src/test/java) does not exist. Try to read pom.xml to get information.
12:38:09.061 [main] DEBUG f.i.s.r.p.step.paths.ComputeTestDir - The test directory given in pom.xml (/root/workspace/jacoco/jacoco/361337286/org.jacoco.report.test/src/test/java) does not exist. Continue to try to get test dir from all modules.
12:38:09.061 [main] ERROR f.i.s.r.p.step.paths.ComputeTestDir - The test directory is not at default location or specified in build section from pom.xml, and no parent can be found.
12:38:09.061 [main] DEBUG f.i.s.r.p.step.paths.ComputeTestDir - The default test directory (/root/workspace/jacoco/jacoco/361337286/org.jacoco.agent.rt.test/src/test/java) does not exist. Try to read pom.xml to get information.
12:38:09.069 [main] DEBUG f.i.s.r.p.step.paths.ComputeTestDir - The test directory given in pom.xml (/root/workspace/jacoco/jacoco/361337286/org.jacoco.agent.rt.test/src/test/java) does not exist. Continue to try to get test dir from all modules.
12:38:09.069 [main] ERROR f.i.s.r.p.step.paths.ComputeTestDir - The test directory is not at default location or specified in build section from pom.xml, and no parent can be found.
12:38:09.070 [main] DEBUG f.i.s.r.p.step.paths.ComputeTestDir - The default test directory (/root/workspace/jacoco/jacoco/361337286/org.jacoco.agent.test/src/test/java) does not exist. Try to read pom.xml to get information.
12:38:09.077 [main] DEBUG f.i.s.r.p.step.paths.ComputeTestDir - The test directory given in pom.xml (/root/workspace/jacoco/jacoco/361337286/org.jacoco.agent.test/src/test/java) does not exist. Continue to try to get test dir from all modules.
12:38:09.078 [main] ERROR f.i.s.r.p.step.paths.ComputeTestDir - The test directory is not at default location or specified in build section from pom.xml, and no parent can be found.
12:38:09.078 [main] DEBUG f.i.s.r.p.step.paths.ComputeTestDir - The default test directory (/root/workspace/jacoco/jacoco/361337286/org.jacoco.ant.test/src/test/java) does not exist. Try to read pom.xml to get information.
12:38:09.085 [main] DEBUG f.i.s.r.p.step.paths.ComputeTestDir - The test directory given in pom.xml (/root/workspace/jacoco/jacoco/361337286/org.jacoco.ant.test/src/test/java) does not exist. Continue to try to get test dir from all modules.
12:38:09.085 [main] ERROR f.i.s.r.p.step.paths.ComputeTestDir - The test directory is not at default location or specified in build section from pom.xml, and no parent can be found.
12:38:09.086 [main] DEBUG f.i.s.r.p.step.paths.ComputeTestDir - The default test directory (/root/workspace/jacoco/jacoco/361337286/org.jacoco.cli.test/src/test/java) does not exist. Try to read pom.xml to get information.
12:38:09.093 [main] DEBUG f.i.s.r.p.step.paths.ComputeTestDir - The test directory given in pom.xml (/root/workspace/jacoco/jacoco/361337286/org.jacoco.cli.test/src/test/java) does not exist. Continue to try to get test dir from all modules.
12:38:09.094 [main] ERROR f.i.s.r.p.step.paths.ComputeTestDir - The test directory is not at default location or specified in build section from pom.xml, and no parent can be found.
12:38:09.094 [main] DEBUG f.i.s.r.p.step.paths.ComputeTestDir - The default test directory (/root/workspace/jacoco/jacoco/361337286/org.jacoco.examples.test/src/test/java) does not exist. Try to read pom.xml to get information.
12:38:09.102 [main] DEBUG f.i.s.r.p.step.paths.ComputeTestDir - The test directory given in pom.xml (/root/workspace/jacoco/jacoco/361337286/org.jacoco.examples.test/src/test/java) does not exist. Continue to try to get test dir from all modules.
12:38:09.102 [main] ERROR f.i.s.r.p.step.paths.ComputeTestDir - The test directory is not at default location or specified in build section from pom.xml, and no parent can be found.
12:38:09.103 [main] DEBUG f.i.s.r.p.step.paths.ComputeTestDir - The default test directory (/root/workspace/jacoco/jacoco/361337286/jacoco-maven-plugin.test/src/test/java) does not exist. Try to read pom.xml to get information.
12:38:09.110 [main] DEBUG f.i.s.r.p.step.paths.ComputeTestDir - The test directory given in pom.xml (/root/workspace/jacoco/jacoco/361337286/jacoco-maven-plugin.test/src/test/java) does not exist. Continue to try to get test dir from all modules.
12:38:09.111 [main] ERROR f.i.s.r.p.step.paths.ComputeTestDir - The test directory is not at default location or specified in build section from pom.xml, and no parent can be found.
12:38:09.111 [main] ERROR f.i.s.r.p.step.paths.ComputeTestDir - The test directory is not at default location or specified in build section from pom.xml, and no parent can be found.
12:38:09.111 [main] DEBUG f.i.s.r.p.step.paths.ComputeTestDir - The default test directory (/root/workspace/jacoco/jacoco/361337286/org.jacoco.doc/src/test/java) does not exist. Try to read pom.xml to get information.
12:38:09.143 [main] DEBUG f.i.s.r.p.step.paths.ComputeTestDir - The test directory given in pom.xml (/root/workspace/jacoco/jacoco/361337286/org.jacoco.doc/src/test/java) does not exist. Continue to try to get test dir from all modules.
12:38:09.144 [main] ERROR f.i.s.r.p.step.paths.ComputeTestDir - The test directory is not at default location or specified in build section from pom.xml, and no parent can be found.
12:38:09.144 [main] DEBUG f.i.s.r.p.step.paths.ComputeTestDir - The default test directory (/root/workspace/jacoco/jacoco/361337286/jacoco/src/test/java) does not exist. Try to read pom.xml to get information.
12:38:09.152 [main] DEBUG f.i.s.r.p.step.paths.ComputeTestDir - The test directory given in pom.xml (/root/workspace/jacoco/jacoco/361337286/jacoco/src/test/java) does not exist. Continue to try to get test dir from all modules.
12:38:09.152 [main] ERROR f.i.s.r.p.step.paths.ComputeTestDir - The test directory is not at default location or specified in build section from pom.xml, and no parent can be found.
12:38:09.152 [main] ERROR f.i.s.r.p.step.paths.ComputeTestDir - The test directory is not at default location or specified in build section from pom.xml, and no parent can be found.
12:38:09.153 [main] ERROR f.i.s.r.p.step.paths.ComputeTestDir - The test directory is not at default location or specified in build section from pom.xml, and no parent can be found.
12:38:09.153 [main] ERROR f.i.s.r.p.step.paths.ComputeTestDir - Fail to find test directories.
12:38:09.154 [main] DEBUG f.i.s.r.p.step.paths.ComputeTestDir - STEP STATUS: [ ComputeTestDir : FAILURE ( TESTDIRNOTCOMPUTED ) ]
12:38:09.154 [main] DEBUG f.i.s.r.p.step.paths.ComputeTestDir - STEP DURATION: 0s
12:38:09.154 [main] DEBUG f.i.s.r.p.step.paths.ComputeTestDir - TERMINATE PIPELINE
12:38:09.155 [main] DEBUG f.i.s.r.p.step.paths.ComputeTestDir - FINAL STEPS SKIPPED: The reproduction of the bug and/or the patch failed.
12:38:09.155 [main] INFO  f.i.s.r.p.step.paths.ComputeTestDir - Serialize all data for the pair of builds 361337286, 361963737
12:38:09.462 [main] INFO  fr.inria.jtravis.JTravis - GitHub ratelimit: Limit: 5000 Remaining: 4914 Reset hour: 19:38:07
12:38:09.938 [main] INFO  f.i.s.r.p.i.ProjectInspector - ----------------------------------------------------------------------
12:38:09.939 [main] INFO  f.i.s.r.p.i.ProjectInspector - PIPELINE EXECUTION SUMMARY
12:38:09.939 [main] INFO  f.i.s.r.p.i.ProjectInspector - ----------------------------------------------------------------------
12:38:09.939 [main] INFO  f.i.s.r.p.i.ProjectInspector - CloneRepository........................................SUCCESS [ 6 s ]
12:38:09.939 [main] INFO  f.i.s.r.p.i.ProjectInspector - CheckoutPatchedBuildCandidate..........................SUCCESS [ 0 s ]
12:38:09.939 [main] INFO  f.i.s.r.p.i.ProjectInspector - ComputeSourceDir.......................................SUCCESS [ 9 s ]
12:38:09.940 [main] INFO  f.i.s.r.p.i.ProjectInspector - ComputeTestDir.........................................FAILURE [ 0 s ]
12:38:09.940 [main] INFO  f.i.s.r.p.i.ProjectInspector - CheckoutBuggyBuildCandidateSourceCode..................NOT RUN        
12:38:09.940 [main] INFO  f.i.s.r.p.i.ProjectInspector - BuildProjectBuggyBuildCandidateSourceCode..............NOT RUN        
12:38:09.940 [main] INFO  f.i.s.r.p.i.ProjectInspector - TestProjectBuggyBuildCandidateSourceCode...............NOT RUN        
12:38:09.940 [main] INFO  f.i.s.r.p.i.ProjectInspector - GatherTestInformationBuggyBuildCandidateSourceCode.....NOT RUN        
12:38:09.940 [main] INFO  f.i.s.r.p.i.ProjectInspector - CheckoutBuggyBuildTestCode.............................NOT RUN        
12:38:09.940 [main] INFO  f.i.s.r.p.i.ProjectInspector - InitRepoToPush.........................................NOT RUN        
12:38:09.940 [main] INFO  f.i.s.r.p.i.ProjectInspector - ComputeClasspath.......................................NOT RUN        
12:38:09.940 [main] INFO  f.i.s.r.p.i.ProjectInspector - ComputeModules.........................................NOT RUN        
12:38:09.941 [main] INFO  f.i.s.r.p.i.ProjectInspector - CheckoutBuggyBuildCandidateSourceCode..................NOT RUN        
12:38:09.941 [main] INFO  f.i.s.r.p.i.ProjectInspector - CommitChangedTests.....................................NOT RUN        
12:38:09.941 [main] INFO  f.i.s.r.p.i.ProjectInspector - CheckoutPatchedBuildCandidate..........................NOT RUN        
12:38:09.941 [main] INFO  f.i.s.r.p.i.ProjectInspector - BuildProjectPatchedBuildCandidate......................NOT RUN        
12:38:09.941 [main] INFO  f.i.s.r.p.i.ProjectInspector - TestProjectPatchedBuildCandidate.......................NOT RUN        
12:38:09.941 [main] INFO  f.i.s.r.p.i.ProjectInspector - GatherTestInformationPatchedBuildCandidate.............NOT RUN        
12:38:09.941 [main] INFO  f.i.s.r.p.i.ProjectInspector - CommitPatch............................................NOT RUN        
12:38:09.941 [main] INFO  f.i.s.r.p.i.ProjectInspector - WritePropertyFile......................................NOT RUN        
12:38:09.941 [main] INFO  f.i.s.r.p.i.ProjectInspector - CommitProcessEnd.......................................NOT RUN        
12:38:09.942 [main] INFO  f.i.s.r.p.i.ProjectInspector - PushProcessEnd.........................................NOT RUN        
12:38:09.942 [main] INFO  f.i.s.r.p.i.ProjectInspector - ----------------------------------------------------------------------
12:38:09.942 [main] INFO  f.i.s.r.p.i.ProjectInspector - PIPELINE FINDING: TESTDIRNOTCOMPUTED
12:38:09.942 [main] INFO  f.i.s.r.p.i.ProjectInspector - ----------------------------------------------------------------------
12:38:09.942 [main] INFO  f.i.s.repairnator.pipeline.Launcher - Inspector is finished. The process will exit now.
