03:56:32.068 [main] INFO  f.i.s.repairnator.pipeline.Launcher - PIPELINE VERSION: 3.0-2018-08-09 19:04
03:56:32.185 [main] INFO  f.i.s.repairnator.pipeline.Launcher - The pipeline will try to reproduce a bug from build 360062581 and its corresponding patch from build 362005307
03:56:32.185 [main] INFO  f.i.s.repairnator.pipeline.Launcher - Initialize file serializer engines.
03:56:32.194 [main] INFO  f.i.s.repairnator.pipeline.Launcher - MongoDB won't be used for serialization.
03:56:32.194 [main] INFO  f.i.s.repairnator.pipeline.Launcher - The email notifier engine won't be used.
03:56:32.197 [main] INFO  f.i.s.repairnator.pipeline.Launcher - Start by getting the build (buildId: 360062581) with the following config: RepairnatorConfig{runId='c528381b-1d5b-4a22-a74f-ab72178e0533_04-18-week1-PASSING_AND_PASSING', launcherMode=BEARS, serializeJson=true, inputPath='null', outputPath='/var/log', mongodbHost='null', mongodbName='repairnator', smtpServer='null', notifyTo=[], notifyEndProcess=false, push=true, pushRemoteRepo='https://github.com/fermadeiral/bears-collection-pp', fork=false, lookFromDate=null, lookToDate=null, buildId=360062581, z3solverPath='./z3_for_linux', workspacePath='./workspace', githubToken='c8a341a903[...]', dockerImageName='null', skipDelete=false, createOutputDir=false, logDirectory='null', nbThreads=0, globalTimeout=0, whiteList=null, blackList=null, jobSleepTime=0, buildSleepTime=0, maxInspectedBuilds=0, duration=null, humanPatch=false, repository='null', clean=true, bearsMode=BOTH, bearsDelimiter = false, repairTools=NopolAllTests,NPEFix,AssertFixer,AstorJGenProg,AstorJKali,NopolSingleTest,AstorJMut,NopolTestExclusionStrategy, githubUserName= fermadeiral, githubUserEmail=fer.madeiral@gmail.com}
03:56:33.769 [main] DEBUG fr.inria.jtravis.helpers.BuildHelper - Get request to :https://api.travis-ci.org/build/360062581 done after 1097 ms
03:56:34.074 [main] DEBUG fr.inria.jtravis.helpers.BuildHelper - Get request to :https://api.travis-ci.org/build/362005307 done after 185 ms
03:56:34.103 [main] INFO  f.i.s.repairnator.pipeline.Launcher - The patched build (362005307) was successfully retrieved from Travis.
03:56:35.181 [main] INFO  fr.inria.jtravis.JTravis - GitHub ratelimit: Limit: 5000 Remaining: 4445 Reset hour: 19:37:33
03:56:35.614 [main] INFO  f.i.s.r.p.i.ProjectInspector - ----------------------------------------------------------------------
03:56:35.614 [main] INFO  f.i.s.r.p.i.ProjectInspector - PIPELINE STEPS
03:56:35.614 [main] INFO  f.i.s.r.p.i.ProjectInspector - ----------------------------------------------------------------------
03:56:35.614 [main] INFO  f.i.s.r.p.i.ProjectInspector - CloneRepository
03:56:35.614 [main] INFO  f.i.s.r.p.i.ProjectInspector - CheckoutPatchedBuildCandidate
03:56:35.615 [main] INFO  f.i.s.r.p.i.ProjectInspector - ComputeSourceDir
03:56:35.615 [main] INFO  f.i.s.r.p.i.ProjectInspector - ComputeTestDir
03:56:35.615 [main] INFO  f.i.s.r.p.i.ProjectInspector - CheckoutBuggyBuildCandidateSourceCode
03:56:35.615 [main] INFO  f.i.s.r.p.i.ProjectInspector - BuildProjectBuggyBuildCandidateSourceCode
03:56:35.615 [main] INFO  f.i.s.r.p.i.ProjectInspector - TestProjectBuggyBuildCandidateSourceCode
03:56:35.615 [main] INFO  f.i.s.r.p.i.ProjectInspector - GatherTestInformationBuggyBuildCandidateSourceCode
03:56:35.615 [main] INFO  f.i.s.r.p.i.ProjectInspector - CheckoutBuggyBuildTestCode
03:56:35.615 [main] INFO  f.i.s.r.p.i.ProjectInspector - InitRepoToPush
03:56:35.616 [main] INFO  f.i.s.r.p.i.ProjectInspector - ComputeClasspath
03:56:35.616 [main] INFO  f.i.s.r.p.i.ProjectInspector - ComputeModules
03:56:35.616 [main] INFO  f.i.s.r.p.i.ProjectInspector - CheckoutBuggyBuildCandidateSourceCode
03:56:35.616 [main] INFO  f.i.s.r.p.i.ProjectInspector - CommitChangedTests
03:56:35.616 [main] INFO  f.i.s.r.p.i.ProjectInspector - CheckoutPatchedBuildCandidate
03:56:35.616 [main] INFO  f.i.s.r.p.i.ProjectInspector - BuildProjectPatchedBuildCandidate
03:56:35.616 [main] INFO  f.i.s.r.p.i.ProjectInspector - TestProjectPatchedBuildCandidate
03:56:35.616 [main] INFO  f.i.s.r.p.i.ProjectInspector - GatherTestInformationPatchedBuildCandidate
03:56:35.617 [main] INFO  f.i.s.r.p.i.ProjectInspector - CommitPatch
03:56:35.617 [main] INFO  f.i.s.r.p.i.ProjectInspector - WritePropertyFile
03:56:35.617 [main] INFO  f.i.s.r.p.i.ProjectInspector - CommitProcessEnd
03:56:35.617 [main] INFO  f.i.s.r.p.i.ProjectInspector - PushProcessEnd
03:56:35.618 [main] DEBUG f.i.s.r.process.step.CloneRepository - ----------------------------------------------------------------------
03:56:35.618 [main] DEBUG f.i.s.r.process.step.CloneRepository - STEP 1/22: CloneRepository
03:56:35.618 [main] DEBUG f.i.s.r.process.step.CloneRepository - ----------------------------------------------------------------------
03:56:35.618 [main] DEBUG f.i.s.r.process.step.CloneRepository - Cloning repository batfish/batfish in the following directory: ./workspace/batfish/batfish/360062581
03:57:27.240 [main] DEBUG f.i.s.r.process.step.CloneRepository - STEP STATUS: [ CloneRepository : SUCCESS ]
03:57:27.240 [main] DEBUG f.i.s.r.process.step.CloneRepository - STEP DURATION: 51s
03:57:27.241 [main] DEBUG f.i.s.r.process.step.CloneRepository - EXECUTE NEXT STEP
03:57:27.241 [main] DEBUG f.i.s.r.p.s.c.CheckoutPatchedBuild - ----------------------------------------------------------------------
03:57:27.241 [main] DEBUG f.i.s.r.p.s.c.CheckoutPatchedBuild - STEP 2/22: CheckoutPatchedBuildCandidate
03:57:27.241 [main] DEBUG f.i.s.r.p.s.c.CheckoutPatchedBuild - ----------------------------------------------------------------------
03:57:27.242 [main] DEBUG f.i.s.r.p.s.c.CheckoutPatchedBuild - Checking out patched build candidate...
03:57:27.260 [main] ERROR f.i.s.r.p.s.c.CheckoutPatchedBuild - Error while testing commit: org.eclipse.jgit.errors.MissingObjectException: Missing unknown ec65850330d8d5262064d870d133ba3ecca8b844
03:57:27.261 [main] ERROR f.i.s.r.p.s.c.CheckoutPatchedBuild - Error while getting the commit to checkout from the repo.
03:57:27.262 [main] DEBUG f.i.s.r.p.s.c.CheckoutPatchedBuild - STEP STATUS: [ CheckoutPatchedBuildCandidate : FAILURE ( BUILDNOTCHECKEDOUT ) ]
03:57:27.262 [main] DEBUG f.i.s.r.p.s.c.CheckoutPatchedBuild - STEP DURATION: 0s
03:57:27.262 [main] DEBUG f.i.s.r.p.s.c.CheckoutPatchedBuild - TERMINATE PIPELINE
03:57:27.263 [main] DEBUG f.i.s.r.p.s.c.CheckoutPatchedBuild - FINAL STEPS SKIPPED: The reproduction of the bug and/or the patch failed.
03:57:27.263 [main] INFO  f.i.s.r.p.s.c.CheckoutPatchedBuild - Serialize all data for the pair of builds 360062581, 362005307
03:57:27.597 [main] INFO  fr.inria.jtravis.JTravis - GitHub ratelimit: Limit: 5000 Remaining: 4440 Reset hour: 19:37:33
03:57:28.544 [main] INFO  f.i.s.r.p.i.ProjectInspector - ----------------------------------------------------------------------
03:57:28.545 [main] INFO  f.i.s.r.p.i.ProjectInspector - PIPELINE EXECUTION SUMMARY
03:57:28.545 [main] INFO  f.i.s.r.p.i.ProjectInspector - ----------------------------------------------------------------------
03:57:28.545 [main] INFO  f.i.s.r.p.i.ProjectInspector - CloneRepository.......................................SUCCESS [ 51 s ]
03:57:28.545 [main] INFO  f.i.s.r.p.i.ProjectInspector - CheckoutPatchedBuildCandidate.........................FAILURE [  0 s ]
03:57:28.545 [main] INFO  f.i.s.r.p.i.ProjectInspector - ComputeSourceDir......................................NOT RUN         
03:57:28.545 [main] INFO  f.i.s.r.p.i.ProjectInspector - ComputeTestDir........................................NOT RUN         
03:57:28.546 [main] INFO  f.i.s.r.p.i.ProjectInspector - CheckoutBuggyBuildCandidateSourceCode.................NOT RUN         
03:57:28.546 [main] INFO  f.i.s.r.p.i.ProjectInspector - BuildProjectBuggyBuildCandidateSourceCode.............NOT RUN         
03:57:28.546 [main] INFO  f.i.s.r.p.i.ProjectInspector - TestProjectBuggyBuildCandidateSourceCode..............NOT RUN         
03:57:28.546 [main] INFO  f.i.s.r.p.i.ProjectInspector - GatherTestInformationBuggyBuildCandidateSourceCode....NOT RUN         
03:57:28.546 [main] INFO  f.i.s.r.p.i.ProjectInspector - CheckoutBuggyBuildTestCode............................NOT RUN         
03:57:28.546 [main] INFO  f.i.s.r.p.i.ProjectInspector - InitRepoToPush........................................NOT RUN         
03:57:28.546 [main] INFO  f.i.s.r.p.i.ProjectInspector - ComputeClasspath......................................NOT RUN         
03:57:28.547 [main] INFO  f.i.s.r.p.i.ProjectInspector - ComputeModules........................................NOT RUN         
03:57:28.547 [main] INFO  f.i.s.r.p.i.ProjectInspector - CheckoutBuggyBuildCandidateSourceCode.................NOT RUN         
03:57:28.547 [main] INFO  f.i.s.r.p.i.ProjectInspector - CommitChangedTests....................................NOT RUN         
03:57:28.547 [main] INFO  f.i.s.r.p.i.ProjectInspector - CheckoutPatchedBuildCandidate.........................NOT RUN         
03:57:28.547 [main] INFO  f.i.s.r.p.i.ProjectInspector - BuildProjectPatchedBuildCandidate.....................NOT RUN         
03:57:28.547 [main] INFO  f.i.s.r.p.i.ProjectInspector - TestProjectPatchedBuildCandidate......................NOT RUN         
03:57:28.547 [main] INFO  f.i.s.r.p.i.ProjectInspector - GatherTestInformationPatchedBuildCandidate............NOT RUN         
03:57:28.547 [main] INFO  f.i.s.r.p.i.ProjectInspector - CommitPatch...........................................NOT RUN         
03:57:28.547 [main] INFO  f.i.s.r.p.i.ProjectInspector - WritePropertyFile.....................................NOT RUN         
03:57:28.548 [main] INFO  f.i.s.r.p.i.ProjectInspector - CommitProcessEnd......................................NOT RUN         
03:57:28.548 [main] INFO  f.i.s.r.p.i.ProjectInspector - PushProcessEnd........................................NOT RUN         
03:57:28.548 [main] INFO  f.i.s.r.p.i.ProjectInspector - ----------------------------------------------------------------------
03:57:28.548 [main] INFO  f.i.s.r.p.i.ProjectInspector - PIPELINE FINDING: BUILDNOTCHECKEDOUT
03:57:28.548 [main] INFO  f.i.s.r.p.i.ProjectInspector - ----------------------------------------------------------------------
03:57:28.548 [main] INFO  f.i.s.repairnator.pipeline.Launcher - Inspector is finished. The process will exit now.
