02:48:56.496 [main] INFO  f.i.s.repairnator.pipeline.Launcher - PIPELINE VERSION: 3.0-2018-08-09 19:04
02:48:56.631 [main] INFO  f.i.s.repairnator.pipeline.Launcher - The pipeline will try to reproduce a bug from build 359896323 and its corresponding patch from build 361287418
02:48:56.631 [main] INFO  f.i.s.repairnator.pipeline.Launcher - Initialize file serializer engines.
02:48:56.633 [main] INFO  f.i.s.repairnator.pipeline.Launcher - MongoDB won't be used for serialization.
02:48:56.633 [main] INFO  f.i.s.repairnator.pipeline.Launcher - The email notifier engine won't be used.
02:48:56.636 [main] INFO  f.i.s.repairnator.pipeline.Launcher - Start by getting the build (buildId: 359896323) with the following config: RepairnatorConfig{runId='c528381b-1d5b-4a22-a74f-ab72178e0533_04-18-week1-PASSING_AND_PASSING', launcherMode=BEARS, serializeJson=true, inputPath='null', outputPath='/var/log', mongodbHost='null', mongodbName='repairnator', smtpServer='null', notifyTo=[], notifyEndProcess=false, push=true, pushRemoteRepo='https://github.com/fermadeiral/bears-collection-pp', fork=false, lookFromDate=null, lookToDate=null, buildId=359896323, z3solverPath='./z3_for_linux', workspacePath='./workspace', githubToken='c8a341a903[...]', dockerImageName='null', skipDelete=false, createOutputDir=false, logDirectory='null', nbThreads=0, globalTimeout=0, whiteList=null, blackList=null, jobSleepTime=0, buildSleepTime=0, maxInspectedBuilds=0, duration=null, humanPatch=false, repository='null', clean=true, bearsMode=BOTH, bearsDelimiter = false, repairTools=NopolAllTests,NPEFix,AssertFixer,AstorJGenProg,AstorJKali,NopolSingleTest,AstorJMut,NopolTestExclusionStrategy, githubUserName= fermadeiral, githubUserEmail=fer.madeiral@gmail.com}
02:48:58.026 [main] DEBUG fr.inria.jtravis.helpers.BuildHelper - Get request to :https://api.travis-ci.org/build/359896323 done after 892 ms
02:48:58.278 [main] DEBUG fr.inria.jtravis.helpers.BuildHelper - Get request to :https://api.travis-ci.org/build/361287418 done after 129 ms
02:48:58.289 [main] INFO  f.i.s.repairnator.pipeline.Launcher - The patched build (361287418) was successfully retrieved from Travis.
02:48:59.465 [main] INFO  fr.inria.jtravis.JTravis - GitHub ratelimit: Limit: 5000 Remaining: 4784 Reset hour: 19:37:30
02:48:59.706 [main] INFO  f.i.s.r.p.i.ProjectInspector - ----------------------------------------------------------------------
02:48:59.707 [main] INFO  f.i.s.r.p.i.ProjectInspector - PIPELINE STEPS
02:48:59.707 [main] INFO  f.i.s.r.p.i.ProjectInspector - ----------------------------------------------------------------------
02:48:59.707 [main] INFO  f.i.s.r.p.i.ProjectInspector - CloneRepository
02:48:59.707 [main] INFO  f.i.s.r.p.i.ProjectInspector - CheckoutPatchedBuildCandidate
02:48:59.707 [main] INFO  f.i.s.r.p.i.ProjectInspector - ComputeSourceDir
02:48:59.707 [main] INFO  f.i.s.r.p.i.ProjectInspector - ComputeTestDir
02:48:59.707 [main] INFO  f.i.s.r.p.i.ProjectInspector - CheckoutBuggyBuildCandidateSourceCode
02:48:59.707 [main] INFO  f.i.s.r.p.i.ProjectInspector - BuildProjectBuggyBuildCandidateSourceCode
02:48:59.708 [main] INFO  f.i.s.r.p.i.ProjectInspector - TestProjectBuggyBuildCandidateSourceCode
02:48:59.708 [main] INFO  f.i.s.r.p.i.ProjectInspector - GatherTestInformationBuggyBuildCandidateSourceCode
02:48:59.708 [main] INFO  f.i.s.r.p.i.ProjectInspector - CheckoutBuggyBuildTestCode
02:48:59.708 [main] INFO  f.i.s.r.p.i.ProjectInspector - InitRepoToPush
02:48:59.708 [main] INFO  f.i.s.r.p.i.ProjectInspector - ComputeClasspath
02:48:59.708 [main] INFO  f.i.s.r.p.i.ProjectInspector - ComputeModules
02:48:59.708 [main] INFO  f.i.s.r.p.i.ProjectInspector - CheckoutBuggyBuildCandidateSourceCode
02:48:59.708 [main] INFO  f.i.s.r.p.i.ProjectInspector - CommitChangedTests
02:48:59.709 [main] INFO  f.i.s.r.p.i.ProjectInspector - CheckoutPatchedBuildCandidate
02:48:59.709 [main] INFO  f.i.s.r.p.i.ProjectInspector - BuildProjectPatchedBuildCandidate
02:48:59.709 [main] INFO  f.i.s.r.p.i.ProjectInspector - TestProjectPatchedBuildCandidate
02:48:59.709 [main] INFO  f.i.s.r.p.i.ProjectInspector - GatherTestInformationPatchedBuildCandidate
02:48:59.709 [main] INFO  f.i.s.r.p.i.ProjectInspector - CommitPatch
02:48:59.709 [main] INFO  f.i.s.r.p.i.ProjectInspector - WritePropertyFile
02:48:59.709 [main] INFO  f.i.s.r.p.i.ProjectInspector - CommitProcessEnd
02:48:59.710 [main] INFO  f.i.s.r.p.i.ProjectInspector - PushProcessEnd
02:48:59.710 [main] DEBUG f.i.s.r.process.step.CloneRepository - ----------------------------------------------------------------------
02:48:59.710 [main] DEBUG f.i.s.r.process.step.CloneRepository - STEP 1/22: CloneRepository
02:48:59.710 [main] DEBUG f.i.s.r.process.step.CloneRepository - ----------------------------------------------------------------------
02:48:59.711 [main] DEBUG f.i.s.r.process.step.CloneRepository - Cloning repository apache/nifi in the following directory: ./workspace/apache/nifi/359896323
02:49:45.274 [main] DEBUG f.i.s.r.process.step.CloneRepository - STEP STATUS: [ CloneRepository : SUCCESS ]
02:49:45.274 [main] DEBUG f.i.s.r.process.step.CloneRepository - STEP DURATION: 45s
02:49:45.274 [main] DEBUG f.i.s.r.process.step.CloneRepository - EXECUTE NEXT STEP
02:49:45.275 [main] DEBUG f.i.s.r.p.s.c.CheckoutPatchedBuild - ----------------------------------------------------------------------
02:49:45.275 [main] DEBUG f.i.s.r.p.s.c.CheckoutPatchedBuild - STEP 2/22: CheckoutPatchedBuildCandidate
02:49:45.275 [main] DEBUG f.i.s.r.p.s.c.CheckoutPatchedBuild - ----------------------------------------------------------------------
02:49:45.275 [main] DEBUG f.i.s.r.p.s.c.CheckoutPatchedBuild - Checking out patched build candidate...
02:49:45.636 [main] INFO  fr.inria.jtravis.JTravis - GitHub ratelimit: Limit: 5000 Remaining: 4783 Reset hour: 19:37:30
02:49:48.371 [main] DEBUG f.i.s.r.p.s.c.CheckoutPatchedBuild - Reproduce the PR for apache/nifi by fetching remote branch and merging.
02:49:50.803 [main] ERROR f.i.s.r.p.s.c.CheckoutPatchedBuild - Error while testing commit: org.eclipse.jgit.errors.MissingObjectException: Missing unknown 4938f3b80a1d5687b30732129e446c1ee1d02495
02:49:50.804 [main] ERROR f.i.s.r.p.s.c.CheckoutPatchedBuild - Commit head ref cannot be retrieved from the repository: 4938f3b80a1d5687b30732129e446c1ee1d02495. Operation aborted.
02:49:50.805 [main] ERROR f.i.s.r.p.s.c.CheckoutPatchedBuild - Error while merging two commits to reproduce the PR.
02:49:50.806 [main] DEBUG f.i.s.r.p.s.c.CheckoutPatchedBuild - STEP STATUS: [ CheckoutPatchedBuildCandidate : FAILURE ( BUILDNOTCHECKEDOUT ) ]
02:49:50.806 [main] DEBUG f.i.s.r.p.s.c.CheckoutPatchedBuild - STEP DURATION: 5s
02:49:50.807 [main] DEBUG f.i.s.r.p.s.c.CheckoutPatchedBuild - TERMINATE PIPELINE
02:49:50.807 [main] DEBUG f.i.s.r.p.s.c.CheckoutPatchedBuild - FINAL STEPS SKIPPED: The reproduction of the bug and/or the patch failed.
02:49:50.807 [main] INFO  f.i.s.r.p.s.c.CheckoutPatchedBuild - Serialize all data for the pair of builds 359896323, 361287418
02:49:50.927 [main] INFO  fr.inria.jtravis.JTravis - GitHub ratelimit: Limit: 5000 Remaining: 4776 Reset hour: 19:37:30
02:49:52.690 [main] INFO  f.i.s.r.p.i.ProjectInspector - ----------------------------------------------------------------------
02:49:52.690 [main] INFO  f.i.s.r.p.i.ProjectInspector - PIPELINE EXECUTION SUMMARY
02:49:52.690 [main] INFO  f.i.s.r.p.i.ProjectInspector - ----------------------------------------------------------------------
02:49:52.691 [main] INFO  f.i.s.r.p.i.ProjectInspector - CloneRepository.......................................SUCCESS [ 45 s ]
02:49:52.691 [main] INFO  f.i.s.r.p.i.ProjectInspector - CheckoutPatchedBuildCandidate.........................FAILURE [  5 s ]
02:49:52.691 [main] INFO  f.i.s.r.p.i.ProjectInspector - ComputeSourceDir......................................NOT RUN         
02:49:52.691 [main] INFO  f.i.s.r.p.i.ProjectInspector - ComputeTestDir........................................NOT RUN         
02:49:52.692 [main] INFO  f.i.s.r.p.i.ProjectInspector - CheckoutBuggyBuildCandidateSourceCode.................NOT RUN         
02:49:52.692 [main] INFO  f.i.s.r.p.i.ProjectInspector - BuildProjectBuggyBuildCandidateSourceCode.............NOT RUN         
02:49:52.692 [main] INFO  f.i.s.r.p.i.ProjectInspector - TestProjectBuggyBuildCandidateSourceCode..............NOT RUN         
02:49:52.693 [main] INFO  f.i.s.r.p.i.ProjectInspector - GatherTestInformationBuggyBuildCandidateSourceCode....NOT RUN         
02:49:52.693 [main] INFO  f.i.s.r.p.i.ProjectInspector - CheckoutBuggyBuildTestCode............................NOT RUN         
02:49:52.693 [main] INFO  f.i.s.r.p.i.ProjectInspector - InitRepoToPush........................................NOT RUN         
02:49:52.693 [main] INFO  f.i.s.r.p.i.ProjectInspector - ComputeClasspath......................................NOT RUN         
02:49:52.693 [main] INFO  f.i.s.r.p.i.ProjectInspector - ComputeModules........................................NOT RUN         
02:49:52.693 [main] INFO  f.i.s.r.p.i.ProjectInspector - CheckoutBuggyBuildCandidateSourceCode.................NOT RUN         
02:49:52.694 [main] INFO  f.i.s.r.p.i.ProjectInspector - CommitChangedTests....................................NOT RUN         
02:49:52.694 [main] INFO  f.i.s.r.p.i.ProjectInspector - CheckoutPatchedBuildCandidate.........................NOT RUN         
02:49:52.694 [main] INFO  f.i.s.r.p.i.ProjectInspector - BuildProjectPatchedBuildCandidate.....................NOT RUN         
02:49:52.694 [main] INFO  f.i.s.r.p.i.ProjectInspector - TestProjectPatchedBuildCandidate......................NOT RUN         
02:49:52.694 [main] INFO  f.i.s.r.p.i.ProjectInspector - GatherTestInformationPatchedBuildCandidate............NOT RUN         
02:49:52.694 [main] INFO  f.i.s.r.p.i.ProjectInspector - CommitPatch...........................................NOT RUN         
02:49:52.694 [main] INFO  f.i.s.r.p.i.ProjectInspector - WritePropertyFile.....................................NOT RUN         
02:49:52.694 [main] INFO  f.i.s.r.p.i.ProjectInspector - CommitProcessEnd......................................NOT RUN         
02:49:52.695 [main] INFO  f.i.s.r.p.i.ProjectInspector - PushProcessEnd........................................NOT RUN         
02:49:52.695 [main] INFO  f.i.s.r.p.i.ProjectInspector - ----------------------------------------------------------------------
02:49:52.695 [main] INFO  f.i.s.r.p.i.ProjectInspector - PIPELINE FINDING: BUILDNOTCHECKEDOUT
02:49:52.695 [main] INFO  f.i.s.r.p.i.ProjectInspector - ----------------------------------------------------------------------
02:49:52.695 [main] INFO  f.i.s.repairnator.pipeline.Launcher - Inspector is finished. The process will exit now.
