01:45:08.441 [main] INFO  f.i.s.repairnator.pipeline.Launcher - PIPELINE VERSION: 3.0-2018-08-09 19:04
01:45:08.618 [main] INFO  f.i.s.repairnator.pipeline.Launcher - The pipeline will try to reproduce a bug from build 341673660 and its corresponding patch from build 341974390
01:45:08.619 [main] INFO  f.i.s.repairnator.pipeline.Launcher - Initialize file serializer engines.
01:45:08.621 [main] INFO  f.i.s.repairnator.pipeline.Launcher - MongoDB won't be used for serialization.
01:45:08.621 [main] INFO  f.i.s.repairnator.pipeline.Launcher - The email notifier engine won't be used.
01:45:08.625 [main] INFO  f.i.s.repairnator.pipeline.Launcher - Start by getting the build (buildId: 341673660) with the following config: RepairnatorConfig{runId='1af30014-1e98-49fd-8f17-d05bb441e6a6_02-18-week3-PASSING_AND_PASSING', launcherMode=BEARS, serializeJson=true, inputPath='null', outputPath='/var/log', mongodbHost='null', mongodbName='repairnator', smtpServer='null', notifyTo=[], notifyEndProcess=false, push=true, pushRemoteRepo='https://github.com/fermadeiral/bears-collection-pp', fork=false, lookFromDate=null, lookToDate=null, buildId=341673660, z3solverPath='./z3_for_linux', workspacePath='./workspace', githubToken='c8a341a903[...]', dockerImageName='null', skipDelete=false, createOutputDir=false, logDirectory='null', nbThreads=0, globalTimeout=0, whiteList=null, blackList=null, jobSleepTime=0, buildSleepTime=0, maxInspectedBuilds=0, duration=null, humanPatch=false, repository='null', clean=true, bearsMode=BOTH, bearsDelimiter = false, repairTools=NopolAllTests,NPEFix,AssertFixer,AstorJGenProg,AstorJKali,NopolSingleTest,AstorJMut,NopolTestExclusionStrategy, githubUserName= fermadeiral, githubUserEmail=fer.madeiral@gmail.com}
01:45:11.397 [main] DEBUG fr.inria.jtravis.helpers.BuildHelper - Get request to :https://api.travis-ci.org/build/341673660 done after 2198 ms
01:45:11.684 [main] DEBUG fr.inria.jtravis.helpers.BuildHelper - Get request to :https://api.travis-ci.org/build/341974390 done after 134 ms
01:45:11.705 [main] INFO  f.i.s.repairnator.pipeline.Launcher - The patched build (341974390) was successfully retrieved from Travis.
01:45:13.014 [main] INFO  fr.inria.jtravis.JTravis - GitHub ratelimit: Limit: 5000 Remaining: 4537 Reset hour: 19:25:55
01:45:13.268 [main] INFO  f.i.s.r.p.i.ProjectInspector - ----------------------------------------------------------------------
01:45:13.268 [main] INFO  f.i.s.r.p.i.ProjectInspector - PIPELINE STEPS
01:45:13.268 [main] INFO  f.i.s.r.p.i.ProjectInspector - ----------------------------------------------------------------------
01:45:13.268 [main] INFO  f.i.s.r.p.i.ProjectInspector - CloneRepository
01:45:13.269 [main] INFO  f.i.s.r.p.i.ProjectInspector - CheckoutPatchedBuildCandidate
01:45:13.269 [main] INFO  f.i.s.r.p.i.ProjectInspector - ComputeSourceDir
01:45:13.269 [main] INFO  f.i.s.r.p.i.ProjectInspector - ComputeTestDir
01:45:13.269 [main] INFO  f.i.s.r.p.i.ProjectInspector - CheckoutBuggyBuildCandidateSourceCode
01:45:13.269 [main] INFO  f.i.s.r.p.i.ProjectInspector - BuildProjectBuggyBuildCandidateSourceCode
01:45:13.270 [main] INFO  f.i.s.r.p.i.ProjectInspector - TestProjectBuggyBuildCandidateSourceCode
01:45:13.270 [main] INFO  f.i.s.r.p.i.ProjectInspector - GatherTestInformationBuggyBuildCandidateSourceCode
01:45:13.270 [main] INFO  f.i.s.r.p.i.ProjectInspector - CheckoutBuggyBuildTestCode
01:45:13.270 [main] INFO  f.i.s.r.p.i.ProjectInspector - InitRepoToPush
01:45:13.270 [main] INFO  f.i.s.r.p.i.ProjectInspector - ComputeClasspath
01:45:13.270 [main] INFO  f.i.s.r.p.i.ProjectInspector - ComputeModules
01:45:13.271 [main] INFO  f.i.s.r.p.i.ProjectInspector - CheckoutBuggyBuildCandidateSourceCode
01:45:13.271 [main] INFO  f.i.s.r.p.i.ProjectInspector - CommitChangedTests
01:45:13.271 [main] INFO  f.i.s.r.p.i.ProjectInspector - CheckoutPatchedBuildCandidate
01:45:13.271 [main] INFO  f.i.s.r.p.i.ProjectInspector - BuildProjectPatchedBuildCandidate
01:45:13.271 [main] INFO  f.i.s.r.p.i.ProjectInspector - TestProjectPatchedBuildCandidate
01:45:13.272 [main] INFO  f.i.s.r.p.i.ProjectInspector - GatherTestInformationPatchedBuildCandidate
01:45:13.272 [main] INFO  f.i.s.r.p.i.ProjectInspector - CommitPatch
01:45:13.272 [main] INFO  f.i.s.r.p.i.ProjectInspector - WritePropertyFile
01:45:13.272 [main] INFO  f.i.s.r.p.i.ProjectInspector - CommitProcessEnd
01:45:13.273 [main] INFO  f.i.s.r.p.i.ProjectInspector - PushProcessEnd
01:45:13.273 [main] DEBUG f.i.s.r.process.step.CloneRepository - ----------------------------------------------------------------------
01:45:13.273 [main] DEBUG f.i.s.r.process.step.CloneRepository - STEP 1/22: CloneRepository
01:45:13.273 [main] DEBUG f.i.s.r.process.step.CloneRepository - ----------------------------------------------------------------------
01:45:13.274 [main] DEBUG f.i.s.r.process.step.CloneRepository - Cloning repository apache/incubator-druid in the following directory: ./workspace/apache/incubator-druid/341673660
01:45:50.904 [main] DEBUG f.i.s.r.process.step.CloneRepository - STEP STATUS: [ CloneRepository : SUCCESS ]
01:45:50.905 [main] DEBUG f.i.s.r.process.step.CloneRepository - STEP DURATION: 37s
01:45:50.905 [main] DEBUG f.i.s.r.process.step.CloneRepository - EXECUTE NEXT STEP
01:45:50.906 [main] DEBUG f.i.s.r.p.s.c.CheckoutPatchedBuild - ----------------------------------------------------------------------
01:45:50.906 [main] DEBUG f.i.s.r.p.s.c.CheckoutPatchedBuild - STEP 2/22: CheckoutPatchedBuildCandidate
01:45:50.906 [main] DEBUG f.i.s.r.p.s.c.CheckoutPatchedBuild - ----------------------------------------------------------------------
01:45:50.907 [main] DEBUG f.i.s.r.p.s.c.CheckoutPatchedBuild - Checking out patched build candidate...
01:45:51.252 [main] INFO  fr.inria.jtravis.JTravis - GitHub ratelimit: Limit: 5000 Remaining: 4530 Reset hour: 19:25:55
01:45:53.766 [main] DEBUG f.i.s.r.p.s.c.CheckoutPatchedBuild - Reproduce the PR for apache/incubator-druid by fetching remote branch and merging.
01:45:57.345 [main] ERROR f.i.s.r.p.s.c.CheckoutPatchedBuild - Error while testing commit: org.eclipse.jgit.errors.MissingObjectException: Missing unknown bab98b8f208aafa4e48ab937cf6301d1fec79da1
01:45:57.346 [main] ERROR f.i.s.r.p.s.c.CheckoutPatchedBuild - Commit head ref cannot be retrieved from the repository: bab98b8f208aafa4e48ab937cf6301d1fec79da1. Operation aborted.
01:45:57.347 [main] ERROR f.i.s.r.p.s.c.CheckoutPatchedBuild - Error while merging two commits to reproduce the PR.
01:45:57.348 [main] DEBUG f.i.s.r.p.s.c.CheckoutPatchedBuild - STEP STATUS: [ CheckoutPatchedBuildCandidate : FAILURE ( BUILDNOTCHECKEDOUT ) ]
01:45:57.348 [main] DEBUG f.i.s.r.p.s.c.CheckoutPatchedBuild - STEP DURATION: 6s
01:45:57.348 [main] DEBUG f.i.s.r.p.s.c.CheckoutPatchedBuild - TERMINATE PIPELINE
01:45:57.348 [main] DEBUG f.i.s.r.p.s.c.CheckoutPatchedBuild - FINAL STEPS SKIPPED: The reproduction of the bug and/or the patch failed.
01:45:57.348 [main] INFO  f.i.s.r.p.s.c.CheckoutPatchedBuild - Serialize all data for the pair of builds 341673660, 341974390
01:45:57.471 [main] INFO  fr.inria.jtravis.JTravis - GitHub ratelimit: Limit: 5000 Remaining: 4516 Reset hour: 19:25:55
01:45:58.503 [main] INFO  f.i.s.r.p.i.ProjectInspector - ----------------------------------------------------------------------
01:45:58.551 [main] INFO  f.i.s.r.p.i.ProjectInspector - PIPELINE EXECUTION SUMMARY
01:45:58.552 [main] INFO  f.i.s.r.p.i.ProjectInspector - ----------------------------------------------------------------------
01:45:58.552 [main] INFO  f.i.s.r.p.i.ProjectInspector - CloneRepository.......................................SUCCESS [ 37 s ]
01:45:58.552 [main] INFO  f.i.s.r.p.i.ProjectInspector - CheckoutPatchedBuildCandidate.........................FAILURE [  6 s ]
01:45:58.552 [main] INFO  f.i.s.r.p.i.ProjectInspector - ComputeSourceDir......................................NOT RUN         
01:45:58.553 [main] INFO  f.i.s.r.p.i.ProjectInspector - ComputeTestDir........................................NOT RUN         
01:45:58.554 [main] INFO  f.i.s.r.p.i.ProjectInspector - CheckoutBuggyBuildCandidateSourceCode.................NOT RUN         
01:45:58.554 [main] INFO  f.i.s.r.p.i.ProjectInspector - BuildProjectBuggyBuildCandidateSourceCode.............NOT RUN         
01:45:58.554 [main] INFO  f.i.s.r.p.i.ProjectInspector - TestProjectBuggyBuildCandidateSourceCode..............NOT RUN         
01:45:58.554 [main] INFO  f.i.s.r.p.i.ProjectInspector - GatherTestInformationBuggyBuildCandidateSourceCode....NOT RUN         
01:45:58.554 [main] INFO  f.i.s.r.p.i.ProjectInspector - CheckoutBuggyBuildTestCode............................NOT RUN         
01:45:58.554 [main] INFO  f.i.s.r.p.i.ProjectInspector - InitRepoToPush........................................NOT RUN         
01:45:58.555 [main] INFO  f.i.s.r.p.i.ProjectInspector - ComputeClasspath......................................NOT RUN         
01:45:58.555 [main] INFO  f.i.s.r.p.i.ProjectInspector - ComputeModules........................................NOT RUN         
01:45:58.555 [main] INFO  f.i.s.r.p.i.ProjectInspector - CheckoutBuggyBuildCandidateSourceCode.................NOT RUN         
01:45:58.555 [main] INFO  f.i.s.r.p.i.ProjectInspector - CommitChangedTests....................................NOT RUN         
01:45:58.555 [main] INFO  f.i.s.r.p.i.ProjectInspector - CheckoutPatchedBuildCandidate.........................NOT RUN         
01:45:58.555 [main] INFO  f.i.s.r.p.i.ProjectInspector - BuildProjectPatchedBuildCandidate.....................NOT RUN         
01:45:58.556 [main] INFO  f.i.s.r.p.i.ProjectInspector - TestProjectPatchedBuildCandidate......................NOT RUN         
01:45:58.556 [main] INFO  f.i.s.r.p.i.ProjectInspector - GatherTestInformationPatchedBuildCandidate............NOT RUN         
01:45:58.556 [main] INFO  f.i.s.r.p.i.ProjectInspector - CommitPatch...........................................NOT RUN         
01:45:58.556 [main] INFO  f.i.s.r.p.i.ProjectInspector - WritePropertyFile.....................................NOT RUN         
01:45:58.558 [main] INFO  f.i.s.r.p.i.ProjectInspector - CommitProcessEnd......................................NOT RUN         
01:45:58.558 [main] INFO  f.i.s.r.p.i.ProjectInspector - PushProcessEnd........................................NOT RUN         
01:45:58.558 [main] INFO  f.i.s.r.p.i.ProjectInspector - ----------------------------------------------------------------------
01:45:58.558 [main] INFO  f.i.s.r.p.i.ProjectInspector - PIPELINE FINDING: BUILDNOTCHECKEDOUT
01:45:58.559 [main] INFO  f.i.s.r.p.i.ProjectInspector - ----------------------------------------------------------------------
01:45:58.559 [main] INFO  f.i.s.repairnator.pipeline.Launcher - Inspector is finished. The process will exit now.
