04:08:35.073 [main] INFO  f.i.s.repairnator.pipeline.Launcher - PIPELINE VERSION: 3.0-2018-08-09 19:04
04:08:35.220 [main] INFO  f.i.s.repairnator.pipeline.Launcher - The pipeline will try to reproduce a bug from build 343520950 and its corresponding patch from build 343543206
04:08:35.221 [main] INFO  f.i.s.repairnator.pipeline.Launcher - Initialize file serializer engines.
04:08:35.222 [main] INFO  f.i.s.repairnator.pipeline.Launcher - MongoDB won't be used for serialization.
04:08:35.223 [main] INFO  f.i.s.repairnator.pipeline.Launcher - The email notifier engine won't be used.
04:08:35.226 [main] INFO  f.i.s.repairnator.pipeline.Launcher - Start by getting the build (buildId: 343520950) with the following config: RepairnatorConfig{runId='1af30014-1e98-49fd-8f17-d05bb441e6a6_02-18-week3-PASSING_AND_PASSING', launcherMode=BEARS, serializeJson=true, inputPath='null', outputPath='/var/log', mongodbHost='null', mongodbName='repairnator', smtpServer='null', notifyTo=[], notifyEndProcess=false, push=true, pushRemoteRepo='https://github.com/fermadeiral/bears-collection-pp', fork=false, lookFromDate=null, lookToDate=null, buildId=343520950, z3solverPath='./z3_for_linux', workspacePath='./workspace', githubToken='c8a341a903[...]', dockerImageName='null', skipDelete=false, createOutputDir=false, logDirectory='null', nbThreads=0, globalTimeout=0, whiteList=null, blackList=null, jobSleepTime=0, buildSleepTime=0, maxInspectedBuilds=0, duration=null, humanPatch=false, repository='null', clean=true, bearsMode=BOTH, bearsDelimiter = false, repairTools=NopolAllTests,NPEFix,AssertFixer,AstorJGenProg,AstorJKali,NopolSingleTest,AstorJMut,NopolTestExclusionStrategy, githubUserName= fermadeiral, githubUserEmail=fer.madeiral@gmail.com}
04:08:36.798 [main] DEBUG fr.inria.jtravis.helpers.BuildHelper - Get request to :https://api.travis-ci.org/build/343520950 done after 926 ms
04:08:37.066 [main] DEBUG fr.inria.jtravis.helpers.BuildHelper - Get request to :https://api.travis-ci.org/build/343543206 done after 132 ms
04:08:37.083 [main] INFO  f.i.s.repairnator.pipeline.Launcher - The patched build (343543206) was successfully retrieved from Travis.
04:08:38.903 [main] INFO  fr.inria.jtravis.JTravis - GitHub ratelimit: Limit: 5000 Remaining: 4876 Reset hour: 19:26:06
04:08:39.174 [main] INFO  f.i.s.r.p.i.ProjectInspector - ----------------------------------------------------------------------
04:08:39.175 [main] INFO  f.i.s.r.p.i.ProjectInspector - PIPELINE STEPS
04:08:39.175 [main] INFO  f.i.s.r.p.i.ProjectInspector - ----------------------------------------------------------------------
04:08:39.176 [main] INFO  f.i.s.r.p.i.ProjectInspector - CloneRepository
04:08:39.176 [main] INFO  f.i.s.r.p.i.ProjectInspector - CheckoutPatchedBuildCandidate
04:08:39.176 [main] INFO  f.i.s.r.p.i.ProjectInspector - ComputeSourceDir
04:08:39.177 [main] INFO  f.i.s.r.p.i.ProjectInspector - ComputeTestDir
04:08:39.177 [main] INFO  f.i.s.r.p.i.ProjectInspector - CheckoutBuggyBuildCandidateSourceCode
04:08:39.177 [main] INFO  f.i.s.r.p.i.ProjectInspector - BuildProjectBuggyBuildCandidateSourceCode
04:08:39.178 [main] INFO  f.i.s.r.p.i.ProjectInspector - TestProjectBuggyBuildCandidateSourceCode
04:08:39.178 [main] INFO  f.i.s.r.p.i.ProjectInspector - GatherTestInformationBuggyBuildCandidateSourceCode
04:08:39.178 [main] INFO  f.i.s.r.p.i.ProjectInspector - CheckoutBuggyBuildTestCode
04:08:39.179 [main] INFO  f.i.s.r.p.i.ProjectInspector - InitRepoToPush
04:08:39.179 [main] INFO  f.i.s.r.p.i.ProjectInspector - ComputeClasspath
04:08:39.179 [main] INFO  f.i.s.r.p.i.ProjectInspector - ComputeModules
04:08:39.180 [main] INFO  f.i.s.r.p.i.ProjectInspector - CheckoutBuggyBuildCandidateSourceCode
04:08:39.180 [main] INFO  f.i.s.r.p.i.ProjectInspector - CommitChangedTests
04:08:39.180 [main] INFO  f.i.s.r.p.i.ProjectInspector - CheckoutPatchedBuildCandidate
04:08:39.180 [main] INFO  f.i.s.r.p.i.ProjectInspector - BuildProjectPatchedBuildCandidate
04:08:39.181 [main] INFO  f.i.s.r.p.i.ProjectInspector - TestProjectPatchedBuildCandidate
04:08:39.181 [main] INFO  f.i.s.r.p.i.ProjectInspector - GatherTestInformationPatchedBuildCandidate
04:08:39.181 [main] INFO  f.i.s.r.p.i.ProjectInspector - CommitPatch
04:08:39.182 [main] INFO  f.i.s.r.p.i.ProjectInspector - WritePropertyFile
04:08:39.182 [main] INFO  f.i.s.r.p.i.ProjectInspector - CommitProcessEnd
04:08:39.182 [main] INFO  f.i.s.r.p.i.ProjectInspector - PushProcessEnd
04:08:39.184 [main] DEBUG f.i.s.r.process.step.CloneRepository - ----------------------------------------------------------------------
04:08:39.185 [main] DEBUG f.i.s.r.process.step.CloneRepository - STEP 1/22: CloneRepository
04:08:39.185 [main] DEBUG f.i.s.r.process.step.CloneRepository - ----------------------------------------------------------------------
04:08:39.186 [main] DEBUG f.i.s.r.process.step.CloneRepository - Cloning repository EnMasseProject/enmasse in the following directory: ./workspace/EnMasseProject/enmasse/343520950
04:09:07.841 [main] DEBUG f.i.s.r.process.step.CloneRepository - STEP STATUS: [ CloneRepository : SUCCESS ]
04:09:07.841 [main] DEBUG f.i.s.r.process.step.CloneRepository - STEP DURATION: 28s
04:09:07.841 [main] DEBUG f.i.s.r.process.step.CloneRepository - EXECUTE NEXT STEP
04:09:07.842 [main] DEBUG f.i.s.r.p.s.c.CheckoutPatchedBuild - ----------------------------------------------------------------------
04:09:07.842 [main] DEBUG f.i.s.r.p.s.c.CheckoutPatchedBuild - STEP 2/22: CheckoutPatchedBuildCandidate
04:09:07.842 [main] DEBUG f.i.s.r.p.s.c.CheckoutPatchedBuild - ----------------------------------------------------------------------
04:09:07.842 [main] DEBUG f.i.s.r.p.s.c.CheckoutPatchedBuild - Checking out patched build candidate...
04:09:07.852 [main] ERROR f.i.s.r.p.s.c.CheckoutPatchedBuild - Error while testing commit: org.eclipse.jgit.errors.MissingObjectException: Missing unknown a244b787db3b4decf698df68c81ed39ad87dbcc2
04:09:07.852 [main] ERROR f.i.s.r.p.s.c.CheckoutPatchedBuild - Error while getting the commit to checkout from the repo.
04:09:07.853 [main] DEBUG f.i.s.r.p.s.c.CheckoutPatchedBuild - STEP STATUS: [ CheckoutPatchedBuildCandidate : FAILURE ( BUILDNOTCHECKEDOUT ) ]
04:09:07.853 [main] DEBUG f.i.s.r.p.s.c.CheckoutPatchedBuild - STEP DURATION: 0s
04:09:07.853 [main] DEBUG f.i.s.r.p.s.c.CheckoutPatchedBuild - TERMINATE PIPELINE
04:09:07.853 [main] DEBUG f.i.s.r.p.s.c.CheckoutPatchedBuild - FINAL STEPS SKIPPED: The reproduction of the bug and/or the patch failed.
04:09:07.853 [main] INFO  f.i.s.r.p.s.c.CheckoutPatchedBuild - Serialize all data for the pair of builds 343520950, 343543206
04:09:08.167 [main] INFO  fr.inria.jtravis.JTravis - GitHub ratelimit: Limit: 5000 Remaining: 4875 Reset hour: 19:26:06
04:09:09.565 [main] INFO  f.i.s.r.p.i.ProjectInspector - ----------------------------------------------------------------------
04:09:09.566 [main] INFO  f.i.s.r.p.i.ProjectInspector - PIPELINE EXECUTION SUMMARY
04:09:09.566 [main] INFO  f.i.s.r.p.i.ProjectInspector - ----------------------------------------------------------------------
04:09:09.566 [main] INFO  f.i.s.r.p.i.ProjectInspector - CloneRepository.......................................SUCCESS [ 28 s ]
04:09:09.566 [main] INFO  f.i.s.r.p.i.ProjectInspector - CheckoutPatchedBuildCandidate.........................FAILURE [  0 s ]
04:09:09.566 [main] INFO  f.i.s.r.p.i.ProjectInspector - ComputeSourceDir......................................NOT RUN         
04:09:09.567 [main] INFO  f.i.s.r.p.i.ProjectInspector - ComputeTestDir........................................NOT RUN         
04:09:09.567 [main] INFO  f.i.s.r.p.i.ProjectInspector - CheckoutBuggyBuildCandidateSourceCode.................NOT RUN         
04:09:09.567 [main] INFO  f.i.s.r.p.i.ProjectInspector - BuildProjectBuggyBuildCandidateSourceCode.............NOT RUN         
04:09:09.567 [main] INFO  f.i.s.r.p.i.ProjectInspector - TestProjectBuggyBuildCandidateSourceCode..............NOT RUN         
04:09:09.568 [main] INFO  f.i.s.r.p.i.ProjectInspector - GatherTestInformationBuggyBuildCandidateSourceCode....NOT RUN         
04:09:09.568 [main] INFO  f.i.s.r.p.i.ProjectInspector - CheckoutBuggyBuildTestCode............................NOT RUN         
04:09:09.568 [main] INFO  f.i.s.r.p.i.ProjectInspector - InitRepoToPush........................................NOT RUN         
04:09:09.568 [main] INFO  f.i.s.r.p.i.ProjectInspector - ComputeClasspath......................................NOT RUN         
04:09:09.569 [main] INFO  f.i.s.r.p.i.ProjectInspector - ComputeModules........................................NOT RUN         
04:09:09.569 [main] INFO  f.i.s.r.p.i.ProjectInspector - CheckoutBuggyBuildCandidateSourceCode.................NOT RUN         
04:09:09.569 [main] INFO  f.i.s.r.p.i.ProjectInspector - CommitChangedTests....................................NOT RUN         
04:09:09.569 [main] INFO  f.i.s.r.p.i.ProjectInspector - CheckoutPatchedBuildCandidate.........................NOT RUN         
04:09:09.569 [main] INFO  f.i.s.r.p.i.ProjectInspector - BuildProjectPatchedBuildCandidate.....................NOT RUN         
04:09:09.569 [main] INFO  f.i.s.r.p.i.ProjectInspector - TestProjectPatchedBuildCandidate......................NOT RUN         
04:09:09.570 [main] INFO  f.i.s.r.p.i.ProjectInspector - GatherTestInformationPatchedBuildCandidate............NOT RUN         
04:09:09.570 [main] INFO  f.i.s.r.p.i.ProjectInspector - CommitPatch...........................................NOT RUN         
04:09:09.570 [main] INFO  f.i.s.r.p.i.ProjectInspector - WritePropertyFile.....................................NOT RUN         
04:09:09.570 [main] INFO  f.i.s.r.p.i.ProjectInspector - CommitProcessEnd......................................NOT RUN         
04:09:09.570 [main] INFO  f.i.s.r.p.i.ProjectInspector - PushProcessEnd........................................NOT RUN         
04:09:09.570 [main] INFO  f.i.s.r.p.i.ProjectInspector - ----------------------------------------------------------------------
04:09:09.570 [main] INFO  f.i.s.r.p.i.ProjectInspector - PIPELINE FINDING: BUILDNOTCHECKEDOUT
04:09:09.570 [main] INFO  f.i.s.r.p.i.ProjectInspector - ----------------------------------------------------------------------
04:09:09.571 [main] INFO  f.i.s.repairnator.pipeline.Launcher - Inspector is finished. The process will exit now.
