04:27:50.602 [main] INFO  f.i.s.repairnator.pipeline.Launcher - PIPELINE VERSION: 3.0-2018-08-09 19:04
04:27:50.736 [main] INFO  f.i.s.repairnator.pipeline.Launcher - The pipeline will try to reproduce a bug from build 342074653 and its corresponding patch from build 342088753
04:27:50.736 [main] INFO  f.i.s.repairnator.pipeline.Launcher - Initialize file serializer engines.
04:27:50.738 [main] INFO  f.i.s.repairnator.pipeline.Launcher - MongoDB won't be used for serialization.
04:27:50.738 [main] INFO  f.i.s.repairnator.pipeline.Launcher - The email notifier engine won't be used.
04:27:50.741 [main] INFO  f.i.s.repairnator.pipeline.Launcher - Start by getting the build (buildId: 342074653) with the following config: RepairnatorConfig{runId='1af30014-1e98-49fd-8f17-d05bb441e6a6_02-18-week3-PASSING_AND_PASSING', launcherMode=BEARS, serializeJson=true, inputPath='null', outputPath='/var/log', mongodbHost='null', mongodbName='repairnator', smtpServer='null', notifyTo=[], notifyEndProcess=false, push=true, pushRemoteRepo='https://github.com/fermadeiral/bears-collection-pp', fork=false, lookFromDate=null, lookToDate=null, buildId=342074653, z3solverPath='./z3_for_linux', workspacePath='./workspace', githubToken='c8a341a903[...]', dockerImageName='null', skipDelete=false, createOutputDir=false, logDirectory='null', nbThreads=0, globalTimeout=0, whiteList=null, blackList=null, jobSleepTime=0, buildSleepTime=0, maxInspectedBuilds=0, duration=null, humanPatch=false, repository='null', clean=true, bearsMode=BOTH, bearsDelimiter = false, repairTools=NopolAllTests,NPEFix,AssertFixer,AstorJGenProg,AstorJKali,NopolSingleTest,AstorJMut,NopolTestExclusionStrategy, githubUserName= fermadeiral, githubUserEmail=fer.madeiral@gmail.com}
04:27:52.379 [main] DEBUG fr.inria.jtravis.helpers.BuildHelper - Get request to :https://api.travis-ci.org/build/342074653 done after 1200 ms
04:27:52.602 [main] DEBUG fr.inria.jtravis.helpers.BuildHelper - Get request to :https://api.travis-ci.org/build/342088753 done after 122 ms
04:27:52.612 [main] INFO  f.i.s.repairnator.pipeline.Launcher - The patched build (342088753) was successfully retrieved from Travis.
04:27:53.767 [main] INFO  fr.inria.jtravis.JTravis - GitHub ratelimit: Limit: 5000 Remaining: 4592 Reset hour: 19:26:06
04:27:54.145 [main] INFO  f.i.s.r.p.i.ProjectInspector - ----------------------------------------------------------------------
04:27:54.146 [main] INFO  f.i.s.r.p.i.ProjectInspector - PIPELINE STEPS
04:27:54.146 [main] INFO  f.i.s.r.p.i.ProjectInspector - ----------------------------------------------------------------------
04:27:54.146 [main] INFO  f.i.s.r.p.i.ProjectInspector - CloneRepository
04:27:54.146 [main] INFO  f.i.s.r.p.i.ProjectInspector - CheckoutPatchedBuildCandidate
04:27:54.147 [main] INFO  f.i.s.r.p.i.ProjectInspector - ComputeSourceDir
04:27:54.147 [main] INFO  f.i.s.r.p.i.ProjectInspector - ComputeTestDir
04:27:54.147 [main] INFO  f.i.s.r.p.i.ProjectInspector - CheckoutBuggyBuildCandidateSourceCode
04:27:54.147 [main] INFO  f.i.s.r.p.i.ProjectInspector - BuildProjectBuggyBuildCandidateSourceCode
04:27:54.148 [main] INFO  f.i.s.r.p.i.ProjectInspector - TestProjectBuggyBuildCandidateSourceCode
04:27:54.148 [main] INFO  f.i.s.r.p.i.ProjectInspector - GatherTestInformationBuggyBuildCandidateSourceCode
04:27:54.148 [main] INFO  f.i.s.r.p.i.ProjectInspector - CheckoutBuggyBuildTestCode
04:27:54.148 [main] INFO  f.i.s.r.p.i.ProjectInspector - InitRepoToPush
04:27:54.149 [main] INFO  f.i.s.r.p.i.ProjectInspector - ComputeClasspath
04:27:54.149 [main] INFO  f.i.s.r.p.i.ProjectInspector - ComputeModules
04:27:54.149 [main] INFO  f.i.s.r.p.i.ProjectInspector - CheckoutBuggyBuildCandidateSourceCode
04:27:54.150 [main] INFO  f.i.s.r.p.i.ProjectInspector - CommitChangedTests
04:27:54.150 [main] INFO  f.i.s.r.p.i.ProjectInspector - CheckoutPatchedBuildCandidate
04:27:54.150 [main] INFO  f.i.s.r.p.i.ProjectInspector - BuildProjectPatchedBuildCandidate
04:27:54.150 [main] INFO  f.i.s.r.p.i.ProjectInspector - TestProjectPatchedBuildCandidate
04:27:54.151 [main] INFO  f.i.s.r.p.i.ProjectInspector - GatherTestInformationPatchedBuildCandidate
04:27:54.151 [main] INFO  f.i.s.r.p.i.ProjectInspector - CommitPatch
04:27:54.152 [main] INFO  f.i.s.r.p.i.ProjectInspector - WritePropertyFile
04:27:54.153 [main] INFO  f.i.s.r.p.i.ProjectInspector - CommitProcessEnd
04:27:54.153 [main] INFO  f.i.s.r.p.i.ProjectInspector - PushProcessEnd
04:27:54.153 [main] DEBUG f.i.s.r.process.step.CloneRepository - ----------------------------------------------------------------------
04:27:54.154 [main] DEBUG f.i.s.r.process.step.CloneRepository - STEP 1/22: CloneRepository
04:27:54.154 [main] DEBUG f.i.s.r.process.step.CloneRepository - ----------------------------------------------------------------------
04:27:54.155 [main] DEBUG f.i.s.r.process.step.CloneRepository - Cloning repository batfish/batfish in the following directory: ./workspace/batfish/batfish/342074653
04:28:45.992 [main] DEBUG f.i.s.r.process.step.CloneRepository - STEP STATUS: [ CloneRepository : SUCCESS ]
04:28:45.993 [main] DEBUG f.i.s.r.process.step.CloneRepository - STEP DURATION: 51s
04:28:45.993 [main] DEBUG f.i.s.r.process.step.CloneRepository - EXECUTE NEXT STEP
04:28:45.993 [main] DEBUG f.i.s.r.p.s.c.CheckoutPatchedBuild - ----------------------------------------------------------------------
04:28:45.994 [main] DEBUG f.i.s.r.p.s.c.CheckoutPatchedBuild - STEP 2/22: CheckoutPatchedBuildCandidate
04:28:45.994 [main] DEBUG f.i.s.r.p.s.c.CheckoutPatchedBuild - ----------------------------------------------------------------------
04:28:45.994 [main] DEBUG f.i.s.r.p.s.c.CheckoutPatchedBuild - Checking out patched build candidate...
04:28:46.322 [main] INFO  fr.inria.jtravis.JTravis - GitHub ratelimit: Limit: 5000 Remaining: 4583 Reset hour: 19:26:06
04:28:48.567 [main] DEBUG f.i.s.r.p.s.c.CheckoutPatchedBuild - Reproduce the PR for batfish/batfish by fetching remote branch and merging.
04:28:49.481 [main] ERROR f.i.s.r.p.s.c.CheckoutPatchedBuild - Error while testing commit: org.eclipse.jgit.errors.MissingObjectException: Missing unknown 9eee7a5bb9afd3a675399d66072a125c4d063732
04:28:49.482 [main] ERROR f.i.s.r.p.s.c.CheckoutPatchedBuild - Commit head ref cannot be retrieved from the repository: 9eee7a5bb9afd3a675399d66072a125c4d063732. Operation aborted.
04:28:49.482 [main] ERROR f.i.s.r.p.s.c.CheckoutPatchedBuild - Error while merging two commits to reproduce the PR.
04:28:49.483 [main] DEBUG f.i.s.r.p.s.c.CheckoutPatchedBuild - STEP STATUS: [ CheckoutPatchedBuildCandidate : FAILURE ( BUILDNOTCHECKEDOUT ) ]
04:28:49.483 [main] DEBUG f.i.s.r.p.s.c.CheckoutPatchedBuild - STEP DURATION: 3s
04:28:49.484 [main] DEBUG f.i.s.r.p.s.c.CheckoutPatchedBuild - TERMINATE PIPELINE
04:28:49.484 [main] DEBUG f.i.s.r.p.s.c.CheckoutPatchedBuild - FINAL STEPS SKIPPED: The reproduction of the bug and/or the patch failed.
04:28:49.484 [main] INFO  f.i.s.r.p.s.c.CheckoutPatchedBuild - Serialize all data for the pair of builds 342074653, 342088753
04:28:49.601 [main] INFO  fr.inria.jtravis.JTravis - GitHub ratelimit: Limit: 5000 Remaining: 4576 Reset hour: 19:26:06
04:28:50.420 [main] INFO  f.i.s.r.p.i.ProjectInspector - ----------------------------------------------------------------------
04:28:50.421 [main] INFO  f.i.s.r.p.i.ProjectInspector - PIPELINE EXECUTION SUMMARY
04:28:50.421 [main] INFO  f.i.s.r.p.i.ProjectInspector - ----------------------------------------------------------------------
04:28:50.421 [main] INFO  f.i.s.r.p.i.ProjectInspector - CloneRepository.......................................SUCCESS [ 51 s ]
04:28:50.422 [main] INFO  f.i.s.r.p.i.ProjectInspector - CheckoutPatchedBuildCandidate.........................FAILURE [  3 s ]
04:28:50.422 [main] INFO  f.i.s.r.p.i.ProjectInspector - ComputeSourceDir......................................NOT RUN         
04:28:50.422 [main] INFO  f.i.s.r.p.i.ProjectInspector - ComputeTestDir........................................NOT RUN         
04:28:50.423 [main] INFO  f.i.s.r.p.i.ProjectInspector - CheckoutBuggyBuildCandidateSourceCode.................NOT RUN         
04:28:50.423 [main] INFO  f.i.s.r.p.i.ProjectInspector - BuildProjectBuggyBuildCandidateSourceCode.............NOT RUN         
04:28:50.423 [main] INFO  f.i.s.r.p.i.ProjectInspector - TestProjectBuggyBuildCandidateSourceCode..............NOT RUN         
04:28:50.423 [main] INFO  f.i.s.r.p.i.ProjectInspector - GatherTestInformationBuggyBuildCandidateSourceCode....NOT RUN         
04:28:50.423 [main] INFO  f.i.s.r.p.i.ProjectInspector - CheckoutBuggyBuildTestCode............................NOT RUN         
04:28:50.423 [main] INFO  f.i.s.r.p.i.ProjectInspector - InitRepoToPush........................................NOT RUN         
04:28:50.423 [main] INFO  f.i.s.r.p.i.ProjectInspector - ComputeClasspath......................................NOT RUN         
04:28:50.423 [main] INFO  f.i.s.r.p.i.ProjectInspector - ComputeModules........................................NOT RUN         
04:28:50.423 [main] INFO  f.i.s.r.p.i.ProjectInspector - CheckoutBuggyBuildCandidateSourceCode.................NOT RUN         
04:28:50.424 [main] INFO  f.i.s.r.p.i.ProjectInspector - CommitChangedTests....................................NOT RUN         
04:28:50.424 [main] INFO  f.i.s.r.p.i.ProjectInspector - CheckoutPatchedBuildCandidate.........................NOT RUN         
04:28:50.424 [main] INFO  f.i.s.r.p.i.ProjectInspector - BuildProjectPatchedBuildCandidate.....................NOT RUN         
04:28:50.424 [main] INFO  f.i.s.r.p.i.ProjectInspector - TestProjectPatchedBuildCandidate......................NOT RUN         
04:28:50.424 [main] INFO  f.i.s.r.p.i.ProjectInspector - GatherTestInformationPatchedBuildCandidate............NOT RUN         
04:28:50.424 [main] INFO  f.i.s.r.p.i.ProjectInspector - CommitPatch...........................................NOT RUN         
04:28:50.424 [main] INFO  f.i.s.r.p.i.ProjectInspector - WritePropertyFile.....................................NOT RUN         
04:28:50.424 [main] INFO  f.i.s.r.p.i.ProjectInspector - CommitProcessEnd......................................NOT RUN         
04:28:50.424 [main] INFO  f.i.s.r.p.i.ProjectInspector - PushProcessEnd........................................NOT RUN         
04:28:50.425 [main] INFO  f.i.s.r.p.i.ProjectInspector - ----------------------------------------------------------------------
04:28:50.425 [main] INFO  f.i.s.r.p.i.ProjectInspector - PIPELINE FINDING: BUILDNOTCHECKEDOUT
04:28:50.425 [main] INFO  f.i.s.r.p.i.ProjectInspector - ----------------------------------------------------------------------
04:28:50.425 [main] INFO  f.i.s.repairnator.pipeline.Launcher - Inspector is finished. The process will exit now.
