09:58:59.105 [main] INFO  f.i.s.repairnator.pipeline.Launcher - PIPELINE VERSION: 3.0-2018-08-09 19:04
09:58:59.281 [main] INFO  f.i.s.repairnator.pipeline.Launcher - The pipeline will try to reproduce a bug from build 343809835 and its corresponding patch from build 343874757
09:58:59.281 [main] INFO  f.i.s.repairnator.pipeline.Launcher - Initialize file serializer engines.
09:58:59.283 [main] INFO  f.i.s.repairnator.pipeline.Launcher - MongoDB won't be used for serialization.
09:58:59.283 [main] INFO  f.i.s.repairnator.pipeline.Launcher - The email notifier engine won't be used.
09:58:59.286 [main] INFO  f.i.s.repairnator.pipeline.Launcher - Start by getting the build (buildId: 343809835) with the following config: RepairnatorConfig{runId='1af30014-1e98-49fd-8f17-d05bb441e6a6_02-18-week3-PASSING_AND_PASSING', launcherMode=BEARS, serializeJson=true, inputPath='null', outputPath='/var/log', mongodbHost='null', mongodbName='repairnator', smtpServer='null', notifyTo=[], notifyEndProcess=false, push=true, pushRemoteRepo='https://github.com/fermadeiral/bears-collection-pp', fork=false, lookFromDate=null, lookToDate=null, buildId=343809835, z3solverPath='./z3_for_linux', workspacePath='./workspace', githubToken='c8a341a903[...]', dockerImageName='null', skipDelete=false, createOutputDir=false, logDirectory='null', nbThreads=0, globalTimeout=0, whiteList=null, blackList=null, jobSleepTime=0, buildSleepTime=0, maxInspectedBuilds=0, duration=null, humanPatch=false, repository='null', clean=true, bearsMode=BOTH, bearsDelimiter = false, repairTools=NopolAllTests,NPEFix,AssertFixer,AstorJGenProg,AstorJKali,NopolSingleTest,AstorJMut,NopolTestExclusionStrategy, githubUserName= fermadeiral, githubUserEmail=fer.madeiral@gmail.com}
09:59:01.073 [main] DEBUG fr.inria.jtravis.helpers.BuildHelper - Get request to :https://api.travis-ci.org/build/343809835 done after 1226 ms
09:59:01.316 [main] DEBUG fr.inria.jtravis.helpers.BuildHelper - Get request to :https://api.travis-ci.org/build/343874757 done after 137 ms
09:59:01.329 [main] INFO  f.i.s.repairnator.pipeline.Launcher - The patched build (343874757) was successfully retrieved from Travis.
09:59:02.469 [main] INFO  fr.inria.jtravis.JTravis - GitHub ratelimit: Limit: 5000 Remaining: 4897 Reset hour: 19:26:26
09:59:02.742 [main] INFO  f.i.s.r.p.i.ProjectInspector - ----------------------------------------------------------------------
09:59:02.742 [main] INFO  f.i.s.r.p.i.ProjectInspector - PIPELINE STEPS
09:59:02.742 [main] INFO  f.i.s.r.p.i.ProjectInspector - ----------------------------------------------------------------------
09:59:02.742 [main] INFO  f.i.s.r.p.i.ProjectInspector - CloneRepository
09:59:02.742 [main] INFO  f.i.s.r.p.i.ProjectInspector - CheckoutPatchedBuildCandidate
09:59:02.742 [main] INFO  f.i.s.r.p.i.ProjectInspector - ComputeSourceDir
09:59:02.742 [main] INFO  f.i.s.r.p.i.ProjectInspector - ComputeTestDir
09:59:02.743 [main] INFO  f.i.s.r.p.i.ProjectInspector - CheckoutBuggyBuildCandidateSourceCode
09:59:02.743 [main] INFO  f.i.s.r.p.i.ProjectInspector - BuildProjectBuggyBuildCandidateSourceCode
09:59:02.743 [main] INFO  f.i.s.r.p.i.ProjectInspector - TestProjectBuggyBuildCandidateSourceCode
09:59:02.743 [main] INFO  f.i.s.r.p.i.ProjectInspector - GatherTestInformationBuggyBuildCandidateSourceCode
09:59:02.743 [main] INFO  f.i.s.r.p.i.ProjectInspector - CheckoutBuggyBuildTestCode
09:59:02.743 [main] INFO  f.i.s.r.p.i.ProjectInspector - InitRepoToPush
09:59:02.743 [main] INFO  f.i.s.r.p.i.ProjectInspector - ComputeClasspath
09:59:02.743 [main] INFO  f.i.s.r.p.i.ProjectInspector - ComputeModules
09:59:02.743 [main] INFO  f.i.s.r.p.i.ProjectInspector - CheckoutBuggyBuildCandidateSourceCode
09:59:02.744 [main] INFO  f.i.s.r.p.i.ProjectInspector - CommitChangedTests
09:59:02.744 [main] INFO  f.i.s.r.p.i.ProjectInspector - CheckoutPatchedBuildCandidate
09:59:02.744 [main] INFO  f.i.s.r.p.i.ProjectInspector - BuildProjectPatchedBuildCandidate
09:59:02.744 [main] INFO  f.i.s.r.p.i.ProjectInspector - TestProjectPatchedBuildCandidate
09:59:02.744 [main] INFO  f.i.s.r.p.i.ProjectInspector - GatherTestInformationPatchedBuildCandidate
09:59:02.744 [main] INFO  f.i.s.r.p.i.ProjectInspector - CommitPatch
09:59:02.745 [main] INFO  f.i.s.r.p.i.ProjectInspector - WritePropertyFile
09:59:02.752 [main] INFO  f.i.s.r.p.i.ProjectInspector - CommitProcessEnd
09:59:02.753 [main] INFO  f.i.s.r.p.i.ProjectInspector - PushProcessEnd
09:59:02.753 [main] DEBUG f.i.s.r.process.step.CloneRepository - ----------------------------------------------------------------------
09:59:02.754 [main] DEBUG f.i.s.r.process.step.CloneRepository - STEP 1/22: CloneRepository
09:59:02.754 [main] DEBUG f.i.s.r.process.step.CloneRepository - ----------------------------------------------------------------------
09:59:02.754 [main] DEBUG f.i.s.r.process.step.CloneRepository - Cloning repository resteasy/Resteasy in the following directory: ./workspace/resteasy/Resteasy/343809835
09:59:21.548 [main] DEBUG f.i.s.r.process.step.CloneRepository - STEP STATUS: [ CloneRepository : SUCCESS ]
09:59:21.548 [main] DEBUG f.i.s.r.process.step.CloneRepository - STEP DURATION: 18s
09:59:21.549 [main] DEBUG f.i.s.r.process.step.CloneRepository - EXECUTE NEXT STEP
09:59:21.549 [main] DEBUG f.i.s.r.p.s.c.CheckoutPatchedBuild - ----------------------------------------------------------------------
09:59:21.549 [main] DEBUG f.i.s.r.p.s.c.CheckoutPatchedBuild - STEP 2/22: CheckoutPatchedBuildCandidate
09:59:21.550 [main] DEBUG f.i.s.r.p.s.c.CheckoutPatchedBuild - ----------------------------------------------------------------------
09:59:21.550 [main] DEBUG f.i.s.r.p.s.c.CheckoutPatchedBuild - Checking out patched build candidate...
09:59:21.563 [main] DEBUG f.i.s.r.p.s.c.CheckoutPatchedBuild - Get commit 42b9e94c9cc6719c3ea046bd820edf34b3aed4e3 for repo resteasy/Resteasy
09:59:22.851 [main] INFO  f.i.s.r.process.git.GitHelper - Init git submodules.
09:59:23.018 [main] DEBUG f.i.s.r.p.s.c.CheckoutPatchedBuild - STEP STATUS: [ CheckoutPatchedBuildCandidate : SUCCESS ]
09:59:23.019 [main] DEBUG f.i.s.r.p.s.c.CheckoutPatchedBuild - STEP DURATION: 1s
09:59:23.019 [main] DEBUG f.i.s.r.p.s.c.CheckoutPatchedBuild - EXECUTE NEXT STEP
09:59:23.019 [main] DEBUG f.i.s.r.p.s.paths.ComputeSourceDir - ----------------------------------------------------------------------
09:59:23.020 [main] DEBUG f.i.s.r.p.s.paths.ComputeSourceDir - STEP 3/22: ComputeSourceDir
09:59:23.020 [main] DEBUG f.i.s.r.p.s.paths.ComputeSourceDir - ----------------------------------------------------------------------
09:59:23.020 [main] DEBUG f.i.s.r.p.s.paths.ComputeSourceDir - Computing the source directory ...
09:59:23.021 [main] DEBUG f.i.s.r.p.s.paths.ComputeSourceDir - The default source directory (/root/workspace/resteasy/Resteasy/343809835/src/main/java) does not exist. Try to read pom.xml to get information.
09:59:23.136 [main] DEBUG f.i.s.r.p.m.RepositoryModelResolver - Downloading https://repo1.maven.org/maven2/org/jboss/jboss-parent/25/jboss-parent-25.pom
09:59:23.416 [main] DEBUG f.i.s.r.p.m.RepositoryModelResolver - Downloading https://repo1.maven.org/maven2/org/jboss/resteasy/resteasy-dependencies/4.0.0-SNAPSHOT/resteasy-dependencies-4.0.0-SNAPSHOT.pom
09:59:23.503 [main] DEBUG f.i.s.r.p.m.RepositoryModelResolver - Downloading http://repo.maven.apache.org/maven2/org/jboss/resteasy/resteasy-dependencies/4.0.0-SNAPSHOT/resteasy-dependencies-4.0.0-SNAPSHOT.pom
09:59:23.539 [main] DEBUG f.i.s.r.p.m.RepositoryModelResolver - Downloading http://uk.maven.org/maven2/org/jboss/resteasy/resteasy-dependencies/4.0.0-SNAPSHOT/resteasy-dependencies-4.0.0-SNAPSHOT.pom
09:59:23.572 [main] DEBUG f.i.s.r.p.m.RepositoryModelResolver - Downloading http://repository.jboss.org/nexus/content/groups/public/org/jboss/resteasy/resteasy-dependencies/4.0.0-SNAPSHOT/resteasy-dependencies-4.0.0-SNAPSHOT.pom
09:59:24.106 [main] DEBUG f.i.s.r.p.m.RepositoryModelResolver - Downloading http://repository.jboss.org/nexus/content/groups/public/org/jboss/resteasy/resteasy-dependencies/4.0.0-SNAPSHOT/resteasy-dependencies-4.0.0-SNAPSHOT.pom
09:59:24.425 [main] DEBUG f.i.s.r.p.m.RepositoryModelResolver - Downloading https://repo.maven.apache.org/maven2/org/jboss/resteasy/resteasy-dependencies/4.0.0-SNAPSHOT/resteasy-dependencies-4.0.0-SNAPSHOT.pom
09:59:24.524 [main] ERROR f.i.s.r.process.maven.MavenHelper - Error while building complete model. The raw model will be used. Error message: 3 problems were encountered while building the effective model for org.jboss.resteasy:resteasy-jaxrs-all:4.0.0-SNAPSHOT
[ERROR] Failed to determine Java version for profile jdk9 @ 
[ERROR] Failed to determine Java version for profile doclint-java8-disable @ org.jboss:jboss-parent:25
[FATAL] Non-readable POM /root/./workspace/resteasy/Resteasy/343809835/.m2/org/jboss/resteasy/resteasy-dependencies/4.0.0-SNAPSHOT/resteasy-dependencies-4.0.0-SNAPSHOT.pom: /root/./workspace/resteasy/Resteasy/343809835/.m2/org/jboss/resteasy/resteasy-dependencies/4.0.0-SNAPSHOT/resteasy-dependencies-4.0.0-SNAPSHOT.pom (No such file or directory) @ /root/./workspace/resteasy/Resteasy/343809835/.m2/org/jboss/resteasy/resteasy-dependencies/4.0.0-SNAPSHOT/resteasy-dependencies-4.0.0-SNAPSHOT.pom

09:59:24.566 [main] DEBUG f.i.s.r.p.s.paths.ComputeSourceDir - Build section does not exist in the following pom.xml: /root/workspace/resteasy/Resteasy/343809835/pom.xml. Continue to try to get source dir from all modules.
09:59:24.567 [main] DEBUG f.i.s.r.p.s.paths.ComputeSourceDir - The default source directory (/root/workspace/resteasy/Resteasy/src/main/java) does not exist. Try to read pom.xml to get information.
09:59:24.604 [main] DEBUG f.i.s.r.p.m.RepositoryModelResolver - Downloading https://repo1.maven.org/maven2/org/jboss/resteasy/resteasy-dependencies/4.0.0-SNAPSHOT/resteasy-dependencies-4.0.0-SNAPSHOT.pom
09:59:24.695 [main] DEBUG f.i.s.r.p.m.RepositoryModelResolver - Downloading http://repo.maven.apache.org/maven2/org/jboss/resteasy/resteasy-dependencies/4.0.0-SNAPSHOT/resteasy-dependencies-4.0.0-SNAPSHOT.pom
09:59:24.715 [main] DEBUG f.i.s.r.p.m.RepositoryModelResolver - Downloading http://uk.maven.org/maven2/org/jboss/resteasy/resteasy-dependencies/4.0.0-SNAPSHOT/resteasy-dependencies-4.0.0-SNAPSHOT.pom
09:59:24.746 [main] DEBUG f.i.s.r.p.m.RepositoryModelResolver - Downloading http://repository.jboss.org/nexus/content/groups/public/org/jboss/resteasy/resteasy-dependencies/4.0.0-SNAPSHOT/resteasy-dependencies-4.0.0-SNAPSHOT.pom
09:59:25.064 [main] DEBUG f.i.s.r.p.m.RepositoryModelResolver - Downloading http://repository.jboss.org/nexus/content/groups/public/org/jboss/resteasy/resteasy-dependencies/4.0.0-SNAPSHOT/resteasy-dependencies-4.0.0-SNAPSHOT.pom
09:59:25.382 [main] DEBUG f.i.s.r.p.m.RepositoryModelResolver - Downloading https://repo.maven.apache.org/maven2/org/jboss/resteasy/resteasy-dependencies/4.0.0-SNAPSHOT/resteasy-dependencies-4.0.0-SNAPSHOT.pom
09:59:25.468 [main] ERROR f.i.s.r.process.maven.MavenHelper - Error while building complete model. The raw model will be used. Error message: 3 problems were encountered while building the effective model for org.jboss.resteasy:resteasy-jaxrs-all:4.0.0-SNAPSHOT
[ERROR] Failed to determine Java version for profile jdk9 @ 
[ERROR] Failed to determine Java version for profile doclint-java8-disable @ org.jboss:jboss-parent:25
[FATAL] Non-readable POM /root/./workspace/resteasy/Resteasy/343809835/.m2/org/jboss/resteasy/resteasy-dependencies/4.0.0-SNAPSHOT/resteasy-dependencies-4.0.0-SNAPSHOT.pom: /root/./workspace/resteasy/Resteasy/343809835/.m2/org/jboss/resteasy/resteasy-dependencies/4.0.0-SNAPSHOT/resteasy-dependencies-4.0.0-SNAPSHOT.pom (No such file or directory) @ /root/./workspace/resteasy/Resteasy/343809835/.m2/org/jboss/resteasy/resteasy-dependencies/4.0.0-SNAPSHOT/resteasy-dependencies-4.0.0-SNAPSHOT.pom

09:59:25.470 [main] DEBUG f.i.s.r.p.s.paths.ComputeSourceDir - Build section does not exist in the following pom.xml: ./workspace/resteasy/Resteasy/343809835/pom.xml. Continue to try to get source dir from all modules.
09:59:25.470 [main] ERROR f.i.s.r.p.s.paths.ComputeSourceDir - The source directory is not at default location or specified in build section from pom.xml, and no parent can be found.
09:59:25.470 [main] ERROR f.i.s.r.p.s.paths.ComputeSourceDir - The source directory is not at default location or specified in build section from pom.xml, and no parent can be found.
09:59:25.470 [main] ERROR f.i.s.r.p.s.paths.ComputeSourceDir - Fail to find source directories.
09:59:25.471 [main] DEBUG f.i.s.r.p.s.paths.ComputeSourceDir - STEP STATUS: [ ComputeSourceDir : FAILURE ( SOURCEDIRNOTCOMPUTED ) ]
09:59:25.471 [main] DEBUG f.i.s.r.p.s.paths.ComputeSourceDir - STEP DURATION: 2s
09:59:25.472 [main] DEBUG f.i.s.r.p.s.paths.ComputeSourceDir - TERMINATE PIPELINE
09:59:25.472 [main] DEBUG f.i.s.r.p.s.paths.ComputeSourceDir - FINAL STEPS SKIPPED: The reproduction of the bug and/or the patch failed.
09:59:25.472 [main] INFO  f.i.s.r.p.s.paths.ComputeSourceDir - Serialize all data for the pair of builds 343809835, 343874757
09:59:25.786 [main] INFO  fr.inria.jtravis.JTravis - GitHub ratelimit: Limit: 5000 Remaining: 4892 Reset hour: 19:26:26
09:59:26.992 [main] INFO  f.i.s.r.p.i.ProjectInspector - ----------------------------------------------------------------------
09:59:26.993 [main] INFO  f.i.s.r.p.i.ProjectInspector - PIPELINE EXECUTION SUMMARY
09:59:26.993 [main] INFO  f.i.s.r.p.i.ProjectInspector - ----------------------------------------------------------------------
09:59:26.993 [main] INFO  f.i.s.r.p.i.ProjectInspector - CloneRepository.......................................SUCCESS [ 18 s ]
09:59:26.993 [main] INFO  f.i.s.r.p.i.ProjectInspector - CheckoutPatchedBuildCandidate.........................SUCCESS [  1 s ]
09:59:26.994 [main] INFO  f.i.s.r.p.i.ProjectInspector - ComputeSourceDir......................................FAILURE [  2 s ]
09:59:26.994 [main] INFO  f.i.s.r.p.i.ProjectInspector - ComputeTestDir........................................NOT RUN         
09:59:26.994 [main] INFO  f.i.s.r.p.i.ProjectInspector - CheckoutBuggyBuildCandidateSourceCode.................NOT RUN         
09:59:26.994 [main] INFO  f.i.s.r.p.i.ProjectInspector - BuildProjectBuggyBuildCandidateSourceCode.............NOT RUN         
09:59:26.994 [main] INFO  f.i.s.r.p.i.ProjectInspector - TestProjectBuggyBuildCandidateSourceCode..............NOT RUN         
09:59:26.994 [main] INFO  f.i.s.r.p.i.ProjectInspector - GatherTestInformationBuggyBuildCandidateSourceCode....NOT RUN         
09:59:26.994 [main] INFO  f.i.s.r.p.i.ProjectInspector - CheckoutBuggyBuildTestCode............................NOT RUN         
09:59:26.994 [main] INFO  f.i.s.r.p.i.ProjectInspector - InitRepoToPush........................................NOT RUN         
09:59:26.995 [main] INFO  f.i.s.r.p.i.ProjectInspector - ComputeClasspath......................................NOT RUN         
09:59:26.995 [main] INFO  f.i.s.r.p.i.ProjectInspector - ComputeModules........................................NOT RUN         
09:59:26.995 [main] INFO  f.i.s.r.p.i.ProjectInspector - CheckoutBuggyBuildCandidateSourceCode.................NOT RUN         
09:59:26.995 [main] INFO  f.i.s.r.p.i.ProjectInspector - CommitChangedTests....................................NOT RUN         
09:59:26.995 [main] INFO  f.i.s.r.p.i.ProjectInspector - CheckoutPatchedBuildCandidate.........................NOT RUN         
09:59:26.995 [main] INFO  f.i.s.r.p.i.ProjectInspector - BuildProjectPatchedBuildCandidate.....................NOT RUN         
09:59:26.995 [main] INFO  f.i.s.r.p.i.ProjectInspector - TestProjectPatchedBuildCandidate......................NOT RUN         
09:59:26.995 [main] INFO  f.i.s.r.p.i.ProjectInspector - GatherTestInformationPatchedBuildCandidate............NOT RUN         
09:59:26.995 [main] INFO  f.i.s.r.p.i.ProjectInspector - CommitPatch...........................................NOT RUN         
09:59:26.995 [main] INFO  f.i.s.r.p.i.ProjectInspector - WritePropertyFile.....................................NOT RUN         
09:59:26.996 [main] INFO  f.i.s.r.p.i.ProjectInspector - CommitProcessEnd......................................NOT RUN         
09:59:26.996 [main] INFO  f.i.s.r.p.i.ProjectInspector - PushProcessEnd........................................NOT RUN         
09:59:26.999 [main] INFO  f.i.s.r.p.i.ProjectInspector - ----------------------------------------------------------------------
09:59:26.999 [main] INFO  f.i.s.r.p.i.ProjectInspector - PIPELINE FINDING: SOURCEDIRNOTCOMPUTED
09:59:26.999 [main] INFO  f.i.s.r.p.i.ProjectInspector - ----------------------------------------------------------------------
09:59:26.999 [main] INFO  f.i.s.repairnator.pipeline.Launcher - Inspector is finished. The process will exit now.
