04:16:34.571 [main] INFO  f.i.s.repairnator.pipeline.Launcher - PIPELINE VERSION: 3.0-2018-08-09 19:04
04:16:34.792 [main] INFO  f.i.s.repairnator.pipeline.Launcher - The pipeline will try to reproduce a bug from build 341476871 and its corresponding patch from build 341790578
04:16:34.792 [main] INFO  f.i.s.repairnator.pipeline.Launcher - Initialize file serializer engines.
04:16:34.794 [main] INFO  f.i.s.repairnator.pipeline.Launcher - MongoDB won't be used for serialization.
04:16:34.795 [main] INFO  f.i.s.repairnator.pipeline.Launcher - The email notifier engine won't be used.
04:16:34.802 [main] INFO  f.i.s.repairnator.pipeline.Launcher - Start by getting the build (buildId: 341476871) with the following config: RepairnatorConfig{runId='1af30014-1e98-49fd-8f17-d05bb441e6a6_02-18-week3-PASSING_AND_PASSING', launcherMode=BEARS, serializeJson=true, inputPath='null', outputPath='/var/log', mongodbHost='null', mongodbName='repairnator', smtpServer='null', notifyTo=[], notifyEndProcess=false, push=true, pushRemoteRepo='https://github.com/fermadeiral/bears-collection-pp', fork=false, lookFromDate=null, lookToDate=null, buildId=341476871, z3solverPath='./z3_for_linux', workspacePath='./workspace', githubToken='c8a341a903[...]', dockerImageName='null', skipDelete=false, createOutputDir=false, logDirectory='null', nbThreads=0, globalTimeout=0, whiteList=null, blackList=null, jobSleepTime=0, buildSleepTime=0, maxInspectedBuilds=0, duration=null, humanPatch=false, repository='null', clean=true, bearsMode=BOTH, bearsDelimiter = false, repairTools=NopolAllTests,NPEFix,AssertFixer,AstorJGenProg,AstorJKali,NopolSingleTest,AstorJMut,NopolTestExclusionStrategy, githubUserName= fermadeiral, githubUserEmail=fer.madeiral@gmail.com}
04:16:36.291 [main] DEBUG fr.inria.jtravis.helpers.BuildHelper - Get request to :https://api.travis-ci.org/build/341476871 done after 749 ms
04:16:36.560 [main] DEBUG fr.inria.jtravis.helpers.BuildHelper - Get request to :https://api.travis-ci.org/build/341790578 done after 165 ms
04:16:36.569 [main] INFO  f.i.s.repairnator.pipeline.Launcher - The patched build (341790578) was successfully retrieved from Travis.
04:16:37.779 [main] INFO  fr.inria.jtravis.JTravis - GitHub ratelimit: Limit: 5000 Remaining: 4759 Reset hour: 19:26:06
04:16:38.016 [main] INFO  f.i.s.r.p.i.ProjectInspector - ----------------------------------------------------------------------
04:16:38.016 [main] INFO  f.i.s.r.p.i.ProjectInspector - PIPELINE STEPS
04:16:38.016 [main] INFO  f.i.s.r.p.i.ProjectInspector - ----------------------------------------------------------------------
04:16:38.017 [main] INFO  f.i.s.r.p.i.ProjectInspector - CloneRepository
04:16:38.017 [main] INFO  f.i.s.r.p.i.ProjectInspector - CheckoutPatchedBuildCandidate
04:16:38.017 [main] INFO  f.i.s.r.p.i.ProjectInspector - ComputeSourceDir
04:16:38.017 [main] INFO  f.i.s.r.p.i.ProjectInspector - ComputeTestDir
04:16:38.017 [main] INFO  f.i.s.r.p.i.ProjectInspector - CheckoutBuggyBuildCandidateSourceCode
04:16:38.017 [main] INFO  f.i.s.r.p.i.ProjectInspector - BuildProjectBuggyBuildCandidateSourceCode
04:16:38.017 [main] INFO  f.i.s.r.p.i.ProjectInspector - TestProjectBuggyBuildCandidateSourceCode
04:16:38.018 [main] INFO  f.i.s.r.p.i.ProjectInspector - GatherTestInformationBuggyBuildCandidateSourceCode
04:16:38.018 [main] INFO  f.i.s.r.p.i.ProjectInspector - CheckoutBuggyBuildTestCode
04:16:38.018 [main] INFO  f.i.s.r.p.i.ProjectInspector - InitRepoToPush
04:16:38.018 [main] INFO  f.i.s.r.p.i.ProjectInspector - ComputeClasspath
04:16:38.018 [main] INFO  f.i.s.r.p.i.ProjectInspector - ComputeModules
04:16:38.018 [main] INFO  f.i.s.r.p.i.ProjectInspector - CheckoutBuggyBuildCandidateSourceCode
04:16:38.018 [main] INFO  f.i.s.r.p.i.ProjectInspector - CommitChangedTests
04:16:38.018 [main] INFO  f.i.s.r.p.i.ProjectInspector - CheckoutPatchedBuildCandidate
04:16:38.019 [main] INFO  f.i.s.r.p.i.ProjectInspector - BuildProjectPatchedBuildCandidate
04:16:38.019 [main] INFO  f.i.s.r.p.i.ProjectInspector - TestProjectPatchedBuildCandidate
04:16:38.019 [main] INFO  f.i.s.r.p.i.ProjectInspector - GatherTestInformationPatchedBuildCandidate
04:16:38.019 [main] INFO  f.i.s.r.p.i.ProjectInspector - CommitPatch
04:16:38.019 [main] INFO  f.i.s.r.p.i.ProjectInspector - WritePropertyFile
04:16:38.019 [main] INFO  f.i.s.r.p.i.ProjectInspector - CommitProcessEnd
04:16:38.019 [main] INFO  f.i.s.r.p.i.ProjectInspector - PushProcessEnd
04:16:38.020 [main] DEBUG f.i.s.r.process.step.CloneRepository - ----------------------------------------------------------------------
04:16:38.020 [main] DEBUG f.i.s.r.process.step.CloneRepository - STEP 1/22: CloneRepository
04:16:38.020 [main] DEBUG f.i.s.r.process.step.CloneRepository - ----------------------------------------------------------------------
04:16:38.020 [main] DEBUG f.i.s.r.process.step.CloneRepository - Cloning repository EnMasseProject/enmasse in the following directory: ./workspace/EnMasseProject/enmasse/341476871
04:17:08.358 [main] DEBUG f.i.s.r.process.step.CloneRepository - STEP STATUS: [ CloneRepository : SUCCESS ]
04:17:08.359 [main] DEBUG f.i.s.r.process.step.CloneRepository - STEP DURATION: 30s
04:17:08.359 [main] DEBUG f.i.s.r.process.step.CloneRepository - EXECUTE NEXT STEP
04:17:08.360 [main] DEBUG f.i.s.r.p.s.c.CheckoutPatchedBuild - ----------------------------------------------------------------------
04:17:08.360 [main] DEBUG f.i.s.r.p.s.c.CheckoutPatchedBuild - STEP 2/22: CheckoutPatchedBuildCandidate
04:17:08.360 [main] DEBUG f.i.s.r.p.s.c.CheckoutPatchedBuild - ----------------------------------------------------------------------
04:17:08.360 [main] DEBUG f.i.s.r.p.s.c.CheckoutPatchedBuild - Checking out patched build candidate...
04:17:08.417 [main] ERROR f.i.s.r.p.s.c.CheckoutPatchedBuild - Error while testing commit: org.eclipse.jgit.errors.MissingObjectException: Missing unknown 1fd67625b4bb4010214373d46e39476f47f4be58
04:17:08.417 [main] ERROR f.i.s.r.p.s.c.CheckoutPatchedBuild - Error while getting the commit to checkout from the repo.
04:17:08.418 [main] DEBUG f.i.s.r.p.s.c.CheckoutPatchedBuild - STEP STATUS: [ CheckoutPatchedBuildCandidate : FAILURE ( BUILDNOTCHECKEDOUT ) ]
04:17:08.419 [main] DEBUG f.i.s.r.p.s.c.CheckoutPatchedBuild - STEP DURATION: 0s
04:17:08.419 [main] DEBUG f.i.s.r.p.s.c.CheckoutPatchedBuild - TERMINATE PIPELINE
04:17:08.419 [main] DEBUG f.i.s.r.p.s.c.CheckoutPatchedBuild - FINAL STEPS SKIPPED: The reproduction of the bug and/or the patch failed.
04:17:08.419 [main] INFO  f.i.s.r.p.s.c.CheckoutPatchedBuild - Serialize all data for the pair of builds 341476871, 341790578
04:17:08.713 [main] INFO  fr.inria.jtravis.JTravis - GitHub ratelimit: Limit: 5000 Remaining: 4747 Reset hour: 19:26:06
04:17:10.041 [main] INFO  f.i.s.r.p.i.ProjectInspector - ----------------------------------------------------------------------
04:17:10.041 [main] INFO  f.i.s.r.p.i.ProjectInspector - PIPELINE EXECUTION SUMMARY
04:17:10.042 [main] INFO  f.i.s.r.p.i.ProjectInspector - ----------------------------------------------------------------------
04:17:10.043 [main] INFO  f.i.s.r.p.i.ProjectInspector - CloneRepository.......................................SUCCESS [ 30 s ]
04:17:10.043 [main] INFO  f.i.s.r.p.i.ProjectInspector - CheckoutPatchedBuildCandidate.........................FAILURE [  0 s ]
04:17:10.043 [main] INFO  f.i.s.r.p.i.ProjectInspector - ComputeSourceDir......................................NOT RUN         
04:17:10.044 [main] INFO  f.i.s.r.p.i.ProjectInspector - ComputeTestDir........................................NOT RUN         
04:17:10.045 [main] INFO  f.i.s.r.p.i.ProjectInspector - CheckoutBuggyBuildCandidateSourceCode.................NOT RUN         
04:17:10.046 [main] INFO  f.i.s.r.p.i.ProjectInspector - BuildProjectBuggyBuildCandidateSourceCode.............NOT RUN         
04:17:10.046 [main] INFO  f.i.s.r.p.i.ProjectInspector - TestProjectBuggyBuildCandidateSourceCode..............NOT RUN         
04:17:10.047 [main] INFO  f.i.s.r.p.i.ProjectInspector - GatherTestInformationBuggyBuildCandidateSourceCode....NOT RUN         
04:17:10.047 [main] INFO  f.i.s.r.p.i.ProjectInspector - CheckoutBuggyBuildTestCode............................NOT RUN         
04:17:10.048 [main] INFO  f.i.s.r.p.i.ProjectInspector - InitRepoToPush........................................NOT RUN         
04:17:10.048 [main] INFO  f.i.s.r.p.i.ProjectInspector - ComputeClasspath......................................NOT RUN         
04:17:10.049 [main] INFO  f.i.s.r.p.i.ProjectInspector - ComputeModules........................................NOT RUN         
04:17:10.049 [main] INFO  f.i.s.r.p.i.ProjectInspector - CheckoutBuggyBuildCandidateSourceCode.................NOT RUN         
04:17:10.050 [main] INFO  f.i.s.r.p.i.ProjectInspector - CommitChangedTests....................................NOT RUN         
04:17:10.050 [main] INFO  f.i.s.r.p.i.ProjectInspector - CheckoutPatchedBuildCandidate.........................NOT RUN         
04:17:10.050 [main] INFO  f.i.s.r.p.i.ProjectInspector - BuildProjectPatchedBuildCandidate.....................NOT RUN         
04:17:10.051 [main] INFO  f.i.s.r.p.i.ProjectInspector - TestProjectPatchedBuildCandidate......................NOT RUN         
04:17:10.051 [main] INFO  f.i.s.r.p.i.ProjectInspector - GatherTestInformationPatchedBuildCandidate............NOT RUN         
04:17:10.052 [main] INFO  f.i.s.r.p.i.ProjectInspector - CommitPatch...........................................NOT RUN         
04:17:10.052 [main] INFO  f.i.s.r.p.i.ProjectInspector - WritePropertyFile.....................................NOT RUN         
04:17:10.053 [main] INFO  f.i.s.r.p.i.ProjectInspector - CommitProcessEnd......................................NOT RUN         
04:17:10.053 [main] INFO  f.i.s.r.p.i.ProjectInspector - PushProcessEnd........................................NOT RUN         
04:17:10.054 [main] INFO  f.i.s.r.p.i.ProjectInspector - ----------------------------------------------------------------------
04:17:10.054 [main] INFO  f.i.s.r.p.i.ProjectInspector - PIPELINE FINDING: BUILDNOTCHECKEDOUT
04:17:10.055 [main] INFO  f.i.s.r.p.i.ProjectInspector - ----------------------------------------------------------------------
04:17:10.055 [main] INFO  f.i.s.repairnator.pipeline.Launcher - Inspector is finished. The process will exit now.
