10:02:31.145 [main] INFO  f.i.s.repairnator.pipeline.Launcher - PIPELINE VERSION: 3.0-2018-08-09 19:04
10:02:31.306 [main] INFO  f.i.s.repairnator.pipeline.Launcher - The pipeline will try to reproduce a bug from build 341421887 and its corresponding patch from build 341842191
10:02:31.307 [main] INFO  f.i.s.repairnator.pipeline.Launcher - Initialize file serializer engines.
10:02:31.309 [main] INFO  f.i.s.repairnator.pipeline.Launcher - MongoDB won't be used for serialization.
10:02:31.309 [main] INFO  f.i.s.repairnator.pipeline.Launcher - The email notifier engine won't be used.
10:02:31.313 [main] INFO  f.i.s.repairnator.pipeline.Launcher - Start by getting the build (buildId: 341421887) with the following config: RepairnatorConfig{runId='1af30014-1e98-49fd-8f17-d05bb441e6a6_02-18-week3-PASSING_AND_PASSING', launcherMode=BEARS, serializeJson=true, inputPath='null', outputPath='/var/log', mongodbHost='null', mongodbName='repairnator', smtpServer='null', notifyTo=[], notifyEndProcess=false, push=true, pushRemoteRepo='https://github.com/fermadeiral/bears-collection-pp', fork=false, lookFromDate=null, lookToDate=null, buildId=341421887, z3solverPath='./z3_for_linux', workspacePath='./workspace', githubToken='c8a341a903[...]', dockerImageName='null', skipDelete=false, createOutputDir=false, logDirectory='null', nbThreads=0, globalTimeout=0, whiteList=null, blackList=null, jobSleepTime=0, buildSleepTime=0, maxInspectedBuilds=0, duration=null, humanPatch=false, repository='null', clean=true, bearsMode=BOTH, bearsDelimiter = false, repairTools=NopolAllTests,NPEFix,AssertFixer,AstorJGenProg,AstorJKali,NopolSingleTest,AstorJMut,NopolTestExclusionStrategy, githubUserName= fermadeiral, githubUserEmail=fer.madeiral@gmail.com}
10:02:32.721 [main] DEBUG fr.inria.jtravis.helpers.BuildHelper - Get request to :https://api.travis-ci.org/build/341421887 done after 854 ms
10:02:32.998 [main] DEBUG fr.inria.jtravis.helpers.BuildHelper - Get request to :https://api.travis-ci.org/build/341842191 done after 141 ms
10:02:33.019 [main] INFO  f.i.s.repairnator.pipeline.Launcher - The patched build (341842191) was successfully retrieved from Travis.
10:02:34.885 [main] INFO  fr.inria.jtravis.JTravis - GitHub ratelimit: Limit: 5000 Remaining: 4838 Reset hour: 19:26:26
10:02:35.176 [main] INFO  f.i.s.r.p.i.ProjectInspector - ----------------------------------------------------------------------
10:02:35.177 [main] INFO  f.i.s.r.p.i.ProjectInspector - PIPELINE STEPS
10:02:35.178 [main] INFO  f.i.s.r.p.i.ProjectInspector - ----------------------------------------------------------------------
10:02:35.178 [main] INFO  f.i.s.r.p.i.ProjectInspector - CloneRepository
10:02:35.178 [main] INFO  f.i.s.r.p.i.ProjectInspector - CheckoutPatchedBuildCandidate
10:02:35.179 [main] INFO  f.i.s.r.p.i.ProjectInspector - ComputeSourceDir
10:02:35.179 [main] INFO  f.i.s.r.p.i.ProjectInspector - ComputeTestDir
10:02:35.179 [main] INFO  f.i.s.r.p.i.ProjectInspector - CheckoutBuggyBuildCandidateSourceCode
10:02:35.180 [main] INFO  f.i.s.r.p.i.ProjectInspector - BuildProjectBuggyBuildCandidateSourceCode
10:02:35.180 [main] INFO  f.i.s.r.p.i.ProjectInspector - TestProjectBuggyBuildCandidateSourceCode
10:02:35.180 [main] INFO  f.i.s.r.p.i.ProjectInspector - GatherTestInformationBuggyBuildCandidateSourceCode
10:02:35.181 [main] INFO  f.i.s.r.p.i.ProjectInspector - CheckoutBuggyBuildTestCode
10:02:35.181 [main] INFO  f.i.s.r.p.i.ProjectInspector - InitRepoToPush
10:02:35.182 [main] INFO  f.i.s.r.p.i.ProjectInspector - ComputeClasspath
10:02:35.182 [main] INFO  f.i.s.r.p.i.ProjectInspector - ComputeModules
10:02:35.182 [main] INFO  f.i.s.r.p.i.ProjectInspector - CheckoutBuggyBuildCandidateSourceCode
10:02:35.183 [main] INFO  f.i.s.r.p.i.ProjectInspector - CommitChangedTests
10:02:35.183 [main] INFO  f.i.s.r.p.i.ProjectInspector - CheckoutPatchedBuildCandidate
10:02:35.183 [main] INFO  f.i.s.r.p.i.ProjectInspector - BuildProjectPatchedBuildCandidate
10:02:35.184 [main] INFO  f.i.s.r.p.i.ProjectInspector - TestProjectPatchedBuildCandidate
10:02:35.184 [main] INFO  f.i.s.r.p.i.ProjectInspector - GatherTestInformationPatchedBuildCandidate
10:02:35.185 [main] INFO  f.i.s.r.p.i.ProjectInspector - CommitPatch
10:02:35.185 [main] INFO  f.i.s.r.p.i.ProjectInspector - WritePropertyFile
10:02:35.185 [main] INFO  f.i.s.r.p.i.ProjectInspector - CommitProcessEnd
10:02:35.186 [main] INFO  f.i.s.r.p.i.ProjectInspector - PushProcessEnd
10:02:35.186 [main] DEBUG f.i.s.r.process.step.CloneRepository - ----------------------------------------------------------------------
10:02:35.187 [main] DEBUG f.i.s.r.process.step.CloneRepository - STEP 1/22: CloneRepository
10:02:35.187 [main] DEBUG f.i.s.r.process.step.CloneRepository - ----------------------------------------------------------------------
10:02:35.188 [main] DEBUG f.i.s.r.process.step.CloneRepository - Cloning repository resteasy/Resteasy in the following directory: ./workspace/resteasy/Resteasy/341421887
10:02:54.708 [main] DEBUG f.i.s.r.process.step.CloneRepository - STEP STATUS: [ CloneRepository : SUCCESS ]
10:02:54.709 [main] DEBUG f.i.s.r.process.step.CloneRepository - STEP DURATION: 19s
10:02:54.709 [main] DEBUG f.i.s.r.process.step.CloneRepository - EXECUTE NEXT STEP
10:02:54.709 [main] DEBUG f.i.s.r.p.s.c.CheckoutPatchedBuild - ----------------------------------------------------------------------
10:02:54.710 [main] DEBUG f.i.s.r.p.s.c.CheckoutPatchedBuild - STEP 2/22: CheckoutPatchedBuildCandidate
10:02:54.710 [main] DEBUG f.i.s.r.p.s.c.CheckoutPatchedBuild - ----------------------------------------------------------------------
10:02:54.710 [main] DEBUG f.i.s.r.p.s.c.CheckoutPatchedBuild - Checking out patched build candidate...
10:02:54.724 [main] DEBUG f.i.s.r.p.s.c.CheckoutPatchedBuild - Get commit 8f7ca3ab128a1c71c5a77473363c47f6410dd222 for repo resteasy/Resteasy
10:02:56.756 [main] INFO  f.i.s.r.process.git.GitHelper - Init git submodules.
10:02:56.927 [main] DEBUG f.i.s.r.p.s.c.CheckoutPatchedBuild - STEP STATUS: [ CheckoutPatchedBuildCandidate : SUCCESS ]
10:02:56.928 [main] DEBUG f.i.s.r.p.s.c.CheckoutPatchedBuild - STEP DURATION: 2s
10:02:56.929 [main] DEBUG f.i.s.r.p.s.c.CheckoutPatchedBuild - EXECUTE NEXT STEP
10:02:56.929 [main] DEBUG f.i.s.r.p.s.paths.ComputeSourceDir - ----------------------------------------------------------------------
10:02:56.930 [main] DEBUG f.i.s.r.p.s.paths.ComputeSourceDir - STEP 3/22: ComputeSourceDir
10:02:56.930 [main] DEBUG f.i.s.r.p.s.paths.ComputeSourceDir - ----------------------------------------------------------------------
10:02:56.931 [main] DEBUG f.i.s.r.p.s.paths.ComputeSourceDir - Computing the source directory ...
10:02:56.933 [main] DEBUG f.i.s.r.p.s.paths.ComputeSourceDir - The default source directory (/root/workspace/resteasy/Resteasy/341421887/src/main/java) does not exist. Try to read pom.xml to get information.
10:02:57.123 [main] DEBUG f.i.s.r.p.m.RepositoryModelResolver - Downloading https://repo1.maven.org/maven2/org/jboss/jboss-parent/25/jboss-parent-25.pom
10:02:57.386 [main] DEBUG f.i.s.r.p.m.RepositoryModelResolver - Downloading https://repo1.maven.org/maven2/org/jboss/resteasy/resteasy-dependencies/4.0.0-SNAPSHOT/resteasy-dependencies-4.0.0-SNAPSHOT.pom
10:02:57.480 [main] DEBUG f.i.s.r.p.m.RepositoryModelResolver - Downloading http://repo.maven.apache.org/maven2/org/jboss/resteasy/resteasy-dependencies/4.0.0-SNAPSHOT/resteasy-dependencies-4.0.0-SNAPSHOT.pom
10:02:57.518 [main] DEBUG f.i.s.r.p.m.RepositoryModelResolver - Downloading http://uk.maven.org/maven2/org/jboss/resteasy/resteasy-dependencies/4.0.0-SNAPSHOT/resteasy-dependencies-4.0.0-SNAPSHOT.pom
10:02:57.540 [main] DEBUG f.i.s.r.p.m.RepositoryModelResolver - Downloading http://repository.jboss.org/nexus/content/groups/public/org/jboss/resteasy/resteasy-dependencies/4.0.0-SNAPSHOT/resteasy-dependencies-4.0.0-SNAPSHOT.pom
10:02:57.860 [main] DEBUG f.i.s.r.p.m.RepositoryModelResolver - Downloading http://repository.jboss.org/nexus/content/groups/public/org/jboss/resteasy/resteasy-dependencies/4.0.0-SNAPSHOT/resteasy-dependencies-4.0.0-SNAPSHOT.pom
10:02:58.180 [main] DEBUG f.i.s.r.p.m.RepositoryModelResolver - Downloading https://repo.maven.apache.org/maven2/org/jboss/resteasy/resteasy-dependencies/4.0.0-SNAPSHOT/resteasy-dependencies-4.0.0-SNAPSHOT.pom
10:02:58.306 [main] ERROR f.i.s.r.process.maven.MavenHelper - Error while building complete model. The raw model will be used. Error message: 3 problems were encountered while building the effective model for org.jboss.resteasy:resteasy-jaxrs-all:4.0.0-SNAPSHOT
[ERROR] Failed to determine Java version for profile jdk9 @ 
[ERROR] Failed to determine Java version for profile doclint-java8-disable @ org.jboss:jboss-parent:25
[FATAL] Non-readable POM /root/./workspace/resteasy/Resteasy/341421887/.m2/org/jboss/resteasy/resteasy-dependencies/4.0.0-SNAPSHOT/resteasy-dependencies-4.0.0-SNAPSHOT.pom: /root/./workspace/resteasy/Resteasy/341421887/.m2/org/jboss/resteasy/resteasy-dependencies/4.0.0-SNAPSHOT/resteasy-dependencies-4.0.0-SNAPSHOT.pom (No such file or directory) @ /root/./workspace/resteasy/Resteasy/341421887/.m2/org/jboss/resteasy/resteasy-dependencies/4.0.0-SNAPSHOT/resteasy-dependencies-4.0.0-SNAPSHOT.pom

10:02:58.363 [main] DEBUG f.i.s.r.p.s.paths.ComputeSourceDir - Build section does not exist in the following pom.xml: /root/workspace/resteasy/Resteasy/341421887/pom.xml. Continue to try to get source dir from all modules.
10:02:58.364 [main] DEBUG f.i.s.r.p.s.paths.ComputeSourceDir - The default source directory (/root/workspace/resteasy/Resteasy/src/main/java) does not exist. Try to read pom.xml to get information.
10:02:58.402 [main] DEBUG f.i.s.r.p.m.RepositoryModelResolver - Downloading https://repo1.maven.org/maven2/org/jboss/resteasy/resteasy-dependencies/4.0.0-SNAPSHOT/resteasy-dependencies-4.0.0-SNAPSHOT.pom
10:02:58.490 [main] DEBUG f.i.s.r.p.m.RepositoryModelResolver - Downloading http://repo.maven.apache.org/maven2/org/jboss/resteasy/resteasy-dependencies/4.0.0-SNAPSHOT/resteasy-dependencies-4.0.0-SNAPSHOT.pom
10:02:58.506 [main] DEBUG f.i.s.r.p.m.RepositoryModelResolver - Downloading http://uk.maven.org/maven2/org/jboss/resteasy/resteasy-dependencies/4.0.0-SNAPSHOT/resteasy-dependencies-4.0.0-SNAPSHOT.pom
10:02:58.527 [main] DEBUG f.i.s.r.p.m.RepositoryModelResolver - Downloading http://repository.jboss.org/nexus/content/groups/public/org/jboss/resteasy/resteasy-dependencies/4.0.0-SNAPSHOT/resteasy-dependencies-4.0.0-SNAPSHOT.pom
10:02:58.844 [main] DEBUG f.i.s.r.p.m.RepositoryModelResolver - Downloading http://repository.jboss.org/nexus/content/groups/public/org/jboss/resteasy/resteasy-dependencies/4.0.0-SNAPSHOT/resteasy-dependencies-4.0.0-SNAPSHOT.pom
10:02:59.162 [main] DEBUG f.i.s.r.p.m.RepositoryModelResolver - Downloading https://repo.maven.apache.org/maven2/org/jboss/resteasy/resteasy-dependencies/4.0.0-SNAPSHOT/resteasy-dependencies-4.0.0-SNAPSHOT.pom
10:02:59.267 [main] ERROR f.i.s.r.process.maven.MavenHelper - Error while building complete model. The raw model will be used. Error message: 3 problems were encountered while building the effective model for org.jboss.resteasy:resteasy-jaxrs-all:4.0.0-SNAPSHOT
[ERROR] Failed to determine Java version for profile jdk9 @ 
[ERROR] Failed to determine Java version for profile doclint-java8-disable @ org.jboss:jboss-parent:25
[FATAL] Non-readable POM /root/./workspace/resteasy/Resteasy/341421887/.m2/org/jboss/resteasy/resteasy-dependencies/4.0.0-SNAPSHOT/resteasy-dependencies-4.0.0-SNAPSHOT.pom: /root/./workspace/resteasy/Resteasy/341421887/.m2/org/jboss/resteasy/resteasy-dependencies/4.0.0-SNAPSHOT/resteasy-dependencies-4.0.0-SNAPSHOT.pom (No such file or directory) @ /root/./workspace/resteasy/Resteasy/341421887/.m2/org/jboss/resteasy/resteasy-dependencies/4.0.0-SNAPSHOT/resteasy-dependencies-4.0.0-SNAPSHOT.pom

10:02:59.280 [main] DEBUG f.i.s.r.p.s.paths.ComputeSourceDir - Build section does not exist in the following pom.xml: ./workspace/resteasy/Resteasy/341421887/pom.xml. Continue to try to get source dir from all modules.
10:02:59.281 [main] ERROR f.i.s.r.p.s.paths.ComputeSourceDir - The source directory is not at default location or specified in build section from pom.xml, and no parent can be found.
10:02:59.281 [main] ERROR f.i.s.r.p.s.paths.ComputeSourceDir - The source directory is not at default location or specified in build section from pom.xml, and no parent can be found.
10:02:59.281 [main] ERROR f.i.s.r.p.s.paths.ComputeSourceDir - Fail to find source directories.
10:02:59.283 [main] DEBUG f.i.s.r.p.s.paths.ComputeSourceDir - STEP STATUS: [ ComputeSourceDir : FAILURE ( SOURCEDIRNOTCOMPUTED ) ]
10:02:59.283 [main] DEBUG f.i.s.r.p.s.paths.ComputeSourceDir - STEP DURATION: 2s
10:02:59.283 [main] DEBUG f.i.s.r.p.s.paths.ComputeSourceDir - TERMINATE PIPELINE
10:02:59.283 [main] DEBUG f.i.s.r.p.s.paths.ComputeSourceDir - FINAL STEPS SKIPPED: The reproduction of the bug and/or the patch failed.
10:02:59.284 [main] INFO  f.i.s.r.p.s.paths.ComputeSourceDir - Serialize all data for the pair of builds 341421887, 341842191
10:02:59.583 [main] INFO  fr.inria.jtravis.JTravis - GitHub ratelimit: Limit: 5000 Remaining: 4833 Reset hour: 19:26:26
10:03:00.966 [main] INFO  f.i.s.r.p.i.ProjectInspector - ----------------------------------------------------------------------
10:03:00.967 [main] INFO  f.i.s.r.p.i.ProjectInspector - PIPELINE EXECUTION SUMMARY
10:03:00.967 [main] INFO  f.i.s.r.p.i.ProjectInspector - ----------------------------------------------------------------------
10:03:00.967 [main] INFO  f.i.s.r.p.i.ProjectInspector - CloneRepository.......................................SUCCESS [ 19 s ]
10:03:00.967 [main] INFO  f.i.s.r.p.i.ProjectInspector - CheckoutPatchedBuildCandidate.........................SUCCESS [  2 s ]
10:03:00.968 [main] INFO  f.i.s.r.p.i.ProjectInspector - ComputeSourceDir......................................FAILURE [  2 s ]
10:03:00.968 [main] INFO  f.i.s.r.p.i.ProjectInspector - ComputeTestDir........................................NOT RUN         
10:03:00.968 [main] INFO  f.i.s.r.p.i.ProjectInspector - CheckoutBuggyBuildCandidateSourceCode.................NOT RUN         
10:03:00.968 [main] INFO  f.i.s.r.p.i.ProjectInspector - BuildProjectBuggyBuildCandidateSourceCode.............NOT RUN         
10:03:00.968 [main] INFO  f.i.s.r.p.i.ProjectInspector - TestProjectBuggyBuildCandidateSourceCode..............NOT RUN         
10:03:00.968 [main] INFO  f.i.s.r.p.i.ProjectInspector - GatherTestInformationBuggyBuildCandidateSourceCode....NOT RUN         
10:03:00.968 [main] INFO  f.i.s.r.p.i.ProjectInspector - CheckoutBuggyBuildTestCode............................NOT RUN         
10:03:00.968 [main] INFO  f.i.s.r.p.i.ProjectInspector - InitRepoToPush........................................NOT RUN         
10:03:00.969 [main] INFO  f.i.s.r.p.i.ProjectInspector - ComputeClasspath......................................NOT RUN         
10:03:00.969 [main] INFO  f.i.s.r.p.i.ProjectInspector - ComputeModules........................................NOT RUN         
10:03:00.969 [main] INFO  f.i.s.r.p.i.ProjectInspector - CheckoutBuggyBuildCandidateSourceCode.................NOT RUN         
10:03:00.969 [main] INFO  f.i.s.r.p.i.ProjectInspector - CommitChangedTests....................................NOT RUN         
10:03:00.969 [main] INFO  f.i.s.r.p.i.ProjectInspector - CheckoutPatchedBuildCandidate.........................NOT RUN         
10:03:00.969 [main] INFO  f.i.s.r.p.i.ProjectInspector - BuildProjectPatchedBuildCandidate.....................NOT RUN         
10:03:00.969 [main] INFO  f.i.s.r.p.i.ProjectInspector - TestProjectPatchedBuildCandidate......................NOT RUN         
10:03:00.969 [main] INFO  f.i.s.r.p.i.ProjectInspector - GatherTestInformationPatchedBuildCandidate............NOT RUN         
10:03:00.969 [main] INFO  f.i.s.r.p.i.ProjectInspector - CommitPatch...........................................NOT RUN         
10:03:00.970 [main] INFO  f.i.s.r.p.i.ProjectInspector - WritePropertyFile.....................................NOT RUN         
10:03:00.970 [main] INFO  f.i.s.r.p.i.ProjectInspector - CommitProcessEnd......................................NOT RUN         
10:03:00.970 [main] INFO  f.i.s.r.p.i.ProjectInspector - PushProcessEnd........................................NOT RUN         
10:03:00.970 [main] INFO  f.i.s.r.p.i.ProjectInspector - ----------------------------------------------------------------------
10:03:00.970 [main] INFO  f.i.s.r.p.i.ProjectInspector - PIPELINE FINDING: SOURCEDIRNOTCOMPUTED
10:03:00.970 [main] INFO  f.i.s.r.p.i.ProjectInspector - ----------------------------------------------------------------------
10:03:00.970 [main] INFO  f.i.s.repairnator.pipeline.Launcher - Inspector is finished. The process will exit now.
