02:23:31.577 [main] INFO  f.i.s.repairnator.pipeline.Launcher - PIPELINE VERSION: 3.0-2018-08-09 19:04
02:23:31.733 [main] INFO  f.i.s.repairnator.pipeline.Launcher - The pipeline will try to reproduce a bug from build 325642658 and its corresponding patch from build 327008319
02:23:31.734 [main] INFO  f.i.s.repairnator.pipeline.Launcher - Initialize file serializer engines.
02:23:31.736 [main] INFO  f.i.s.repairnator.pipeline.Launcher - MongoDB won't be used for serialization.
02:23:31.736 [main] INFO  f.i.s.repairnator.pipeline.Launcher - The email notifier engine won't be used.
02:23:31.739 [main] INFO  f.i.s.repairnator.pipeline.Launcher - Start by getting the build (buildId: 325642658) with the following config: RepairnatorConfig{runId='6799cc07-95a1-4e50-ad7d-f235eab297e7_01-18-week2-PASSING_AND_PASSING', launcherMode=BEARS, serializeJson=true, inputPath='null', outputPath='/var/log', mongodbHost='null', mongodbName='repairnator', smtpServer='null', notifyTo=[], notifyEndProcess=false, push=true, pushRemoteRepo='https://github.com/fermadeiral/bears-collection-pp', fork=false, lookFromDate=null, lookToDate=null, buildId=325642658, z3solverPath='./z3_for_linux', workspacePath='./workspace', githubToken='c8a341a903[...]', dockerImageName='null', skipDelete=false, createOutputDir=false, logDirectory='null', nbThreads=0, globalTimeout=0, whiteList=null, blackList=null, jobSleepTime=0, buildSleepTime=0, maxInspectedBuilds=0, duration=null, humanPatch=false, repository='null', clean=true, bearsMode=BOTH, bearsDelimiter = false, repairTools=NopolAllTests,NPEFix,AssertFixer,AstorJGenProg,AstorJKali,NopolSingleTest,AstorJMut,NopolTestExclusionStrategy, githubUserName= fermadeiral, githubUserEmail=fer.madeiral@gmail.com}
02:23:33.063 [main] DEBUG fr.inria.jtravis.helpers.BuildHelper - Get request to :https://api.travis-ci.org/build/325642658 done after 828 ms
02:23:33.346 [main] DEBUG fr.inria.jtravis.helpers.BuildHelper - Get request to :https://api.travis-ci.org/build/327008319 done after 140 ms
02:23:33.380 [main] INFO  f.i.s.repairnator.pipeline.Launcher - The patched build (327008319) was successfully retrieved from Travis.
02:23:34.786 [main] INFO  fr.inria.jtravis.JTravis - GitHub ratelimit: Limit: 5000 Remaining: 4765 Reset hour: 19:17:21
02:23:35.078 [main] INFO  f.i.s.r.p.i.ProjectInspector - ----------------------------------------------------------------------
02:23:35.079 [main] INFO  f.i.s.r.p.i.ProjectInspector - PIPELINE STEPS
02:23:35.079 [main] INFO  f.i.s.r.p.i.ProjectInspector - ----------------------------------------------------------------------
02:23:35.079 [main] INFO  f.i.s.r.p.i.ProjectInspector - CloneRepository
02:23:35.079 [main] INFO  f.i.s.r.p.i.ProjectInspector - CheckoutPatchedBuildCandidate
02:23:35.079 [main] INFO  f.i.s.r.p.i.ProjectInspector - ComputeSourceDir
02:23:35.080 [main] INFO  f.i.s.r.p.i.ProjectInspector - ComputeTestDir
02:23:35.080 [main] INFO  f.i.s.r.p.i.ProjectInspector - CheckoutBuggyBuildCandidateSourceCode
02:23:35.080 [main] INFO  f.i.s.r.p.i.ProjectInspector - BuildProjectBuggyBuildCandidateSourceCode
02:23:35.080 [main] INFO  f.i.s.r.p.i.ProjectInspector - TestProjectBuggyBuildCandidateSourceCode
02:23:35.080 [main] INFO  f.i.s.r.p.i.ProjectInspector - GatherTestInformationBuggyBuildCandidateSourceCode
02:23:35.081 [main] INFO  f.i.s.r.p.i.ProjectInspector - CheckoutBuggyBuildTestCode
02:23:35.081 [main] INFO  f.i.s.r.p.i.ProjectInspector - InitRepoToPush
02:23:35.081 [main] INFO  f.i.s.r.p.i.ProjectInspector - ComputeClasspath
02:23:35.081 [main] INFO  f.i.s.r.p.i.ProjectInspector - ComputeModules
02:23:35.081 [main] INFO  f.i.s.r.p.i.ProjectInspector - CheckoutBuggyBuildCandidateSourceCode
02:23:35.081 [main] INFO  f.i.s.r.p.i.ProjectInspector - CommitChangedTests
02:23:35.082 [main] INFO  f.i.s.r.p.i.ProjectInspector - CheckoutPatchedBuildCandidate
02:23:35.082 [main] INFO  f.i.s.r.p.i.ProjectInspector - BuildProjectPatchedBuildCandidate
02:23:35.082 [main] INFO  f.i.s.r.p.i.ProjectInspector - TestProjectPatchedBuildCandidate
02:23:35.082 [main] INFO  f.i.s.r.p.i.ProjectInspector - GatherTestInformationPatchedBuildCandidate
02:23:35.082 [main] INFO  f.i.s.r.p.i.ProjectInspector - CommitPatch
02:23:35.083 [main] INFO  f.i.s.r.p.i.ProjectInspector - WritePropertyFile
02:23:35.083 [main] INFO  f.i.s.r.p.i.ProjectInspector - CommitProcessEnd
02:23:35.083 [main] INFO  f.i.s.r.p.i.ProjectInspector - PushProcessEnd
02:23:35.083 [main] DEBUG f.i.s.r.process.step.CloneRepository - ----------------------------------------------------------------------
02:23:35.084 [main] DEBUG f.i.s.r.process.step.CloneRepository - STEP 1/22: CloneRepository
02:23:35.084 [main] DEBUG f.i.s.r.process.step.CloneRepository - ----------------------------------------------------------------------
02:23:35.084 [main] DEBUG f.i.s.r.process.step.CloneRepository - Cloning repository spring-cloud/spring-cloud-gcp in the following directory: ./workspace/spring-cloud/spring-cloud-gcp/325642658
02:23:40.319 [main] DEBUG f.i.s.r.process.step.CloneRepository - STEP STATUS: [ CloneRepository : SUCCESS ]
02:23:40.320 [main] DEBUG f.i.s.r.process.step.CloneRepository - STEP DURATION: 5s
02:23:40.320 [main] DEBUG f.i.s.r.process.step.CloneRepository - EXECUTE NEXT STEP
02:23:40.320 [main] DEBUG f.i.s.r.p.s.c.CheckoutPatchedBuild - ----------------------------------------------------------------------
02:23:40.320 [main] DEBUG f.i.s.r.p.s.c.CheckoutPatchedBuild - STEP 2/22: CheckoutPatchedBuildCandidate
02:23:40.321 [main] DEBUG f.i.s.r.p.s.c.CheckoutPatchedBuild - ----------------------------------------------------------------------
02:23:40.321 [main] DEBUG f.i.s.r.p.s.c.CheckoutPatchedBuild - Checking out patched build candidate...
02:23:40.669 [main] INFO  fr.inria.jtravis.JTravis - GitHub ratelimit: Limit: 5000 Remaining: 4762 Reset hour: 19:17:21
02:23:42.446 [main] DEBUG f.i.s.r.p.s.c.CheckoutPatchedBuild - Reproduce the PR for spring-cloud/spring-cloud-gcp by fetching remote branch and merging.
02:23:42.665 [main] ERROR f.i.s.r.p.s.c.CheckoutPatchedBuild - Error while testing commit: org.eclipse.jgit.errors.MissingObjectException: Missing unknown f330cd34eb077d8f5cf831a46745610866f7569f
02:23:42.667 [main] ERROR f.i.s.r.p.s.c.CheckoutPatchedBuild - Commit head ref cannot be retrieved from the repository: f330cd34eb077d8f5cf831a46745610866f7569f. Operation aborted.
02:23:42.668 [main] ERROR f.i.s.r.p.s.c.CheckoutPatchedBuild - Error while merging two commits to reproduce the PR.
02:23:42.670 [main] DEBUG f.i.s.r.p.s.c.CheckoutPatchedBuild - STEP STATUS: [ CheckoutPatchedBuildCandidate : FAILURE ( BUILDNOTCHECKEDOUT ) ]
02:23:42.671 [main] DEBUG f.i.s.r.p.s.c.CheckoutPatchedBuild - STEP DURATION: 2s
02:23:42.671 [main] DEBUG f.i.s.r.p.s.c.CheckoutPatchedBuild - TERMINATE PIPELINE
02:23:42.672 [main] DEBUG f.i.s.r.p.s.c.CheckoutPatchedBuild - FINAL STEPS SKIPPED: The reproduction of the bug and/or the patch failed.
02:23:42.673 [main] INFO  f.i.s.r.p.s.c.CheckoutPatchedBuild - Serialize all data for the pair of builds 325642658, 327008319
02:23:42.801 [main] INFO  fr.inria.jtravis.JTravis - GitHub ratelimit: Limit: 5000 Remaining: 4750 Reset hour: 19:17:21
02:23:43.348 [main] INFO  f.i.s.r.p.i.ProjectInspector - ----------------------------------------------------------------------
02:23:43.349 [main] INFO  f.i.s.r.p.i.ProjectInspector - PIPELINE EXECUTION SUMMARY
02:23:43.350 [main] INFO  f.i.s.r.p.i.ProjectInspector - ----------------------------------------------------------------------
02:23:43.350 [main] INFO  f.i.s.r.p.i.ProjectInspector - CloneRepository........................................SUCCESS [ 5 s ]
02:23:43.351 [main] INFO  f.i.s.r.p.i.ProjectInspector - CheckoutPatchedBuildCandidate..........................FAILURE [ 2 s ]
02:23:43.352 [main] INFO  f.i.s.r.p.i.ProjectInspector - ComputeSourceDir.......................................NOT RUN        
02:23:43.352 [main] INFO  f.i.s.r.p.i.ProjectInspector - ComputeTestDir.........................................NOT RUN        
02:23:43.353 [main] INFO  f.i.s.r.p.i.ProjectInspector - CheckoutBuggyBuildCandidateSourceCode..................NOT RUN        
02:23:43.354 [main] INFO  f.i.s.r.p.i.ProjectInspector - BuildProjectBuggyBuildCandidateSourceCode..............NOT RUN        
02:23:43.354 [main] INFO  f.i.s.r.p.i.ProjectInspector - TestProjectBuggyBuildCandidateSourceCode...............NOT RUN        
02:23:43.355 [main] INFO  f.i.s.r.p.i.ProjectInspector - GatherTestInformationBuggyBuildCandidateSourceCode.....NOT RUN        
02:23:43.355 [main] INFO  f.i.s.r.p.i.ProjectInspector - CheckoutBuggyBuildTestCode.............................NOT RUN        
02:23:43.356 [main] INFO  f.i.s.r.p.i.ProjectInspector - InitRepoToPush.........................................NOT RUN        
02:23:43.356 [main] INFO  f.i.s.r.p.i.ProjectInspector - ComputeClasspath.......................................NOT RUN        
02:23:43.357 [main] INFO  f.i.s.r.p.i.ProjectInspector - ComputeModules.........................................NOT RUN        
02:23:43.357 [main] INFO  f.i.s.r.p.i.ProjectInspector - CheckoutBuggyBuildCandidateSourceCode..................NOT RUN        
02:23:43.358 [main] INFO  f.i.s.r.p.i.ProjectInspector - CommitChangedTests.....................................NOT RUN        
02:23:43.358 [main] INFO  f.i.s.r.p.i.ProjectInspector - CheckoutPatchedBuildCandidate..........................NOT RUN        
02:23:43.359 [main] INFO  f.i.s.r.p.i.ProjectInspector - BuildProjectPatchedBuildCandidate......................NOT RUN        
02:23:43.359 [main] INFO  f.i.s.r.p.i.ProjectInspector - TestProjectPatchedBuildCandidate.......................NOT RUN        
02:23:43.360 [main] INFO  f.i.s.r.p.i.ProjectInspector - GatherTestInformationPatchedBuildCandidate.............NOT RUN        
02:23:43.360 [main] INFO  f.i.s.r.p.i.ProjectInspector - CommitPatch............................................NOT RUN        
02:23:43.361 [main] INFO  f.i.s.r.p.i.ProjectInspector - WritePropertyFile......................................NOT RUN        
02:23:43.361 [main] INFO  f.i.s.r.p.i.ProjectInspector - CommitProcessEnd.......................................NOT RUN        
02:23:43.362 [main] INFO  f.i.s.r.p.i.ProjectInspector - PushProcessEnd.........................................NOT RUN        
02:23:43.362 [main] INFO  f.i.s.r.p.i.ProjectInspector - ----------------------------------------------------------------------
02:23:43.363 [main] INFO  f.i.s.r.p.i.ProjectInspector - PIPELINE FINDING: BUILDNOTCHECKEDOUT
02:23:43.364 [main] INFO  f.i.s.r.p.i.ProjectInspector - ----------------------------------------------------------------------
02:23:43.364 [main] INFO  f.i.s.repairnator.pipeline.Launcher - Inspector is finished. The process will exit now.
