18:33:17.159 [main] INFO  f.i.s.repairnator.pipeline.Launcher - PIPELINE VERSION: 3.0-2018-08-09 19:04
18:33:17.338 [main] INFO  f.i.s.repairnator.pipeline.Launcher - The pipeline will try to reproduce a bug from build 325695057 and its corresponding patch from build 326228935
18:33:17.338 [main] INFO  f.i.s.repairnator.pipeline.Launcher - Initialize file serializer engines.
18:33:17.340 [main] INFO  f.i.s.repairnator.pipeline.Launcher - MongoDB won't be used for serialization.
18:33:17.340 [main] INFO  f.i.s.repairnator.pipeline.Launcher - The email notifier engine won't be used.
18:33:17.359 [main] INFO  f.i.s.repairnator.pipeline.Launcher - Start by getting the build (buildId: 325695057) with the following config: RepairnatorConfig{runId='6799cc07-95a1-4e50-ad7d-f235eab297e7_01-18-week2-PASSING_AND_PASSING', launcherMode=BEARS, serializeJson=true, inputPath='null', outputPath='/var/log', mongodbHost='null', mongodbName='repairnator', smtpServer='null', notifyTo=[], notifyEndProcess=false, push=true, pushRemoteRepo='https://github.com/fermadeiral/bears-collection-pp', fork=false, lookFromDate=null, lookToDate=null, buildId=325695057, z3solverPath='./z3_for_linux', workspacePath='./workspace', githubToken='c8a341a903[...]', dockerImageName='null', skipDelete=false, createOutputDir=false, logDirectory='null', nbThreads=0, globalTimeout=0, whiteList=null, blackList=null, jobSleepTime=0, buildSleepTime=0, maxInspectedBuilds=0, duration=null, humanPatch=false, repository='null', clean=true, bearsMode=BOTH, bearsDelimiter = false, repairTools=NopolAllTests,NPEFix,AssertFixer,AstorJGenProg,AstorJKali,NopolSingleTest,AstorJMut,NopolTestExclusionStrategy, githubUserName= fermadeiral, githubUserEmail=fer.madeiral@gmail.com}
18:33:18.693 [main] DEBUG fr.inria.jtravis.helpers.BuildHelper - Get request to :https://api.travis-ci.org/build/325695057 done after 764 ms
18:33:18.933 [main] DEBUG fr.inria.jtravis.helpers.BuildHelper - Get request to :https://api.travis-ci.org/build/326228935 done after 141 ms
18:33:18.952 [main] INFO  f.i.s.repairnator.pipeline.Launcher - The patched build (326228935) was successfully retrieved from Travis.
18:33:20.266 [main] INFO  fr.inria.jtravis.JTravis - GitHub ratelimit: Limit: 5000 Remaining: 4654 Reset hour: 19:16:53
18:33:20.764 [main] INFO  f.i.s.r.p.i.ProjectInspector - ----------------------------------------------------------------------
18:33:20.764 [main] INFO  f.i.s.r.p.i.ProjectInspector - PIPELINE STEPS
18:33:20.765 [main] INFO  f.i.s.r.p.i.ProjectInspector - ----------------------------------------------------------------------
18:33:20.765 [main] INFO  f.i.s.r.p.i.ProjectInspector - CloneRepository
18:33:20.765 [main] INFO  f.i.s.r.p.i.ProjectInspector - CheckoutPatchedBuildCandidate
18:33:20.766 [main] INFO  f.i.s.r.p.i.ProjectInspector - ComputeSourceDir
18:33:20.766 [main] INFO  f.i.s.r.p.i.ProjectInspector - ComputeTestDir
18:33:20.766 [main] INFO  f.i.s.r.p.i.ProjectInspector - CheckoutBuggyBuildCandidateSourceCode
18:33:20.766 [main] INFO  f.i.s.r.p.i.ProjectInspector - BuildProjectBuggyBuildCandidateSourceCode
18:33:20.767 [main] INFO  f.i.s.r.p.i.ProjectInspector - TestProjectBuggyBuildCandidateSourceCode
18:33:20.767 [main] INFO  f.i.s.r.p.i.ProjectInspector - GatherTestInformationBuggyBuildCandidateSourceCode
18:33:20.767 [main] INFO  f.i.s.r.p.i.ProjectInspector - CheckoutBuggyBuildTestCode
18:33:20.767 [main] INFO  f.i.s.r.p.i.ProjectInspector - InitRepoToPush
18:33:20.768 [main] INFO  f.i.s.r.p.i.ProjectInspector - ComputeClasspath
18:33:20.768 [main] INFO  f.i.s.r.p.i.ProjectInspector - ComputeModules
18:33:20.768 [main] INFO  f.i.s.r.p.i.ProjectInspector - CheckoutBuggyBuildCandidateSourceCode
18:33:20.768 [main] INFO  f.i.s.r.p.i.ProjectInspector - CommitChangedTests
18:33:20.768 [main] INFO  f.i.s.r.p.i.ProjectInspector - CheckoutPatchedBuildCandidate
18:33:20.769 [main] INFO  f.i.s.r.p.i.ProjectInspector - BuildProjectPatchedBuildCandidate
18:33:20.769 [main] INFO  f.i.s.r.p.i.ProjectInspector - TestProjectPatchedBuildCandidate
18:33:20.769 [main] INFO  f.i.s.r.p.i.ProjectInspector - GatherTestInformationPatchedBuildCandidate
18:33:20.769 [main] INFO  f.i.s.r.p.i.ProjectInspector - CommitPatch
18:33:20.770 [main] INFO  f.i.s.r.p.i.ProjectInspector - WritePropertyFile
18:33:20.770 [main] INFO  f.i.s.r.p.i.ProjectInspector - CommitProcessEnd
18:33:20.770 [main] INFO  f.i.s.r.p.i.ProjectInspector - PushProcessEnd
18:33:20.770 [main] DEBUG f.i.s.r.process.step.CloneRepository - ----------------------------------------------------------------------
18:33:20.771 [main] DEBUG f.i.s.r.process.step.CloneRepository - STEP 1/22: CloneRepository
18:33:20.771 [main] DEBUG f.i.s.r.process.step.CloneRepository - ----------------------------------------------------------------------
18:33:20.772 [main] DEBUG f.i.s.r.process.step.CloneRepository - Cloning repository apache/incubator-servicecomb-java-chassis in the following directory: ./workspace/apache/incubator-servicecomb-java-chassis/325695057
18:33:30.898 [main] DEBUG f.i.s.r.process.step.CloneRepository - STEP STATUS: [ CloneRepository : SUCCESS ]
18:33:30.899 [main] DEBUG f.i.s.r.process.step.CloneRepository - STEP DURATION: 10s
18:33:30.899 [main] DEBUG f.i.s.r.process.step.CloneRepository - EXECUTE NEXT STEP
18:33:30.899 [main] DEBUG f.i.s.r.p.s.c.CheckoutPatchedBuild - ----------------------------------------------------------------------
18:33:30.899 [main] DEBUG f.i.s.r.p.s.c.CheckoutPatchedBuild - STEP 2/22: CheckoutPatchedBuildCandidate
18:33:30.899 [main] DEBUG f.i.s.r.p.s.c.CheckoutPatchedBuild - ----------------------------------------------------------------------
18:33:30.900 [main] DEBUG f.i.s.r.p.s.c.CheckoutPatchedBuild - Checking out patched build candidate...
18:33:31.247 [main] INFO  fr.inria.jtravis.JTravis - GitHub ratelimit: Limit: 5000 Remaining: 4653 Reset hour: 19:16:53
18:33:33.153 [main] DEBUG f.i.s.r.p.s.c.CheckoutPatchedBuild - Reproduce the PR for apache/incubator-servicecomb-java-chassis by fetching remote branch and merging.
18:33:34.098 [main] ERROR f.i.s.r.p.s.c.CheckoutPatchedBuild - Error while testing commit: org.eclipse.jgit.errors.MissingObjectException: Missing unknown c30d52949e6cf517f841f51dd48eb68c7a1610c7
18:33:34.100 [main] ERROR f.i.s.r.p.s.c.CheckoutPatchedBuild - Commit head ref cannot be retrieved from the repository: c30d52949e6cf517f841f51dd48eb68c7a1610c7. Operation aborted.
18:33:34.100 [main] ERROR f.i.s.r.p.s.c.CheckoutPatchedBuild - Error while merging two commits to reproduce the PR.
18:33:34.101 [main] DEBUG f.i.s.r.p.s.c.CheckoutPatchedBuild - STEP STATUS: [ CheckoutPatchedBuildCandidate : FAILURE ( BUILDNOTCHECKEDOUT ) ]
18:33:34.101 [main] DEBUG f.i.s.r.p.s.c.CheckoutPatchedBuild - STEP DURATION: 3s
18:33:34.101 [main] DEBUG f.i.s.r.p.s.c.CheckoutPatchedBuild - TERMINATE PIPELINE
18:33:34.102 [main] DEBUG f.i.s.r.p.s.c.CheckoutPatchedBuild - FINAL STEPS SKIPPED: The reproduction of the bug and/or the patch failed.
18:33:34.102 [main] INFO  f.i.s.r.p.s.c.CheckoutPatchedBuild - Serialize all data for the pair of builds 325695057, 326228935
18:33:34.231 [main] INFO  fr.inria.jtravis.JTravis - GitHub ratelimit: Limit: 5000 Remaining: 4646 Reset hour: 19:16:53
18:33:35.064 [main] INFO  f.i.s.r.p.i.ProjectInspector - ----------------------------------------------------------------------
18:33:35.064 [main] INFO  f.i.s.r.p.i.ProjectInspector - PIPELINE EXECUTION SUMMARY
18:33:35.064 [main] INFO  f.i.s.r.p.i.ProjectInspector - ----------------------------------------------------------------------
18:33:35.064 [main] INFO  f.i.s.r.p.i.ProjectInspector - CloneRepository.......................................SUCCESS [ 10 s ]
18:33:35.065 [main] INFO  f.i.s.r.p.i.ProjectInspector - CheckoutPatchedBuildCandidate.........................FAILURE [  3 s ]
18:33:35.065 [main] INFO  f.i.s.r.p.i.ProjectInspector - ComputeSourceDir......................................NOT RUN         
18:33:35.065 [main] INFO  f.i.s.r.p.i.ProjectInspector - ComputeTestDir........................................NOT RUN         
18:33:35.065 [main] INFO  f.i.s.r.p.i.ProjectInspector - CheckoutBuggyBuildCandidateSourceCode.................NOT RUN         
18:33:35.065 [main] INFO  f.i.s.r.p.i.ProjectInspector - BuildProjectBuggyBuildCandidateSourceCode.............NOT RUN         
18:33:35.065 [main] INFO  f.i.s.r.p.i.ProjectInspector - TestProjectBuggyBuildCandidateSourceCode..............NOT RUN         
18:33:35.065 [main] INFO  f.i.s.r.p.i.ProjectInspector - GatherTestInformationBuggyBuildCandidateSourceCode....NOT RUN         
18:33:35.066 [main] INFO  f.i.s.r.p.i.ProjectInspector - CheckoutBuggyBuildTestCode............................NOT RUN         
18:33:35.066 [main] INFO  f.i.s.r.p.i.ProjectInspector - InitRepoToPush........................................NOT RUN         
18:33:35.066 [main] INFO  f.i.s.r.p.i.ProjectInspector - ComputeClasspath......................................NOT RUN         
18:33:35.066 [main] INFO  f.i.s.r.p.i.ProjectInspector - ComputeModules........................................NOT RUN         
18:33:35.066 [main] INFO  f.i.s.r.p.i.ProjectInspector - CheckoutBuggyBuildCandidateSourceCode.................NOT RUN         
18:33:35.066 [main] INFO  f.i.s.r.p.i.ProjectInspector - CommitChangedTests....................................NOT RUN         
18:33:35.066 [main] INFO  f.i.s.r.p.i.ProjectInspector - CheckoutPatchedBuildCandidate.........................NOT RUN         
18:33:35.067 [main] INFO  f.i.s.r.p.i.ProjectInspector - BuildProjectPatchedBuildCandidate.....................NOT RUN         
18:33:35.067 [main] INFO  f.i.s.r.p.i.ProjectInspector - TestProjectPatchedBuildCandidate......................NOT RUN         
18:33:35.067 [main] INFO  f.i.s.r.p.i.ProjectInspector - GatherTestInformationPatchedBuildCandidate............NOT RUN         
18:33:35.067 [main] INFO  f.i.s.r.p.i.ProjectInspector - CommitPatch...........................................NOT RUN         
18:33:35.067 [main] INFO  f.i.s.r.p.i.ProjectInspector - WritePropertyFile.....................................NOT RUN         
18:33:35.067 [main] INFO  f.i.s.r.p.i.ProjectInspector - CommitProcessEnd......................................NOT RUN         
18:33:35.068 [main] INFO  f.i.s.r.p.i.ProjectInspector - PushProcessEnd........................................NOT RUN         
18:33:35.068 [main] INFO  f.i.s.r.p.i.ProjectInspector - ----------------------------------------------------------------------
18:33:35.068 [main] INFO  f.i.s.r.p.i.ProjectInspector - PIPELINE FINDING: BUILDNOTCHECKEDOUT
18:33:35.068 [main] INFO  f.i.s.r.p.i.ProjectInspector - ----------------------------------------------------------------------
18:33:35.068 [main] INFO  f.i.s.repairnator.pipeline.Launcher - Inspector is finished. The process will exit now.
