20:50:55.682 [main] INFO  f.i.s.repairnator.pipeline.Launcher - PIPELINE VERSION: 3.0-2018-08-09 19:04
20:50:55.866 [main] INFO  f.i.s.repairnator.pipeline.Launcher - The pipeline will try to reproduce a bug from build 327195655 and its corresponding patch from build 327195769
20:50:55.866 [main] INFO  f.i.s.repairnator.pipeline.Launcher - Initialize file serializer engines.
20:50:55.868 [main] INFO  f.i.s.repairnator.pipeline.Launcher - MongoDB won't be used for serialization.
20:50:55.869 [main] INFO  f.i.s.repairnator.pipeline.Launcher - The email notifier engine won't be used.
20:50:55.872 [main] INFO  f.i.s.repairnator.pipeline.Launcher - Start by getting the build (buildId: 327195655) with the following config: RepairnatorConfig{runId='6799cc07-95a1-4e50-ad7d-f235eab297e7_01-18-week2-PASSING_AND_PASSING', launcherMode=BEARS, serializeJson=true, inputPath='null', outputPath='/var/log', mongodbHost='null', mongodbName='repairnator', smtpServer='null', notifyTo=[], notifyEndProcess=false, push=true, pushRemoteRepo='https://github.com/fermadeiral/bears-collection-pp', fork=false, lookFromDate=null, lookToDate=null, buildId=327195655, z3solverPath='./z3_for_linux', workspacePath='./workspace', githubToken='c8a341a903[...]', dockerImageName='null', skipDelete=false, createOutputDir=false, logDirectory='null', nbThreads=0, globalTimeout=0, whiteList=null, blackList=null, jobSleepTime=0, buildSleepTime=0, maxInspectedBuilds=0, duration=null, humanPatch=false, repository='null', clean=true, bearsMode=BOTH, bearsDelimiter = false, repairTools=NopolAllTests,NPEFix,AssertFixer,AstorJGenProg,AstorJKali,NopolSingleTest,AstorJMut,NopolTestExclusionStrategy, githubUserName= fermadeiral, githubUserEmail=fer.madeiral@gmail.com}
20:50:57.329 [main] DEBUG fr.inria.jtravis.helpers.BuildHelper - Get request to :https://api.travis-ci.org/build/327195655 done after 833 ms
20:50:57.716 [main] DEBUG fr.inria.jtravis.helpers.BuildHelper - Get request to :https://api.travis-ci.org/build/327195769 done after 233 ms
20:50:57.732 [main] INFO  f.i.s.repairnator.pipeline.Launcher - The patched build (327195769) was successfully retrieved from Travis.
20:50:59.040 [main] INFO  fr.inria.jtravis.JTravis - GitHub ratelimit: Limit: 5000 Remaining: 4964 Reset hour: 19:17:00
20:50:59.384 [main] INFO  f.i.s.r.p.i.ProjectInspector - ----------------------------------------------------------------------
20:50:59.384 [main] INFO  f.i.s.r.p.i.ProjectInspector - PIPELINE STEPS
20:50:59.384 [main] INFO  f.i.s.r.p.i.ProjectInspector - ----------------------------------------------------------------------
20:50:59.384 [main] INFO  f.i.s.r.p.i.ProjectInspector - CloneRepository
20:50:59.385 [main] INFO  f.i.s.r.p.i.ProjectInspector - CheckoutPatchedBuildCandidate
20:50:59.385 [main] INFO  f.i.s.r.p.i.ProjectInspector - ComputeSourceDir
20:50:59.385 [main] INFO  f.i.s.r.p.i.ProjectInspector - ComputeTestDir
20:50:59.385 [main] INFO  f.i.s.r.p.i.ProjectInspector - CheckoutBuggyBuildCandidateSourceCode
20:50:59.385 [main] INFO  f.i.s.r.p.i.ProjectInspector - BuildProjectBuggyBuildCandidateSourceCode
20:50:59.385 [main] INFO  f.i.s.r.p.i.ProjectInspector - TestProjectBuggyBuildCandidateSourceCode
20:50:59.385 [main] INFO  f.i.s.r.p.i.ProjectInspector - GatherTestInformationBuggyBuildCandidateSourceCode
20:50:59.386 [main] INFO  f.i.s.r.p.i.ProjectInspector - CheckoutBuggyBuildTestCode
20:50:59.386 [main] INFO  f.i.s.r.p.i.ProjectInspector - InitRepoToPush
20:50:59.386 [main] INFO  f.i.s.r.p.i.ProjectInspector - ComputeClasspath
20:50:59.386 [main] INFO  f.i.s.r.p.i.ProjectInspector - ComputeModules
20:50:59.386 [main] INFO  f.i.s.r.p.i.ProjectInspector - CheckoutBuggyBuildCandidateSourceCode
20:50:59.386 [main] INFO  f.i.s.r.p.i.ProjectInspector - CommitChangedTests
20:50:59.386 [main] INFO  f.i.s.r.p.i.ProjectInspector - CheckoutPatchedBuildCandidate
20:50:59.386 [main] INFO  f.i.s.r.p.i.ProjectInspector - BuildProjectPatchedBuildCandidate
20:50:59.387 [main] INFO  f.i.s.r.p.i.ProjectInspector - TestProjectPatchedBuildCandidate
20:50:59.387 [main] INFO  f.i.s.r.p.i.ProjectInspector - GatherTestInformationPatchedBuildCandidate
20:50:59.387 [main] INFO  f.i.s.r.p.i.ProjectInspector - CommitPatch
20:50:59.387 [main] INFO  f.i.s.r.p.i.ProjectInspector - WritePropertyFile
20:50:59.387 [main] INFO  f.i.s.r.p.i.ProjectInspector - CommitProcessEnd
20:50:59.387 [main] INFO  f.i.s.r.p.i.ProjectInspector - PushProcessEnd
20:50:59.388 [main] DEBUG f.i.s.r.process.step.CloneRepository - ----------------------------------------------------------------------
20:50:59.389 [main] DEBUG f.i.s.r.process.step.CloneRepository - STEP 1/22: CloneRepository
20:50:59.389 [main] DEBUG f.i.s.r.process.step.CloneRepository - ----------------------------------------------------------------------
20:50:59.389 [main] DEBUG f.i.s.r.process.step.CloneRepository - Cloning repository apache/incubator-dubbo in the following directory: ./workspace/apache/incubator-dubbo/327195655
20:51:08.699 [main] DEBUG f.i.s.r.process.step.CloneRepository - STEP STATUS: [ CloneRepository : SUCCESS ]
20:51:08.700 [main] DEBUG f.i.s.r.process.step.CloneRepository - STEP DURATION: 9s
20:51:08.702 [main] DEBUG f.i.s.r.process.step.CloneRepository - EXECUTE NEXT STEP
20:51:08.703 [main] DEBUG f.i.s.r.p.s.c.CheckoutPatchedBuild - ----------------------------------------------------------------------
20:51:08.703 [main] DEBUG f.i.s.r.p.s.c.CheckoutPatchedBuild - STEP 2/22: CheckoutPatchedBuildCandidate
20:51:08.704 [main] DEBUG f.i.s.r.p.s.c.CheckoutPatchedBuild - ----------------------------------------------------------------------
20:51:08.704 [main] DEBUG f.i.s.r.p.s.c.CheckoutPatchedBuild - Checking out patched build candidate...
20:51:09.027 [main] INFO  fr.inria.jtravis.JTravis - GitHub ratelimit: Limit: 5000 Remaining: 4963 Reset hour: 19:17:00
20:51:09.432 [main] WARN  f.i.j.helpers.PullRequestHelper - The head repository is null: maybe it has been deleted from GitHub
20:51:09.433 [main] ERROR f.i.s.r.p.s.c.CheckoutPatchedBuild - Error while getting PR information.
20:51:09.434 [main] DEBUG f.i.s.r.p.s.c.CheckoutPatchedBuild - STEP STATUS: [ CheckoutPatchedBuildCandidate : FAILURE ( BUILDNOTCHECKEDOUT ) ]
20:51:09.434 [main] DEBUG f.i.s.r.p.s.c.CheckoutPatchedBuild - STEP DURATION: 0s
20:51:09.434 [main] DEBUG f.i.s.r.p.s.c.CheckoutPatchedBuild - TERMINATE PIPELINE
20:51:09.435 [main] DEBUG f.i.s.r.p.s.c.CheckoutPatchedBuild - FINAL STEPS SKIPPED: The reproduction of the bug and/or the patch failed.
20:51:09.435 [main] INFO  f.i.s.r.p.s.c.CheckoutPatchedBuild - Serialize all data for the pair of builds 327195655, 327195769
20:51:09.554 [main] INFO  fr.inria.jtravis.JTravis - GitHub ratelimit: Limit: 5000 Remaining: 4961 Reset hour: 19:17:00
20:51:10.359 [main] INFO  f.i.s.r.p.i.ProjectInspector - ----------------------------------------------------------------------
20:51:10.360 [main] INFO  f.i.s.r.p.i.ProjectInspector - PIPELINE EXECUTION SUMMARY
20:51:10.360 [main] INFO  f.i.s.r.p.i.ProjectInspector - ----------------------------------------------------------------------
20:51:10.360 [main] INFO  f.i.s.r.p.i.ProjectInspector - CloneRepository........................................SUCCESS [ 9 s ]
20:51:10.361 [main] INFO  f.i.s.r.p.i.ProjectInspector - CheckoutPatchedBuildCandidate..........................FAILURE [ 0 s ]
20:51:10.361 [main] INFO  f.i.s.r.p.i.ProjectInspector - ComputeSourceDir.......................................NOT RUN        
20:51:10.362 [main] INFO  f.i.s.r.p.i.ProjectInspector - ComputeTestDir.........................................NOT RUN        
20:51:10.362 [main] INFO  f.i.s.r.p.i.ProjectInspector - CheckoutBuggyBuildCandidateSourceCode..................NOT RUN        
20:51:10.362 [main] INFO  f.i.s.r.p.i.ProjectInspector - BuildProjectBuggyBuildCandidateSourceCode..............NOT RUN        
20:51:10.362 [main] INFO  f.i.s.r.p.i.ProjectInspector - TestProjectBuggyBuildCandidateSourceCode...............NOT RUN        
20:51:10.363 [main] INFO  f.i.s.r.p.i.ProjectInspector - GatherTestInformationBuggyBuildCandidateSourceCode.....NOT RUN        
20:51:10.363 [main] INFO  f.i.s.r.p.i.ProjectInspector - CheckoutBuggyBuildTestCode.............................NOT RUN        
20:51:10.363 [main] INFO  f.i.s.r.p.i.ProjectInspector - InitRepoToPush.........................................NOT RUN        
20:51:10.364 [main] INFO  f.i.s.r.p.i.ProjectInspector - ComputeClasspath.......................................NOT RUN        
20:51:10.364 [main] INFO  f.i.s.r.p.i.ProjectInspector - ComputeModules.........................................NOT RUN        
20:51:10.364 [main] INFO  f.i.s.r.p.i.ProjectInspector - CheckoutBuggyBuildCandidateSourceCode..................NOT RUN        
20:51:10.364 [main] INFO  f.i.s.r.p.i.ProjectInspector - CommitChangedTests.....................................NOT RUN        
20:51:10.364 [main] INFO  f.i.s.r.p.i.ProjectInspector - CheckoutPatchedBuildCandidate..........................NOT RUN        
20:51:10.365 [main] INFO  f.i.s.r.p.i.ProjectInspector - BuildProjectPatchedBuildCandidate......................NOT RUN        
20:51:10.365 [main] INFO  f.i.s.r.p.i.ProjectInspector - TestProjectPatchedBuildCandidate.......................NOT RUN        
20:51:10.365 [main] INFO  f.i.s.r.p.i.ProjectInspector - GatherTestInformationPatchedBuildCandidate.............NOT RUN        
20:51:10.365 [main] INFO  f.i.s.r.p.i.ProjectInspector - CommitPatch............................................NOT RUN        
20:51:10.366 [main] INFO  f.i.s.r.p.i.ProjectInspector - WritePropertyFile......................................NOT RUN        
20:51:10.366 [main] INFO  f.i.s.r.p.i.ProjectInspector - CommitProcessEnd.......................................NOT RUN        
20:51:10.366 [main] INFO  f.i.s.r.p.i.ProjectInspector - PushProcessEnd.........................................NOT RUN        
20:51:10.366 [main] INFO  f.i.s.r.p.i.ProjectInspector - ----------------------------------------------------------------------
20:51:10.367 [main] INFO  f.i.s.r.p.i.ProjectInspector - PIPELINE FINDING: BUILDNOTCHECKEDOUT
20:51:10.367 [main] INFO  f.i.s.r.p.i.ProjectInspector - ----------------------------------------------------------------------
20:51:10.367 [main] INFO  f.i.s.repairnator.pipeline.Launcher - Inspector is finished. The process will exit now.
