17:41:22.685 [main] INFO  f.i.s.repairnator.pipeline.Launcher - PIPELINE VERSION: 3.0-2018-08-09 19:04
17:41:22.871 [main] INFO  f.i.s.repairnator.pipeline.Launcher - The pipeline will try to reproduce a bug from build 326571316 and its corresponding patch from build 326579179
17:41:22.872 [main] INFO  f.i.s.repairnator.pipeline.Launcher - Initialize file serializer engines.
17:41:22.873 [main] INFO  f.i.s.repairnator.pipeline.Launcher - MongoDB won't be used for serialization.
17:41:22.874 [main] INFO  f.i.s.repairnator.pipeline.Launcher - The email notifier engine won't be used.
17:41:22.877 [main] INFO  f.i.s.repairnator.pipeline.Launcher - Start by getting the build (buildId: 326571316) with the following config: RepairnatorConfig{runId='6799cc07-95a1-4e50-ad7d-f235eab297e7_01-18-week2-PASSING_AND_PASSING', launcherMode=BEARS, serializeJson=true, inputPath='null', outputPath='/var/log', mongodbHost='null', mongodbName='repairnator', smtpServer='null', notifyTo=[], notifyEndProcess=false, push=true, pushRemoteRepo='https://github.com/fermadeiral/bears-collection-pp', fork=false, lookFromDate=null, lookToDate=null, buildId=326571316, z3solverPath='./z3_for_linux', workspacePath='./workspace', githubToken='c8a341a903[...]', dockerImageName='null', skipDelete=false, createOutputDir=false, logDirectory='null', nbThreads=0, globalTimeout=0, whiteList=null, blackList=null, jobSleepTime=0, buildSleepTime=0, maxInspectedBuilds=0, duration=null, humanPatch=false, repository='null', clean=true, bearsMode=BOTH, bearsDelimiter = false, repairTools=NopolAllTests,NPEFix,AssertFixer,AstorJGenProg,AstorJKali,NopolSingleTest,AstorJMut,NopolTestExclusionStrategy, githubUserName= fermadeiral, githubUserEmail=fer.madeiral@gmail.com}
17:41:24.139 [main] DEBUG fr.inria.jtravis.helpers.BuildHelper - Get request to :https://api.travis-ci.org/build/326571316 done after 774 ms
17:41:24.358 [main] DEBUG fr.inria.jtravis.helpers.BuildHelper - Get request to :https://api.travis-ci.org/build/326579179 done after 137 ms
17:41:24.369 [main] INFO  f.i.s.repairnator.pipeline.Launcher - The patched build (326579179) was successfully retrieved from Travis.
17:41:25.489 [main] INFO  fr.inria.jtravis.JTravis - GitHub ratelimit: Limit: 5000 Remaining: 4728 Reset hour: 19:16:49
17:41:25.736 [main] INFO  f.i.s.r.p.i.ProjectInspector - ----------------------------------------------------------------------
17:41:25.736 [main] INFO  f.i.s.r.p.i.ProjectInspector - PIPELINE STEPS
17:41:25.736 [main] INFO  f.i.s.r.p.i.ProjectInspector - ----------------------------------------------------------------------
17:41:25.736 [main] INFO  f.i.s.r.p.i.ProjectInspector - CloneRepository
17:41:25.736 [main] INFO  f.i.s.r.p.i.ProjectInspector - CheckoutPatchedBuildCandidate
17:41:25.737 [main] INFO  f.i.s.r.p.i.ProjectInspector - ComputeSourceDir
17:41:25.737 [main] INFO  f.i.s.r.p.i.ProjectInspector - ComputeTestDir
17:41:25.737 [main] INFO  f.i.s.r.p.i.ProjectInspector - CheckoutBuggyBuildCandidateSourceCode
17:41:25.738 [main] INFO  f.i.s.r.p.i.ProjectInspector - BuildProjectBuggyBuildCandidateSourceCode
17:41:25.738 [main] INFO  f.i.s.r.p.i.ProjectInspector - TestProjectBuggyBuildCandidateSourceCode
17:41:25.738 [main] INFO  f.i.s.r.p.i.ProjectInspector - GatherTestInformationBuggyBuildCandidateSourceCode
17:41:25.738 [main] INFO  f.i.s.r.p.i.ProjectInspector - CheckoutBuggyBuildTestCode
17:41:25.738 [main] INFO  f.i.s.r.p.i.ProjectInspector - InitRepoToPush
17:41:25.738 [main] INFO  f.i.s.r.p.i.ProjectInspector - ComputeClasspath
17:41:25.739 [main] INFO  f.i.s.r.p.i.ProjectInspector - ComputeModules
17:41:25.739 [main] INFO  f.i.s.r.p.i.ProjectInspector - CheckoutBuggyBuildCandidateSourceCode
17:41:25.739 [main] INFO  f.i.s.r.p.i.ProjectInspector - CommitChangedTests
17:41:25.739 [main] INFO  f.i.s.r.p.i.ProjectInspector - CheckoutPatchedBuildCandidate
17:41:25.739 [main] INFO  f.i.s.r.p.i.ProjectInspector - BuildProjectPatchedBuildCandidate
17:41:25.739 [main] INFO  f.i.s.r.p.i.ProjectInspector - TestProjectPatchedBuildCandidate
17:41:25.739 [main] INFO  f.i.s.r.p.i.ProjectInspector - GatherTestInformationPatchedBuildCandidate
17:41:25.740 [main] INFO  f.i.s.r.p.i.ProjectInspector - CommitPatch
17:41:25.740 [main] INFO  f.i.s.r.p.i.ProjectInspector - WritePropertyFile
17:41:25.741 [main] INFO  f.i.s.r.p.i.ProjectInspector - CommitProcessEnd
17:41:25.742 [main] INFO  f.i.s.r.p.i.ProjectInspector - PushProcessEnd
17:41:25.742 [main] DEBUG f.i.s.r.process.step.CloneRepository - ----------------------------------------------------------------------
17:41:25.742 [main] DEBUG f.i.s.r.process.step.CloneRepository - STEP 1/22: CloneRepository
17:41:25.743 [main] DEBUG f.i.s.r.process.step.CloneRepository - ----------------------------------------------------------------------
17:41:25.743 [main] DEBUG f.i.s.r.process.step.CloneRepository - Cloning repository batfish/batfish in the following directory: ./workspace/batfish/batfish/326571316
17:42:19.554 [main] DEBUG f.i.s.r.process.step.CloneRepository - STEP STATUS: [ CloneRepository : SUCCESS ]
17:42:19.554 [main] DEBUG f.i.s.r.process.step.CloneRepository - STEP DURATION: 53s
17:42:19.555 [main] DEBUG f.i.s.r.process.step.CloneRepository - EXECUTE NEXT STEP
17:42:19.555 [main] DEBUG f.i.s.r.p.s.c.CheckoutPatchedBuild - ----------------------------------------------------------------------
17:42:19.555 [main] DEBUG f.i.s.r.p.s.c.CheckoutPatchedBuild - STEP 2/22: CheckoutPatchedBuildCandidate
17:42:19.556 [main] DEBUG f.i.s.r.p.s.c.CheckoutPatchedBuild - ----------------------------------------------------------------------
17:42:19.556 [main] DEBUG f.i.s.r.p.s.c.CheckoutPatchedBuild - Checking out patched build candidate...
17:42:21.612 [main] INFO  fr.inria.jtravis.JTravis - GitHub ratelimit: Limit: 5000 Remaining: 4712 Reset hour: 19:16:49
17:42:23.918 [main] DEBUG f.i.s.r.p.s.c.CheckoutPatchedBuild - Reproduce the PR for batfish/batfish by fetching remote branch and merging.
17:42:24.885 [main] ERROR f.i.s.r.p.s.c.CheckoutPatchedBuild - Error while testing commit: org.eclipse.jgit.errors.MissingObjectException: Missing unknown 469d19e26135c0ea028e55ea8e15e687b17e850b
17:42:24.887 [main] ERROR f.i.s.r.p.s.c.CheckoutPatchedBuild - Commit head ref cannot be retrieved from the repository: 469d19e26135c0ea028e55ea8e15e687b17e850b. Operation aborted.
17:42:24.888 [main] ERROR f.i.s.r.p.s.c.CheckoutPatchedBuild - Error while merging two commits to reproduce the PR.
17:42:24.890 [main] DEBUG f.i.s.r.p.s.c.CheckoutPatchedBuild - STEP STATUS: [ CheckoutPatchedBuildCandidate : FAILURE ( BUILDNOTCHECKEDOUT ) ]
17:42:24.890 [main] DEBUG f.i.s.r.p.s.c.CheckoutPatchedBuild - STEP DURATION: 5s
17:42:24.891 [main] DEBUG f.i.s.r.p.s.c.CheckoutPatchedBuild - TERMINATE PIPELINE
17:42:24.892 [main] DEBUG f.i.s.r.p.s.c.CheckoutPatchedBuild - FINAL STEPS SKIPPED: The reproduction of the bug and/or the patch failed.
17:42:24.892 [main] INFO  f.i.s.r.p.s.c.CheckoutPatchedBuild - Serialize all data for the pair of builds 326571316, 326579179
17:42:25.026 [main] INFO  fr.inria.jtravis.JTravis - GitHub ratelimit: Limit: 5000 Remaining: 4705 Reset hour: 19:16:49
17:42:26.105 [main] INFO  f.i.s.r.p.i.ProjectInspector - ----------------------------------------------------------------------
17:42:26.105 [main] INFO  f.i.s.r.p.i.ProjectInspector - PIPELINE EXECUTION SUMMARY
17:42:26.106 [main] INFO  f.i.s.r.p.i.ProjectInspector - ----------------------------------------------------------------------
17:42:26.106 [main] INFO  f.i.s.r.p.i.ProjectInspector - CloneRepository.......................................SUCCESS [ 53 s ]
17:42:26.106 [main] INFO  f.i.s.r.p.i.ProjectInspector - CheckoutPatchedBuildCandidate.........................FAILURE [  5 s ]
17:42:26.107 [main] INFO  f.i.s.r.p.i.ProjectInspector - ComputeSourceDir......................................NOT RUN         
17:42:26.107 [main] INFO  f.i.s.r.p.i.ProjectInspector - ComputeTestDir........................................NOT RUN         
17:42:26.107 [main] INFO  f.i.s.r.p.i.ProjectInspector - CheckoutBuggyBuildCandidateSourceCode.................NOT RUN         
17:42:26.107 [main] INFO  f.i.s.r.p.i.ProjectInspector - BuildProjectBuggyBuildCandidateSourceCode.............NOT RUN         
17:42:26.107 [main] INFO  f.i.s.r.p.i.ProjectInspector - TestProjectBuggyBuildCandidateSourceCode..............NOT RUN         
17:42:26.108 [main] INFO  f.i.s.r.p.i.ProjectInspector - GatherTestInformationBuggyBuildCandidateSourceCode....NOT RUN         
17:42:26.108 [main] INFO  f.i.s.r.p.i.ProjectInspector - CheckoutBuggyBuildTestCode............................NOT RUN         
17:42:26.108 [main] INFO  f.i.s.r.p.i.ProjectInspector - InitRepoToPush........................................NOT RUN         
17:42:26.108 [main] INFO  f.i.s.r.p.i.ProjectInspector - ComputeClasspath......................................NOT RUN         
17:42:26.108 [main] INFO  f.i.s.r.p.i.ProjectInspector - ComputeModules........................................NOT RUN         
17:42:26.109 [main] INFO  f.i.s.r.p.i.ProjectInspector - CheckoutBuggyBuildCandidateSourceCode.................NOT RUN         
17:42:26.109 [main] INFO  f.i.s.r.p.i.ProjectInspector - CommitChangedTests....................................NOT RUN         
17:42:26.109 [main] INFO  f.i.s.r.p.i.ProjectInspector - CheckoutPatchedBuildCandidate.........................NOT RUN         
17:42:26.109 [main] INFO  f.i.s.r.p.i.ProjectInspector - BuildProjectPatchedBuildCandidate.....................NOT RUN         
17:42:26.109 [main] INFO  f.i.s.r.p.i.ProjectInspector - TestProjectPatchedBuildCandidate......................NOT RUN         
17:42:26.110 [main] INFO  f.i.s.r.p.i.ProjectInspector - GatherTestInformationPatchedBuildCandidate............NOT RUN         
17:42:26.110 [main] INFO  f.i.s.r.p.i.ProjectInspector - CommitPatch...........................................NOT RUN         
17:42:26.110 [main] INFO  f.i.s.r.p.i.ProjectInspector - WritePropertyFile.....................................NOT RUN         
17:42:26.110 [main] INFO  f.i.s.r.p.i.ProjectInspector - CommitProcessEnd......................................NOT RUN         
17:42:26.110 [main] INFO  f.i.s.r.p.i.ProjectInspector - PushProcessEnd........................................NOT RUN         
17:42:26.111 [main] INFO  f.i.s.r.p.i.ProjectInspector - ----------------------------------------------------------------------
17:42:26.111 [main] INFO  f.i.s.r.p.i.ProjectInspector - PIPELINE FINDING: BUILDNOTCHECKEDOUT
17:42:26.111 [main] INFO  f.i.s.r.p.i.ProjectInspector - ----------------------------------------------------------------------
17:42:26.111 [main] INFO  f.i.s.repairnator.pipeline.Launcher - Inspector is finished. The process will exit now.
