17:39:48.094 [main] INFO  f.i.s.repairnator.pipeline.Launcher - PIPELINE VERSION: 3.0-2018-08-09 19:04
17:39:48.222 [main] INFO  f.i.s.repairnator.pipeline.Launcher - The pipeline will try to reproduce a bug from build 326602085 and its corresponding patch from build 326603559
17:39:48.222 [main] INFO  f.i.s.repairnator.pipeline.Launcher - Initialize file serializer engines.
17:39:48.225 [main] INFO  f.i.s.repairnator.pipeline.Launcher - MongoDB won't be used for serialization.
17:39:48.225 [main] INFO  f.i.s.repairnator.pipeline.Launcher - The email notifier engine won't be used.
17:39:48.229 [main] INFO  f.i.s.repairnator.pipeline.Launcher - Start by getting the build (buildId: 326602085) with the following config: RepairnatorConfig{runId='6799cc07-95a1-4e50-ad7d-f235eab297e7_01-18-week2-PASSING_AND_PASSING', launcherMode=BEARS, serializeJson=true, inputPath='null', outputPath='/var/log', mongodbHost='null', mongodbName='repairnator', smtpServer='null', notifyTo=[], notifyEndProcess=false, push=true, pushRemoteRepo='https://github.com/fermadeiral/bears-collection-pp', fork=false, lookFromDate=null, lookToDate=null, buildId=326602085, z3solverPath='./z3_for_linux', workspacePath='./workspace', githubToken='c8a341a903[...]', dockerImageName='null', skipDelete=false, createOutputDir=false, logDirectory='null', nbThreads=0, globalTimeout=0, whiteList=null, blackList=null, jobSleepTime=0, buildSleepTime=0, maxInspectedBuilds=0, duration=null, humanPatch=false, repository='null', clean=true, bearsMode=BOTH, bearsDelimiter = false, repairTools=NopolAllTests,NPEFix,AssertFixer,AstorJGenProg,AstorJKali,NopolSingleTest,AstorJMut,NopolTestExclusionStrategy, githubUserName= fermadeiral, githubUserEmail=fer.madeiral@gmail.com}
17:39:49.477 [main] DEBUG fr.inria.jtravis.helpers.BuildHelper - Get request to :https://api.travis-ci.org/build/326602085 done after 814 ms
17:39:49.693 [main] DEBUG fr.inria.jtravis.helpers.BuildHelper - Get request to :https://api.travis-ci.org/build/326603559 done after 131 ms
17:39:49.704 [main] INFO  f.i.s.repairnator.pipeline.Launcher - The patched build (326603559) was successfully retrieved from Travis.
17:39:50.796 [main] INFO  fr.inria.jtravis.JTravis - GitHub ratelimit: Limit: 5000 Remaining: 4776 Reset hour: 19:16:49
17:39:51.026 [main] INFO  f.i.s.r.p.i.ProjectInspector - ----------------------------------------------------------------------
17:39:51.027 [main] INFO  f.i.s.r.p.i.ProjectInspector - PIPELINE STEPS
17:39:51.027 [main] INFO  f.i.s.r.p.i.ProjectInspector - ----------------------------------------------------------------------
17:39:51.027 [main] INFO  f.i.s.r.p.i.ProjectInspector - CloneRepository
17:39:51.027 [main] INFO  f.i.s.r.p.i.ProjectInspector - CheckoutPatchedBuildCandidate
17:39:51.027 [main] INFO  f.i.s.r.p.i.ProjectInspector - ComputeSourceDir
17:39:51.028 [main] INFO  f.i.s.r.p.i.ProjectInspector - ComputeTestDir
17:39:51.028 [main] INFO  f.i.s.r.p.i.ProjectInspector - CheckoutBuggyBuildCandidateSourceCode
17:39:51.028 [main] INFO  f.i.s.r.p.i.ProjectInspector - BuildProjectBuggyBuildCandidateSourceCode
17:39:51.028 [main] INFO  f.i.s.r.p.i.ProjectInspector - TestProjectBuggyBuildCandidateSourceCode
17:39:51.028 [main] INFO  f.i.s.r.p.i.ProjectInspector - GatherTestInformationBuggyBuildCandidateSourceCode
17:39:51.028 [main] INFO  f.i.s.r.p.i.ProjectInspector - CheckoutBuggyBuildTestCode
17:39:51.029 [main] INFO  f.i.s.r.p.i.ProjectInspector - InitRepoToPush
17:39:51.029 [main] INFO  f.i.s.r.p.i.ProjectInspector - ComputeClasspath
17:39:51.029 [main] INFO  f.i.s.r.p.i.ProjectInspector - ComputeModules
17:39:51.029 [main] INFO  f.i.s.r.p.i.ProjectInspector - CheckoutBuggyBuildCandidateSourceCode
17:39:51.029 [main] INFO  f.i.s.r.p.i.ProjectInspector - CommitChangedTests
17:39:51.029 [main] INFO  f.i.s.r.p.i.ProjectInspector - CheckoutPatchedBuildCandidate
17:39:51.029 [main] INFO  f.i.s.r.p.i.ProjectInspector - BuildProjectPatchedBuildCandidate
17:39:51.030 [main] INFO  f.i.s.r.p.i.ProjectInspector - TestProjectPatchedBuildCandidate
17:39:51.030 [main] INFO  f.i.s.r.p.i.ProjectInspector - GatherTestInformationPatchedBuildCandidate
17:39:51.030 [main] INFO  f.i.s.r.p.i.ProjectInspector - CommitPatch
17:39:51.030 [main] INFO  f.i.s.r.p.i.ProjectInspector - WritePropertyFile
17:39:51.030 [main] INFO  f.i.s.r.p.i.ProjectInspector - CommitProcessEnd
17:39:51.030 [main] INFO  f.i.s.r.p.i.ProjectInspector - PushProcessEnd
17:39:51.031 [main] DEBUG f.i.s.r.process.step.CloneRepository - ----------------------------------------------------------------------
17:39:51.031 [main] DEBUG f.i.s.r.process.step.CloneRepository - STEP 1/22: CloneRepository
17:39:51.031 [main] DEBUG f.i.s.r.process.step.CloneRepository - ----------------------------------------------------------------------
17:39:51.032 [main] DEBUG f.i.s.r.process.step.CloneRepository - Cloning repository batfish/batfish in the following directory: ./workspace/batfish/batfish/326602085
17:40:40.903 [main] DEBUG f.i.s.r.process.step.CloneRepository - STEP STATUS: [ CloneRepository : SUCCESS ]
17:40:40.904 [main] DEBUG f.i.s.r.process.step.CloneRepository - STEP DURATION: 49s
17:40:40.904 [main] DEBUG f.i.s.r.process.step.CloneRepository - EXECUTE NEXT STEP
17:40:40.905 [main] DEBUG f.i.s.r.p.s.c.CheckoutPatchedBuild - ----------------------------------------------------------------------
17:40:40.905 [main] DEBUG f.i.s.r.p.s.c.CheckoutPatchedBuild - STEP 2/22: CheckoutPatchedBuildCandidate
17:40:40.905 [main] DEBUG f.i.s.r.p.s.c.CheckoutPatchedBuild - ----------------------------------------------------------------------
17:40:40.905 [main] DEBUG f.i.s.r.p.s.c.CheckoutPatchedBuild - Checking out patched build candidate...
17:40:40.918 [main] ERROR f.i.s.r.p.s.c.CheckoutPatchedBuild - Error while testing commit: org.eclipse.jgit.errors.MissingObjectException: Missing unknown da782001bb62c3966102b3b4d90b5c17922237c3
17:40:40.918 [main] ERROR f.i.s.r.p.s.c.CheckoutPatchedBuild - Error while getting the commit to checkout from the repo.
17:40:40.919 [main] DEBUG f.i.s.r.p.s.c.CheckoutPatchedBuild - STEP STATUS: [ CheckoutPatchedBuildCandidate : FAILURE ( BUILDNOTCHECKEDOUT ) ]
17:40:40.920 [main] DEBUG f.i.s.r.p.s.c.CheckoutPatchedBuild - STEP DURATION: 0s
17:40:40.920 [main] DEBUG f.i.s.r.p.s.c.CheckoutPatchedBuild - TERMINATE PIPELINE
17:40:40.920 [main] DEBUG f.i.s.r.p.s.c.CheckoutPatchedBuild - FINAL STEPS SKIPPED: The reproduction of the bug and/or the patch failed.
17:40:40.921 [main] INFO  f.i.s.r.p.s.c.CheckoutPatchedBuild - Serialize all data for the pair of builds 326602085, 326603559
17:40:41.280 [main] INFO  fr.inria.jtravis.JTravis - GitHub ratelimit: Limit: 5000 Remaining: 4746 Reset hour: 19:16:49
17:40:42.255 [main] INFO  f.i.s.r.p.i.ProjectInspector - ----------------------------------------------------------------------
17:40:42.255 [main] INFO  f.i.s.r.p.i.ProjectInspector - PIPELINE EXECUTION SUMMARY
17:40:42.255 [main] INFO  f.i.s.r.p.i.ProjectInspector - ----------------------------------------------------------------------
17:40:42.255 [main] INFO  f.i.s.r.p.i.ProjectInspector - CloneRepository.......................................SUCCESS [ 49 s ]
17:40:42.256 [main] INFO  f.i.s.r.p.i.ProjectInspector - CheckoutPatchedBuildCandidate.........................FAILURE [  0 s ]
17:40:42.256 [main] INFO  f.i.s.r.p.i.ProjectInspector - ComputeSourceDir......................................NOT RUN         
17:40:42.256 [main] INFO  f.i.s.r.p.i.ProjectInspector - ComputeTestDir........................................NOT RUN         
17:40:42.257 [main] INFO  f.i.s.r.p.i.ProjectInspector - CheckoutBuggyBuildCandidateSourceCode.................NOT RUN         
17:40:42.257 [main] INFO  f.i.s.r.p.i.ProjectInspector - BuildProjectBuggyBuildCandidateSourceCode.............NOT RUN         
17:40:42.258 [main] INFO  f.i.s.r.p.i.ProjectInspector - TestProjectBuggyBuildCandidateSourceCode..............NOT RUN         
17:40:42.258 [main] INFO  f.i.s.r.p.i.ProjectInspector - GatherTestInformationBuggyBuildCandidateSourceCode....NOT RUN         
17:40:42.258 [main] INFO  f.i.s.r.p.i.ProjectInspector - CheckoutBuggyBuildTestCode............................NOT RUN         
17:40:42.258 [main] INFO  f.i.s.r.p.i.ProjectInspector - InitRepoToPush........................................NOT RUN         
17:40:42.258 [main] INFO  f.i.s.r.p.i.ProjectInspector - ComputeClasspath......................................NOT RUN         
17:40:42.259 [main] INFO  f.i.s.r.p.i.ProjectInspector - ComputeModules........................................NOT RUN         
17:40:42.259 [main] INFO  f.i.s.r.p.i.ProjectInspector - CheckoutBuggyBuildCandidateSourceCode.................NOT RUN         
17:40:42.259 [main] INFO  f.i.s.r.p.i.ProjectInspector - CommitChangedTests....................................NOT RUN         
17:40:42.259 [main] INFO  f.i.s.r.p.i.ProjectInspector - CheckoutPatchedBuildCandidate.........................NOT RUN         
17:40:42.259 [main] INFO  f.i.s.r.p.i.ProjectInspector - BuildProjectPatchedBuildCandidate.....................NOT RUN         
17:40:42.259 [main] INFO  f.i.s.r.p.i.ProjectInspector - TestProjectPatchedBuildCandidate......................NOT RUN         
17:40:42.260 [main] INFO  f.i.s.r.p.i.ProjectInspector - GatherTestInformationPatchedBuildCandidate............NOT RUN         
17:40:42.260 [main] INFO  f.i.s.r.p.i.ProjectInspector - CommitPatch...........................................NOT RUN         
17:40:42.260 [main] INFO  f.i.s.r.p.i.ProjectInspector - WritePropertyFile.....................................NOT RUN         
17:40:42.260 [main] INFO  f.i.s.r.p.i.ProjectInspector - CommitProcessEnd......................................NOT RUN         
17:40:42.260 [main] INFO  f.i.s.r.p.i.ProjectInspector - PushProcessEnd........................................NOT RUN         
17:40:42.260 [main] INFO  f.i.s.r.p.i.ProjectInspector - ----------------------------------------------------------------------
17:40:42.260 [main] INFO  f.i.s.r.p.i.ProjectInspector - PIPELINE FINDING: BUILDNOTCHECKEDOUT
17:40:42.261 [main] INFO  f.i.s.r.p.i.ProjectInspector - ----------------------------------------------------------------------
17:40:42.261 [main] INFO  f.i.s.repairnator.pipeline.Launcher - Inspector is finished. The process will exit now.
