17:37:44.838 [main] INFO  f.i.s.repairnator.pipeline.Launcher - PIPELINE VERSION: 3.0-2018-08-09 19:04
17:37:44.988 [main] INFO  f.i.s.repairnator.pipeline.Launcher - The pipeline will try to reproduce a bug from build 325685380 and its corresponding patch from build 326948473
17:37:44.988 [main] INFO  f.i.s.repairnator.pipeline.Launcher - Initialize file serializer engines.
17:37:44.990 [main] INFO  f.i.s.repairnator.pipeline.Launcher - MongoDB won't be used for serialization.
17:37:44.990 [main] INFO  f.i.s.repairnator.pipeline.Launcher - The email notifier engine won't be used.
17:37:44.993 [main] INFO  f.i.s.repairnator.pipeline.Launcher - Start by getting the build (buildId: 325685380) with the following config: RepairnatorConfig{runId='6799cc07-95a1-4e50-ad7d-f235eab297e7_01-18-week2-PASSING_AND_PASSING', launcherMode=BEARS, serializeJson=true, inputPath='null', outputPath='/var/log', mongodbHost='null', mongodbName='repairnator', smtpServer='null', notifyTo=[], notifyEndProcess=false, push=true, pushRemoteRepo='https://github.com/fermadeiral/bears-collection-pp', fork=false, lookFromDate=null, lookToDate=null, buildId=325685380, z3solverPath='./z3_for_linux', workspacePath='./workspace', githubToken='c8a341a903[...]', dockerImageName='null', skipDelete=false, createOutputDir=false, logDirectory='null', nbThreads=0, globalTimeout=0, whiteList=null, blackList=null, jobSleepTime=0, buildSleepTime=0, maxInspectedBuilds=0, duration=null, humanPatch=false, repository='null', clean=true, bearsMode=BOTH, bearsDelimiter = false, repairTools=NopolAllTests,NPEFix,AssertFixer,AstorJGenProg,AstorJKali,NopolSingleTest,AstorJMut,NopolTestExclusionStrategy, githubUserName= fermadeiral, githubUserEmail=fer.madeiral@gmail.com}
17:37:46.522 [main] DEBUG fr.inria.jtravis.helpers.BuildHelper - Get request to :https://api.travis-ci.org/build/325685380 done after 932 ms
17:37:46.840 [main] DEBUG fr.inria.jtravis.helpers.BuildHelper - Get request to :https://api.travis-ci.org/build/326948473 done after 186 ms
17:37:46.865 [main] INFO  f.i.s.repairnator.pipeline.Launcher - The patched build (326948473) was successfully retrieved from Travis.
17:37:48.223 [main] INFO  fr.inria.jtravis.JTravis - GitHub ratelimit: Limit: 5000 Remaining: 4810 Reset hour: 19:16:49
17:37:48.522 [main] INFO  f.i.s.r.p.i.ProjectInspector - ----------------------------------------------------------------------
17:37:48.522 [main] INFO  f.i.s.r.p.i.ProjectInspector - PIPELINE STEPS
17:37:48.522 [main] INFO  f.i.s.r.p.i.ProjectInspector - ----------------------------------------------------------------------
17:37:48.523 [main] INFO  f.i.s.r.p.i.ProjectInspector - CloneRepository
17:37:48.523 [main] INFO  f.i.s.r.p.i.ProjectInspector - CheckoutPatchedBuildCandidate
17:37:48.523 [main] INFO  f.i.s.r.p.i.ProjectInspector - ComputeSourceDir
17:37:48.523 [main] INFO  f.i.s.r.p.i.ProjectInspector - ComputeTestDir
17:37:48.524 [main] INFO  f.i.s.r.p.i.ProjectInspector - CheckoutBuggyBuildCandidateSourceCode
17:37:48.524 [main] INFO  f.i.s.r.p.i.ProjectInspector - BuildProjectBuggyBuildCandidateSourceCode
17:37:48.524 [main] INFO  f.i.s.r.p.i.ProjectInspector - TestProjectBuggyBuildCandidateSourceCode
17:37:48.524 [main] INFO  f.i.s.r.p.i.ProjectInspector - GatherTestInformationBuggyBuildCandidateSourceCode
17:37:48.525 [main] INFO  f.i.s.r.p.i.ProjectInspector - CheckoutBuggyBuildTestCode
17:37:48.525 [main] INFO  f.i.s.r.p.i.ProjectInspector - InitRepoToPush
17:37:48.525 [main] INFO  f.i.s.r.p.i.ProjectInspector - ComputeClasspath
17:37:48.525 [main] INFO  f.i.s.r.p.i.ProjectInspector - ComputeModules
17:37:48.525 [main] INFO  f.i.s.r.p.i.ProjectInspector - CheckoutBuggyBuildCandidateSourceCode
17:37:48.526 [main] INFO  f.i.s.r.p.i.ProjectInspector - CommitChangedTests
17:37:48.526 [main] INFO  f.i.s.r.p.i.ProjectInspector - CheckoutPatchedBuildCandidate
17:37:48.526 [main] INFO  f.i.s.r.p.i.ProjectInspector - BuildProjectPatchedBuildCandidate
17:37:48.526 [main] INFO  f.i.s.r.p.i.ProjectInspector - TestProjectPatchedBuildCandidate
17:37:48.527 [main] INFO  f.i.s.r.p.i.ProjectInspector - GatherTestInformationPatchedBuildCandidate
17:37:48.527 [main] INFO  f.i.s.r.p.i.ProjectInspector - CommitPatch
17:37:48.527 [main] INFO  f.i.s.r.p.i.ProjectInspector - WritePropertyFile
17:37:48.528 [main] INFO  f.i.s.r.p.i.ProjectInspector - CommitProcessEnd
17:37:48.528 [main] INFO  f.i.s.r.p.i.ProjectInspector - PushProcessEnd
17:37:48.528 [main] DEBUG f.i.s.r.process.step.CloneRepository - ----------------------------------------------------------------------
17:37:48.529 [main] DEBUG f.i.s.r.process.step.CloneRepository - STEP 1/22: CloneRepository
17:37:48.529 [main] DEBUG f.i.s.r.process.step.CloneRepository - ----------------------------------------------------------------------
17:37:48.530 [main] DEBUG f.i.s.r.process.step.CloneRepository - Cloning repository batfish/batfish in the following directory: ./workspace/batfish/batfish/325685380
17:38:36.665 [main] DEBUG f.i.s.r.process.step.CloneRepository - STEP STATUS: [ CloneRepository : SUCCESS ]
17:38:36.666 [main] DEBUG f.i.s.r.process.step.CloneRepository - STEP DURATION: 48s
17:38:36.666 [main] DEBUG f.i.s.r.process.step.CloneRepository - EXECUTE NEXT STEP
17:38:36.666 [main] DEBUG f.i.s.r.p.s.c.CheckoutPatchedBuild - ----------------------------------------------------------------------
17:38:36.666 [main] DEBUG f.i.s.r.p.s.c.CheckoutPatchedBuild - STEP 2/22: CheckoutPatchedBuildCandidate
17:38:36.666 [main] DEBUG f.i.s.r.p.s.c.CheckoutPatchedBuild - ----------------------------------------------------------------------
17:38:36.667 [main] DEBUG f.i.s.r.p.s.c.CheckoutPatchedBuild - Checking out patched build candidate...
17:38:36.985 [main] INFO  fr.inria.jtravis.JTravis - GitHub ratelimit: Limit: 5000 Remaining: 4794 Reset hour: 19:16:49
17:38:39.891 [main] DEBUG f.i.s.r.p.s.c.CheckoutPatchedBuild - Reproduce the PR for batfish/batfish by fetching remote branch and merging.
17:38:40.808 [main] ERROR f.i.s.r.p.s.c.CheckoutPatchedBuild - Error while testing commit: org.eclipse.jgit.errors.MissingObjectException: Missing unknown 3c426cc312b177c7b051caa2b7184146693d9ab2
17:38:40.809 [main] ERROR f.i.s.r.p.s.c.CheckoutPatchedBuild - Commit head ref cannot be retrieved from the repository: 3c426cc312b177c7b051caa2b7184146693d9ab2. Operation aborted.
17:38:40.809 [main] ERROR f.i.s.r.p.s.c.CheckoutPatchedBuild - Error while merging two commits to reproduce the PR.
17:38:40.810 [main] DEBUG f.i.s.r.p.s.c.CheckoutPatchedBuild - STEP STATUS: [ CheckoutPatchedBuildCandidate : FAILURE ( BUILDNOTCHECKEDOUT ) ]
17:38:40.811 [main] DEBUG f.i.s.r.p.s.c.CheckoutPatchedBuild - STEP DURATION: 4s
17:38:40.811 [main] DEBUG f.i.s.r.p.s.c.CheckoutPatchedBuild - TERMINATE PIPELINE
17:38:40.811 [main] DEBUG f.i.s.r.p.s.c.CheckoutPatchedBuild - FINAL STEPS SKIPPED: The reproduction of the bug and/or the patch failed.
17:38:40.811 [main] INFO  f.i.s.r.p.s.c.CheckoutPatchedBuild - Serialize all data for the pair of builds 325685380, 326948473
17:38:40.930 [main] INFO  fr.inria.jtravis.JTravis - GitHub ratelimit: Limit: 5000 Remaining: 4787 Reset hour: 19:16:49
17:38:41.789 [main] INFO  f.i.s.r.p.i.ProjectInspector - ----------------------------------------------------------------------
17:38:41.790 [main] INFO  f.i.s.r.p.i.ProjectInspector - PIPELINE EXECUTION SUMMARY
17:38:41.790 [main] INFO  f.i.s.r.p.i.ProjectInspector - ----------------------------------------------------------------------
17:38:41.790 [main] INFO  f.i.s.r.p.i.ProjectInspector - CloneRepository.......................................SUCCESS [ 48 s ]
17:38:41.790 [main] INFO  f.i.s.r.p.i.ProjectInspector - CheckoutPatchedBuildCandidate.........................FAILURE [  4 s ]
17:38:41.790 [main] INFO  f.i.s.r.p.i.ProjectInspector - ComputeSourceDir......................................NOT RUN         
17:38:41.790 [main] INFO  f.i.s.r.p.i.ProjectInspector - ComputeTestDir........................................NOT RUN         
17:38:41.790 [main] INFO  f.i.s.r.p.i.ProjectInspector - CheckoutBuggyBuildCandidateSourceCode.................NOT RUN         
17:38:41.791 [main] INFO  f.i.s.r.p.i.ProjectInspector - BuildProjectBuggyBuildCandidateSourceCode.............NOT RUN         
17:38:41.792 [main] INFO  f.i.s.r.p.i.ProjectInspector - TestProjectBuggyBuildCandidateSourceCode..............NOT RUN         
17:38:41.792 [main] INFO  f.i.s.r.p.i.ProjectInspector - GatherTestInformationBuggyBuildCandidateSourceCode....NOT RUN         
17:38:41.792 [main] INFO  f.i.s.r.p.i.ProjectInspector - CheckoutBuggyBuildTestCode............................NOT RUN         
17:38:41.793 [main] INFO  f.i.s.r.p.i.ProjectInspector - InitRepoToPush........................................NOT RUN         
17:38:41.793 [main] INFO  f.i.s.r.p.i.ProjectInspector - ComputeClasspath......................................NOT RUN         
17:38:41.793 [main] INFO  f.i.s.r.p.i.ProjectInspector - ComputeModules........................................NOT RUN         
17:38:41.793 [main] INFO  f.i.s.r.p.i.ProjectInspector - CheckoutBuggyBuildCandidateSourceCode.................NOT RUN         
17:38:41.793 [main] INFO  f.i.s.r.p.i.ProjectInspector - CommitChangedTests....................................NOT RUN         
17:38:41.793 [main] INFO  f.i.s.r.p.i.ProjectInspector - CheckoutPatchedBuildCandidate.........................NOT RUN         
17:38:41.794 [main] INFO  f.i.s.r.p.i.ProjectInspector - BuildProjectPatchedBuildCandidate.....................NOT RUN         
17:38:41.794 [main] INFO  f.i.s.r.p.i.ProjectInspector - TestProjectPatchedBuildCandidate......................NOT RUN         
17:38:41.794 [main] INFO  f.i.s.r.p.i.ProjectInspector - GatherTestInformationPatchedBuildCandidate............NOT RUN         
17:38:41.794 [main] INFO  f.i.s.r.p.i.ProjectInspector - CommitPatch...........................................NOT RUN         
17:38:41.794 [main] INFO  f.i.s.r.p.i.ProjectInspector - WritePropertyFile.....................................NOT RUN         
17:38:41.794 [main] INFO  f.i.s.r.p.i.ProjectInspector - CommitProcessEnd......................................NOT RUN         
17:38:41.794 [main] INFO  f.i.s.r.p.i.ProjectInspector - PushProcessEnd........................................NOT RUN         
17:38:41.794 [main] INFO  f.i.s.r.p.i.ProjectInspector - ----------------------------------------------------------------------
17:38:41.795 [main] INFO  f.i.s.r.p.i.ProjectInspector - PIPELINE FINDING: BUILDNOTCHECKEDOUT
17:38:41.795 [main] INFO  f.i.s.r.p.i.ProjectInspector - ----------------------------------------------------------------------
17:38:41.795 [main] INFO  f.i.s.repairnator.pipeline.Launcher - Inspector is finished. The process will exit now.
