00:59:48.415 [main] INFO  f.i.s.repairnator.pipeline.Launcher - PIPELINE VERSION: 3.0-2018-08-09 19:04
00:59:48.583 [main] INFO  f.i.s.repairnator.pipeline.Launcher - The pipeline will try to reproduce a bug from build 327812291 and its corresponding patch from build 328085680
00:59:48.584 [main] INFO  f.i.s.repairnator.pipeline.Launcher - Initialize file serializer engines.
00:59:48.586 [main] INFO  f.i.s.repairnator.pipeline.Launcher - MongoDB won't be used for serialization.
00:59:48.587 [main] INFO  f.i.s.repairnator.pipeline.Launcher - The email notifier engine won't be used.
00:59:48.590 [main] INFO  f.i.s.repairnator.pipeline.Launcher - Start by getting the build (buildId: 327812291) with the following config: RepairnatorConfig{runId='6799cc07-95a1-4e50-ad7d-f235eab297e7_01-18-week2-PASSING_AND_PASSING', launcherMode=BEARS, serializeJson=true, inputPath='null', outputPath='/var/log', mongodbHost='null', mongodbName='repairnator', smtpServer='null', notifyTo=[], notifyEndProcess=false, push=true, pushRemoteRepo='https://github.com/fermadeiral/bears-collection-pp', fork=false, lookFromDate=null, lookToDate=null, buildId=327812291, z3solverPath='./z3_for_linux', workspacePath='./workspace', githubToken='c8a341a903[...]', dockerImageName='null', skipDelete=false, createOutputDir=false, logDirectory='null', nbThreads=0, globalTimeout=0, whiteList=null, blackList=null, jobSleepTime=0, buildSleepTime=0, maxInspectedBuilds=0, duration=null, humanPatch=false, repository='null', clean=true, bearsMode=BOTH, bearsDelimiter = false, repairTools=NopolAllTests,NPEFix,AssertFixer,AstorJGenProg,AstorJKali,NopolSingleTest,AstorJMut,NopolTestExclusionStrategy, githubUserName= fermadeiral, githubUserEmail=fer.madeiral@gmail.com}
00:59:49.871 [main] DEBUG fr.inria.jtravis.helpers.BuildHelper - Get request to :https://api.travis-ci.org/build/327812291 done after 815 ms
00:59:50.146 [main] DEBUG fr.inria.jtravis.helpers.BuildHelper - Get request to :https://api.travis-ci.org/build/328085680 done after 131 ms
00:59:50.165 [main] INFO  f.i.s.repairnator.pipeline.Launcher - The patched build (328085680) was successfully retrieved from Travis.
00:59:51.201 [main] INFO  fr.inria.jtravis.JTravis - GitHub ratelimit: Limit: 5000 Remaining: 4877 Reset hour: 19:17:13
00:59:51.476 [main] INFO  f.i.s.r.p.i.ProjectInspector - ----------------------------------------------------------------------
00:59:51.476 [main] INFO  f.i.s.r.p.i.ProjectInspector - PIPELINE STEPS
00:59:51.476 [main] INFO  f.i.s.r.p.i.ProjectInspector - ----------------------------------------------------------------------
00:59:51.476 [main] INFO  f.i.s.r.p.i.ProjectInspector - CloneRepository
00:59:51.476 [main] INFO  f.i.s.r.p.i.ProjectInspector - CheckoutPatchedBuildCandidate
00:59:51.476 [main] INFO  f.i.s.r.p.i.ProjectInspector - ComputeSourceDir
00:59:51.477 [main] INFO  f.i.s.r.p.i.ProjectInspector - ComputeTestDir
00:59:51.477 [main] INFO  f.i.s.r.p.i.ProjectInspector - CheckoutBuggyBuildCandidateSourceCode
00:59:51.477 [main] INFO  f.i.s.r.p.i.ProjectInspector - BuildProjectBuggyBuildCandidateSourceCode
00:59:51.477 [main] INFO  f.i.s.r.p.i.ProjectInspector - TestProjectBuggyBuildCandidateSourceCode
00:59:51.477 [main] INFO  f.i.s.r.p.i.ProjectInspector - GatherTestInformationBuggyBuildCandidateSourceCode
00:59:51.477 [main] INFO  f.i.s.r.p.i.ProjectInspector - CheckoutBuggyBuildTestCode
00:59:51.477 [main] INFO  f.i.s.r.p.i.ProjectInspector - InitRepoToPush
00:59:51.477 [main] INFO  f.i.s.r.p.i.ProjectInspector - ComputeClasspath
00:59:51.478 [main] INFO  f.i.s.r.p.i.ProjectInspector - ComputeModules
00:59:51.478 [main] INFO  f.i.s.r.p.i.ProjectInspector - CheckoutBuggyBuildCandidateSourceCode
00:59:51.478 [main] INFO  f.i.s.r.p.i.ProjectInspector - CommitChangedTests
00:59:51.478 [main] INFO  f.i.s.r.p.i.ProjectInspector - CheckoutPatchedBuildCandidate
00:59:51.478 [main] INFO  f.i.s.r.p.i.ProjectInspector - BuildProjectPatchedBuildCandidate
00:59:51.478 [main] INFO  f.i.s.r.p.i.ProjectInspector - TestProjectPatchedBuildCandidate
00:59:51.478 [main] INFO  f.i.s.r.p.i.ProjectInspector - GatherTestInformationPatchedBuildCandidate
00:59:51.479 [main] INFO  f.i.s.r.p.i.ProjectInspector - CommitPatch
00:59:51.479 [main] INFO  f.i.s.r.p.i.ProjectInspector - WritePropertyFile
00:59:51.479 [main] INFO  f.i.s.r.p.i.ProjectInspector - CommitProcessEnd
00:59:51.479 [main] INFO  f.i.s.r.p.i.ProjectInspector - PushProcessEnd
00:59:51.482 [main] DEBUG f.i.s.r.process.step.CloneRepository - ----------------------------------------------------------------------
00:59:51.482 [main] DEBUG f.i.s.r.process.step.CloneRepository - STEP 1/22: CloneRepository
00:59:51.482 [main] DEBUG f.i.s.r.process.step.CloneRepository - ----------------------------------------------------------------------
00:59:51.482 [main] DEBUG f.i.s.r.process.step.CloneRepository - Cloning repository geoserver/geoserver in the following directory: ./workspace/geoserver/geoserver/327812291
01:00:47.836 [main] DEBUG f.i.s.r.process.step.CloneRepository - STEP STATUS: [ CloneRepository : SUCCESS ]
01:00:47.837 [main] DEBUG f.i.s.r.process.step.CloneRepository - STEP DURATION: 56s
01:00:47.838 [main] DEBUG f.i.s.r.process.step.CloneRepository - EXECUTE NEXT STEP
01:00:47.838 [main] DEBUG f.i.s.r.p.s.c.CheckoutPatchedBuild - ----------------------------------------------------------------------
01:00:47.839 [main] DEBUG f.i.s.r.p.s.c.CheckoutPatchedBuild - STEP 2/22: CheckoutPatchedBuildCandidate
01:00:47.839 [main] DEBUG f.i.s.r.p.s.c.CheckoutPatchedBuild - ----------------------------------------------------------------------
01:00:47.840 [main] DEBUG f.i.s.r.p.s.c.CheckoutPatchedBuild - Checking out patched build candidate...
01:00:48.291 [main] INFO  fr.inria.jtravis.JTravis - GitHub ratelimit: Limit: 5000 Remaining: 4876 Reset hour: 19:17:13
01:00:50.708 [main] DEBUG f.i.s.r.p.s.c.CheckoutPatchedBuild - Reproduce the PR for geoserver/geoserver by fetching remote branch and merging.
01:00:55.787 [main] DEBUG f.i.s.r.process.git.GitHelper - Step CheckoutPatchedBuildCandidate - Get the commit d71ffec8fd65f62ad0773568da8230fabd9828b5 for repo geoserver/geoserver
01:01:00.396 [main] DEBUG f.i.s.r.process.git.GitHelper - Step CheckoutPatchedBuildCandidate - Do the merge with the PR commit for repo geoserver/geoserver
01:01:00.411 [main] INFO  f.i.s.r.process.git.GitHelper - Init git submodules.
01:01:01.119 [main] DEBUG f.i.s.r.p.s.c.CheckoutPatchedBuild - STEP STATUS: [ CheckoutPatchedBuildCandidate : SUCCESS ]
01:01:01.119 [main] DEBUG f.i.s.r.p.s.c.CheckoutPatchedBuild - STEP DURATION: 13s
01:01:01.120 [main] DEBUG f.i.s.r.p.s.c.CheckoutPatchedBuild - EXECUTE NEXT STEP
01:01:01.120 [main] DEBUG f.i.s.r.p.s.paths.ComputeSourceDir - ----------------------------------------------------------------------
01:01:01.120 [main] DEBUG f.i.s.r.p.s.paths.ComputeSourceDir - STEP 3/22: ComputeSourceDir
01:01:01.120 [main] DEBUG f.i.s.r.p.s.paths.ComputeSourceDir - ----------------------------------------------------------------------
01:01:01.121 [main] DEBUG f.i.s.r.p.s.paths.ComputeSourceDir - Computing the source directory ...
01:01:01.122 [main] DEBUG f.i.s.r.p.s.paths.ComputeSourceDir - The default source directory (/root/workspace/geoserver/geoserver/327812291/src/main/java) does not exist. Try to read pom.xml to get information.
01:01:01.123 [main] INFO  f.i.s.r.p.s.paths.ComputeSourceDir - The pom.xml file is not at the root of the repository. Start to search it in folders...
01:01:01.125 [main] INFO  f.i.s.r.p.s.paths.ComputeSourceDir - A pom.xml was found in the following directory: ./workspace/geoserver/geoserver/327812291/src
01:01:01.438 [main] DEBUG f.i.s.r.p.s.paths.ComputeSourceDir - The source directory given in pom.xml (/root/./workspace/geoserver/geoserver/327812291/src/src/main/java) does not exist. Continue to try to get source dir from all modules.
01:01:01.539 [main] DEBUG f.i.s.r.p.s.paths.ComputeSourceDir - The default source directory (/root/workspace/geoserver/geoserver/327812291/src/security/src/main/java) does not exist. Try to read pom.xml to get information.
01:01:01.583 [main] DEBUG f.i.s.r.p.s.paths.ComputeSourceDir - The source directory given in pom.xml (/root/workspace/geoserver/geoserver/327812291/src/security/src/main/java) does not exist. Continue to try to get source dir from all modules.
01:01:01.584 [main] DEBUG f.i.s.r.p.s.paths.ComputeSourceDir - The default source directory (/root/workspace/geoserver/geoserver/327812291/src/security/security-tests/src/main/java) does not exist. Try to read pom.xml to get information.
01:01:01.621 [main] DEBUG f.i.s.r.p.s.paths.ComputeSourceDir - The source directory given in pom.xml (/root/workspace/geoserver/geoserver/327812291/src/security/security-tests/src/main/java) does not exist. Continue to try to get source dir from all modules.
01:01:01.638 [main] ERROR f.i.s.r.p.s.paths.ComputeSourceDir - The source directory is not at default location or specified in build section from pom.xml, and no parent can be found.
01:01:01.914 [main] DEBUG f.i.s.r.p.s.paths.ComputeSourceDir - The default source directory (/root/workspace/geoserver/geoserver/327812291/src/web/src/main/java) does not exist. Try to read pom.xml to get information.
01:01:01.926 [main] DEBUG f.i.s.r.p.s.paths.ComputeSourceDir - The source directory given in pom.xml (/root/workspace/geoserver/geoserver/327812291/src/web/src/main/java) does not exist. Continue to try to get source dir from all modules.
01:01:01.949 [main] DEBUG f.i.s.r.p.s.paths.ComputeSourceDir - The default source directory (/root/workspace/geoserver/geoserver/327812291/src/web/app/src/main/java) does not exist. Try to read pom.xml to get information.
01:01:01.989 [main] DEBUG f.i.s.r.p.s.paths.ComputeSourceDir - The source directory given in pom.xml (/root/workspace/geoserver/geoserver/327812291/src/web/app/src/main/java) does not exist. Continue to try to get source dir from all modules.
01:01:01.990 [main] ERROR f.i.s.r.p.s.paths.ComputeSourceDir - The source directory is not at default location or specified in build section from pom.xml, and no parent can be found.
01:01:02.148 [main] DEBUG f.i.s.r.p.s.paths.ComputeSourceDir - The default source directory (/root/workspace/geoserver/geoserver/327812291/src/web/security/src/main/java) does not exist. Try to read pom.xml to get information.
01:01:02.164 [main] DEBUG f.i.s.r.p.s.paths.ComputeSourceDir - The source directory given in pom.xml (/root/workspace/geoserver/geoserver/327812291/src/web/security/src/main/java) does not exist. Continue to try to get source dir from all modules.
01:01:02.222 [main] DEBUG f.i.s.r.p.s.paths.ComputeSourceDir - The default source directory (/root/workspace/geoserver/geoserver/327812291/src/community/src/main/java) does not exist. Try to read pom.xml to get information.
01:01:02.233 [main] DEBUG f.i.s.r.p.s.paths.ComputeSourceDir - The source directory given in pom.xml (/root/workspace/geoserver/geoserver/327812291/src/community/src/main/java) does not exist. Continue to try to get source dir from all modules.
01:01:02.233 [main] ERROR f.i.s.r.p.s.paths.ComputeSourceDir - The source directory is not at default location or specified in build section from pom.xml, and no parent can be found.
01:01:02.234 [main] DEBUG f.i.s.r.p.s.paths.ComputeSourceDir - The default source directory (/root/workspace/geoserver/geoserver/327812291/src/extension/src/main/java) does not exist. Try to read pom.xml to get information.
01:01:02.247 [main] DEBUG f.i.s.r.p.s.paths.ComputeSourceDir - The source directory given in pom.xml (/root/workspace/geoserver/geoserver/327812291/src/extension/src/main/java) does not exist. Continue to try to get source dir from all modules.
01:01:02.247 [main] ERROR f.i.s.r.p.s.paths.ComputeSourceDir - The source directory is not at default location or specified in build section from pom.xml, and no parent can be found.
01:01:02.248 [main] INFO  f.i.s.r.p.s.paths.ComputeSourceDir - 28 source dirs were found:
01:01:02.248 [main] INFO  f.i.s.r.p.s.paths.ComputeSourceDir - /root/workspace/geoserver/geoserver/327812291/src/gwc/src/main/java
01:01:02.249 [main] INFO  f.i.s.r.p.s.paths.ComputeSourceDir - /root/workspace/geoserver/geoserver/327812291/src/kml/src/main/java
01:01:02.249 [main] INFO  f.i.s.r.p.s.paths.ComputeSourceDir - /root/workspace/geoserver/geoserver/327812291/src/main/src/main/java
01:01:02.250 [main] INFO  f.i.s.r.p.s.paths.ComputeSourceDir - /root/workspace/geoserver/geoserver/327812291/src/ows/src/main/java
01:01:02.250 [main] INFO  f.i.s.r.p.s.paths.ComputeSourceDir - /root/workspace/geoserver/geoserver/327812291/src/platform/src/main/java
01:01:02.250 [main] INFO  f.i.s.r.p.s.paths.ComputeSourceDir - /root/workspace/geoserver/geoserver/327812291/src/rest/src/main/java
01:01:02.250 [main] INFO  f.i.s.r.p.s.paths.ComputeSourceDir - /root/workspace/geoserver/geoserver/327812291/src/restconfig-wcs/src/main/java
01:01:02.251 [main] INFO  f.i.s.r.p.s.paths.ComputeSourceDir - /root/workspace/geoserver/geoserver/327812291/src/restconfig-wfs/src/main/java
01:01:02.251 [main] INFO  f.i.s.r.p.s.paths.ComputeSourceDir - /root/workspace/geoserver/geoserver/327812291/src/restconfig-wms/src/main/java
01:01:02.251 [main] INFO  f.i.s.r.p.s.paths.ComputeSourceDir - /root/workspace/geoserver/geoserver/327812291/src/restconfig/src/main/java
01:01:02.251 [main] INFO  f.i.s.r.p.s.paths.ComputeSourceDir - /root/workspace/geoserver/geoserver/327812291/src/security/jdbc/src/main/java
01:01:02.252 [main] INFO  f.i.s.r.p.s.paths.ComputeSourceDir - /root/workspace/geoserver/geoserver/327812291/src/security/ldap/src/main/java
01:01:02.252 [main] INFO  f.i.s.r.p.s.paths.ComputeSourceDir - /root/workspace/geoserver/geoserver/327812291/src/wcs/src/main/java
01:01:02.253 [main] INFO  f.i.s.r.p.s.paths.ComputeSourceDir - /root/workspace/geoserver/geoserver/327812291/src/wcs1_0/src/main/java
01:01:02.253 [main] INFO  f.i.s.r.p.s.paths.ComputeSourceDir - /root/workspace/geoserver/geoserver/327812291/src/wcs1_1/src/main/java
01:01:02.253 [main] INFO  f.i.s.r.p.s.paths.ComputeSourceDir - /root/workspace/geoserver/geoserver/327812291/src/wcs2_0/src/main/java
01:01:02.253 [main] INFO  f.i.s.r.p.s.paths.ComputeSourceDir - /root/workspace/geoserver/geoserver/327812291/src/web/core/src/main/java
01:01:02.253 [main] INFO  f.i.s.r.p.s.paths.ComputeSourceDir - /root/workspace/geoserver/geoserver/327812291/src/web/demo/src/main/java
01:01:02.254 [main] INFO  f.i.s.r.p.s.paths.ComputeSourceDir - /root/workspace/geoserver/geoserver/327812291/src/web/gwc/src/main/java
01:01:02.254 [main] INFO  f.i.s.r.p.s.paths.ComputeSourceDir - /root/workspace/geoserver/geoserver/327812291/src/web/rest/src/main/java
01:01:02.254 [main] INFO  f.i.s.r.p.s.paths.ComputeSourceDir - /root/workspace/geoserver/geoserver/327812291/src/web/security/core/src/main/java
01:01:02.254 [main] INFO  f.i.s.r.p.s.paths.ComputeSourceDir - /root/workspace/geoserver/geoserver/327812291/src/web/security/jdbc/src/main/java
01:01:02.254 [main] INFO  f.i.s.r.p.s.paths.ComputeSourceDir - /root/workspace/geoserver/geoserver/327812291/src/web/security/ldap/src/main/java
01:01:02.254 [main] INFO  f.i.s.r.p.s.paths.ComputeSourceDir - /root/workspace/geoserver/geoserver/327812291/src/web/wcs/src/main/java
01:01:02.254 [main] INFO  f.i.s.r.p.s.paths.ComputeSourceDir - /root/workspace/geoserver/geoserver/327812291/src/web/wfs/src/main/java
01:01:02.255 [main] INFO  f.i.s.r.p.s.paths.ComputeSourceDir - /root/workspace/geoserver/geoserver/327812291/src/web/wms/src/main/java
01:01:02.255 [main] INFO  f.i.s.r.p.s.paths.ComputeSourceDir - /root/workspace/geoserver/geoserver/327812291/src/wfs/src/main/java
01:01:02.255 [main] INFO  f.i.s.r.p.s.paths.ComputeSourceDir - /root/workspace/geoserver/geoserver/327812291/src/wms/src/main/java
01:01:02.360 [main] DEBUG f.i.s.r.p.s.paths.ComputeSourceDir - Compute the line of code of the project
01:01:02.582 [main] DEBUG f.i.s.r.p.s.paths.ComputeSourceDir - Get result from cloc process...
01:01:02.583 [main] DEBUG f.i.s.r.p.s.paths.ComputeSourceDir - STEP STATUS: [ ComputeSourceDir : SUCCESS ]
01:01:02.583 [main] DEBUG f.i.s.r.p.s.paths.ComputeSourceDir - STEP DURATION: 1s
01:01:02.583 [main] DEBUG f.i.s.r.p.s.paths.ComputeSourceDir - EXECUTE NEXT STEP
01:01:02.584 [main] DEBUG f.i.s.r.p.step.paths.ComputeTestDir - ----------------------------------------------------------------------
01:01:02.584 [main] DEBUG f.i.s.r.p.step.paths.ComputeTestDir - STEP 4/22: ComputeTestDir
01:01:02.584 [main] DEBUG f.i.s.r.p.step.paths.ComputeTestDir - ----------------------------------------------------------------------
01:01:02.584 [main] DEBUG f.i.s.r.p.step.paths.ComputeTestDir - Computing the test directory ...
01:01:02.584 [main] DEBUG f.i.s.r.p.step.paths.ComputeTestDir - The default test directory (/root/workspace/geoserver/geoserver/327812291/src/test/java) does not exist. Try to read pom.xml to get information.
01:01:02.584 [main] INFO  f.i.s.r.p.step.paths.ComputeTestDir - The pom.xml file is not at the root of the repository. Start to search it in folders...
01:01:02.585 [main] INFO  f.i.s.r.p.step.paths.ComputeTestDir - A pom.xml was found in the following directory: ./workspace/geoserver/geoserver/327812291/src
01:01:02.593 [main] DEBUG f.i.s.r.p.step.paths.ComputeTestDir - The test directory given in pom.xml (/root/./workspace/geoserver/geoserver/327812291/src/src/test/java) does not exist. Continue to try to get test dir from all modules.
01:01:02.614 [main] DEBUG f.i.s.r.p.step.paths.ComputeTestDir - The default test directory (/root/workspace/geoserver/geoserver/327812291/src/security/src/test/java) does not exist. Try to read pom.xml to get information.
01:01:02.620 [main] DEBUG f.i.s.r.p.step.paths.ComputeTestDir - The test directory given in pom.xml (/root/workspace/geoserver/geoserver/327812291/src/security/src/test/java) does not exist. Continue to try to get test dir from all modules.
01:01:02.639 [main] DEBUG f.i.s.r.p.step.paths.ComputeTestDir - The default test directory (/root/workspace/geoserver/geoserver/327812291/src/wcs/src/test/java) does not exist. Try to read pom.xml to get information.
01:01:02.645 [main] DEBUG f.i.s.r.p.step.paths.ComputeTestDir - The test directory given in pom.xml (/root/workspace/geoserver/geoserver/327812291/src/wcs/src/test/java) does not exist. Continue to try to get test dir from all modules.
01:01:02.645 [main] ERROR f.i.s.r.p.step.paths.ComputeTestDir - The test directory is not at default location or specified in build section from pom.xml, and no parent can be found.
01:01:02.735 [main] DEBUG f.i.s.r.p.step.paths.ComputeTestDir - The default test directory (/root/workspace/geoserver/geoserver/327812291/src/web/src/test/java) does not exist. Try to read pom.xml to get information.
01:01:02.744 [main] DEBUG f.i.s.r.p.step.paths.ComputeTestDir - The test directory given in pom.xml (/root/workspace/geoserver/geoserver/327812291/src/web/src/test/java) does not exist. Continue to try to get test dir from all modules.
01:01:02.799 [main] DEBUG f.i.s.r.p.step.paths.ComputeTestDir - The default test directory (/root/workspace/geoserver/geoserver/327812291/src/web/security/src/test/java) does not exist. Try to read pom.xml to get information.
01:01:02.805 [main] DEBUG f.i.s.r.p.step.paths.ComputeTestDir - The test directory given in pom.xml (/root/workspace/geoserver/geoserver/327812291/src/web/security/src/test/java) does not exist. Continue to try to get test dir from all modules.
01:01:02.834 [main] DEBUG f.i.s.r.p.step.paths.ComputeTestDir - The default test directory (/root/workspace/geoserver/geoserver/327812291/src/community/src/test/java) does not exist. Try to read pom.xml to get information.
01:01:02.841 [main] DEBUG f.i.s.r.p.step.paths.ComputeTestDir - The test directory given in pom.xml (/root/workspace/geoserver/geoserver/327812291/src/community/src/test/java) does not exist. Continue to try to get test dir from all modules.
01:01:02.841 [main] ERROR f.i.s.r.p.step.paths.ComputeTestDir - The test directory is not at default location or specified in build section from pom.xml, and no parent can be found.
01:01:02.841 [main] DEBUG f.i.s.r.p.step.paths.ComputeTestDir - The default test directory (/root/workspace/geoserver/geoserver/327812291/src/extension/src/test/java) does not exist. Try to read pom.xml to get information.
01:01:02.847 [main] DEBUG f.i.s.r.p.step.paths.ComputeTestDir - The test directory given in pom.xml (/root/workspace/geoserver/geoserver/327812291/src/extension/src/test/java) does not exist. Continue to try to get test dir from all modules.
01:01:02.847 [main] ERROR f.i.s.r.p.step.paths.ComputeTestDir - The test directory is not at default location or specified in build section from pom.xml, and no parent can be found.
01:01:02.847 [main] INFO  f.i.s.r.p.step.paths.ComputeTestDir - 29 test dirs were found:
01:01:02.847 [main] INFO  f.i.s.r.p.step.paths.ComputeTestDir - /root/workspace/geoserver/geoserver/327812291/src/gwc/src/test/java
01:01:02.847 [main] INFO  f.i.s.r.p.step.paths.ComputeTestDir - /root/workspace/geoserver/geoserver/327812291/src/kml/src/test/java
01:01:02.847 [main] INFO  f.i.s.r.p.step.paths.ComputeTestDir - /root/workspace/geoserver/geoserver/327812291/src/main/src/test/java
01:01:02.848 [main] INFO  f.i.s.r.p.step.paths.ComputeTestDir - /root/workspace/geoserver/geoserver/327812291/src/ows/src/test/java
01:01:02.848 [main] INFO  f.i.s.r.p.step.paths.ComputeTestDir - /root/workspace/geoserver/geoserver/327812291/src/platform/src/test/java
01:01:02.848 [main] INFO  f.i.s.r.p.step.paths.ComputeTestDir - /root/workspace/geoserver/geoserver/327812291/src/rest/src/test/java
01:01:02.848 [main] INFO  f.i.s.r.p.step.paths.ComputeTestDir - /root/workspace/geoserver/geoserver/327812291/src/restconfig-wcs/src/test/java
01:01:02.848 [main] INFO  f.i.s.r.p.step.paths.ComputeTestDir - /root/workspace/geoserver/geoserver/327812291/src/restconfig-wfs/src/test/java
01:01:02.848 [main] INFO  f.i.s.r.p.step.paths.ComputeTestDir - /root/workspace/geoserver/geoserver/327812291/src/restconfig-wms/src/test/java
01:01:02.848 [main] INFO  f.i.s.r.p.step.paths.ComputeTestDir - /root/workspace/geoserver/geoserver/327812291/src/restconfig/src/test/java
01:01:02.848 [main] INFO  f.i.s.r.p.step.paths.ComputeTestDir - /root/workspace/geoserver/geoserver/327812291/src/security/jdbc/src/test/java
01:01:02.848 [main] INFO  f.i.s.r.p.step.paths.ComputeTestDir - /root/workspace/geoserver/geoserver/327812291/src/security/ldap/src/test/java
01:01:02.848 [main] INFO  f.i.s.r.p.step.paths.ComputeTestDir - /root/workspace/geoserver/geoserver/327812291/src/security/security-tests/src/test/java
01:01:02.848 [main] INFO  f.i.s.r.p.step.paths.ComputeTestDir - /root/workspace/geoserver/geoserver/327812291/src/wcs1_0/src/test/java
01:01:02.848 [main] INFO  f.i.s.r.p.step.paths.ComputeTestDir - /root/workspace/geoserver/geoserver/327812291/src/wcs1_1/src/test/java
01:01:02.849 [main] INFO  f.i.s.r.p.step.paths.ComputeTestDir - /root/workspace/geoserver/geoserver/327812291/src/wcs2_0/src/test/java
01:01:02.849 [main] INFO  f.i.s.r.p.step.paths.ComputeTestDir - /root/workspace/geoserver/geoserver/327812291/src/web/app/src/test/java
01:01:02.849 [main] INFO  f.i.s.r.p.step.paths.ComputeTestDir - /root/workspace/geoserver/geoserver/327812291/src/web/core/src/test/java
01:01:02.849 [main] INFO  f.i.s.r.p.step.paths.ComputeTestDir - /root/workspace/geoserver/geoserver/327812291/src/web/demo/src/test/java
01:01:02.849 [main] INFO  f.i.s.r.p.step.paths.ComputeTestDir - /root/workspace/geoserver/geoserver/327812291/src/web/gwc/src/test/java
01:01:02.849 [main] INFO  f.i.s.r.p.step.paths.ComputeTestDir - /root/workspace/geoserver/geoserver/327812291/src/web/rest/src/test/java
01:01:02.849 [main] INFO  f.i.s.r.p.step.paths.ComputeTestDir - /root/workspace/geoserver/geoserver/327812291/src/web/security/core/src/test/java
01:01:02.849 [main] INFO  f.i.s.r.p.step.paths.ComputeTestDir - /root/workspace/geoserver/geoserver/327812291/src/web/security/jdbc/src/test/java
01:01:02.849 [main] INFO  f.i.s.r.p.step.paths.ComputeTestDir - /root/workspace/geoserver/geoserver/327812291/src/web/security/ldap/src/test/java
01:01:02.849 [main] INFO  f.i.s.r.p.step.paths.ComputeTestDir - /root/workspace/geoserver/geoserver/327812291/src/web/wcs/src/test/java
01:01:02.849 [main] INFO  f.i.s.r.p.step.paths.ComputeTestDir - /root/workspace/geoserver/geoserver/327812291/src/web/wfs/src/test/java
01:01:02.849 [main] INFO  f.i.s.r.p.step.paths.ComputeTestDir - /root/workspace/geoserver/geoserver/327812291/src/web/wms/src/test/java
01:01:02.849 [main] INFO  f.i.s.r.p.step.paths.ComputeTestDir - /root/workspace/geoserver/geoserver/327812291/src/wfs/src/test/java
01:01:02.850 [main] INFO  f.i.s.r.p.step.paths.ComputeTestDir - /root/workspace/geoserver/geoserver/327812291/src/wms/src/test/java
01:01:02.877 [main] DEBUG f.i.s.r.p.step.paths.ComputeTestDir - STEP STATUS: [ ComputeTestDir : SUCCESS ]
01:01:02.877 [main] DEBUG f.i.s.r.p.step.paths.ComputeTestDir - STEP DURATION: 0s
01:01:02.878 [main] DEBUG f.i.s.r.p.step.paths.ComputeTestDir - EXECUTE NEXT STEP
01:01:02.878 [main] DEBUG f.i.s.r.p.s.c.CheckoutBuggyBuildSourceCode - ----------------------------------------------------------------------
01:01:02.878 [main] DEBUG f.i.s.r.p.s.c.CheckoutBuggyBuildSourceCode - STEP 5/22: CheckoutBuggyBuildCandidateSourceCode
01:01:02.878 [main] DEBUG f.i.s.r.p.s.c.CheckoutBuggyBuildSourceCode - ----------------------------------------------------------------------
01:01:02.878 [main] DEBUG f.i.s.r.p.s.c.CheckoutBuggyBuildSourceCode - Checking out the source code of the buggy build candidate...
01:01:03.190 [main] INFO  fr.inria.jtravis.JTravis - GitHub ratelimit: Limit: 5000 Remaining: 4869 Reset hour: 19:17:13
01:01:05.403 [main] DEBUG f.i.s.r.p.s.c.CheckoutBuggyBuildSourceCode - Reproduce the PR for geoserver/geoserver by fetching remote branch and merging.
01:01:06.733 [main] DEBUG f.i.s.r.process.git.GitHelper - Step CheckoutBuggyBuildCandidateSourceCode - Get the commit d71ffec8fd65f62ad0773568da8230fabd9828b5 for repo geoserver/geoserver
01:01:07.559 [main] DEBUG f.i.s.r.process.git.GitHelper - Step CheckoutBuggyBuildCandidateSourceCode - Do the merge with the PR commit for repo geoserver/geoserver
01:01:07.560 [main] INFO  f.i.s.r.process.git.GitHelper - Init git submodules.
01:01:07.873 [main] INFO  fr.inria.jtravis.JTravis - GitHub ratelimit: Limit: 5000 Remaining: 4862 Reset hour: 19:17:13
01:01:09.636 [main] DEBUG f.i.s.r.p.s.c.CheckoutBuggyBuildSourceCode - Reproduce the PR for geoserver/geoserver by fetching remote branch and merging.
01:01:10.129 [main] ERROR f.i.s.r.p.s.c.CheckoutBuggyBuildSourceCode - Error while testing commit: org.eclipse.jgit.errors.MissingObjectException: Missing unknown ff5cda634be9ef5e11fdfcbf31e6788e9d89f275
01:01:10.131 [main] ERROR f.i.s.r.p.s.c.CheckoutBuggyBuildSourceCode - Commit head ref cannot be retrieved from the repository: ff5cda634be9ef5e11fdfcbf31e6788e9d89f275. Operation aborted.
01:01:10.131 [main] ERROR f.i.s.r.p.s.c.CheckoutBuggyBuildSourceCode - Error while merging two commits to reproduce the PR.
01:01:10.132 [main] DEBUG f.i.s.r.p.s.c.CheckoutBuggyBuildSourceCode - STEP STATUS: [ CheckoutBuggyBuildCandidateSourceCode : FAILURE ( BUILDNOTCHECKEDOUT ) ]
01:01:10.133 [main] DEBUG f.i.s.r.p.s.c.CheckoutBuggyBuildSourceCode - STEP DURATION: 7s
01:01:10.133 [main] DEBUG f.i.s.r.p.s.c.CheckoutBuggyBuildSourceCode - TERMINATE PIPELINE
01:01:10.133 [main] DEBUG f.i.s.r.p.s.c.CheckoutBuggyBuildSourceCode - FINAL STEPS SKIPPED: The reproduction of the bug and/or the patch failed.
01:01:10.134 [main] INFO  f.i.s.r.p.s.c.CheckoutBuggyBuildSourceCode - Serialize all data for the pair of builds 327812291, 328085680
01:01:10.249 [main] INFO  fr.inria.jtravis.JTravis - GitHub ratelimit: Limit: 5000 Remaining: 4855 Reset hour: 19:17:13
01:01:12.584 [main] INFO  f.i.s.r.p.i.ProjectInspector - ----------------------------------------------------------------------
01:01:12.585 [main] INFO  f.i.s.r.p.i.ProjectInspector - PIPELINE EXECUTION SUMMARY
01:01:12.588 [main] INFO  f.i.s.r.p.i.ProjectInspector - ----------------------------------------------------------------------
01:01:12.589 [main] INFO  f.i.s.r.p.i.ProjectInspector - CloneRepository.......................................SUCCESS [ 56 s ]
01:01:12.589 [main] INFO  f.i.s.r.p.i.ProjectInspector - CheckoutPatchedBuildCandidate.........................SUCCESS [ 13 s ]
01:01:12.589 [main] INFO  f.i.s.r.p.i.ProjectInspector - ComputeSourceDir......................................SUCCESS [  1 s ]
01:01:12.589 [main] INFO  f.i.s.r.p.i.ProjectInspector - ComputeTestDir........................................SUCCESS [  0 s ]
01:01:12.590 [main] INFO  f.i.s.r.p.i.ProjectInspector - CheckoutBuggyBuildCandidateSourceCode.................FAILURE [  7 s ]
01:01:12.590 [main] INFO  f.i.s.r.p.i.ProjectInspector - BuildProjectBuggyBuildCandidateSourceCode.............NOT RUN         
01:01:12.591 [main] INFO  f.i.s.r.p.i.ProjectInspector - TestProjectBuggyBuildCandidateSourceCode..............NOT RUN         
01:01:12.591 [main] INFO  f.i.s.r.p.i.ProjectInspector - GatherTestInformationBuggyBuildCandidateSourceCode....NOT RUN         
01:01:12.591 [main] INFO  f.i.s.r.p.i.ProjectInspector - CheckoutBuggyBuildTestCode............................NOT RUN         
01:01:12.591 [main] INFO  f.i.s.r.p.i.ProjectInspector - InitRepoToPush........................................NOT RUN         
01:01:12.591 [main] INFO  f.i.s.r.p.i.ProjectInspector - ComputeClasspath......................................NOT RUN         
01:01:12.591 [main] INFO  f.i.s.r.p.i.ProjectInspector - ComputeModules........................................NOT RUN         
01:01:12.591 [main] INFO  f.i.s.r.p.i.ProjectInspector - CheckoutBuggyBuildCandidateSourceCode.................NOT RUN         
01:01:12.592 [main] INFO  f.i.s.r.p.i.ProjectInspector - CommitChangedTests....................................NOT RUN         
01:01:12.592 [main] INFO  f.i.s.r.p.i.ProjectInspector - CheckoutPatchedBuildCandidate.........................NOT RUN         
01:01:12.592 [main] INFO  f.i.s.r.p.i.ProjectInspector - BuildProjectPatchedBuildCandidate.....................NOT RUN         
01:01:12.592 [main] INFO  f.i.s.r.p.i.ProjectInspector - TestProjectPatchedBuildCandidate......................NOT RUN         
01:01:12.592 [main] INFO  f.i.s.r.p.i.ProjectInspector - GatherTestInformationPatchedBuildCandidate............NOT RUN         
01:01:12.592 [main] INFO  f.i.s.r.p.i.ProjectInspector - CommitPatch...........................................NOT RUN         
01:01:12.592 [main] INFO  f.i.s.r.p.i.ProjectInspector - WritePropertyFile.....................................NOT RUN         
01:01:12.593 [main] INFO  f.i.s.r.p.i.ProjectInspector - CommitProcessEnd......................................NOT RUN         
01:01:12.593 [main] INFO  f.i.s.r.p.i.ProjectInspector - PushProcessEnd........................................NOT RUN         
01:01:12.593 [main] INFO  f.i.s.r.p.i.ProjectInspector - ----------------------------------------------------------------------
01:01:12.593 [main] INFO  f.i.s.r.p.i.ProjectInspector - PIPELINE FINDING: BUILDNOTCHECKEDOUT
01:01:12.593 [main] INFO  f.i.s.r.p.i.ProjectInspector - ----------------------------------------------------------------------
01:01:12.593 [main] INFO  f.i.s.repairnator.pipeline.Launcher - Inspector is finished. The process will exit now.
