13:48:15.527 [main] INFO  f.i.s.repairnator.pipeline.Launcher - PIPELINE VERSION: 3.0-2018-08-09 19:04
13:48:15.654 [main] INFO  f.i.s.repairnator.pipeline.Launcher - The pipeline will try to reproduce a bug from build 320061089 and its corresponding patch from build 327416250
13:48:15.655 [main] INFO  f.i.s.repairnator.pipeline.Launcher - Initialize file serializer engines.
13:48:15.657 [main] INFO  f.i.s.repairnator.pipeline.Launcher - MongoDB won't be used for serialization.
13:48:15.657 [main] INFO  f.i.s.repairnator.pipeline.Launcher - The email notifier engine won't be used.
13:48:15.660 [main] INFO  f.i.s.repairnator.pipeline.Launcher - Start by getting the build (buildId: 320061089) with the following config: RepairnatorConfig{runId='6799cc07-95a1-4e50-ad7d-f235eab297e7_01-18-week2-PASSING_AND_PASSING', launcherMode=BEARS, serializeJson=true, inputPath='null', outputPath='/var/log', mongodbHost='null', mongodbName='repairnator', smtpServer='null', notifyTo=[], notifyEndProcess=false, push=true, pushRemoteRepo='https://github.com/fermadeiral/bears-collection-pp', fork=false, lookFromDate=null, lookToDate=null, buildId=320061089, z3solverPath='./z3_for_linux', workspacePath='./workspace', githubToken='c8a341a903[...]', dockerImageName='null', skipDelete=false, createOutputDir=false, logDirectory='null', nbThreads=0, globalTimeout=0, whiteList=null, blackList=null, jobSleepTime=0, buildSleepTime=0, maxInspectedBuilds=0, duration=null, humanPatch=false, repository='null', clean=true, bearsMode=BOTH, bearsDelimiter = false, repairTools=NopolAllTests,NPEFix,AssertFixer,AstorJGenProg,AstorJKali,NopolSingleTest,AstorJMut,NopolTestExclusionStrategy, githubUserName= fermadeiral, githubUserEmail=fer.madeiral@gmail.com}
13:48:16.885 [main] DEBUG fr.inria.jtravis.helpers.BuildHelper - Get request to :https://api.travis-ci.org/build/320061089 done after 820 ms
13:48:17.119 [main] DEBUG fr.inria.jtravis.helpers.BuildHelper - Get request to :https://api.travis-ci.org/build/327416250 done after 144 ms
13:48:17.141 [main] INFO  f.i.s.repairnator.pipeline.Launcher - The patched build (327416250) was successfully retrieved from Travis.
13:48:18.138 [main] INFO  fr.inria.jtravis.JTravis - GitHub ratelimit: Limit: 5000 Remaining: 4767 Reset hour: 19:16:34
13:48:18.379 [main] INFO  f.i.s.r.p.i.ProjectInspector - ----------------------------------------------------------------------
13:48:18.379 [main] INFO  f.i.s.r.p.i.ProjectInspector - PIPELINE STEPS
13:48:18.379 [main] INFO  f.i.s.r.p.i.ProjectInspector - ----------------------------------------------------------------------
13:48:18.379 [main] INFO  f.i.s.r.p.i.ProjectInspector - CloneRepository
13:48:18.379 [main] INFO  f.i.s.r.p.i.ProjectInspector - CheckoutPatchedBuildCandidate
13:48:18.379 [main] INFO  f.i.s.r.p.i.ProjectInspector - ComputeSourceDir
13:48:18.380 [main] INFO  f.i.s.r.p.i.ProjectInspector - ComputeTestDir
13:48:18.380 [main] INFO  f.i.s.r.p.i.ProjectInspector - CheckoutBuggyBuildCandidateSourceCode
13:48:18.380 [main] INFO  f.i.s.r.p.i.ProjectInspector - BuildProjectBuggyBuildCandidateSourceCode
13:48:18.380 [main] INFO  f.i.s.r.p.i.ProjectInspector - TestProjectBuggyBuildCandidateSourceCode
13:48:18.380 [main] INFO  f.i.s.r.p.i.ProjectInspector - GatherTestInformationBuggyBuildCandidateSourceCode
13:48:18.381 [main] INFO  f.i.s.r.p.i.ProjectInspector - CheckoutBuggyBuildTestCode
13:48:18.382 [main] INFO  f.i.s.r.p.i.ProjectInspector - InitRepoToPush
13:48:18.382 [main] INFO  f.i.s.r.p.i.ProjectInspector - ComputeClasspath
13:48:18.382 [main] INFO  f.i.s.r.p.i.ProjectInspector - ComputeModules
13:48:18.382 [main] INFO  f.i.s.r.p.i.ProjectInspector - CheckoutBuggyBuildCandidateSourceCode
13:48:18.382 [main] INFO  f.i.s.r.p.i.ProjectInspector - CommitChangedTests
13:48:18.382 [main] INFO  f.i.s.r.p.i.ProjectInspector - CheckoutPatchedBuildCandidate
13:48:18.382 [main] INFO  f.i.s.r.p.i.ProjectInspector - BuildProjectPatchedBuildCandidate
13:48:18.382 [main] INFO  f.i.s.r.p.i.ProjectInspector - TestProjectPatchedBuildCandidate
13:48:18.383 [main] INFO  f.i.s.r.p.i.ProjectInspector - GatherTestInformationPatchedBuildCandidate
13:48:18.383 [main] INFO  f.i.s.r.p.i.ProjectInspector - CommitPatch
13:48:18.383 [main] INFO  f.i.s.r.p.i.ProjectInspector - WritePropertyFile
13:48:18.383 [main] INFO  f.i.s.r.p.i.ProjectInspector - CommitProcessEnd
13:48:18.383 [main] INFO  f.i.s.r.p.i.ProjectInspector - PushProcessEnd
13:48:18.383 [main] DEBUG f.i.s.r.process.step.CloneRepository - ----------------------------------------------------------------------
13:48:18.384 [main] DEBUG f.i.s.r.process.step.CloneRepository - STEP 1/22: CloneRepository
13:48:18.384 [main] DEBUG f.i.s.r.process.step.CloneRepository - ----------------------------------------------------------------------
13:48:18.384 [main] DEBUG f.i.s.r.process.step.CloneRepository - Cloning repository prestodb/presto in the following directory: ./workspace/prestodb/presto/320061089
13:48:59.729 [main] DEBUG f.i.s.r.process.step.CloneRepository - STEP STATUS: [ CloneRepository : SUCCESS ]
13:48:59.729 [main] DEBUG f.i.s.r.process.step.CloneRepository - STEP DURATION: 41s
13:48:59.730 [main] DEBUG f.i.s.r.process.step.CloneRepository - EXECUTE NEXT STEP
13:48:59.730 [main] DEBUG f.i.s.r.p.s.c.CheckoutPatchedBuild - ----------------------------------------------------------------------
13:48:59.730 [main] DEBUG f.i.s.r.p.s.c.CheckoutPatchedBuild - STEP 2/22: CheckoutPatchedBuildCandidate
13:48:59.730 [main] DEBUG f.i.s.r.p.s.c.CheckoutPatchedBuild - ----------------------------------------------------------------------
13:48:59.731 [main] DEBUG f.i.s.r.p.s.c.CheckoutPatchedBuild - Checking out patched build candidate...
13:49:00.059 [main] INFO  fr.inria.jtravis.JTravis - GitHub ratelimit: Limit: 5000 Remaining: 4755 Reset hour: 19:16:34
13:49:02.629 [main] DEBUG f.i.s.r.p.s.c.CheckoutPatchedBuild - Reproduce the PR for prestodb/presto by fetching remote branch and merging.
13:49:05.846 [main] ERROR f.i.s.r.p.s.c.CheckoutPatchedBuild - Error while testing commit: org.eclipse.jgit.errors.MissingObjectException: Missing unknown 9c536bdbe498cd6ae67488a9486f865ef9ae6727
13:49:05.847 [main] ERROR f.i.s.r.p.s.c.CheckoutPatchedBuild - Commit head ref cannot be retrieved from the repository: 9c536bdbe498cd6ae67488a9486f865ef9ae6727. Operation aborted.
13:49:05.847 [main] ERROR f.i.s.r.p.s.c.CheckoutPatchedBuild - Error while merging two commits to reproduce the PR.
13:49:05.848 [main] DEBUG f.i.s.r.p.s.c.CheckoutPatchedBuild - STEP STATUS: [ CheckoutPatchedBuildCandidate : FAILURE ( BUILDNOTCHECKEDOUT ) ]
13:49:05.848 [main] DEBUG f.i.s.r.p.s.c.CheckoutPatchedBuild - STEP DURATION: 6s
13:49:05.848 [main] DEBUG f.i.s.r.p.s.c.CheckoutPatchedBuild - TERMINATE PIPELINE
13:49:05.848 [main] DEBUG f.i.s.r.p.s.c.CheckoutPatchedBuild - FINAL STEPS SKIPPED: The reproduction of the bug and/or the patch failed.
13:49:05.849 [main] INFO  f.i.s.r.p.s.c.CheckoutPatchedBuild - Serialize all data for the pair of builds 320061089, 327416250
13:49:05.964 [main] INFO  fr.inria.jtravis.JTravis - GitHub ratelimit: Limit: 5000 Remaining: 4748 Reset hour: 19:16:34
13:49:07.421 [main] INFO  f.i.s.r.p.i.ProjectInspector - ----------------------------------------------------------------------
13:49:07.421 [main] INFO  f.i.s.r.p.i.ProjectInspector - PIPELINE EXECUTION SUMMARY
13:49:07.421 [main] INFO  f.i.s.r.p.i.ProjectInspector - ----------------------------------------------------------------------
13:49:07.422 [main] INFO  f.i.s.r.p.i.ProjectInspector - CloneRepository.......................................SUCCESS [ 41 s ]
13:49:07.422 [main] INFO  f.i.s.r.p.i.ProjectInspector - CheckoutPatchedBuildCandidate.........................FAILURE [  6 s ]
13:49:07.422 [main] INFO  f.i.s.r.p.i.ProjectInspector - ComputeSourceDir......................................NOT RUN         
13:49:07.422 [main] INFO  f.i.s.r.p.i.ProjectInspector - ComputeTestDir........................................NOT RUN         
13:49:07.422 [main] INFO  f.i.s.r.p.i.ProjectInspector - CheckoutBuggyBuildCandidateSourceCode.................NOT RUN         
13:49:07.422 [main] INFO  f.i.s.r.p.i.ProjectInspector - BuildProjectBuggyBuildCandidateSourceCode.............NOT RUN         
13:49:07.423 [main] INFO  f.i.s.r.p.i.ProjectInspector - TestProjectBuggyBuildCandidateSourceCode..............NOT RUN         
13:49:07.423 [main] INFO  f.i.s.r.p.i.ProjectInspector - GatherTestInformationBuggyBuildCandidateSourceCode....NOT RUN         
13:49:07.423 [main] INFO  f.i.s.r.p.i.ProjectInspector - CheckoutBuggyBuildTestCode............................NOT RUN         
13:49:07.423 [main] INFO  f.i.s.r.p.i.ProjectInspector - InitRepoToPush........................................NOT RUN         
13:49:07.423 [main] INFO  f.i.s.r.p.i.ProjectInspector - ComputeClasspath......................................NOT RUN         
13:49:07.423 [main] INFO  f.i.s.r.p.i.ProjectInspector - ComputeModules........................................NOT RUN         
13:49:07.423 [main] INFO  f.i.s.r.p.i.ProjectInspector - CheckoutBuggyBuildCandidateSourceCode.................NOT RUN         
13:49:07.423 [main] INFO  f.i.s.r.p.i.ProjectInspector - CommitChangedTests....................................NOT RUN         
13:49:07.423 [main] INFO  f.i.s.r.p.i.ProjectInspector - CheckoutPatchedBuildCandidate.........................NOT RUN         
13:49:07.423 [main] INFO  f.i.s.r.p.i.ProjectInspector - BuildProjectPatchedBuildCandidate.....................NOT RUN         
13:49:07.423 [main] INFO  f.i.s.r.p.i.ProjectInspector - TestProjectPatchedBuildCandidate......................NOT RUN         
13:49:07.424 [main] INFO  f.i.s.r.p.i.ProjectInspector - GatherTestInformationPatchedBuildCandidate............NOT RUN         
13:49:07.424 [main] INFO  f.i.s.r.p.i.ProjectInspector - CommitPatch...........................................NOT RUN         
13:49:07.424 [main] INFO  f.i.s.r.p.i.ProjectInspector - WritePropertyFile.....................................NOT RUN         
13:49:07.424 [main] INFO  f.i.s.r.p.i.ProjectInspector - CommitProcessEnd......................................NOT RUN         
13:49:07.424 [main] INFO  f.i.s.r.p.i.ProjectInspector - PushProcessEnd........................................NOT RUN         
13:49:07.424 [main] INFO  f.i.s.r.p.i.ProjectInspector - ----------------------------------------------------------------------
13:49:07.424 [main] INFO  f.i.s.r.p.i.ProjectInspector - PIPELINE FINDING: BUILDNOTCHECKEDOUT
13:49:07.424 [main] INFO  f.i.s.r.p.i.ProjectInspector - ----------------------------------------------------------------------
13:49:07.424 [main] INFO  f.i.s.repairnator.pipeline.Launcher - Inspector is finished. The process will exit now.
