02:21:55.896 [main] INFO  f.i.s.repairnator.pipeline.Launcher - PIPELINE VERSION: 3.0-2018-08-09 19:04
02:21:56.026 [main] INFO  f.i.s.repairnator.pipeline.Launcher - The pipeline will try to reproduce a bug from build 327738895 and its corresponding patch from build 328185688
02:21:56.027 [main] INFO  f.i.s.repairnator.pipeline.Launcher - Initialize file serializer engines.
02:21:56.029 [main] INFO  f.i.s.repairnator.pipeline.Launcher - MongoDB won't be used for serialization.
02:21:56.029 [main] INFO  f.i.s.repairnator.pipeline.Launcher - The email notifier engine won't be used.
02:21:56.032 [main] INFO  f.i.s.repairnator.pipeline.Launcher - Start by getting the build (buildId: 327738895) with the following config: RepairnatorConfig{runId='6799cc07-95a1-4e50-ad7d-f235eab297e7_01-18-week2-PASSING_AND_PASSING', launcherMode=BEARS, serializeJson=true, inputPath='null', outputPath='/var/log', mongodbHost='null', mongodbName='repairnator', smtpServer='null', notifyTo=[], notifyEndProcess=false, push=true, pushRemoteRepo='https://github.com/fermadeiral/bears-collection-pp', fork=false, lookFromDate=null, lookToDate=null, buildId=327738895, z3solverPath='./z3_for_linux', workspacePath='./workspace', githubToken='c8a341a903[...]', dockerImageName='null', skipDelete=false, createOutputDir=false, logDirectory='null', nbThreads=0, globalTimeout=0, whiteList=null, blackList=null, jobSleepTime=0, buildSleepTime=0, maxInspectedBuilds=0, duration=null, humanPatch=false, repository='null', clean=true, bearsMode=BOTH, bearsDelimiter = false, repairTools=NopolAllTests,NPEFix,AssertFixer,AstorJGenProg,AstorJKali,NopolSingleTest,AstorJMut,NopolTestExclusionStrategy, githubUserName= fermadeiral, githubUserEmail=fer.madeiral@gmail.com}
02:21:57.462 [main] DEBUG fr.inria.jtravis.helpers.BuildHelper - Get request to :https://api.travis-ci.org/build/327738895 done after 928 ms
02:21:57.832 [main] DEBUG fr.inria.jtravis.helpers.BuildHelper - Get request to :https://api.travis-ci.org/build/328185688 done after 229 ms
02:21:57.849 [main] INFO  f.i.s.repairnator.pipeline.Launcher - The patched build (328185688) was successfully retrieved from Travis.
02:21:59.206 [main] INFO  fr.inria.jtravis.JTravis - GitHub ratelimit: Limit: 5000 Remaining: 4885 Reset hour: 19:17:21
02:21:59.495 [main] INFO  f.i.s.r.p.i.ProjectInspector - ----------------------------------------------------------------------
02:21:59.495 [main] INFO  f.i.s.r.p.i.ProjectInspector - PIPELINE STEPS
02:21:59.496 [main] INFO  f.i.s.r.p.i.ProjectInspector - ----------------------------------------------------------------------
02:21:59.496 [main] INFO  f.i.s.r.p.i.ProjectInspector - CloneRepository
02:21:59.496 [main] INFO  f.i.s.r.p.i.ProjectInspector - CheckoutPatchedBuildCandidate
02:21:59.496 [main] INFO  f.i.s.r.p.i.ProjectInspector - ComputeSourceDir
02:21:59.497 [main] INFO  f.i.s.r.p.i.ProjectInspector - ComputeTestDir
02:21:59.497 [main] INFO  f.i.s.r.p.i.ProjectInspector - CheckoutBuggyBuildCandidateSourceCode
02:21:59.497 [main] INFO  f.i.s.r.p.i.ProjectInspector - BuildProjectBuggyBuildCandidateSourceCode
02:21:59.498 [main] INFO  f.i.s.r.p.i.ProjectInspector - TestProjectBuggyBuildCandidateSourceCode
02:21:59.498 [main] INFO  f.i.s.r.p.i.ProjectInspector - GatherTestInformationBuggyBuildCandidateSourceCode
02:21:59.498 [main] INFO  f.i.s.r.p.i.ProjectInspector - CheckoutBuggyBuildTestCode
02:21:59.499 [main] INFO  f.i.s.r.p.i.ProjectInspector - InitRepoToPush
02:21:59.499 [main] INFO  f.i.s.r.p.i.ProjectInspector - ComputeClasspath
02:21:59.499 [main] INFO  f.i.s.r.p.i.ProjectInspector - ComputeModules
02:21:59.500 [main] INFO  f.i.s.r.p.i.ProjectInspector - CheckoutBuggyBuildCandidateSourceCode
02:21:59.500 [main] INFO  f.i.s.r.p.i.ProjectInspector - CommitChangedTests
02:21:59.501 [main] INFO  f.i.s.r.p.i.ProjectInspector - CheckoutPatchedBuildCandidate
02:21:59.501 [main] INFO  f.i.s.r.p.i.ProjectInspector - BuildProjectPatchedBuildCandidate
02:21:59.501 [main] INFO  f.i.s.r.p.i.ProjectInspector - TestProjectPatchedBuildCandidate
02:21:59.502 [main] INFO  f.i.s.r.p.i.ProjectInspector - GatherTestInformationPatchedBuildCandidate
02:21:59.502 [main] INFO  f.i.s.r.p.i.ProjectInspector - CommitPatch
02:21:59.502 [main] INFO  f.i.s.r.p.i.ProjectInspector - WritePropertyFile
02:21:59.503 [main] INFO  f.i.s.r.p.i.ProjectInspector - CommitProcessEnd
02:21:59.514 [main] INFO  f.i.s.r.p.i.ProjectInspector - PushProcessEnd
02:21:59.515 [main] DEBUG f.i.s.r.process.step.CloneRepository - ----------------------------------------------------------------------
02:21:59.515 [main] DEBUG f.i.s.r.process.step.CloneRepository - STEP 1/22: CloneRepository
02:21:59.515 [main] DEBUG f.i.s.r.process.step.CloneRepository - ----------------------------------------------------------------------
02:21:59.516 [main] DEBUG f.i.s.r.process.step.CloneRepository - Cloning repository spring-cloud/spring-cloud-gcp in the following directory: ./workspace/spring-cloud/spring-cloud-gcp/327738895
02:22:04.308 [main] DEBUG f.i.s.r.process.step.CloneRepository - STEP STATUS: [ CloneRepository : SUCCESS ]
02:22:04.309 [main] DEBUG f.i.s.r.process.step.CloneRepository - STEP DURATION: 4s
02:22:04.314 [main] DEBUG f.i.s.r.process.step.CloneRepository - EXECUTE NEXT STEP
02:22:04.315 [main] DEBUG f.i.s.r.p.s.c.CheckoutPatchedBuild - ----------------------------------------------------------------------
02:22:04.315 [main] DEBUG f.i.s.r.p.s.c.CheckoutPatchedBuild - STEP 2/22: CheckoutPatchedBuildCandidate
02:22:04.315 [main] DEBUG f.i.s.r.p.s.c.CheckoutPatchedBuild - ----------------------------------------------------------------------
02:22:04.316 [main] DEBUG f.i.s.r.p.s.c.CheckoutPatchedBuild - Checking out patched build candidate...
02:22:04.446 [main] INFO  fr.inria.jtravis.JTravis - GitHub ratelimit: Limit: 5000 Remaining: 4884 Reset hour: 19:17:21
02:22:06.399 [main] DEBUG f.i.s.r.p.s.c.CheckoutPatchedBuild - Reproduce the PR for spring-cloud/spring-cloud-gcp by fetching remote branch and merging.
02:22:06.594 [main] ERROR f.i.s.r.p.s.c.CheckoutPatchedBuild - Error while testing commit: org.eclipse.jgit.errors.MissingObjectException: Missing unknown 84532bf618338c1ce5fd6fb7c7ec599bebdbdb95
02:22:06.595 [main] ERROR f.i.s.r.p.s.c.CheckoutPatchedBuild - Commit head ref cannot be retrieved from the repository: 84532bf618338c1ce5fd6fb7c7ec599bebdbdb95. Operation aborted.
02:22:06.595 [main] ERROR f.i.s.r.p.s.c.CheckoutPatchedBuild - Error while merging two commits to reproduce the PR.
02:22:06.596 [main] DEBUG f.i.s.r.p.s.c.CheckoutPatchedBuild - STEP STATUS: [ CheckoutPatchedBuildCandidate : FAILURE ( BUILDNOTCHECKEDOUT ) ]
02:22:06.597 [main] DEBUG f.i.s.r.p.s.c.CheckoutPatchedBuild - STEP DURATION: 2s
02:22:06.597 [main] DEBUG f.i.s.r.p.s.c.CheckoutPatchedBuild - TERMINATE PIPELINE
02:22:06.597 [main] DEBUG f.i.s.r.p.s.c.CheckoutPatchedBuild - FINAL STEPS SKIPPED: The reproduction of the bug and/or the patch failed.
02:22:06.597 [main] INFO  f.i.s.r.p.s.c.CheckoutPatchedBuild - Serialize all data for the pair of builds 327738895, 328185688
02:22:06.723 [main] INFO  fr.inria.jtravis.JTravis - GitHub ratelimit: Limit: 5000 Remaining: 4877 Reset hour: 19:17:21
02:22:07.185 [main] INFO  f.i.s.r.p.i.ProjectInspector - ----------------------------------------------------------------------
02:22:07.185 [main] INFO  f.i.s.r.p.i.ProjectInspector - PIPELINE EXECUTION SUMMARY
02:22:07.185 [main] INFO  f.i.s.r.p.i.ProjectInspector - ----------------------------------------------------------------------
02:22:07.185 [main] INFO  f.i.s.r.p.i.ProjectInspector - CloneRepository........................................SUCCESS [ 4 s ]
02:22:07.186 [main] INFO  f.i.s.r.p.i.ProjectInspector - CheckoutPatchedBuildCandidate..........................FAILURE [ 2 s ]
02:22:07.186 [main] INFO  f.i.s.r.p.i.ProjectInspector - ComputeSourceDir.......................................NOT RUN        
02:22:07.186 [main] INFO  f.i.s.r.p.i.ProjectInspector - ComputeTestDir.........................................NOT RUN        
02:22:07.187 [main] INFO  f.i.s.r.p.i.ProjectInspector - CheckoutBuggyBuildCandidateSourceCode..................NOT RUN        
02:22:07.187 [main] INFO  f.i.s.r.p.i.ProjectInspector - BuildProjectBuggyBuildCandidateSourceCode..............NOT RUN        
02:22:07.187 [main] INFO  f.i.s.r.p.i.ProjectInspector - TestProjectBuggyBuildCandidateSourceCode...............NOT RUN        
02:22:07.187 [main] INFO  f.i.s.r.p.i.ProjectInspector - GatherTestInformationBuggyBuildCandidateSourceCode.....NOT RUN        
02:22:07.187 [main] INFO  f.i.s.r.p.i.ProjectInspector - CheckoutBuggyBuildTestCode.............................NOT RUN        
02:22:07.188 [main] INFO  f.i.s.r.p.i.ProjectInspector - InitRepoToPush.........................................NOT RUN        
02:22:07.188 [main] INFO  f.i.s.r.p.i.ProjectInspector - ComputeClasspath.......................................NOT RUN        
02:22:07.188 [main] INFO  f.i.s.r.p.i.ProjectInspector - ComputeModules.........................................NOT RUN        
02:22:07.188 [main] INFO  f.i.s.r.p.i.ProjectInspector - CheckoutBuggyBuildCandidateSourceCode..................NOT RUN        
02:22:07.188 [main] INFO  f.i.s.r.p.i.ProjectInspector - CommitChangedTests.....................................NOT RUN        
02:22:07.188 [main] INFO  f.i.s.r.p.i.ProjectInspector - CheckoutPatchedBuildCandidate..........................NOT RUN        
02:22:07.189 [main] INFO  f.i.s.r.p.i.ProjectInspector - BuildProjectPatchedBuildCandidate......................NOT RUN        
02:22:07.189 [main] INFO  f.i.s.r.p.i.ProjectInspector - TestProjectPatchedBuildCandidate.......................NOT RUN        
02:22:07.189 [main] INFO  f.i.s.r.p.i.ProjectInspector - GatherTestInformationPatchedBuildCandidate.............NOT RUN        
02:22:07.189 [main] INFO  f.i.s.r.p.i.ProjectInspector - CommitPatch............................................NOT RUN        
02:22:07.189 [main] INFO  f.i.s.r.p.i.ProjectInspector - WritePropertyFile......................................NOT RUN        
02:22:07.189 [main] INFO  f.i.s.r.p.i.ProjectInspector - CommitProcessEnd.......................................NOT RUN        
02:22:07.189 [main] INFO  f.i.s.r.p.i.ProjectInspector - PushProcessEnd.........................................NOT RUN        
02:22:07.190 [main] INFO  f.i.s.r.p.i.ProjectInspector - ----------------------------------------------------------------------
02:22:07.190 [main] INFO  f.i.s.r.p.i.ProjectInspector - PIPELINE FINDING: BUILDNOTCHECKEDOUT
02:22:07.190 [main] INFO  f.i.s.r.p.i.ProjectInspector - ----------------------------------------------------------------------
02:22:07.190 [main] INFO  f.i.s.repairnator.pipeline.Launcher - Inspector is finished. The process will exit now.
