17:35:05.822 [main] INFO  f.i.s.repairnator.pipeline.Launcher - PIPELINE VERSION: 3.0-2018-08-09 19:04
17:35:06.016 [main] INFO  f.i.s.repairnator.pipeline.Launcher - The pipeline will try to reproduce a bug from build 327983282 and its corresponding patch from build 328030461
17:35:06.017 [main] INFO  f.i.s.repairnator.pipeline.Launcher - Initialize file serializer engines.
17:35:06.020 [main] INFO  f.i.s.repairnator.pipeline.Launcher - MongoDB won't be used for serialization.
17:35:06.020 [main] INFO  f.i.s.repairnator.pipeline.Launcher - The email notifier engine won't be used.
17:35:06.025 [main] INFO  f.i.s.repairnator.pipeline.Launcher - Start by getting the build (buildId: 327983282) with the following config: RepairnatorConfig{runId='6799cc07-95a1-4e50-ad7d-f235eab297e7_01-18-week2-PASSING_AND_PASSING', launcherMode=BEARS, serializeJson=true, inputPath='null', outputPath='/var/log', mongodbHost='null', mongodbName='repairnator', smtpServer='null', notifyTo=[], notifyEndProcess=false, push=true, pushRemoteRepo='https://github.com/fermadeiral/bears-collection-pp', fork=false, lookFromDate=null, lookToDate=null, buildId=327983282, z3solverPath='./z3_for_linux', workspacePath='./workspace', githubToken='c8a341a903[...]', dockerImageName='null', skipDelete=false, createOutputDir=false, logDirectory='null', nbThreads=0, globalTimeout=0, whiteList=null, blackList=null, jobSleepTime=0, buildSleepTime=0, maxInspectedBuilds=0, duration=null, humanPatch=false, repository='null', clean=true, bearsMode=BOTH, bearsDelimiter = false, repairTools=NopolAllTests,NPEFix,AssertFixer,AstorJGenProg,AstorJKali,NopolSingleTest,AstorJMut,NopolTestExclusionStrategy, githubUserName= fermadeiral, githubUserEmail=fer.madeiral@gmail.com}
17:35:07.399 [main] DEBUG fr.inria.jtravis.helpers.BuildHelper - Get request to :https://api.travis-ci.org/build/327983282 done after 756 ms
17:35:07.659 [main] DEBUG fr.inria.jtravis.helpers.BuildHelper - Get request to :https://api.travis-ci.org/build/328030461 done after 149 ms
17:35:07.673 [main] INFO  f.i.s.repairnator.pipeline.Launcher - The patched build (328030461) was successfully retrieved from Travis.
17:35:08.735 [main] INFO  fr.inria.jtravis.JTravis - GitHub ratelimit: Limit: 5000 Remaining: 4856 Reset hour: 19:16:49
17:35:09.278 [main] INFO  f.i.s.r.p.i.ProjectInspector - ----------------------------------------------------------------------
17:35:09.278 [main] INFO  f.i.s.r.p.i.ProjectInspector - PIPELINE STEPS
17:35:09.278 [main] INFO  f.i.s.r.p.i.ProjectInspector - ----------------------------------------------------------------------
17:35:09.278 [main] INFO  f.i.s.r.p.i.ProjectInspector - CloneRepository
17:35:09.279 [main] INFO  f.i.s.r.p.i.ProjectInspector - CheckoutPatchedBuildCandidate
17:35:09.279 [main] INFO  f.i.s.r.p.i.ProjectInspector - ComputeSourceDir
17:35:09.279 [main] INFO  f.i.s.r.p.i.ProjectInspector - ComputeTestDir
17:35:09.280 [main] INFO  f.i.s.r.p.i.ProjectInspector - CheckoutBuggyBuildCandidateSourceCode
17:35:09.280 [main] INFO  f.i.s.r.p.i.ProjectInspector - BuildProjectBuggyBuildCandidateSourceCode
17:35:09.280 [main] INFO  f.i.s.r.p.i.ProjectInspector - TestProjectBuggyBuildCandidateSourceCode
17:35:09.280 [main] INFO  f.i.s.r.p.i.ProjectInspector - GatherTestInformationBuggyBuildCandidateSourceCode
17:35:09.280 [main] INFO  f.i.s.r.p.i.ProjectInspector - CheckoutBuggyBuildTestCode
17:35:09.281 [main] INFO  f.i.s.r.p.i.ProjectInspector - InitRepoToPush
17:35:09.281 [main] INFO  f.i.s.r.p.i.ProjectInspector - ComputeClasspath
17:35:09.281 [main] INFO  f.i.s.r.p.i.ProjectInspector - ComputeModules
17:35:09.281 [main] INFO  f.i.s.r.p.i.ProjectInspector - CheckoutBuggyBuildCandidateSourceCode
17:35:09.282 [main] INFO  f.i.s.r.p.i.ProjectInspector - CommitChangedTests
17:35:09.282 [main] INFO  f.i.s.r.p.i.ProjectInspector - CheckoutPatchedBuildCandidate
17:35:09.282 [main] INFO  f.i.s.r.p.i.ProjectInspector - BuildProjectPatchedBuildCandidate
17:35:09.282 [main] INFO  f.i.s.r.p.i.ProjectInspector - TestProjectPatchedBuildCandidate
17:35:09.283 [main] INFO  f.i.s.r.p.i.ProjectInspector - GatherTestInformationPatchedBuildCandidate
17:35:09.284 [main] INFO  f.i.s.r.p.i.ProjectInspector - CommitPatch
17:35:09.284 [main] INFO  f.i.s.r.p.i.ProjectInspector - WritePropertyFile
17:35:09.285 [main] INFO  f.i.s.r.p.i.ProjectInspector - CommitProcessEnd
17:35:09.285 [main] INFO  f.i.s.r.p.i.ProjectInspector - PushProcessEnd
17:35:09.285 [main] DEBUG f.i.s.r.process.step.CloneRepository - ----------------------------------------------------------------------
17:35:09.286 [main] DEBUG f.i.s.r.process.step.CloneRepository - STEP 1/22: CloneRepository
17:35:09.286 [main] DEBUG f.i.s.r.process.step.CloneRepository - ----------------------------------------------------------------------
17:35:09.286 [main] DEBUG f.i.s.r.process.step.CloneRepository - Cloning repository batfish/batfish in the following directory: ./workspace/batfish/batfish/327983282
17:35:59.566 [main] DEBUG f.i.s.r.process.step.CloneRepository - STEP STATUS: [ CloneRepository : SUCCESS ]
17:35:59.567 [main] DEBUG f.i.s.r.process.step.CloneRepository - STEP DURATION: 50s
17:35:59.567 [main] DEBUG f.i.s.r.process.step.CloneRepository - EXECUTE NEXT STEP
17:35:59.567 [main] DEBUG f.i.s.r.p.s.c.CheckoutPatchedBuild - ----------------------------------------------------------------------
17:35:59.568 [main] DEBUG f.i.s.r.p.s.c.CheckoutPatchedBuild - STEP 2/22: CheckoutPatchedBuildCandidate
17:35:59.568 [main] DEBUG f.i.s.r.p.s.c.CheckoutPatchedBuild - ----------------------------------------------------------------------
17:35:59.568 [main] DEBUG f.i.s.r.p.s.c.CheckoutPatchedBuild - Checking out patched build candidate...
17:35:59.889 [main] INFO  fr.inria.jtravis.JTravis - GitHub ratelimit: Limit: 5000 Remaining: 4847 Reset hour: 19:16:49
17:36:02.274 [main] DEBUG f.i.s.r.p.s.c.CheckoutPatchedBuild - Reproduce the PR for batfish/batfish by fetching remote branch and merging.
17:36:03.584 [main] ERROR f.i.s.r.p.s.c.CheckoutPatchedBuild - Error while testing commit: org.eclipse.jgit.errors.MissingObjectException: Missing unknown b38ed510c3d24e6fffa31df4f5eeada4f4caaabe
17:36:03.586 [main] ERROR f.i.s.r.p.s.c.CheckoutPatchedBuild - Commit head ref cannot be retrieved from the repository: b38ed510c3d24e6fffa31df4f5eeada4f4caaabe. Operation aborted.
17:36:03.586 [main] ERROR f.i.s.r.p.s.c.CheckoutPatchedBuild - Error while merging two commits to reproduce the PR.
17:36:03.587 [main] DEBUG f.i.s.r.p.s.c.CheckoutPatchedBuild - STEP STATUS: [ CheckoutPatchedBuildCandidate : FAILURE ( BUILDNOTCHECKEDOUT ) ]
17:36:03.589 [main] DEBUG f.i.s.r.p.s.c.CheckoutPatchedBuild - STEP DURATION: 4s
17:36:03.590 [main] DEBUG f.i.s.r.p.s.c.CheckoutPatchedBuild - TERMINATE PIPELINE
17:36:03.590 [main] DEBUG f.i.s.r.p.s.c.CheckoutPatchedBuild - FINAL STEPS SKIPPED: The reproduction of the bug and/or the patch failed.
17:36:03.590 [main] INFO  f.i.s.r.p.s.c.CheckoutPatchedBuild - Serialize all data for the pair of builds 327983282, 328030461
17:36:03.706 [main] INFO  fr.inria.jtravis.JTravis - GitHub ratelimit: Limit: 5000 Remaining: 4840 Reset hour: 19:16:49
17:36:04.633 [main] INFO  f.i.s.r.p.i.ProjectInspector - ----------------------------------------------------------------------
17:36:04.634 [main] INFO  f.i.s.r.p.i.ProjectInspector - PIPELINE EXECUTION SUMMARY
17:36:04.634 [main] INFO  f.i.s.r.p.i.ProjectInspector - ----------------------------------------------------------------------
17:36:04.634 [main] INFO  f.i.s.r.p.i.ProjectInspector - CloneRepository.......................................SUCCESS [ 50 s ]
17:36:04.634 [main] INFO  f.i.s.r.p.i.ProjectInspector - CheckoutPatchedBuildCandidate.........................FAILURE [  4 s ]
17:36:04.635 [main] INFO  f.i.s.r.p.i.ProjectInspector - ComputeSourceDir......................................NOT RUN         
17:36:04.635 [main] INFO  f.i.s.r.p.i.ProjectInspector - ComputeTestDir........................................NOT RUN         
17:36:04.635 [main] INFO  f.i.s.r.p.i.ProjectInspector - CheckoutBuggyBuildCandidateSourceCode.................NOT RUN         
17:36:04.635 [main] INFO  f.i.s.r.p.i.ProjectInspector - BuildProjectBuggyBuildCandidateSourceCode.............NOT RUN         
17:36:04.635 [main] INFO  f.i.s.r.p.i.ProjectInspector - TestProjectBuggyBuildCandidateSourceCode..............NOT RUN         
17:36:04.636 [main] INFO  f.i.s.r.p.i.ProjectInspector - GatherTestInformationBuggyBuildCandidateSourceCode....NOT RUN         
17:36:04.636 [main] INFO  f.i.s.r.p.i.ProjectInspector - CheckoutBuggyBuildTestCode............................NOT RUN         
17:36:04.636 [main] INFO  f.i.s.r.p.i.ProjectInspector - InitRepoToPush........................................NOT RUN         
17:36:04.636 [main] INFO  f.i.s.r.p.i.ProjectInspector - ComputeClasspath......................................NOT RUN         
17:36:04.636 [main] INFO  f.i.s.r.p.i.ProjectInspector - ComputeModules........................................NOT RUN         
17:36:04.636 [main] INFO  f.i.s.r.p.i.ProjectInspector - CheckoutBuggyBuildCandidateSourceCode.................NOT RUN         
17:36:04.636 [main] INFO  f.i.s.r.p.i.ProjectInspector - CommitChangedTests....................................NOT RUN         
17:36:04.637 [main] INFO  f.i.s.r.p.i.ProjectInspector - CheckoutPatchedBuildCandidate.........................NOT RUN         
17:36:04.637 [main] INFO  f.i.s.r.p.i.ProjectInspector - BuildProjectPatchedBuildCandidate.....................NOT RUN         
17:36:04.637 [main] INFO  f.i.s.r.p.i.ProjectInspector - TestProjectPatchedBuildCandidate......................NOT RUN         
17:36:04.637 [main] INFO  f.i.s.r.p.i.ProjectInspector - GatherTestInformationPatchedBuildCandidate............NOT RUN         
17:36:04.637 [main] INFO  f.i.s.r.p.i.ProjectInspector - CommitPatch...........................................NOT RUN         
17:36:04.637 [main] INFO  f.i.s.r.p.i.ProjectInspector - WritePropertyFile.....................................NOT RUN         
17:36:04.638 [main] INFO  f.i.s.r.p.i.ProjectInspector - CommitProcessEnd......................................NOT RUN         
17:36:04.638 [main] INFO  f.i.s.r.p.i.ProjectInspector - PushProcessEnd........................................NOT RUN         
17:36:04.638 [main] INFO  f.i.s.r.p.i.ProjectInspector - ----------------------------------------------------------------------
17:36:04.638 [main] INFO  f.i.s.r.p.i.ProjectInspector - PIPELINE FINDING: BUILDNOTCHECKEDOUT
17:36:04.638 [main] INFO  f.i.s.r.p.i.ProjectInspector - ----------------------------------------------------------------------
17:36:04.639 [main] INFO  f.i.s.repairnator.pipeline.Launcher - Inspector is finished. The process will exit now.
