02:50:36.950 [main] INFO  f.i.s.repairnator.pipeline.Launcher - PIPELINE VERSION: 3.0-2018-08-09 19:04
02:50:37.075 [main] INFO  f.i.s.repairnator.pipeline.Launcher - The pipeline will try to reproduce a bug from build 327754087 and its corresponding patch from build 328192142
02:50:37.076 [main] INFO  f.i.s.repairnator.pipeline.Launcher - Initialize file serializer engines.
02:50:37.077 [main] INFO  f.i.s.repairnator.pipeline.Launcher - MongoDB won't be used for serialization.
02:50:37.078 [main] INFO  f.i.s.repairnator.pipeline.Launcher - The email notifier engine won't be used.
02:50:37.080 [main] INFO  f.i.s.repairnator.pipeline.Launcher - Start by getting the build (buildId: 327754087) with the following config: RepairnatorConfig{runId='6799cc07-95a1-4e50-ad7d-f235eab297e7_01-18-week2-PASSING_AND_PASSING', launcherMode=BEARS, serializeJson=true, inputPath='null', outputPath='/var/log', mongodbHost='null', mongodbName='repairnator', smtpServer='null', notifyTo=[], notifyEndProcess=false, push=true, pushRemoteRepo='https://github.com/fermadeiral/bears-collection-pp', fork=false, lookFromDate=null, lookToDate=null, buildId=327754087, z3solverPath='./z3_for_linux', workspacePath='./workspace', githubToken='c8a341a903[...]', dockerImageName='null', skipDelete=false, createOutputDir=false, logDirectory='null', nbThreads=0, globalTimeout=0, whiteList=null, blackList=null, jobSleepTime=0, buildSleepTime=0, maxInspectedBuilds=0, duration=null, humanPatch=false, repository='null', clean=true, bearsMode=BOTH, bearsDelimiter = false, repairTools=NopolAllTests,NPEFix,AssertFixer,AstorJGenProg,AstorJKali,NopolSingleTest,AstorJMut,NopolTestExclusionStrategy, githubUserName= fermadeiral, githubUserEmail=fer.madeiral@gmail.com}
02:50:38.326 [main] DEBUG fr.inria.jtravis.helpers.BuildHelper - Get request to :https://api.travis-ci.org/build/327754087 done after 768 ms
02:50:38.563 [main] DEBUG fr.inria.jtravis.helpers.BuildHelper - Get request to :https://api.travis-ci.org/build/328192142 done after 144 ms
02:50:38.573 [main] INFO  f.i.s.repairnator.pipeline.Launcher - The patched build (328192142) was successfully retrieved from Travis.
02:50:39.671 [main] INFO  fr.inria.jtravis.JTravis - GitHub ratelimit: Limit: 5000 Remaining: 4230 Reset hour: 19:17:21
02:50:39.936 [main] INFO  f.i.s.r.p.i.ProjectInspector - ----------------------------------------------------------------------
02:50:39.936 [main] INFO  f.i.s.r.p.i.ProjectInspector - PIPELINE STEPS
02:50:39.936 [main] INFO  f.i.s.r.p.i.ProjectInspector - ----------------------------------------------------------------------
02:50:39.937 [main] INFO  f.i.s.r.p.i.ProjectInspector - CloneRepository
02:50:39.937 [main] INFO  f.i.s.r.p.i.ProjectInspector - CheckoutPatchedBuildCandidate
02:50:39.937 [main] INFO  f.i.s.r.p.i.ProjectInspector - ComputeSourceDir
02:50:39.937 [main] INFO  f.i.s.r.p.i.ProjectInspector - ComputeTestDir
02:50:39.937 [main] INFO  f.i.s.r.p.i.ProjectInspector - CheckoutBuggyBuildCandidateSourceCode
02:50:39.938 [main] INFO  f.i.s.r.p.i.ProjectInspector - BuildProjectBuggyBuildCandidateSourceCode
02:50:39.938 [main] INFO  f.i.s.r.p.i.ProjectInspector - TestProjectBuggyBuildCandidateSourceCode
02:50:39.938 [main] INFO  f.i.s.r.p.i.ProjectInspector - GatherTestInformationBuggyBuildCandidateSourceCode
02:50:39.938 [main] INFO  f.i.s.r.p.i.ProjectInspector - CheckoutBuggyBuildTestCode
02:50:39.938 [main] INFO  f.i.s.r.p.i.ProjectInspector - InitRepoToPush
02:50:39.938 [main] INFO  f.i.s.r.p.i.ProjectInspector - ComputeClasspath
02:50:39.938 [main] INFO  f.i.s.r.p.i.ProjectInspector - ComputeModules
02:50:39.939 [main] INFO  f.i.s.r.p.i.ProjectInspector - CheckoutBuggyBuildCandidateSourceCode
02:50:39.939 [main] INFO  f.i.s.r.p.i.ProjectInspector - CommitChangedTests
02:50:39.939 [main] INFO  f.i.s.r.p.i.ProjectInspector - CheckoutPatchedBuildCandidate
02:50:39.939 [main] INFO  f.i.s.r.p.i.ProjectInspector - BuildProjectPatchedBuildCandidate
02:50:39.939 [main] INFO  f.i.s.r.p.i.ProjectInspector - TestProjectPatchedBuildCandidate
02:50:39.939 [main] INFO  f.i.s.r.p.i.ProjectInspector - GatherTestInformationPatchedBuildCandidate
02:50:39.939 [main] INFO  f.i.s.r.p.i.ProjectInspector - CommitPatch
02:50:39.940 [main] INFO  f.i.s.r.p.i.ProjectInspector - WritePropertyFile
02:50:39.940 [main] INFO  f.i.s.r.p.i.ProjectInspector - CommitProcessEnd
02:50:39.940 [main] INFO  f.i.s.r.p.i.ProjectInspector - PushProcessEnd
02:50:39.940 [main] DEBUG f.i.s.r.process.step.CloneRepository - ----------------------------------------------------------------------
02:50:39.940 [main] DEBUG f.i.s.r.process.step.CloneRepository - STEP 1/22: CloneRepository
02:50:39.941 [main] DEBUG f.i.s.r.process.step.CloneRepository - ----------------------------------------------------------------------
02:50:39.941 [main] DEBUG f.i.s.r.process.step.CloneRepository - Cloning repository MyCoRe-Org/mycore in the following directory: ./workspace/MyCoRe-Org/mycore/327754087
02:51:25.934 [main] DEBUG f.i.s.r.process.step.CloneRepository - STEP STATUS: [ CloneRepository : SUCCESS ]
02:51:25.934 [main] DEBUG f.i.s.r.process.step.CloneRepository - STEP DURATION: 45s
02:51:25.934 [main] DEBUG f.i.s.r.process.step.CloneRepository - EXECUTE NEXT STEP
02:51:25.935 [main] DEBUG f.i.s.r.p.s.c.CheckoutPatchedBuild - ----------------------------------------------------------------------
02:51:25.935 [main] DEBUG f.i.s.r.p.s.c.CheckoutPatchedBuild - STEP 2/22: CheckoutPatchedBuildCandidate
02:51:25.935 [main] DEBUG f.i.s.r.p.s.c.CheckoutPatchedBuild - ----------------------------------------------------------------------
02:51:25.935 [main] DEBUG f.i.s.r.p.s.c.CheckoutPatchedBuild - Checking out patched build candidate...
02:51:25.954 [main] ERROR f.i.s.r.p.s.c.CheckoutPatchedBuild - Error while testing commit: org.eclipse.jgit.errors.MissingObjectException: Missing unknown 98fb75084de606b96dc4b31417baeb30da16a031
02:51:25.954 [main] ERROR f.i.s.r.p.s.c.CheckoutPatchedBuild - Error while getting the commit to checkout from the repo.
02:51:25.955 [main] DEBUG f.i.s.r.p.s.c.CheckoutPatchedBuild - STEP STATUS: [ CheckoutPatchedBuildCandidate : FAILURE ( BUILDNOTCHECKEDOUT ) ]
02:51:25.956 [main] DEBUG f.i.s.r.p.s.c.CheckoutPatchedBuild - STEP DURATION: 0s
02:51:25.956 [main] DEBUG f.i.s.r.p.s.c.CheckoutPatchedBuild - TERMINATE PIPELINE
02:51:25.956 [main] DEBUG f.i.s.r.p.s.c.CheckoutPatchedBuild - FINAL STEPS SKIPPED: The reproduction of the bug and/or the patch failed.
02:51:25.957 [main] INFO  f.i.s.r.p.s.c.CheckoutPatchedBuild - Serialize all data for the pair of builds 327754087, 328192142
02:51:26.288 [main] INFO  fr.inria.jtravis.JTravis - GitHub ratelimit: Limit: 5000 Remaining: 4221 Reset hour: 19:17:21
02:51:27.295 [main] INFO  f.i.s.r.p.i.ProjectInspector - ----------------------------------------------------------------------
02:51:27.296 [main] INFO  f.i.s.r.p.i.ProjectInspector - PIPELINE EXECUTION SUMMARY
02:51:27.296 [main] INFO  f.i.s.r.p.i.ProjectInspector - ----------------------------------------------------------------------
02:51:27.297 [main] INFO  f.i.s.r.p.i.ProjectInspector - CloneRepository.......................................SUCCESS [ 45 s ]
02:51:27.297 [main] INFO  f.i.s.r.p.i.ProjectInspector - CheckoutPatchedBuildCandidate.........................FAILURE [  0 s ]
02:51:27.297 [main] INFO  f.i.s.r.p.i.ProjectInspector - ComputeSourceDir......................................NOT RUN         
02:51:27.298 [main] INFO  f.i.s.r.p.i.ProjectInspector - ComputeTestDir........................................NOT RUN         
02:51:27.298 [main] INFO  f.i.s.r.p.i.ProjectInspector - CheckoutBuggyBuildCandidateSourceCode.................NOT RUN         
02:51:27.299 [main] INFO  f.i.s.r.p.i.ProjectInspector - BuildProjectBuggyBuildCandidateSourceCode.............NOT RUN         
02:51:27.299 [main] INFO  f.i.s.r.p.i.ProjectInspector - TestProjectBuggyBuildCandidateSourceCode..............NOT RUN         
02:51:27.299 [main] INFO  f.i.s.r.p.i.ProjectInspector - GatherTestInformationBuggyBuildCandidateSourceCode....NOT RUN         
02:51:27.300 [main] INFO  f.i.s.r.p.i.ProjectInspector - CheckoutBuggyBuildTestCode............................NOT RUN         
02:51:27.300 [main] INFO  f.i.s.r.p.i.ProjectInspector - InitRepoToPush........................................NOT RUN         
02:51:27.300 [main] INFO  f.i.s.r.p.i.ProjectInspector - ComputeClasspath......................................NOT RUN         
02:51:27.300 [main] INFO  f.i.s.r.p.i.ProjectInspector - ComputeModules........................................NOT RUN         
02:51:27.301 [main] INFO  f.i.s.r.p.i.ProjectInspector - CheckoutBuggyBuildCandidateSourceCode.................NOT RUN         
02:51:27.301 [main] INFO  f.i.s.r.p.i.ProjectInspector - CommitChangedTests....................................NOT RUN         
02:51:27.301 [main] INFO  f.i.s.r.p.i.ProjectInspector - CheckoutPatchedBuildCandidate.........................NOT RUN         
02:51:27.301 [main] INFO  f.i.s.r.p.i.ProjectInspector - BuildProjectPatchedBuildCandidate.....................NOT RUN         
02:51:27.302 [main] INFO  f.i.s.r.p.i.ProjectInspector - TestProjectPatchedBuildCandidate......................NOT RUN         
02:51:27.302 [main] INFO  f.i.s.r.p.i.ProjectInspector - GatherTestInformationPatchedBuildCandidate............NOT RUN         
02:51:27.302 [main] INFO  f.i.s.r.p.i.ProjectInspector - CommitPatch...........................................NOT RUN         
02:51:27.302 [main] INFO  f.i.s.r.p.i.ProjectInspector - WritePropertyFile.....................................NOT RUN         
02:51:27.303 [main] INFO  f.i.s.r.p.i.ProjectInspector - CommitProcessEnd......................................NOT RUN         
02:51:27.303 [main] INFO  f.i.s.r.p.i.ProjectInspector - PushProcessEnd........................................NOT RUN         
02:51:27.304 [main] INFO  f.i.s.r.p.i.ProjectInspector - ----------------------------------------------------------------------
02:51:27.304 [main] INFO  f.i.s.r.p.i.ProjectInspector - PIPELINE FINDING: BUILDNOTCHECKEDOUT
02:51:27.304 [main] INFO  f.i.s.r.p.i.ProjectInspector - ----------------------------------------------------------------------
02:51:27.305 [main] INFO  f.i.s.repairnator.pipeline.Launcher - Inspector is finished. The process will exit now.
