02:33:54.505 [main] INFO  f.i.s.repairnator.pipeline.Launcher - PIPELINE VERSION: 3.0-2018-08-09 19:04
02:33:54.660 [main] INFO  f.i.s.repairnator.pipeline.Launcher - The pipeline will try to reproduce a bug from build 326496710 and its corresponding patch from build 327943771
02:33:54.661 [main] INFO  f.i.s.repairnator.pipeline.Launcher - Initialize file serializer engines.
02:33:54.663 [main] INFO  f.i.s.repairnator.pipeline.Launcher - MongoDB won't be used for serialization.
02:33:54.663 [main] INFO  f.i.s.repairnator.pipeline.Launcher - The email notifier engine won't be used.
02:33:54.666 [main] INFO  f.i.s.repairnator.pipeline.Launcher - Start by getting the build (buildId: 326496710) with the following config: RepairnatorConfig{runId='6799cc07-95a1-4e50-ad7d-f235eab297e7_01-18-week2-PASSING_AND_PASSING', launcherMode=BEARS, serializeJson=true, inputPath='null', outputPath='/var/log', mongodbHost='null', mongodbName='repairnator', smtpServer='null', notifyTo=[], notifyEndProcess=false, push=true, pushRemoteRepo='https://github.com/fermadeiral/bears-collection-pp', fork=false, lookFromDate=null, lookToDate=null, buildId=326496710, z3solverPath='./z3_for_linux', workspacePath='./workspace', githubToken='c8a341a903[...]', dockerImageName='null', skipDelete=false, createOutputDir=false, logDirectory='null', nbThreads=0, globalTimeout=0, whiteList=null, blackList=null, jobSleepTime=0, buildSleepTime=0, maxInspectedBuilds=0, duration=null, humanPatch=false, repository='null', clean=true, bearsMode=BOTH, bearsDelimiter = false, repairTools=NopolAllTests,NPEFix,AssertFixer,AstorJGenProg,AstorJKali,NopolSingleTest,AstorJMut,NopolTestExclusionStrategy, githubUserName= fermadeiral, githubUserEmail=fer.madeiral@gmail.com}
02:33:55.903 [main] DEBUG fr.inria.jtravis.helpers.BuildHelper - Get request to :https://api.travis-ci.org/build/326496710 done after 776 ms
02:33:56.130 [main] DEBUG fr.inria.jtravis.helpers.BuildHelper - Get request to :https://api.travis-ci.org/build/327943771 done after 132 ms
02:33:56.144 [main] INFO  f.i.s.repairnator.pipeline.Launcher - The patched build (327943771) was successfully retrieved from Travis.
02:33:57.207 [main] INFO  fr.inria.jtravis.JTravis - GitHub ratelimit: Limit: 5000 Remaining: 4515 Reset hour: 19:17:21
02:33:57.421 [main] INFO  f.i.s.r.p.i.ProjectInspector - ----------------------------------------------------------------------
02:33:57.421 [main] INFO  f.i.s.r.p.i.ProjectInspector - PIPELINE STEPS
02:33:57.421 [main] INFO  f.i.s.r.p.i.ProjectInspector - ----------------------------------------------------------------------
02:33:57.421 [main] INFO  f.i.s.r.p.i.ProjectInspector - CloneRepository
02:33:57.422 [main] INFO  f.i.s.r.p.i.ProjectInspector - CheckoutPatchedBuildCandidate
02:33:57.422 [main] INFO  f.i.s.r.p.i.ProjectInspector - ComputeSourceDir
02:33:57.422 [main] INFO  f.i.s.r.p.i.ProjectInspector - ComputeTestDir
02:33:57.422 [main] INFO  f.i.s.r.p.i.ProjectInspector - CheckoutBuggyBuildCandidateSourceCode
02:33:57.422 [main] INFO  f.i.s.r.p.i.ProjectInspector - BuildProjectBuggyBuildCandidateSourceCode
02:33:57.422 [main] INFO  f.i.s.r.p.i.ProjectInspector - TestProjectBuggyBuildCandidateSourceCode
02:33:57.422 [main] INFO  f.i.s.r.p.i.ProjectInspector - GatherTestInformationBuggyBuildCandidateSourceCode
02:33:57.423 [main] INFO  f.i.s.r.p.i.ProjectInspector - CheckoutBuggyBuildTestCode
02:33:57.423 [main] INFO  f.i.s.r.p.i.ProjectInspector - InitRepoToPush
02:33:57.423 [main] INFO  f.i.s.r.p.i.ProjectInspector - ComputeClasspath
02:33:57.423 [main] INFO  f.i.s.r.p.i.ProjectInspector - ComputeModules
02:33:57.423 [main] INFO  f.i.s.r.p.i.ProjectInspector - CheckoutBuggyBuildCandidateSourceCode
02:33:57.423 [main] INFO  f.i.s.r.p.i.ProjectInspector - CommitChangedTests
02:33:57.423 [main] INFO  f.i.s.r.p.i.ProjectInspector - CheckoutPatchedBuildCandidate
02:33:57.423 [main] INFO  f.i.s.r.p.i.ProjectInspector - BuildProjectPatchedBuildCandidate
02:33:57.424 [main] INFO  f.i.s.r.p.i.ProjectInspector - TestProjectPatchedBuildCandidate
02:33:57.424 [main] INFO  f.i.s.r.p.i.ProjectInspector - GatherTestInformationPatchedBuildCandidate
02:33:57.424 [main] INFO  f.i.s.r.p.i.ProjectInspector - CommitPatch
02:33:57.424 [main] INFO  f.i.s.r.p.i.ProjectInspector - WritePropertyFile
02:33:57.424 [main] INFO  f.i.s.r.p.i.ProjectInspector - CommitProcessEnd
02:33:57.424 [main] INFO  f.i.s.r.p.i.ProjectInspector - PushProcessEnd
02:33:57.425 [main] DEBUG f.i.s.r.process.step.CloneRepository - ----------------------------------------------------------------------
02:33:57.425 [main] DEBUG f.i.s.r.process.step.CloneRepository - STEP 1/22: CloneRepository
02:33:57.425 [main] DEBUG f.i.s.r.process.step.CloneRepository - ----------------------------------------------------------------------
02:33:57.426 [main] DEBUG f.i.s.r.process.step.CloneRepository - Cloning repository datastax/java-driver in the following directory: ./workspace/datastax/java-driver/326496710
02:34:14.184 [main] DEBUG f.i.s.r.process.step.CloneRepository - STEP STATUS: [ CloneRepository : SUCCESS ]
02:34:14.185 [main] DEBUG f.i.s.r.process.step.CloneRepository - STEP DURATION: 16s
02:34:14.185 [main] DEBUG f.i.s.r.process.step.CloneRepository - EXECUTE NEXT STEP
02:34:14.185 [main] DEBUG f.i.s.r.p.s.c.CheckoutPatchedBuild - ----------------------------------------------------------------------
02:34:14.185 [main] DEBUG f.i.s.r.p.s.c.CheckoutPatchedBuild - STEP 2/22: CheckoutPatchedBuildCandidate
02:34:14.186 [main] DEBUG f.i.s.r.p.s.c.CheckoutPatchedBuild - ----------------------------------------------------------------------
02:34:14.186 [main] DEBUG f.i.s.r.p.s.c.CheckoutPatchedBuild - Checking out patched build candidate...
02:34:14.201 [main] ERROR f.i.s.r.p.s.c.CheckoutPatchedBuild - Error while testing commit: org.eclipse.jgit.errors.MissingObjectException: Missing unknown ccf8bf7bf928e30a9053fb8d92a60f043562ca59
02:34:14.201 [main] ERROR f.i.s.r.p.s.c.CheckoutPatchedBuild - Error while getting the commit to checkout from the repo.
02:34:14.202 [main] DEBUG f.i.s.r.p.s.c.CheckoutPatchedBuild - STEP STATUS: [ CheckoutPatchedBuildCandidate : FAILURE ( BUILDNOTCHECKEDOUT ) ]
02:34:14.202 [main] DEBUG f.i.s.r.p.s.c.CheckoutPatchedBuild - STEP DURATION: 0s
02:34:14.203 [main] DEBUG f.i.s.r.p.s.c.CheckoutPatchedBuild - TERMINATE PIPELINE
02:34:14.203 [main] DEBUG f.i.s.r.p.s.c.CheckoutPatchedBuild - FINAL STEPS SKIPPED: The reproduction of the bug and/or the patch failed.
02:34:14.203 [main] INFO  f.i.s.r.p.s.c.CheckoutPatchedBuild - Serialize all data for the pair of builds 326496710, 327943771
02:34:14.519 [main] INFO  fr.inria.jtravis.JTravis - GitHub ratelimit: Limit: 5000 Remaining: 4514 Reset hour: 19:17:21
02:34:15.054 [main] INFO  f.i.s.r.p.i.ProjectInspector - ----------------------------------------------------------------------
02:34:15.055 [main] INFO  f.i.s.r.p.i.ProjectInspector - PIPELINE EXECUTION SUMMARY
02:34:15.055 [main] INFO  f.i.s.r.p.i.ProjectInspector - ----------------------------------------------------------------------
02:34:15.055 [main] INFO  f.i.s.r.p.i.ProjectInspector - CloneRepository.......................................SUCCESS [ 16 s ]
02:34:15.063 [main] INFO  f.i.s.r.p.i.ProjectInspector - CheckoutPatchedBuildCandidate.........................FAILURE [  0 s ]
02:34:15.063 [main] INFO  f.i.s.r.p.i.ProjectInspector - ComputeSourceDir......................................NOT RUN         
02:34:15.064 [main] INFO  f.i.s.r.p.i.ProjectInspector - ComputeTestDir........................................NOT RUN         
02:34:15.064 [main] INFO  f.i.s.r.p.i.ProjectInspector - CheckoutBuggyBuildCandidateSourceCode.................NOT RUN         
02:34:15.064 [main] INFO  f.i.s.r.p.i.ProjectInspector - BuildProjectBuggyBuildCandidateSourceCode.............NOT RUN         
02:34:15.064 [main] INFO  f.i.s.r.p.i.ProjectInspector - TestProjectBuggyBuildCandidateSourceCode..............NOT RUN         
02:34:15.064 [main] INFO  f.i.s.r.p.i.ProjectInspector - GatherTestInformationBuggyBuildCandidateSourceCode....NOT RUN         
02:34:15.064 [main] INFO  f.i.s.r.p.i.ProjectInspector - CheckoutBuggyBuildTestCode............................NOT RUN         
02:34:15.064 [main] INFO  f.i.s.r.p.i.ProjectInspector - InitRepoToPush........................................NOT RUN         
02:34:15.064 [main] INFO  f.i.s.r.p.i.ProjectInspector - ComputeClasspath......................................NOT RUN         
02:34:15.065 [main] INFO  f.i.s.r.p.i.ProjectInspector - ComputeModules........................................NOT RUN         
02:34:15.066 [main] INFO  f.i.s.r.p.i.ProjectInspector - CheckoutBuggyBuildCandidateSourceCode.................NOT RUN         
02:34:15.066 [main] INFO  f.i.s.r.p.i.ProjectInspector - CommitChangedTests....................................NOT RUN         
02:34:15.066 [main] INFO  f.i.s.r.p.i.ProjectInspector - CheckoutPatchedBuildCandidate.........................NOT RUN         
02:34:15.066 [main] INFO  f.i.s.r.p.i.ProjectInspector - BuildProjectPatchedBuildCandidate.....................NOT RUN         
02:34:15.066 [main] INFO  f.i.s.r.p.i.ProjectInspector - TestProjectPatchedBuildCandidate......................NOT RUN         
02:34:15.066 [main] INFO  f.i.s.r.p.i.ProjectInspector - GatherTestInformationPatchedBuildCandidate............NOT RUN         
02:34:15.067 [main] INFO  f.i.s.r.p.i.ProjectInspector - CommitPatch...........................................NOT RUN         
02:34:15.067 [main] INFO  f.i.s.r.p.i.ProjectInspector - WritePropertyFile.....................................NOT RUN         
02:34:15.067 [main] INFO  f.i.s.r.p.i.ProjectInspector - CommitProcessEnd......................................NOT RUN         
02:34:15.068 [main] INFO  f.i.s.r.p.i.ProjectInspector - PushProcessEnd........................................NOT RUN         
02:34:15.068 [main] INFO  f.i.s.r.p.i.ProjectInspector - ----------------------------------------------------------------------
02:34:15.068 [main] INFO  f.i.s.r.p.i.ProjectInspector - PIPELINE FINDING: BUILDNOTCHECKEDOUT
02:34:15.068 [main] INFO  f.i.s.r.p.i.ProjectInspector - ----------------------------------------------------------------------
02:34:15.068 [main] INFO  f.i.s.repairnator.pipeline.Launcher - Inspector is finished. The process will exit now.
