11:41:43.421 [main] INFO  f.i.s.repairnator.pipeline.Launcher - PIPELINE VERSION: 3.0-2018-08-09 19:04
11:41:43.527 [main] INFO  f.i.s.repairnator.pipeline.Launcher - The pipeline will try to reproduce a bug from build 351643474 and its corresponding patch from build 351792670
11:41:43.528 [main] INFO  f.i.s.repairnator.pipeline.Launcher - Initialize file serializer engines.
11:41:43.530 [main] INFO  f.i.s.repairnator.pipeline.Launcher - MongoDB won't be used for serialization.
11:41:43.530 [main] INFO  f.i.s.repairnator.pipeline.Launcher - The email notifier engine won't be used.
11:41:43.533 [main] INFO  f.i.s.repairnator.pipeline.Launcher - Start by getting the build (buildId: 351643474) with the following config: RepairnatorConfig{runId='4c745e6f-5453-4a37-b2b3-14647c2331ea_03-18-week2-PASSING_AND_PASSING', launcherMode=BEARS, serializeJson=true, inputPath='null', outputPath='/var/log', mongodbHost='null', mongodbName='repairnator', smtpServer='null', notifyTo=[], notifyEndProcess=false, push=true, pushRemoteRepo='https://github.com/fermadeiral/bears-collection-pp', fork=false, lookFromDate=null, lookToDate=null, buildId=351643474, z3solverPath='./z3_for_linux', workspacePath='./workspace', githubToken='c8a341a903[...]', dockerImageName='null', skipDelete=false, createOutputDir=false, logDirectory='null', nbThreads=0, globalTimeout=0, whiteList=null, blackList=null, jobSleepTime=0, buildSleepTime=0, maxInspectedBuilds=0, duration=null, humanPatch=false, repository='null', clean=true, bearsMode=BOTH, bearsDelimiter = false, repairTools=NopolAllTests,NPEFix,AssertFixer,AstorJGenProg,AstorJKali,NopolSingleTest,AstorJMut,NopolTestExclusionStrategy, githubUserName= fermadeiral, githubUserEmail=fer.madeiral@gmail.com}
11:41:44.648 [main] DEBUG fr.inria.jtravis.helpers.BuildHelper - Get request to :https://api.travis-ci.org/build/351643474 done after 735 ms
11:41:44.876 [main] DEBUG fr.inria.jtravis.helpers.BuildHelper - Get request to :https://api.travis-ci.org/build/351792670 done after 141 ms
11:41:44.902 [main] INFO  f.i.s.repairnator.pipeline.Launcher - The patched build (351792670) was successfully retrieved from Travis.
11:41:46.116 [main] INFO  fr.inria.jtravis.JTravis - GitHub ratelimit: Limit: 5000 Remaining: 4893 Reset hour: 19:32:17
11:41:46.410 [main] INFO  f.i.s.r.p.i.ProjectInspector - ----------------------------------------------------------------------
11:41:46.411 [main] INFO  f.i.s.r.p.i.ProjectInspector - PIPELINE STEPS
11:41:46.411 [main] INFO  f.i.s.r.p.i.ProjectInspector - ----------------------------------------------------------------------
11:41:46.411 [main] INFO  f.i.s.r.p.i.ProjectInspector - CloneRepository
11:41:46.411 [main] INFO  f.i.s.r.p.i.ProjectInspector - CheckoutPatchedBuildCandidate
11:41:46.412 [main] INFO  f.i.s.r.p.i.ProjectInspector - ComputeSourceDir
11:41:46.412 [main] INFO  f.i.s.r.p.i.ProjectInspector - ComputeTestDir
11:41:46.412 [main] INFO  f.i.s.r.p.i.ProjectInspector - CheckoutBuggyBuildCandidateSourceCode
11:41:46.412 [main] INFO  f.i.s.r.p.i.ProjectInspector - BuildProjectBuggyBuildCandidateSourceCode
11:41:46.413 [main] INFO  f.i.s.r.p.i.ProjectInspector - TestProjectBuggyBuildCandidateSourceCode
11:41:46.413 [main] INFO  f.i.s.r.p.i.ProjectInspector - GatherTestInformationBuggyBuildCandidateSourceCode
11:41:46.413 [main] INFO  f.i.s.r.p.i.ProjectInspector - CheckoutBuggyBuildTestCode
11:41:46.413 [main] INFO  f.i.s.r.p.i.ProjectInspector - InitRepoToPush
11:41:46.414 [main] INFO  f.i.s.r.p.i.ProjectInspector - ComputeClasspath
11:41:46.414 [main] INFO  f.i.s.r.p.i.ProjectInspector - ComputeModules
11:41:46.414 [main] INFO  f.i.s.r.p.i.ProjectInspector - CheckoutBuggyBuildCandidateSourceCode
11:41:46.414 [main] INFO  f.i.s.r.p.i.ProjectInspector - CommitChangedTests
11:41:46.415 [main] INFO  f.i.s.r.p.i.ProjectInspector - CheckoutPatchedBuildCandidate
11:41:46.415 [main] INFO  f.i.s.r.p.i.ProjectInspector - BuildProjectPatchedBuildCandidate
11:41:46.415 [main] INFO  f.i.s.r.p.i.ProjectInspector - TestProjectPatchedBuildCandidate
11:41:46.415 [main] INFO  f.i.s.r.p.i.ProjectInspector - GatherTestInformationPatchedBuildCandidate
11:41:46.416 [main] INFO  f.i.s.r.p.i.ProjectInspector - CommitPatch
11:41:46.416 [main] INFO  f.i.s.r.p.i.ProjectInspector - WritePropertyFile
11:41:46.416 [main] INFO  f.i.s.r.p.i.ProjectInspector - CommitProcessEnd
11:41:46.417 [main] INFO  f.i.s.r.p.i.ProjectInspector - PushProcessEnd
11:41:46.417 [main] DEBUG f.i.s.r.process.step.CloneRepository - ----------------------------------------------------------------------
11:41:46.418 [main] DEBUG f.i.s.r.process.step.CloneRepository - STEP 1/22: CloneRepository
11:41:46.418 [main] DEBUG f.i.s.r.process.step.CloneRepository - ----------------------------------------------------------------------
11:41:46.418 [main] DEBUG f.i.s.r.process.step.CloneRepository - Cloning repository airlift/airlift in the following directory: ./workspace/airlift/airlift/351643474
11:42:06.720 [main] DEBUG f.i.s.r.process.step.CloneRepository - STEP STATUS: [ CloneRepository : SUCCESS ]
11:42:06.720 [main] DEBUG f.i.s.r.process.step.CloneRepository - STEP DURATION: 20s
11:42:06.720 [main] DEBUG f.i.s.r.process.step.CloneRepository - EXECUTE NEXT STEP
11:42:06.721 [main] DEBUG f.i.s.r.p.s.c.CheckoutPatchedBuild - ----------------------------------------------------------------------
11:42:06.721 [main] DEBUG f.i.s.r.p.s.c.CheckoutPatchedBuild - STEP 2/22: CheckoutPatchedBuildCandidate
11:42:06.721 [main] DEBUG f.i.s.r.p.s.c.CheckoutPatchedBuild - ----------------------------------------------------------------------
11:42:06.721 [main] DEBUG f.i.s.r.p.s.c.CheckoutPatchedBuild - Checking out patched build candidate...
11:42:07.048 [main] INFO  fr.inria.jtravis.JTravis - GitHub ratelimit: Limit: 5000 Remaining: 4888 Reset hour: 19:32:17
11:42:08.960 [main] DEBUG f.i.s.r.p.s.c.CheckoutPatchedBuild - Reproduce the PR for airlift/airlift by fetching remote branch and merging.
11:42:09.942 [main] ERROR f.i.s.r.p.s.c.CheckoutPatchedBuild - Error while testing commit: org.eclipse.jgit.errors.MissingObjectException: Missing unknown f17b806e1013a3b962f7f1338aa639d8dd29544e
11:42:09.943 [main] ERROR f.i.s.r.p.s.c.CheckoutPatchedBuild - Commit head ref cannot be retrieved from the repository: f17b806e1013a3b962f7f1338aa639d8dd29544e. Operation aborted.
11:42:09.943 [main] ERROR f.i.s.r.p.s.c.CheckoutPatchedBuild - Error while merging two commits to reproduce the PR.
11:42:09.944 [main] DEBUG f.i.s.r.p.s.c.CheckoutPatchedBuild - STEP STATUS: [ CheckoutPatchedBuildCandidate : FAILURE ( BUILDNOTCHECKEDOUT ) ]
11:42:09.944 [main] DEBUG f.i.s.r.p.s.c.CheckoutPatchedBuild - STEP DURATION: 3s
11:42:09.945 [main] DEBUG f.i.s.r.p.s.c.CheckoutPatchedBuild - TERMINATE PIPELINE
11:42:09.945 [main] DEBUG f.i.s.r.p.s.c.CheckoutPatchedBuild - FINAL STEPS SKIPPED: The reproduction of the bug and/or the patch failed.
11:42:09.945 [main] INFO  f.i.s.r.p.s.c.CheckoutPatchedBuild - Serialize all data for the pair of builds 351643474, 351792670
11:42:10.064 [main] INFO  fr.inria.jtravis.JTravis - GitHub ratelimit: Limit: 5000 Remaining: 4881 Reset hour: 19:32:17
11:42:10.562 [main] INFO  f.i.s.r.p.i.ProjectInspector - ----------------------------------------------------------------------
11:42:10.562 [main] INFO  f.i.s.r.p.i.ProjectInspector - PIPELINE EXECUTION SUMMARY
11:42:10.563 [main] INFO  f.i.s.r.p.i.ProjectInspector - ----------------------------------------------------------------------
11:42:10.563 [main] INFO  f.i.s.r.p.i.ProjectInspector - CloneRepository.......................................SUCCESS [ 20 s ]
11:42:10.563 [main] INFO  f.i.s.r.p.i.ProjectInspector - CheckoutPatchedBuildCandidate.........................FAILURE [  3 s ]
11:42:10.563 [main] INFO  f.i.s.r.p.i.ProjectInspector - ComputeSourceDir......................................NOT RUN         
11:42:10.563 [main] INFO  f.i.s.r.p.i.ProjectInspector - ComputeTestDir........................................NOT RUN         
11:42:10.563 [main] INFO  f.i.s.r.p.i.ProjectInspector - CheckoutBuggyBuildCandidateSourceCode.................NOT RUN         
11:42:10.563 [main] INFO  f.i.s.r.p.i.ProjectInspector - BuildProjectBuggyBuildCandidateSourceCode.............NOT RUN         
11:42:10.564 [main] INFO  f.i.s.r.p.i.ProjectInspector - TestProjectBuggyBuildCandidateSourceCode..............NOT RUN         
11:42:10.564 [main] INFO  f.i.s.r.p.i.ProjectInspector - GatherTestInformationBuggyBuildCandidateSourceCode....NOT RUN         
11:42:10.564 [main] INFO  f.i.s.r.p.i.ProjectInspector - CheckoutBuggyBuildTestCode............................NOT RUN         
11:42:10.564 [main] INFO  f.i.s.r.p.i.ProjectInspector - InitRepoToPush........................................NOT RUN         
11:42:10.564 [main] INFO  f.i.s.r.p.i.ProjectInspector - ComputeClasspath......................................NOT RUN         
11:42:10.564 [main] INFO  f.i.s.r.p.i.ProjectInspector - ComputeModules........................................NOT RUN         
11:42:10.564 [main] INFO  f.i.s.r.p.i.ProjectInspector - CheckoutBuggyBuildCandidateSourceCode.................NOT RUN         
11:42:10.564 [main] INFO  f.i.s.r.p.i.ProjectInspector - CommitChangedTests....................................NOT RUN         
11:42:10.564 [main] INFO  f.i.s.r.p.i.ProjectInspector - CheckoutPatchedBuildCandidate.........................NOT RUN         
11:42:10.565 [main] INFO  f.i.s.r.p.i.ProjectInspector - BuildProjectPatchedBuildCandidate.....................NOT RUN         
11:42:10.565 [main] INFO  f.i.s.r.p.i.ProjectInspector - TestProjectPatchedBuildCandidate......................NOT RUN         
11:42:10.565 [main] INFO  f.i.s.r.p.i.ProjectInspector - GatherTestInformationPatchedBuildCandidate............NOT RUN         
11:42:10.565 [main] INFO  f.i.s.r.p.i.ProjectInspector - CommitPatch...........................................NOT RUN         
11:42:10.565 [main] INFO  f.i.s.r.p.i.ProjectInspector - WritePropertyFile.....................................NOT RUN         
11:42:10.565 [main] INFO  f.i.s.r.p.i.ProjectInspector - CommitProcessEnd......................................NOT RUN         
11:42:10.565 [main] INFO  f.i.s.r.p.i.ProjectInspector - PushProcessEnd........................................NOT RUN         
11:42:10.566 [main] INFO  f.i.s.r.p.i.ProjectInspector - ----------------------------------------------------------------------
11:42:10.566 [main] INFO  f.i.s.r.p.i.ProjectInspector - PIPELINE FINDING: BUILDNOTCHECKEDOUT
11:42:10.566 [main] INFO  f.i.s.r.p.i.ProjectInspector - ----------------------------------------------------------------------
11:42:10.566 [main] INFO  f.i.s.repairnator.pipeline.Launcher - Inspector is finished. The process will exit now.
