14:21:11.565 [main] INFO  f.i.s.repairnator.pipeline.Launcher - PIPELINE VERSION: 3.0-2018-08-09 19:04
14:21:11.818 [main] INFO  f.i.s.repairnator.pipeline.Launcher - The pipeline will try to reproduce a bug from build 353292562 and its corresponding patch from build 353420125
14:21:11.819 [main] INFO  f.i.s.repairnator.pipeline.Launcher - Initialize file serializer engines.
14:21:11.821 [main] INFO  f.i.s.repairnator.pipeline.Launcher - MongoDB won't be used for serialization.
14:21:11.821 [main] INFO  f.i.s.repairnator.pipeline.Launcher - The email notifier engine won't be used.
14:21:11.825 [main] INFO  f.i.s.repairnator.pipeline.Launcher - Start by getting the build (buildId: 353292562) with the following config: RepairnatorConfig{runId='4c745e6f-5453-4a37-b2b3-14647c2331ea_03-18-week2-PASSING_AND_PASSING', launcherMode=BEARS, serializeJson=true, inputPath='null', outputPath='/var/log', mongodbHost='null', mongodbName='repairnator', smtpServer='null', notifyTo=[], notifyEndProcess=false, push=true, pushRemoteRepo='https://github.com/fermadeiral/bears-collection-pp', fork=false, lookFromDate=null, lookToDate=null, buildId=353292562, z3solverPath='./z3_for_linux', workspacePath='./workspace', githubToken='c8a341a903[...]', dockerImageName='null', skipDelete=false, createOutputDir=false, logDirectory='null', nbThreads=0, globalTimeout=0, whiteList=null, blackList=null, jobSleepTime=0, buildSleepTime=0, maxInspectedBuilds=0, duration=null, humanPatch=false, repository='null', clean=true, bearsMode=BOTH, bearsDelimiter = false, repairTools=NopolAllTests,NPEFix,AssertFixer,AstorJGenProg,AstorJKali,NopolSingleTest,AstorJMut,NopolTestExclusionStrategy, githubUserName= fermadeiral, githubUserEmail=fer.madeiral@gmail.com}
14:21:13.158 [main] DEBUG fr.inria.jtravis.helpers.BuildHelper - Get request to :https://api.travis-ci.org/build/353292562 done after 800 ms
14:21:13.455 [main] DEBUG fr.inria.jtravis.helpers.BuildHelper - Get request to :https://api.travis-ci.org/build/353420125 done after 160 ms
14:21:13.473 [main] INFO  f.i.s.repairnator.pipeline.Launcher - The patched build (353420125) was successfully retrieved from Travis.
14:21:14.833 [main] INFO  fr.inria.jtravis.JTravis - GitHub ratelimit: Limit: 5000 Remaining: 4757 Reset hour: 19:32:25
14:21:15.110 [main] INFO  f.i.s.r.p.i.ProjectInspector - ----------------------------------------------------------------------
14:21:15.110 [main] INFO  f.i.s.r.p.i.ProjectInspector - PIPELINE STEPS
14:21:15.110 [main] INFO  f.i.s.r.p.i.ProjectInspector - ----------------------------------------------------------------------
14:21:15.110 [main] INFO  f.i.s.r.p.i.ProjectInspector - CloneRepository
14:21:15.110 [main] INFO  f.i.s.r.p.i.ProjectInspector - CheckoutPatchedBuildCandidate
14:21:15.111 [main] INFO  f.i.s.r.p.i.ProjectInspector - ComputeSourceDir
14:21:15.111 [main] INFO  f.i.s.r.p.i.ProjectInspector - ComputeTestDir
14:21:15.111 [main] INFO  f.i.s.r.p.i.ProjectInspector - CheckoutBuggyBuildCandidateSourceCode
14:21:15.111 [main] INFO  f.i.s.r.p.i.ProjectInspector - BuildProjectBuggyBuildCandidateSourceCode
14:21:15.111 [main] INFO  f.i.s.r.p.i.ProjectInspector - TestProjectBuggyBuildCandidateSourceCode
14:21:15.111 [main] INFO  f.i.s.r.p.i.ProjectInspector - GatherTestInformationBuggyBuildCandidateSourceCode
14:21:15.112 [main] INFO  f.i.s.r.p.i.ProjectInspector - CheckoutBuggyBuildTestCode
14:21:15.112 [main] INFO  f.i.s.r.p.i.ProjectInspector - InitRepoToPush
14:21:15.112 [main] INFO  f.i.s.r.p.i.ProjectInspector - ComputeClasspath
14:21:15.112 [main] INFO  f.i.s.r.p.i.ProjectInspector - ComputeModules
14:21:15.112 [main] INFO  f.i.s.r.p.i.ProjectInspector - CheckoutBuggyBuildCandidateSourceCode
14:21:15.112 [main] INFO  f.i.s.r.p.i.ProjectInspector - CommitChangedTests
14:21:15.112 [main] INFO  f.i.s.r.p.i.ProjectInspector - CheckoutPatchedBuildCandidate
14:21:15.113 [main] INFO  f.i.s.r.p.i.ProjectInspector - BuildProjectPatchedBuildCandidate
14:21:15.113 [main] INFO  f.i.s.r.p.i.ProjectInspector - TestProjectPatchedBuildCandidate
14:21:15.113 [main] INFO  f.i.s.r.p.i.ProjectInspector - GatherTestInformationPatchedBuildCandidate
14:21:15.113 [main] INFO  f.i.s.r.p.i.ProjectInspector - CommitPatch
14:21:15.113 [main] INFO  f.i.s.r.p.i.ProjectInspector - WritePropertyFile
14:21:15.113 [main] INFO  f.i.s.r.p.i.ProjectInspector - CommitProcessEnd
14:21:15.113 [main] INFO  f.i.s.r.p.i.ProjectInspector - PushProcessEnd
14:21:15.114 [main] DEBUG f.i.s.r.process.step.CloneRepository - ----------------------------------------------------------------------
14:21:15.114 [main] DEBUG f.i.s.r.process.step.CloneRepository - STEP 1/22: CloneRepository
14:21:15.114 [main] DEBUG f.i.s.r.process.step.CloneRepository - ----------------------------------------------------------------------
14:21:15.115 [main] DEBUG f.i.s.r.process.step.CloneRepository - Cloning repository SpoonLabs/nopol in the following directory: ./workspace/SpoonLabs/nopol/353292562
14:22:17.036 [main] DEBUG f.i.s.r.process.step.CloneRepository - STEP STATUS: [ CloneRepository : SUCCESS ]
14:22:17.036 [main] DEBUG f.i.s.r.process.step.CloneRepository - STEP DURATION: 61s
14:22:17.036 [main] DEBUG f.i.s.r.process.step.CloneRepository - EXECUTE NEXT STEP
14:22:17.037 [main] DEBUG f.i.s.r.p.s.c.CheckoutPatchedBuild - ----------------------------------------------------------------------
14:22:17.037 [main] DEBUG f.i.s.r.p.s.c.CheckoutPatchedBuild - STEP 2/22: CheckoutPatchedBuildCandidate
14:22:17.037 [main] DEBUG f.i.s.r.p.s.c.CheckoutPatchedBuild - ----------------------------------------------------------------------
14:22:17.038 [main] DEBUG f.i.s.r.p.s.c.CheckoutPatchedBuild - Checking out patched build candidate...
14:22:17.046 [main] DEBUG f.i.s.r.p.s.c.CheckoutPatchedBuild - Get commit b4a87a4e463234a2045807f00632aad7026273c1 for repo SpoonLabs/nopol
14:22:17.708 [main] INFO  f.i.s.r.process.git.GitHelper - Init git submodules.
14:22:17.759 [main] DEBUG f.i.s.r.p.s.c.CheckoutPatchedBuild - STEP STATUS: [ CheckoutPatchedBuildCandidate : SUCCESS ]
14:22:17.760 [main] DEBUG f.i.s.r.p.s.c.CheckoutPatchedBuild - STEP DURATION: 0s
14:22:17.760 [main] DEBUG f.i.s.r.p.s.c.CheckoutPatchedBuild - EXECUTE NEXT STEP
14:22:17.760 [main] DEBUG f.i.s.r.p.s.paths.ComputeSourceDir - ----------------------------------------------------------------------
14:22:17.760 [main] DEBUG f.i.s.r.p.s.paths.ComputeSourceDir - STEP 3/22: ComputeSourceDir
14:22:17.761 [main] DEBUG f.i.s.r.p.s.paths.ComputeSourceDir - ----------------------------------------------------------------------
14:22:17.761 [main] DEBUG f.i.s.r.p.s.paths.ComputeSourceDir - Computing the source directory ...
14:22:17.762 [main] DEBUG f.i.s.r.p.s.paths.ComputeSourceDir - The default source directory (/root/workspace/SpoonLabs/nopol/353292562/src/main/java) does not exist. Try to read pom.xml to get information.
14:22:17.762 [main] INFO  f.i.s.r.p.s.paths.ComputeSourceDir - The pom.xml file is not at the root of the repository. Start to search it in folders...
14:22:17.763 [main] INFO  f.i.s.r.p.s.paths.ComputeSourceDir - A pom.xml was found in the following directory: ./workspace/SpoonLabs/nopol/353292562/nopol
14:22:17.910 [main] ERROR f.i.s.r.process.maven.MavenHelper - Error while building complete model. The raw model will be used. Error message: 1 problem was encountered while building the effective model for fr.inria.gforge.spirals:nopol:0.2-SNAPSHOT
[ERROR] 'dependencies.dependency.systemPath' for com.sun:tools:jar must specify an absolute path but is ${java.home}/../lib/tools.jar @ 

14:22:17.936 [main] DEBUG f.i.s.r.p.s.paths.ComputeSourceDir - Build section does not exist in the following pom.xml: ./workspace/SpoonLabs/nopol/353292562/nopol/pom.xml. Continue to try to get source dir from all modules.
14:22:17.936 [main] ERROR f.i.s.r.p.s.paths.ComputeSourceDir - The source directory is not at default location or specified in build section from pom.xml, and no parent can be found.
14:22:17.937 [main] ERROR f.i.s.r.p.s.paths.ComputeSourceDir - Fail to find source directories.
14:22:17.937 [main] DEBUG f.i.s.r.p.s.paths.ComputeSourceDir - STEP STATUS: [ ComputeSourceDir : FAILURE ( SOURCEDIRNOTCOMPUTED ) ]
14:22:17.938 [main] DEBUG f.i.s.r.p.s.paths.ComputeSourceDir - STEP DURATION: 0s
14:22:17.938 [main] DEBUG f.i.s.r.p.s.paths.ComputeSourceDir - TERMINATE PIPELINE
14:22:17.938 [main] DEBUG f.i.s.r.p.s.paths.ComputeSourceDir - FINAL STEPS SKIPPED: The reproduction of the bug and/or the patch failed.
14:22:17.938 [main] INFO  f.i.s.r.p.s.paths.ComputeSourceDir - Serialize all data for the pair of builds 353292562, 353420125
14:22:18.275 [main] INFO  fr.inria.jtravis.JTravis - GitHub ratelimit: Limit: 5000 Remaining: 4752 Reset hour: 19:32:25
14:22:19.013 [main] INFO  f.i.s.r.p.i.ProjectInspector - ----------------------------------------------------------------------
14:22:19.013 [main] INFO  f.i.s.r.p.i.ProjectInspector - PIPELINE EXECUTION SUMMARY
14:22:19.013 [main] INFO  f.i.s.r.p.i.ProjectInspector - ----------------------------------------------------------------------
14:22:19.014 [main] INFO  f.i.s.r.p.i.ProjectInspector - CloneRepository.......................................SUCCESS [ 61 s ]
14:22:19.014 [main] INFO  f.i.s.r.p.i.ProjectInspector - CheckoutPatchedBuildCandidate.........................SUCCESS [  0 s ]
14:22:19.014 [main] INFO  f.i.s.r.p.i.ProjectInspector - ComputeSourceDir......................................FAILURE [  0 s ]
14:22:19.015 [main] INFO  f.i.s.r.p.i.ProjectInspector - ComputeTestDir........................................NOT RUN         
14:22:19.015 [main] INFO  f.i.s.r.p.i.ProjectInspector - CheckoutBuggyBuildCandidateSourceCode.................NOT RUN         
14:22:19.015 [main] INFO  f.i.s.r.p.i.ProjectInspector - BuildProjectBuggyBuildCandidateSourceCode.............NOT RUN         
14:22:19.015 [main] INFO  f.i.s.r.p.i.ProjectInspector - TestProjectBuggyBuildCandidateSourceCode..............NOT RUN         
14:22:19.015 [main] INFO  f.i.s.r.p.i.ProjectInspector - GatherTestInformationBuggyBuildCandidateSourceCode....NOT RUN         
14:22:19.016 [main] INFO  f.i.s.r.p.i.ProjectInspector - CheckoutBuggyBuildTestCode............................NOT RUN         
14:22:19.016 [main] INFO  f.i.s.r.p.i.ProjectInspector - InitRepoToPush........................................NOT RUN         
14:22:19.016 [main] INFO  f.i.s.r.p.i.ProjectInspector - ComputeClasspath......................................NOT RUN         
14:22:19.017 [main] INFO  f.i.s.r.p.i.ProjectInspector - ComputeModules........................................NOT RUN         
14:22:19.017 [main] INFO  f.i.s.r.p.i.ProjectInspector - CheckoutBuggyBuildCandidateSourceCode.................NOT RUN         
14:22:19.017 [main] INFO  f.i.s.r.p.i.ProjectInspector - CommitChangedTests....................................NOT RUN         
14:22:19.017 [main] INFO  f.i.s.r.p.i.ProjectInspector - CheckoutPatchedBuildCandidate.........................NOT RUN         
14:22:19.017 [main] INFO  f.i.s.r.p.i.ProjectInspector - BuildProjectPatchedBuildCandidate.....................NOT RUN         
14:22:19.018 [main] INFO  f.i.s.r.p.i.ProjectInspector - TestProjectPatchedBuildCandidate......................NOT RUN         
14:22:19.018 [main] INFO  f.i.s.r.p.i.ProjectInspector - GatherTestInformationPatchedBuildCandidate............NOT RUN         
14:22:19.018 [main] INFO  f.i.s.r.p.i.ProjectInspector - CommitPatch...........................................NOT RUN         
14:22:19.018 [main] INFO  f.i.s.r.p.i.ProjectInspector - WritePropertyFile.....................................NOT RUN         
14:22:19.018 [main] INFO  f.i.s.r.p.i.ProjectInspector - CommitProcessEnd......................................NOT RUN         
14:22:19.019 [main] INFO  f.i.s.r.p.i.ProjectInspector - PushProcessEnd........................................NOT RUN         
14:22:19.019 [main] INFO  f.i.s.r.p.i.ProjectInspector - ----------------------------------------------------------------------
14:22:19.019 [main] INFO  f.i.s.r.p.i.ProjectInspector - PIPELINE FINDING: SOURCEDIRNOTCOMPUTED
14:22:19.019 [main] INFO  f.i.s.r.p.i.ProjectInspector - ----------------------------------------------------------------------
14:22:19.020 [main] INFO  f.i.s.repairnator.pipeline.Launcher - Inspector is finished. The process will exit now.
