01:50:46.776 [main] INFO  f.i.s.repairnator.pipeline.Launcher - PIPELINE VERSION: 3.0-2018-08-09 19:04
01:50:46.941 [main] INFO  f.i.s.repairnator.pipeline.Launcher - The pipeline will try to reproduce a bug from build 352685175 and its corresponding patch from build 352698628
01:50:46.942 [main] INFO  f.i.s.repairnator.pipeline.Launcher - Initialize file serializer engines.
01:50:46.944 [main] INFO  f.i.s.repairnator.pipeline.Launcher - MongoDB won't be used for serialization.
01:50:46.944 [main] INFO  f.i.s.repairnator.pipeline.Launcher - The email notifier engine won't be used.
01:50:46.947 [main] INFO  f.i.s.repairnator.pipeline.Launcher - Start by getting the build (buildId: 352685175) with the following config: RepairnatorConfig{runId='4c745e6f-5453-4a37-b2b3-14647c2331ea_03-18-week2-PASSING_AND_PASSING', launcherMode=BEARS, serializeJson=true, inputPath='null', outputPath='/var/log', mongodbHost='null', mongodbName='repairnator', smtpServer='null', notifyTo=[], notifyEndProcess=false, push=true, pushRemoteRepo='https://github.com/fermadeiral/bears-collection-pp', fork=false, lookFromDate=null, lookToDate=null, buildId=352685175, z3solverPath='./z3_for_linux', workspacePath='./workspace', githubToken='c8a341a903[...]', dockerImageName='null', skipDelete=false, createOutputDir=false, logDirectory='null', nbThreads=0, globalTimeout=0, whiteList=null, blackList=null, jobSleepTime=0, buildSleepTime=0, maxInspectedBuilds=0, duration=null, humanPatch=false, repository='null', clean=true, bearsMode=BOTH, bearsDelimiter = false, repairTools=NopolAllTests,NPEFix,AssertFixer,AstorJGenProg,AstorJKali,NopolSingleTest,AstorJMut,NopolTestExclusionStrategy, githubUserName= fermadeiral, githubUserEmail=fer.madeiral@gmail.com}
01:50:48.720 [main] DEBUG fr.inria.jtravis.helpers.BuildHelper - Get request to :https://api.travis-ci.org/build/352685175 done after 1222 ms
01:50:49.048 [main] DEBUG fr.inria.jtravis.helpers.BuildHelper - Get request to :https://api.travis-ci.org/build/352698628 done after 149 ms
01:50:49.070 [main] INFO  f.i.s.repairnator.pipeline.Launcher - The patched build (352698628) was successfully retrieved from Travis.
01:50:50.620 [main] INFO  fr.inria.jtravis.JTravis - GitHub ratelimit: Limit: 5000 Remaining: 4897 Reset hour: 19:31:40
01:50:50.893 [main] INFO  f.i.s.r.p.i.ProjectInspector - ----------------------------------------------------------------------
01:50:50.893 [main] INFO  f.i.s.r.p.i.ProjectInspector - PIPELINE STEPS
01:50:50.893 [main] INFO  f.i.s.r.p.i.ProjectInspector - ----------------------------------------------------------------------
01:50:50.893 [main] INFO  f.i.s.r.p.i.ProjectInspector - CloneRepository
01:50:50.894 [main] INFO  f.i.s.r.p.i.ProjectInspector - CheckoutPatchedBuildCandidate
01:50:50.894 [main] INFO  f.i.s.r.p.i.ProjectInspector - ComputeSourceDir
01:50:50.894 [main] INFO  f.i.s.r.p.i.ProjectInspector - ComputeTestDir
01:50:50.894 [main] INFO  f.i.s.r.p.i.ProjectInspector - CheckoutBuggyBuildCandidateSourceCode
01:50:50.894 [main] INFO  f.i.s.r.p.i.ProjectInspector - BuildProjectBuggyBuildCandidateSourceCode
01:50:50.894 [main] INFO  f.i.s.r.p.i.ProjectInspector - TestProjectBuggyBuildCandidateSourceCode
01:50:50.894 [main] INFO  f.i.s.r.p.i.ProjectInspector - GatherTestInformationBuggyBuildCandidateSourceCode
01:50:50.895 [main] INFO  f.i.s.r.p.i.ProjectInspector - CheckoutBuggyBuildTestCode
01:50:50.895 [main] INFO  f.i.s.r.p.i.ProjectInspector - InitRepoToPush
01:50:50.895 [main] INFO  f.i.s.r.p.i.ProjectInspector - ComputeClasspath
01:50:50.895 [main] INFO  f.i.s.r.p.i.ProjectInspector - ComputeModules
01:50:50.895 [main] INFO  f.i.s.r.p.i.ProjectInspector - CheckoutBuggyBuildCandidateSourceCode
01:50:50.895 [main] INFO  f.i.s.r.p.i.ProjectInspector - CommitChangedTests
01:50:50.895 [main] INFO  f.i.s.r.p.i.ProjectInspector - CheckoutPatchedBuildCandidate
01:50:50.895 [main] INFO  f.i.s.r.p.i.ProjectInspector - BuildProjectPatchedBuildCandidate
01:50:50.896 [main] INFO  f.i.s.r.p.i.ProjectInspector - TestProjectPatchedBuildCandidate
01:50:50.896 [main] INFO  f.i.s.r.p.i.ProjectInspector - GatherTestInformationPatchedBuildCandidate
01:50:50.896 [main] INFO  f.i.s.r.p.i.ProjectInspector - CommitPatch
01:50:50.896 [main] INFO  f.i.s.r.p.i.ProjectInspector - WritePropertyFile
01:50:50.896 [main] INFO  f.i.s.r.p.i.ProjectInspector - CommitProcessEnd
01:50:50.896 [main] INFO  f.i.s.r.p.i.ProjectInspector - PushProcessEnd
01:50:50.897 [main] DEBUG f.i.s.r.process.step.CloneRepository - ----------------------------------------------------------------------
01:50:50.897 [main] DEBUG f.i.s.r.process.step.CloneRepository - STEP 1/22: CloneRepository
01:50:50.897 [main] DEBUG f.i.s.r.process.step.CloneRepository - ----------------------------------------------------------------------
01:50:50.897 [main] DEBUG f.i.s.r.process.step.CloneRepository - Cloning repository prestodb/presto in the following directory: ./workspace/prestodb/presto/352685175
01:51:38.211 [main] DEBUG f.i.s.r.process.step.CloneRepository - STEP STATUS: [ CloneRepository : SUCCESS ]
01:51:38.211 [main] DEBUG f.i.s.r.process.step.CloneRepository - STEP DURATION: 47s
01:51:38.212 [main] DEBUG f.i.s.r.process.step.CloneRepository - EXECUTE NEXT STEP
01:51:38.212 [main] DEBUG f.i.s.r.p.s.c.CheckoutPatchedBuild - ----------------------------------------------------------------------
01:51:38.212 [main] DEBUG f.i.s.r.p.s.c.CheckoutPatchedBuild - STEP 2/22: CheckoutPatchedBuildCandidate
01:51:38.212 [main] DEBUG f.i.s.r.p.s.c.CheckoutPatchedBuild - ----------------------------------------------------------------------
01:51:38.213 [main] DEBUG f.i.s.r.p.s.c.CheckoutPatchedBuild - Checking out patched build candidate...
01:51:38.525 [main] INFO  fr.inria.jtravis.JTravis - GitHub ratelimit: Limit: 5000 Remaining: 4896 Reset hour: 19:31:40
01:51:40.356 [main] DEBUG f.i.s.r.p.s.c.CheckoutPatchedBuild - Reproduce the PR for prestodb/presto by fetching remote branch and merging.
01:51:42.815 [main] ERROR f.i.s.r.p.s.c.CheckoutPatchedBuild - Error while testing commit: org.eclipse.jgit.errors.MissingObjectException: Missing unknown 95dd46614ee65e19ed4a0275d6bb0d9b5caf8a39
01:51:42.816 [main] ERROR f.i.s.r.p.s.c.CheckoutPatchedBuild - Commit head ref cannot be retrieved from the repository: 95dd46614ee65e19ed4a0275d6bb0d9b5caf8a39. Operation aborted.
01:51:42.816 [main] ERROR f.i.s.r.p.s.c.CheckoutPatchedBuild - Error while merging two commits to reproduce the PR.
01:51:42.817 [main] DEBUG f.i.s.r.p.s.c.CheckoutPatchedBuild - STEP STATUS: [ CheckoutPatchedBuildCandidate : FAILURE ( BUILDNOTCHECKEDOUT ) ]
01:51:42.817 [main] DEBUG f.i.s.r.p.s.c.CheckoutPatchedBuild - STEP DURATION: 4s
01:51:42.817 [main] DEBUG f.i.s.r.p.s.c.CheckoutPatchedBuild - TERMINATE PIPELINE
01:51:42.817 [main] DEBUG f.i.s.r.p.s.c.CheckoutPatchedBuild - FINAL STEPS SKIPPED: The reproduction of the bug and/or the patch failed.
01:51:42.818 [main] INFO  f.i.s.r.p.s.c.CheckoutPatchedBuild - Serialize all data for the pair of builds 352685175, 352698628
01:51:42.925 [main] INFO  fr.inria.jtravis.JTravis - GitHub ratelimit: Limit: 5000 Remaining: 4889 Reset hour: 19:31:40
01:51:44.098 [main] INFO  f.i.s.r.p.i.ProjectInspector - ----------------------------------------------------------------------
01:51:44.098 [main] INFO  f.i.s.r.p.i.ProjectInspector - PIPELINE EXECUTION SUMMARY
01:51:44.099 [main] INFO  f.i.s.r.p.i.ProjectInspector - ----------------------------------------------------------------------
01:51:44.099 [main] INFO  f.i.s.r.p.i.ProjectInspector - CloneRepository.......................................SUCCESS [ 47 s ]
01:51:44.099 [main] INFO  f.i.s.r.p.i.ProjectInspector - CheckoutPatchedBuildCandidate.........................FAILURE [  4 s ]
01:51:44.099 [main] INFO  f.i.s.r.p.i.ProjectInspector - ComputeSourceDir......................................NOT RUN         
01:51:44.099 [main] INFO  f.i.s.r.p.i.ProjectInspector - ComputeTestDir........................................NOT RUN         
01:51:44.099 [main] INFO  f.i.s.r.p.i.ProjectInspector - CheckoutBuggyBuildCandidateSourceCode.................NOT RUN         
01:51:44.099 [main] INFO  f.i.s.r.p.i.ProjectInspector - BuildProjectBuggyBuildCandidateSourceCode.............NOT RUN         
01:51:44.100 [main] INFO  f.i.s.r.p.i.ProjectInspector - TestProjectBuggyBuildCandidateSourceCode..............NOT RUN         
01:51:44.100 [main] INFO  f.i.s.r.p.i.ProjectInspector - GatherTestInformationBuggyBuildCandidateSourceCode....NOT RUN         
01:51:44.100 [main] INFO  f.i.s.r.p.i.ProjectInspector - CheckoutBuggyBuildTestCode............................NOT RUN         
01:51:44.100 [main] INFO  f.i.s.r.p.i.ProjectInspector - InitRepoToPush........................................NOT RUN         
01:51:44.100 [main] INFO  f.i.s.r.p.i.ProjectInspector - ComputeClasspath......................................NOT RUN         
01:51:44.100 [main] INFO  f.i.s.r.p.i.ProjectInspector - ComputeModules........................................NOT RUN         
01:51:44.100 [main] INFO  f.i.s.r.p.i.ProjectInspector - CheckoutBuggyBuildCandidateSourceCode.................NOT RUN         
01:51:44.100 [main] INFO  f.i.s.r.p.i.ProjectInspector - CommitChangedTests....................................NOT RUN         
01:51:44.100 [main] INFO  f.i.s.r.p.i.ProjectInspector - CheckoutPatchedBuildCandidate.........................NOT RUN         
01:51:44.101 [main] INFO  f.i.s.r.p.i.ProjectInspector - BuildProjectPatchedBuildCandidate.....................NOT RUN         
01:51:44.101 [main] INFO  f.i.s.r.p.i.ProjectInspector - TestProjectPatchedBuildCandidate......................NOT RUN         
01:51:44.101 [main] INFO  f.i.s.r.p.i.ProjectInspector - GatherTestInformationPatchedBuildCandidate............NOT RUN         
01:51:44.101 [main] INFO  f.i.s.r.p.i.ProjectInspector - CommitPatch...........................................NOT RUN         
01:51:44.101 [main] INFO  f.i.s.r.p.i.ProjectInspector - WritePropertyFile.....................................NOT RUN         
01:51:44.101 [main] INFO  f.i.s.r.p.i.ProjectInspector - CommitProcessEnd......................................NOT RUN         
01:51:44.101 [main] INFO  f.i.s.r.p.i.ProjectInspector - PushProcessEnd........................................NOT RUN         
01:51:44.102 [main] INFO  f.i.s.r.p.i.ProjectInspector - ----------------------------------------------------------------------
01:51:44.102 [main] INFO  f.i.s.r.p.i.ProjectInspector - PIPELINE FINDING: BUILDNOTCHECKEDOUT
01:51:44.102 [main] INFO  f.i.s.r.p.i.ProjectInspector - ----------------------------------------------------------------------
01:51:44.102 [main] INFO  f.i.s.repairnator.pipeline.Launcher - Inspector is finished. The process will exit now.
