01:56:42.164 [main] INFO  f.i.s.repairnator.pipeline.Launcher - PIPELINE VERSION: 3.0-2018-08-09 19:04
01:56:42.280 [main] INFO  f.i.s.repairnator.pipeline.Launcher - The pipeline will try to reproduce a bug from build 347415554 and its corresponding patch from build 352481581
01:56:42.280 [main] INFO  f.i.s.repairnator.pipeline.Launcher - Initialize file serializer engines.
01:56:42.281 [main] INFO  f.i.s.repairnator.pipeline.Launcher - MongoDB won't be used for serialization.
01:56:42.282 [main] INFO  f.i.s.repairnator.pipeline.Launcher - The email notifier engine won't be used.
01:56:42.285 [main] INFO  f.i.s.repairnator.pipeline.Launcher - Start by getting the build (buildId: 347415554) with the following config: RepairnatorConfig{runId='4c745e6f-5453-4a37-b2b3-14647c2331ea_03-18-week2-PASSING_AND_PASSING', launcherMode=BEARS, serializeJson=true, inputPath='null', outputPath='/var/log', mongodbHost='null', mongodbName='repairnator', smtpServer='null', notifyTo=[], notifyEndProcess=false, push=true, pushRemoteRepo='https://github.com/fermadeiral/bears-collection-pp', fork=false, lookFromDate=null, lookToDate=null, buildId=347415554, z3solverPath='./z3_for_linux', workspacePath='./workspace', githubToken='c8a341a903[...]', dockerImageName='null', skipDelete=false, createOutputDir=false, logDirectory='null', nbThreads=0, globalTimeout=0, whiteList=null, blackList=null, jobSleepTime=0, buildSleepTime=0, maxInspectedBuilds=0, duration=null, humanPatch=false, repository='null', clean=true, bearsMode=BOTH, bearsDelimiter = false, repairTools=NopolAllTests,NPEFix,AssertFixer,AstorJGenProg,AstorJKali,NopolSingleTest,AstorJMut,NopolTestExclusionStrategy, githubUserName= fermadeiral, githubUserEmail=fer.madeiral@gmail.com}
01:56:43.549 [main] DEBUG fr.inria.jtravis.helpers.BuildHelper - Get request to :https://api.travis-ci.org/build/347415554 done after 790 ms
01:56:43.767 [main] DEBUG fr.inria.jtravis.helpers.BuildHelper - Get request to :https://api.travis-ci.org/build/352481581 done after 129 ms
01:56:43.782 [main] INFO  f.i.s.repairnator.pipeline.Launcher - The patched build (352481581) was successfully retrieved from Travis.
01:56:44.777 [main] INFO  fr.inria.jtravis.JTravis - GitHub ratelimit: Limit: 5000 Remaining: 4966 Reset hour: 19:31:43
01:56:44.994 [main] INFO  f.i.s.r.p.i.ProjectInspector - ----------------------------------------------------------------------
01:56:44.995 [main] INFO  f.i.s.r.p.i.ProjectInspector - PIPELINE STEPS
01:56:44.995 [main] INFO  f.i.s.r.p.i.ProjectInspector - ----------------------------------------------------------------------
01:56:44.995 [main] INFO  f.i.s.r.p.i.ProjectInspector - CloneRepository
01:56:44.995 [main] INFO  f.i.s.r.p.i.ProjectInspector - CheckoutPatchedBuildCandidate
01:56:44.996 [main] INFO  f.i.s.r.p.i.ProjectInspector - ComputeSourceDir
01:56:44.996 [main] INFO  f.i.s.r.p.i.ProjectInspector - ComputeTestDir
01:56:44.996 [main] INFO  f.i.s.r.p.i.ProjectInspector - CheckoutBuggyBuildCandidateSourceCode
01:56:44.996 [main] INFO  f.i.s.r.p.i.ProjectInspector - BuildProjectBuggyBuildCandidateSourceCode
01:56:44.996 [main] INFO  f.i.s.r.p.i.ProjectInspector - TestProjectBuggyBuildCandidateSourceCode
01:56:44.996 [main] INFO  f.i.s.r.p.i.ProjectInspector - GatherTestInformationBuggyBuildCandidateSourceCode
01:56:44.996 [main] INFO  f.i.s.r.p.i.ProjectInspector - CheckoutBuggyBuildTestCode
01:56:44.996 [main] INFO  f.i.s.r.p.i.ProjectInspector - InitRepoToPush
01:56:44.997 [main] INFO  f.i.s.r.p.i.ProjectInspector - ComputeClasspath
01:56:44.997 [main] INFO  f.i.s.r.p.i.ProjectInspector - ComputeModules
01:56:44.997 [main] INFO  f.i.s.r.p.i.ProjectInspector - CheckoutBuggyBuildCandidateSourceCode
01:56:44.997 [main] INFO  f.i.s.r.p.i.ProjectInspector - CommitChangedTests
01:56:44.997 [main] INFO  f.i.s.r.p.i.ProjectInspector - CheckoutPatchedBuildCandidate
01:56:44.997 [main] INFO  f.i.s.r.p.i.ProjectInspector - BuildProjectPatchedBuildCandidate
01:56:44.997 [main] INFO  f.i.s.r.p.i.ProjectInspector - TestProjectPatchedBuildCandidate
01:56:44.997 [main] INFO  f.i.s.r.p.i.ProjectInspector - GatherTestInformationPatchedBuildCandidate
01:56:44.998 [main] INFO  f.i.s.r.p.i.ProjectInspector - CommitPatch
01:56:44.999 [main] INFO  f.i.s.r.p.i.ProjectInspector - WritePropertyFile
01:56:44.999 [main] INFO  f.i.s.r.p.i.ProjectInspector - CommitProcessEnd
01:56:44.999 [main] INFO  f.i.s.r.p.i.ProjectInspector - PushProcessEnd
01:56:44.999 [main] DEBUG f.i.s.r.process.step.CloneRepository - ----------------------------------------------------------------------
01:56:45.000 [main] DEBUG f.i.s.r.process.step.CloneRepository - STEP 1/22: CloneRepository
01:56:45.000 [main] DEBUG f.i.s.r.process.step.CloneRepository - ----------------------------------------------------------------------
01:56:45.000 [main] DEBUG f.i.s.r.process.step.CloneRepository - Cloning repository prestodb/presto in the following directory: ./workspace/prestodb/presto/347415554
01:57:29.559 [main] DEBUG f.i.s.r.process.step.CloneRepository - STEP STATUS: [ CloneRepository : SUCCESS ]
01:57:29.559 [main] DEBUG f.i.s.r.process.step.CloneRepository - STEP DURATION: 44s
01:57:29.559 [main] DEBUG f.i.s.r.process.step.CloneRepository - EXECUTE NEXT STEP
01:57:29.560 [main] DEBUG f.i.s.r.p.s.c.CheckoutPatchedBuild - ----------------------------------------------------------------------
01:57:29.560 [main] DEBUG f.i.s.r.p.s.c.CheckoutPatchedBuild - STEP 2/22: CheckoutPatchedBuildCandidate
01:57:29.560 [main] DEBUG f.i.s.r.p.s.c.CheckoutPatchedBuild - ----------------------------------------------------------------------
01:57:29.560 [main] DEBUG f.i.s.r.p.s.c.CheckoutPatchedBuild - Checking out patched build candidate...
01:57:29.937 [main] INFO  fr.inria.jtravis.JTravis - GitHub ratelimit: Limit: 5000 Remaining: 4956 Reset hour: 19:31:43
01:57:31.655 [main] DEBUG f.i.s.r.p.s.c.CheckoutPatchedBuild - Reproduce the PR for prestodb/presto by fetching remote branch and merging.
01:57:33.224 [main] ERROR f.i.s.r.p.s.c.CheckoutPatchedBuild - Error while testing commit: org.eclipse.jgit.errors.MissingObjectException: Missing unknown d0e82cf4f35d16a25d2fd6236b201d968d6d67f8
01:57:33.225 [main] ERROR f.i.s.r.p.s.c.CheckoutPatchedBuild - Commit head ref cannot be retrieved from the repository: d0e82cf4f35d16a25d2fd6236b201d968d6d67f8. Operation aborted.
01:57:33.225 [main] ERROR f.i.s.r.p.s.c.CheckoutPatchedBuild - Error while merging two commits to reproduce the PR.
01:57:33.226 [main] DEBUG f.i.s.r.p.s.c.CheckoutPatchedBuild - STEP STATUS: [ CheckoutPatchedBuildCandidate : FAILURE ( BUILDNOTCHECKEDOUT ) ]
01:57:33.226 [main] DEBUG f.i.s.r.p.s.c.CheckoutPatchedBuild - STEP DURATION: 3s
01:57:33.226 [main] DEBUG f.i.s.r.p.s.c.CheckoutPatchedBuild - TERMINATE PIPELINE
01:57:33.226 [main] DEBUG f.i.s.r.p.s.c.CheckoutPatchedBuild - FINAL STEPS SKIPPED: The reproduction of the bug and/or the patch failed.
01:57:33.227 [main] INFO  f.i.s.r.p.s.c.CheckoutPatchedBuild - Serialize all data for the pair of builds 347415554, 352481581
01:57:33.352 [main] INFO  fr.inria.jtravis.JTravis - GitHub ratelimit: Limit: 5000 Remaining: 4949 Reset hour: 19:31:43
01:57:34.563 [main] INFO  f.i.s.r.p.i.ProjectInspector - ----------------------------------------------------------------------
01:57:34.564 [main] INFO  f.i.s.r.p.i.ProjectInspector - PIPELINE EXECUTION SUMMARY
01:57:34.564 [main] INFO  f.i.s.r.p.i.ProjectInspector - ----------------------------------------------------------------------
01:57:34.564 [main] INFO  f.i.s.r.p.i.ProjectInspector - CloneRepository.......................................SUCCESS [ 44 s ]
01:57:34.564 [main] INFO  f.i.s.r.p.i.ProjectInspector - CheckoutPatchedBuildCandidate.........................FAILURE [  3 s ]
01:57:34.564 [main] INFO  f.i.s.r.p.i.ProjectInspector - ComputeSourceDir......................................NOT RUN         
01:57:34.564 [main] INFO  f.i.s.r.p.i.ProjectInspector - ComputeTestDir........................................NOT RUN         
01:57:34.565 [main] INFO  f.i.s.r.p.i.ProjectInspector - CheckoutBuggyBuildCandidateSourceCode.................NOT RUN         
01:57:34.565 [main] INFO  f.i.s.r.p.i.ProjectInspector - BuildProjectBuggyBuildCandidateSourceCode.............NOT RUN         
01:57:34.565 [main] INFO  f.i.s.r.p.i.ProjectInspector - TestProjectBuggyBuildCandidateSourceCode..............NOT RUN         
01:57:34.565 [main] INFO  f.i.s.r.p.i.ProjectInspector - GatherTestInformationBuggyBuildCandidateSourceCode....NOT RUN         
01:57:34.565 [main] INFO  f.i.s.r.p.i.ProjectInspector - CheckoutBuggyBuildTestCode............................NOT RUN         
01:57:34.565 [main] INFO  f.i.s.r.p.i.ProjectInspector - InitRepoToPush........................................NOT RUN         
01:57:34.565 [main] INFO  f.i.s.r.p.i.ProjectInspector - ComputeClasspath......................................NOT RUN         
01:57:34.565 [main] INFO  f.i.s.r.p.i.ProjectInspector - ComputeModules........................................NOT RUN         
01:57:34.566 [main] INFO  f.i.s.r.p.i.ProjectInspector - CheckoutBuggyBuildCandidateSourceCode.................NOT RUN         
01:57:34.566 [main] INFO  f.i.s.r.p.i.ProjectInspector - CommitChangedTests....................................NOT RUN         
01:57:34.566 [main] INFO  f.i.s.r.p.i.ProjectInspector - CheckoutPatchedBuildCandidate.........................NOT RUN         
01:57:34.566 [main] INFO  f.i.s.r.p.i.ProjectInspector - BuildProjectPatchedBuildCandidate.....................NOT RUN         
01:57:34.566 [main] INFO  f.i.s.r.p.i.ProjectInspector - TestProjectPatchedBuildCandidate......................NOT RUN         
01:57:34.566 [main] INFO  f.i.s.r.p.i.ProjectInspector - GatherTestInformationPatchedBuildCandidate............NOT RUN         
01:57:34.566 [main] INFO  f.i.s.r.p.i.ProjectInspector - CommitPatch...........................................NOT RUN         
01:57:34.566 [main] INFO  f.i.s.r.p.i.ProjectInspector - WritePropertyFile.....................................NOT RUN         
01:57:34.567 [main] INFO  f.i.s.r.p.i.ProjectInspector - CommitProcessEnd......................................NOT RUN         
01:57:34.567 [main] INFO  f.i.s.r.p.i.ProjectInspector - PushProcessEnd........................................NOT RUN         
01:57:34.567 [main] INFO  f.i.s.r.p.i.ProjectInspector - ----------------------------------------------------------------------
01:57:34.567 [main] INFO  f.i.s.r.p.i.ProjectInspector - PIPELINE FINDING: BUILDNOTCHECKEDOUT
01:57:34.567 [main] INFO  f.i.s.r.p.i.ProjectInspector - ----------------------------------------------------------------------
01:57:34.567 [main] INFO  f.i.s.repairnator.pipeline.Launcher - Inspector is finished. The process will exit now.
