01:44:56.928 [main] INFO  f.i.s.repairnator.pipeline.Launcher - PIPELINE VERSION: 3.0-2018-08-09 19:04
01:44:57.048 [main] INFO  f.i.s.repairnator.pipeline.Launcher - The pipeline will try to reproduce a bug from build 353082583 and its corresponding patch from build 353494336
01:44:57.048 [main] INFO  f.i.s.repairnator.pipeline.Launcher - Initialize file serializer engines.
01:44:57.050 [main] INFO  f.i.s.repairnator.pipeline.Launcher - MongoDB won't be used for serialization.
01:44:57.050 [main] INFO  f.i.s.repairnator.pipeline.Launcher - The email notifier engine won't be used.
01:44:57.053 [main] INFO  f.i.s.repairnator.pipeline.Launcher - Start by getting the build (buildId: 353082583) with the following config: RepairnatorConfig{runId='4c745e6f-5453-4a37-b2b3-14647c2331ea_03-18-week2-PASSING_AND_PASSING', launcherMode=BEARS, serializeJson=true, inputPath='null', outputPath='/var/log', mongodbHost='null', mongodbName='repairnator', smtpServer='null', notifyTo=[], notifyEndProcess=false, push=true, pushRemoteRepo='https://github.com/fermadeiral/bears-collection-pp', fork=false, lookFromDate=null, lookToDate=null, buildId=353082583, z3solverPath='./z3_for_linux', workspacePath='./workspace', githubToken='c8a341a903[...]', dockerImageName='null', skipDelete=false, createOutputDir=false, logDirectory='null', nbThreads=0, globalTimeout=0, whiteList=null, blackList=null, jobSleepTime=0, buildSleepTime=0, maxInspectedBuilds=0, duration=null, humanPatch=false, repository='null', clean=true, bearsMode=BOTH, bearsDelimiter = false, repairTools=NopolAllTests,NPEFix,AssertFixer,AstorJGenProg,AstorJKali,NopolSingleTest,AstorJMut,NopolTestExclusionStrategy, githubUserName= fermadeiral, githubUserEmail=fer.madeiral@gmail.com}
01:44:58.361 [main] DEBUG fr.inria.jtravis.helpers.BuildHelper - Get request to :https://api.travis-ci.org/build/353082583 done after 780 ms
01:44:58.595 [main] DEBUG fr.inria.jtravis.helpers.BuildHelper - Get request to :https://api.travis-ci.org/build/353494336 done after 132 ms
01:44:58.612 [main] INFO  f.i.s.repairnator.pipeline.Launcher - The patched build (353494336) was successfully retrieved from Travis.
01:44:59.666 [main] INFO  fr.inria.jtravis.JTravis - GitHub ratelimit: Limit: 5000 Remaining: 4977 Reset hour: 19:31:40
01:44:59.927 [main] INFO  f.i.s.r.p.i.ProjectInspector - ----------------------------------------------------------------------
01:44:59.928 [main] INFO  f.i.s.r.p.i.ProjectInspector - PIPELINE STEPS
01:44:59.928 [main] INFO  f.i.s.r.p.i.ProjectInspector - ----------------------------------------------------------------------
01:44:59.928 [main] INFO  f.i.s.r.p.i.ProjectInspector - CloneRepository
01:44:59.928 [main] INFO  f.i.s.r.p.i.ProjectInspector - CheckoutPatchedBuildCandidate
01:44:59.928 [main] INFO  f.i.s.r.p.i.ProjectInspector - ComputeSourceDir
01:44:59.928 [main] INFO  f.i.s.r.p.i.ProjectInspector - ComputeTestDir
01:44:59.928 [main] INFO  f.i.s.r.p.i.ProjectInspector - CheckoutBuggyBuildCandidateSourceCode
01:44:59.929 [main] INFO  f.i.s.r.p.i.ProjectInspector - BuildProjectBuggyBuildCandidateSourceCode
01:44:59.929 [main] INFO  f.i.s.r.p.i.ProjectInspector - TestProjectBuggyBuildCandidateSourceCode
01:44:59.929 [main] INFO  f.i.s.r.p.i.ProjectInspector - GatherTestInformationBuggyBuildCandidateSourceCode
01:44:59.929 [main] INFO  f.i.s.r.p.i.ProjectInspector - CheckoutBuggyBuildTestCode
01:44:59.929 [main] INFO  f.i.s.r.p.i.ProjectInspector - InitRepoToPush
01:44:59.929 [main] INFO  f.i.s.r.p.i.ProjectInspector - ComputeClasspath
01:44:59.929 [main] INFO  f.i.s.r.p.i.ProjectInspector - ComputeModules
01:44:59.930 [main] INFO  f.i.s.r.p.i.ProjectInspector - CheckoutBuggyBuildCandidateSourceCode
01:44:59.930 [main] INFO  f.i.s.r.p.i.ProjectInspector - CommitChangedTests
01:44:59.930 [main] INFO  f.i.s.r.p.i.ProjectInspector - CheckoutPatchedBuildCandidate
01:44:59.930 [main] INFO  f.i.s.r.p.i.ProjectInspector - BuildProjectPatchedBuildCandidate
01:44:59.930 [main] INFO  f.i.s.r.p.i.ProjectInspector - TestProjectPatchedBuildCandidate
01:44:59.930 [main] INFO  f.i.s.r.p.i.ProjectInspector - GatherTestInformationPatchedBuildCandidate
01:44:59.931 [main] INFO  f.i.s.r.p.i.ProjectInspector - CommitPatch
01:44:59.931 [main] INFO  f.i.s.r.p.i.ProjectInspector - WritePropertyFile
01:44:59.931 [main] INFO  f.i.s.r.p.i.ProjectInspector - CommitProcessEnd
01:44:59.931 [main] INFO  f.i.s.r.p.i.ProjectInspector - PushProcessEnd
01:44:59.932 [main] DEBUG f.i.s.r.process.step.CloneRepository - ----------------------------------------------------------------------
01:44:59.932 [main] DEBUG f.i.s.r.process.step.CloneRepository - STEP 1/22: CloneRepository
01:44:59.932 [main] DEBUG f.i.s.r.process.step.CloneRepository - ----------------------------------------------------------------------
01:44:59.932 [main] DEBUG f.i.s.r.process.step.CloneRepository - Cloning repository prestodb/presto in the following directory: ./workspace/prestodb/presto/353082583
01:45:44.245 [main] DEBUG f.i.s.r.process.step.CloneRepository - STEP STATUS: [ CloneRepository : SUCCESS ]
01:45:44.245 [main] DEBUG f.i.s.r.process.step.CloneRepository - STEP DURATION: 44s
01:45:44.245 [main] DEBUG f.i.s.r.process.step.CloneRepository - EXECUTE NEXT STEP
01:45:44.246 [main] DEBUG f.i.s.r.p.s.c.CheckoutPatchedBuild - ----------------------------------------------------------------------
01:45:44.246 [main] DEBUG f.i.s.r.p.s.c.CheckoutPatchedBuild - STEP 2/22: CheckoutPatchedBuildCandidate
01:45:44.246 [main] DEBUG f.i.s.r.p.s.c.CheckoutPatchedBuild - ----------------------------------------------------------------------
01:45:44.246 [main] DEBUG f.i.s.r.p.s.c.CheckoutPatchedBuild - Checking out patched build candidate...
01:45:44.592 [main] INFO  fr.inria.jtravis.JTravis - GitHub ratelimit: Limit: 5000 Remaining: 4953 Reset hour: 19:31:40
01:45:46.977 [main] DEBUG f.i.s.r.p.s.c.CheckoutPatchedBuild - Reproduce the PR for prestodb/presto by fetching remote branch and merging.
01:45:48.651 [main] ERROR f.i.s.r.p.s.c.CheckoutPatchedBuild - Error while testing commit: org.eclipse.jgit.errors.MissingObjectException: Missing unknown 645b8c295f506813a11e2e4b23f226a64219efa5
01:45:48.653 [main] ERROR f.i.s.r.p.s.c.CheckoutPatchedBuild - Commit head ref cannot be retrieved from the repository: 645b8c295f506813a11e2e4b23f226a64219efa5. Operation aborted.
01:45:48.653 [main] ERROR f.i.s.r.p.s.c.CheckoutPatchedBuild - Error while merging two commits to reproduce the PR.
01:45:48.654 [main] DEBUG f.i.s.r.p.s.c.CheckoutPatchedBuild - STEP STATUS: [ CheckoutPatchedBuildCandidate : FAILURE ( BUILDNOTCHECKEDOUT ) ]
01:45:48.654 [main] DEBUG f.i.s.r.p.s.c.CheckoutPatchedBuild - STEP DURATION: 4s
01:45:48.655 [main] DEBUG f.i.s.r.p.s.c.CheckoutPatchedBuild - TERMINATE PIPELINE
01:45:48.655 [main] DEBUG f.i.s.r.p.s.c.CheckoutPatchedBuild - FINAL STEPS SKIPPED: The reproduction of the bug and/or the patch failed.
01:45:48.655 [main] INFO  f.i.s.r.p.s.c.CheckoutPatchedBuild - Serialize all data for the pair of builds 353082583, 353494336
01:45:48.775 [main] INFO  fr.inria.jtravis.JTravis - GitHub ratelimit: Limit: 5000 Remaining: 4944 Reset hour: 19:31:40
01:45:50.016 [main] INFO  f.i.s.r.p.i.ProjectInspector - ----------------------------------------------------------------------
01:45:50.017 [main] INFO  f.i.s.r.p.i.ProjectInspector - PIPELINE EXECUTION SUMMARY
01:45:50.017 [main] INFO  f.i.s.r.p.i.ProjectInspector - ----------------------------------------------------------------------
01:45:50.017 [main] INFO  f.i.s.r.p.i.ProjectInspector - CloneRepository.......................................SUCCESS [ 44 s ]
01:45:50.018 [main] INFO  f.i.s.r.p.i.ProjectInspector - CheckoutPatchedBuildCandidate.........................FAILURE [  4 s ]
01:45:50.018 [main] INFO  f.i.s.r.p.i.ProjectInspector - ComputeSourceDir......................................NOT RUN         
01:45:50.018 [main] INFO  f.i.s.r.p.i.ProjectInspector - ComputeTestDir........................................NOT RUN         
01:45:50.018 [main] INFO  f.i.s.r.p.i.ProjectInspector - CheckoutBuggyBuildCandidateSourceCode.................NOT RUN         
01:45:50.018 [main] INFO  f.i.s.r.p.i.ProjectInspector - BuildProjectBuggyBuildCandidateSourceCode.............NOT RUN         
01:45:50.018 [main] INFO  f.i.s.r.p.i.ProjectInspector - TestProjectBuggyBuildCandidateSourceCode..............NOT RUN         
01:45:50.019 [main] INFO  f.i.s.r.p.i.ProjectInspector - GatherTestInformationBuggyBuildCandidateSourceCode....NOT RUN         
01:45:50.019 [main] INFO  f.i.s.r.p.i.ProjectInspector - CheckoutBuggyBuildTestCode............................NOT RUN         
01:45:50.019 [main] INFO  f.i.s.r.p.i.ProjectInspector - InitRepoToPush........................................NOT RUN         
01:45:50.019 [main] INFO  f.i.s.r.p.i.ProjectInspector - ComputeClasspath......................................NOT RUN         
01:45:50.019 [main] INFO  f.i.s.r.p.i.ProjectInspector - ComputeModules........................................NOT RUN         
01:45:50.019 [main] INFO  f.i.s.r.p.i.ProjectInspector - CheckoutBuggyBuildCandidateSourceCode.................NOT RUN         
01:45:50.020 [main] INFO  f.i.s.r.p.i.ProjectInspector - CommitChangedTests....................................NOT RUN         
01:45:50.020 [main] INFO  f.i.s.r.p.i.ProjectInspector - CheckoutPatchedBuildCandidate.........................NOT RUN         
01:45:50.020 [main] INFO  f.i.s.r.p.i.ProjectInspector - BuildProjectPatchedBuildCandidate.....................NOT RUN         
01:45:50.020 [main] INFO  f.i.s.r.p.i.ProjectInspector - TestProjectPatchedBuildCandidate......................NOT RUN         
01:45:50.020 [main] INFO  f.i.s.r.p.i.ProjectInspector - GatherTestInformationPatchedBuildCandidate............NOT RUN         
01:45:50.020 [main] INFO  f.i.s.r.p.i.ProjectInspector - CommitPatch...........................................NOT RUN         
01:45:50.020 [main] INFO  f.i.s.r.p.i.ProjectInspector - WritePropertyFile.....................................NOT RUN         
01:45:50.021 [main] INFO  f.i.s.r.p.i.ProjectInspector - CommitProcessEnd......................................NOT RUN         
01:45:50.021 [main] INFO  f.i.s.r.p.i.ProjectInspector - PushProcessEnd........................................NOT RUN         
01:45:50.021 [main] INFO  f.i.s.r.p.i.ProjectInspector - ----------------------------------------------------------------------
01:45:50.021 [main] INFO  f.i.s.r.p.i.ProjectInspector - PIPELINE FINDING: BUILDNOTCHECKEDOUT
01:45:50.021 [main] INFO  f.i.s.r.p.i.ProjectInspector - ----------------------------------------------------------------------
01:45:50.021 [main] INFO  f.i.s.repairnator.pipeline.Launcher - Inspector is finished. The process will exit now.
