05:28:14.180 [main] INFO  f.i.s.repairnator.pipeline.Launcher - PIPELINE VERSION: 3.0-2018-08-09 19:04
05:28:14.341 [main] INFO  f.i.s.repairnator.pipeline.Launcher - The pipeline will try to reproduce a bug from build 351824598 and its corresponding patch from build 351824770
05:28:14.342 [main] INFO  f.i.s.repairnator.pipeline.Launcher - Initialize file serializer engines.
05:28:14.344 [main] INFO  f.i.s.repairnator.pipeline.Launcher - MongoDB won't be used for serialization.
05:28:14.345 [main] INFO  f.i.s.repairnator.pipeline.Launcher - The email notifier engine won't be used.
05:28:14.349 [main] INFO  f.i.s.repairnator.pipeline.Launcher - Start by getting the build (buildId: 351824598) with the following config: RepairnatorConfig{runId='4c745e6f-5453-4a37-b2b3-14647c2331ea_03-18-week2-PASSING_AND_PASSING', launcherMode=BEARS, serializeJson=true, inputPath='null', outputPath='/var/log', mongodbHost='null', mongodbName='repairnator', smtpServer='null', notifyTo=[], notifyEndProcess=false, push=true, pushRemoteRepo='https://github.com/fermadeiral/bears-collection-pp', fork=false, lookFromDate=null, lookToDate=null, buildId=351824598, z3solverPath='./z3_for_linux', workspacePath='./workspace', githubToken='c8a341a903[...]', dockerImageName='null', skipDelete=false, createOutputDir=false, logDirectory='null', nbThreads=0, globalTimeout=0, whiteList=null, blackList=null, jobSleepTime=0, buildSleepTime=0, maxInspectedBuilds=0, duration=null, humanPatch=false, repository='null', clean=true, bearsMode=BOTH, bearsDelimiter = false, repairTools=NopolAllTests,NPEFix,AssertFixer,AstorJGenProg,AstorJKali,NopolSingleTest,AstorJMut,NopolTestExclusionStrategy, githubUserName= fermadeiral, githubUserEmail=fer.madeiral@gmail.com}
05:28:15.877 [main] DEBUG fr.inria.jtravis.helpers.BuildHelper - Get request to :https://api.travis-ci.org/build/351824598 done after 864 ms
05:28:16.160 [main] DEBUG fr.inria.jtravis.helpers.BuildHelper - Get request to :https://api.travis-ci.org/build/351824770 done after 137 ms
05:28:16.189 [main] INFO  f.i.s.repairnator.pipeline.Launcher - The patched build (351824770) was successfully retrieved from Travis.
05:28:17.688 [main] INFO  fr.inria.jtravis.JTravis - GitHub ratelimit: Limit: 5000 Remaining: 4653 Reset hour: 19:31:55
05:28:18.014 [main] INFO  f.i.s.r.p.i.ProjectInspector - ----------------------------------------------------------------------
05:28:18.014 [main] INFO  f.i.s.r.p.i.ProjectInspector - PIPELINE STEPS
05:28:18.015 [main] INFO  f.i.s.r.p.i.ProjectInspector - ----------------------------------------------------------------------
05:28:18.015 [main] INFO  f.i.s.r.p.i.ProjectInspector - CloneRepository
05:28:18.015 [main] INFO  f.i.s.r.p.i.ProjectInspector - CheckoutPatchedBuildCandidate
05:28:18.016 [main] INFO  f.i.s.r.p.i.ProjectInspector - ComputeSourceDir
05:28:18.016 [main] INFO  f.i.s.r.p.i.ProjectInspector - ComputeTestDir
05:28:18.016 [main] INFO  f.i.s.r.p.i.ProjectInspector - CheckoutBuggyBuildCandidateSourceCode
05:28:18.016 [main] INFO  f.i.s.r.p.i.ProjectInspector - BuildProjectBuggyBuildCandidateSourceCode
05:28:18.017 [main] INFO  f.i.s.r.p.i.ProjectInspector - TestProjectBuggyBuildCandidateSourceCode
05:28:18.017 [main] INFO  f.i.s.r.p.i.ProjectInspector - GatherTestInformationBuggyBuildCandidateSourceCode
05:28:18.017 [main] INFO  f.i.s.r.p.i.ProjectInspector - CheckoutBuggyBuildTestCode
05:28:18.017 [main] INFO  f.i.s.r.p.i.ProjectInspector - InitRepoToPush
05:28:18.018 [main] INFO  f.i.s.r.p.i.ProjectInspector - ComputeClasspath
05:28:18.018 [main] INFO  f.i.s.r.p.i.ProjectInspector - ComputeModules
05:28:18.018 [main] INFO  f.i.s.r.p.i.ProjectInspector - CheckoutBuggyBuildCandidateSourceCode
05:28:18.018 [main] INFO  f.i.s.r.p.i.ProjectInspector - CommitChangedTests
05:28:18.019 [main] INFO  f.i.s.r.p.i.ProjectInspector - CheckoutPatchedBuildCandidate
05:28:18.019 [main] INFO  f.i.s.r.p.i.ProjectInspector - BuildProjectPatchedBuildCandidate
05:28:18.020 [main] INFO  f.i.s.r.p.i.ProjectInspector - TestProjectPatchedBuildCandidate
05:28:18.020 [main] INFO  f.i.s.r.p.i.ProjectInspector - GatherTestInformationPatchedBuildCandidate
05:28:18.020 [main] INFO  f.i.s.r.p.i.ProjectInspector - CommitPatch
05:28:18.020 [main] INFO  f.i.s.r.p.i.ProjectInspector - WritePropertyFile
05:28:18.021 [main] INFO  f.i.s.r.p.i.ProjectInspector - CommitProcessEnd
05:28:18.021 [main] INFO  f.i.s.r.p.i.ProjectInspector - PushProcessEnd
05:28:18.022 [main] DEBUG f.i.s.r.process.step.CloneRepository - ----------------------------------------------------------------------
05:28:18.022 [main] DEBUG f.i.s.r.process.step.CloneRepository - STEP 1/22: CloneRepository
05:28:18.023 [main] DEBUG f.i.s.r.process.step.CloneRepository - ----------------------------------------------------------------------
05:28:18.024 [main] DEBUG f.i.s.r.process.step.CloneRepository - Cloning repository runelite/runelite in the following directory: ./workspace/runelite/runelite/351824598
05:28:30.160 [main] DEBUG f.i.s.r.process.step.CloneRepository - STEP STATUS: [ CloneRepository : SUCCESS ]
05:28:30.161 [main] DEBUG f.i.s.r.process.step.CloneRepository - STEP DURATION: 12s
05:28:30.161 [main] DEBUG f.i.s.r.process.step.CloneRepository - EXECUTE NEXT STEP
05:28:30.161 [main] DEBUG f.i.s.r.p.s.c.CheckoutPatchedBuild - ----------------------------------------------------------------------
05:28:30.162 [main] DEBUG f.i.s.r.p.s.c.CheckoutPatchedBuild - STEP 2/22: CheckoutPatchedBuildCandidate
05:28:30.162 [main] DEBUG f.i.s.r.p.s.c.CheckoutPatchedBuild - ----------------------------------------------------------------------
05:28:30.162 [main] DEBUG f.i.s.r.p.s.c.CheckoutPatchedBuild - Checking out patched build candidate...
05:28:30.510 [main] INFO  fr.inria.jtravis.JTravis - GitHub ratelimit: Limit: 5000 Remaining: 4641 Reset hour: 19:31:55
05:28:32.559 [main] DEBUG f.i.s.r.p.s.c.CheckoutPatchedBuild - Reproduce the PR for runelite/runelite by fetching remote branch and merging.
05:28:34.129 [main] ERROR f.i.s.r.p.s.c.CheckoutPatchedBuild - Error while testing commit: org.eclipse.jgit.errors.MissingObjectException: Missing unknown eb0626a64c3f0a0db65f3dac6f6483209f44245f
05:28:34.131 [main] ERROR f.i.s.r.p.s.c.CheckoutPatchedBuild - Error while testing commit: org.eclipse.jgit.errors.MissingObjectException: Missing unknown 7d61a2820fe2f8bc0ee85c8fa6c1ba268e639c02
05:28:34.132 [main] ERROR f.i.s.r.p.s.c.CheckoutPatchedBuild - Commit head ref cannot be retrieved from the repository: eb0626a64c3f0a0db65f3dac6f6483209f44245f. Operation aborted.
05:28:34.132 [main] ERROR f.i.s.r.p.s.c.CheckoutPatchedBuild - Error while merging two commits to reproduce the PR.
05:28:34.143 [main] DEBUG f.i.s.r.p.s.c.CheckoutPatchedBuild - STEP STATUS: [ CheckoutPatchedBuildCandidate : FAILURE ( BUILDNOTCHECKEDOUT ) ]
05:28:34.144 [main] DEBUG f.i.s.r.p.s.c.CheckoutPatchedBuild - STEP DURATION: 3s
05:28:34.144 [main] DEBUG f.i.s.r.p.s.c.CheckoutPatchedBuild - TERMINATE PIPELINE
05:28:34.145 [main] DEBUG f.i.s.r.p.s.c.CheckoutPatchedBuild - FINAL STEPS SKIPPED: The reproduction of the bug and/or the patch failed.
05:28:34.146 [main] INFO  f.i.s.r.p.s.c.CheckoutPatchedBuild - Serialize all data for the pair of builds 351824598, 351824770
05:28:34.272 [main] INFO  fr.inria.jtravis.JTravis - GitHub ratelimit: Limit: 5000 Remaining: 4634 Reset hour: 19:31:55
05:28:34.905 [main] INFO  f.i.s.r.p.i.ProjectInspector - ----------------------------------------------------------------------
05:28:34.906 [main] INFO  f.i.s.r.p.i.ProjectInspector - PIPELINE EXECUTION SUMMARY
05:28:34.906 [main] INFO  f.i.s.r.p.i.ProjectInspector - ----------------------------------------------------------------------
05:28:34.907 [main] INFO  f.i.s.r.p.i.ProjectInspector - CloneRepository.......................................SUCCESS [ 12 s ]
05:28:34.907 [main] INFO  f.i.s.r.p.i.ProjectInspector - CheckoutPatchedBuildCandidate.........................FAILURE [  3 s ]
05:28:34.907 [main] INFO  f.i.s.r.p.i.ProjectInspector - ComputeSourceDir......................................NOT RUN         
05:28:34.908 [main] INFO  f.i.s.r.p.i.ProjectInspector - ComputeTestDir........................................NOT RUN         
05:28:34.908 [main] INFO  f.i.s.r.p.i.ProjectInspector - CheckoutBuggyBuildCandidateSourceCode.................NOT RUN         
05:28:34.908 [main] INFO  f.i.s.r.p.i.ProjectInspector - BuildProjectBuggyBuildCandidateSourceCode.............NOT RUN         
05:28:34.908 [main] INFO  f.i.s.r.p.i.ProjectInspector - TestProjectBuggyBuildCandidateSourceCode..............NOT RUN         
05:28:34.909 [main] INFO  f.i.s.r.p.i.ProjectInspector - GatherTestInformationBuggyBuildCandidateSourceCode....NOT RUN         
05:28:34.909 [main] INFO  f.i.s.r.p.i.ProjectInspector - CheckoutBuggyBuildTestCode............................NOT RUN         
05:28:34.909 [main] INFO  f.i.s.r.p.i.ProjectInspector - InitRepoToPush........................................NOT RUN         
05:28:34.909 [main] INFO  f.i.s.r.p.i.ProjectInspector - ComputeClasspath......................................NOT RUN         
05:28:34.909 [main] INFO  f.i.s.r.p.i.ProjectInspector - ComputeModules........................................NOT RUN         
05:28:34.910 [main] INFO  f.i.s.r.p.i.ProjectInspector - CheckoutBuggyBuildCandidateSourceCode.................NOT RUN         
05:28:34.910 [main] INFO  f.i.s.r.p.i.ProjectInspector - CommitChangedTests....................................NOT RUN         
05:28:34.910 [main] INFO  f.i.s.r.p.i.ProjectInspector - CheckoutPatchedBuildCandidate.........................NOT RUN         
05:28:34.911 [main] INFO  f.i.s.r.p.i.ProjectInspector - BuildProjectPatchedBuildCandidate.....................NOT RUN         
05:28:34.911 [main] INFO  f.i.s.r.p.i.ProjectInspector - TestProjectPatchedBuildCandidate......................NOT RUN         
05:28:34.911 [main] INFO  f.i.s.r.p.i.ProjectInspector - GatherTestInformationPatchedBuildCandidate............NOT RUN         
05:28:34.911 [main] INFO  f.i.s.r.p.i.ProjectInspector - CommitPatch...........................................NOT RUN         
05:28:34.911 [main] INFO  f.i.s.r.p.i.ProjectInspector - WritePropertyFile.....................................NOT RUN         
05:28:34.912 [main] INFO  f.i.s.r.p.i.ProjectInspector - CommitProcessEnd......................................NOT RUN         
05:28:34.912 [main] INFO  f.i.s.r.p.i.ProjectInspector - PushProcessEnd........................................NOT RUN         
05:28:34.912 [main] INFO  f.i.s.r.p.i.ProjectInspector - ----------------------------------------------------------------------
05:28:34.912 [main] INFO  f.i.s.r.p.i.ProjectInspector - PIPELINE FINDING: BUILDNOTCHECKEDOUT
05:28:34.913 [main] INFO  f.i.s.r.p.i.ProjectInspector - ----------------------------------------------------------------------
05:28:34.913 [main] INFO  f.i.s.repairnator.pipeline.Launcher - Inspector is finished. The process will exit now.
