10:13:24.231 [main] INFO  f.i.s.repairnator.pipeline.Launcher - PIPELINE VERSION: 3.0-2018-08-09 19:04
10:13:24.398 [main] INFO  f.i.s.repairnator.pipeline.Launcher - The pipeline will try to reproduce a bug from build 352647136 and its corresponding patch from build 352649953
10:13:24.398 [main] INFO  f.i.s.repairnator.pipeline.Launcher - Initialize file serializer engines.
10:13:24.400 [main] INFO  f.i.s.repairnator.pipeline.Launcher - MongoDB won't be used for serialization.
10:13:24.400 [main] INFO  f.i.s.repairnator.pipeline.Launcher - The email notifier engine won't be used.
10:13:24.408 [main] INFO  f.i.s.repairnator.pipeline.Launcher - Start by getting the build (buildId: 352647136) with the following config: RepairnatorConfig{runId='4c745e6f-5453-4a37-b2b3-14647c2331ea_03-18-week2-PASSING_AND_PASSING', launcherMode=BEARS, serializeJson=true, inputPath='null', outputPath='/var/log', mongodbHost='null', mongodbName='repairnator', smtpServer='null', notifyTo=[], notifyEndProcess=false, push=true, pushRemoteRepo='https://github.com/fermadeiral/bears-collection-pp', fork=false, lookFromDate=null, lookToDate=null, buildId=352647136, z3solverPath='./z3_for_linux', workspacePath='./workspace', githubToken='c8a341a903[...]', dockerImageName='null', skipDelete=false, createOutputDir=false, logDirectory='null', nbThreads=0, globalTimeout=0, whiteList=null, blackList=null, jobSleepTime=0, buildSleepTime=0, maxInspectedBuilds=0, duration=null, humanPatch=false, repository='null', clean=true, bearsMode=BOTH, bearsDelimiter = false, repairTools=NopolAllTests,NPEFix,AssertFixer,AstorJGenProg,AstorJKali,NopolSingleTest,AstorJMut,NopolTestExclusionStrategy, githubUserName= fermadeiral, githubUserEmail=fer.madeiral@gmail.com}
10:13:25.750 [main] DEBUG fr.inria.jtravis.helpers.BuildHelper - Get request to :https://api.travis-ci.org/build/352647136 done after 872 ms
10:13:25.990 [main] DEBUG fr.inria.jtravis.helpers.BuildHelper - Get request to :https://api.travis-ci.org/build/352649953 done after 143 ms
10:13:26.014 [main] INFO  f.i.s.repairnator.pipeline.Launcher - The patched build (352649953) was successfully retrieved from Travis.
10:13:27.271 [main] INFO  fr.inria.jtravis.JTravis - GitHub ratelimit: Limit: 5000 Remaining: 4956 Reset hour: 19:32:12
10:13:27.621 [main] INFO  f.i.s.r.p.i.ProjectInspector - ----------------------------------------------------------------------
10:13:27.622 [main] INFO  f.i.s.r.p.i.ProjectInspector - PIPELINE STEPS
10:13:27.622 [main] INFO  f.i.s.r.p.i.ProjectInspector - ----------------------------------------------------------------------
10:13:27.622 [main] INFO  f.i.s.r.p.i.ProjectInspector - CloneRepository
10:13:27.623 [main] INFO  f.i.s.r.p.i.ProjectInspector - CheckoutPatchedBuildCandidate
10:13:27.623 [main] INFO  f.i.s.r.p.i.ProjectInspector - ComputeSourceDir
10:13:27.624 [main] INFO  f.i.s.r.p.i.ProjectInspector - ComputeTestDir
10:13:27.624 [main] INFO  f.i.s.r.p.i.ProjectInspector - CheckoutBuggyBuildCandidateSourceCode
10:13:27.624 [main] INFO  f.i.s.r.p.i.ProjectInspector - BuildProjectBuggyBuildCandidateSourceCode
10:13:27.624 [main] INFO  f.i.s.r.p.i.ProjectInspector - TestProjectBuggyBuildCandidateSourceCode
10:13:27.625 [main] INFO  f.i.s.r.p.i.ProjectInspector - GatherTestInformationBuggyBuildCandidateSourceCode
10:13:27.625 [main] INFO  f.i.s.r.p.i.ProjectInspector - CheckoutBuggyBuildTestCode
10:13:27.625 [main] INFO  f.i.s.r.p.i.ProjectInspector - InitRepoToPush
10:13:27.626 [main] INFO  f.i.s.r.p.i.ProjectInspector - ComputeClasspath
10:13:27.626 [main] INFO  f.i.s.r.p.i.ProjectInspector - ComputeModules
10:13:27.627 [main] INFO  f.i.s.r.p.i.ProjectInspector - CheckoutBuggyBuildCandidateSourceCode
10:13:27.627 [main] INFO  f.i.s.r.p.i.ProjectInspector - CommitChangedTests
10:13:27.627 [main] INFO  f.i.s.r.p.i.ProjectInspector - CheckoutPatchedBuildCandidate
10:13:27.628 [main] INFO  f.i.s.r.p.i.ProjectInspector - BuildProjectPatchedBuildCandidate
10:13:27.628 [main] INFO  f.i.s.r.p.i.ProjectInspector - TestProjectPatchedBuildCandidate
10:13:27.628 [main] INFO  f.i.s.r.p.i.ProjectInspector - GatherTestInformationPatchedBuildCandidate
10:13:27.629 [main] INFO  f.i.s.r.p.i.ProjectInspector - CommitPatch
10:13:27.629 [main] INFO  f.i.s.r.p.i.ProjectInspector - WritePropertyFile
10:13:27.629 [main] INFO  f.i.s.r.p.i.ProjectInspector - CommitProcessEnd
10:13:27.630 [main] INFO  f.i.s.r.p.i.ProjectInspector - PushProcessEnd
10:13:27.631 [main] DEBUG f.i.s.r.process.step.CloneRepository - ----------------------------------------------------------------------
10:13:27.631 [main] DEBUG f.i.s.r.process.step.CloneRepository - STEP 1/22: CloneRepository
10:13:27.632 [main] DEBUG f.i.s.r.process.step.CloneRepository - ----------------------------------------------------------------------
10:13:27.632 [main] DEBUG f.i.s.r.process.step.CloneRepository - Cloning repository apache/incubator-dubbo in the following directory: ./workspace/apache/incubator-dubbo/352647136
10:13:36.326 [main] DEBUG f.i.s.r.process.step.CloneRepository - STEP STATUS: [ CloneRepository : SUCCESS ]
10:13:36.326 [main] DEBUG f.i.s.r.process.step.CloneRepository - STEP DURATION: 8s
10:13:36.326 [main] DEBUG f.i.s.r.process.step.CloneRepository - EXECUTE NEXT STEP
10:13:36.327 [main] DEBUG f.i.s.r.p.s.c.CheckoutPatchedBuild - ----------------------------------------------------------------------
10:13:36.327 [main] DEBUG f.i.s.r.p.s.c.CheckoutPatchedBuild - STEP 2/22: CheckoutPatchedBuildCandidate
10:13:36.327 [main] DEBUG f.i.s.r.p.s.c.CheckoutPatchedBuild - ----------------------------------------------------------------------
10:13:36.327 [main] DEBUG f.i.s.r.p.s.c.CheckoutPatchedBuild - Checking out patched build candidate...
10:13:36.669 [main] INFO  fr.inria.jtravis.JTravis - GitHub ratelimit: Limit: 5000 Remaining: 4955 Reset hour: 19:32:12
10:13:38.590 [main] DEBUG f.i.s.r.p.s.c.CheckoutPatchedBuild - Reproduce the PR for apache/incubator-dubbo by fetching remote branch and merging.
10:13:39.860 [main] ERROR f.i.s.r.p.s.c.CheckoutPatchedBuild - Error while testing commit: org.eclipse.jgit.errors.MissingObjectException: Missing unknown ce86cbc9be623ce7b899f10e5cfd0b5f9ac806ba
10:13:39.861 [main] ERROR f.i.s.r.p.s.c.CheckoutPatchedBuild - Commit head ref cannot be retrieved from the repository: ce86cbc9be623ce7b899f10e5cfd0b5f9ac806ba. Operation aborted.
10:13:39.861 [main] ERROR f.i.s.r.p.s.c.CheckoutPatchedBuild - Error while merging two commits to reproduce the PR.
10:13:39.862 [main] DEBUG f.i.s.r.p.s.c.CheckoutPatchedBuild - STEP STATUS: [ CheckoutPatchedBuildCandidate : FAILURE ( BUILDNOTCHECKEDOUT ) ]
10:13:39.862 [main] DEBUG f.i.s.r.p.s.c.CheckoutPatchedBuild - STEP DURATION: 3s
10:13:39.863 [main] DEBUG f.i.s.r.p.s.c.CheckoutPatchedBuild - TERMINATE PIPELINE
10:13:39.863 [main] DEBUG f.i.s.r.p.s.c.CheckoutPatchedBuild - FINAL STEPS SKIPPED: The reproduction of the bug and/or the patch failed.
10:13:39.863 [main] INFO  f.i.s.r.p.s.c.CheckoutPatchedBuild - Serialize all data for the pair of builds 352647136, 352649953
10:13:40.001 [main] INFO  fr.inria.jtravis.JTravis - GitHub ratelimit: Limit: 5000 Remaining: 4948 Reset hour: 19:32:12
10:13:40.834 [main] INFO  f.i.s.r.p.i.ProjectInspector - ----------------------------------------------------------------------
10:13:40.835 [main] INFO  f.i.s.r.p.i.ProjectInspector - PIPELINE EXECUTION SUMMARY
10:13:40.835 [main] INFO  f.i.s.r.p.i.ProjectInspector - ----------------------------------------------------------------------
10:13:40.835 [main] INFO  f.i.s.r.p.i.ProjectInspector - CloneRepository........................................SUCCESS [ 8 s ]
10:13:40.836 [main] INFO  f.i.s.r.p.i.ProjectInspector - CheckoutPatchedBuildCandidate..........................FAILURE [ 3 s ]
10:13:40.836 [main] INFO  f.i.s.r.p.i.ProjectInspector - ComputeSourceDir.......................................NOT RUN        
10:13:40.836 [main] INFO  f.i.s.r.p.i.ProjectInspector - ComputeTestDir.........................................NOT RUN        
10:13:40.837 [main] INFO  f.i.s.r.p.i.ProjectInspector - CheckoutBuggyBuildCandidateSourceCode..................NOT RUN        
10:13:40.837 [main] INFO  f.i.s.r.p.i.ProjectInspector - BuildProjectBuggyBuildCandidateSourceCode..............NOT RUN        
10:13:40.837 [main] INFO  f.i.s.r.p.i.ProjectInspector - TestProjectBuggyBuildCandidateSourceCode...............NOT RUN        
10:13:40.838 [main] INFO  f.i.s.r.p.i.ProjectInspector - GatherTestInformationBuggyBuildCandidateSourceCode.....NOT RUN        
10:13:40.838 [main] INFO  f.i.s.r.p.i.ProjectInspector - CheckoutBuggyBuildTestCode.............................NOT RUN        
10:13:40.839 [main] INFO  f.i.s.r.p.i.ProjectInspector - InitRepoToPush.........................................NOT RUN        
10:13:40.839 [main] INFO  f.i.s.r.p.i.ProjectInspector - ComputeClasspath.......................................NOT RUN        
10:13:40.839 [main] INFO  f.i.s.r.p.i.ProjectInspector - ComputeModules.........................................NOT RUN        
10:13:40.839 [main] INFO  f.i.s.r.p.i.ProjectInspector - CheckoutBuggyBuildCandidateSourceCode..................NOT RUN        
10:13:40.840 [main] INFO  f.i.s.r.p.i.ProjectInspector - CommitChangedTests.....................................NOT RUN        
10:13:40.840 [main] INFO  f.i.s.r.p.i.ProjectInspector - CheckoutPatchedBuildCandidate..........................NOT RUN        
10:13:40.840 [main] INFO  f.i.s.r.p.i.ProjectInspector - BuildProjectPatchedBuildCandidate......................NOT RUN        
10:13:40.840 [main] INFO  f.i.s.r.p.i.ProjectInspector - TestProjectPatchedBuildCandidate.......................NOT RUN        
10:13:40.841 [main] INFO  f.i.s.r.p.i.ProjectInspector - GatherTestInformationPatchedBuildCandidate.............NOT RUN        
10:13:40.841 [main] INFO  f.i.s.r.p.i.ProjectInspector - CommitPatch............................................NOT RUN        
10:13:40.841 [main] INFO  f.i.s.r.p.i.ProjectInspector - WritePropertyFile......................................NOT RUN        
10:13:40.841 [main] INFO  f.i.s.r.p.i.ProjectInspector - CommitProcessEnd.......................................NOT RUN        
10:13:40.842 [main] INFO  f.i.s.r.p.i.ProjectInspector - PushProcessEnd.........................................NOT RUN        
10:13:40.842 [main] INFO  f.i.s.r.p.i.ProjectInspector - ----------------------------------------------------------------------
10:13:40.842 [main] INFO  f.i.s.r.p.i.ProjectInspector - PIPELINE FINDING: BUILDNOTCHECKEDOUT
10:13:40.842 [main] INFO  f.i.s.r.p.i.ProjectInspector - ----------------------------------------------------------------------
10:13:40.843 [main] INFO  f.i.s.repairnator.pipeline.Launcher - Inspector is finished. The process will exit now.
