05:31:29.374 [main] INFO  f.i.s.repairnator.pipeline.Launcher - PIPELINE VERSION: 3.0-2018-08-09 19:04
05:31:29.568 [main] INFO  f.i.s.repairnator.pipeline.Launcher - The pipeline will try to reproduce a bug from build 351469522 and its corresponding patch from build 351486048
05:31:29.569 [main] INFO  f.i.s.repairnator.pipeline.Launcher - Initialize file serializer engines.
05:31:29.572 [main] INFO  f.i.s.repairnator.pipeline.Launcher - MongoDB won't be used for serialization.
05:31:29.572 [main] INFO  f.i.s.repairnator.pipeline.Launcher - The email notifier engine won't be used.
05:31:29.577 [main] INFO  f.i.s.repairnator.pipeline.Launcher - Start by getting the build (buildId: 351469522) with the following config: RepairnatorConfig{runId='4c745e6f-5453-4a37-b2b3-14647c2331ea_03-18-week2-PASSING_AND_PASSING', launcherMode=BEARS, serializeJson=true, inputPath='null', outputPath='/var/log', mongodbHost='null', mongodbName='repairnator', smtpServer='null', notifyTo=[], notifyEndProcess=false, push=true, pushRemoteRepo='https://github.com/fermadeiral/bears-collection-pp', fork=false, lookFromDate=null, lookToDate=null, buildId=351469522, z3solverPath='./z3_for_linux', workspacePath='./workspace', githubToken='c8a341a903[...]', dockerImageName='null', skipDelete=false, createOutputDir=false, logDirectory='null', nbThreads=0, globalTimeout=0, whiteList=null, blackList=null, jobSleepTime=0, buildSleepTime=0, maxInspectedBuilds=0, duration=null, humanPatch=false, repository='null', clean=true, bearsMode=BOTH, bearsDelimiter = false, repairTools=NopolAllTests,NPEFix,AssertFixer,AstorJGenProg,AstorJKali,NopolSingleTest,AstorJMut,NopolTestExclusionStrategy, githubUserName= fermadeiral, githubUserEmail=fer.madeiral@gmail.com}
05:31:31.064 [main] DEBUG fr.inria.jtravis.helpers.BuildHelper - Get request to :https://api.travis-ci.org/build/351469522 done after 876 ms
05:31:31.336 [main] DEBUG fr.inria.jtravis.helpers.BuildHelper - Get request to :https://api.travis-ci.org/build/351486048 done after 130 ms
05:31:31.357 [main] INFO  f.i.s.repairnator.pipeline.Launcher - The patched build (351486048) was successfully retrieved from Travis.
05:31:32.687 [main] INFO  fr.inria.jtravis.JTravis - GitHub ratelimit: Limit: 5000 Remaining: 4504 Reset hour: 19:31:55
05:31:32.975 [main] INFO  f.i.s.r.p.i.ProjectInspector - ----------------------------------------------------------------------
05:31:32.975 [main] INFO  f.i.s.r.p.i.ProjectInspector - PIPELINE STEPS
05:31:32.975 [main] INFO  f.i.s.r.p.i.ProjectInspector - ----------------------------------------------------------------------
05:31:32.976 [main] INFO  f.i.s.r.p.i.ProjectInspector - CloneRepository
05:31:32.976 [main] INFO  f.i.s.r.p.i.ProjectInspector - CheckoutPatchedBuildCandidate
05:31:32.976 [main] INFO  f.i.s.r.p.i.ProjectInspector - ComputeSourceDir
05:31:32.976 [main] INFO  f.i.s.r.p.i.ProjectInspector - ComputeTestDir
05:31:32.977 [main] INFO  f.i.s.r.p.i.ProjectInspector - CheckoutBuggyBuildCandidateSourceCode
05:31:32.977 [main] INFO  f.i.s.r.p.i.ProjectInspector - BuildProjectBuggyBuildCandidateSourceCode
05:31:32.977 [main] INFO  f.i.s.r.p.i.ProjectInspector - TestProjectBuggyBuildCandidateSourceCode
05:31:32.978 [main] INFO  f.i.s.r.p.i.ProjectInspector - GatherTestInformationBuggyBuildCandidateSourceCode
05:31:32.978 [main] INFO  f.i.s.r.p.i.ProjectInspector - CheckoutBuggyBuildTestCode
05:31:32.978 [main] INFO  f.i.s.r.p.i.ProjectInspector - InitRepoToPush
05:31:32.978 [main] INFO  f.i.s.r.p.i.ProjectInspector - ComputeClasspath
05:31:32.978 [main] INFO  f.i.s.r.p.i.ProjectInspector - ComputeModules
05:31:32.979 [main] INFO  f.i.s.r.p.i.ProjectInspector - CheckoutBuggyBuildCandidateSourceCode
05:31:32.979 [main] INFO  f.i.s.r.p.i.ProjectInspector - CommitChangedTests
05:31:32.979 [main] INFO  f.i.s.r.p.i.ProjectInspector - CheckoutPatchedBuildCandidate
05:31:32.979 [main] INFO  f.i.s.r.p.i.ProjectInspector - BuildProjectPatchedBuildCandidate
05:31:32.980 [main] INFO  f.i.s.r.p.i.ProjectInspector - TestProjectPatchedBuildCandidate
05:31:32.980 [main] INFO  f.i.s.r.p.i.ProjectInspector - GatherTestInformationPatchedBuildCandidate
05:31:32.980 [main] INFO  f.i.s.r.p.i.ProjectInspector - CommitPatch
05:31:32.982 [main] INFO  f.i.s.r.p.i.ProjectInspector - WritePropertyFile
05:31:32.982 [main] INFO  f.i.s.r.p.i.ProjectInspector - CommitProcessEnd
05:31:32.982 [main] INFO  f.i.s.r.p.i.ProjectInspector - PushProcessEnd
05:31:32.983 [main] DEBUG f.i.s.r.process.step.CloneRepository - ----------------------------------------------------------------------
05:31:32.983 [main] DEBUG f.i.s.r.process.step.CloneRepository - STEP 1/22: CloneRepository
05:31:32.983 [main] DEBUG f.i.s.r.process.step.CloneRepository - ----------------------------------------------------------------------
05:31:32.984 [main] DEBUG f.i.s.r.process.step.CloneRepository - Cloning repository runelite/runelite in the following directory: ./workspace/runelite/runelite/351469522
05:31:44.441 [main] DEBUG f.i.s.r.process.step.CloneRepository - STEP STATUS: [ CloneRepository : SUCCESS ]
05:31:44.441 [main] DEBUG f.i.s.r.process.step.CloneRepository - STEP DURATION: 11s
05:31:44.441 [main] DEBUG f.i.s.r.process.step.CloneRepository - EXECUTE NEXT STEP
05:31:44.442 [main] DEBUG f.i.s.r.p.s.c.CheckoutPatchedBuild - ----------------------------------------------------------------------
05:31:44.442 [main] DEBUG f.i.s.r.p.s.c.CheckoutPatchedBuild - STEP 2/22: CheckoutPatchedBuildCandidate
05:31:44.442 [main] DEBUG f.i.s.r.p.s.c.CheckoutPatchedBuild - ----------------------------------------------------------------------
05:31:44.442 [main] DEBUG f.i.s.r.p.s.c.CheckoutPatchedBuild - Checking out patched build candidate...
05:31:44.458 [main] ERROR f.i.s.r.p.s.c.CheckoutPatchedBuild - Error while testing commit: org.eclipse.jgit.errors.MissingObjectException: Missing unknown 48ffac9825884b757c76b07cd4b640cd87f3a34d
05:31:44.458 [main] ERROR f.i.s.r.p.s.c.CheckoutPatchedBuild - Error while getting the commit to checkout from the repo.
05:31:44.459 [main] DEBUG f.i.s.r.p.s.c.CheckoutPatchedBuild - STEP STATUS: [ CheckoutPatchedBuildCandidate : FAILURE ( BUILDNOTCHECKEDOUT ) ]
05:31:44.459 [main] DEBUG f.i.s.r.p.s.c.CheckoutPatchedBuild - STEP DURATION: 0s
05:31:44.460 [main] DEBUG f.i.s.r.p.s.c.CheckoutPatchedBuild - TERMINATE PIPELINE
05:31:44.460 [main] DEBUG f.i.s.r.p.s.c.CheckoutPatchedBuild - FINAL STEPS SKIPPED: The reproduction of the bug and/or the patch failed.
05:31:44.460 [main] INFO  f.i.s.r.p.s.c.CheckoutPatchedBuild - Serialize all data for the pair of builds 351469522, 351486048
05:31:44.768 [main] INFO  fr.inria.jtravis.JTravis - GitHub ratelimit: Limit: 5000 Remaining: 4500 Reset hour: 19:31:55
05:31:45.627 [main] INFO  f.i.s.r.p.i.ProjectInspector - ----------------------------------------------------------------------
05:31:45.628 [main] INFO  f.i.s.r.p.i.ProjectInspector - PIPELINE EXECUTION SUMMARY
05:31:45.628 [main] INFO  f.i.s.r.p.i.ProjectInspector - ----------------------------------------------------------------------
05:31:45.628 [main] INFO  f.i.s.r.p.i.ProjectInspector - CloneRepository.......................................SUCCESS [ 11 s ]
05:31:45.629 [main] INFO  f.i.s.r.p.i.ProjectInspector - CheckoutPatchedBuildCandidate.........................FAILURE [  0 s ]
05:31:45.629 [main] INFO  f.i.s.r.p.i.ProjectInspector - ComputeSourceDir......................................NOT RUN         
05:31:45.629 [main] INFO  f.i.s.r.p.i.ProjectInspector - ComputeTestDir........................................NOT RUN         
05:31:45.629 [main] INFO  f.i.s.r.p.i.ProjectInspector - CheckoutBuggyBuildCandidateSourceCode.................NOT RUN         
05:31:45.630 [main] INFO  f.i.s.r.p.i.ProjectInspector - BuildProjectBuggyBuildCandidateSourceCode.............NOT RUN         
05:31:45.630 [main] INFO  f.i.s.r.p.i.ProjectInspector - TestProjectBuggyBuildCandidateSourceCode..............NOT RUN         
05:31:45.630 [main] INFO  f.i.s.r.p.i.ProjectInspector - GatherTestInformationBuggyBuildCandidateSourceCode....NOT RUN         
05:31:45.630 [main] INFO  f.i.s.r.p.i.ProjectInspector - CheckoutBuggyBuildTestCode............................NOT RUN         
05:31:45.631 [main] INFO  f.i.s.r.p.i.ProjectInspector - InitRepoToPush........................................NOT RUN         
05:31:45.631 [main] INFO  f.i.s.r.p.i.ProjectInspector - ComputeClasspath......................................NOT RUN         
05:31:45.631 [main] INFO  f.i.s.r.p.i.ProjectInspector - ComputeModules........................................NOT RUN         
05:31:45.631 [main] INFO  f.i.s.r.p.i.ProjectInspector - CheckoutBuggyBuildCandidateSourceCode.................NOT RUN         
05:31:45.631 [main] INFO  f.i.s.r.p.i.ProjectInspector - CommitChangedTests....................................NOT RUN         
05:31:45.632 [main] INFO  f.i.s.r.p.i.ProjectInspector - CheckoutPatchedBuildCandidate.........................NOT RUN         
05:31:45.632 [main] INFO  f.i.s.r.p.i.ProjectInspector - BuildProjectPatchedBuildCandidate.....................NOT RUN         
05:31:45.632 [main] INFO  f.i.s.r.p.i.ProjectInspector - TestProjectPatchedBuildCandidate......................NOT RUN         
05:31:45.632 [main] INFO  f.i.s.r.p.i.ProjectInspector - GatherTestInformationPatchedBuildCandidate............NOT RUN         
05:31:45.632 [main] INFO  f.i.s.r.p.i.ProjectInspector - CommitPatch...........................................NOT RUN         
05:31:45.633 [main] INFO  f.i.s.r.p.i.ProjectInspector - WritePropertyFile.....................................NOT RUN         
05:31:45.633 [main] INFO  f.i.s.r.p.i.ProjectInspector - CommitProcessEnd......................................NOT RUN         
05:31:45.633 [main] INFO  f.i.s.r.p.i.ProjectInspector - PushProcessEnd........................................NOT RUN         
05:31:45.633 [main] INFO  f.i.s.r.p.i.ProjectInspector - ----------------------------------------------------------------------
05:31:45.633 [main] INFO  f.i.s.r.p.i.ProjectInspector - PIPELINE FINDING: BUILDNOTCHECKEDOUT
05:31:45.634 [main] INFO  f.i.s.r.p.i.ProjectInspector - ----------------------------------------------------------------------
05:31:45.634 [main] INFO  f.i.s.repairnator.pipeline.Launcher - Inspector is finished. The process will exit now.
