07:41:06.703 [main] INFO  f.i.s.repairnator.pipeline.Launcher - PIPELINE VERSION: 3.0-2018-08-09 19:04
07:41:06.859 [main] INFO  f.i.s.repairnator.pipeline.Launcher - The pipeline will try to reproduce a bug from build 351436379 and its corresponding patch from build 351439369
07:41:06.860 [main] INFO  f.i.s.repairnator.pipeline.Launcher - Initialize file serializer engines.
07:41:06.861 [main] INFO  f.i.s.repairnator.pipeline.Launcher - MongoDB won't be used for serialization.
07:41:06.862 [main] INFO  f.i.s.repairnator.pipeline.Launcher - The email notifier engine won't be used.
07:41:06.865 [main] INFO  f.i.s.repairnator.pipeline.Launcher - Start by getting the build (buildId: 351436379) with the following config: RepairnatorConfig{runId='4c745e6f-5453-4a37-b2b3-14647c2331ea_03-18-week2-PASSING_AND_PASSING', launcherMode=BEARS, serializeJson=true, inputPath='null', outputPath='/var/log', mongodbHost='null', mongodbName='repairnator', smtpServer='null', notifyTo=[], notifyEndProcess=false, push=true, pushRemoteRepo='https://github.com/fermadeiral/bears-collection-pp', fork=false, lookFromDate=null, lookToDate=null, buildId=351436379, z3solverPath='./z3_for_linux', workspacePath='./workspace', githubToken='c8a341a903[...]', dockerImageName='null', skipDelete=false, createOutputDir=false, logDirectory='null', nbThreads=0, globalTimeout=0, whiteList=null, blackList=null, jobSleepTime=0, buildSleepTime=0, maxInspectedBuilds=0, duration=null, humanPatch=false, repository='null', clean=true, bearsMode=BOTH, bearsDelimiter = false, repairTools=NopolAllTests,NPEFix,AssertFixer,AstorJGenProg,AstorJKali,NopolSingleTest,AstorJMut,NopolTestExclusionStrategy, githubUserName= fermadeiral, githubUserEmail=fer.madeiral@gmail.com}
07:41:08.366 [main] DEBUG fr.inria.jtravis.helpers.BuildHelper - Get request to :https://api.travis-ci.org/build/351436379 done after 855 ms
07:41:08.645 [main] DEBUG fr.inria.jtravis.helpers.BuildHelper - Get request to :https://api.travis-ci.org/build/351439369 done after 143 ms
07:41:08.657 [main] INFO  f.i.s.repairnator.pipeline.Launcher - The patched build (351439369) was successfully retrieved from Travis.
07:41:09.689 [main] INFO  fr.inria.jtravis.JTravis - GitHub ratelimit: Limit: 5000 Remaining: 4997 Reset hour: 19:32:04
07:41:09.989 [main] INFO  f.i.s.r.p.i.ProjectInspector - ----------------------------------------------------------------------
07:41:09.989 [main] INFO  f.i.s.r.p.i.ProjectInspector - PIPELINE STEPS
07:41:09.990 [main] INFO  f.i.s.r.p.i.ProjectInspector - ----------------------------------------------------------------------
07:41:09.990 [main] INFO  f.i.s.r.p.i.ProjectInspector - CloneRepository
07:41:09.990 [main] INFO  f.i.s.r.p.i.ProjectInspector - CheckoutPatchedBuildCandidate
07:41:09.990 [main] INFO  f.i.s.r.p.i.ProjectInspector - ComputeSourceDir
07:41:09.991 [main] INFO  f.i.s.r.p.i.ProjectInspector - ComputeTestDir
07:41:09.991 [main] INFO  f.i.s.r.p.i.ProjectInspector - CheckoutBuggyBuildCandidateSourceCode
07:41:09.991 [main] INFO  f.i.s.r.p.i.ProjectInspector - BuildProjectBuggyBuildCandidateSourceCode
07:41:09.991 [main] INFO  f.i.s.r.p.i.ProjectInspector - TestProjectBuggyBuildCandidateSourceCode
07:41:09.991 [main] INFO  f.i.s.r.p.i.ProjectInspector - GatherTestInformationBuggyBuildCandidateSourceCode
07:41:09.992 [main] INFO  f.i.s.r.p.i.ProjectInspector - CheckoutBuggyBuildTestCode
07:41:09.992 [main] INFO  f.i.s.r.p.i.ProjectInspector - InitRepoToPush
07:41:09.992 [main] INFO  f.i.s.r.p.i.ProjectInspector - ComputeClasspath
07:41:09.992 [main] INFO  f.i.s.r.p.i.ProjectInspector - ComputeModules
07:41:09.993 [main] INFO  f.i.s.r.p.i.ProjectInspector - CheckoutBuggyBuildCandidateSourceCode
07:41:09.993 [main] INFO  f.i.s.r.p.i.ProjectInspector - CommitChangedTests
07:41:09.993 [main] INFO  f.i.s.r.p.i.ProjectInspector - CheckoutPatchedBuildCandidate
07:41:09.993 [main] INFO  f.i.s.r.p.i.ProjectInspector - BuildProjectPatchedBuildCandidate
07:41:09.994 [main] INFO  f.i.s.r.p.i.ProjectInspector - TestProjectPatchedBuildCandidate
07:41:09.994 [main] INFO  f.i.s.r.p.i.ProjectInspector - GatherTestInformationPatchedBuildCandidate
07:41:09.994 [main] INFO  f.i.s.r.p.i.ProjectInspector - CommitPatch
07:41:09.994 [main] INFO  f.i.s.r.p.i.ProjectInspector - WritePropertyFile
07:41:09.995 [main] INFO  f.i.s.r.p.i.ProjectInspector - CommitProcessEnd
07:41:09.995 [main] INFO  f.i.s.r.p.i.ProjectInspector - PushProcessEnd
07:41:09.995 [main] DEBUG f.i.s.r.process.step.CloneRepository - ----------------------------------------------------------------------
07:41:09.996 [main] DEBUG f.i.s.r.process.step.CloneRepository - STEP 1/22: CloneRepository
07:41:09.996 [main] DEBUG f.i.s.r.process.step.CloneRepository - ----------------------------------------------------------------------
07:41:09.996 [main] DEBUG f.i.s.r.process.step.CloneRepository - Cloning repository linkedin/pinot in the following directory: ./workspace/linkedin/pinot/351436379
07:41:44.723 [main] DEBUG f.i.s.r.process.step.CloneRepository - STEP STATUS: [ CloneRepository : SUCCESS ]
07:41:44.724 [main] DEBUG f.i.s.r.process.step.CloneRepository - STEP DURATION: 34s
07:41:44.724 [main] DEBUG f.i.s.r.process.step.CloneRepository - EXECUTE NEXT STEP
07:41:44.724 [main] DEBUG f.i.s.r.p.s.c.CheckoutPatchedBuild - ----------------------------------------------------------------------
07:41:44.725 [main] DEBUG f.i.s.r.p.s.c.CheckoutPatchedBuild - STEP 2/22: CheckoutPatchedBuildCandidate
07:41:44.725 [main] DEBUG f.i.s.r.p.s.c.CheckoutPatchedBuild - ----------------------------------------------------------------------
07:41:44.725 [main] DEBUG f.i.s.r.p.s.c.CheckoutPatchedBuild - Checking out patched build candidate...
07:41:45.054 [main] INFO  fr.inria.jtravis.JTravis - GitHub ratelimit: Limit: 5000 Remaining: 4996 Reset hour: 19:32:04
07:41:46.862 [main] DEBUG f.i.s.r.p.s.c.CheckoutPatchedBuild - Reproduce the PR for linkedin/pinot by fetching remote branch and merging.
07:41:47.950 [main] ERROR f.i.s.r.p.s.c.CheckoutPatchedBuild - Error while testing commit: org.eclipse.jgit.errors.MissingObjectException: Missing unknown 82c3f3c9553a344ac200e5d74ea5a42075c38167
07:41:47.951 [main] ERROR f.i.s.r.p.s.c.CheckoutPatchedBuild - Commit head ref cannot be retrieved from the repository: 82c3f3c9553a344ac200e5d74ea5a42075c38167. Operation aborted.
07:41:47.951 [main] ERROR f.i.s.r.p.s.c.CheckoutPatchedBuild - Error while merging two commits to reproduce the PR.
07:41:47.952 [main] DEBUG f.i.s.r.p.s.c.CheckoutPatchedBuild - STEP STATUS: [ CheckoutPatchedBuildCandidate : FAILURE ( BUILDNOTCHECKEDOUT ) ]
07:41:47.952 [main] DEBUG f.i.s.r.p.s.c.CheckoutPatchedBuild - STEP DURATION: 3s
07:41:47.953 [main] DEBUG f.i.s.r.p.s.c.CheckoutPatchedBuild - TERMINATE PIPELINE
07:41:47.953 [main] DEBUG f.i.s.r.p.s.c.CheckoutPatchedBuild - FINAL STEPS SKIPPED: The reproduction of the bug and/or the patch failed.
07:41:47.953 [main] INFO  f.i.s.r.p.s.c.CheckoutPatchedBuild - Serialize all data for the pair of builds 351436379, 351439369
07:41:48.060 [main] INFO  fr.inria.jtravis.JTravis - GitHub ratelimit: Limit: 5000 Remaining: 4989 Reset hour: 19:32:04
07:41:49.146 [main] INFO  f.i.s.r.p.i.ProjectInspector - ----------------------------------------------------------------------
07:41:49.146 [main] INFO  f.i.s.r.p.i.ProjectInspector - PIPELINE EXECUTION SUMMARY
07:41:49.147 [main] INFO  f.i.s.r.p.i.ProjectInspector - ----------------------------------------------------------------------
07:41:49.147 [main] INFO  f.i.s.r.p.i.ProjectInspector - CloneRepository.......................................SUCCESS [ 34 s ]
07:41:49.147 [main] INFO  f.i.s.r.p.i.ProjectInspector - CheckoutPatchedBuildCandidate.........................FAILURE [  3 s ]
07:41:49.147 [main] INFO  f.i.s.r.p.i.ProjectInspector - ComputeSourceDir......................................NOT RUN         
07:41:49.148 [main] INFO  f.i.s.r.p.i.ProjectInspector - ComputeTestDir........................................NOT RUN         
07:41:49.148 [main] INFO  f.i.s.r.p.i.ProjectInspector - CheckoutBuggyBuildCandidateSourceCode.................NOT RUN         
07:41:49.148 [main] INFO  f.i.s.r.p.i.ProjectInspector - BuildProjectBuggyBuildCandidateSourceCode.............NOT RUN         
07:41:49.148 [main] INFO  f.i.s.r.p.i.ProjectInspector - TestProjectBuggyBuildCandidateSourceCode..............NOT RUN         
07:41:49.149 [main] INFO  f.i.s.r.p.i.ProjectInspector - GatherTestInformationBuggyBuildCandidateSourceCode....NOT RUN         
07:41:49.149 [main] INFO  f.i.s.r.p.i.ProjectInspector - CheckoutBuggyBuildTestCode............................NOT RUN         
07:41:49.149 [main] INFO  f.i.s.r.p.i.ProjectInspector - InitRepoToPush........................................NOT RUN         
07:41:49.149 [main] INFO  f.i.s.r.p.i.ProjectInspector - ComputeClasspath......................................NOT RUN         
07:41:49.149 [main] INFO  f.i.s.r.p.i.ProjectInspector - ComputeModules........................................NOT RUN         
07:41:49.149 [main] INFO  f.i.s.r.p.i.ProjectInspector - CheckoutBuggyBuildCandidateSourceCode.................NOT RUN         
07:41:49.150 [main] INFO  f.i.s.r.p.i.ProjectInspector - CommitChangedTests....................................NOT RUN         
07:41:49.150 [main] INFO  f.i.s.r.p.i.ProjectInspector - CheckoutPatchedBuildCandidate.........................NOT RUN         
07:41:49.150 [main] INFO  f.i.s.r.p.i.ProjectInspector - BuildProjectPatchedBuildCandidate.....................NOT RUN         
07:41:49.150 [main] INFO  f.i.s.r.p.i.ProjectInspector - TestProjectPatchedBuildCandidate......................NOT RUN         
07:41:49.150 [main] INFO  f.i.s.r.p.i.ProjectInspector - GatherTestInformationPatchedBuildCandidate............NOT RUN         
07:41:49.150 [main] INFO  f.i.s.r.p.i.ProjectInspector - CommitPatch...........................................NOT RUN         
07:41:49.150 [main] INFO  f.i.s.r.p.i.ProjectInspector - WritePropertyFile.....................................NOT RUN         
07:41:49.151 [main] INFO  f.i.s.r.p.i.ProjectInspector - CommitProcessEnd......................................NOT RUN         
07:41:49.151 [main] INFO  f.i.s.r.p.i.ProjectInspector - PushProcessEnd........................................NOT RUN         
07:41:49.151 [main] INFO  f.i.s.r.p.i.ProjectInspector - ----------------------------------------------------------------------
07:41:49.151 [main] INFO  f.i.s.r.p.i.ProjectInspector - PIPELINE FINDING: BUILDNOTCHECKEDOUT
07:41:49.151 [main] INFO  f.i.s.r.p.i.ProjectInspector - ----------------------------------------------------------------------
07:41:49.151 [main] INFO  f.i.s.repairnator.pipeline.Launcher - Inspector is finished. The process will exit now.
