04:38:13.262 [main] INFO  f.i.s.repairnator.pipeline.Launcher - PIPELINE VERSION: 3.0-2018-08-09 19:04
04:38:13.439 [main] INFO  f.i.s.repairnator.pipeline.Launcher - The pipeline will try to reproduce a bug from build 352502655 and its corresponding patch from build 352510895
04:38:13.440 [main] INFO  f.i.s.repairnator.pipeline.Launcher - Initialize file serializer engines.
04:38:13.441 [main] INFO  f.i.s.repairnator.pipeline.Launcher - MongoDB won't be used for serialization.
04:38:13.442 [main] INFO  f.i.s.repairnator.pipeline.Launcher - The email notifier engine won't be used.
04:38:13.446 [main] INFO  f.i.s.repairnator.pipeline.Launcher - Start by getting the build (buildId: 352502655) with the following config: RepairnatorConfig{runId='4c745e6f-5453-4a37-b2b3-14647c2331ea_03-18-week2-PASSING_AND_PASSING', launcherMode=BEARS, serializeJson=true, inputPath='null', outputPath='/var/log', mongodbHost='null', mongodbName='repairnator', smtpServer='null', notifyTo=[], notifyEndProcess=false, push=true, pushRemoteRepo='https://github.com/fermadeiral/bears-collection-pp', fork=false, lookFromDate=null, lookToDate=null, buildId=352502655, z3solverPath='./z3_for_linux', workspacePath='./workspace', githubToken='c8a341a903[...]', dockerImageName='null', skipDelete=false, createOutputDir=false, logDirectory='null', nbThreads=0, globalTimeout=0, whiteList=null, blackList=null, jobSleepTime=0, buildSleepTime=0, maxInspectedBuilds=0, duration=null, humanPatch=false, repository='null', clean=true, bearsMode=BOTH, bearsDelimiter = false, repairTools=NopolAllTests,NPEFix,AssertFixer,AstorJGenProg,AstorJKali,NopolSingleTest,AstorJMut,NopolTestExclusionStrategy, githubUserName= fermadeiral, githubUserEmail=fer.madeiral@gmail.com}
04:38:14.651 [main] DEBUG fr.inria.jtravis.helpers.BuildHelper - Get request to :https://api.travis-ci.org/build/352502655 done after 751 ms
04:38:14.887 [main] DEBUG fr.inria.jtravis.helpers.BuildHelper - Get request to :https://api.travis-ci.org/build/352510895 done after 120 ms
04:38:14.899 [main] INFO  f.i.s.repairnator.pipeline.Launcher - The patched build (352510895) was successfully retrieved from Travis.
04:38:15.907 [main] INFO  fr.inria.jtravis.JTravis - GitHub ratelimit: Limit: 5000 Remaining: 4357 Reset hour: 19:31:51
04:38:16.140 [main] INFO  f.i.s.r.p.i.ProjectInspector - ----------------------------------------------------------------------
04:38:16.140 [main] INFO  f.i.s.r.p.i.ProjectInspector - PIPELINE STEPS
04:38:16.140 [main] INFO  f.i.s.r.p.i.ProjectInspector - ----------------------------------------------------------------------
04:38:16.140 [main] INFO  f.i.s.r.p.i.ProjectInspector - CloneRepository
04:38:16.140 [main] INFO  f.i.s.r.p.i.ProjectInspector - CheckoutPatchedBuildCandidate
04:38:16.140 [main] INFO  f.i.s.r.p.i.ProjectInspector - ComputeSourceDir
04:38:16.141 [main] INFO  f.i.s.r.p.i.ProjectInspector - ComputeTestDir
04:38:16.141 [main] INFO  f.i.s.r.p.i.ProjectInspector - CheckoutBuggyBuildCandidateSourceCode
04:38:16.141 [main] INFO  f.i.s.r.p.i.ProjectInspector - BuildProjectBuggyBuildCandidateSourceCode
04:38:16.141 [main] INFO  f.i.s.r.p.i.ProjectInspector - TestProjectBuggyBuildCandidateSourceCode
04:38:16.141 [main] INFO  f.i.s.r.p.i.ProjectInspector - GatherTestInformationBuggyBuildCandidateSourceCode
04:38:16.141 [main] INFO  f.i.s.r.p.i.ProjectInspector - CheckoutBuggyBuildTestCode
04:38:16.141 [main] INFO  f.i.s.r.p.i.ProjectInspector - InitRepoToPush
04:38:16.141 [main] INFO  f.i.s.r.p.i.ProjectInspector - ComputeClasspath
04:38:16.142 [main] INFO  f.i.s.r.p.i.ProjectInspector - ComputeModules
04:38:16.142 [main] INFO  f.i.s.r.p.i.ProjectInspector - CheckoutBuggyBuildCandidateSourceCode
04:38:16.142 [main] INFO  f.i.s.r.p.i.ProjectInspector - CommitChangedTests
04:38:16.142 [main] INFO  f.i.s.r.p.i.ProjectInspector - CheckoutPatchedBuildCandidate
04:38:16.142 [main] INFO  f.i.s.r.p.i.ProjectInspector - BuildProjectPatchedBuildCandidate
04:38:16.142 [main] INFO  f.i.s.r.p.i.ProjectInspector - TestProjectPatchedBuildCandidate
04:38:16.142 [main] INFO  f.i.s.r.p.i.ProjectInspector - GatherTestInformationPatchedBuildCandidate
04:38:16.143 [main] INFO  f.i.s.r.p.i.ProjectInspector - CommitPatch
04:38:16.143 [main] INFO  f.i.s.r.p.i.ProjectInspector - WritePropertyFile
04:38:16.143 [main] INFO  f.i.s.r.p.i.ProjectInspector - CommitProcessEnd
04:38:16.143 [main] INFO  f.i.s.r.p.i.ProjectInspector - PushProcessEnd
04:38:16.144 [main] DEBUG f.i.s.r.process.step.CloneRepository - ----------------------------------------------------------------------
04:38:16.144 [main] DEBUG f.i.s.r.process.step.CloneRepository - STEP 1/22: CloneRepository
04:38:16.144 [main] DEBUG f.i.s.r.process.step.CloneRepository - ----------------------------------------------------------------------
04:38:16.144 [main] DEBUG f.i.s.r.process.step.CloneRepository - Cloning repository batfish/batfish in the following directory: ./workspace/batfish/batfish/352502655
04:39:09.585 [main] DEBUG f.i.s.r.process.step.CloneRepository - STEP STATUS: [ CloneRepository : SUCCESS ]
04:39:09.588 [main] DEBUG f.i.s.r.process.step.CloneRepository - STEP DURATION: 53s
04:39:09.588 [main] DEBUG f.i.s.r.process.step.CloneRepository - EXECUTE NEXT STEP
04:39:09.588 [main] DEBUG f.i.s.r.p.s.c.CheckoutPatchedBuild - ----------------------------------------------------------------------
04:39:09.588 [main] DEBUG f.i.s.r.p.s.c.CheckoutPatchedBuild - STEP 2/22: CheckoutPatchedBuildCandidate
04:39:09.589 [main] DEBUG f.i.s.r.p.s.c.CheckoutPatchedBuild - ----------------------------------------------------------------------
04:39:09.589 [main] DEBUG f.i.s.r.p.s.c.CheckoutPatchedBuild - Checking out patched build candidate...
04:39:09.920 [main] INFO  fr.inria.jtravis.JTravis - GitHub ratelimit: Limit: 5000 Remaining: 4356 Reset hour: 19:31:51
04:39:11.686 [main] DEBUG f.i.s.r.p.s.c.CheckoutPatchedBuild - Reproduce the PR for batfish/batfish by fetching remote branch and merging.
04:39:12.018 [main] ERROR f.i.s.r.p.s.c.CheckoutPatchedBuild - Error while testing commit: org.eclipse.jgit.errors.MissingObjectException: Missing unknown 0c8cb79b80386e4cc4db49634919dc17b907ca73
04:39:12.019 [main] ERROR f.i.s.r.p.s.c.CheckoutPatchedBuild - Commit head ref cannot be retrieved from the repository: 0c8cb79b80386e4cc4db49634919dc17b907ca73. Operation aborted.
04:39:12.019 [main] ERROR f.i.s.r.p.s.c.CheckoutPatchedBuild - Error while merging two commits to reproduce the PR.
04:39:12.020 [main] DEBUG f.i.s.r.p.s.c.CheckoutPatchedBuild - STEP STATUS: [ CheckoutPatchedBuildCandidate : FAILURE ( BUILDNOTCHECKEDOUT ) ]
04:39:12.020 [main] DEBUG f.i.s.r.p.s.c.CheckoutPatchedBuild - STEP DURATION: 2s
04:39:12.021 [main] DEBUG f.i.s.r.p.s.c.CheckoutPatchedBuild - TERMINATE PIPELINE
04:39:12.021 [main] DEBUG f.i.s.r.p.s.c.CheckoutPatchedBuild - FINAL STEPS SKIPPED: The reproduction of the bug and/or the patch failed.
04:39:12.021 [main] INFO  f.i.s.r.p.s.c.CheckoutPatchedBuild - Serialize all data for the pair of builds 352502655, 352510895
04:39:12.147 [main] INFO  fr.inria.jtravis.JTravis - GitHub ratelimit: Limit: 5000 Remaining: 4349 Reset hour: 19:31:51
04:39:13.033 [main] INFO  f.i.s.r.p.i.ProjectInspector - ----------------------------------------------------------------------
04:39:13.033 [main] INFO  f.i.s.r.p.i.ProjectInspector - PIPELINE EXECUTION SUMMARY
04:39:13.033 [main] INFO  f.i.s.r.p.i.ProjectInspector - ----------------------------------------------------------------------
04:39:13.033 [main] INFO  f.i.s.r.p.i.ProjectInspector - CloneRepository.......................................SUCCESS [ 53 s ]
04:39:13.033 [main] INFO  f.i.s.r.p.i.ProjectInspector - CheckoutPatchedBuildCandidate.........................FAILURE [  2 s ]
04:39:13.033 [main] INFO  f.i.s.r.p.i.ProjectInspector - ComputeSourceDir......................................NOT RUN         
04:39:13.042 [main] INFO  f.i.s.r.p.i.ProjectInspector - ComputeTestDir........................................NOT RUN         
04:39:13.042 [main] INFO  f.i.s.r.p.i.ProjectInspector - CheckoutBuggyBuildCandidateSourceCode.................NOT RUN         
04:39:13.042 [main] INFO  f.i.s.r.p.i.ProjectInspector - BuildProjectBuggyBuildCandidateSourceCode.............NOT RUN         
04:39:13.043 [main] INFO  f.i.s.r.p.i.ProjectInspector - TestProjectBuggyBuildCandidateSourceCode..............NOT RUN         
04:39:13.050 [main] INFO  f.i.s.r.p.i.ProjectInspector - GatherTestInformationBuggyBuildCandidateSourceCode....NOT RUN         
04:39:13.051 [main] INFO  f.i.s.r.p.i.ProjectInspector - CheckoutBuggyBuildTestCode............................NOT RUN         
04:39:13.051 [main] INFO  f.i.s.r.p.i.ProjectInspector - InitRepoToPush........................................NOT RUN         
04:39:13.051 [main] INFO  f.i.s.r.p.i.ProjectInspector - ComputeClasspath......................................NOT RUN         
04:39:13.051 [main] INFO  f.i.s.r.p.i.ProjectInspector - ComputeModules........................................NOT RUN         
04:39:13.051 [main] INFO  f.i.s.r.p.i.ProjectInspector - CheckoutBuggyBuildCandidateSourceCode.................NOT RUN         
04:39:13.051 [main] INFO  f.i.s.r.p.i.ProjectInspector - CommitChangedTests....................................NOT RUN         
04:39:13.051 [main] INFO  f.i.s.r.p.i.ProjectInspector - CheckoutPatchedBuildCandidate.........................NOT RUN         
04:39:13.051 [main] INFO  f.i.s.r.p.i.ProjectInspector - BuildProjectPatchedBuildCandidate.....................NOT RUN         
04:39:13.052 [main] INFO  f.i.s.r.p.i.ProjectInspector - TestProjectPatchedBuildCandidate......................NOT RUN         
04:39:13.052 [main] INFO  f.i.s.r.p.i.ProjectInspector - GatherTestInformationPatchedBuildCandidate............NOT RUN         
04:39:13.052 [main] INFO  f.i.s.r.p.i.ProjectInspector - CommitPatch...........................................NOT RUN         
04:39:13.052 [main] INFO  f.i.s.r.p.i.ProjectInspector - WritePropertyFile.....................................NOT RUN         
04:39:13.052 [main] INFO  f.i.s.r.p.i.ProjectInspector - CommitProcessEnd......................................NOT RUN         
04:39:13.052 [main] INFO  f.i.s.r.p.i.ProjectInspector - PushProcessEnd........................................NOT RUN         
04:39:13.052 [main] INFO  f.i.s.r.p.i.ProjectInspector - ----------------------------------------------------------------------
04:39:13.052 [main] INFO  f.i.s.r.p.i.ProjectInspector - PIPELINE FINDING: BUILDNOTCHECKEDOUT
04:39:13.052 [main] INFO  f.i.s.r.p.i.ProjectInspector - ----------------------------------------------------------------------
04:39:13.053 [main] INFO  f.i.s.repairnator.pipeline.Launcher - Inspector is finished. The process will exit now.
