03:32:26.721 [main] INFO  f.i.s.repairnator.pipeline.Launcher - PIPELINE VERSION: 3.0-2018-08-09 19:04
03:32:26.870 [main] INFO  f.i.s.repairnator.pipeline.Launcher - The pipeline will try to reproduce a bug from build 351976623 and its corresponding patch from build 352029683
03:32:26.871 [main] INFO  f.i.s.repairnator.pipeline.Launcher - Initialize file serializer engines.
03:32:26.872 [main] INFO  f.i.s.repairnator.pipeline.Launcher - MongoDB won't be used for serialization.
03:32:26.873 [main] INFO  f.i.s.repairnator.pipeline.Launcher - The email notifier engine won't be used.
03:32:26.876 [main] INFO  f.i.s.repairnator.pipeline.Launcher - Start by getting the build (buildId: 351976623) with the following config: RepairnatorConfig{runId='4c745e6f-5453-4a37-b2b3-14647c2331ea_03-18-week2-PASSING_AND_PASSING', launcherMode=BEARS, serializeJson=true, inputPath='null', outputPath='/var/log', mongodbHost='null', mongodbName='repairnator', smtpServer='null', notifyTo=[], notifyEndProcess=false, push=true, pushRemoteRepo='https://github.com/fermadeiral/bears-collection-pp', fork=false, lookFromDate=null, lookToDate=null, buildId=351976623, z3solverPath='./z3_for_linux', workspacePath='./workspace', githubToken='c8a341a903[...]', dockerImageName='null', skipDelete=false, createOutputDir=false, logDirectory='null', nbThreads=0, globalTimeout=0, whiteList=null, blackList=null, jobSleepTime=0, buildSleepTime=0, maxInspectedBuilds=0, duration=null, humanPatch=false, repository='null', clean=true, bearsMode=BOTH, bearsDelimiter = false, repairTools=NopolAllTests,NPEFix,AssertFixer,AstorJGenProg,AstorJKali,NopolSingleTest,AstorJMut,NopolTestExclusionStrategy, githubUserName= fermadeiral, githubUserEmail=fer.madeiral@gmail.com}
03:32:28.102 [main] DEBUG fr.inria.jtravis.helpers.BuildHelper - Get request to :https://api.travis-ci.org/build/351976623 done after 845 ms
03:32:28.377 [main] DEBUG fr.inria.jtravis.helpers.BuildHelper - Get request to :https://api.travis-ci.org/build/352029683 done after 130 ms
03:32:28.399 [main] INFO  f.i.s.repairnator.pipeline.Launcher - The patched build (352029683) was successfully retrieved from Travis.
03:32:29.815 [main] INFO  fr.inria.jtravis.JTravis - GitHub ratelimit: Limit: 5000 Remaining: 4703 Reset hour: 19:31:47
03:32:30.103 [main] INFO  f.i.s.r.p.i.ProjectInspector - ----------------------------------------------------------------------
03:32:30.103 [main] INFO  f.i.s.r.p.i.ProjectInspector - PIPELINE STEPS
03:32:30.104 [main] INFO  f.i.s.r.p.i.ProjectInspector - ----------------------------------------------------------------------
03:32:30.104 [main] INFO  f.i.s.r.p.i.ProjectInspector - CloneRepository
03:32:30.104 [main] INFO  f.i.s.r.p.i.ProjectInspector - CheckoutPatchedBuildCandidate
03:32:30.104 [main] INFO  f.i.s.r.p.i.ProjectInspector - ComputeSourceDir
03:32:30.105 [main] INFO  f.i.s.r.p.i.ProjectInspector - ComputeTestDir
03:32:30.105 [main] INFO  f.i.s.r.p.i.ProjectInspector - CheckoutBuggyBuildCandidateSourceCode
03:32:30.105 [main] INFO  f.i.s.r.p.i.ProjectInspector - BuildProjectBuggyBuildCandidateSourceCode
03:32:30.105 [main] INFO  f.i.s.r.p.i.ProjectInspector - TestProjectBuggyBuildCandidateSourceCode
03:32:30.106 [main] INFO  f.i.s.r.p.i.ProjectInspector - GatherTestInformationBuggyBuildCandidateSourceCode
03:32:30.106 [main] INFO  f.i.s.r.p.i.ProjectInspector - CheckoutBuggyBuildTestCode
03:32:30.106 [main] INFO  f.i.s.r.p.i.ProjectInspector - InitRepoToPush
03:32:30.106 [main] INFO  f.i.s.r.p.i.ProjectInspector - ComputeClasspath
03:32:30.107 [main] INFO  f.i.s.r.p.i.ProjectInspector - ComputeModules
03:32:30.107 [main] INFO  f.i.s.r.p.i.ProjectInspector - CheckoutBuggyBuildCandidateSourceCode
03:32:30.107 [main] INFO  f.i.s.r.p.i.ProjectInspector - CommitChangedTests
03:32:30.107 [main] INFO  f.i.s.r.p.i.ProjectInspector - CheckoutPatchedBuildCandidate
03:32:30.107 [main] INFO  f.i.s.r.p.i.ProjectInspector - BuildProjectPatchedBuildCandidate
03:32:30.108 [main] INFO  f.i.s.r.p.i.ProjectInspector - TestProjectPatchedBuildCandidate
03:32:30.108 [main] INFO  f.i.s.r.p.i.ProjectInspector - GatherTestInformationPatchedBuildCandidate
03:32:30.109 [main] INFO  f.i.s.r.p.i.ProjectInspector - CommitPatch
03:32:30.109 [main] INFO  f.i.s.r.p.i.ProjectInspector - WritePropertyFile
03:32:30.110 [main] INFO  f.i.s.r.p.i.ProjectInspector - CommitProcessEnd
03:32:30.110 [main] INFO  f.i.s.r.p.i.ProjectInspector - PushProcessEnd
03:32:30.111 [main] DEBUG f.i.s.r.process.step.CloneRepository - ----------------------------------------------------------------------
03:32:30.111 [main] DEBUG f.i.s.r.process.step.CloneRepository - STEP 1/22: CloneRepository
03:32:30.112 [main] DEBUG f.i.s.r.process.step.CloneRepository - ----------------------------------------------------------------------
03:32:30.112 [main] DEBUG f.i.s.r.process.step.CloneRepository - Cloning repository apache/nifi in the following directory: ./workspace/apache/nifi/351976623
03:33:07.778 [main] DEBUG f.i.s.r.process.step.CloneRepository - STEP STATUS: [ CloneRepository : SUCCESS ]
03:33:07.779 [main] DEBUG f.i.s.r.process.step.CloneRepository - STEP DURATION: 37s
03:33:07.779 [main] DEBUG f.i.s.r.process.step.CloneRepository - EXECUTE NEXT STEP
03:33:07.780 [main] DEBUG f.i.s.r.p.s.c.CheckoutPatchedBuild - ----------------------------------------------------------------------
03:33:07.780 [main] DEBUG f.i.s.r.p.s.c.CheckoutPatchedBuild - STEP 2/22: CheckoutPatchedBuildCandidate
03:33:07.780 [main] DEBUG f.i.s.r.p.s.c.CheckoutPatchedBuild - ----------------------------------------------------------------------
03:33:07.781 [main] DEBUG f.i.s.r.p.s.c.CheckoutPatchedBuild - Checking out patched build candidate...
03:33:08.109 [main] INFO  fr.inria.jtravis.JTravis - GitHub ratelimit: Limit: 5000 Remaining: 4702 Reset hour: 19:31:47
03:33:11.398 [main] DEBUG f.i.s.r.p.s.c.CheckoutPatchedBuild - Reproduce the PR for apache/nifi by fetching remote branch and merging.
03:33:13.434 [main] ERROR f.i.s.r.p.s.c.CheckoutPatchedBuild - Error while testing commit: org.eclipse.jgit.errors.MissingObjectException: Missing unknown d9184b0c419bc7cceed4ffc9d9b4b48488041d72
03:33:13.435 [main] ERROR f.i.s.r.p.s.c.CheckoutPatchedBuild - Commit head ref cannot be retrieved from the repository: d9184b0c419bc7cceed4ffc9d9b4b48488041d72. Operation aborted.
03:33:13.435 [main] ERROR f.i.s.r.p.s.c.CheckoutPatchedBuild - Error while merging two commits to reproduce the PR.
03:33:13.436 [main] DEBUG f.i.s.r.p.s.c.CheckoutPatchedBuild - STEP STATUS: [ CheckoutPatchedBuildCandidate : FAILURE ( BUILDNOTCHECKEDOUT ) ]
03:33:13.436 [main] DEBUG f.i.s.r.p.s.c.CheckoutPatchedBuild - STEP DURATION: 5s
03:33:13.436 [main] DEBUG f.i.s.r.p.s.c.CheckoutPatchedBuild - TERMINATE PIPELINE
03:33:13.437 [main] DEBUG f.i.s.r.p.s.c.CheckoutPatchedBuild - FINAL STEPS SKIPPED: The reproduction of the bug and/or the patch failed.
03:33:13.437 [main] INFO  f.i.s.r.p.s.c.CheckoutPatchedBuild - Serialize all data for the pair of builds 351976623, 352029683
03:33:13.559 [main] INFO  fr.inria.jtravis.JTravis - GitHub ratelimit: Limit: 5000 Remaining: 4695 Reset hour: 19:31:47
03:33:14.989 [main] INFO  f.i.s.r.p.i.ProjectInspector - ----------------------------------------------------------------------
03:33:14.989 [main] INFO  f.i.s.r.p.i.ProjectInspector - PIPELINE EXECUTION SUMMARY
03:33:14.989 [main] INFO  f.i.s.r.p.i.ProjectInspector - ----------------------------------------------------------------------
03:33:14.990 [main] INFO  f.i.s.r.p.i.ProjectInspector - CloneRepository.......................................SUCCESS [ 37 s ]
03:33:14.990 [main] INFO  f.i.s.r.p.i.ProjectInspector - CheckoutPatchedBuildCandidate.........................FAILURE [  5 s ]
03:33:14.990 [main] INFO  f.i.s.r.p.i.ProjectInspector - ComputeSourceDir......................................NOT RUN         
03:33:14.990 [main] INFO  f.i.s.r.p.i.ProjectInspector - ComputeTestDir........................................NOT RUN         
03:33:15.002 [main] INFO  f.i.s.r.p.i.ProjectInspector - CheckoutBuggyBuildCandidateSourceCode.................NOT RUN         
03:33:15.002 [main] INFO  f.i.s.r.p.i.ProjectInspector - BuildProjectBuggyBuildCandidateSourceCode.............NOT RUN         
03:33:15.002 [main] INFO  f.i.s.r.p.i.ProjectInspector - TestProjectBuggyBuildCandidateSourceCode..............NOT RUN         
03:33:15.002 [main] INFO  f.i.s.r.p.i.ProjectInspector - GatherTestInformationBuggyBuildCandidateSourceCode....NOT RUN         
03:33:15.003 [main] INFO  f.i.s.r.p.i.ProjectInspector - CheckoutBuggyBuildTestCode............................NOT RUN         
03:33:15.003 [main] INFO  f.i.s.r.p.i.ProjectInspector - InitRepoToPush........................................NOT RUN         
03:33:15.003 [main] INFO  f.i.s.r.p.i.ProjectInspector - ComputeClasspath......................................NOT RUN         
03:33:15.003 [main] INFO  f.i.s.r.p.i.ProjectInspector - ComputeModules........................................NOT RUN         
03:33:15.003 [main] INFO  f.i.s.r.p.i.ProjectInspector - CheckoutBuggyBuildCandidateSourceCode.................NOT RUN         
03:33:15.003 [main] INFO  f.i.s.r.p.i.ProjectInspector - CommitChangedTests....................................NOT RUN         
03:33:15.004 [main] INFO  f.i.s.r.p.i.ProjectInspector - CheckoutPatchedBuildCandidate.........................NOT RUN         
03:33:15.004 [main] INFO  f.i.s.r.p.i.ProjectInspector - BuildProjectPatchedBuildCandidate.....................NOT RUN         
03:33:15.004 [main] INFO  f.i.s.r.p.i.ProjectInspector - TestProjectPatchedBuildCandidate......................NOT RUN         
03:33:15.004 [main] INFO  f.i.s.r.p.i.ProjectInspector - GatherTestInformationPatchedBuildCandidate............NOT RUN         
03:33:15.004 [main] INFO  f.i.s.r.p.i.ProjectInspector - CommitPatch...........................................NOT RUN         
03:33:15.004 [main] INFO  f.i.s.r.p.i.ProjectInspector - WritePropertyFile.....................................NOT RUN         
03:33:15.005 [main] INFO  f.i.s.r.p.i.ProjectInspector - CommitProcessEnd......................................NOT RUN         
03:33:15.005 [main] INFO  f.i.s.r.p.i.ProjectInspector - PushProcessEnd........................................NOT RUN         
03:33:15.005 [main] INFO  f.i.s.r.p.i.ProjectInspector - ----------------------------------------------------------------------
03:33:15.005 [main] INFO  f.i.s.r.p.i.ProjectInspector - PIPELINE FINDING: BUILDNOTCHECKEDOUT
03:33:15.005 [main] INFO  f.i.s.r.p.i.ProjectInspector - ----------------------------------------------------------------------
03:33:15.005 [main] INFO  f.i.s.repairnator.pipeline.Launcher - Inspector is finished. The process will exit now.
