05:57:10.729 [main] INFO  f.i.s.repairnator.pipeline.Launcher - PIPELINE VERSION: 3.0-2018-08-09 19:04
05:57:10.839 [main] INFO  f.i.s.repairnator.pipeline.Launcher - The pipeline will try to reproduce a bug from build 351901052 and its corresponding patch from build 351901101
05:57:10.840 [main] INFO  f.i.s.repairnator.pipeline.Launcher - Initialize file serializer engines.
05:57:10.841 [main] INFO  f.i.s.repairnator.pipeline.Launcher - MongoDB won't be used for serialization.
05:57:10.841 [main] INFO  f.i.s.repairnator.pipeline.Launcher - The email notifier engine won't be used.
05:57:10.844 [main] INFO  f.i.s.repairnator.pipeline.Launcher - Start by getting the build (buildId: 351901052) with the following config: RepairnatorConfig{runId='4c745e6f-5453-4a37-b2b3-14647c2331ea_03-18-week2-PASSING_AND_PASSING', launcherMode=BEARS, serializeJson=true, inputPath='null', outputPath='/var/log', mongodbHost='null', mongodbName='repairnator', smtpServer='null', notifyTo=[], notifyEndProcess=false, push=true, pushRemoteRepo='https://github.com/fermadeiral/bears-collection-pp', fork=false, lookFromDate=null, lookToDate=null, buildId=351901052, z3solverPath='./z3_for_linux', workspacePath='./workspace', githubToken='c8a341a903[...]', dockerImageName='null', skipDelete=false, createOutputDir=false, logDirectory='null', nbThreads=0, globalTimeout=0, whiteList=null, blackList=null, jobSleepTime=0, buildSleepTime=0, maxInspectedBuilds=0, duration=null, humanPatch=false, repository='null', clean=true, bearsMode=BOTH, bearsDelimiter = false, repairTools=NopolAllTests,NPEFix,AssertFixer,AstorJGenProg,AstorJKali,NopolSingleTest,AstorJMut,NopolTestExclusionStrategy, githubUserName= fermadeiral, githubUserEmail=fer.madeiral@gmail.com}
05:57:12.108 [main] DEBUG fr.inria.jtravis.helpers.BuildHelper - Get request to :https://api.travis-ci.org/build/351901052 done after 869 ms
05:57:12.358 [main] DEBUG fr.inria.jtravis.helpers.BuildHelper - Get request to :https://api.travis-ci.org/build/351901101 done after 126 ms
05:57:12.374 [main] INFO  f.i.s.repairnator.pipeline.Launcher - The patched build (351901101) was successfully retrieved from Travis.
05:57:13.548 [main] INFO  fr.inria.jtravis.JTravis - GitHub ratelimit: Limit: 5000 Remaining: 4225 Reset hour: 19:31:55
05:57:13.835 [main] INFO  f.i.s.r.p.i.ProjectInspector - ----------------------------------------------------------------------
05:57:13.836 [main] INFO  f.i.s.r.p.i.ProjectInspector - PIPELINE STEPS
05:57:13.836 [main] INFO  f.i.s.r.p.i.ProjectInspector - ----------------------------------------------------------------------
05:57:13.836 [main] INFO  f.i.s.r.p.i.ProjectInspector - CloneRepository
05:57:13.836 [main] INFO  f.i.s.r.p.i.ProjectInspector - CheckoutPatchedBuildCandidate
05:57:13.836 [main] INFO  f.i.s.r.p.i.ProjectInspector - ComputeSourceDir
05:57:13.836 [main] INFO  f.i.s.r.p.i.ProjectInspector - ComputeTestDir
05:57:13.837 [main] INFO  f.i.s.r.p.i.ProjectInspector - CheckoutBuggyBuildCandidateSourceCode
05:57:13.837 [main] INFO  f.i.s.r.p.i.ProjectInspector - BuildProjectBuggyBuildCandidateSourceCode
05:57:13.837 [main] INFO  f.i.s.r.p.i.ProjectInspector - TestProjectBuggyBuildCandidateSourceCode
05:57:13.837 [main] INFO  f.i.s.r.p.i.ProjectInspector - GatherTestInformationBuggyBuildCandidateSourceCode
05:57:13.837 [main] INFO  f.i.s.r.p.i.ProjectInspector - CheckoutBuggyBuildTestCode
05:57:13.837 [main] INFO  f.i.s.r.p.i.ProjectInspector - InitRepoToPush
05:57:13.838 [main] INFO  f.i.s.r.p.i.ProjectInspector - ComputeClasspath
05:57:13.838 [main] INFO  f.i.s.r.p.i.ProjectInspector - ComputeModules
05:57:13.838 [main] INFO  f.i.s.r.p.i.ProjectInspector - CheckoutBuggyBuildCandidateSourceCode
05:57:13.838 [main] INFO  f.i.s.r.p.i.ProjectInspector - CommitChangedTests
05:57:13.838 [main] INFO  f.i.s.r.p.i.ProjectInspector - CheckoutPatchedBuildCandidate
05:57:13.838 [main] INFO  f.i.s.r.p.i.ProjectInspector - BuildProjectPatchedBuildCandidate
05:57:13.838 [main] INFO  f.i.s.r.p.i.ProjectInspector - TestProjectPatchedBuildCandidate
05:57:13.838 [main] INFO  f.i.s.r.p.i.ProjectInspector - GatherTestInformationPatchedBuildCandidate
05:57:13.839 [main] INFO  f.i.s.r.p.i.ProjectInspector - CommitPatch
05:57:13.839 [main] INFO  f.i.s.r.p.i.ProjectInspector - WritePropertyFile
05:57:13.839 [main] INFO  f.i.s.r.p.i.ProjectInspector - CommitProcessEnd
05:57:13.840 [main] INFO  f.i.s.r.p.i.ProjectInspector - PushProcessEnd
05:57:13.840 [main] DEBUG f.i.s.r.process.step.CloneRepository - ----------------------------------------------------------------------
05:57:13.841 [main] DEBUG f.i.s.r.process.step.CloneRepository - STEP 1/22: CloneRepository
05:57:13.841 [main] DEBUG f.i.s.r.process.step.CloneRepository - ----------------------------------------------------------------------
05:57:13.841 [main] DEBUG f.i.s.r.process.step.CloneRepository - Cloning repository CorfuDB/CorfuDB in the following directory: ./workspace/CorfuDB/CorfuDB/351901052
06:01:26.988 [main] DEBUG f.i.s.r.process.step.CloneRepository - STEP STATUS: [ CloneRepository : SUCCESS ]
06:01:26.989 [main] DEBUG f.i.s.r.process.step.CloneRepository - STEP DURATION: 253s
06:01:26.989 [main] DEBUG f.i.s.r.process.step.CloneRepository - EXECUTE NEXT STEP
06:01:26.989 [main] DEBUG f.i.s.r.p.s.c.CheckoutPatchedBuild - ----------------------------------------------------------------------
06:01:26.990 [main] DEBUG f.i.s.r.p.s.c.CheckoutPatchedBuild - STEP 2/22: CheckoutPatchedBuildCandidate
06:01:26.990 [main] DEBUG f.i.s.r.p.s.c.CheckoutPatchedBuild - ----------------------------------------------------------------------
06:01:26.990 [main] DEBUG f.i.s.r.p.s.c.CheckoutPatchedBuild - Checking out patched build candidate...
06:01:27.334 [main] INFO  fr.inria.jtravis.JTravis - GitHub ratelimit: Limit: 5000 Remaining: 4209 Reset hour: 19:31:55
06:01:29.043 [main] DEBUG f.i.s.r.p.s.c.CheckoutPatchedBuild - Reproduce the PR for CorfuDB/CorfuDB by fetching remote branch and merging.
06:01:29.975 [main] ERROR f.i.s.r.p.s.c.CheckoutPatchedBuild - Error while testing commit: org.eclipse.jgit.errors.MissingObjectException: Missing unknown d057b2589b17a17869741fe00f2e8aabe8338cef
06:01:29.976 [main] ERROR f.i.s.r.p.s.c.CheckoutPatchedBuild - Commit head ref cannot be retrieved from the repository: d057b2589b17a17869741fe00f2e8aabe8338cef. Operation aborted.
06:01:29.976 [main] ERROR f.i.s.r.p.s.c.CheckoutPatchedBuild - Error while merging two commits to reproduce the PR.
06:01:29.977 [main] DEBUG f.i.s.r.p.s.c.CheckoutPatchedBuild - STEP STATUS: [ CheckoutPatchedBuildCandidate : FAILURE ( BUILDNOTCHECKEDOUT ) ]
06:01:29.977 [main] DEBUG f.i.s.r.p.s.c.CheckoutPatchedBuild - STEP DURATION: 2s
06:01:29.977 [main] DEBUG f.i.s.r.p.s.c.CheckoutPatchedBuild - TERMINATE PIPELINE
06:01:29.978 [main] DEBUG f.i.s.r.p.s.c.CheckoutPatchedBuild - FINAL STEPS SKIPPED: The reproduction of the bug and/or the patch failed.
06:01:29.978 [main] INFO  f.i.s.r.p.s.c.CheckoutPatchedBuild - Serialize all data for the pair of builds 351901052, 351901101
06:01:30.102 [main] INFO  fr.inria.jtravis.JTravis - GitHub ratelimit: Limit: 5000 Remaining: 4202 Reset hour: 19:31:55
06:01:30.557 [main] INFO  f.i.s.r.p.i.ProjectInspector - ----------------------------------------------------------------------
06:01:30.557 [main] INFO  f.i.s.r.p.i.ProjectInspector - PIPELINE EXECUTION SUMMARY
06:01:30.558 [main] INFO  f.i.s.r.p.i.ProjectInspector - ----------------------------------------------------------------------
06:01:30.558 [main] INFO  f.i.s.r.p.i.ProjectInspector - CloneRepository......................................SUCCESS [ 253 s ]
06:01:30.558 [main] INFO  f.i.s.r.p.i.ProjectInspector - CheckoutPatchedBuildCandidate........................FAILURE [   2 s ]
06:01:30.559 [main] INFO  f.i.s.r.p.i.ProjectInspector - ComputeSourceDir.....................................NOT RUN          
06:01:30.559 [main] INFO  f.i.s.r.p.i.ProjectInspector - ComputeTestDir.......................................NOT RUN          
06:01:30.559 [main] INFO  f.i.s.r.p.i.ProjectInspector - CheckoutBuggyBuildCandidateSourceCode................NOT RUN          
06:01:30.559 [main] INFO  f.i.s.r.p.i.ProjectInspector - BuildProjectBuggyBuildCandidateSourceCode............NOT RUN          
06:01:30.559 [main] INFO  f.i.s.r.p.i.ProjectInspector - TestProjectBuggyBuildCandidateSourceCode.............NOT RUN          
06:01:30.560 [main] INFO  f.i.s.r.p.i.ProjectInspector - GatherTestInformationBuggyBuildCandidateSourceCode...NOT RUN          
06:01:30.560 [main] INFO  f.i.s.r.p.i.ProjectInspector - CheckoutBuggyBuildTestCode...........................NOT RUN          
06:01:30.560 [main] INFO  f.i.s.r.p.i.ProjectInspector - InitRepoToPush.......................................NOT RUN          
06:01:30.560 [main] INFO  f.i.s.r.p.i.ProjectInspector - ComputeClasspath.....................................NOT RUN          
06:01:30.560 [main] INFO  f.i.s.r.p.i.ProjectInspector - ComputeModules.......................................NOT RUN          
06:01:30.560 [main] INFO  f.i.s.r.p.i.ProjectInspector - CheckoutBuggyBuildCandidateSourceCode................NOT RUN          
06:01:30.560 [main] INFO  f.i.s.r.p.i.ProjectInspector - CommitChangedTests...................................NOT RUN          
06:01:30.561 [main] INFO  f.i.s.r.p.i.ProjectInspector - CheckoutPatchedBuildCandidate........................NOT RUN          
06:01:30.561 [main] INFO  f.i.s.r.p.i.ProjectInspector - BuildProjectPatchedBuildCandidate....................NOT RUN          
06:01:30.561 [main] INFO  f.i.s.r.p.i.ProjectInspector - TestProjectPatchedBuildCandidate.....................NOT RUN          
06:01:30.561 [main] INFO  f.i.s.r.p.i.ProjectInspector - GatherTestInformationPatchedBuildCandidate...........NOT RUN          
06:01:30.561 [main] INFO  f.i.s.r.p.i.ProjectInspector - CommitPatch..........................................NOT RUN          
06:01:30.561 [main] INFO  f.i.s.r.p.i.ProjectInspector - WritePropertyFile....................................NOT RUN          
06:01:30.562 [main] INFO  f.i.s.r.p.i.ProjectInspector - CommitProcessEnd.....................................NOT RUN          
06:01:30.562 [main] INFO  f.i.s.r.p.i.ProjectInspector - PushProcessEnd.......................................NOT RUN          
06:01:30.562 [main] INFO  f.i.s.r.p.i.ProjectInspector - ----------------------------------------------------------------------
06:01:30.562 [main] INFO  f.i.s.r.p.i.ProjectInspector - PIPELINE FINDING: BUILDNOTCHECKEDOUT
06:01:30.562 [main] INFO  f.i.s.r.p.i.ProjectInspector - ----------------------------------------------------------------------
06:01:30.562 [main] INFO  f.i.s.repairnator.pipeline.Launcher - Inspector is finished. The process will exit now.
