05:21:49.551 [main] INFO  f.i.s.repairnator.pipeline.Launcher - PIPELINE VERSION: 3.0-2018-08-09 19:04
05:21:49.810 [main] INFO  f.i.s.repairnator.pipeline.Launcher - The pipeline will try to reproduce a bug from build 350290096 and its corresponding patch from build 350621322
05:21:49.811 [main] INFO  f.i.s.repairnator.pipeline.Launcher - Initialize file serializer engines.
05:21:49.812 [main] INFO  f.i.s.repairnator.pipeline.Launcher - MongoDB won't be used for serialization.
05:21:49.812 [main] INFO  f.i.s.repairnator.pipeline.Launcher - The email notifier engine won't be used.
05:21:49.819 [main] INFO  f.i.s.repairnator.pipeline.Launcher - Start by getting the build (buildId: 350290096) with the following config: RepairnatorConfig{runId='4c745e6f-5453-4a37-b2b3-14647c2331ea_03-18-week2-PASSING_AND_PASSING', launcherMode=BEARS, serializeJson=true, inputPath='null', outputPath='/var/log', mongodbHost='null', mongodbName='repairnator', smtpServer='null', notifyTo=[], notifyEndProcess=false, push=true, pushRemoteRepo='https://github.com/fermadeiral/bears-collection-pp', fork=false, lookFromDate=null, lookToDate=null, buildId=350290096, z3solverPath='./z3_for_linux', workspacePath='./workspace', githubToken='c8a341a903[...]', dockerImageName='null', skipDelete=false, createOutputDir=false, logDirectory='null', nbThreads=0, globalTimeout=0, whiteList=null, blackList=null, jobSleepTime=0, buildSleepTime=0, maxInspectedBuilds=0, duration=null, humanPatch=false, repository='null', clean=true, bearsMode=BOTH, bearsDelimiter = false, repairTools=NopolAllTests,NPEFix,AssertFixer,AstorJGenProg,AstorJKali,NopolSingleTest,AstorJMut,NopolTestExclusionStrategy, githubUserName= fermadeiral, githubUserEmail=fer.madeiral@gmail.com}
05:21:51.217 [main] DEBUG fr.inria.jtravis.helpers.BuildHelper - Get request to :https://api.travis-ci.org/build/350290096 done after 753 ms
05:21:51.464 [main] DEBUG fr.inria.jtravis.helpers.BuildHelper - Get request to :https://api.travis-ci.org/build/350621322 done after 145 ms
05:21:51.487 [main] INFO  f.i.s.repairnator.pipeline.Launcher - The patched build (350621322) was successfully retrieved from Travis.
05:21:52.628 [main] INFO  fr.inria.jtravis.JTravis - GitHub ratelimit: Limit: 5000 Remaining: 4869 Reset hour: 19:31:55
05:21:52.888 [main] INFO  f.i.s.r.p.i.ProjectInspector - ----------------------------------------------------------------------
05:21:52.888 [main] INFO  f.i.s.r.p.i.ProjectInspector - PIPELINE STEPS
05:21:52.888 [main] INFO  f.i.s.r.p.i.ProjectInspector - ----------------------------------------------------------------------
05:21:52.888 [main] INFO  f.i.s.r.p.i.ProjectInspector - CloneRepository
05:21:52.888 [main] INFO  f.i.s.r.p.i.ProjectInspector - CheckoutPatchedBuildCandidate
05:21:52.889 [main] INFO  f.i.s.r.p.i.ProjectInspector - ComputeSourceDir
05:21:52.889 [main] INFO  f.i.s.r.p.i.ProjectInspector - ComputeTestDir
05:21:52.889 [main] INFO  f.i.s.r.p.i.ProjectInspector - CheckoutBuggyBuildCandidateSourceCode
05:21:52.889 [main] INFO  f.i.s.r.p.i.ProjectInspector - BuildProjectBuggyBuildCandidateSourceCode
05:21:52.889 [main] INFO  f.i.s.r.p.i.ProjectInspector - TestProjectBuggyBuildCandidateSourceCode
05:21:52.889 [main] INFO  f.i.s.r.p.i.ProjectInspector - GatherTestInformationBuggyBuildCandidateSourceCode
05:21:52.890 [main] INFO  f.i.s.r.p.i.ProjectInspector - CheckoutBuggyBuildTestCode
05:21:52.890 [main] INFO  f.i.s.r.p.i.ProjectInspector - InitRepoToPush
05:21:52.890 [main] INFO  f.i.s.r.p.i.ProjectInspector - ComputeClasspath
05:21:52.890 [main] INFO  f.i.s.r.p.i.ProjectInspector - ComputeModules
05:21:52.890 [main] INFO  f.i.s.r.p.i.ProjectInspector - CheckoutBuggyBuildCandidateSourceCode
05:21:52.890 [main] INFO  f.i.s.r.p.i.ProjectInspector - CommitChangedTests
05:21:52.890 [main] INFO  f.i.s.r.p.i.ProjectInspector - CheckoutPatchedBuildCandidate
05:21:52.891 [main] INFO  f.i.s.r.p.i.ProjectInspector - BuildProjectPatchedBuildCandidate
05:21:52.891 [main] INFO  f.i.s.r.p.i.ProjectInspector - TestProjectPatchedBuildCandidate
05:21:52.891 [main] INFO  f.i.s.r.p.i.ProjectInspector - GatherTestInformationPatchedBuildCandidate
05:21:52.891 [main] INFO  f.i.s.r.p.i.ProjectInspector - CommitPatch
05:21:52.891 [main] INFO  f.i.s.r.p.i.ProjectInspector - WritePropertyFile
05:21:52.892 [main] INFO  f.i.s.r.p.i.ProjectInspector - CommitProcessEnd
05:21:52.892 [main] INFO  f.i.s.r.p.i.ProjectInspector - PushProcessEnd
05:21:52.893 [main] DEBUG f.i.s.r.process.step.CloneRepository - ----------------------------------------------------------------------
05:21:52.893 [main] DEBUG f.i.s.r.process.step.CloneRepository - STEP 1/22: CloneRepository
05:21:52.893 [main] DEBUG f.i.s.r.process.step.CloneRepository - ----------------------------------------------------------------------
05:21:52.893 [main] DEBUG f.i.s.r.process.step.CloneRepository - Cloning repository apache/incubator-servicecomb-java-chassis in the following directory: ./workspace/apache/incubator-servicecomb-java-chassis/350290096
05:22:02.473 [main] DEBUG f.i.s.r.process.step.CloneRepository - STEP STATUS: [ CloneRepository : SUCCESS ]
05:22:02.474 [main] DEBUG f.i.s.r.process.step.CloneRepository - STEP DURATION: 9s
05:22:02.474 [main] DEBUG f.i.s.r.process.step.CloneRepository - EXECUTE NEXT STEP
05:22:02.475 [main] DEBUG f.i.s.r.p.s.c.CheckoutPatchedBuild - ----------------------------------------------------------------------
05:22:02.475 [main] DEBUG f.i.s.r.p.s.c.CheckoutPatchedBuild - STEP 2/22: CheckoutPatchedBuildCandidate
05:22:02.475 [main] DEBUG f.i.s.r.p.s.c.CheckoutPatchedBuild - ----------------------------------------------------------------------
05:22:02.476 [main] DEBUG f.i.s.r.p.s.c.CheckoutPatchedBuild - Checking out patched build candidate...
05:22:02.794 [main] INFO  fr.inria.jtravis.JTravis - GitHub ratelimit: Limit: 5000 Remaining: 4868 Reset hour: 19:31:55
05:22:04.735 [main] DEBUG f.i.s.r.p.s.c.CheckoutPatchedBuild - Reproduce the PR for apache/incubator-servicecomb-java-chassis by fetching remote branch and merging.
05:22:06.296 [main] ERROR f.i.s.r.p.s.c.CheckoutPatchedBuild - Error while testing commit: org.eclipse.jgit.errors.MissingObjectException: Missing unknown afe1d7889e9571c8a9ed026702a26b63d9d56adb
05:22:06.299 [main] ERROR f.i.s.r.p.s.c.CheckoutPatchedBuild - Commit head ref cannot be retrieved from the repository: afe1d7889e9571c8a9ed026702a26b63d9d56adb. Operation aborted.
05:22:06.299 [main] ERROR f.i.s.r.p.s.c.CheckoutPatchedBuild - Error while merging two commits to reproduce the PR.
05:22:06.301 [main] DEBUG f.i.s.r.p.s.c.CheckoutPatchedBuild - STEP STATUS: [ CheckoutPatchedBuildCandidate : FAILURE ( BUILDNOTCHECKEDOUT ) ]
05:22:06.301 [main] DEBUG f.i.s.r.p.s.c.CheckoutPatchedBuild - STEP DURATION: 3s
05:22:06.302 [main] DEBUG f.i.s.r.p.s.c.CheckoutPatchedBuild - TERMINATE PIPELINE
05:22:06.302 [main] DEBUG f.i.s.r.p.s.c.CheckoutPatchedBuild - FINAL STEPS SKIPPED: The reproduction of the bug and/or the patch failed.
05:22:06.303 [main] INFO  f.i.s.r.p.s.c.CheckoutPatchedBuild - Serialize all data for the pair of builds 350290096, 350621322
05:22:06.417 [main] INFO  fr.inria.jtravis.JTravis - GitHub ratelimit: Limit: 5000 Remaining: 4861 Reset hour: 19:31:55
05:22:07.657 [main] INFO  f.i.s.r.p.i.ProjectInspector - ----------------------------------------------------------------------
05:22:07.658 [main] INFO  f.i.s.r.p.i.ProjectInspector - PIPELINE EXECUTION SUMMARY
05:22:07.658 [main] INFO  f.i.s.r.p.i.ProjectInspector - ----------------------------------------------------------------------
05:22:07.658 [main] INFO  f.i.s.r.p.i.ProjectInspector - CloneRepository........................................SUCCESS [ 9 s ]
05:22:07.659 [main] INFO  f.i.s.r.p.i.ProjectInspector - CheckoutPatchedBuildCandidate..........................FAILURE [ 3 s ]
05:22:07.659 [main] INFO  f.i.s.r.p.i.ProjectInspector - ComputeSourceDir.......................................NOT RUN        
05:22:07.659 [main] INFO  f.i.s.r.p.i.ProjectInspector - ComputeTestDir.........................................NOT RUN        
05:22:07.659 [main] INFO  f.i.s.r.p.i.ProjectInspector - CheckoutBuggyBuildCandidateSourceCode..................NOT RUN        
05:22:07.659 [main] INFO  f.i.s.r.p.i.ProjectInspector - BuildProjectBuggyBuildCandidateSourceCode..............NOT RUN        
05:22:07.660 [main] INFO  f.i.s.r.p.i.ProjectInspector - TestProjectBuggyBuildCandidateSourceCode...............NOT RUN        
05:22:07.660 [main] INFO  f.i.s.r.p.i.ProjectInspector - GatherTestInformationBuggyBuildCandidateSourceCode.....NOT RUN        
05:22:07.660 [main] INFO  f.i.s.r.p.i.ProjectInspector - CheckoutBuggyBuildTestCode.............................NOT RUN        
05:22:07.660 [main] INFO  f.i.s.r.p.i.ProjectInspector - InitRepoToPush.........................................NOT RUN        
05:22:07.660 [main] INFO  f.i.s.r.p.i.ProjectInspector - ComputeClasspath.......................................NOT RUN        
05:22:07.660 [main] INFO  f.i.s.r.p.i.ProjectInspector - ComputeModules.........................................NOT RUN        
05:22:07.661 [main] INFO  f.i.s.r.p.i.ProjectInspector - CheckoutBuggyBuildCandidateSourceCode..................NOT RUN        
05:22:07.661 [main] INFO  f.i.s.r.p.i.ProjectInspector - CommitChangedTests.....................................NOT RUN        
05:22:07.661 [main] INFO  f.i.s.r.p.i.ProjectInspector - CheckoutPatchedBuildCandidate..........................NOT RUN        
05:22:07.661 [main] INFO  f.i.s.r.p.i.ProjectInspector - BuildProjectPatchedBuildCandidate......................NOT RUN        
05:22:07.661 [main] INFO  f.i.s.r.p.i.ProjectInspector - TestProjectPatchedBuildCandidate.......................NOT RUN        
05:22:07.661 [main] INFO  f.i.s.r.p.i.ProjectInspector - GatherTestInformationPatchedBuildCandidate.............NOT RUN        
05:22:07.661 [main] INFO  f.i.s.r.p.i.ProjectInspector - CommitPatch............................................NOT RUN        
05:22:07.662 [main] INFO  f.i.s.r.p.i.ProjectInspector - WritePropertyFile......................................NOT RUN        
05:22:07.662 [main] INFO  f.i.s.r.p.i.ProjectInspector - CommitProcessEnd.......................................NOT RUN        
05:22:07.662 [main] INFO  f.i.s.r.p.i.ProjectInspector - PushProcessEnd.........................................NOT RUN        
05:22:07.662 [main] INFO  f.i.s.r.p.i.ProjectInspector - ----------------------------------------------------------------------
05:22:07.663 [main] INFO  f.i.s.r.p.i.ProjectInspector - PIPELINE FINDING: BUILDNOTCHECKEDOUT
05:22:07.663 [main] INFO  f.i.s.r.p.i.ProjectInspector - ----------------------------------------------------------------------
05:22:07.663 [main] INFO  f.i.s.repairnator.pipeline.Launcher - Inspector is finished. The process will exit now.
