01:56:35.658 [main] INFO  f.i.s.repairnator.pipeline.Launcher - PIPELINE VERSION: 3.0-2018-08-09 19:04
01:56:35.760 [main] INFO  f.i.s.repairnator.pipeline.Launcher - The pipeline will try to reproduce a bug from build 352496806 and its corresponding patch from build 352497405
01:56:35.761 [main] INFO  f.i.s.repairnator.pipeline.Launcher - Initialize file serializer engines.
01:56:35.762 [main] INFO  f.i.s.repairnator.pipeline.Launcher - MongoDB won't be used for serialization.
01:56:35.762 [main] INFO  f.i.s.repairnator.pipeline.Launcher - The email notifier engine won't be used.
01:56:35.765 [main] INFO  f.i.s.repairnator.pipeline.Launcher - Start by getting the build (buildId: 352496806) with the following config: RepairnatorConfig{runId='4c745e6f-5453-4a37-b2b3-14647c2331ea_03-18-week2-PASSING_AND_PASSING', launcherMode=BEARS, serializeJson=true, inputPath='null', outputPath='/var/log', mongodbHost='null', mongodbName='repairnator', smtpServer='null', notifyTo=[], notifyEndProcess=false, push=true, pushRemoteRepo='https://github.com/fermadeiral/bears-collection-pp', fork=false, lookFromDate=null, lookToDate=null, buildId=352496806, z3solverPath='./z3_for_linux', workspacePath='./workspace', githubToken='c8a341a903[...]', dockerImageName='null', skipDelete=false, createOutputDir=false, logDirectory='null', nbThreads=0, globalTimeout=0, whiteList=null, blackList=null, jobSleepTime=0, buildSleepTime=0, maxInspectedBuilds=0, duration=null, humanPatch=false, repository='null', clean=true, bearsMode=BOTH, bearsDelimiter = false, repairTools=NopolAllTests,NPEFix,AssertFixer,AstorJGenProg,AstorJKali,NopolSingleTest,AstorJMut,NopolTestExclusionStrategy, githubUserName= fermadeiral, githubUserEmail=fer.madeiral@gmail.com}
01:56:36.928 [main] DEBUG fr.inria.jtravis.helpers.BuildHelper - Get request to :https://api.travis-ci.org/build/352496806 done after 774 ms
01:56:37.174 [main] DEBUG fr.inria.jtravis.helpers.BuildHelper - Get request to :https://api.travis-ci.org/build/352497405 done after 130 ms
01:56:37.188 [main] INFO  f.i.s.repairnator.pipeline.Launcher - The patched build (352497405) was successfully retrieved from Travis.
01:56:38.173 [main] INFO  fr.inria.jtravis.JTravis - GitHub ratelimit: Limit: 5000 Remaining: 4970 Reset hour: 19:31:43
01:56:38.417 [main] INFO  f.i.s.r.p.i.ProjectInspector - ----------------------------------------------------------------------
01:56:38.418 [main] INFO  f.i.s.r.p.i.ProjectInspector - PIPELINE STEPS
01:56:38.418 [main] INFO  f.i.s.r.p.i.ProjectInspector - ----------------------------------------------------------------------
01:56:38.419 [main] INFO  f.i.s.r.p.i.ProjectInspector - CloneRepository
01:56:38.419 [main] INFO  f.i.s.r.p.i.ProjectInspector - CheckoutPatchedBuildCandidate
01:56:38.419 [main] INFO  f.i.s.r.p.i.ProjectInspector - ComputeSourceDir
01:56:38.420 [main] INFO  f.i.s.r.p.i.ProjectInspector - ComputeTestDir
01:56:38.420 [main] INFO  f.i.s.r.p.i.ProjectInspector - CheckoutBuggyBuildCandidateSourceCode
01:56:38.420 [main] INFO  f.i.s.r.p.i.ProjectInspector - BuildProjectBuggyBuildCandidateSourceCode
01:56:38.421 [main] INFO  f.i.s.r.p.i.ProjectInspector - TestProjectBuggyBuildCandidateSourceCode
01:56:38.421 [main] INFO  f.i.s.r.p.i.ProjectInspector - GatherTestInformationBuggyBuildCandidateSourceCode
01:56:38.422 [main] INFO  f.i.s.r.p.i.ProjectInspector - CheckoutBuggyBuildTestCode
01:56:38.422 [main] INFO  f.i.s.r.p.i.ProjectInspector - InitRepoToPush
01:56:38.422 [main] INFO  f.i.s.r.p.i.ProjectInspector - ComputeClasspath
01:56:38.423 [main] INFO  f.i.s.r.p.i.ProjectInspector - ComputeModules
01:56:38.423 [main] INFO  f.i.s.r.p.i.ProjectInspector - CheckoutBuggyBuildCandidateSourceCode
01:56:38.423 [main] INFO  f.i.s.r.p.i.ProjectInspector - CommitChangedTests
01:56:38.424 [main] INFO  f.i.s.r.p.i.ProjectInspector - CheckoutPatchedBuildCandidate
01:56:38.424 [main] INFO  f.i.s.r.p.i.ProjectInspector - BuildProjectPatchedBuildCandidate
01:56:38.425 [main] INFO  f.i.s.r.p.i.ProjectInspector - TestProjectPatchedBuildCandidate
01:56:38.425 [main] INFO  f.i.s.r.p.i.ProjectInspector - GatherTestInformationPatchedBuildCandidate
01:56:38.425 [main] INFO  f.i.s.r.p.i.ProjectInspector - CommitPatch
01:56:38.426 [main] INFO  f.i.s.r.p.i.ProjectInspector - WritePropertyFile
01:56:38.426 [main] INFO  f.i.s.r.p.i.ProjectInspector - CommitProcessEnd
01:56:38.427 [main] INFO  f.i.s.r.p.i.ProjectInspector - PushProcessEnd
01:56:38.428 [main] DEBUG f.i.s.r.process.step.CloneRepository - ----------------------------------------------------------------------
01:56:38.429 [main] DEBUG f.i.s.r.process.step.CloneRepository - STEP 1/22: CloneRepository
01:56:38.430 [main] DEBUG f.i.s.r.process.step.CloneRepository - ----------------------------------------------------------------------
01:56:38.430 [main] DEBUG f.i.s.r.process.step.CloneRepository - Cloning repository prestodb/presto in the following directory: ./workspace/prestodb/presto/352496806
01:57:25.934 [main] DEBUG f.i.s.r.process.step.CloneRepository - STEP STATUS: [ CloneRepository : SUCCESS ]
01:57:25.935 [main] DEBUG f.i.s.r.process.step.CloneRepository - STEP DURATION: 47s
01:57:25.935 [main] DEBUG f.i.s.r.process.step.CloneRepository - EXECUTE NEXT STEP
01:57:25.936 [main] DEBUG f.i.s.r.p.s.c.CheckoutPatchedBuild - ----------------------------------------------------------------------
01:57:25.936 [main] DEBUG f.i.s.r.p.s.c.CheckoutPatchedBuild - STEP 2/22: CheckoutPatchedBuildCandidate
01:57:25.936 [main] DEBUG f.i.s.r.p.s.c.CheckoutPatchedBuild - ----------------------------------------------------------------------
01:57:25.937 [main] DEBUG f.i.s.r.p.s.c.CheckoutPatchedBuild - Checking out patched build candidate...
01:57:26.264 [main] INFO  fr.inria.jtravis.JTravis - GitHub ratelimit: Limit: 5000 Remaining: 4963 Reset hour: 19:31:43
01:57:28.667 [main] DEBUG f.i.s.r.p.s.c.CheckoutPatchedBuild - Reproduce the PR for prestodb/presto by fetching remote branch and merging.
01:57:33.101 [main] DEBUG f.i.s.r.process.git.GitHelper - Step CheckoutPatchedBuildCandidate - Get the commit 1ddc18a6dc241a00f3d628c132cef193a4d16c34 for repo prestodb/presto
01:57:34.928 [main] DEBUG f.i.s.r.process.git.GitHelper - Step CheckoutPatchedBuildCandidate - Do the merge with the PR commit for repo prestodb/presto
01:57:35.973 [main] INFO  f.i.s.r.process.git.GitHelper - Init git submodules.
01:57:36.171 [main] DEBUG f.i.s.r.p.s.c.CheckoutPatchedBuild - STEP STATUS: [ CheckoutPatchedBuildCandidate : SUCCESS ]
01:57:36.272 [main] DEBUG f.i.s.r.p.s.c.CheckoutPatchedBuild - STEP DURATION: 10s
01:57:36.273 [main] DEBUG f.i.s.r.p.s.c.CheckoutPatchedBuild - EXECUTE NEXT STEP
01:57:36.273 [main] DEBUG f.i.s.r.p.s.paths.ComputeSourceDir - ----------------------------------------------------------------------
01:57:36.273 [main] DEBUG f.i.s.r.p.s.paths.ComputeSourceDir - STEP 3/22: ComputeSourceDir
01:57:36.274 [main] DEBUG f.i.s.r.p.s.paths.ComputeSourceDir - ----------------------------------------------------------------------
01:57:36.274 [main] DEBUG f.i.s.r.p.s.paths.ComputeSourceDir - Computing the source directory ...
01:57:36.276 [main] DEBUG f.i.s.r.p.s.paths.ComputeSourceDir - The default source directory (/root/workspace/prestodb/presto/352496806/src/main/java) does not exist. Try to read pom.xml to get information.
01:57:36.939 [main] DEBUG f.i.s.r.p.m.RepositoryModelResolver - Downloading https://repo1.maven.org/maven2/io/airlift/airbase/79/airbase-79.pom
01:57:37.221 [main] ERROR f.i.s.r.process.maven.MavenHelper - Error while building complete model. The raw model will be used. Error message: 1 problem was encountered while building the effective model for com.facebook.presto:presto-root:0.197-SNAPSHOT
[ERROR] Failed to determine Java version for profile java9-surefire @ io.airlift:airbase:79

01:57:37.269 [main] DEBUG f.i.s.r.p.s.paths.ComputeSourceDir - Build section does not exist in the following pom.xml: /root/workspace/prestodb/presto/352496806/pom.xml. Continue to try to get source dir from all modules.
01:57:37.341 [main] ERROR f.i.s.r.process.maven.MavenHelper - Error while building complete model. The raw model will be used. Error message: 1 problem was encountered while building the effective model for com.facebook.presto:presto-atop:0.197-SNAPSHOT
[ERROR] Failed to determine Java version for profile java9-surefire @ io.airlift:airbase:79

01:57:37.394 [main] ERROR f.i.s.r.process.maven.MavenHelper - Error while building complete model. The raw model will be used. Error message: 1 problem was encountered while building the effective model for com.facebook.presto:presto-spi:0.197-SNAPSHOT
[ERROR] Failed to determine Java version for profile java9-surefire @ io.airlift:airbase:79

01:57:37.421 [main] ERROR f.i.s.r.process.maven.MavenHelper - Error while building complete model. The raw model will be used. Error message: 1 problem was encountered while building the effective model for com.facebook.presto:presto-array:0.197-SNAPSHOT
[ERROR] Failed to determine Java version for profile java9-surefire @ io.airlift:airbase:79

01:57:37.447 [main] ERROR f.i.s.r.process.maven.MavenHelper - Error while building complete model. The raw model will be used. Error message: 1 problem was encountered while building the effective model for com.facebook.presto:presto-jmx:0.197-SNAPSHOT
[ERROR] Failed to determine Java version for profile java9-surefire @ io.airlift:airbase:79

01:57:37.478 [main] ERROR f.i.s.r.process.maven.MavenHelper - Error while building complete model. The raw model will be used. Error message: 1 problem was encountered while building the effective model for com.facebook.presto:presto-record-decoder:0.197-SNAPSHOT
[ERROR] Failed to determine Java version for profile java9-surefire @ io.airlift:airbase:79

01:57:37.491 [main] ERROR f.i.s.r.process.maven.MavenHelper - Error while building complete model. The raw model will be used. Error message: 1 problem was encountered while building the effective model for com.facebook.presto:presto-kafka:0.197-SNAPSHOT
[ERROR] Failed to determine Java version for profile java9-surefire @ io.airlift:airbase:79

01:57:37.520 [main] ERROR f.i.s.r.process.maven.MavenHelper - Error while building complete model. The raw model will be used. Error message: 1 problem was encountered while building the effective model for com.facebook.presto:presto-redis:0.197-SNAPSHOT
[ERROR] Failed to determine Java version for profile java9-surefire @ io.airlift:airbase:79

01:57:37.532 [main] ERROR f.i.s.r.process.maven.MavenHelper - Error while building complete model. The raw model will be used. Error message: 1 problem was encountered while building the effective model for com.facebook.presto:presto-accumulo:0.197-SNAPSHOT
[ERROR] Failed to determine Java version for profile java9-surefire @ io.airlift:airbase:79

01:57:37.544 [main] ERROR f.i.s.r.process.maven.MavenHelper - Error while building complete model. The raw model will be used. Error message: 1 problem was encountered while building the effective model for com.facebook.presto:presto-cassandra:0.197-SNAPSHOT
[ERROR] Failed to determine Java version for profile java9-surefire @ io.airlift:airbase:79

01:57:37.555 [main] ERROR f.i.s.r.process.maven.MavenHelper - Error while building complete model. The raw model will be used. Error message: 1 problem was encountered while building the effective model for com.facebook.presto:presto-blackhole:0.197-SNAPSHOT
[ERROR] Failed to determine Java version for profile java9-surefire @ io.airlift:airbase:79

01:57:37.565 [main] ERROR f.i.s.r.process.maven.MavenHelper - Error while building complete model. The raw model will be used. Error message: 1 problem was encountered while building the effective model for com.facebook.presto:presto-memory:0.197-SNAPSHOT
[ERROR] Failed to determine Java version for profile java9-surefire @ io.airlift:airbase:79

01:57:37.576 [main] ERROR f.i.s.r.process.maven.MavenHelper - Error while building complete model. The raw model will be used. Error message: 1 problem was encountered while building the effective model for com.facebook.presto:presto-orc:0.197-SNAPSHOT
[ERROR] Failed to determine Java version for profile java9-surefire @ io.airlift:airbase:79

01:57:37.587 [main] ERROR f.i.s.r.process.maven.MavenHelper - Error while building complete model. The raw model will be used. Error message: 1 problem was encountered while building the effective model for com.facebook.presto:presto-rcfile:0.197-SNAPSHOT
[ERROR] Failed to determine Java version for profile java9-surefire @ io.airlift:airbase:79

01:57:37.602 [main] ERROR f.i.s.r.process.maven.MavenHelper - Error while building complete model. The raw model will be used. Error message: 1 problem was encountered while building the effective model for com.facebook.presto:presto-hive:0.197-SNAPSHOT
[ERROR] Failed to determine Java version for profile java9-surefire @ io.airlift:airbase:79

01:57:37.613 [main] ERROR f.i.s.r.process.maven.MavenHelper - Error while building complete model. The raw model will be used. Error message: 1 problem was encountered while building the effective model for com.facebook.presto:presto-hive-hadoop2:0.197-SNAPSHOT
[ERROR] Failed to determine Java version for profile java9-surefire @ io.airlift:airbase:79

01:57:37.623 [main] ERROR f.i.s.r.process.maven.MavenHelper - Error while building complete model. The raw model will be used. Error message: 1 problem was encountered while building the effective model for com.facebook.presto:presto-teradata-functions:0.197-SNAPSHOT
[ERROR] Failed to determine Java version for profile java9-surefire @ io.airlift:airbase:79

01:57:37.633 [main] ERROR f.i.s.r.process.maven.MavenHelper - Error while building complete model. The raw model will be used. Error message: 1 problem was encountered while building the effective model for com.facebook.presto:presto-example-http:0.197-SNAPSHOT
[ERROR] Failed to determine Java version for profile java9-surefire @ io.airlift:airbase:79

01:57:37.643 [main] ERROR f.i.s.r.process.maven.MavenHelper - Error while building complete model. The raw model will be used. Error message: 1 problem was encountered while building the effective model for com.facebook.presto:presto-local-file:0.197-SNAPSHOT
[ERROR] Failed to determine Java version for profile java9-surefire @ io.airlift:airbase:79

01:57:37.655 [main] ERROR f.i.s.r.process.maven.MavenHelper - Error while building complete model. The raw model will be used. Error message: 1 problem was encountered while building the effective model for com.facebook.presto:presto-tpch:0.197-SNAPSHOT
[ERROR] Failed to determine Java version for profile java9-surefire @ io.airlift:airbase:79

01:57:37.666 [main] ERROR f.i.s.r.process.maven.MavenHelper - Error while building complete model. The raw model will be used. Error message: 1 problem was encountered while building the effective model for com.facebook.presto:presto-tpcds:0.197-SNAPSHOT
[ERROR] Failed to determine Java version for profile java9-surefire @ io.airlift:airbase:79

01:57:37.695 [main] ERROR f.i.s.r.process.maven.MavenHelper - Error while building complete model. The raw model will be used. Error message: 1 problem was encountered while building the effective model for com.facebook.presto:presto-raptor:0.197-SNAPSHOT
[ERROR] Failed to determine Java version for profile java9-surefire @ io.airlift:airbase:79

01:57:37.706 [main] ERROR f.i.s.r.process.maven.MavenHelper - Error while building complete model. The raw model will be used. Error message: 1 problem was encountered while building the effective model for com.facebook.presto:presto-base-jdbc:0.197-SNAPSHOT
[ERROR] Failed to determine Java version for profile java9-surefire @ io.airlift:airbase:79

01:57:37.716 [main] ERROR f.i.s.r.process.maven.MavenHelper - Error while building complete model. The raw model will be used. Error message: 1 problem was encountered while building the effective model for com.facebook.presto:presto-mysql:0.197-SNAPSHOT
[ERROR] Failed to determine Java version for profile java9-surefire @ io.airlift:airbase:79

01:57:37.726 [main] ERROR f.i.s.r.process.maven.MavenHelper - Error while building complete model. The raw model will be used. Error message: 1 problem was encountered while building the effective model for com.facebook.presto:presto-postgresql:0.197-SNAPSHOT
[ERROR] Failed to determine Java version for profile java9-surefire @ io.airlift:airbase:79

01:57:37.743 [main] ERROR f.i.s.r.process.maven.MavenHelper - Error while building complete model. The raw model will be used. Error message: 1 problem was encountered while building the effective model for com.facebook.presto:presto-redshift:0.197-SNAPSHOT
[ERROR] Failed to determine Java version for profile java9-surefire @ io.airlift:airbase:79

01:57:37.753 [main] ERROR f.i.s.r.process.maven.MavenHelper - Error while building complete model. The raw model will be used. Error message: 1 problem was encountered while building the effective model for com.facebook.presto:presto-sqlserver:0.197-SNAPSHOT
[ERROR] Failed to determine Java version for profile java9-surefire @ io.airlift:airbase:79

01:57:37.764 [main] ERROR f.i.s.r.process.maven.MavenHelper - Error while building complete model. The raw model will be used. Error message: 1 problem was encountered while building the effective model for com.facebook.presto:presto-mongodb:0.197-SNAPSHOT
[ERROR] Failed to determine Java version for profile java9-surefire @ io.airlift:airbase:79

01:57:37.775 [main] ERROR f.i.s.r.process.maven.MavenHelper - Error while building complete model. The raw model will be used. Error message: 1 problem was encountered while building the effective model for com.facebook.presto:presto-client:0.197-SNAPSHOT
[ERROR] Failed to determine Java version for profile java9-surefire @ io.airlift:airbase:79

01:57:37.785 [main] ERROR f.i.s.r.process.maven.MavenHelper - Error while building complete model. The raw model will be used. Error message: 1 problem was encountered while building the effective model for com.facebook.presto:presto-parser:0.197-SNAPSHOT
[ERROR] Failed to determine Java version for profile java9-surefire @ io.airlift:airbase:79

01:57:37.795 [main] ERROR f.i.s.r.process.maven.MavenHelper - Error while building complete model. The raw model will be used. Error message: 1 problem was encountered while building the effective model for com.facebook.presto:presto-main:0.197-SNAPSHOT
[ERROR] Failed to determine Java version for profile java9-surefire @ io.airlift:airbase:79

01:57:37.805 [main] ERROR f.i.s.r.process.maven.MavenHelper - Error while building complete model. The raw model will be used. Error message: 1 problem was encountered while building the effective model for com.facebook.presto:presto-ml:0.197-SNAPSHOT
[ERROR] Failed to determine Java version for profile java9-surefire @ io.airlift:airbase:79

01:57:37.814 [main] ERROR f.i.s.r.process.maven.MavenHelper - Error while building complete model. The raw model will be used. Error message: 1 problem was encountered while building the effective model for com.facebook.presto:presto-geospatial:0.197-SNAPSHOT
[ERROR] Failed to determine Java version for profile java9-surefire @ io.airlift:airbase:79

01:57:37.826 [main] ERROR f.i.s.r.process.maven.MavenHelper - Error while building complete model. The raw model will be used. Error message: 1 problem was encountered while building the effective model for com.facebook.presto:presto-geospatial-toolkit:0.197-SNAPSHOT
[ERROR] Failed to determine Java version for profile java9-surefire @ io.airlift:airbase:79

01:57:37.850 [main] ERROR f.i.s.r.process.maven.MavenHelper - Error while building complete model. The raw model will be used. Error message: 1 problem was encountered while building the effective model for com.facebook.presto:presto-benchmark:0.197-SNAPSHOT
[ERROR] Failed to determine Java version for profile java9-surefire @ io.airlift:airbase:79

01:57:37.861 [main] ERROR f.i.s.r.process.maven.MavenHelper - Error while building complete model. The raw model will be used. Error message: 1 problem was encountered while building the effective model for com.facebook.presto:presto-tests:0.197-SNAPSHOT
[ERROR] Failed to determine Java version for profile java9-surefire @ io.airlift:airbase:79

01:57:37.871 [main] ERROR f.i.s.r.process.maven.MavenHelper - Error while building complete model. The raw model will be used. Error message: 1 problem was encountered while building the effective model for com.facebook.presto:presto-product-tests:0.197-SNAPSHOT
[ERROR] Failed to determine Java version for profile java9-surefire @ io.airlift:airbase:79

01:57:37.880 [main] ERROR f.i.s.r.process.maven.MavenHelper - Error while building complete model. The raw model will be used. Error message: 1 problem was encountered while building the effective model for com.facebook.presto:presto-jdbc:0.197-SNAPSHOT
[ERROR] Failed to determine Java version for profile java9-surefire @ io.airlift:airbase:79

01:57:37.890 [main] ERROR f.i.s.r.process.maven.MavenHelper - Error while building complete model. The raw model will be used. Error message: 1 problem was encountered while building the effective model for com.facebook.presto:presto-cli:0.197-SNAPSHOT
[ERROR] Failed to determine Java version for profile java9-surefire @ io.airlift:airbase:79

01:57:37.899 [main] ERROR f.i.s.r.process.maven.MavenHelper - Error while building complete model. The raw model will be used. Error message: 1 problem was encountered while building the effective model for com.facebook.presto:presto-benchmark-driver:0.197-SNAPSHOT
[ERROR] Failed to determine Java version for profile java9-surefire @ io.airlift:airbase:79

01:57:37.900 [main] DEBUG f.i.s.r.p.s.paths.ComputeSourceDir - The default source directory (/root/workspace/prestodb/presto/352496806/presto-server/src/main/java) does not exist. Try to read pom.xml to get information.
01:57:37.909 [main] ERROR f.i.s.r.process.maven.MavenHelper - Error while building complete model. The raw model will be used. Error message: 1 problem was encountered while building the effective model for com.facebook.presto:presto-server:0.197-SNAPSHOT
[ERROR] Failed to determine Java version for profile java9-surefire @ io.airlift:airbase:79

01:57:37.910 [main] DEBUG f.i.s.r.p.s.paths.ComputeSourceDir - Build section does not exist in the following pom.xml: /root/workspace/prestodb/presto/352496806/presto-server/pom.xml. Continue to try to get source dir from all modules.
01:57:37.910 [main] ERROR f.i.s.r.p.s.paths.ComputeSourceDir - The source directory is not at default location or specified in build section from pom.xml, and no parent can be found.
01:57:37.911 [main] DEBUG f.i.s.r.p.s.paths.ComputeSourceDir - The default source directory (/root/workspace/prestodb/presto/352496806/presto-server-rpm/src/main/java) does not exist. Try to read pom.xml to get information.
01:57:37.921 [main] ERROR f.i.s.r.process.maven.MavenHelper - Error while building complete model. The raw model will be used. Error message: 1 problem was encountered while building the effective model for com.facebook.presto:presto-server-rpm:0.197-SNAPSHOT
[ERROR] Failed to determine Java version for profile java9-surefire @ io.airlift:airbase:79

01:57:37.922 [main] DEBUG f.i.s.r.p.s.paths.ComputeSourceDir - Build section does not exist in the following pom.xml: /root/workspace/prestodb/presto/352496806/presto-server-rpm/pom.xml. Continue to try to get source dir from all modules.
01:57:37.923 [main] ERROR f.i.s.r.p.s.paths.ComputeSourceDir - The source directory is not at default location or specified in build section from pom.xml, and no parent can be found.
01:57:37.923 [main] DEBUG f.i.s.r.p.s.paths.ComputeSourceDir - The default source directory (/root/workspace/prestodb/presto/352496806/presto-docs/src/main/java) does not exist. Try to read pom.xml to get information.
01:57:37.943 [main] ERROR f.i.s.r.process.maven.MavenHelper - Error while building complete model. The raw model will be used. Error message: 1 problem was encountered while building the effective model for com.facebook.presto:presto-docs:0.197-SNAPSHOT
[ERROR] Failed to determine Java version for profile java9-surefire @ io.airlift:airbase:79

01:57:37.944 [main] DEBUG f.i.s.r.p.s.paths.ComputeSourceDir - Build section does not exist in the following pom.xml: /root/workspace/prestodb/presto/352496806/presto-docs/pom.xml. Continue to try to get source dir from all modules.
01:57:37.944 [main] ERROR f.i.s.r.p.s.paths.ComputeSourceDir - The source directory is not at default location or specified in build section from pom.xml, and no parent can be found.
01:57:37.953 [main] ERROR f.i.s.r.process.maven.MavenHelper - Error while building complete model. The raw model will be used. Error message: 1 problem was encountered while building the effective model for com.facebook.presto:presto-verifier:0.197-SNAPSHOT
[ERROR] Failed to determine Java version for profile java9-surefire @ io.airlift:airbase:79

01:57:37.962 [main] ERROR f.i.s.r.process.maven.MavenHelper - Error while building complete model. The raw model will be used. Error message: 1 problem was encountered while building the effective model for com.facebook.presto:presto-testing-server-launcher:0.197-SNAPSHOT
[ERROR] Failed to determine Java version for profile java9-surefire @ io.airlift:airbase:79

01:57:37.972 [main] ERROR f.i.s.r.process.maven.MavenHelper - Error while building complete model. The raw model will be used. Error message: 1 problem was encountered while building the effective model for com.facebook.presto:presto-plugin-toolkit:0.197-SNAPSHOT
[ERROR] Failed to determine Java version for profile java9-surefire @ io.airlift:airbase:79

01:57:37.982 [main] ERROR f.i.s.r.process.maven.MavenHelper - Error while building complete model. The raw model will be used. Error message: 1 problem was encountered while building the effective model for com.facebook.presto:presto-resource-group-managers:0.197-SNAPSHOT
[ERROR] Failed to determine Java version for profile java9-surefire @ io.airlift:airbase:79

01:57:37.993 [main] ERROR f.i.s.r.process.maven.MavenHelper - Error while building complete model. The raw model will be used. Error message: 1 problem was encountered while building the effective model for com.facebook.presto:presto-password-authenticators:0.197-SNAPSHOT
[ERROR] Failed to determine Java version for profile java9-surefire @ io.airlift:airbase:79

01:57:37.994 [main] DEBUG f.i.s.r.p.s.paths.ComputeSourceDir - The default source directory (/root/workspace/prestodb/presto/352496806/presto-benchto-benchmarks/src/main/java) does not exist. Try to read pom.xml to get information.
01:57:38.070 [main] ERROR f.i.s.r.process.maven.MavenHelper - Error while building complete model. The raw model will be used. Error message: 1 problem was encountered while building the effective model for com.facebook.presto:presto-benchto-benchmarks:0.197-SNAPSHOT
[ERROR] Failed to determine Java version for profile java9-surefire @ io.airlift:airbase:79

01:57:38.071 [main] DEBUG f.i.s.r.p.s.paths.ComputeSourceDir - Build section does not exist in the following pom.xml: /root/workspace/prestodb/presto/352496806/presto-benchto-benchmarks/pom.xml. Continue to try to get source dir from all modules.
01:57:38.071 [main] ERROR f.i.s.r.p.s.paths.ComputeSourceDir - The source directory is not at default location or specified in build section from pom.xml, and no parent can be found.
01:57:38.081 [main] ERROR f.i.s.r.process.maven.MavenHelper - Error while building complete model. The raw model will be used. Error message: 1 problem was encountered while building the effective model for com.facebook.presto:presto-thrift-connector-api:0.197-SNAPSHOT
[ERROR] Failed to determine Java version for profile java9-surefire @ io.airlift:airbase:79

01:57:38.091 [main] ERROR f.i.s.r.process.maven.MavenHelper - Error while building complete model. The raw model will be used. Error message: 1 problem was encountered while building the effective model for com.facebook.presto:presto-thrift-testing-server:0.197-SNAPSHOT
[ERROR] Failed to determine Java version for profile java9-surefire @ io.airlift:airbase:79

01:57:38.125 [main] ERROR f.i.s.r.process.maven.MavenHelper - Error while building complete model. The raw model will be used. Error message: 1 problem was encountered while building the effective model for com.facebook.presto:presto-thrift-connector:0.197-SNAPSHOT
[ERROR] Failed to determine Java version for profile java9-surefire @ io.airlift:airbase:79

01:57:38.134 [main] ERROR f.i.s.r.process.maven.MavenHelper - Error while building complete model. The raw model will be used. Error message: 1 problem was encountered while building the effective model for com.facebook.presto:presto-matching:0.197-SNAPSHOT
[ERROR] Failed to determine Java version for profile java9-surefire @ io.airlift:airbase:79

01:57:38.142 [main] ERROR f.i.s.r.process.maven.MavenHelper - Error while building complete model. The raw model will be used. Error message: 1 problem was encountered while building the effective model for com.facebook.presto:presto-memory-context:0.197-SNAPSHOT
[ERROR] Failed to determine Java version for profile java9-surefire @ io.airlift:airbase:79

01:57:38.143 [main] INFO  f.i.s.r.p.s.paths.ComputeSourceDir - 49 source dirs were found:
01:57:38.144 [main] INFO  f.i.s.r.p.s.paths.ComputeSourceDir - /root/workspace/prestodb/presto/352496806/presto-accumulo/src/main/java
01:57:38.144 [main] INFO  f.i.s.r.p.s.paths.ComputeSourceDir - /root/workspace/prestodb/presto/352496806/presto-array/src/main/java
01:57:38.144 [main] INFO  f.i.s.r.p.s.paths.ComputeSourceDir - /root/workspace/prestodb/presto/352496806/presto-atop/src/main/java
01:57:38.144 [main] INFO  f.i.s.r.p.s.paths.ComputeSourceDir - /root/workspace/prestodb/presto/352496806/presto-base-jdbc/src/main/java
01:57:38.144 [main] INFO  f.i.s.r.p.s.paths.ComputeSourceDir - /root/workspace/prestodb/presto/352496806/presto-benchmark-driver/src/main/java
01:57:38.144 [main] INFO  f.i.s.r.p.s.paths.ComputeSourceDir - /root/workspace/prestodb/presto/352496806/presto-benchmark/src/main/java
01:57:38.144 [main] INFO  f.i.s.r.p.s.paths.ComputeSourceDir - /root/workspace/prestodb/presto/352496806/presto-blackhole/src/main/java
01:57:38.144 [main] INFO  f.i.s.r.p.s.paths.ComputeSourceDir - /root/workspace/prestodb/presto/352496806/presto-cassandra/src/main/java
01:57:38.144 [main] INFO  f.i.s.r.p.s.paths.ComputeSourceDir - /root/workspace/prestodb/presto/352496806/presto-cli/src/main/java
01:57:38.144 [main] INFO  f.i.s.r.p.s.paths.ComputeSourceDir - /root/workspace/prestodb/presto/352496806/presto-client/src/main/java
01:57:38.145 [main] INFO  f.i.s.r.p.s.paths.ComputeSourceDir - /root/workspace/prestodb/presto/352496806/presto-example-http/src/main/java
01:57:38.145 [main] INFO  f.i.s.r.p.s.paths.ComputeSourceDir - /root/workspace/prestodb/presto/352496806/presto-geospatial-toolkit/src/main/java
01:57:38.145 [main] INFO  f.i.s.r.p.s.paths.ComputeSourceDir - /root/workspace/prestodb/presto/352496806/presto-geospatial/src/main/java
01:57:38.145 [main] INFO  f.i.s.r.p.s.paths.ComputeSourceDir - /root/workspace/prestodb/presto/352496806/presto-hive-hadoop2/src/main/java
01:57:38.145 [main] INFO  f.i.s.r.p.s.paths.ComputeSourceDir - /root/workspace/prestodb/presto/352496806/presto-hive/src/main/java
01:57:38.145 [main] INFO  f.i.s.r.p.s.paths.ComputeSourceDir - /root/workspace/prestodb/presto/352496806/presto-jdbc/src/main/java
01:57:38.145 [main] INFO  f.i.s.r.p.s.paths.ComputeSourceDir - /root/workspace/prestodb/presto/352496806/presto-jmx/src/main/java
01:57:38.145 [main] INFO  f.i.s.r.p.s.paths.ComputeSourceDir - /root/workspace/prestodb/presto/352496806/presto-kafka/src/main/java
01:57:38.145 [main] INFO  f.i.s.r.p.s.paths.ComputeSourceDir - /root/workspace/prestodb/presto/352496806/presto-local-file/src/main/java
01:57:38.145 [main] INFO  f.i.s.r.p.s.paths.ComputeSourceDir - /root/workspace/prestodb/presto/352496806/presto-main/src/main/java
01:57:38.145 [main] INFO  f.i.s.r.p.s.paths.ComputeSourceDir - /root/workspace/prestodb/presto/352496806/presto-matching/src/main/java
01:57:38.146 [main] INFO  f.i.s.r.p.s.paths.ComputeSourceDir - /root/workspace/prestodb/presto/352496806/presto-memory-context/src/main/java
01:57:38.146 [main] INFO  f.i.s.r.p.s.paths.ComputeSourceDir - /root/workspace/prestodb/presto/352496806/presto-memory/src/main/java
01:57:38.146 [main] INFO  f.i.s.r.p.s.paths.ComputeSourceDir - /root/workspace/prestodb/presto/352496806/presto-ml/src/main/java
01:57:38.146 [main] INFO  f.i.s.r.p.s.paths.ComputeSourceDir - /root/workspace/prestodb/presto/352496806/presto-mongodb/src/main/java
01:57:38.146 [main] INFO  f.i.s.r.p.s.paths.ComputeSourceDir - /root/workspace/prestodb/presto/352496806/presto-mysql/src/main/java
01:57:38.146 [main] INFO  f.i.s.r.p.s.paths.ComputeSourceDir - /root/workspace/prestodb/presto/352496806/presto-orc/src/main/java
01:57:38.146 [main] INFO  f.i.s.r.p.s.paths.ComputeSourceDir - /root/workspace/prestodb/presto/352496806/presto-parser/src/main/java
01:57:38.146 [main] INFO  f.i.s.r.p.s.paths.ComputeSourceDir - /root/workspace/prestodb/presto/352496806/presto-password-authenticators/src/main/java
01:57:38.146 [main] INFO  f.i.s.r.p.s.paths.ComputeSourceDir - /root/workspace/prestodb/presto/352496806/presto-plugin-toolkit/src/main/java
01:57:38.146 [main] INFO  f.i.s.r.p.s.paths.ComputeSourceDir - /root/workspace/prestodb/presto/352496806/presto-postgresql/src/main/java
01:57:38.146 [main] INFO  f.i.s.r.p.s.paths.ComputeSourceDir - /root/workspace/prestodb/presto/352496806/presto-product-tests/src/main/java
01:57:38.147 [main] INFO  f.i.s.r.p.s.paths.ComputeSourceDir - /root/workspace/prestodb/presto/352496806/presto-raptor/src/main/java
01:57:38.147 [main] INFO  f.i.s.r.p.s.paths.ComputeSourceDir - /root/workspace/prestodb/presto/352496806/presto-rcfile/src/main/java
01:57:38.147 [main] INFO  f.i.s.r.p.s.paths.ComputeSourceDir - /root/workspace/prestodb/presto/352496806/presto-record-decoder/src/main/java
01:57:38.147 [main] INFO  f.i.s.r.p.s.paths.ComputeSourceDir - /root/workspace/prestodb/presto/352496806/presto-redis/src/main/java
01:57:38.147 [main] INFO  f.i.s.r.p.s.paths.ComputeSourceDir - /root/workspace/prestodb/presto/352496806/presto-redshift/src/main/java
01:57:38.147 [main] INFO  f.i.s.r.p.s.paths.ComputeSourceDir - /root/workspace/prestodb/presto/352496806/presto-resource-group-managers/src/main/java
01:57:38.147 [main] INFO  f.i.s.r.p.s.paths.ComputeSourceDir - /root/workspace/prestodb/presto/352496806/presto-spi/src/main/java
01:57:38.148 [main] INFO  f.i.s.r.p.s.paths.ComputeSourceDir - /root/workspace/prestodb/presto/352496806/presto-sqlserver/src/main/java
01:57:38.148 [main] INFO  f.i.s.r.p.s.paths.ComputeSourceDir - /root/workspace/prestodb/presto/352496806/presto-teradata-functions/src/main/java
01:57:38.148 [main] INFO  f.i.s.r.p.s.paths.ComputeSourceDir - /root/workspace/prestodb/presto/352496806/presto-testing-server-launcher/src/main/java
01:57:38.148 [main] INFO  f.i.s.r.p.s.paths.ComputeSourceDir - /root/workspace/prestodb/presto/352496806/presto-tests/src/main/java
01:57:38.148 [main] INFO  f.i.s.r.p.s.paths.ComputeSourceDir - /root/workspace/prestodb/presto/352496806/presto-thrift-connector-api/src/main/java
01:57:38.148 [main] INFO  f.i.s.r.p.s.paths.ComputeSourceDir - /root/workspace/prestodb/presto/352496806/presto-thrift-connector/src/main/java
01:57:38.148 [main] INFO  f.i.s.r.p.s.paths.ComputeSourceDir - /root/workspace/prestodb/presto/352496806/presto-thrift-testing-server/src/main/java
01:57:38.148 [main] INFO  f.i.s.r.p.s.paths.ComputeSourceDir - /root/workspace/prestodb/presto/352496806/presto-tpcds/src/main/java
01:57:38.148 [main] INFO  f.i.s.r.p.s.paths.ComputeSourceDir - /root/workspace/prestodb/presto/352496806/presto-tpch/src/main/java
01:57:38.148 [main] INFO  f.i.s.r.p.s.paths.ComputeSourceDir - /root/workspace/prestodb/presto/352496806/presto-verifier/src/main/java
01:57:38.228 [main] DEBUG f.i.s.r.p.s.paths.ComputeSourceDir - Compute the line of code of the project
01:57:38.588 [main] DEBUG f.i.s.r.p.s.paths.ComputeSourceDir - Get result from cloc process...
01:57:38.589 [main] DEBUG f.i.s.r.p.s.paths.ComputeSourceDir - STEP STATUS: [ ComputeSourceDir : SUCCESS ]
01:57:38.589 [main] DEBUG f.i.s.r.p.s.paths.ComputeSourceDir - STEP DURATION: 2s
01:57:38.589 [main] DEBUG f.i.s.r.p.s.paths.ComputeSourceDir - EXECUTE NEXT STEP
01:57:38.589 [main] DEBUG f.i.s.r.p.step.paths.ComputeTestDir - ----------------------------------------------------------------------
01:57:38.590 [main] DEBUG f.i.s.r.p.step.paths.ComputeTestDir - STEP 4/22: ComputeTestDir
01:57:38.590 [main] DEBUG f.i.s.r.p.step.paths.ComputeTestDir - ----------------------------------------------------------------------
01:57:38.590 [main] DEBUG f.i.s.r.p.step.paths.ComputeTestDir - Computing the test directory ...
01:57:38.590 [main] DEBUG f.i.s.r.p.step.paths.ComputeTestDir - The default test directory (/root/workspace/prestodb/presto/352496806/src/test/java) does not exist. Try to read pom.xml to get information.
01:57:38.597 [main] ERROR f.i.s.r.process.maven.MavenHelper - Error while building complete model. The raw model will be used. Error message: 1 problem was encountered while building the effective model for com.facebook.presto:presto-root:0.197-SNAPSHOT
[ERROR] Failed to determine Java version for profile java9-surefire @ io.airlift:airbase:79

01:57:38.599 [main] DEBUG f.i.s.r.p.step.paths.ComputeTestDir - Build section does not exist in the following pom.xml: /root/workspace/prestodb/presto/352496806/pom.xml. Continue to try to get test dir from all modules.
01:57:38.605 [main] ERROR f.i.s.r.process.maven.MavenHelper - Error while building complete model. The raw model will be used. Error message: 1 problem was encountered while building the effective model for com.facebook.presto:presto-atop:0.197-SNAPSHOT
[ERROR] Failed to determine Java version for profile java9-surefire @ io.airlift:airbase:79

01:57:38.614 [main] ERROR f.i.s.r.process.maven.MavenHelper - Error while building complete model. The raw model will be used. Error message: 1 problem was encountered while building the effective model for com.facebook.presto:presto-spi:0.197-SNAPSHOT
[ERROR] Failed to determine Java version for profile java9-surefire @ io.airlift:airbase:79

01:57:38.621 [main] ERROR f.i.s.r.process.maven.MavenHelper - Error while building complete model. The raw model will be used. Error message: 1 problem was encountered while building the effective model for com.facebook.presto:presto-array:0.197-SNAPSHOT
[ERROR] Failed to determine Java version for profile java9-surefire @ io.airlift:airbase:79

01:57:38.629 [main] ERROR f.i.s.r.process.maven.MavenHelper - Error while building complete model. The raw model will be used. Error message: 1 problem was encountered while building the effective model for com.facebook.presto:presto-jmx:0.197-SNAPSHOT
[ERROR] Failed to determine Java version for profile java9-surefire @ io.airlift:airbase:79

01:57:38.635 [main] ERROR f.i.s.r.process.maven.MavenHelper - Error while building complete model. The raw model will be used. Error message: 1 problem was encountered while building the effective model for com.facebook.presto:presto-record-decoder:0.197-SNAPSHOT
[ERROR] Failed to determine Java version for profile java9-surefire @ io.airlift:airbase:79

01:57:38.642 [main] ERROR f.i.s.r.process.maven.MavenHelper - Error while building complete model. The raw model will be used. Error message: 1 problem was encountered while building the effective model for com.facebook.presto:presto-kafka:0.197-SNAPSHOT
[ERROR] Failed to determine Java version for profile java9-surefire @ io.airlift:airbase:79

01:57:38.651 [main] ERROR f.i.s.r.process.maven.MavenHelper - Error while building complete model. The raw model will be used. Error message: 1 problem was encountered while building the effective model for com.facebook.presto:presto-redis:0.197-SNAPSHOT
[ERROR] Failed to determine Java version for profile java9-surefire @ io.airlift:airbase:79

01:57:38.661 [main] ERROR f.i.s.r.process.maven.MavenHelper - Error while building complete model. The raw model will be used. Error message: 1 problem was encountered while building the effective model for com.facebook.presto:presto-accumulo:0.197-SNAPSHOT
[ERROR] Failed to determine Java version for profile java9-surefire @ io.airlift:airbase:79

01:57:38.670 [main] ERROR f.i.s.r.process.maven.MavenHelper - Error while building complete model. The raw model will be used. Error message: 1 problem was encountered while building the effective model for com.facebook.presto:presto-cassandra:0.197-SNAPSHOT
[ERROR] Failed to determine Java version for profile java9-surefire @ io.airlift:airbase:79

01:57:38.683 [main] ERROR f.i.s.r.process.maven.MavenHelper - Error while building complete model. The raw model will be used. Error message: 1 problem was encountered while building the effective model for com.facebook.presto:presto-blackhole:0.197-SNAPSHOT
[ERROR] Failed to determine Java version for profile java9-surefire @ io.airlift:airbase:79

01:57:38.689 [main] ERROR f.i.s.r.process.maven.MavenHelper - Error while building complete model. The raw model will be used. Error message: 1 problem was encountered while building the effective model for com.facebook.presto:presto-memory:0.197-SNAPSHOT
[ERROR] Failed to determine Java version for profile java9-surefire @ io.airlift:airbase:79

01:57:38.696 [main] ERROR f.i.s.r.process.maven.MavenHelper - Error while building complete model. The raw model will be used. Error message: 1 problem was encountered while building the effective model for com.facebook.presto:presto-orc:0.197-SNAPSHOT
[ERROR] Failed to determine Java version for profile java9-surefire @ io.airlift:airbase:79

01:57:38.702 [main] ERROR f.i.s.r.process.maven.MavenHelper - Error while building complete model. The raw model will be used. Error message: 1 problem was encountered while building the effective model for com.facebook.presto:presto-rcfile:0.197-SNAPSHOT
[ERROR] Failed to determine Java version for profile java9-surefire @ io.airlift:airbase:79

01:57:38.709 [main] ERROR f.i.s.r.process.maven.MavenHelper - Error while building complete model. The raw model will be used. Error message: 1 problem was encountered while building the effective model for com.facebook.presto:presto-hive:0.197-SNAPSHOT
[ERROR] Failed to determine Java version for profile java9-surefire @ io.airlift:airbase:79

01:57:38.715 [main] ERROR f.i.s.r.process.maven.MavenHelper - Error while building complete model. The raw model will be used. Error message: 1 problem was encountered while building the effective model for com.facebook.presto:presto-hive-hadoop2:0.197-SNAPSHOT
[ERROR] Failed to determine Java version for profile java9-surefire @ io.airlift:airbase:79

01:57:38.721 [main] ERROR f.i.s.r.process.maven.MavenHelper - Error while building complete model. The raw model will be used. Error message: 1 problem was encountered while building the effective model for com.facebook.presto:presto-teradata-functions:0.197-SNAPSHOT
[ERROR] Failed to determine Java version for profile java9-surefire @ io.airlift:airbase:79

01:57:38.727 [main] ERROR f.i.s.r.process.maven.MavenHelper - Error while building complete model. The raw model will be used. Error message: 1 problem was encountered while building the effective model for com.facebook.presto:presto-example-http:0.197-SNAPSHOT
[ERROR] Failed to determine Java version for profile java9-surefire @ io.airlift:airbase:79

01:57:38.734 [main] ERROR f.i.s.r.process.maven.MavenHelper - Error while building complete model. The raw model will be used. Error message: 1 problem was encountered while building the effective model for com.facebook.presto:presto-local-file:0.197-SNAPSHOT
[ERROR] Failed to determine Java version for profile java9-surefire @ io.airlift:airbase:79

01:57:38.740 [main] ERROR f.i.s.r.process.maven.MavenHelper - Error while building complete model. The raw model will be used. Error message: 1 problem was encountered while building the effective model for com.facebook.presto:presto-tpch:0.197-SNAPSHOT
[ERROR] Failed to determine Java version for profile java9-surefire @ io.airlift:airbase:79

01:57:38.747 [main] ERROR f.i.s.r.process.maven.MavenHelper - Error while building complete model. The raw model will be used. Error message: 1 problem was encountered while building the effective model for com.facebook.presto:presto-tpcds:0.197-SNAPSHOT
[ERROR] Failed to determine Java version for profile java9-surefire @ io.airlift:airbase:79

01:57:38.753 [main] ERROR f.i.s.r.process.maven.MavenHelper - Error while building complete model. The raw model will be used. Error message: 1 problem was encountered while building the effective model for com.facebook.presto:presto-raptor:0.197-SNAPSHOT
[ERROR] Failed to determine Java version for profile java9-surefire @ io.airlift:airbase:79

01:57:38.759 [main] ERROR f.i.s.r.process.maven.MavenHelper - Error while building complete model. The raw model will be used. Error message: 1 problem was encountered while building the effective model for com.facebook.presto:presto-base-jdbc:0.197-SNAPSHOT
[ERROR] Failed to determine Java version for profile java9-surefire @ io.airlift:airbase:79

01:57:38.766 [main] ERROR f.i.s.r.process.maven.MavenHelper - Error while building complete model. The raw model will be used. Error message: 1 problem was encountered while building the effective model for com.facebook.presto:presto-mysql:0.197-SNAPSHOT
[ERROR] Failed to determine Java version for profile java9-surefire @ io.airlift:airbase:79

01:57:38.776 [main] ERROR f.i.s.r.process.maven.MavenHelper - Error while building complete model. The raw model will be used. Error message: 1 problem was encountered while building the effective model for com.facebook.presto:presto-postgresql:0.197-SNAPSHOT
[ERROR] Failed to determine Java version for profile java9-surefire @ io.airlift:airbase:79

01:57:38.784 [main] ERROR f.i.s.r.process.maven.MavenHelper - Error while building complete model. The raw model will be used. Error message: 1 problem was encountered while building the effective model for com.facebook.presto:presto-redshift:0.197-SNAPSHOT
[ERROR] Failed to determine Java version for profile java9-surefire @ io.airlift:airbase:79

01:57:38.790 [main] ERROR f.i.s.r.process.maven.MavenHelper - Error while building complete model. The raw model will be used. Error message: 1 problem was encountered while building the effective model for com.facebook.presto:presto-sqlserver:0.197-SNAPSHOT
[ERROR] Failed to determine Java version for profile java9-surefire @ io.airlift:airbase:79

01:57:38.796 [main] ERROR f.i.s.r.process.maven.MavenHelper - Error while building complete model. The raw model will be used. Error message: 1 problem was encountered while building the effective model for com.facebook.presto:presto-mongodb:0.197-SNAPSHOT
[ERROR] Failed to determine Java version for profile java9-surefire @ io.airlift:airbase:79

01:57:38.804 [main] ERROR f.i.s.r.process.maven.MavenHelper - Error while building complete model. The raw model will be used. Error message: 1 problem was encountered while building the effective model for com.facebook.presto:presto-client:0.197-SNAPSHOT
[ERROR] Failed to determine Java version for profile java9-surefire @ io.airlift:airbase:79

01:57:38.809 [main] ERROR f.i.s.r.process.maven.MavenHelper - Error while building complete model. The raw model will be used. Error message: 1 problem was encountered while building the effective model for com.facebook.presto:presto-parser:0.197-SNAPSHOT
[ERROR] Failed to determine Java version for profile java9-surefire @ io.airlift:airbase:79

01:57:38.816 [main] ERROR f.i.s.r.process.maven.MavenHelper - Error while building complete model. The raw model will be used. Error message: 1 problem was encountered while building the effective model for com.facebook.presto:presto-main:0.197-SNAPSHOT
[ERROR] Failed to determine Java version for profile java9-surefire @ io.airlift:airbase:79

01:57:38.822 [main] ERROR f.i.s.r.process.maven.MavenHelper - Error while building complete model. The raw model will be used. Error message: 1 problem was encountered while building the effective model for com.facebook.presto:presto-ml:0.197-SNAPSHOT
[ERROR] Failed to determine Java version for profile java9-surefire @ io.airlift:airbase:79

01:57:38.829 [main] ERROR f.i.s.r.process.maven.MavenHelper - Error while building complete model. The raw model will be used. Error message: 1 problem was encountered while building the effective model for com.facebook.presto:presto-geospatial:0.197-SNAPSHOT
[ERROR] Failed to determine Java version for profile java9-surefire @ io.airlift:airbase:79

01:57:38.836 [main] ERROR f.i.s.r.process.maven.MavenHelper - Error while building complete model. The raw model will be used. Error message: 1 problem was encountered while building the effective model for com.facebook.presto:presto-geospatial-toolkit:0.197-SNAPSHOT
[ERROR] Failed to determine Java version for profile java9-surefire @ io.airlift:airbase:79

01:57:38.843 [main] ERROR f.i.s.r.process.maven.MavenHelper - Error while building complete model. The raw model will be used. Error message: 1 problem was encountered while building the effective model for com.facebook.presto:presto-benchmark:0.197-SNAPSHOT
[ERROR] Failed to determine Java version for profile java9-surefire @ io.airlift:airbase:79

01:57:38.849 [main] ERROR f.i.s.r.process.maven.MavenHelper - Error while building complete model. The raw model will be used. Error message: 1 problem was encountered while building the effective model for com.facebook.presto:presto-tests:0.197-SNAPSHOT
[ERROR] Failed to determine Java version for profile java9-surefire @ io.airlift:airbase:79

01:57:38.856 [main] ERROR f.i.s.r.process.maven.MavenHelper - Error while building complete model. The raw model will be used. Error message: 1 problem was encountered while building the effective model for com.facebook.presto:presto-product-tests:0.197-SNAPSHOT
[ERROR] Failed to determine Java version for profile java9-surefire @ io.airlift:airbase:79

01:57:38.863 [main] ERROR f.i.s.r.process.maven.MavenHelper - Error while building complete model. The raw model will be used. Error message: 1 problem was encountered while building the effective model for com.facebook.presto:presto-jdbc:0.197-SNAPSHOT
[ERROR] Failed to determine Java version for profile java9-surefire @ io.airlift:airbase:79

01:57:38.869 [main] ERROR f.i.s.r.process.maven.MavenHelper - Error while building complete model. The raw model will be used. Error message: 1 problem was encountered while building the effective model for com.facebook.presto:presto-cli:0.197-SNAPSHOT
[ERROR] Failed to determine Java version for profile java9-surefire @ io.airlift:airbase:79

01:57:38.875 [main] ERROR f.i.s.r.process.maven.MavenHelper - Error while building complete model. The raw model will be used. Error message: 1 problem was encountered while building the effective model for com.facebook.presto:presto-benchmark-driver:0.197-SNAPSHOT
[ERROR] Failed to determine Java version for profile java9-surefire @ io.airlift:airbase:79

01:57:38.876 [main] DEBUG f.i.s.r.p.step.paths.ComputeTestDir - The default test directory (/root/workspace/prestodb/presto/352496806/presto-server/src/test/java) does not exist. Try to read pom.xml to get information.
01:57:38.882 [main] ERROR f.i.s.r.process.maven.MavenHelper - Error while building complete model. The raw model will be used. Error message: 1 problem was encountered while building the effective model for com.facebook.presto:presto-server:0.197-SNAPSHOT
[ERROR] Failed to determine Java version for profile java9-surefire @ io.airlift:airbase:79

01:57:38.882 [main] DEBUG f.i.s.r.p.step.paths.ComputeTestDir - Build section does not exist in the following pom.xml: /root/workspace/prestodb/presto/352496806/presto-server/pom.xml. Continue to try to get test dir from all modules.
01:57:38.882 [main] ERROR f.i.s.r.p.step.paths.ComputeTestDir - The test directory is not at default location or specified in build section from pom.xml, and no parent can be found.
01:57:38.882 [main] DEBUG f.i.s.r.p.step.paths.ComputeTestDir - The default test directory (/root/workspace/prestodb/presto/352496806/presto-server-rpm/src/test/java) does not exist. Try to read pom.xml to get information.
01:57:38.890 [main] ERROR f.i.s.r.process.maven.MavenHelper - Error while building complete model. The raw model will be used. Error message: 1 problem was encountered while building the effective model for com.facebook.presto:presto-server-rpm:0.197-SNAPSHOT
[ERROR] Failed to determine Java version for profile java9-surefire @ io.airlift:airbase:79

01:57:38.891 [main] DEBUG f.i.s.r.p.step.paths.ComputeTestDir - Build section does not exist in the following pom.xml: /root/workspace/prestodb/presto/352496806/presto-server-rpm/pom.xml. Continue to try to get test dir from all modules.
01:57:38.891 [main] ERROR f.i.s.r.p.step.paths.ComputeTestDir - The test directory is not at default location or specified in build section from pom.xml, and no parent can be found.
01:57:38.891 [main] DEBUG f.i.s.r.p.step.paths.ComputeTestDir - The default test directory (/root/workspace/prestodb/presto/352496806/presto-docs/src/test/java) does not exist. Try to read pom.xml to get information.
01:57:38.901 [main] ERROR f.i.s.r.process.maven.MavenHelper - Error while building complete model. The raw model will be used. Error message: 1 problem was encountered while building the effective model for com.facebook.presto:presto-docs:0.197-SNAPSHOT
[ERROR] Failed to determine Java version for profile java9-surefire @ io.airlift:airbase:79

01:57:38.901 [main] DEBUG f.i.s.r.p.step.paths.ComputeTestDir - Build section does not exist in the following pom.xml: /root/workspace/prestodb/presto/352496806/presto-docs/pom.xml. Continue to try to get test dir from all modules.
01:57:38.901 [main] ERROR f.i.s.r.p.step.paths.ComputeTestDir - The test directory is not at default location or specified in build section from pom.xml, and no parent can be found.
01:57:38.912 [main] ERROR f.i.s.r.process.maven.MavenHelper - Error while building complete model. The raw model will be used. Error message: 1 problem was encountered while building the effective model for com.facebook.presto:presto-verifier:0.197-SNAPSHOT
[ERROR] Failed to determine Java version for profile java9-surefire @ io.airlift:airbase:79

01:57:38.913 [main] DEBUG f.i.s.r.p.step.paths.ComputeTestDir - The default test directory (/root/workspace/prestodb/presto/352496806/presto-testing-server-launcher/src/test/java) does not exist. Try to read pom.xml to get information.
01:57:38.924 [main] ERROR f.i.s.r.process.maven.MavenHelper - Error while building complete model. The raw model will be used. Error message: 1 problem was encountered while building the effective model for com.facebook.presto:presto-testing-server-launcher:0.197-SNAPSHOT
[ERROR] Failed to determine Java version for profile java9-surefire @ io.airlift:airbase:79

01:57:38.924 [main] DEBUG f.i.s.r.p.step.paths.ComputeTestDir - Build section does not exist in the following pom.xml: /root/workspace/prestodb/presto/352496806/presto-testing-server-launcher/pom.xml. Continue to try to get test dir from all modules.
01:57:38.924 [main] ERROR f.i.s.r.p.step.paths.ComputeTestDir - The test directory is not at default location or specified in build section from pom.xml, and no parent can be found.
01:57:38.935 [main] ERROR f.i.s.r.process.maven.MavenHelper - Error while building complete model. The raw model will be used. Error message: 1 problem was encountered while building the effective model for com.facebook.presto:presto-plugin-toolkit:0.197-SNAPSHOT
[ERROR] Failed to determine Java version for profile java9-surefire @ io.airlift:airbase:79

01:57:38.946 [main] ERROR f.i.s.r.process.maven.MavenHelper - Error while building complete model. The raw model will be used. Error message: 1 problem was encountered while building the effective model for com.facebook.presto:presto-resource-group-managers:0.197-SNAPSHOT
[ERROR] Failed to determine Java version for profile java9-surefire @ io.airlift:airbase:79

01:57:38.956 [main] ERROR f.i.s.r.process.maven.MavenHelper - Error while building complete model. The raw model will be used. Error message: 1 problem was encountered while building the effective model for com.facebook.presto:presto-password-authenticators:0.197-SNAPSHOT
[ERROR] Failed to determine Java version for profile java9-surefire @ io.airlift:airbase:79

01:57:38.957 [main] DEBUG f.i.s.r.p.step.paths.ComputeTestDir - The default test directory (/root/workspace/prestodb/presto/352496806/presto-benchto-benchmarks/src/test/java) does not exist. Try to read pom.xml to get information.
01:57:38.968 [main] ERROR f.i.s.r.process.maven.MavenHelper - Error while building complete model. The raw model will be used. Error message: 1 problem was encountered while building the effective model for com.facebook.presto:presto-benchto-benchmarks:0.197-SNAPSHOT
[ERROR] Failed to determine Java version for profile java9-surefire @ io.airlift:airbase:79

01:57:38.968 [main] DEBUG f.i.s.r.p.step.paths.ComputeTestDir - Build section does not exist in the following pom.xml: /root/workspace/prestodb/presto/352496806/presto-benchto-benchmarks/pom.xml. Continue to try to get test dir from all modules.
01:57:38.968 [main] ERROR f.i.s.r.p.step.paths.ComputeTestDir - The test directory is not at default location or specified in build section from pom.xml, and no parent can be found.
01:57:38.979 [main] ERROR f.i.s.r.process.maven.MavenHelper - Error while building complete model. The raw model will be used. Error message: 1 problem was encountered while building the effective model for com.facebook.presto:presto-thrift-connector-api:0.197-SNAPSHOT
[ERROR] Failed to determine Java version for profile java9-surefire @ io.airlift:airbase:79

01:57:38.990 [main] ERROR f.i.s.r.process.maven.MavenHelper - Error while building complete model. The raw model will be used. Error message: 1 problem was encountered while building the effective model for com.facebook.presto:presto-thrift-testing-server:0.197-SNAPSHOT
[ERROR] Failed to determine Java version for profile java9-surefire @ io.airlift:airbase:79

01:57:39.002 [main] ERROR f.i.s.r.process.maven.MavenHelper - Error while building complete model. The raw model will be used. Error message: 1 problem was encountered while building the effective model for com.facebook.presto:presto-thrift-connector:0.197-SNAPSHOT
[ERROR] Failed to determine Java version for profile java9-surefire @ io.airlift:airbase:79

01:57:39.012 [main] ERROR f.i.s.r.process.maven.MavenHelper - Error while building complete model. The raw model will be used. Error message: 1 problem was encountered while building the effective model for com.facebook.presto:presto-matching:0.197-SNAPSHOT
[ERROR] Failed to determine Java version for profile java9-surefire @ io.airlift:airbase:79

01:57:39.024 [main] ERROR f.i.s.r.process.maven.MavenHelper - Error while building complete model. The raw model will be used. Error message: 1 problem was encountered while building the effective model for com.facebook.presto:presto-memory-context:0.197-SNAPSHOT
[ERROR] Failed to determine Java version for profile java9-surefire @ io.airlift:airbase:79

01:57:39.025 [main] INFO  f.i.s.r.p.step.paths.ComputeTestDir - 48 test dirs were found:
01:57:39.025 [main] INFO  f.i.s.r.p.step.paths.ComputeTestDir - /root/workspace/prestodb/presto/352496806/presto-accumulo/src/test/java
01:57:39.025 [main] INFO  f.i.s.r.p.step.paths.ComputeTestDir - /root/workspace/prestodb/presto/352496806/presto-array/src/test/java
01:57:39.025 [main] INFO  f.i.s.r.p.step.paths.ComputeTestDir - /root/workspace/prestodb/presto/352496806/presto-atop/src/test/java
01:57:39.025 [main] INFO  f.i.s.r.p.step.paths.ComputeTestDir - /root/workspace/prestodb/presto/352496806/presto-base-jdbc/src/test/java
01:57:39.026 [main] INFO  f.i.s.r.p.step.paths.ComputeTestDir - /root/workspace/prestodb/presto/352496806/presto-benchmark-driver/src/test/java
01:57:39.026 [main] INFO  f.i.s.r.p.step.paths.ComputeTestDir - /root/workspace/prestodb/presto/352496806/presto-benchmark/src/test/java
01:57:39.026 [main] INFO  f.i.s.r.p.step.paths.ComputeTestDir - /root/workspace/prestodb/presto/352496806/presto-blackhole/src/test/java
01:57:39.026 [main] INFO  f.i.s.r.p.step.paths.ComputeTestDir - /root/workspace/prestodb/presto/352496806/presto-cassandra/src/test/java
01:57:39.026 [main] INFO  f.i.s.r.p.step.paths.ComputeTestDir - /root/workspace/prestodb/presto/352496806/presto-cli/src/test/java
01:57:39.026 [main] INFO  f.i.s.r.p.step.paths.ComputeTestDir - /root/workspace/prestodb/presto/352496806/presto-client/src/test/java
01:57:39.026 [main] INFO  f.i.s.r.p.step.paths.ComputeTestDir - /root/workspace/prestodb/presto/352496806/presto-example-http/src/test/java
01:57:39.026 [main] INFO  f.i.s.r.p.step.paths.ComputeTestDir - /root/workspace/prestodb/presto/352496806/presto-geospatial-toolkit/src/test/java
01:57:39.026 [main] INFO  f.i.s.r.p.step.paths.ComputeTestDir - /root/workspace/prestodb/presto/352496806/presto-geospatial/src/test/java
01:57:39.026 [main] INFO  f.i.s.r.p.step.paths.ComputeTestDir - /root/workspace/prestodb/presto/352496806/presto-hive-hadoop2/src/test/java
01:57:39.026 [main] INFO  f.i.s.r.p.step.paths.ComputeTestDir - /root/workspace/prestodb/presto/352496806/presto-hive/src/test/java
01:57:39.026 [main] INFO  f.i.s.r.p.step.paths.ComputeTestDir - /root/workspace/prestodb/presto/352496806/presto-jdbc/src/test/java
01:57:39.026 [main] INFO  f.i.s.r.p.step.paths.ComputeTestDir - /root/workspace/prestodb/presto/352496806/presto-jmx/src/test/java
01:57:39.027 [main] INFO  f.i.s.r.p.step.paths.ComputeTestDir - /root/workspace/prestodb/presto/352496806/presto-kafka/src/test/java
01:57:39.027 [main] INFO  f.i.s.r.p.step.paths.ComputeTestDir - /root/workspace/prestodb/presto/352496806/presto-local-file/src/test/java
01:57:39.027 [main] INFO  f.i.s.r.p.step.paths.ComputeTestDir - /root/workspace/prestodb/presto/352496806/presto-main/src/test/java
01:57:39.027 [main] INFO  f.i.s.r.p.step.paths.ComputeTestDir - /root/workspace/prestodb/presto/352496806/presto-matching/src/test/java
01:57:39.027 [main] INFO  f.i.s.r.p.step.paths.ComputeTestDir - /root/workspace/prestodb/presto/352496806/presto-memory-context/src/test/java
01:57:39.027 [main] INFO  f.i.s.r.p.step.paths.ComputeTestDir - /root/workspace/prestodb/presto/352496806/presto-memory/src/test/java
01:57:39.027 [main] INFO  f.i.s.r.p.step.paths.ComputeTestDir - /root/workspace/prestodb/presto/352496806/presto-ml/src/test/java
01:57:39.027 [main] INFO  f.i.s.r.p.step.paths.ComputeTestDir - /root/workspace/prestodb/presto/352496806/presto-mongodb/src/test/java
01:57:39.027 [main] INFO  f.i.s.r.p.step.paths.ComputeTestDir - /root/workspace/prestodb/presto/352496806/presto-mysql/src/test/java
01:57:39.027 [main] INFO  f.i.s.r.p.step.paths.ComputeTestDir - /root/workspace/prestodb/presto/352496806/presto-orc/src/test/java
01:57:39.028 [main] INFO  f.i.s.r.p.step.paths.ComputeTestDir - /root/workspace/prestodb/presto/352496806/presto-parser/src/test/java
01:57:39.028 [main] INFO  f.i.s.r.p.step.paths.ComputeTestDir - /root/workspace/prestodb/presto/352496806/presto-password-authenticators/src/test/java
01:57:39.028 [main] INFO  f.i.s.r.p.step.paths.ComputeTestDir - /root/workspace/prestodb/presto/352496806/presto-plugin-toolkit/src/test/java
01:57:39.028 [main] INFO  f.i.s.r.p.step.paths.ComputeTestDir - /root/workspace/prestodb/presto/352496806/presto-postgresql/src/test/java
01:57:39.028 [main] INFO  f.i.s.r.p.step.paths.ComputeTestDir - /root/workspace/prestodb/presto/352496806/presto-product-tests/src/test/java
01:57:39.028 [main] INFO  f.i.s.r.p.step.paths.ComputeTestDir - /root/workspace/prestodb/presto/352496806/presto-raptor/src/test/java
01:57:39.028 [main] INFO  f.i.s.r.p.step.paths.ComputeTestDir - /root/workspace/prestodb/presto/352496806/presto-rcfile/src/test/java
01:57:39.035 [main] INFO  f.i.s.r.p.step.paths.ComputeTestDir - /root/workspace/prestodb/presto/352496806/presto-record-decoder/src/test/java
01:57:39.036 [main] INFO  f.i.s.r.p.step.paths.ComputeTestDir - /root/workspace/prestodb/presto/352496806/presto-redis/src/test/java
01:57:39.036 [main] INFO  f.i.s.r.p.step.paths.ComputeTestDir - /root/workspace/prestodb/presto/352496806/presto-redshift/src/test/java
01:57:39.036 [main] INFO  f.i.s.r.p.step.paths.ComputeTestDir - /root/workspace/prestodb/presto/352496806/presto-resource-group-managers/src/test/java
01:57:39.036 [main] INFO  f.i.s.r.p.step.paths.ComputeTestDir - /root/workspace/prestodb/presto/352496806/presto-spi/src/test/java
01:57:39.036 [main] INFO  f.i.s.r.p.step.paths.ComputeTestDir - /root/workspace/prestodb/presto/352496806/presto-sqlserver/src/test/java
01:57:39.036 [main] INFO  f.i.s.r.p.step.paths.ComputeTestDir - /root/workspace/prestodb/presto/352496806/presto-teradata-functions/src/test/java
01:57:39.036 [main] INFO  f.i.s.r.p.step.paths.ComputeTestDir - /root/workspace/prestodb/presto/352496806/presto-tests/src/test/java
01:57:39.036 [main] INFO  f.i.s.r.p.step.paths.ComputeTestDir - /root/workspace/prestodb/presto/352496806/presto-thrift-connector-api/src/test/java
01:57:39.037 [main] INFO  f.i.s.r.p.step.paths.ComputeTestDir - /root/workspace/prestodb/presto/352496806/presto-thrift-connector/src/test/java
01:57:39.037 [main] INFO  f.i.s.r.p.step.paths.ComputeTestDir - /root/workspace/prestodb/presto/352496806/presto-thrift-testing-server/src/test/java
01:57:39.037 [main] INFO  f.i.s.r.p.step.paths.ComputeTestDir - /root/workspace/prestodb/presto/352496806/presto-tpcds/src/test/java
01:57:39.037 [main] INFO  f.i.s.r.p.step.paths.ComputeTestDir - /root/workspace/prestodb/presto/352496806/presto-tpch/src/test/java
01:57:39.037 [main] INFO  f.i.s.r.p.step.paths.ComputeTestDir - /root/workspace/prestodb/presto/352496806/presto-verifier/src/test/java
01:57:39.082 [main] DEBUG f.i.s.r.p.step.paths.ComputeTestDir - STEP STATUS: [ ComputeTestDir : SUCCESS ]
01:57:39.082 [main] DEBUG f.i.s.r.p.step.paths.ComputeTestDir - STEP DURATION: 0s
01:57:39.083 [main] DEBUG f.i.s.r.p.step.paths.ComputeTestDir - EXECUTE NEXT STEP
01:57:39.083 [main] DEBUG f.i.s.r.p.s.c.CheckoutBuggyBuildSourceCode - ----------------------------------------------------------------------
01:57:39.083 [main] DEBUG f.i.s.r.p.s.c.CheckoutBuggyBuildSourceCode - STEP 5/22: CheckoutBuggyBuildCandidateSourceCode
01:57:39.083 [main] DEBUG f.i.s.r.p.s.c.CheckoutBuggyBuildSourceCode - ----------------------------------------------------------------------
01:57:39.083 [main] DEBUG f.i.s.r.p.s.c.CheckoutBuggyBuildSourceCode - Checking out the source code of the buggy build candidate...
01:57:39.377 [main] INFO  fr.inria.jtravis.JTravis - GitHub ratelimit: Limit: 5000 Remaining: 4944 Reset hour: 19:31:43
01:57:41.114 [main] DEBUG f.i.s.r.process.git.GitHelper - Commit repairnator files...
01:57:41.114 [main] INFO  f.i.s.r.process.git.GitHelper - There is no repairnator file to commit.
01:57:41.114 [main] DEBUG f.i.s.r.p.s.c.CheckoutBuggyBuildSourceCode - Reproduce the PR for prestodb/presto by fetching remote branch and merging.
01:57:41.653 [main] DEBUG f.i.s.r.process.git.GitHelper - Step CheckoutBuggyBuildCandidateSourceCode - Get the commit 1ddc18a6dc241a00f3d628c132cef193a4d16c34 for repo prestodb/presto
01:57:41.891 [main] DEBUG f.i.s.r.process.git.GitHelper - Step CheckoutBuggyBuildCandidateSourceCode - Do the merge with the PR commit for repo prestodb/presto
01:57:42.448 [main] INFO  f.i.s.r.process.git.GitHelper - Init git submodules.
01:57:42.694 [main] INFO  fr.inria.jtravis.JTravis - GitHub ratelimit: Limit: 5000 Remaining: 4932 Reset hour: 19:31:43
01:57:44.516 [main] DEBUG f.i.s.r.process.git.GitHelper - Commit repairnator files...
01:57:44.516 [main] INFO  f.i.s.r.process.git.GitHelper - There is no repairnator file to commit.
01:57:44.516 [main] DEBUG f.i.s.r.p.s.c.CheckoutBuggyBuildSourceCode - Reproduce the PR for prestodb/presto by fetching remote branch and merging.
01:57:45.019 [main] ERROR f.i.s.r.p.s.c.CheckoutBuggyBuildSourceCode - Error while testing commit: org.eclipse.jgit.errors.MissingObjectException: Missing unknown b22d225ccafcbeab94eee7f6648649b74e16b965
01:57:45.020 [main] ERROR f.i.s.r.p.s.c.CheckoutBuggyBuildSourceCode - Commit head ref cannot be retrieved from the repository: b22d225ccafcbeab94eee7f6648649b74e16b965. Operation aborted.
01:57:45.020 [main] ERROR f.i.s.r.p.s.c.CheckoutBuggyBuildSourceCode - Error while merging two commits to reproduce the PR.
01:57:45.022 [main] DEBUG f.i.s.r.p.s.c.CheckoutBuggyBuildSourceCode - STEP STATUS: [ CheckoutBuggyBuildCandidateSourceCode : FAILURE ( BUILDNOTCHECKEDOUT ) ]
01:57:45.022 [main] DEBUG f.i.s.r.p.s.c.CheckoutBuggyBuildSourceCode - STEP DURATION: 5s
01:57:45.022 [main] DEBUG f.i.s.r.p.s.c.CheckoutBuggyBuildSourceCode - TERMINATE PIPELINE
01:57:45.022 [main] DEBUG f.i.s.r.p.s.c.CheckoutBuggyBuildSourceCode - FINAL STEPS SKIPPED: The reproduction of the bug and/or the patch failed.
01:57:45.023 [main] INFO  f.i.s.r.p.s.c.CheckoutBuggyBuildSourceCode - Serialize all data for the pair of builds 352496806, 352497405
01:57:45.131 [main] INFO  fr.inria.jtravis.JTravis - GitHub ratelimit: Limit: 5000 Remaining: 4922 Reset hour: 19:31:43
01:57:46.606 [main] INFO  f.i.s.r.p.i.ProjectInspector - ----------------------------------------------------------------------
01:57:46.606 [main] INFO  f.i.s.r.p.i.ProjectInspector - PIPELINE EXECUTION SUMMARY
01:57:46.606 [main] INFO  f.i.s.r.p.i.ProjectInspector - ----------------------------------------------------------------------
01:57:46.607 [main] INFO  f.i.s.r.p.i.ProjectInspector - CloneRepository.......................................SUCCESS [ 47 s ]
01:57:46.607 [main] INFO  f.i.s.r.p.i.ProjectInspector - CheckoutPatchedBuildCandidate.........................SUCCESS [ 10 s ]
01:57:46.607 [main] INFO  f.i.s.r.p.i.ProjectInspector - ComputeSourceDir......................................SUCCESS [  2 s ]
01:57:46.607 [main] INFO  f.i.s.r.p.i.ProjectInspector - ComputeTestDir........................................SUCCESS [  0 s ]
01:57:46.607 [main] INFO  f.i.s.r.p.i.ProjectInspector - CheckoutBuggyBuildCandidateSourceCode.................FAILURE [  5 s ]
01:57:46.607 [main] INFO  f.i.s.r.p.i.ProjectInspector - BuildProjectBuggyBuildCandidateSourceCode.............NOT RUN         
01:57:46.607 [main] INFO  f.i.s.r.p.i.ProjectInspector - TestProjectBuggyBuildCandidateSourceCode..............NOT RUN         
01:57:46.607 [main] INFO  f.i.s.r.p.i.ProjectInspector - GatherTestInformationBuggyBuildCandidateSourceCode....NOT RUN         
01:57:46.607 [main] INFO  f.i.s.r.p.i.ProjectInspector - CheckoutBuggyBuildTestCode............................NOT RUN         
01:57:46.607 [main] INFO  f.i.s.r.p.i.ProjectInspector - InitRepoToPush........................................NOT RUN         
01:57:46.607 [main] INFO  f.i.s.r.p.i.ProjectInspector - ComputeClasspath......................................NOT RUN         
01:57:46.607 [main] INFO  f.i.s.r.p.i.ProjectInspector - ComputeModules........................................NOT RUN         
01:57:46.607 [main] INFO  f.i.s.r.p.i.ProjectInspector - CheckoutBuggyBuildCandidateSourceCode.................NOT RUN         
01:57:46.608 [main] INFO  f.i.s.r.p.i.ProjectInspector - CommitChangedTests....................................NOT RUN         
01:57:46.608 [main] INFO  f.i.s.r.p.i.ProjectInspector - CheckoutPatchedBuildCandidate.........................NOT RUN         
01:57:46.608 [main] INFO  f.i.s.r.p.i.ProjectInspector - BuildProjectPatchedBuildCandidate.....................NOT RUN         
01:57:46.608 [main] INFO  f.i.s.r.p.i.ProjectInspector - TestProjectPatchedBuildCandidate......................NOT RUN         
01:57:46.608 [main] INFO  f.i.s.r.p.i.ProjectInspector - GatherTestInformationPatchedBuildCandidate............NOT RUN         
01:57:46.608 [main] INFO  f.i.s.r.p.i.ProjectInspector - CommitPatch...........................................NOT RUN         
01:57:46.608 [main] INFO  f.i.s.r.p.i.ProjectInspector - WritePropertyFile.....................................NOT RUN         
01:57:46.608 [main] INFO  f.i.s.r.p.i.ProjectInspector - CommitProcessEnd......................................NOT RUN         
01:57:46.608 [main] INFO  f.i.s.r.p.i.ProjectInspector - PushProcessEnd........................................NOT RUN         
01:57:46.608 [main] INFO  f.i.s.r.p.i.ProjectInspector - ----------------------------------------------------------------------
01:57:46.608 [main] INFO  f.i.s.r.p.i.ProjectInspector - PIPELINE FINDING: BUILDNOTCHECKEDOUT
01:57:46.609 [main] INFO  f.i.s.r.p.i.ProjectInspector - ----------------------------------------------------------------------
01:57:46.609 [main] INFO  f.i.s.repairnator.pipeline.Launcher - Inspector is finished. The process will exit now.
