02:51:51.592 [main] INFO  f.i.s.repairnator.pipeline.Launcher - PIPELINE VERSION: 3.0-2018-08-09 19:04
02:51:51.739 [main] INFO  f.i.s.repairnator.pipeline.Launcher - The pipeline will try to reproduce a bug from build 326969843 and its corresponding patch from build 326973969
02:51:51.739 [main] INFO  f.i.s.repairnator.pipeline.Launcher - Initialize file serializer engines.
02:51:51.741 [main] INFO  f.i.s.repairnator.pipeline.Launcher - MongoDB won't be used for serialization.
02:51:51.741 [main] INFO  f.i.s.repairnator.pipeline.Launcher - The email notifier engine won't be used.
02:51:51.744 [main] INFO  f.i.s.repairnator.pipeline.Launcher - Start by getting the build (buildId: 326969843) with the following config: RepairnatorConfig{runId='c4edf6f8-133a-4cec-9a5e-4ad4ea8b0f50_01-18-week2-FAILING_AND_PASSING', launcherMode=BEARS, serializeJson=true, inputPath='null', outputPath='/var/log', mongodbHost='null', mongodbName='repairnator', smtpServer='null', notifyTo=[], notifyEndProcess=false, push=true, pushRemoteRepo='https://github.com/fermadeiral/bears-collection-fp', fork=false, lookFromDate=null, lookToDate=null, buildId=326969843, z3solverPath='./z3_for_linux', workspacePath='./workspace', githubToken='c8a341a903[...]', dockerImageName='null', skipDelete=false, createOutputDir=false, logDirectory='null', nbThreads=0, globalTimeout=0, whiteList=null, blackList=null, jobSleepTime=0, buildSleepTime=0, maxInspectedBuilds=0, duration=null, humanPatch=false, repository='null', clean=true, bearsMode=BOTH, bearsDelimiter = false, repairTools=NopolAllTests,NPEFix,AssertFixer,AstorJGenProg,AstorJKali,NopolSingleTest,AstorJMut,NopolTestExclusionStrategy, githubUserName= fermadeiral, githubUserEmail=fer.madeiral@gmail.com}
02:51:53.254 [main] DEBUG fr.inria.jtravis.helpers.BuildHelper - Get request to :https://api.travis-ci.org/build/326969843 done after 1099 ms
02:51:53.622 [main] DEBUG fr.inria.jtravis.helpers.BuildHelper - Get request to :https://api.travis-ci.org/build/326973969 done after 274 ms
02:51:53.644 [main] INFO  f.i.s.repairnator.pipeline.Launcher - The patched build (326973969) was successfully retrieved from Travis.
02:51:54.866 [main] INFO  fr.inria.jtravis.JTravis - GitHub ratelimit: Limit: 5000 Remaining: 4903 Reset hour: 19:15:56
02:51:55.104 [main] INFO  f.i.s.r.p.i.ProjectInspector - ----------------------------------------------------------------------
02:51:55.104 [main] INFO  f.i.s.r.p.i.ProjectInspector - PIPELINE STEPS
02:51:55.104 [main] INFO  f.i.s.r.p.i.ProjectInspector - ----------------------------------------------------------------------
02:51:55.104 [main] INFO  f.i.s.r.p.i.ProjectInspector - CloneRepository
02:51:55.104 [main] INFO  f.i.s.r.p.i.ProjectInspector - CheckoutBuggyBuildCandidate
02:51:55.104 [main] INFO  f.i.s.r.p.i.ProjectInspector - ComputeSourceDir
02:51:55.105 [main] INFO  f.i.s.r.p.i.ProjectInspector - ComputeTestDir
02:51:55.105 [main] INFO  f.i.s.r.p.i.ProjectInspector - BuildProjectBuggyBuildCandidate
02:51:55.105 [main] INFO  f.i.s.r.p.i.ProjectInspector - TestProjectBuggyBuildCandidate
02:51:55.105 [main] INFO  f.i.s.r.p.i.ProjectInspector - GatherTestInformationBuggyBuildCandidate
02:51:55.105 [main] INFO  f.i.s.r.p.i.ProjectInspector - InitRepoToPush
02:51:55.105 [main] INFO  f.i.s.r.p.i.ProjectInspector - ComputeClasspath
02:51:55.106 [main] INFO  f.i.s.r.p.i.ProjectInspector - ComputeModules
02:51:55.106 [main] INFO  f.i.s.r.p.i.ProjectInspector - CheckoutPatchedBuildCandidate
02:51:55.106 [main] INFO  f.i.s.r.p.i.ProjectInspector - BuildProjectPatchedBuildCandidate
02:51:55.106 [main] INFO  f.i.s.r.p.i.ProjectInspector - TestProjectPatchedBuildCandidate
02:51:55.106 [main] INFO  f.i.s.r.p.i.ProjectInspector - GatherTestInformationPatchedBuildCandidate
02:51:55.107 [main] INFO  f.i.s.r.p.i.ProjectInspector - CommitPatch
02:51:55.107 [main] INFO  f.i.s.r.p.i.ProjectInspector - WritePropertyFile
02:51:55.107 [main] INFO  f.i.s.r.p.i.ProjectInspector - CommitProcessEnd
02:51:55.107 [main] INFO  f.i.s.r.p.i.ProjectInspector - PushProcessEnd
02:51:55.108 [main] DEBUG f.i.s.r.process.step.CloneRepository - ----------------------------------------------------------------------
02:51:55.108 [main] DEBUG f.i.s.r.process.step.CloneRepository - STEP 1/18: CloneRepository
02:51:55.108 [main] DEBUG f.i.s.r.process.step.CloneRepository - ----------------------------------------------------------------------
02:51:55.108 [main] DEBUG f.i.s.r.process.step.CloneRepository - Cloning repository batfish/batfish in the following directory: ./workspace/batfish/batfish/326969843
02:52:43.516 [main] DEBUG f.i.s.r.process.step.CloneRepository - STEP STATUS: [ CloneRepository : SUCCESS ]
02:52:43.517 [main] DEBUG f.i.s.r.process.step.CloneRepository - STEP DURATION: 48s
02:52:43.517 [main] DEBUG f.i.s.r.process.step.CloneRepository - EXECUTE NEXT STEP
02:52:43.517 [main] DEBUG f.i.s.r.p.s.c.CheckoutBuggyBuild - ----------------------------------------------------------------------
02:52:43.517 [main] DEBUG f.i.s.r.p.s.c.CheckoutBuggyBuild - STEP 2/18: CheckoutBuggyBuildCandidate
02:52:43.518 [main] DEBUG f.i.s.r.p.s.c.CheckoutBuggyBuild - ----------------------------------------------------------------------
02:52:43.518 [main] DEBUG f.i.s.r.p.s.c.CheckoutBuggyBuild - Checking out buggy build candidate...
02:52:43.860 [main] INFO  fr.inria.jtravis.JTravis - GitHub ratelimit: Limit: 5000 Remaining: 4896 Reset hour: 19:15:56
02:52:46.275 [main] DEBUG f.i.s.r.p.s.c.CheckoutBuggyBuild - Reproduce the PR for batfish/batfish by fetching remote branch and merging.
02:52:47.116 [main] ERROR f.i.s.r.p.s.c.CheckoutBuggyBuild - Error while testing commit: org.eclipse.jgit.errors.MissingObjectException: Missing unknown 2facc9de3afc17b32a63e28334bd4213f566a0dc
02:52:47.117 [main] ERROR f.i.s.r.p.s.c.CheckoutBuggyBuild - Commit head ref cannot be retrieved from the repository: 2facc9de3afc17b32a63e28334bd4213f566a0dc. Operation aborted.
02:52:47.117 [main] ERROR f.i.s.r.p.s.c.CheckoutBuggyBuild - Error while merging two commits to reproduce the PR.
02:52:47.118 [main] DEBUG f.i.s.r.p.s.c.CheckoutBuggyBuild - STEP STATUS: [ CheckoutBuggyBuildCandidate : FAILURE ( BUILDNOTCHECKEDOUT ) ]
02:52:47.119 [main] DEBUG f.i.s.r.p.s.c.CheckoutBuggyBuild - STEP DURATION: 3s
02:52:47.119 [main] DEBUG f.i.s.r.p.s.c.CheckoutBuggyBuild - TERMINATE PIPELINE
02:52:47.119 [main] DEBUG f.i.s.r.p.s.c.CheckoutBuggyBuild - FINAL STEPS SKIPPED: The reproduction of the bug and/or the patch failed.
02:52:47.119 [main] INFO  f.i.s.r.p.s.c.CheckoutBuggyBuild - Serialize all data for the pair of builds 326969843, 326973969
02:52:47.237 [main] INFO  fr.inria.jtravis.JTravis - GitHub ratelimit: Limit: 5000 Remaining: 4889 Reset hour: 19:15:56
02:52:48.296 [main] INFO  f.i.s.r.p.i.ProjectInspector - ----------------------------------------------------------------------
02:52:48.297 [main] INFO  f.i.s.r.p.i.ProjectInspector - PIPELINE EXECUTION SUMMARY
02:52:48.297 [main] INFO  f.i.s.r.p.i.ProjectInspector - ----------------------------------------------------------------------
02:52:48.297 [main] INFO  f.i.s.r.p.i.ProjectInspector - CloneRepository.......................................SUCCESS [ 48 s ]
02:52:48.297 [main] INFO  f.i.s.r.p.i.ProjectInspector - CheckoutBuggyBuildCandidate...........................FAILURE [  3 s ]
02:52:48.297 [main] INFO  f.i.s.r.p.i.ProjectInspector - ComputeSourceDir......................................NOT RUN         
02:52:48.297 [main] INFO  f.i.s.r.p.i.ProjectInspector - ComputeTestDir........................................NOT RUN         
02:52:48.297 [main] INFO  f.i.s.r.p.i.ProjectInspector - BuildProjectBuggyBuildCandidate.......................NOT RUN         
02:52:48.298 [main] INFO  f.i.s.r.p.i.ProjectInspector - TestProjectBuggyBuildCandidate........................NOT RUN         
02:52:48.298 [main] INFO  f.i.s.r.p.i.ProjectInspector - GatherTestInformationBuggyBuildCandidate..............NOT RUN         
02:52:48.298 [main] INFO  f.i.s.r.p.i.ProjectInspector - InitRepoToPush........................................NOT RUN         
02:52:48.298 [main] INFO  f.i.s.r.p.i.ProjectInspector - ComputeClasspath......................................NOT RUN         
02:52:48.298 [main] INFO  f.i.s.r.p.i.ProjectInspector - ComputeModules........................................NOT RUN         
02:52:48.298 [main] INFO  f.i.s.r.p.i.ProjectInspector - CheckoutPatchedBuildCandidate.........................NOT RUN         
02:52:48.298 [main] INFO  f.i.s.r.p.i.ProjectInspector - BuildProjectPatchedBuildCandidate.....................NOT RUN         
02:52:48.298 [main] INFO  f.i.s.r.p.i.ProjectInspector - TestProjectPatchedBuildCandidate......................NOT RUN         
02:52:48.299 [main] INFO  f.i.s.r.p.i.ProjectInspector - GatherTestInformationPatchedBuildCandidate............NOT RUN         
02:52:48.299 [main] INFO  f.i.s.r.p.i.ProjectInspector - CommitPatch...........................................NOT RUN         
02:52:48.299 [main] INFO  f.i.s.r.p.i.ProjectInspector - WritePropertyFile.....................................NOT RUN         
02:52:48.299 [main] INFO  f.i.s.r.p.i.ProjectInspector - CommitProcessEnd......................................NOT RUN         
02:52:48.299 [main] INFO  f.i.s.r.p.i.ProjectInspector - PushProcessEnd........................................NOT RUN         
02:52:48.299 [main] INFO  f.i.s.r.p.i.ProjectInspector - ----------------------------------------------------------------------
02:52:48.299 [main] INFO  f.i.s.r.p.i.ProjectInspector - PIPELINE FINDING: BUILDNOTCHECKEDOUT
02:52:48.299 [main] INFO  f.i.s.r.p.i.ProjectInspector - ----------------------------------------------------------------------
02:52:48.299 [main] INFO  f.i.s.repairnator.pipeline.Launcher - Inspector is finished. The process will exit now.
