02:56:49.821 [main] INFO  f.i.s.repairnator.pipeline.Launcher - PIPELINE VERSION: 3.0-2018-08-09 19:04
02:56:49.989 [main] INFO  f.i.s.repairnator.pipeline.Launcher - The pipeline will try to reproduce a bug from build 326256349 and its corresponding patch from build 326279454
02:56:49.989 [main] INFO  f.i.s.repairnator.pipeline.Launcher - Initialize file serializer engines.
02:56:49.991 [main] INFO  f.i.s.repairnator.pipeline.Launcher - MongoDB won't be used for serialization.
02:56:49.992 [main] INFO  f.i.s.repairnator.pipeline.Launcher - The email notifier engine won't be used.
02:56:49.996 [main] INFO  f.i.s.repairnator.pipeline.Launcher - Start by getting the build (buildId: 326256349) with the following config: RepairnatorConfig{runId='c4edf6f8-133a-4cec-9a5e-4ad4ea8b0f50_01-18-week2-FAILING_AND_PASSING', launcherMode=BEARS, serializeJson=true, inputPath='null', outputPath='/var/log', mongodbHost='null', mongodbName='repairnator', smtpServer='null', notifyTo=[], notifyEndProcess=false, push=true, pushRemoteRepo='https://github.com/fermadeiral/bears-collection-fp', fork=false, lookFromDate=null, lookToDate=null, buildId=326256349, z3solverPath='./z3_for_linux', workspacePath='./workspace', githubToken='c8a341a903[...]', dockerImageName='null', skipDelete=false, createOutputDir=false, logDirectory='null', nbThreads=0, globalTimeout=0, whiteList=null, blackList=null, jobSleepTime=0, buildSleepTime=0, maxInspectedBuilds=0, duration=null, humanPatch=false, repository='null', clean=true, bearsMode=BOTH, bearsDelimiter = false, repairTools=NopolAllTests,NPEFix,AssertFixer,AstorJGenProg,AstorJKali,NopolSingleTest,AstorJMut,NopolTestExclusionStrategy, githubUserName= fermadeiral, githubUserEmail=fer.madeiral@gmail.com}
02:56:51.490 [main] DEBUG fr.inria.jtravis.helpers.BuildHelper - Get request to :https://api.travis-ci.org/build/326256349 done after 942 ms
02:56:51.790 [main] DEBUG fr.inria.jtravis.helpers.BuildHelper - Get request to :https://api.travis-ci.org/build/326279454 done after 133 ms
02:56:51.830 [main] INFO  f.i.s.repairnator.pipeline.Launcher - The patched build (326279454) was successfully retrieved from Travis.
02:56:53.266 [main] INFO  fr.inria.jtravis.JTravis - GitHub ratelimit: Limit: 5000 Remaining: 4780 Reset hour: 19:15:56
02:56:53.520 [main] INFO  f.i.s.r.p.i.ProjectInspector - ----------------------------------------------------------------------
02:56:53.520 [main] INFO  f.i.s.r.p.i.ProjectInspector - PIPELINE STEPS
02:56:53.521 [main] INFO  f.i.s.r.p.i.ProjectInspector - ----------------------------------------------------------------------
02:56:53.521 [main] INFO  f.i.s.r.p.i.ProjectInspector - CloneRepository
02:56:53.521 [main] INFO  f.i.s.r.p.i.ProjectInspector - CheckoutBuggyBuildCandidate
02:56:53.522 [main] INFO  f.i.s.r.p.i.ProjectInspector - ComputeSourceDir
02:56:53.522 [main] INFO  f.i.s.r.p.i.ProjectInspector - ComputeTestDir
02:56:53.522 [main] INFO  f.i.s.r.p.i.ProjectInspector - BuildProjectBuggyBuildCandidate
02:56:53.522 [main] INFO  f.i.s.r.p.i.ProjectInspector - TestProjectBuggyBuildCandidate
02:56:53.523 [main] INFO  f.i.s.r.p.i.ProjectInspector - GatherTestInformationBuggyBuildCandidate
02:56:53.523 [main] INFO  f.i.s.r.p.i.ProjectInspector - InitRepoToPush
02:56:53.523 [main] INFO  f.i.s.r.p.i.ProjectInspector - ComputeClasspath
02:56:53.523 [main] INFO  f.i.s.r.p.i.ProjectInspector - ComputeModules
02:56:53.524 [main] INFO  f.i.s.r.p.i.ProjectInspector - CheckoutPatchedBuildCandidate
02:56:53.524 [main] INFO  f.i.s.r.p.i.ProjectInspector - BuildProjectPatchedBuildCandidate
02:56:53.524 [main] INFO  f.i.s.r.p.i.ProjectInspector - TestProjectPatchedBuildCandidate
02:56:53.524 [main] INFO  f.i.s.r.p.i.ProjectInspector - GatherTestInformationPatchedBuildCandidate
02:56:53.525 [main] INFO  f.i.s.r.p.i.ProjectInspector - CommitPatch
02:56:53.525 [main] INFO  f.i.s.r.p.i.ProjectInspector - WritePropertyFile
02:56:53.525 [main] INFO  f.i.s.r.p.i.ProjectInspector - CommitProcessEnd
02:56:53.525 [main] INFO  f.i.s.r.p.i.ProjectInspector - PushProcessEnd
02:56:53.526 [main] DEBUG f.i.s.r.process.step.CloneRepository - ----------------------------------------------------------------------
02:56:53.526 [main] DEBUG f.i.s.r.process.step.CloneRepository - STEP 1/18: CloneRepository
02:56:53.527 [main] DEBUG f.i.s.r.process.step.CloneRepository - ----------------------------------------------------------------------
02:56:53.527 [main] DEBUG f.i.s.r.process.step.CloneRepository - Cloning repository apache/incubator-servicecomb-java-chassis in the following directory: ./workspace/apache/incubator-servicecomb-java-chassis/326256349
02:57:02.989 [main] DEBUG f.i.s.r.process.step.CloneRepository - STEP STATUS: [ CloneRepository : SUCCESS ]
02:57:02.990 [main] DEBUG f.i.s.r.process.step.CloneRepository - STEP DURATION: 9s
02:57:02.990 [main] DEBUG f.i.s.r.process.step.CloneRepository - EXECUTE NEXT STEP
02:57:02.990 [main] DEBUG f.i.s.r.p.s.c.CheckoutBuggyBuild - ----------------------------------------------------------------------
02:57:02.991 [main] DEBUG f.i.s.r.p.s.c.CheckoutBuggyBuild - STEP 2/18: CheckoutBuggyBuildCandidate
02:57:02.991 [main] DEBUG f.i.s.r.p.s.c.CheckoutBuggyBuild - ----------------------------------------------------------------------
02:57:02.991 [main] DEBUG f.i.s.r.p.s.c.CheckoutBuggyBuild - Checking out buggy build candidate...
02:57:03.313 [main] INFO  fr.inria.jtravis.JTravis - GitHub ratelimit: Limit: 5000 Remaining: 4779 Reset hour: 19:15:56
02:57:06.567 [main] DEBUG f.i.s.r.p.s.c.CheckoutBuggyBuild - Reproduce the PR for apache/incubator-servicecomb-java-chassis by fetching remote branch and merging.
02:57:07.929 [main] ERROR f.i.s.r.p.s.c.CheckoutBuggyBuild - Error while testing commit: org.eclipse.jgit.errors.MissingObjectException: Missing unknown cc0ed057cad23a802b610a308ddeeec81952c6cc
02:57:07.931 [main] ERROR f.i.s.r.p.s.c.CheckoutBuggyBuild - Commit head ref cannot be retrieved from the repository: cc0ed057cad23a802b610a308ddeeec81952c6cc. Operation aborted.
02:57:07.932 [main] ERROR f.i.s.r.p.s.c.CheckoutBuggyBuild - Error while merging two commits to reproduce the PR.
02:57:07.933 [main] DEBUG f.i.s.r.p.s.c.CheckoutBuggyBuild - STEP STATUS: [ CheckoutBuggyBuildCandidate : FAILURE ( BUILDNOTCHECKEDOUT ) ]
02:57:07.934 [main] DEBUG f.i.s.r.p.s.c.CheckoutBuggyBuild - STEP DURATION: 4s
02:57:07.935 [main] DEBUG f.i.s.r.p.s.c.CheckoutBuggyBuild - TERMINATE PIPELINE
02:57:07.936 [main] DEBUG f.i.s.r.p.s.c.CheckoutBuggyBuild - FINAL STEPS SKIPPED: The reproduction of the bug and/or the patch failed.
02:57:07.936 [main] INFO  f.i.s.r.p.s.c.CheckoutBuggyBuild - Serialize all data for the pair of builds 326256349, 326279454
02:57:08.054 [main] INFO  fr.inria.jtravis.JTravis - GitHub ratelimit: Limit: 5000 Remaining: 4772 Reset hour: 19:15:56
02:57:09.392 [main] INFO  f.i.s.r.p.i.ProjectInspector - ----------------------------------------------------------------------
02:57:09.392 [main] INFO  f.i.s.r.p.i.ProjectInspector - PIPELINE EXECUTION SUMMARY
02:57:09.392 [main] INFO  f.i.s.r.p.i.ProjectInspector - ----------------------------------------------------------------------
02:57:09.392 [main] INFO  f.i.s.r.p.i.ProjectInspector - CloneRepository........................................SUCCESS [ 9 s ]
02:57:09.392 [main] INFO  f.i.s.r.p.i.ProjectInspector - CheckoutBuggyBuildCandidate............................FAILURE [ 4 s ]
02:57:09.392 [main] INFO  f.i.s.r.p.i.ProjectInspector - ComputeSourceDir.......................................NOT RUN        
02:57:09.393 [main] INFO  f.i.s.r.p.i.ProjectInspector - ComputeTestDir.........................................NOT RUN        
02:57:09.393 [main] INFO  f.i.s.r.p.i.ProjectInspector - BuildProjectBuggyBuildCandidate........................NOT RUN        
02:57:09.393 [main] INFO  f.i.s.r.p.i.ProjectInspector - TestProjectBuggyBuildCandidate.........................NOT RUN        
02:57:09.393 [main] INFO  f.i.s.r.p.i.ProjectInspector - GatherTestInformationBuggyBuildCandidate...............NOT RUN        
02:57:09.393 [main] INFO  f.i.s.r.p.i.ProjectInspector - InitRepoToPush.........................................NOT RUN        
02:57:09.406 [main] INFO  f.i.s.r.p.i.ProjectInspector - ComputeClasspath.......................................NOT RUN        
02:57:09.406 [main] INFO  f.i.s.r.p.i.ProjectInspector - ComputeModules.........................................NOT RUN        
02:57:09.406 [main] INFO  f.i.s.r.p.i.ProjectInspector - CheckoutPatchedBuildCandidate..........................NOT RUN        
02:57:09.406 [main] INFO  f.i.s.r.p.i.ProjectInspector - BuildProjectPatchedBuildCandidate......................NOT RUN        
02:57:09.406 [main] INFO  f.i.s.r.p.i.ProjectInspector - TestProjectPatchedBuildCandidate.......................NOT RUN        
02:57:09.406 [main] INFO  f.i.s.r.p.i.ProjectInspector - GatherTestInformationPatchedBuildCandidate.............NOT RUN        
02:57:09.406 [main] INFO  f.i.s.r.p.i.ProjectInspector - CommitPatch............................................NOT RUN        
02:57:09.406 [main] INFO  f.i.s.r.p.i.ProjectInspector - WritePropertyFile......................................NOT RUN        
02:57:09.407 [main] INFO  f.i.s.r.p.i.ProjectInspector - CommitProcessEnd.......................................NOT RUN        
02:57:09.407 [main] INFO  f.i.s.r.p.i.ProjectInspector - PushProcessEnd.........................................NOT RUN        
02:57:09.407 [main] INFO  f.i.s.r.p.i.ProjectInspector - ----------------------------------------------------------------------
02:57:09.407 [main] INFO  f.i.s.r.p.i.ProjectInspector - PIPELINE FINDING: BUILDNOTCHECKEDOUT
02:57:09.407 [main] INFO  f.i.s.r.p.i.ProjectInspector - ----------------------------------------------------------------------
02:57:09.407 [main] INFO  f.i.s.repairnator.pipeline.Launcher - Inspector is finished. The process will exit now.
