05:17:37.356 [main] INFO  f.i.s.repairnator.pipeline.Launcher - PIPELINE VERSION: 3.0-2018-08-09 19:04
05:17:37.541 [main] INFO  f.i.s.repairnator.pipeline.Launcher - The pipeline will try to reproduce a bug from build 327325035 and its corresponding patch from build 327406159
05:17:37.542 [main] INFO  f.i.s.repairnator.pipeline.Launcher - Initialize file serializer engines.
05:17:37.545 [main] INFO  f.i.s.repairnator.pipeline.Launcher - MongoDB won't be used for serialization.
05:17:37.546 [main] INFO  f.i.s.repairnator.pipeline.Launcher - The email notifier engine won't be used.
05:17:37.550 [main] INFO  f.i.s.repairnator.pipeline.Launcher - Start by getting the build (buildId: 327325035) with the following config: RepairnatorConfig{runId='c4edf6f8-133a-4cec-9a5e-4ad4ea8b0f50_01-18-week2-FAILING_AND_PASSING', launcherMode=BEARS, serializeJson=true, inputPath='null', outputPath='/var/log', mongodbHost='null', mongodbName='repairnator', smtpServer='null', notifyTo=[], notifyEndProcess=false, push=true, pushRemoteRepo='https://github.com/fermadeiral/bears-collection-fp', fork=false, lookFromDate=null, lookToDate=null, buildId=327325035, z3solverPath='./z3_for_linux', workspacePath='./workspace', githubToken='c8a341a903[...]', dockerImageName='null', skipDelete=false, createOutputDir=false, logDirectory='null', nbThreads=0, globalTimeout=0, whiteList=null, blackList=null, jobSleepTime=0, buildSleepTime=0, maxInspectedBuilds=0, duration=null, humanPatch=false, repository='null', clean=true, bearsMode=BOTH, bearsDelimiter = false, repairTools=NopolAllTests,NPEFix,AssertFixer,AstorJGenProg,AstorJKali,NopolSingleTest,AstorJMut,NopolTestExclusionStrategy, githubUserName= fermadeiral, githubUserEmail=fer.madeiral@gmail.com}
05:17:39.052 [main] DEBUG fr.inria.jtravis.helpers.BuildHelper - Get request to :https://api.travis-ci.org/build/327325035 done after 885 ms
05:17:39.345 [main] DEBUG fr.inria.jtravis.helpers.BuildHelper - Get request to :https://api.travis-ci.org/build/327406159 done after 150 ms
05:17:39.368 [main] INFO  f.i.s.repairnator.pipeline.Launcher - The patched build (327406159) was successfully retrieved from Travis.
05:17:40.749 [main] INFO  fr.inria.jtravis.JTravis - GitHub ratelimit: Limit: 5000 Remaining: 4865 Reset hour: 19:16:04
05:17:41.043 [main] INFO  f.i.s.r.p.i.ProjectInspector - ----------------------------------------------------------------------
05:17:41.043 [main] INFO  f.i.s.r.p.i.ProjectInspector - PIPELINE STEPS
05:17:41.044 [main] INFO  f.i.s.r.p.i.ProjectInspector - ----------------------------------------------------------------------
05:17:41.044 [main] INFO  f.i.s.r.p.i.ProjectInspector - CloneRepository
05:17:41.044 [main] INFO  f.i.s.r.p.i.ProjectInspector - CheckoutBuggyBuildCandidate
05:17:41.045 [main] INFO  f.i.s.r.p.i.ProjectInspector - ComputeSourceDir
05:17:41.045 [main] INFO  f.i.s.r.p.i.ProjectInspector - ComputeTestDir
05:17:41.045 [main] INFO  f.i.s.r.p.i.ProjectInspector - BuildProjectBuggyBuildCandidate
05:17:41.045 [main] INFO  f.i.s.r.p.i.ProjectInspector - TestProjectBuggyBuildCandidate
05:17:41.046 [main] INFO  f.i.s.r.p.i.ProjectInspector - GatherTestInformationBuggyBuildCandidate
05:17:41.046 [main] INFO  f.i.s.r.p.i.ProjectInspector - InitRepoToPush
05:17:41.047 [main] INFO  f.i.s.r.p.i.ProjectInspector - ComputeClasspath
05:17:41.047 [main] INFO  f.i.s.r.p.i.ProjectInspector - ComputeModules
05:17:41.047 [main] INFO  f.i.s.r.p.i.ProjectInspector - CheckoutPatchedBuildCandidate
05:17:41.047 [main] INFO  f.i.s.r.p.i.ProjectInspector - BuildProjectPatchedBuildCandidate
05:17:41.048 [main] INFO  f.i.s.r.p.i.ProjectInspector - TestProjectPatchedBuildCandidate
05:17:41.048 [main] INFO  f.i.s.r.p.i.ProjectInspector - GatherTestInformationPatchedBuildCandidate
05:17:41.048 [main] INFO  f.i.s.r.p.i.ProjectInspector - CommitPatch
05:17:41.048 [main] INFO  f.i.s.r.p.i.ProjectInspector - WritePropertyFile
05:17:41.049 [main] INFO  f.i.s.r.p.i.ProjectInspector - CommitProcessEnd
05:17:41.049 [main] INFO  f.i.s.r.p.i.ProjectInspector - PushProcessEnd
05:17:41.050 [main] DEBUG f.i.s.r.process.step.CloneRepository - ----------------------------------------------------------------------
05:17:41.050 [main] DEBUG f.i.s.r.process.step.CloneRepository - STEP 1/18: CloneRepository
05:17:41.051 [main] DEBUG f.i.s.r.process.step.CloneRepository - ----------------------------------------------------------------------
05:17:41.051 [main] DEBUG f.i.s.r.process.step.CloneRepository - Cloning repository airlift/airlift in the following directory: ./workspace/airlift/airlift/327325035
05:17:55.213 [main] DEBUG f.i.s.r.process.step.CloneRepository - STEP STATUS: [ CloneRepository : SUCCESS ]
05:17:55.214 [main] DEBUG f.i.s.r.process.step.CloneRepository - STEP DURATION: 14s
05:17:55.215 [main] DEBUG f.i.s.r.process.step.CloneRepository - EXECUTE NEXT STEP
05:17:55.215 [main] DEBUG f.i.s.r.p.s.c.CheckoutBuggyBuild - ----------------------------------------------------------------------
05:17:55.215 [main] DEBUG f.i.s.r.p.s.c.CheckoutBuggyBuild - STEP 2/18: CheckoutBuggyBuildCandidate
05:17:55.216 [main] DEBUG f.i.s.r.p.s.c.CheckoutBuggyBuild - ----------------------------------------------------------------------
05:17:55.216 [main] DEBUG f.i.s.r.p.s.c.CheckoutBuggyBuild - Checking out buggy build candidate...
05:17:55.567 [main] INFO  fr.inria.jtravis.JTravis - GitHub ratelimit: Limit: 5000 Remaining: 4864 Reset hour: 19:16:04
05:17:57.643 [main] DEBUG f.i.s.r.p.s.c.CheckoutBuggyBuild - Reproduce the PR for airlift/airlift by fetching remote branch and merging.
05:17:58.687 [main] ERROR f.i.s.r.p.s.c.CheckoutBuggyBuild - Error while testing commit: org.eclipse.jgit.errors.MissingObjectException: Missing unknown 489f357a27e1fb3f8023d8dd8f2f3c822ecb5d8c
05:17:58.689 [main] ERROR f.i.s.r.p.s.c.CheckoutBuggyBuild - Commit head ref cannot be retrieved from the repository: 489f357a27e1fb3f8023d8dd8f2f3c822ecb5d8c. Operation aborted.
05:17:58.691 [main] ERROR f.i.s.r.p.s.c.CheckoutBuggyBuild - Error while merging two commits to reproduce the PR.
05:17:58.693 [main] DEBUG f.i.s.r.p.s.c.CheckoutBuggyBuild - STEP STATUS: [ CheckoutBuggyBuildCandidate : FAILURE ( BUILDNOTCHECKEDOUT ) ]
05:17:58.693 [main] DEBUG f.i.s.r.p.s.c.CheckoutBuggyBuild - STEP DURATION: 3s
05:17:58.693 [main] DEBUG f.i.s.r.p.s.c.CheckoutBuggyBuild - TERMINATE PIPELINE
05:17:58.694 [main] DEBUG f.i.s.r.p.s.c.CheckoutBuggyBuild - FINAL STEPS SKIPPED: The reproduction of the bug and/or the patch failed.
05:17:58.694 [main] INFO  f.i.s.r.p.s.c.CheckoutBuggyBuild - Serialize all data for the pair of builds 327325035, 327406159
05:17:58.815 [main] INFO  fr.inria.jtravis.JTravis - GitHub ratelimit: Limit: 5000 Remaining: 4857 Reset hour: 19:16:04
05:17:59.453 [main] INFO  f.i.s.r.p.i.ProjectInspector - ----------------------------------------------------------------------
05:17:59.453 [main] INFO  f.i.s.r.p.i.ProjectInspector - PIPELINE EXECUTION SUMMARY
05:17:59.453 [main] INFO  f.i.s.r.p.i.ProjectInspector - ----------------------------------------------------------------------
05:17:59.454 [main] INFO  f.i.s.r.p.i.ProjectInspector - CloneRepository.......................................SUCCESS [ 14 s ]
05:17:59.454 [main] INFO  f.i.s.r.p.i.ProjectInspector - CheckoutBuggyBuildCandidate...........................FAILURE [  3 s ]
05:17:59.454 [main] INFO  f.i.s.r.p.i.ProjectInspector - ComputeSourceDir......................................NOT RUN         
05:17:59.455 [main] INFO  f.i.s.r.p.i.ProjectInspector - ComputeTestDir........................................NOT RUN         
05:17:59.455 [main] INFO  f.i.s.r.p.i.ProjectInspector - BuildProjectBuggyBuildCandidate.......................NOT RUN         
05:17:59.455 [main] INFO  f.i.s.r.p.i.ProjectInspector - TestProjectBuggyBuildCandidate........................NOT RUN         
05:17:59.456 [main] INFO  f.i.s.r.p.i.ProjectInspector - GatherTestInformationBuggyBuildCandidate..............NOT RUN         
05:17:59.456 [main] INFO  f.i.s.r.p.i.ProjectInspector - InitRepoToPush........................................NOT RUN         
05:17:59.456 [main] INFO  f.i.s.r.p.i.ProjectInspector - ComputeClasspath......................................NOT RUN         
05:17:59.457 [main] INFO  f.i.s.r.p.i.ProjectInspector - ComputeModules........................................NOT RUN         
05:17:59.457 [main] INFO  f.i.s.r.p.i.ProjectInspector - CheckoutPatchedBuildCandidate.........................NOT RUN         
05:17:59.457 [main] INFO  f.i.s.r.p.i.ProjectInspector - BuildProjectPatchedBuildCandidate.....................NOT RUN         
05:17:59.457 [main] INFO  f.i.s.r.p.i.ProjectInspector - TestProjectPatchedBuildCandidate......................NOT RUN         
05:17:59.458 [main] INFO  f.i.s.r.p.i.ProjectInspector - GatherTestInformationPatchedBuildCandidate............NOT RUN         
05:17:59.458 [main] INFO  f.i.s.r.p.i.ProjectInspector - CommitPatch...........................................NOT RUN         
05:17:59.458 [main] INFO  f.i.s.r.p.i.ProjectInspector - WritePropertyFile.....................................NOT RUN         
05:17:59.458 [main] INFO  f.i.s.r.p.i.ProjectInspector - CommitProcessEnd......................................NOT RUN         
05:17:59.459 [main] INFO  f.i.s.r.p.i.ProjectInspector - PushProcessEnd........................................NOT RUN         
05:17:59.459 [main] INFO  f.i.s.r.p.i.ProjectInspector - ----------------------------------------------------------------------
05:17:59.459 [main] INFO  f.i.s.r.p.i.ProjectInspector - PIPELINE FINDING: BUILDNOTCHECKEDOUT
05:17:59.459 [main] INFO  f.i.s.r.p.i.ProjectInspector - ----------------------------------------------------------------------
05:17:59.459 [main] INFO  f.i.s.repairnator.pipeline.Launcher - Inspector is finished. The process will exit now.
