03:03:59.103 [main] INFO  f.i.s.repairnator.pipeline.Launcher - PIPELINE VERSION: 3.0-2018-08-09 19:04
03:03:59.293 [main] INFO  f.i.s.repairnator.pipeline.Launcher - The pipeline will try to reproduce a bug from build 327932370 and its corresponding patch from build 327944729
03:03:59.294 [main] INFO  f.i.s.repairnator.pipeline.Launcher - Initialize file serializer engines.
03:03:59.297 [main] INFO  f.i.s.repairnator.pipeline.Launcher - MongoDB won't be used for serialization.
03:03:59.297 [main] INFO  f.i.s.repairnator.pipeline.Launcher - The email notifier engine won't be used.
03:03:59.302 [main] INFO  f.i.s.repairnator.pipeline.Launcher - Start by getting the build (buildId: 327932370) with the following config: RepairnatorConfig{runId='c4edf6f8-133a-4cec-9a5e-4ad4ea8b0f50_01-18-week2-FAILING_AND_PASSING', launcherMode=BEARS, serializeJson=true, inputPath='null', outputPath='/var/log', mongodbHost='null', mongodbName='repairnator', smtpServer='null', notifyTo=[], notifyEndProcess=false, push=true, pushRemoteRepo='https://github.com/fermadeiral/bears-collection-fp', fork=false, lookFromDate=null, lookToDate=null, buildId=327932370, z3solverPath='./z3_for_linux', workspacePath='./workspace', githubToken='c8a341a903[...]', dockerImageName='null', skipDelete=false, createOutputDir=false, logDirectory='null', nbThreads=0, globalTimeout=0, whiteList=null, blackList=null, jobSleepTime=0, buildSleepTime=0, maxInspectedBuilds=0, duration=null, humanPatch=false, repository='null', clean=true, bearsMode=BOTH, bearsDelimiter = false, repairTools=NopolAllTests,NPEFix,AssertFixer,AstorJGenProg,AstorJKali,NopolSingleTest,AstorJMut,NopolTestExclusionStrategy, githubUserName= fermadeiral, githubUserEmail=fer.madeiral@gmail.com}
03:04:01.004 [main] DEBUG fr.inria.jtravis.helpers.BuildHelper - Get request to :https://api.travis-ci.org/build/327932370 done after 1041 ms
03:04:01.310 [main] DEBUG fr.inria.jtravis.helpers.BuildHelper - Get request to :https://api.travis-ci.org/build/327944729 done after 154 ms
03:04:01.327 [main] INFO  f.i.s.repairnator.pipeline.Launcher - The patched build (327944729) was successfully retrieved from Travis.
03:04:02.728 [main] INFO  fr.inria.jtravis.JTravis - GitHub ratelimit: Limit: 5000 Remaining: 4630 Reset hour: 19:15:56
03:04:03.055 [main] INFO  f.i.s.r.p.i.ProjectInspector - ----------------------------------------------------------------------
03:04:03.056 [main] INFO  f.i.s.r.p.i.ProjectInspector - PIPELINE STEPS
03:04:03.056 [main] INFO  f.i.s.r.p.i.ProjectInspector - ----------------------------------------------------------------------
03:04:03.056 [main] INFO  f.i.s.r.p.i.ProjectInspector - CloneRepository
03:04:03.057 [main] INFO  f.i.s.r.p.i.ProjectInspector - CheckoutBuggyBuildCandidate
03:04:03.057 [main] INFO  f.i.s.r.p.i.ProjectInspector - ComputeSourceDir
03:04:03.057 [main] INFO  f.i.s.r.p.i.ProjectInspector - ComputeTestDir
03:04:03.057 [main] INFO  f.i.s.r.p.i.ProjectInspector - BuildProjectBuggyBuildCandidate
03:04:03.058 [main] INFO  f.i.s.r.p.i.ProjectInspector - TestProjectBuggyBuildCandidate
03:04:03.058 [main] INFO  f.i.s.r.p.i.ProjectInspector - GatherTestInformationBuggyBuildCandidate
03:04:03.058 [main] INFO  f.i.s.r.p.i.ProjectInspector - InitRepoToPush
03:04:03.058 [main] INFO  f.i.s.r.p.i.ProjectInspector - ComputeClasspath
03:04:03.058 [main] INFO  f.i.s.r.p.i.ProjectInspector - ComputeModules
03:04:03.059 [main] INFO  f.i.s.r.p.i.ProjectInspector - CheckoutPatchedBuildCandidate
03:04:03.059 [main] INFO  f.i.s.r.p.i.ProjectInspector - BuildProjectPatchedBuildCandidate
03:04:03.059 [main] INFO  f.i.s.r.p.i.ProjectInspector - TestProjectPatchedBuildCandidate
03:04:03.059 [main] INFO  f.i.s.r.p.i.ProjectInspector - GatherTestInformationPatchedBuildCandidate
03:04:03.060 [main] INFO  f.i.s.r.p.i.ProjectInspector - CommitPatch
03:04:03.060 [main] INFO  f.i.s.r.p.i.ProjectInspector - WritePropertyFile
03:04:03.060 [main] INFO  f.i.s.r.p.i.ProjectInspector - CommitProcessEnd
03:04:03.061 [main] INFO  f.i.s.r.p.i.ProjectInspector - PushProcessEnd
03:04:03.061 [main] DEBUG f.i.s.r.process.step.CloneRepository - ----------------------------------------------------------------------
03:04:03.062 [main] DEBUG f.i.s.r.process.step.CloneRepository - STEP 1/18: CloneRepository
03:04:03.062 [main] DEBUG f.i.s.r.process.step.CloneRepository - ----------------------------------------------------------------------
03:04:03.063 [main] DEBUG f.i.s.r.process.step.CloneRepository - Cloning repository CorfuDB/CorfuDB in the following directory: ./workspace/CorfuDB/CorfuDB/327932370
03:08:19.864 [main] DEBUG f.i.s.r.process.step.CloneRepository - STEP STATUS: [ CloneRepository : SUCCESS ]
03:08:19.864 [main] DEBUG f.i.s.r.process.step.CloneRepository - STEP DURATION: 256s
03:08:19.864 [main] DEBUG f.i.s.r.process.step.CloneRepository - EXECUTE NEXT STEP
03:08:19.865 [main] DEBUG f.i.s.r.p.s.c.CheckoutBuggyBuild - ----------------------------------------------------------------------
03:08:19.865 [main] DEBUG f.i.s.r.p.s.c.CheckoutBuggyBuild - STEP 2/18: CheckoutBuggyBuildCandidate
03:08:19.865 [main] DEBUG f.i.s.r.p.s.c.CheckoutBuggyBuild - ----------------------------------------------------------------------
03:08:19.865 [main] DEBUG f.i.s.r.p.s.c.CheckoutBuggyBuild - Checking out buggy build candidate...
03:08:19.902 [main] ERROR f.i.s.r.p.s.c.CheckoutBuggyBuild - Error while testing commit: org.eclipse.jgit.errors.MissingObjectException: Missing unknown c0d7989d649177c867c7ef56ae197af641cae814
03:08:19.903 [main] ERROR f.i.s.r.p.s.c.CheckoutBuggyBuild - Error while getting the commit to checkout from the repo.
03:08:19.904 [main] DEBUG f.i.s.r.p.s.c.CheckoutBuggyBuild - STEP STATUS: [ CheckoutBuggyBuildCandidate : FAILURE ( BUILDNOTCHECKEDOUT ) ]
03:08:19.904 [main] DEBUG f.i.s.r.p.s.c.CheckoutBuggyBuild - STEP DURATION: 0s
03:08:19.905 [main] DEBUG f.i.s.r.p.s.c.CheckoutBuggyBuild - TERMINATE PIPELINE
03:08:19.905 [main] DEBUG f.i.s.r.p.s.c.CheckoutBuggyBuild - FINAL STEPS SKIPPED: The reproduction of the bug and/or the patch failed.
03:08:19.905 [main] INFO  f.i.s.r.p.s.c.CheckoutBuggyBuild - Serialize all data for the pair of builds 327932370, 327944729
03:08:20.250 [main] INFO  fr.inria.jtravis.JTravis - GitHub ratelimit: Limit: 5000 Remaining: 4629 Reset hour: 19:15:56
03:08:20.975 [main] INFO  f.i.s.r.p.i.ProjectInspector - ----------------------------------------------------------------------
03:08:20.975 [main] INFO  f.i.s.r.p.i.ProjectInspector - PIPELINE EXECUTION SUMMARY
03:08:20.976 [main] INFO  f.i.s.r.p.i.ProjectInspector - ----------------------------------------------------------------------
03:08:20.976 [main] INFO  f.i.s.r.p.i.ProjectInspector - CloneRepository......................................SUCCESS [ 256 s ]
03:08:20.976 [main] INFO  f.i.s.r.p.i.ProjectInspector - CheckoutBuggyBuildCandidate..........................FAILURE [   0 s ]
03:08:20.977 [main] INFO  f.i.s.r.p.i.ProjectInspector - ComputeSourceDir.....................................NOT RUN          
03:08:20.977 [main] INFO  f.i.s.r.p.i.ProjectInspector - ComputeTestDir.......................................NOT RUN          
03:08:20.977 [main] INFO  f.i.s.r.p.i.ProjectInspector - BuildProjectBuggyBuildCandidate......................NOT RUN          
03:08:20.978 [main] INFO  f.i.s.r.p.i.ProjectInspector - TestProjectBuggyBuildCandidate.......................NOT RUN          
03:08:20.978 [main] INFO  f.i.s.r.p.i.ProjectInspector - GatherTestInformationBuggyBuildCandidate.............NOT RUN          
03:08:20.978 [main] INFO  f.i.s.r.p.i.ProjectInspector - InitRepoToPush.......................................NOT RUN          
03:08:20.979 [main] INFO  f.i.s.r.p.i.ProjectInspector - ComputeClasspath.....................................NOT RUN          
03:08:20.979 [main] INFO  f.i.s.r.p.i.ProjectInspector - ComputeModules.......................................NOT RUN          
03:08:20.979 [main] INFO  f.i.s.r.p.i.ProjectInspector - CheckoutPatchedBuildCandidate........................NOT RUN          
03:08:20.980 [main] INFO  f.i.s.r.p.i.ProjectInspector - BuildProjectPatchedBuildCandidate....................NOT RUN          
03:08:20.980 [main] INFO  f.i.s.r.p.i.ProjectInspector - TestProjectPatchedBuildCandidate.....................NOT RUN          
03:08:20.980 [main] INFO  f.i.s.r.p.i.ProjectInspector - GatherTestInformationPatchedBuildCandidate...........NOT RUN          
03:08:20.981 [main] INFO  f.i.s.r.p.i.ProjectInspector - CommitPatch..........................................NOT RUN          
03:08:20.981 [main] INFO  f.i.s.r.p.i.ProjectInspector - WritePropertyFile....................................NOT RUN          
03:08:20.981 [main] INFO  f.i.s.r.p.i.ProjectInspector - CommitProcessEnd.....................................NOT RUN          
03:08:20.981 [main] INFO  f.i.s.r.p.i.ProjectInspector - PushProcessEnd.......................................NOT RUN          
03:08:20.982 [main] INFO  f.i.s.r.p.i.ProjectInspector - ----------------------------------------------------------------------
03:08:20.982 [main] INFO  f.i.s.r.p.i.ProjectInspector - PIPELINE FINDING: BUILDNOTCHECKEDOUT
03:08:20.982 [main] INFO  f.i.s.r.p.i.ProjectInspector - ----------------------------------------------------------------------
03:08:20.983 [main] INFO  f.i.s.repairnator.pipeline.Launcher - Inspector is finished. The process will exit now.
