03:28:29.328 [main] INFO  f.i.s.repairnator.pipeline.Launcher - PIPELINE VERSION: 3.0-2018-08-09 19:04
03:28:29.508 [main] INFO  f.i.s.repairnator.pipeline.Launcher - The pipeline will try to reproduce a bug from build 326748061 and its corresponding patch from build 326762128
03:28:29.508 [main] INFO  f.i.s.repairnator.pipeline.Launcher - Initialize file serializer engines.
03:28:29.510 [main] INFO  f.i.s.repairnator.pipeline.Launcher - MongoDB won't be used for serialization.
03:28:29.510 [main] INFO  f.i.s.repairnator.pipeline.Launcher - The email notifier engine won't be used.
03:28:29.513 [main] INFO  f.i.s.repairnator.pipeline.Launcher - Start by getting the build (buildId: 326748061) with the following config: RepairnatorConfig{runId='c4edf6f8-133a-4cec-9a5e-4ad4ea8b0f50_01-18-week2-FAILING_AND_PASSING', launcherMode=BEARS, serializeJson=true, inputPath='null', outputPath='/var/log', mongodbHost='null', mongodbName='repairnator', smtpServer='null', notifyTo=[], notifyEndProcess=false, push=true, pushRemoteRepo='https://github.com/fermadeiral/bears-collection-fp', fork=false, lookFromDate=null, lookToDate=null, buildId=326748061, z3solverPath='./z3_for_linux', workspacePath='./workspace', githubToken='c8a341a903[...]', dockerImageName='null', skipDelete=false, createOutputDir=false, logDirectory='null', nbThreads=0, globalTimeout=0, whiteList=null, blackList=null, jobSleepTime=0, buildSleepTime=0, maxInspectedBuilds=0, duration=null, humanPatch=false, repository='null', clean=true, bearsMode=BOTH, bearsDelimiter = false, repairTools=NopolAllTests,NPEFix,AssertFixer,AstorJGenProg,AstorJKali,NopolSingleTest,AstorJMut,NopolTestExclusionStrategy, githubUserName= fermadeiral, githubUserEmail=fer.madeiral@gmail.com}
03:28:30.871 [main] DEBUG fr.inria.jtravis.helpers.BuildHelper - Get request to :https://api.travis-ci.org/build/326748061 done after 916 ms
03:28:31.613 [main] DEBUG fr.inria.jtravis.helpers.BuildHelper - Get request to :https://api.travis-ci.org/build/326762128 done after 659 ms
03:28:31.624 [main] INFO  f.i.s.repairnator.pipeline.Launcher - The patched build (326762128) was successfully retrieved from Travis.
03:28:32.678 [main] INFO  fr.inria.jtravis.JTravis - GitHub ratelimit: Limit: 5000 Remaining: 4592 Reset hour: 19:15:56
03:28:32.916 [main] INFO  f.i.s.r.p.i.ProjectInspector - ----------------------------------------------------------------------
03:28:32.916 [main] INFO  f.i.s.r.p.i.ProjectInspector - PIPELINE STEPS
03:28:32.916 [main] INFO  f.i.s.r.p.i.ProjectInspector - ----------------------------------------------------------------------
03:28:32.916 [main] INFO  f.i.s.r.p.i.ProjectInspector - CloneRepository
03:28:32.917 [main] INFO  f.i.s.r.p.i.ProjectInspector - CheckoutBuggyBuildCandidate
03:28:32.917 [main] INFO  f.i.s.r.p.i.ProjectInspector - ComputeSourceDir
03:28:32.917 [main] INFO  f.i.s.r.p.i.ProjectInspector - ComputeTestDir
03:28:32.917 [main] INFO  f.i.s.r.p.i.ProjectInspector - BuildProjectBuggyBuildCandidate
03:28:32.917 [main] INFO  f.i.s.r.p.i.ProjectInspector - TestProjectBuggyBuildCandidate
03:28:32.918 [main] INFO  f.i.s.r.p.i.ProjectInspector - GatherTestInformationBuggyBuildCandidate
03:28:32.918 [main] INFO  f.i.s.r.p.i.ProjectInspector - InitRepoToPush
03:28:32.918 [main] INFO  f.i.s.r.p.i.ProjectInspector - ComputeClasspath
03:28:32.918 [main] INFO  f.i.s.r.p.i.ProjectInspector - ComputeModules
03:28:32.918 [main] INFO  f.i.s.r.p.i.ProjectInspector - CheckoutPatchedBuildCandidate
03:28:32.918 [main] INFO  f.i.s.r.p.i.ProjectInspector - BuildProjectPatchedBuildCandidate
03:28:32.918 [main] INFO  f.i.s.r.p.i.ProjectInspector - TestProjectPatchedBuildCandidate
03:28:32.918 [main] INFO  f.i.s.r.p.i.ProjectInspector - GatherTestInformationPatchedBuildCandidate
03:28:32.918 [main] INFO  f.i.s.r.p.i.ProjectInspector - CommitPatch
03:28:32.919 [main] INFO  f.i.s.r.p.i.ProjectInspector - WritePropertyFile
03:28:32.919 [main] INFO  f.i.s.r.p.i.ProjectInspector - CommitProcessEnd
03:28:32.919 [main] INFO  f.i.s.r.p.i.ProjectInspector - PushProcessEnd
03:28:32.919 [main] DEBUG f.i.s.r.process.step.CloneRepository - ----------------------------------------------------------------------
03:28:32.919 [main] DEBUG f.i.s.r.process.step.CloneRepository - STEP 1/18: CloneRepository
03:28:32.920 [main] DEBUG f.i.s.r.process.step.CloneRepository - ----------------------------------------------------------------------
03:28:32.920 [main] DEBUG f.i.s.r.process.step.CloneRepository - Cloning repository CorfuDB/CorfuDB in the following directory: ./workspace/CorfuDB/CorfuDB/326748061
03:33:10.616 [main] DEBUG f.i.s.r.process.step.CloneRepository - STEP STATUS: [ CloneRepository : SUCCESS ]
03:33:10.617 [main] DEBUG f.i.s.r.process.step.CloneRepository - STEP DURATION: 277s
03:33:10.617 [main] DEBUG f.i.s.r.process.step.CloneRepository - EXECUTE NEXT STEP
03:33:10.617 [main] DEBUG f.i.s.r.p.s.c.CheckoutBuggyBuild - ----------------------------------------------------------------------
03:33:10.618 [main] DEBUG f.i.s.r.p.s.c.CheckoutBuggyBuild - STEP 2/18: CheckoutBuggyBuildCandidate
03:33:10.618 [main] DEBUG f.i.s.r.p.s.c.CheckoutBuggyBuild - ----------------------------------------------------------------------
03:33:10.618 [main] DEBUG f.i.s.r.p.s.c.CheckoutBuggyBuild - Checking out buggy build candidate...
03:33:10.673 [main] ERROR f.i.s.r.p.s.c.CheckoutBuggyBuild - Error while testing commit: org.eclipse.jgit.errors.MissingObjectException: Missing unknown 1cc4eaf1b1b1f53f771ce8a93951c7b6f2bb2172
03:33:10.673 [main] ERROR f.i.s.r.p.s.c.CheckoutBuggyBuild - Error while getting the commit to checkout from the repo.
03:33:10.674 [main] DEBUG f.i.s.r.p.s.c.CheckoutBuggyBuild - STEP STATUS: [ CheckoutBuggyBuildCandidate : FAILURE ( BUILDNOTCHECKEDOUT ) ]
03:33:10.674 [main] DEBUG f.i.s.r.p.s.c.CheckoutBuggyBuild - STEP DURATION: 0s
03:33:10.674 [main] DEBUG f.i.s.r.p.s.c.CheckoutBuggyBuild - TERMINATE PIPELINE
03:33:10.674 [main] DEBUG f.i.s.r.p.s.c.CheckoutBuggyBuild - FINAL STEPS SKIPPED: The reproduction of the bug and/or the patch failed.
03:33:10.675 [main] INFO  f.i.s.r.p.s.c.CheckoutBuggyBuild - Serialize all data for the pair of builds 326748061, 326762128
03:33:11.026 [main] INFO  fr.inria.jtravis.JTravis - GitHub ratelimit: Limit: 5000 Remaining: 4576 Reset hour: 19:15:56
03:33:11.559 [main] INFO  f.i.s.r.p.i.ProjectInspector - ----------------------------------------------------------------------
03:33:11.559 [main] INFO  f.i.s.r.p.i.ProjectInspector - PIPELINE EXECUTION SUMMARY
03:33:11.559 [main] INFO  f.i.s.r.p.i.ProjectInspector - ----------------------------------------------------------------------
03:33:11.559 [main] INFO  f.i.s.r.p.i.ProjectInspector - CloneRepository......................................SUCCESS [ 277 s ]
03:33:11.559 [main] INFO  f.i.s.r.p.i.ProjectInspector - CheckoutBuggyBuildCandidate..........................FAILURE [   0 s ]
03:33:11.560 [main] INFO  f.i.s.r.p.i.ProjectInspector - ComputeSourceDir.....................................NOT RUN          
03:33:11.560 [main] INFO  f.i.s.r.p.i.ProjectInspector - ComputeTestDir.......................................NOT RUN          
03:33:11.560 [main] INFO  f.i.s.r.p.i.ProjectInspector - BuildProjectBuggyBuildCandidate......................NOT RUN          
03:33:11.560 [main] INFO  f.i.s.r.p.i.ProjectInspector - TestProjectBuggyBuildCandidate.......................NOT RUN          
03:33:11.560 [main] INFO  f.i.s.r.p.i.ProjectInspector - GatherTestInformationBuggyBuildCandidate.............NOT RUN          
03:33:11.560 [main] INFO  f.i.s.r.p.i.ProjectInspector - InitRepoToPush.......................................NOT RUN          
03:33:11.560 [main] INFO  f.i.s.r.p.i.ProjectInspector - ComputeClasspath.....................................NOT RUN          
03:33:11.560 [main] INFO  f.i.s.r.p.i.ProjectInspector - ComputeModules.......................................NOT RUN          
03:33:11.560 [main] INFO  f.i.s.r.p.i.ProjectInspector - CheckoutPatchedBuildCandidate........................NOT RUN          
03:33:11.561 [main] INFO  f.i.s.r.p.i.ProjectInspector - BuildProjectPatchedBuildCandidate....................NOT RUN          
03:33:11.561 [main] INFO  f.i.s.r.p.i.ProjectInspector - TestProjectPatchedBuildCandidate.....................NOT RUN          
03:33:11.561 [main] INFO  f.i.s.r.p.i.ProjectInspector - GatherTestInformationPatchedBuildCandidate...........NOT RUN          
03:33:11.561 [main] INFO  f.i.s.r.p.i.ProjectInspector - CommitPatch..........................................NOT RUN          
03:33:11.561 [main] INFO  f.i.s.r.p.i.ProjectInspector - WritePropertyFile....................................NOT RUN          
03:33:11.561 [main] INFO  f.i.s.r.p.i.ProjectInspector - CommitProcessEnd.....................................NOT RUN          
03:33:11.561 [main] INFO  f.i.s.r.p.i.ProjectInspector - PushProcessEnd.......................................NOT RUN          
03:33:11.562 [main] INFO  f.i.s.r.p.i.ProjectInspector - ----------------------------------------------------------------------
03:33:11.562 [main] INFO  f.i.s.r.p.i.ProjectInspector - PIPELINE FINDING: BUILDNOTCHECKEDOUT
03:33:11.562 [main] INFO  f.i.s.r.p.i.ProjectInspector - ----------------------------------------------------------------------
03:33:11.562 [main] INFO  f.i.s.repairnator.pipeline.Launcher - Inspector is finished. The process will exit now.
