04:33:43.987 [main] INFO  f.i.s.repairnator.pipeline.Launcher - PIPELINE VERSION: 3.0-2018-08-09 19:04
04:33:44.103 [main] INFO  f.i.s.repairnator.pipeline.Launcher - The pipeline will try to reproduce a bug from build 326012232 and its corresponding patch from build 326180587
04:33:44.104 [main] INFO  f.i.s.repairnator.pipeline.Launcher - Initialize file serializer engines.
04:33:44.105 [main] INFO  f.i.s.repairnator.pipeline.Launcher - MongoDB won't be used for serialization.
04:33:44.106 [main] INFO  f.i.s.repairnator.pipeline.Launcher - The email notifier engine won't be used.
04:33:44.108 [main] INFO  f.i.s.repairnator.pipeline.Launcher - Start by getting the build (buildId: 326012232) with the following config: RepairnatorConfig{runId='c4edf6f8-133a-4cec-9a5e-4ad4ea8b0f50_01-18-week2-FAILING_AND_PASSING', launcherMode=BEARS, serializeJson=true, inputPath='null', outputPath='/var/log', mongodbHost='null', mongodbName='repairnator', smtpServer='null', notifyTo=[], notifyEndProcess=false, push=true, pushRemoteRepo='https://github.com/fermadeiral/bears-collection-fp', fork=false, lookFromDate=null, lookToDate=null, buildId=326012232, z3solverPath='./z3_for_linux', workspacePath='./workspace', githubToken='c8a341a903[...]', dockerImageName='null', skipDelete=false, createOutputDir=false, logDirectory='null', nbThreads=0, globalTimeout=0, whiteList=null, blackList=null, jobSleepTime=0, buildSleepTime=0, maxInspectedBuilds=0, duration=null, humanPatch=false, repository='null', clean=true, bearsMode=BOTH, bearsDelimiter = false, repairTools=NopolAllTests,NPEFix,AssertFixer,AstorJGenProg,AstorJKali,NopolSingleTest,AstorJMut,NopolTestExclusionStrategy, githubUserName= fermadeiral, githubUserEmail=fer.madeiral@gmail.com}
04:33:46.741 [main] DEBUG fr.inria.jtravis.helpers.BuildHelper - Get request to :https://api.travis-ci.org/build/326012232 done after 1562 ms
04:33:47.020 [main] DEBUG fr.inria.jtravis.helpers.BuildHelper - Get request to :https://api.travis-ci.org/build/326180587 done after 138 ms
04:33:47.045 [main] INFO  f.i.s.repairnator.pipeline.Launcher - The patched build (326180587) was successfully retrieved from Travis.
04:33:48.204 [main] INFO  fr.inria.jtravis.JTravis - GitHub ratelimit: Limit: 5000 Remaining: 4781 Reset hour: 19:16:00
04:33:48.443 [main] INFO  f.i.s.r.p.i.ProjectInspector - ----------------------------------------------------------------------
04:33:48.443 [main] INFO  f.i.s.r.p.i.ProjectInspector - PIPELINE STEPS
04:33:48.443 [main] INFO  f.i.s.r.p.i.ProjectInspector - ----------------------------------------------------------------------
04:33:48.443 [main] INFO  f.i.s.r.p.i.ProjectInspector - CloneRepository
04:33:48.444 [main] INFO  f.i.s.r.p.i.ProjectInspector - CheckoutBuggyBuildCandidate
04:33:48.444 [main] INFO  f.i.s.r.p.i.ProjectInspector - ComputeSourceDir
04:33:48.444 [main] INFO  f.i.s.r.p.i.ProjectInspector - ComputeTestDir
04:33:48.444 [main] INFO  f.i.s.r.p.i.ProjectInspector - BuildProjectBuggyBuildCandidate
04:33:48.444 [main] INFO  f.i.s.r.p.i.ProjectInspector - TestProjectBuggyBuildCandidate
04:33:48.444 [main] INFO  f.i.s.r.p.i.ProjectInspector - GatherTestInformationBuggyBuildCandidate
04:33:48.445 [main] INFO  f.i.s.r.p.i.ProjectInspector - InitRepoToPush
04:33:48.445 [main] INFO  f.i.s.r.p.i.ProjectInspector - ComputeClasspath
04:33:48.445 [main] INFO  f.i.s.r.p.i.ProjectInspector - ComputeModules
04:33:48.445 [main] INFO  f.i.s.r.p.i.ProjectInspector - CheckoutPatchedBuildCandidate
04:33:48.445 [main] INFO  f.i.s.r.p.i.ProjectInspector - BuildProjectPatchedBuildCandidate
04:33:48.446 [main] INFO  f.i.s.r.p.i.ProjectInspector - TestProjectPatchedBuildCandidate
04:33:48.446 [main] INFO  f.i.s.r.p.i.ProjectInspector - GatherTestInformationPatchedBuildCandidate
04:33:48.446 [main] INFO  f.i.s.r.p.i.ProjectInspector - CommitPatch
04:33:48.446 [main] INFO  f.i.s.r.p.i.ProjectInspector - WritePropertyFile
04:33:48.446 [main] INFO  f.i.s.r.p.i.ProjectInspector - CommitProcessEnd
04:33:48.447 [main] INFO  f.i.s.r.p.i.ProjectInspector - PushProcessEnd
04:33:48.447 [main] DEBUG f.i.s.r.process.step.CloneRepository - ----------------------------------------------------------------------
04:33:48.447 [main] DEBUG f.i.s.r.process.step.CloneRepository - STEP 1/18: CloneRepository
04:33:48.447 [main] DEBUG f.i.s.r.process.step.CloneRepository - ----------------------------------------------------------------------
04:33:48.448 [main] DEBUG f.i.s.r.process.step.CloneRepository - Cloning repository StuPro-TOSCAna/TOSCAna in the following directory: ./workspace/StuPro-TOSCAna/TOSCAna/326012232
04:34:05.249 [main] DEBUG f.i.s.r.process.step.CloneRepository - STEP STATUS: [ CloneRepository : SUCCESS ]
04:34:05.250 [main] DEBUG f.i.s.r.process.step.CloneRepository - STEP DURATION: 16s
04:34:05.250 [main] DEBUG f.i.s.r.process.step.CloneRepository - EXECUTE NEXT STEP
04:34:05.250 [main] DEBUG f.i.s.r.p.s.c.CheckoutBuggyBuild - ----------------------------------------------------------------------
04:34:05.250 [main] DEBUG f.i.s.r.p.s.c.CheckoutBuggyBuild - STEP 2/18: CheckoutBuggyBuildCandidate
04:34:05.250 [main] DEBUG f.i.s.r.p.s.c.CheckoutBuggyBuild - ----------------------------------------------------------------------
04:34:05.251 [main] DEBUG f.i.s.r.p.s.c.CheckoutBuggyBuild - Checking out buggy build candidate...
04:34:05.595 [main] INFO  fr.inria.jtravis.JTravis - GitHub ratelimit: Limit: 5000 Remaining: 4778 Reset hour: 19:16:00
04:34:07.589 [main] DEBUG f.i.s.r.p.s.c.CheckoutBuggyBuild - Reproduce the PR for StuPro-TOSCAna/TOSCAna by fetching remote branch and merging.
04:34:07.766 [main] ERROR f.i.s.r.p.s.c.CheckoutBuggyBuild - Error while testing commit: org.eclipse.jgit.errors.MissingObjectException: Missing unknown 5ea0539571c3c8ebab3a0d22faec3f3f55e6c3c4
04:34:07.768 [main] ERROR f.i.s.r.p.s.c.CheckoutBuggyBuild - Commit head ref cannot be retrieved from the repository: 5ea0539571c3c8ebab3a0d22faec3f3f55e6c3c4. Operation aborted.
04:34:07.768 [main] ERROR f.i.s.r.p.s.c.CheckoutBuggyBuild - Error while merging two commits to reproduce the PR.
04:34:07.769 [main] DEBUG f.i.s.r.p.s.c.CheckoutBuggyBuild - STEP STATUS: [ CheckoutBuggyBuildCandidate : FAILURE ( BUILDNOTCHECKEDOUT ) ]
04:34:07.769 [main] DEBUG f.i.s.r.p.s.c.CheckoutBuggyBuild - STEP DURATION: 2s
04:34:07.769 [main] DEBUG f.i.s.r.p.s.c.CheckoutBuggyBuild - TERMINATE PIPELINE
04:34:07.769 [main] DEBUG f.i.s.r.p.s.c.CheckoutBuggyBuild - FINAL STEPS SKIPPED: The reproduction of the bug and/or the patch failed.
04:34:07.769 [main] INFO  f.i.s.r.p.s.c.CheckoutBuggyBuild - Serialize all data for the pair of builds 326012232, 326180587
04:34:07.906 [main] INFO  fr.inria.jtravis.JTravis - GitHub ratelimit: Limit: 5000 Remaining: 4771 Reset hour: 19:16:00
04:34:10.085 [main] INFO  f.i.s.r.p.i.ProjectInspector - ----------------------------------------------------------------------
04:34:10.086 [main] INFO  f.i.s.r.p.i.ProjectInspector - PIPELINE EXECUTION SUMMARY
04:34:10.086 [main] INFO  f.i.s.r.p.i.ProjectInspector - ----------------------------------------------------------------------
04:34:10.086 [main] INFO  f.i.s.r.p.i.ProjectInspector - CloneRepository.......................................SUCCESS [ 16 s ]
04:34:10.086 [main] INFO  f.i.s.r.p.i.ProjectInspector - CheckoutBuggyBuildCandidate...........................FAILURE [  2 s ]
04:34:10.086 [main] INFO  f.i.s.r.p.i.ProjectInspector - ComputeSourceDir......................................NOT RUN         
04:34:10.087 [main] INFO  f.i.s.r.p.i.ProjectInspector - ComputeTestDir........................................NOT RUN         
04:34:10.087 [main] INFO  f.i.s.r.p.i.ProjectInspector - BuildProjectBuggyBuildCandidate.......................NOT RUN         
04:34:10.087 [main] INFO  f.i.s.r.p.i.ProjectInspector - TestProjectBuggyBuildCandidate........................NOT RUN         
04:34:10.087 [main] INFO  f.i.s.r.p.i.ProjectInspector - GatherTestInformationBuggyBuildCandidate..............NOT RUN         
04:34:10.087 [main] INFO  f.i.s.r.p.i.ProjectInspector - InitRepoToPush........................................NOT RUN         
04:34:10.087 [main] INFO  f.i.s.r.p.i.ProjectInspector - ComputeClasspath......................................NOT RUN         
04:34:10.087 [main] INFO  f.i.s.r.p.i.ProjectInspector - ComputeModules........................................NOT RUN         
04:34:10.087 [main] INFO  f.i.s.r.p.i.ProjectInspector - CheckoutPatchedBuildCandidate.........................NOT RUN         
04:34:10.087 [main] INFO  f.i.s.r.p.i.ProjectInspector - BuildProjectPatchedBuildCandidate.....................NOT RUN         
04:34:10.088 [main] INFO  f.i.s.r.p.i.ProjectInspector - TestProjectPatchedBuildCandidate......................NOT RUN         
04:34:10.088 [main] INFO  f.i.s.r.p.i.ProjectInspector - GatherTestInformationPatchedBuildCandidate............NOT RUN         
04:34:10.088 [main] INFO  f.i.s.r.p.i.ProjectInspector - CommitPatch...........................................NOT RUN         
04:34:10.088 [main] INFO  f.i.s.r.p.i.ProjectInspector - WritePropertyFile.....................................NOT RUN         
04:34:10.088 [main] INFO  f.i.s.r.p.i.ProjectInspector - CommitProcessEnd......................................NOT RUN         
04:34:10.088 [main] INFO  f.i.s.r.p.i.ProjectInspector - PushProcessEnd........................................NOT RUN         
04:34:10.088 [main] INFO  f.i.s.r.p.i.ProjectInspector - ----------------------------------------------------------------------
04:34:10.088 [main] INFO  f.i.s.r.p.i.ProjectInspector - PIPELINE FINDING: BUILDNOTCHECKEDOUT
04:34:10.088 [main] INFO  f.i.s.r.p.i.ProjectInspector - ----------------------------------------------------------------------
04:34:10.088 [main] INFO  f.i.s.repairnator.pipeline.Launcher - Inspector is finished. The process will exit now.
