06:10:03.889 [main] INFO  f.i.s.repairnator.pipeline.Launcher - PIPELINE VERSION: 3.0-2018-08-09 19:04
06:10:04.047 [main] INFO  f.i.s.repairnator.pipeline.Launcher - The pipeline will try to reproduce a bug from build 326239095 and its corresponding patch from build 327088685
06:10:04.048 [main] INFO  f.i.s.repairnator.pipeline.Launcher - Initialize file serializer engines.
06:10:04.050 [main] INFO  f.i.s.repairnator.pipeline.Launcher - MongoDB won't be used for serialization.
06:10:04.051 [main] INFO  f.i.s.repairnator.pipeline.Launcher - The email notifier engine won't be used.
06:10:04.055 [main] INFO  f.i.s.repairnator.pipeline.Launcher - Start by getting the build (buildId: 326239095) with the following config: RepairnatorConfig{runId='c4edf6f8-133a-4cec-9a5e-4ad4ea8b0f50_01-18-week2-FAILING_AND_PASSING', launcherMode=BEARS, serializeJson=true, inputPath='null', outputPath='/var/log', mongodbHost='null', mongodbName='repairnator', smtpServer='null', notifyTo=[], notifyEndProcess=false, push=true, pushRemoteRepo='https://github.com/fermadeiral/bears-collection-fp', fork=false, lookFromDate=null, lookToDate=null, buildId=326239095, z3solverPath='./z3_for_linux', workspacePath='./workspace', githubToken='c8a341a903[...]', dockerImageName='null', skipDelete=false, createOutputDir=false, logDirectory='null', nbThreads=0, globalTimeout=0, whiteList=null, blackList=null, jobSleepTime=0, buildSleepTime=0, maxInspectedBuilds=0, duration=null, humanPatch=false, repository='null', clean=true, bearsMode=BOTH, bearsDelimiter = false, repairTools=NopolAllTests,NPEFix,AssertFixer,AstorJGenProg,AstorJKali,NopolSingleTest,AstorJMut,NopolTestExclusionStrategy, githubUserName= fermadeiral, githubUserEmail=fer.madeiral@gmail.com}
06:10:05.341 [main] DEBUG fr.inria.jtravis.helpers.BuildHelper - Get request to :https://api.travis-ci.org/build/326239095 done after 772 ms
06:10:05.588 [main] DEBUG fr.inria.jtravis.helpers.BuildHelper - Get request to :https://api.travis-ci.org/build/327088685 done after 152 ms
06:10:05.598 [main] INFO  f.i.s.repairnator.pipeline.Launcher - The patched build (327088685) was successfully retrieved from Travis.
06:10:06.654 [main] INFO  fr.inria.jtravis.JTravis - GitHub ratelimit: Limit: 5000 Remaining: 4978 Reset hour: 19:16:08
06:10:06.901 [main] INFO  f.i.s.r.p.i.ProjectInspector - ----------------------------------------------------------------------
06:10:06.902 [main] INFO  f.i.s.r.p.i.ProjectInspector - PIPELINE STEPS
06:10:06.902 [main] INFO  f.i.s.r.p.i.ProjectInspector - ----------------------------------------------------------------------
06:10:06.902 [main] INFO  f.i.s.r.p.i.ProjectInspector - CloneRepository
06:10:06.902 [main] INFO  f.i.s.r.p.i.ProjectInspector - CheckoutBuggyBuildCandidate
06:10:06.902 [main] INFO  f.i.s.r.p.i.ProjectInspector - ComputeSourceDir
06:10:06.903 [main] INFO  f.i.s.r.p.i.ProjectInspector - ComputeTestDir
06:10:06.903 [main] INFO  f.i.s.r.p.i.ProjectInspector - BuildProjectBuggyBuildCandidate
06:10:06.903 [main] INFO  f.i.s.r.p.i.ProjectInspector - TestProjectBuggyBuildCandidate
06:10:06.905 [main] INFO  f.i.s.r.p.i.ProjectInspector - GatherTestInformationBuggyBuildCandidate
06:10:06.905 [main] INFO  f.i.s.r.p.i.ProjectInspector - InitRepoToPush
06:10:06.905 [main] INFO  f.i.s.r.p.i.ProjectInspector - ComputeClasspath
06:10:06.905 [main] INFO  f.i.s.r.p.i.ProjectInspector - ComputeModules
06:10:06.906 [main] INFO  f.i.s.r.p.i.ProjectInspector - CheckoutPatchedBuildCandidate
06:10:06.906 [main] INFO  f.i.s.r.p.i.ProjectInspector - BuildProjectPatchedBuildCandidate
06:10:06.906 [main] INFO  f.i.s.r.p.i.ProjectInspector - TestProjectPatchedBuildCandidate
06:10:06.906 [main] INFO  f.i.s.r.p.i.ProjectInspector - GatherTestInformationPatchedBuildCandidate
06:10:06.906 [main] INFO  f.i.s.r.p.i.ProjectInspector - CommitPatch
06:10:06.906 [main] INFO  f.i.s.r.p.i.ProjectInspector - WritePropertyFile
06:10:06.907 [main] INFO  f.i.s.r.p.i.ProjectInspector - CommitProcessEnd
06:10:06.907 [main] INFO  f.i.s.r.p.i.ProjectInspector - PushProcessEnd
06:10:06.907 [main] DEBUG f.i.s.r.process.step.CloneRepository - ----------------------------------------------------------------------
06:10:06.907 [main] DEBUG f.i.s.r.process.step.CloneRepository - STEP 1/18: CloneRepository
06:10:06.908 [main] DEBUG f.i.s.r.process.step.CloneRepository - ----------------------------------------------------------------------
06:10:06.908 [main] DEBUG f.i.s.r.process.step.CloneRepository - Cloning repository swagger-api/swagger-codegen in the following directory: ./workspace/swagger-api/swagger-codegen/326239095
06:10:40.821 [main] DEBUG f.i.s.r.process.step.CloneRepository - STEP STATUS: [ CloneRepository : SUCCESS ]
06:10:40.821 [main] DEBUG f.i.s.r.process.step.CloneRepository - STEP DURATION: 33s
06:10:40.822 [main] DEBUG f.i.s.r.process.step.CloneRepository - EXECUTE NEXT STEP
06:10:40.822 [main] DEBUG f.i.s.r.p.s.c.CheckoutBuggyBuild - ----------------------------------------------------------------------
06:10:40.822 [main] DEBUG f.i.s.r.p.s.c.CheckoutBuggyBuild - STEP 2/18: CheckoutBuggyBuildCandidate
06:10:40.822 [main] DEBUG f.i.s.r.p.s.c.CheckoutBuggyBuild - ----------------------------------------------------------------------
06:10:40.823 [main] DEBUG f.i.s.r.p.s.c.CheckoutBuggyBuild - Checking out buggy build candidate...
06:10:41.144 [main] INFO  fr.inria.jtravis.JTravis - GitHub ratelimit: Limit: 5000 Remaining: 4977 Reset hour: 19:16:08
06:10:43.939 [main] DEBUG f.i.s.r.p.s.c.CheckoutBuggyBuild - Reproduce the PR for swagger-api/swagger-codegen by fetching remote branch and merging.
06:10:47.522 [main] ERROR f.i.s.r.p.s.c.CheckoutBuggyBuild - Error while testing commit: org.eclipse.jgit.errors.MissingObjectException: Missing unknown 60510be163deb2ac8f11d86c4236b48246ccadd5
06:10:47.524 [main] ERROR f.i.s.r.p.s.c.CheckoutBuggyBuild - Commit head ref cannot be retrieved from the repository: 60510be163deb2ac8f11d86c4236b48246ccadd5. Operation aborted.
06:10:47.524 [main] ERROR f.i.s.r.p.s.c.CheckoutBuggyBuild - Error while merging two commits to reproduce the PR.
06:10:47.525 [main] DEBUG f.i.s.r.p.s.c.CheckoutBuggyBuild - STEP STATUS: [ CheckoutBuggyBuildCandidate : FAILURE ( BUILDNOTCHECKEDOUT ) ]
06:10:47.526 [main] DEBUG f.i.s.r.p.s.c.CheckoutBuggyBuild - STEP DURATION: 6s
06:10:47.527 [main] DEBUG f.i.s.r.p.s.c.CheckoutBuggyBuild - TERMINATE PIPELINE
06:10:47.527 [main] DEBUG f.i.s.r.p.s.c.CheckoutBuggyBuild - FINAL STEPS SKIPPED: The reproduction of the bug and/or the patch failed.
06:10:47.528 [main] INFO  f.i.s.r.p.s.c.CheckoutBuggyBuild - Serialize all data for the pair of builds 326239095, 327088685
06:10:47.645 [main] INFO  fr.inria.jtravis.JTravis - GitHub ratelimit: Limit: 5000 Remaining: 4970 Reset hour: 19:16:08
06:10:50.317 [main] INFO  f.i.s.r.p.i.ProjectInspector - ----------------------------------------------------------------------
06:10:50.318 [main] INFO  f.i.s.r.p.i.ProjectInspector - PIPELINE EXECUTION SUMMARY
06:10:50.318 [main] INFO  f.i.s.r.p.i.ProjectInspector - ----------------------------------------------------------------------
06:10:50.318 [main] INFO  f.i.s.r.p.i.ProjectInspector - CloneRepository.......................................SUCCESS [ 33 s ]
06:10:50.318 [main] INFO  f.i.s.r.p.i.ProjectInspector - CheckoutBuggyBuildCandidate...........................FAILURE [  6 s ]
06:10:50.319 [main] INFO  f.i.s.r.p.i.ProjectInspector - ComputeSourceDir......................................NOT RUN         
06:10:50.319 [main] INFO  f.i.s.r.p.i.ProjectInspector - ComputeTestDir........................................NOT RUN         
06:10:50.319 [main] INFO  f.i.s.r.p.i.ProjectInspector - BuildProjectBuggyBuildCandidate.......................NOT RUN         
06:10:50.319 [main] INFO  f.i.s.r.p.i.ProjectInspector - TestProjectBuggyBuildCandidate........................NOT RUN         
06:10:50.319 [main] INFO  f.i.s.r.p.i.ProjectInspector - GatherTestInformationBuggyBuildCandidate..............NOT RUN         
06:10:50.320 [main] INFO  f.i.s.r.p.i.ProjectInspector - InitRepoToPush........................................NOT RUN         
06:10:50.320 [main] INFO  f.i.s.r.p.i.ProjectInspector - ComputeClasspath......................................NOT RUN         
06:10:50.321 [main] INFO  f.i.s.r.p.i.ProjectInspector - ComputeModules........................................NOT RUN         
06:10:50.321 [main] INFO  f.i.s.r.p.i.ProjectInspector - CheckoutPatchedBuildCandidate.........................NOT RUN         
06:10:50.321 [main] INFO  f.i.s.r.p.i.ProjectInspector - BuildProjectPatchedBuildCandidate.....................NOT RUN         
06:10:50.322 [main] INFO  f.i.s.r.p.i.ProjectInspector - TestProjectPatchedBuildCandidate......................NOT RUN         
06:10:50.322 [main] INFO  f.i.s.r.p.i.ProjectInspector - GatherTestInformationPatchedBuildCandidate............NOT RUN         
06:10:50.322 [main] INFO  f.i.s.r.p.i.ProjectInspector - CommitPatch...........................................NOT RUN         
06:10:50.322 [main] INFO  f.i.s.r.p.i.ProjectInspector - WritePropertyFile.....................................NOT RUN         
06:10:50.323 [main] INFO  f.i.s.r.p.i.ProjectInspector - CommitProcessEnd......................................NOT RUN         
06:10:50.323 [main] INFO  f.i.s.r.p.i.ProjectInspector - PushProcessEnd........................................NOT RUN         
06:10:50.323 [main] INFO  f.i.s.r.p.i.ProjectInspector - ----------------------------------------------------------------------
06:10:50.323 [main] INFO  f.i.s.r.p.i.ProjectInspector - PIPELINE FINDING: BUILDNOTCHECKEDOUT
06:10:50.323 [main] INFO  f.i.s.r.p.i.ProjectInspector - ----------------------------------------------------------------------
06:10:50.323 [main] INFO  f.i.s.repairnator.pipeline.Launcher - Inspector is finished. The process will exit now.
