04:32:28.256 [main] INFO  f.i.s.repairnator.pipeline.Launcher - PIPELINE VERSION: 3.0-2018-08-09 19:04
04:32:28.492 [main] INFO  f.i.s.repairnator.pipeline.Launcher - The pipeline will try to reproduce a bug from build 327795469 and its corresponding patch from build 327801565
04:32:28.492 [main] INFO  f.i.s.repairnator.pipeline.Launcher - Initialize file serializer engines.
04:32:28.494 [main] INFO  f.i.s.repairnator.pipeline.Launcher - MongoDB won't be used for serialization.
04:32:28.494 [main] INFO  f.i.s.repairnator.pipeline.Launcher - The email notifier engine won't be used.
04:32:28.496 [main] INFO  f.i.s.repairnator.pipeline.Launcher - Start by getting the build (buildId: 327795469) with the following config: RepairnatorConfig{runId='c4edf6f8-133a-4cec-9a5e-4ad4ea8b0f50_01-18-week2-FAILING_AND_PASSING', launcherMode=BEARS, serializeJson=true, inputPath='null', outputPath='/var/log', mongodbHost='null', mongodbName='repairnator', smtpServer='null', notifyTo=[], notifyEndProcess=false, push=true, pushRemoteRepo='https://github.com/fermadeiral/bears-collection-fp', fork=false, lookFromDate=null, lookToDate=null, buildId=327795469, z3solverPath='./z3_for_linux', workspacePath='./workspace', githubToken='c8a341a903[...]', dockerImageName='null', skipDelete=false, createOutputDir=false, logDirectory='null', nbThreads=0, globalTimeout=0, whiteList=null, blackList=null, jobSleepTime=0, buildSleepTime=0, maxInspectedBuilds=0, duration=null, humanPatch=false, repository='null', clean=true, bearsMode=BOTH, bearsDelimiter = false, repairTools=NopolAllTests,NPEFix,AssertFixer,AstorJGenProg,AstorJKali,NopolSingleTest,AstorJMut,NopolTestExclusionStrategy, githubUserName= fermadeiral, githubUserEmail=fer.madeiral@gmail.com}
04:32:29.878 [main] DEBUG fr.inria.jtravis.helpers.BuildHelper - Get request to :https://api.travis-ci.org/build/327795469 done after 862 ms
04:32:30.091 [main] DEBUG fr.inria.jtravis.helpers.BuildHelper - Get request to :https://api.travis-ci.org/build/327801565 done after 132 ms
04:32:30.102 [main] INFO  f.i.s.repairnator.pipeline.Launcher - The patched build (327801565) was successfully retrieved from Travis.
04:32:31.208 [main] INFO  fr.inria.jtravis.JTravis - GitHub ratelimit: Limit: 5000 Remaining: 4816 Reset hour: 19:16:00
04:32:31.535 [main] INFO  f.i.s.r.p.i.ProjectInspector - ----------------------------------------------------------------------
04:32:31.535 [main] INFO  f.i.s.r.p.i.ProjectInspector - PIPELINE STEPS
04:32:31.535 [main] INFO  f.i.s.r.p.i.ProjectInspector - ----------------------------------------------------------------------
04:32:31.536 [main] INFO  f.i.s.r.p.i.ProjectInspector - CloneRepository
04:32:31.536 [main] INFO  f.i.s.r.p.i.ProjectInspector - CheckoutBuggyBuildCandidate
04:32:31.536 [main] INFO  f.i.s.r.p.i.ProjectInspector - ComputeSourceDir
04:32:31.536 [main] INFO  f.i.s.r.p.i.ProjectInspector - ComputeTestDir
04:32:31.537 [main] INFO  f.i.s.r.p.i.ProjectInspector - BuildProjectBuggyBuildCandidate
04:32:31.537 [main] INFO  f.i.s.r.p.i.ProjectInspector - TestProjectBuggyBuildCandidate
04:32:31.538 [main] INFO  f.i.s.r.p.i.ProjectInspector - GatherTestInformationBuggyBuildCandidate
04:32:31.538 [main] INFO  f.i.s.r.p.i.ProjectInspector - InitRepoToPush
04:32:31.538 [main] INFO  f.i.s.r.p.i.ProjectInspector - ComputeClasspath
04:32:31.538 [main] INFO  f.i.s.r.p.i.ProjectInspector - ComputeModules
04:32:31.538 [main] INFO  f.i.s.r.p.i.ProjectInspector - CheckoutPatchedBuildCandidate
04:32:31.538 [main] INFO  f.i.s.r.p.i.ProjectInspector - BuildProjectPatchedBuildCandidate
04:32:31.539 [main] INFO  f.i.s.r.p.i.ProjectInspector - TestProjectPatchedBuildCandidate
04:32:31.539 [main] INFO  f.i.s.r.p.i.ProjectInspector - GatherTestInformationPatchedBuildCandidate
04:32:31.539 [main] INFO  f.i.s.r.p.i.ProjectInspector - CommitPatch
04:32:31.539 [main] INFO  f.i.s.r.p.i.ProjectInspector - WritePropertyFile
04:32:31.539 [main] INFO  f.i.s.r.p.i.ProjectInspector - CommitProcessEnd
04:32:31.539 [main] INFO  f.i.s.r.p.i.ProjectInspector - PushProcessEnd
04:32:31.540 [main] DEBUG f.i.s.r.process.step.CloneRepository - ----------------------------------------------------------------------
04:32:31.540 [main] DEBUG f.i.s.r.process.step.CloneRepository - STEP 1/18: CloneRepository
04:32:31.540 [main] DEBUG f.i.s.r.process.step.CloneRepository - ----------------------------------------------------------------------
04:32:31.540 [main] DEBUG f.i.s.r.process.step.CloneRepository - Cloning repository StuPro-TOSCAna/TOSCAna in the following directory: ./workspace/StuPro-TOSCAna/TOSCAna/327795469
04:32:44.481 [main] DEBUG f.i.s.r.process.step.CloneRepository - STEP STATUS: [ CloneRepository : SUCCESS ]
04:32:44.482 [main] DEBUG f.i.s.r.process.step.CloneRepository - STEP DURATION: 12s
04:32:44.482 [main] DEBUG f.i.s.r.process.step.CloneRepository - EXECUTE NEXT STEP
04:32:44.483 [main] DEBUG f.i.s.r.p.s.c.CheckoutBuggyBuild - ----------------------------------------------------------------------
04:32:44.483 [main] DEBUG f.i.s.r.p.s.c.CheckoutBuggyBuild - STEP 2/18: CheckoutBuggyBuildCandidate
04:32:44.483 [main] DEBUG f.i.s.r.p.s.c.CheckoutBuggyBuild - ----------------------------------------------------------------------
04:32:44.483 [main] DEBUG f.i.s.r.p.s.c.CheckoutBuggyBuild - Checking out buggy build candidate...
04:32:44.491 [main] ERROR f.i.s.r.p.s.c.CheckoutBuggyBuild - Error while testing commit: org.eclipse.jgit.errors.MissingObjectException: Missing unknown 96b7c83c393191dd81ca365c96317c8d50f98a48
04:32:44.491 [main] ERROR f.i.s.r.p.s.c.CheckoutBuggyBuild - Error while getting the commit to checkout from the repo.
04:32:44.492 [main] DEBUG f.i.s.r.p.s.c.CheckoutBuggyBuild - STEP STATUS: [ CheckoutBuggyBuildCandidate : FAILURE ( BUILDNOTCHECKEDOUT ) ]
04:32:44.492 [main] DEBUG f.i.s.r.p.s.c.CheckoutBuggyBuild - STEP DURATION: 0s
04:32:44.492 [main] DEBUG f.i.s.r.p.s.c.CheckoutBuggyBuild - TERMINATE PIPELINE
04:32:44.493 [main] DEBUG f.i.s.r.p.s.c.CheckoutBuggyBuild - FINAL STEPS SKIPPED: The reproduction of the bug and/or the patch failed.
04:32:44.493 [main] INFO  f.i.s.r.p.s.c.CheckoutBuggyBuild - Serialize all data for the pair of builds 327795469, 327801565
04:32:44.840 [main] INFO  fr.inria.jtravis.JTravis - GitHub ratelimit: Limit: 5000 Remaining: 4814 Reset hour: 19:16:00
04:32:45.796 [main] INFO  f.i.s.r.p.i.ProjectInspector - ----------------------------------------------------------------------
04:32:45.797 [main] INFO  f.i.s.r.p.i.ProjectInspector - PIPELINE EXECUTION SUMMARY
04:32:45.797 [main] INFO  f.i.s.r.p.i.ProjectInspector - ----------------------------------------------------------------------
04:32:45.798 [main] INFO  f.i.s.r.p.i.ProjectInspector - CloneRepository.......................................SUCCESS [ 12 s ]
04:32:45.798 [main] INFO  f.i.s.r.p.i.ProjectInspector - CheckoutBuggyBuildCandidate...........................FAILURE [  0 s ]
04:32:45.799 [main] INFO  f.i.s.r.p.i.ProjectInspector - ComputeSourceDir......................................NOT RUN         
04:32:45.802 [main] INFO  f.i.s.r.p.i.ProjectInspector - ComputeTestDir........................................NOT RUN         
04:32:45.802 [main] INFO  f.i.s.r.p.i.ProjectInspector - BuildProjectBuggyBuildCandidate.......................NOT RUN         
04:32:45.802 [main] INFO  f.i.s.r.p.i.ProjectInspector - TestProjectBuggyBuildCandidate........................NOT RUN         
04:32:45.803 [main] INFO  f.i.s.r.p.i.ProjectInspector - GatherTestInformationBuggyBuildCandidate..............NOT RUN         
04:32:45.803 [main] INFO  f.i.s.r.p.i.ProjectInspector - InitRepoToPush........................................NOT RUN         
04:32:45.803 [main] INFO  f.i.s.r.p.i.ProjectInspector - ComputeClasspath......................................NOT RUN         
04:32:45.803 [main] INFO  f.i.s.r.p.i.ProjectInspector - ComputeModules........................................NOT RUN         
04:32:45.804 [main] INFO  f.i.s.r.p.i.ProjectInspector - CheckoutPatchedBuildCandidate.........................NOT RUN         
04:32:45.804 [main] INFO  f.i.s.r.p.i.ProjectInspector - BuildProjectPatchedBuildCandidate.....................NOT RUN         
04:32:45.804 [main] INFO  f.i.s.r.p.i.ProjectInspector - TestProjectPatchedBuildCandidate......................NOT RUN         
04:32:45.804 [main] INFO  f.i.s.r.p.i.ProjectInspector - GatherTestInformationPatchedBuildCandidate............NOT RUN         
04:32:45.805 [main] INFO  f.i.s.r.p.i.ProjectInspector - CommitPatch...........................................NOT RUN         
04:32:45.805 [main] INFO  f.i.s.r.p.i.ProjectInspector - WritePropertyFile.....................................NOT RUN         
04:32:45.805 [main] INFO  f.i.s.r.p.i.ProjectInspector - CommitProcessEnd......................................NOT RUN         
04:32:45.805 [main] INFO  f.i.s.r.p.i.ProjectInspector - PushProcessEnd........................................NOT RUN         
04:32:45.805 [main] INFO  f.i.s.r.p.i.ProjectInspector - ----------------------------------------------------------------------
04:32:45.808 [main] INFO  f.i.s.r.p.i.ProjectInspector - PIPELINE FINDING: BUILDNOTCHECKEDOUT
04:32:45.809 [main] INFO  f.i.s.r.p.i.ProjectInspector - ----------------------------------------------------------------------
04:32:45.809 [main] INFO  f.i.s.repairnator.pipeline.Launcher - Inspector is finished. The process will exit now.
