06:35:56.798 [main] INFO  f.i.s.repairnator.pipeline.Launcher - PIPELINE VERSION: 3.0-2018-08-09 19:04
06:35:56.978 [main] INFO  f.i.s.repairnator.pipeline.Launcher - The pipeline will try to reproduce a bug from build 327548619 and its corresponding patch from build 327549327
06:35:56.979 [main] INFO  f.i.s.repairnator.pipeline.Launcher - Initialize file serializer engines.
06:35:56.981 [main] INFO  f.i.s.repairnator.pipeline.Launcher - MongoDB won't be used for serialization.
06:35:56.982 [main] INFO  f.i.s.repairnator.pipeline.Launcher - The email notifier engine won't be used.
06:35:56.987 [main] INFO  f.i.s.repairnator.pipeline.Launcher - Start by getting the build (buildId: 327548619) with the following config: RepairnatorConfig{runId='c4edf6f8-133a-4cec-9a5e-4ad4ea8b0f50_01-18-week2-FAILING_AND_PASSING', launcherMode=BEARS, serializeJson=true, inputPath='null', outputPath='/var/log', mongodbHost='null', mongodbName='repairnator', smtpServer='null', notifyTo=[], notifyEndProcess=false, push=true, pushRemoteRepo='https://github.com/fermadeiral/bears-collection-fp', fork=false, lookFromDate=null, lookToDate=null, buildId=327548619, z3solverPath='./z3_for_linux', workspacePath='./workspace', githubToken='c8a341a903[...]', dockerImageName='null', skipDelete=false, createOutputDir=false, logDirectory='null', nbThreads=0, globalTimeout=0, whiteList=null, blackList=null, jobSleepTime=0, buildSleepTime=0, maxInspectedBuilds=0, duration=null, humanPatch=false, repository='null', clean=true, bearsMode=BOTH, bearsDelimiter = false, repairTools=NopolAllTests,NPEFix,AssertFixer,AstorJGenProg,AstorJKali,NopolSingleTest,AstorJMut,NopolTestExclusionStrategy, githubUserName= fermadeiral, githubUserEmail=fer.madeiral@gmail.com}
06:35:58.438 [main] DEBUG fr.inria.jtravis.helpers.BuildHelper - Get request to :https://api.travis-ci.org/build/327548619 done after 912 ms
06:35:58.718 [main] DEBUG fr.inria.jtravis.helpers.BuildHelper - Get request to :https://api.travis-ci.org/build/327549327 done after 133 ms
06:35:58.736 [main] INFO  f.i.s.repairnator.pipeline.Launcher - The patched build (327549327) was successfully retrieved from Travis.
06:36:00.082 [main] INFO  fr.inria.jtravis.JTravis - GitHub ratelimit: Limit: 5000 Remaining: 4892 Reset hour: 19:16:08
06:36:00.381 [main] INFO  f.i.s.r.p.i.ProjectInspector - ----------------------------------------------------------------------
06:36:00.382 [main] INFO  f.i.s.r.p.i.ProjectInspector - PIPELINE STEPS
06:36:00.382 [main] INFO  f.i.s.r.p.i.ProjectInspector - ----------------------------------------------------------------------
06:36:00.382 [main] INFO  f.i.s.r.p.i.ProjectInspector - CloneRepository
06:36:00.383 [main] INFO  f.i.s.r.p.i.ProjectInspector - CheckoutBuggyBuildCandidate
06:36:00.383 [main] INFO  f.i.s.r.p.i.ProjectInspector - ComputeSourceDir
06:36:00.383 [main] INFO  f.i.s.r.p.i.ProjectInspector - ComputeTestDir
06:36:00.383 [main] INFO  f.i.s.r.p.i.ProjectInspector - BuildProjectBuggyBuildCandidate
06:36:00.384 [main] INFO  f.i.s.r.p.i.ProjectInspector - TestProjectBuggyBuildCandidate
06:36:00.384 [main] INFO  f.i.s.r.p.i.ProjectInspector - GatherTestInformationBuggyBuildCandidate
06:36:00.384 [main] INFO  f.i.s.r.p.i.ProjectInspector - InitRepoToPush
06:36:00.384 [main] INFO  f.i.s.r.p.i.ProjectInspector - ComputeClasspath
06:36:00.385 [main] INFO  f.i.s.r.p.i.ProjectInspector - ComputeModules
06:36:00.385 [main] INFO  f.i.s.r.p.i.ProjectInspector - CheckoutPatchedBuildCandidate
06:36:00.385 [main] INFO  f.i.s.r.p.i.ProjectInspector - BuildProjectPatchedBuildCandidate
06:36:00.385 [main] INFO  f.i.s.r.p.i.ProjectInspector - TestProjectPatchedBuildCandidate
06:36:00.386 [main] INFO  f.i.s.r.p.i.ProjectInspector - GatherTestInformationPatchedBuildCandidate
06:36:00.386 [main] INFO  f.i.s.r.p.i.ProjectInspector - CommitPatch
06:36:00.386 [main] INFO  f.i.s.r.p.i.ProjectInspector - WritePropertyFile
06:36:00.386 [main] INFO  f.i.s.r.p.i.ProjectInspector - CommitProcessEnd
06:36:00.387 [main] INFO  f.i.s.r.p.i.ProjectInspector - PushProcessEnd
06:36:00.387 [main] DEBUG f.i.s.r.process.step.CloneRepository - ----------------------------------------------------------------------
06:36:00.388 [main] DEBUG f.i.s.r.process.step.CloneRepository - STEP 1/18: CloneRepository
06:36:00.388 [main] DEBUG f.i.s.r.process.step.CloneRepository - ----------------------------------------------------------------------
06:36:00.388 [main] DEBUG f.i.s.r.process.step.CloneRepository - Cloning repository apache/incubator-servicecomb-saga in the following directory: ./workspace/apache/incubator-servicecomb-saga/327548619
06:36:05.813 [main] DEBUG f.i.s.r.process.step.CloneRepository - STEP STATUS: [ CloneRepository : SUCCESS ]
06:36:05.813 [main] DEBUG f.i.s.r.process.step.CloneRepository - STEP DURATION: 5s
06:36:05.813 [main] DEBUG f.i.s.r.process.step.CloneRepository - EXECUTE NEXT STEP
06:36:05.813 [main] DEBUG f.i.s.r.p.s.c.CheckoutBuggyBuild - ----------------------------------------------------------------------
06:36:05.814 [main] DEBUG f.i.s.r.p.s.c.CheckoutBuggyBuild - STEP 2/18: CheckoutBuggyBuildCandidate
06:36:05.814 [main] DEBUG f.i.s.r.p.s.c.CheckoutBuggyBuild - ----------------------------------------------------------------------
06:36:05.814 [main] DEBUG f.i.s.r.p.s.c.CheckoutBuggyBuild - Checking out buggy build candidate...
06:36:06.145 [main] INFO  fr.inria.jtravis.JTravis - GitHub ratelimit: Limit: 5000 Remaining: 4891 Reset hour: 19:16:08
06:36:07.952 [main] DEBUG f.i.s.r.p.s.c.CheckoutBuggyBuild - Reproduce the PR for apache/incubator-servicecomb-saga by fetching remote branch and merging.
06:36:08.152 [main] ERROR f.i.s.r.p.s.c.CheckoutBuggyBuild - Error while testing commit: org.eclipse.jgit.errors.MissingObjectException: Missing unknown 8d995d48b295b44e10c5baaa9c99f0efdbcf1e96
06:36:08.155 [main] ERROR f.i.s.r.p.s.c.CheckoutBuggyBuild - Commit head ref cannot be retrieved from the repository: 8d995d48b295b44e10c5baaa9c99f0efdbcf1e96. Operation aborted.
06:36:08.155 [main] ERROR f.i.s.r.p.s.c.CheckoutBuggyBuild - Error while merging two commits to reproduce the PR.
06:36:08.157 [main] DEBUG f.i.s.r.p.s.c.CheckoutBuggyBuild - STEP STATUS: [ CheckoutBuggyBuildCandidate : FAILURE ( BUILDNOTCHECKEDOUT ) ]
06:36:08.157 [main] DEBUG f.i.s.r.p.s.c.CheckoutBuggyBuild - STEP DURATION: 2s
06:36:08.158 [main] DEBUG f.i.s.r.p.s.c.CheckoutBuggyBuild - TERMINATE PIPELINE
06:36:08.158 [main] DEBUG f.i.s.r.p.s.c.CheckoutBuggyBuild - FINAL STEPS SKIPPED: The reproduction of the bug and/or the patch failed.
06:36:08.159 [main] INFO  f.i.s.r.p.s.c.CheckoutBuggyBuild - Serialize all data for the pair of builds 327548619, 327549327
06:36:08.278 [main] INFO  fr.inria.jtravis.JTravis - GitHub ratelimit: Limit: 5000 Remaining: 4884 Reset hour: 19:16:08
06:36:08.969 [main] INFO  f.i.s.r.p.i.ProjectInspector - ----------------------------------------------------------------------
06:36:08.970 [main] INFO  f.i.s.r.p.i.ProjectInspector - PIPELINE EXECUTION SUMMARY
06:36:08.970 [main] INFO  f.i.s.r.p.i.ProjectInspector - ----------------------------------------------------------------------
06:36:08.971 [main] INFO  f.i.s.r.p.i.ProjectInspector - CloneRepository........................................SUCCESS [ 5 s ]
06:36:08.971 [main] INFO  f.i.s.r.p.i.ProjectInspector - CheckoutBuggyBuildCandidate............................FAILURE [ 2 s ]
06:36:08.971 [main] INFO  f.i.s.r.p.i.ProjectInspector - ComputeSourceDir.......................................NOT RUN        
06:36:08.972 [main] INFO  f.i.s.r.p.i.ProjectInspector - ComputeTestDir.........................................NOT RUN        
06:36:08.972 [main] INFO  f.i.s.r.p.i.ProjectInspector - BuildProjectBuggyBuildCandidate........................NOT RUN        
06:36:08.972 [main] INFO  f.i.s.r.p.i.ProjectInspector - TestProjectBuggyBuildCandidate.........................NOT RUN        
06:36:08.972 [main] INFO  f.i.s.r.p.i.ProjectInspector - GatherTestInformationBuggyBuildCandidate...............NOT RUN        
06:36:08.973 [main] INFO  f.i.s.r.p.i.ProjectInspector - InitRepoToPush.........................................NOT RUN        
06:36:08.973 [main] INFO  f.i.s.r.p.i.ProjectInspector - ComputeClasspath.......................................NOT RUN        
06:36:08.973 [main] INFO  f.i.s.r.p.i.ProjectInspector - ComputeModules.........................................NOT RUN        
06:36:08.974 [main] INFO  f.i.s.r.p.i.ProjectInspector - CheckoutPatchedBuildCandidate..........................NOT RUN        
06:36:08.974 [main] INFO  f.i.s.r.p.i.ProjectInspector - BuildProjectPatchedBuildCandidate......................NOT RUN        
06:36:08.974 [main] INFO  f.i.s.r.p.i.ProjectInspector - TestProjectPatchedBuildCandidate.......................NOT RUN        
06:36:08.974 [main] INFO  f.i.s.r.p.i.ProjectInspector - GatherTestInformationPatchedBuildCandidate.............NOT RUN        
06:36:08.975 [main] INFO  f.i.s.r.p.i.ProjectInspector - CommitPatch............................................NOT RUN        
06:36:08.975 [main] INFO  f.i.s.r.p.i.ProjectInspector - WritePropertyFile......................................NOT RUN        
06:36:08.975 [main] INFO  f.i.s.r.p.i.ProjectInspector - CommitProcessEnd.......................................NOT RUN        
06:36:08.976 [main] INFO  f.i.s.r.p.i.ProjectInspector - PushProcessEnd.........................................NOT RUN        
06:36:08.976 [main] INFO  f.i.s.r.p.i.ProjectInspector - ----------------------------------------------------------------------
06:36:08.976 [main] INFO  f.i.s.r.p.i.ProjectInspector - PIPELINE FINDING: BUILDNOTCHECKEDOUT
06:36:08.976 [main] INFO  f.i.s.r.p.i.ProjectInspector - ----------------------------------------------------------------------
06:36:08.976 [main] INFO  f.i.s.repairnator.pipeline.Launcher - Inspector is finished. The process will exit now.
