17:39:46.819 [main] INFO  f.i.s.repairnator.pipeline.Launcher - PIPELINE VERSION: 3.0-2018-08-09 19:04
17:39:46.942 [main] INFO  f.i.s.repairnator.pipeline.Launcher - The pipeline will try to reproduce a bug from build 323783675 and its corresponding patch from build 323814107
17:39:46.943 [main] INFO  f.i.s.repairnator.pipeline.Launcher - Initialize file serializer engines.
17:39:46.944 [main] INFO  f.i.s.repairnator.pipeline.Launcher - MongoDB won't be used for serialization.
17:39:46.944 [main] INFO  f.i.s.repairnator.pipeline.Launcher - The email notifier engine won't be used.
17:39:46.947 [main] INFO  f.i.s.repairnator.pipeline.Launcher - Start by getting the build (buildId: 323783675) with the following config: RepairnatorConfig{runId='1c2dcf8c-1783-41b0-9cdb-5cb8478a1ab9_01-18-week1-PASSING_AND_PASSING', launcherMode=BEARS, serializeJson=true, inputPath='null', outputPath='/var/log', mongodbHost='null', mongodbName='repairnator', smtpServer='null', notifyTo=[], notifyEndProcess=false, push=true, pushRemoteRepo='https://github.com/fermadeiral/bears-collection-pp', fork=false, lookFromDate=null, lookToDate=null, buildId=323783675, z3solverPath='./z3_for_linux', workspacePath='./workspace', githubToken='c8a341a903[...]', dockerImageName='null', skipDelete=false, createOutputDir=false, logDirectory='null', nbThreads=0, globalTimeout=0, whiteList=null, blackList=null, jobSleepTime=0, buildSleepTime=0, maxInspectedBuilds=0, duration=null, humanPatch=false, repository='null', clean=true, bearsMode=BOTH, bearsDelimiter = false, repairTools=NopolAllTests,NPEFix,AssertFixer,AstorJGenProg,AstorJKali,NopolSingleTest,AstorJMut,NopolTestExclusionStrategy, githubUserName= fermadeiral, githubUserEmail=fer.madeiral@gmail.com}
17:39:48.508 [main] DEBUG fr.inria.jtravis.helpers.BuildHelper - Get request to :https://api.travis-ci.org/build/323783675 done after 907 ms
17:39:48.817 [main] DEBUG fr.inria.jtravis.helpers.BuildHelper - Get request to :https://api.travis-ci.org/build/323814107 done after 171 ms
17:39:48.840 [main] INFO  f.i.s.repairnator.pipeline.Launcher - The patched build (323814107) was successfully retrieved from Travis.
17:39:49.959 [main] INFO  fr.inria.jtravis.JTravis - GitHub ratelimit: Limit: 5000 Remaining: 4680 Reset hour: 19:15:21
17:39:50.233 [main] INFO  f.i.s.r.p.i.ProjectInspector - ----------------------------------------------------------------------
17:39:50.233 [main] INFO  f.i.s.r.p.i.ProjectInspector - PIPELINE STEPS
17:39:50.233 [main] INFO  f.i.s.r.p.i.ProjectInspector - ----------------------------------------------------------------------
17:39:50.233 [main] INFO  f.i.s.r.p.i.ProjectInspector - CloneRepository
17:39:50.234 [main] INFO  f.i.s.r.p.i.ProjectInspector - CheckoutPatchedBuildCandidate
17:39:50.234 [main] INFO  f.i.s.r.p.i.ProjectInspector - ComputeSourceDir
17:39:50.234 [main] INFO  f.i.s.r.p.i.ProjectInspector - ComputeTestDir
17:39:50.234 [main] INFO  f.i.s.r.p.i.ProjectInspector - CheckoutBuggyBuildCandidateSourceCode
17:39:50.234 [main] INFO  f.i.s.r.p.i.ProjectInspector - BuildProjectBuggyBuildCandidateSourceCode
17:39:50.234 [main] INFO  f.i.s.r.p.i.ProjectInspector - TestProjectBuggyBuildCandidateSourceCode
17:39:50.235 [main] INFO  f.i.s.r.p.i.ProjectInspector - GatherTestInformationBuggyBuildCandidateSourceCode
17:39:50.235 [main] INFO  f.i.s.r.p.i.ProjectInspector - CheckoutBuggyBuildTestCode
17:39:50.235 [main] INFO  f.i.s.r.p.i.ProjectInspector - InitRepoToPush
17:39:50.235 [main] INFO  f.i.s.r.p.i.ProjectInspector - ComputeClasspath
17:39:50.235 [main] INFO  f.i.s.r.p.i.ProjectInspector - ComputeModules
17:39:50.235 [main] INFO  f.i.s.r.p.i.ProjectInspector - CheckoutBuggyBuildCandidateSourceCode
17:39:50.235 [main] INFO  f.i.s.r.p.i.ProjectInspector - CommitChangedTests
17:39:50.236 [main] INFO  f.i.s.r.p.i.ProjectInspector - CheckoutPatchedBuildCandidate
17:39:50.236 [main] INFO  f.i.s.r.p.i.ProjectInspector - BuildProjectPatchedBuildCandidate
17:39:50.236 [main] INFO  f.i.s.r.p.i.ProjectInspector - TestProjectPatchedBuildCandidate
17:39:50.236 [main] INFO  f.i.s.r.p.i.ProjectInspector - GatherTestInformationPatchedBuildCandidate
17:39:50.236 [main] INFO  f.i.s.r.p.i.ProjectInspector - CommitPatch
17:39:50.236 [main] INFO  f.i.s.r.p.i.ProjectInspector - WritePropertyFile
17:39:50.237 [main] INFO  f.i.s.r.p.i.ProjectInspector - CommitProcessEnd
17:39:50.237 [main] INFO  f.i.s.r.p.i.ProjectInspector - PushProcessEnd
17:39:50.237 [main] DEBUG f.i.s.r.process.step.CloneRepository - ----------------------------------------------------------------------
17:39:50.237 [main] DEBUG f.i.s.r.process.step.CloneRepository - STEP 1/22: CloneRepository
17:39:50.238 [main] DEBUG f.i.s.r.process.step.CloneRepository - ----------------------------------------------------------------------
17:39:50.238 [main] DEBUG f.i.s.r.process.step.CloneRepository - Cloning repository INRIA/spoon in the following directory: ./workspace/INRIA/spoon/323783675
17:40:00.360 [main] DEBUG f.i.s.r.process.step.CloneRepository - STEP STATUS: [ CloneRepository : SUCCESS ]
17:40:00.361 [main] DEBUG f.i.s.r.process.step.CloneRepository - STEP DURATION: 10s
17:40:00.361 [main] DEBUG f.i.s.r.process.step.CloneRepository - EXECUTE NEXT STEP
17:40:00.361 [main] DEBUG f.i.s.r.p.s.c.CheckoutPatchedBuild - ----------------------------------------------------------------------
17:40:00.362 [main] DEBUG f.i.s.r.p.s.c.CheckoutPatchedBuild - STEP 2/22: CheckoutPatchedBuildCandidate
17:40:00.362 [main] DEBUG f.i.s.r.p.s.c.CheckoutPatchedBuild - ----------------------------------------------------------------------
17:40:00.362 [main] DEBUG f.i.s.r.p.s.c.CheckoutPatchedBuild - Checking out patched build candidate...
17:40:00.773 [main] INFO  fr.inria.jtravis.JTravis - GitHub ratelimit: Limit: 5000 Remaining: 4679 Reset hour: 19:15:21
17:40:03.500 [main] DEBUG f.i.s.r.p.s.c.CheckoutPatchedBuild - Reproduce the PR for INRIA/spoon by fetching remote branch and merging.
17:40:07.310 [main] ERROR f.i.s.r.p.s.c.CheckoutPatchedBuild - Error while testing commit: org.eclipse.jgit.errors.MissingObjectException: Missing unknown 57258291295f89f6fe3aee01981fe1c07955ce37
17:40:07.311 [main] ERROR f.i.s.r.p.s.c.CheckoutPatchedBuild - Commit head ref cannot be retrieved from the repository: 57258291295f89f6fe3aee01981fe1c07955ce37. Operation aborted.
17:40:07.312 [main] ERROR f.i.s.r.p.s.c.CheckoutPatchedBuild - Error while merging two commits to reproduce the PR.
17:40:07.313 [main] DEBUG f.i.s.r.p.s.c.CheckoutPatchedBuild - STEP STATUS: [ CheckoutPatchedBuildCandidate : FAILURE ( BUILDNOTCHECKEDOUT ) ]
17:40:07.313 [main] DEBUG f.i.s.r.p.s.c.CheckoutPatchedBuild - STEP DURATION: 6s
17:40:07.313 [main] DEBUG f.i.s.r.p.s.c.CheckoutPatchedBuild - TERMINATE PIPELINE
17:40:07.313 [main] DEBUG f.i.s.r.p.s.c.CheckoutPatchedBuild - FINAL STEPS SKIPPED: The reproduction of the bug and/or the patch failed.
17:40:07.314 [main] INFO  f.i.s.r.p.s.c.CheckoutPatchedBuild - Serialize all data for the pair of builds 323783675, 323814107
17:40:07.432 [main] INFO  fr.inria.jtravis.JTravis - GitHub ratelimit: Limit: 5000 Remaining: 4672 Reset hour: 19:15:21
17:40:08.042 [main] INFO  f.i.s.r.p.i.ProjectInspector - ----------------------------------------------------------------------
17:40:08.042 [main] INFO  f.i.s.r.p.i.ProjectInspector - PIPELINE EXECUTION SUMMARY
17:40:08.043 [main] INFO  f.i.s.r.p.i.ProjectInspector - ----------------------------------------------------------------------
17:40:08.043 [main] INFO  f.i.s.r.p.i.ProjectInspector - CloneRepository.......................................SUCCESS [ 10 s ]
17:40:08.043 [main] INFO  f.i.s.r.p.i.ProjectInspector - CheckoutPatchedBuildCandidate.........................FAILURE [  6 s ]
17:40:08.043 [main] INFO  f.i.s.r.p.i.ProjectInspector - ComputeSourceDir......................................NOT RUN         
17:40:08.043 [main] INFO  f.i.s.r.p.i.ProjectInspector - ComputeTestDir........................................NOT RUN         
17:40:08.044 [main] INFO  f.i.s.r.p.i.ProjectInspector - CheckoutBuggyBuildCandidateSourceCode.................NOT RUN         
17:40:08.044 [main] INFO  f.i.s.r.p.i.ProjectInspector - BuildProjectBuggyBuildCandidateSourceCode.............NOT RUN         
17:40:08.045 [main] INFO  f.i.s.r.p.i.ProjectInspector - TestProjectBuggyBuildCandidateSourceCode..............NOT RUN         
17:40:08.045 [main] INFO  f.i.s.r.p.i.ProjectInspector - GatherTestInformationBuggyBuildCandidateSourceCode....NOT RUN         
17:40:08.045 [main] INFO  f.i.s.r.p.i.ProjectInspector - CheckoutBuggyBuildTestCode............................NOT RUN         
17:40:08.045 [main] INFO  f.i.s.r.p.i.ProjectInspector - InitRepoToPush........................................NOT RUN         
17:40:08.045 [main] INFO  f.i.s.r.p.i.ProjectInspector - ComputeClasspath......................................NOT RUN         
17:40:08.046 [main] INFO  f.i.s.r.p.i.ProjectInspector - ComputeModules........................................NOT RUN         
17:40:08.046 [main] INFO  f.i.s.r.p.i.ProjectInspector - CheckoutBuggyBuildCandidateSourceCode.................NOT RUN         
17:40:08.046 [main] INFO  f.i.s.r.p.i.ProjectInspector - CommitChangedTests....................................NOT RUN         
17:40:08.046 [main] INFO  f.i.s.r.p.i.ProjectInspector - CheckoutPatchedBuildCandidate.........................NOT RUN         
17:40:08.046 [main] INFO  f.i.s.r.p.i.ProjectInspector - BuildProjectPatchedBuildCandidate.....................NOT RUN         
17:40:08.046 [main] INFO  f.i.s.r.p.i.ProjectInspector - TestProjectPatchedBuildCandidate......................NOT RUN         
17:40:08.047 [main] INFO  f.i.s.r.p.i.ProjectInspector - GatherTestInformationPatchedBuildCandidate............NOT RUN         
17:40:08.047 [main] INFO  f.i.s.r.p.i.ProjectInspector - CommitPatch...........................................NOT RUN         
17:40:08.047 [main] INFO  f.i.s.r.p.i.ProjectInspector - WritePropertyFile.....................................NOT RUN         
17:40:08.047 [main] INFO  f.i.s.r.p.i.ProjectInspector - CommitProcessEnd......................................NOT RUN         
17:40:08.047 [main] INFO  f.i.s.r.p.i.ProjectInspector - PushProcessEnd........................................NOT RUN         
17:40:08.047 [main] INFO  f.i.s.r.p.i.ProjectInspector - ----------------------------------------------------------------------
17:40:08.048 [main] INFO  f.i.s.r.p.i.ProjectInspector - PIPELINE FINDING: BUILDNOTCHECKEDOUT
17:40:08.048 [main] INFO  f.i.s.r.p.i.ProjectInspector - ----------------------------------------------------------------------
17:40:08.048 [main] INFO  f.i.s.repairnator.pipeline.Launcher - Inspector is finished. The process will exit now.
