18:56:36.017 [main] INFO  f.i.s.repairnator.pipeline.Launcher - PIPELINE VERSION: 3.0-2018-08-09 19:04
18:56:36.194 [main] INFO  f.i.s.repairnator.pipeline.Launcher - The pipeline will try to reproduce a bug from build 324754979 and its corresponding patch from build 324931695
18:56:36.195 [main] INFO  f.i.s.repairnator.pipeline.Launcher - Initialize file serializer engines.
18:56:36.197 [main] INFO  f.i.s.repairnator.pipeline.Launcher - MongoDB won't be used for serialization.
18:56:36.198 [main] INFO  f.i.s.repairnator.pipeline.Launcher - The email notifier engine won't be used.
18:56:36.202 [main] INFO  f.i.s.repairnator.pipeline.Launcher - Start by getting the build (buildId: 324754979) with the following config: RepairnatorConfig{runId='1c2dcf8c-1783-41b0-9cdb-5cb8478a1ab9_01-18-week1-PASSING_AND_PASSING', launcherMode=BEARS, serializeJson=true, inputPath='null', outputPath='/var/log', mongodbHost='null', mongodbName='repairnator', smtpServer='null', notifyTo=[], notifyEndProcess=false, push=true, pushRemoteRepo='https://github.com/fermadeiral/bears-collection-pp', fork=false, lookFromDate=null, lookToDate=null, buildId=324754979, z3solverPath='./z3_for_linux', workspacePath='./workspace', githubToken='c8a341a903[...]', dockerImageName='null', skipDelete=false, createOutputDir=false, logDirectory='null', nbThreads=0, globalTimeout=0, whiteList=null, blackList=null, jobSleepTime=0, buildSleepTime=0, maxInspectedBuilds=0, duration=null, humanPatch=false, repository='null', clean=true, bearsMode=BOTH, bearsDelimiter = false, repairTools=NopolAllTests,NPEFix,AssertFixer,AstorJGenProg,AstorJKali,NopolSingleTest,AstorJMut,NopolTestExclusionStrategy, githubUserName= fermadeiral, githubUserEmail=fer.madeiral@gmail.com}
18:56:37.678 [main] DEBUG fr.inria.jtravis.helpers.BuildHelper - Get request to :https://api.travis-ci.org/build/324754979 done after 828 ms
18:56:37.919 [main] DEBUG fr.inria.jtravis.helpers.BuildHelper - Get request to :https://api.travis-ci.org/build/324931695 done after 142 ms
18:56:37.934 [main] INFO  f.i.s.repairnator.pipeline.Launcher - The patched build (324931695) was successfully retrieved from Travis.
18:56:39.091 [main] INFO  fr.inria.jtravis.JTravis - GitHub ratelimit: Limit: 5000 Remaining: 4347 Reset hour: 19:15:25
18:56:39.372 [main] INFO  f.i.s.r.p.i.ProjectInspector - ----------------------------------------------------------------------
18:56:39.372 [main] INFO  f.i.s.r.p.i.ProjectInspector - PIPELINE STEPS
18:56:39.373 [main] INFO  f.i.s.r.p.i.ProjectInspector - ----------------------------------------------------------------------
18:56:39.373 [main] INFO  f.i.s.r.p.i.ProjectInspector - CloneRepository
18:56:39.373 [main] INFO  f.i.s.r.p.i.ProjectInspector - CheckoutPatchedBuildCandidate
18:56:39.373 [main] INFO  f.i.s.r.p.i.ProjectInspector - ComputeSourceDir
18:56:39.373 [main] INFO  f.i.s.r.p.i.ProjectInspector - ComputeTestDir
18:56:39.374 [main] INFO  f.i.s.r.p.i.ProjectInspector - CheckoutBuggyBuildCandidateSourceCode
18:56:39.374 [main] INFO  f.i.s.r.p.i.ProjectInspector - BuildProjectBuggyBuildCandidateSourceCode
18:56:39.374 [main] INFO  f.i.s.r.p.i.ProjectInspector - TestProjectBuggyBuildCandidateSourceCode
18:56:39.374 [main] INFO  f.i.s.r.p.i.ProjectInspector - GatherTestInformationBuggyBuildCandidateSourceCode
18:56:39.375 [main] INFO  f.i.s.r.p.i.ProjectInspector - CheckoutBuggyBuildTestCode
18:56:39.375 [main] INFO  f.i.s.r.p.i.ProjectInspector - InitRepoToPush
18:56:39.375 [main] INFO  f.i.s.r.p.i.ProjectInspector - ComputeClasspath
18:56:39.375 [main] INFO  f.i.s.r.p.i.ProjectInspector - ComputeModules
18:56:39.375 [main] INFO  f.i.s.r.p.i.ProjectInspector - CheckoutBuggyBuildCandidateSourceCode
18:56:39.376 [main] INFO  f.i.s.r.p.i.ProjectInspector - CommitChangedTests
18:56:39.376 [main] INFO  f.i.s.r.p.i.ProjectInspector - CheckoutPatchedBuildCandidate
18:56:39.376 [main] INFO  f.i.s.r.p.i.ProjectInspector - BuildProjectPatchedBuildCandidate
18:56:39.376 [main] INFO  f.i.s.r.p.i.ProjectInspector - TestProjectPatchedBuildCandidate
18:56:39.377 [main] INFO  f.i.s.r.p.i.ProjectInspector - GatherTestInformationPatchedBuildCandidate
18:56:39.377 [main] INFO  f.i.s.r.p.i.ProjectInspector - CommitPatch
18:56:39.377 [main] INFO  f.i.s.r.p.i.ProjectInspector - WritePropertyFile
18:56:39.377 [main] INFO  f.i.s.r.p.i.ProjectInspector - CommitProcessEnd
18:56:39.379 [main] INFO  f.i.s.r.p.i.ProjectInspector - PushProcessEnd
18:56:39.379 [main] DEBUG f.i.s.r.process.step.CloneRepository - ----------------------------------------------------------------------
18:56:39.379 [main] DEBUG f.i.s.r.process.step.CloneRepository - STEP 1/22: CloneRepository
18:56:39.380 [main] DEBUG f.i.s.r.process.step.CloneRepository - ----------------------------------------------------------------------
18:56:39.381 [main] DEBUG f.i.s.r.process.step.CloneRepository - Cloning repository StuPro-TOSCAna/TOSCAna in the following directory: ./workspace/StuPro-TOSCAna/TOSCAna/324754979
18:57:00.297 [main] DEBUG f.i.s.r.process.step.CloneRepository - STEP STATUS: [ CloneRepository : SUCCESS ]
18:57:00.298 [main] DEBUG f.i.s.r.process.step.CloneRepository - STEP DURATION: 20s
18:57:00.298 [main] DEBUG f.i.s.r.process.step.CloneRepository - EXECUTE NEXT STEP
18:57:00.299 [main] DEBUG f.i.s.r.p.s.c.CheckoutPatchedBuild - ----------------------------------------------------------------------
18:57:00.299 [main] DEBUG f.i.s.r.p.s.c.CheckoutPatchedBuild - STEP 2/22: CheckoutPatchedBuildCandidate
18:57:00.299 [main] DEBUG f.i.s.r.p.s.c.CheckoutPatchedBuild - ----------------------------------------------------------------------
18:57:00.299 [main] DEBUG f.i.s.r.p.s.c.CheckoutPatchedBuild - Checking out patched build candidate...
18:57:00.309 [main] ERROR f.i.s.r.p.s.c.CheckoutPatchedBuild - Error while testing commit: org.eclipse.jgit.errors.MissingObjectException: Missing unknown b93a994b0ce019c4984bd6e9b6234f11a1dc0397
18:57:00.309 [main] ERROR f.i.s.r.p.s.c.CheckoutPatchedBuild - Error while getting the commit to checkout from the repo.
18:57:00.310 [main] DEBUG f.i.s.r.p.s.c.CheckoutPatchedBuild - STEP STATUS: [ CheckoutPatchedBuildCandidate : FAILURE ( BUILDNOTCHECKEDOUT ) ]
18:57:00.310 [main] DEBUG f.i.s.r.p.s.c.CheckoutPatchedBuild - STEP DURATION: 0s
18:57:00.310 [main] DEBUG f.i.s.r.p.s.c.CheckoutPatchedBuild - TERMINATE PIPELINE
18:57:00.311 [main] DEBUG f.i.s.r.p.s.c.CheckoutPatchedBuild - FINAL STEPS SKIPPED: The reproduction of the bug and/or the patch failed.
18:57:00.311 [main] INFO  f.i.s.r.p.s.c.CheckoutPatchedBuild - Serialize all data for the pair of builds 324754979, 324931695
18:57:00.643 [main] INFO  fr.inria.jtravis.JTravis - GitHub ratelimit: Limit: 5000 Remaining: 4328 Reset hour: 19:15:25
18:57:01.294 [main] INFO  f.i.s.r.p.i.ProjectInspector - ----------------------------------------------------------------------
18:57:01.295 [main] INFO  f.i.s.r.p.i.ProjectInspector - PIPELINE EXECUTION SUMMARY
18:57:01.295 [main] INFO  f.i.s.r.p.i.ProjectInspector - ----------------------------------------------------------------------
18:57:01.296 [main] INFO  f.i.s.r.p.i.ProjectInspector - CloneRepository.......................................SUCCESS [ 20 s ]
18:57:01.296 [main] INFO  f.i.s.r.p.i.ProjectInspector - CheckoutPatchedBuildCandidate.........................FAILURE [  0 s ]
18:57:01.296 [main] INFO  f.i.s.r.p.i.ProjectInspector - ComputeSourceDir......................................NOT RUN         
18:57:01.297 [main] INFO  f.i.s.r.p.i.ProjectInspector - ComputeTestDir........................................NOT RUN         
18:57:01.297 [main] INFO  f.i.s.r.p.i.ProjectInspector - CheckoutBuggyBuildCandidateSourceCode.................NOT RUN         
18:57:01.297 [main] INFO  f.i.s.r.p.i.ProjectInspector - BuildProjectBuggyBuildCandidateSourceCode.............NOT RUN         
18:57:01.298 [main] INFO  f.i.s.r.p.i.ProjectInspector - TestProjectBuggyBuildCandidateSourceCode..............NOT RUN         
18:57:01.298 [main] INFO  f.i.s.r.p.i.ProjectInspector - GatherTestInformationBuggyBuildCandidateSourceCode....NOT RUN         
18:57:01.298 [main] INFO  f.i.s.r.p.i.ProjectInspector - CheckoutBuggyBuildTestCode............................NOT RUN         
18:57:01.298 [main] INFO  f.i.s.r.p.i.ProjectInspector - InitRepoToPush........................................NOT RUN         
18:57:01.299 [main] INFO  f.i.s.r.p.i.ProjectInspector - ComputeClasspath......................................NOT RUN         
18:57:01.299 [main] INFO  f.i.s.r.p.i.ProjectInspector - ComputeModules........................................NOT RUN         
18:57:01.299 [main] INFO  f.i.s.r.p.i.ProjectInspector - CheckoutBuggyBuildCandidateSourceCode.................NOT RUN         
18:57:01.299 [main] INFO  f.i.s.r.p.i.ProjectInspector - CommitChangedTests....................................NOT RUN         
18:57:01.299 [main] INFO  f.i.s.r.p.i.ProjectInspector - CheckoutPatchedBuildCandidate.........................NOT RUN         
18:57:01.300 [main] INFO  f.i.s.r.p.i.ProjectInspector - BuildProjectPatchedBuildCandidate.....................NOT RUN         
18:57:01.300 [main] INFO  f.i.s.r.p.i.ProjectInspector - TestProjectPatchedBuildCandidate......................NOT RUN         
18:57:01.300 [main] INFO  f.i.s.r.p.i.ProjectInspector - GatherTestInformationPatchedBuildCandidate............NOT RUN         
18:57:01.300 [main] INFO  f.i.s.r.p.i.ProjectInspector - CommitPatch...........................................NOT RUN         
18:57:01.300 [main] INFO  f.i.s.r.p.i.ProjectInspector - WritePropertyFile.....................................NOT RUN         
18:57:01.300 [main] INFO  f.i.s.r.p.i.ProjectInspector - CommitProcessEnd......................................NOT RUN         
18:57:01.301 [main] INFO  f.i.s.r.p.i.ProjectInspector - PushProcessEnd........................................NOT RUN         
18:57:01.301 [main] INFO  f.i.s.r.p.i.ProjectInspector - ----------------------------------------------------------------------
18:57:01.301 [main] INFO  f.i.s.r.p.i.ProjectInspector - PIPELINE FINDING: BUILDNOTCHECKEDOUT
18:57:01.301 [main] INFO  f.i.s.r.p.i.ProjectInspector - ----------------------------------------------------------------------
18:57:01.301 [main] INFO  f.i.s.repairnator.pipeline.Launcher - Inspector is finished. The process will exit now.
