14:12:27.699 [main] INFO  f.i.s.repairnator.pipeline.Launcher - PIPELINE VERSION: 3.0-2018-08-09 19:04
14:12:27.819 [main] INFO  f.i.s.repairnator.pipeline.Launcher - The pipeline will try to reproduce a bug from build 324174051 and its corresponding patch from build 325026827
14:12:27.820 [main] INFO  f.i.s.repairnator.pipeline.Launcher - Initialize file serializer engines.
14:12:27.821 [main] INFO  f.i.s.repairnator.pipeline.Launcher - MongoDB won't be used for serialization.
14:12:27.821 [main] INFO  f.i.s.repairnator.pipeline.Launcher - The email notifier engine won't be used.
14:12:27.824 [main] INFO  f.i.s.repairnator.pipeline.Launcher - Start by getting the build (buildId: 324174051) with the following config: RepairnatorConfig{runId='1c2dcf8c-1783-41b0-9cdb-5cb8478a1ab9_01-18-week1-PASSING_AND_PASSING', launcherMode=BEARS, serializeJson=true, inputPath='null', outputPath='/var/log', mongodbHost='null', mongodbName='repairnator', smtpServer='null', notifyTo=[], notifyEndProcess=false, push=true, pushRemoteRepo='https://github.com/fermadeiral/bears-collection-pp', fork=false, lookFromDate=null, lookToDate=null, buildId=324174051, z3solverPath='./z3_for_linux', workspacePath='./workspace', githubToken='c8a341a903[...]', dockerImageName='null', skipDelete=false, createOutputDir=false, logDirectory='null', nbThreads=0, globalTimeout=0, whiteList=null, blackList=null, jobSleepTime=0, buildSleepTime=0, maxInspectedBuilds=0, duration=null, humanPatch=false, repository='null', clean=true, bearsMode=BOTH, bearsDelimiter = false, repairTools=NopolAllTests,NPEFix,AssertFixer,AstorJGenProg,AstorJKali,NopolSingleTest,AstorJMut,NopolTestExclusionStrategy, githubUserName= fermadeiral, githubUserEmail=fer.madeiral@gmail.com}
14:12:29.021 [main] DEBUG fr.inria.jtravis.helpers.BuildHelper - Get request to :https://api.travis-ci.org/build/324174051 done after 751 ms
14:12:29.848 [main] DEBUG fr.inria.jtravis.helpers.BuildHelper - Get request to :https://api.travis-ci.org/build/325026827 done after 703 ms
14:12:29.863 [main] INFO  f.i.s.repairnator.pipeline.Launcher - The patched build (325026827) was successfully retrieved from Travis.
14:12:32.285 [main] INFO  fr.inria.jtravis.JTravis - GitHub ratelimit: Limit: 5000 Remaining: 4516 Reset hour: 19:15:10
14:12:32.594 [main] INFO  f.i.s.r.p.i.ProjectInspector - ----------------------------------------------------------------------
14:12:32.594 [main] INFO  f.i.s.r.p.i.ProjectInspector - PIPELINE STEPS
14:12:32.595 [main] INFO  f.i.s.r.p.i.ProjectInspector - ----------------------------------------------------------------------
14:12:32.595 [main] INFO  f.i.s.r.p.i.ProjectInspector - CloneRepository
14:12:32.595 [main] INFO  f.i.s.r.p.i.ProjectInspector - CheckoutPatchedBuildCandidate
14:12:32.596 [main] INFO  f.i.s.r.p.i.ProjectInspector - ComputeSourceDir
14:12:32.596 [main] INFO  f.i.s.r.p.i.ProjectInspector - ComputeTestDir
14:12:32.596 [main] INFO  f.i.s.r.p.i.ProjectInspector - CheckoutBuggyBuildCandidateSourceCode
14:12:32.596 [main] INFO  f.i.s.r.p.i.ProjectInspector - BuildProjectBuggyBuildCandidateSourceCode
14:12:32.596 [main] INFO  f.i.s.r.p.i.ProjectInspector - TestProjectBuggyBuildCandidateSourceCode
14:12:32.597 [main] INFO  f.i.s.r.p.i.ProjectInspector - GatherTestInformationBuggyBuildCandidateSourceCode
14:12:32.597 [main] INFO  f.i.s.r.p.i.ProjectInspector - CheckoutBuggyBuildTestCode
14:12:32.597 [main] INFO  f.i.s.r.p.i.ProjectInspector - InitRepoToPush
14:12:32.597 [main] INFO  f.i.s.r.p.i.ProjectInspector - ComputeClasspath
14:12:32.598 [main] INFO  f.i.s.r.p.i.ProjectInspector - ComputeModules
14:12:32.598 [main] INFO  f.i.s.r.p.i.ProjectInspector - CheckoutBuggyBuildCandidateSourceCode
14:12:32.598 [main] INFO  f.i.s.r.p.i.ProjectInspector - CommitChangedTests
14:12:32.598 [main] INFO  f.i.s.r.p.i.ProjectInspector - CheckoutPatchedBuildCandidate
14:12:32.599 [main] INFO  f.i.s.r.p.i.ProjectInspector - BuildProjectPatchedBuildCandidate
14:12:32.599 [main] INFO  f.i.s.r.p.i.ProjectInspector - TestProjectPatchedBuildCandidate
14:12:32.599 [main] INFO  f.i.s.r.p.i.ProjectInspector - GatherTestInformationPatchedBuildCandidate
14:12:32.599 [main] INFO  f.i.s.r.p.i.ProjectInspector - CommitPatch
14:12:32.600 [main] INFO  f.i.s.r.p.i.ProjectInspector - WritePropertyFile
14:12:32.600 [main] INFO  f.i.s.r.p.i.ProjectInspector - CommitProcessEnd
14:12:32.600 [main] INFO  f.i.s.r.p.i.ProjectInspector - PushProcessEnd
14:12:32.600 [main] DEBUG f.i.s.r.process.step.CloneRepository - ----------------------------------------------------------------------
14:12:32.601 [main] DEBUG f.i.s.r.process.step.CloneRepository - STEP 1/22: CloneRepository
14:12:32.601 [main] DEBUG f.i.s.r.process.step.CloneRepository - ----------------------------------------------------------------------
14:12:32.602 [main] DEBUG f.i.s.r.process.step.CloneRepository - Cloning repository prestodb/presto in the following directory: ./workspace/prestodb/presto/324174051
14:13:17.963 [main] DEBUG f.i.s.r.process.step.CloneRepository - STEP STATUS: [ CloneRepository : SUCCESS ]
14:13:17.963 [main] DEBUG f.i.s.r.process.step.CloneRepository - STEP DURATION: 45s
14:13:17.964 [main] DEBUG f.i.s.r.process.step.CloneRepository - EXECUTE NEXT STEP
14:13:17.964 [main] DEBUG f.i.s.r.p.s.c.CheckoutPatchedBuild - ----------------------------------------------------------------------
14:13:17.964 [main] DEBUG f.i.s.r.p.s.c.CheckoutPatchedBuild - STEP 2/22: CheckoutPatchedBuildCandidate
14:13:17.964 [main] DEBUG f.i.s.r.p.s.c.CheckoutPatchedBuild - ----------------------------------------------------------------------
14:13:17.965 [main] DEBUG f.i.s.r.p.s.c.CheckoutPatchedBuild - Checking out patched build candidate...
14:13:18.300 [main] INFO  fr.inria.jtravis.JTravis - GitHub ratelimit: Limit: 5000 Remaining: 4513 Reset hour: 19:15:10
14:13:20.628 [main] DEBUG f.i.s.r.p.s.c.CheckoutPatchedBuild - Reproduce the PR for prestodb/presto by fetching remote branch and merging.
14:13:24.969 [main] ERROR f.i.s.r.p.s.c.CheckoutPatchedBuild - Error while testing commit: org.eclipse.jgit.errors.MissingObjectException: Missing unknown e1e0dba4e08ae6830513d7b3d509912862f0bc7f
14:13:24.970 [main] ERROR f.i.s.r.p.s.c.CheckoutPatchedBuild - Commit head ref cannot be retrieved from the repository: e1e0dba4e08ae6830513d7b3d509912862f0bc7f. Operation aborted.
14:13:24.971 [main] ERROR f.i.s.r.p.s.c.CheckoutPatchedBuild - Error while merging two commits to reproduce the PR.
14:13:24.972 [main] DEBUG f.i.s.r.p.s.c.CheckoutPatchedBuild - STEP STATUS: [ CheckoutPatchedBuildCandidate : FAILURE ( BUILDNOTCHECKEDOUT ) ]
14:13:24.972 [main] DEBUG f.i.s.r.p.s.c.CheckoutPatchedBuild - STEP DURATION: 7s
14:13:24.973 [main] DEBUG f.i.s.r.p.s.c.CheckoutPatchedBuild - TERMINATE PIPELINE
14:13:24.973 [main] DEBUG f.i.s.r.p.s.c.CheckoutPatchedBuild - FINAL STEPS SKIPPED: The reproduction of the bug and/or the patch failed.
14:13:24.974 [main] INFO  f.i.s.r.p.s.c.CheckoutPatchedBuild - Serialize all data for the pair of builds 324174051, 325026827
14:13:25.090 [main] INFO  fr.inria.jtravis.JTravis - GitHub ratelimit: Limit: 5000 Remaining: 4506 Reset hour: 19:15:10
14:13:26.246 [main] INFO  f.i.s.r.p.i.ProjectInspector - ----------------------------------------------------------------------
14:13:26.246 [main] INFO  f.i.s.r.p.i.ProjectInspector - PIPELINE EXECUTION SUMMARY
14:13:26.246 [main] INFO  f.i.s.r.p.i.ProjectInspector - ----------------------------------------------------------------------
14:13:26.246 [main] INFO  f.i.s.r.p.i.ProjectInspector - CloneRepository.......................................SUCCESS [ 45 s ]
14:13:26.247 [main] INFO  f.i.s.r.p.i.ProjectInspector - CheckoutPatchedBuildCandidate.........................FAILURE [  7 s ]
14:13:26.247 [main] INFO  f.i.s.r.p.i.ProjectInspector - ComputeSourceDir......................................NOT RUN         
14:13:26.247 [main] INFO  f.i.s.r.p.i.ProjectInspector - ComputeTestDir........................................NOT RUN         
14:13:26.247 [main] INFO  f.i.s.r.p.i.ProjectInspector - CheckoutBuggyBuildCandidateSourceCode.................NOT RUN         
14:13:26.247 [main] INFO  f.i.s.r.p.i.ProjectInspector - BuildProjectBuggyBuildCandidateSourceCode.............NOT RUN         
14:13:26.248 [main] INFO  f.i.s.r.p.i.ProjectInspector - TestProjectBuggyBuildCandidateSourceCode..............NOT RUN         
14:13:26.248 [main] INFO  f.i.s.r.p.i.ProjectInspector - GatherTestInformationBuggyBuildCandidateSourceCode....NOT RUN         
14:13:26.248 [main] INFO  f.i.s.r.p.i.ProjectInspector - CheckoutBuggyBuildTestCode............................NOT RUN         
14:13:26.248 [main] INFO  f.i.s.r.p.i.ProjectInspector - InitRepoToPush........................................NOT RUN         
14:13:26.248 [main] INFO  f.i.s.r.p.i.ProjectInspector - ComputeClasspath......................................NOT RUN         
14:13:26.248 [main] INFO  f.i.s.r.p.i.ProjectInspector - ComputeModules........................................NOT RUN         
14:13:26.249 [main] INFO  f.i.s.r.p.i.ProjectInspector - CheckoutBuggyBuildCandidateSourceCode.................NOT RUN         
14:13:26.249 [main] INFO  f.i.s.r.p.i.ProjectInspector - CommitChangedTests....................................NOT RUN         
14:13:26.249 [main] INFO  f.i.s.r.p.i.ProjectInspector - CheckoutPatchedBuildCandidate.........................NOT RUN         
14:13:26.249 [main] INFO  f.i.s.r.p.i.ProjectInspector - BuildProjectPatchedBuildCandidate.....................NOT RUN         
14:13:26.249 [main] INFO  f.i.s.r.p.i.ProjectInspector - TestProjectPatchedBuildCandidate......................NOT RUN         
14:13:26.249 [main] INFO  f.i.s.r.p.i.ProjectInspector - GatherTestInformationPatchedBuildCandidate............NOT RUN         
14:13:26.249 [main] INFO  f.i.s.r.p.i.ProjectInspector - CommitPatch...........................................NOT RUN         
14:13:26.250 [main] INFO  f.i.s.r.p.i.ProjectInspector - WritePropertyFile.....................................NOT RUN         
14:13:26.250 [main] INFO  f.i.s.r.p.i.ProjectInspector - CommitProcessEnd......................................NOT RUN         
14:13:26.250 [main] INFO  f.i.s.r.p.i.ProjectInspector - PushProcessEnd........................................NOT RUN         
14:13:26.250 [main] INFO  f.i.s.r.p.i.ProjectInspector - ----------------------------------------------------------------------
14:13:26.250 [main] INFO  f.i.s.r.p.i.ProjectInspector - PIPELINE FINDING: BUILDNOTCHECKEDOUT
14:13:26.251 [main] INFO  f.i.s.r.p.i.ProjectInspector - ----------------------------------------------------------------------
14:13:26.251 [main] INFO  f.i.s.repairnator.pipeline.Launcher - Inspector is finished. The process will exit now.
