18:59:01.255 [main] INFO  f.i.s.repairnator.pipeline.Launcher - PIPELINE VERSION: 3.0-2018-08-09 19:04
18:59:01.432 [main] INFO  f.i.s.repairnator.pipeline.Launcher - The pipeline will try to reproduce a bug from build 322517875 and its corresponding patch from build 324041267
18:59:01.433 [main] INFO  f.i.s.repairnator.pipeline.Launcher - Initialize file serializer engines.
18:59:01.435 [main] INFO  f.i.s.repairnator.pipeline.Launcher - MongoDB won't be used for serialization.
18:59:01.436 [main] INFO  f.i.s.repairnator.pipeline.Launcher - The email notifier engine won't be used.
18:59:01.440 [main] INFO  f.i.s.repairnator.pipeline.Launcher - Start by getting the build (buildId: 322517875) with the following config: RepairnatorConfig{runId='1c2dcf8c-1783-41b0-9cdb-5cb8478a1ab9_01-18-week1-PASSING_AND_PASSING', launcherMode=BEARS, serializeJson=true, inputPath='null', outputPath='/var/log', mongodbHost='null', mongodbName='repairnator', smtpServer='null', notifyTo=[], notifyEndProcess=false, push=true, pushRemoteRepo='https://github.com/fermadeiral/bears-collection-pp', fork=false, lookFromDate=null, lookToDate=null, buildId=322517875, z3solverPath='./z3_for_linux', workspacePath='./workspace', githubToken='c8a341a903[...]', dockerImageName='null', skipDelete=false, createOutputDir=false, logDirectory='null', nbThreads=0, globalTimeout=0, whiteList=null, blackList=null, jobSleepTime=0, buildSleepTime=0, maxInspectedBuilds=0, duration=null, humanPatch=false, repository='null', clean=true, bearsMode=BOTH, bearsDelimiter = false, repairTools=NopolAllTests,NPEFix,AssertFixer,AstorJGenProg,AstorJKali,NopolSingleTest,AstorJMut,NopolTestExclusionStrategy, githubUserName= fermadeiral, githubUserEmail=fer.madeiral@gmail.com}
18:59:03.144 [main] DEBUG fr.inria.jtravis.helpers.BuildHelper - Get request to :https://api.travis-ci.org/build/322517875 done after 1105 ms
18:59:03.431 [main] DEBUG fr.inria.jtravis.helpers.BuildHelper - Get request to :https://api.travis-ci.org/build/324041267 done after 136 ms
18:59:03.447 [main] INFO  f.i.s.repairnator.pipeline.Launcher - The patched build (324041267) was successfully retrieved from Travis.
18:59:04.746 [main] INFO  fr.inria.jtravis.JTravis - GitHub ratelimit: Limit: 5000 Remaining: 4984 Reset hour: 19:15:28
18:59:05.051 [main] INFO  f.i.s.r.p.i.ProjectInspector - ----------------------------------------------------------------------
18:59:05.052 [main] INFO  f.i.s.r.p.i.ProjectInspector - PIPELINE STEPS
18:59:05.052 [main] INFO  f.i.s.r.p.i.ProjectInspector - ----------------------------------------------------------------------
18:59:05.053 [main] INFO  f.i.s.r.p.i.ProjectInspector - CloneRepository
18:59:05.053 [main] INFO  f.i.s.r.p.i.ProjectInspector - CheckoutPatchedBuildCandidate
18:59:05.054 [main] INFO  f.i.s.r.p.i.ProjectInspector - ComputeSourceDir
18:59:05.054 [main] INFO  f.i.s.r.p.i.ProjectInspector - ComputeTestDir
18:59:05.055 [main] INFO  f.i.s.r.p.i.ProjectInspector - CheckoutBuggyBuildCandidateSourceCode
18:59:05.055 [main] INFO  f.i.s.r.p.i.ProjectInspector - BuildProjectBuggyBuildCandidateSourceCode
18:59:05.056 [main] INFO  f.i.s.r.p.i.ProjectInspector - TestProjectBuggyBuildCandidateSourceCode
18:59:05.056 [main] INFO  f.i.s.r.p.i.ProjectInspector - GatherTestInformationBuggyBuildCandidateSourceCode
18:59:05.057 [main] INFO  f.i.s.r.p.i.ProjectInspector - CheckoutBuggyBuildTestCode
18:59:05.057 [main] INFO  f.i.s.r.p.i.ProjectInspector - InitRepoToPush
18:59:05.057 [main] INFO  f.i.s.r.p.i.ProjectInspector - ComputeClasspath
18:59:05.058 [main] INFO  f.i.s.r.p.i.ProjectInspector - ComputeModules
18:59:05.058 [main] INFO  f.i.s.r.p.i.ProjectInspector - CheckoutBuggyBuildCandidateSourceCode
18:59:05.059 [main] INFO  f.i.s.r.p.i.ProjectInspector - CommitChangedTests
18:59:05.059 [main] INFO  f.i.s.r.p.i.ProjectInspector - CheckoutPatchedBuildCandidate
18:59:05.060 [main] INFO  f.i.s.r.p.i.ProjectInspector - BuildProjectPatchedBuildCandidate
18:59:05.060 [main] INFO  f.i.s.r.p.i.ProjectInspector - TestProjectPatchedBuildCandidate
18:59:05.061 [main] INFO  f.i.s.r.p.i.ProjectInspector - GatherTestInformationPatchedBuildCandidate
18:59:05.061 [main] INFO  f.i.s.r.p.i.ProjectInspector - CommitPatch
18:59:05.062 [main] INFO  f.i.s.r.p.i.ProjectInspector - WritePropertyFile
18:59:05.062 [main] INFO  f.i.s.r.p.i.ProjectInspector - CommitProcessEnd
18:59:05.063 [main] INFO  f.i.s.r.p.i.ProjectInspector - PushProcessEnd
18:59:05.064 [main] DEBUG f.i.s.r.process.step.CloneRepository - ----------------------------------------------------------------------
18:59:05.064 [main] DEBUG f.i.s.r.process.step.CloneRepository - STEP 1/22: CloneRepository
18:59:05.065 [main] DEBUG f.i.s.r.process.step.CloneRepository - ----------------------------------------------------------------------
18:59:05.065 [main] DEBUG f.i.s.r.process.step.CloneRepository - Cloning repository StuPro-TOSCAna/TOSCAna in the following directory: ./workspace/StuPro-TOSCAna/TOSCAna/322517875
18:59:22.398 [main] DEBUG f.i.s.r.process.step.CloneRepository - STEP STATUS: [ CloneRepository : SUCCESS ]
18:59:22.408 [main] DEBUG f.i.s.r.process.step.CloneRepository - STEP DURATION: 17s
18:59:22.409 [main] DEBUG f.i.s.r.process.step.CloneRepository - EXECUTE NEXT STEP
18:59:22.409 [main] DEBUG f.i.s.r.p.s.c.CheckoutPatchedBuild - ----------------------------------------------------------------------
18:59:22.410 [main] DEBUG f.i.s.r.p.s.c.CheckoutPatchedBuild - STEP 2/22: CheckoutPatchedBuildCandidate
18:59:22.410 [main] DEBUG f.i.s.r.p.s.c.CheckoutPatchedBuild - ----------------------------------------------------------------------
18:59:22.410 [main] DEBUG f.i.s.r.p.s.c.CheckoutPatchedBuild - Checking out patched build candidate...
18:59:22.434 [main] ERROR f.i.s.r.p.s.c.CheckoutPatchedBuild - Error while testing commit: org.eclipse.jgit.errors.MissingObjectException: Missing unknown 108adfa47bd0a48f71f313cf047a8cb29c96592d
18:59:22.434 [main] ERROR f.i.s.r.p.s.c.CheckoutPatchedBuild - Error while getting the commit to checkout from the repo.
18:59:22.435 [main] DEBUG f.i.s.r.p.s.c.CheckoutPatchedBuild - STEP STATUS: [ CheckoutPatchedBuildCandidate : FAILURE ( BUILDNOTCHECKEDOUT ) ]
18:59:22.435 [main] DEBUG f.i.s.r.p.s.c.CheckoutPatchedBuild - STEP DURATION: 0s
18:59:22.436 [main] DEBUG f.i.s.r.p.s.c.CheckoutPatchedBuild - TERMINATE PIPELINE
18:59:22.436 [main] DEBUG f.i.s.r.p.s.c.CheckoutPatchedBuild - FINAL STEPS SKIPPED: The reproduction of the bug and/or the patch failed.
18:59:22.436 [main] INFO  f.i.s.r.p.s.c.CheckoutPatchedBuild - Serialize all data for the pair of builds 322517875, 324041267
18:59:22.751 [main] INFO  fr.inria.jtravis.JTravis - GitHub ratelimit: Limit: 5000 Remaining: 4981 Reset hour: 19:15:28
18:59:24.313 [main] INFO  f.i.s.r.p.i.ProjectInspector - ----------------------------------------------------------------------
18:59:24.314 [main] INFO  f.i.s.r.p.i.ProjectInspector - PIPELINE EXECUTION SUMMARY
18:59:24.315 [main] INFO  f.i.s.r.p.i.ProjectInspector - ----------------------------------------------------------------------
18:59:24.316 [main] INFO  f.i.s.r.p.i.ProjectInspector - CloneRepository.......................................SUCCESS [ 17 s ]
18:59:24.316 [main] INFO  f.i.s.r.p.i.ProjectInspector - CheckoutPatchedBuildCandidate.........................FAILURE [  0 s ]
18:59:24.317 [main] INFO  f.i.s.r.p.i.ProjectInspector - ComputeSourceDir......................................NOT RUN         
18:59:24.317 [main] INFO  f.i.s.r.p.i.ProjectInspector - ComputeTestDir........................................NOT RUN         
18:59:24.317 [main] INFO  f.i.s.r.p.i.ProjectInspector - CheckoutBuggyBuildCandidateSourceCode.................NOT RUN         
18:59:24.318 [main] INFO  f.i.s.r.p.i.ProjectInspector - BuildProjectBuggyBuildCandidateSourceCode.............NOT RUN         
18:59:24.318 [main] INFO  f.i.s.r.p.i.ProjectInspector - TestProjectBuggyBuildCandidateSourceCode..............NOT RUN         
18:59:24.319 [main] INFO  f.i.s.r.p.i.ProjectInspector - GatherTestInformationBuggyBuildCandidateSourceCode....NOT RUN         
18:59:24.319 [main] INFO  f.i.s.r.p.i.ProjectInspector - CheckoutBuggyBuildTestCode............................NOT RUN         
18:59:24.320 [main] INFO  f.i.s.r.p.i.ProjectInspector - InitRepoToPush........................................NOT RUN         
18:59:24.320 [main] INFO  f.i.s.r.p.i.ProjectInspector - ComputeClasspath......................................NOT RUN         
18:59:24.320 [main] INFO  f.i.s.r.p.i.ProjectInspector - ComputeModules........................................NOT RUN         
18:59:24.321 [main] INFO  f.i.s.r.p.i.ProjectInspector - CheckoutBuggyBuildCandidateSourceCode.................NOT RUN         
18:59:24.321 [main] INFO  f.i.s.r.p.i.ProjectInspector - CommitChangedTests....................................NOT RUN         
18:59:24.322 [main] INFO  f.i.s.r.p.i.ProjectInspector - CheckoutPatchedBuildCandidate.........................NOT RUN         
18:59:24.322 [main] INFO  f.i.s.r.p.i.ProjectInspector - BuildProjectPatchedBuildCandidate.....................NOT RUN         
18:59:24.323 [main] INFO  f.i.s.r.p.i.ProjectInspector - TestProjectPatchedBuildCandidate......................NOT RUN         
18:59:24.323 [main] INFO  f.i.s.r.p.i.ProjectInspector - GatherTestInformationPatchedBuildCandidate............NOT RUN         
18:59:24.323 [main] INFO  f.i.s.r.p.i.ProjectInspector - CommitPatch...........................................NOT RUN         
18:59:24.324 [main] INFO  f.i.s.r.p.i.ProjectInspector - WritePropertyFile.....................................NOT RUN         
18:59:24.324 [main] INFO  f.i.s.r.p.i.ProjectInspector - CommitProcessEnd......................................NOT RUN         
18:59:24.325 [main] INFO  f.i.s.r.p.i.ProjectInspector - PushProcessEnd........................................NOT RUN         
18:59:24.325 [main] INFO  f.i.s.r.p.i.ProjectInspector - ----------------------------------------------------------------------
18:59:24.325 [main] INFO  f.i.s.r.p.i.ProjectInspector - PIPELINE FINDING: BUILDNOTCHECKEDOUT
18:59:24.326 [main] INFO  f.i.s.r.p.i.ProjectInspector - ----------------------------------------------------------------------
18:59:24.326 [main] INFO  f.i.s.repairnator.pipeline.Launcher - Inspector is finished. The process will exit now.
