20:31:26.036 [main] INFO  f.i.s.repairnator.pipeline.Launcher - PIPELINE VERSION: 3.0-2018-08-09 19:04
20:31:26.161 [main] INFO  f.i.s.repairnator.pipeline.Launcher - The pipeline will try to reproduce a bug from build 323995546 and its corresponding patch from build 324048222
20:31:26.161 [main] INFO  f.i.s.repairnator.pipeline.Launcher - Initialize file serializer engines.
20:31:26.163 [main] INFO  f.i.s.repairnator.pipeline.Launcher - MongoDB won't be used for serialization.
20:31:26.163 [main] INFO  f.i.s.repairnator.pipeline.Launcher - The email notifier engine won't be used.
20:31:26.166 [main] INFO  f.i.s.repairnator.pipeline.Launcher - Start by getting the build (buildId: 323995546) with the following config: RepairnatorConfig{runId='1c2dcf8c-1783-41b0-9cdb-5cb8478a1ab9_01-18-week1-PASSING_AND_PASSING', launcherMode=BEARS, serializeJson=true, inputPath='null', outputPath='/var/log', mongodbHost='null', mongodbName='repairnator', smtpServer='null', notifyTo=[], notifyEndProcess=false, push=true, pushRemoteRepo='https://github.com/fermadeiral/bears-collection-pp', fork=false, lookFromDate=null, lookToDate=null, buildId=323995546, z3solverPath='./z3_for_linux', workspacePath='./workspace', githubToken='c8a341a903[...]', dockerImageName='null', skipDelete=false, createOutputDir=false, logDirectory='null', nbThreads=0, globalTimeout=0, whiteList=null, blackList=null, jobSleepTime=0, buildSleepTime=0, maxInspectedBuilds=0, duration=null, humanPatch=false, repository='null', clean=true, bearsMode=BOTH, bearsDelimiter = false, repairTools=NopolAllTests,NPEFix,AssertFixer,AstorJGenProg,AstorJKali,NopolSingleTest,AstorJMut,NopolTestExclusionStrategy, githubUserName= fermadeiral, githubUserEmail=fer.madeiral@gmail.com}
20:31:27.763 [main] DEBUG fr.inria.jtravis.helpers.BuildHelper - Get request to :https://api.travis-ci.org/build/323995546 done after 1038 ms
20:31:28.565 [main] DEBUG fr.inria.jtravis.helpers.BuildHelper - Get request to :https://api.travis-ci.org/build/324048222 done after 665 ms
20:31:28.576 [main] INFO  f.i.s.repairnator.pipeline.Launcher - The patched build (324048222) was successfully retrieved from Travis.
20:31:30.799 [main] INFO  fr.inria.jtravis.JTravis - GitHub ratelimit: Limit: 5000 Remaining: 4638 Reset hour: 19:15:32
20:31:31.057 [main] INFO  f.i.s.r.p.i.ProjectInspector - ----------------------------------------------------------------------
20:31:31.057 [main] INFO  f.i.s.r.p.i.ProjectInspector - PIPELINE STEPS
20:31:31.057 [main] INFO  f.i.s.r.p.i.ProjectInspector - ----------------------------------------------------------------------
20:31:31.057 [main] INFO  f.i.s.r.p.i.ProjectInspector - CloneRepository
20:31:31.057 [main] INFO  f.i.s.r.p.i.ProjectInspector - CheckoutPatchedBuildCandidate
20:31:31.058 [main] INFO  f.i.s.r.p.i.ProjectInspector - ComputeSourceDir
20:31:31.058 [main] INFO  f.i.s.r.p.i.ProjectInspector - ComputeTestDir
20:31:31.058 [main] INFO  f.i.s.r.p.i.ProjectInspector - CheckoutBuggyBuildCandidateSourceCode
20:31:31.058 [main] INFO  f.i.s.r.p.i.ProjectInspector - BuildProjectBuggyBuildCandidateSourceCode
20:31:31.058 [main] INFO  f.i.s.r.p.i.ProjectInspector - TestProjectBuggyBuildCandidateSourceCode
20:31:31.058 [main] INFO  f.i.s.r.p.i.ProjectInspector - GatherTestInformationBuggyBuildCandidateSourceCode
20:31:31.058 [main] INFO  f.i.s.r.p.i.ProjectInspector - CheckoutBuggyBuildTestCode
20:31:31.058 [main] INFO  f.i.s.r.p.i.ProjectInspector - InitRepoToPush
20:31:31.058 [main] INFO  f.i.s.r.p.i.ProjectInspector - ComputeClasspath
20:31:31.059 [main] INFO  f.i.s.r.p.i.ProjectInspector - ComputeModules
20:31:31.059 [main] INFO  f.i.s.r.p.i.ProjectInspector - CheckoutBuggyBuildCandidateSourceCode
20:31:31.059 [main] INFO  f.i.s.r.p.i.ProjectInspector - CommitChangedTests
20:31:31.060 [main] INFO  f.i.s.r.p.i.ProjectInspector - CheckoutPatchedBuildCandidate
20:31:31.060 [main] INFO  f.i.s.r.p.i.ProjectInspector - BuildProjectPatchedBuildCandidate
20:31:31.060 [main] INFO  f.i.s.r.p.i.ProjectInspector - TestProjectPatchedBuildCandidate
20:31:31.061 [main] INFO  f.i.s.r.p.i.ProjectInspector - GatherTestInformationPatchedBuildCandidate
20:31:31.061 [main] INFO  f.i.s.r.p.i.ProjectInspector - CommitPatch
20:31:31.061 [main] INFO  f.i.s.r.p.i.ProjectInspector - WritePropertyFile
20:31:31.061 [main] INFO  f.i.s.r.p.i.ProjectInspector - CommitProcessEnd
20:31:31.062 [main] INFO  f.i.s.r.p.i.ProjectInspector - PushProcessEnd
20:31:31.062 [main] DEBUG f.i.s.r.process.step.CloneRepository - ----------------------------------------------------------------------
20:31:31.062 [main] DEBUG f.i.s.r.process.step.CloneRepository - STEP 1/22: CloneRepository
20:31:31.062 [main] DEBUG f.i.s.r.process.step.CloneRepository - ----------------------------------------------------------------------
20:31:31.063 [main] DEBUG f.i.s.r.process.step.CloneRepository - Cloning repository apache/incubator-servicecomb-saga in the following directory: ./workspace/apache/incubator-servicecomb-saga/323995546
20:31:35.576 [main] DEBUG f.i.s.r.process.step.CloneRepository - STEP STATUS: [ CloneRepository : SUCCESS ]
20:31:35.576 [main] DEBUG f.i.s.r.process.step.CloneRepository - STEP DURATION: 4s
20:31:35.577 [main] DEBUG f.i.s.r.process.step.CloneRepository - EXECUTE NEXT STEP
20:31:35.577 [main] DEBUG f.i.s.r.p.s.c.CheckoutPatchedBuild - ----------------------------------------------------------------------
20:31:35.577 [main] DEBUG f.i.s.r.p.s.c.CheckoutPatchedBuild - STEP 2/22: CheckoutPatchedBuildCandidate
20:31:35.578 [main] DEBUG f.i.s.r.p.s.c.CheckoutPatchedBuild - ----------------------------------------------------------------------
20:31:35.578 [main] DEBUG f.i.s.r.p.s.c.CheckoutPatchedBuild - Checking out patched build candidate...
20:31:35.587 [main] ERROR f.i.s.r.p.s.c.CheckoutPatchedBuild - Error while testing commit: org.eclipse.jgit.errors.MissingObjectException: Missing unknown 1b5f36999a060c8bfae5c17c43b198f3b36a4eda
20:31:35.588 [main] ERROR f.i.s.r.p.s.c.CheckoutPatchedBuild - Error while getting the commit to checkout from the repo.
20:31:35.589 [main] DEBUG f.i.s.r.p.s.c.CheckoutPatchedBuild - STEP STATUS: [ CheckoutPatchedBuildCandidate : FAILURE ( BUILDNOTCHECKEDOUT ) ]
20:31:35.589 [main] DEBUG f.i.s.r.p.s.c.CheckoutPatchedBuild - STEP DURATION: 0s
20:31:35.589 [main] DEBUG f.i.s.r.p.s.c.CheckoutPatchedBuild - TERMINATE PIPELINE
20:31:35.589 [main] DEBUG f.i.s.r.p.s.c.CheckoutPatchedBuild - FINAL STEPS SKIPPED: The reproduction of the bug and/or the patch failed.
20:31:35.590 [main] INFO  f.i.s.r.p.s.c.CheckoutPatchedBuild - Serialize all data for the pair of builds 323995546, 324048222
20:31:35.719 [main] INFO  fr.inria.jtravis.JTravis - GitHub ratelimit: Limit: 5000 Remaining: 4636 Reset hour: 19:15:32
20:31:36.276 [main] INFO  f.i.s.r.p.i.ProjectInspector - ----------------------------------------------------------------------
20:31:36.276 [main] INFO  f.i.s.r.p.i.ProjectInspector - PIPELINE EXECUTION SUMMARY
20:31:36.277 [main] INFO  f.i.s.r.p.i.ProjectInspector - ----------------------------------------------------------------------
20:31:36.277 [main] INFO  f.i.s.r.p.i.ProjectInspector - CloneRepository........................................SUCCESS [ 4 s ]
20:31:36.278 [main] INFO  f.i.s.r.p.i.ProjectInspector - CheckoutPatchedBuildCandidate..........................FAILURE [ 0 s ]
20:31:36.278 [main] INFO  f.i.s.r.p.i.ProjectInspector - ComputeSourceDir.......................................NOT RUN        
20:31:36.278 [main] INFO  f.i.s.r.p.i.ProjectInspector - ComputeTestDir.........................................NOT RUN        
20:31:36.278 [main] INFO  f.i.s.r.p.i.ProjectInspector - CheckoutBuggyBuildCandidateSourceCode..................NOT RUN        
20:31:36.278 [main] INFO  f.i.s.r.p.i.ProjectInspector - BuildProjectBuggyBuildCandidateSourceCode..............NOT RUN        
20:31:36.279 [main] INFO  f.i.s.r.p.i.ProjectInspector - TestProjectBuggyBuildCandidateSourceCode...............NOT RUN        
20:31:36.279 [main] INFO  f.i.s.r.p.i.ProjectInspector - GatherTestInformationBuggyBuildCandidateSourceCode.....NOT RUN        
20:31:36.279 [main] INFO  f.i.s.r.p.i.ProjectInspector - CheckoutBuggyBuildTestCode.............................NOT RUN        
20:31:36.280 [main] INFO  f.i.s.r.p.i.ProjectInspector - InitRepoToPush.........................................NOT RUN        
20:31:36.280 [main] INFO  f.i.s.r.p.i.ProjectInspector - ComputeClasspath.......................................NOT RUN        
20:31:36.280 [main] INFO  f.i.s.r.p.i.ProjectInspector - ComputeModules.........................................NOT RUN        
20:31:36.280 [main] INFO  f.i.s.r.p.i.ProjectInspector - CheckoutBuggyBuildCandidateSourceCode..................NOT RUN        
20:31:36.280 [main] INFO  f.i.s.r.p.i.ProjectInspector - CommitChangedTests.....................................NOT RUN        
20:31:36.281 [main] INFO  f.i.s.r.p.i.ProjectInspector - CheckoutPatchedBuildCandidate..........................NOT RUN        
20:31:36.281 [main] INFO  f.i.s.r.p.i.ProjectInspector - BuildProjectPatchedBuildCandidate......................NOT RUN        
20:31:36.281 [main] INFO  f.i.s.r.p.i.ProjectInspector - TestProjectPatchedBuildCandidate.......................NOT RUN        
20:31:36.281 [main] INFO  f.i.s.r.p.i.ProjectInspector - GatherTestInformationPatchedBuildCandidate.............NOT RUN        
20:31:36.282 [main] INFO  f.i.s.r.p.i.ProjectInspector - CommitPatch............................................NOT RUN        
20:31:36.282 [main] INFO  f.i.s.r.p.i.ProjectInspector - WritePropertyFile......................................NOT RUN        
20:31:36.282 [main] INFO  f.i.s.r.p.i.ProjectInspector - CommitProcessEnd.......................................NOT RUN        
20:31:36.282 [main] INFO  f.i.s.r.p.i.ProjectInspector - PushProcessEnd.........................................NOT RUN        
20:31:36.283 [main] INFO  f.i.s.r.p.i.ProjectInspector - ----------------------------------------------------------------------
20:31:36.283 [main] INFO  f.i.s.r.p.i.ProjectInspector - PIPELINE FINDING: BUILDNOTCHECKEDOUT
20:31:36.283 [main] INFO  f.i.s.r.p.i.ProjectInspector - ----------------------------------------------------------------------
20:31:36.283 [main] INFO  f.i.s.repairnator.pipeline.Launcher - Inspector is finished. The process will exit now.
