20:30:11.456 [main] INFO  f.i.s.repairnator.pipeline.Launcher - PIPELINE VERSION: 3.0-2018-08-09 19:04
20:30:11.637 [main] INFO  f.i.s.repairnator.pipeline.Launcher - The pipeline will try to reproduce a bug from build 324034918 and its corresponding patch from build 324082044
20:30:11.638 [main] INFO  f.i.s.repairnator.pipeline.Launcher - Initialize file serializer engines.
20:30:11.640 [main] INFO  f.i.s.repairnator.pipeline.Launcher - MongoDB won't be used for serialization.
20:30:11.640 [main] INFO  f.i.s.repairnator.pipeline.Launcher - The email notifier engine won't be used.
20:30:11.645 [main] INFO  f.i.s.repairnator.pipeline.Launcher - Start by getting the build (buildId: 324034918) with the following config: RepairnatorConfig{runId='1c2dcf8c-1783-41b0-9cdb-5cb8478a1ab9_01-18-week1-PASSING_AND_PASSING', launcherMode=BEARS, serializeJson=true, inputPath='null', outputPath='/var/log', mongodbHost='null', mongodbName='repairnator', smtpServer='null', notifyTo=[], notifyEndProcess=false, push=true, pushRemoteRepo='https://github.com/fermadeiral/bears-collection-pp', fork=false, lookFromDate=null, lookToDate=null, buildId=324034918, z3solverPath='./z3_for_linux', workspacePath='./workspace', githubToken='c8a341a903[...]', dockerImageName='null', skipDelete=false, createOutputDir=false, logDirectory='null', nbThreads=0, globalTimeout=0, whiteList=null, blackList=null, jobSleepTime=0, buildSleepTime=0, maxInspectedBuilds=0, duration=null, humanPatch=false, repository='null', clean=true, bearsMode=BOTH, bearsDelimiter = false, repairTools=NopolAllTests,NPEFix,AssertFixer,AstorJGenProg,AstorJKali,NopolSingleTest,AstorJMut,NopolTestExclusionStrategy, githubUserName= fermadeiral, githubUserEmail=fer.madeiral@gmail.com}
20:30:13.111 [main] DEBUG fr.inria.jtravis.helpers.BuildHelper - Get request to :https://api.travis-ci.org/build/324034918 done after 858 ms
20:30:13.328 [main] DEBUG fr.inria.jtravis.helpers.BuildHelper - Get request to :https://api.travis-ci.org/build/324082044 done after 136 ms
20:30:13.338 [main] INFO  f.i.s.repairnator.pipeline.Launcher - The patched build (324082044) was successfully retrieved from Travis.
20:30:14.805 [main] INFO  fr.inria.jtravis.JTravis - GitHub ratelimit: Limit: 5000 Remaining: 4671 Reset hour: 19:15:32
20:30:15.133 [main] INFO  f.i.s.r.p.i.ProjectInspector - ----------------------------------------------------------------------
20:30:15.133 [main] INFO  f.i.s.r.p.i.ProjectInspector - PIPELINE STEPS
20:30:15.133 [main] INFO  f.i.s.r.p.i.ProjectInspector - ----------------------------------------------------------------------
20:30:15.134 [main] INFO  f.i.s.r.p.i.ProjectInspector - CloneRepository
20:30:15.134 [main] INFO  f.i.s.r.p.i.ProjectInspector - CheckoutPatchedBuildCandidate
20:30:15.135 [main] INFO  f.i.s.r.p.i.ProjectInspector - ComputeSourceDir
20:30:15.135 [main] INFO  f.i.s.r.p.i.ProjectInspector - ComputeTestDir
20:30:15.135 [main] INFO  f.i.s.r.p.i.ProjectInspector - CheckoutBuggyBuildCandidateSourceCode
20:30:15.135 [main] INFO  f.i.s.r.p.i.ProjectInspector - BuildProjectBuggyBuildCandidateSourceCode
20:30:15.136 [main] INFO  f.i.s.r.p.i.ProjectInspector - TestProjectBuggyBuildCandidateSourceCode
20:30:15.136 [main] INFO  f.i.s.r.p.i.ProjectInspector - GatherTestInformationBuggyBuildCandidateSourceCode
20:30:15.136 [main] INFO  f.i.s.r.p.i.ProjectInspector - CheckoutBuggyBuildTestCode
20:30:15.136 [main] INFO  f.i.s.r.p.i.ProjectInspector - InitRepoToPush
20:30:15.136 [main] INFO  f.i.s.r.p.i.ProjectInspector - ComputeClasspath
20:30:15.137 [main] INFO  f.i.s.r.p.i.ProjectInspector - ComputeModules
20:30:15.137 [main] INFO  f.i.s.r.p.i.ProjectInspector - CheckoutBuggyBuildCandidateSourceCode
20:30:15.137 [main] INFO  f.i.s.r.p.i.ProjectInspector - CommitChangedTests
20:30:15.137 [main] INFO  f.i.s.r.p.i.ProjectInspector - CheckoutPatchedBuildCandidate
20:30:15.138 [main] INFO  f.i.s.r.p.i.ProjectInspector - BuildProjectPatchedBuildCandidate
20:30:15.138 [main] INFO  f.i.s.r.p.i.ProjectInspector - TestProjectPatchedBuildCandidate
20:30:15.138 [main] INFO  f.i.s.r.p.i.ProjectInspector - GatherTestInformationPatchedBuildCandidate
20:30:15.139 [main] INFO  f.i.s.r.p.i.ProjectInspector - CommitPatch
20:30:15.140 [main] INFO  f.i.s.r.p.i.ProjectInspector - WritePropertyFile
20:30:15.141 [main] INFO  f.i.s.r.p.i.ProjectInspector - CommitProcessEnd
20:30:15.141 [main] INFO  f.i.s.r.p.i.ProjectInspector - PushProcessEnd
20:30:15.141 [main] DEBUG f.i.s.r.process.step.CloneRepository - ----------------------------------------------------------------------
20:30:15.142 [main] DEBUG f.i.s.r.process.step.CloneRepository - STEP 1/22: CloneRepository
20:30:15.142 [main] DEBUG f.i.s.r.process.step.CloneRepository - ----------------------------------------------------------------------
20:30:15.143 [main] DEBUG f.i.s.r.process.step.CloneRepository - Cloning repository apache/incubator-servicecomb-saga in the following directory: ./workspace/apache/incubator-servicecomb-saga/324034918
20:30:20.028 [main] DEBUG f.i.s.r.process.step.CloneRepository - STEP STATUS: [ CloneRepository : SUCCESS ]
20:30:20.029 [main] DEBUG f.i.s.r.process.step.CloneRepository - STEP DURATION: 4s
20:30:20.029 [main] DEBUG f.i.s.r.process.step.CloneRepository - EXECUTE NEXT STEP
20:30:20.030 [main] DEBUG f.i.s.r.p.s.c.CheckoutPatchedBuild - ----------------------------------------------------------------------
20:30:20.030 [main] DEBUG f.i.s.r.p.s.c.CheckoutPatchedBuild - STEP 2/22: CheckoutPatchedBuildCandidate
20:30:20.030 [main] DEBUG f.i.s.r.p.s.c.CheckoutPatchedBuild - ----------------------------------------------------------------------
20:30:20.030 [main] DEBUG f.i.s.r.p.s.c.CheckoutPatchedBuild - Checking out patched build candidate...
20:30:20.040 [main] ERROR f.i.s.r.p.s.c.CheckoutPatchedBuild - Error while testing commit: org.eclipse.jgit.errors.MissingObjectException: Missing unknown 606f0280eef2e73eceb6386423cebaa98de5c34f
20:30:20.041 [main] ERROR f.i.s.r.p.s.c.CheckoutPatchedBuild - Error while getting the commit to checkout from the repo.
20:30:20.042 [main] DEBUG f.i.s.r.p.s.c.CheckoutPatchedBuild - STEP STATUS: [ CheckoutPatchedBuildCandidate : FAILURE ( BUILDNOTCHECKEDOUT ) ]
20:30:20.042 [main] DEBUG f.i.s.r.p.s.c.CheckoutPatchedBuild - STEP DURATION: 0s
20:30:20.042 [main] DEBUG f.i.s.r.p.s.c.CheckoutPatchedBuild - TERMINATE PIPELINE
20:30:20.042 [main] DEBUG f.i.s.r.p.s.c.CheckoutPatchedBuild - FINAL STEPS SKIPPED: The reproduction of the bug and/or the patch failed.
20:30:20.043 [main] INFO  f.i.s.r.p.s.c.CheckoutPatchedBuild - Serialize all data for the pair of builds 324034918, 324082044
20:30:20.377 [main] INFO  fr.inria.jtravis.JTravis - GitHub ratelimit: Limit: 5000 Remaining: 4670 Reset hour: 19:15:32
20:30:21.028 [main] INFO  f.i.s.r.p.i.ProjectInspector - ----------------------------------------------------------------------
20:30:21.029 [main] INFO  f.i.s.r.p.i.ProjectInspector - PIPELINE EXECUTION SUMMARY
20:30:21.029 [main] INFO  f.i.s.r.p.i.ProjectInspector - ----------------------------------------------------------------------
20:30:21.029 [main] INFO  f.i.s.r.p.i.ProjectInspector - CloneRepository........................................SUCCESS [ 4 s ]
20:30:21.029 [main] INFO  f.i.s.r.p.i.ProjectInspector - CheckoutPatchedBuildCandidate..........................FAILURE [ 0 s ]
20:30:21.030 [main] INFO  f.i.s.r.p.i.ProjectInspector - ComputeSourceDir.......................................NOT RUN        
20:30:21.030 [main] INFO  f.i.s.r.p.i.ProjectInspector - ComputeTestDir.........................................NOT RUN        
20:30:21.030 [main] INFO  f.i.s.r.p.i.ProjectInspector - CheckoutBuggyBuildCandidateSourceCode..................NOT RUN        
20:30:21.030 [main] INFO  f.i.s.r.p.i.ProjectInspector - BuildProjectBuggyBuildCandidateSourceCode..............NOT RUN        
20:30:21.031 [main] INFO  f.i.s.r.p.i.ProjectInspector - TestProjectBuggyBuildCandidateSourceCode...............NOT RUN        
20:30:21.031 [main] INFO  f.i.s.r.p.i.ProjectInspector - GatherTestInformationBuggyBuildCandidateSourceCode.....NOT RUN        
20:30:21.031 [main] INFO  f.i.s.r.p.i.ProjectInspector - CheckoutBuggyBuildTestCode.............................NOT RUN        
20:30:21.032 [main] INFO  f.i.s.r.p.i.ProjectInspector - InitRepoToPush.........................................NOT RUN        
20:30:21.032 [main] INFO  f.i.s.r.p.i.ProjectInspector - ComputeClasspath.......................................NOT RUN        
20:30:21.032 [main] INFO  f.i.s.r.p.i.ProjectInspector - ComputeModules.........................................NOT RUN        
20:30:21.032 [main] INFO  f.i.s.r.p.i.ProjectInspector - CheckoutBuggyBuildCandidateSourceCode..................NOT RUN        
20:30:21.033 [main] INFO  f.i.s.r.p.i.ProjectInspector - CommitChangedTests.....................................NOT RUN        
20:30:21.033 [main] INFO  f.i.s.r.p.i.ProjectInspector - CheckoutPatchedBuildCandidate..........................NOT RUN        
20:30:21.033 [main] INFO  f.i.s.r.p.i.ProjectInspector - BuildProjectPatchedBuildCandidate......................NOT RUN        
20:30:21.033 [main] INFO  f.i.s.r.p.i.ProjectInspector - TestProjectPatchedBuildCandidate.......................NOT RUN        
20:30:21.034 [main] INFO  f.i.s.r.p.i.ProjectInspector - GatherTestInformationPatchedBuildCandidate.............NOT RUN        
20:30:21.034 [main] INFO  f.i.s.r.p.i.ProjectInspector - CommitPatch............................................NOT RUN        
20:30:21.034 [main] INFO  f.i.s.r.p.i.ProjectInspector - WritePropertyFile......................................NOT RUN        
20:30:21.034 [main] INFO  f.i.s.r.p.i.ProjectInspector - CommitProcessEnd.......................................NOT RUN        
20:30:21.034 [main] INFO  f.i.s.r.p.i.ProjectInspector - PushProcessEnd.........................................NOT RUN        
20:30:21.035 [main] INFO  f.i.s.r.p.i.ProjectInspector - ----------------------------------------------------------------------
20:30:21.035 [main] INFO  f.i.s.r.p.i.ProjectInspector - PIPELINE FINDING: BUILDNOTCHECKEDOUT
20:30:21.035 [main] INFO  f.i.s.r.p.i.ProjectInspector - ----------------------------------------------------------------------
20:30:21.035 [main] INFO  f.i.s.repairnator.pipeline.Launcher - Inspector is finished. The process will exit now.
