14:11:21.328 [main] INFO  f.i.s.repairnator.pipeline.Launcher - PIPELINE VERSION: 3.0-2018-08-09 19:04
14:11:21.523 [main] INFO  f.i.s.repairnator.pipeline.Launcher - The pipeline will try to reproduce a bug from build 324430352 and its corresponding patch from build 325178057
14:11:21.524 [main] INFO  f.i.s.repairnator.pipeline.Launcher - Initialize file serializer engines.
14:11:21.525 [main] INFO  f.i.s.repairnator.pipeline.Launcher - MongoDB won't be used for serialization.
14:11:21.526 [main] INFO  f.i.s.repairnator.pipeline.Launcher - The email notifier engine won't be used.
14:11:21.528 [main] INFO  f.i.s.repairnator.pipeline.Launcher - Start by getting the build (buildId: 324430352) with the following config: RepairnatorConfig{runId='1c2dcf8c-1783-41b0-9cdb-5cb8478a1ab9_01-18-week1-PASSING_AND_PASSING', launcherMode=BEARS, serializeJson=true, inputPath='null', outputPath='/var/log', mongodbHost='null', mongodbName='repairnator', smtpServer='null', notifyTo=[], notifyEndProcess=false, push=true, pushRemoteRepo='https://github.com/fermadeiral/bears-collection-pp', fork=false, lookFromDate=null, lookToDate=null, buildId=324430352, z3solverPath='./z3_for_linux', workspacePath='./workspace', githubToken='c8a341a903[...]', dockerImageName='null', skipDelete=false, createOutputDir=false, logDirectory='null', nbThreads=0, globalTimeout=0, whiteList=null, blackList=null, jobSleepTime=0, buildSleepTime=0, maxInspectedBuilds=0, duration=null, humanPatch=false, repository='null', clean=true, bearsMode=BOTH, bearsDelimiter = false, repairTools=NopolAllTests,NPEFix,AssertFixer,AstorJGenProg,AstorJKali,NopolSingleTest,AstorJMut,NopolTestExclusionStrategy, githubUserName= fermadeiral, githubUserEmail=fer.madeiral@gmail.com}
14:11:22.967 [main] DEBUG fr.inria.jtravis.helpers.BuildHelper - Get request to :https://api.travis-ci.org/build/324430352 done after 806 ms
14:11:23.206 [main] DEBUG fr.inria.jtravis.helpers.BuildHelper - Get request to :https://api.travis-ci.org/build/325178057 done after 159 ms
14:11:23.225 [main] INFO  f.i.s.repairnator.pipeline.Launcher - The patched build (325178057) was successfully retrieved from Travis.
14:11:24.321 [main] INFO  fr.inria.jtravis.JTravis - GitHub ratelimit: Limit: 5000 Remaining: 4557 Reset hour: 19:15:10
14:11:24.865 [main] INFO  f.i.s.r.p.i.ProjectInspector - ----------------------------------------------------------------------
14:11:24.865 [main] INFO  f.i.s.r.p.i.ProjectInspector - PIPELINE STEPS
14:11:24.865 [main] INFO  f.i.s.r.p.i.ProjectInspector - ----------------------------------------------------------------------
14:11:24.866 [main] INFO  f.i.s.r.p.i.ProjectInspector - CloneRepository
14:11:24.866 [main] INFO  f.i.s.r.p.i.ProjectInspector - CheckoutPatchedBuildCandidate
14:11:24.866 [main] INFO  f.i.s.r.p.i.ProjectInspector - ComputeSourceDir
14:11:24.866 [main] INFO  f.i.s.r.p.i.ProjectInspector - ComputeTestDir
14:11:24.866 [main] INFO  f.i.s.r.p.i.ProjectInspector - CheckoutBuggyBuildCandidateSourceCode
14:11:24.866 [main] INFO  f.i.s.r.p.i.ProjectInspector - BuildProjectBuggyBuildCandidateSourceCode
14:11:24.866 [main] INFO  f.i.s.r.p.i.ProjectInspector - TestProjectBuggyBuildCandidateSourceCode
14:11:24.867 [main] INFO  f.i.s.r.p.i.ProjectInspector - GatherTestInformationBuggyBuildCandidateSourceCode
14:11:24.867 [main] INFO  f.i.s.r.p.i.ProjectInspector - CheckoutBuggyBuildTestCode
14:11:24.867 [main] INFO  f.i.s.r.p.i.ProjectInspector - InitRepoToPush
14:11:24.867 [main] INFO  f.i.s.r.p.i.ProjectInspector - ComputeClasspath
14:11:24.867 [main] INFO  f.i.s.r.p.i.ProjectInspector - ComputeModules
14:11:24.867 [main] INFO  f.i.s.r.p.i.ProjectInspector - CheckoutBuggyBuildCandidateSourceCode
14:11:24.867 [main] INFO  f.i.s.r.p.i.ProjectInspector - CommitChangedTests
14:11:24.867 [main] INFO  f.i.s.r.p.i.ProjectInspector - CheckoutPatchedBuildCandidate
14:11:24.868 [main] INFO  f.i.s.r.p.i.ProjectInspector - BuildProjectPatchedBuildCandidate
14:11:24.868 [main] INFO  f.i.s.r.p.i.ProjectInspector - TestProjectPatchedBuildCandidate
14:11:24.868 [main] INFO  f.i.s.r.p.i.ProjectInspector - GatherTestInformationPatchedBuildCandidate
14:11:24.868 [main] INFO  f.i.s.r.p.i.ProjectInspector - CommitPatch
14:11:24.869 [main] INFO  f.i.s.r.p.i.ProjectInspector - WritePropertyFile
14:11:24.869 [main] INFO  f.i.s.r.p.i.ProjectInspector - CommitProcessEnd
14:11:24.869 [main] INFO  f.i.s.r.p.i.ProjectInspector - PushProcessEnd
14:11:24.870 [main] DEBUG f.i.s.r.process.step.CloneRepository - ----------------------------------------------------------------------
14:11:24.870 [main] DEBUG f.i.s.r.process.step.CloneRepository - STEP 1/22: CloneRepository
14:11:24.870 [main] DEBUG f.i.s.r.process.step.CloneRepository - ----------------------------------------------------------------------
14:11:24.871 [main] DEBUG f.i.s.r.process.step.CloneRepository - Cloning repository prestodb/presto in the following directory: ./workspace/prestodb/presto/324430352
14:12:06.873 [main] DEBUG f.i.s.r.process.step.CloneRepository - STEP STATUS: [ CloneRepository : SUCCESS ]
14:12:06.874 [main] DEBUG f.i.s.r.process.step.CloneRepository - STEP DURATION: 42s
14:12:06.874 [main] DEBUG f.i.s.r.process.step.CloneRepository - EXECUTE NEXT STEP
14:12:06.874 [main] DEBUG f.i.s.r.p.s.c.CheckoutPatchedBuild - ----------------------------------------------------------------------
14:12:06.874 [main] DEBUG f.i.s.r.p.s.c.CheckoutPatchedBuild - STEP 2/22: CheckoutPatchedBuildCandidate
14:12:06.875 [main] DEBUG f.i.s.r.p.s.c.CheckoutPatchedBuild - ----------------------------------------------------------------------
14:12:06.875 [main] DEBUG f.i.s.r.p.s.c.CheckoutPatchedBuild - Checking out patched build candidate...
14:12:07.191 [main] INFO  fr.inria.jtravis.JTravis - GitHub ratelimit: Limit: 5000 Remaining: 4549 Reset hour: 19:15:10
14:12:09.087 [main] DEBUG f.i.s.r.p.s.c.CheckoutPatchedBuild - Reproduce the PR for prestodb/presto by fetching remote branch and merging.
14:12:11.864 [main] DEBUG f.i.s.r.process.git.GitHelper - Step CheckoutPatchedBuildCandidate - Get the commit d80b5dfe982aa1fbb46eb954fabb984a481819de for repo prestodb/presto
14:12:13.599 [main] DEBUG f.i.s.r.process.git.GitHelper - Step CheckoutPatchedBuildCandidate - Do the merge with the PR commit for repo prestodb/presto
14:12:13.615 [main] INFO  f.i.s.r.process.git.GitHelper - Init git submodules.
14:12:13.719 [main] DEBUG f.i.s.r.p.s.c.CheckoutPatchedBuild - STEP STATUS: [ CheckoutPatchedBuildCandidate : SUCCESS ]
14:12:13.720 [main] DEBUG f.i.s.r.p.s.c.CheckoutPatchedBuild - STEP DURATION: 6s
14:12:13.722 [main] DEBUG f.i.s.r.p.s.c.CheckoutPatchedBuild - EXECUTE NEXT STEP
14:12:13.722 [main] DEBUG f.i.s.r.p.s.paths.ComputeSourceDir - ----------------------------------------------------------------------
14:12:13.722 [main] DEBUG f.i.s.r.p.s.paths.ComputeSourceDir - STEP 3/22: ComputeSourceDir
14:12:13.723 [main] DEBUG f.i.s.r.p.s.paths.ComputeSourceDir - ----------------------------------------------------------------------
14:12:13.723 [main] DEBUG f.i.s.r.p.s.paths.ComputeSourceDir - Computing the source directory ...
14:12:13.724 [main] DEBUG f.i.s.r.p.s.paths.ComputeSourceDir - The default source directory (/root/workspace/prestodb/presto/324430352/src/main/java) does not exist. Try to read pom.xml to get information.
14:12:13.850 [main] DEBUG f.i.s.r.p.m.RepositoryModelResolver - Downloading https://repo1.maven.org/maven2/io/airlift/airbase/79/airbase-79.pom
14:12:14.763 [main] ERROR f.i.s.r.process.maven.MavenHelper - Error while building complete model. The raw model will be used. Error message: 1 problem was encountered while building the effective model for com.facebook.presto:presto-root:0.192-SNAPSHOT
[ERROR] Failed to determine Java version for profile java9-surefire @ io.airlift:airbase:79

14:12:14.815 [main] DEBUG f.i.s.r.p.s.paths.ComputeSourceDir - Build section does not exist in the following pom.xml: /root/workspace/prestodb/presto/324430352/pom.xml. Continue to try to get source dir from all modules.
14:12:14.862 [main] ERROR f.i.s.r.process.maven.MavenHelper - Error while building complete model. The raw model will be used. Error message: 1 problem was encountered while building the effective model for com.facebook.presto:presto-atop:0.192-SNAPSHOT
[ERROR] Failed to determine Java version for profile java9-surefire @ io.airlift:airbase:79

14:12:14.918 [main] ERROR f.i.s.r.process.maven.MavenHelper - Error while building complete model. The raw model will be used. Error message: 1 problem was encountered while building the effective model for com.facebook.presto:presto-spi:0.192-SNAPSHOT
[ERROR] Failed to determine Java version for profile java9-surefire @ io.airlift:airbase:79

14:12:14.955 [main] ERROR f.i.s.r.process.maven.MavenHelper - Error while building complete model. The raw model will be used. Error message: 1 problem was encountered while building the effective model for com.facebook.presto:presto-array:0.192-SNAPSHOT
[ERROR] Failed to determine Java version for profile java9-surefire @ io.airlift:airbase:79

14:12:14.982 [main] ERROR f.i.s.r.process.maven.MavenHelper - Error while building complete model. The raw model will be used. Error message: 1 problem was encountered while building the effective model for com.facebook.presto:presto-jmx:0.192-SNAPSHOT
[ERROR] Failed to determine Java version for profile java9-surefire @ io.airlift:airbase:79

14:12:15.001 [main] ERROR f.i.s.r.process.maven.MavenHelper - Error while building complete model. The raw model will be used. Error message: 1 problem was encountered while building the effective model for com.facebook.presto:presto-record-decoder:0.192-SNAPSHOT
[ERROR] Failed to determine Java version for profile java9-surefire @ io.airlift:airbase:79

14:12:15.031 [main] ERROR f.i.s.r.process.maven.MavenHelper - Error while building complete model. The raw model will be used. Error message: 1 problem was encountered while building the effective model for com.facebook.presto:presto-kafka:0.192-SNAPSHOT
[ERROR] Failed to determine Java version for profile java9-surefire @ io.airlift:airbase:79

14:12:15.046 [main] ERROR f.i.s.r.process.maven.MavenHelper - Error while building complete model. The raw model will be used. Error message: 1 problem was encountered while building the effective model for com.facebook.presto:presto-redis:0.192-SNAPSHOT
[ERROR] Failed to determine Java version for profile java9-surefire @ io.airlift:airbase:79

14:12:15.059 [main] ERROR f.i.s.r.process.maven.MavenHelper - Error while building complete model. The raw model will be used. Error message: 1 problem was encountered while building the effective model for com.facebook.presto:presto-accumulo:0.192-SNAPSHOT
[ERROR] Failed to determine Java version for profile java9-surefire @ io.airlift:airbase:79

14:12:15.098 [main] ERROR f.i.s.r.process.maven.MavenHelper - Error while building complete model. The raw model will be used. Error message: 1 problem was encountered while building the effective model for com.facebook.presto:presto-cassandra:0.192-SNAPSHOT
[ERROR] Failed to determine Java version for profile java9-surefire @ io.airlift:airbase:79

14:12:15.111 [main] ERROR f.i.s.r.process.maven.MavenHelper - Error while building complete model. The raw model will be used. Error message: 1 problem was encountered while building the effective model for com.facebook.presto:presto-blackhole:0.192-SNAPSHOT
[ERROR] Failed to determine Java version for profile java9-surefire @ io.airlift:airbase:79

14:12:15.131 [main] ERROR f.i.s.r.process.maven.MavenHelper - Error while building complete model. The raw model will be used. Error message: 1 problem was encountered while building the effective model for com.facebook.presto:presto-memory:0.192-SNAPSHOT
[ERROR] Failed to determine Java version for profile java9-surefire @ io.airlift:airbase:79

14:12:15.178 [main] ERROR f.i.s.r.process.maven.MavenHelper - Error while building complete model. The raw model will be used. Error message: 1 problem was encountered while building the effective model for com.facebook.presto:presto-orc:0.192-SNAPSHOT
[ERROR] Failed to determine Java version for profile java9-surefire @ io.airlift:airbase:79

14:12:15.190 [main] ERROR f.i.s.r.process.maven.MavenHelper - Error while building complete model. The raw model will be used. Error message: 1 problem was encountered while building the effective model for com.facebook.presto:presto-rcfile:0.192-SNAPSHOT
[ERROR] Failed to determine Java version for profile java9-surefire @ io.airlift:airbase:79

14:12:15.205 [main] ERROR f.i.s.r.process.maven.MavenHelper - Error while building complete model. The raw model will be used. Error message: 1 problem was encountered while building the effective model for com.facebook.presto:presto-hive:0.192-SNAPSHOT
[ERROR] Failed to determine Java version for profile java9-surefire @ io.airlift:airbase:79

14:12:15.217 [main] ERROR f.i.s.r.process.maven.MavenHelper - Error while building complete model. The raw model will be used. Error message: 1 problem was encountered while building the effective model for com.facebook.presto:presto-hive-hadoop2:0.192-SNAPSHOT
[ERROR] Failed to determine Java version for profile java9-surefire @ io.airlift:airbase:79

14:12:15.228 [main] ERROR f.i.s.r.process.maven.MavenHelper - Error while building complete model. The raw model will be used. Error message: 1 problem was encountered while building the effective model for com.facebook.presto:presto-teradata-functions:0.192-SNAPSHOT
[ERROR] Failed to determine Java version for profile java9-surefire @ io.airlift:airbase:79

14:12:15.237 [main] ERROR f.i.s.r.process.maven.MavenHelper - Error while building complete model. The raw model will be used. Error message: 1 problem was encountered while building the effective model for com.facebook.presto:presto-example-http:0.192-SNAPSHOT
[ERROR] Failed to determine Java version for profile java9-surefire @ io.airlift:airbase:79

14:12:15.248 [main] ERROR f.i.s.r.process.maven.MavenHelper - Error while building complete model. The raw model will be used. Error message: 1 problem was encountered while building the effective model for com.facebook.presto:presto-local-file:0.192-SNAPSHOT
[ERROR] Failed to determine Java version for profile java9-surefire @ io.airlift:airbase:79

14:12:15.258 [main] ERROR f.i.s.r.process.maven.MavenHelper - Error while building complete model. The raw model will be used. Error message: 1 problem was encountered while building the effective model for com.facebook.presto:presto-tpch:0.192-SNAPSHOT
[ERROR] Failed to determine Java version for profile java9-surefire @ io.airlift:airbase:79

14:12:15.267 [main] ERROR f.i.s.r.process.maven.MavenHelper - Error while building complete model. The raw model will be used. Error message: 1 problem was encountered while building the effective model for com.facebook.presto:presto-tpcds:0.192-SNAPSHOT
[ERROR] Failed to determine Java version for profile java9-surefire @ io.airlift:airbase:79

14:12:15.290 [main] ERROR f.i.s.r.process.maven.MavenHelper - Error while building complete model. The raw model will be used. Error message: 1 problem was encountered while building the effective model for com.facebook.presto:presto-raptor:0.192-SNAPSHOT
[ERROR] Failed to determine Java version for profile java9-surefire @ io.airlift:airbase:79

14:12:15.304 [main] ERROR f.i.s.r.process.maven.MavenHelper - Error while building complete model. The raw model will be used. Error message: 1 problem was encountered while building the effective model for com.facebook.presto:presto-base-jdbc:0.192-SNAPSHOT
[ERROR] Failed to determine Java version for profile java9-surefire @ io.airlift:airbase:79

14:12:15.315 [main] ERROR f.i.s.r.process.maven.MavenHelper - Error while building complete model. The raw model will be used. Error message: 1 problem was encountered while building the effective model for com.facebook.presto:presto-mysql:0.192-SNAPSHOT
[ERROR] Failed to determine Java version for profile java9-surefire @ io.airlift:airbase:79

14:12:15.326 [main] ERROR f.i.s.r.process.maven.MavenHelper - Error while building complete model. The raw model will be used. Error message: 1 problem was encountered while building the effective model for com.facebook.presto:presto-postgresql:0.192-SNAPSHOT
[ERROR] Failed to determine Java version for profile java9-surefire @ io.airlift:airbase:79

14:12:15.352 [main] ERROR f.i.s.r.process.maven.MavenHelper - Error while building complete model. The raw model will be used. Error message: 1 problem was encountered while building the effective model for com.facebook.presto:presto-redshift:0.192-SNAPSHOT
[ERROR] Failed to determine Java version for profile java9-surefire @ io.airlift:airbase:79

14:12:15.364 [main] ERROR f.i.s.r.process.maven.MavenHelper - Error while building complete model. The raw model will be used. Error message: 1 problem was encountered while building the effective model for com.facebook.presto:presto-sqlserver:0.192-SNAPSHOT
[ERROR] Failed to determine Java version for profile java9-surefire @ io.airlift:airbase:79

14:12:15.374 [main] ERROR f.i.s.r.process.maven.MavenHelper - Error while building complete model. The raw model will be used. Error message: 1 problem was encountered while building the effective model for com.facebook.presto:presto-mongodb:0.192-SNAPSHOT
[ERROR] Failed to determine Java version for profile java9-surefire @ io.airlift:airbase:79

14:12:15.384 [main] ERROR f.i.s.r.process.maven.MavenHelper - Error while building complete model. The raw model will be used. Error message: 1 problem was encountered while building the effective model for com.facebook.presto:presto-bytecode:0.192-SNAPSHOT
[ERROR] Failed to determine Java version for profile java9-surefire @ io.airlift:airbase:79

14:12:15.395 [main] ERROR f.i.s.r.process.maven.MavenHelper - Error while building complete model. The raw model will be used. Error message: 1 problem was encountered while building the effective model for com.facebook.presto:presto-client:0.192-SNAPSHOT
[ERROR] Failed to determine Java version for profile java9-surefire @ io.airlift:airbase:79

14:12:15.405 [main] ERROR f.i.s.r.process.maven.MavenHelper - Error while building complete model. The raw model will be used. Error message: 1 problem was encountered while building the effective model for com.facebook.presto:presto-parser:0.192-SNAPSHOT
[ERROR] Failed to determine Java version for profile java9-surefire @ io.airlift:airbase:79

14:12:15.416 [main] ERROR f.i.s.r.process.maven.MavenHelper - Error while building complete model. The raw model will be used. Error message: 1 problem was encountered while building the effective model for com.facebook.presto:presto-main:0.192-SNAPSHOT
[ERROR] Failed to determine Java version for profile java9-surefire @ io.airlift:airbase:79

14:12:15.427 [main] ERROR f.i.s.r.process.maven.MavenHelper - Error while building complete model. The raw model will be used. Error message: 1 problem was encountered while building the effective model for com.facebook.presto:presto-ml:0.192-SNAPSHOT
[ERROR] Failed to determine Java version for profile java9-surefire @ io.airlift:airbase:79

14:12:15.437 [main] ERROR f.i.s.r.process.maven.MavenHelper - Error while building complete model. The raw model will be used. Error message: 1 problem was encountered while building the effective model for com.facebook.presto:presto-geospatial:0.192-SNAPSHOT
[ERROR] Failed to determine Java version for profile java9-surefire @ io.airlift:airbase:79

14:12:15.446 [main] ERROR f.i.s.r.process.maven.MavenHelper - Error while building complete model. The raw model will be used. Error message: 1 problem was encountered while building the effective model for com.facebook.presto:presto-geospatial-toolkit:0.192-SNAPSHOT
[ERROR] Failed to determine Java version for profile java9-surefire @ io.airlift:airbase:79

14:12:15.455 [main] ERROR f.i.s.r.process.maven.MavenHelper - Error while building complete model. The raw model will be used. Error message: 1 problem was encountered while building the effective model for com.facebook.presto:presto-benchmark:0.192-SNAPSHOT
[ERROR] Failed to determine Java version for profile java9-surefire @ io.airlift:airbase:79

14:12:15.465 [main] ERROR f.i.s.r.process.maven.MavenHelper - Error while building complete model. The raw model will be used. Error message: 1 problem was encountered while building the effective model for com.facebook.presto:presto-tests:0.192-SNAPSHOT
[ERROR] Failed to determine Java version for profile java9-surefire @ io.airlift:airbase:79

14:12:15.476 [main] ERROR f.i.s.r.process.maven.MavenHelper - Error while building complete model. The raw model will be used. Error message: 1 problem was encountered while building the effective model for com.facebook.presto:presto-product-tests:0.192-SNAPSHOT
[ERROR] Failed to determine Java version for profile java9-surefire @ io.airlift:airbase:79

14:12:15.486 [main] ERROR f.i.s.r.process.maven.MavenHelper - Error while building complete model. The raw model will be used. Error message: 1 problem was encountered while building the effective model for com.facebook.presto:presto-jdbc:0.192-SNAPSHOT
[ERROR] Failed to determine Java version for profile java9-surefire @ io.airlift:airbase:79

14:12:15.495 [main] ERROR f.i.s.r.process.maven.MavenHelper - Error while building complete model. The raw model will be used. Error message: 1 problem was encountered while building the effective model for com.facebook.presto:presto-cli:0.192-SNAPSHOT
[ERROR] Failed to determine Java version for profile java9-surefire @ io.airlift:airbase:79

14:12:15.505 [main] ERROR f.i.s.r.process.maven.MavenHelper - Error while building complete model. The raw model will be used. Error message: 1 problem was encountered while building the effective model for com.facebook.presto:presto-benchmark-driver:0.192-SNAPSHOT
[ERROR] Failed to determine Java version for profile java9-surefire @ io.airlift:airbase:79

14:12:15.506 [main] DEBUG f.i.s.r.p.s.paths.ComputeSourceDir - The default source directory (/root/workspace/prestodb/presto/324430352/presto-server/src/main/java) does not exist. Try to read pom.xml to get information.
14:12:15.515 [main] ERROR f.i.s.r.process.maven.MavenHelper - Error while building complete model. The raw model will be used. Error message: 1 problem was encountered while building the effective model for com.facebook.presto:presto-server:0.192-SNAPSHOT
[ERROR] Failed to determine Java version for profile java9-surefire @ io.airlift:airbase:79

14:12:15.515 [main] DEBUG f.i.s.r.p.s.paths.ComputeSourceDir - Build section does not exist in the following pom.xml: /root/workspace/prestodb/presto/324430352/presto-server/pom.xml. Continue to try to get source dir from all modules.
14:12:15.515 [main] ERROR f.i.s.r.p.s.paths.ComputeSourceDir - The source directory is not at default location or specified in build section from pom.xml, and no parent can be found.
14:12:15.516 [main] DEBUG f.i.s.r.p.s.paths.ComputeSourceDir - The default source directory (/root/workspace/prestodb/presto/324430352/presto-server-rpm/src/main/java) does not exist. Try to read pom.xml to get information.
14:12:15.529 [main] ERROR f.i.s.r.process.maven.MavenHelper - Error while building complete model. The raw model will be used. Error message: 1 problem was encountered while building the effective model for com.facebook.presto:presto-server-rpm:0.192-SNAPSHOT
[ERROR] Failed to determine Java version for profile java9-surefire @ io.airlift:airbase:79

14:12:15.530 [main] DEBUG f.i.s.r.p.s.paths.ComputeSourceDir - Build section does not exist in the following pom.xml: /root/workspace/prestodb/presto/324430352/presto-server-rpm/pom.xml. Continue to try to get source dir from all modules.
14:12:15.530 [main] ERROR f.i.s.r.p.s.paths.ComputeSourceDir - The source directory is not at default location or specified in build section from pom.xml, and no parent can be found.
14:12:15.531 [main] DEBUG f.i.s.r.p.s.paths.ComputeSourceDir - The default source directory (/root/workspace/prestodb/presto/324430352/presto-docs/src/main/java) does not exist. Try to read pom.xml to get information.
14:12:15.541 [main] ERROR f.i.s.r.process.maven.MavenHelper - Error while building complete model. The raw model will be used. Error message: 1 problem was encountered while building the effective model for com.facebook.presto:presto-docs:0.192-SNAPSHOT
[ERROR] Failed to determine Java version for profile java9-surefire @ io.airlift:airbase:79

14:12:15.542 [main] DEBUG f.i.s.r.p.s.paths.ComputeSourceDir - Build section does not exist in the following pom.xml: /root/workspace/prestodb/presto/324430352/presto-docs/pom.xml. Continue to try to get source dir from all modules.
14:12:15.542 [main] ERROR f.i.s.r.p.s.paths.ComputeSourceDir - The source directory is not at default location or specified in build section from pom.xml, and no parent can be found.
14:12:15.552 [main] ERROR f.i.s.r.process.maven.MavenHelper - Error while building complete model. The raw model will be used. Error message: 1 problem was encountered while building the effective model for com.facebook.presto:presto-verifier:0.192-SNAPSHOT
[ERROR] Failed to determine Java version for profile java9-surefire @ io.airlift:airbase:79

14:12:15.561 [main] ERROR f.i.s.r.process.maven.MavenHelper - Error while building complete model. The raw model will be used. Error message: 1 problem was encountered while building the effective model for com.facebook.presto:presto-testing-server-launcher:0.192-SNAPSHOT
[ERROR] Failed to determine Java version for profile java9-surefire @ io.airlift:airbase:79

14:12:15.574 [main] ERROR f.i.s.r.process.maven.MavenHelper - Error while building complete model. The raw model will be used. Error message: 1 problem was encountered while building the effective model for com.facebook.presto:presto-plugin-toolkit:0.192-SNAPSHOT
[ERROR] Failed to determine Java version for profile java9-surefire @ io.airlift:airbase:79

14:12:15.601 [main] ERROR f.i.s.r.process.maven.MavenHelper - Error while building complete model. The raw model will be used. Error message: 1 problem was encountered while building the effective model for com.facebook.presto:presto-resource-group-managers:0.192-SNAPSHOT
[ERROR] Failed to determine Java version for profile java9-surefire @ io.airlift:airbase:79

14:12:15.602 [main] DEBUG f.i.s.r.p.s.paths.ComputeSourceDir - The default source directory (/root/workspace/prestodb/presto/324430352/presto-benchto-benchmarks/src/main/java) does not exist. Try to read pom.xml to get information.
14:12:15.610 [main] ERROR f.i.s.r.process.maven.MavenHelper - Error while building complete model. The raw model will be used. Error message: 1 problem was encountered while building the effective model for com.facebook.presto:presto-benchto-benchmarks:0.192-SNAPSHOT
[ERROR] Failed to determine Java version for profile java9-surefire @ io.airlift:airbase:79

14:12:15.611 [main] DEBUG f.i.s.r.p.s.paths.ComputeSourceDir - Build section does not exist in the following pom.xml: /root/workspace/prestodb/presto/324430352/presto-benchto-benchmarks/pom.xml. Continue to try to get source dir from all modules.
14:12:15.611 [main] ERROR f.i.s.r.p.s.paths.ComputeSourceDir - The source directory is not at default location or specified in build section from pom.xml, and no parent can be found.
14:12:15.619 [main] ERROR f.i.s.r.process.maven.MavenHelper - Error while building complete model. The raw model will be used. Error message: 1 problem was encountered while building the effective model for com.facebook.presto:presto-thrift-connector-api:0.192-SNAPSHOT
[ERROR] Failed to determine Java version for profile java9-surefire @ io.airlift:airbase:79

14:12:15.628 [main] ERROR f.i.s.r.process.maven.MavenHelper - Error while building complete model. The raw model will be used. Error message: 1 problem was encountered while building the effective model for com.facebook.presto:presto-thrift-testing-server:0.192-SNAPSHOT
[ERROR] Failed to determine Java version for profile java9-surefire @ io.airlift:airbase:79

14:12:15.636 [main] ERROR f.i.s.r.process.maven.MavenHelper - Error while building complete model. The raw model will be used. Error message: 1 problem was encountered while building the effective model for com.facebook.presto:presto-thrift-connector:0.192-SNAPSHOT
[ERROR] Failed to determine Java version for profile java9-surefire @ io.airlift:airbase:79

14:12:15.644 [main] ERROR f.i.s.r.process.maven.MavenHelper - Error while building complete model. The raw model will be used. Error message: 1 problem was encountered while building the effective model for com.facebook.presto:presto-matching:0.192-SNAPSHOT
[ERROR] Failed to determine Java version for profile java9-surefire @ io.airlift:airbase:79

14:12:15.645 [main] INFO  f.i.s.r.p.s.paths.ComputeSourceDir - 48 source dirs were found:
14:12:15.646 [main] INFO  f.i.s.r.p.s.paths.ComputeSourceDir - /root/workspace/prestodb/presto/324430352/presto-accumulo/src/main/java
14:12:15.646 [main] INFO  f.i.s.r.p.s.paths.ComputeSourceDir - /root/workspace/prestodb/presto/324430352/presto-array/src/main/java
14:12:15.646 [main] INFO  f.i.s.r.p.s.paths.ComputeSourceDir - /root/workspace/prestodb/presto/324430352/presto-atop/src/main/java
14:12:15.646 [main] INFO  f.i.s.r.p.s.paths.ComputeSourceDir - /root/workspace/prestodb/presto/324430352/presto-base-jdbc/src/main/java
14:12:15.647 [main] INFO  f.i.s.r.p.s.paths.ComputeSourceDir - /root/workspace/prestodb/presto/324430352/presto-benchmark-driver/src/main/java
14:12:15.647 [main] INFO  f.i.s.r.p.s.paths.ComputeSourceDir - /root/workspace/prestodb/presto/324430352/presto-benchmark/src/main/java
14:12:15.647 [main] INFO  f.i.s.r.p.s.paths.ComputeSourceDir - /root/workspace/prestodb/presto/324430352/presto-blackhole/src/main/java
14:12:15.648 [main] INFO  f.i.s.r.p.s.paths.ComputeSourceDir - /root/workspace/prestodb/presto/324430352/presto-bytecode/src/main/java
14:12:15.648 [main] INFO  f.i.s.r.p.s.paths.ComputeSourceDir - /root/workspace/prestodb/presto/324430352/presto-cassandra/src/main/java
14:12:15.648 [main] INFO  f.i.s.r.p.s.paths.ComputeSourceDir - /root/workspace/prestodb/presto/324430352/presto-cli/src/main/java
14:12:15.648 [main] INFO  f.i.s.r.p.s.paths.ComputeSourceDir - /root/workspace/prestodb/presto/324430352/presto-client/src/main/java
14:12:15.648 [main] INFO  f.i.s.r.p.s.paths.ComputeSourceDir - /root/workspace/prestodb/presto/324430352/presto-example-http/src/main/java
14:12:15.648 [main] INFO  f.i.s.r.p.s.paths.ComputeSourceDir - /root/workspace/prestodb/presto/324430352/presto-geospatial-toolkit/src/main/java
14:12:15.649 [main] INFO  f.i.s.r.p.s.paths.ComputeSourceDir - /root/workspace/prestodb/presto/324430352/presto-geospatial/src/main/java
14:12:15.649 [main] INFO  f.i.s.r.p.s.paths.ComputeSourceDir - /root/workspace/prestodb/presto/324430352/presto-hive-hadoop2/src/main/java
14:12:15.649 [main] INFO  f.i.s.r.p.s.paths.ComputeSourceDir - /root/workspace/prestodb/presto/324430352/presto-hive/src/main/java
14:12:15.649 [main] INFO  f.i.s.r.p.s.paths.ComputeSourceDir - /root/workspace/prestodb/presto/324430352/presto-jdbc/src/main/java
14:12:15.649 [main] INFO  f.i.s.r.p.s.paths.ComputeSourceDir - /root/workspace/prestodb/presto/324430352/presto-jmx/src/main/java
14:12:15.649 [main] INFO  f.i.s.r.p.s.paths.ComputeSourceDir - /root/workspace/prestodb/presto/324430352/presto-kafka/src/main/java
14:12:15.649 [main] INFO  f.i.s.r.p.s.paths.ComputeSourceDir - /root/workspace/prestodb/presto/324430352/presto-local-file/src/main/java
14:12:15.650 [main] INFO  f.i.s.r.p.s.paths.ComputeSourceDir - /root/workspace/prestodb/presto/324430352/presto-main/src/main/java
14:12:15.650 [main] INFO  f.i.s.r.p.s.paths.ComputeSourceDir - /root/workspace/prestodb/presto/324430352/presto-matching/src/main/java
14:12:15.650 [main] INFO  f.i.s.r.p.s.paths.ComputeSourceDir - /root/workspace/prestodb/presto/324430352/presto-memory/src/main/java
14:12:15.650 [main] INFO  f.i.s.r.p.s.paths.ComputeSourceDir - /root/workspace/prestodb/presto/324430352/presto-ml/src/main/java
14:12:15.650 [main] INFO  f.i.s.r.p.s.paths.ComputeSourceDir - /root/workspace/prestodb/presto/324430352/presto-mongodb/src/main/java
14:12:15.650 [main] INFO  f.i.s.r.p.s.paths.ComputeSourceDir - /root/workspace/prestodb/presto/324430352/presto-mysql/src/main/java
14:12:15.650 [main] INFO  f.i.s.r.p.s.paths.ComputeSourceDir - /root/workspace/prestodb/presto/324430352/presto-orc/src/main/java
14:12:15.650 [main] INFO  f.i.s.r.p.s.paths.ComputeSourceDir - /root/workspace/prestodb/presto/324430352/presto-parser/src/main/java
14:12:15.650 [main] INFO  f.i.s.r.p.s.paths.ComputeSourceDir - /root/workspace/prestodb/presto/324430352/presto-plugin-toolkit/src/main/java
14:12:15.650 [main] INFO  f.i.s.r.p.s.paths.ComputeSourceDir - /root/workspace/prestodb/presto/324430352/presto-postgresql/src/main/java
14:12:15.650 [main] INFO  f.i.s.r.p.s.paths.ComputeSourceDir - /root/workspace/prestodb/presto/324430352/presto-product-tests/src/main/java
14:12:15.650 [main] INFO  f.i.s.r.p.s.paths.ComputeSourceDir - /root/workspace/prestodb/presto/324430352/presto-raptor/src/main/java
14:12:15.651 [main] INFO  f.i.s.r.p.s.paths.ComputeSourceDir - /root/workspace/prestodb/presto/324430352/presto-rcfile/src/main/java
14:12:15.651 [main] INFO  f.i.s.r.p.s.paths.ComputeSourceDir - /root/workspace/prestodb/presto/324430352/presto-record-decoder/src/main/java
14:12:15.651 [main] INFO  f.i.s.r.p.s.paths.ComputeSourceDir - /root/workspace/prestodb/presto/324430352/presto-redis/src/main/java
14:12:15.651 [main] INFO  f.i.s.r.p.s.paths.ComputeSourceDir - /root/workspace/prestodb/presto/324430352/presto-redshift/src/main/java
14:12:15.651 [main] INFO  f.i.s.r.p.s.paths.ComputeSourceDir - /root/workspace/prestodb/presto/324430352/presto-resource-group-managers/src/main/java
14:12:15.651 [main] INFO  f.i.s.r.p.s.paths.ComputeSourceDir - /root/workspace/prestodb/presto/324430352/presto-spi/src/main/java
14:12:15.651 [main] INFO  f.i.s.r.p.s.paths.ComputeSourceDir - /root/workspace/prestodb/presto/324430352/presto-sqlserver/src/main/java
14:12:15.651 [main] INFO  f.i.s.r.p.s.paths.ComputeSourceDir - /root/workspace/prestodb/presto/324430352/presto-teradata-functions/src/main/java
14:12:15.651 [main] INFO  f.i.s.r.p.s.paths.ComputeSourceDir - /root/workspace/prestodb/presto/324430352/presto-testing-server-launcher/src/main/java
14:12:15.651 [main] INFO  f.i.s.r.p.s.paths.ComputeSourceDir - /root/workspace/prestodb/presto/324430352/presto-tests/src/main/java
14:12:15.651 [main] INFO  f.i.s.r.p.s.paths.ComputeSourceDir - /root/workspace/prestodb/presto/324430352/presto-thrift-connector-api/src/main/java
14:12:15.651 [main] INFO  f.i.s.r.p.s.paths.ComputeSourceDir - /root/workspace/prestodb/presto/324430352/presto-thrift-connector/src/main/java
14:12:15.651 [main] INFO  f.i.s.r.p.s.paths.ComputeSourceDir - /root/workspace/prestodb/presto/324430352/presto-thrift-testing-server/src/main/java
14:12:15.652 [main] INFO  f.i.s.r.p.s.paths.ComputeSourceDir - /root/workspace/prestodb/presto/324430352/presto-tpcds/src/main/java
14:12:15.652 [main] INFO  f.i.s.r.p.s.paths.ComputeSourceDir - /root/workspace/prestodb/presto/324430352/presto-tpch/src/main/java
14:12:15.652 [main] INFO  f.i.s.r.p.s.paths.ComputeSourceDir - /root/workspace/prestodb/presto/324430352/presto-verifier/src/main/java
14:12:15.734 [main] DEBUG f.i.s.r.p.s.paths.ComputeSourceDir - Compute the line of code of the project
14:12:16.039 [main] DEBUG f.i.s.r.p.s.paths.ComputeSourceDir - Get result from cloc process...
14:12:16.040 [main] DEBUG f.i.s.r.p.s.paths.ComputeSourceDir - STEP STATUS: [ ComputeSourceDir : SUCCESS ]
14:12:16.040 [main] DEBUG f.i.s.r.p.s.paths.ComputeSourceDir - STEP DURATION: 2s
14:12:16.040 [main] DEBUG f.i.s.r.p.s.paths.ComputeSourceDir - EXECUTE NEXT STEP
14:12:16.040 [main] DEBUG f.i.s.r.p.step.paths.ComputeTestDir - ----------------------------------------------------------------------
14:12:16.040 [main] DEBUG f.i.s.r.p.step.paths.ComputeTestDir - STEP 4/22: ComputeTestDir
14:12:16.040 [main] DEBUG f.i.s.r.p.step.paths.ComputeTestDir - ----------------------------------------------------------------------
14:12:16.040 [main] DEBUG f.i.s.r.p.step.paths.ComputeTestDir - Computing the test directory ...
14:12:16.040 [main] DEBUG f.i.s.r.p.step.paths.ComputeTestDir - The default test directory (/root/workspace/prestodb/presto/324430352/src/test/java) does not exist. Try to read pom.xml to get information.
14:12:16.048 [main] ERROR f.i.s.r.process.maven.MavenHelper - Error while building complete model. The raw model will be used. Error message: 1 problem was encountered while building the effective model for com.facebook.presto:presto-root:0.192-SNAPSHOT
[ERROR] Failed to determine Java version for profile java9-surefire @ io.airlift:airbase:79

14:12:16.050 [main] DEBUG f.i.s.r.p.step.paths.ComputeTestDir - Build section does not exist in the following pom.xml: /root/workspace/prestodb/presto/324430352/pom.xml. Continue to try to get test dir from all modules.
14:12:16.059 [main] ERROR f.i.s.r.process.maven.MavenHelper - Error while building complete model. The raw model will be used. Error message: 1 problem was encountered while building the effective model for com.facebook.presto:presto-atop:0.192-SNAPSHOT
[ERROR] Failed to determine Java version for profile java9-surefire @ io.airlift:airbase:79

14:12:16.067 [main] ERROR f.i.s.r.process.maven.MavenHelper - Error while building complete model. The raw model will be used. Error message: 1 problem was encountered while building the effective model for com.facebook.presto:presto-spi:0.192-SNAPSHOT
[ERROR] Failed to determine Java version for profile java9-surefire @ io.airlift:airbase:79

14:12:16.074 [main] ERROR f.i.s.r.process.maven.MavenHelper - Error while building complete model. The raw model will be used. Error message: 1 problem was encountered while building the effective model for com.facebook.presto:presto-array:0.192-SNAPSHOT
[ERROR] Failed to determine Java version for profile java9-surefire @ io.airlift:airbase:79

14:12:16.082 [main] ERROR f.i.s.r.process.maven.MavenHelper - Error while building complete model. The raw model will be used. Error message: 1 problem was encountered while building the effective model for com.facebook.presto:presto-jmx:0.192-SNAPSHOT
[ERROR] Failed to determine Java version for profile java9-surefire @ io.airlift:airbase:79

14:12:16.089 [main] ERROR f.i.s.r.process.maven.MavenHelper - Error while building complete model. The raw model will be used. Error message: 1 problem was encountered while building the effective model for com.facebook.presto:presto-record-decoder:0.192-SNAPSHOT
[ERROR] Failed to determine Java version for profile java9-surefire @ io.airlift:airbase:79

14:12:16.098 [main] ERROR f.i.s.r.process.maven.MavenHelper - Error while building complete model. The raw model will be used. Error message: 1 problem was encountered while building the effective model for com.facebook.presto:presto-kafka:0.192-SNAPSHOT
[ERROR] Failed to determine Java version for profile java9-surefire @ io.airlift:airbase:79

14:12:16.107 [main] ERROR f.i.s.r.process.maven.MavenHelper - Error while building complete model. The raw model will be used. Error message: 1 problem was encountered while building the effective model for com.facebook.presto:presto-redis:0.192-SNAPSHOT
[ERROR] Failed to determine Java version for profile java9-surefire @ io.airlift:airbase:79

14:12:16.116 [main] ERROR f.i.s.r.process.maven.MavenHelper - Error while building complete model. The raw model will be used. Error message: 1 problem was encountered while building the effective model for com.facebook.presto:presto-accumulo:0.192-SNAPSHOT
[ERROR] Failed to determine Java version for profile java9-surefire @ io.airlift:airbase:79

14:12:16.124 [main] ERROR f.i.s.r.process.maven.MavenHelper - Error while building complete model. The raw model will be used. Error message: 1 problem was encountered while building the effective model for com.facebook.presto:presto-cassandra:0.192-SNAPSHOT
[ERROR] Failed to determine Java version for profile java9-surefire @ io.airlift:airbase:79

14:12:16.132 [main] ERROR f.i.s.r.process.maven.MavenHelper - Error while building complete model. The raw model will be used. Error message: 1 problem was encountered while building the effective model for com.facebook.presto:presto-blackhole:0.192-SNAPSHOT
[ERROR] Failed to determine Java version for profile java9-surefire @ io.airlift:airbase:79

14:12:16.141 [main] ERROR f.i.s.r.process.maven.MavenHelper - Error while building complete model. The raw model will be used. Error message: 1 problem was encountered while building the effective model for com.facebook.presto:presto-memory:0.192-SNAPSHOT
[ERROR] Failed to determine Java version for profile java9-surefire @ io.airlift:airbase:79

14:12:16.149 [main] ERROR f.i.s.r.process.maven.MavenHelper - Error while building complete model. The raw model will be used. Error message: 1 problem was encountered while building the effective model for com.facebook.presto:presto-orc:0.192-SNAPSHOT
[ERROR] Failed to determine Java version for profile java9-surefire @ io.airlift:airbase:79

14:12:16.157 [main] ERROR f.i.s.r.process.maven.MavenHelper - Error while building complete model. The raw model will be used. Error message: 1 problem was encountered while building the effective model for com.facebook.presto:presto-rcfile:0.192-SNAPSHOT
[ERROR] Failed to determine Java version for profile java9-surefire @ io.airlift:airbase:79

14:12:16.164 [main] ERROR f.i.s.r.process.maven.MavenHelper - Error while building complete model. The raw model will be used. Error message: 1 problem was encountered while building the effective model for com.facebook.presto:presto-hive:0.192-SNAPSHOT
[ERROR] Failed to determine Java version for profile java9-surefire @ io.airlift:airbase:79

14:12:16.171 [main] ERROR f.i.s.r.process.maven.MavenHelper - Error while building complete model. The raw model will be used. Error message: 1 problem was encountered while building the effective model for com.facebook.presto:presto-hive-hadoop2:0.192-SNAPSHOT
[ERROR] Failed to determine Java version for profile java9-surefire @ io.airlift:airbase:79

14:12:16.179 [main] ERROR f.i.s.r.process.maven.MavenHelper - Error while building complete model. The raw model will be used. Error message: 1 problem was encountered while building the effective model for com.facebook.presto:presto-teradata-functions:0.192-SNAPSHOT
[ERROR] Failed to determine Java version for profile java9-surefire @ io.airlift:airbase:79

14:12:16.186 [main] ERROR f.i.s.r.process.maven.MavenHelper - Error while building complete model. The raw model will be used. Error message: 1 problem was encountered while building the effective model for com.facebook.presto:presto-example-http:0.192-SNAPSHOT
[ERROR] Failed to determine Java version for profile java9-surefire @ io.airlift:airbase:79

14:12:16.194 [main] ERROR f.i.s.r.process.maven.MavenHelper - Error while building complete model. The raw model will be used. Error message: 1 problem was encountered while building the effective model for com.facebook.presto:presto-local-file:0.192-SNAPSHOT
[ERROR] Failed to determine Java version for profile java9-surefire @ io.airlift:airbase:79

14:12:16.201 [main] ERROR f.i.s.r.process.maven.MavenHelper - Error while building complete model. The raw model will be used. Error message: 1 problem was encountered while building the effective model for com.facebook.presto:presto-tpch:0.192-SNAPSHOT
[ERROR] Failed to determine Java version for profile java9-surefire @ io.airlift:airbase:79

14:12:16.208 [main] ERROR f.i.s.r.process.maven.MavenHelper - Error while building complete model. The raw model will be used. Error message: 1 problem was encountered while building the effective model for com.facebook.presto:presto-tpcds:0.192-SNAPSHOT
[ERROR] Failed to determine Java version for profile java9-surefire @ io.airlift:airbase:79

14:12:16.216 [main] ERROR f.i.s.r.process.maven.MavenHelper - Error while building complete model. The raw model will be used. Error message: 1 problem was encountered while building the effective model for com.facebook.presto:presto-raptor:0.192-SNAPSHOT
[ERROR] Failed to determine Java version for profile java9-surefire @ io.airlift:airbase:79

14:12:16.223 [main] ERROR f.i.s.r.process.maven.MavenHelper - Error while building complete model. The raw model will be used. Error message: 1 problem was encountered while building the effective model for com.facebook.presto:presto-base-jdbc:0.192-SNAPSHOT
[ERROR] Failed to determine Java version for profile java9-surefire @ io.airlift:airbase:79

14:12:16.231 [main] ERROR f.i.s.r.process.maven.MavenHelper - Error while building complete model. The raw model will be used. Error message: 1 problem was encountered while building the effective model for com.facebook.presto:presto-mysql:0.192-SNAPSHOT
[ERROR] Failed to determine Java version for profile java9-surefire @ io.airlift:airbase:79

14:12:16.239 [main] ERROR f.i.s.r.process.maven.MavenHelper - Error while building complete model. The raw model will be used. Error message: 1 problem was encountered while building the effective model for com.facebook.presto:presto-postgresql:0.192-SNAPSHOT
[ERROR] Failed to determine Java version for profile java9-surefire @ io.airlift:airbase:79

14:12:16.246 [main] ERROR f.i.s.r.process.maven.MavenHelper - Error while building complete model. The raw model will be used. Error message: 1 problem was encountered while building the effective model for com.facebook.presto:presto-redshift:0.192-SNAPSHOT
[ERROR] Failed to determine Java version for profile java9-surefire @ io.airlift:airbase:79

14:12:16.254 [main] ERROR f.i.s.r.process.maven.MavenHelper - Error while building complete model. The raw model will be used. Error message: 1 problem was encountered while building the effective model for com.facebook.presto:presto-sqlserver:0.192-SNAPSHOT
[ERROR] Failed to determine Java version for profile java9-surefire @ io.airlift:airbase:79

14:12:16.262 [main] ERROR f.i.s.r.process.maven.MavenHelper - Error while building complete model. The raw model will be used. Error message: 1 problem was encountered while building the effective model for com.facebook.presto:presto-mongodb:0.192-SNAPSHOT
[ERROR] Failed to determine Java version for profile java9-surefire @ io.airlift:airbase:79

14:12:16.269 [main] ERROR f.i.s.r.process.maven.MavenHelper - Error while building complete model. The raw model will be used. Error message: 1 problem was encountered while building the effective model for com.facebook.presto:presto-bytecode:0.192-SNAPSHOT
[ERROR] Failed to determine Java version for profile java9-surefire @ io.airlift:airbase:79

14:12:16.278 [main] ERROR f.i.s.r.process.maven.MavenHelper - Error while building complete model. The raw model will be used. Error message: 1 problem was encountered while building the effective model for com.facebook.presto:presto-client:0.192-SNAPSHOT
[ERROR] Failed to determine Java version for profile java9-surefire @ io.airlift:airbase:79

14:12:16.285 [main] ERROR f.i.s.r.process.maven.MavenHelper - Error while building complete model. The raw model will be used. Error message: 1 problem was encountered while building the effective model for com.facebook.presto:presto-parser:0.192-SNAPSHOT
[ERROR] Failed to determine Java version for profile java9-surefire @ io.airlift:airbase:79

14:12:16.299 [main] ERROR f.i.s.r.process.maven.MavenHelper - Error while building complete model. The raw model will be used. Error message: 1 problem was encountered while building the effective model for com.facebook.presto:presto-main:0.192-SNAPSHOT
[ERROR] Failed to determine Java version for profile java9-surefire @ io.airlift:airbase:79

14:12:16.316 [main] ERROR f.i.s.r.process.maven.MavenHelper - Error while building complete model. The raw model will be used. Error message: 1 problem was encountered while building the effective model for com.facebook.presto:presto-ml:0.192-SNAPSHOT
[ERROR] Failed to determine Java version for profile java9-surefire @ io.airlift:airbase:79

14:12:16.344 [main] ERROR f.i.s.r.process.maven.MavenHelper - Error while building complete model. The raw model will be used. Error message: 1 problem was encountered while building the effective model for com.facebook.presto:presto-geospatial:0.192-SNAPSHOT
[ERROR] Failed to determine Java version for profile java9-surefire @ io.airlift:airbase:79

14:12:16.345 [main] DEBUG f.i.s.r.p.step.paths.ComputeTestDir - The default test directory (/root/workspace/prestodb/presto/324430352/presto-geospatial-toolkit/src/test/java) does not exist. Try to read pom.xml to get information.
14:12:16.353 [main] ERROR f.i.s.r.process.maven.MavenHelper - Error while building complete model. The raw model will be used. Error message: 1 problem was encountered while building the effective model for com.facebook.presto:presto-geospatial-toolkit:0.192-SNAPSHOT
[ERROR] Failed to determine Java version for profile java9-surefire @ io.airlift:airbase:79

14:12:16.353 [main] DEBUG f.i.s.r.p.step.paths.ComputeTestDir - Build section does not exist in the following pom.xml: /root/workspace/prestodb/presto/324430352/presto-geospatial-toolkit/pom.xml. Continue to try to get test dir from all modules.
14:12:16.353 [main] ERROR f.i.s.r.p.step.paths.ComputeTestDir - The test directory is not at default location or specified in build section from pom.xml, and no parent can be found.
14:12:16.361 [main] ERROR f.i.s.r.process.maven.MavenHelper - Error while building complete model. The raw model will be used. Error message: 1 problem was encountered while building the effective model for com.facebook.presto:presto-benchmark:0.192-SNAPSHOT
[ERROR] Failed to determine Java version for profile java9-surefire @ io.airlift:airbase:79

14:12:16.368 [main] ERROR f.i.s.r.process.maven.MavenHelper - Error while building complete model. The raw model will be used. Error message: 1 problem was encountered while building the effective model for com.facebook.presto:presto-tests:0.192-SNAPSHOT
[ERROR] Failed to determine Java version for profile java9-surefire @ io.airlift:airbase:79

14:12:16.375 [main] ERROR f.i.s.r.process.maven.MavenHelper - Error while building complete model. The raw model will be used. Error message: 1 problem was encountered while building the effective model for com.facebook.presto:presto-product-tests:0.192-SNAPSHOT
[ERROR] Failed to determine Java version for profile java9-surefire @ io.airlift:airbase:79

14:12:16.382 [main] ERROR f.i.s.r.process.maven.MavenHelper - Error while building complete model. The raw model will be used. Error message: 1 problem was encountered while building the effective model for com.facebook.presto:presto-jdbc:0.192-SNAPSHOT
[ERROR] Failed to determine Java version for profile java9-surefire @ io.airlift:airbase:79

14:12:16.388 [main] ERROR f.i.s.r.process.maven.MavenHelper - Error while building complete model. The raw model will be used. Error message: 1 problem was encountered while building the effective model for com.facebook.presto:presto-cli:0.192-SNAPSHOT
[ERROR] Failed to determine Java version for profile java9-surefire @ io.airlift:airbase:79

14:12:16.395 [main] ERROR f.i.s.r.process.maven.MavenHelper - Error while building complete model. The raw model will be used. Error message: 1 problem was encountered while building the effective model for com.facebook.presto:presto-benchmark-driver:0.192-SNAPSHOT
[ERROR] Failed to determine Java version for profile java9-surefire @ io.airlift:airbase:79

14:12:16.395 [main] DEBUG f.i.s.r.p.step.paths.ComputeTestDir - The default test directory (/root/workspace/prestodb/presto/324430352/presto-server/src/test/java) does not exist. Try to read pom.xml to get information.
14:12:16.401 [main] ERROR f.i.s.r.process.maven.MavenHelper - Error while building complete model. The raw model will be used. Error message: 1 problem was encountered while building the effective model for com.facebook.presto:presto-server:0.192-SNAPSHOT
[ERROR] Failed to determine Java version for profile java9-surefire @ io.airlift:airbase:79

14:12:16.401 [main] DEBUG f.i.s.r.p.step.paths.ComputeTestDir - Build section does not exist in the following pom.xml: /root/workspace/prestodb/presto/324430352/presto-server/pom.xml. Continue to try to get test dir from all modules.
14:12:16.402 [main] ERROR f.i.s.r.p.step.paths.ComputeTestDir - The test directory is not at default location or specified in build section from pom.xml, and no parent can be found.
14:12:16.402 [main] DEBUG f.i.s.r.p.step.paths.ComputeTestDir - The default test directory (/root/workspace/prestodb/presto/324430352/presto-server-rpm/src/test/java) does not exist. Try to read pom.xml to get information.
14:12:16.410 [main] ERROR f.i.s.r.process.maven.MavenHelper - Error while building complete model. The raw model will be used. Error message: 1 problem was encountered while building the effective model for com.facebook.presto:presto-server-rpm:0.192-SNAPSHOT
[ERROR] Failed to determine Java version for profile java9-surefire @ io.airlift:airbase:79

14:12:16.411 [main] DEBUG f.i.s.r.p.step.paths.ComputeTestDir - Build section does not exist in the following pom.xml: /root/workspace/prestodb/presto/324430352/presto-server-rpm/pom.xml. Continue to try to get test dir from all modules.
14:12:16.411 [main] ERROR f.i.s.r.p.step.paths.ComputeTestDir - The test directory is not at default location or specified in build section from pom.xml, and no parent can be found.
14:12:16.411 [main] DEBUG f.i.s.r.p.step.paths.ComputeTestDir - The default test directory (/root/workspace/prestodb/presto/324430352/presto-docs/src/test/java) does not exist. Try to read pom.xml to get information.
14:12:16.418 [main] ERROR f.i.s.r.process.maven.MavenHelper - Error while building complete model. The raw model will be used. Error message: 1 problem was encountered while building the effective model for com.facebook.presto:presto-docs:0.192-SNAPSHOT
[ERROR] Failed to determine Java version for profile java9-surefire @ io.airlift:airbase:79

14:12:16.419 [main] DEBUG f.i.s.r.p.step.paths.ComputeTestDir - Build section does not exist in the following pom.xml: /root/workspace/prestodb/presto/324430352/presto-docs/pom.xml. Continue to try to get test dir from all modules.
14:12:16.419 [main] ERROR f.i.s.r.p.step.paths.ComputeTestDir - The test directory is not at default location or specified in build section from pom.xml, and no parent can be found.
14:12:16.426 [main] ERROR f.i.s.r.process.maven.MavenHelper - Error while building complete model. The raw model will be used. Error message: 1 problem was encountered while building the effective model for com.facebook.presto:presto-verifier:0.192-SNAPSHOT
[ERROR] Failed to determine Java version for profile java9-surefire @ io.airlift:airbase:79

14:12:16.426 [main] DEBUG f.i.s.r.p.step.paths.ComputeTestDir - The default test directory (/root/workspace/prestodb/presto/324430352/presto-testing-server-launcher/src/test/java) does not exist. Try to read pom.xml to get information.
14:12:16.432 [main] ERROR f.i.s.r.process.maven.MavenHelper - Error while building complete model. The raw model will be used. Error message: 1 problem was encountered while building the effective model for com.facebook.presto:presto-testing-server-launcher:0.192-SNAPSHOT
[ERROR] Failed to determine Java version for profile java9-surefire @ io.airlift:airbase:79

14:12:16.433 [main] DEBUG f.i.s.r.p.step.paths.ComputeTestDir - Build section does not exist in the following pom.xml: /root/workspace/prestodb/presto/324430352/presto-testing-server-launcher/pom.xml. Continue to try to get test dir from all modules.
14:12:16.433 [main] ERROR f.i.s.r.p.step.paths.ComputeTestDir - The test directory is not at default location or specified in build section from pom.xml, and no parent can be found.
14:12:16.440 [main] ERROR f.i.s.r.process.maven.MavenHelper - Error while building complete model. The raw model will be used. Error message: 1 problem was encountered while building the effective model for com.facebook.presto:presto-plugin-toolkit:0.192-SNAPSHOT
[ERROR] Failed to determine Java version for profile java9-surefire @ io.airlift:airbase:79

14:12:16.448 [main] ERROR f.i.s.r.process.maven.MavenHelper - Error while building complete model. The raw model will be used. Error message: 1 problem was encountered while building the effective model for com.facebook.presto:presto-resource-group-managers:0.192-SNAPSHOT
[ERROR] Failed to determine Java version for profile java9-surefire @ io.airlift:airbase:79

14:12:16.449 [main] DEBUG f.i.s.r.p.step.paths.ComputeTestDir - The default test directory (/root/workspace/prestodb/presto/324430352/presto-benchto-benchmarks/src/test/java) does not exist. Try to read pom.xml to get information.
14:12:16.456 [main] ERROR f.i.s.r.process.maven.MavenHelper - Error while building complete model. The raw model will be used. Error message: 1 problem was encountered while building the effective model for com.facebook.presto:presto-benchto-benchmarks:0.192-SNAPSHOT
[ERROR] Failed to determine Java version for profile java9-surefire @ io.airlift:airbase:79

14:12:16.457 [main] DEBUG f.i.s.r.p.step.paths.ComputeTestDir - Build section does not exist in the following pom.xml: /root/workspace/prestodb/presto/324430352/presto-benchto-benchmarks/pom.xml. Continue to try to get test dir from all modules.
14:12:16.457 [main] ERROR f.i.s.r.p.step.paths.ComputeTestDir - The test directory is not at default location or specified in build section from pom.xml, and no parent can be found.
14:12:16.466 [main] ERROR f.i.s.r.process.maven.MavenHelper - Error while building complete model. The raw model will be used. Error message: 1 problem was encountered while building the effective model for com.facebook.presto:presto-thrift-connector-api:0.192-SNAPSHOT
[ERROR] Failed to determine Java version for profile java9-surefire @ io.airlift:airbase:79

14:12:16.480 [main] ERROR f.i.s.r.process.maven.MavenHelper - Error while building complete model. The raw model will be used. Error message: 1 problem was encountered while building the effective model for com.facebook.presto:presto-thrift-testing-server:0.192-SNAPSHOT
[ERROR] Failed to determine Java version for profile java9-surefire @ io.airlift:airbase:79

14:12:16.489 [main] ERROR f.i.s.r.process.maven.MavenHelper - Error while building complete model. The raw model will be used. Error message: 1 problem was encountered while building the effective model for com.facebook.presto:presto-thrift-connector:0.192-SNAPSHOT
[ERROR] Failed to determine Java version for profile java9-surefire @ io.airlift:airbase:79

14:12:16.498 [main] ERROR f.i.s.r.process.maven.MavenHelper - Error while building complete model. The raw model will be used. Error message: 1 problem was encountered while building the effective model for com.facebook.presto:presto-matching:0.192-SNAPSHOT
[ERROR] Failed to determine Java version for profile java9-surefire @ io.airlift:airbase:79

14:12:16.499 [main] INFO  f.i.s.r.p.step.paths.ComputeTestDir - 46 test dirs were found:
14:12:16.499 [main] INFO  f.i.s.r.p.step.paths.ComputeTestDir - /root/workspace/prestodb/presto/324430352/presto-accumulo/src/test/java
14:12:16.499 [main] INFO  f.i.s.r.p.step.paths.ComputeTestDir - /root/workspace/prestodb/presto/324430352/presto-array/src/test/java
14:12:16.499 [main] INFO  f.i.s.r.p.step.paths.ComputeTestDir - /root/workspace/prestodb/presto/324430352/presto-atop/src/test/java
14:12:16.499 [main] INFO  f.i.s.r.p.step.paths.ComputeTestDir - /root/workspace/prestodb/presto/324430352/presto-base-jdbc/src/test/java
14:12:16.499 [main] INFO  f.i.s.r.p.step.paths.ComputeTestDir - /root/workspace/prestodb/presto/324430352/presto-benchmark-driver/src/test/java
14:12:16.500 [main] INFO  f.i.s.r.p.step.paths.ComputeTestDir - /root/workspace/prestodb/presto/324430352/presto-benchmark/src/test/java
14:12:16.500 [main] INFO  f.i.s.r.p.step.paths.ComputeTestDir - /root/workspace/prestodb/presto/324430352/presto-blackhole/src/test/java
14:12:16.500 [main] INFO  f.i.s.r.p.step.paths.ComputeTestDir - /root/workspace/prestodb/presto/324430352/presto-bytecode/src/test/java
14:12:16.500 [main] INFO  f.i.s.r.p.step.paths.ComputeTestDir - /root/workspace/prestodb/presto/324430352/presto-cassandra/src/test/java
14:12:16.500 [main] INFO  f.i.s.r.p.step.paths.ComputeTestDir - /root/workspace/prestodb/presto/324430352/presto-cli/src/test/java
14:12:16.501 [main] INFO  f.i.s.r.p.step.paths.ComputeTestDir - /root/workspace/prestodb/presto/324430352/presto-client/src/test/java
14:12:16.501 [main] INFO  f.i.s.r.p.step.paths.ComputeTestDir - /root/workspace/prestodb/presto/324430352/presto-example-http/src/test/java
14:12:16.501 [main] INFO  f.i.s.r.p.step.paths.ComputeTestDir - /root/workspace/prestodb/presto/324430352/presto-geospatial/src/test/java
14:12:16.501 [main] INFO  f.i.s.r.p.step.paths.ComputeTestDir - /root/workspace/prestodb/presto/324430352/presto-hive-hadoop2/src/test/java
14:12:16.501 [main] INFO  f.i.s.r.p.step.paths.ComputeTestDir - /root/workspace/prestodb/presto/324430352/presto-hive/src/test/java
14:12:16.501 [main] INFO  f.i.s.r.p.step.paths.ComputeTestDir - /root/workspace/prestodb/presto/324430352/presto-jdbc/src/test/java
14:12:16.501 [main] INFO  f.i.s.r.p.step.paths.ComputeTestDir - /root/workspace/prestodb/presto/324430352/presto-jmx/src/test/java
14:12:16.501 [main] INFO  f.i.s.r.p.step.paths.ComputeTestDir - /root/workspace/prestodb/presto/324430352/presto-kafka/src/test/java
14:12:16.502 [main] INFO  f.i.s.r.p.step.paths.ComputeTestDir - /root/workspace/prestodb/presto/324430352/presto-local-file/src/test/java
14:12:16.502 [main] INFO  f.i.s.r.p.step.paths.ComputeTestDir - /root/workspace/prestodb/presto/324430352/presto-main/src/test/java
14:12:16.502 [main] INFO  f.i.s.r.p.step.paths.ComputeTestDir - /root/workspace/prestodb/presto/324430352/presto-matching/src/test/java
14:12:16.502 [main] INFO  f.i.s.r.p.step.paths.ComputeTestDir - /root/workspace/prestodb/presto/324430352/presto-memory/src/test/java
14:12:16.502 [main] INFO  f.i.s.r.p.step.paths.ComputeTestDir - /root/workspace/prestodb/presto/324430352/presto-ml/src/test/java
14:12:16.502 [main] INFO  f.i.s.r.p.step.paths.ComputeTestDir - /root/workspace/prestodb/presto/324430352/presto-mongodb/src/test/java
14:12:16.503 [main] INFO  f.i.s.r.p.step.paths.ComputeTestDir - /root/workspace/prestodb/presto/324430352/presto-mysql/src/test/java
14:12:16.503 [main] INFO  f.i.s.r.p.step.paths.ComputeTestDir - /root/workspace/prestodb/presto/324430352/presto-orc/src/test/java
14:12:16.503 [main] INFO  f.i.s.r.p.step.paths.ComputeTestDir - /root/workspace/prestodb/presto/324430352/presto-parser/src/test/java
14:12:16.503 [main] INFO  f.i.s.r.p.step.paths.ComputeTestDir - /root/workspace/prestodb/presto/324430352/presto-plugin-toolkit/src/test/java
14:12:16.503 [main] INFO  f.i.s.r.p.step.paths.ComputeTestDir - /root/workspace/prestodb/presto/324430352/presto-postgresql/src/test/java
14:12:16.503 [main] INFO  f.i.s.r.p.step.paths.ComputeTestDir - /root/workspace/prestodb/presto/324430352/presto-product-tests/src/test/java
14:12:16.503 [main] INFO  f.i.s.r.p.step.paths.ComputeTestDir - /root/workspace/prestodb/presto/324430352/presto-raptor/src/test/java
14:12:16.504 [main] INFO  f.i.s.r.p.step.paths.ComputeTestDir - /root/workspace/prestodb/presto/324430352/presto-rcfile/src/test/java
14:12:16.504 [main] INFO  f.i.s.r.p.step.paths.ComputeTestDir - /root/workspace/prestodb/presto/324430352/presto-record-decoder/src/test/java
14:12:16.504 [main] INFO  f.i.s.r.p.step.paths.ComputeTestDir - /root/workspace/prestodb/presto/324430352/presto-redis/src/test/java
14:12:16.504 [main] INFO  f.i.s.r.p.step.paths.ComputeTestDir - /root/workspace/prestodb/presto/324430352/presto-redshift/src/test/java
14:12:16.504 [main] INFO  f.i.s.r.p.step.paths.ComputeTestDir - /root/workspace/prestodb/presto/324430352/presto-resource-group-managers/src/test/java
14:12:16.504 [main] INFO  f.i.s.r.p.step.paths.ComputeTestDir - /root/workspace/prestodb/presto/324430352/presto-spi/src/test/java
14:12:16.505 [main] INFO  f.i.s.r.p.step.paths.ComputeTestDir - /root/workspace/prestodb/presto/324430352/presto-sqlserver/src/test/java
14:12:16.505 [main] INFO  f.i.s.r.p.step.paths.ComputeTestDir - /root/workspace/prestodb/presto/324430352/presto-teradata-functions/src/test/java
14:12:16.505 [main] INFO  f.i.s.r.p.step.paths.ComputeTestDir - /root/workspace/prestodb/presto/324430352/presto-tests/src/test/java
14:12:16.505 [main] INFO  f.i.s.r.p.step.paths.ComputeTestDir - /root/workspace/prestodb/presto/324430352/presto-thrift-connector-api/src/test/java
14:12:16.505 [main] INFO  f.i.s.r.p.step.paths.ComputeTestDir - /root/workspace/prestodb/presto/324430352/presto-thrift-connector/src/test/java
14:12:16.505 [main] INFO  f.i.s.r.p.step.paths.ComputeTestDir - /root/workspace/prestodb/presto/324430352/presto-thrift-testing-server/src/test/java
14:12:16.505 [main] INFO  f.i.s.r.p.step.paths.ComputeTestDir - /root/workspace/prestodb/presto/324430352/presto-tpcds/src/test/java
14:12:16.505 [main] INFO  f.i.s.r.p.step.paths.ComputeTestDir - /root/workspace/prestodb/presto/324430352/presto-tpch/src/test/java
14:12:16.505 [main] INFO  f.i.s.r.p.step.paths.ComputeTestDir - /root/workspace/prestodb/presto/324430352/presto-verifier/src/test/java
14:12:16.538 [main] DEBUG f.i.s.r.p.step.paths.ComputeTestDir - STEP STATUS: [ ComputeTestDir : SUCCESS ]
14:12:16.538 [main] DEBUG f.i.s.r.p.step.paths.ComputeTestDir - STEP DURATION: 0s
14:12:16.538 [main] DEBUG f.i.s.r.p.step.paths.ComputeTestDir - EXECUTE NEXT STEP
14:12:16.539 [main] DEBUG f.i.s.r.p.s.c.CheckoutBuggyBuildSourceCode - ----------------------------------------------------------------------
14:12:16.539 [main] DEBUG f.i.s.r.p.s.c.CheckoutBuggyBuildSourceCode - STEP 5/22: CheckoutBuggyBuildCandidateSourceCode
14:12:16.539 [main] DEBUG f.i.s.r.p.s.c.CheckoutBuggyBuildSourceCode - ----------------------------------------------------------------------
14:12:16.539 [main] DEBUG f.i.s.r.p.s.c.CheckoutBuggyBuildSourceCode - Checking out the source code of the buggy build candidate...
14:12:16.869 [main] INFO  fr.inria.jtravis.JTravis - GitHub ratelimit: Limit: 5000 Remaining: 4542 Reset hour: 19:15:10
14:12:18.435 [main] DEBUG f.i.s.r.process.git.GitHelper - Commit repairnator files...
14:12:18.435 [main] INFO  f.i.s.r.process.git.GitHelper - There is no repairnator file to commit.
14:12:18.435 [main] DEBUG f.i.s.r.p.s.c.CheckoutBuggyBuildSourceCode - Reproduce the PR for prestodb/presto by fetching remote branch and merging.
14:12:18.899 [main] DEBUG f.i.s.r.process.git.GitHelper - Step CheckoutBuggyBuildCandidateSourceCode - Get the commit d80b5dfe982aa1fbb46eb954fabb984a481819de for repo prestodb/presto
14:12:19.094 [main] DEBUG f.i.s.r.process.git.GitHelper - Step CheckoutBuggyBuildCandidateSourceCode - Do the merge with the PR commit for repo prestodb/presto
14:12:19.095 [main] INFO  f.i.s.r.process.git.GitHelper - Init git submodules.
14:12:19.377 [main] INFO  fr.inria.jtravis.JTravis - GitHub ratelimit: Limit: 5000 Remaining: 4535 Reset hour: 19:15:10
14:12:20.987 [main] DEBUG f.i.s.r.process.git.GitHelper - Commit repairnator files...
14:12:20.987 [main] INFO  f.i.s.r.process.git.GitHelper - There is no repairnator file to commit.
14:12:20.987 [main] DEBUG f.i.s.r.p.s.c.CheckoutBuggyBuildSourceCode - Reproduce the PR for prestodb/presto by fetching remote branch and merging.
14:12:21.431 [main] ERROR f.i.s.r.p.s.c.CheckoutBuggyBuildSourceCode - Error while testing commit: org.eclipse.jgit.errors.MissingObjectException: Missing unknown 6398743e8f82205623fcf4c0dfb32ba3105f16a7
14:12:21.432 [main] ERROR f.i.s.r.p.s.c.CheckoutBuggyBuildSourceCode - Commit head ref cannot be retrieved from the repository: 6398743e8f82205623fcf4c0dfb32ba3105f16a7. Operation aborted.
14:12:21.432 [main] ERROR f.i.s.r.p.s.c.CheckoutBuggyBuildSourceCode - Error while merging two commits to reproduce the PR.
14:12:21.433 [main] DEBUG f.i.s.r.p.s.c.CheckoutBuggyBuildSourceCode - STEP STATUS: [ CheckoutBuggyBuildCandidateSourceCode : FAILURE ( BUILDNOTCHECKEDOUT ) ]
14:12:21.433 [main] DEBUG f.i.s.r.p.s.c.CheckoutBuggyBuildSourceCode - STEP DURATION: 4s
14:12:21.433 [main] DEBUG f.i.s.r.p.s.c.CheckoutBuggyBuildSourceCode - TERMINATE PIPELINE
14:12:21.434 [main] DEBUG f.i.s.r.p.s.c.CheckoutBuggyBuildSourceCode - FINAL STEPS SKIPPED: The reproduction of the bug and/or the patch failed.
14:12:21.434 [main] INFO  f.i.s.r.p.s.c.CheckoutBuggyBuildSourceCode - Serialize all data for the pair of builds 324430352, 325178057
14:12:21.551 [main] INFO  fr.inria.jtravis.JTravis - GitHub ratelimit: Limit: 5000 Remaining: 4527 Reset hour: 19:15:10
14:12:22.781 [main] INFO  f.i.s.r.p.i.ProjectInspector - ----------------------------------------------------------------------
14:12:22.781 [main] INFO  f.i.s.r.p.i.ProjectInspector - PIPELINE EXECUTION SUMMARY
14:12:22.781 [main] INFO  f.i.s.r.p.i.ProjectInspector - ----------------------------------------------------------------------
14:12:22.782 [main] INFO  f.i.s.r.p.i.ProjectInspector - CloneRepository.......................................SUCCESS [ 42 s ]
14:12:22.782 [main] INFO  f.i.s.r.p.i.ProjectInspector - CheckoutPatchedBuildCandidate.........................SUCCESS [  6 s ]
14:12:22.782 [main] INFO  f.i.s.r.p.i.ProjectInspector - ComputeSourceDir......................................SUCCESS [  2 s ]
14:12:22.782 [main] INFO  f.i.s.r.p.i.ProjectInspector - ComputeTestDir........................................SUCCESS [  0 s ]
14:12:22.782 [main] INFO  f.i.s.r.p.i.ProjectInspector - CheckoutBuggyBuildCandidateSourceCode.................FAILURE [  4 s ]
14:12:22.782 [main] INFO  f.i.s.r.p.i.ProjectInspector - BuildProjectBuggyBuildCandidateSourceCode.............NOT RUN         
14:12:22.782 [main] INFO  f.i.s.r.p.i.ProjectInspector - TestProjectBuggyBuildCandidateSourceCode..............NOT RUN         
14:12:22.782 [main] INFO  f.i.s.r.p.i.ProjectInspector - GatherTestInformationBuggyBuildCandidateSourceCode....NOT RUN         
14:12:22.782 [main] INFO  f.i.s.r.p.i.ProjectInspector - CheckoutBuggyBuildTestCode............................NOT RUN         
14:12:22.782 [main] INFO  f.i.s.r.p.i.ProjectInspector - InitRepoToPush........................................NOT RUN         
14:12:22.782 [main] INFO  f.i.s.r.p.i.ProjectInspector - ComputeClasspath......................................NOT RUN         
14:12:22.782 [main] INFO  f.i.s.r.p.i.ProjectInspector - ComputeModules........................................NOT RUN         
14:12:22.783 [main] INFO  f.i.s.r.p.i.ProjectInspector - CheckoutBuggyBuildCandidateSourceCode.................NOT RUN         
14:12:22.783 [main] INFO  f.i.s.r.p.i.ProjectInspector - CommitChangedTests....................................NOT RUN         
14:12:22.783 [main] INFO  f.i.s.r.p.i.ProjectInspector - CheckoutPatchedBuildCandidate.........................NOT RUN         
14:12:22.783 [main] INFO  f.i.s.r.p.i.ProjectInspector - BuildProjectPatchedBuildCandidate.....................NOT RUN         
14:12:22.783 [main] INFO  f.i.s.r.p.i.ProjectInspector - TestProjectPatchedBuildCandidate......................NOT RUN         
14:12:22.783 [main] INFO  f.i.s.r.p.i.ProjectInspector - GatherTestInformationPatchedBuildCandidate............NOT RUN         
14:12:22.783 [main] INFO  f.i.s.r.p.i.ProjectInspector - CommitPatch...........................................NOT RUN         
14:12:22.783 [main] INFO  f.i.s.r.p.i.ProjectInspector - WritePropertyFile.....................................NOT RUN         
14:12:22.783 [main] INFO  f.i.s.r.p.i.ProjectInspector - CommitProcessEnd......................................NOT RUN         
14:12:22.784 [main] INFO  f.i.s.r.p.i.ProjectInspector - PushProcessEnd........................................NOT RUN         
14:12:22.784 [main] INFO  f.i.s.r.p.i.ProjectInspector - ----------------------------------------------------------------------
14:12:22.784 [main] INFO  f.i.s.r.p.i.ProjectInspector - PIPELINE FINDING: BUILDNOTCHECKEDOUT
14:12:22.784 [main] INFO  f.i.s.r.p.i.ProjectInspector - ----------------------------------------------------------------------
14:12:22.784 [main] INFO  f.i.s.repairnator.pipeline.Launcher - Inspector is finished. The process will exit now.
