17:03:03.881 [main] INFO  f.i.s.repairnator.pipeline.Launcher - PIPELINE VERSION: 3.0-2018-08-09 19:04
17:03:03.999 [main] INFO  f.i.s.repairnator.pipeline.Launcher - The pipeline will try to reproduce a bug from build 363446977 and its corresponding patch from build 363453419
17:03:03.999 [main] INFO  f.i.s.repairnator.pipeline.Launcher - Initialize file serializer engines.
17:03:04.000 [main] INFO  f.i.s.repairnator.pipeline.Launcher - MongoDB won't be used for serialization.
17:03:04.001 [main] INFO  f.i.s.repairnator.pipeline.Launcher - The email notifier engine won't be used.
17:03:04.004 [main] INFO  f.i.s.repairnator.pipeline.Launcher - Start by getting the build (buildId: 363446977) with the following config: RepairnatorConfig{runId='cbc977a0-20a7-4a06-bcfb-bc20c5ff9a19_04-18-week1-FAILING_AND_PASSING', launcherMode=BEARS, serializeJson=true, inputPath='null', outputPath='/var/log', mongodbHost='null', mongodbName='repairnator', smtpServer='null', notifyTo=[], notifyEndProcess=false, push=true, pushRemoteRepo='https://github.com/fermadeiral/bears-collection-fp', fork=false, lookFromDate=null, lookToDate=null, buildId=363446977, z3solverPath='./z3_for_linux', workspacePath='./workspace', githubToken='c8a341a903[...]', dockerImageName='null', skipDelete=false, createOutputDir=false, logDirectory='null', nbThreads=0, globalTimeout=0, whiteList=null, blackList=null, jobSleepTime=0, buildSleepTime=0, maxInspectedBuilds=0, duration=null, humanPatch=false, repository='null', clean=true, bearsMode=BOTH, bearsDelimiter = false, repairTools=NopolAllTests,NPEFix,AssertFixer,AstorJGenProg,AstorJKali,NopolSingleTest,AstorJMut,NopolTestExclusionStrategy, githubUserName= fermadeiral, githubUserEmail=fer.madeiral@gmail.com}
17:03:05.204 [main] DEBUG fr.inria.jtravis.helpers.BuildHelper - Get request to :https://api.travis-ci.org/build/363446977 done after 788 ms
17:03:05.560 [main] DEBUG fr.inria.jtravis.helpers.BuildHelper - Get request to :https://api.travis-ci.org/build/363453419 done after 215 ms
17:03:05.584 [main] INFO  f.i.s.repairnator.pipeline.Launcher - The patched build (363453419) was successfully retrieved from Travis.
17:03:06.936 [main] INFO  fr.inria.jtravis.JTravis - GitHub ratelimit: Limit: 5000 Remaining: 4939 Reset hour: 19:36:55
17:03:07.180 [main] INFO  f.i.s.r.p.i.ProjectInspector - ----------------------------------------------------------------------
17:03:07.180 [main] INFO  f.i.s.r.p.i.ProjectInspector - PIPELINE STEPS
17:03:07.180 [main] INFO  f.i.s.r.p.i.ProjectInspector - ----------------------------------------------------------------------
17:03:07.181 [main] INFO  f.i.s.r.p.i.ProjectInspector - CloneRepository
17:03:07.181 [main] INFO  f.i.s.r.p.i.ProjectInspector - CheckoutBuggyBuildCandidate
17:03:07.181 [main] INFO  f.i.s.r.p.i.ProjectInspector - ComputeSourceDir
17:03:07.181 [main] INFO  f.i.s.r.p.i.ProjectInspector - ComputeTestDir
17:03:07.181 [main] INFO  f.i.s.r.p.i.ProjectInspector - BuildProjectBuggyBuildCandidate
17:03:07.181 [main] INFO  f.i.s.r.p.i.ProjectInspector - TestProjectBuggyBuildCandidate
17:03:07.181 [main] INFO  f.i.s.r.p.i.ProjectInspector - GatherTestInformationBuggyBuildCandidate
17:03:07.182 [main] INFO  f.i.s.r.p.i.ProjectInspector - InitRepoToPush
17:03:07.182 [main] INFO  f.i.s.r.p.i.ProjectInspector - ComputeClasspath
17:03:07.182 [main] INFO  f.i.s.r.p.i.ProjectInspector - ComputeModules
17:03:07.182 [main] INFO  f.i.s.r.p.i.ProjectInspector - CheckoutPatchedBuildCandidate
17:03:07.182 [main] INFO  f.i.s.r.p.i.ProjectInspector - BuildProjectPatchedBuildCandidate
17:03:07.182 [main] INFO  f.i.s.r.p.i.ProjectInspector - TestProjectPatchedBuildCandidate
17:03:07.182 [main] INFO  f.i.s.r.p.i.ProjectInspector - GatherTestInformationPatchedBuildCandidate
17:03:07.182 [main] INFO  f.i.s.r.p.i.ProjectInspector - CommitPatch
17:03:07.182 [main] INFO  f.i.s.r.p.i.ProjectInspector - WritePropertyFile
17:03:07.183 [main] INFO  f.i.s.r.p.i.ProjectInspector - CommitProcessEnd
17:03:07.183 [main] INFO  f.i.s.r.p.i.ProjectInspector - PushProcessEnd
17:03:07.183 [main] DEBUG f.i.s.r.process.step.CloneRepository - ----------------------------------------------------------------------
17:03:07.183 [main] DEBUG f.i.s.r.process.step.CloneRepository - STEP 1/18: CloneRepository
17:03:07.183 [main] DEBUG f.i.s.r.process.step.CloneRepository - ----------------------------------------------------------------------
17:03:07.184 [main] DEBUG f.i.s.r.process.step.CloneRepository - Cloning repository apache/nifi in the following directory: ./workspace/apache/nifi/363446977
17:03:43.403 [main] DEBUG f.i.s.r.process.step.CloneRepository - STEP STATUS: [ CloneRepository : SUCCESS ]
17:03:43.406 [main] DEBUG f.i.s.r.process.step.CloneRepository - STEP DURATION: 36s
17:03:43.407 [main] DEBUG f.i.s.r.process.step.CloneRepository - EXECUTE NEXT STEP
17:03:43.408 [main] DEBUG f.i.s.r.p.s.c.CheckoutBuggyBuild - ----------------------------------------------------------------------
17:03:43.408 [main] DEBUG f.i.s.r.p.s.c.CheckoutBuggyBuild - STEP 2/18: CheckoutBuggyBuildCandidate
17:03:43.409 [main] DEBUG f.i.s.r.p.s.c.CheckoutBuggyBuild - ----------------------------------------------------------------------
17:03:43.409 [main] DEBUG f.i.s.r.p.s.c.CheckoutBuggyBuild - Checking out buggy build candidate...
17:03:43.867 [main] INFO  fr.inria.jtravis.JTravis - GitHub ratelimit: Limit: 5000 Remaining: 4938 Reset hour: 19:36:55
17:03:46.582 [main] DEBUG f.i.s.r.p.s.c.CheckoutBuggyBuild - Reproduce the PR for apache/nifi by fetching remote branch and merging.
17:03:49.219 [main] ERROR f.i.s.r.p.s.c.CheckoutBuggyBuild - Error while testing commit: org.eclipse.jgit.errors.MissingObjectException: Missing unknown dd7176ded6c359b78ab1265789b6567b2d574c8f
17:03:49.221 [main] ERROR f.i.s.r.p.s.c.CheckoutBuggyBuild - Commit head ref cannot be retrieved from the repository: dd7176ded6c359b78ab1265789b6567b2d574c8f. Operation aborted.
17:03:49.222 [main] ERROR f.i.s.r.p.s.c.CheckoutBuggyBuild - Error while merging two commits to reproduce the PR.
17:03:49.223 [main] DEBUG f.i.s.r.p.s.c.CheckoutBuggyBuild - STEP STATUS: [ CheckoutBuggyBuildCandidate : FAILURE ( BUILDNOTCHECKEDOUT ) ]
17:03:49.224 [main] DEBUG f.i.s.r.p.s.c.CheckoutBuggyBuild - STEP DURATION: 5s
17:03:49.224 [main] DEBUG f.i.s.r.p.s.c.CheckoutBuggyBuild - TERMINATE PIPELINE
17:03:49.225 [main] DEBUG f.i.s.r.p.s.c.CheckoutBuggyBuild - FINAL STEPS SKIPPED: The reproduction of the bug and/or the patch failed.
17:03:49.226 [main] INFO  f.i.s.r.p.s.c.CheckoutBuggyBuild - Serialize all data for the pair of builds 363446977, 363453419
17:03:49.342 [main] INFO  fr.inria.jtravis.JTravis - GitHub ratelimit: Limit: 5000 Remaining: 4931 Reset hour: 19:36:55
17:03:51.178 [main] INFO  f.i.s.r.p.i.ProjectInspector - ----------------------------------------------------------------------
17:03:51.178 [main] INFO  f.i.s.r.p.i.ProjectInspector - PIPELINE EXECUTION SUMMARY
17:03:51.179 [main] INFO  f.i.s.r.p.i.ProjectInspector - ----------------------------------------------------------------------
17:03:51.179 [main] INFO  f.i.s.r.p.i.ProjectInspector - CloneRepository.......................................SUCCESS [ 36 s ]
17:03:51.179 [main] INFO  f.i.s.r.p.i.ProjectInspector - CheckoutBuggyBuildCandidate...........................FAILURE [  5 s ]
17:03:51.179 [main] INFO  f.i.s.r.p.i.ProjectInspector - ComputeSourceDir......................................NOT RUN         
17:03:51.179 [main] INFO  f.i.s.r.p.i.ProjectInspector - ComputeTestDir........................................NOT RUN         
17:03:51.179 [main] INFO  f.i.s.r.p.i.ProjectInspector - BuildProjectBuggyBuildCandidate.......................NOT RUN         
17:03:51.180 [main] INFO  f.i.s.r.p.i.ProjectInspector - TestProjectBuggyBuildCandidate........................NOT RUN         
17:03:51.180 [main] INFO  f.i.s.r.p.i.ProjectInspector - GatherTestInformationBuggyBuildCandidate..............NOT RUN         
17:03:51.180 [main] INFO  f.i.s.r.p.i.ProjectInspector - InitRepoToPush........................................NOT RUN         
17:03:51.180 [main] INFO  f.i.s.r.p.i.ProjectInspector - ComputeClasspath......................................NOT RUN         
17:03:51.180 [main] INFO  f.i.s.r.p.i.ProjectInspector - ComputeModules........................................NOT RUN         
17:03:51.180 [main] INFO  f.i.s.r.p.i.ProjectInspector - CheckoutPatchedBuildCandidate.........................NOT RUN         
17:03:51.180 [main] INFO  f.i.s.r.p.i.ProjectInspector - BuildProjectPatchedBuildCandidate.....................NOT RUN         
17:03:51.180 [main] INFO  f.i.s.r.p.i.ProjectInspector - TestProjectPatchedBuildCandidate......................NOT RUN         
17:03:51.180 [main] INFO  f.i.s.r.p.i.ProjectInspector - GatherTestInformationPatchedBuildCandidate............NOT RUN         
17:03:51.181 [main] INFO  f.i.s.r.p.i.ProjectInspector - CommitPatch...........................................NOT RUN         
17:03:51.181 [main] INFO  f.i.s.r.p.i.ProjectInspector - WritePropertyFile.....................................NOT RUN         
17:03:51.181 [main] INFO  f.i.s.r.p.i.ProjectInspector - CommitProcessEnd......................................NOT RUN         
17:03:51.181 [main] INFO  f.i.s.r.p.i.ProjectInspector - PushProcessEnd........................................NOT RUN         
17:03:51.182 [main] INFO  f.i.s.r.p.i.ProjectInspector - ----------------------------------------------------------------------
17:03:51.182 [main] INFO  f.i.s.r.p.i.ProjectInspector - PIPELINE FINDING: BUILDNOTCHECKEDOUT
17:03:51.182 [main] INFO  f.i.s.r.p.i.ProjectInspector - ----------------------------------------------------------------------
17:03:51.182 [main] INFO  f.i.s.repairnator.pipeline.Launcher - Inspector is finished. The process will exit now.
