18:16:29.295 [main] INFO  f.i.s.repairnator.pipeline.Launcher - PIPELINE VERSION: 3.0-2018-08-09 19:04
18:16:29.448 [main] INFO  f.i.s.repairnator.pipeline.Launcher - The pipeline will try to reproduce a bug from build 362516449 and its corresponding patch from build 362524356
18:16:29.449 [main] INFO  f.i.s.repairnator.pipeline.Launcher - Initialize file serializer engines.
18:16:29.454 [main] INFO  f.i.s.repairnator.pipeline.Launcher - MongoDB won't be used for serialization.
18:16:29.454 [main] INFO  f.i.s.repairnator.pipeline.Launcher - The email notifier engine won't be used.
18:16:29.458 [main] INFO  f.i.s.repairnator.pipeline.Launcher - Start by getting the build (buildId: 362516449) with the following config: RepairnatorConfig{runId='cbc977a0-20a7-4a06-bcfb-bc20c5ff9a19_04-18-week1-FAILING_AND_PASSING', launcherMode=BEARS, serializeJson=true, inputPath='null', outputPath='/var/log', mongodbHost='null', mongodbName='repairnator', smtpServer='null', notifyTo=[], notifyEndProcess=false, push=true, pushRemoteRepo='https://github.com/fermadeiral/bears-collection-fp', fork=false, lookFromDate=null, lookToDate=null, buildId=362516449, z3solverPath='./z3_for_linux', workspacePath='./workspace', githubToken='c8a341a903[...]', dockerImageName='null', skipDelete=false, createOutputDir=false, logDirectory='null', nbThreads=0, globalTimeout=0, whiteList=null, blackList=null, jobSleepTime=0, buildSleepTime=0, maxInspectedBuilds=0, duration=null, humanPatch=false, repository='null', clean=true, bearsMode=BOTH, bearsDelimiter = false, repairTools=NopolAllTests,NPEFix,AssertFixer,AstorJGenProg,AstorJKali,NopolSingleTest,AstorJMut,NopolTestExclusionStrategy, githubUserName= fermadeiral, githubUserEmail=fer.madeiral@gmail.com}
18:16:30.914 [main] DEBUG fr.inria.jtravis.helpers.BuildHelper - Get request to :https://api.travis-ci.org/build/362516449 done after 890 ms
18:16:31.156 [main] DEBUG fr.inria.jtravis.helpers.BuildHelper - Get request to :https://api.travis-ci.org/build/362524356 done after 124 ms
18:16:31.182 [main] INFO  f.i.s.repairnator.pipeline.Launcher - The patched build (362524356) was successfully retrieved from Travis.
18:16:33.069 [main] INFO  fr.inria.jtravis.JTravis - GitHub ratelimit: Limit: 5000 Remaining: 4643 Reset hour: 19:36:59
18:16:33.369 [main] INFO  f.i.s.r.p.i.ProjectInspector - ----------------------------------------------------------------------
18:16:33.370 [main] INFO  f.i.s.r.p.i.ProjectInspector - PIPELINE STEPS
18:16:33.370 [main] INFO  f.i.s.r.p.i.ProjectInspector - ----------------------------------------------------------------------
18:16:33.371 [main] INFO  f.i.s.r.p.i.ProjectInspector - CloneRepository
18:16:33.371 [main] INFO  f.i.s.r.p.i.ProjectInspector - CheckoutBuggyBuildCandidate
18:16:33.371 [main] INFO  f.i.s.r.p.i.ProjectInspector - ComputeSourceDir
18:16:33.372 [main] INFO  f.i.s.r.p.i.ProjectInspector - ComputeTestDir
18:16:33.372 [main] INFO  f.i.s.r.p.i.ProjectInspector - BuildProjectBuggyBuildCandidate
18:16:33.373 [main] INFO  f.i.s.r.p.i.ProjectInspector - TestProjectBuggyBuildCandidate
18:16:33.373 [main] INFO  f.i.s.r.p.i.ProjectInspector - GatherTestInformationBuggyBuildCandidate
18:16:33.373 [main] INFO  f.i.s.r.p.i.ProjectInspector - InitRepoToPush
18:16:33.374 [main] INFO  f.i.s.r.p.i.ProjectInspector - ComputeClasspath
18:16:33.374 [main] INFO  f.i.s.r.p.i.ProjectInspector - ComputeModules
18:16:33.374 [main] INFO  f.i.s.r.p.i.ProjectInspector - CheckoutPatchedBuildCandidate
18:16:33.375 [main] INFO  f.i.s.r.p.i.ProjectInspector - BuildProjectPatchedBuildCandidate
18:16:33.375 [main] INFO  f.i.s.r.p.i.ProjectInspector - TestProjectPatchedBuildCandidate
18:16:33.375 [main] INFO  f.i.s.r.p.i.ProjectInspector - GatherTestInformationPatchedBuildCandidate
18:16:33.376 [main] INFO  f.i.s.r.p.i.ProjectInspector - CommitPatch
18:16:33.376 [main] INFO  f.i.s.r.p.i.ProjectInspector - WritePropertyFile
18:16:33.376 [main] INFO  f.i.s.r.p.i.ProjectInspector - CommitProcessEnd
18:16:33.377 [main] INFO  f.i.s.r.p.i.ProjectInspector - PushProcessEnd
18:16:33.377 [main] DEBUG f.i.s.r.process.step.CloneRepository - ----------------------------------------------------------------------
18:16:33.378 [main] DEBUG f.i.s.r.process.step.CloneRepository - STEP 1/18: CloneRepository
18:16:33.379 [main] DEBUG f.i.s.r.process.step.CloneRepository - ----------------------------------------------------------------------
18:16:33.379 [main] DEBUG f.i.s.r.process.step.CloneRepository - Cloning repository runelite/runelite in the following directory: ./workspace/runelite/runelite/362516449
18:16:44.707 [main] DEBUG f.i.s.r.process.step.CloneRepository - STEP STATUS: [ CloneRepository : SUCCESS ]
18:16:44.708 [main] DEBUG f.i.s.r.process.step.CloneRepository - STEP DURATION: 11s
18:16:44.708 [main] DEBUG f.i.s.r.process.step.CloneRepository - EXECUTE NEXT STEP
18:16:44.708 [main] DEBUG f.i.s.r.p.s.c.CheckoutBuggyBuild - ----------------------------------------------------------------------
18:16:44.709 [main] DEBUG f.i.s.r.p.s.c.CheckoutBuggyBuild - STEP 2/18: CheckoutBuggyBuildCandidate
18:16:44.709 [main] DEBUG f.i.s.r.p.s.c.CheckoutBuggyBuild - ----------------------------------------------------------------------
18:16:44.709 [main] DEBUG f.i.s.r.p.s.c.CheckoutBuggyBuild - Checking out buggy build candidate...
18:16:45.050 [main] INFO  fr.inria.jtravis.JTravis - GitHub ratelimit: Limit: 5000 Remaining: 4640 Reset hour: 19:36:59
18:16:45.439 [main] WARN  f.i.j.helpers.PullRequestHelper - The head repository is null: maybe it has been deleted from GitHub
18:16:45.439 [main] ERROR f.i.s.r.p.s.c.CheckoutBuggyBuild - Error while getting PR information.
18:16:45.440 [main] DEBUG f.i.s.r.p.s.c.CheckoutBuggyBuild - STEP STATUS: [ CheckoutBuggyBuildCandidate : FAILURE ( BUILDNOTCHECKEDOUT ) ]
18:16:45.440 [main] DEBUG f.i.s.r.p.s.c.CheckoutBuggyBuild - STEP DURATION: 0s
18:16:45.440 [main] DEBUG f.i.s.r.p.s.c.CheckoutBuggyBuild - TERMINATE PIPELINE
18:16:45.440 [main] DEBUG f.i.s.r.p.s.c.CheckoutBuggyBuild - FINAL STEPS SKIPPED: The reproduction of the bug and/or the patch failed.
18:16:45.441 [main] INFO  f.i.s.r.p.s.c.CheckoutBuggyBuild - Serialize all data for the pair of builds 362516449, 362524356
18:16:45.566 [main] INFO  fr.inria.jtravis.JTravis - GitHub ratelimit: Limit: 5000 Remaining: 4638 Reset hour: 19:36:59
18:16:46.301 [main] INFO  f.i.s.r.p.i.ProjectInspector - ----------------------------------------------------------------------
18:16:46.301 [main] INFO  f.i.s.r.p.i.ProjectInspector - PIPELINE EXECUTION SUMMARY
18:16:46.302 [main] INFO  f.i.s.r.p.i.ProjectInspector - ----------------------------------------------------------------------
18:16:46.302 [main] INFO  f.i.s.r.p.i.ProjectInspector - CloneRepository.......................................SUCCESS [ 11 s ]
18:16:46.302 [main] INFO  f.i.s.r.p.i.ProjectInspector - CheckoutBuggyBuildCandidate...........................FAILURE [  0 s ]
18:16:46.302 [main] INFO  f.i.s.r.p.i.ProjectInspector - ComputeSourceDir......................................NOT RUN         
18:16:46.302 [main] INFO  f.i.s.r.p.i.ProjectInspector - ComputeTestDir........................................NOT RUN         
18:16:46.302 [main] INFO  f.i.s.r.p.i.ProjectInspector - BuildProjectBuggyBuildCandidate.......................NOT RUN         
18:16:46.302 [main] INFO  f.i.s.r.p.i.ProjectInspector - TestProjectBuggyBuildCandidate........................NOT RUN         
18:16:46.302 [main] INFO  f.i.s.r.p.i.ProjectInspector - GatherTestInformationBuggyBuildCandidate..............NOT RUN         
18:16:46.303 [main] INFO  f.i.s.r.p.i.ProjectInspector - InitRepoToPush........................................NOT RUN         
18:16:46.303 [main] INFO  f.i.s.r.p.i.ProjectInspector - ComputeClasspath......................................NOT RUN         
18:16:46.303 [main] INFO  f.i.s.r.p.i.ProjectInspector - ComputeModules........................................NOT RUN         
18:16:46.303 [main] INFO  f.i.s.r.p.i.ProjectInspector - CheckoutPatchedBuildCandidate.........................NOT RUN         
18:16:46.303 [main] INFO  f.i.s.r.p.i.ProjectInspector - BuildProjectPatchedBuildCandidate.....................NOT RUN         
18:16:46.303 [main] INFO  f.i.s.r.p.i.ProjectInspector - TestProjectPatchedBuildCandidate......................NOT RUN         
18:16:46.303 [main] INFO  f.i.s.r.p.i.ProjectInspector - GatherTestInformationPatchedBuildCandidate............NOT RUN         
18:16:46.303 [main] INFO  f.i.s.r.p.i.ProjectInspector - CommitPatch...........................................NOT RUN         
18:16:46.303 [main] INFO  f.i.s.r.p.i.ProjectInspector - WritePropertyFile.....................................NOT RUN         
18:16:46.304 [main] INFO  f.i.s.r.p.i.ProjectInspector - CommitProcessEnd......................................NOT RUN         
18:16:46.304 [main] INFO  f.i.s.r.p.i.ProjectInspector - PushProcessEnd........................................NOT RUN         
18:16:46.304 [main] INFO  f.i.s.r.p.i.ProjectInspector - ----------------------------------------------------------------------
18:16:46.304 [main] INFO  f.i.s.r.p.i.ProjectInspector - PIPELINE FINDING: BUILDNOTCHECKEDOUT
18:16:46.304 [main] INFO  f.i.s.r.p.i.ProjectInspector - ----------------------------------------------------------------------
18:16:46.304 [main] INFO  f.i.s.repairnator.pipeline.Launcher - Inspector is finished. The process will exit now.
