13:55:52.579 [main] INFO  f.i.s.repairnator.pipeline.Launcher - PIPELINE VERSION: 3.0-2018-08-09 19:04
13:55:52.739 [main] INFO  f.i.s.repairnator.pipeline.Launcher - The pipeline will try to reproduce a bug from build 362414880 and its corresponding patch from build 362426290
13:55:52.740 [main] INFO  f.i.s.repairnator.pipeline.Launcher - Initialize file serializer engines.
13:55:52.742 [main] INFO  f.i.s.repairnator.pipeline.Launcher - MongoDB won't be used for serialization.
13:55:52.743 [main] INFO  f.i.s.repairnator.pipeline.Launcher - The email notifier engine won't be used.
13:55:52.747 [main] INFO  f.i.s.repairnator.pipeline.Launcher - Start by getting the build (buildId: 362414880) with the following config: RepairnatorConfig{runId='cbc977a0-20a7-4a06-bcfb-bc20c5ff9a19_04-18-week1-FAILING_AND_PASSING', launcherMode=BEARS, serializeJson=true, inputPath='null', outputPath='/var/log', mongodbHost='null', mongodbName='repairnator', smtpServer='null', notifyTo=[], notifyEndProcess=false, push=true, pushRemoteRepo='https://github.com/fermadeiral/bears-collection-fp', fork=false, lookFromDate=null, lookToDate=null, buildId=362414880, z3solverPath='./z3_for_linux', workspacePath='./workspace', githubToken='c8a341a903[...]', dockerImageName='null', skipDelete=false, createOutputDir=false, logDirectory='null', nbThreads=0, globalTimeout=0, whiteList=null, blackList=null, jobSleepTime=0, buildSleepTime=0, maxInspectedBuilds=0, duration=null, humanPatch=false, repository='null', clean=true, bearsMode=BOTH, bearsDelimiter = false, repairTools=NopolAllTests,NPEFix,AssertFixer,AstorJGenProg,AstorJKali,NopolSingleTest,AstorJMut,NopolTestExclusionStrategy, githubUserName= fermadeiral, githubUserEmail=fer.madeiral@gmail.com}
13:55:54.450 [main] DEBUG fr.inria.jtravis.helpers.BuildHelper - Get request to :https://api.travis-ci.org/build/362414880 done after 956 ms
13:55:54.756 [main] DEBUG fr.inria.jtravis.helpers.BuildHelper - Get request to :https://api.travis-ci.org/build/362426290 done after 142 ms
13:55:54.778 [main] INFO  f.i.s.repairnator.pipeline.Launcher - The patched build (362426290) was successfully retrieved from Travis.
13:55:56.154 [main] INFO  fr.inria.jtravis.JTravis - GitHub ratelimit: Limit: 5000 Remaining: 4897 Reset hour: 19:36:43
13:55:56.525 [main] INFO  f.i.s.r.p.i.ProjectInspector - ----------------------------------------------------------------------
13:55:56.525 [main] INFO  f.i.s.r.p.i.ProjectInspector - PIPELINE STEPS
13:55:56.525 [main] INFO  f.i.s.r.p.i.ProjectInspector - ----------------------------------------------------------------------
13:55:56.525 [main] INFO  f.i.s.r.p.i.ProjectInspector - CloneRepository
13:55:56.526 [main] INFO  f.i.s.r.p.i.ProjectInspector - CheckoutBuggyBuildCandidate
13:55:56.526 [main] INFO  f.i.s.r.p.i.ProjectInspector - ComputeSourceDir
13:55:56.526 [main] INFO  f.i.s.r.p.i.ProjectInspector - ComputeTestDir
13:55:56.526 [main] INFO  f.i.s.r.p.i.ProjectInspector - BuildProjectBuggyBuildCandidate
13:55:56.527 [main] INFO  f.i.s.r.p.i.ProjectInspector - TestProjectBuggyBuildCandidate
13:55:56.527 [main] INFO  f.i.s.r.p.i.ProjectInspector - GatherTestInformationBuggyBuildCandidate
13:55:56.527 [main] INFO  f.i.s.r.p.i.ProjectInspector - InitRepoToPush
13:55:56.527 [main] INFO  f.i.s.r.p.i.ProjectInspector - ComputeClasspath
13:55:56.527 [main] INFO  f.i.s.r.p.i.ProjectInspector - ComputeModules
13:55:56.528 [main] INFO  f.i.s.r.p.i.ProjectInspector - CheckoutPatchedBuildCandidate
13:55:56.528 [main] INFO  f.i.s.r.p.i.ProjectInspector - BuildProjectPatchedBuildCandidate
13:55:56.528 [main] INFO  f.i.s.r.p.i.ProjectInspector - TestProjectPatchedBuildCandidate
13:55:56.528 [main] INFO  f.i.s.r.p.i.ProjectInspector - GatherTestInformationPatchedBuildCandidate
13:55:56.528 [main] INFO  f.i.s.r.p.i.ProjectInspector - CommitPatch
13:55:56.529 [main] INFO  f.i.s.r.p.i.ProjectInspector - WritePropertyFile
13:55:56.529 [main] INFO  f.i.s.r.p.i.ProjectInspector - CommitProcessEnd
13:55:56.529 [main] INFO  f.i.s.r.p.i.ProjectInspector - PushProcessEnd
13:55:56.529 [main] DEBUG f.i.s.r.process.step.CloneRepository - ----------------------------------------------------------------------
13:55:56.530 [main] DEBUG f.i.s.r.process.step.CloneRepository - STEP 1/18: CloneRepository
13:55:56.530 [main] DEBUG f.i.s.r.process.step.CloneRepository - ----------------------------------------------------------------------
13:55:56.531 [main] DEBUG f.i.s.r.process.step.CloneRepository - Cloning repository prestodb/presto in the following directory: ./workspace/prestodb/presto/362414880
13:56:44.380 [main] DEBUG f.i.s.r.process.step.CloneRepository - STEP STATUS: [ CloneRepository : SUCCESS ]
13:56:44.380 [main] DEBUG f.i.s.r.process.step.CloneRepository - STEP DURATION: 47s
13:56:44.381 [main] DEBUG f.i.s.r.process.step.CloneRepository - EXECUTE NEXT STEP
13:56:44.381 [main] DEBUG f.i.s.r.p.s.c.CheckoutBuggyBuild - ----------------------------------------------------------------------
13:56:44.381 [main] DEBUG f.i.s.r.p.s.c.CheckoutBuggyBuild - STEP 2/18: CheckoutBuggyBuildCandidate
13:56:44.381 [main] DEBUG f.i.s.r.p.s.c.CheckoutBuggyBuild - ----------------------------------------------------------------------
13:56:44.381 [main] DEBUG f.i.s.r.p.s.c.CheckoutBuggyBuild - Checking out buggy build candidate...
13:56:44.708 [main] INFO  fr.inria.jtravis.JTravis - GitHub ratelimit: Limit: 5000 Remaining: 4887 Reset hour: 19:36:43
13:56:46.780 [main] DEBUG f.i.s.r.p.s.c.CheckoutBuggyBuild - Reproduce the PR for prestodb/presto by fetching remote branch and merging.
13:56:49.958 [main] ERROR f.i.s.r.p.s.c.CheckoutBuggyBuild - Error while testing commit: org.eclipse.jgit.errors.MissingObjectException: Missing unknown 559f3fb7df87dcabc4fd19f160706197af910acf
13:56:49.959 [main] ERROR f.i.s.r.p.s.c.CheckoutBuggyBuild - Commit head ref cannot be retrieved from the repository: 559f3fb7df87dcabc4fd19f160706197af910acf. Operation aborted.
13:56:49.959 [main] ERROR f.i.s.r.p.s.c.CheckoutBuggyBuild - Error while merging two commits to reproduce the PR.
13:56:49.960 [main] DEBUG f.i.s.r.p.s.c.CheckoutBuggyBuild - STEP STATUS: [ CheckoutBuggyBuildCandidate : FAILURE ( BUILDNOTCHECKEDOUT ) ]
13:56:49.960 [main] DEBUG f.i.s.r.p.s.c.CheckoutBuggyBuild - STEP DURATION: 5s
13:56:49.960 [main] DEBUG f.i.s.r.p.s.c.CheckoutBuggyBuild - TERMINATE PIPELINE
13:56:49.961 [main] DEBUG f.i.s.r.p.s.c.CheckoutBuggyBuild - FINAL STEPS SKIPPED: The reproduction of the bug and/or the patch failed.
13:56:49.961 [main] INFO  f.i.s.r.p.s.c.CheckoutBuggyBuild - Serialize all data for the pair of builds 362414880, 362426290
13:56:50.087 [main] INFO  fr.inria.jtravis.JTravis - GitHub ratelimit: Limit: 5000 Remaining: 4873 Reset hour: 19:36:43
13:56:51.403 [main] INFO  f.i.s.r.p.i.ProjectInspector - ----------------------------------------------------------------------
13:56:51.403 [main] INFO  f.i.s.r.p.i.ProjectInspector - PIPELINE EXECUTION SUMMARY
13:56:51.403 [main] INFO  f.i.s.r.p.i.ProjectInspector - ----------------------------------------------------------------------
13:56:51.403 [main] INFO  f.i.s.r.p.i.ProjectInspector - CloneRepository.......................................SUCCESS [ 47 s ]
13:56:51.404 [main] INFO  f.i.s.r.p.i.ProjectInspector - CheckoutBuggyBuildCandidate...........................FAILURE [  5 s ]
13:56:51.404 [main] INFO  f.i.s.r.p.i.ProjectInspector - ComputeSourceDir......................................NOT RUN         
13:56:51.404 [main] INFO  f.i.s.r.p.i.ProjectInspector - ComputeTestDir........................................NOT RUN         
13:56:51.404 [main] INFO  f.i.s.r.p.i.ProjectInspector - BuildProjectBuggyBuildCandidate.......................NOT RUN         
13:56:51.404 [main] INFO  f.i.s.r.p.i.ProjectInspector - TestProjectBuggyBuildCandidate........................NOT RUN         
13:56:51.405 [main] INFO  f.i.s.r.p.i.ProjectInspector - GatherTestInformationBuggyBuildCandidate..............NOT RUN         
13:56:51.405 [main] INFO  f.i.s.r.p.i.ProjectInspector - InitRepoToPush........................................NOT RUN         
13:56:51.405 [main] INFO  f.i.s.r.p.i.ProjectInspector - ComputeClasspath......................................NOT RUN         
13:56:51.405 [main] INFO  f.i.s.r.p.i.ProjectInspector - ComputeModules........................................NOT RUN         
13:56:51.405 [main] INFO  f.i.s.r.p.i.ProjectInspector - CheckoutPatchedBuildCandidate.........................NOT RUN         
13:56:51.405 [main] INFO  f.i.s.r.p.i.ProjectInspector - BuildProjectPatchedBuildCandidate.....................NOT RUN         
13:56:51.406 [main] INFO  f.i.s.r.p.i.ProjectInspector - TestProjectPatchedBuildCandidate......................NOT RUN         
13:56:51.406 [main] INFO  f.i.s.r.p.i.ProjectInspector - GatherTestInformationPatchedBuildCandidate............NOT RUN         
13:56:51.406 [main] INFO  f.i.s.r.p.i.ProjectInspector - CommitPatch...........................................NOT RUN         
13:56:51.406 [main] INFO  f.i.s.r.p.i.ProjectInspector - WritePropertyFile.....................................NOT RUN         
13:56:51.406 [main] INFO  f.i.s.r.p.i.ProjectInspector - CommitProcessEnd......................................NOT RUN         
13:56:51.406 [main] INFO  f.i.s.r.p.i.ProjectInspector - PushProcessEnd........................................NOT RUN         
13:56:51.406 [main] INFO  f.i.s.r.p.i.ProjectInspector - ----------------------------------------------------------------------
13:56:51.407 [main] INFO  f.i.s.r.p.i.ProjectInspector - PIPELINE FINDING: BUILDNOTCHECKEDOUT
13:56:51.407 [main] INFO  f.i.s.r.p.i.ProjectInspector - ----------------------------------------------------------------------
13:56:51.407 [main] INFO  f.i.s.repairnator.pipeline.Launcher - Inspector is finished. The process will exit now.
