18:20:10.616 [main] INFO  f.i.s.repairnator.pipeline.Launcher - PIPELINE VERSION: 3.0-2018-08-09 19:04
18:20:10.803 [main] INFO  f.i.s.repairnator.pipeline.Launcher - The pipeline will try to reproduce a bug from build 361126588 and its corresponding patch from build 361130160
18:20:10.804 [main] INFO  f.i.s.repairnator.pipeline.Launcher - Initialize file serializer engines.
18:20:10.806 [main] INFO  f.i.s.repairnator.pipeline.Launcher - MongoDB won't be used for serialization.
18:20:10.807 [main] INFO  f.i.s.repairnator.pipeline.Launcher - The email notifier engine won't be used.
18:20:10.812 [main] INFO  f.i.s.repairnator.pipeline.Launcher - Start by getting the build (buildId: 361126588) with the following config: RepairnatorConfig{runId='cbc977a0-20a7-4a06-bcfb-bc20c5ff9a19_04-18-week1-FAILING_AND_PASSING', launcherMode=BEARS, serializeJson=true, inputPath='null', outputPath='/var/log', mongodbHost='null', mongodbName='repairnator', smtpServer='null', notifyTo=[], notifyEndProcess=false, push=true, pushRemoteRepo='https://github.com/fermadeiral/bears-collection-fp', fork=false, lookFromDate=null, lookToDate=null, buildId=361126588, z3solverPath='./z3_for_linux', workspacePath='./workspace', githubToken='c8a341a903[...]', dockerImageName='null', skipDelete=false, createOutputDir=false, logDirectory='null', nbThreads=0, globalTimeout=0, whiteList=null, blackList=null, jobSleepTime=0, buildSleepTime=0, maxInspectedBuilds=0, duration=null, humanPatch=false, repository='null', clean=true, bearsMode=BOTH, bearsDelimiter = false, repairTools=NopolAllTests,NPEFix,AssertFixer,AstorJGenProg,AstorJKali,NopolSingleTest,AstorJMut,NopolTestExclusionStrategy, githubUserName= fermadeiral, githubUserEmail=fer.madeiral@gmail.com}
18:20:12.349 [main] DEBUG fr.inria.jtravis.helpers.BuildHelper - Get request to :https://api.travis-ci.org/build/361126588 done after 885 ms
18:20:12.753 [main] DEBUG fr.inria.jtravis.helpers.BuildHelper - Get request to :https://api.travis-ci.org/build/361130160 done after 145 ms
18:20:12.778 [main] INFO  f.i.s.repairnator.pipeline.Launcher - The patched build (361130160) was successfully retrieved from Travis.
18:20:15.223 [main] INFO  fr.inria.jtravis.JTravis - GitHub ratelimit: Limit: 5000 Remaining: 4533 Reset hour: 19:36:59
18:20:15.521 [main] INFO  f.i.s.r.p.i.ProjectInspector - ----------------------------------------------------------------------
18:20:15.522 [main] INFO  f.i.s.r.p.i.ProjectInspector - PIPELINE STEPS
18:20:15.522 [main] INFO  f.i.s.r.p.i.ProjectInspector - ----------------------------------------------------------------------
18:20:15.523 [main] INFO  f.i.s.r.p.i.ProjectInspector - CloneRepository
18:20:15.523 [main] INFO  f.i.s.r.p.i.ProjectInspector - CheckoutBuggyBuildCandidate
18:20:15.523 [main] INFO  f.i.s.r.p.i.ProjectInspector - ComputeSourceDir
18:20:15.523 [main] INFO  f.i.s.r.p.i.ProjectInspector - ComputeTestDir
18:20:15.524 [main] INFO  f.i.s.r.p.i.ProjectInspector - BuildProjectBuggyBuildCandidate
18:20:15.524 [main] INFO  f.i.s.r.p.i.ProjectInspector - TestProjectBuggyBuildCandidate
18:20:15.524 [main] INFO  f.i.s.r.p.i.ProjectInspector - GatherTestInformationBuggyBuildCandidate
18:20:15.524 [main] INFO  f.i.s.r.p.i.ProjectInspector - InitRepoToPush
18:20:15.524 [main] INFO  f.i.s.r.p.i.ProjectInspector - ComputeClasspath
18:20:15.525 [main] INFO  f.i.s.r.p.i.ProjectInspector - ComputeModules
18:20:15.525 [main] INFO  f.i.s.r.p.i.ProjectInspector - CheckoutPatchedBuildCandidate
18:20:15.525 [main] INFO  f.i.s.r.p.i.ProjectInspector - BuildProjectPatchedBuildCandidate
18:20:15.525 [main] INFO  f.i.s.r.p.i.ProjectInspector - TestProjectPatchedBuildCandidate
18:20:15.525 [main] INFO  f.i.s.r.p.i.ProjectInspector - GatherTestInformationPatchedBuildCandidate
18:20:15.526 [main] INFO  f.i.s.r.p.i.ProjectInspector - CommitPatch
18:20:15.526 [main] INFO  f.i.s.r.p.i.ProjectInspector - WritePropertyFile
18:20:15.526 [main] INFO  f.i.s.r.p.i.ProjectInspector - CommitProcessEnd
18:20:15.526 [main] INFO  f.i.s.r.p.i.ProjectInspector - PushProcessEnd
18:20:15.527 [main] DEBUG f.i.s.r.process.step.CloneRepository - ----------------------------------------------------------------------
18:20:15.527 [main] DEBUG f.i.s.r.process.step.CloneRepository - STEP 1/18: CloneRepository
18:20:15.528 [main] DEBUG f.i.s.r.process.step.CloneRepository - ----------------------------------------------------------------------
18:20:15.528 [main] DEBUG f.i.s.r.process.step.CloneRepository - Cloning repository runelite/runelite in the following directory: ./workspace/runelite/runelite/361126588
18:20:27.604 [main] DEBUG f.i.s.r.process.step.CloneRepository - STEP STATUS: [ CloneRepository : SUCCESS ]
18:20:27.604 [main] DEBUG f.i.s.r.process.step.CloneRepository - STEP DURATION: 12s
18:20:27.604 [main] DEBUG f.i.s.r.process.step.CloneRepository - EXECUTE NEXT STEP
18:20:27.605 [main] DEBUG f.i.s.r.p.s.c.CheckoutBuggyBuild - ----------------------------------------------------------------------
18:20:27.605 [main] DEBUG f.i.s.r.p.s.c.CheckoutBuggyBuild - STEP 2/18: CheckoutBuggyBuildCandidate
18:20:27.605 [main] DEBUG f.i.s.r.p.s.c.CheckoutBuggyBuild - ----------------------------------------------------------------------
18:20:27.605 [main] DEBUG f.i.s.r.p.s.c.CheckoutBuggyBuild - Checking out buggy build candidate...
18:20:27.959 [main] INFO  fr.inria.jtravis.JTravis - GitHub ratelimit: Limit: 5000 Remaining: 4529 Reset hour: 19:36:59
18:20:31.761 [main] DEBUG f.i.s.r.p.s.c.CheckoutBuggyBuild - Reproduce the PR for runelite/runelite by fetching remote branch and merging.
18:20:44.758 [main] ERROR f.i.s.r.p.s.c.CheckoutBuggyBuild - Error while testing commit: org.eclipse.jgit.errors.MissingObjectException: Missing unknown d12429ec7e8c2b208aaf7a1fbb1cdfde2065f6cb
18:20:44.759 [main] ERROR f.i.s.r.p.s.c.CheckoutBuggyBuild - Commit head ref cannot be retrieved from the repository: d12429ec7e8c2b208aaf7a1fbb1cdfde2065f6cb. Operation aborted.
18:20:44.759 [main] ERROR f.i.s.r.p.s.c.CheckoutBuggyBuild - Error while merging two commits to reproduce the PR.
18:20:44.760 [main] DEBUG f.i.s.r.p.s.c.CheckoutBuggyBuild - STEP STATUS: [ CheckoutBuggyBuildCandidate : FAILURE ( BUILDNOTCHECKEDOUT ) ]
18:20:44.760 [main] DEBUG f.i.s.r.p.s.c.CheckoutBuggyBuild - STEP DURATION: 17s
18:20:44.761 [main] DEBUG f.i.s.r.p.s.c.CheckoutBuggyBuild - TERMINATE PIPELINE
18:20:44.761 [main] DEBUG f.i.s.r.p.s.c.CheckoutBuggyBuild - FINAL STEPS SKIPPED: The reproduction of the bug and/or the patch failed.
18:20:44.761 [main] INFO  f.i.s.r.p.s.c.CheckoutBuggyBuild - Serialize all data for the pair of builds 361126588, 361130160
18:20:45.121 [main] INFO  fr.inria.jtravis.JTravis - GitHub ratelimit: Limit: 5000 Remaining: 4510 Reset hour: 19:36:59
18:20:45.868 [main] INFO  f.i.s.r.p.i.ProjectInspector - ----------------------------------------------------------------------
18:20:45.869 [main] INFO  f.i.s.r.p.i.ProjectInspector - PIPELINE EXECUTION SUMMARY
18:20:45.869 [main] INFO  f.i.s.r.p.i.ProjectInspector - ----------------------------------------------------------------------
18:20:45.869 [main] INFO  f.i.s.r.p.i.ProjectInspector - CloneRepository.......................................SUCCESS [ 12 s ]
18:20:45.869 [main] INFO  f.i.s.r.p.i.ProjectInspector - CheckoutBuggyBuildCandidate...........................FAILURE [ 17 s ]
18:20:45.869 [main] INFO  f.i.s.r.p.i.ProjectInspector - ComputeSourceDir......................................NOT RUN         
18:20:45.869 [main] INFO  f.i.s.r.p.i.ProjectInspector - ComputeTestDir........................................NOT RUN         
18:20:45.870 [main] INFO  f.i.s.r.p.i.ProjectInspector - BuildProjectBuggyBuildCandidate.......................NOT RUN         
18:20:45.870 [main] INFO  f.i.s.r.p.i.ProjectInspector - TestProjectBuggyBuildCandidate........................NOT RUN         
18:20:45.870 [main] INFO  f.i.s.r.p.i.ProjectInspector - GatherTestInformationBuggyBuildCandidate..............NOT RUN         
18:20:45.870 [main] INFO  f.i.s.r.p.i.ProjectInspector - InitRepoToPush........................................NOT RUN         
18:20:45.870 [main] INFO  f.i.s.r.p.i.ProjectInspector - ComputeClasspath......................................NOT RUN         
18:20:45.870 [main] INFO  f.i.s.r.p.i.ProjectInspector - ComputeModules........................................NOT RUN         
18:20:45.871 [main] INFO  f.i.s.r.p.i.ProjectInspector - CheckoutPatchedBuildCandidate.........................NOT RUN         
18:20:45.871 [main] INFO  f.i.s.r.p.i.ProjectInspector - BuildProjectPatchedBuildCandidate.....................NOT RUN         
18:20:45.871 [main] INFO  f.i.s.r.p.i.ProjectInspector - TestProjectPatchedBuildCandidate......................NOT RUN         
18:20:45.871 [main] INFO  f.i.s.r.p.i.ProjectInspector - GatherTestInformationPatchedBuildCandidate............NOT RUN         
18:20:45.871 [main] INFO  f.i.s.r.p.i.ProjectInspector - CommitPatch...........................................NOT RUN         
18:20:45.871 [main] INFO  f.i.s.r.p.i.ProjectInspector - WritePropertyFile.....................................NOT RUN         
18:20:45.871 [main] INFO  f.i.s.r.p.i.ProjectInspector - CommitProcessEnd......................................NOT RUN         
18:20:45.871 [main] INFO  f.i.s.r.p.i.ProjectInspector - PushProcessEnd........................................NOT RUN         
18:20:45.872 [main] INFO  f.i.s.r.p.i.ProjectInspector - ----------------------------------------------------------------------
18:20:45.872 [main] INFO  f.i.s.r.p.i.ProjectInspector - PIPELINE FINDING: BUILDNOTCHECKEDOUT
18:20:45.872 [main] INFO  f.i.s.r.p.i.ProjectInspector - ----------------------------------------------------------------------
18:20:45.872 [main] INFO  f.i.s.repairnator.pipeline.Launcher - Inspector is finished. The process will exit now.
