18:20:38.459 [main] INFO  f.i.s.repairnator.pipeline.Launcher - PIPELINE VERSION: 3.0-2018-08-09 19:04
18:20:38.592 [main] INFO  f.i.s.repairnator.pipeline.Launcher - The pipeline will try to reproduce a bug from build 361001371 and its corresponding patch from build 361003256
18:20:38.592 [main] INFO  f.i.s.repairnator.pipeline.Launcher - Initialize file serializer engines.
18:20:38.594 [main] INFO  f.i.s.repairnator.pipeline.Launcher - MongoDB won't be used for serialization.
18:20:38.594 [main] INFO  f.i.s.repairnator.pipeline.Launcher - The email notifier engine won't be used.
18:20:38.597 [main] INFO  f.i.s.repairnator.pipeline.Launcher - Start by getting the build (buildId: 361001371) with the following config: RepairnatorConfig{runId='cbc977a0-20a7-4a06-bcfb-bc20c5ff9a19_04-18-week1-FAILING_AND_PASSING', launcherMode=BEARS, serializeJson=true, inputPath='null', outputPath='/var/log', mongodbHost='null', mongodbName='repairnator', smtpServer='null', notifyTo=[], notifyEndProcess=false, push=true, pushRemoteRepo='https://github.com/fermadeiral/bears-collection-fp', fork=false, lookFromDate=null, lookToDate=null, buildId=361001371, z3solverPath='./z3_for_linux', workspacePath='./workspace', githubToken='c8a341a903[...]', dockerImageName='null', skipDelete=false, createOutputDir=false, logDirectory='null', nbThreads=0, globalTimeout=0, whiteList=null, blackList=null, jobSleepTime=0, buildSleepTime=0, maxInspectedBuilds=0, duration=null, humanPatch=false, repository='null', clean=true, bearsMode=BOTH, bearsDelimiter = false, repairTools=NopolAllTests,NPEFix,AssertFixer,AstorJGenProg,AstorJKali,NopolSingleTest,AstorJMut,NopolTestExclusionStrategy, githubUserName= fermadeiral, githubUserEmail=fer.madeiral@gmail.com}
18:20:39.994 [main] DEBUG fr.inria.jtravis.helpers.BuildHelper - Get request to :https://api.travis-ci.org/build/361001371 done after 802 ms
18:20:40.286 [main] DEBUG fr.inria.jtravis.helpers.BuildHelper - Get request to :https://api.travis-ci.org/build/361003256 done after 133 ms
18:20:40.298 [main] INFO  f.i.s.repairnator.pipeline.Launcher - The patched build (361003256) was successfully retrieved from Travis.
18:20:41.475 [main] INFO  fr.inria.jtravis.JTravis - GitHub ratelimit: Limit: 5000 Remaining: 4511 Reset hour: 19:36:59
18:20:41.739 [main] INFO  f.i.s.r.p.i.ProjectInspector - ----------------------------------------------------------------------
18:20:41.739 [main] INFO  f.i.s.r.p.i.ProjectInspector - PIPELINE STEPS
18:20:41.739 [main] INFO  f.i.s.r.p.i.ProjectInspector - ----------------------------------------------------------------------
18:20:41.739 [main] INFO  f.i.s.r.p.i.ProjectInspector - CloneRepository
18:20:41.739 [main] INFO  f.i.s.r.p.i.ProjectInspector - CheckoutBuggyBuildCandidate
18:20:41.740 [main] INFO  f.i.s.r.p.i.ProjectInspector - ComputeSourceDir
18:20:41.740 [main] INFO  f.i.s.r.p.i.ProjectInspector - ComputeTestDir
18:20:41.740 [main] INFO  f.i.s.r.p.i.ProjectInspector - BuildProjectBuggyBuildCandidate
18:20:41.740 [main] INFO  f.i.s.r.p.i.ProjectInspector - TestProjectBuggyBuildCandidate
18:20:41.740 [main] INFO  f.i.s.r.p.i.ProjectInspector - GatherTestInformationBuggyBuildCandidate
18:20:41.740 [main] INFO  f.i.s.r.p.i.ProjectInspector - InitRepoToPush
18:20:41.741 [main] INFO  f.i.s.r.p.i.ProjectInspector - ComputeClasspath
18:20:41.741 [main] INFO  f.i.s.r.p.i.ProjectInspector - ComputeModules
18:20:41.741 [main] INFO  f.i.s.r.p.i.ProjectInspector - CheckoutPatchedBuildCandidate
18:20:41.741 [main] INFO  f.i.s.r.p.i.ProjectInspector - BuildProjectPatchedBuildCandidate
18:20:41.741 [main] INFO  f.i.s.r.p.i.ProjectInspector - TestProjectPatchedBuildCandidate
18:20:41.741 [main] INFO  f.i.s.r.p.i.ProjectInspector - GatherTestInformationPatchedBuildCandidate
18:20:41.741 [main] INFO  f.i.s.r.p.i.ProjectInspector - CommitPatch
18:20:41.742 [main] INFO  f.i.s.r.p.i.ProjectInspector - WritePropertyFile
18:20:41.742 [main] INFO  f.i.s.r.p.i.ProjectInspector - CommitProcessEnd
18:20:41.742 [main] INFO  f.i.s.r.p.i.ProjectInspector - PushProcessEnd
18:20:41.742 [main] DEBUG f.i.s.r.process.step.CloneRepository - ----------------------------------------------------------------------
18:20:41.742 [main] DEBUG f.i.s.r.process.step.CloneRepository - STEP 1/18: CloneRepository
18:20:41.743 [main] DEBUG f.i.s.r.process.step.CloneRepository - ----------------------------------------------------------------------
18:20:41.743 [main] DEBUG f.i.s.r.process.step.CloneRepository - Cloning repository runelite/runelite in the following directory: ./workspace/runelite/runelite/361001371
18:20:52.993 [main] DEBUG f.i.s.r.process.step.CloneRepository - STEP STATUS: [ CloneRepository : SUCCESS ]
18:20:52.993 [main] DEBUG f.i.s.r.process.step.CloneRepository - STEP DURATION: 11s
18:20:52.994 [main] DEBUG f.i.s.r.process.step.CloneRepository - EXECUTE NEXT STEP
18:20:52.994 [main] DEBUG f.i.s.r.p.s.c.CheckoutBuggyBuild - ----------------------------------------------------------------------
18:20:52.994 [main] DEBUG f.i.s.r.p.s.c.CheckoutBuggyBuild - STEP 2/18: CheckoutBuggyBuildCandidate
18:20:52.994 [main] DEBUG f.i.s.r.p.s.c.CheckoutBuggyBuild - ----------------------------------------------------------------------
18:20:52.994 [main] DEBUG f.i.s.r.p.s.c.CheckoutBuggyBuild - Checking out buggy build candidate...
18:20:53.333 [main] INFO  fr.inria.jtravis.JTravis - GitHub ratelimit: Limit: 5000 Remaining: 4499 Reset hour: 19:36:59
18:20:53.896 [main] WARN  f.i.j.helpers.PullRequestHelper - The head repository is null: maybe it has been deleted from GitHub
18:20:53.896 [main] ERROR f.i.s.r.p.s.c.CheckoutBuggyBuild - Error while getting PR information.
18:20:53.898 [main] DEBUG f.i.s.r.p.s.c.CheckoutBuggyBuild - STEP STATUS: [ CheckoutBuggyBuildCandidate : FAILURE ( BUILDNOTCHECKEDOUT ) ]
18:20:53.899 [main] DEBUG f.i.s.r.p.s.c.CheckoutBuggyBuild - STEP DURATION: 0s
18:20:53.899 [main] DEBUG f.i.s.r.p.s.c.CheckoutBuggyBuild - TERMINATE PIPELINE
18:20:53.900 [main] DEBUG f.i.s.r.p.s.c.CheckoutBuggyBuild - FINAL STEPS SKIPPED: The reproduction of the bug and/or the patch failed.
18:20:53.906 [main] INFO  f.i.s.r.p.s.c.CheckoutBuggyBuild - Serialize all data for the pair of builds 361001371, 361003256
18:20:54.028 [main] INFO  fr.inria.jtravis.JTravis - GitHub ratelimit: Limit: 5000 Remaining: 4497 Reset hour: 19:36:59
18:20:54.733 [main] INFO  f.i.s.r.p.i.ProjectInspector - ----------------------------------------------------------------------
18:20:54.734 [main] INFO  f.i.s.r.p.i.ProjectInspector - PIPELINE EXECUTION SUMMARY
18:20:54.734 [main] INFO  f.i.s.r.p.i.ProjectInspector - ----------------------------------------------------------------------
18:20:54.734 [main] INFO  f.i.s.r.p.i.ProjectInspector - CloneRepository.......................................SUCCESS [ 11 s ]
18:20:54.734 [main] INFO  f.i.s.r.p.i.ProjectInspector - CheckoutBuggyBuildCandidate...........................FAILURE [  0 s ]
18:20:54.734 [main] INFO  f.i.s.r.p.i.ProjectInspector - ComputeSourceDir......................................NOT RUN         
18:20:54.734 [main] INFO  f.i.s.r.p.i.ProjectInspector - ComputeTestDir........................................NOT RUN         
18:20:54.734 [main] INFO  f.i.s.r.p.i.ProjectInspector - BuildProjectBuggyBuildCandidate.......................NOT RUN         
18:20:54.735 [main] INFO  f.i.s.r.p.i.ProjectInspector - TestProjectBuggyBuildCandidate........................NOT RUN         
18:20:54.735 [main] INFO  f.i.s.r.p.i.ProjectInspector - GatherTestInformationBuggyBuildCandidate..............NOT RUN         
18:20:54.735 [main] INFO  f.i.s.r.p.i.ProjectInspector - InitRepoToPush........................................NOT RUN         
18:20:54.735 [main] INFO  f.i.s.r.p.i.ProjectInspector - ComputeClasspath......................................NOT RUN         
18:20:54.735 [main] INFO  f.i.s.r.p.i.ProjectInspector - ComputeModules........................................NOT RUN         
18:20:54.735 [main] INFO  f.i.s.r.p.i.ProjectInspector - CheckoutPatchedBuildCandidate.........................NOT RUN         
18:20:54.736 [main] INFO  f.i.s.r.p.i.ProjectInspector - BuildProjectPatchedBuildCandidate.....................NOT RUN         
18:20:54.736 [main] INFO  f.i.s.r.p.i.ProjectInspector - TestProjectPatchedBuildCandidate......................NOT RUN         
18:20:54.736 [main] INFO  f.i.s.r.p.i.ProjectInspector - GatherTestInformationPatchedBuildCandidate............NOT RUN         
18:20:54.736 [main] INFO  f.i.s.r.p.i.ProjectInspector - CommitPatch...........................................NOT RUN         
18:20:54.736 [main] INFO  f.i.s.r.p.i.ProjectInspector - WritePropertyFile.....................................NOT RUN         
18:20:54.736 [main] INFO  f.i.s.r.p.i.ProjectInspector - CommitProcessEnd......................................NOT RUN         
18:20:54.736 [main] INFO  f.i.s.r.p.i.ProjectInspector - PushProcessEnd........................................NOT RUN         
18:20:54.736 [main] INFO  f.i.s.r.p.i.ProjectInspector - ----------------------------------------------------------------------
18:20:54.736 [main] INFO  f.i.s.r.p.i.ProjectInspector - PIPELINE FINDING: BUILDNOTCHECKEDOUT
18:20:54.737 [main] INFO  f.i.s.r.p.i.ProjectInspector - ----------------------------------------------------------------------
18:20:54.737 [main] INFO  f.i.s.repairnator.pipeline.Launcher - Inspector is finished. The process will exit now.
