13:32:11.217 [main] INFO  f.i.s.repairnator.pipeline.Launcher - PIPELINE VERSION: 3.0-2018-08-09 19:04
13:32:11.402 [main] INFO  f.i.s.repairnator.pipeline.Launcher - The pipeline will try to reproduce a bug from build 351348480 and its corresponding patch from build 365622970
13:32:11.402 [main] INFO  f.i.s.repairnator.pipeline.Launcher - Initialize file serializer engines.
13:32:11.404 [main] INFO  f.i.s.repairnator.pipeline.Launcher - MongoDB won't be used for serialization.
13:32:11.404 [main] INFO  f.i.s.repairnator.pipeline.Launcher - The email notifier engine won't be used.
13:32:11.407 [main] INFO  f.i.s.repairnator.pipeline.Launcher - Start by getting the build (buildId: 351348480) with the following config: RepairnatorConfig{runId='0c1dbb4d-1cbc-485c-8949-10b1e9ab500a_04-18-week2-PASSING_AND_PASSING', launcherMode=BEARS, serializeJson=true, inputPath='null', outputPath='/var/log', mongodbHost='null', mongodbName='repairnator', smtpServer='null', notifyTo=[], notifyEndProcess=false, push=true, pushRemoteRepo='https://github.com/fermadeiral/bears-collection-pp', fork=false, lookFromDate=null, lookToDate=null, buildId=351348480, z3solverPath='./z3_for_linux', workspacePath='./workspace', githubToken='c8a341a903[...]', dockerImageName='null', skipDelete=false, createOutputDir=false, logDirectory='null', nbThreads=0, globalTimeout=0, whiteList=null, blackList=null, jobSleepTime=0, buildSleepTime=0, maxInspectedBuilds=0, duration=null, humanPatch=false, repository='null', clean=true, bearsMode=BOTH, bearsDelimiter = false, repairTools=NopolAllTests,NPEFix,AssertFixer,AstorJGenProg,AstorJKali,NopolSingleTest,AstorJMut,NopolTestExclusionStrategy, githubUserName= fermadeiral, githubUserEmail=fer.madeiral@gmail.com}
13:32:12.765 [main] DEBUG fr.inria.jtravis.helpers.BuildHelper - Get request to :https://api.travis-ci.org/build/351348480 done after 898 ms
13:32:13.018 [main] DEBUG fr.inria.jtravis.helpers.BuildHelper - Get request to :https://api.travis-ci.org/build/365622970 done after 150 ms
13:32:13.048 [main] INFO  f.i.s.repairnator.pipeline.Launcher - The patched build (365622970) was successfully retrieved from Travis.
13:32:14.151 [main] INFO  fr.inria.jtravis.JTravis - GitHub ratelimit: Limit: 5000 Remaining: 4156 Reset hour: 19:39:35
13:32:14.452 [main] INFO  f.i.s.r.p.i.ProjectInspector - ----------------------------------------------------------------------
13:32:14.452 [main] INFO  f.i.s.r.p.i.ProjectInspector - PIPELINE STEPS
13:32:14.452 [main] INFO  f.i.s.r.p.i.ProjectInspector - ----------------------------------------------------------------------
13:32:14.452 [main] INFO  f.i.s.r.p.i.ProjectInspector - CloneRepository
13:32:14.453 [main] INFO  f.i.s.r.p.i.ProjectInspector - CheckoutPatchedBuildCandidate
13:32:14.453 [main] INFO  f.i.s.r.p.i.ProjectInspector - ComputeSourceDir
13:32:14.453 [main] INFO  f.i.s.r.p.i.ProjectInspector - ComputeTestDir
13:32:14.453 [main] INFO  f.i.s.r.p.i.ProjectInspector - CheckoutBuggyBuildCandidateSourceCode
13:32:14.454 [main] INFO  f.i.s.r.p.i.ProjectInspector - BuildProjectBuggyBuildCandidateSourceCode
13:32:14.454 [main] INFO  f.i.s.r.p.i.ProjectInspector - TestProjectBuggyBuildCandidateSourceCode
13:32:14.454 [main] INFO  f.i.s.r.p.i.ProjectInspector - GatherTestInformationBuggyBuildCandidateSourceCode
13:32:14.454 [main] INFO  f.i.s.r.p.i.ProjectInspector - CheckoutBuggyBuildTestCode
13:32:14.454 [main] INFO  f.i.s.r.p.i.ProjectInspector - InitRepoToPush
13:32:14.454 [main] INFO  f.i.s.r.p.i.ProjectInspector - ComputeClasspath
13:32:14.455 [main] INFO  f.i.s.r.p.i.ProjectInspector - ComputeModules
13:32:14.455 [main] INFO  f.i.s.r.p.i.ProjectInspector - CheckoutBuggyBuildCandidateSourceCode
13:32:14.455 [main] INFO  f.i.s.r.p.i.ProjectInspector - CommitChangedTests
13:32:14.455 [main] INFO  f.i.s.r.p.i.ProjectInspector - CheckoutPatchedBuildCandidate
13:32:14.455 [main] INFO  f.i.s.r.p.i.ProjectInspector - BuildProjectPatchedBuildCandidate
13:32:14.456 [main] INFO  f.i.s.r.p.i.ProjectInspector - TestProjectPatchedBuildCandidate
13:32:14.456 [main] INFO  f.i.s.r.p.i.ProjectInspector - GatherTestInformationPatchedBuildCandidate
13:32:14.456 [main] INFO  f.i.s.r.p.i.ProjectInspector - CommitPatch
13:32:14.456 [main] INFO  f.i.s.r.p.i.ProjectInspector - WritePropertyFile
13:32:14.456 [main] INFO  f.i.s.r.p.i.ProjectInspector - CommitProcessEnd
13:32:14.457 [main] INFO  f.i.s.r.p.i.ProjectInspector - PushProcessEnd
13:32:14.457 [main] DEBUG f.i.s.r.process.step.CloneRepository - ----------------------------------------------------------------------
13:32:14.457 [main] DEBUG f.i.s.r.process.step.CloneRepository - STEP 1/22: CloneRepository
13:32:14.458 [main] DEBUG f.i.s.r.process.step.CloneRepository - ----------------------------------------------------------------------
13:32:14.458 [main] DEBUG f.i.s.r.process.step.CloneRepository - Cloning repository MyCoRe-Org/mycore in the following directory: ./workspace/MyCoRe-Org/mycore/351348480
13:33:12.026 [main] DEBUG f.i.s.r.process.step.CloneRepository - STEP STATUS: [ CloneRepository : SUCCESS ]
13:33:12.030 [main] DEBUG f.i.s.r.process.step.CloneRepository - STEP DURATION: 57s
13:33:12.031 [main] DEBUG f.i.s.r.process.step.CloneRepository - EXECUTE NEXT STEP
13:33:12.031 [main] DEBUG f.i.s.r.p.s.c.CheckoutPatchedBuild - ----------------------------------------------------------------------
13:33:12.032 [main] DEBUG f.i.s.r.p.s.c.CheckoutPatchedBuild - STEP 2/22: CheckoutPatchedBuildCandidate
13:33:12.032 [main] DEBUG f.i.s.r.p.s.c.CheckoutPatchedBuild - ----------------------------------------------------------------------
13:33:12.032 [main] DEBUG f.i.s.r.p.s.c.CheckoutPatchedBuild - Checking out patched build candidate...
13:33:12.394 [main] INFO  fr.inria.jtravis.JTravis - GitHub ratelimit: Limit: 5000 Remaining: 4147 Reset hour: 19:39:35
13:33:14.215 [main] DEBUG f.i.s.r.p.s.c.CheckoutPatchedBuild - Reproduce the PR for MyCoRe-Org/mycore by fetching remote branch and merging.
13:33:14.434 [main] ERROR f.i.s.r.p.s.c.CheckoutPatchedBuild - Error while testing commit: org.eclipse.jgit.errors.MissingObjectException: Missing unknown 17d997cd27a3c44528a40be4618b402eb80ed17b
13:33:14.435 [main] ERROR f.i.s.r.p.s.c.CheckoutPatchedBuild - Commit head ref cannot be retrieved from the repository: 17d997cd27a3c44528a40be4618b402eb80ed17b. Operation aborted.
13:33:14.435 [main] ERROR f.i.s.r.p.s.c.CheckoutPatchedBuild - Error while merging two commits to reproduce the PR.
13:33:14.436 [main] DEBUG f.i.s.r.p.s.c.CheckoutPatchedBuild - STEP STATUS: [ CheckoutPatchedBuildCandidate : FAILURE ( BUILDNOTCHECKEDOUT ) ]
13:33:14.437 [main] DEBUG f.i.s.r.p.s.c.CheckoutPatchedBuild - STEP DURATION: 2s
13:33:14.437 [main] DEBUG f.i.s.r.p.s.c.CheckoutPatchedBuild - TERMINATE PIPELINE
13:33:14.437 [main] DEBUG f.i.s.r.p.s.c.CheckoutPatchedBuild - FINAL STEPS SKIPPED: The reproduction of the bug and/or the patch failed.
13:33:14.438 [main] INFO  f.i.s.r.p.s.c.CheckoutPatchedBuild - Serialize all data for the pair of builds 351348480, 365622970
13:33:14.563 [main] INFO  fr.inria.jtravis.JTravis - GitHub ratelimit: Limit: 5000 Remaining: 4139 Reset hour: 19:39:35
13:33:15.421 [main] INFO  f.i.s.r.p.i.ProjectInspector - ----------------------------------------------------------------------
13:33:15.422 [main] INFO  f.i.s.r.p.i.ProjectInspector - PIPELINE EXECUTION SUMMARY
13:33:15.422 [main] INFO  f.i.s.r.p.i.ProjectInspector - ----------------------------------------------------------------------
13:33:15.422 [main] INFO  f.i.s.r.p.i.ProjectInspector - CloneRepository.......................................SUCCESS [ 57 s ]
13:33:15.423 [main] INFO  f.i.s.r.p.i.ProjectInspector - CheckoutPatchedBuildCandidate.........................FAILURE [  2 s ]
13:33:15.423 [main] INFO  f.i.s.r.p.i.ProjectInspector - ComputeSourceDir......................................NOT RUN         
13:33:15.423 [main] INFO  f.i.s.r.p.i.ProjectInspector - ComputeTestDir........................................NOT RUN         
13:33:15.423 [main] INFO  f.i.s.r.p.i.ProjectInspector - CheckoutBuggyBuildCandidateSourceCode.................NOT RUN         
13:33:15.427 [main] INFO  f.i.s.r.p.i.ProjectInspector - BuildProjectBuggyBuildCandidateSourceCode.............NOT RUN         
13:33:15.427 [main] INFO  f.i.s.r.p.i.ProjectInspector - TestProjectBuggyBuildCandidateSourceCode..............NOT RUN         
13:33:15.427 [main] INFO  f.i.s.r.p.i.ProjectInspector - GatherTestInformationBuggyBuildCandidateSourceCode....NOT RUN         
13:33:15.427 [main] INFO  f.i.s.r.p.i.ProjectInspector - CheckoutBuggyBuildTestCode............................NOT RUN         
13:33:15.427 [main] INFO  f.i.s.r.p.i.ProjectInspector - InitRepoToPush........................................NOT RUN         
13:33:15.427 [main] INFO  f.i.s.r.p.i.ProjectInspector - ComputeClasspath......................................NOT RUN         
13:33:15.427 [main] INFO  f.i.s.r.p.i.ProjectInspector - ComputeModules........................................NOT RUN         
13:33:15.427 [main] INFO  f.i.s.r.p.i.ProjectInspector - CheckoutBuggyBuildCandidateSourceCode.................NOT RUN         
13:33:15.428 [main] INFO  f.i.s.r.p.i.ProjectInspector - CommitChangedTests....................................NOT RUN         
13:33:15.428 [main] INFO  f.i.s.r.p.i.ProjectInspector - CheckoutPatchedBuildCandidate.........................NOT RUN         
13:33:15.428 [main] INFO  f.i.s.r.p.i.ProjectInspector - BuildProjectPatchedBuildCandidate.....................NOT RUN         
13:33:15.428 [main] INFO  f.i.s.r.p.i.ProjectInspector - TestProjectPatchedBuildCandidate......................NOT RUN         
13:33:15.428 [main] INFO  f.i.s.r.p.i.ProjectInspector - GatherTestInformationPatchedBuildCandidate............NOT RUN         
13:33:15.428 [main] INFO  f.i.s.r.p.i.ProjectInspector - CommitPatch...........................................NOT RUN         
13:33:15.428 [main] INFO  f.i.s.r.p.i.ProjectInspector - WritePropertyFile.....................................NOT RUN         
13:33:15.428 [main] INFO  f.i.s.r.p.i.ProjectInspector - CommitProcessEnd......................................NOT RUN         
13:33:15.428 [main] INFO  f.i.s.r.p.i.ProjectInspector - PushProcessEnd........................................NOT RUN         
13:33:15.429 [main] INFO  f.i.s.r.p.i.ProjectInspector - ----------------------------------------------------------------------
13:33:15.429 [main] INFO  f.i.s.r.p.i.ProjectInspector - PIPELINE FINDING: BUILDNOTCHECKEDOUT
13:33:15.429 [main] INFO  f.i.s.r.p.i.ProjectInspector - ----------------------------------------------------------------------
13:33:15.429 [main] INFO  f.i.s.repairnator.pipeline.Launcher - Inspector is finished. The process will exit now.
