13:04:23.230 [main] INFO  f.i.s.repairnator.pipeline.Launcher - PIPELINE VERSION: 3.0-2018-08-09 19:04
13:04:23.457 [main] INFO  f.i.s.repairnator.pipeline.Launcher - The pipeline will try to reproduce a bug from build 366459030 and its corresponding patch from build 366473595
13:04:23.458 [main] INFO  f.i.s.repairnator.pipeline.Launcher - Initialize file serializer engines.
13:04:23.460 [main] INFO  f.i.s.repairnator.pipeline.Launcher - MongoDB won't be used for serialization.
13:04:23.461 [main] INFO  f.i.s.repairnator.pipeline.Launcher - The email notifier engine won't be used.
13:04:23.466 [main] INFO  f.i.s.repairnator.pipeline.Launcher - Start by getting the build (buildId: 366459030) with the following config: RepairnatorConfig{runId='0c1dbb4d-1cbc-485c-8949-10b1e9ab500a_04-18-week2-PASSING_AND_PASSING', launcherMode=BEARS, serializeJson=true, inputPath='null', outputPath='/var/log', mongodbHost='null', mongodbName='repairnator', smtpServer='null', notifyTo=[], notifyEndProcess=false, push=true, pushRemoteRepo='https://github.com/fermadeiral/bears-collection-pp', fork=false, lookFromDate=null, lookToDate=null, buildId=366459030, z3solverPath='./z3_for_linux', workspacePath='./workspace', githubToken='c8a341a903[...]', dockerImageName='null', skipDelete=false, createOutputDir=false, logDirectory='null', nbThreads=0, globalTimeout=0, whiteList=null, blackList=null, jobSleepTime=0, buildSleepTime=0, maxInspectedBuilds=0, duration=null, humanPatch=false, repository='null', clean=true, bearsMode=BOTH, bearsDelimiter = false, repairTools=NopolAllTests,NPEFix,AssertFixer,AstorJGenProg,AstorJKali,NopolSingleTest,AstorJMut,NopolTestExclusionStrategy, githubUserName= fermadeiral, githubUserEmail=fer.madeiral@gmail.com}
13:04:25.590 [main] DEBUG fr.inria.jtravis.helpers.BuildHelper - Get request to :https://api.travis-ci.org/build/366459030 done after 1204 ms
13:04:25.864 [main] DEBUG fr.inria.jtravis.helpers.BuildHelper - Get request to :https://api.travis-ci.org/build/366473595 done after 130 ms
13:04:25.885 [main] INFO  f.i.s.repairnator.pipeline.Launcher - The patched build (366473595) was successfully retrieved from Travis.
13:04:27.273 [main] INFO  fr.inria.jtravis.JTravis - GitHub ratelimit: Limit: 5000 Remaining: 4914 Reset hour: 19:39:35
13:04:27.577 [main] INFO  f.i.s.r.p.i.ProjectInspector - ----------------------------------------------------------------------
13:04:27.578 [main] INFO  f.i.s.r.p.i.ProjectInspector - PIPELINE STEPS
13:04:27.578 [main] INFO  f.i.s.r.p.i.ProjectInspector - ----------------------------------------------------------------------
13:04:27.578 [main] INFO  f.i.s.r.p.i.ProjectInspector - CloneRepository
13:04:27.579 [main] INFO  f.i.s.r.p.i.ProjectInspector - CheckoutPatchedBuildCandidate
13:04:27.579 [main] INFO  f.i.s.r.p.i.ProjectInspector - ComputeSourceDir
13:04:27.579 [main] INFO  f.i.s.r.p.i.ProjectInspector - ComputeTestDir
13:04:27.579 [main] INFO  f.i.s.r.p.i.ProjectInspector - CheckoutBuggyBuildCandidateSourceCode
13:04:27.580 [main] INFO  f.i.s.r.p.i.ProjectInspector - BuildProjectBuggyBuildCandidateSourceCode
13:04:27.580 [main] INFO  f.i.s.r.p.i.ProjectInspector - TestProjectBuggyBuildCandidateSourceCode
13:04:27.580 [main] INFO  f.i.s.r.p.i.ProjectInspector - GatherTestInformationBuggyBuildCandidateSourceCode
13:04:27.581 [main] INFO  f.i.s.r.p.i.ProjectInspector - CheckoutBuggyBuildTestCode
13:04:27.581 [main] INFO  f.i.s.r.p.i.ProjectInspector - InitRepoToPush
13:04:27.583 [main] INFO  f.i.s.r.p.i.ProjectInspector - ComputeClasspath
13:04:27.584 [main] INFO  f.i.s.r.p.i.ProjectInspector - ComputeModules
13:04:27.584 [main] INFO  f.i.s.r.p.i.ProjectInspector - CheckoutBuggyBuildCandidateSourceCode
13:04:27.585 [main] INFO  f.i.s.r.p.i.ProjectInspector - CommitChangedTests
13:04:27.585 [main] INFO  f.i.s.r.p.i.ProjectInspector - CheckoutPatchedBuildCandidate
13:04:27.585 [main] INFO  f.i.s.r.p.i.ProjectInspector - BuildProjectPatchedBuildCandidate
13:04:27.586 [main] INFO  f.i.s.r.p.i.ProjectInspector - TestProjectPatchedBuildCandidate
13:04:27.586 [main] INFO  f.i.s.r.p.i.ProjectInspector - GatherTestInformationPatchedBuildCandidate
13:04:27.586 [main] INFO  f.i.s.r.p.i.ProjectInspector - CommitPatch
13:04:27.587 [main] INFO  f.i.s.r.p.i.ProjectInspector - WritePropertyFile
13:04:27.587 [main] INFO  f.i.s.r.p.i.ProjectInspector - CommitProcessEnd
13:04:27.587 [main] INFO  f.i.s.r.p.i.ProjectInspector - PushProcessEnd
13:04:27.588 [main] DEBUG f.i.s.r.process.step.CloneRepository - ----------------------------------------------------------------------
13:04:27.588 [main] DEBUG f.i.s.r.process.step.CloneRepository - STEP 1/22: CloneRepository
13:04:27.589 [main] DEBUG f.i.s.r.process.step.CloneRepository - ----------------------------------------------------------------------
13:04:27.590 [main] DEBUG f.i.s.r.process.step.CloneRepository - Cloning repository alipay/sofa-rpc-boot-projects in the following directory: ./workspace/alipay/sofa-rpc-boot-projects/366459030
13:04:30.356 [main] DEBUG f.i.s.r.process.step.CloneRepository - STEP STATUS: [ CloneRepository : SUCCESS ]
13:04:30.357 [main] DEBUG f.i.s.r.process.step.CloneRepository - STEP DURATION: 2s
13:04:30.358 [main] DEBUG f.i.s.r.process.step.CloneRepository - EXECUTE NEXT STEP
13:04:30.361 [main] DEBUG f.i.s.r.p.s.c.CheckoutPatchedBuild - ----------------------------------------------------------------------
13:04:30.361 [main] DEBUG f.i.s.r.p.s.c.CheckoutPatchedBuild - STEP 2/22: CheckoutPatchedBuildCandidate
13:04:30.361 [main] DEBUG f.i.s.r.p.s.c.CheckoutPatchedBuild - ----------------------------------------------------------------------
13:04:30.362 [main] DEBUG f.i.s.r.p.s.c.CheckoutPatchedBuild - Checking out patched build candidate...
13:04:30.380 [main] ERROR f.i.s.r.p.s.c.CheckoutPatchedBuild - Error while testing commit: org.eclipse.jgit.errors.MissingObjectException: Missing unknown 95615469e1d4b12122f3e419f6dc60ec2982f9fb
13:04:30.381 [main] ERROR f.i.s.r.p.s.c.CheckoutPatchedBuild - Error while getting the commit to checkout from the repo.
13:04:30.382 [main] DEBUG f.i.s.r.p.s.c.CheckoutPatchedBuild - STEP STATUS: [ CheckoutPatchedBuildCandidate : FAILURE ( BUILDNOTCHECKEDOUT ) ]
13:04:30.383 [main] DEBUG f.i.s.r.p.s.c.CheckoutPatchedBuild - STEP DURATION: 0s
13:04:30.383 [main] DEBUG f.i.s.r.p.s.c.CheckoutPatchedBuild - TERMINATE PIPELINE
13:04:30.384 [main] DEBUG f.i.s.r.p.s.c.CheckoutPatchedBuild - FINAL STEPS SKIPPED: The reproduction of the bug and/or the patch failed.
13:04:30.384 [main] INFO  f.i.s.r.p.s.c.CheckoutPatchedBuild - Serialize all data for the pair of builds 366459030, 366473595
13:04:30.520 [main] INFO  fr.inria.jtravis.JTravis - GitHub ratelimit: Limit: 5000 Remaining: 4911 Reset hour: 19:39:35
13:04:31.077 [main] INFO  f.i.s.r.p.i.ProjectInspector - ----------------------------------------------------------------------
13:04:31.078 [main] INFO  f.i.s.r.p.i.ProjectInspector - PIPELINE EXECUTION SUMMARY
13:04:31.078 [main] INFO  f.i.s.r.p.i.ProjectInspector - ----------------------------------------------------------------------
13:04:31.078 [main] INFO  f.i.s.r.p.i.ProjectInspector - CloneRepository........................................SUCCESS [ 2 s ]
13:04:31.079 [main] INFO  f.i.s.r.p.i.ProjectInspector - CheckoutPatchedBuildCandidate..........................FAILURE [ 0 s ]
13:04:31.079 [main] INFO  f.i.s.r.p.i.ProjectInspector - ComputeSourceDir.......................................NOT RUN        
13:04:31.079 [main] INFO  f.i.s.r.p.i.ProjectInspector - ComputeTestDir.........................................NOT RUN        
13:04:31.080 [main] INFO  f.i.s.r.p.i.ProjectInspector - CheckoutBuggyBuildCandidateSourceCode..................NOT RUN        
13:04:31.080 [main] INFO  f.i.s.r.p.i.ProjectInspector - BuildProjectBuggyBuildCandidateSourceCode..............NOT RUN        
13:04:31.080 [main] INFO  f.i.s.r.p.i.ProjectInspector - TestProjectBuggyBuildCandidateSourceCode...............NOT RUN        
13:04:31.082 [main] INFO  f.i.s.r.p.i.ProjectInspector - GatherTestInformationBuggyBuildCandidateSourceCode.....NOT RUN        
13:04:31.082 [main] INFO  f.i.s.r.p.i.ProjectInspector - CheckoutBuggyBuildTestCode.............................NOT RUN        
13:04:31.082 [main] INFO  f.i.s.r.p.i.ProjectInspector - InitRepoToPush.........................................NOT RUN        
13:04:31.083 [main] INFO  f.i.s.r.p.i.ProjectInspector - ComputeClasspath.......................................NOT RUN        
13:04:31.083 [main] INFO  f.i.s.r.p.i.ProjectInspector - ComputeModules.........................................NOT RUN        
13:04:31.083 [main] INFO  f.i.s.r.p.i.ProjectInspector - CheckoutBuggyBuildCandidateSourceCode..................NOT RUN        
13:04:31.084 [main] INFO  f.i.s.r.p.i.ProjectInspector - CommitChangedTests.....................................NOT RUN        
13:04:31.084 [main] INFO  f.i.s.r.p.i.ProjectInspector - CheckoutPatchedBuildCandidate..........................NOT RUN        
13:04:31.084 [main] INFO  f.i.s.r.p.i.ProjectInspector - BuildProjectPatchedBuildCandidate......................NOT RUN        
13:04:31.084 [main] INFO  f.i.s.r.p.i.ProjectInspector - TestProjectPatchedBuildCandidate.......................NOT RUN        
13:04:31.085 [main] INFO  f.i.s.r.p.i.ProjectInspector - GatherTestInformationPatchedBuildCandidate.............NOT RUN        
13:04:31.085 [main] INFO  f.i.s.r.p.i.ProjectInspector - CommitPatch............................................NOT RUN        
13:04:31.086 [main] INFO  f.i.s.r.p.i.ProjectInspector - WritePropertyFile......................................NOT RUN        
13:04:31.086 [main] INFO  f.i.s.r.p.i.ProjectInspector - CommitProcessEnd.......................................NOT RUN        
13:04:31.086 [main] INFO  f.i.s.r.p.i.ProjectInspector - PushProcessEnd.........................................NOT RUN        
13:04:31.087 [main] INFO  f.i.s.r.p.i.ProjectInspector - ----------------------------------------------------------------------
13:04:31.087 [main] INFO  f.i.s.r.p.i.ProjectInspector - PIPELINE FINDING: BUILDNOTCHECKEDOUT
13:04:31.087 [main] INFO  f.i.s.r.p.i.ProjectInspector - ----------------------------------------------------------------------
13:04:31.087 [main] INFO  f.i.s.repairnator.pipeline.Launcher - Inspector is finished. The process will exit now.
