04:30:00.676 [main] INFO  f.i.s.repairnator.pipeline.Launcher - PIPELINE VERSION: 3.0-2018-08-09 19:04
04:30:00.854 [main] INFO  f.i.s.repairnator.pipeline.Launcher - The pipeline will try to reproduce a bug from build 363954147 and its corresponding patch from build 364265516
04:30:00.855 [main] INFO  f.i.s.repairnator.pipeline.Launcher - Initialize file serializer engines.
04:30:00.857 [main] INFO  f.i.s.repairnator.pipeline.Launcher - MongoDB won't be used for serialization.
04:30:00.858 [main] INFO  f.i.s.repairnator.pipeline.Launcher - The email notifier engine won't be used.
04:30:00.862 [main] INFO  f.i.s.repairnator.pipeline.Launcher - Start by getting the build (buildId: 363954147) with the following config: RepairnatorConfig{runId='0c1dbb4d-1cbc-485c-8949-10b1e9ab500a_04-18-week2-PASSING_AND_PASSING', launcherMode=BEARS, serializeJson=true, inputPath='null', outputPath='/var/log', mongodbHost='null', mongodbName='repairnator', smtpServer='null', notifyTo=[], notifyEndProcess=false, push=true, pushRemoteRepo='https://github.com/fermadeiral/bears-collection-pp', fork=false, lookFromDate=null, lookToDate=null, buildId=363954147, z3solverPath='./z3_for_linux', workspacePath='./workspace', githubToken='c8a341a903[...]', dockerImageName='null', skipDelete=false, createOutputDir=false, logDirectory='null', nbThreads=0, globalTimeout=0, whiteList=null, blackList=null, jobSleepTime=0, buildSleepTime=0, maxInspectedBuilds=0, duration=null, humanPatch=false, repository='null', clean=true, bearsMode=BOTH, bearsDelimiter = false, repairTools=NopolAllTests,NPEFix,AssertFixer,AstorJGenProg,AstorJKali,NopolSingleTest,AstorJMut,NopolTestExclusionStrategy, githubUserName= fermadeiral, githubUserEmail=fer.madeiral@gmail.com}
04:30:02.180 [main] DEBUG fr.inria.jtravis.helpers.BuildHelper - Get request to :https://api.travis-ci.org/build/363954147 done after 743 ms
04:30:02.436 [main] DEBUG fr.inria.jtravis.helpers.BuildHelper - Get request to :https://api.travis-ci.org/build/364265516 done after 127 ms
04:30:02.469 [main] INFO  f.i.s.repairnator.pipeline.Launcher - The patched build (364265516) was successfully retrieved from Travis.
04:30:03.841 [main] INFO  fr.inria.jtravis.JTravis - GitHub ratelimit: Limit: 5000 Remaining: 4619 Reset hour: 19:39:03
04:30:04.126 [main] INFO  f.i.s.r.p.i.ProjectInspector - ----------------------------------------------------------------------
04:30:04.127 [main] INFO  f.i.s.r.p.i.ProjectInspector - PIPELINE STEPS
04:30:04.127 [main] INFO  f.i.s.r.p.i.ProjectInspector - ----------------------------------------------------------------------
04:30:04.127 [main] INFO  f.i.s.r.p.i.ProjectInspector - CloneRepository
04:30:04.128 [main] INFO  f.i.s.r.p.i.ProjectInspector - CheckoutPatchedBuildCandidate
04:30:04.128 [main] INFO  f.i.s.r.p.i.ProjectInspector - ComputeSourceDir
04:30:04.128 [main] INFO  f.i.s.r.p.i.ProjectInspector - ComputeTestDir
04:30:04.128 [main] INFO  f.i.s.r.p.i.ProjectInspector - CheckoutBuggyBuildCandidateSourceCode
04:30:04.129 [main] INFO  f.i.s.r.p.i.ProjectInspector - BuildProjectBuggyBuildCandidateSourceCode
04:30:04.129 [main] INFO  f.i.s.r.p.i.ProjectInspector - TestProjectBuggyBuildCandidateSourceCode
04:30:04.129 [main] INFO  f.i.s.r.p.i.ProjectInspector - GatherTestInformationBuggyBuildCandidateSourceCode
04:30:04.130 [main] INFO  f.i.s.r.p.i.ProjectInspector - CheckoutBuggyBuildTestCode
04:30:04.130 [main] INFO  f.i.s.r.p.i.ProjectInspector - InitRepoToPush
04:30:04.130 [main] INFO  f.i.s.r.p.i.ProjectInspector - ComputeClasspath
04:30:04.130 [main] INFO  f.i.s.r.p.i.ProjectInspector - ComputeModules
04:30:04.130 [main] INFO  f.i.s.r.p.i.ProjectInspector - CheckoutBuggyBuildCandidateSourceCode
04:30:04.131 [main] INFO  f.i.s.r.p.i.ProjectInspector - CommitChangedTests
04:30:04.131 [main] INFO  f.i.s.r.p.i.ProjectInspector - CheckoutPatchedBuildCandidate
04:30:04.131 [main] INFO  f.i.s.r.p.i.ProjectInspector - BuildProjectPatchedBuildCandidate
04:30:04.131 [main] INFO  f.i.s.r.p.i.ProjectInspector - TestProjectPatchedBuildCandidate
04:30:04.132 [main] INFO  f.i.s.r.p.i.ProjectInspector - GatherTestInformationPatchedBuildCandidate
04:30:04.132 [main] INFO  f.i.s.r.p.i.ProjectInspector - CommitPatch
04:30:04.132 [main] INFO  f.i.s.r.p.i.ProjectInspector - WritePropertyFile
04:30:04.133 [main] INFO  f.i.s.r.p.i.ProjectInspector - CommitProcessEnd
04:30:04.133 [main] INFO  f.i.s.r.p.i.ProjectInspector - PushProcessEnd
04:30:04.133 [main] DEBUG f.i.s.r.process.step.CloneRepository - ----------------------------------------------------------------------
04:30:04.134 [main] DEBUG f.i.s.r.process.step.CloneRepository - STEP 1/22: CloneRepository
04:30:04.134 [main] DEBUG f.i.s.r.process.step.CloneRepository - ----------------------------------------------------------------------
04:30:04.135 [main] DEBUG f.i.s.r.process.step.CloneRepository - Cloning repository batfish/batfish in the following directory: ./workspace/batfish/batfish/363954147
04:30:58.264 [main] DEBUG f.i.s.r.process.step.CloneRepository - STEP STATUS: [ CloneRepository : SUCCESS ]
04:30:58.265 [main] DEBUG f.i.s.r.process.step.CloneRepository - STEP DURATION: 54s
04:30:58.265 [main] DEBUG f.i.s.r.process.step.CloneRepository - EXECUTE NEXT STEP
04:30:58.265 [main] DEBUG f.i.s.r.p.s.c.CheckoutPatchedBuild - ----------------------------------------------------------------------
04:30:58.265 [main] DEBUG f.i.s.r.p.s.c.CheckoutPatchedBuild - STEP 2/22: CheckoutPatchedBuildCandidate
04:30:58.266 [main] DEBUG f.i.s.r.p.s.c.CheckoutPatchedBuild - ----------------------------------------------------------------------
04:30:58.266 [main] DEBUG f.i.s.r.p.s.c.CheckoutPatchedBuild - Checking out patched build candidate...
04:30:58.286 [main] ERROR f.i.s.r.p.s.c.CheckoutPatchedBuild - Error while testing commit: org.eclipse.jgit.errors.MissingObjectException: Missing unknown 4db21e5b1982c91fc19c0857b02b4acfad0663f6
04:30:58.286 [main] ERROR f.i.s.r.p.s.c.CheckoutPatchedBuild - Error while getting the commit to checkout from the repo.
04:30:58.287 [main] DEBUG f.i.s.r.p.s.c.CheckoutPatchedBuild - STEP STATUS: [ CheckoutPatchedBuildCandidate : FAILURE ( BUILDNOTCHECKEDOUT ) ]
04:30:58.287 [main] DEBUG f.i.s.r.p.s.c.CheckoutPatchedBuild - STEP DURATION: 0s
04:30:58.287 [main] DEBUG f.i.s.r.p.s.c.CheckoutPatchedBuild - TERMINATE PIPELINE
04:30:58.287 [main] DEBUG f.i.s.r.p.s.c.CheckoutPatchedBuild - FINAL STEPS SKIPPED: The reproduction of the bug and/or the patch failed.
04:30:58.288 [main] INFO  f.i.s.r.p.s.c.CheckoutPatchedBuild - Serialize all data for the pair of builds 363954147, 364265516
04:30:58.616 [main] INFO  fr.inria.jtravis.JTravis - GitHub ratelimit: Limit: 5000 Remaining: 4604 Reset hour: 19:39:03
04:30:59.666 [main] INFO  f.i.s.r.p.i.ProjectInspector - ----------------------------------------------------------------------
04:30:59.666 [main] INFO  f.i.s.r.p.i.ProjectInspector - PIPELINE EXECUTION SUMMARY
04:30:59.667 [main] INFO  f.i.s.r.p.i.ProjectInspector - ----------------------------------------------------------------------
04:30:59.667 [main] INFO  f.i.s.r.p.i.ProjectInspector - CloneRepository.......................................SUCCESS [ 54 s ]
04:30:59.667 [main] INFO  f.i.s.r.p.i.ProjectInspector - CheckoutPatchedBuildCandidate.........................FAILURE [  0 s ]
04:30:59.668 [main] INFO  f.i.s.r.p.i.ProjectInspector - ComputeSourceDir......................................NOT RUN         
04:30:59.668 [main] INFO  f.i.s.r.p.i.ProjectInspector - ComputeTestDir........................................NOT RUN         
04:30:59.668 [main] INFO  f.i.s.r.p.i.ProjectInspector - CheckoutBuggyBuildCandidateSourceCode.................NOT RUN         
04:30:59.668 [main] INFO  f.i.s.r.p.i.ProjectInspector - BuildProjectBuggyBuildCandidateSourceCode.............NOT RUN         
04:30:59.668 [main] INFO  f.i.s.r.p.i.ProjectInspector - TestProjectBuggyBuildCandidateSourceCode..............NOT RUN         
04:30:59.669 [main] INFO  f.i.s.r.p.i.ProjectInspector - GatherTestInformationBuggyBuildCandidateSourceCode....NOT RUN         
04:30:59.669 [main] INFO  f.i.s.r.p.i.ProjectInspector - CheckoutBuggyBuildTestCode............................NOT RUN         
04:30:59.670 [main] INFO  f.i.s.r.p.i.ProjectInspector - InitRepoToPush........................................NOT RUN         
04:30:59.670 [main] INFO  f.i.s.r.p.i.ProjectInspector - ComputeClasspath......................................NOT RUN         
04:30:59.670 [main] INFO  f.i.s.r.p.i.ProjectInspector - ComputeModules........................................NOT RUN         
04:30:59.671 [main] INFO  f.i.s.r.p.i.ProjectInspector - CheckoutBuggyBuildCandidateSourceCode.................NOT RUN         
04:30:59.671 [main] INFO  f.i.s.r.p.i.ProjectInspector - CommitChangedTests....................................NOT RUN         
04:30:59.671 [main] INFO  f.i.s.r.p.i.ProjectInspector - CheckoutPatchedBuildCandidate.........................NOT RUN         
04:30:59.672 [main] INFO  f.i.s.r.p.i.ProjectInspector - BuildProjectPatchedBuildCandidate.....................NOT RUN         
04:30:59.672 [main] INFO  f.i.s.r.p.i.ProjectInspector - TestProjectPatchedBuildCandidate......................NOT RUN         
04:30:59.672 [main] INFO  f.i.s.r.p.i.ProjectInspector - GatherTestInformationPatchedBuildCandidate............NOT RUN         
04:30:59.672 [main] INFO  f.i.s.r.p.i.ProjectInspector - CommitPatch...........................................NOT RUN         
04:30:59.673 [main] INFO  f.i.s.r.p.i.ProjectInspector - WritePropertyFile.....................................NOT RUN         
04:30:59.673 [main] INFO  f.i.s.r.p.i.ProjectInspector - CommitProcessEnd......................................NOT RUN         
04:30:59.673 [main] INFO  f.i.s.r.p.i.ProjectInspector - PushProcessEnd........................................NOT RUN         
04:30:59.673 [main] INFO  f.i.s.r.p.i.ProjectInspector - ----------------------------------------------------------------------
04:30:59.674 [main] INFO  f.i.s.r.p.i.ProjectInspector - PIPELINE FINDING: BUILDNOTCHECKEDOUT
04:30:59.674 [main] INFO  f.i.s.r.p.i.ProjectInspector - ----------------------------------------------------------------------
04:30:59.674 [main] INFO  f.i.s.repairnator.pipeline.Launcher - Inspector is finished. The process will exit now.
