11:03:27.839 [main] INFO  f.i.s.repairnator.pipeline.Launcher - PIPELINE VERSION: 3.0-2018-08-09 19:04
11:03:27.958 [main] INFO  f.i.s.repairnator.pipeline.Launcher - The pipeline will try to reproduce a bug from build 365516224 and its corresponding patch from build 365932209
11:03:27.958 [main] INFO  f.i.s.repairnator.pipeline.Launcher - Initialize file serializer engines.
11:03:27.959 [main] INFO  f.i.s.repairnator.pipeline.Launcher - MongoDB won't be used for serialization.
11:03:27.960 [main] INFO  f.i.s.repairnator.pipeline.Launcher - The email notifier engine won't be used.
11:03:27.963 [main] INFO  f.i.s.repairnator.pipeline.Launcher - Start by getting the build (buildId: 365516224) with the following config: RepairnatorConfig{runId='0c1dbb4d-1cbc-485c-8949-10b1e9ab500a_04-18-week2-PASSING_AND_PASSING', launcherMode=BEARS, serializeJson=true, inputPath='null', outputPath='/var/log', mongodbHost='null', mongodbName='repairnator', smtpServer='null', notifyTo=[], notifyEndProcess=false, push=true, pushRemoteRepo='https://github.com/fermadeiral/bears-collection-pp', fork=false, lookFromDate=null, lookToDate=null, buildId=365516224, z3solverPath='./z3_for_linux', workspacePath='./workspace', githubToken='c8a341a903[...]', dockerImageName='null', skipDelete=false, createOutputDir=false, logDirectory='null', nbThreads=0, globalTimeout=0, whiteList=null, blackList=null, jobSleepTime=0, buildSleepTime=0, maxInspectedBuilds=0, duration=null, humanPatch=false, repository='null', clean=true, bearsMode=BOTH, bearsDelimiter = false, repairTools=NopolAllTests,NPEFix,AssertFixer,AstorJGenProg,AstorJKali,NopolSingleTest,AstorJMut,NopolTestExclusionStrategy, githubUserName= fermadeiral, githubUserEmail=fer.madeiral@gmail.com}
11:03:29.363 [main] DEBUG fr.inria.jtravis.helpers.BuildHelper - Get request to :https://api.travis-ci.org/build/365516224 done after 871 ms
11:03:29.631 [main] DEBUG fr.inria.jtravis.helpers.BuildHelper - Get request to :https://api.travis-ci.org/build/365932209 done after 163 ms
11:03:29.644 [main] INFO  f.i.s.repairnator.pipeline.Launcher - The patched build (365932209) was successfully retrieved from Travis.
11:03:30.683 [main] INFO  fr.inria.jtravis.JTravis - GitHub ratelimit: Limit: 5000 Remaining: 4918 Reset hour: 19:39:27
11:03:30.919 [main] INFO  f.i.s.r.p.i.ProjectInspector - ----------------------------------------------------------------------
11:03:30.919 [main] INFO  f.i.s.r.p.i.ProjectInspector - PIPELINE STEPS
11:03:30.919 [main] INFO  f.i.s.r.p.i.ProjectInspector - ----------------------------------------------------------------------
11:03:30.919 [main] INFO  f.i.s.r.p.i.ProjectInspector - CloneRepository
11:03:30.919 [main] INFO  f.i.s.r.p.i.ProjectInspector - CheckoutPatchedBuildCandidate
11:03:30.919 [main] INFO  f.i.s.r.p.i.ProjectInspector - ComputeSourceDir
11:03:30.920 [main] INFO  f.i.s.r.p.i.ProjectInspector - ComputeTestDir
11:03:30.920 [main] INFO  f.i.s.r.p.i.ProjectInspector - CheckoutBuggyBuildCandidateSourceCode
11:03:30.920 [main] INFO  f.i.s.r.p.i.ProjectInspector - BuildProjectBuggyBuildCandidateSourceCode
11:03:30.920 [main] INFO  f.i.s.r.p.i.ProjectInspector - TestProjectBuggyBuildCandidateSourceCode
11:03:30.921 [main] INFO  f.i.s.r.p.i.ProjectInspector - GatherTestInformationBuggyBuildCandidateSourceCode
11:03:30.921 [main] INFO  f.i.s.r.p.i.ProjectInspector - CheckoutBuggyBuildTestCode
11:03:30.921 [main] INFO  f.i.s.r.p.i.ProjectInspector - InitRepoToPush
11:03:30.921 [main] INFO  f.i.s.r.p.i.ProjectInspector - ComputeClasspath
11:03:30.921 [main] INFO  f.i.s.r.p.i.ProjectInspector - ComputeModules
11:03:30.921 [main] INFO  f.i.s.r.p.i.ProjectInspector - CheckoutBuggyBuildCandidateSourceCode
11:03:30.922 [main] INFO  f.i.s.r.p.i.ProjectInspector - CommitChangedTests
11:03:30.922 [main] INFO  f.i.s.r.p.i.ProjectInspector - CheckoutPatchedBuildCandidate
11:03:30.922 [main] INFO  f.i.s.r.p.i.ProjectInspector - BuildProjectPatchedBuildCandidate
11:03:30.922 [main] INFO  f.i.s.r.p.i.ProjectInspector - TestProjectPatchedBuildCandidate
11:03:30.923 [main] INFO  f.i.s.r.p.i.ProjectInspector - GatherTestInformationPatchedBuildCandidate
11:03:30.923 [main] INFO  f.i.s.r.p.i.ProjectInspector - CommitPatch
11:03:30.923 [main] INFO  f.i.s.r.p.i.ProjectInspector - WritePropertyFile
11:03:30.923 [main] INFO  f.i.s.r.p.i.ProjectInspector - CommitProcessEnd
11:03:30.924 [main] INFO  f.i.s.r.p.i.ProjectInspector - PushProcessEnd
11:03:30.927 [main] DEBUG f.i.s.r.process.step.CloneRepository - ----------------------------------------------------------------------
11:03:30.928 [main] DEBUG f.i.s.r.process.step.CloneRepository - STEP 1/22: CloneRepository
11:03:30.928 [main] DEBUG f.i.s.r.process.step.CloneRepository - ----------------------------------------------------------------------
11:03:30.928 [main] DEBUG f.i.s.r.process.step.CloneRepository - Cloning repository resteasy/Resteasy in the following directory: ./workspace/resteasy/Resteasy/365516224
11:03:48.545 [main] DEBUG f.i.s.r.process.step.CloneRepository - STEP STATUS: [ CloneRepository : SUCCESS ]
11:03:48.545 [main] DEBUG f.i.s.r.process.step.CloneRepository - STEP DURATION: 17s
11:03:48.545 [main] DEBUG f.i.s.r.process.step.CloneRepository - EXECUTE NEXT STEP
11:03:48.545 [main] DEBUG f.i.s.r.p.s.c.CheckoutPatchedBuild - ----------------------------------------------------------------------
11:03:48.546 [main] DEBUG f.i.s.r.p.s.c.CheckoutPatchedBuild - STEP 2/22: CheckoutPatchedBuildCandidate
11:03:48.546 [main] DEBUG f.i.s.r.p.s.c.CheckoutPatchedBuild - ----------------------------------------------------------------------
11:03:48.546 [main] DEBUG f.i.s.r.p.s.c.CheckoutPatchedBuild - Checking out patched build candidate...
11:03:48.912 [main] INFO  fr.inria.jtravis.JTravis - GitHub ratelimit: Limit: 5000 Remaining: 4917 Reset hour: 19:39:27
11:03:51.159 [main] DEBUG f.i.s.r.p.s.c.CheckoutPatchedBuild - Reproduce the PR for resteasy/Resteasy by fetching remote branch and merging.
11:03:53.342 [main] DEBUG f.i.s.r.process.git.GitHelper - Step CheckoutPatchedBuildCandidate - Get the commit 5dd9a1ed5faeceaa5aa24730dd0a96b888766b5e for repo resteasy/Resteasy
11:03:55.018 [main] DEBUG f.i.s.r.process.git.GitHelper - Step CheckoutPatchedBuildCandidate - Do the merge with the PR commit for repo resteasy/Resteasy
11:03:55.821 [main] INFO  f.i.s.r.process.git.GitHelper - Init git submodules.
11:03:55.922 [main] DEBUG f.i.s.r.p.s.c.CheckoutPatchedBuild - STEP STATUS: [ CheckoutPatchedBuildCandidate : SUCCESS ]
11:03:55.923 [main] DEBUG f.i.s.r.p.s.c.CheckoutPatchedBuild - STEP DURATION: 7s
11:03:55.923 [main] DEBUG f.i.s.r.p.s.c.CheckoutPatchedBuild - EXECUTE NEXT STEP
11:03:55.923 [main] DEBUG f.i.s.r.p.s.paths.ComputeSourceDir - ----------------------------------------------------------------------
11:03:55.923 [main] DEBUG f.i.s.r.p.s.paths.ComputeSourceDir - STEP 3/22: ComputeSourceDir
11:03:55.923 [main] DEBUG f.i.s.r.p.s.paths.ComputeSourceDir - ----------------------------------------------------------------------
11:03:55.924 [main] DEBUG f.i.s.r.p.s.paths.ComputeSourceDir - Computing the source directory ...
11:03:55.925 [main] DEBUG f.i.s.r.p.s.paths.ComputeSourceDir - The default source directory (/root/workspace/resteasy/Resteasy/365516224/src/main/java) does not exist. Try to read pom.xml to get information.
11:03:56.065 [main] DEBUG f.i.s.r.p.m.RepositoryModelResolver - Downloading https://repo1.maven.org/maven2/org/jboss/jboss-parent/26/jboss-parent-26.pom
11:03:56.302 [main] DEBUG f.i.s.r.p.m.RepositoryModelResolver - Downloading https://repo1.maven.org/maven2/org/jboss/resteasy/resteasy-dependencies/4.0.0-SNAPSHOT/resteasy-dependencies-4.0.0-SNAPSHOT.pom
11:03:56.402 [main] DEBUG f.i.s.r.p.m.RepositoryModelResolver - Downloading http://repo.maven.apache.org/maven2/org/jboss/resteasy/resteasy-dependencies/4.0.0-SNAPSHOT/resteasy-dependencies-4.0.0-SNAPSHOT.pom
11:03:56.439 [main] DEBUG f.i.s.r.p.m.RepositoryModelResolver - Downloading http://uk.maven.org/maven2/org/jboss/resteasy/resteasy-dependencies/4.0.0-SNAPSHOT/resteasy-dependencies-4.0.0-SNAPSHOT.pom
11:03:56.464 [main] DEBUG f.i.s.r.p.m.RepositoryModelResolver - Downloading http://repository.jboss.org/nexus/content/groups/public/org/jboss/resteasy/resteasy-dependencies/4.0.0-SNAPSHOT/resteasy-dependencies-4.0.0-SNAPSHOT.pom
11:03:56.785 [main] DEBUG f.i.s.r.p.m.RepositoryModelResolver - Downloading http://repository.jboss.org/nexus/content/groups/public/org/jboss/resteasy/resteasy-dependencies/4.0.0-SNAPSHOT/resteasy-dependencies-4.0.0-SNAPSHOT.pom
11:03:57.101 [main] DEBUG f.i.s.r.p.m.RepositoryModelResolver - Downloading https://repo.maven.apache.org/maven2/org/jboss/resteasy/resteasy-dependencies/4.0.0-SNAPSHOT/resteasy-dependencies-4.0.0-SNAPSHOT.pom
11:03:57.187 [main] ERROR f.i.s.r.process.maven.MavenHelper - Error while building complete model. The raw model will be used. Error message: 2 problems were encountered while building the effective model for org.jboss.resteasy:resteasy-jaxrs-all:4.0.0-SNAPSHOT
[ERROR] Failed to determine Java version for profile doclint-java8-disable @ org.jboss:jboss-parent:26
[FATAL] Non-readable POM /root/./workspace/resteasy/Resteasy/365516224/.m2/org/jboss/resteasy/resteasy-dependencies/4.0.0-SNAPSHOT/resteasy-dependencies-4.0.0-SNAPSHOT.pom: /root/./workspace/resteasy/Resteasy/365516224/.m2/org/jboss/resteasy/resteasy-dependencies/4.0.0-SNAPSHOT/resteasy-dependencies-4.0.0-SNAPSHOT.pom (No such file or directory) @ /root/./workspace/resteasy/Resteasy/365516224/.m2/org/jboss/resteasy/resteasy-dependencies/4.0.0-SNAPSHOT/resteasy-dependencies-4.0.0-SNAPSHOT.pom

11:03:57.224 [main] DEBUG f.i.s.r.p.s.paths.ComputeSourceDir - Build section does not exist in the following pom.xml: /root/workspace/resteasy/Resteasy/365516224/pom.xml. Continue to try to get source dir from all modules.
11:03:57.225 [main] DEBUG f.i.s.r.p.s.paths.ComputeSourceDir - The default source directory (/root/workspace/resteasy/Resteasy/src/main/java) does not exist. Try to read pom.xml to get information.
11:03:57.258 [main] DEBUG f.i.s.r.p.m.RepositoryModelResolver - Downloading https://repo1.maven.org/maven2/org/jboss/resteasy/resteasy-dependencies/4.0.0-SNAPSHOT/resteasy-dependencies-4.0.0-SNAPSHOT.pom
11:03:57.350 [main] DEBUG f.i.s.r.p.m.RepositoryModelResolver - Downloading http://repo.maven.apache.org/maven2/org/jboss/resteasy/resteasy-dependencies/4.0.0-SNAPSHOT/resteasy-dependencies-4.0.0-SNAPSHOT.pom
11:03:57.374 [main] DEBUG f.i.s.r.p.m.RepositoryModelResolver - Downloading http://uk.maven.org/maven2/org/jboss/resteasy/resteasy-dependencies/4.0.0-SNAPSHOT/resteasy-dependencies-4.0.0-SNAPSHOT.pom
11:03:57.393 [main] DEBUG f.i.s.r.p.m.RepositoryModelResolver - Downloading http://repository.jboss.org/nexus/content/groups/public/org/jboss/resteasy/resteasy-dependencies/4.0.0-SNAPSHOT/resteasy-dependencies-4.0.0-SNAPSHOT.pom
11:03:57.709 [main] DEBUG f.i.s.r.p.m.RepositoryModelResolver - Downloading http://repository.jboss.org/nexus/content/groups/public/org/jboss/resteasy/resteasy-dependencies/4.0.0-SNAPSHOT/resteasy-dependencies-4.0.0-SNAPSHOT.pom
11:03:58.027 [main] DEBUG f.i.s.r.p.m.RepositoryModelResolver - Downloading https://repo.maven.apache.org/maven2/org/jboss/resteasy/resteasy-dependencies/4.0.0-SNAPSHOT/resteasy-dependencies-4.0.0-SNAPSHOT.pom
11:03:58.117 [main] ERROR f.i.s.r.process.maven.MavenHelper - Error while building complete model. The raw model will be used. Error message: 2 problems were encountered while building the effective model for org.jboss.resteasy:resteasy-jaxrs-all:4.0.0-SNAPSHOT
[ERROR] Failed to determine Java version for profile doclint-java8-disable @ org.jboss:jboss-parent:26
[FATAL] Non-readable POM /root/./workspace/resteasy/Resteasy/365516224/.m2/org/jboss/resteasy/resteasy-dependencies/4.0.0-SNAPSHOT/resteasy-dependencies-4.0.0-SNAPSHOT.pom: /root/./workspace/resteasy/Resteasy/365516224/.m2/org/jboss/resteasy/resteasy-dependencies/4.0.0-SNAPSHOT/resteasy-dependencies-4.0.0-SNAPSHOT.pom (No such file or directory) @ /root/./workspace/resteasy/Resteasy/365516224/.m2/org/jboss/resteasy/resteasy-dependencies/4.0.0-SNAPSHOT/resteasy-dependencies-4.0.0-SNAPSHOT.pom

11:03:58.119 [main] DEBUG f.i.s.r.p.s.paths.ComputeSourceDir - Build section does not exist in the following pom.xml: ./workspace/resteasy/Resteasy/365516224/pom.xml. Continue to try to get source dir from all modules.
11:03:58.120 [main] ERROR f.i.s.r.p.s.paths.ComputeSourceDir - The source directory is not at default location or specified in build section from pom.xml, and no parent can be found.
11:03:58.120 [main] ERROR f.i.s.r.p.s.paths.ComputeSourceDir - The source directory is not at default location or specified in build section from pom.xml, and no parent can be found.
11:03:58.120 [main] ERROR f.i.s.r.p.s.paths.ComputeSourceDir - Fail to find source directories.
11:03:58.121 [main] DEBUG f.i.s.r.p.s.paths.ComputeSourceDir - STEP STATUS: [ ComputeSourceDir : FAILURE ( SOURCEDIRNOTCOMPUTED ) ]
11:03:58.122 [main] DEBUG f.i.s.r.p.s.paths.ComputeSourceDir - STEP DURATION: 2s
11:03:58.122 [main] DEBUG f.i.s.r.p.s.paths.ComputeSourceDir - TERMINATE PIPELINE
11:03:58.122 [main] DEBUG f.i.s.r.p.s.paths.ComputeSourceDir - FINAL STEPS SKIPPED: The reproduction of the bug and/or the patch failed.
11:03:58.138 [main] INFO  f.i.s.r.p.s.paths.ComputeSourceDir - Serialize all data for the pair of builds 365516224, 365932209
11:03:58.944 [main] INFO  fr.inria.jtravis.JTravis - GitHub ratelimit: Limit: 5000 Remaining: 4910 Reset hour: 19:39:27
11:04:00.513 [main] INFO  f.i.s.r.p.i.ProjectInspector - ----------------------------------------------------------------------
11:04:00.513 [main] INFO  f.i.s.r.p.i.ProjectInspector - PIPELINE EXECUTION SUMMARY
11:04:00.513 [main] INFO  f.i.s.r.p.i.ProjectInspector - ----------------------------------------------------------------------
11:04:00.514 [main] INFO  f.i.s.r.p.i.ProjectInspector - CloneRepository.......................................SUCCESS [ 17 s ]
11:04:00.514 [main] INFO  f.i.s.r.p.i.ProjectInspector - CheckoutPatchedBuildCandidate.........................SUCCESS [  7 s ]
11:04:00.514 [main] INFO  f.i.s.r.p.i.ProjectInspector - ComputeSourceDir......................................FAILURE [  2 s ]
11:04:00.514 [main] INFO  f.i.s.r.p.i.ProjectInspector - ComputeTestDir........................................NOT RUN         
11:04:00.514 [main] INFO  f.i.s.r.p.i.ProjectInspector - CheckoutBuggyBuildCandidateSourceCode.................NOT RUN         
11:04:00.514 [main] INFO  f.i.s.r.p.i.ProjectInspector - BuildProjectBuggyBuildCandidateSourceCode.............NOT RUN         
11:04:00.515 [main] INFO  f.i.s.r.p.i.ProjectInspector - TestProjectBuggyBuildCandidateSourceCode..............NOT RUN         
11:04:00.515 [main] INFO  f.i.s.r.p.i.ProjectInspector - GatherTestInformationBuggyBuildCandidateSourceCode....NOT RUN         
11:04:00.515 [main] INFO  f.i.s.r.p.i.ProjectInspector - CheckoutBuggyBuildTestCode............................NOT RUN         
11:04:00.515 [main] INFO  f.i.s.r.p.i.ProjectInspector - InitRepoToPush........................................NOT RUN         
11:04:00.515 [main] INFO  f.i.s.r.p.i.ProjectInspector - ComputeClasspath......................................NOT RUN         
11:04:00.515 [main] INFO  f.i.s.r.p.i.ProjectInspector - ComputeModules........................................NOT RUN         
11:04:00.515 [main] INFO  f.i.s.r.p.i.ProjectInspector - CheckoutBuggyBuildCandidateSourceCode.................NOT RUN         
11:04:00.516 [main] INFO  f.i.s.r.p.i.ProjectInspector - CommitChangedTests....................................NOT RUN         
11:04:00.516 [main] INFO  f.i.s.r.p.i.ProjectInspector - CheckoutPatchedBuildCandidate.........................NOT RUN         
11:04:00.516 [main] INFO  f.i.s.r.p.i.ProjectInspector - BuildProjectPatchedBuildCandidate.....................NOT RUN         
11:04:00.516 [main] INFO  f.i.s.r.p.i.ProjectInspector - TestProjectPatchedBuildCandidate......................NOT RUN         
11:04:00.516 [main] INFO  f.i.s.r.p.i.ProjectInspector - GatherTestInformationPatchedBuildCandidate............NOT RUN         
11:04:00.516 [main] INFO  f.i.s.r.p.i.ProjectInspector - CommitPatch...........................................NOT RUN         
11:04:00.516 [main] INFO  f.i.s.r.p.i.ProjectInspector - WritePropertyFile.....................................NOT RUN         
11:04:00.517 [main] INFO  f.i.s.r.p.i.ProjectInspector - CommitProcessEnd......................................NOT RUN         
11:04:00.517 [main] INFO  f.i.s.r.p.i.ProjectInspector - PushProcessEnd........................................NOT RUN         
11:04:00.517 [main] INFO  f.i.s.r.p.i.ProjectInspector - ----------------------------------------------------------------------
11:04:00.517 [main] INFO  f.i.s.r.p.i.ProjectInspector - PIPELINE FINDING: SOURCEDIRNOTCOMPUTED
11:04:00.517 [main] INFO  f.i.s.r.p.i.ProjectInspector - ----------------------------------------------------------------------
11:04:00.517 [main] INFO  f.i.s.repairnator.pipeline.Launcher - Inspector is finished. The process will exit now.
