05:48:34.882 [main] INFO  f.i.s.repairnator.pipeline.Launcher - PIPELINE VERSION: 3.0-2018-08-09 19:04
05:48:34.994 [main] INFO  f.i.s.repairnator.pipeline.Launcher - The pipeline will try to reproduce a bug from build 365747867 and its corresponding patch from build 366369703
05:48:34.995 [main] INFO  f.i.s.repairnator.pipeline.Launcher - Initialize file serializer engines.
05:48:34.996 [main] INFO  f.i.s.repairnator.pipeline.Launcher - MongoDB won't be used for serialization.
05:48:34.997 [main] INFO  f.i.s.repairnator.pipeline.Launcher - The email notifier engine won't be used.
05:48:34.999 [main] INFO  f.i.s.repairnator.pipeline.Launcher - Start by getting the build (buildId: 365747867) with the following config: RepairnatorConfig{runId='0c1dbb4d-1cbc-485c-8949-10b1e9ab500a_04-18-week2-PASSING_AND_PASSING', launcherMode=BEARS, serializeJson=true, inputPath='null', outputPath='/var/log', mongodbHost='null', mongodbName='repairnator', smtpServer='null', notifyTo=[], notifyEndProcess=false, push=true, pushRemoteRepo='https://github.com/fermadeiral/bears-collection-pp', fork=false, lookFromDate=null, lookToDate=null, buildId=365747867, z3solverPath='./z3_for_linux', workspacePath='./workspace', githubToken='c8a341a903[...]', dockerImageName='null', skipDelete=false, createOutputDir=false, logDirectory='null', nbThreads=0, globalTimeout=0, whiteList=null, blackList=null, jobSleepTime=0, buildSleepTime=0, maxInspectedBuilds=0, duration=null, humanPatch=false, repository='null', clean=true, bearsMode=BOTH, bearsDelimiter = false, repairTools=NopolAllTests,NPEFix,AssertFixer,AstorJGenProg,AstorJKali,NopolSingleTest,AstorJMut,NopolTestExclusionStrategy, githubUserName= fermadeiral, githubUserEmail=fer.madeiral@gmail.com}
05:48:36.188 [main] DEBUG fr.inria.jtravis.helpers.BuildHelper - Get request to :https://api.travis-ci.org/build/365747867 done after 726 ms
05:48:36.462 [main] DEBUG fr.inria.jtravis.helpers.BuildHelper - Get request to :https://api.travis-ci.org/build/366369703 done after 138 ms
05:48:36.473 [main] INFO  f.i.s.repairnator.pipeline.Launcher - The patched build (366369703) was successfully retrieved from Travis.
05:48:37.523 [main] INFO  fr.inria.jtravis.JTravis - GitHub ratelimit: Limit: 5000 Remaining: 4474 Reset hour: 19:39:08
05:48:37.743 [main] INFO  f.i.s.r.p.i.ProjectInspector - ----------------------------------------------------------------------
05:48:37.744 [main] INFO  f.i.s.r.p.i.ProjectInspector - PIPELINE STEPS
05:48:37.744 [main] INFO  f.i.s.r.p.i.ProjectInspector - ----------------------------------------------------------------------
05:48:37.744 [main] INFO  f.i.s.r.p.i.ProjectInspector - CloneRepository
05:48:37.744 [main] INFO  f.i.s.r.p.i.ProjectInspector - CheckoutPatchedBuildCandidate
05:48:37.745 [main] INFO  f.i.s.r.p.i.ProjectInspector - ComputeSourceDir
05:48:37.745 [main] INFO  f.i.s.r.p.i.ProjectInspector - ComputeTestDir
05:48:37.745 [main] INFO  f.i.s.r.p.i.ProjectInspector - CheckoutBuggyBuildCandidateSourceCode
05:48:37.746 [main] INFO  f.i.s.r.p.i.ProjectInspector - BuildProjectBuggyBuildCandidateSourceCode
05:48:37.746 [main] INFO  f.i.s.r.p.i.ProjectInspector - TestProjectBuggyBuildCandidateSourceCode
05:48:37.746 [main] INFO  f.i.s.r.p.i.ProjectInspector - GatherTestInformationBuggyBuildCandidateSourceCode
05:48:37.746 [main] INFO  f.i.s.r.p.i.ProjectInspector - CheckoutBuggyBuildTestCode
05:48:37.747 [main] INFO  f.i.s.r.p.i.ProjectInspector - InitRepoToPush
05:48:37.747 [main] INFO  f.i.s.r.p.i.ProjectInspector - ComputeClasspath
05:48:37.747 [main] INFO  f.i.s.r.p.i.ProjectInspector - ComputeModules
05:48:37.748 [main] INFO  f.i.s.r.p.i.ProjectInspector - CheckoutBuggyBuildCandidateSourceCode
05:48:37.748 [main] INFO  f.i.s.r.p.i.ProjectInspector - CommitChangedTests
05:48:37.748 [main] INFO  f.i.s.r.p.i.ProjectInspector - CheckoutPatchedBuildCandidate
05:48:37.748 [main] INFO  f.i.s.r.p.i.ProjectInspector - BuildProjectPatchedBuildCandidate
05:48:37.749 [main] INFO  f.i.s.r.p.i.ProjectInspector - TestProjectPatchedBuildCandidate
05:48:37.749 [main] INFO  f.i.s.r.p.i.ProjectInspector - GatherTestInformationPatchedBuildCandidate
05:48:37.749 [main] INFO  f.i.s.r.p.i.ProjectInspector - CommitPatch
05:48:37.750 [main] INFO  f.i.s.r.p.i.ProjectInspector - WritePropertyFile
05:48:37.750 [main] INFO  f.i.s.r.p.i.ProjectInspector - CommitProcessEnd
05:48:37.750 [main] INFO  f.i.s.r.p.i.ProjectInspector - PushProcessEnd
05:48:37.751 [main] DEBUG f.i.s.r.process.step.CloneRepository - ----------------------------------------------------------------------
05:48:37.751 [main] DEBUG f.i.s.r.process.step.CloneRepository - STEP 1/22: CloneRepository
05:48:37.751 [main] DEBUG f.i.s.r.process.step.CloneRepository - ----------------------------------------------------------------------
05:48:37.752 [main] DEBUG f.i.s.r.process.step.CloneRepository - Cloning repository linkedin/pinot in the following directory: ./workspace/linkedin/pinot/365747867
05:49:19.957 [main] DEBUG f.i.s.r.process.step.CloneRepository - STEP STATUS: [ CloneRepository : SUCCESS ]
05:49:19.958 [main] DEBUG f.i.s.r.process.step.CloneRepository - STEP DURATION: 42s
05:49:19.958 [main] DEBUG f.i.s.r.process.step.CloneRepository - EXECUTE NEXT STEP
05:49:19.958 [main] DEBUG f.i.s.r.p.s.c.CheckoutPatchedBuild - ----------------------------------------------------------------------
05:49:19.959 [main] DEBUG f.i.s.r.p.s.c.CheckoutPatchedBuild - STEP 2/22: CheckoutPatchedBuildCandidate
05:49:19.959 [main] DEBUG f.i.s.r.p.s.c.CheckoutPatchedBuild - ----------------------------------------------------------------------
05:49:19.959 [main] DEBUG f.i.s.r.p.s.c.CheckoutPatchedBuild - Checking out patched build candidate...
05:49:20.292 [main] INFO  fr.inria.jtravis.JTravis - GitHub ratelimit: Limit: 5000 Remaining: 4459 Reset hour: 19:39:08
05:49:22.997 [main] DEBUG f.i.s.r.p.s.c.CheckoutPatchedBuild - Reproduce the PR for linkedin/pinot by fetching remote branch and merging.
05:49:24.302 [main] ERROR f.i.s.r.p.s.c.CheckoutPatchedBuild - Error while testing commit: org.eclipse.jgit.errors.MissingObjectException: Missing unknown 59a945591fcf3cc782a3bf76befef2f7ed0a6943
05:49:24.304 [main] ERROR f.i.s.r.p.s.c.CheckoutPatchedBuild - Commit head ref cannot be retrieved from the repository: 59a945591fcf3cc782a3bf76befef2f7ed0a6943. Operation aborted.
05:49:24.304 [main] ERROR f.i.s.r.p.s.c.CheckoutPatchedBuild - Error while merging two commits to reproduce the PR.
05:49:24.307 [main] DEBUG f.i.s.r.p.s.c.CheckoutPatchedBuild - STEP STATUS: [ CheckoutPatchedBuildCandidate : FAILURE ( BUILDNOTCHECKEDOUT ) ]
05:49:24.307 [main] DEBUG f.i.s.r.p.s.c.CheckoutPatchedBuild - STEP DURATION: 4s
05:49:24.307 [main] DEBUG f.i.s.r.p.s.c.CheckoutPatchedBuild - TERMINATE PIPELINE
05:49:24.308 [main] DEBUG f.i.s.r.p.s.c.CheckoutPatchedBuild - FINAL STEPS SKIPPED: The reproduction of the bug and/or the patch failed.
05:49:24.308 [main] INFO  f.i.s.r.p.s.c.CheckoutPatchedBuild - Serialize all data for the pair of builds 365747867, 366369703
05:49:24.441 [main] INFO  fr.inria.jtravis.JTravis - GitHub ratelimit: Limit: 5000 Remaining: 4450 Reset hour: 19:39:08
05:49:25.808 [main] INFO  f.i.s.r.p.i.ProjectInspector - ----------------------------------------------------------------------
05:49:25.808 [main] INFO  f.i.s.r.p.i.ProjectInspector - PIPELINE EXECUTION SUMMARY
05:49:25.808 [main] INFO  f.i.s.r.p.i.ProjectInspector - ----------------------------------------------------------------------
05:49:25.809 [main] INFO  f.i.s.r.p.i.ProjectInspector - CloneRepository.......................................SUCCESS [ 42 s ]
05:49:25.809 [main] INFO  f.i.s.r.p.i.ProjectInspector - CheckoutPatchedBuildCandidate.........................FAILURE [  4 s ]
05:49:25.809 [main] INFO  f.i.s.r.p.i.ProjectInspector - ComputeSourceDir......................................NOT RUN         
05:49:25.810 [main] INFO  f.i.s.r.p.i.ProjectInspector - ComputeTestDir........................................NOT RUN         
05:49:25.810 [main] INFO  f.i.s.r.p.i.ProjectInspector - CheckoutBuggyBuildCandidateSourceCode.................NOT RUN         
05:49:25.810 [main] INFO  f.i.s.r.p.i.ProjectInspector - BuildProjectBuggyBuildCandidateSourceCode.............NOT RUN         
05:49:25.811 [main] INFO  f.i.s.r.p.i.ProjectInspector - TestProjectBuggyBuildCandidateSourceCode..............NOT RUN         
05:49:25.811 [main] INFO  f.i.s.r.p.i.ProjectInspector - GatherTestInformationBuggyBuildCandidateSourceCode....NOT RUN         
05:49:25.811 [main] INFO  f.i.s.r.p.i.ProjectInspector - CheckoutBuggyBuildTestCode............................NOT RUN         
05:49:25.811 [main] INFO  f.i.s.r.p.i.ProjectInspector - InitRepoToPush........................................NOT RUN         
05:49:25.811 [main] INFO  f.i.s.r.p.i.ProjectInspector - ComputeClasspath......................................NOT RUN         
05:49:25.812 [main] INFO  f.i.s.r.p.i.ProjectInspector - ComputeModules........................................NOT RUN         
05:49:25.812 [main] INFO  f.i.s.r.p.i.ProjectInspector - CheckoutBuggyBuildCandidateSourceCode.................NOT RUN         
05:49:25.812 [main] INFO  f.i.s.r.p.i.ProjectInspector - CommitChangedTests....................................NOT RUN         
05:49:25.812 [main] INFO  f.i.s.r.p.i.ProjectInspector - CheckoutPatchedBuildCandidate.........................NOT RUN         
05:49:25.812 [main] INFO  f.i.s.r.p.i.ProjectInspector - BuildProjectPatchedBuildCandidate.....................NOT RUN         
05:49:25.813 [main] INFO  f.i.s.r.p.i.ProjectInspector - TestProjectPatchedBuildCandidate......................NOT RUN         
05:49:25.813 [main] INFO  f.i.s.r.p.i.ProjectInspector - GatherTestInformationPatchedBuildCandidate............NOT RUN         
05:49:25.813 [main] INFO  f.i.s.r.p.i.ProjectInspector - CommitPatch...........................................NOT RUN         
05:49:25.813 [main] INFO  f.i.s.r.p.i.ProjectInspector - WritePropertyFile.....................................NOT RUN         
05:49:25.814 [main] INFO  f.i.s.r.p.i.ProjectInspector - CommitProcessEnd......................................NOT RUN         
05:49:25.814 [main] INFO  f.i.s.r.p.i.ProjectInspector - PushProcessEnd........................................NOT RUN         
05:49:25.814 [main] INFO  f.i.s.r.p.i.ProjectInspector - ----------------------------------------------------------------------
05:49:25.814 [main] INFO  f.i.s.r.p.i.ProjectInspector - PIPELINE FINDING: BUILDNOTCHECKEDOUT
05:49:25.819 [main] INFO  f.i.s.r.p.i.ProjectInspector - ----------------------------------------------------------------------
05:49:25.819 [main] INFO  f.i.s.repairnator.pipeline.Launcher - Inspector is finished. The process will exit now.
