11:06:16.239 [main] INFO  f.i.s.repairnator.pipeline.Launcher - PIPELINE VERSION: 3.0-2018-08-09 19:04
11:06:16.423 [main] INFO  f.i.s.repairnator.pipeline.Launcher - The pipeline will try to reproduce a bug from build 362763302 and its corresponding patch from build 363626790
11:06:16.424 [main] INFO  f.i.s.repairnator.pipeline.Launcher - Initialize file serializer engines.
11:06:16.425 [main] INFO  f.i.s.repairnator.pipeline.Launcher - MongoDB won't be used for serialization.
11:06:16.426 [main] INFO  f.i.s.repairnator.pipeline.Launcher - The email notifier engine won't be used.
11:06:16.429 [main] INFO  f.i.s.repairnator.pipeline.Launcher - Start by getting the build (buildId: 362763302) with the following config: RepairnatorConfig{runId='0c1dbb4d-1cbc-485c-8949-10b1e9ab500a_04-18-week2-PASSING_AND_PASSING', launcherMode=BEARS, serializeJson=true, inputPath='null', outputPath='/var/log', mongodbHost='null', mongodbName='repairnator', smtpServer='null', notifyTo=[], notifyEndProcess=false, push=true, pushRemoteRepo='https://github.com/fermadeiral/bears-collection-pp', fork=false, lookFromDate=null, lookToDate=null, buildId=362763302, z3solverPath='./z3_for_linux', workspacePath='./workspace', githubToken='c8a341a903[...]', dockerImageName='null', skipDelete=false, createOutputDir=false, logDirectory='null', nbThreads=0, globalTimeout=0, whiteList=null, blackList=null, jobSleepTime=0, buildSleepTime=0, maxInspectedBuilds=0, duration=null, humanPatch=false, repository='null', clean=true, bearsMode=BOTH, bearsDelimiter = false, repairTools=NopolAllTests,NPEFix,AssertFixer,AstorJGenProg,AstorJKali,NopolSingleTest,AstorJMut,NopolTestExclusionStrategy, githubUserName= fermadeiral, githubUserEmail=fer.madeiral@gmail.com}
11:06:17.947 [main] DEBUG fr.inria.jtravis.helpers.BuildHelper - Get request to :https://api.travis-ci.org/build/362763302 done after 980 ms
11:06:18.217 [main] DEBUG fr.inria.jtravis.helpers.BuildHelper - Get request to :https://api.travis-ci.org/build/363626790 done after 124 ms
11:06:18.238 [main] INFO  f.i.s.repairnator.pipeline.Launcher - The patched build (363626790) was successfully retrieved from Travis.
11:06:19.551 [main] INFO  fr.inria.jtravis.JTravis - GitHub ratelimit: Limit: 5000 Remaining: 4877 Reset hour: 19:39:27
11:06:19.852 [main] INFO  f.i.s.r.p.i.ProjectInspector - ----------------------------------------------------------------------
11:06:19.853 [main] INFO  f.i.s.r.p.i.ProjectInspector - PIPELINE STEPS
11:06:19.853 [main] INFO  f.i.s.r.p.i.ProjectInspector - ----------------------------------------------------------------------
11:06:19.853 [main] INFO  f.i.s.r.p.i.ProjectInspector - CloneRepository
11:06:19.853 [main] INFO  f.i.s.r.p.i.ProjectInspector - CheckoutPatchedBuildCandidate
11:06:19.853 [main] INFO  f.i.s.r.p.i.ProjectInspector - ComputeSourceDir
11:06:19.853 [main] INFO  f.i.s.r.p.i.ProjectInspector - ComputeTestDir
11:06:19.853 [main] INFO  f.i.s.r.p.i.ProjectInspector - CheckoutBuggyBuildCandidateSourceCode
11:06:19.853 [main] INFO  f.i.s.r.p.i.ProjectInspector - BuildProjectBuggyBuildCandidateSourceCode
11:06:19.854 [main] INFO  f.i.s.r.p.i.ProjectInspector - TestProjectBuggyBuildCandidateSourceCode
11:06:19.854 [main] INFO  f.i.s.r.p.i.ProjectInspector - GatherTestInformationBuggyBuildCandidateSourceCode
11:06:19.854 [main] INFO  f.i.s.r.p.i.ProjectInspector - CheckoutBuggyBuildTestCode
11:06:19.854 [main] INFO  f.i.s.r.p.i.ProjectInspector - InitRepoToPush
11:06:19.854 [main] INFO  f.i.s.r.p.i.ProjectInspector - ComputeClasspath
11:06:19.855 [main] INFO  f.i.s.r.p.i.ProjectInspector - ComputeModules
11:06:19.855 [main] INFO  f.i.s.r.p.i.ProjectInspector - CheckoutBuggyBuildCandidateSourceCode
11:06:19.855 [main] INFO  f.i.s.r.p.i.ProjectInspector - CommitChangedTests
11:06:19.855 [main] INFO  f.i.s.r.p.i.ProjectInspector - CheckoutPatchedBuildCandidate
11:06:19.855 [main] INFO  f.i.s.r.p.i.ProjectInspector - BuildProjectPatchedBuildCandidate
11:06:19.855 [main] INFO  f.i.s.r.p.i.ProjectInspector - TestProjectPatchedBuildCandidate
11:06:19.855 [main] INFO  f.i.s.r.p.i.ProjectInspector - GatherTestInformationPatchedBuildCandidate
11:06:19.856 [main] INFO  f.i.s.r.p.i.ProjectInspector - CommitPatch
11:06:19.856 [main] INFO  f.i.s.r.p.i.ProjectInspector - WritePropertyFile
11:06:19.856 [main] INFO  f.i.s.r.p.i.ProjectInspector - CommitProcessEnd
11:06:19.856 [main] INFO  f.i.s.r.p.i.ProjectInspector - PushProcessEnd
11:06:19.857 [main] DEBUG f.i.s.r.process.step.CloneRepository - ----------------------------------------------------------------------
11:06:19.857 [main] DEBUG f.i.s.r.process.step.CloneRepository - STEP 1/22: CloneRepository
11:06:19.858 [main] DEBUG f.i.s.r.process.step.CloneRepository - ----------------------------------------------------------------------
11:06:19.858 [main] DEBUG f.i.s.r.process.step.CloneRepository - Cloning repository resteasy/Resteasy in the following directory: ./workspace/resteasy/Resteasy/362763302
11:06:37.885 [main] DEBUG f.i.s.r.process.step.CloneRepository - STEP STATUS: [ CloneRepository : SUCCESS ]
11:06:37.885 [main] DEBUG f.i.s.r.process.step.CloneRepository - STEP DURATION: 18s
11:06:37.886 [main] DEBUG f.i.s.r.process.step.CloneRepository - EXECUTE NEXT STEP
11:06:37.886 [main] DEBUG f.i.s.r.p.s.c.CheckoutPatchedBuild - ----------------------------------------------------------------------
11:06:37.886 [main] DEBUG f.i.s.r.p.s.c.CheckoutPatchedBuild - STEP 2/22: CheckoutPatchedBuildCandidate
11:06:37.886 [main] DEBUG f.i.s.r.p.s.c.CheckoutPatchedBuild - ----------------------------------------------------------------------
11:06:37.886 [main] DEBUG f.i.s.r.p.s.c.CheckoutPatchedBuild - Checking out patched build candidate...
11:06:38.267 [main] INFO  fr.inria.jtravis.JTravis - GitHub ratelimit: Limit: 5000 Remaining: 4876 Reset hour: 19:39:27
11:06:40.920 [main] DEBUG f.i.s.r.p.s.c.CheckoutPatchedBuild - Reproduce the PR for resteasy/Resteasy by fetching remote branch and merging.
11:06:44.187 [main] ERROR f.i.s.r.p.s.c.CheckoutPatchedBuild - Error while testing commit: org.eclipse.jgit.errors.MissingObjectException: Missing unknown 9dd56f0b322400ba52d012d15c4a50c3e83ab5f2
11:06:44.188 [main] ERROR f.i.s.r.p.s.c.CheckoutPatchedBuild - Commit head ref cannot be retrieved from the repository: 9dd56f0b322400ba52d012d15c4a50c3e83ab5f2. Operation aborted.
11:06:44.189 [main] ERROR f.i.s.r.p.s.c.CheckoutPatchedBuild - Error while merging two commits to reproduce the PR.
11:06:44.189 [main] DEBUG f.i.s.r.p.s.c.CheckoutPatchedBuild - STEP STATUS: [ CheckoutPatchedBuildCandidate : FAILURE ( BUILDNOTCHECKEDOUT ) ]
11:06:44.190 [main] DEBUG f.i.s.r.p.s.c.CheckoutPatchedBuild - STEP DURATION: 6s
11:06:44.190 [main] DEBUG f.i.s.r.p.s.c.CheckoutPatchedBuild - TERMINATE PIPELINE
11:06:44.190 [main] DEBUG f.i.s.r.p.s.c.CheckoutPatchedBuild - FINAL STEPS SKIPPED: The reproduction of the bug and/or the patch failed.
11:06:44.190 [main] INFO  f.i.s.r.p.s.c.CheckoutPatchedBuild - Serialize all data for the pair of builds 362763302, 363626790
11:06:44.333 [main] INFO  fr.inria.jtravis.JTravis - GitHub ratelimit: Limit: 5000 Remaining: 4869 Reset hour: 19:39:27
11:06:45.372 [main] INFO  f.i.s.r.p.i.ProjectInspector - ----------------------------------------------------------------------
11:06:45.373 [main] INFO  f.i.s.r.p.i.ProjectInspector - PIPELINE EXECUTION SUMMARY
11:06:45.373 [main] INFO  f.i.s.r.p.i.ProjectInspector - ----------------------------------------------------------------------
11:06:45.373 [main] INFO  f.i.s.r.p.i.ProjectInspector - CloneRepository.......................................SUCCESS [ 18 s ]
11:06:45.374 [main] INFO  f.i.s.r.p.i.ProjectInspector - CheckoutPatchedBuildCandidate.........................FAILURE [  6 s ]
11:06:45.374 [main] INFO  f.i.s.r.p.i.ProjectInspector - ComputeSourceDir......................................NOT RUN         
11:06:45.374 [main] INFO  f.i.s.r.p.i.ProjectInspector - ComputeTestDir........................................NOT RUN         
11:06:45.374 [main] INFO  f.i.s.r.p.i.ProjectInspector - CheckoutBuggyBuildCandidateSourceCode.................NOT RUN         
11:06:45.374 [main] INFO  f.i.s.r.p.i.ProjectInspector - BuildProjectBuggyBuildCandidateSourceCode.............NOT RUN         
11:06:45.375 [main] INFO  f.i.s.r.p.i.ProjectInspector - TestProjectBuggyBuildCandidateSourceCode..............NOT RUN         
11:06:45.375 [main] INFO  f.i.s.r.p.i.ProjectInspector - GatherTestInformationBuggyBuildCandidateSourceCode....NOT RUN         
11:06:45.375 [main] INFO  f.i.s.r.p.i.ProjectInspector - CheckoutBuggyBuildTestCode............................NOT RUN         
11:06:45.375 [main] INFO  f.i.s.r.p.i.ProjectInspector - InitRepoToPush........................................NOT RUN         
11:06:45.375 [main] INFO  f.i.s.r.p.i.ProjectInspector - ComputeClasspath......................................NOT RUN         
11:06:45.375 [main] INFO  f.i.s.r.p.i.ProjectInspector - ComputeModules........................................NOT RUN         
11:06:45.375 [main] INFO  f.i.s.r.p.i.ProjectInspector - CheckoutBuggyBuildCandidateSourceCode.................NOT RUN         
11:06:45.376 [main] INFO  f.i.s.r.p.i.ProjectInspector - CommitChangedTests....................................NOT RUN         
11:06:45.376 [main] INFO  f.i.s.r.p.i.ProjectInspector - CheckoutPatchedBuildCandidate.........................NOT RUN         
11:06:45.376 [main] INFO  f.i.s.r.p.i.ProjectInspector - BuildProjectPatchedBuildCandidate.....................NOT RUN         
11:06:45.376 [main] INFO  f.i.s.r.p.i.ProjectInspector - TestProjectPatchedBuildCandidate......................NOT RUN         
11:06:45.376 [main] INFO  f.i.s.r.p.i.ProjectInspector - GatherTestInformationPatchedBuildCandidate............NOT RUN         
11:06:45.376 [main] INFO  f.i.s.r.p.i.ProjectInspector - CommitPatch...........................................NOT RUN         
11:06:45.377 [main] INFO  f.i.s.r.p.i.ProjectInspector - WritePropertyFile.....................................NOT RUN         
11:06:45.377 [main] INFO  f.i.s.r.p.i.ProjectInspector - CommitProcessEnd......................................NOT RUN         
11:06:45.377 [main] INFO  f.i.s.r.p.i.ProjectInspector - PushProcessEnd........................................NOT RUN         
11:06:45.377 [main] INFO  f.i.s.r.p.i.ProjectInspector - ----------------------------------------------------------------------
11:06:45.377 [main] INFO  f.i.s.r.p.i.ProjectInspector - PIPELINE FINDING: BUILDNOTCHECKEDOUT
11:06:45.377 [main] INFO  f.i.s.r.p.i.ProjectInspector - ----------------------------------------------------------------------
11:06:45.377 [main] INFO  f.i.s.repairnator.pipeline.Launcher - Inspector is finished. The process will exit now.
