04:14:22.811 [main] INFO  f.i.s.repairnator.pipeline.Launcher - PIPELINE VERSION: 3.0-2018-08-09 19:04
04:14:22.982 [main] INFO  f.i.s.repairnator.pipeline.Launcher - The pipeline will try to reproduce a bug from build 365813279 and its corresponding patch from build 365889703
04:14:22.983 [main] INFO  f.i.s.repairnator.pipeline.Launcher - Initialize file serializer engines.
04:14:22.985 [main] INFO  f.i.s.repairnator.pipeline.Launcher - MongoDB won't be used for serialization.
04:14:22.985 [main] INFO  f.i.s.repairnator.pipeline.Launcher - The email notifier engine won't be used.
04:14:22.990 [main] INFO  f.i.s.repairnator.pipeline.Launcher - Start by getting the build (buildId: 365813279) with the following config: RepairnatorConfig{runId='0c1dbb4d-1cbc-485c-8949-10b1e9ab500a_04-18-week2-PASSING_AND_PASSING', launcherMode=BEARS, serializeJson=true, inputPath='null', outputPath='/var/log', mongodbHost='null', mongodbName='repairnator', smtpServer='null', notifyTo=[], notifyEndProcess=false, push=true, pushRemoteRepo='https://github.com/fermadeiral/bears-collection-pp', fork=false, lookFromDate=null, lookToDate=null, buildId=365813279, z3solverPath='./z3_for_linux', workspacePath='./workspace', githubToken='c8a341a903[...]', dockerImageName='null', skipDelete=false, createOutputDir=false, logDirectory='null', nbThreads=0, globalTimeout=0, whiteList=null, blackList=null, jobSleepTime=0, buildSleepTime=0, maxInspectedBuilds=0, duration=null, humanPatch=false, repository='null', clean=true, bearsMode=BOTH, bearsDelimiter = false, repairTools=NopolAllTests,NPEFix,AssertFixer,AstorJGenProg,AstorJKali,NopolSingleTest,AstorJMut,NopolTestExclusionStrategy, githubUserName= fermadeiral, githubUserEmail=fer.madeiral@gmail.com}
04:14:24.381 [main] DEBUG fr.inria.jtravis.helpers.BuildHelper - Get request to :https://api.travis-ci.org/build/365813279 done after 837 ms
04:14:24.616 [main] DEBUG fr.inria.jtravis.helpers.BuildHelper - Get request to :https://api.travis-ci.org/build/365889703 done after 132 ms
04:14:24.628 [main] INFO  f.i.s.repairnator.pipeline.Launcher - The patched build (365889703) was successfully retrieved from Travis.
04:14:25.775 [main] INFO  fr.inria.jtravis.JTravis - GitHub ratelimit: Limit: 5000 Remaining: 4894 Reset hour: 19:39:03
04:14:26.045 [main] INFO  f.i.s.r.p.i.ProjectInspector - ----------------------------------------------------------------------
04:14:26.045 [main] INFO  f.i.s.r.p.i.ProjectInspector - PIPELINE STEPS
04:14:26.045 [main] INFO  f.i.s.r.p.i.ProjectInspector - ----------------------------------------------------------------------
04:14:26.045 [main] INFO  f.i.s.r.p.i.ProjectInspector - CloneRepository
04:14:26.045 [main] INFO  f.i.s.r.p.i.ProjectInspector - CheckoutPatchedBuildCandidate
04:14:26.046 [main] INFO  f.i.s.r.p.i.ProjectInspector - ComputeSourceDir
04:14:26.046 [main] INFO  f.i.s.r.p.i.ProjectInspector - ComputeTestDir
04:14:26.046 [main] INFO  f.i.s.r.p.i.ProjectInspector - CheckoutBuggyBuildCandidateSourceCode
04:14:26.046 [main] INFO  f.i.s.r.p.i.ProjectInspector - BuildProjectBuggyBuildCandidateSourceCode
04:14:26.046 [main] INFO  f.i.s.r.p.i.ProjectInspector - TestProjectBuggyBuildCandidateSourceCode
04:14:26.046 [main] INFO  f.i.s.r.p.i.ProjectInspector - GatherTestInformationBuggyBuildCandidateSourceCode
04:14:26.046 [main] INFO  f.i.s.r.p.i.ProjectInspector - CheckoutBuggyBuildTestCode
04:14:26.047 [main] INFO  f.i.s.r.p.i.ProjectInspector - InitRepoToPush
04:14:26.047 [main] INFO  f.i.s.r.p.i.ProjectInspector - ComputeClasspath
04:14:26.047 [main] INFO  f.i.s.r.p.i.ProjectInspector - ComputeModules
04:14:26.047 [main] INFO  f.i.s.r.p.i.ProjectInspector - CheckoutBuggyBuildCandidateSourceCode
04:14:26.047 [main] INFO  f.i.s.r.p.i.ProjectInspector - CommitChangedTests
04:14:26.047 [main] INFO  f.i.s.r.p.i.ProjectInspector - CheckoutPatchedBuildCandidate
04:14:26.047 [main] INFO  f.i.s.r.p.i.ProjectInspector - BuildProjectPatchedBuildCandidate
04:14:26.047 [main] INFO  f.i.s.r.p.i.ProjectInspector - TestProjectPatchedBuildCandidate
04:14:26.047 [main] INFO  f.i.s.r.p.i.ProjectInspector - GatherTestInformationPatchedBuildCandidate
04:14:26.048 [main] INFO  f.i.s.r.p.i.ProjectInspector - CommitPatch
04:14:26.048 [main] INFO  f.i.s.r.p.i.ProjectInspector - WritePropertyFile
04:14:26.048 [main] INFO  f.i.s.r.p.i.ProjectInspector - CommitProcessEnd
04:14:26.048 [main] INFO  f.i.s.r.p.i.ProjectInspector - PushProcessEnd
04:14:26.048 [main] DEBUG f.i.s.r.process.step.CloneRepository - ----------------------------------------------------------------------
04:14:26.048 [main] DEBUG f.i.s.r.process.step.CloneRepository - STEP 1/22: CloneRepository
04:14:26.049 [main] DEBUG f.i.s.r.process.step.CloneRepository - ----------------------------------------------------------------------
04:14:26.050 [main] DEBUG f.i.s.r.process.step.CloneRepository - Cloning repository batfish/batfish in the following directory: ./workspace/batfish/batfish/365813279
04:15:21.011 [main] DEBUG f.i.s.r.process.step.CloneRepository - STEP STATUS: [ CloneRepository : SUCCESS ]
04:15:21.012 [main] DEBUG f.i.s.r.process.step.CloneRepository - STEP DURATION: 54s
04:15:21.012 [main] DEBUG f.i.s.r.process.step.CloneRepository - EXECUTE NEXT STEP
04:15:21.012 [main] DEBUG f.i.s.r.p.s.c.CheckoutPatchedBuild - ----------------------------------------------------------------------
04:15:21.013 [main] DEBUG f.i.s.r.p.s.c.CheckoutPatchedBuild - STEP 2/22: CheckoutPatchedBuildCandidate
04:15:21.013 [main] DEBUG f.i.s.r.p.s.c.CheckoutPatchedBuild - ----------------------------------------------------------------------
04:15:21.013 [main] DEBUG f.i.s.r.p.s.c.CheckoutPatchedBuild - Checking out patched build candidate...
04:15:21.028 [main] ERROR f.i.s.r.p.s.c.CheckoutPatchedBuild - Error while testing commit: org.eclipse.jgit.errors.MissingObjectException: Missing unknown b6de6a1dfb4900c9634cd14599139101f388d452
04:15:21.028 [main] ERROR f.i.s.r.p.s.c.CheckoutPatchedBuild - Error while getting the commit to checkout from the repo.
04:15:21.029 [main] DEBUG f.i.s.r.p.s.c.CheckoutPatchedBuild - STEP STATUS: [ CheckoutPatchedBuildCandidate : FAILURE ( BUILDNOTCHECKEDOUT ) ]
04:15:21.030 [main] DEBUG f.i.s.r.p.s.c.CheckoutPatchedBuild - STEP DURATION: 0s
04:15:21.030 [main] DEBUG f.i.s.r.p.s.c.CheckoutPatchedBuild - TERMINATE PIPELINE
04:15:21.030 [main] DEBUG f.i.s.r.p.s.c.CheckoutPatchedBuild - FINAL STEPS SKIPPED: The reproduction of the bug and/or the patch failed.
04:15:21.030 [main] INFO  f.i.s.r.p.s.c.CheckoutPatchedBuild - Serialize all data for the pair of builds 365813279, 365889703
04:15:21.337 [main] INFO  fr.inria.jtravis.JTravis - GitHub ratelimit: Limit: 5000 Remaining: 4871 Reset hour: 19:39:03
04:15:22.121 [main] INFO  f.i.s.r.p.i.ProjectInspector - ----------------------------------------------------------------------
04:15:22.124 [main] INFO  f.i.s.r.p.i.ProjectInspector - PIPELINE EXECUTION SUMMARY
04:15:22.124 [main] INFO  f.i.s.r.p.i.ProjectInspector - ----------------------------------------------------------------------
04:15:22.124 [main] INFO  f.i.s.r.p.i.ProjectInspector - CloneRepository.......................................SUCCESS [ 54 s ]
04:15:22.124 [main] INFO  f.i.s.r.p.i.ProjectInspector - CheckoutPatchedBuildCandidate.........................FAILURE [  0 s ]
04:15:22.124 [main] INFO  f.i.s.r.p.i.ProjectInspector - ComputeSourceDir......................................NOT RUN         
04:15:22.124 [main] INFO  f.i.s.r.p.i.ProjectInspector - ComputeTestDir........................................NOT RUN         
04:15:22.125 [main] INFO  f.i.s.r.p.i.ProjectInspector - CheckoutBuggyBuildCandidateSourceCode.................NOT RUN         
04:15:22.125 [main] INFO  f.i.s.r.p.i.ProjectInspector - BuildProjectBuggyBuildCandidateSourceCode.............NOT RUN         
04:15:22.125 [main] INFO  f.i.s.r.p.i.ProjectInspector - TestProjectBuggyBuildCandidateSourceCode..............NOT RUN         
04:15:22.125 [main] INFO  f.i.s.r.p.i.ProjectInspector - GatherTestInformationBuggyBuildCandidateSourceCode....NOT RUN         
04:15:22.125 [main] INFO  f.i.s.r.p.i.ProjectInspector - CheckoutBuggyBuildTestCode............................NOT RUN         
04:15:22.125 [main] INFO  f.i.s.r.p.i.ProjectInspector - InitRepoToPush........................................NOT RUN         
04:15:22.125 [main] INFO  f.i.s.r.p.i.ProjectInspector - ComputeClasspath......................................NOT RUN         
04:15:22.127 [main] INFO  f.i.s.r.p.i.ProjectInspector - ComputeModules........................................NOT RUN         
04:15:22.127 [main] INFO  f.i.s.r.p.i.ProjectInspector - CheckoutBuggyBuildCandidateSourceCode.................NOT RUN         
04:15:22.127 [main] INFO  f.i.s.r.p.i.ProjectInspector - CommitChangedTests....................................NOT RUN         
04:15:22.127 [main] INFO  f.i.s.r.p.i.ProjectInspector - CheckoutPatchedBuildCandidate.........................NOT RUN         
04:15:22.127 [main] INFO  f.i.s.r.p.i.ProjectInspector - BuildProjectPatchedBuildCandidate.....................NOT RUN         
04:15:22.127 [main] INFO  f.i.s.r.p.i.ProjectInspector - TestProjectPatchedBuildCandidate......................NOT RUN         
04:15:22.127 [main] INFO  f.i.s.r.p.i.ProjectInspector - GatherTestInformationPatchedBuildCandidate............NOT RUN         
04:15:22.128 [main] INFO  f.i.s.r.p.i.ProjectInspector - CommitPatch...........................................NOT RUN         
04:15:22.128 [main] INFO  f.i.s.r.p.i.ProjectInspector - WritePropertyFile.....................................NOT RUN         
04:15:22.128 [main] INFO  f.i.s.r.p.i.ProjectInspector - CommitProcessEnd......................................NOT RUN         
04:15:22.129 [main] INFO  f.i.s.r.p.i.ProjectInspector - PushProcessEnd........................................NOT RUN         
04:15:22.129 [main] INFO  f.i.s.r.p.i.ProjectInspector - ----------------------------------------------------------------------
04:15:22.129 [main] INFO  f.i.s.r.p.i.ProjectInspector - PIPELINE FINDING: BUILDNOTCHECKEDOUT
04:15:22.129 [main] INFO  f.i.s.r.p.i.ProjectInspector - ----------------------------------------------------------------------
04:15:22.129 [main] INFO  f.i.s.repairnator.pipeline.Launcher - Inspector is finished. The process will exit now.
