05:38:44.264 [main] INFO  f.i.s.repairnator.pipeline.Launcher - PIPELINE VERSION: 3.0-2018-08-09 19:04
05:38:44.446 [main] INFO  f.i.s.repairnator.pipeline.Launcher - The pipeline will try to reproduce a bug from build 363824973 and its corresponding patch from build 363856665
05:38:44.447 [main] INFO  f.i.s.repairnator.pipeline.Launcher - Initialize file serializer engines.
05:38:44.449 [main] INFO  f.i.s.repairnator.pipeline.Launcher - MongoDB won't be used for serialization.
05:38:44.450 [main] INFO  f.i.s.repairnator.pipeline.Launcher - The email notifier engine won't be used.
05:38:44.454 [main] INFO  f.i.s.repairnator.pipeline.Launcher - Start by getting the build (buildId: 363824973) with the following config: RepairnatorConfig{runId='0c1dbb4d-1cbc-485c-8949-10b1e9ab500a_04-18-week2-PASSING_AND_PASSING', launcherMode=BEARS, serializeJson=true, inputPath='null', outputPath='/var/log', mongodbHost='null', mongodbName='repairnator', smtpServer='null', notifyTo=[], notifyEndProcess=false, push=true, pushRemoteRepo='https://github.com/fermadeiral/bears-collection-pp', fork=false, lookFromDate=null, lookToDate=null, buildId=363824973, z3solverPath='./z3_for_linux', workspacePath='./workspace', githubToken='c8a341a903[...]', dockerImageName='null', skipDelete=false, createOutputDir=false, logDirectory='null', nbThreads=0, globalTimeout=0, whiteList=null, blackList=null, jobSleepTime=0, buildSleepTime=0, maxInspectedBuilds=0, duration=null, humanPatch=false, repository='null', clean=true, bearsMode=BOTH, bearsDelimiter = false, repairTools=NopolAllTests,NPEFix,AssertFixer,AstorJGenProg,AstorJKali,NopolSingleTest,AstorJMut,NopolTestExclusionStrategy, githubUserName= fermadeiral, githubUserEmail=fer.madeiral@gmail.com}
05:38:45.871 [main] DEBUG fr.inria.jtravis.helpers.BuildHelper - Get request to :https://api.travis-ci.org/build/363824973 done after 871 ms
05:38:46.183 [main] DEBUG fr.inria.jtravis.helpers.BuildHelper - Get request to :https://api.travis-ci.org/build/363856665 done after 175 ms
05:38:46.199 [main] INFO  f.i.s.repairnator.pipeline.Launcher - The patched build (363856665) was successfully retrieved from Travis.
05:38:47.509 [main] INFO  fr.inria.jtravis.JTravis - GitHub ratelimit: Limit: 5000 Remaining: 4635 Reset hour: 19:39:08
05:38:47.734 [main] INFO  f.i.s.r.p.i.ProjectInspector - ----------------------------------------------------------------------
05:38:47.735 [main] INFO  f.i.s.r.p.i.ProjectInspector - PIPELINE STEPS
05:38:47.735 [main] INFO  f.i.s.r.p.i.ProjectInspector - ----------------------------------------------------------------------
05:38:47.735 [main] INFO  f.i.s.r.p.i.ProjectInspector - CloneRepository
05:38:47.735 [main] INFO  f.i.s.r.p.i.ProjectInspector - CheckoutPatchedBuildCandidate
05:38:47.735 [main] INFO  f.i.s.r.p.i.ProjectInspector - ComputeSourceDir
05:38:47.735 [main] INFO  f.i.s.r.p.i.ProjectInspector - ComputeTestDir
05:38:47.736 [main] INFO  f.i.s.r.p.i.ProjectInspector - CheckoutBuggyBuildCandidateSourceCode
05:38:47.736 [main] INFO  f.i.s.r.p.i.ProjectInspector - BuildProjectBuggyBuildCandidateSourceCode
05:38:47.736 [main] INFO  f.i.s.r.p.i.ProjectInspector - TestProjectBuggyBuildCandidateSourceCode
05:38:47.736 [main] INFO  f.i.s.r.p.i.ProjectInspector - GatherTestInformationBuggyBuildCandidateSourceCode
05:38:47.736 [main] INFO  f.i.s.r.p.i.ProjectInspector - CheckoutBuggyBuildTestCode
05:38:47.736 [main] INFO  f.i.s.r.p.i.ProjectInspector - InitRepoToPush
05:38:47.736 [main] INFO  f.i.s.r.p.i.ProjectInspector - ComputeClasspath
05:38:47.736 [main] INFO  f.i.s.r.p.i.ProjectInspector - ComputeModules
05:38:47.737 [main] INFO  f.i.s.r.p.i.ProjectInspector - CheckoutBuggyBuildCandidateSourceCode
05:38:47.737 [main] INFO  f.i.s.r.p.i.ProjectInspector - CommitChangedTests
05:38:47.737 [main] INFO  f.i.s.r.p.i.ProjectInspector - CheckoutPatchedBuildCandidate
05:38:47.737 [main] INFO  f.i.s.r.p.i.ProjectInspector - BuildProjectPatchedBuildCandidate
05:38:47.737 [main] INFO  f.i.s.r.p.i.ProjectInspector - TestProjectPatchedBuildCandidate
05:38:47.737 [main] INFO  f.i.s.r.p.i.ProjectInspector - GatherTestInformationPatchedBuildCandidate
05:38:47.737 [main] INFO  f.i.s.r.p.i.ProjectInspector - CommitPatch
05:38:47.738 [main] INFO  f.i.s.r.p.i.ProjectInspector - WritePropertyFile
05:38:47.738 [main] INFO  f.i.s.r.p.i.ProjectInspector - CommitProcessEnd
05:38:47.738 [main] INFO  f.i.s.r.p.i.ProjectInspector - PushProcessEnd
05:38:47.741 [main] DEBUG f.i.s.r.process.step.CloneRepository - ----------------------------------------------------------------------
05:38:47.742 [main] DEBUG f.i.s.r.process.step.CloneRepository - STEP 1/22: CloneRepository
05:38:47.742 [main] DEBUG f.i.s.r.process.step.CloneRepository - ----------------------------------------------------------------------
05:38:47.742 [main] DEBUG f.i.s.r.process.step.CloneRepository - Cloning repository runelite/runelite in the following directory: ./workspace/runelite/runelite/363824973
05:38:59.330 [main] DEBUG f.i.s.r.process.step.CloneRepository - STEP STATUS: [ CloneRepository : SUCCESS ]
05:38:59.330 [main] DEBUG f.i.s.r.process.step.CloneRepository - STEP DURATION: 11s
05:38:59.330 [main] DEBUG f.i.s.r.process.step.CloneRepository - EXECUTE NEXT STEP
05:38:59.330 [main] DEBUG f.i.s.r.p.s.c.CheckoutPatchedBuild - ----------------------------------------------------------------------
05:38:59.331 [main] DEBUG f.i.s.r.p.s.c.CheckoutPatchedBuild - STEP 2/22: CheckoutPatchedBuildCandidate
05:38:59.331 [main] DEBUG f.i.s.r.p.s.c.CheckoutPatchedBuild - ----------------------------------------------------------------------
05:38:59.332 [main] DEBUG f.i.s.r.p.s.c.CheckoutPatchedBuild - Checking out patched build candidate...
05:38:59.650 [main] INFO  fr.inria.jtravis.JTravis - GitHub ratelimit: Limit: 5000 Remaining: 4631 Reset hour: 19:39:08
05:39:00.056 [main] WARN  f.i.j.helpers.PullRequestHelper - The head repository is null: maybe it has been deleted from GitHub
05:39:00.057 [main] ERROR f.i.s.r.p.s.c.CheckoutPatchedBuild - Error while getting PR information.
05:39:00.058 [main] DEBUG f.i.s.r.p.s.c.CheckoutPatchedBuild - STEP STATUS: [ CheckoutPatchedBuildCandidate : FAILURE ( BUILDNOTCHECKEDOUT ) ]
05:39:00.059 [main] DEBUG f.i.s.r.p.s.c.CheckoutPatchedBuild - STEP DURATION: 0s
05:39:00.060 [main] DEBUG f.i.s.r.p.s.c.CheckoutPatchedBuild - TERMINATE PIPELINE
05:39:00.061 [main] DEBUG f.i.s.r.p.s.c.CheckoutPatchedBuild - FINAL STEPS SKIPPED: The reproduction of the bug and/or the patch failed.
05:39:00.062 [main] INFO  f.i.s.r.p.s.c.CheckoutPatchedBuild - Serialize all data for the pair of builds 363824973, 363856665
05:39:00.177 [main] INFO  fr.inria.jtravis.JTravis - GitHub ratelimit: Limit: 5000 Remaining: 4627 Reset hour: 19:39:08
05:39:00.933 [main] INFO  f.i.s.r.p.i.ProjectInspector - ----------------------------------------------------------------------
05:39:00.934 [main] INFO  f.i.s.r.p.i.ProjectInspector - PIPELINE EXECUTION SUMMARY
05:39:00.935 [main] INFO  f.i.s.r.p.i.ProjectInspector - ----------------------------------------------------------------------
05:39:00.935 [main] INFO  f.i.s.r.p.i.ProjectInspector - CloneRepository.......................................SUCCESS [ 11 s ]
05:39:00.935 [main] INFO  f.i.s.r.p.i.ProjectInspector - CheckoutPatchedBuildCandidate.........................FAILURE [  0 s ]
05:39:00.936 [main] INFO  f.i.s.r.p.i.ProjectInspector - ComputeSourceDir......................................NOT RUN         
05:39:00.936 [main] INFO  f.i.s.r.p.i.ProjectInspector - ComputeTestDir........................................NOT RUN         
05:39:00.936 [main] INFO  f.i.s.r.p.i.ProjectInspector - CheckoutBuggyBuildCandidateSourceCode.................NOT RUN         
05:39:00.936 [main] INFO  f.i.s.r.p.i.ProjectInspector - BuildProjectBuggyBuildCandidateSourceCode.............NOT RUN         
05:39:00.942 [main] INFO  f.i.s.r.p.i.ProjectInspector - TestProjectBuggyBuildCandidateSourceCode..............NOT RUN         
05:39:00.943 [main] INFO  f.i.s.r.p.i.ProjectInspector - GatherTestInformationBuggyBuildCandidateSourceCode....NOT RUN         
05:39:00.943 [main] INFO  f.i.s.r.p.i.ProjectInspector - CheckoutBuggyBuildTestCode............................NOT RUN         
05:39:00.944 [main] INFO  f.i.s.r.p.i.ProjectInspector - InitRepoToPush........................................NOT RUN         
05:39:00.944 [main] INFO  f.i.s.r.p.i.ProjectInspector - ComputeClasspath......................................NOT RUN         
05:39:00.945 [main] INFO  f.i.s.r.p.i.ProjectInspector - ComputeModules........................................NOT RUN         
05:39:00.945 [main] INFO  f.i.s.r.p.i.ProjectInspector - CheckoutBuggyBuildCandidateSourceCode.................NOT RUN         
05:39:00.945 [main] INFO  f.i.s.r.p.i.ProjectInspector - CommitChangedTests....................................NOT RUN         
05:39:00.946 [main] INFO  f.i.s.r.p.i.ProjectInspector - CheckoutPatchedBuildCandidate.........................NOT RUN         
05:39:00.946 [main] INFO  f.i.s.r.p.i.ProjectInspector - BuildProjectPatchedBuildCandidate.....................NOT RUN         
05:39:00.946 [main] INFO  f.i.s.r.p.i.ProjectInspector - TestProjectPatchedBuildCandidate......................NOT RUN         
05:39:00.947 [main] INFO  f.i.s.r.p.i.ProjectInspector - GatherTestInformationPatchedBuildCandidate............NOT RUN         
05:39:00.947 [main] INFO  f.i.s.r.p.i.ProjectInspector - CommitPatch...........................................NOT RUN         
05:39:00.947 [main] INFO  f.i.s.r.p.i.ProjectInspector - WritePropertyFile.....................................NOT RUN         
05:39:00.948 [main] INFO  f.i.s.r.p.i.ProjectInspector - CommitProcessEnd......................................NOT RUN         
05:39:00.948 [main] INFO  f.i.s.r.p.i.ProjectInspector - PushProcessEnd........................................NOT RUN         
05:39:00.948 [main] INFO  f.i.s.r.p.i.ProjectInspector - ----------------------------------------------------------------------
05:39:00.949 [main] INFO  f.i.s.r.p.i.ProjectInspector - PIPELINE FINDING: BUILDNOTCHECKEDOUT
05:39:00.949 [main] INFO  f.i.s.r.p.i.ProjectInspector - ----------------------------------------------------------------------
05:39:00.949 [main] INFO  f.i.s.repairnator.pipeline.Launcher - Inspector is finished. The process will exit now.
