08:11:20.778 [main] INFO  f.i.s.repairnator.pipeline.Launcher - PIPELINE VERSION: 3.0-2018-08-09 19:04
08:11:20.914 [main] INFO  f.i.s.repairnator.pipeline.Launcher - The pipeline will try to reproduce a bug from build 364690236 and its corresponding patch from build 365265030
08:11:20.914 [main] INFO  f.i.s.repairnator.pipeline.Launcher - Initialize file serializer engines.
08:11:20.916 [main] INFO  f.i.s.repairnator.pipeline.Launcher - MongoDB won't be used for serialization.
08:11:20.916 [main] INFO  f.i.s.repairnator.pipeline.Launcher - The email notifier engine won't be used.
08:11:20.919 [main] INFO  f.i.s.repairnator.pipeline.Launcher - Start by getting the build (buildId: 364690236) with the following config: RepairnatorConfig{runId='0c1dbb4d-1cbc-485c-8949-10b1e9ab500a_04-18-week2-PASSING_AND_PASSING', launcherMode=BEARS, serializeJson=true, inputPath='null', outputPath='/var/log', mongodbHost='null', mongodbName='repairnator', smtpServer='null', notifyTo=[], notifyEndProcess=false, push=true, pushRemoteRepo='https://github.com/fermadeiral/bears-collection-pp', fork=false, lookFromDate=null, lookToDate=null, buildId=364690236, z3solverPath='./z3_for_linux', workspacePath='./workspace', githubToken='c8a341a903[...]', dockerImageName='null', skipDelete=false, createOutputDir=false, logDirectory='null', nbThreads=0, globalTimeout=0, whiteList=null, blackList=null, jobSleepTime=0, buildSleepTime=0, maxInspectedBuilds=0, duration=null, humanPatch=false, repository='null', clean=true, bearsMode=BOTH, bearsDelimiter = false, repairTools=NopolAllTests,NPEFix,AssertFixer,AstorJGenProg,AstorJKali,NopolSingleTest,AstorJMut,NopolTestExclusionStrategy, githubUserName= fermadeiral, githubUserEmail=fer.madeiral@gmail.com}
08:11:22.151 [main] DEBUG fr.inria.jtravis.helpers.BuildHelper - Get request to :https://api.travis-ci.org/build/364690236 done after 836 ms
08:11:22.405 [main] DEBUG fr.inria.jtravis.helpers.BuildHelper - Get request to :https://api.travis-ci.org/build/365265030 done after 129 ms
08:11:22.416 [main] INFO  f.i.s.repairnator.pipeline.Launcher - The patched build (365265030) was successfully retrieved from Travis.
08:11:23.657 [main] INFO  fr.inria.jtravis.JTravis - GitHub ratelimit: Limit: 5000 Remaining: 4942 Reset hour: 19:39:18
08:11:23.947 [main] INFO  f.i.s.r.p.i.ProjectInspector - ----------------------------------------------------------------------
08:11:23.947 [main] INFO  f.i.s.r.p.i.ProjectInspector - PIPELINE STEPS
08:11:23.947 [main] INFO  f.i.s.r.p.i.ProjectInspector - ----------------------------------------------------------------------
08:11:23.947 [main] INFO  f.i.s.r.p.i.ProjectInspector - CloneRepository
08:11:23.948 [main] INFO  f.i.s.r.p.i.ProjectInspector - CheckoutPatchedBuildCandidate
08:11:23.948 [main] INFO  f.i.s.r.p.i.ProjectInspector - ComputeSourceDir
08:11:23.948 [main] INFO  f.i.s.r.p.i.ProjectInspector - ComputeTestDir
08:11:23.948 [main] INFO  f.i.s.r.p.i.ProjectInspector - CheckoutBuggyBuildCandidateSourceCode
08:11:23.948 [main] INFO  f.i.s.r.p.i.ProjectInspector - BuildProjectBuggyBuildCandidateSourceCode
08:11:23.948 [main] INFO  f.i.s.r.p.i.ProjectInspector - TestProjectBuggyBuildCandidateSourceCode
08:11:23.950 [main] INFO  f.i.s.r.p.i.ProjectInspector - GatherTestInformationBuggyBuildCandidateSourceCode
08:11:23.951 [main] INFO  f.i.s.r.p.i.ProjectInspector - CheckoutBuggyBuildTestCode
08:11:23.951 [main] INFO  f.i.s.r.p.i.ProjectInspector - InitRepoToPush
08:11:23.951 [main] INFO  f.i.s.r.p.i.ProjectInspector - ComputeClasspath
08:11:23.951 [main] INFO  f.i.s.r.p.i.ProjectInspector - ComputeModules
08:11:23.952 [main] INFO  f.i.s.r.p.i.ProjectInspector - CheckoutBuggyBuildCandidateSourceCode
08:11:23.952 [main] INFO  f.i.s.r.p.i.ProjectInspector - CommitChangedTests
08:11:23.952 [main] INFO  f.i.s.r.p.i.ProjectInspector - CheckoutPatchedBuildCandidate
08:11:23.952 [main] INFO  f.i.s.r.p.i.ProjectInspector - BuildProjectPatchedBuildCandidate
08:11:23.953 [main] INFO  f.i.s.r.p.i.ProjectInspector - TestProjectPatchedBuildCandidate
08:11:23.953 [main] INFO  f.i.s.r.p.i.ProjectInspector - GatherTestInformationPatchedBuildCandidate
08:11:23.953 [main] INFO  f.i.s.r.p.i.ProjectInspector - CommitPatch
08:11:23.954 [main] INFO  f.i.s.r.p.i.ProjectInspector - WritePropertyFile
08:11:23.954 [main] INFO  f.i.s.r.p.i.ProjectInspector - CommitProcessEnd
08:11:23.954 [main] INFO  f.i.s.r.p.i.ProjectInspector - PushProcessEnd
08:11:23.955 [main] DEBUG f.i.s.r.process.step.CloneRepository - ----------------------------------------------------------------------
08:11:23.956 [main] DEBUG f.i.s.r.process.step.CloneRepository - STEP 1/22: CloneRepository
08:11:23.956 [main] DEBUG f.i.s.r.process.step.CloneRepository - ----------------------------------------------------------------------
08:11:23.957 [main] DEBUG f.i.s.r.process.step.CloneRepository - Cloning repository Azure/azure-libraries-for-java in the following directory: ./workspace/Azure/azure-libraries-for-java/364690236
08:12:34.863 [main] DEBUG f.i.s.r.process.step.CloneRepository - STEP STATUS: [ CloneRepository : SUCCESS ]
08:12:34.863 [main] DEBUG f.i.s.r.process.step.CloneRepository - STEP DURATION: 70s
08:12:34.875 [main] DEBUG f.i.s.r.process.step.CloneRepository - EXECUTE NEXT STEP
08:12:34.878 [main] DEBUG f.i.s.r.p.s.c.CheckoutPatchedBuild - ----------------------------------------------------------------------
08:12:34.880 [main] DEBUG f.i.s.r.p.s.c.CheckoutPatchedBuild - STEP 2/22: CheckoutPatchedBuildCandidate
08:12:34.880 [main] DEBUG f.i.s.r.p.s.c.CheckoutPatchedBuild - ----------------------------------------------------------------------
08:12:34.880 [main] DEBUG f.i.s.r.p.s.c.CheckoutPatchedBuild - Checking out patched build candidate...
08:12:35.263 [main] INFO  fr.inria.jtravis.JTravis - GitHub ratelimit: Limit: 5000 Remaining: 4937 Reset hour: 19:39:18
08:12:37.679 [main] DEBUG f.i.s.r.p.s.c.CheckoutPatchedBuild - Reproduce the PR for Azure/azure-libraries-for-java by fetching remote branch and merging.
08:12:40.171 [main] ERROR f.i.s.r.p.s.c.CheckoutPatchedBuild - Error while testing commit: org.eclipse.jgit.errors.MissingObjectException: Missing unknown 27119d326fb1d10421b1f3963b2ee1e624c52acd
08:12:40.173 [main] ERROR f.i.s.r.p.s.c.CheckoutPatchedBuild - Commit head ref cannot be retrieved from the repository: 27119d326fb1d10421b1f3963b2ee1e624c52acd. Operation aborted.
08:12:40.173 [main] ERROR f.i.s.r.p.s.c.CheckoutPatchedBuild - Error while merging two commits to reproduce the PR.
08:12:40.174 [main] DEBUG f.i.s.r.p.s.c.CheckoutPatchedBuild - STEP STATUS: [ CheckoutPatchedBuildCandidate : FAILURE ( BUILDNOTCHECKEDOUT ) ]
08:12:40.174 [main] DEBUG f.i.s.r.p.s.c.CheckoutPatchedBuild - STEP DURATION: 5s
08:12:40.175 [main] DEBUG f.i.s.r.p.s.c.CheckoutPatchedBuild - TERMINATE PIPELINE
08:12:40.175 [main] DEBUG f.i.s.r.p.s.c.CheckoutPatchedBuild - FINAL STEPS SKIPPED: The reproduction of the bug and/or the patch failed.
08:12:40.175 [main] INFO  f.i.s.r.p.s.c.CheckoutPatchedBuild - Serialize all data for the pair of builds 364690236, 365265030
08:12:40.307 [main] INFO  fr.inria.jtravis.JTravis - GitHub ratelimit: Limit: 5000 Remaining: 4930 Reset hour: 19:39:18
08:12:41.536 [main] INFO  f.i.s.r.p.i.ProjectInspector - ----------------------------------------------------------------------
08:12:41.537 [main] INFO  f.i.s.r.p.i.ProjectInspector - PIPELINE EXECUTION SUMMARY
08:12:41.537 [main] INFO  f.i.s.r.p.i.ProjectInspector - ----------------------------------------------------------------------
08:12:41.537 [main] INFO  f.i.s.r.p.i.ProjectInspector - CloneRepository.......................................SUCCESS [ 70 s ]
08:12:41.538 [main] INFO  f.i.s.r.p.i.ProjectInspector - CheckoutPatchedBuildCandidate.........................FAILURE [  5 s ]
08:12:41.538 [main] INFO  f.i.s.r.p.i.ProjectInspector - ComputeSourceDir......................................NOT RUN         
08:12:41.538 [main] INFO  f.i.s.r.p.i.ProjectInspector - ComputeTestDir........................................NOT RUN         
08:12:41.538 [main] INFO  f.i.s.r.p.i.ProjectInspector - CheckoutBuggyBuildCandidateSourceCode.................NOT RUN         
08:12:41.538 [main] INFO  f.i.s.r.p.i.ProjectInspector - BuildProjectBuggyBuildCandidateSourceCode.............NOT RUN         
08:12:41.539 [main] INFO  f.i.s.r.p.i.ProjectInspector - TestProjectBuggyBuildCandidateSourceCode..............NOT RUN         
08:12:41.539 [main] INFO  f.i.s.r.p.i.ProjectInspector - GatherTestInformationBuggyBuildCandidateSourceCode....NOT RUN         
08:12:41.539 [main] INFO  f.i.s.r.p.i.ProjectInspector - CheckoutBuggyBuildTestCode............................NOT RUN         
08:12:41.539 [main] INFO  f.i.s.r.p.i.ProjectInspector - InitRepoToPush........................................NOT RUN         
08:12:41.539 [main] INFO  f.i.s.r.p.i.ProjectInspector - ComputeClasspath......................................NOT RUN         
08:12:41.540 [main] INFO  f.i.s.r.p.i.ProjectInspector - ComputeModules........................................NOT RUN         
08:12:41.540 [main] INFO  f.i.s.r.p.i.ProjectInspector - CheckoutBuggyBuildCandidateSourceCode.................NOT RUN         
08:12:41.540 [main] INFO  f.i.s.r.p.i.ProjectInspector - CommitChangedTests....................................NOT RUN         
08:12:41.540 [main] INFO  f.i.s.r.p.i.ProjectInspector - CheckoutPatchedBuildCandidate.........................NOT RUN         
08:12:41.540 [main] INFO  f.i.s.r.p.i.ProjectInspector - BuildProjectPatchedBuildCandidate.....................NOT RUN         
08:12:41.540 [main] INFO  f.i.s.r.p.i.ProjectInspector - TestProjectPatchedBuildCandidate......................NOT RUN         
08:12:41.540 [main] INFO  f.i.s.r.p.i.ProjectInspector - GatherTestInformationPatchedBuildCandidate............NOT RUN         
08:12:41.541 [main] INFO  f.i.s.r.p.i.ProjectInspector - CommitPatch...........................................NOT RUN         
08:12:41.541 [main] INFO  f.i.s.r.p.i.ProjectInspector - WritePropertyFile.....................................NOT RUN         
08:12:41.541 [main] INFO  f.i.s.r.p.i.ProjectInspector - CommitProcessEnd......................................NOT RUN         
08:12:41.541 [main] INFO  f.i.s.r.p.i.ProjectInspector - PushProcessEnd........................................NOT RUN         
08:12:41.541 [main] INFO  f.i.s.r.p.i.ProjectInspector - ----------------------------------------------------------------------
08:12:41.541 [main] INFO  f.i.s.r.p.i.ProjectInspector - PIPELINE FINDING: BUILDNOTCHECKEDOUT
08:12:41.542 [main] INFO  f.i.s.r.p.i.ProjectInspector - ----------------------------------------------------------------------
08:12:41.542 [main] INFO  f.i.s.repairnator.pipeline.Launcher - Inspector is finished. The process will exit now.
