06:04:15.446 [main] INFO  f.i.s.repairnator.pipeline.Launcher - PIPELINE VERSION: 3.0-2018-08-09 19:04
06:04:15.610 [main] INFO  f.i.s.repairnator.pipeline.Launcher - The pipeline will try to reproduce a bug from build 364383186 and its corresponding patch from build 364736854
06:04:15.611 [main] INFO  f.i.s.repairnator.pipeline.Launcher - Initialize file serializer engines.
06:04:15.613 [main] INFO  f.i.s.repairnator.pipeline.Launcher - MongoDB won't be used for serialization.
06:04:15.614 [main] INFO  f.i.s.repairnator.pipeline.Launcher - The email notifier engine won't be used.
06:04:15.618 [main] INFO  f.i.s.repairnator.pipeline.Launcher - Start by getting the build (buildId: 364383186) with the following config: RepairnatorConfig{runId='0c1dbb4d-1cbc-485c-8949-10b1e9ab500a_04-18-week2-PASSING_AND_PASSING', launcherMode=BEARS, serializeJson=true, inputPath='null', outputPath='/var/log', mongodbHost='null', mongodbName='repairnator', smtpServer='null', notifyTo=[], notifyEndProcess=false, push=true, pushRemoteRepo='https://github.com/fermadeiral/bears-collection-pp', fork=false, lookFromDate=null, lookToDate=null, buildId=364383186, z3solverPath='./z3_for_linux', workspacePath='./workspace', githubToken='c8a341a903[...]', dockerImageName='null', skipDelete=false, createOutputDir=false, logDirectory='null', nbThreads=0, globalTimeout=0, whiteList=null, blackList=null, jobSleepTime=0, buildSleepTime=0, maxInspectedBuilds=0, duration=null, humanPatch=false, repository='null', clean=true, bearsMode=BOTH, bearsDelimiter = false, repairTools=NopolAllTests,NPEFix,AssertFixer,AstorJGenProg,AstorJKali,NopolSingleTest,AstorJMut,NopolTestExclusionStrategy, githubUserName= fermadeiral, githubUserEmail=fer.madeiral@gmail.com}
06:04:17.433 [main] DEBUG fr.inria.jtravis.helpers.BuildHelper - Get request to :https://api.travis-ci.org/build/364383186 done after 1309 ms
06:04:17.709 [main] DEBUG fr.inria.jtravis.helpers.BuildHelper - Get request to :https://api.travis-ci.org/build/364736854 done after 134 ms
06:04:17.732 [main] INFO  f.i.s.repairnator.pipeline.Launcher - The patched build (364736854) was successfully retrieved from Travis.
06:04:19.018 [main] INFO  fr.inria.jtravis.JTravis - GitHub ratelimit: Limit: 5000 Remaining: 4333 Reset hour: 19:39:08
06:04:19.288 [main] INFO  f.i.s.r.p.i.ProjectInspector - ----------------------------------------------------------------------
06:04:19.289 [main] INFO  f.i.s.r.p.i.ProjectInspector - PIPELINE STEPS
06:04:19.289 [main] INFO  f.i.s.r.p.i.ProjectInspector - ----------------------------------------------------------------------
06:04:19.289 [main] INFO  f.i.s.r.p.i.ProjectInspector - CloneRepository
06:04:19.290 [main] INFO  f.i.s.r.p.i.ProjectInspector - CheckoutPatchedBuildCandidate
06:04:19.290 [main] INFO  f.i.s.r.p.i.ProjectInspector - ComputeSourceDir
06:04:19.290 [main] INFO  f.i.s.r.p.i.ProjectInspector - ComputeTestDir
06:04:19.290 [main] INFO  f.i.s.r.p.i.ProjectInspector - CheckoutBuggyBuildCandidateSourceCode
06:04:19.291 [main] INFO  f.i.s.r.p.i.ProjectInspector - BuildProjectBuggyBuildCandidateSourceCode
06:04:19.291 [main] INFO  f.i.s.r.p.i.ProjectInspector - TestProjectBuggyBuildCandidateSourceCode
06:04:19.291 [main] INFO  f.i.s.r.p.i.ProjectInspector - GatherTestInformationBuggyBuildCandidateSourceCode
06:04:19.291 [main] INFO  f.i.s.r.p.i.ProjectInspector - CheckoutBuggyBuildTestCode
06:04:19.291 [main] INFO  f.i.s.r.p.i.ProjectInspector - InitRepoToPush
06:04:19.292 [main] INFO  f.i.s.r.p.i.ProjectInspector - ComputeClasspath
06:04:19.292 [main] INFO  f.i.s.r.p.i.ProjectInspector - ComputeModules
06:04:19.292 [main] INFO  f.i.s.r.p.i.ProjectInspector - CheckoutBuggyBuildCandidateSourceCode
06:04:19.292 [main] INFO  f.i.s.r.p.i.ProjectInspector - CommitChangedTests
06:04:19.293 [main] INFO  f.i.s.r.p.i.ProjectInspector - CheckoutPatchedBuildCandidate
06:04:19.293 [main] INFO  f.i.s.r.p.i.ProjectInspector - BuildProjectPatchedBuildCandidate
06:04:19.293 [main] INFO  f.i.s.r.p.i.ProjectInspector - TestProjectPatchedBuildCandidate
06:04:19.293 [main] INFO  f.i.s.r.p.i.ProjectInspector - GatherTestInformationPatchedBuildCandidate
06:04:19.294 [main] INFO  f.i.s.r.p.i.ProjectInspector - CommitPatch
06:04:19.294 [main] INFO  f.i.s.r.p.i.ProjectInspector - WritePropertyFile
06:04:19.294 [main] INFO  f.i.s.r.p.i.ProjectInspector - CommitProcessEnd
06:04:19.295 [main] INFO  f.i.s.r.p.i.ProjectInspector - PushProcessEnd
06:04:19.295 [main] DEBUG f.i.s.r.process.step.CloneRepository - ----------------------------------------------------------------------
06:04:19.296 [main] DEBUG f.i.s.r.process.step.CloneRepository - STEP 1/22: CloneRepository
06:04:19.296 [main] DEBUG f.i.s.r.process.step.CloneRepository - ----------------------------------------------------------------------
06:04:19.296 [main] DEBUG f.i.s.r.process.step.CloneRepository - Cloning repository linkedin/pinot in the following directory: ./workspace/linkedin/pinot/364383186
06:04:54.111 [main] DEBUG f.i.s.r.process.step.CloneRepository - STEP STATUS: [ CloneRepository : SUCCESS ]
06:04:54.112 [main] DEBUG f.i.s.r.process.step.CloneRepository - STEP DURATION: 34s
06:04:54.112 [main] DEBUG f.i.s.r.process.step.CloneRepository - EXECUTE NEXT STEP
06:04:54.113 [main] DEBUG f.i.s.r.p.s.c.CheckoutPatchedBuild - ----------------------------------------------------------------------
06:04:54.113 [main] DEBUG f.i.s.r.p.s.c.CheckoutPatchedBuild - STEP 2/22: CheckoutPatchedBuildCandidate
06:04:54.114 [main] DEBUG f.i.s.r.p.s.c.CheckoutPatchedBuild - ----------------------------------------------------------------------
06:04:54.114 [main] DEBUG f.i.s.r.p.s.c.CheckoutPatchedBuild - Checking out patched build candidate...
06:04:54.420 [main] INFO  fr.inria.jtravis.JTravis - GitHub ratelimit: Limit: 5000 Remaining: 4332 Reset hour: 19:39:08
06:04:57.065 [main] DEBUG f.i.s.r.p.s.c.CheckoutPatchedBuild - Reproduce the PR for linkedin/pinot by fetching remote branch and merging.
06:04:58.341 [main] ERROR f.i.s.r.p.s.c.CheckoutPatchedBuild - Error while testing commit: org.eclipse.jgit.errors.MissingObjectException: Missing unknown 550ad2ebe883664b3235b84fac67c114ded9dcaf
06:04:58.343 [main] ERROR f.i.s.r.p.s.c.CheckoutPatchedBuild - Commit head ref cannot be retrieved from the repository: 550ad2ebe883664b3235b84fac67c114ded9dcaf. Operation aborted.
06:04:58.344 [main] ERROR f.i.s.r.p.s.c.CheckoutPatchedBuild - Error while merging two commits to reproduce the PR.
06:04:58.345 [main] DEBUG f.i.s.r.p.s.c.CheckoutPatchedBuild - STEP STATUS: [ CheckoutPatchedBuildCandidate : FAILURE ( BUILDNOTCHECKEDOUT ) ]
06:04:58.345 [main] DEBUG f.i.s.r.p.s.c.CheckoutPatchedBuild - STEP DURATION: 4s
06:04:58.346 [main] DEBUG f.i.s.r.p.s.c.CheckoutPatchedBuild - TERMINATE PIPELINE
06:04:58.346 [main] DEBUG f.i.s.r.p.s.c.CheckoutPatchedBuild - FINAL STEPS SKIPPED: The reproduction of the bug and/or the patch failed.
06:04:58.347 [main] INFO  f.i.s.r.p.s.c.CheckoutPatchedBuild - Serialize all data for the pair of builds 364383186, 364736854
06:04:58.457 [main] INFO  fr.inria.jtravis.JTravis - GitHub ratelimit: Limit: 5000 Remaining: 4325 Reset hour: 19:39:08
06:04:59.823 [main] INFO  f.i.s.r.p.i.ProjectInspector - ----------------------------------------------------------------------
06:04:59.823 [main] INFO  f.i.s.r.p.i.ProjectInspector - PIPELINE EXECUTION SUMMARY
06:04:59.823 [main] INFO  f.i.s.r.p.i.ProjectInspector - ----------------------------------------------------------------------
06:04:59.824 [main] INFO  f.i.s.r.p.i.ProjectInspector - CloneRepository.......................................SUCCESS [ 34 s ]
06:04:59.825 [main] INFO  f.i.s.r.p.i.ProjectInspector - CheckoutPatchedBuildCandidate.........................FAILURE [  4 s ]
06:04:59.825 [main] INFO  f.i.s.r.p.i.ProjectInspector - ComputeSourceDir......................................NOT RUN         
06:04:59.826 [main] INFO  f.i.s.r.p.i.ProjectInspector - ComputeTestDir........................................NOT RUN         
06:04:59.826 [main] INFO  f.i.s.r.p.i.ProjectInspector - CheckoutBuggyBuildCandidateSourceCode.................NOT RUN         
06:04:59.826 [main] INFO  f.i.s.r.p.i.ProjectInspector - BuildProjectBuggyBuildCandidateSourceCode.............NOT RUN         
06:04:59.826 [main] INFO  f.i.s.r.p.i.ProjectInspector - TestProjectBuggyBuildCandidateSourceCode..............NOT RUN         
06:04:59.827 [main] INFO  f.i.s.r.p.i.ProjectInspector - GatherTestInformationBuggyBuildCandidateSourceCode....NOT RUN         
06:04:59.827 [main] INFO  f.i.s.r.p.i.ProjectInspector - CheckoutBuggyBuildTestCode............................NOT RUN         
06:04:59.828 [main] INFO  f.i.s.r.p.i.ProjectInspector - InitRepoToPush........................................NOT RUN         
06:04:59.828 [main] INFO  f.i.s.r.p.i.ProjectInspector - ComputeClasspath......................................NOT RUN         
06:04:59.828 [main] INFO  f.i.s.r.p.i.ProjectInspector - ComputeModules........................................NOT RUN         
06:04:59.828 [main] INFO  f.i.s.r.p.i.ProjectInspector - CheckoutBuggyBuildCandidateSourceCode.................NOT RUN         
06:04:59.829 [main] INFO  f.i.s.r.p.i.ProjectInspector - CommitChangedTests....................................NOT RUN         
06:04:59.829 [main] INFO  f.i.s.r.p.i.ProjectInspector - CheckoutPatchedBuildCandidate.........................NOT RUN         
06:04:59.829 [main] INFO  f.i.s.r.p.i.ProjectInspector - BuildProjectPatchedBuildCandidate.....................NOT RUN         
06:04:59.829 [main] INFO  f.i.s.r.p.i.ProjectInspector - TestProjectPatchedBuildCandidate......................NOT RUN         
06:04:59.830 [main] INFO  f.i.s.r.p.i.ProjectInspector - GatherTestInformationPatchedBuildCandidate............NOT RUN         
06:04:59.830 [main] INFO  f.i.s.r.p.i.ProjectInspector - CommitPatch...........................................NOT RUN         
06:04:59.830 [main] INFO  f.i.s.r.p.i.ProjectInspector - WritePropertyFile.....................................NOT RUN         
06:04:59.830 [main] INFO  f.i.s.r.p.i.ProjectInspector - CommitProcessEnd......................................NOT RUN         
06:04:59.831 [main] INFO  f.i.s.r.p.i.ProjectInspector - PushProcessEnd........................................NOT RUN         
06:04:59.831 [main] INFO  f.i.s.r.p.i.ProjectInspector - ----------------------------------------------------------------------
06:04:59.831 [main] INFO  f.i.s.r.p.i.ProjectInspector - PIPELINE FINDING: BUILDNOTCHECKEDOUT
06:04:59.831 [main] INFO  f.i.s.r.p.i.ProjectInspector - ----------------------------------------------------------------------
06:04:59.832 [main] INFO  f.i.s.repairnator.pipeline.Launcher - Inspector is finished. The process will exit now.
