18:13:11.816 [main] INFO  f.i.s.repairnator.pipeline.Launcher - PIPELINE VERSION: 3.0-2018-08-09 19:04
18:13:11.948 [main] INFO  f.i.s.repairnator.pipeline.Launcher - The pipeline will try to reproduce a bug from build 367474697 and its corresponding patch from build 367475869
18:13:11.948 [main] INFO  f.i.s.repairnator.pipeline.Launcher - Initialize file serializer engines.
18:13:11.950 [main] INFO  f.i.s.repairnator.pipeline.Launcher - MongoDB won't be used for serialization.
18:13:11.951 [main] INFO  f.i.s.repairnator.pipeline.Launcher - The email notifier engine won't be used.
18:13:11.954 [main] INFO  f.i.s.repairnator.pipeline.Launcher - Start by getting the build (buildId: 367474697) with the following config: RepairnatorConfig{runId='5ea16782-d44d-4134-9946-fad8a6d96571_04-18-week3-FAILING_AND_PASSING', launcherMode=BEARS, serializeJson=true, inputPath='null', outputPath='/var/log', mongodbHost='null', mongodbName='repairnator', smtpServer='null', notifyTo=[], notifyEndProcess=false, push=true, pushRemoteRepo='https://github.com/fermadeiral/bears-collection-fp', fork=false, lookFromDate=null, lookToDate=null, buildId=367474697, z3solverPath='./z3_for_linux', workspacePath='./workspace', githubToken='c8a341a903[...]', dockerImageName='null', skipDelete=false, createOutputDir=false, logDirectory='null', nbThreads=0, globalTimeout=0, whiteList=null, blackList=null, jobSleepTime=0, buildSleepTime=0, maxInspectedBuilds=0, duration=null, humanPatch=false, repository='null', clean=true, bearsMode=BOTH, bearsDelimiter = false, repairTools=NopolAllTests,NPEFix,AssertFixer,AstorJGenProg,AstorJKali,NopolSingleTest,AstorJMut,NopolTestExclusionStrategy, githubUserName= fermadeiral, githubUserEmail=fer.madeiral@gmail.com}
18:13:13.125 [main] DEBUG fr.inria.jtravis.helpers.BuildHelper - Get request to :https://api.travis-ci.org/build/367474697 done after 745 ms
18:13:13.351 [main] DEBUG fr.inria.jtravis.helpers.BuildHelper - Get request to :https://api.travis-ci.org/build/367475869 done after 132 ms
18:13:13.368 [main] INFO  f.i.s.repairnator.pipeline.Launcher - The patched build (367475869) was successfully retrieved from Travis.
18:13:14.380 [main] INFO  fr.inria.jtravis.JTravis - GitHub ratelimit: Limit: 5000 Remaining: 4771 Reset hour: 19:39:52
18:13:14.651 [main] INFO  f.i.s.r.p.i.ProjectInspector - ----------------------------------------------------------------------
18:13:14.651 [main] INFO  f.i.s.r.p.i.ProjectInspector - PIPELINE STEPS
18:13:14.651 [main] INFO  f.i.s.r.p.i.ProjectInspector - ----------------------------------------------------------------------
18:13:14.651 [main] INFO  f.i.s.r.p.i.ProjectInspector - CloneRepository
18:13:14.652 [main] INFO  f.i.s.r.p.i.ProjectInspector - CheckoutBuggyBuildCandidate
18:13:14.652 [main] INFO  f.i.s.r.p.i.ProjectInspector - ComputeSourceDir
18:13:14.652 [main] INFO  f.i.s.r.p.i.ProjectInspector - ComputeTestDir
18:13:14.652 [main] INFO  f.i.s.r.p.i.ProjectInspector - BuildProjectBuggyBuildCandidate
18:13:14.652 [main] INFO  f.i.s.r.p.i.ProjectInspector - TestProjectBuggyBuildCandidate
18:13:14.654 [main] INFO  f.i.s.r.p.i.ProjectInspector - GatherTestInformationBuggyBuildCandidate
18:13:14.654 [main] INFO  f.i.s.r.p.i.ProjectInspector - InitRepoToPush
18:13:14.654 [main] INFO  f.i.s.r.p.i.ProjectInspector - ComputeClasspath
18:13:14.654 [main] INFO  f.i.s.r.p.i.ProjectInspector - ComputeModules
18:13:14.654 [main] INFO  f.i.s.r.p.i.ProjectInspector - CheckoutPatchedBuildCandidate
18:13:14.655 [main] INFO  f.i.s.r.p.i.ProjectInspector - BuildProjectPatchedBuildCandidate
18:13:14.655 [main] INFO  f.i.s.r.p.i.ProjectInspector - TestProjectPatchedBuildCandidate
18:13:14.655 [main] INFO  f.i.s.r.p.i.ProjectInspector - GatherTestInformationPatchedBuildCandidate
18:13:14.655 [main] INFO  f.i.s.r.p.i.ProjectInspector - CommitPatch
18:13:14.655 [main] INFO  f.i.s.r.p.i.ProjectInspector - WritePropertyFile
18:13:14.655 [main] INFO  f.i.s.r.p.i.ProjectInspector - CommitProcessEnd
18:13:14.655 [main] INFO  f.i.s.r.p.i.ProjectInspector - PushProcessEnd
18:13:14.655 [main] DEBUG f.i.s.r.process.step.CloneRepository - ----------------------------------------------------------------------
18:13:14.656 [main] DEBUG f.i.s.r.process.step.CloneRepository - STEP 1/18: CloneRepository
18:13:14.656 [main] DEBUG f.i.s.r.process.step.CloneRepository - ----------------------------------------------------------------------
18:13:14.656 [main] DEBUG f.i.s.r.process.step.CloneRepository - Cloning repository batfish/batfish in the following directory: ./workspace/batfish/batfish/367474697
18:14:05.814 [main] DEBUG f.i.s.r.process.step.CloneRepository - STEP STATUS: [ CloneRepository : SUCCESS ]
18:14:05.814 [main] DEBUG f.i.s.r.process.step.CloneRepository - STEP DURATION: 51s
18:14:05.814 [main] DEBUG f.i.s.r.process.step.CloneRepository - EXECUTE NEXT STEP
18:14:05.814 [main] DEBUG f.i.s.r.p.s.c.CheckoutBuggyBuild - ----------------------------------------------------------------------
18:14:05.815 [main] DEBUG f.i.s.r.p.s.c.CheckoutBuggyBuild - STEP 2/18: CheckoutBuggyBuildCandidate
18:14:05.815 [main] DEBUG f.i.s.r.p.s.c.CheckoutBuggyBuild - ----------------------------------------------------------------------
18:14:05.815 [main] DEBUG f.i.s.r.p.s.c.CheckoutBuggyBuild - Checking out buggy build candidate...
18:14:05.826 [main] ERROR f.i.s.r.p.s.c.CheckoutBuggyBuild - Error while testing commit: org.eclipse.jgit.errors.MissingObjectException: Missing unknown 22537bfd317a9e7381dffdb5a06ca66191bde727
18:14:05.826 [main] ERROR f.i.s.r.p.s.c.CheckoutBuggyBuild - Error while getting the commit to checkout from the repo.
18:14:05.827 [main] DEBUG f.i.s.r.p.s.c.CheckoutBuggyBuild - STEP STATUS: [ CheckoutBuggyBuildCandidate : FAILURE ( BUILDNOTCHECKEDOUT ) ]
18:14:05.827 [main] DEBUG f.i.s.r.p.s.c.CheckoutBuggyBuild - STEP DURATION: 0s
18:14:05.827 [main] DEBUG f.i.s.r.p.s.c.CheckoutBuggyBuild - TERMINATE PIPELINE
18:14:05.827 [main] DEBUG f.i.s.r.p.s.c.CheckoutBuggyBuild - FINAL STEPS SKIPPED: The reproduction of the bug and/or the patch failed.
18:14:05.828 [main] INFO  f.i.s.r.p.s.c.CheckoutBuggyBuild - Serialize all data for the pair of builds 367474697, 367475869
18:14:06.195 [main] INFO  fr.inria.jtravis.JTravis - GitHub ratelimit: Limit: 5000 Remaining: 4758 Reset hour: 19:39:52
18:14:07.506 [main] INFO  f.i.s.r.p.i.ProjectInspector - ----------------------------------------------------------------------
18:14:07.507 [main] INFO  f.i.s.r.p.i.ProjectInspector - PIPELINE EXECUTION SUMMARY
18:14:07.507 [main] INFO  f.i.s.r.p.i.ProjectInspector - ----------------------------------------------------------------------
18:14:07.507 [main] INFO  f.i.s.r.p.i.ProjectInspector - CloneRepository.......................................SUCCESS [ 51 s ]
18:14:07.507 [main] INFO  f.i.s.r.p.i.ProjectInspector - CheckoutBuggyBuildCandidate...........................FAILURE [  0 s ]
18:14:07.507 [main] INFO  f.i.s.r.p.i.ProjectInspector - ComputeSourceDir......................................NOT RUN         
18:14:07.508 [main] INFO  f.i.s.r.p.i.ProjectInspector - ComputeTestDir........................................NOT RUN         
18:14:07.508 [main] INFO  f.i.s.r.p.i.ProjectInspector - BuildProjectBuggyBuildCandidate.......................NOT RUN         
18:14:07.508 [main] INFO  f.i.s.r.p.i.ProjectInspector - TestProjectBuggyBuildCandidate........................NOT RUN         
18:14:07.508 [main] INFO  f.i.s.r.p.i.ProjectInspector - GatherTestInformationBuggyBuildCandidate..............NOT RUN         
18:14:07.508 [main] INFO  f.i.s.r.p.i.ProjectInspector - InitRepoToPush........................................NOT RUN         
18:14:07.509 [main] INFO  f.i.s.r.p.i.ProjectInspector - ComputeClasspath......................................NOT RUN         
18:14:07.509 [main] INFO  f.i.s.r.p.i.ProjectInspector - ComputeModules........................................NOT RUN         
18:14:07.509 [main] INFO  f.i.s.r.p.i.ProjectInspector - CheckoutPatchedBuildCandidate.........................NOT RUN         
18:14:07.509 [main] INFO  f.i.s.r.p.i.ProjectInspector - BuildProjectPatchedBuildCandidate.....................NOT RUN         
18:14:07.509 [main] INFO  f.i.s.r.p.i.ProjectInspector - TestProjectPatchedBuildCandidate......................NOT RUN         
18:14:07.510 [main] INFO  f.i.s.r.p.i.ProjectInspector - GatherTestInformationPatchedBuildCandidate............NOT RUN         
18:14:07.510 [main] INFO  f.i.s.r.p.i.ProjectInspector - CommitPatch...........................................NOT RUN         
18:14:07.511 [main] INFO  f.i.s.r.p.i.ProjectInspector - WritePropertyFile.....................................NOT RUN         
18:14:07.511 [main] INFO  f.i.s.r.p.i.ProjectInspector - CommitProcessEnd......................................NOT RUN         
18:14:07.511 [main] INFO  f.i.s.r.p.i.ProjectInspector - PushProcessEnd........................................NOT RUN         
18:14:07.511 [main] INFO  f.i.s.r.p.i.ProjectInspector - ----------------------------------------------------------------------
18:14:07.511 [main] INFO  f.i.s.r.p.i.ProjectInspector - PIPELINE FINDING: BUILDNOTCHECKEDOUT
18:14:07.512 [main] INFO  f.i.s.r.p.i.ProjectInspector - ----------------------------------------------------------------------
18:14:07.512 [main] INFO  f.i.s.repairnator.pipeline.Launcher - Inspector is finished. The process will exit now.
