21:23:42.631 [main] INFO  f.i.s.repairnator.pipeline.Launcher - PIPELINE VERSION: 3.0-2018-08-09 19:04
21:23:42.805 [main] INFO  f.i.s.repairnator.pipeline.Launcher - The pipeline will try to reproduce a bug from build 368325434 and its corresponding patch from build 368327486
21:23:42.806 [main] INFO  f.i.s.repairnator.pipeline.Launcher - Initialize file serializer engines.
21:23:42.809 [main] INFO  f.i.s.repairnator.pipeline.Launcher - MongoDB won't be used for serialization.
21:23:42.809 [main] INFO  f.i.s.repairnator.pipeline.Launcher - The email notifier engine won't be used.
21:23:42.813 [main] INFO  f.i.s.repairnator.pipeline.Launcher - Start by getting the build (buildId: 368325434) with the following config: RepairnatorConfig{runId='5ea16782-d44d-4134-9946-fad8a6d96571_04-18-week3-FAILING_AND_PASSING', launcherMode=BEARS, serializeJson=true, inputPath='null', outputPath='/var/log', mongodbHost='null', mongodbName='repairnator', smtpServer='null', notifyTo=[], notifyEndProcess=false, push=true, pushRemoteRepo='https://github.com/fermadeiral/bears-collection-fp', fork=false, lookFromDate=null, lookToDate=null, buildId=368325434, z3solverPath='./z3_for_linux', workspacePath='./workspace', githubToken='c8a341a903[...]', dockerImageName='null', skipDelete=false, createOutputDir=false, logDirectory='null', nbThreads=0, globalTimeout=0, whiteList=null, blackList=null, jobSleepTime=0, buildSleepTime=0, maxInspectedBuilds=0, duration=null, humanPatch=false, repository='null', clean=true, bearsMode=BOTH, bearsDelimiter = false, repairTools=NopolAllTests,NPEFix,AssertFixer,AstorJGenProg,AstorJKali,NopolSingleTest,AstorJMut,NopolTestExclusionStrategy, githubUserName= fermadeiral, githubUserEmail=fer.madeiral@gmail.com}
21:23:44.290 [main] DEBUG fr.inria.jtravis.helpers.BuildHelper - Get request to :https://api.travis-ci.org/build/368325434 done after 883 ms
21:23:44.535 [main] DEBUG fr.inria.jtravis.helpers.BuildHelper - Get request to :https://api.travis-ci.org/build/368327486 done after 126 ms
21:23:44.552 [main] INFO  f.i.s.repairnator.pipeline.Launcher - The patched build (368327486) was successfully retrieved from Travis.
21:23:45.948 [main] INFO  fr.inria.jtravis.JTravis - GitHub ratelimit: Limit: 5000 Remaining: 4821 Reset hour: 19:40:03
21:23:46.191 [main] INFO  f.i.s.r.p.i.ProjectInspector - ----------------------------------------------------------------------
21:23:46.192 [main] INFO  f.i.s.r.p.i.ProjectInspector - PIPELINE STEPS
21:23:46.192 [main] INFO  f.i.s.r.p.i.ProjectInspector - ----------------------------------------------------------------------
21:23:46.192 [main] INFO  f.i.s.r.p.i.ProjectInspector - CloneRepository
21:23:46.192 [main] INFO  f.i.s.r.p.i.ProjectInspector - CheckoutBuggyBuildCandidate
21:23:46.192 [main] INFO  f.i.s.r.p.i.ProjectInspector - ComputeSourceDir
21:23:46.192 [main] INFO  f.i.s.r.p.i.ProjectInspector - ComputeTestDir
21:23:46.192 [main] INFO  f.i.s.r.p.i.ProjectInspector - BuildProjectBuggyBuildCandidate
21:23:46.193 [main] INFO  f.i.s.r.p.i.ProjectInspector - TestProjectBuggyBuildCandidate
21:23:46.193 [main] INFO  f.i.s.r.p.i.ProjectInspector - GatherTestInformationBuggyBuildCandidate
21:23:46.193 [main] INFO  f.i.s.r.p.i.ProjectInspector - InitRepoToPush
21:23:46.193 [main] INFO  f.i.s.r.p.i.ProjectInspector - ComputeClasspath
21:23:46.193 [main] INFO  f.i.s.r.p.i.ProjectInspector - ComputeModules
21:23:46.193 [main] INFO  f.i.s.r.p.i.ProjectInspector - CheckoutPatchedBuildCandidate
21:23:46.193 [main] INFO  f.i.s.r.p.i.ProjectInspector - BuildProjectPatchedBuildCandidate
21:23:46.193 [main] INFO  f.i.s.r.p.i.ProjectInspector - TestProjectPatchedBuildCandidate
21:23:46.194 [main] INFO  f.i.s.r.p.i.ProjectInspector - GatherTestInformationPatchedBuildCandidate
21:23:46.194 [main] INFO  f.i.s.r.p.i.ProjectInspector - CommitPatch
21:23:46.194 [main] INFO  f.i.s.r.p.i.ProjectInspector - WritePropertyFile
21:23:46.194 [main] INFO  f.i.s.r.p.i.ProjectInspector - CommitProcessEnd
21:23:46.194 [main] INFO  f.i.s.r.p.i.ProjectInspector - PushProcessEnd
21:23:46.194 [main] DEBUG f.i.s.r.process.step.CloneRepository - ----------------------------------------------------------------------
21:23:46.194 [main] DEBUG f.i.s.r.process.step.CloneRepository - STEP 1/18: CloneRepository
21:23:46.195 [main] DEBUG f.i.s.r.process.step.CloneRepository - ----------------------------------------------------------------------
21:23:46.195 [main] DEBUG f.i.s.r.process.step.CloneRepository - Cloning repository junit-team/junit5-samples in the following directory: ./workspace/junit-team/junit5-samples/368325434
21:23:49.026 [main] DEBUG f.i.s.r.process.step.CloneRepository - STEP STATUS: [ CloneRepository : SUCCESS ]
21:23:49.027 [main] DEBUG f.i.s.r.process.step.CloneRepository - STEP DURATION: 2s
21:23:49.028 [main] DEBUG f.i.s.r.process.step.CloneRepository - EXECUTE NEXT STEP
21:23:49.028 [main] DEBUG f.i.s.r.p.s.c.CheckoutBuggyBuild - ----------------------------------------------------------------------
21:23:49.028 [main] DEBUG f.i.s.r.p.s.c.CheckoutBuggyBuild - STEP 2/18: CheckoutBuggyBuildCandidate
21:23:49.029 [main] DEBUG f.i.s.r.p.s.c.CheckoutBuggyBuild - ----------------------------------------------------------------------
21:23:49.029 [main] DEBUG f.i.s.r.p.s.c.CheckoutBuggyBuild - Checking out buggy build candidate...
21:23:49.042 [main] ERROR f.i.s.r.p.s.c.CheckoutBuggyBuild - Error while testing commit: org.eclipse.jgit.errors.MissingObjectException: Missing unknown 25d1ab78a067e27caf672bc6737a085a3d70128f
21:23:49.042 [main] ERROR f.i.s.r.p.s.c.CheckoutBuggyBuild - Error while getting the commit to checkout from the repo.
21:23:49.043 [main] DEBUG f.i.s.r.p.s.c.CheckoutBuggyBuild - STEP STATUS: [ CheckoutBuggyBuildCandidate : FAILURE ( BUILDNOTCHECKEDOUT ) ]
21:23:49.044 [main] DEBUG f.i.s.r.p.s.c.CheckoutBuggyBuild - STEP DURATION: 0s
21:23:49.044 [main] DEBUG f.i.s.r.p.s.c.CheckoutBuggyBuild - TERMINATE PIPELINE
21:23:49.045 [main] DEBUG f.i.s.r.p.s.c.CheckoutBuggyBuild - FINAL STEPS SKIPPED: The reproduction of the bug and/or the patch failed.
21:23:49.045 [main] INFO  f.i.s.r.p.s.c.CheckoutBuggyBuild - Serialize all data for the pair of builds 368325434, 368327486
21:23:49.173 [main] INFO  fr.inria.jtravis.JTravis - GitHub ratelimit: Limit: 5000 Remaining: 4820 Reset hour: 19:40:03
21:23:49.714 [main] INFO  f.i.s.r.p.i.ProjectInspector - ----------------------------------------------------------------------
21:23:49.714 [main] INFO  f.i.s.r.p.i.ProjectInspector - PIPELINE EXECUTION SUMMARY
21:23:49.714 [main] INFO  f.i.s.r.p.i.ProjectInspector - ----------------------------------------------------------------------
21:23:49.714 [main] INFO  f.i.s.r.p.i.ProjectInspector - CloneRepository........................................SUCCESS [ 2 s ]
21:23:49.715 [main] INFO  f.i.s.r.p.i.ProjectInspector - CheckoutBuggyBuildCandidate............................FAILURE [ 0 s ]
21:23:49.715 [main] INFO  f.i.s.r.p.i.ProjectInspector - ComputeSourceDir.......................................NOT RUN        
21:23:49.715 [main] INFO  f.i.s.r.p.i.ProjectInspector - ComputeTestDir.........................................NOT RUN        
21:23:49.715 [main] INFO  f.i.s.r.p.i.ProjectInspector - BuildProjectBuggyBuildCandidate........................NOT RUN        
21:23:49.716 [main] INFO  f.i.s.r.p.i.ProjectInspector - TestProjectBuggyBuildCandidate.........................NOT RUN        
21:23:49.716 [main] INFO  f.i.s.r.p.i.ProjectInspector - GatherTestInformationBuggyBuildCandidate...............NOT RUN        
21:23:49.716 [main] INFO  f.i.s.r.p.i.ProjectInspector - InitRepoToPush.........................................NOT RUN        
21:23:49.716 [main] INFO  f.i.s.r.p.i.ProjectInspector - ComputeClasspath.......................................NOT RUN        
21:23:49.717 [main] INFO  f.i.s.r.p.i.ProjectInspector - ComputeModules.........................................NOT RUN        
21:23:49.717 [main] INFO  f.i.s.r.p.i.ProjectInspector - CheckoutPatchedBuildCandidate..........................NOT RUN        
21:23:49.717 [main] INFO  f.i.s.r.p.i.ProjectInspector - BuildProjectPatchedBuildCandidate......................NOT RUN        
21:23:49.718 [main] INFO  f.i.s.r.p.i.ProjectInspector - TestProjectPatchedBuildCandidate.......................NOT RUN        
21:23:49.719 [main] INFO  f.i.s.r.p.i.ProjectInspector - GatherTestInformationPatchedBuildCandidate.............NOT RUN        
21:23:49.719 [main] INFO  f.i.s.r.p.i.ProjectInspector - CommitPatch............................................NOT RUN        
21:23:49.720 [main] INFO  f.i.s.r.p.i.ProjectInspector - WritePropertyFile......................................NOT RUN        
21:23:49.720 [main] INFO  f.i.s.r.p.i.ProjectInspector - CommitProcessEnd.......................................NOT RUN        
21:23:49.720 [main] INFO  f.i.s.r.p.i.ProjectInspector - PushProcessEnd.........................................NOT RUN        
21:23:49.720 [main] INFO  f.i.s.r.p.i.ProjectInspector - ----------------------------------------------------------------------
21:23:49.721 [main] INFO  f.i.s.r.p.i.ProjectInspector - PIPELINE FINDING: BUILDNOTCHECKEDOUT
21:23:49.721 [main] INFO  f.i.s.r.p.i.ProjectInspector - ----------------------------------------------------------------------
21:23:49.721 [main] INFO  f.i.s.repairnator.pipeline.Launcher - Inspector is finished. The process will exit now.
