20:33:40.168 [main] INFO  f.i.s.repairnator.pipeline.Launcher - PIPELINE VERSION: 3.0-2018-08-09 19:04
20:33:40.389 [main] INFO  f.i.s.repairnator.pipeline.Launcher - The pipeline will try to reproduce a bug from build 367759769 and its corresponding patch from build 367829485
20:33:40.390 [main] INFO  f.i.s.repairnator.pipeline.Launcher - Initialize file serializer engines.
20:33:40.393 [main] INFO  f.i.s.repairnator.pipeline.Launcher - MongoDB won't be used for serialization.
20:33:40.393 [main] INFO  f.i.s.repairnator.pipeline.Launcher - The email notifier engine won't be used.
20:33:40.398 [main] INFO  f.i.s.repairnator.pipeline.Launcher - Start by getting the build (buildId: 367759769) with the following config: RepairnatorConfig{runId='5ea16782-d44d-4134-9946-fad8a6d96571_04-18-week3-FAILING_AND_PASSING', launcherMode=BEARS, serializeJson=true, inputPath='null', outputPath='/var/log', mongodbHost='null', mongodbName='repairnator', smtpServer='null', notifyTo=[], notifyEndProcess=false, push=true, pushRemoteRepo='https://github.com/fermadeiral/bears-collection-fp', fork=false, lookFromDate=null, lookToDate=null, buildId=367759769, z3solverPath='./z3_for_linux', workspacePath='./workspace', githubToken='c8a341a903[...]', dockerImageName='null', skipDelete=false, createOutputDir=false, logDirectory='null', nbThreads=0, globalTimeout=0, whiteList=null, blackList=null, jobSleepTime=0, buildSleepTime=0, maxInspectedBuilds=0, duration=null, humanPatch=false, repository='null', clean=true, bearsMode=BOTH, bearsDelimiter = false, repairTools=NopolAllTests,NPEFix,AssertFixer,AstorJGenProg,AstorJKali,NopolSingleTest,AstorJMut,NopolTestExclusionStrategy, githubUserName= fermadeiral, githubUserEmail=fer.madeiral@gmail.com}
20:33:41.998 [main] DEBUG fr.inria.jtravis.helpers.BuildHelper - Get request to :https://api.travis-ci.org/build/367759769 done after 935 ms
20:33:42.295 [main] DEBUG fr.inria.jtravis.helpers.BuildHelper - Get request to :https://api.travis-ci.org/build/367829485 done after 151 ms
20:33:42.315 [main] INFO  f.i.s.repairnator.pipeline.Launcher - The patched build (367829485) was successfully retrieved from Travis.
20:33:43.635 [main] INFO  fr.inria.jtravis.JTravis - GitHub ratelimit: Limit: 5000 Remaining: 4809 Reset hour: 19:39:59
20:33:43.922 [main] INFO  f.i.s.r.p.i.ProjectInspector - ----------------------------------------------------------------------
20:33:43.923 [main] INFO  f.i.s.r.p.i.ProjectInspector - PIPELINE STEPS
20:33:43.923 [main] INFO  f.i.s.r.p.i.ProjectInspector - ----------------------------------------------------------------------
20:33:43.923 [main] INFO  f.i.s.r.p.i.ProjectInspector - CloneRepository
20:33:43.923 [main] INFO  f.i.s.r.p.i.ProjectInspector - CheckoutBuggyBuildCandidate
20:33:43.924 [main] INFO  f.i.s.r.p.i.ProjectInspector - ComputeSourceDir
20:33:43.924 [main] INFO  f.i.s.r.p.i.ProjectInspector - ComputeTestDir
20:33:43.924 [main] INFO  f.i.s.r.p.i.ProjectInspector - BuildProjectBuggyBuildCandidate
20:33:43.924 [main] INFO  f.i.s.r.p.i.ProjectInspector - TestProjectBuggyBuildCandidate
20:33:43.924 [main] INFO  f.i.s.r.p.i.ProjectInspector - GatherTestInformationBuggyBuildCandidate
20:33:43.924 [main] INFO  f.i.s.r.p.i.ProjectInspector - InitRepoToPush
20:33:43.924 [main] INFO  f.i.s.r.p.i.ProjectInspector - ComputeClasspath
20:33:43.924 [main] INFO  f.i.s.r.p.i.ProjectInspector - ComputeModules
20:33:43.925 [main] INFO  f.i.s.r.p.i.ProjectInspector - CheckoutPatchedBuildCandidate
20:33:43.925 [main] INFO  f.i.s.r.p.i.ProjectInspector - BuildProjectPatchedBuildCandidate
20:33:43.925 [main] INFO  f.i.s.r.p.i.ProjectInspector - TestProjectPatchedBuildCandidate
20:33:43.925 [main] INFO  f.i.s.r.p.i.ProjectInspector - GatherTestInformationPatchedBuildCandidate
20:33:43.925 [main] INFO  f.i.s.r.p.i.ProjectInspector - CommitPatch
20:33:43.925 [main] INFO  f.i.s.r.p.i.ProjectInspector - WritePropertyFile
20:33:43.925 [main] INFO  f.i.s.r.p.i.ProjectInspector - CommitProcessEnd
20:33:43.925 [main] INFO  f.i.s.r.p.i.ProjectInspector - PushProcessEnd
20:33:43.926 [main] DEBUG f.i.s.r.process.step.CloneRepository - ----------------------------------------------------------------------
20:33:43.926 [main] DEBUG f.i.s.r.process.step.CloneRepository - STEP 1/18: CloneRepository
20:33:43.926 [main] DEBUG f.i.s.r.process.step.CloneRepository - ----------------------------------------------------------------------
20:33:43.927 [main] DEBUG f.i.s.r.process.step.CloneRepository - Cloning repository ga4gh/dockstore in the following directory: ./workspace/ga4gh/dockstore/367759769
20:33:53.698 [main] DEBUG f.i.s.r.process.step.CloneRepository - STEP STATUS: [ CloneRepository : SUCCESS ]
20:33:53.699 [main] DEBUG f.i.s.r.process.step.CloneRepository - STEP DURATION: 9s
20:33:53.700 [main] DEBUG f.i.s.r.process.step.CloneRepository - EXECUTE NEXT STEP
20:33:53.700 [main] DEBUG f.i.s.r.p.s.c.CheckoutBuggyBuild - ----------------------------------------------------------------------
20:33:53.701 [main] DEBUG f.i.s.r.p.s.c.CheckoutBuggyBuild - STEP 2/18: CheckoutBuggyBuildCandidate
20:33:53.701 [main] DEBUG f.i.s.r.p.s.c.CheckoutBuggyBuild - ----------------------------------------------------------------------
20:33:53.701 [main] DEBUG f.i.s.r.p.s.c.CheckoutBuggyBuild - Checking out buggy build candidate...
20:33:53.718 [main] ERROR f.i.s.r.p.s.c.CheckoutBuggyBuild - Error while testing commit: org.eclipse.jgit.errors.MissingObjectException: Missing unknown 299ab09c357977582059cafd44d095f659b7ea70
20:33:53.719 [main] ERROR f.i.s.r.p.s.c.CheckoutBuggyBuild - Error while getting the commit to checkout from the repo.
20:33:53.721 [main] DEBUG f.i.s.r.p.s.c.CheckoutBuggyBuild - STEP STATUS: [ CheckoutBuggyBuildCandidate : FAILURE ( BUILDNOTCHECKEDOUT ) ]
20:33:53.721 [main] DEBUG f.i.s.r.p.s.c.CheckoutBuggyBuild - STEP DURATION: 0s
20:33:53.722 [main] DEBUG f.i.s.r.p.s.c.CheckoutBuggyBuild - TERMINATE PIPELINE
20:33:53.722 [main] DEBUG f.i.s.r.p.s.c.CheckoutBuggyBuild - FINAL STEPS SKIPPED: The reproduction of the bug and/or the patch failed.
20:33:53.723 [main] INFO  f.i.s.r.p.s.c.CheckoutBuggyBuild - Serialize all data for the pair of builds 367759769, 367829485
20:33:54.064 [main] INFO  fr.inria.jtravis.JTravis - GitHub ratelimit: Limit: 5000 Remaining: 4808 Reset hour: 19:39:59
20:33:54.748 [main] INFO  f.i.s.r.p.i.ProjectInspector - ----------------------------------------------------------------------
20:33:54.749 [main] INFO  f.i.s.r.p.i.ProjectInspector - PIPELINE EXECUTION SUMMARY
20:33:54.749 [main] INFO  f.i.s.r.p.i.ProjectInspector - ----------------------------------------------------------------------
20:33:54.750 [main] INFO  f.i.s.r.p.i.ProjectInspector - CloneRepository........................................SUCCESS [ 9 s ]
20:33:54.750 [main] INFO  f.i.s.r.p.i.ProjectInspector - CheckoutBuggyBuildCandidate............................FAILURE [ 0 s ]
20:33:54.750 [main] INFO  f.i.s.r.p.i.ProjectInspector - ComputeSourceDir.......................................NOT RUN        
20:33:54.750 [main] INFO  f.i.s.r.p.i.ProjectInspector - ComputeTestDir.........................................NOT RUN        
20:33:54.751 [main] INFO  f.i.s.r.p.i.ProjectInspector - BuildProjectBuggyBuildCandidate........................NOT RUN        
20:33:54.751 [main] INFO  f.i.s.r.p.i.ProjectInspector - TestProjectBuggyBuildCandidate.........................NOT RUN        
20:33:54.751 [main] INFO  f.i.s.r.p.i.ProjectInspector - GatherTestInformationBuggyBuildCandidate...............NOT RUN        
20:33:54.751 [main] INFO  f.i.s.r.p.i.ProjectInspector - InitRepoToPush.........................................NOT RUN        
20:33:54.751 [main] INFO  f.i.s.r.p.i.ProjectInspector - ComputeClasspath.......................................NOT RUN        
20:33:54.752 [main] INFO  f.i.s.r.p.i.ProjectInspector - ComputeModules.........................................NOT RUN        
20:33:54.752 [main] INFO  f.i.s.r.p.i.ProjectInspector - CheckoutPatchedBuildCandidate..........................NOT RUN        
20:33:54.752 [main] INFO  f.i.s.r.p.i.ProjectInspector - BuildProjectPatchedBuildCandidate......................NOT RUN        
20:33:54.753 [main] INFO  f.i.s.r.p.i.ProjectInspector - TestProjectPatchedBuildCandidate.......................NOT RUN        
20:33:54.753 [main] INFO  f.i.s.r.p.i.ProjectInspector - GatherTestInformationPatchedBuildCandidate.............NOT RUN        
20:33:54.753 [main] INFO  f.i.s.r.p.i.ProjectInspector - CommitPatch............................................NOT RUN        
20:33:54.753 [main] INFO  f.i.s.r.p.i.ProjectInspector - WritePropertyFile......................................NOT RUN        
20:33:54.754 [main] INFO  f.i.s.r.p.i.ProjectInspector - CommitProcessEnd.......................................NOT RUN        
20:33:54.754 [main] INFO  f.i.s.r.p.i.ProjectInspector - PushProcessEnd.........................................NOT RUN        
20:33:54.754 [main] INFO  f.i.s.r.p.i.ProjectInspector - ----------------------------------------------------------------------
20:33:54.755 [main] INFO  f.i.s.r.p.i.ProjectInspector - PIPELINE FINDING: BUILDNOTCHECKEDOUT
20:33:54.755 [main] INFO  f.i.s.r.p.i.ProjectInspector - ----------------------------------------------------------------------
20:33:54.755 [main] INFO  f.i.s.repairnator.pipeline.Launcher - Inspector is finished. The process will exit now.
