15:27:23.197 [main] INFO  f.i.s.repairnator.pipeline.Launcher - PIPELINE VERSION: 3.0-2018-08-09 19:04
15:27:23.395 [main] INFO  f.i.s.repairnator.pipeline.Launcher - The pipeline will try to reproduce a bug from build 366786830 and its corresponding patch from build 367066259
15:27:23.396 [main] INFO  f.i.s.repairnator.pipeline.Launcher - Initialize file serializer engines.
15:27:23.397 [main] INFO  f.i.s.repairnator.pipeline.Launcher - MongoDB won't be used for serialization.
15:27:23.398 [main] INFO  f.i.s.repairnator.pipeline.Launcher - The email notifier engine won't be used.
15:27:23.402 [main] INFO  f.i.s.repairnator.pipeline.Launcher - Start by getting the build (buildId: 366786830) with the following config: RepairnatorConfig{runId='5ea16782-d44d-4134-9946-fad8a6d96571_04-18-week3-FAILING_AND_PASSING', launcherMode=BEARS, serializeJson=true, inputPath='null', outputPath='/var/log', mongodbHost='null', mongodbName='repairnator', smtpServer='null', notifyTo=[], notifyEndProcess=false, push=true, pushRemoteRepo='https://github.com/fermadeiral/bears-collection-fp', fork=false, lookFromDate=null, lookToDate=null, buildId=366786830, z3solverPath='./z3_for_linux', workspacePath='./workspace', githubToken='c8a341a903[...]', dockerImageName='null', skipDelete=false, createOutputDir=false, logDirectory='null', nbThreads=0, globalTimeout=0, whiteList=null, blackList=null, jobSleepTime=0, buildSleepTime=0, maxInspectedBuilds=0, duration=null, humanPatch=false, repository='null', clean=true, bearsMode=BOTH, bearsDelimiter = false, repairTools=NopolAllTests,NPEFix,AssertFixer,AstorJGenProg,AstorJKali,NopolSingleTest,AstorJMut,NopolTestExclusionStrategy, githubUserName= fermadeiral, githubUserEmail=fer.madeiral@gmail.com}
15:27:24.927 [main] DEBUG fr.inria.jtravis.helpers.BuildHelper - Get request to :https://api.travis-ci.org/build/366786830 done after 931 ms
15:27:25.296 [main] DEBUG fr.inria.jtravis.helpers.BuildHelper - Get request to :https://api.travis-ci.org/build/367066259 done after 236 ms
15:27:25.319 [main] INFO  f.i.s.repairnator.pipeline.Launcher - The patched build (367066259) was successfully retrieved from Travis.
15:27:26.520 [main] INFO  fr.inria.jtravis.JTravis - GitHub ratelimit: Limit: 5000 Remaining: 4931 Reset hour: 19:39:44
15:27:26.815 [main] INFO  f.i.s.r.p.i.ProjectInspector - ----------------------------------------------------------------------
15:27:26.815 [main] INFO  f.i.s.r.p.i.ProjectInspector - PIPELINE STEPS
15:27:26.815 [main] INFO  f.i.s.r.p.i.ProjectInspector - ----------------------------------------------------------------------
15:27:26.815 [main] INFO  f.i.s.r.p.i.ProjectInspector - CloneRepository
15:27:26.815 [main] INFO  f.i.s.r.p.i.ProjectInspector - CheckoutBuggyBuildCandidate
15:27:26.816 [main] INFO  f.i.s.r.p.i.ProjectInspector - ComputeSourceDir
15:27:26.816 [main] INFO  f.i.s.r.p.i.ProjectInspector - ComputeTestDir
15:27:26.816 [main] INFO  f.i.s.r.p.i.ProjectInspector - BuildProjectBuggyBuildCandidate
15:27:26.816 [main] INFO  f.i.s.r.p.i.ProjectInspector - TestProjectBuggyBuildCandidate
15:27:26.816 [main] INFO  f.i.s.r.p.i.ProjectInspector - GatherTestInformationBuggyBuildCandidate
15:27:26.816 [main] INFO  f.i.s.r.p.i.ProjectInspector - InitRepoToPush
15:27:26.816 [main] INFO  f.i.s.r.p.i.ProjectInspector - ComputeClasspath
15:27:26.816 [main] INFO  f.i.s.r.p.i.ProjectInspector - ComputeModules
15:27:26.817 [main] INFO  f.i.s.r.p.i.ProjectInspector - CheckoutPatchedBuildCandidate
15:27:26.817 [main] INFO  f.i.s.r.p.i.ProjectInspector - BuildProjectPatchedBuildCandidate
15:27:26.817 [main] INFO  f.i.s.r.p.i.ProjectInspector - TestProjectPatchedBuildCandidate
15:27:26.817 [main] INFO  f.i.s.r.p.i.ProjectInspector - GatherTestInformationPatchedBuildCandidate
15:27:26.817 [main] INFO  f.i.s.r.p.i.ProjectInspector - CommitPatch
15:27:26.817 [main] INFO  f.i.s.r.p.i.ProjectInspector - WritePropertyFile
15:27:26.817 [main] INFO  f.i.s.r.p.i.ProjectInspector - CommitProcessEnd
15:27:26.817 [main] INFO  f.i.s.r.p.i.ProjectInspector - PushProcessEnd
15:27:26.818 [main] DEBUG f.i.s.r.process.step.CloneRepository - ----------------------------------------------------------------------
15:27:26.818 [main] DEBUG f.i.s.r.process.step.CloneRepository - STEP 1/18: CloneRepository
15:27:26.818 [main] DEBUG f.i.s.r.process.step.CloneRepository - ----------------------------------------------------------------------
15:27:26.818 [main] DEBUG f.i.s.r.process.step.CloneRepository - Cloning repository apache/flink in the following directory: ./workspace/apache/flink/366786830
15:28:29.536 [main] DEBUG f.i.s.r.process.step.CloneRepository - STEP STATUS: [ CloneRepository : SUCCESS ]
15:28:29.536 [main] DEBUG f.i.s.r.process.step.CloneRepository - STEP DURATION: 62s
15:28:29.536 [main] DEBUG f.i.s.r.process.step.CloneRepository - EXECUTE NEXT STEP
15:28:29.537 [main] DEBUG f.i.s.r.p.s.c.CheckoutBuggyBuild - ----------------------------------------------------------------------
15:28:29.537 [main] DEBUG f.i.s.r.p.s.c.CheckoutBuggyBuild - STEP 2/18: CheckoutBuggyBuildCandidate
15:28:29.537 [main] DEBUG f.i.s.r.p.s.c.CheckoutBuggyBuild - ----------------------------------------------------------------------
15:28:29.537 [main] DEBUG f.i.s.r.p.s.c.CheckoutBuggyBuild - Checking out buggy build candidate...
15:28:29.901 [main] INFO  fr.inria.jtravis.JTravis - GitHub ratelimit: Limit: 5000 Remaining: 4930 Reset hour: 19:39:44
15:28:33.226 [main] DEBUG f.i.s.r.p.s.c.CheckoutBuggyBuild - Reproduce the PR for apache/flink by fetching remote branch and merging.
15:28:38.527 [main] ERROR f.i.s.r.p.s.c.CheckoutBuggyBuild - Error while testing commit: org.eclipse.jgit.errors.MissingObjectException: Missing unknown 729bfec9d4aafb66515ab3d8919e365e0bf45fad
15:28:38.529 [main] ERROR f.i.s.r.p.s.c.CheckoutBuggyBuild - Commit head ref cannot be retrieved from the repository: 729bfec9d4aafb66515ab3d8919e365e0bf45fad. Operation aborted.
15:28:38.529 [main] ERROR f.i.s.r.p.s.c.CheckoutBuggyBuild - Error while merging two commits to reproduce the PR.
15:28:38.530 [main] DEBUG f.i.s.r.p.s.c.CheckoutBuggyBuild - STEP STATUS: [ CheckoutBuggyBuildCandidate : FAILURE ( BUILDNOTCHECKEDOUT ) ]
15:28:38.530 [main] DEBUG f.i.s.r.p.s.c.CheckoutBuggyBuild - STEP DURATION: 8s
15:28:38.530 [main] DEBUG f.i.s.r.p.s.c.CheckoutBuggyBuild - TERMINATE PIPELINE
15:28:38.531 [main] DEBUG f.i.s.r.p.s.c.CheckoutBuggyBuild - FINAL STEPS SKIPPED: The reproduction of the bug and/or the patch failed.
15:28:38.531 [main] INFO  f.i.s.r.p.s.c.CheckoutBuggyBuild - Serialize all data for the pair of builds 366786830, 367066259
15:28:38.861 [main] INFO  fr.inria.jtravis.JTravis - GitHub ratelimit: Limit: 5000 Remaining: 4923 Reset hour: 19:39:44
15:28:40.715 [main] INFO  f.i.s.r.p.i.ProjectInspector - ----------------------------------------------------------------------
15:28:40.715 [main] INFO  f.i.s.r.p.i.ProjectInspector - PIPELINE EXECUTION SUMMARY
15:28:40.715 [main] INFO  f.i.s.r.p.i.ProjectInspector - ----------------------------------------------------------------------
15:28:40.716 [main] INFO  f.i.s.r.p.i.ProjectInspector - CloneRepository.......................................SUCCESS [ 62 s ]
15:28:40.716 [main] INFO  f.i.s.r.p.i.ProjectInspector - CheckoutBuggyBuildCandidate...........................FAILURE [  8 s ]
15:28:40.716 [main] INFO  f.i.s.r.p.i.ProjectInspector - ComputeSourceDir......................................NOT RUN         
15:28:40.716 [main] INFO  f.i.s.r.p.i.ProjectInspector - ComputeTestDir........................................NOT RUN         
15:28:40.717 [main] INFO  f.i.s.r.p.i.ProjectInspector - BuildProjectBuggyBuildCandidate.......................NOT RUN         
15:28:40.717 [main] INFO  f.i.s.r.p.i.ProjectInspector - TestProjectBuggyBuildCandidate........................NOT RUN         
15:28:40.717 [main] INFO  f.i.s.r.p.i.ProjectInspector - GatherTestInformationBuggyBuildCandidate..............NOT RUN         
15:28:40.717 [main] INFO  f.i.s.r.p.i.ProjectInspector - InitRepoToPush........................................NOT RUN         
15:28:40.718 [main] INFO  f.i.s.r.p.i.ProjectInspector - ComputeClasspath......................................NOT RUN         
15:28:40.718 [main] INFO  f.i.s.r.p.i.ProjectInspector - ComputeModules........................................NOT RUN         
15:28:40.719 [main] INFO  f.i.s.r.p.i.ProjectInspector - CheckoutPatchedBuildCandidate.........................NOT RUN         
15:28:40.719 [main] INFO  f.i.s.r.p.i.ProjectInspector - BuildProjectPatchedBuildCandidate.....................NOT RUN         
15:28:40.719 [main] INFO  f.i.s.r.p.i.ProjectInspector - TestProjectPatchedBuildCandidate......................NOT RUN         
15:28:40.719 [main] INFO  f.i.s.r.p.i.ProjectInspector - GatherTestInformationPatchedBuildCandidate............NOT RUN         
15:28:40.719 [main] INFO  f.i.s.r.p.i.ProjectInspector - CommitPatch...........................................NOT RUN         
15:28:40.719 [main] INFO  f.i.s.r.p.i.ProjectInspector - WritePropertyFile.....................................NOT RUN         
15:28:40.720 [main] INFO  f.i.s.r.p.i.ProjectInspector - CommitProcessEnd......................................NOT RUN         
15:28:40.720 [main] INFO  f.i.s.r.p.i.ProjectInspector - PushProcessEnd........................................NOT RUN         
15:28:40.720 [main] INFO  f.i.s.r.p.i.ProjectInspector - ----------------------------------------------------------------------
15:28:40.720 [main] INFO  f.i.s.r.p.i.ProjectInspector - PIPELINE FINDING: BUILDNOTCHECKEDOUT
15:28:40.720 [main] INFO  f.i.s.r.p.i.ProjectInspector - ----------------------------------------------------------------------
15:28:40.720 [main] INFO  f.i.s.repairnator.pipeline.Launcher - Inspector is finished. The process will exit now.
