21:10:05.342 [main] INFO  f.i.s.repairnator.pipeline.Launcher - PIPELINE VERSION: 3.0-2018-08-09 19:04
21:10:05.472 [main] INFO  f.i.s.repairnator.pipeline.Launcher - The pipeline will try to reproduce a bug from build 367585794 and its corresponding patch from build 367595638
21:10:05.472 [main] INFO  f.i.s.repairnator.pipeline.Launcher - Initialize file serializer engines.
21:10:05.473 [main] INFO  f.i.s.repairnator.pipeline.Launcher - MongoDB won't be used for serialization.
21:10:05.474 [main] INFO  f.i.s.repairnator.pipeline.Launcher - The email notifier engine won't be used.
21:10:05.476 [main] INFO  f.i.s.repairnator.pipeline.Launcher - Start by getting the build (buildId: 367585794) with the following config: RepairnatorConfig{runId='5ea16782-d44d-4134-9946-fad8a6d96571_04-18-week3-FAILING_AND_PASSING', launcherMode=BEARS, serializeJson=true, inputPath='null', outputPath='/var/log', mongodbHost='null', mongodbName='repairnator', smtpServer='null', notifyTo=[], notifyEndProcess=false, push=true, pushRemoteRepo='https://github.com/fermadeiral/bears-collection-fp', fork=false, lookFromDate=null, lookToDate=null, buildId=367585794, z3solverPath='./z3_for_linux', workspacePath='./workspace', githubToken='c8a341a903[...]', dockerImageName='null', skipDelete=false, createOutputDir=false, logDirectory='null', nbThreads=0, globalTimeout=0, whiteList=null, blackList=null, jobSleepTime=0, buildSleepTime=0, maxInspectedBuilds=0, duration=null, humanPatch=false, repository='null', clean=true, bearsMode=BOTH, bearsDelimiter = false, repairTools=NopolAllTests,NPEFix,AssertFixer,AstorJGenProg,AstorJKali,NopolSingleTest,AstorJMut,NopolTestExclusionStrategy, githubUserName= fermadeiral, githubUserEmail=fer.madeiral@gmail.com}
21:10:06.700 [main] DEBUG fr.inria.jtravis.helpers.BuildHelper - Get request to :https://api.travis-ci.org/build/367585794 done after 835 ms
21:10:06.926 [main] DEBUG fr.inria.jtravis.helpers.BuildHelper - Get request to :https://api.travis-ci.org/build/367595638 done after 140 ms
21:10:06.947 [main] INFO  f.i.s.repairnator.pipeline.Launcher - The patched build (367595638) was successfully retrieved from Travis.
21:10:08.093 [main] INFO  fr.inria.jtravis.JTravis - GitHub ratelimit: Limit: 5000 Remaining: 4874 Reset hour: 19:40:03
21:10:08.394 [main] INFO  f.i.s.r.p.i.ProjectInspector - ----------------------------------------------------------------------
21:10:08.395 [main] INFO  f.i.s.r.p.i.ProjectInspector - PIPELINE STEPS
21:10:08.395 [main] INFO  f.i.s.r.p.i.ProjectInspector - ----------------------------------------------------------------------
21:10:08.396 [main] INFO  f.i.s.r.p.i.ProjectInspector - CloneRepository
21:10:08.396 [main] INFO  f.i.s.r.p.i.ProjectInspector - CheckoutBuggyBuildCandidate
21:10:08.396 [main] INFO  f.i.s.r.p.i.ProjectInspector - ComputeSourceDir
21:10:08.396 [main] INFO  f.i.s.r.p.i.ProjectInspector - ComputeTestDir
21:10:08.397 [main] INFO  f.i.s.r.p.i.ProjectInspector - BuildProjectBuggyBuildCandidate
21:10:08.397 [main] INFO  f.i.s.r.p.i.ProjectInspector - TestProjectBuggyBuildCandidate
21:10:08.397 [main] INFO  f.i.s.r.p.i.ProjectInspector - GatherTestInformationBuggyBuildCandidate
21:10:08.397 [main] INFO  f.i.s.r.p.i.ProjectInspector - InitRepoToPush
21:10:08.398 [main] INFO  f.i.s.r.p.i.ProjectInspector - ComputeClasspath
21:10:08.398 [main] INFO  f.i.s.r.p.i.ProjectInspector - ComputeModules
21:10:08.398 [main] INFO  f.i.s.r.p.i.ProjectInspector - CheckoutPatchedBuildCandidate
21:10:08.398 [main] INFO  f.i.s.r.p.i.ProjectInspector - BuildProjectPatchedBuildCandidate
21:10:08.399 [main] INFO  f.i.s.r.p.i.ProjectInspector - TestProjectPatchedBuildCandidate
21:10:08.399 [main] INFO  f.i.s.r.p.i.ProjectInspector - GatherTestInformationPatchedBuildCandidate
21:10:08.399 [main] INFO  f.i.s.r.p.i.ProjectInspector - CommitPatch
21:10:08.399 [main] INFO  f.i.s.r.p.i.ProjectInspector - WritePropertyFile
21:10:08.399 [main] INFO  f.i.s.r.p.i.ProjectInspector - CommitProcessEnd
21:10:08.400 [main] INFO  f.i.s.r.p.i.ProjectInspector - PushProcessEnd
21:10:08.400 [main] DEBUG f.i.s.r.process.step.CloneRepository - ----------------------------------------------------------------------
21:10:08.401 [main] DEBUG f.i.s.r.process.step.CloneRepository - STEP 1/18: CloneRepository
21:10:08.401 [main] DEBUG f.i.s.r.process.step.CloneRepository - ----------------------------------------------------------------------
21:10:08.402 [main] DEBUG f.i.s.r.process.step.CloneRepository - Cloning repository geoserver/geoserver in the following directory: ./workspace/geoserver/geoserver/367585794
21:11:07.053 [main] DEBUG f.i.s.r.process.step.CloneRepository - STEP STATUS: [ CloneRepository : SUCCESS ]
21:11:07.054 [main] DEBUG f.i.s.r.process.step.CloneRepository - STEP DURATION: 58s
21:11:07.054 [main] DEBUG f.i.s.r.process.step.CloneRepository - EXECUTE NEXT STEP
21:11:07.055 [main] DEBUG f.i.s.r.p.s.c.CheckoutBuggyBuild - ----------------------------------------------------------------------
21:11:07.055 [main] DEBUG f.i.s.r.p.s.c.CheckoutBuggyBuild - STEP 2/18: CheckoutBuggyBuildCandidate
21:11:07.055 [main] DEBUG f.i.s.r.p.s.c.CheckoutBuggyBuild - ----------------------------------------------------------------------
21:11:07.055 [main] DEBUG f.i.s.r.p.s.c.CheckoutBuggyBuild - Checking out buggy build candidate...
21:11:07.402 [main] INFO  fr.inria.jtravis.JTravis - GitHub ratelimit: Limit: 5000 Remaining: 4869 Reset hour: 19:40:03
21:11:10.102 [main] DEBUG f.i.s.r.p.s.c.CheckoutBuggyBuild - Reproduce the PR for geoserver/geoserver by fetching remote branch and merging.
21:11:15.367 [main] ERROR f.i.s.r.p.s.c.CheckoutBuggyBuild - Error while testing commit: org.eclipse.jgit.errors.MissingObjectException: Missing unknown 656ef828ba799d918616899dea3607211a538c1b
21:11:15.368 [main] ERROR f.i.s.r.p.s.c.CheckoutBuggyBuild - Commit head ref cannot be retrieved from the repository: 656ef828ba799d918616899dea3607211a538c1b. Operation aborted.
21:11:15.369 [main] ERROR f.i.s.r.p.s.c.CheckoutBuggyBuild - Error while merging two commits to reproduce the PR.
21:11:15.372 [main] DEBUG f.i.s.r.p.s.c.CheckoutBuggyBuild - STEP STATUS: [ CheckoutBuggyBuildCandidate : FAILURE ( BUILDNOTCHECKEDOUT ) ]
21:11:15.373 [main] DEBUG f.i.s.r.p.s.c.CheckoutBuggyBuild - STEP DURATION: 8s
21:11:15.376 [main] DEBUG f.i.s.r.p.s.c.CheckoutBuggyBuild - TERMINATE PIPELINE
21:11:15.379 [main] DEBUG f.i.s.r.p.s.c.CheckoutBuggyBuild - FINAL STEPS SKIPPED: The reproduction of the bug and/or the patch failed.
21:11:15.380 [main] INFO  f.i.s.r.p.s.c.CheckoutBuggyBuild - Serialize all data for the pair of builds 367585794, 367595638
21:11:15.726 [main] INFO  fr.inria.jtravis.JTravis - GitHub ratelimit: Limit: 5000 Remaining: 4862 Reset hour: 19:40:03
21:11:18.664 [main] INFO  f.i.s.r.p.i.ProjectInspector - ----------------------------------------------------------------------
21:11:18.665 [main] INFO  f.i.s.r.p.i.ProjectInspector - PIPELINE EXECUTION SUMMARY
21:11:18.665 [main] INFO  f.i.s.r.p.i.ProjectInspector - ----------------------------------------------------------------------
21:11:18.666 [main] INFO  f.i.s.r.p.i.ProjectInspector - CloneRepository.......................................SUCCESS [ 58 s ]
21:11:18.666 [main] INFO  f.i.s.r.p.i.ProjectInspector - CheckoutBuggyBuildCandidate...........................FAILURE [  8 s ]
21:11:18.667 [main] INFO  f.i.s.r.p.i.ProjectInspector - ComputeSourceDir......................................NOT RUN         
21:11:18.667 [main] INFO  f.i.s.r.p.i.ProjectInspector - ComputeTestDir........................................NOT RUN         
21:11:18.667 [main] INFO  f.i.s.r.p.i.ProjectInspector - BuildProjectBuggyBuildCandidate.......................NOT RUN         
21:11:18.668 [main] INFO  f.i.s.r.p.i.ProjectInspector - TestProjectBuggyBuildCandidate........................NOT RUN         
21:11:18.668 [main] INFO  f.i.s.r.p.i.ProjectInspector - GatherTestInformationBuggyBuildCandidate..............NOT RUN         
21:11:18.668 [main] INFO  f.i.s.r.p.i.ProjectInspector - InitRepoToPush........................................NOT RUN         
21:11:18.669 [main] INFO  f.i.s.r.p.i.ProjectInspector - ComputeClasspath......................................NOT RUN         
21:11:18.669 [main] INFO  f.i.s.r.p.i.ProjectInspector - ComputeModules........................................NOT RUN         
21:11:18.670 [main] INFO  f.i.s.r.p.i.ProjectInspector - CheckoutPatchedBuildCandidate.........................NOT RUN         
21:11:18.670 [main] INFO  f.i.s.r.p.i.ProjectInspector - BuildProjectPatchedBuildCandidate.....................NOT RUN         
21:11:18.670 [main] INFO  f.i.s.r.p.i.ProjectInspector - TestProjectPatchedBuildCandidate......................NOT RUN         
21:11:18.671 [main] INFO  f.i.s.r.p.i.ProjectInspector - GatherTestInformationPatchedBuildCandidate............NOT RUN         
21:11:18.671 [main] INFO  f.i.s.r.p.i.ProjectInspector - CommitPatch...........................................NOT RUN         
21:11:18.671 [main] INFO  f.i.s.r.p.i.ProjectInspector - WritePropertyFile.....................................NOT RUN         
21:11:18.672 [main] INFO  f.i.s.r.p.i.ProjectInspector - CommitProcessEnd......................................NOT RUN         
21:11:18.672 [main] INFO  f.i.s.r.p.i.ProjectInspector - PushProcessEnd........................................NOT RUN         
21:11:18.672 [main] INFO  f.i.s.r.p.i.ProjectInspector - ----------------------------------------------------------------------
21:11:18.673 [main] INFO  f.i.s.r.p.i.ProjectInspector - PIPELINE FINDING: BUILDNOTCHECKEDOUT
21:11:18.673 [main] INFO  f.i.s.r.p.i.ProjectInspector - ----------------------------------------------------------------------
21:11:18.673 [main] INFO  f.i.s.repairnator.pipeline.Launcher - Inspector is finished. The process will exit now.
