16:02:45.059 [main] INFO  f.i.s.repairnator.pipeline.Launcher - PIPELINE VERSION: 3.0-2018-08-09 19:04
16:02:45.194 [main] INFO  f.i.s.repairnator.pipeline.Launcher - The pipeline will try to reproduce a bug from build 369288337 and its corresponding patch from build 369290483
16:02:45.194 [main] INFO  f.i.s.repairnator.pipeline.Launcher - Initialize file serializer engines.
16:02:45.196 [main] INFO  f.i.s.repairnator.pipeline.Launcher - MongoDB won't be used for serialization.
16:02:45.196 [main] INFO  f.i.s.repairnator.pipeline.Launcher - The email notifier engine won't be used.
16:02:45.199 [main] INFO  f.i.s.repairnator.pipeline.Launcher - Start by getting the build (buildId: 369288337) with the following config: RepairnatorConfig{runId='5ea16782-d44d-4134-9946-fad8a6d96571_04-18-week3-FAILING_AND_PASSING', launcherMode=BEARS, serializeJson=true, inputPath='null', outputPath='/var/log', mongodbHost='null', mongodbName='repairnator', smtpServer='null', notifyTo=[], notifyEndProcess=false, push=true, pushRemoteRepo='https://github.com/fermadeiral/bears-collection-fp', fork=false, lookFromDate=null, lookToDate=null, buildId=369288337, z3solverPath='./z3_for_linux', workspacePath='./workspace', githubToken='c8a341a903[...]', dockerImageName='null', skipDelete=false, createOutputDir=false, logDirectory='null', nbThreads=0, globalTimeout=0, whiteList=null, blackList=null, jobSleepTime=0, buildSleepTime=0, maxInspectedBuilds=0, duration=null, humanPatch=false, repository='null', clean=true, bearsMode=BOTH, bearsDelimiter = false, repairTools=NopolAllTests,NPEFix,AssertFixer,AstorJGenProg,AstorJKali,NopolSingleTest,AstorJMut,NopolTestExclusionStrategy, githubUserName= fermadeiral, githubUserEmail=fer.madeiral@gmail.com}
16:02:46.407 [main] DEBUG fr.inria.jtravis.helpers.BuildHelper - Get request to :https://api.travis-ci.org/build/369288337 done after 802 ms
16:02:46.672 [main] DEBUG fr.inria.jtravis.helpers.BuildHelper - Get request to :https://api.travis-ci.org/build/369290483 done after 177 ms
16:02:46.685 [main] INFO  f.i.s.repairnator.pipeline.Launcher - The patched build (369290483) was successfully retrieved from Travis.
16:02:47.717 [main] INFO  fr.inria.jtravis.JTravis - GitHub ratelimit: Limit: 5000 Remaining: 4836 Reset hour: 19:39:44
16:02:48.093 [main] INFO  f.i.s.r.p.i.ProjectInspector - ----------------------------------------------------------------------
16:02:48.094 [main] INFO  f.i.s.r.p.i.ProjectInspector - PIPELINE STEPS
16:02:48.094 [main] INFO  f.i.s.r.p.i.ProjectInspector - ----------------------------------------------------------------------
16:02:48.095 [main] INFO  f.i.s.r.p.i.ProjectInspector - CloneRepository
16:02:48.095 [main] INFO  f.i.s.r.p.i.ProjectInspector - CheckoutBuggyBuildCandidate
16:02:48.095 [main] INFO  f.i.s.r.p.i.ProjectInspector - ComputeSourceDir
16:02:48.095 [main] INFO  f.i.s.r.p.i.ProjectInspector - ComputeTestDir
16:02:48.096 [main] INFO  f.i.s.r.p.i.ProjectInspector - BuildProjectBuggyBuildCandidate
16:02:48.096 [main] INFO  f.i.s.r.p.i.ProjectInspector - TestProjectBuggyBuildCandidate
16:02:48.096 [main] INFO  f.i.s.r.p.i.ProjectInspector - GatherTestInformationBuggyBuildCandidate
16:02:48.096 [main] INFO  f.i.s.r.p.i.ProjectInspector - InitRepoToPush
16:02:48.097 [main] INFO  f.i.s.r.p.i.ProjectInspector - ComputeClasspath
16:02:48.097 [main] INFO  f.i.s.r.p.i.ProjectInspector - ComputeModules
16:02:48.097 [main] INFO  f.i.s.r.p.i.ProjectInspector - CheckoutPatchedBuildCandidate
16:02:48.098 [main] INFO  f.i.s.r.p.i.ProjectInspector - BuildProjectPatchedBuildCandidate
16:02:48.098 [main] INFO  f.i.s.r.p.i.ProjectInspector - TestProjectPatchedBuildCandidate
16:02:48.098 [main] INFO  f.i.s.r.p.i.ProjectInspector - GatherTestInformationPatchedBuildCandidate
16:02:48.098 [main] INFO  f.i.s.r.p.i.ProjectInspector - CommitPatch
16:02:48.099 [main] INFO  f.i.s.r.p.i.ProjectInspector - WritePropertyFile
16:02:48.099 [main] INFO  f.i.s.r.p.i.ProjectInspector - CommitProcessEnd
16:02:48.099 [main] INFO  f.i.s.r.p.i.ProjectInspector - PushProcessEnd
16:02:48.100 [main] DEBUG f.i.s.r.process.step.CloneRepository - ----------------------------------------------------------------------
16:02:48.100 [main] DEBUG f.i.s.r.process.step.CloneRepository - STEP 1/18: CloneRepository
16:02:48.100 [main] DEBUG f.i.s.r.process.step.CloneRepository - ----------------------------------------------------------------------
16:02:48.101 [main] DEBUG f.i.s.r.process.step.CloneRepository - Cloning repository prestodb/presto in the following directory: ./workspace/prestodb/presto/369288337
16:03:30.310 [main] DEBUG f.i.s.r.process.step.CloneRepository - STEP STATUS: [ CloneRepository : SUCCESS ]
16:03:30.310 [main] DEBUG f.i.s.r.process.step.CloneRepository - STEP DURATION: 42s
16:03:30.310 [main] DEBUG f.i.s.r.process.step.CloneRepository - EXECUTE NEXT STEP
16:03:30.311 [main] DEBUG f.i.s.r.p.s.c.CheckoutBuggyBuild - ----------------------------------------------------------------------
16:03:30.311 [main] DEBUG f.i.s.r.p.s.c.CheckoutBuggyBuild - STEP 2/18: CheckoutBuggyBuildCandidate
16:03:30.311 [main] DEBUG f.i.s.r.p.s.c.CheckoutBuggyBuild - ----------------------------------------------------------------------
16:03:30.312 [main] DEBUG f.i.s.r.p.s.c.CheckoutBuggyBuild - Checking out buggy build candidate...
16:03:31.031 [main] INFO  fr.inria.jtravis.JTravis - GitHub ratelimit: Limit: 5000 Remaining: 4824 Reset hour: 19:39:44
16:03:33.415 [main] DEBUG f.i.s.r.p.s.c.CheckoutBuggyBuild - Reproduce the PR for prestodb/presto by fetching remote branch and merging.
16:03:36.611 [main] ERROR f.i.s.r.p.s.c.CheckoutBuggyBuild - Error while testing commit: org.eclipse.jgit.errors.MissingObjectException: Missing unknown 8f62312c9eecc869e32b94b252078b58766888fe
16:03:36.612 [main] ERROR f.i.s.r.p.s.c.CheckoutBuggyBuild - Commit head ref cannot be retrieved from the repository: 8f62312c9eecc869e32b94b252078b58766888fe. Operation aborted.
16:03:36.613 [main] ERROR f.i.s.r.p.s.c.CheckoutBuggyBuild - Error while merging two commits to reproduce the PR.
16:03:36.614 [main] DEBUG f.i.s.r.p.s.c.CheckoutBuggyBuild - STEP STATUS: [ CheckoutBuggyBuildCandidate : FAILURE ( BUILDNOTCHECKEDOUT ) ]
16:03:36.614 [main] DEBUG f.i.s.r.p.s.c.CheckoutBuggyBuild - STEP DURATION: 6s
16:03:36.615 [main] DEBUG f.i.s.r.p.s.c.CheckoutBuggyBuild - TERMINATE PIPELINE
16:03:36.615 [main] DEBUG f.i.s.r.p.s.c.CheckoutBuggyBuild - FINAL STEPS SKIPPED: The reproduction of the bug and/or the patch failed.
16:03:36.616 [main] INFO  f.i.s.r.p.s.c.CheckoutBuggyBuild - Serialize all data for the pair of builds 369288337, 369290483
16:03:36.744 [main] INFO  fr.inria.jtravis.JTravis - GitHub ratelimit: Limit: 5000 Remaining: 4817 Reset hour: 19:39:44
16:03:38.044 [main] INFO  f.i.s.r.p.i.ProjectInspector - ----------------------------------------------------------------------
16:03:38.045 [main] INFO  f.i.s.r.p.i.ProjectInspector - PIPELINE EXECUTION SUMMARY
16:03:38.045 [main] INFO  f.i.s.r.p.i.ProjectInspector - ----------------------------------------------------------------------
16:03:38.045 [main] INFO  f.i.s.r.p.i.ProjectInspector - CloneRepository.......................................SUCCESS [ 42 s ]
16:03:38.046 [main] INFO  f.i.s.r.p.i.ProjectInspector - CheckoutBuggyBuildCandidate...........................FAILURE [  6 s ]
16:03:38.046 [main] INFO  f.i.s.r.p.i.ProjectInspector - ComputeSourceDir......................................NOT RUN         
16:03:38.046 [main] INFO  f.i.s.r.p.i.ProjectInspector - ComputeTestDir........................................NOT RUN         
16:03:38.046 [main] INFO  f.i.s.r.p.i.ProjectInspector - BuildProjectBuggyBuildCandidate.......................NOT RUN         
16:03:38.046 [main] INFO  f.i.s.r.p.i.ProjectInspector - TestProjectBuggyBuildCandidate........................NOT RUN         
16:03:38.047 [main] INFO  f.i.s.r.p.i.ProjectInspector - GatherTestInformationBuggyBuildCandidate..............NOT RUN         
16:03:38.047 [main] INFO  f.i.s.r.p.i.ProjectInspector - InitRepoToPush........................................NOT RUN         
16:03:38.047 [main] INFO  f.i.s.r.p.i.ProjectInspector - ComputeClasspath......................................NOT RUN         
16:03:38.047 [main] INFO  f.i.s.r.p.i.ProjectInspector - ComputeModules........................................NOT RUN         
16:03:38.047 [main] INFO  f.i.s.r.p.i.ProjectInspector - CheckoutPatchedBuildCandidate.........................NOT RUN         
16:03:38.047 [main] INFO  f.i.s.r.p.i.ProjectInspector - BuildProjectPatchedBuildCandidate.....................NOT RUN         
16:03:38.047 [main] INFO  f.i.s.r.p.i.ProjectInspector - TestProjectPatchedBuildCandidate......................NOT RUN         
16:03:38.048 [main] INFO  f.i.s.r.p.i.ProjectInspector - GatherTestInformationPatchedBuildCandidate............NOT RUN         
16:03:38.048 [main] INFO  f.i.s.r.p.i.ProjectInspector - CommitPatch...........................................NOT RUN         
16:03:38.048 [main] INFO  f.i.s.r.p.i.ProjectInspector - WritePropertyFile.....................................NOT RUN         
16:03:38.048 [main] INFO  f.i.s.r.p.i.ProjectInspector - CommitProcessEnd......................................NOT RUN         
16:03:38.048 [main] INFO  f.i.s.r.p.i.ProjectInspector - PushProcessEnd........................................NOT RUN         
16:03:38.048 [main] INFO  f.i.s.r.p.i.ProjectInspector - ----------------------------------------------------------------------
16:03:38.049 [main] INFO  f.i.s.r.p.i.ProjectInspector - PIPELINE FINDING: BUILDNOTCHECKEDOUT
16:03:38.049 [main] INFO  f.i.s.r.p.i.ProjectInspector - ----------------------------------------------------------------------
16:03:38.049 [main] INFO  f.i.s.repairnator.pipeline.Launcher - Inspector is finished. The process will exit now.
