19:17:27.469 [main] INFO  f.i.s.repairnator.pipeline.Launcher - PIPELINE VERSION: 3.0-2018-08-09 19:04
19:17:27.583 [main] INFO  f.i.s.repairnator.pipeline.Launcher - The pipeline will try to reproduce a bug from build 351073755 and its corresponding patch from build 351076603
19:17:27.584 [main] INFO  f.i.s.repairnator.pipeline.Launcher - Initialize file serializer engines.
19:17:27.585 [main] INFO  f.i.s.repairnator.pipeline.Launcher - MongoDB won't be used for serialization.
19:17:27.586 [main] INFO  f.i.s.repairnator.pipeline.Launcher - The email notifier engine won't be used.
19:17:27.588 [main] INFO  f.i.s.repairnator.pipeline.Launcher - Start by getting the build (buildId: 351073755) with the following config: RepairnatorConfig{runId='9575d8af-9671-4a9d-853f-fad6e89e933b_03-18-week2-FAILING_AND_PASSING', launcherMode=BEARS, serializeJson=true, inputPath='null', outputPath='/var/log', mongodbHost='null', mongodbName='repairnator', smtpServer='null', notifyTo=[], notifyEndProcess=false, push=true, pushRemoteRepo='https://github.com/fermadeiral/bears-collection-fp', fork=false, lookFromDate=null, lookToDate=null, buildId=351073755, z3solverPath='./z3_for_linux', workspacePath='./workspace', githubToken='c8a341a903[...]', dockerImageName='null', skipDelete=false, createOutputDir=false, logDirectory='null', nbThreads=0, globalTimeout=0, whiteList=null, blackList=null, jobSleepTime=0, buildSleepTime=0, maxInspectedBuilds=0, duration=null, humanPatch=false, repository='null', clean=true, bearsMode=BOTH, bearsDelimiter = false, repairTools=NopolAllTests,NPEFix,AssertFixer,AstorJGenProg,AstorJKali,NopolSingleTest,AstorJMut,NopolTestExclusionStrategy, githubUserName= fermadeiral, githubUserEmail=fer.madeiral@gmail.com}
19:17:28.747 [main] DEBUG fr.inria.jtravis.helpers.BuildHelper - Get request to :https://api.travis-ci.org/build/351073755 done after 761 ms
19:17:28.977 [main] DEBUG fr.inria.jtravis.helpers.BuildHelper - Get request to :https://api.travis-ci.org/build/351076603 done after 140 ms
19:17:28.990 [main] INFO  f.i.s.repairnator.pipeline.Launcher - The patched build (351076603) was successfully retrieved from Travis.
19:17:30.202 [main] INFO  fr.inria.jtravis.JTravis - GitHub ratelimit: Limit: 5000 Remaining: 4761 Reset hour: 19:31:17
19:17:30.464 [main] INFO  f.i.s.r.p.i.ProjectInspector - ----------------------------------------------------------------------
19:17:30.465 [main] INFO  f.i.s.r.p.i.ProjectInspector - PIPELINE STEPS
19:17:30.465 [main] INFO  f.i.s.r.p.i.ProjectInspector - ----------------------------------------------------------------------
19:17:30.465 [main] INFO  f.i.s.r.p.i.ProjectInspector - CloneRepository
19:17:30.465 [main] INFO  f.i.s.r.p.i.ProjectInspector - CheckoutBuggyBuildCandidate
19:17:30.466 [main] INFO  f.i.s.r.p.i.ProjectInspector - ComputeSourceDir
19:17:30.466 [main] INFO  f.i.s.r.p.i.ProjectInspector - ComputeTestDir
19:17:30.466 [main] INFO  f.i.s.r.p.i.ProjectInspector - BuildProjectBuggyBuildCandidate
19:17:30.466 [main] INFO  f.i.s.r.p.i.ProjectInspector - TestProjectBuggyBuildCandidate
19:17:30.466 [main] INFO  f.i.s.r.p.i.ProjectInspector - GatherTestInformationBuggyBuildCandidate
19:17:30.466 [main] INFO  f.i.s.r.p.i.ProjectInspector - InitRepoToPush
19:17:30.467 [main] INFO  f.i.s.r.p.i.ProjectInspector - ComputeClasspath
19:17:30.467 [main] INFO  f.i.s.r.p.i.ProjectInspector - ComputeModules
19:17:30.467 [main] INFO  f.i.s.r.p.i.ProjectInspector - CheckoutPatchedBuildCandidate
19:17:30.467 [main] INFO  f.i.s.r.p.i.ProjectInspector - BuildProjectPatchedBuildCandidate
19:17:30.467 [main] INFO  f.i.s.r.p.i.ProjectInspector - TestProjectPatchedBuildCandidate
19:17:30.467 [main] INFO  f.i.s.r.p.i.ProjectInspector - GatherTestInformationPatchedBuildCandidate
19:17:30.467 [main] INFO  f.i.s.r.p.i.ProjectInspector - CommitPatch
19:17:30.467 [main] INFO  f.i.s.r.p.i.ProjectInspector - WritePropertyFile
19:17:30.467 [main] INFO  f.i.s.r.p.i.ProjectInspector - CommitProcessEnd
19:17:30.468 [main] INFO  f.i.s.r.p.i.ProjectInspector - PushProcessEnd
19:17:30.468 [main] DEBUG f.i.s.r.process.step.CloneRepository - ----------------------------------------------------------------------
19:17:30.468 [main] DEBUG f.i.s.r.process.step.CloneRepository - STEP 1/18: CloneRepository
19:17:30.468 [main] DEBUG f.i.s.r.process.step.CloneRepository - ----------------------------------------------------------------------
19:17:30.469 [main] DEBUG f.i.s.r.process.step.CloneRepository - Cloning repository batfish/batfish in the following directory: ./workspace/batfish/batfish/351073755
19:18:23.193 [main] DEBUG f.i.s.r.process.step.CloneRepository - STEP STATUS: [ CloneRepository : SUCCESS ]
19:18:23.194 [main] DEBUG f.i.s.r.process.step.CloneRepository - STEP DURATION: 52s
19:18:23.194 [main] DEBUG f.i.s.r.process.step.CloneRepository - EXECUTE NEXT STEP
19:18:23.195 [main] DEBUG f.i.s.r.p.s.c.CheckoutBuggyBuild - ----------------------------------------------------------------------
19:18:23.195 [main] DEBUG f.i.s.r.p.s.c.CheckoutBuggyBuild - STEP 2/18: CheckoutBuggyBuildCandidate
19:18:23.195 [main] DEBUG f.i.s.r.p.s.c.CheckoutBuggyBuild - ----------------------------------------------------------------------
19:18:23.195 [main] DEBUG f.i.s.r.p.s.c.CheckoutBuggyBuild - Checking out buggy build candidate...
19:18:23.211 [main] ERROR f.i.s.r.p.s.c.CheckoutBuggyBuild - Error while testing commit: org.eclipse.jgit.errors.MissingObjectException: Missing unknown 95bf7e4be78dec04728696040ca566d74cf2d84e
19:18:23.212 [main] ERROR f.i.s.r.p.s.c.CheckoutBuggyBuild - Error while getting the commit to checkout from the repo.
19:18:23.213 [main] DEBUG f.i.s.r.p.s.c.CheckoutBuggyBuild - STEP STATUS: [ CheckoutBuggyBuildCandidate : FAILURE ( BUILDNOTCHECKEDOUT ) ]
19:18:23.213 [main] DEBUG f.i.s.r.p.s.c.CheckoutBuggyBuild - STEP DURATION: 0s
19:18:23.213 [main] DEBUG f.i.s.r.p.s.c.CheckoutBuggyBuild - TERMINATE PIPELINE
19:18:23.214 [main] DEBUG f.i.s.r.p.s.c.CheckoutBuggyBuild - FINAL STEPS SKIPPED: The reproduction of the bug and/or the patch failed.
19:18:23.214 [main] INFO  f.i.s.r.p.s.c.CheckoutBuggyBuild - Serialize all data for the pair of builds 351073755, 351076603
19:18:23.532 [main] INFO  fr.inria.jtravis.JTravis - GitHub ratelimit: Limit: 5000 Remaining: 4740 Reset hour: 19:31:17
19:18:24.593 [main] INFO  f.i.s.r.p.i.ProjectInspector - ----------------------------------------------------------------------
19:18:24.594 [main] INFO  f.i.s.r.p.i.ProjectInspector - PIPELINE EXECUTION SUMMARY
19:18:24.594 [main] INFO  f.i.s.r.p.i.ProjectInspector - ----------------------------------------------------------------------
19:18:24.594 [main] INFO  f.i.s.r.p.i.ProjectInspector - CloneRepository.......................................SUCCESS [ 52 s ]
19:18:24.595 [main] INFO  f.i.s.r.p.i.ProjectInspector - CheckoutBuggyBuildCandidate...........................FAILURE [  0 s ]
19:18:24.595 [main] INFO  f.i.s.r.p.i.ProjectInspector - ComputeSourceDir......................................NOT RUN         
19:18:24.595 [main] INFO  f.i.s.r.p.i.ProjectInspector - ComputeTestDir........................................NOT RUN         
19:18:24.595 [main] INFO  f.i.s.r.p.i.ProjectInspector - BuildProjectBuggyBuildCandidate.......................NOT RUN         
19:18:24.595 [main] INFO  f.i.s.r.p.i.ProjectInspector - TestProjectBuggyBuildCandidate........................NOT RUN         
19:18:24.596 [main] INFO  f.i.s.r.p.i.ProjectInspector - GatherTestInformationBuggyBuildCandidate..............NOT RUN         
19:18:24.596 [main] INFO  f.i.s.r.p.i.ProjectInspector - InitRepoToPush........................................NOT RUN         
19:18:24.596 [main] INFO  f.i.s.r.p.i.ProjectInspector - ComputeClasspath......................................NOT RUN         
19:18:24.596 [main] INFO  f.i.s.r.p.i.ProjectInspector - ComputeModules........................................NOT RUN         
19:18:24.597 [main] INFO  f.i.s.r.p.i.ProjectInspector - CheckoutPatchedBuildCandidate.........................NOT RUN         
19:18:24.598 [main] INFO  f.i.s.r.p.i.ProjectInspector - BuildProjectPatchedBuildCandidate.....................NOT RUN         
19:18:24.598 [main] INFO  f.i.s.r.p.i.ProjectInspector - TestProjectPatchedBuildCandidate......................NOT RUN         
19:18:24.598 [main] INFO  f.i.s.r.p.i.ProjectInspector - GatherTestInformationPatchedBuildCandidate............NOT RUN         
19:18:24.599 [main] INFO  f.i.s.r.p.i.ProjectInspector - CommitPatch...........................................NOT RUN         
19:18:24.599 [main] INFO  f.i.s.r.p.i.ProjectInspector - WritePropertyFile.....................................NOT RUN         
19:18:24.599 [main] INFO  f.i.s.r.p.i.ProjectInspector - CommitProcessEnd......................................NOT RUN         
19:18:24.599 [main] INFO  f.i.s.r.p.i.ProjectInspector - PushProcessEnd........................................NOT RUN         
19:18:24.599 [main] INFO  f.i.s.r.p.i.ProjectInspector - ----------------------------------------------------------------------
19:18:24.600 [main] INFO  f.i.s.r.p.i.ProjectInspector - PIPELINE FINDING: BUILDNOTCHECKEDOUT
19:18:24.600 [main] INFO  f.i.s.r.p.i.ProjectInspector - ----------------------------------------------------------------------
19:18:24.600 [main] INFO  f.i.s.repairnator.pipeline.Launcher - Inspector is finished. The process will exit now.
