22:04:27.555 [main] INFO  f.i.s.repairnator.pipeline.Launcher - PIPELINE VERSION: 3.0-2018-08-09 19:04
22:04:27.757 [main] INFO  f.i.s.repairnator.pipeline.Launcher - The pipeline will try to reproduce a bug from build 351132072 and its corresponding patch from build 351143764
22:04:27.758 [main] INFO  f.i.s.repairnator.pipeline.Launcher - Initialize file serializer engines.
22:04:27.760 [main] INFO  f.i.s.repairnator.pipeline.Launcher - MongoDB won't be used for serialization.
22:04:27.761 [main] INFO  f.i.s.repairnator.pipeline.Launcher - The email notifier engine won't be used.
22:04:27.765 [main] INFO  f.i.s.repairnator.pipeline.Launcher - Start by getting the build (buildId: 351132072) with the following config: RepairnatorConfig{runId='9575d8af-9671-4a9d-853f-fad6e89e933b_03-18-week2-FAILING_AND_PASSING', launcherMode=BEARS, serializeJson=true, inputPath='null', outputPath='/var/log', mongodbHost='null', mongodbName='repairnator', smtpServer='null', notifyTo=[], notifyEndProcess=false, push=true, pushRemoteRepo='https://github.com/fermadeiral/bears-collection-fp', fork=false, lookFromDate=null, lookToDate=null, buildId=351132072, z3solverPath='./z3_for_linux', workspacePath='./workspace', githubToken='c8a341a903[...]', dockerImageName='null', skipDelete=false, createOutputDir=false, logDirectory='null', nbThreads=0, globalTimeout=0, whiteList=null, blackList=null, jobSleepTime=0, buildSleepTime=0, maxInspectedBuilds=0, duration=null, humanPatch=false, repository='null', clean=true, bearsMode=BOTH, bearsDelimiter = false, repairTools=NopolAllTests,NPEFix,AssertFixer,AstorJGenProg,AstorJKali,NopolSingleTest,AstorJMut,NopolTestExclusionStrategy, githubUserName= fermadeiral, githubUserEmail=fer.madeiral@gmail.com}
22:04:29.202 [main] DEBUG fr.inria.jtravis.helpers.BuildHelper - Get request to :https://api.travis-ci.org/build/351132072 done after 887 ms
22:04:29.525 [main] DEBUG fr.inria.jtravis.helpers.BuildHelper - Get request to :https://api.travis-ci.org/build/351143764 done after 133 ms
22:04:29.542 [main] INFO  f.i.s.repairnator.pipeline.Launcher - The patched build (351143764) was successfully retrieved from Travis.
22:04:30.914 [main] INFO  fr.inria.jtravis.JTravis - GitHub ratelimit: Limit: 5000 Remaining: 4865 Reset hour: 19:31:28
22:04:31.206 [main] INFO  f.i.s.r.p.i.ProjectInspector - ----------------------------------------------------------------------
22:04:31.207 [main] INFO  f.i.s.r.p.i.ProjectInspector - PIPELINE STEPS
22:04:31.208 [main] INFO  f.i.s.r.p.i.ProjectInspector - ----------------------------------------------------------------------
22:04:31.208 [main] INFO  f.i.s.r.p.i.ProjectInspector - CloneRepository
22:04:31.209 [main] INFO  f.i.s.r.p.i.ProjectInspector - CheckoutBuggyBuildCandidate
22:04:31.209 [main] INFO  f.i.s.r.p.i.ProjectInspector - ComputeSourceDir
22:04:31.210 [main] INFO  f.i.s.r.p.i.ProjectInspector - ComputeTestDir
22:04:31.210 [main] INFO  f.i.s.r.p.i.ProjectInspector - BuildProjectBuggyBuildCandidate
22:04:31.210 [main] INFO  f.i.s.r.p.i.ProjectInspector - TestProjectBuggyBuildCandidate
22:04:31.210 [main] INFO  f.i.s.r.p.i.ProjectInspector - GatherTestInformationBuggyBuildCandidate
22:04:31.210 [main] INFO  f.i.s.r.p.i.ProjectInspector - InitRepoToPush
22:04:31.211 [main] INFO  f.i.s.r.p.i.ProjectInspector - ComputeClasspath
22:04:31.211 [main] INFO  f.i.s.r.p.i.ProjectInspector - ComputeModules
22:04:31.211 [main] INFO  f.i.s.r.p.i.ProjectInspector - CheckoutPatchedBuildCandidate
22:04:31.211 [main] INFO  f.i.s.r.p.i.ProjectInspector - BuildProjectPatchedBuildCandidate
22:04:31.211 [main] INFO  f.i.s.r.p.i.ProjectInspector - TestProjectPatchedBuildCandidate
22:04:31.211 [main] INFO  f.i.s.r.p.i.ProjectInspector - GatherTestInformationPatchedBuildCandidate
22:04:31.211 [main] INFO  f.i.s.r.p.i.ProjectInspector - CommitPatch
22:04:31.211 [main] INFO  f.i.s.r.p.i.ProjectInspector - WritePropertyFile
22:04:31.212 [main] INFO  f.i.s.r.p.i.ProjectInspector - CommitProcessEnd
22:04:31.212 [main] INFO  f.i.s.r.p.i.ProjectInspector - PushProcessEnd
22:04:31.212 [main] DEBUG f.i.s.r.process.step.CloneRepository - ----------------------------------------------------------------------
22:04:31.212 [main] DEBUG f.i.s.r.process.step.CloneRepository - STEP 1/18: CloneRepository
22:04:31.212 [main] DEBUG f.i.s.r.process.step.CloneRepository - ----------------------------------------------------------------------
22:04:31.213 [main] DEBUG f.i.s.r.process.step.CloneRepository - Cloning repository apache/incubator-servicecomb-saga in the following directory: ./workspace/apache/incubator-servicecomb-saga/351132072
22:04:35.605 [main] DEBUG f.i.s.r.process.step.CloneRepository - STEP STATUS: [ CloneRepository : SUCCESS ]
22:04:35.605 [main] DEBUG f.i.s.r.process.step.CloneRepository - STEP DURATION: 4s
22:04:35.605 [main] DEBUG f.i.s.r.process.step.CloneRepository - EXECUTE NEXT STEP
22:04:35.606 [main] DEBUG f.i.s.r.p.s.c.CheckoutBuggyBuild - ----------------------------------------------------------------------
22:04:35.606 [main] DEBUG f.i.s.r.p.s.c.CheckoutBuggyBuild - STEP 2/18: CheckoutBuggyBuildCandidate
22:04:35.606 [main] DEBUG f.i.s.r.p.s.c.CheckoutBuggyBuild - ----------------------------------------------------------------------
22:04:35.607 [main] DEBUG f.i.s.r.p.s.c.CheckoutBuggyBuild - Checking out buggy build candidate...
22:04:35.733 [main] INFO  fr.inria.jtravis.JTravis - GitHub ratelimit: Limit: 5000 Remaining: 4864 Reset hour: 19:31:28
22:04:37.573 [main] DEBUG f.i.s.r.p.s.c.CheckoutBuggyBuild - Reproduce the PR for apache/incubator-servicecomb-saga by fetching remote branch and merging.
22:04:38.423 [main] ERROR f.i.s.r.p.s.c.CheckoutBuggyBuild - Error while testing commit: org.eclipse.jgit.errors.MissingObjectException: Missing unknown db245cac513f58eaa012af55250eb55ac04dc983
22:04:38.426 [main] ERROR f.i.s.r.p.s.c.CheckoutBuggyBuild - Commit head ref cannot be retrieved from the repository: db245cac513f58eaa012af55250eb55ac04dc983. Operation aborted.
22:04:38.427 [main] ERROR f.i.s.r.p.s.c.CheckoutBuggyBuild - Error while merging two commits to reproduce the PR.
22:04:38.428 [main] DEBUG f.i.s.r.p.s.c.CheckoutBuggyBuild - STEP STATUS: [ CheckoutBuggyBuildCandidate : FAILURE ( BUILDNOTCHECKEDOUT ) ]
22:04:38.429 [main] DEBUG f.i.s.r.p.s.c.CheckoutBuggyBuild - STEP DURATION: 2s
22:04:38.429 [main] DEBUG f.i.s.r.p.s.c.CheckoutBuggyBuild - TERMINATE PIPELINE
22:04:38.430 [main] DEBUG f.i.s.r.p.s.c.CheckoutBuggyBuild - FINAL STEPS SKIPPED: The reproduction of the bug and/or the patch failed.
22:04:38.430 [main] INFO  f.i.s.r.p.s.c.CheckoutBuggyBuild - Serialize all data for the pair of builds 351132072, 351143764
22:04:38.551 [main] INFO  fr.inria.jtravis.JTravis - GitHub ratelimit: Limit: 5000 Remaining: 4857 Reset hour: 19:31:28
22:04:39.288 [main] INFO  f.i.s.r.p.i.ProjectInspector - ----------------------------------------------------------------------
22:04:39.289 [main] INFO  f.i.s.r.p.i.ProjectInspector - PIPELINE EXECUTION SUMMARY
22:04:39.289 [main] INFO  f.i.s.r.p.i.ProjectInspector - ----------------------------------------------------------------------
22:04:39.290 [main] INFO  f.i.s.r.p.i.ProjectInspector - CloneRepository........................................SUCCESS [ 4 s ]
22:04:39.291 [main] INFO  f.i.s.r.p.i.ProjectInspector - CheckoutBuggyBuildCandidate............................FAILURE [ 2 s ]
22:04:39.291 [main] INFO  f.i.s.r.p.i.ProjectInspector - ComputeSourceDir.......................................NOT RUN        
22:04:39.292 [main] INFO  f.i.s.r.p.i.ProjectInspector - ComputeTestDir.........................................NOT RUN        
22:04:39.292 [main] INFO  f.i.s.r.p.i.ProjectInspector - BuildProjectBuggyBuildCandidate........................NOT RUN        
22:04:39.292 [main] INFO  f.i.s.r.p.i.ProjectInspector - TestProjectBuggyBuildCandidate.........................NOT RUN        
22:04:39.293 [main] INFO  f.i.s.r.p.i.ProjectInspector - GatherTestInformationBuggyBuildCandidate...............NOT RUN        
22:04:39.293 [main] INFO  f.i.s.r.p.i.ProjectInspector - InitRepoToPush.........................................NOT RUN        
22:04:39.294 [main] INFO  f.i.s.r.p.i.ProjectInspector - ComputeClasspath.......................................NOT RUN        
22:04:39.294 [main] INFO  f.i.s.r.p.i.ProjectInspector - ComputeModules.........................................NOT RUN        
22:04:39.295 [main] INFO  f.i.s.r.p.i.ProjectInspector - CheckoutPatchedBuildCandidate..........................NOT RUN        
22:04:39.295 [main] INFO  f.i.s.r.p.i.ProjectInspector - BuildProjectPatchedBuildCandidate......................NOT RUN        
22:04:39.296 [main] INFO  f.i.s.r.p.i.ProjectInspector - TestProjectPatchedBuildCandidate.......................NOT RUN        
22:04:39.296 [main] INFO  f.i.s.r.p.i.ProjectInspector - GatherTestInformationPatchedBuildCandidate.............NOT RUN        
22:04:39.297 [main] INFO  f.i.s.r.p.i.ProjectInspector - CommitPatch............................................NOT RUN        
22:04:39.297 [main] INFO  f.i.s.r.p.i.ProjectInspector - WritePropertyFile......................................NOT RUN        
22:04:39.297 [main] INFO  f.i.s.r.p.i.ProjectInspector - CommitProcessEnd.......................................NOT RUN        
22:04:39.298 [main] INFO  f.i.s.r.p.i.ProjectInspector - PushProcessEnd.........................................NOT RUN        
22:04:39.298 [main] INFO  f.i.s.r.p.i.ProjectInspector - ----------------------------------------------------------------------
22:04:39.299 [main] INFO  f.i.s.r.p.i.ProjectInspector - PIPELINE FINDING: BUILDNOTCHECKEDOUT
22:04:39.299 [main] INFO  f.i.s.r.p.i.ProjectInspector - ----------------------------------------------------------------------
22:04:39.300 [main] INFO  f.i.s.repairnator.pipeline.Launcher - Inspector is finished. The process will exit now.
