21:08:45.039 [main] INFO  f.i.s.repairnator.pipeline.Launcher - PIPELINE VERSION: 3.0-2018-08-09 19:04
21:08:45.257 [main] INFO  f.i.s.repairnator.pipeline.Launcher - The pipeline will try to reproduce a bug from build 343053012 and its corresponding patch from build 350817565
21:08:45.258 [main] INFO  f.i.s.repairnator.pipeline.Launcher - Initialize file serializer engines.
21:08:45.260 [main] INFO  f.i.s.repairnator.pipeline.Launcher - MongoDB won't be used for serialization.
21:08:45.260 [main] INFO  f.i.s.repairnator.pipeline.Launcher - The email notifier engine won't be used.
21:08:45.265 [main] INFO  f.i.s.repairnator.pipeline.Launcher - Start by getting the build (buildId: 343053012) with the following config: RepairnatorConfig{runId='9575d8af-9671-4a9d-853f-fad6e89e933b_03-18-week2-FAILING_AND_PASSING', launcherMode=BEARS, serializeJson=true, inputPath='null', outputPath='/var/log', mongodbHost='null', mongodbName='repairnator', smtpServer='null', notifyTo=[], notifyEndProcess=false, push=true, pushRemoteRepo='https://github.com/fermadeiral/bears-collection-fp', fork=false, lookFromDate=null, lookToDate=null, buildId=343053012, z3solverPath='./z3_for_linux', workspacePath='./workspace', githubToken='c8a341a903[...]', dockerImageName='null', skipDelete=false, createOutputDir=false, logDirectory='null', nbThreads=0, globalTimeout=0, whiteList=null, blackList=null, jobSleepTime=0, buildSleepTime=0, maxInspectedBuilds=0, duration=null, humanPatch=false, repository='null', clean=true, bearsMode=BOTH, bearsDelimiter = false, repairTools=NopolAllTests,NPEFix,AssertFixer,AstorJGenProg,AstorJKali,NopolSingleTest,AstorJMut,NopolTestExclusionStrategy, githubUserName= fermadeiral, githubUserEmail=fer.madeiral@gmail.com}
21:08:46.636 [main] DEBUG fr.inria.jtravis.helpers.BuildHelper - Get request to :https://api.travis-ci.org/build/343053012 done after 779 ms
21:08:46.875 [main] DEBUG fr.inria.jtravis.helpers.BuildHelper - Get request to :https://api.travis-ci.org/build/350817565 done after 124 ms
21:08:46.892 [main] INFO  f.i.s.repairnator.pipeline.Launcher - The patched build (350817565) was successfully retrieved from Travis.
21:08:48.024 [main] INFO  fr.inria.jtravis.JTravis - GitHub ratelimit: Limit: 5000 Remaining: 4774 Reset hour: 19:31:24
21:08:48.296 [main] INFO  f.i.s.r.p.i.ProjectInspector - ----------------------------------------------------------------------
21:08:48.296 [main] INFO  f.i.s.r.p.i.ProjectInspector - PIPELINE STEPS
21:08:48.297 [main] INFO  f.i.s.r.p.i.ProjectInspector - ----------------------------------------------------------------------
21:08:48.302 [main] INFO  f.i.s.r.p.i.ProjectInspector - CloneRepository
21:08:48.302 [main] INFO  f.i.s.r.p.i.ProjectInspector - CheckoutBuggyBuildCandidate
21:08:48.302 [main] INFO  f.i.s.r.p.i.ProjectInspector - ComputeSourceDir
21:08:48.302 [main] INFO  f.i.s.r.p.i.ProjectInspector - ComputeTestDir
21:08:48.302 [main] INFO  f.i.s.r.p.i.ProjectInspector - BuildProjectBuggyBuildCandidate
21:08:48.303 [main] INFO  f.i.s.r.p.i.ProjectInspector - TestProjectBuggyBuildCandidate
21:08:48.303 [main] INFO  f.i.s.r.p.i.ProjectInspector - GatherTestInformationBuggyBuildCandidate
21:08:48.303 [main] INFO  f.i.s.r.p.i.ProjectInspector - InitRepoToPush
21:08:48.303 [main] INFO  f.i.s.r.p.i.ProjectInspector - ComputeClasspath
21:08:48.303 [main] INFO  f.i.s.r.p.i.ProjectInspector - ComputeModules
21:08:48.303 [main] INFO  f.i.s.r.p.i.ProjectInspector - CheckoutPatchedBuildCandidate
21:08:48.304 [main] INFO  f.i.s.r.p.i.ProjectInspector - BuildProjectPatchedBuildCandidate
21:08:48.304 [main] INFO  f.i.s.r.p.i.ProjectInspector - TestProjectPatchedBuildCandidate
21:08:48.304 [main] INFO  f.i.s.r.p.i.ProjectInspector - GatherTestInformationPatchedBuildCandidate
21:08:48.304 [main] INFO  f.i.s.r.p.i.ProjectInspector - CommitPatch
21:08:48.304 [main] INFO  f.i.s.r.p.i.ProjectInspector - WritePropertyFile
21:08:48.304 [main] INFO  f.i.s.r.p.i.ProjectInspector - CommitProcessEnd
21:08:48.305 [main] INFO  f.i.s.r.p.i.ProjectInspector - PushProcessEnd
21:08:48.305 [main] DEBUG f.i.s.r.process.step.CloneRepository - ----------------------------------------------------------------------
21:08:48.307 [main] DEBUG f.i.s.r.process.step.CloneRepository - STEP 1/18: CloneRepository
21:08:48.310 [main] DEBUG f.i.s.r.process.step.CloneRepository - ----------------------------------------------------------------------
21:08:48.310 [main] DEBUG f.i.s.r.process.step.CloneRepository - Cloning repository pgjdbc/pgjdbc in the following directory: ./workspace/pgjdbc/pgjdbc/343053012
21:08:57.516 [main] DEBUG f.i.s.r.process.step.CloneRepository - STEP STATUS: [ CloneRepository : SUCCESS ]
21:08:57.516 [main] DEBUG f.i.s.r.process.step.CloneRepository - STEP DURATION: 9s
21:08:57.516 [main] DEBUG f.i.s.r.process.step.CloneRepository - EXECUTE NEXT STEP
21:08:57.517 [main] DEBUG f.i.s.r.p.s.c.CheckoutBuggyBuild - ----------------------------------------------------------------------
21:08:57.517 [main] DEBUG f.i.s.r.p.s.c.CheckoutBuggyBuild - STEP 2/18: CheckoutBuggyBuildCandidate
21:08:57.517 [main] DEBUG f.i.s.r.p.s.c.CheckoutBuggyBuild - ----------------------------------------------------------------------
21:08:57.517 [main] DEBUG f.i.s.r.p.s.c.CheckoutBuggyBuild - Checking out buggy build candidate...
21:08:58.049 [main] INFO  fr.inria.jtravis.JTravis - GitHub ratelimit: Limit: 5000 Remaining: 4773 Reset hour: 19:31:24
21:08:59.916 [main] DEBUG f.i.s.r.p.s.c.CheckoutBuggyBuild - Reproduce the PR for pgjdbc/pgjdbc by fetching remote branch and merging.
21:09:00.786 [main] ERROR f.i.s.r.p.s.c.CheckoutBuggyBuild - Error while testing commit: org.eclipse.jgit.errors.MissingObjectException: Missing unknown db06891b15e00107286112394c70d85145a3e57f
21:09:00.787 [main] ERROR f.i.s.r.p.s.c.CheckoutBuggyBuild - Commit head ref cannot be retrieved from the repository: db06891b15e00107286112394c70d85145a3e57f. Operation aborted.
21:09:00.787 [main] ERROR f.i.s.r.p.s.c.CheckoutBuggyBuild - Error while merging two commits to reproduce the PR.
21:09:00.788 [main] DEBUG f.i.s.r.p.s.c.CheckoutBuggyBuild - STEP STATUS: [ CheckoutBuggyBuildCandidate : FAILURE ( BUILDNOTCHECKEDOUT ) ]
21:09:00.788 [main] DEBUG f.i.s.r.p.s.c.CheckoutBuggyBuild - STEP DURATION: 3s
21:09:00.789 [main] DEBUG f.i.s.r.p.s.c.CheckoutBuggyBuild - TERMINATE PIPELINE
21:09:00.789 [main] DEBUG f.i.s.r.p.s.c.CheckoutBuggyBuild - FINAL STEPS SKIPPED: The reproduction of the bug and/or the patch failed.
21:09:00.789 [main] INFO  f.i.s.r.p.s.c.CheckoutBuggyBuild - Serialize all data for the pair of builds 343053012, 350817565
21:09:00.906 [main] INFO  fr.inria.jtravis.JTravis - GitHub ratelimit: Limit: 5000 Remaining: 4766 Reset hour: 19:31:24
21:09:01.678 [main] INFO  f.i.s.r.p.i.ProjectInspector - ----------------------------------------------------------------------
21:09:01.678 [main] INFO  f.i.s.r.p.i.ProjectInspector - PIPELINE EXECUTION SUMMARY
21:09:01.678 [main] INFO  f.i.s.r.p.i.ProjectInspector - ----------------------------------------------------------------------
21:09:01.679 [main] INFO  f.i.s.r.p.i.ProjectInspector - CloneRepository........................................SUCCESS [ 9 s ]
21:09:01.679 [main] INFO  f.i.s.r.p.i.ProjectInspector - CheckoutBuggyBuildCandidate............................FAILURE [ 3 s ]
21:09:01.680 [main] INFO  f.i.s.r.p.i.ProjectInspector - ComputeSourceDir.......................................NOT RUN        
21:09:01.680 [main] INFO  f.i.s.r.p.i.ProjectInspector - ComputeTestDir.........................................NOT RUN        
21:09:01.680 [main] INFO  f.i.s.r.p.i.ProjectInspector - BuildProjectBuggyBuildCandidate........................NOT RUN        
21:09:01.680 [main] INFO  f.i.s.r.p.i.ProjectInspector - TestProjectBuggyBuildCandidate.........................NOT RUN        
21:09:01.681 [main] INFO  f.i.s.r.p.i.ProjectInspector - GatherTestInformationBuggyBuildCandidate...............NOT RUN        
21:09:01.681 [main] INFO  f.i.s.r.p.i.ProjectInspector - InitRepoToPush.........................................NOT RUN        
21:09:01.681 [main] INFO  f.i.s.r.p.i.ProjectInspector - ComputeClasspath.......................................NOT RUN        
21:09:01.682 [main] INFO  f.i.s.r.p.i.ProjectInspector - ComputeModules.........................................NOT RUN        
21:09:01.682 [main] INFO  f.i.s.r.p.i.ProjectInspector - CheckoutPatchedBuildCandidate..........................NOT RUN        
21:09:01.682 [main] INFO  f.i.s.r.p.i.ProjectInspector - BuildProjectPatchedBuildCandidate......................NOT RUN        
21:09:01.683 [main] INFO  f.i.s.r.p.i.ProjectInspector - TestProjectPatchedBuildCandidate.......................NOT RUN        
21:09:01.683 [main] INFO  f.i.s.r.p.i.ProjectInspector - GatherTestInformationPatchedBuildCandidate.............NOT RUN        
21:09:01.683 [main] INFO  f.i.s.r.p.i.ProjectInspector - CommitPatch............................................NOT RUN        
21:09:01.683 [main] INFO  f.i.s.r.p.i.ProjectInspector - WritePropertyFile......................................NOT RUN        
21:09:01.684 [main] INFO  f.i.s.r.p.i.ProjectInspector - CommitProcessEnd.......................................NOT RUN        
21:09:01.684 [main] INFO  f.i.s.r.p.i.ProjectInspector - PushProcessEnd.........................................NOT RUN        
21:09:01.684 [main] INFO  f.i.s.r.p.i.ProjectInspector - ----------------------------------------------------------------------
21:09:01.684 [main] INFO  f.i.s.r.p.i.ProjectInspector - PIPELINE FINDING: BUILDNOTCHECKEDOUT
21:09:01.685 [main] INFO  f.i.s.r.p.i.ProjectInspector - ----------------------------------------------------------------------
21:09:01.685 [main] INFO  f.i.s.repairnator.pipeline.Launcher - Inspector is finished. The process will exit now.
