20:37:19.041 [main] INFO  f.i.s.repairnator.pipeline.Launcher - PIPELINE VERSION: 3.0-2018-08-09 19:04
20:37:19.157 [main] INFO  f.i.s.repairnator.pipeline.Launcher - The pipeline will try to reproduce a bug from build 351272245 and its corresponding patch from build 352210429
20:37:19.157 [main] INFO  f.i.s.repairnator.pipeline.Launcher - Initialize file serializer engines.
20:37:19.159 [main] INFO  f.i.s.repairnator.pipeline.Launcher - MongoDB won't be used for serialization.
20:37:19.159 [main] INFO  f.i.s.repairnator.pipeline.Launcher - The email notifier engine won't be used.
20:37:19.161 [main] INFO  f.i.s.repairnator.pipeline.Launcher - Start by getting the build (buildId: 351272245) with the following config: RepairnatorConfig{runId='9575d8af-9671-4a9d-853f-fad6e89e933b_03-18-week2-FAILING_AND_PASSING', launcherMode=BEARS, serializeJson=true, inputPath='null', outputPath='/var/log', mongodbHost='null', mongodbName='repairnator', smtpServer='null', notifyTo=[], notifyEndProcess=false, push=true, pushRemoteRepo='https://github.com/fermadeiral/bears-collection-fp', fork=false, lookFromDate=null, lookToDate=null, buildId=351272245, z3solverPath='./z3_for_linux', workspacePath='./workspace', githubToken='c8a341a903[...]', dockerImageName='null', skipDelete=false, createOutputDir=false, logDirectory='null', nbThreads=0, globalTimeout=0, whiteList=null, blackList=null, jobSleepTime=0, buildSleepTime=0, maxInspectedBuilds=0, duration=null, humanPatch=false, repository='null', clean=true, bearsMode=BOTH, bearsDelimiter = false, repairTools=NopolAllTests,NPEFix,AssertFixer,AstorJGenProg,AstorJKali,NopolSingleTest,AstorJMut,NopolTestExclusionStrategy, githubUserName= fermadeiral, githubUserEmail=fer.madeiral@gmail.com}
20:37:20.397 [main] DEBUG fr.inria.jtravis.helpers.BuildHelper - Get request to :https://api.travis-ci.org/build/351272245 done after 755 ms
20:37:20.616 [main] DEBUG fr.inria.jtravis.helpers.BuildHelper - Get request to :https://api.travis-ci.org/build/352210429 done after 129 ms
20:37:20.627 [main] INFO  f.i.s.repairnator.pipeline.Launcher - The patched build (352210429) was successfully retrieved from Travis.
20:37:21.861 [main] INFO  fr.inria.jtravis.JTravis - GitHub ratelimit: Limit: 5000 Remaining: 4993 Reset hour: 19:31:24
20:37:22.110 [main] INFO  f.i.s.r.p.i.ProjectInspector - ----------------------------------------------------------------------
20:37:22.110 [main] INFO  f.i.s.r.p.i.ProjectInspector - PIPELINE STEPS
20:37:22.110 [main] INFO  f.i.s.r.p.i.ProjectInspector - ----------------------------------------------------------------------
20:37:22.110 [main] INFO  f.i.s.r.p.i.ProjectInspector - CloneRepository
20:37:22.110 [main] INFO  f.i.s.r.p.i.ProjectInspector - CheckoutBuggyBuildCandidate
20:37:22.110 [main] INFO  f.i.s.r.p.i.ProjectInspector - ComputeSourceDir
20:37:22.111 [main] INFO  f.i.s.r.p.i.ProjectInspector - ComputeTestDir
20:37:22.111 [main] INFO  f.i.s.r.p.i.ProjectInspector - BuildProjectBuggyBuildCandidate
20:37:22.111 [main] INFO  f.i.s.r.p.i.ProjectInspector - TestProjectBuggyBuildCandidate
20:37:22.111 [main] INFO  f.i.s.r.p.i.ProjectInspector - GatherTestInformationBuggyBuildCandidate
20:37:22.111 [main] INFO  f.i.s.r.p.i.ProjectInspector - InitRepoToPush
20:37:22.111 [main] INFO  f.i.s.r.p.i.ProjectInspector - ComputeClasspath
20:37:22.111 [main] INFO  f.i.s.r.p.i.ProjectInspector - ComputeModules
20:37:22.111 [main] INFO  f.i.s.r.p.i.ProjectInspector - CheckoutPatchedBuildCandidate
20:37:22.112 [main] INFO  f.i.s.r.p.i.ProjectInspector - BuildProjectPatchedBuildCandidate
20:37:22.112 [main] INFO  f.i.s.r.p.i.ProjectInspector - TestProjectPatchedBuildCandidate
20:37:22.112 [main] INFO  f.i.s.r.p.i.ProjectInspector - GatherTestInformationPatchedBuildCandidate
20:37:22.112 [main] INFO  f.i.s.r.p.i.ProjectInspector - CommitPatch
20:37:22.112 [main] INFO  f.i.s.r.p.i.ProjectInspector - WritePropertyFile
20:37:22.112 [main] INFO  f.i.s.r.p.i.ProjectInspector - CommitProcessEnd
20:37:22.112 [main] INFO  f.i.s.r.p.i.ProjectInspector - PushProcessEnd
20:37:22.113 [main] DEBUG f.i.s.r.process.step.CloneRepository - ----------------------------------------------------------------------
20:37:22.113 [main] DEBUG f.i.s.r.process.step.CloneRepository - STEP 1/18: CloneRepository
20:37:22.113 [main] DEBUG f.i.s.r.process.step.CloneRepository - ----------------------------------------------------------------------
20:37:22.114 [main] DEBUG f.i.s.r.process.step.CloneRepository - Cloning repository molgenis/molgenis in the following directory: ./workspace/molgenis/molgenis/351272245
20:37:59.911 [main] DEBUG f.i.s.r.process.step.CloneRepository - STEP STATUS: [ CloneRepository : SUCCESS ]
20:37:59.912 [main] DEBUG f.i.s.r.process.step.CloneRepository - STEP DURATION: 37s
20:37:59.912 [main] DEBUG f.i.s.r.process.step.CloneRepository - EXECUTE NEXT STEP
20:37:59.912 [main] DEBUG f.i.s.r.p.s.c.CheckoutBuggyBuild - ----------------------------------------------------------------------
20:37:59.913 [main] DEBUG f.i.s.r.p.s.c.CheckoutBuggyBuild - STEP 2/18: CheckoutBuggyBuildCandidate
20:37:59.913 [main] DEBUG f.i.s.r.p.s.c.CheckoutBuggyBuild - ----------------------------------------------------------------------
20:37:59.913 [main] DEBUG f.i.s.r.p.s.c.CheckoutBuggyBuild - Checking out buggy build candidate...
20:38:00.268 [main] INFO  fr.inria.jtravis.JTravis - GitHub ratelimit: Limit: 5000 Remaining: 4992 Reset hour: 19:31:24
20:38:03.366 [main] DEBUG f.i.s.r.p.s.c.CheckoutBuggyBuild - Reproduce the PR for molgenis/molgenis by fetching remote branch and merging.
20:38:10.013 [main] ERROR f.i.s.r.p.s.c.CheckoutBuggyBuild - Error while testing commit: org.eclipse.jgit.errors.MissingObjectException: Missing unknown dc5bda0a94051e782001d2ecdb034c2ad8d2be18
20:38:10.015 [main] ERROR f.i.s.r.p.s.c.CheckoutBuggyBuild - Commit head ref cannot be retrieved from the repository: dc5bda0a94051e782001d2ecdb034c2ad8d2be18. Operation aborted.
20:38:10.015 [main] ERROR f.i.s.r.p.s.c.CheckoutBuggyBuild - Error while merging two commits to reproduce the PR.
20:38:10.016 [main] DEBUG f.i.s.r.p.s.c.CheckoutBuggyBuild - STEP STATUS: [ CheckoutBuggyBuildCandidate : FAILURE ( BUILDNOTCHECKEDOUT ) ]
20:38:10.016 [main] DEBUG f.i.s.r.p.s.c.CheckoutBuggyBuild - STEP DURATION: 10s
20:38:10.016 [main] DEBUG f.i.s.r.p.s.c.CheckoutBuggyBuild - TERMINATE PIPELINE
20:38:10.017 [main] DEBUG f.i.s.r.p.s.c.CheckoutBuggyBuild - FINAL STEPS SKIPPED: The reproduction of the bug and/or the patch failed.
20:38:10.017 [main] INFO  f.i.s.r.p.s.c.CheckoutBuggyBuild - Serialize all data for the pair of builds 351272245, 352210429
20:38:10.357 [main] INFO  fr.inria.jtravis.JTravis - GitHub ratelimit: Limit: 5000 Remaining: 4985 Reset hour: 19:31:24
20:38:11.511 [main] INFO  f.i.s.r.p.i.ProjectInspector - ----------------------------------------------------------------------
20:38:11.511 [main] INFO  f.i.s.r.p.i.ProjectInspector - PIPELINE EXECUTION SUMMARY
20:38:11.511 [main] INFO  f.i.s.r.p.i.ProjectInspector - ----------------------------------------------------------------------
20:38:11.512 [main] INFO  f.i.s.r.p.i.ProjectInspector - CloneRepository.......................................SUCCESS [ 37 s ]
20:38:11.512 [main] INFO  f.i.s.r.p.i.ProjectInspector - CheckoutBuggyBuildCandidate...........................FAILURE [ 10 s ]
20:38:11.512 [main] INFO  f.i.s.r.p.i.ProjectInspector - ComputeSourceDir......................................NOT RUN         
20:38:11.512 [main] INFO  f.i.s.r.p.i.ProjectInspector - ComputeTestDir........................................NOT RUN         
20:38:11.512 [main] INFO  f.i.s.r.p.i.ProjectInspector - BuildProjectBuggyBuildCandidate.......................NOT RUN         
20:38:11.513 [main] INFO  f.i.s.r.p.i.ProjectInspector - TestProjectBuggyBuildCandidate........................NOT RUN         
20:38:11.513 [main] INFO  f.i.s.r.p.i.ProjectInspector - GatherTestInformationBuggyBuildCandidate..............NOT RUN         
20:38:11.513 [main] INFO  f.i.s.r.p.i.ProjectInspector - InitRepoToPush........................................NOT RUN         
20:38:11.513 [main] INFO  f.i.s.r.p.i.ProjectInspector - ComputeClasspath......................................NOT RUN         
20:38:11.514 [main] INFO  f.i.s.r.p.i.ProjectInspector - ComputeModules........................................NOT RUN         
20:38:11.515 [main] INFO  f.i.s.r.p.i.ProjectInspector - CheckoutPatchedBuildCandidate.........................NOT RUN         
20:38:11.515 [main] INFO  f.i.s.r.p.i.ProjectInspector - BuildProjectPatchedBuildCandidate.....................NOT RUN         
20:38:11.515 [main] INFO  f.i.s.r.p.i.ProjectInspector - TestProjectPatchedBuildCandidate......................NOT RUN         
20:38:11.515 [main] INFO  f.i.s.r.p.i.ProjectInspector - GatherTestInformationPatchedBuildCandidate............NOT RUN         
20:38:11.515 [main] INFO  f.i.s.r.p.i.ProjectInspector - CommitPatch...........................................NOT RUN         
20:38:11.516 [main] INFO  f.i.s.r.p.i.ProjectInspector - WritePropertyFile.....................................NOT RUN         
20:38:11.516 [main] INFO  f.i.s.r.p.i.ProjectInspector - CommitProcessEnd......................................NOT RUN         
20:38:11.516 [main] INFO  f.i.s.r.p.i.ProjectInspector - PushProcessEnd........................................NOT RUN         
20:38:11.516 [main] INFO  f.i.s.r.p.i.ProjectInspector - ----------------------------------------------------------------------
20:38:11.516 [main] INFO  f.i.s.r.p.i.ProjectInspector - PIPELINE FINDING: BUILDNOTCHECKEDOUT
20:38:11.516 [main] INFO  f.i.s.r.p.i.ProjectInspector - ----------------------------------------------------------------------
20:38:11.516 [main] INFO  f.i.s.repairnator.pipeline.Launcher - Inspector is finished. The process will exit now.
