19:44:46.859 [main] INFO  f.i.s.repairnator.pipeline.Launcher - PIPELINE VERSION: 3.0-2018-08-09 19:04
19:44:47.016 [main] INFO  f.i.s.repairnator.pipeline.Launcher - The pipeline will try to reproduce a bug from build 352233077 and its corresponding patch from build 353503513
19:44:47.016 [main] INFO  f.i.s.repairnator.pipeline.Launcher - Initialize file serializer engines.
19:44:47.018 [main] INFO  f.i.s.repairnator.pipeline.Launcher - MongoDB won't be used for serialization.
19:44:47.019 [main] INFO  f.i.s.repairnator.pipeline.Launcher - The email notifier engine won't be used.
19:44:47.023 [main] INFO  f.i.s.repairnator.pipeline.Launcher - Start by getting the build (buildId: 352233077) with the following config: RepairnatorConfig{runId='9575d8af-9671-4a9d-853f-fad6e89e933b_03-18-week2-FAILING_AND_PASSING', launcherMode=BEARS, serializeJson=true, inputPath='null', outputPath='/var/log', mongodbHost='null', mongodbName='repairnator', smtpServer='null', notifyTo=[], notifyEndProcess=false, push=true, pushRemoteRepo='https://github.com/fermadeiral/bears-collection-fp', fork=false, lookFromDate=null, lookToDate=null, buildId=352233077, z3solverPath='./z3_for_linux', workspacePath='./workspace', githubToken='c8a341a903[...]', dockerImageName='null', skipDelete=false, createOutputDir=false, logDirectory='null', nbThreads=0, globalTimeout=0, whiteList=null, blackList=null, jobSleepTime=0, buildSleepTime=0, maxInspectedBuilds=0, duration=null, humanPatch=false, repository='null', clean=true, bearsMode=BOTH, bearsDelimiter = false, repairTools=NopolAllTests,NPEFix,AssertFixer,AstorJGenProg,AstorJKali,NopolSingleTest,AstorJMut,NopolTestExclusionStrategy, githubUserName= fermadeiral, githubUserEmail=fer.madeiral@gmail.com}
19:44:48.441 [main] DEBUG fr.inria.jtravis.helpers.BuildHelper - Get request to :https://api.travis-ci.org/build/352233077 done after 880 ms
19:44:48.720 [main] DEBUG fr.inria.jtravis.helpers.BuildHelper - Get request to :https://api.travis-ci.org/build/353503513 done after 134 ms
19:44:48.743 [main] INFO  f.i.s.repairnator.pipeline.Launcher - The patched build (353503513) was successfully retrieved from Travis.
19:44:50.125 [main] INFO  fr.inria.jtravis.JTravis - GitHub ratelimit: Limit: 5000 Remaining: 4810 Reset hour: 19:31:21
19:44:50.479 [main] INFO  f.i.s.r.p.i.ProjectInspector - ----------------------------------------------------------------------
19:44:50.479 [main] INFO  f.i.s.r.p.i.ProjectInspector - PIPELINE STEPS
19:44:50.479 [main] INFO  f.i.s.r.p.i.ProjectInspector - ----------------------------------------------------------------------
19:44:50.480 [main] INFO  f.i.s.r.p.i.ProjectInspector - CloneRepository
19:44:50.480 [main] INFO  f.i.s.r.p.i.ProjectInspector - CheckoutBuggyBuildCandidate
19:44:50.480 [main] INFO  f.i.s.r.p.i.ProjectInspector - ComputeSourceDir
19:44:50.480 [main] INFO  f.i.s.r.p.i.ProjectInspector - ComputeTestDir
19:44:50.481 [main] INFO  f.i.s.r.p.i.ProjectInspector - BuildProjectBuggyBuildCandidate
19:44:50.481 [main] INFO  f.i.s.r.p.i.ProjectInspector - TestProjectBuggyBuildCandidate
19:44:50.481 [main] INFO  f.i.s.r.p.i.ProjectInspector - GatherTestInformationBuggyBuildCandidate
19:44:50.481 [main] INFO  f.i.s.r.p.i.ProjectInspector - InitRepoToPush
19:44:50.481 [main] INFO  f.i.s.r.p.i.ProjectInspector - ComputeClasspath
19:44:50.482 [main] INFO  f.i.s.r.p.i.ProjectInspector - ComputeModules
19:44:50.482 [main] INFO  f.i.s.r.p.i.ProjectInspector - CheckoutPatchedBuildCandidate
19:44:50.482 [main] INFO  f.i.s.r.p.i.ProjectInspector - BuildProjectPatchedBuildCandidate
19:44:50.482 [main] INFO  f.i.s.r.p.i.ProjectInspector - TestProjectPatchedBuildCandidate
19:44:50.483 [main] INFO  f.i.s.r.p.i.ProjectInspector - GatherTestInformationPatchedBuildCandidate
19:44:50.483 [main] INFO  f.i.s.r.p.i.ProjectInspector - CommitPatch
19:44:50.483 [main] INFO  f.i.s.r.p.i.ProjectInspector - WritePropertyFile
19:44:50.483 [main] INFO  f.i.s.r.p.i.ProjectInspector - CommitProcessEnd
19:44:50.483 [main] INFO  f.i.s.r.p.i.ProjectInspector - PushProcessEnd
19:44:50.484 [main] DEBUG f.i.s.r.process.step.CloneRepository - ----------------------------------------------------------------------
19:44:50.484 [main] DEBUG f.i.s.r.process.step.CloneRepository - STEP 1/18: CloneRepository
19:44:50.485 [main] DEBUG f.i.s.r.process.step.CloneRepository - ----------------------------------------------------------------------
19:44:50.485 [main] DEBUG f.i.s.r.process.step.CloneRepository - Cloning repository CorfuDB/CorfuDB in the following directory: ./workspace/CorfuDB/CorfuDB/352233077
19:49:20.536 [main] DEBUG f.i.s.r.process.step.CloneRepository - STEP STATUS: [ CloneRepository : SUCCESS ]
19:49:20.536 [main] DEBUG f.i.s.r.process.step.CloneRepository - STEP DURATION: 270s
19:49:20.536 [main] DEBUG f.i.s.r.process.step.CloneRepository - EXECUTE NEXT STEP
19:49:20.537 [main] DEBUG f.i.s.r.p.s.c.CheckoutBuggyBuild - ----------------------------------------------------------------------
19:49:20.537 [main] DEBUG f.i.s.r.p.s.c.CheckoutBuggyBuild - STEP 2/18: CheckoutBuggyBuildCandidate
19:49:20.537 [main] DEBUG f.i.s.r.p.s.c.CheckoutBuggyBuild - ----------------------------------------------------------------------
19:49:20.537 [main] DEBUG f.i.s.r.p.s.c.CheckoutBuggyBuild - Checking out buggy build candidate...
19:49:20.586 [main] ERROR f.i.s.r.p.s.c.CheckoutBuggyBuild - Error while testing commit: org.eclipse.jgit.errors.MissingObjectException: Missing unknown 51b0fbe93f479bf0025cb0fe9aad5d2be8324f91
19:49:20.587 [main] ERROR f.i.s.r.p.s.c.CheckoutBuggyBuild - Error while getting the commit to checkout from the repo.
19:49:20.588 [main] DEBUG f.i.s.r.p.s.c.CheckoutBuggyBuild - STEP STATUS: [ CheckoutBuggyBuildCandidate : FAILURE ( BUILDNOTCHECKEDOUT ) ]
19:49:20.588 [main] DEBUG f.i.s.r.p.s.c.CheckoutBuggyBuild - STEP DURATION: 0s
19:49:20.589 [main] DEBUG f.i.s.r.p.s.c.CheckoutBuggyBuild - TERMINATE PIPELINE
19:49:20.589 [main] DEBUG f.i.s.r.p.s.c.CheckoutBuggyBuild - FINAL STEPS SKIPPED: The reproduction of the bug and/or the patch failed.
19:49:20.589 [main] INFO  f.i.s.r.p.s.c.CheckoutBuggyBuild - Serialize all data for the pair of builds 352233077, 353503513
19:49:21.028 [main] INFO  fr.inria.jtravis.JTravis - GitHub ratelimit: Limit: 5000 Remaining: 4795 Reset hour: 19:31:21
19:49:21.637 [main] INFO  f.i.s.r.p.i.ProjectInspector - ----------------------------------------------------------------------
19:49:21.638 [main] INFO  f.i.s.r.p.i.ProjectInspector - PIPELINE EXECUTION SUMMARY
19:49:21.638 [main] INFO  f.i.s.r.p.i.ProjectInspector - ----------------------------------------------------------------------
19:49:21.638 [main] INFO  f.i.s.r.p.i.ProjectInspector - CloneRepository......................................SUCCESS [ 270 s ]
19:49:21.638 [main] INFO  f.i.s.r.p.i.ProjectInspector - CheckoutBuggyBuildCandidate..........................FAILURE [   0 s ]
19:49:21.639 [main] INFO  f.i.s.r.p.i.ProjectInspector - ComputeSourceDir.....................................NOT RUN          
19:49:21.639 [main] INFO  f.i.s.r.p.i.ProjectInspector - ComputeTestDir.......................................NOT RUN          
19:49:21.639 [main] INFO  f.i.s.r.p.i.ProjectInspector - BuildProjectBuggyBuildCandidate......................NOT RUN          
19:49:21.639 [main] INFO  f.i.s.r.p.i.ProjectInspector - TestProjectBuggyBuildCandidate.......................NOT RUN          
19:49:21.640 [main] INFO  f.i.s.r.p.i.ProjectInspector - GatherTestInformationBuggyBuildCandidate.............NOT RUN          
19:49:21.640 [main] INFO  f.i.s.r.p.i.ProjectInspector - InitRepoToPush.......................................NOT RUN          
19:49:21.640 [main] INFO  f.i.s.r.p.i.ProjectInspector - ComputeClasspath.....................................NOT RUN          
19:49:21.640 [main] INFO  f.i.s.r.p.i.ProjectInspector - ComputeModules.......................................NOT RUN          
19:49:21.641 [main] INFO  f.i.s.r.p.i.ProjectInspector - CheckoutPatchedBuildCandidate........................NOT RUN          
19:49:21.641 [main] INFO  f.i.s.r.p.i.ProjectInspector - BuildProjectPatchedBuildCandidate....................NOT RUN          
19:49:21.641 [main] INFO  f.i.s.r.p.i.ProjectInspector - TestProjectPatchedBuildCandidate.....................NOT RUN          
19:49:21.642 [main] INFO  f.i.s.r.p.i.ProjectInspector - GatherTestInformationPatchedBuildCandidate...........NOT RUN          
19:49:21.643 [main] INFO  f.i.s.r.p.i.ProjectInspector - CommitPatch..........................................NOT RUN          
19:49:21.644 [main] INFO  f.i.s.r.p.i.ProjectInspector - WritePropertyFile....................................NOT RUN          
19:49:21.644 [main] INFO  f.i.s.r.p.i.ProjectInspector - CommitProcessEnd.....................................NOT RUN          
19:49:21.644 [main] INFO  f.i.s.r.p.i.ProjectInspector - PushProcessEnd.......................................NOT RUN          
19:49:21.644 [main] INFO  f.i.s.r.p.i.ProjectInspector - ----------------------------------------------------------------------
19:49:21.645 [main] INFO  f.i.s.r.p.i.ProjectInspector - PIPELINE FINDING: BUILDNOTCHECKEDOUT
19:49:21.645 [main] INFO  f.i.s.r.p.i.ProjectInspector - ----------------------------------------------------------------------
19:49:21.645 [main] INFO  f.i.s.repairnator.pipeline.Launcher - Inspector is finished. The process will exit now.
