00:40:29.595 [main] INFO  f.i.s.repairnator.pipeline.Launcher - PIPELINE VERSION: 3.0-2018-08-09 19:04
00:40:29.721 [main] INFO  f.i.s.repairnator.pipeline.Launcher - The pipeline will try to reproduce a bug from build 335367921 and its corresponding patch from build 335531995
00:40:29.722 [main] INFO  f.i.s.repairnator.pipeline.Launcher - Initialize file serializer engines.
00:40:29.723 [main] INFO  f.i.s.repairnator.pipeline.Launcher - MongoDB won't be used for serialization.
00:40:29.723 [main] INFO  f.i.s.repairnator.pipeline.Launcher - The email notifier engine won't be used.
00:40:29.726 [main] INFO  f.i.s.repairnator.pipeline.Launcher - Start by getting the build (buildId: 335367921) with the following config: RepairnatorConfig{runId='e37d2f70-f43d-494e-93aa-3a56dc324afd_01-18-week4-PASSING_AND_PASSING', launcherMode=BEARS, serializeJson=true, inputPath='null', outputPath='/var/log', mongodbHost='null', mongodbName='repairnator', smtpServer='null', notifyTo=[], notifyEndProcess=false, push=true, pushRemoteRepo='https://github.com/fermadeiral/bears-collection-pp', fork=false, lookFromDate=null, lookToDate=null, buildId=335367921, z3solverPath='./z3_for_linux', workspacePath='./workspace', githubToken='c8a341a903[...]', dockerImageName='null', skipDelete=false, createOutputDir=false, logDirectory='null', nbThreads=0, globalTimeout=0, whiteList=null, blackList=null, jobSleepTime=0, buildSleepTime=0, maxInspectedBuilds=0, duration=null, humanPatch=false, repository='null', clean=true, bearsMode=BOTH, bearsDelimiter = false, repairTools=NopolAllTests,NPEFix,AssertFixer,AstorJGenProg,AstorJKali,NopolSingleTest,AstorJMut,NopolTestExclusionStrategy, githubUserName= fermadeiral, githubUserEmail=fer.madeiral@gmail.com}
00:40:30.841 [main] DEBUG fr.inria.jtravis.helpers.BuildHelper - Get request to :https://api.travis-ci.org/build/335367921 done after 751 ms
00:40:31.221 [main] DEBUG fr.inria.jtravis.helpers.BuildHelper - Get request to :https://api.travis-ci.org/build/335531995 done after 256 ms
00:40:31.233 [main] INFO  f.i.s.repairnator.pipeline.Launcher - The patched build (335531995) was successfully retrieved from Travis.
00:40:32.313 [main] INFO  fr.inria.jtravis.JTravis - GitHub ratelimit: Limit: 5000 Remaining: 4827 Reset hour: 19:20:06
00:40:32.565 [main] INFO  f.i.s.r.p.i.ProjectInspector - ----------------------------------------------------------------------
00:40:32.565 [main] INFO  f.i.s.r.p.i.ProjectInspector - PIPELINE STEPS
00:40:32.565 [main] INFO  f.i.s.r.p.i.ProjectInspector - ----------------------------------------------------------------------
00:40:32.566 [main] INFO  f.i.s.r.p.i.ProjectInspector - CloneRepository
00:40:32.566 [main] INFO  f.i.s.r.p.i.ProjectInspector - CheckoutPatchedBuildCandidate
00:40:32.566 [main] INFO  f.i.s.r.p.i.ProjectInspector - ComputeSourceDir
00:40:32.566 [main] INFO  f.i.s.r.p.i.ProjectInspector - ComputeTestDir
00:40:32.566 [main] INFO  f.i.s.r.p.i.ProjectInspector - CheckoutBuggyBuildCandidateSourceCode
00:40:32.567 [main] INFO  f.i.s.r.p.i.ProjectInspector - BuildProjectBuggyBuildCandidateSourceCode
00:40:32.567 [main] INFO  f.i.s.r.p.i.ProjectInspector - TestProjectBuggyBuildCandidateSourceCode
00:40:32.567 [main] INFO  f.i.s.r.p.i.ProjectInspector - GatherTestInformationBuggyBuildCandidateSourceCode
00:40:32.567 [main] INFO  f.i.s.r.p.i.ProjectInspector - CheckoutBuggyBuildTestCode
00:40:32.568 [main] INFO  f.i.s.r.p.i.ProjectInspector - InitRepoToPush
00:40:32.568 [main] INFO  f.i.s.r.p.i.ProjectInspector - ComputeClasspath
00:40:32.568 [main] INFO  f.i.s.r.p.i.ProjectInspector - ComputeModules
00:40:32.568 [main] INFO  f.i.s.r.p.i.ProjectInspector - CheckoutBuggyBuildCandidateSourceCode
00:40:32.568 [main] INFO  f.i.s.r.p.i.ProjectInspector - CommitChangedTests
00:40:32.569 [main] INFO  f.i.s.r.p.i.ProjectInspector - CheckoutPatchedBuildCandidate
00:40:32.569 [main] INFO  f.i.s.r.p.i.ProjectInspector - BuildProjectPatchedBuildCandidate
00:40:32.569 [main] INFO  f.i.s.r.p.i.ProjectInspector - TestProjectPatchedBuildCandidate
00:40:32.569 [main] INFO  f.i.s.r.p.i.ProjectInspector - GatherTestInformationPatchedBuildCandidate
00:40:32.569 [main] INFO  f.i.s.r.p.i.ProjectInspector - CommitPatch
00:40:32.570 [main] INFO  f.i.s.r.p.i.ProjectInspector - WritePropertyFile
00:40:32.572 [main] INFO  f.i.s.r.p.i.ProjectInspector - CommitProcessEnd
00:40:32.572 [main] INFO  f.i.s.r.p.i.ProjectInspector - PushProcessEnd
00:40:32.572 [main] DEBUG f.i.s.r.process.step.CloneRepository - ----------------------------------------------------------------------
00:40:32.573 [main] DEBUG f.i.s.r.process.step.CloneRepository - STEP 1/22: CloneRepository
00:40:32.573 [main] DEBUG f.i.s.r.process.step.CloneRepository - ----------------------------------------------------------------------
00:40:32.573 [main] DEBUG f.i.s.r.process.step.CloneRepository - Cloning repository prestodb/presto in the following directory: ./workspace/prestodb/presto/335367921
00:41:23.657 [main] DEBUG f.i.s.r.process.step.CloneRepository - STEP STATUS: [ CloneRepository : SUCCESS ]
00:41:23.658 [main] DEBUG f.i.s.r.process.step.CloneRepository - STEP DURATION: 51s
00:41:23.659 [main] DEBUG f.i.s.r.process.step.CloneRepository - EXECUTE NEXT STEP
00:41:23.659 [main] DEBUG f.i.s.r.p.s.c.CheckoutPatchedBuild - ----------------------------------------------------------------------
00:41:23.659 [main] DEBUG f.i.s.r.p.s.c.CheckoutPatchedBuild - STEP 2/22: CheckoutPatchedBuildCandidate
00:41:23.660 [main] DEBUG f.i.s.r.p.s.c.CheckoutPatchedBuild - ----------------------------------------------------------------------
00:41:23.660 [main] DEBUG f.i.s.r.p.s.c.CheckoutPatchedBuild - Checking out patched build candidate...
00:41:23.998 [main] INFO  fr.inria.jtravis.JTravis - GitHub ratelimit: Limit: 5000 Remaining: 4804 Reset hour: 19:20:06
00:41:26.475 [main] DEBUG f.i.s.r.p.s.c.CheckoutPatchedBuild - Reproduce the PR for prestodb/presto by fetching remote branch and merging.
00:41:32.516 [main] ERROR f.i.s.r.p.s.c.CheckoutPatchedBuild - Error while testing commit: org.eclipse.jgit.errors.MissingObjectException: Missing unknown 6cb004494c44885433e195797e2bf3dab137aef1
00:41:32.517 [main] ERROR f.i.s.r.p.s.c.CheckoutPatchedBuild - Commit head ref cannot be retrieved from the repository: 6cb004494c44885433e195797e2bf3dab137aef1. Operation aborted.
00:41:32.517 [main] ERROR f.i.s.r.p.s.c.CheckoutPatchedBuild - Error while merging two commits to reproduce the PR.
00:41:32.518 [main] DEBUG f.i.s.r.p.s.c.CheckoutPatchedBuild - STEP STATUS: [ CheckoutPatchedBuildCandidate : FAILURE ( BUILDNOTCHECKEDOUT ) ]
00:41:32.518 [main] DEBUG f.i.s.r.p.s.c.CheckoutPatchedBuild - STEP DURATION: 8s
00:41:32.518 [main] DEBUG f.i.s.r.p.s.c.CheckoutPatchedBuild - TERMINATE PIPELINE
00:41:32.519 [main] DEBUG f.i.s.r.p.s.c.CheckoutPatchedBuild - FINAL STEPS SKIPPED: The reproduction of the bug and/or the patch failed.
00:41:32.519 [main] INFO  f.i.s.r.p.s.c.CheckoutPatchedBuild - Serialize all data for the pair of builds 335367921, 335531995
00:41:32.859 [main] INFO  fr.inria.jtravis.JTravis - GitHub ratelimit: Limit: 5000 Remaining: 4797 Reset hour: 19:20:06
00:41:34.371 [main] INFO  f.i.s.r.p.i.ProjectInspector - ----------------------------------------------------------------------
00:41:34.371 [main] INFO  f.i.s.r.p.i.ProjectInspector - PIPELINE EXECUTION SUMMARY
00:41:34.371 [main] INFO  f.i.s.r.p.i.ProjectInspector - ----------------------------------------------------------------------
00:41:34.371 [main] INFO  f.i.s.r.p.i.ProjectInspector - CloneRepository.......................................SUCCESS [ 51 s ]
00:41:34.372 [main] INFO  f.i.s.r.p.i.ProjectInspector - CheckoutPatchedBuildCandidate.........................FAILURE [  8 s ]
00:41:34.372 [main] INFO  f.i.s.r.p.i.ProjectInspector - ComputeSourceDir......................................NOT RUN         
00:41:34.372 [main] INFO  f.i.s.r.p.i.ProjectInspector - ComputeTestDir........................................NOT RUN         
00:41:34.372 [main] INFO  f.i.s.r.p.i.ProjectInspector - CheckoutBuggyBuildCandidateSourceCode.................NOT RUN         
00:41:34.373 [main] INFO  f.i.s.r.p.i.ProjectInspector - BuildProjectBuggyBuildCandidateSourceCode.............NOT RUN         
00:41:34.373 [main] INFO  f.i.s.r.p.i.ProjectInspector - TestProjectBuggyBuildCandidateSourceCode..............NOT RUN         
00:41:34.373 [main] INFO  f.i.s.r.p.i.ProjectInspector - GatherTestInformationBuggyBuildCandidateSourceCode....NOT RUN         
00:41:34.373 [main] INFO  f.i.s.r.p.i.ProjectInspector - CheckoutBuggyBuildTestCode............................NOT RUN         
00:41:34.373 [main] INFO  f.i.s.r.p.i.ProjectInspector - InitRepoToPush........................................NOT RUN         
00:41:34.373 [main] INFO  f.i.s.r.p.i.ProjectInspector - ComputeClasspath......................................NOT RUN         
00:41:34.374 [main] INFO  f.i.s.r.p.i.ProjectInspector - ComputeModules........................................NOT RUN         
00:41:34.374 [main] INFO  f.i.s.r.p.i.ProjectInspector - CheckoutBuggyBuildCandidateSourceCode.................NOT RUN         
00:41:34.374 [main] INFO  f.i.s.r.p.i.ProjectInspector - CommitChangedTests....................................NOT RUN         
00:41:34.374 [main] INFO  f.i.s.r.p.i.ProjectInspector - CheckoutPatchedBuildCandidate.........................NOT RUN         
00:41:34.374 [main] INFO  f.i.s.r.p.i.ProjectInspector - BuildProjectPatchedBuildCandidate.....................NOT RUN         
00:41:34.374 [main] INFO  f.i.s.r.p.i.ProjectInspector - TestProjectPatchedBuildCandidate......................NOT RUN         
00:41:34.374 [main] INFO  f.i.s.r.p.i.ProjectInspector - GatherTestInformationPatchedBuildCandidate............NOT RUN         
00:41:34.375 [main] INFO  f.i.s.r.p.i.ProjectInspector - CommitPatch...........................................NOT RUN         
00:41:34.375 [main] INFO  f.i.s.r.p.i.ProjectInspector - WritePropertyFile.....................................NOT RUN         
00:41:34.375 [main] INFO  f.i.s.r.p.i.ProjectInspector - CommitProcessEnd......................................NOT RUN         
00:41:34.375 [main] INFO  f.i.s.r.p.i.ProjectInspector - PushProcessEnd........................................NOT RUN         
00:41:34.375 [main] INFO  f.i.s.r.p.i.ProjectInspector - ----------------------------------------------------------------------
00:41:34.375 [main] INFO  f.i.s.r.p.i.ProjectInspector - PIPELINE FINDING: BUILDNOTCHECKEDOUT
00:41:34.376 [main] INFO  f.i.s.r.p.i.ProjectInspector - ----------------------------------------------------------------------
00:41:34.376 [main] INFO  f.i.s.repairnator.pipeline.Launcher - Inspector is finished. The process will exit now.
