08:54:53.980 [main] INFO  f.i.s.repairnator.pipeline.Launcher - PIPELINE VERSION: 3.0-2018-08-09 19:04
08:54:54.169 [main] INFO  f.i.s.repairnator.pipeline.Launcher - The pipeline will try to reproduce a bug from build 334019086 and its corresponding patch from build 334574950
08:54:54.169 [main] INFO  f.i.s.repairnator.pipeline.Launcher - Initialize file serializer engines.
08:54:54.171 [main] INFO  f.i.s.repairnator.pipeline.Launcher - MongoDB won't be used for serialization.
08:54:54.171 [main] INFO  f.i.s.repairnator.pipeline.Launcher - The email notifier engine won't be used.
08:54:54.174 [main] INFO  f.i.s.repairnator.pipeline.Launcher - Start by getting the build (buildId: 334019086) with the following config: RepairnatorConfig{runId='e37d2f70-f43d-494e-93aa-3a56dc324afd_01-18-week4-PASSING_AND_PASSING', launcherMode=BEARS, serializeJson=true, inputPath='null', outputPath='/var/log', mongodbHost='null', mongodbName='repairnator', smtpServer='null', notifyTo=[], notifyEndProcess=false, push=true, pushRemoteRepo='https://github.com/fermadeiral/bears-collection-pp', fork=false, lookFromDate=null, lookToDate=null, buildId=334019086, z3solverPath='./z3_for_linux', workspacePath='./workspace', githubToken='c8a341a903[...]', dockerImageName='null', skipDelete=false, createOutputDir=false, logDirectory='null', nbThreads=0, globalTimeout=0, whiteList=null, blackList=null, jobSleepTime=0, buildSleepTime=0, maxInspectedBuilds=0, duration=null, humanPatch=false, repository='null', clean=true, bearsMode=BOTH, bearsDelimiter = false, repairTools=NopolAllTests,NPEFix,AssertFixer,AstorJGenProg,AstorJKali,NopolSingleTest,AstorJMut,NopolTestExclusionStrategy, githubUserName= fermadeiral, githubUserEmail=fer.madeiral@gmail.com}
08:54:55.495 [main] DEBUG fr.inria.jtravis.helpers.BuildHelper - Get request to :https://api.travis-ci.org/build/334019086 done after 840 ms
08:54:55.722 [main] DEBUG fr.inria.jtravis.helpers.BuildHelper - Get request to :https://api.travis-ci.org/build/334574950 done after 134 ms
08:54:55.737 [main] INFO  f.i.s.repairnator.pipeline.Launcher - The patched build (334574950) was successfully retrieved from Travis.
08:54:56.817 [main] INFO  fr.inria.jtravis.JTravis - GitHub ratelimit: Limit: 5000 Remaining: 4822 Reset hour: 19:20:37
08:54:57.074 [main] INFO  f.i.s.r.p.i.ProjectInspector - ----------------------------------------------------------------------
08:54:57.074 [main] INFO  f.i.s.r.p.i.ProjectInspector - PIPELINE STEPS
08:54:57.075 [main] INFO  f.i.s.r.p.i.ProjectInspector - ----------------------------------------------------------------------
08:54:57.075 [main] INFO  f.i.s.r.p.i.ProjectInspector - CloneRepository
08:54:57.075 [main] INFO  f.i.s.r.p.i.ProjectInspector - CheckoutPatchedBuildCandidate
08:54:57.075 [main] INFO  f.i.s.r.p.i.ProjectInspector - ComputeSourceDir
08:54:57.075 [main] INFO  f.i.s.r.p.i.ProjectInspector - ComputeTestDir
08:54:57.075 [main] INFO  f.i.s.r.p.i.ProjectInspector - CheckoutBuggyBuildCandidateSourceCode
08:54:57.075 [main] INFO  f.i.s.r.p.i.ProjectInspector - BuildProjectBuggyBuildCandidateSourceCode
08:54:57.076 [main] INFO  f.i.s.r.p.i.ProjectInspector - TestProjectBuggyBuildCandidateSourceCode
08:54:57.076 [main] INFO  f.i.s.r.p.i.ProjectInspector - GatherTestInformationBuggyBuildCandidateSourceCode
08:54:57.076 [main] INFO  f.i.s.r.p.i.ProjectInspector - CheckoutBuggyBuildTestCode
08:54:57.076 [main] INFO  f.i.s.r.p.i.ProjectInspector - InitRepoToPush
08:54:57.076 [main] INFO  f.i.s.r.p.i.ProjectInspector - ComputeClasspath
08:54:57.076 [main] INFO  f.i.s.r.p.i.ProjectInspector - ComputeModules
08:54:57.076 [main] INFO  f.i.s.r.p.i.ProjectInspector - CheckoutBuggyBuildCandidateSourceCode
08:54:57.076 [main] INFO  f.i.s.r.p.i.ProjectInspector - CommitChangedTests
08:54:57.076 [main] INFO  f.i.s.r.p.i.ProjectInspector - CheckoutPatchedBuildCandidate
08:54:57.077 [main] INFO  f.i.s.r.p.i.ProjectInspector - BuildProjectPatchedBuildCandidate
08:54:57.077 [main] INFO  f.i.s.r.p.i.ProjectInspector - TestProjectPatchedBuildCandidate
08:54:57.077 [main] INFO  f.i.s.r.p.i.ProjectInspector - GatherTestInformationPatchedBuildCandidate
08:54:57.077 [main] INFO  f.i.s.r.p.i.ProjectInspector - CommitPatch
08:54:57.077 [main] INFO  f.i.s.r.p.i.ProjectInspector - WritePropertyFile
08:54:57.077 [main] INFO  f.i.s.r.p.i.ProjectInspector - CommitProcessEnd
08:54:57.078 [main] INFO  f.i.s.r.p.i.ProjectInspector - PushProcessEnd
08:54:57.078 [main] DEBUG f.i.s.r.process.step.CloneRepository - ----------------------------------------------------------------------
08:54:57.078 [main] DEBUG f.i.s.r.process.step.CloneRepository - STEP 1/22: CloneRepository
08:54:57.078 [main] DEBUG f.i.s.r.process.step.CloneRepository - ----------------------------------------------------------------------
08:54:57.079 [main] DEBUG f.i.s.r.process.step.CloneRepository - Cloning repository runelite/runelite in the following directory: ./workspace/runelite/runelite/334019086
08:55:07.568 [main] DEBUG f.i.s.r.process.step.CloneRepository - STEP STATUS: [ CloneRepository : SUCCESS ]
08:55:07.569 [main] DEBUG f.i.s.r.process.step.CloneRepository - STEP DURATION: 10s
08:55:07.569 [main] DEBUG f.i.s.r.process.step.CloneRepository - EXECUTE NEXT STEP
08:55:07.569 [main] DEBUG f.i.s.r.p.s.c.CheckoutPatchedBuild - ----------------------------------------------------------------------
08:55:07.570 [main] DEBUG f.i.s.r.p.s.c.CheckoutPatchedBuild - STEP 2/22: CheckoutPatchedBuildCandidate
08:55:07.570 [main] DEBUG f.i.s.r.p.s.c.CheckoutPatchedBuild - ----------------------------------------------------------------------
08:55:07.570 [main] DEBUG f.i.s.r.p.s.c.CheckoutPatchedBuild - Checking out patched build candidate...
08:55:07.916 [main] INFO  fr.inria.jtravis.JTravis - GitHub ratelimit: Limit: 5000 Remaining: 4814 Reset hour: 19:20:37
08:55:09.725 [main] DEBUG f.i.s.r.p.s.c.CheckoutPatchedBuild - Reproduce the PR for runelite/runelite by fetching remote branch and merging.
08:55:25.036 [main] ERROR f.i.s.r.p.s.c.CheckoutPatchedBuild - Error while testing commit: org.eclipse.jgit.errors.MissingObjectException: Missing unknown 4ccc9ec993a8a8066e5eaf0f70ac22b683282431
08:55:25.037 [main] ERROR f.i.s.r.p.s.c.CheckoutPatchedBuild - Commit head ref cannot be retrieved from the repository: 4ccc9ec993a8a8066e5eaf0f70ac22b683282431. Operation aborted.
08:55:25.038 [main] ERROR f.i.s.r.p.s.c.CheckoutPatchedBuild - Error while merging two commits to reproduce the PR.
08:55:25.039 [main] DEBUG f.i.s.r.p.s.c.CheckoutPatchedBuild - STEP STATUS: [ CheckoutPatchedBuildCandidate : FAILURE ( BUILDNOTCHECKEDOUT ) ]
08:55:25.039 [main] DEBUG f.i.s.r.p.s.c.CheckoutPatchedBuild - STEP DURATION: 17s
08:55:25.040 [main] DEBUG f.i.s.r.p.s.c.CheckoutPatchedBuild - TERMINATE PIPELINE
08:55:25.040 [main] DEBUG f.i.s.r.p.s.c.CheckoutPatchedBuild - FINAL STEPS SKIPPED: The reproduction of the bug and/or the patch failed.
08:55:25.040 [main] INFO  f.i.s.r.p.s.c.CheckoutPatchedBuild - Serialize all data for the pair of builds 334019086, 334574950
08:55:25.366 [main] INFO  fr.inria.jtravis.JTravis - GitHub ratelimit: Limit: 5000 Remaining: 4803 Reset hour: 19:20:37
08:55:25.961 [main] INFO  f.i.s.r.p.i.ProjectInspector - ----------------------------------------------------------------------
08:55:25.962 [main] INFO  f.i.s.r.p.i.ProjectInspector - PIPELINE EXECUTION SUMMARY
08:55:25.962 [main] INFO  f.i.s.r.p.i.ProjectInspector - ----------------------------------------------------------------------
08:55:25.963 [main] INFO  f.i.s.r.p.i.ProjectInspector - CloneRepository.......................................SUCCESS [ 10 s ]
08:55:25.963 [main] INFO  f.i.s.r.p.i.ProjectInspector - CheckoutPatchedBuildCandidate.........................FAILURE [ 17 s ]
08:55:25.963 [main] INFO  f.i.s.r.p.i.ProjectInspector - ComputeSourceDir......................................NOT RUN         
08:55:25.963 [main] INFO  f.i.s.r.p.i.ProjectInspector - ComputeTestDir........................................NOT RUN         
08:55:25.963 [main] INFO  f.i.s.r.p.i.ProjectInspector - CheckoutBuggyBuildCandidateSourceCode.................NOT RUN         
08:55:25.963 [main] INFO  f.i.s.r.p.i.ProjectInspector - BuildProjectBuggyBuildCandidateSourceCode.............NOT RUN         
08:55:25.964 [main] INFO  f.i.s.r.p.i.ProjectInspector - TestProjectBuggyBuildCandidateSourceCode..............NOT RUN         
08:55:25.964 [main] INFO  f.i.s.r.p.i.ProjectInspector - GatherTestInformationBuggyBuildCandidateSourceCode....NOT RUN         
08:55:25.964 [main] INFO  f.i.s.r.p.i.ProjectInspector - CheckoutBuggyBuildTestCode............................NOT RUN         
08:55:25.964 [main] INFO  f.i.s.r.p.i.ProjectInspector - InitRepoToPush........................................NOT RUN         
08:55:25.964 [main] INFO  f.i.s.r.p.i.ProjectInspector - ComputeClasspath......................................NOT RUN         
08:55:25.964 [main] INFO  f.i.s.r.p.i.ProjectInspector - ComputeModules........................................NOT RUN         
08:55:25.964 [main] INFO  f.i.s.r.p.i.ProjectInspector - CheckoutBuggyBuildCandidateSourceCode.................NOT RUN         
08:55:25.965 [main] INFO  f.i.s.r.p.i.ProjectInspector - CommitChangedTests....................................NOT RUN         
08:55:25.965 [main] INFO  f.i.s.r.p.i.ProjectInspector - CheckoutPatchedBuildCandidate.........................NOT RUN         
08:55:25.965 [main] INFO  f.i.s.r.p.i.ProjectInspector - BuildProjectPatchedBuildCandidate.....................NOT RUN         
08:55:25.965 [main] INFO  f.i.s.r.p.i.ProjectInspector - TestProjectPatchedBuildCandidate......................NOT RUN         
08:55:25.965 [main] INFO  f.i.s.r.p.i.ProjectInspector - GatherTestInformationPatchedBuildCandidate............NOT RUN         
08:55:25.965 [main] INFO  f.i.s.r.p.i.ProjectInspector - CommitPatch...........................................NOT RUN         
08:55:25.966 [main] INFO  f.i.s.r.p.i.ProjectInspector - WritePropertyFile.....................................NOT RUN         
08:55:25.966 [main] INFO  f.i.s.r.p.i.ProjectInspector - CommitProcessEnd......................................NOT RUN         
08:55:25.966 [main] INFO  f.i.s.r.p.i.ProjectInspector - PushProcessEnd........................................NOT RUN         
08:55:25.966 [main] INFO  f.i.s.r.p.i.ProjectInspector - ----------------------------------------------------------------------
08:55:25.966 [main] INFO  f.i.s.r.p.i.ProjectInspector - PIPELINE FINDING: BUILDNOTCHECKEDOUT
08:55:25.966 [main] INFO  f.i.s.r.p.i.ProjectInspector - ----------------------------------------------------------------------
08:55:25.966 [main] INFO  f.i.s.repairnator.pipeline.Launcher - Inspector is finished. The process will exit now.
