00:33:00.328 [main] INFO  f.i.s.repairnator.pipeline.Launcher - PIPELINE VERSION: 3.0-2018-08-09 19:04
00:33:01.159 [main] INFO  f.i.s.repairnator.pipeline.Launcher - The pipeline will try to reproduce a bug from build 331790048 and its corresponding patch from build 331822207
00:33:01.160 [main] INFO  f.i.s.repairnator.pipeline.Launcher - Initialize file serializer engines.
00:33:01.161 [main] INFO  f.i.s.repairnator.pipeline.Launcher - MongoDB won't be used for serialization.
00:33:01.162 [main] INFO  f.i.s.repairnator.pipeline.Launcher - The email notifier engine won't be used.
00:33:01.173 [main] INFO  f.i.s.repairnator.pipeline.Launcher - Start by getting the build (buildId: 331790048) with the following config: RepairnatorConfig{runId='e37d2f70-f43d-494e-93aa-3a56dc324afd_01-18-week4-PASSING_AND_PASSING', launcherMode=BEARS, serializeJson=true, inputPath='null', outputPath='/var/log', mongodbHost='null', mongodbName='repairnator', smtpServer='null', notifyTo=[], notifyEndProcess=false, push=true, pushRemoteRepo='https://github.com/fermadeiral/bears-collection-pp', fork=false, lookFromDate=null, lookToDate=null, buildId=331790048, z3solverPath='./z3_for_linux', workspacePath='./workspace', githubToken='c8a341a903[...]', dockerImageName='null', skipDelete=false, createOutputDir=false, logDirectory='null', nbThreads=0, globalTimeout=0, whiteList=null, blackList=null, jobSleepTime=0, buildSleepTime=0, maxInspectedBuilds=0, duration=null, humanPatch=false, repository='null', clean=true, bearsMode=BOTH, bearsDelimiter = false, repairTools=NopolAllTests,NPEFix,AssertFixer,AstorJGenProg,AstorJKali,NopolSingleTest,AstorJMut,NopolTestExclusionStrategy, githubUserName= fermadeiral, githubUserEmail=fer.madeiral@gmail.com}
00:33:05.248 [main] DEBUG fr.inria.jtravis.helpers.BuildHelper - Get request to :https://api.travis-ci.org/build/331790048 done after 1402 ms
00:33:05.559 [main] DEBUG fr.inria.jtravis.helpers.BuildHelper - Get request to :https://api.travis-ci.org/build/331822207 done after 143 ms
00:33:05.591 [main] INFO  f.i.s.repairnator.pipeline.Launcher - The patched build (331822207) was successfully retrieved from Travis.
00:33:06.975 [main] INFO  fr.inria.jtravis.JTravis - GitHub ratelimit: Limit: 5000 Remaining: 4872 Reset hour: 19:20:06
00:33:07.268 [main] INFO  f.i.s.r.p.i.ProjectInspector - ----------------------------------------------------------------------
00:33:07.269 [main] INFO  f.i.s.r.p.i.ProjectInspector - PIPELINE STEPS
00:33:07.269 [main] INFO  f.i.s.r.p.i.ProjectInspector - ----------------------------------------------------------------------
00:33:07.269 [main] INFO  f.i.s.r.p.i.ProjectInspector - CloneRepository
00:33:07.269 [main] INFO  f.i.s.r.p.i.ProjectInspector - CheckoutPatchedBuildCandidate
00:33:07.270 [main] INFO  f.i.s.r.p.i.ProjectInspector - ComputeSourceDir
00:33:07.270 [main] INFO  f.i.s.r.p.i.ProjectInspector - ComputeTestDir
00:33:07.270 [main] INFO  f.i.s.r.p.i.ProjectInspector - CheckoutBuggyBuildCandidateSourceCode
00:33:07.270 [main] INFO  f.i.s.r.p.i.ProjectInspector - BuildProjectBuggyBuildCandidateSourceCode
00:33:07.271 [main] INFO  f.i.s.r.p.i.ProjectInspector - TestProjectBuggyBuildCandidateSourceCode
00:33:07.271 [main] INFO  f.i.s.r.p.i.ProjectInspector - GatherTestInformationBuggyBuildCandidateSourceCode
00:33:07.271 [main] INFO  f.i.s.r.p.i.ProjectInspector - CheckoutBuggyBuildTestCode
00:33:07.271 [main] INFO  f.i.s.r.p.i.ProjectInspector - InitRepoToPush
00:33:07.271 [main] INFO  f.i.s.r.p.i.ProjectInspector - ComputeClasspath
00:33:07.272 [main] INFO  f.i.s.r.p.i.ProjectInspector - ComputeModules
00:33:07.272 [main] INFO  f.i.s.r.p.i.ProjectInspector - CheckoutBuggyBuildCandidateSourceCode
00:33:07.272 [main] INFO  f.i.s.r.p.i.ProjectInspector - CommitChangedTests
00:33:07.272 [main] INFO  f.i.s.r.p.i.ProjectInspector - CheckoutPatchedBuildCandidate
00:33:07.272 [main] INFO  f.i.s.r.p.i.ProjectInspector - BuildProjectPatchedBuildCandidate
00:33:07.272 [main] INFO  f.i.s.r.p.i.ProjectInspector - TestProjectPatchedBuildCandidate
00:33:07.273 [main] INFO  f.i.s.r.p.i.ProjectInspector - GatherTestInformationPatchedBuildCandidate
00:33:07.274 [main] INFO  f.i.s.r.p.i.ProjectInspector - CommitPatch
00:33:07.274 [main] INFO  f.i.s.r.p.i.ProjectInspector - WritePropertyFile
00:33:07.274 [main] INFO  f.i.s.r.p.i.ProjectInspector - CommitProcessEnd
00:33:07.274 [main] INFO  f.i.s.r.p.i.ProjectInspector - PushProcessEnd
00:33:07.275 [main] DEBUG f.i.s.r.process.step.CloneRepository - ----------------------------------------------------------------------
00:33:07.275 [main] DEBUG f.i.s.r.process.step.CloneRepository - STEP 1/22: CloneRepository
00:33:07.275 [main] DEBUG f.i.s.r.process.step.CloneRepository - ----------------------------------------------------------------------
00:33:07.276 [main] DEBUG f.i.s.r.process.step.CloneRepository - Cloning repository apache/flink in the following directory: ./workspace/apache/flink/331790048
00:34:28.524 [main] DEBUG f.i.s.r.process.step.CloneRepository - STEP STATUS: [ CloneRepository : SUCCESS ]
00:34:28.524 [main] DEBUG f.i.s.r.process.step.CloneRepository - STEP DURATION: 81s
00:34:28.525 [main] DEBUG f.i.s.r.process.step.CloneRepository - EXECUTE NEXT STEP
00:34:28.525 [main] DEBUG f.i.s.r.p.s.c.CheckoutPatchedBuild - ----------------------------------------------------------------------
00:34:28.525 [main] DEBUG f.i.s.r.p.s.c.CheckoutPatchedBuild - STEP 2/22: CheckoutPatchedBuildCandidate
00:34:28.526 [main] DEBUG f.i.s.r.p.s.c.CheckoutPatchedBuild - ----------------------------------------------------------------------
00:34:28.526 [main] DEBUG f.i.s.r.p.s.c.CheckoutPatchedBuild - Checking out patched build candidate...
00:34:28.884 [main] INFO  fr.inria.jtravis.JTravis - GitHub ratelimit: Limit: 5000 Remaining: 4871 Reset hour: 19:20:06
00:34:31.699 [main] DEBUG f.i.s.r.p.s.c.CheckoutPatchedBuild - Reproduce the PR for apache/flink by fetching remote branch and merging.
00:34:36.971 [main] ERROR f.i.s.r.p.s.c.CheckoutPatchedBuild - Error while testing commit: org.eclipse.jgit.errors.MissingObjectException: Missing unknown b447589057711669420281361d6ac2eb06eb37bd
00:34:36.973 [main] ERROR f.i.s.r.p.s.c.CheckoutPatchedBuild - Commit head ref cannot be retrieved from the repository: b447589057711669420281361d6ac2eb06eb37bd. Operation aborted.
00:34:36.974 [main] ERROR f.i.s.r.p.s.c.CheckoutPatchedBuild - Error while merging two commits to reproduce the PR.
00:34:36.975 [main] DEBUG f.i.s.r.p.s.c.CheckoutPatchedBuild - STEP STATUS: [ CheckoutPatchedBuildCandidate : FAILURE ( BUILDNOTCHECKEDOUT ) ]
00:34:36.975 [main] DEBUG f.i.s.r.p.s.c.CheckoutPatchedBuild - STEP DURATION: 8s
00:34:36.976 [main] DEBUG f.i.s.r.p.s.c.CheckoutPatchedBuild - TERMINATE PIPELINE
00:34:36.976 [main] DEBUG f.i.s.r.p.s.c.CheckoutPatchedBuild - FINAL STEPS SKIPPED: The reproduction of the bug and/or the patch failed.
00:34:36.976 [main] INFO  f.i.s.r.p.s.c.CheckoutPatchedBuild - Serialize all data for the pair of builds 331790048, 331822207
00:34:37.313 [main] INFO  fr.inria.jtravis.JTravis - GitHub ratelimit: Limit: 5000 Remaining: 4864 Reset hour: 19:20:06
00:34:39.202 [main] INFO  f.i.s.r.p.i.ProjectInspector - ----------------------------------------------------------------------
00:34:39.202 [main] INFO  f.i.s.r.p.i.ProjectInspector - PIPELINE EXECUTION SUMMARY
00:34:39.203 [main] INFO  f.i.s.r.p.i.ProjectInspector - ----------------------------------------------------------------------
00:34:39.203 [main] INFO  f.i.s.r.p.i.ProjectInspector - CloneRepository.......................................SUCCESS [ 81 s ]
00:34:39.203 [main] INFO  f.i.s.r.p.i.ProjectInspector - CheckoutPatchedBuildCandidate.........................FAILURE [  8 s ]
00:34:39.203 [main] INFO  f.i.s.r.p.i.ProjectInspector - ComputeSourceDir......................................NOT RUN         
00:34:39.203 [main] INFO  f.i.s.r.p.i.ProjectInspector - ComputeTestDir........................................NOT RUN         
00:34:39.204 [main] INFO  f.i.s.r.p.i.ProjectInspector - CheckoutBuggyBuildCandidateSourceCode.................NOT RUN         
00:34:39.204 [main] INFO  f.i.s.r.p.i.ProjectInspector - BuildProjectBuggyBuildCandidateSourceCode.............NOT RUN         
00:34:39.204 [main] INFO  f.i.s.r.p.i.ProjectInspector - TestProjectBuggyBuildCandidateSourceCode..............NOT RUN         
00:34:39.204 [main] INFO  f.i.s.r.p.i.ProjectInspector - GatherTestInformationBuggyBuildCandidateSourceCode....NOT RUN         
00:34:39.204 [main] INFO  f.i.s.r.p.i.ProjectInspector - CheckoutBuggyBuildTestCode............................NOT RUN         
00:34:39.204 [main] INFO  f.i.s.r.p.i.ProjectInspector - InitRepoToPush........................................NOT RUN         
00:34:39.205 [main] INFO  f.i.s.r.p.i.ProjectInspector - ComputeClasspath......................................NOT RUN         
00:34:39.205 [main] INFO  f.i.s.r.p.i.ProjectInspector - ComputeModules........................................NOT RUN         
00:34:39.205 [main] INFO  f.i.s.r.p.i.ProjectInspector - CheckoutBuggyBuildCandidateSourceCode.................NOT RUN         
00:34:39.205 [main] INFO  f.i.s.r.p.i.ProjectInspector - CommitChangedTests....................................NOT RUN         
00:34:39.205 [main] INFO  f.i.s.r.p.i.ProjectInspector - CheckoutPatchedBuildCandidate.........................NOT RUN         
00:34:39.205 [main] INFO  f.i.s.r.p.i.ProjectInspector - BuildProjectPatchedBuildCandidate.....................NOT RUN         
00:34:39.206 [main] INFO  f.i.s.r.p.i.ProjectInspector - TestProjectPatchedBuildCandidate......................NOT RUN         
00:34:39.206 [main] INFO  f.i.s.r.p.i.ProjectInspector - GatherTestInformationPatchedBuildCandidate............NOT RUN         
00:34:39.206 [main] INFO  f.i.s.r.p.i.ProjectInspector - CommitPatch...........................................NOT RUN         
00:34:39.206 [main] INFO  f.i.s.r.p.i.ProjectInspector - WritePropertyFile.....................................NOT RUN         
00:34:39.206 [main] INFO  f.i.s.r.p.i.ProjectInspector - CommitProcessEnd......................................NOT RUN         
00:34:39.206 [main] INFO  f.i.s.r.p.i.ProjectInspector - PushProcessEnd........................................NOT RUN         
00:34:39.207 [main] INFO  f.i.s.r.p.i.ProjectInspector - ----------------------------------------------------------------------
00:34:39.207 [main] INFO  f.i.s.r.p.i.ProjectInspector - PIPELINE FINDING: BUILDNOTCHECKEDOUT
00:34:39.207 [main] INFO  f.i.s.r.p.i.ProjectInspector - ----------------------------------------------------------------------
00:34:39.207 [main] INFO  f.i.s.repairnator.pipeline.Launcher - Inspector is finished. The process will exit now.
