12:19:48.083 [main] INFO  f.i.s.repairnator.pipeline.Launcher - PIPELINE VERSION: 3.0-2018-08-09 19:04
12:19:48.259 [main] INFO  f.i.s.repairnator.pipeline.Launcher - The pipeline will try to reproduce a bug from build 334855390 and its corresponding patch from build 334857672
12:19:48.260 [main] INFO  f.i.s.repairnator.pipeline.Launcher - Initialize file serializer engines.
12:19:48.263 [main] INFO  f.i.s.repairnator.pipeline.Launcher - MongoDB won't be used for serialization.
12:19:48.263 [main] INFO  f.i.s.repairnator.pipeline.Launcher - The email notifier engine won't be used.
12:19:48.267 [main] INFO  f.i.s.repairnator.pipeline.Launcher - Start by getting the build (buildId: 334855390) with the following config: RepairnatorConfig{runId='e37d2f70-f43d-494e-93aa-3a56dc324afd_01-18-week4-PASSING_AND_PASSING', launcherMode=BEARS, serializeJson=true, inputPath='null', outputPath='/var/log', mongodbHost='null', mongodbName='repairnator', smtpServer='null', notifyTo=[], notifyEndProcess=false, push=true, pushRemoteRepo='https://github.com/fermadeiral/bears-collection-pp', fork=false, lookFromDate=null, lookToDate=null, buildId=334855390, z3solverPath='./z3_for_linux', workspacePath='./workspace', githubToken='c8a341a903[...]', dockerImageName='null', skipDelete=false, createOutputDir=false, logDirectory='null', nbThreads=0, globalTimeout=0, whiteList=null, blackList=null, jobSleepTime=0, buildSleepTime=0, maxInspectedBuilds=0, duration=null, humanPatch=false, repository='null', clean=true, bearsMode=BOTH, bearsDelimiter = false, repairTools=NopolAllTests,NPEFix,AssertFixer,AstorJGenProg,AstorJKali,NopolSingleTest,AstorJMut,NopolTestExclusionStrategy, githubUserName= fermadeiral, githubUserEmail=fer.madeiral@gmail.com}
12:19:49.826 [main] DEBUG fr.inria.jtravis.helpers.BuildHelper - Get request to :https://api.travis-ci.org/build/334855390 done after 874 ms
12:19:50.043 [main] DEBUG fr.inria.jtravis.helpers.BuildHelper - Get request to :https://api.travis-ci.org/build/334857672 done after 134 ms
12:19:50.065 [main] INFO  f.i.s.repairnator.pipeline.Launcher - The patched build (334857672) was successfully retrieved from Travis.
12:19:51.481 [main] INFO  fr.inria.jtravis.JTravis - GitHub ratelimit: Limit: 5000 Remaining: 4656 Reset hour: 19:20:49
12:19:51.750 [main] INFO  f.i.s.r.p.i.ProjectInspector - ----------------------------------------------------------------------
12:19:51.750 [main] INFO  f.i.s.r.p.i.ProjectInspector - PIPELINE STEPS
12:19:51.751 [main] INFO  f.i.s.r.p.i.ProjectInspector - ----------------------------------------------------------------------
12:19:51.751 [main] INFO  f.i.s.r.p.i.ProjectInspector - CloneRepository
12:19:51.751 [main] INFO  f.i.s.r.p.i.ProjectInspector - CheckoutPatchedBuildCandidate
12:19:51.751 [main] INFO  f.i.s.r.p.i.ProjectInspector - ComputeSourceDir
12:19:51.752 [main] INFO  f.i.s.r.p.i.ProjectInspector - ComputeTestDir
12:19:51.752 [main] INFO  f.i.s.r.p.i.ProjectInspector - CheckoutBuggyBuildCandidateSourceCode
12:19:51.752 [main] INFO  f.i.s.r.p.i.ProjectInspector - BuildProjectBuggyBuildCandidateSourceCode
12:19:51.752 [main] INFO  f.i.s.r.p.i.ProjectInspector - TestProjectBuggyBuildCandidateSourceCode
12:19:51.752 [main] INFO  f.i.s.r.p.i.ProjectInspector - GatherTestInformationBuggyBuildCandidateSourceCode
12:19:51.753 [main] INFO  f.i.s.r.p.i.ProjectInspector - CheckoutBuggyBuildTestCode
12:19:51.753 [main] INFO  f.i.s.r.p.i.ProjectInspector - InitRepoToPush
12:19:51.753 [main] INFO  f.i.s.r.p.i.ProjectInspector - ComputeClasspath
12:19:51.755 [main] INFO  f.i.s.r.p.i.ProjectInspector - ComputeModules
12:19:51.755 [main] INFO  f.i.s.r.p.i.ProjectInspector - CheckoutBuggyBuildCandidateSourceCode
12:19:51.756 [main] INFO  f.i.s.r.p.i.ProjectInspector - CommitChangedTests
12:19:51.756 [main] INFO  f.i.s.r.p.i.ProjectInspector - CheckoutPatchedBuildCandidate
12:19:51.756 [main] INFO  f.i.s.r.p.i.ProjectInspector - BuildProjectPatchedBuildCandidate
12:19:51.757 [main] INFO  f.i.s.r.p.i.ProjectInspector - TestProjectPatchedBuildCandidate
12:19:51.757 [main] INFO  f.i.s.r.p.i.ProjectInspector - GatherTestInformationPatchedBuildCandidate
12:19:51.758 [main] INFO  f.i.s.r.p.i.ProjectInspector - CommitPatch
12:19:51.758 [main] INFO  f.i.s.r.p.i.ProjectInspector - WritePropertyFile
12:19:51.759 [main] INFO  f.i.s.r.p.i.ProjectInspector - CommitProcessEnd
12:19:51.759 [main] INFO  f.i.s.r.p.i.ProjectInspector - PushProcessEnd
12:19:51.760 [main] DEBUG f.i.s.r.process.step.CloneRepository - ----------------------------------------------------------------------
12:19:51.760 [main] DEBUG f.i.s.r.process.step.CloneRepository - STEP 1/22: CloneRepository
12:19:51.760 [main] DEBUG f.i.s.r.process.step.CloneRepository - ----------------------------------------------------------------------
12:19:51.761 [main] DEBUG f.i.s.r.process.step.CloneRepository - Cloning repository StuPro-TOSCAna/TOSCAna in the following directory: ./workspace/StuPro-TOSCAna/TOSCAna/334855390
12:20:23.967 [main] DEBUG f.i.s.r.process.step.CloneRepository - STEP STATUS: [ CloneRepository : SUCCESS ]
12:20:23.967 [main] DEBUG f.i.s.r.process.step.CloneRepository - STEP DURATION: 32s
12:20:23.967 [main] DEBUG f.i.s.r.process.step.CloneRepository - EXECUTE NEXT STEP
12:20:23.968 [main] DEBUG f.i.s.r.p.s.c.CheckoutPatchedBuild - ----------------------------------------------------------------------
12:20:23.968 [main] DEBUG f.i.s.r.p.s.c.CheckoutPatchedBuild - STEP 2/22: CheckoutPatchedBuildCandidate
12:20:23.968 [main] DEBUG f.i.s.r.p.s.c.CheckoutPatchedBuild - ----------------------------------------------------------------------
12:20:23.968 [main] DEBUG f.i.s.r.p.s.c.CheckoutPatchedBuild - Checking out patched build candidate...
12:20:23.976 [main] ERROR f.i.s.r.p.s.c.CheckoutPatchedBuild - Error while testing commit: org.eclipse.jgit.errors.MissingObjectException: Missing unknown 3c71d870857b66839ebb3bfdfc3866e914322a6d
12:20:23.977 [main] ERROR f.i.s.r.p.s.c.CheckoutPatchedBuild - Error while getting the commit to checkout from the repo.
12:20:23.977 [main] DEBUG f.i.s.r.p.s.c.CheckoutPatchedBuild - STEP STATUS: [ CheckoutPatchedBuildCandidate : FAILURE ( BUILDNOTCHECKEDOUT ) ]
12:20:23.978 [main] DEBUG f.i.s.r.p.s.c.CheckoutPatchedBuild - STEP DURATION: 0s
12:20:23.978 [main] DEBUG f.i.s.r.p.s.c.CheckoutPatchedBuild - TERMINATE PIPELINE
12:20:23.978 [main] DEBUG f.i.s.r.p.s.c.CheckoutPatchedBuild - FINAL STEPS SKIPPED: The reproduction of the bug and/or the patch failed.
12:20:23.978 [main] INFO  f.i.s.r.p.s.c.CheckoutPatchedBuild - Serialize all data for the pair of builds 334855390, 334857672
12:20:24.343 [main] INFO  fr.inria.jtravis.JTravis - GitHub ratelimit: Limit: 5000 Remaining: 4651 Reset hour: 19:20:49
12:20:24.997 [main] INFO  f.i.s.r.p.i.ProjectInspector - ----------------------------------------------------------------------
12:20:24.997 [main] INFO  f.i.s.r.p.i.ProjectInspector - PIPELINE EXECUTION SUMMARY
12:20:24.997 [main] INFO  f.i.s.r.p.i.ProjectInspector - ----------------------------------------------------------------------
12:20:24.998 [main] INFO  f.i.s.r.p.i.ProjectInspector - CloneRepository.......................................SUCCESS [ 32 s ]
12:20:24.998 [main] INFO  f.i.s.r.p.i.ProjectInspector - CheckoutPatchedBuildCandidate.........................FAILURE [  0 s ]
12:20:24.998 [main] INFO  f.i.s.r.p.i.ProjectInspector - ComputeSourceDir......................................NOT RUN         
12:20:24.999 [main] INFO  f.i.s.r.p.i.ProjectInspector - ComputeTestDir........................................NOT RUN         
12:20:24.999 [main] INFO  f.i.s.r.p.i.ProjectInspector - CheckoutBuggyBuildCandidateSourceCode.................NOT RUN         
12:20:24.999 [main] INFO  f.i.s.r.p.i.ProjectInspector - BuildProjectBuggyBuildCandidateSourceCode.............NOT RUN         
12:20:24.999 [main] INFO  f.i.s.r.p.i.ProjectInspector - TestProjectBuggyBuildCandidateSourceCode..............NOT RUN         
12:20:25.000 [main] INFO  f.i.s.r.p.i.ProjectInspector - GatherTestInformationBuggyBuildCandidateSourceCode....NOT RUN         
12:20:25.000 [main] INFO  f.i.s.r.p.i.ProjectInspector - CheckoutBuggyBuildTestCode............................NOT RUN         
12:20:25.000 [main] INFO  f.i.s.r.p.i.ProjectInspector - InitRepoToPush........................................NOT RUN         
12:20:25.000 [main] INFO  f.i.s.r.p.i.ProjectInspector - ComputeClasspath......................................NOT RUN         
12:20:25.001 [main] INFO  f.i.s.r.p.i.ProjectInspector - ComputeModules........................................NOT RUN         
12:20:25.001 [main] INFO  f.i.s.r.p.i.ProjectInspector - CheckoutBuggyBuildCandidateSourceCode.................NOT RUN         
12:20:25.001 [main] INFO  f.i.s.r.p.i.ProjectInspector - CommitChangedTests....................................NOT RUN         
12:20:25.001 [main] INFO  f.i.s.r.p.i.ProjectInspector - CheckoutPatchedBuildCandidate.........................NOT RUN         
12:20:25.001 [main] INFO  f.i.s.r.p.i.ProjectInspector - BuildProjectPatchedBuildCandidate.....................NOT RUN         
12:20:25.001 [main] INFO  f.i.s.r.p.i.ProjectInspector - TestProjectPatchedBuildCandidate......................NOT RUN         
12:20:25.002 [main] INFO  f.i.s.r.p.i.ProjectInspector - GatherTestInformationPatchedBuildCandidate............NOT RUN         
12:20:25.002 [main] INFO  f.i.s.r.p.i.ProjectInspector - CommitPatch...........................................NOT RUN         
12:20:25.002 [main] INFO  f.i.s.r.p.i.ProjectInspector - WritePropertyFile.....................................NOT RUN         
12:20:25.002 [main] INFO  f.i.s.r.p.i.ProjectInspector - CommitProcessEnd......................................NOT RUN         
12:20:25.003 [main] INFO  f.i.s.r.p.i.ProjectInspector - PushProcessEnd........................................NOT RUN         
12:20:25.003 [main] INFO  f.i.s.r.p.i.ProjectInspector - ----------------------------------------------------------------------
12:20:25.003 [main] INFO  f.i.s.r.p.i.ProjectInspector - PIPELINE FINDING: BUILDNOTCHECKEDOUT
12:20:25.003 [main] INFO  f.i.s.r.p.i.ProjectInspector - ----------------------------------------------------------------------
12:20:25.003 [main] INFO  f.i.s.repairnator.pipeline.Launcher - Inspector is finished. The process will exit now.
