09:42:57.687 [main] INFO  f.i.s.repairnator.pipeline.Launcher - PIPELINE VERSION: 3.0-2018-08-09 19:04
09:42:57.884 [main] INFO  f.i.s.repairnator.pipeline.Launcher - The pipeline will try to reproduce a bug from build 333929192 and its corresponding patch from build 334976632
09:42:57.885 [main] INFO  f.i.s.repairnator.pipeline.Launcher - Initialize file serializer engines.
09:42:57.888 [main] INFO  f.i.s.repairnator.pipeline.Launcher - MongoDB won't be used for serialization.
09:42:57.889 [main] INFO  f.i.s.repairnator.pipeline.Launcher - The email notifier engine won't be used.
09:42:57.893 [main] INFO  f.i.s.repairnator.pipeline.Launcher - Start by getting the build (buildId: 333929192) with the following config: RepairnatorConfig{runId='e37d2f70-f43d-494e-93aa-3a56dc324afd_01-18-week4-PASSING_AND_PASSING', launcherMode=BEARS, serializeJson=true, inputPath='null', outputPath='/var/log', mongodbHost='null', mongodbName='repairnator', smtpServer='null', notifyTo=[], notifyEndProcess=false, push=true, pushRemoteRepo='https://github.com/fermadeiral/bears-collection-pp', fork=false, lookFromDate=null, lookToDate=null, buildId=333929192, z3solverPath='./z3_for_linux', workspacePath='./workspace', githubToken='c8a341a903[...]', dockerImageName='null', skipDelete=false, createOutputDir=false, logDirectory='null', nbThreads=0, globalTimeout=0, whiteList=null, blackList=null, jobSleepTime=0, buildSleepTime=0, maxInspectedBuilds=0, duration=null, humanPatch=false, repository='null', clean=true, bearsMode=BOTH, bearsDelimiter = false, repairTools=NopolAllTests,NPEFix,AssertFixer,AstorJGenProg,AstorJKali,NopolSingleTest,AstorJMut,NopolTestExclusionStrategy, githubUserName= fermadeiral, githubUserEmail=fer.madeiral@gmail.com}
09:42:59.414 [main] DEBUG fr.inria.jtravis.helpers.BuildHelper - Get request to :https://api.travis-ci.org/build/333929192 done after 942 ms
09:42:59.724 [main] DEBUG fr.inria.jtravis.helpers.BuildHelper - Get request to :https://api.travis-ci.org/build/334976632 done after 150 ms
09:42:59.745 [main] INFO  f.i.s.repairnator.pipeline.Launcher - The patched build (334976632) was successfully retrieved from Travis.
09:43:01.415 [main] INFO  fr.inria.jtravis.JTravis - GitHub ratelimit: Limit: 5000 Remaining: 4177 Reset hour: 19:20:37
09:43:01.687 [main] INFO  f.i.s.r.p.i.ProjectInspector - ----------------------------------------------------------------------
09:43:01.688 [main] INFO  f.i.s.r.p.i.ProjectInspector - PIPELINE STEPS
09:43:01.688 [main] INFO  f.i.s.r.p.i.ProjectInspector - ----------------------------------------------------------------------
09:43:01.688 [main] INFO  f.i.s.r.p.i.ProjectInspector - CloneRepository
09:43:01.688 [main] INFO  f.i.s.r.p.i.ProjectInspector - CheckoutPatchedBuildCandidate
09:43:01.688 [main] INFO  f.i.s.r.p.i.ProjectInspector - ComputeSourceDir
09:43:01.688 [main] INFO  f.i.s.r.p.i.ProjectInspector - ComputeTestDir
09:43:01.688 [main] INFO  f.i.s.r.p.i.ProjectInspector - CheckoutBuggyBuildCandidateSourceCode
09:43:01.688 [main] INFO  f.i.s.r.p.i.ProjectInspector - BuildProjectBuggyBuildCandidateSourceCode
09:43:01.689 [main] INFO  f.i.s.r.p.i.ProjectInspector - TestProjectBuggyBuildCandidateSourceCode
09:43:01.689 [main] INFO  f.i.s.r.p.i.ProjectInspector - GatherTestInformationBuggyBuildCandidateSourceCode
09:43:01.689 [main] INFO  f.i.s.r.p.i.ProjectInspector - CheckoutBuggyBuildTestCode
09:43:01.689 [main] INFO  f.i.s.r.p.i.ProjectInspector - InitRepoToPush
09:43:01.689 [main] INFO  f.i.s.r.p.i.ProjectInspector - ComputeClasspath
09:43:01.689 [main] INFO  f.i.s.r.p.i.ProjectInspector - ComputeModules
09:43:01.689 [main] INFO  f.i.s.r.p.i.ProjectInspector - CheckoutBuggyBuildCandidateSourceCode
09:43:01.689 [main] INFO  f.i.s.r.p.i.ProjectInspector - CommitChangedTests
09:43:01.690 [main] INFO  f.i.s.r.p.i.ProjectInspector - CheckoutPatchedBuildCandidate
09:43:01.690 [main] INFO  f.i.s.r.p.i.ProjectInspector - BuildProjectPatchedBuildCandidate
09:43:01.690 [main] INFO  f.i.s.r.p.i.ProjectInspector - TestProjectPatchedBuildCandidate
09:43:01.690 [main] INFO  f.i.s.r.p.i.ProjectInspector - GatherTestInformationPatchedBuildCandidate
09:43:01.690 [main] INFO  f.i.s.r.p.i.ProjectInspector - CommitPatch
09:43:01.691 [main] INFO  f.i.s.r.p.i.ProjectInspector - WritePropertyFile
09:43:01.692 [main] INFO  f.i.s.r.p.i.ProjectInspector - CommitProcessEnd
09:43:01.692 [main] INFO  f.i.s.r.p.i.ProjectInspector - PushProcessEnd
09:43:01.692 [main] DEBUG f.i.s.r.process.step.CloneRepository - ----------------------------------------------------------------------
09:43:01.692 [main] DEBUG f.i.s.r.process.step.CloneRepository - STEP 1/22: CloneRepository
09:43:01.692 [main] DEBUG f.i.s.r.process.step.CloneRepository - ----------------------------------------------------------------------
09:43:01.692 [main] DEBUG f.i.s.r.process.step.CloneRepository - Cloning repository linkedin/pinot in the following directory: ./workspace/linkedin/pinot/333929192
09:43:45.102 [main] DEBUG f.i.s.r.process.step.CloneRepository - STEP STATUS: [ CloneRepository : SUCCESS ]
09:43:45.102 [main] DEBUG f.i.s.r.process.step.CloneRepository - STEP DURATION: 43s
09:43:45.103 [main] DEBUG f.i.s.r.process.step.CloneRepository - EXECUTE NEXT STEP
09:43:45.103 [main] DEBUG f.i.s.r.p.s.c.CheckoutPatchedBuild - ----------------------------------------------------------------------
09:43:45.103 [main] DEBUG f.i.s.r.p.s.c.CheckoutPatchedBuild - STEP 2/22: CheckoutPatchedBuildCandidate
09:43:45.103 [main] DEBUG f.i.s.r.p.s.c.CheckoutPatchedBuild - ----------------------------------------------------------------------
09:43:45.103 [main] DEBUG f.i.s.r.p.s.c.CheckoutPatchedBuild - Checking out patched build candidate...
09:43:47.310 [main] INFO  fr.inria.jtravis.JTravis - GitHub ratelimit: Limit: 5000 Remaining: 4156 Reset hour: 19:20:37
09:43:49.439 [main] DEBUG f.i.s.r.p.s.c.CheckoutPatchedBuild - Reproduce the PR for linkedin/pinot by fetching remote branch and merging.
09:43:54.468 [main] ERROR f.i.s.r.p.s.c.CheckoutPatchedBuild - Error while testing commit: org.eclipse.jgit.errors.MissingObjectException: Missing unknown 60d9750ee7ef42d87a578a6d5a0308d929c96e35
09:43:54.469 [main] ERROR f.i.s.r.p.s.c.CheckoutPatchedBuild - Commit head ref cannot be retrieved from the repository: 60d9750ee7ef42d87a578a6d5a0308d929c96e35. Operation aborted.
09:43:54.470 [main] ERROR f.i.s.r.p.s.c.CheckoutPatchedBuild - Error while merging two commits to reproduce the PR.
09:43:54.471 [main] DEBUG f.i.s.r.p.s.c.CheckoutPatchedBuild - STEP STATUS: [ CheckoutPatchedBuildCandidate : FAILURE ( BUILDNOTCHECKEDOUT ) ]
09:43:54.471 [main] DEBUG f.i.s.r.p.s.c.CheckoutPatchedBuild - STEP DURATION: 9s
09:43:54.471 [main] DEBUG f.i.s.r.p.s.c.CheckoutPatchedBuild - TERMINATE PIPELINE
09:43:54.472 [main] DEBUG f.i.s.r.p.s.c.CheckoutPatchedBuild - FINAL STEPS SKIPPED: The reproduction of the bug and/or the patch failed.
09:43:54.472 [main] INFO  f.i.s.r.p.s.c.CheckoutPatchedBuild - Serialize all data for the pair of builds 333929192, 334976632
09:43:54.792 [main] INFO  fr.inria.jtravis.JTravis - GitHub ratelimit: Limit: 5000 Remaining: 4147 Reset hour: 19:20:37
09:43:56.033 [main] INFO  f.i.s.r.p.i.ProjectInspector - ----------------------------------------------------------------------
09:43:56.033 [main] INFO  f.i.s.r.p.i.ProjectInspector - PIPELINE EXECUTION SUMMARY
09:43:56.034 [main] INFO  f.i.s.r.p.i.ProjectInspector - ----------------------------------------------------------------------
09:43:56.034 [main] INFO  f.i.s.r.p.i.ProjectInspector - CloneRepository.......................................SUCCESS [ 43 s ]
09:43:56.034 [main] INFO  f.i.s.r.p.i.ProjectInspector - CheckoutPatchedBuildCandidate.........................FAILURE [  9 s ]
09:43:56.034 [main] INFO  f.i.s.r.p.i.ProjectInspector - ComputeSourceDir......................................NOT RUN         
09:43:56.035 [main] INFO  f.i.s.r.p.i.ProjectInspector - ComputeTestDir........................................NOT RUN         
09:43:56.038 [main] INFO  f.i.s.r.p.i.ProjectInspector - CheckoutBuggyBuildCandidateSourceCode.................NOT RUN         
09:43:56.038 [main] INFO  f.i.s.r.p.i.ProjectInspector - BuildProjectBuggyBuildCandidateSourceCode.............NOT RUN         
09:43:56.038 [main] INFO  f.i.s.r.p.i.ProjectInspector - TestProjectBuggyBuildCandidateSourceCode..............NOT RUN         
09:43:56.039 [main] INFO  f.i.s.r.p.i.ProjectInspector - GatherTestInformationBuggyBuildCandidateSourceCode....NOT RUN         
09:43:56.039 [main] INFO  f.i.s.r.p.i.ProjectInspector - CheckoutBuggyBuildTestCode............................NOT RUN         
09:43:56.039 [main] INFO  f.i.s.r.p.i.ProjectInspector - InitRepoToPush........................................NOT RUN         
09:43:56.039 [main] INFO  f.i.s.r.p.i.ProjectInspector - ComputeClasspath......................................NOT RUN         
09:43:56.040 [main] INFO  f.i.s.r.p.i.ProjectInspector - ComputeModules........................................NOT RUN         
09:43:56.040 [main] INFO  f.i.s.r.p.i.ProjectInspector - CheckoutBuggyBuildCandidateSourceCode.................NOT RUN         
09:43:56.040 [main] INFO  f.i.s.r.p.i.ProjectInspector - CommitChangedTests....................................NOT RUN         
09:43:56.040 [main] INFO  f.i.s.r.p.i.ProjectInspector - CheckoutPatchedBuildCandidate.........................NOT RUN         
09:43:56.040 [main] INFO  f.i.s.r.p.i.ProjectInspector - BuildProjectPatchedBuildCandidate.....................NOT RUN         
09:43:56.040 [main] INFO  f.i.s.r.p.i.ProjectInspector - TestProjectPatchedBuildCandidate......................NOT RUN         
09:43:56.041 [main] INFO  f.i.s.r.p.i.ProjectInspector - GatherTestInformationPatchedBuildCandidate............NOT RUN         
09:43:56.041 [main] INFO  f.i.s.r.p.i.ProjectInspector - CommitPatch...........................................NOT RUN         
09:43:56.041 [main] INFO  f.i.s.r.p.i.ProjectInspector - WritePropertyFile.....................................NOT RUN         
09:43:56.041 [main] INFO  f.i.s.r.p.i.ProjectInspector - CommitProcessEnd......................................NOT RUN         
09:43:56.041 [main] INFO  f.i.s.r.p.i.ProjectInspector - PushProcessEnd........................................NOT RUN         
09:43:56.042 [main] INFO  f.i.s.r.p.i.ProjectInspector - ----------------------------------------------------------------------
09:43:56.042 [main] INFO  f.i.s.r.p.i.ProjectInspector - PIPELINE FINDING: BUILDNOTCHECKEDOUT
09:43:56.044 [main] INFO  f.i.s.r.p.i.ProjectInspector - ----------------------------------------------------------------------
09:43:56.044 [main] INFO  f.i.s.repairnator.pipeline.Launcher - Inspector is finished. The process will exit now.
