03:40:19.596 [main] INFO  f.i.s.repairnator.pipeline.Launcher - PIPELINE VERSION: 3.0-2018-08-09 19:04
03:40:19.720 [main] INFO  f.i.s.repairnator.pipeline.Launcher - The pipeline will try to reproduce a bug from build 335319854 and its corresponding patch from build 335594272
03:40:19.721 [main] INFO  f.i.s.repairnator.pipeline.Launcher - Initialize file serializer engines.
03:40:19.723 [main] INFO  f.i.s.repairnator.pipeline.Launcher - MongoDB won't be used for serialization.
03:40:19.723 [main] INFO  f.i.s.repairnator.pipeline.Launcher - The email notifier engine won't be used.
03:40:19.727 [main] INFO  f.i.s.repairnator.pipeline.Launcher - Start by getting the build (buildId: 335319854) with the following config: RepairnatorConfig{runId='e37d2f70-f43d-494e-93aa-3a56dc324afd_01-18-week4-PASSING_AND_PASSING', launcherMode=BEARS, serializeJson=true, inputPath='null', outputPath='/var/log', mongodbHost='null', mongodbName='repairnator', smtpServer='null', notifyTo=[], notifyEndProcess=false, push=true, pushRemoteRepo='https://github.com/fermadeiral/bears-collection-pp', fork=false, lookFromDate=null, lookToDate=null, buildId=335319854, z3solverPath='./z3_for_linux', workspacePath='./workspace', githubToken='c8a341a903[...]', dockerImageName='null', skipDelete=false, createOutputDir=false, logDirectory='null', nbThreads=0, globalTimeout=0, whiteList=null, blackList=null, jobSleepTime=0, buildSleepTime=0, maxInspectedBuilds=0, duration=null, humanPatch=false, repository='null', clean=true, bearsMode=BOTH, bearsDelimiter = false, repairTools=NopolAllTests,NPEFix,AssertFixer,AstorJGenProg,AstorJKali,NopolSingleTest,AstorJMut,NopolTestExclusionStrategy, githubUserName= fermadeiral, githubUserEmail=fer.madeiral@gmail.com}
03:40:21.201 [main] DEBUG fr.inria.jtravis.helpers.BuildHelper - Get request to :https://api.travis-ci.org/build/335319854 done after 999 ms
03:40:21.476 [main] DEBUG fr.inria.jtravis.helpers.BuildHelper - Get request to :https://api.travis-ci.org/build/335594272 done after 134 ms
03:40:21.504 [main] INFO  f.i.s.repairnator.pipeline.Launcher - The patched build (335594272) was successfully retrieved from Travis.
03:40:22.857 [main] INFO  fr.inria.jtravis.JTravis - GitHub ratelimit: Limit: 5000 Remaining: 4935 Reset hour: 19:20:18
03:40:23.167 [main] INFO  f.i.s.r.p.i.ProjectInspector - ----------------------------------------------------------------------
03:40:23.168 [main] INFO  f.i.s.r.p.i.ProjectInspector - PIPELINE STEPS
03:40:23.168 [main] INFO  f.i.s.r.p.i.ProjectInspector - ----------------------------------------------------------------------
03:40:23.168 [main] INFO  f.i.s.r.p.i.ProjectInspector - CloneRepository
03:40:23.168 [main] INFO  f.i.s.r.p.i.ProjectInspector - CheckoutPatchedBuildCandidate
03:40:23.168 [main] INFO  f.i.s.r.p.i.ProjectInspector - ComputeSourceDir
03:40:23.169 [main] INFO  f.i.s.r.p.i.ProjectInspector - ComputeTestDir
03:40:23.169 [main] INFO  f.i.s.r.p.i.ProjectInspector - CheckoutBuggyBuildCandidateSourceCode
03:40:23.169 [main] INFO  f.i.s.r.p.i.ProjectInspector - BuildProjectBuggyBuildCandidateSourceCode
03:40:23.169 [main] INFO  f.i.s.r.p.i.ProjectInspector - TestProjectBuggyBuildCandidateSourceCode
03:40:23.170 [main] INFO  f.i.s.r.p.i.ProjectInspector - GatherTestInformationBuggyBuildCandidateSourceCode
03:40:23.170 [main] INFO  f.i.s.r.p.i.ProjectInspector - CheckoutBuggyBuildTestCode
03:40:23.170 [main] INFO  f.i.s.r.p.i.ProjectInspector - InitRepoToPush
03:40:23.171 [main] INFO  f.i.s.r.p.i.ProjectInspector - ComputeClasspath
03:40:23.171 [main] INFO  f.i.s.r.p.i.ProjectInspector - ComputeModules
03:40:23.171 [main] INFO  f.i.s.r.p.i.ProjectInspector - CheckoutBuggyBuildCandidateSourceCode
03:40:23.171 [main] INFO  f.i.s.r.p.i.ProjectInspector - CommitChangedTests
03:40:23.172 [main] INFO  f.i.s.r.p.i.ProjectInspector - CheckoutPatchedBuildCandidate
03:40:23.172 [main] INFO  f.i.s.r.p.i.ProjectInspector - BuildProjectPatchedBuildCandidate
03:40:23.173 [main] INFO  f.i.s.r.p.i.ProjectInspector - TestProjectPatchedBuildCandidate
03:40:23.174 [main] INFO  f.i.s.r.p.i.ProjectInspector - GatherTestInformationPatchedBuildCandidate
03:40:23.174 [main] INFO  f.i.s.r.p.i.ProjectInspector - CommitPatch
03:40:23.174 [main] INFO  f.i.s.r.p.i.ProjectInspector - WritePropertyFile
03:40:23.175 [main] INFO  f.i.s.r.p.i.ProjectInspector - CommitProcessEnd
03:40:23.175 [main] INFO  f.i.s.r.p.i.ProjectInspector - PushProcessEnd
03:40:23.176 [main] DEBUG f.i.s.r.process.step.CloneRepository - ----------------------------------------------------------------------
03:40:23.176 [main] DEBUG f.i.s.r.process.step.CloneRepository - STEP 1/22: CloneRepository
03:40:23.177 [main] DEBUG f.i.s.r.process.step.CloneRepository - ----------------------------------------------------------------------
03:40:23.177 [main] DEBUG f.i.s.r.process.step.CloneRepository - Cloning repository apache/nifi in the following directory: ./workspace/apache/nifi/335319854
03:41:00.382 [main] DEBUG f.i.s.r.process.step.CloneRepository - STEP STATUS: [ CloneRepository : SUCCESS ]
03:41:00.382 [main] DEBUG f.i.s.r.process.step.CloneRepository - STEP DURATION: 37s
03:41:00.382 [main] DEBUG f.i.s.r.process.step.CloneRepository - EXECUTE NEXT STEP
03:41:00.383 [main] DEBUG f.i.s.r.p.s.c.CheckoutPatchedBuild - ----------------------------------------------------------------------
03:41:00.383 [main] DEBUG f.i.s.r.p.s.c.CheckoutPatchedBuild - STEP 2/22: CheckoutPatchedBuildCandidate
03:41:00.383 [main] DEBUG f.i.s.r.p.s.c.CheckoutPatchedBuild - ----------------------------------------------------------------------
03:41:00.383 [main] DEBUG f.i.s.r.p.s.c.CheckoutPatchedBuild - Checking out patched build candidate...
03:41:00.718 [main] INFO  fr.inria.jtravis.JTravis - GitHub ratelimit: Limit: 5000 Remaining: 4934 Reset hour: 19:20:18
03:41:03.908 [main] DEBUG f.i.s.r.p.s.c.CheckoutPatchedBuild - Reproduce the PR for apache/nifi by fetching remote branch and merging.
03:41:06.377 [main] ERROR f.i.s.r.p.s.c.CheckoutPatchedBuild - Error while testing commit: org.eclipse.jgit.errors.MissingObjectException: Missing unknown 22ae9117e2e13980de804d5c3c12fc4167a36775
03:41:06.378 [main] ERROR f.i.s.r.p.s.c.CheckoutPatchedBuild - Commit head ref cannot be retrieved from the repository: 22ae9117e2e13980de804d5c3c12fc4167a36775. Operation aborted.
03:41:06.378 [main] ERROR f.i.s.r.p.s.c.CheckoutPatchedBuild - Error while merging two commits to reproduce the PR.
03:41:06.379 [main] DEBUG f.i.s.r.p.s.c.CheckoutPatchedBuild - STEP STATUS: [ CheckoutPatchedBuildCandidate : FAILURE ( BUILDNOTCHECKEDOUT ) ]
03:41:06.379 [main] DEBUG f.i.s.r.p.s.c.CheckoutPatchedBuild - STEP DURATION: 5s
03:41:06.379 [main] DEBUG f.i.s.r.p.s.c.CheckoutPatchedBuild - TERMINATE PIPELINE
03:41:06.379 [main] DEBUG f.i.s.r.p.s.c.CheckoutPatchedBuild - FINAL STEPS SKIPPED: The reproduction of the bug and/or the patch failed.
03:41:06.380 [main] INFO  f.i.s.r.p.s.c.CheckoutPatchedBuild - Serialize all data for the pair of builds 335319854, 335594272
03:41:06.503 [main] INFO  fr.inria.jtravis.JTravis - GitHub ratelimit: Limit: 5000 Remaining: 4927 Reset hour: 19:20:18
03:41:08.560 [main] INFO  f.i.s.r.p.i.ProjectInspector - ----------------------------------------------------------------------
03:41:08.560 [main] INFO  f.i.s.r.p.i.ProjectInspector - PIPELINE EXECUTION SUMMARY
03:41:08.560 [main] INFO  f.i.s.r.p.i.ProjectInspector - ----------------------------------------------------------------------
03:41:08.560 [main] INFO  f.i.s.r.p.i.ProjectInspector - CloneRepository.......................................SUCCESS [ 37 s ]
03:41:08.561 [main] INFO  f.i.s.r.p.i.ProjectInspector - CheckoutPatchedBuildCandidate.........................FAILURE [  5 s ]
03:41:08.561 [main] INFO  f.i.s.r.p.i.ProjectInspector - ComputeSourceDir......................................NOT RUN         
03:41:08.561 [main] INFO  f.i.s.r.p.i.ProjectInspector - ComputeTestDir........................................NOT RUN         
03:41:08.561 [main] INFO  f.i.s.r.p.i.ProjectInspector - CheckoutBuggyBuildCandidateSourceCode.................NOT RUN         
03:41:08.561 [main] INFO  f.i.s.r.p.i.ProjectInspector - BuildProjectBuggyBuildCandidateSourceCode.............NOT RUN         
03:41:08.562 [main] INFO  f.i.s.r.p.i.ProjectInspector - TestProjectBuggyBuildCandidateSourceCode..............NOT RUN         
03:41:08.562 [main] INFO  f.i.s.r.p.i.ProjectInspector - GatherTestInformationBuggyBuildCandidateSourceCode....NOT RUN         
03:41:08.562 [main] INFO  f.i.s.r.p.i.ProjectInspector - CheckoutBuggyBuildTestCode............................NOT RUN         
03:41:08.562 [main] INFO  f.i.s.r.p.i.ProjectInspector - InitRepoToPush........................................NOT RUN         
03:41:08.562 [main] INFO  f.i.s.r.p.i.ProjectInspector - ComputeClasspath......................................NOT RUN         
03:41:08.562 [main] INFO  f.i.s.r.p.i.ProjectInspector - ComputeModules........................................NOT RUN         
03:41:08.562 [main] INFO  f.i.s.r.p.i.ProjectInspector - CheckoutBuggyBuildCandidateSourceCode.................NOT RUN         
03:41:08.562 [main] INFO  f.i.s.r.p.i.ProjectInspector - CommitChangedTests....................................NOT RUN         
03:41:08.563 [main] INFO  f.i.s.r.p.i.ProjectInspector - CheckoutPatchedBuildCandidate.........................NOT RUN         
03:41:08.563 [main] INFO  f.i.s.r.p.i.ProjectInspector - BuildProjectPatchedBuildCandidate.....................NOT RUN         
03:41:08.563 [main] INFO  f.i.s.r.p.i.ProjectInspector - TestProjectPatchedBuildCandidate......................NOT RUN         
03:41:08.563 [main] INFO  f.i.s.r.p.i.ProjectInspector - GatherTestInformationPatchedBuildCandidate............NOT RUN         
03:41:08.563 [main] INFO  f.i.s.r.p.i.ProjectInspector - CommitPatch...........................................NOT RUN         
03:41:08.563 [main] INFO  f.i.s.r.p.i.ProjectInspector - WritePropertyFile.....................................NOT RUN         
03:41:08.563 [main] INFO  f.i.s.r.p.i.ProjectInspector - CommitProcessEnd......................................NOT RUN         
03:41:08.564 [main] INFO  f.i.s.r.p.i.ProjectInspector - PushProcessEnd........................................NOT RUN         
03:41:08.564 [main] INFO  f.i.s.r.p.i.ProjectInspector - ----------------------------------------------------------------------
03:41:08.564 [main] INFO  f.i.s.r.p.i.ProjectInspector - PIPELINE FINDING: BUILDNOTCHECKEDOUT
03:41:08.564 [main] INFO  f.i.s.r.p.i.ProjectInspector - ----------------------------------------------------------------------
03:41:08.564 [main] INFO  f.i.s.repairnator.pipeline.Launcher - Inspector is finished. The process will exit now.
