12:11:20.860 [main] INFO  f.i.s.repairnator.pipeline.Launcher - PIPELINE VERSION: 3.0-2018-08-09 19:04
12:11:21.010 [main] INFO  f.i.s.repairnator.pipeline.Launcher - The pipeline will try to reproduce a bug from build 335335731 and its corresponding patch from build 335339713
12:11:21.011 [main] INFO  f.i.s.repairnator.pipeline.Launcher - Initialize file serializer engines.
12:11:21.016 [main] INFO  f.i.s.repairnator.pipeline.Launcher - MongoDB won't be used for serialization.
12:11:21.017 [main] INFO  f.i.s.repairnator.pipeline.Launcher - The email notifier engine won't be used.
12:11:21.020 [main] INFO  f.i.s.repairnator.pipeline.Launcher - Start by getting the build (buildId: 335335731) with the following config: RepairnatorConfig{runId='e37d2f70-f43d-494e-93aa-3a56dc324afd_01-18-week4-PASSING_AND_PASSING', launcherMode=BEARS, serializeJson=true, inputPath='null', outputPath='/var/log', mongodbHost='null', mongodbName='repairnator', smtpServer='null', notifyTo=[], notifyEndProcess=false, push=true, pushRemoteRepo='https://github.com/fermadeiral/bears-collection-pp', fork=false, lookFromDate=null, lookToDate=null, buildId=335335731, z3solverPath='./z3_for_linux', workspacePath='./workspace', githubToken='c8a341a903[...]', dockerImageName='null', skipDelete=false, createOutputDir=false, logDirectory='null', nbThreads=0, globalTimeout=0, whiteList=null, blackList=null, jobSleepTime=0, buildSleepTime=0, maxInspectedBuilds=0, duration=null, humanPatch=false, repository='null', clean=true, bearsMode=BOTH, bearsDelimiter = false, repairTools=NopolAllTests,NPEFix,AssertFixer,AstorJGenProg,AstorJKali,NopolSingleTest,AstorJMut,NopolTestExclusionStrategy, githubUserName= fermadeiral, githubUserEmail=fer.madeiral@gmail.com}
12:11:22.475 [main] DEBUG fr.inria.jtravis.helpers.BuildHelper - Get request to :https://api.travis-ci.org/build/335335731 done after 910 ms
12:11:22.763 [main] DEBUG fr.inria.jtravis.helpers.BuildHelper - Get request to :https://api.travis-ci.org/build/335339713 done after 137 ms
12:11:22.790 [main] INFO  f.i.s.repairnator.pipeline.Launcher - The patched build (335339713) was successfully retrieved from Travis.
12:11:24.123 [main] INFO  fr.inria.jtravis.JTravis - GitHub ratelimit: Limit: 5000 Remaining: 4764 Reset hour: 19:20:49
12:11:24.442 [main] INFO  f.i.s.r.p.i.ProjectInspector - ----------------------------------------------------------------------
12:11:24.442 [main] INFO  f.i.s.r.p.i.ProjectInspector - PIPELINE STEPS
12:11:24.443 [main] INFO  f.i.s.r.p.i.ProjectInspector - ----------------------------------------------------------------------
12:11:24.443 [main] INFO  f.i.s.r.p.i.ProjectInspector - CloneRepository
12:11:24.444 [main] INFO  f.i.s.r.p.i.ProjectInspector - CheckoutPatchedBuildCandidate
12:11:24.444 [main] INFO  f.i.s.r.p.i.ProjectInspector - ComputeSourceDir
12:11:24.445 [main] INFO  f.i.s.r.p.i.ProjectInspector - ComputeTestDir
12:11:24.445 [main] INFO  f.i.s.r.p.i.ProjectInspector - CheckoutBuggyBuildCandidateSourceCode
12:11:24.445 [main] INFO  f.i.s.r.p.i.ProjectInspector - BuildProjectBuggyBuildCandidateSourceCode
12:11:24.446 [main] INFO  f.i.s.r.p.i.ProjectInspector - TestProjectBuggyBuildCandidateSourceCode
12:11:24.447 [main] INFO  f.i.s.r.p.i.ProjectInspector - GatherTestInformationBuggyBuildCandidateSourceCode
12:11:24.447 [main] INFO  f.i.s.r.p.i.ProjectInspector - CheckoutBuggyBuildTestCode
12:11:24.448 [main] INFO  f.i.s.r.p.i.ProjectInspector - InitRepoToPush
12:11:24.448 [main] INFO  f.i.s.r.p.i.ProjectInspector - ComputeClasspath
12:11:24.449 [main] INFO  f.i.s.r.p.i.ProjectInspector - ComputeModules
12:11:24.449 [main] INFO  f.i.s.r.p.i.ProjectInspector - CheckoutBuggyBuildCandidateSourceCode
12:11:24.450 [main] INFO  f.i.s.r.p.i.ProjectInspector - CommitChangedTests
12:11:24.450 [main] INFO  f.i.s.r.p.i.ProjectInspector - CheckoutPatchedBuildCandidate
12:11:24.450 [main] INFO  f.i.s.r.p.i.ProjectInspector - BuildProjectPatchedBuildCandidate
12:11:24.451 [main] INFO  f.i.s.r.p.i.ProjectInspector - TestProjectPatchedBuildCandidate
12:11:24.451 [main] INFO  f.i.s.r.p.i.ProjectInspector - GatherTestInformationPatchedBuildCandidate
12:11:24.452 [main] INFO  f.i.s.r.p.i.ProjectInspector - CommitPatch
12:11:24.453 [main] INFO  f.i.s.r.p.i.ProjectInspector - WritePropertyFile
12:11:24.454 [main] INFO  f.i.s.r.p.i.ProjectInspector - CommitProcessEnd
12:11:24.454 [main] INFO  f.i.s.r.p.i.ProjectInspector - PushProcessEnd
12:11:24.455 [main] DEBUG f.i.s.r.process.step.CloneRepository - ----------------------------------------------------------------------
12:11:24.456 [main] DEBUG f.i.s.r.process.step.CloneRepository - STEP 1/22: CloneRepository
12:11:24.457 [main] DEBUG f.i.s.r.process.step.CloneRepository - ----------------------------------------------------------------------
12:11:24.457 [main] DEBUG f.i.s.r.process.step.CloneRepository - Cloning repository StuPro-TOSCAna/TOSCAna in the following directory: ./workspace/StuPro-TOSCAna/TOSCAna/335335731
12:12:04.375 [main] DEBUG f.i.s.r.process.step.CloneRepository - STEP STATUS: [ CloneRepository : SUCCESS ]
12:12:04.376 [main] DEBUG f.i.s.r.process.step.CloneRepository - STEP DURATION: 39s
12:12:04.377 [main] DEBUG f.i.s.r.process.step.CloneRepository - EXECUTE NEXT STEP
12:12:04.377 [main] DEBUG f.i.s.r.p.s.c.CheckoutPatchedBuild - ----------------------------------------------------------------------
12:12:04.378 [main] DEBUG f.i.s.r.p.s.c.CheckoutPatchedBuild - STEP 2/22: CheckoutPatchedBuildCandidate
12:12:04.379 [main] DEBUG f.i.s.r.p.s.c.CheckoutPatchedBuild - ----------------------------------------------------------------------
12:12:04.379 [main] DEBUG f.i.s.r.p.s.c.CheckoutPatchedBuild - Checking out patched build candidate...
12:12:04.393 [main] ERROR f.i.s.r.p.s.c.CheckoutPatchedBuild - Error while testing commit: org.eclipse.jgit.errors.MissingObjectException: Missing unknown b13488d4bf0fd2e405ac4838d4c0a7c56c6d54bc
12:12:04.394 [main] ERROR f.i.s.r.p.s.c.CheckoutPatchedBuild - Error while getting the commit to checkout from the repo.
12:12:04.395 [main] DEBUG f.i.s.r.p.s.c.CheckoutPatchedBuild - STEP STATUS: [ CheckoutPatchedBuildCandidate : FAILURE ( BUILDNOTCHECKEDOUT ) ]
12:12:04.395 [main] DEBUG f.i.s.r.p.s.c.CheckoutPatchedBuild - STEP DURATION: 0s
12:12:04.396 [main] DEBUG f.i.s.r.p.s.c.CheckoutPatchedBuild - TERMINATE PIPELINE
12:12:04.397 [main] DEBUG f.i.s.r.p.s.c.CheckoutPatchedBuild - FINAL STEPS SKIPPED: The reproduction of the bug and/or the patch failed.
12:12:04.397 [main] INFO  f.i.s.r.p.s.c.CheckoutPatchedBuild - Serialize all data for the pair of builds 335335731, 335339713
12:12:04.724 [main] INFO  fr.inria.jtravis.JTravis - GitHub ratelimit: Limit: 5000 Remaining: 4759 Reset hour: 19:20:49
12:12:05.446 [main] INFO  f.i.s.r.p.i.ProjectInspector - ----------------------------------------------------------------------
12:12:05.446 [main] INFO  f.i.s.r.p.i.ProjectInspector - PIPELINE EXECUTION SUMMARY
12:12:05.446 [main] INFO  f.i.s.r.p.i.ProjectInspector - ----------------------------------------------------------------------
12:12:05.447 [main] INFO  f.i.s.r.p.i.ProjectInspector - CloneRepository.......................................SUCCESS [ 39 s ]
12:12:05.447 [main] INFO  f.i.s.r.p.i.ProjectInspector - CheckoutPatchedBuildCandidate.........................FAILURE [  0 s ]
12:12:05.447 [main] INFO  f.i.s.r.p.i.ProjectInspector - ComputeSourceDir......................................NOT RUN         
12:12:05.447 [main] INFO  f.i.s.r.p.i.ProjectInspector - ComputeTestDir........................................NOT RUN         
12:12:05.448 [main] INFO  f.i.s.r.p.i.ProjectInspector - CheckoutBuggyBuildCandidateSourceCode.................NOT RUN         
12:12:05.448 [main] INFO  f.i.s.r.p.i.ProjectInspector - BuildProjectBuggyBuildCandidateSourceCode.............NOT RUN         
12:12:05.448 [main] INFO  f.i.s.r.p.i.ProjectInspector - TestProjectBuggyBuildCandidateSourceCode..............NOT RUN         
12:12:05.448 [main] INFO  f.i.s.r.p.i.ProjectInspector - GatherTestInformationBuggyBuildCandidateSourceCode....NOT RUN         
12:12:05.448 [main] INFO  f.i.s.r.p.i.ProjectInspector - CheckoutBuggyBuildTestCode............................NOT RUN         
12:12:05.449 [main] INFO  f.i.s.r.p.i.ProjectInspector - InitRepoToPush........................................NOT RUN         
12:12:05.449 [main] INFO  f.i.s.r.p.i.ProjectInspector - ComputeClasspath......................................NOT RUN         
12:12:05.449 [main] INFO  f.i.s.r.p.i.ProjectInspector - ComputeModules........................................NOT RUN         
12:12:05.449 [main] INFO  f.i.s.r.p.i.ProjectInspector - CheckoutBuggyBuildCandidateSourceCode.................NOT RUN         
12:12:05.449 [main] INFO  f.i.s.r.p.i.ProjectInspector - CommitChangedTests....................................NOT RUN         
12:12:05.450 [main] INFO  f.i.s.r.p.i.ProjectInspector - CheckoutPatchedBuildCandidate.........................NOT RUN         
12:12:05.450 [main] INFO  f.i.s.r.p.i.ProjectInspector - BuildProjectPatchedBuildCandidate.....................NOT RUN         
12:12:05.451 [main] INFO  f.i.s.r.p.i.ProjectInspector - TestProjectPatchedBuildCandidate......................NOT RUN         
12:12:05.451 [main] INFO  f.i.s.r.p.i.ProjectInspector - GatherTestInformationPatchedBuildCandidate............NOT RUN         
12:12:05.452 [main] INFO  f.i.s.r.p.i.ProjectInspector - CommitPatch...........................................NOT RUN         
12:12:05.452 [main] INFO  f.i.s.r.p.i.ProjectInspector - WritePropertyFile.....................................NOT RUN         
12:12:05.452 [main] INFO  f.i.s.r.p.i.ProjectInspector - CommitProcessEnd......................................NOT RUN         
12:12:05.452 [main] INFO  f.i.s.r.p.i.ProjectInspector - PushProcessEnd........................................NOT RUN         
12:12:05.452 [main] INFO  f.i.s.r.p.i.ProjectInspector - ----------------------------------------------------------------------
12:12:05.453 [main] INFO  f.i.s.r.p.i.ProjectInspector - PIPELINE FINDING: BUILDNOTCHECKEDOUT
12:12:05.453 [main] INFO  f.i.s.r.p.i.ProjectInspector - ----------------------------------------------------------------------
12:12:05.453 [main] INFO  f.i.s.repairnator.pipeline.Launcher - Inspector is finished. The process will exit now.
