12:04:18.975 [main] INFO  f.i.s.repairnator.pipeline.Launcher - PIPELINE VERSION: 3.0-2018-08-09 19:04
12:04:19.110 [main] INFO  f.i.s.repairnator.pipeline.Launcher - The pipeline will try to reproduce a bug from build 334682261 and its corresponding patch from build 335064114
12:04:19.110 [main] INFO  f.i.s.repairnator.pipeline.Launcher - Initialize file serializer engines.
12:04:19.112 [main] INFO  f.i.s.repairnator.pipeline.Launcher - MongoDB won't be used for serialization.
12:04:19.112 [main] INFO  f.i.s.repairnator.pipeline.Launcher - The email notifier engine won't be used.
12:04:19.115 [main] INFO  f.i.s.repairnator.pipeline.Launcher - Start by getting the build (buildId: 334682261) with the following config: RepairnatorConfig{runId='e37d2f70-f43d-494e-93aa-3a56dc324afd_01-18-week4-PASSING_AND_PASSING', launcherMode=BEARS, serializeJson=true, inputPath='null', outputPath='/var/log', mongodbHost='null', mongodbName='repairnator', smtpServer='null', notifyTo=[], notifyEndProcess=false, push=true, pushRemoteRepo='https://github.com/fermadeiral/bears-collection-pp', fork=false, lookFromDate=null, lookToDate=null, buildId=334682261, z3solverPath='./z3_for_linux', workspacePath='./workspace', githubToken='c8a341a903[...]', dockerImageName='null', skipDelete=false, createOutputDir=false, logDirectory='null', nbThreads=0, globalTimeout=0, whiteList=null, blackList=null, jobSleepTime=0, buildSleepTime=0, maxInspectedBuilds=0, duration=null, humanPatch=false, repository='null', clean=true, bearsMode=BOTH, bearsDelimiter = false, repairTools=NopolAllTests,NPEFix,AssertFixer,AstorJGenProg,AstorJKali,NopolSingleTest,AstorJMut,NopolTestExclusionStrategy, githubUserName= fermadeiral, githubUserEmail=fer.madeiral@gmail.com}
12:04:20.777 [main] DEBUG fr.inria.jtravis.helpers.BuildHelper - Get request to :https://api.travis-ci.org/build/334682261 done after 1092 ms
12:04:21.020 [main] DEBUG fr.inria.jtravis.helpers.BuildHelper - Get request to :https://api.travis-ci.org/build/335064114 done after 138 ms
12:04:21.040 [main] INFO  f.i.s.repairnator.pipeline.Launcher - The patched build (335064114) was successfully retrieved from Travis.
12:04:22.104 [main] INFO  fr.inria.jtravis.JTravis - GitHub ratelimit: Limit: 5000 Remaining: 4949 Reset hour: 19:20:49
12:04:22.405 [main] INFO  f.i.s.r.p.i.ProjectInspector - ----------------------------------------------------------------------
12:04:22.405 [main] INFO  f.i.s.r.p.i.ProjectInspector - PIPELINE STEPS
12:04:22.405 [main] INFO  f.i.s.r.p.i.ProjectInspector - ----------------------------------------------------------------------
12:04:22.406 [main] INFO  f.i.s.r.p.i.ProjectInspector - CloneRepository
12:04:22.406 [main] INFO  f.i.s.r.p.i.ProjectInspector - CheckoutPatchedBuildCandidate
12:04:22.406 [main] INFO  f.i.s.r.p.i.ProjectInspector - ComputeSourceDir
12:04:22.407 [main] INFO  f.i.s.r.p.i.ProjectInspector - ComputeTestDir
12:04:22.407 [main] INFO  f.i.s.r.p.i.ProjectInspector - CheckoutBuggyBuildCandidateSourceCode
12:04:22.407 [main] INFO  f.i.s.r.p.i.ProjectInspector - BuildProjectBuggyBuildCandidateSourceCode
12:04:22.407 [main] INFO  f.i.s.r.p.i.ProjectInspector - TestProjectBuggyBuildCandidateSourceCode
12:04:22.407 [main] INFO  f.i.s.r.p.i.ProjectInspector - GatherTestInformationBuggyBuildCandidateSourceCode
12:04:22.408 [main] INFO  f.i.s.r.p.i.ProjectInspector - CheckoutBuggyBuildTestCode
12:04:22.408 [main] INFO  f.i.s.r.p.i.ProjectInspector - InitRepoToPush
12:04:22.408 [main] INFO  f.i.s.r.p.i.ProjectInspector - ComputeClasspath
12:04:22.408 [main] INFO  f.i.s.r.p.i.ProjectInspector - ComputeModules
12:04:22.409 [main] INFO  f.i.s.r.p.i.ProjectInspector - CheckoutBuggyBuildCandidateSourceCode
12:04:22.409 [main] INFO  f.i.s.r.p.i.ProjectInspector - CommitChangedTests
12:04:22.409 [main] INFO  f.i.s.r.p.i.ProjectInspector - CheckoutPatchedBuildCandidate
12:04:22.410 [main] INFO  f.i.s.r.p.i.ProjectInspector - BuildProjectPatchedBuildCandidate
12:04:22.410 [main] INFO  f.i.s.r.p.i.ProjectInspector - TestProjectPatchedBuildCandidate
12:04:22.410 [main] INFO  f.i.s.r.p.i.ProjectInspector - GatherTestInformationPatchedBuildCandidate
12:04:22.411 [main] INFO  f.i.s.r.p.i.ProjectInspector - CommitPatch
12:04:22.411 [main] INFO  f.i.s.r.p.i.ProjectInspector - WritePropertyFile
12:04:22.411 [main] INFO  f.i.s.r.p.i.ProjectInspector - CommitProcessEnd
12:04:22.412 [main] INFO  f.i.s.r.p.i.ProjectInspector - PushProcessEnd
12:04:22.412 [main] DEBUG f.i.s.r.process.step.CloneRepository - ----------------------------------------------------------------------
12:04:22.413 [main] DEBUG f.i.s.r.process.step.CloneRepository - STEP 1/22: CloneRepository
12:04:22.413 [main] DEBUG f.i.s.r.process.step.CloneRepository - ----------------------------------------------------------------------
12:04:22.414 [main] DEBUG f.i.s.r.process.step.CloneRepository - Cloning repository algolia/algoliasearch-client-java-2 in the following directory: ./workspace/algolia/algoliasearch-client-java-2/334682261
12:04:26.956 [main] DEBUG f.i.s.r.process.step.CloneRepository - STEP STATUS: [ CloneRepository : SUCCESS ]
12:04:26.956 [main] DEBUG f.i.s.r.process.step.CloneRepository - STEP DURATION: 4s
12:04:26.956 [main] DEBUG f.i.s.r.process.step.CloneRepository - EXECUTE NEXT STEP
12:04:26.957 [main] DEBUG f.i.s.r.p.s.c.CheckoutPatchedBuild - ----------------------------------------------------------------------
12:04:26.957 [main] DEBUG f.i.s.r.p.s.c.CheckoutPatchedBuild - STEP 2/22: CheckoutPatchedBuildCandidate
12:04:26.957 [main] DEBUG f.i.s.r.p.s.c.CheckoutPatchedBuild - ----------------------------------------------------------------------
12:04:26.958 [main] DEBUG f.i.s.r.p.s.c.CheckoutPatchedBuild - Checking out patched build candidate...
12:04:27.078 [main] INFO  fr.inria.jtravis.JTravis - GitHub ratelimit: Limit: 5000 Remaining: 4941 Reset hour: 19:20:49
12:04:28.615 [main] DEBUG f.i.s.r.p.s.c.CheckoutPatchedBuild - Reproduce the PR for algolia/algoliasearch-client-java-2 by fetching remote branch and merging.
12:04:28.811 [main] ERROR f.i.s.r.p.s.c.CheckoutPatchedBuild - Error while testing commit: org.eclipse.jgit.errors.MissingObjectException: Missing unknown 8d2c4c2a2ac9ba6cf8e543ea9708df216e2c58cd
12:04:28.813 [main] ERROR f.i.s.r.p.s.c.CheckoutPatchedBuild - Commit head ref cannot be retrieved from the repository: 8d2c4c2a2ac9ba6cf8e543ea9708df216e2c58cd. Operation aborted.
12:04:28.814 [main] ERROR f.i.s.r.p.s.c.CheckoutPatchedBuild - Error while merging two commits to reproduce the PR.
12:04:28.815 [main] DEBUG f.i.s.r.p.s.c.CheckoutPatchedBuild - STEP STATUS: [ CheckoutPatchedBuildCandidate : FAILURE ( BUILDNOTCHECKEDOUT ) ]
12:04:28.816 [main] DEBUG f.i.s.r.p.s.c.CheckoutPatchedBuild - STEP DURATION: 1s
12:04:28.816 [main] DEBUG f.i.s.r.p.s.c.CheckoutPatchedBuild - TERMINATE PIPELINE
12:04:28.817 [main] DEBUG f.i.s.r.p.s.c.CheckoutPatchedBuild - FINAL STEPS SKIPPED: The reproduction of the bug and/or the patch failed.
12:04:28.817 [main] INFO  f.i.s.r.p.s.c.CheckoutPatchedBuild - Serialize all data for the pair of builds 334682261, 335064114
12:04:28.944 [main] INFO  fr.inria.jtravis.JTravis - GitHub ratelimit: Limit: 5000 Remaining: 4934 Reset hour: 19:20:49
12:04:29.372 [main] INFO  f.i.s.r.p.i.ProjectInspector - ----------------------------------------------------------------------
12:04:29.373 [main] INFO  f.i.s.r.p.i.ProjectInspector - PIPELINE EXECUTION SUMMARY
12:04:29.373 [main] INFO  f.i.s.r.p.i.ProjectInspector - ----------------------------------------------------------------------
12:04:29.374 [main] INFO  f.i.s.r.p.i.ProjectInspector - CloneRepository........................................SUCCESS [ 4 s ]
12:04:29.374 [main] INFO  f.i.s.r.p.i.ProjectInspector - CheckoutPatchedBuildCandidate..........................FAILURE [ 1 s ]
12:04:29.374 [main] INFO  f.i.s.r.p.i.ProjectInspector - ComputeSourceDir.......................................NOT RUN        
12:04:29.374 [main] INFO  f.i.s.r.p.i.ProjectInspector - ComputeTestDir.........................................NOT RUN        
12:04:29.375 [main] INFO  f.i.s.r.p.i.ProjectInspector - CheckoutBuggyBuildCandidateSourceCode..................NOT RUN        
12:04:29.375 [main] INFO  f.i.s.r.p.i.ProjectInspector - BuildProjectBuggyBuildCandidateSourceCode..............NOT RUN        
12:04:29.375 [main] INFO  f.i.s.r.p.i.ProjectInspector - TestProjectBuggyBuildCandidateSourceCode...............NOT RUN        
12:04:29.376 [main] INFO  f.i.s.r.p.i.ProjectInspector - GatherTestInformationBuggyBuildCandidateSourceCode.....NOT RUN        
12:04:29.378 [main] INFO  f.i.s.r.p.i.ProjectInspector - CheckoutBuggyBuildTestCode.............................NOT RUN        
12:04:29.378 [main] INFO  f.i.s.r.p.i.ProjectInspector - InitRepoToPush.........................................NOT RUN        
12:04:29.379 [main] INFO  f.i.s.r.p.i.ProjectInspector - ComputeClasspath.......................................NOT RUN        
12:04:29.379 [main] INFO  f.i.s.r.p.i.ProjectInspector - ComputeModules.........................................NOT RUN        
12:04:29.380 [main] INFO  f.i.s.r.p.i.ProjectInspector - CheckoutBuggyBuildCandidateSourceCode..................NOT RUN        
12:04:29.380 [main] INFO  f.i.s.r.p.i.ProjectInspector - CommitChangedTests.....................................NOT RUN        
12:04:29.380 [main] INFO  f.i.s.r.p.i.ProjectInspector - CheckoutPatchedBuildCandidate..........................NOT RUN        
12:04:29.381 [main] INFO  f.i.s.r.p.i.ProjectInspector - BuildProjectPatchedBuildCandidate......................NOT RUN        
12:04:29.381 [main] INFO  f.i.s.r.p.i.ProjectInspector - TestProjectPatchedBuildCandidate.......................NOT RUN        
12:04:29.382 [main] INFO  f.i.s.r.p.i.ProjectInspector - GatherTestInformationPatchedBuildCandidate.............NOT RUN        
12:04:29.382 [main] INFO  f.i.s.r.p.i.ProjectInspector - CommitPatch............................................NOT RUN        
12:04:29.382 [main] INFO  f.i.s.r.p.i.ProjectInspector - WritePropertyFile......................................NOT RUN        
12:04:29.383 [main] INFO  f.i.s.r.p.i.ProjectInspector - CommitProcessEnd.......................................NOT RUN        
12:04:29.383 [main] INFO  f.i.s.r.p.i.ProjectInspector - PushProcessEnd.........................................NOT RUN        
12:04:29.383 [main] INFO  f.i.s.r.p.i.ProjectInspector - ----------------------------------------------------------------------
12:04:29.384 [main] INFO  f.i.s.r.p.i.ProjectInspector - PIPELINE FINDING: BUILDNOTCHECKEDOUT
12:04:29.384 [main] INFO  f.i.s.r.p.i.ProjectInspector - ----------------------------------------------------------------------
12:04:29.384 [main] INFO  f.i.s.repairnator.pipeline.Launcher - Inspector is finished. The process will exit now.
