17:55:33.938 [main] INFO  f.i.s.repairnator.pipeline.Launcher - PIPELINE VERSION: 3.0-2018-08-09 19:04
17:55:34.195 [main] INFO  f.i.s.repairnator.pipeline.Launcher - The pipeline will try to reproduce a bug from build 333495819 and its corresponding patch from build 333499974
17:55:34.196 [main] INFO  f.i.s.repairnator.pipeline.Launcher - Initialize file serializer engines.
17:55:34.197 [main] INFO  f.i.s.repairnator.pipeline.Launcher - MongoDB won't be used for serialization.
17:55:34.198 [main] INFO  f.i.s.repairnator.pipeline.Launcher - The email notifier engine won't be used.
17:55:34.202 [main] INFO  f.i.s.repairnator.pipeline.Launcher - Start by getting the build (buildId: 333495819) with the following config: RepairnatorConfig{runId='e37d2f70-f43d-494e-93aa-3a56dc324afd_01-18-week4-PASSING_AND_PASSING', launcherMode=BEARS, serializeJson=true, inputPath='null', outputPath='/var/log', mongodbHost='null', mongodbName='repairnator', smtpServer='null', notifyTo=[], notifyEndProcess=false, push=true, pushRemoteRepo='https://github.com/fermadeiral/bears-collection-pp', fork=false, lookFromDate=null, lookToDate=null, buildId=333495819, z3solverPath='./z3_for_linux', workspacePath='./workspace', githubToken='c8a341a903[...]', dockerImageName='null', skipDelete=false, createOutputDir=false, logDirectory='null', nbThreads=0, globalTimeout=0, whiteList=null, blackList=null, jobSleepTime=0, buildSleepTime=0, maxInspectedBuilds=0, duration=null, humanPatch=false, repository='null', clean=true, bearsMode=BOTH, bearsDelimiter = false, repairTools=NopolAllTests,NPEFix,AssertFixer,AstorJGenProg,AstorJKali,NopolSingleTest,AstorJMut,NopolTestExclusionStrategy, githubUserName= fermadeiral, githubUserEmail=fer.madeiral@gmail.com}
17:55:35.591 [main] DEBUG fr.inria.jtravis.helpers.BuildHelper - Get request to :https://api.travis-ci.org/build/333495819 done after 815 ms
17:55:35.827 [main] DEBUG fr.inria.jtravis.helpers.BuildHelper - Get request to :https://api.travis-ci.org/build/333499974 done after 129 ms
17:55:35.848 [main] INFO  f.i.s.repairnator.pipeline.Launcher - The patched build (333499974) was successfully retrieved from Travis.
17:55:36.901 [main] INFO  fr.inria.jtravis.JTravis - GitHub ratelimit: Limit: 5000 Remaining: 4934 Reset hour: 19:21:09
17:55:37.184 [main] INFO  f.i.s.r.p.i.ProjectInspector - ----------------------------------------------------------------------
17:55:37.184 [main] INFO  f.i.s.r.p.i.ProjectInspector - PIPELINE STEPS
17:55:37.184 [main] INFO  f.i.s.r.p.i.ProjectInspector - ----------------------------------------------------------------------
17:55:37.186 [main] INFO  f.i.s.r.p.i.ProjectInspector - CloneRepository
17:55:37.186 [main] INFO  f.i.s.r.p.i.ProjectInspector - CheckoutPatchedBuildCandidate
17:55:37.186 [main] INFO  f.i.s.r.p.i.ProjectInspector - ComputeSourceDir
17:55:37.187 [main] INFO  f.i.s.r.p.i.ProjectInspector - ComputeTestDir
17:55:37.187 [main] INFO  f.i.s.r.p.i.ProjectInspector - CheckoutBuggyBuildCandidateSourceCode
17:55:37.187 [main] INFO  f.i.s.r.p.i.ProjectInspector - BuildProjectBuggyBuildCandidateSourceCode
17:55:37.187 [main] INFO  f.i.s.r.p.i.ProjectInspector - TestProjectBuggyBuildCandidateSourceCode
17:55:37.187 [main] INFO  f.i.s.r.p.i.ProjectInspector - GatherTestInformationBuggyBuildCandidateSourceCode
17:55:37.187 [main] INFO  f.i.s.r.p.i.ProjectInspector - CheckoutBuggyBuildTestCode
17:55:37.187 [main] INFO  f.i.s.r.p.i.ProjectInspector - InitRepoToPush
17:55:37.187 [main] INFO  f.i.s.r.p.i.ProjectInspector - ComputeClasspath
17:55:37.188 [main] INFO  f.i.s.r.p.i.ProjectInspector - ComputeModules
17:55:37.188 [main] INFO  f.i.s.r.p.i.ProjectInspector - CheckoutBuggyBuildCandidateSourceCode
17:55:37.188 [main] INFO  f.i.s.r.p.i.ProjectInspector - CommitChangedTests
17:55:37.188 [main] INFO  f.i.s.r.p.i.ProjectInspector - CheckoutPatchedBuildCandidate
17:55:37.188 [main] INFO  f.i.s.r.p.i.ProjectInspector - BuildProjectPatchedBuildCandidate
17:55:37.188 [main] INFO  f.i.s.r.p.i.ProjectInspector - TestProjectPatchedBuildCandidate
17:55:37.188 [main] INFO  f.i.s.r.p.i.ProjectInspector - GatherTestInformationPatchedBuildCandidate
17:55:37.188 [main] INFO  f.i.s.r.p.i.ProjectInspector - CommitPatch
17:55:37.189 [main] INFO  f.i.s.r.p.i.ProjectInspector - WritePropertyFile
17:55:37.189 [main] INFO  f.i.s.r.p.i.ProjectInspector - CommitProcessEnd
17:55:37.189 [main] INFO  f.i.s.r.p.i.ProjectInspector - PushProcessEnd
17:55:37.189 [main] DEBUG f.i.s.r.process.step.CloneRepository - ----------------------------------------------------------------------
17:55:37.189 [main] DEBUG f.i.s.r.process.step.CloneRepository - STEP 1/22: CloneRepository
17:55:37.189 [main] DEBUG f.i.s.r.process.step.CloneRepository - ----------------------------------------------------------------------
17:55:37.192 [main] DEBUG f.i.s.r.process.step.CloneRepository - Cloning repository airlift/airlift in the following directory: ./workspace/airlift/airlift/333495819
17:55:49.523 [main] DEBUG f.i.s.r.process.step.CloneRepository - STEP STATUS: [ CloneRepository : SUCCESS ]
17:55:49.524 [main] DEBUG f.i.s.r.process.step.CloneRepository - STEP DURATION: 12s
17:55:49.524 [main] DEBUG f.i.s.r.process.step.CloneRepository - EXECUTE NEXT STEP
17:55:49.525 [main] DEBUG f.i.s.r.p.s.c.CheckoutPatchedBuild - ----------------------------------------------------------------------
17:55:49.525 [main] DEBUG f.i.s.r.p.s.c.CheckoutPatchedBuild - STEP 2/22: CheckoutPatchedBuildCandidate
17:55:49.525 [main] DEBUG f.i.s.r.p.s.c.CheckoutPatchedBuild - ----------------------------------------------------------------------
17:55:49.526 [main] DEBUG f.i.s.r.p.s.c.CheckoutPatchedBuild - Checking out patched build candidate...
17:55:49.935 [main] INFO  fr.inria.jtravis.JTravis - GitHub ratelimit: Limit: 5000 Remaining: 4933 Reset hour: 19:21:09
17:55:51.346 [main] DEBUG f.i.s.r.p.s.c.CheckoutPatchedBuild - Reproduce the PR for airlift/airlift by fetching remote branch and merging.
17:55:51.551 [main] ERROR f.i.s.r.p.s.c.CheckoutPatchedBuild - Error while testing commit: org.eclipse.jgit.errors.MissingObjectException: Missing unknown 8d5716c11fabd73ed71d0575f4a48d4e18b4953e
17:55:51.553 [main] ERROR f.i.s.r.p.s.c.CheckoutPatchedBuild - Commit head ref cannot be retrieved from the repository: 8d5716c11fabd73ed71d0575f4a48d4e18b4953e. Operation aborted.
17:55:51.553 [main] ERROR f.i.s.r.p.s.c.CheckoutPatchedBuild - Error while merging two commits to reproduce the PR.
17:55:51.554 [main] DEBUG f.i.s.r.p.s.c.CheckoutPatchedBuild - STEP STATUS: [ CheckoutPatchedBuildCandidate : FAILURE ( BUILDNOTCHECKEDOUT ) ]
17:55:51.555 [main] DEBUG f.i.s.r.p.s.c.CheckoutPatchedBuild - STEP DURATION: 2s
17:55:51.555 [main] DEBUG f.i.s.r.p.s.c.CheckoutPatchedBuild - TERMINATE PIPELINE
17:55:51.556 [main] DEBUG f.i.s.r.p.s.c.CheckoutPatchedBuild - FINAL STEPS SKIPPED: The reproduction of the bug and/or the patch failed.
17:55:51.556 [main] INFO  f.i.s.r.p.s.c.CheckoutPatchedBuild - Serialize all data for the pair of builds 333495819, 333499974
17:55:51.676 [main] INFO  fr.inria.jtravis.JTravis - GitHub ratelimit: Limit: 5000 Remaining: 4926 Reset hour: 19:21:09
17:55:52.297 [main] INFO  f.i.s.r.p.i.ProjectInspector - ----------------------------------------------------------------------
17:55:52.298 [main] INFO  f.i.s.r.p.i.ProjectInspector - PIPELINE EXECUTION SUMMARY
17:55:52.298 [main] INFO  f.i.s.r.p.i.ProjectInspector - ----------------------------------------------------------------------
17:55:52.299 [main] INFO  f.i.s.r.p.i.ProjectInspector - CloneRepository.......................................SUCCESS [ 12 s ]
17:55:52.299 [main] INFO  f.i.s.r.p.i.ProjectInspector - CheckoutPatchedBuildCandidate.........................FAILURE [  2 s ]
17:55:52.300 [main] INFO  f.i.s.r.p.i.ProjectInspector - ComputeSourceDir......................................NOT RUN         
17:55:52.300 [main] INFO  f.i.s.r.p.i.ProjectInspector - ComputeTestDir........................................NOT RUN         
17:55:52.301 [main] INFO  f.i.s.r.p.i.ProjectInspector - CheckoutBuggyBuildCandidateSourceCode.................NOT RUN         
17:55:52.301 [main] INFO  f.i.s.r.p.i.ProjectInspector - BuildProjectBuggyBuildCandidateSourceCode.............NOT RUN         
17:55:52.302 [main] INFO  f.i.s.r.p.i.ProjectInspector - TestProjectBuggyBuildCandidateSourceCode..............NOT RUN         
17:55:52.302 [main] INFO  f.i.s.r.p.i.ProjectInspector - GatherTestInformationBuggyBuildCandidateSourceCode....NOT RUN         
17:55:52.303 [main] INFO  f.i.s.r.p.i.ProjectInspector - CheckoutBuggyBuildTestCode............................NOT RUN         
17:55:52.303 [main] INFO  f.i.s.r.p.i.ProjectInspector - InitRepoToPush........................................NOT RUN         
17:55:52.304 [main] INFO  f.i.s.r.p.i.ProjectInspector - ComputeClasspath......................................NOT RUN         
17:55:52.304 [main] INFO  f.i.s.r.p.i.ProjectInspector - ComputeModules........................................NOT RUN         
17:55:52.305 [main] INFO  f.i.s.r.p.i.ProjectInspector - CheckoutBuggyBuildCandidateSourceCode.................NOT RUN         
17:55:52.305 [main] INFO  f.i.s.r.p.i.ProjectInspector - CommitChangedTests....................................NOT RUN         
17:55:52.306 [main] INFO  f.i.s.r.p.i.ProjectInspector - CheckoutPatchedBuildCandidate.........................NOT RUN         
17:55:52.306 [main] INFO  f.i.s.r.p.i.ProjectInspector - BuildProjectPatchedBuildCandidate.....................NOT RUN         
17:55:52.306 [main] INFO  f.i.s.r.p.i.ProjectInspector - TestProjectPatchedBuildCandidate......................NOT RUN         
17:55:52.307 [main] INFO  f.i.s.r.p.i.ProjectInspector - GatherTestInformationPatchedBuildCandidate............NOT RUN         
17:55:52.307 [main] INFO  f.i.s.r.p.i.ProjectInspector - CommitPatch...........................................NOT RUN         
17:55:52.307 [main] INFO  f.i.s.r.p.i.ProjectInspector - WritePropertyFile.....................................NOT RUN         
17:55:52.307 [main] INFO  f.i.s.r.p.i.ProjectInspector - CommitProcessEnd......................................NOT RUN         
17:55:52.307 [main] INFO  f.i.s.r.p.i.ProjectInspector - PushProcessEnd........................................NOT RUN         
17:55:52.308 [main] INFO  f.i.s.r.p.i.ProjectInspector - ----------------------------------------------------------------------
17:55:52.308 [main] INFO  f.i.s.r.p.i.ProjectInspector - PIPELINE FINDING: BUILDNOTCHECKEDOUT
17:55:52.308 [main] INFO  f.i.s.r.p.i.ProjectInspector - ----------------------------------------------------------------------
17:55:52.308 [main] INFO  f.i.s.repairnator.pipeline.Launcher - Inspector is finished. The process will exit now.
