05:26:33.925 [main] INFO  f.i.s.repairnator.pipeline.Launcher - PIPELINE VERSION: 3.0-2018-08-09 19:04
05:26:34.113 [main] INFO  f.i.s.repairnator.pipeline.Launcher - The pipeline will try to reproduce a bug from build 330953040 and its corresponding patch from build 332707712
05:26:34.114 [main] INFO  f.i.s.repairnator.pipeline.Launcher - Initialize file serializer engines.
05:26:34.116 [main] INFO  f.i.s.repairnator.pipeline.Launcher - MongoDB won't be used for serialization.
05:26:34.116 [main] INFO  f.i.s.repairnator.pipeline.Launcher - The email notifier engine won't be used.
05:26:34.120 [main] INFO  f.i.s.repairnator.pipeline.Launcher - Start by getting the build (buildId: 330953040) with the following config: RepairnatorConfig{runId='e37d2f70-f43d-494e-93aa-3a56dc324afd_01-18-week4-PASSING_AND_PASSING', launcherMode=BEARS, serializeJson=true, inputPath='null', outputPath='/var/log', mongodbHost='null', mongodbName='repairnator', smtpServer='null', notifyTo=[], notifyEndProcess=false, push=true, pushRemoteRepo='https://github.com/fermadeiral/bears-collection-pp', fork=false, lookFromDate=null, lookToDate=null, buildId=330953040, z3solverPath='./z3_for_linux', workspacePath='./workspace', githubToken='c8a341a903[...]', dockerImageName='null', skipDelete=false, createOutputDir=false, logDirectory='null', nbThreads=0, globalTimeout=0, whiteList=null, blackList=null, jobSleepTime=0, buildSleepTime=0, maxInspectedBuilds=0, duration=null, humanPatch=false, repository='null', clean=true, bearsMode=BOTH, bearsDelimiter = false, repairTools=NopolAllTests,NPEFix,AssertFixer,AstorJGenProg,AstorJKali,NopolSingleTest,AstorJMut,NopolTestExclusionStrategy, githubUserName= fermadeiral, githubUserEmail=fer.madeiral@gmail.com}
05:26:35.716 [main] DEBUG fr.inria.jtravis.helpers.BuildHelper - Get request to :https://api.travis-ci.org/build/330953040 done after 911 ms
05:26:36.002 [main] DEBUG fr.inria.jtravis.helpers.BuildHelper - Get request to :https://api.travis-ci.org/build/332707712 done after 148 ms
05:26:36.021 [main] INFO  f.i.s.repairnator.pipeline.Launcher - The patched build (332707712) was successfully retrieved from Travis.
05:26:37.357 [main] INFO  fr.inria.jtravis.JTravis - GitHub ratelimit: Limit: 5000 Remaining: 4997 Reset hour: 19:20:25
05:26:37.646 [main] INFO  f.i.s.r.p.i.ProjectInspector - ----------------------------------------------------------------------
05:26:37.646 [main] INFO  f.i.s.r.p.i.ProjectInspector - PIPELINE STEPS
05:26:37.646 [main] INFO  f.i.s.r.p.i.ProjectInspector - ----------------------------------------------------------------------
05:26:37.647 [main] INFO  f.i.s.r.p.i.ProjectInspector - CloneRepository
05:26:37.647 [main] INFO  f.i.s.r.p.i.ProjectInspector - CheckoutPatchedBuildCandidate
05:26:37.647 [main] INFO  f.i.s.r.p.i.ProjectInspector - ComputeSourceDir
05:26:37.647 [main] INFO  f.i.s.r.p.i.ProjectInspector - ComputeTestDir
05:26:37.648 [main] INFO  f.i.s.r.p.i.ProjectInspector - CheckoutBuggyBuildCandidateSourceCode
05:26:37.648 [main] INFO  f.i.s.r.p.i.ProjectInspector - BuildProjectBuggyBuildCandidateSourceCode
05:26:37.648 [main] INFO  f.i.s.r.p.i.ProjectInspector - TestProjectBuggyBuildCandidateSourceCode
05:26:37.648 [main] INFO  f.i.s.r.p.i.ProjectInspector - GatherTestInformationBuggyBuildCandidateSourceCode
05:26:37.649 [main] INFO  f.i.s.r.p.i.ProjectInspector - CheckoutBuggyBuildTestCode
05:26:37.649 [main] INFO  f.i.s.r.p.i.ProjectInspector - InitRepoToPush
05:26:37.649 [main] INFO  f.i.s.r.p.i.ProjectInspector - ComputeClasspath
05:26:37.649 [main] INFO  f.i.s.r.p.i.ProjectInspector - ComputeModules
05:26:37.649 [main] INFO  f.i.s.r.p.i.ProjectInspector - CheckoutBuggyBuildCandidateSourceCode
05:26:37.650 [main] INFO  f.i.s.r.p.i.ProjectInspector - CommitChangedTests
05:26:37.650 [main] INFO  f.i.s.r.p.i.ProjectInspector - CheckoutPatchedBuildCandidate
05:26:37.650 [main] INFO  f.i.s.r.p.i.ProjectInspector - BuildProjectPatchedBuildCandidate
05:26:37.650 [main] INFO  f.i.s.r.p.i.ProjectInspector - TestProjectPatchedBuildCandidate
05:26:37.651 [main] INFO  f.i.s.r.p.i.ProjectInspector - GatherTestInformationPatchedBuildCandidate
05:26:37.656 [main] INFO  f.i.s.r.p.i.ProjectInspector - CommitPatch
05:26:37.656 [main] INFO  f.i.s.r.p.i.ProjectInspector - WritePropertyFile
05:26:37.657 [main] INFO  f.i.s.r.p.i.ProjectInspector - CommitProcessEnd
05:26:37.657 [main] INFO  f.i.s.r.p.i.ProjectInspector - PushProcessEnd
05:26:37.657 [main] DEBUG f.i.s.r.process.step.CloneRepository - ----------------------------------------------------------------------
05:26:37.658 [main] DEBUG f.i.s.r.process.step.CloneRepository - STEP 1/22: CloneRepository
05:26:37.658 [main] DEBUG f.i.s.r.process.step.CloneRepository - ----------------------------------------------------------------------
05:26:37.659 [main] DEBUG f.i.s.r.process.step.CloneRepository - Cloning repository EnMasseProject/enmasse in the following directory: ./workspace/EnMasseProject/enmasse/330953040
05:27:04.047 [main] DEBUG f.i.s.r.process.step.CloneRepository - STEP STATUS: [ CloneRepository : SUCCESS ]
05:27:04.048 [main] DEBUG f.i.s.r.process.step.CloneRepository - STEP DURATION: 26s
05:27:04.048 [main] DEBUG f.i.s.r.process.step.CloneRepository - EXECUTE NEXT STEP
05:27:04.048 [main] DEBUG f.i.s.r.p.s.c.CheckoutPatchedBuild - ----------------------------------------------------------------------
05:27:04.049 [main] DEBUG f.i.s.r.p.s.c.CheckoutPatchedBuild - STEP 2/22: CheckoutPatchedBuildCandidate
05:27:04.049 [main] DEBUG f.i.s.r.p.s.c.CheckoutPatchedBuild - ----------------------------------------------------------------------
05:27:04.049 [main] DEBUG f.i.s.r.p.s.c.CheckoutPatchedBuild - Checking out patched build candidate...
05:27:04.057 [main] ERROR f.i.s.r.p.s.c.CheckoutPatchedBuild - Error while testing commit: org.eclipse.jgit.errors.MissingObjectException: Missing unknown c57034b01034b7930cd58eebc415e84b0224b125
05:27:04.057 [main] ERROR f.i.s.r.p.s.c.CheckoutPatchedBuild - Error while getting the commit to checkout from the repo.
05:27:04.058 [main] DEBUG f.i.s.r.p.s.c.CheckoutPatchedBuild - STEP STATUS: [ CheckoutPatchedBuildCandidate : FAILURE ( BUILDNOTCHECKEDOUT ) ]
05:27:04.058 [main] DEBUG f.i.s.r.p.s.c.CheckoutPatchedBuild - STEP DURATION: 0s
05:27:04.058 [main] DEBUG f.i.s.r.p.s.c.CheckoutPatchedBuild - TERMINATE PIPELINE
05:27:04.058 [main] DEBUG f.i.s.r.p.s.c.CheckoutPatchedBuild - FINAL STEPS SKIPPED: The reproduction of the bug and/or the patch failed.
05:27:04.059 [main] INFO  f.i.s.r.p.s.c.CheckoutPatchedBuild - Serialize all data for the pair of builds 330953040, 332707712
05:27:04.371 [main] INFO  fr.inria.jtravis.JTravis - GitHub ratelimit: Limit: 5000 Remaining: 4996 Reset hour: 19:20:25
05:27:05.567 [main] INFO  f.i.s.r.p.i.ProjectInspector - ----------------------------------------------------------------------
05:27:05.568 [main] INFO  f.i.s.r.p.i.ProjectInspector - PIPELINE EXECUTION SUMMARY
05:27:05.568 [main] INFO  f.i.s.r.p.i.ProjectInspector - ----------------------------------------------------------------------
05:27:05.568 [main] INFO  f.i.s.r.p.i.ProjectInspector - CloneRepository.......................................SUCCESS [ 26 s ]
05:27:05.568 [main] INFO  f.i.s.r.p.i.ProjectInspector - CheckoutPatchedBuildCandidate.........................FAILURE [  0 s ]
05:27:05.568 [main] INFO  f.i.s.r.p.i.ProjectInspector - ComputeSourceDir......................................NOT RUN         
05:27:05.568 [main] INFO  f.i.s.r.p.i.ProjectInspector - ComputeTestDir........................................NOT RUN         
05:27:05.568 [main] INFO  f.i.s.r.p.i.ProjectInspector - CheckoutBuggyBuildCandidateSourceCode.................NOT RUN         
05:27:05.569 [main] INFO  f.i.s.r.p.i.ProjectInspector - BuildProjectBuggyBuildCandidateSourceCode.............NOT RUN         
05:27:05.569 [main] INFO  f.i.s.r.p.i.ProjectInspector - TestProjectBuggyBuildCandidateSourceCode..............NOT RUN         
05:27:05.569 [main] INFO  f.i.s.r.p.i.ProjectInspector - GatherTestInformationBuggyBuildCandidateSourceCode....NOT RUN         
05:27:05.569 [main] INFO  f.i.s.r.p.i.ProjectInspector - CheckoutBuggyBuildTestCode............................NOT RUN         
05:27:05.569 [main] INFO  f.i.s.r.p.i.ProjectInspector - InitRepoToPush........................................NOT RUN         
05:27:05.569 [main] INFO  f.i.s.r.p.i.ProjectInspector - ComputeClasspath......................................NOT RUN         
05:27:05.570 [main] INFO  f.i.s.r.p.i.ProjectInspector - ComputeModules........................................NOT RUN         
05:27:05.570 [main] INFO  f.i.s.r.p.i.ProjectInspector - CheckoutBuggyBuildCandidateSourceCode.................NOT RUN         
05:27:05.570 [main] INFO  f.i.s.r.p.i.ProjectInspector - CommitChangedTests....................................NOT RUN         
05:27:05.570 [main] INFO  f.i.s.r.p.i.ProjectInspector - CheckoutPatchedBuildCandidate.........................NOT RUN         
05:27:05.570 [main] INFO  f.i.s.r.p.i.ProjectInspector - BuildProjectPatchedBuildCandidate.....................NOT RUN         
05:27:05.570 [main] INFO  f.i.s.r.p.i.ProjectInspector - TestProjectPatchedBuildCandidate......................NOT RUN         
05:27:05.571 [main] INFO  f.i.s.r.p.i.ProjectInspector - GatherTestInformationPatchedBuildCandidate............NOT RUN         
05:27:05.571 [main] INFO  f.i.s.r.p.i.ProjectInspector - CommitPatch...........................................NOT RUN         
05:27:05.571 [main] INFO  f.i.s.r.p.i.ProjectInspector - WritePropertyFile.....................................NOT RUN         
05:27:05.571 [main] INFO  f.i.s.r.p.i.ProjectInspector - CommitProcessEnd......................................NOT RUN         
05:27:05.571 [main] INFO  f.i.s.r.p.i.ProjectInspector - PushProcessEnd........................................NOT RUN         
05:27:05.571 [main] INFO  f.i.s.r.p.i.ProjectInspector - ----------------------------------------------------------------------
05:27:05.571 [main] INFO  f.i.s.r.p.i.ProjectInspector - PIPELINE FINDING: BUILDNOTCHECKEDOUT
05:27:05.572 [main] INFO  f.i.s.r.p.i.ProjectInspector - ----------------------------------------------------------------------
05:27:05.572 [main] INFO  f.i.s.repairnator.pipeline.Launcher - Inspector is finished. The process will exit now.
