03:43:52.049 [main] INFO  f.i.s.repairnator.pipeline.Launcher - PIPELINE VERSION: 3.0-2018-08-09 19:04
03:43:52.217 [main] INFO  f.i.s.repairnator.pipeline.Launcher - The pipeline will try to reproduce a bug from build 334862143 and its corresponding patch from build 335118536
03:43:52.218 [main] INFO  f.i.s.repairnator.pipeline.Launcher - Initialize file serializer engines.
03:43:52.220 [main] INFO  f.i.s.repairnator.pipeline.Launcher - MongoDB won't be used for serialization.
03:43:52.220 [main] INFO  f.i.s.repairnator.pipeline.Launcher - The email notifier engine won't be used.
03:43:52.223 [main] INFO  f.i.s.repairnator.pipeline.Launcher - Start by getting the build (buildId: 334862143) with the following config: RepairnatorConfig{runId='e37d2f70-f43d-494e-93aa-3a56dc324afd_01-18-week4-PASSING_AND_PASSING', launcherMode=BEARS, serializeJson=true, inputPath='null', outputPath='/var/log', mongodbHost='null', mongodbName='repairnator', smtpServer='null', notifyTo=[], notifyEndProcess=false, push=true, pushRemoteRepo='https://github.com/fermadeiral/bears-collection-pp', fork=false, lookFromDate=null, lookToDate=null, buildId=334862143, z3solverPath='./z3_for_linux', workspacePath='./workspace', githubToken='c8a341a903[...]', dockerImageName='null', skipDelete=false, createOutputDir=false, logDirectory='null', nbThreads=0, globalTimeout=0, whiteList=null, blackList=null, jobSleepTime=0, buildSleepTime=0, maxInspectedBuilds=0, duration=null, humanPatch=false, repository='null', clean=true, bearsMode=BOTH, bearsDelimiter = false, repairTools=NopolAllTests,NPEFix,AssertFixer,AstorJGenProg,AstorJKali,NopolSingleTest,AstorJMut,NopolTestExclusionStrategy, githubUserName= fermadeiral, githubUserEmail=fer.madeiral@gmail.com}
03:43:53.656 [main] DEBUG fr.inria.jtravis.helpers.BuildHelper - Get request to :https://api.travis-ci.org/build/334862143 done after 915 ms
03:43:53.922 [main] DEBUG fr.inria.jtravis.helpers.BuildHelper - Get request to :https://api.travis-ci.org/build/335118536 done after 133 ms
03:43:53.944 [main] INFO  f.i.s.repairnator.pipeline.Launcher - The patched build (335118536) was successfully retrieved from Travis.
03:43:55.222 [main] INFO  fr.inria.jtravis.JTravis - GitHub ratelimit: Limit: 5000 Remaining: 4891 Reset hour: 19:20:18
03:43:55.475 [main] INFO  f.i.s.r.p.i.ProjectInspector - ----------------------------------------------------------------------
03:43:55.475 [main] INFO  f.i.s.r.p.i.ProjectInspector - PIPELINE STEPS
03:43:55.476 [main] INFO  f.i.s.r.p.i.ProjectInspector - ----------------------------------------------------------------------
03:43:55.476 [main] INFO  f.i.s.r.p.i.ProjectInspector - CloneRepository
03:43:55.476 [main] INFO  f.i.s.r.p.i.ProjectInspector - CheckoutPatchedBuildCandidate
03:43:55.476 [main] INFO  f.i.s.r.p.i.ProjectInspector - ComputeSourceDir
03:43:55.476 [main] INFO  f.i.s.r.p.i.ProjectInspector - ComputeTestDir
03:43:55.476 [main] INFO  f.i.s.r.p.i.ProjectInspector - CheckoutBuggyBuildCandidateSourceCode
03:43:55.476 [main] INFO  f.i.s.r.p.i.ProjectInspector - BuildProjectBuggyBuildCandidateSourceCode
03:43:55.477 [main] INFO  f.i.s.r.p.i.ProjectInspector - TestProjectBuggyBuildCandidateSourceCode
03:43:55.477 [main] INFO  f.i.s.r.p.i.ProjectInspector - GatherTestInformationBuggyBuildCandidateSourceCode
03:43:55.477 [main] INFO  f.i.s.r.p.i.ProjectInspector - CheckoutBuggyBuildTestCode
03:43:55.477 [main] INFO  f.i.s.r.p.i.ProjectInspector - InitRepoToPush
03:43:55.477 [main] INFO  f.i.s.r.p.i.ProjectInspector - ComputeClasspath
03:43:55.477 [main] INFO  f.i.s.r.p.i.ProjectInspector - ComputeModules
03:43:55.478 [main] INFO  f.i.s.r.p.i.ProjectInspector - CheckoutBuggyBuildCandidateSourceCode
03:43:55.478 [main] INFO  f.i.s.r.p.i.ProjectInspector - CommitChangedTests
03:43:55.478 [main] INFO  f.i.s.r.p.i.ProjectInspector - CheckoutPatchedBuildCandidate
03:43:55.478 [main] INFO  f.i.s.r.p.i.ProjectInspector - BuildProjectPatchedBuildCandidate
03:43:55.478 [main] INFO  f.i.s.r.p.i.ProjectInspector - TestProjectPatchedBuildCandidate
03:43:55.479 [main] INFO  f.i.s.r.p.i.ProjectInspector - GatherTestInformationPatchedBuildCandidate
03:43:55.479 [main] INFO  f.i.s.r.p.i.ProjectInspector - CommitPatch
03:43:55.479 [main] INFO  f.i.s.r.p.i.ProjectInspector - WritePropertyFile
03:43:55.479 [main] INFO  f.i.s.r.p.i.ProjectInspector - CommitProcessEnd
03:43:55.480 [main] INFO  f.i.s.r.p.i.ProjectInspector - PushProcessEnd
03:43:55.480 [main] DEBUG f.i.s.r.process.step.CloneRepository - ----------------------------------------------------------------------
03:43:55.481 [main] DEBUG f.i.s.r.process.step.CloneRepository - STEP 1/22: CloneRepository
03:43:55.481 [main] DEBUG f.i.s.r.process.step.CloneRepository - ----------------------------------------------------------------------
03:43:55.481 [main] DEBUG f.i.s.r.process.step.CloneRepository - Cloning repository apache/nifi in the following directory: ./workspace/apache/nifi/334862143
03:44:40.875 [main] DEBUG f.i.s.r.process.step.CloneRepository - STEP STATUS: [ CloneRepository : SUCCESS ]
03:44:40.875 [main] DEBUG f.i.s.r.process.step.CloneRepository - STEP DURATION: 45s
03:44:40.875 [main] DEBUG f.i.s.r.process.step.CloneRepository - EXECUTE NEXT STEP
03:44:40.876 [main] DEBUG f.i.s.r.p.s.c.CheckoutPatchedBuild - ----------------------------------------------------------------------
03:44:40.876 [main] DEBUG f.i.s.r.p.s.c.CheckoutPatchedBuild - STEP 2/22: CheckoutPatchedBuildCandidate
03:44:40.876 [main] DEBUG f.i.s.r.p.s.c.CheckoutPatchedBuild - ----------------------------------------------------------------------
03:44:40.876 [main] DEBUG f.i.s.r.p.s.c.CheckoutPatchedBuild - Checking out patched build candidate...
03:44:41.227 [main] INFO  fr.inria.jtravis.JTravis - GitHub ratelimit: Limit: 5000 Remaining: 4890 Reset hour: 19:20:18
03:44:43.774 [main] DEBUG f.i.s.r.p.s.c.CheckoutPatchedBuild - Reproduce the PR for apache/nifi by fetching remote branch and merging.
03:44:46.095 [main] ERROR f.i.s.r.p.s.c.CheckoutPatchedBuild - Error while testing commit: org.eclipse.jgit.errors.MissingObjectException: Missing unknown dbfc3336080b22eabf5f3f1de8fb904ded728fee
03:44:46.097 [main] ERROR f.i.s.r.p.s.c.CheckoutPatchedBuild - Commit head ref cannot be retrieved from the repository: dbfc3336080b22eabf5f3f1de8fb904ded728fee. Operation aborted.
03:44:46.097 [main] ERROR f.i.s.r.p.s.c.CheckoutPatchedBuild - Error while merging two commits to reproduce the PR.
03:44:46.098 [main] DEBUG f.i.s.r.p.s.c.CheckoutPatchedBuild - STEP STATUS: [ CheckoutPatchedBuildCandidate : FAILURE ( BUILDNOTCHECKEDOUT ) ]
03:44:46.098 [main] DEBUG f.i.s.r.p.s.c.CheckoutPatchedBuild - STEP DURATION: 5s
03:44:46.098 [main] DEBUG f.i.s.r.p.s.c.CheckoutPatchedBuild - TERMINATE PIPELINE
03:44:46.098 [main] DEBUG f.i.s.r.p.s.c.CheckoutPatchedBuild - FINAL STEPS SKIPPED: The reproduction of the bug and/or the patch failed.
03:44:46.099 [main] INFO  f.i.s.r.p.s.c.CheckoutPatchedBuild - Serialize all data for the pair of builds 334862143, 335118536
03:44:46.225 [main] INFO  fr.inria.jtravis.JTravis - GitHub ratelimit: Limit: 5000 Remaining: 4883 Reset hour: 19:20:18
03:44:48.032 [main] INFO  f.i.s.r.p.i.ProjectInspector - ----------------------------------------------------------------------
03:44:48.032 [main] INFO  f.i.s.r.p.i.ProjectInspector - PIPELINE EXECUTION SUMMARY
03:44:48.033 [main] INFO  f.i.s.r.p.i.ProjectInspector - ----------------------------------------------------------------------
03:44:48.033 [main] INFO  f.i.s.r.p.i.ProjectInspector - CloneRepository.......................................SUCCESS [ 45 s ]
03:44:48.033 [main] INFO  f.i.s.r.p.i.ProjectInspector - CheckoutPatchedBuildCandidate.........................FAILURE [  5 s ]
03:44:48.033 [main] INFO  f.i.s.r.p.i.ProjectInspector - ComputeSourceDir......................................NOT RUN         
03:44:48.033 [main] INFO  f.i.s.r.p.i.ProjectInspector - ComputeTestDir........................................NOT RUN         
03:44:48.034 [main] INFO  f.i.s.r.p.i.ProjectInspector - CheckoutBuggyBuildCandidateSourceCode.................NOT RUN         
03:44:48.034 [main] INFO  f.i.s.r.p.i.ProjectInspector - BuildProjectBuggyBuildCandidateSourceCode.............NOT RUN         
03:44:48.034 [main] INFO  f.i.s.r.p.i.ProjectInspector - TestProjectBuggyBuildCandidateSourceCode..............NOT RUN         
03:44:48.034 [main] INFO  f.i.s.r.p.i.ProjectInspector - GatherTestInformationBuggyBuildCandidateSourceCode....NOT RUN         
03:44:48.034 [main] INFO  f.i.s.r.p.i.ProjectInspector - CheckoutBuggyBuildTestCode............................NOT RUN         
03:44:48.034 [main] INFO  f.i.s.r.p.i.ProjectInspector - InitRepoToPush........................................NOT RUN         
03:44:48.034 [main] INFO  f.i.s.r.p.i.ProjectInspector - ComputeClasspath......................................NOT RUN         
03:44:48.035 [main] INFO  f.i.s.r.p.i.ProjectInspector - ComputeModules........................................NOT RUN         
03:44:48.035 [main] INFO  f.i.s.r.p.i.ProjectInspector - CheckoutBuggyBuildCandidateSourceCode.................NOT RUN         
03:44:48.035 [main] INFO  f.i.s.r.p.i.ProjectInspector - CommitChangedTests....................................NOT RUN         
03:44:48.035 [main] INFO  f.i.s.r.p.i.ProjectInspector - CheckoutPatchedBuildCandidate.........................NOT RUN         
03:44:48.035 [main] INFO  f.i.s.r.p.i.ProjectInspector - BuildProjectPatchedBuildCandidate.....................NOT RUN         
03:44:48.035 [main] INFO  f.i.s.r.p.i.ProjectInspector - TestProjectPatchedBuildCandidate......................NOT RUN         
03:44:48.035 [main] INFO  f.i.s.r.p.i.ProjectInspector - GatherTestInformationPatchedBuildCandidate............NOT RUN         
03:44:48.036 [main] INFO  f.i.s.r.p.i.ProjectInspector - CommitPatch...........................................NOT RUN         
03:44:48.036 [main] INFO  f.i.s.r.p.i.ProjectInspector - WritePropertyFile.....................................NOT RUN         
03:44:48.036 [main] INFO  f.i.s.r.p.i.ProjectInspector - CommitProcessEnd......................................NOT RUN         
03:44:48.036 [main] INFO  f.i.s.r.p.i.ProjectInspector - PushProcessEnd........................................NOT RUN         
03:44:48.036 [main] INFO  f.i.s.r.p.i.ProjectInspector - ----------------------------------------------------------------------
03:44:48.036 [main] INFO  f.i.s.r.p.i.ProjectInspector - PIPELINE FINDING: BUILDNOTCHECKEDOUT
03:44:48.036 [main] INFO  f.i.s.r.p.i.ProjectInspector - ----------------------------------------------------------------------
03:44:48.037 [main] INFO  f.i.s.repairnator.pipeline.Launcher - Inspector is finished. The process will exit now.
