18:07:21.686 [main] INFO  f.i.s.repairnator.pipeline.Launcher - PIPELINE VERSION: 3.0-2018-08-09 19:04
18:07:21.818 [main] INFO  f.i.s.repairnator.pipeline.Launcher - The pipeline will try to reproduce a bug from build 333402922 and its corresponding patch from build 333443366
18:07:21.819 [main] INFO  f.i.s.repairnator.pipeline.Launcher - Initialize file serializer engines.
18:07:21.820 [main] INFO  f.i.s.repairnator.pipeline.Launcher - MongoDB won't be used for serialization.
18:07:21.821 [main] INFO  f.i.s.repairnator.pipeline.Launcher - The email notifier engine won't be used.
18:07:21.832 [main] INFO  f.i.s.repairnator.pipeline.Launcher - Start by getting the build (buildId: 333402922) with the following config: RepairnatorConfig{runId='e37d2f70-f43d-494e-93aa-3a56dc324afd_01-18-week4-PASSING_AND_PASSING', launcherMode=BEARS, serializeJson=true, inputPath='null', outputPath='/var/log', mongodbHost='null', mongodbName='repairnator', smtpServer='null', notifyTo=[], notifyEndProcess=false, push=true, pushRemoteRepo='https://github.com/fermadeiral/bears-collection-pp', fork=false, lookFromDate=null, lookToDate=null, buildId=333402922, z3solverPath='./z3_for_linux', workspacePath='./workspace', githubToken='c8a341a903[...]', dockerImageName='null', skipDelete=false, createOutputDir=false, logDirectory='null', nbThreads=0, globalTimeout=0, whiteList=null, blackList=null, jobSleepTime=0, buildSleepTime=0, maxInspectedBuilds=0, duration=null, humanPatch=false, repository='null', clean=true, bearsMode=BOTH, bearsDelimiter = false, repairTools=NopolAllTests,NPEFix,AssertFixer,AstorJGenProg,AstorJKali,NopolSingleTest,AstorJMut,NopolTestExclusionStrategy, githubUserName= fermadeiral, githubUserEmail=fer.madeiral@gmail.com}
18:07:23.116 [main] DEBUG fr.inria.jtravis.helpers.BuildHelper - Get request to :https://api.travis-ci.org/build/333402922 done after 803 ms
18:07:23.359 [main] DEBUG fr.inria.jtravis.helpers.BuildHelper - Get request to :https://api.travis-ci.org/build/333443366 done after 139 ms
18:07:23.377 [main] INFO  f.i.s.repairnator.pipeline.Launcher - The patched build (333443366) was successfully retrieved from Travis.
18:07:24.517 [main] INFO  fr.inria.jtravis.JTravis - GitHub ratelimit: Limit: 5000 Remaining: 4856 Reset hour: 19:21:09
18:07:24.802 [main] INFO  f.i.s.r.p.i.ProjectInspector - ----------------------------------------------------------------------
18:07:24.802 [main] INFO  f.i.s.r.p.i.ProjectInspector - PIPELINE STEPS
18:07:24.802 [main] INFO  f.i.s.r.p.i.ProjectInspector - ----------------------------------------------------------------------
18:07:24.802 [main] INFO  f.i.s.r.p.i.ProjectInspector - CloneRepository
18:07:24.802 [main] INFO  f.i.s.r.p.i.ProjectInspector - CheckoutPatchedBuildCandidate
18:07:24.802 [main] INFO  f.i.s.r.p.i.ProjectInspector - ComputeSourceDir
18:07:24.803 [main] INFO  f.i.s.r.p.i.ProjectInspector - ComputeTestDir
18:07:24.803 [main] INFO  f.i.s.r.p.i.ProjectInspector - CheckoutBuggyBuildCandidateSourceCode
18:07:24.803 [main] INFO  f.i.s.r.p.i.ProjectInspector - BuildProjectBuggyBuildCandidateSourceCode
18:07:24.803 [main] INFO  f.i.s.r.p.i.ProjectInspector - TestProjectBuggyBuildCandidateSourceCode
18:07:24.803 [main] INFO  f.i.s.r.p.i.ProjectInspector - GatherTestInformationBuggyBuildCandidateSourceCode
18:07:24.803 [main] INFO  f.i.s.r.p.i.ProjectInspector - CheckoutBuggyBuildTestCode
18:07:24.803 [main] INFO  f.i.s.r.p.i.ProjectInspector - InitRepoToPush
18:07:24.803 [main] INFO  f.i.s.r.p.i.ProjectInspector - ComputeClasspath
18:07:24.804 [main] INFO  f.i.s.r.p.i.ProjectInspector - ComputeModules
18:07:24.804 [main] INFO  f.i.s.r.p.i.ProjectInspector - CheckoutBuggyBuildCandidateSourceCode
18:07:24.804 [main] INFO  f.i.s.r.p.i.ProjectInspector - CommitChangedTests
18:07:24.804 [main] INFO  f.i.s.r.p.i.ProjectInspector - CheckoutPatchedBuildCandidate
18:07:24.804 [main] INFO  f.i.s.r.p.i.ProjectInspector - BuildProjectPatchedBuildCandidate
18:07:24.804 [main] INFO  f.i.s.r.p.i.ProjectInspector - TestProjectPatchedBuildCandidate
18:07:24.804 [main] INFO  f.i.s.r.p.i.ProjectInspector - GatherTestInformationPatchedBuildCandidate
18:07:24.804 [main] INFO  f.i.s.r.p.i.ProjectInspector - CommitPatch
18:07:24.805 [main] INFO  f.i.s.r.p.i.ProjectInspector - WritePropertyFile
18:07:24.805 [main] INFO  f.i.s.r.p.i.ProjectInspector - CommitProcessEnd
18:07:24.805 [main] INFO  f.i.s.r.p.i.ProjectInspector - PushProcessEnd
18:07:24.805 [main] DEBUG f.i.s.r.process.step.CloneRepository - ----------------------------------------------------------------------
18:07:24.805 [main] DEBUG f.i.s.r.process.step.CloneRepository - STEP 1/22: CloneRepository
18:07:24.806 [main] DEBUG f.i.s.r.process.step.CloneRepository - ----------------------------------------------------------------------
18:07:24.806 [main] DEBUG f.i.s.r.process.step.CloneRepository - Cloning repository resteasy/Resteasy in the following directory: ./workspace/resteasy/Resteasy/333402922
18:07:44.499 [main] DEBUG f.i.s.r.process.step.CloneRepository - STEP STATUS: [ CloneRepository : SUCCESS ]
18:07:44.500 [main] DEBUG f.i.s.r.process.step.CloneRepository - STEP DURATION: 19s
18:07:44.500 [main] DEBUG f.i.s.r.process.step.CloneRepository - EXECUTE NEXT STEP
18:07:44.501 [main] DEBUG f.i.s.r.p.s.c.CheckoutPatchedBuild - ----------------------------------------------------------------------
18:07:44.501 [main] DEBUG f.i.s.r.p.s.c.CheckoutPatchedBuild - STEP 2/22: CheckoutPatchedBuildCandidate
18:07:44.501 [main] DEBUG f.i.s.r.p.s.c.CheckoutPatchedBuild - ----------------------------------------------------------------------
18:07:44.502 [main] DEBUG f.i.s.r.p.s.c.CheckoutPatchedBuild - Checking out patched build candidate...
18:07:44.849 [main] INFO  fr.inria.jtravis.JTravis - GitHub ratelimit: Limit: 5000 Remaining: 4855 Reset hour: 19:21:09
18:07:47.395 [main] DEBUG f.i.s.r.p.s.c.CheckoutPatchedBuild - Reproduce the PR for resteasy/Resteasy by fetching remote branch and merging.
18:07:48.970 [main] ERROR f.i.s.r.p.s.c.CheckoutPatchedBuild - Error while testing commit: org.eclipse.jgit.errors.MissingObjectException: Missing unknown 363f3aedb08ee7fb60ee75652eceec0438431ac5
18:07:48.971 [main] ERROR f.i.s.r.p.s.c.CheckoutPatchedBuild - Commit head ref cannot be retrieved from the repository: 363f3aedb08ee7fb60ee75652eceec0438431ac5. Operation aborted.
18:07:48.971 [main] ERROR f.i.s.r.p.s.c.CheckoutPatchedBuild - Error while merging two commits to reproduce the PR.
18:07:48.972 [main] DEBUG f.i.s.r.p.s.c.CheckoutPatchedBuild - STEP STATUS: [ CheckoutPatchedBuildCandidate : FAILURE ( BUILDNOTCHECKEDOUT ) ]
18:07:48.972 [main] DEBUG f.i.s.r.p.s.c.CheckoutPatchedBuild - STEP DURATION: 4s
18:07:48.972 [main] DEBUG f.i.s.r.p.s.c.CheckoutPatchedBuild - TERMINATE PIPELINE
18:07:48.973 [main] DEBUG f.i.s.r.p.s.c.CheckoutPatchedBuild - FINAL STEPS SKIPPED: The reproduction of the bug and/or the patch failed.
18:07:48.973 [main] INFO  f.i.s.r.p.s.c.CheckoutPatchedBuild - Serialize all data for the pair of builds 333402922, 333443366
18:07:49.101 [main] INFO  fr.inria.jtravis.JTravis - GitHub ratelimit: Limit: 5000 Remaining: 4841 Reset hour: 19:21:09
18:07:50.129 [main] INFO  f.i.s.r.p.i.ProjectInspector - ----------------------------------------------------------------------
18:07:50.129 [main] INFO  f.i.s.r.p.i.ProjectInspector - PIPELINE EXECUTION SUMMARY
18:07:50.129 [main] INFO  f.i.s.r.p.i.ProjectInspector - ----------------------------------------------------------------------
18:07:50.129 [main] INFO  f.i.s.r.p.i.ProjectInspector - CloneRepository.......................................SUCCESS [ 19 s ]
18:07:50.130 [main] INFO  f.i.s.r.p.i.ProjectInspector - CheckoutPatchedBuildCandidate.........................FAILURE [  4 s ]
18:07:50.130 [main] INFO  f.i.s.r.p.i.ProjectInspector - ComputeSourceDir......................................NOT RUN         
18:07:50.131 [main] INFO  f.i.s.r.p.i.ProjectInspector - ComputeTestDir........................................NOT RUN         
18:07:50.131 [main] INFO  f.i.s.r.p.i.ProjectInspector - CheckoutBuggyBuildCandidateSourceCode.................NOT RUN         
18:07:50.131 [main] INFO  f.i.s.r.p.i.ProjectInspector - BuildProjectBuggyBuildCandidateSourceCode.............NOT RUN         
18:07:50.131 [main] INFO  f.i.s.r.p.i.ProjectInspector - TestProjectBuggyBuildCandidateSourceCode..............NOT RUN         
18:07:50.131 [main] INFO  f.i.s.r.p.i.ProjectInspector - GatherTestInformationBuggyBuildCandidateSourceCode....NOT RUN         
18:07:50.131 [main] INFO  f.i.s.r.p.i.ProjectInspector - CheckoutBuggyBuildTestCode............................NOT RUN         
18:07:50.131 [main] INFO  f.i.s.r.p.i.ProjectInspector - InitRepoToPush........................................NOT RUN         
18:07:50.131 [main] INFO  f.i.s.r.p.i.ProjectInspector - ComputeClasspath......................................NOT RUN         
18:07:50.132 [main] INFO  f.i.s.r.p.i.ProjectInspector - ComputeModules........................................NOT RUN         
18:07:50.132 [main] INFO  f.i.s.r.p.i.ProjectInspector - CheckoutBuggyBuildCandidateSourceCode.................NOT RUN         
18:07:50.132 [main] INFO  f.i.s.r.p.i.ProjectInspector - CommitChangedTests....................................NOT RUN         
18:07:50.132 [main] INFO  f.i.s.r.p.i.ProjectInspector - CheckoutPatchedBuildCandidate.........................NOT RUN         
18:07:50.132 [main] INFO  f.i.s.r.p.i.ProjectInspector - BuildProjectPatchedBuildCandidate.....................NOT RUN         
18:07:50.132 [main] INFO  f.i.s.r.p.i.ProjectInspector - TestProjectPatchedBuildCandidate......................NOT RUN         
18:07:50.132 [main] INFO  f.i.s.r.p.i.ProjectInspector - GatherTestInformationPatchedBuildCandidate............NOT RUN         
18:07:50.133 [main] INFO  f.i.s.r.p.i.ProjectInspector - CommitPatch...........................................NOT RUN         
18:07:50.133 [main] INFO  f.i.s.r.p.i.ProjectInspector - WritePropertyFile.....................................NOT RUN         
18:07:50.133 [main] INFO  f.i.s.r.p.i.ProjectInspector - CommitProcessEnd......................................NOT RUN         
18:07:50.133 [main] INFO  f.i.s.r.p.i.ProjectInspector - PushProcessEnd........................................NOT RUN         
18:07:50.133 [main] INFO  f.i.s.r.p.i.ProjectInspector - ----------------------------------------------------------------------
18:07:50.133 [main] INFO  f.i.s.r.p.i.ProjectInspector - PIPELINE FINDING: BUILDNOTCHECKEDOUT
18:07:50.134 [main] INFO  f.i.s.r.p.i.ProjectInspector - ----------------------------------------------------------------------
18:07:50.134 [main] INFO  f.i.s.repairnator.pipeline.Launcher - Inspector is finished. The process will exit now.
