09:55:05.647 [main] INFO  f.i.s.repairnator.pipeline.Launcher - PIPELINE VERSION: 3.0-2018-08-09 19:04
09:55:05.830 [main] INFO  f.i.s.repairnator.pipeline.Launcher - The pipeline will try to reproduce a bug from build 332609954 and its corresponding patch from build 332920984
09:55:05.831 [main] INFO  f.i.s.repairnator.pipeline.Launcher - Initialize file serializer engines.
09:55:05.834 [main] INFO  f.i.s.repairnator.pipeline.Launcher - MongoDB won't be used for serialization.
09:55:05.834 [main] INFO  f.i.s.repairnator.pipeline.Launcher - The email notifier engine won't be used.
09:55:05.839 [main] INFO  f.i.s.repairnator.pipeline.Launcher - Start by getting the build (buildId: 332609954) with the following config: RepairnatorConfig{runId='e37d2f70-f43d-494e-93aa-3a56dc324afd_01-18-week4-PASSING_AND_PASSING', launcherMode=BEARS, serializeJson=true, inputPath='null', outputPath='/var/log', mongodbHost='null', mongodbName='repairnator', smtpServer='null', notifyTo=[], notifyEndProcess=false, push=true, pushRemoteRepo='https://github.com/fermadeiral/bears-collection-pp', fork=false, lookFromDate=null, lookToDate=null, buildId=332609954, z3solverPath='./z3_for_linux', workspacePath='./workspace', githubToken='c8a341a903[...]', dockerImageName='null', skipDelete=false, createOutputDir=false, logDirectory='null', nbThreads=0, globalTimeout=0, whiteList=null, blackList=null, jobSleepTime=0, buildSleepTime=0, maxInspectedBuilds=0, duration=null, humanPatch=false, repository='null', clean=true, bearsMode=BOTH, bearsDelimiter = false, repairTools=NopolAllTests,NPEFix,AssertFixer,AstorJGenProg,AstorJKali,NopolSingleTest,AstorJMut,NopolTestExclusionStrategy, githubUserName= fermadeiral, githubUserEmail=fer.madeiral@gmail.com}
09:55:07.421 [main] DEBUG fr.inria.jtravis.helpers.BuildHelper - Get request to :https://api.travis-ci.org/build/332609954 done after 945 ms
09:55:07.701 [main] DEBUG fr.inria.jtravis.helpers.BuildHelper - Get request to :https://api.travis-ci.org/build/332920984 done after 134 ms
09:55:07.721 [main] INFO  f.i.s.repairnator.pipeline.Launcher - The patched build (332920984) was successfully retrieved from Travis.
09:55:09.081 [main] INFO  fr.inria.jtravis.JTravis - GitHub ratelimit: Limit: 5000 Remaining: 4949 Reset hour: 19:20:41
09:55:09.390 [main] INFO  f.i.s.r.p.i.ProjectInspector - ----------------------------------------------------------------------
09:55:09.390 [main] INFO  f.i.s.r.p.i.ProjectInspector - PIPELINE STEPS
09:55:09.390 [main] INFO  f.i.s.r.p.i.ProjectInspector - ----------------------------------------------------------------------
09:55:09.391 [main] INFO  f.i.s.r.p.i.ProjectInspector - CloneRepository
09:55:09.391 [main] INFO  f.i.s.r.p.i.ProjectInspector - CheckoutPatchedBuildCandidate
09:55:09.392 [main] INFO  f.i.s.r.p.i.ProjectInspector - ComputeSourceDir
09:55:09.392 [main] INFO  f.i.s.r.p.i.ProjectInspector - ComputeTestDir
09:55:09.392 [main] INFO  f.i.s.r.p.i.ProjectInspector - CheckoutBuggyBuildCandidateSourceCode
09:55:09.393 [main] INFO  f.i.s.r.p.i.ProjectInspector - BuildProjectBuggyBuildCandidateSourceCode
09:55:09.393 [main] INFO  f.i.s.r.p.i.ProjectInspector - TestProjectBuggyBuildCandidateSourceCode
09:55:09.394 [main] INFO  f.i.s.r.p.i.ProjectInspector - GatherTestInformationBuggyBuildCandidateSourceCode
09:55:09.394 [main] INFO  f.i.s.r.p.i.ProjectInspector - CheckoutBuggyBuildTestCode
09:55:09.394 [main] INFO  f.i.s.r.p.i.ProjectInspector - InitRepoToPush
09:55:09.395 [main] INFO  f.i.s.r.p.i.ProjectInspector - ComputeClasspath
09:55:09.395 [main] INFO  f.i.s.r.p.i.ProjectInspector - ComputeModules
09:55:09.395 [main] INFO  f.i.s.r.p.i.ProjectInspector - CheckoutBuggyBuildCandidateSourceCode
09:55:09.396 [main] INFO  f.i.s.r.p.i.ProjectInspector - CommitChangedTests
09:55:09.397 [main] INFO  f.i.s.r.p.i.ProjectInspector - CheckoutPatchedBuildCandidate
09:55:09.397 [main] INFO  f.i.s.r.p.i.ProjectInspector - BuildProjectPatchedBuildCandidate
09:55:09.397 [main] INFO  f.i.s.r.p.i.ProjectInspector - TestProjectPatchedBuildCandidate
09:55:09.398 [main] INFO  f.i.s.r.p.i.ProjectInspector - GatherTestInformationPatchedBuildCandidate
09:55:09.399 [main] INFO  f.i.s.r.p.i.ProjectInspector - CommitPatch
09:55:09.399 [main] INFO  f.i.s.r.p.i.ProjectInspector - WritePropertyFile
09:55:09.399 [main] INFO  f.i.s.r.p.i.ProjectInspector - CommitProcessEnd
09:55:09.400 [main] INFO  f.i.s.r.p.i.ProjectInspector - PushProcessEnd
09:55:09.401 [main] DEBUG f.i.s.r.process.step.CloneRepository - ----------------------------------------------------------------------
09:55:09.401 [main] DEBUG f.i.s.r.process.step.CloneRepository - STEP 1/22: CloneRepository
09:55:09.402 [main] DEBUG f.i.s.r.process.step.CloneRepository - ----------------------------------------------------------------------
09:55:09.403 [main] DEBUG f.i.s.r.process.step.CloneRepository - Cloning repository linkedin/pinot in the following directory: ./workspace/linkedin/pinot/332609954
09:58:49.371 [main] DEBUG f.i.s.r.process.step.CloneRepository - STEP STATUS: [ CloneRepository : SUCCESS ]
09:58:49.372 [main] DEBUG f.i.s.r.process.step.CloneRepository - STEP DURATION: 219s
09:58:49.373 [main] DEBUG f.i.s.r.process.step.CloneRepository - EXECUTE NEXT STEP
09:58:49.374 [main] DEBUG f.i.s.r.p.s.c.CheckoutPatchedBuild - ----------------------------------------------------------------------
09:58:49.374 [main] DEBUG f.i.s.r.p.s.c.CheckoutPatchedBuild - STEP 2/22: CheckoutPatchedBuildCandidate
09:58:49.375 [main] DEBUG f.i.s.r.p.s.c.CheckoutPatchedBuild - ----------------------------------------------------------------------
09:58:49.375 [main] DEBUG f.i.s.r.p.s.c.CheckoutPatchedBuild - Checking out patched build candidate...
09:58:49.737 [main] INFO  fr.inria.jtravis.JTravis - GitHub ratelimit: Limit: 5000 Remaining: 4937 Reset hour: 19:20:41
09:58:51.785 [main] DEBUG f.i.s.r.p.s.c.CheckoutPatchedBuild - Reproduce the PR for linkedin/pinot by fetching remote branch and merging.
09:58:57.478 [main] ERROR f.i.s.r.p.s.c.CheckoutPatchedBuild - Error while testing commit: org.eclipse.jgit.errors.MissingObjectException: Missing unknown 200b7bded5b415dc8fe7b171087f29a0210c294a
09:58:57.480 [main] ERROR f.i.s.r.p.s.c.CheckoutPatchedBuild - Commit head ref cannot be retrieved from the repository: 200b7bded5b415dc8fe7b171087f29a0210c294a. Operation aborted.
09:58:57.480 [main] ERROR f.i.s.r.p.s.c.CheckoutPatchedBuild - Error while merging two commits to reproduce the PR.
09:58:57.482 [main] DEBUG f.i.s.r.p.s.c.CheckoutPatchedBuild - STEP STATUS: [ CheckoutPatchedBuildCandidate : FAILURE ( BUILDNOTCHECKEDOUT ) ]
09:58:57.482 [main] DEBUG f.i.s.r.p.s.c.CheckoutPatchedBuild - STEP DURATION: 8s
09:58:57.482 [main] DEBUG f.i.s.r.p.s.c.CheckoutPatchedBuild - TERMINATE PIPELINE
09:58:57.483 [main] DEBUG f.i.s.r.p.s.c.CheckoutPatchedBuild - FINAL STEPS SKIPPED: The reproduction of the bug and/or the patch failed.
09:58:57.484 [main] INFO  f.i.s.r.p.s.c.CheckoutPatchedBuild - Serialize all data for the pair of builds 332609954, 332920984
09:58:57.804 [main] INFO  fr.inria.jtravis.JTravis - GitHub ratelimit: Limit: 5000 Remaining: 4930 Reset hour: 19:20:41
09:58:59.143 [main] INFO  f.i.s.r.p.i.ProjectInspector - ----------------------------------------------------------------------
09:58:59.143 [main] INFO  f.i.s.r.p.i.ProjectInspector - PIPELINE EXECUTION SUMMARY
09:58:59.143 [main] INFO  f.i.s.r.p.i.ProjectInspector - ----------------------------------------------------------------------
09:58:59.144 [main] INFO  f.i.s.r.p.i.ProjectInspector - CloneRepository......................................SUCCESS [ 219 s ]
09:58:59.144 [main] INFO  f.i.s.r.p.i.ProjectInspector - CheckoutPatchedBuildCandidate........................FAILURE [   8 s ]
09:58:59.144 [main] INFO  f.i.s.r.p.i.ProjectInspector - ComputeSourceDir.....................................NOT RUN          
09:58:59.144 [main] INFO  f.i.s.r.p.i.ProjectInspector - ComputeTestDir.......................................NOT RUN          
09:58:59.144 [main] INFO  f.i.s.r.p.i.ProjectInspector - CheckoutBuggyBuildCandidateSourceCode................NOT RUN          
09:58:59.145 [main] INFO  f.i.s.r.p.i.ProjectInspector - BuildProjectBuggyBuildCandidateSourceCode............NOT RUN          
09:58:59.145 [main] INFO  f.i.s.r.p.i.ProjectInspector - TestProjectBuggyBuildCandidateSourceCode.............NOT RUN          
09:58:59.145 [main] INFO  f.i.s.r.p.i.ProjectInspector - GatherTestInformationBuggyBuildCandidateSourceCode...NOT RUN          
09:58:59.145 [main] INFO  f.i.s.r.p.i.ProjectInspector - CheckoutBuggyBuildTestCode...........................NOT RUN          
09:58:59.145 [main] INFO  f.i.s.r.p.i.ProjectInspector - InitRepoToPush.......................................NOT RUN          
09:58:59.145 [main] INFO  f.i.s.r.p.i.ProjectInspector - ComputeClasspath.....................................NOT RUN          
09:58:59.146 [main] INFO  f.i.s.r.p.i.ProjectInspector - ComputeModules.......................................NOT RUN          
09:58:59.146 [main] INFO  f.i.s.r.p.i.ProjectInspector - CheckoutBuggyBuildCandidateSourceCode................NOT RUN          
09:58:59.146 [main] INFO  f.i.s.r.p.i.ProjectInspector - CommitChangedTests...................................NOT RUN          
09:58:59.146 [main] INFO  f.i.s.r.p.i.ProjectInspector - CheckoutPatchedBuildCandidate........................NOT RUN          
09:58:59.146 [main] INFO  f.i.s.r.p.i.ProjectInspector - BuildProjectPatchedBuildCandidate....................NOT RUN          
09:58:59.146 [main] INFO  f.i.s.r.p.i.ProjectInspector - TestProjectPatchedBuildCandidate.....................NOT RUN          
09:58:59.146 [main] INFO  f.i.s.r.p.i.ProjectInspector - GatherTestInformationPatchedBuildCandidate...........NOT RUN          
09:58:59.147 [main] INFO  f.i.s.r.p.i.ProjectInspector - CommitPatch..........................................NOT RUN          
09:58:59.147 [main] INFO  f.i.s.r.p.i.ProjectInspector - WritePropertyFile....................................NOT RUN          
09:58:59.147 [main] INFO  f.i.s.r.p.i.ProjectInspector - CommitProcessEnd.....................................NOT RUN          
09:58:59.147 [main] INFO  f.i.s.r.p.i.ProjectInspector - PushProcessEnd.......................................NOT RUN          
09:58:59.147 [main] INFO  f.i.s.r.p.i.ProjectInspector - ----------------------------------------------------------------------
09:58:59.147 [main] INFO  f.i.s.r.p.i.ProjectInspector - PIPELINE FINDING: BUILDNOTCHECKEDOUT
09:58:59.148 [main] INFO  f.i.s.r.p.i.ProjectInspector - ----------------------------------------------------------------------
09:58:59.148 [main] INFO  f.i.s.repairnator.pipeline.Launcher - Inspector is finished. The process will exit now.
