12:28:42.566 [main] INFO  f.i.s.repairnator.pipeline.Launcher - PIPELINE VERSION: 3.0-2018-08-09 19:04
12:28:42.778 [main] INFO  f.i.s.repairnator.pipeline.Launcher - The pipeline will try to reproduce a bug from build 333073389 and its corresponding patch from build 333787825
12:28:42.779 [main] INFO  f.i.s.repairnator.pipeline.Launcher - Initialize file serializer engines.
12:28:42.781 [main] INFO  f.i.s.repairnator.pipeline.Launcher - MongoDB won't be used for serialization.
12:28:42.782 [main] INFO  f.i.s.repairnator.pipeline.Launcher - The email notifier engine won't be used.
12:28:42.786 [main] INFO  f.i.s.repairnator.pipeline.Launcher - Start by getting the build (buildId: 333073389) with the following config: RepairnatorConfig{runId='e37d2f70-f43d-494e-93aa-3a56dc324afd_01-18-week4-PASSING_AND_PASSING', launcherMode=BEARS, serializeJson=true, inputPath='null', outputPath='/var/log', mongodbHost='null', mongodbName='repairnator', smtpServer='null', notifyTo=[], notifyEndProcess=false, push=true, pushRemoteRepo='https://github.com/fermadeiral/bears-collection-pp', fork=false, lookFromDate=null, lookToDate=null, buildId=333073389, z3solverPath='./z3_for_linux', workspacePath='./workspace', githubToken='c8a341a903[...]', dockerImageName='null', skipDelete=false, createOutputDir=false, logDirectory='null', nbThreads=0, globalTimeout=0, whiteList=null, blackList=null, jobSleepTime=0, buildSleepTime=0, maxInspectedBuilds=0, duration=null, humanPatch=false, repository='null', clean=true, bearsMode=BOTH, bearsDelimiter = false, repairTools=NopolAllTests,NPEFix,AssertFixer,AstorJGenProg,AstorJKali,NopolSingleTest,AstorJMut,NopolTestExclusionStrategy, githubUserName= fermadeiral, githubUserEmail=fer.madeiral@gmail.com}
12:28:44.195 [main] DEBUG fr.inria.jtravis.helpers.BuildHelper - Get request to :https://api.travis-ci.org/build/333073389 done after 846 ms
12:28:44.464 [main] DEBUG fr.inria.jtravis.helpers.BuildHelper - Get request to :https://api.travis-ci.org/build/333787825 done after 130 ms
12:28:44.486 [main] INFO  f.i.s.repairnator.pipeline.Launcher - The patched build (333787825) was successfully retrieved from Travis.
12:28:45.671 [main] INFO  fr.inria.jtravis.JTravis - GitHub ratelimit: Limit: 5000 Remaining: 4477 Reset hour: 19:20:49
12:28:45.921 [main] INFO  f.i.s.r.p.i.ProjectInspector - ----------------------------------------------------------------------
12:28:45.922 [main] INFO  f.i.s.r.p.i.ProjectInspector - PIPELINE STEPS
12:28:45.922 [main] INFO  f.i.s.r.p.i.ProjectInspector - ----------------------------------------------------------------------
12:28:45.922 [main] INFO  f.i.s.r.p.i.ProjectInspector - CloneRepository
12:28:45.922 [main] INFO  f.i.s.r.p.i.ProjectInspector - CheckoutPatchedBuildCandidate
12:28:45.922 [main] INFO  f.i.s.r.p.i.ProjectInspector - ComputeSourceDir
12:28:45.923 [main] INFO  f.i.s.r.p.i.ProjectInspector - ComputeTestDir
12:28:45.923 [main] INFO  f.i.s.r.p.i.ProjectInspector - CheckoutBuggyBuildCandidateSourceCode
12:28:45.923 [main] INFO  f.i.s.r.p.i.ProjectInspector - BuildProjectBuggyBuildCandidateSourceCode
12:28:45.923 [main] INFO  f.i.s.r.p.i.ProjectInspector - TestProjectBuggyBuildCandidateSourceCode
12:28:45.923 [main] INFO  f.i.s.r.p.i.ProjectInspector - GatherTestInformationBuggyBuildCandidateSourceCode
12:28:45.923 [main] INFO  f.i.s.r.p.i.ProjectInspector - CheckoutBuggyBuildTestCode
12:28:45.923 [main] INFO  f.i.s.r.p.i.ProjectInspector - InitRepoToPush
12:28:45.923 [main] INFO  f.i.s.r.p.i.ProjectInspector - ComputeClasspath
12:28:45.924 [main] INFO  f.i.s.r.p.i.ProjectInspector - ComputeModules
12:28:45.924 [main] INFO  f.i.s.r.p.i.ProjectInspector - CheckoutBuggyBuildCandidateSourceCode
12:28:45.924 [main] INFO  f.i.s.r.p.i.ProjectInspector - CommitChangedTests
12:28:45.924 [main] INFO  f.i.s.r.p.i.ProjectInspector - CheckoutPatchedBuildCandidate
12:28:45.924 [main] INFO  f.i.s.r.p.i.ProjectInspector - BuildProjectPatchedBuildCandidate
12:28:45.924 [main] INFO  f.i.s.r.p.i.ProjectInspector - TestProjectPatchedBuildCandidate
12:28:45.924 [main] INFO  f.i.s.r.p.i.ProjectInspector - GatherTestInformationPatchedBuildCandidate
12:28:45.925 [main] INFO  f.i.s.r.p.i.ProjectInspector - CommitPatch
12:28:45.925 [main] INFO  f.i.s.r.p.i.ProjectInspector - WritePropertyFile
12:28:45.925 [main] INFO  f.i.s.r.p.i.ProjectInspector - CommitProcessEnd
12:28:45.925 [main] INFO  f.i.s.r.p.i.ProjectInspector - PushProcessEnd
12:28:45.925 [main] DEBUG f.i.s.r.process.step.CloneRepository - ----------------------------------------------------------------------
12:28:45.926 [main] DEBUG f.i.s.r.process.step.CloneRepository - STEP 1/22: CloneRepository
12:28:45.926 [main] DEBUG f.i.s.r.process.step.CloneRepository - ----------------------------------------------------------------------
12:28:45.926 [main] DEBUG f.i.s.r.process.step.CloneRepository - Cloning repository StuPro-TOSCAna/TOSCAna in the following directory: ./workspace/StuPro-TOSCAna/TOSCAna/333073389
12:29:05.798 [main] DEBUG f.i.s.r.process.step.CloneRepository - STEP STATUS: [ CloneRepository : SUCCESS ]
12:29:05.798 [main] DEBUG f.i.s.r.process.step.CloneRepository - STEP DURATION: 19s
12:29:05.799 [main] DEBUG f.i.s.r.process.step.CloneRepository - EXECUTE NEXT STEP
12:29:05.799 [main] DEBUG f.i.s.r.p.s.c.CheckoutPatchedBuild - ----------------------------------------------------------------------
12:29:05.799 [main] DEBUG f.i.s.r.p.s.c.CheckoutPatchedBuild - STEP 2/22: CheckoutPatchedBuildCandidate
12:29:05.799 [main] DEBUG f.i.s.r.p.s.c.CheckoutPatchedBuild - ----------------------------------------------------------------------
12:29:05.799 [main] DEBUG f.i.s.r.p.s.c.CheckoutPatchedBuild - Checking out patched build candidate...
12:29:06.260 [main] INFO  fr.inria.jtravis.JTravis - GitHub ratelimit: Limit: 5000 Remaining: 4475 Reset hour: 19:20:49
12:29:07.982 [main] DEBUG f.i.s.r.p.s.c.CheckoutPatchedBuild - Reproduce the PR for StuPro-TOSCAna/TOSCAna by fetching remote branch and merging.
12:29:08.159 [main] ERROR f.i.s.r.p.s.c.CheckoutPatchedBuild - Error while testing commit: org.eclipse.jgit.errors.MissingObjectException: Missing unknown e8dbce69b941a5412ae4733e79fa97ea1db2669b
12:29:08.161 [main] ERROR f.i.s.r.p.s.c.CheckoutPatchedBuild - Commit head ref cannot be retrieved from the repository: e8dbce69b941a5412ae4733e79fa97ea1db2669b. Operation aborted.
12:29:08.161 [main] ERROR f.i.s.r.p.s.c.CheckoutPatchedBuild - Error while merging two commits to reproduce the PR.
12:29:08.162 [main] DEBUG f.i.s.r.p.s.c.CheckoutPatchedBuild - STEP STATUS: [ CheckoutPatchedBuildCandidate : FAILURE ( BUILDNOTCHECKEDOUT ) ]
12:29:08.162 [main] DEBUG f.i.s.r.p.s.c.CheckoutPatchedBuild - STEP DURATION: 2s
12:29:08.162 [main] DEBUG f.i.s.r.p.s.c.CheckoutPatchedBuild - TERMINATE PIPELINE
12:29:08.162 [main] DEBUG f.i.s.r.p.s.c.CheckoutPatchedBuild - FINAL STEPS SKIPPED: The reproduction of the bug and/or the patch failed.
12:29:08.163 [main] INFO  f.i.s.r.p.s.c.CheckoutPatchedBuild - Serialize all data for the pair of builds 333073389, 333787825
12:29:08.279 [main] INFO  fr.inria.jtravis.JTravis - GitHub ratelimit: Limit: 5000 Remaining: 4466 Reset hour: 19:20:49
12:29:09.346 [main] INFO  f.i.s.r.p.i.ProjectInspector - ----------------------------------------------------------------------
12:29:09.347 [main] INFO  f.i.s.r.p.i.ProjectInspector - PIPELINE EXECUTION SUMMARY
12:29:09.347 [main] INFO  f.i.s.r.p.i.ProjectInspector - ----------------------------------------------------------------------
12:29:09.348 [main] INFO  f.i.s.r.p.i.ProjectInspector - CloneRepository.......................................SUCCESS [ 19 s ]
12:29:09.348 [main] INFO  f.i.s.r.p.i.ProjectInspector - CheckoutPatchedBuildCandidate.........................FAILURE [  2 s ]
12:29:09.348 [main] INFO  f.i.s.r.p.i.ProjectInspector - ComputeSourceDir......................................NOT RUN         
12:29:09.348 [main] INFO  f.i.s.r.p.i.ProjectInspector - ComputeTestDir........................................NOT RUN         
12:29:09.349 [main] INFO  f.i.s.r.p.i.ProjectInspector - CheckoutBuggyBuildCandidateSourceCode.................NOT RUN         
12:29:09.349 [main] INFO  f.i.s.r.p.i.ProjectInspector - BuildProjectBuggyBuildCandidateSourceCode.............NOT RUN         
12:29:09.349 [main] INFO  f.i.s.r.p.i.ProjectInspector - TestProjectBuggyBuildCandidateSourceCode..............NOT RUN         
12:29:09.349 [main] INFO  f.i.s.r.p.i.ProjectInspector - GatherTestInformationBuggyBuildCandidateSourceCode....NOT RUN         
12:29:09.350 [main] INFO  f.i.s.r.p.i.ProjectInspector - CheckoutBuggyBuildTestCode............................NOT RUN         
12:29:09.350 [main] INFO  f.i.s.r.p.i.ProjectInspector - InitRepoToPush........................................NOT RUN         
12:29:09.350 [main] INFO  f.i.s.r.p.i.ProjectInspector - ComputeClasspath......................................NOT RUN         
12:29:09.351 [main] INFO  f.i.s.r.p.i.ProjectInspector - ComputeModules........................................NOT RUN         
12:29:09.351 [main] INFO  f.i.s.r.p.i.ProjectInspector - CheckoutBuggyBuildCandidateSourceCode.................NOT RUN         
12:29:09.351 [main] INFO  f.i.s.r.p.i.ProjectInspector - CommitChangedTests....................................NOT RUN         
12:29:09.351 [main] INFO  f.i.s.r.p.i.ProjectInspector - CheckoutPatchedBuildCandidate.........................NOT RUN         
12:29:09.351 [main] INFO  f.i.s.r.p.i.ProjectInspector - BuildProjectPatchedBuildCandidate.....................NOT RUN         
12:29:09.352 [main] INFO  f.i.s.r.p.i.ProjectInspector - TestProjectPatchedBuildCandidate......................NOT RUN         
12:29:09.352 [main] INFO  f.i.s.r.p.i.ProjectInspector - GatherTestInformationPatchedBuildCandidate............NOT RUN         
12:29:09.352 [main] INFO  f.i.s.r.p.i.ProjectInspector - CommitPatch...........................................NOT RUN         
12:29:09.353 [main] INFO  f.i.s.r.p.i.ProjectInspector - WritePropertyFile.....................................NOT RUN         
12:29:09.353 [main] INFO  f.i.s.r.p.i.ProjectInspector - CommitProcessEnd......................................NOT RUN         
12:29:09.353 [main] INFO  f.i.s.r.p.i.ProjectInspector - PushProcessEnd........................................NOT RUN         
12:29:09.353 [main] INFO  f.i.s.r.p.i.ProjectInspector - ----------------------------------------------------------------------
12:29:09.354 [main] INFO  f.i.s.r.p.i.ProjectInspector - PIPELINE FINDING: BUILDNOTCHECKEDOUT
12:29:09.354 [main] INFO  f.i.s.r.p.i.ProjectInspector - ----------------------------------------------------------------------
12:29:09.354 [main] INFO  f.i.s.repairnator.pipeline.Launcher - Inspector is finished. The process will exit now.
