08:55:54.427 [main] INFO  f.i.s.repairnator.pipeline.Launcher - PIPELINE VERSION: 3.0-2018-08-09 19:04
08:55:54.551 [main] INFO  f.i.s.repairnator.pipeline.Launcher - The pipeline will try to reproduce a bug from build 334382779 and its corresponding patch from build 334398360
08:55:54.551 [main] INFO  f.i.s.repairnator.pipeline.Launcher - Initialize file serializer engines.
08:55:54.552 [main] INFO  f.i.s.repairnator.pipeline.Launcher - MongoDB won't be used for serialization.
08:55:54.553 [main] INFO  f.i.s.repairnator.pipeline.Launcher - The email notifier engine won't be used.
08:55:54.555 [main] INFO  f.i.s.repairnator.pipeline.Launcher - Start by getting the build (buildId: 334382779) with the following config: RepairnatorConfig{runId='e37d2f70-f43d-494e-93aa-3a56dc324afd_01-18-week4-PASSING_AND_PASSING', launcherMode=BEARS, serializeJson=true, inputPath='null', outputPath='/var/log', mongodbHost='null', mongodbName='repairnator', smtpServer='null', notifyTo=[], notifyEndProcess=false, push=true, pushRemoteRepo='https://github.com/fermadeiral/bears-collection-pp', fork=false, lookFromDate=null, lookToDate=null, buildId=334382779, z3solverPath='./z3_for_linux', workspacePath='./workspace', githubToken='c8a341a903[...]', dockerImageName='null', skipDelete=false, createOutputDir=false, logDirectory='null', nbThreads=0, globalTimeout=0, whiteList=null, blackList=null, jobSleepTime=0, buildSleepTime=0, maxInspectedBuilds=0, duration=null, humanPatch=false, repository='null', clean=true, bearsMode=BOTH, bearsDelimiter = false, repairTools=NopolAllTests,NPEFix,AssertFixer,AstorJGenProg,AstorJKali,NopolSingleTest,AstorJMut,NopolTestExclusionStrategy, githubUserName= fermadeiral, githubUserEmail=fer.madeiral@gmail.com}
08:55:55.738 [main] DEBUG fr.inria.jtravis.helpers.BuildHelper - Get request to :https://api.travis-ci.org/build/334382779 done after 771 ms
08:55:55.949 [main] DEBUG fr.inria.jtravis.helpers.BuildHelper - Get request to :https://api.travis-ci.org/build/334398360 done after 127 ms
08:55:55.961 [main] INFO  f.i.s.repairnator.pipeline.Launcher - The patched build (334398360) was successfully retrieved from Travis.
08:55:57.028 [main] INFO  fr.inria.jtravis.JTravis - GitHub ratelimit: Limit: 5000 Remaining: 4782 Reset hour: 19:20:37
08:55:57.325 [main] INFO  f.i.s.r.p.i.ProjectInspector - ----------------------------------------------------------------------
08:55:57.326 [main] INFO  f.i.s.r.p.i.ProjectInspector - PIPELINE STEPS
08:55:57.326 [main] INFO  f.i.s.r.p.i.ProjectInspector - ----------------------------------------------------------------------
08:55:57.327 [main] INFO  f.i.s.r.p.i.ProjectInspector - CloneRepository
08:55:57.327 [main] INFO  f.i.s.r.p.i.ProjectInspector - CheckoutPatchedBuildCandidate
08:55:57.327 [main] INFO  f.i.s.r.p.i.ProjectInspector - ComputeSourceDir
08:55:57.327 [main] INFO  f.i.s.r.p.i.ProjectInspector - ComputeTestDir
08:55:57.327 [main] INFO  f.i.s.r.p.i.ProjectInspector - CheckoutBuggyBuildCandidateSourceCode
08:55:57.328 [main] INFO  f.i.s.r.p.i.ProjectInspector - BuildProjectBuggyBuildCandidateSourceCode
08:55:57.328 [main] INFO  f.i.s.r.p.i.ProjectInspector - TestProjectBuggyBuildCandidateSourceCode
08:55:57.328 [main] INFO  f.i.s.r.p.i.ProjectInspector - GatherTestInformationBuggyBuildCandidateSourceCode
08:55:57.328 [main] INFO  f.i.s.r.p.i.ProjectInspector - CheckoutBuggyBuildTestCode
08:55:57.328 [main] INFO  f.i.s.r.p.i.ProjectInspector - InitRepoToPush
08:55:57.328 [main] INFO  f.i.s.r.p.i.ProjectInspector - ComputeClasspath
08:55:57.328 [main] INFO  f.i.s.r.p.i.ProjectInspector - ComputeModules
08:55:57.328 [main] INFO  f.i.s.r.p.i.ProjectInspector - CheckoutBuggyBuildCandidateSourceCode
08:55:57.328 [main] INFO  f.i.s.r.p.i.ProjectInspector - CommitChangedTests
08:55:57.329 [main] INFO  f.i.s.r.p.i.ProjectInspector - CheckoutPatchedBuildCandidate
08:55:57.329 [main] INFO  f.i.s.r.p.i.ProjectInspector - BuildProjectPatchedBuildCandidate
08:55:57.329 [main] INFO  f.i.s.r.p.i.ProjectInspector - TestProjectPatchedBuildCandidate
08:55:57.329 [main] INFO  f.i.s.r.p.i.ProjectInspector - GatherTestInformationPatchedBuildCandidate
08:55:57.329 [main] INFO  f.i.s.r.p.i.ProjectInspector - CommitPatch
08:55:57.339 [main] INFO  f.i.s.r.p.i.ProjectInspector - WritePropertyFile
08:55:57.339 [main] INFO  f.i.s.r.p.i.ProjectInspector - CommitProcessEnd
08:55:57.340 [main] INFO  f.i.s.r.p.i.ProjectInspector - PushProcessEnd
08:55:57.340 [main] DEBUG f.i.s.r.process.step.CloneRepository - ----------------------------------------------------------------------
08:55:57.340 [main] DEBUG f.i.s.r.process.step.CloneRepository - STEP 1/22: CloneRepository
08:55:57.340 [main] DEBUG f.i.s.r.process.step.CloneRepository - ----------------------------------------------------------------------
08:55:57.340 [main] DEBUG f.i.s.r.process.step.CloneRepository - Cloning repository runelite/runelite in the following directory: ./workspace/runelite/runelite/334382779
08:56:08.614 [main] DEBUG f.i.s.r.process.step.CloneRepository - STEP STATUS: [ CloneRepository : SUCCESS ]
08:56:08.614 [main] DEBUG f.i.s.r.process.step.CloneRepository - STEP DURATION: 11s
08:56:08.615 [main] DEBUG f.i.s.r.process.step.CloneRepository - EXECUTE NEXT STEP
08:56:08.615 [main] DEBUG f.i.s.r.p.s.c.CheckoutPatchedBuild - ----------------------------------------------------------------------
08:56:08.615 [main] DEBUG f.i.s.r.p.s.c.CheckoutPatchedBuild - STEP 2/22: CheckoutPatchedBuildCandidate
08:56:08.615 [main] DEBUG f.i.s.r.p.s.c.CheckoutPatchedBuild - ----------------------------------------------------------------------
08:56:08.615 [main] DEBUG f.i.s.r.p.s.c.CheckoutPatchedBuild - Checking out patched build candidate...
08:56:08.922 [main] INFO  fr.inria.jtravis.JTravis - GitHub ratelimit: Limit: 5000 Remaining: 4777 Reset hour: 19:20:37
08:56:09.317 [main] WARN  f.i.j.helpers.PullRequestHelper - The head repository is null: maybe it has been deleted from GitHub
08:56:09.318 [main] ERROR f.i.s.r.p.s.c.CheckoutPatchedBuild - Error while getting PR information.
08:56:09.318 [main] DEBUG f.i.s.r.p.s.c.CheckoutPatchedBuild - STEP STATUS: [ CheckoutPatchedBuildCandidate : FAILURE ( BUILDNOTCHECKEDOUT ) ]
08:56:09.319 [main] DEBUG f.i.s.r.p.s.c.CheckoutPatchedBuild - STEP DURATION: 0s
08:56:09.319 [main] DEBUG f.i.s.r.p.s.c.CheckoutPatchedBuild - TERMINATE PIPELINE
08:56:09.319 [main] DEBUG f.i.s.r.p.s.c.CheckoutPatchedBuild - FINAL STEPS SKIPPED: The reproduction of the bug and/or the patch failed.
08:56:09.319 [main] INFO  f.i.s.r.p.s.c.CheckoutPatchedBuild - Serialize all data for the pair of builds 334382779, 334398360
08:56:09.438 [main] INFO  fr.inria.jtravis.JTravis - GitHub ratelimit: Limit: 5000 Remaining: 4775 Reset hour: 19:20:37
08:56:10.407 [main] INFO  f.i.s.r.p.i.ProjectInspector - ----------------------------------------------------------------------
08:56:10.407 [main] INFO  f.i.s.r.p.i.ProjectInspector - PIPELINE EXECUTION SUMMARY
08:56:10.407 [main] INFO  f.i.s.r.p.i.ProjectInspector - ----------------------------------------------------------------------
08:56:10.408 [main] INFO  f.i.s.r.p.i.ProjectInspector - CloneRepository.......................................SUCCESS [ 11 s ]
08:56:10.408 [main] INFO  f.i.s.r.p.i.ProjectInspector - CheckoutPatchedBuildCandidate.........................FAILURE [  0 s ]
08:56:10.408 [main] INFO  f.i.s.r.p.i.ProjectInspector - ComputeSourceDir......................................NOT RUN         
08:56:10.409 [main] INFO  f.i.s.r.p.i.ProjectInspector - ComputeTestDir........................................NOT RUN         
08:56:10.409 [main] INFO  f.i.s.r.p.i.ProjectInspector - CheckoutBuggyBuildCandidateSourceCode.................NOT RUN         
08:56:10.410 [main] INFO  f.i.s.r.p.i.ProjectInspector - BuildProjectBuggyBuildCandidateSourceCode.............NOT RUN         
08:56:10.411 [main] INFO  f.i.s.r.p.i.ProjectInspector - TestProjectBuggyBuildCandidateSourceCode..............NOT RUN         
08:56:10.412 [main] INFO  f.i.s.r.p.i.ProjectInspector - GatherTestInformationBuggyBuildCandidateSourceCode....NOT RUN         
08:56:10.413 [main] INFO  f.i.s.r.p.i.ProjectInspector - CheckoutBuggyBuildTestCode............................NOT RUN         
08:56:10.413 [main] INFO  f.i.s.r.p.i.ProjectInspector - InitRepoToPush........................................NOT RUN         
08:56:10.413 [main] INFO  f.i.s.r.p.i.ProjectInspector - ComputeClasspath......................................NOT RUN         
08:56:10.413 [main] INFO  f.i.s.r.p.i.ProjectInspector - ComputeModules........................................NOT RUN         
08:56:10.413 [main] INFO  f.i.s.r.p.i.ProjectInspector - CheckoutBuggyBuildCandidateSourceCode.................NOT RUN         
08:56:10.414 [main] INFO  f.i.s.r.p.i.ProjectInspector - CommitChangedTests....................................NOT RUN         
08:56:10.414 [main] INFO  f.i.s.r.p.i.ProjectInspector - CheckoutPatchedBuildCandidate.........................NOT RUN         
08:56:10.414 [main] INFO  f.i.s.r.p.i.ProjectInspector - BuildProjectPatchedBuildCandidate.....................NOT RUN         
08:56:10.414 [main] INFO  f.i.s.r.p.i.ProjectInspector - TestProjectPatchedBuildCandidate......................NOT RUN         
08:56:10.414 [main] INFO  f.i.s.r.p.i.ProjectInspector - GatherTestInformationPatchedBuildCandidate............NOT RUN         
08:56:10.414 [main] INFO  f.i.s.r.p.i.ProjectInspector - CommitPatch...........................................NOT RUN         
08:56:10.414 [main] INFO  f.i.s.r.p.i.ProjectInspector - WritePropertyFile.....................................NOT RUN         
08:56:10.414 [main] INFO  f.i.s.r.p.i.ProjectInspector - CommitProcessEnd......................................NOT RUN         
08:56:10.415 [main] INFO  f.i.s.r.p.i.ProjectInspector - PushProcessEnd........................................NOT RUN         
08:56:10.415 [main] INFO  f.i.s.r.p.i.ProjectInspector - ----------------------------------------------------------------------
08:56:10.415 [main] INFO  f.i.s.r.p.i.ProjectInspector - PIPELINE FINDING: BUILDNOTCHECKEDOUT
08:56:10.415 [main] INFO  f.i.s.r.p.i.ProjectInspector - ----------------------------------------------------------------------
08:56:10.415 [main] INFO  f.i.s.repairnator.pipeline.Launcher - Inspector is finished. The process will exit now.
