08:57:39.503 [main] INFO  f.i.s.repairnator.pipeline.Launcher - PIPELINE VERSION: 3.0-2018-08-09 19:04
08:57:39.662 [main] INFO  f.i.s.repairnator.pipeline.Launcher - The pipeline will try to reproduce a bug from build 333844609 and its corresponding patch from build 333983812
08:57:39.662 [main] INFO  f.i.s.repairnator.pipeline.Launcher - Initialize file serializer engines.
08:57:39.664 [main] INFO  f.i.s.repairnator.pipeline.Launcher - MongoDB won't be used for serialization.
08:57:39.664 [main] INFO  f.i.s.repairnator.pipeline.Launcher - The email notifier engine won't be used.
08:57:39.668 [main] INFO  f.i.s.repairnator.pipeline.Launcher - Start by getting the build (buildId: 333844609) with the following config: RepairnatorConfig{runId='e37d2f70-f43d-494e-93aa-3a56dc324afd_01-18-week4-PASSING_AND_PASSING', launcherMode=BEARS, serializeJson=true, inputPath='null', outputPath='/var/log', mongodbHost='null', mongodbName='repairnator', smtpServer='null', notifyTo=[], notifyEndProcess=false, push=true, pushRemoteRepo='https://github.com/fermadeiral/bears-collection-pp', fork=false, lookFromDate=null, lookToDate=null, buildId=333844609, z3solverPath='./z3_for_linux', workspacePath='./workspace', githubToken='c8a341a903[...]', dockerImageName='null', skipDelete=false, createOutputDir=false, logDirectory='null', nbThreads=0, globalTimeout=0, whiteList=null, blackList=null, jobSleepTime=0, buildSleepTime=0, maxInspectedBuilds=0, duration=null, humanPatch=false, repository='null', clean=true, bearsMode=BOTH, bearsDelimiter = false, repairTools=NopolAllTests,NPEFix,AssertFixer,AstorJGenProg,AstorJKali,NopolSingleTest,AstorJMut,NopolTestExclusionStrategy, githubUserName= fermadeiral, githubUserEmail=fer.madeiral@gmail.com}
08:57:40.969 [main] DEBUG fr.inria.jtravis.helpers.BuildHelper - Get request to :https://api.travis-ci.org/build/333844609 done after 832 ms
08:57:41.240 [main] DEBUG fr.inria.jtravis.helpers.BuildHelper - Get request to :https://api.travis-ci.org/build/333983812 done after 133 ms
08:57:41.294 [main] INFO  f.i.s.repairnator.pipeline.Launcher - The patched build (333983812) was successfully retrieved from Travis.
08:57:43.668 [main] INFO  fr.inria.jtravis.JTravis - GitHub ratelimit: Limit: 5000 Remaining: 4710 Reset hour: 19:20:37
08:57:43.984 [main] INFO  f.i.s.r.p.i.ProjectInspector - ----------------------------------------------------------------------
08:57:43.984 [main] INFO  f.i.s.r.p.i.ProjectInspector - PIPELINE STEPS
08:57:43.985 [main] INFO  f.i.s.r.p.i.ProjectInspector - ----------------------------------------------------------------------
08:57:43.985 [main] INFO  f.i.s.r.p.i.ProjectInspector - CloneRepository
08:57:43.985 [main] INFO  f.i.s.r.p.i.ProjectInspector - CheckoutPatchedBuildCandidate
08:57:43.986 [main] INFO  f.i.s.r.p.i.ProjectInspector - ComputeSourceDir
08:57:43.986 [main] INFO  f.i.s.r.p.i.ProjectInspector - ComputeTestDir
08:57:43.987 [main] INFO  f.i.s.r.p.i.ProjectInspector - CheckoutBuggyBuildCandidateSourceCode
08:57:43.987 [main] INFO  f.i.s.r.p.i.ProjectInspector - BuildProjectBuggyBuildCandidateSourceCode
08:57:43.987 [main] INFO  f.i.s.r.p.i.ProjectInspector - TestProjectBuggyBuildCandidateSourceCode
08:57:43.988 [main] INFO  f.i.s.r.p.i.ProjectInspector - GatherTestInformationBuggyBuildCandidateSourceCode
08:57:43.988 [main] INFO  f.i.s.r.p.i.ProjectInspector - CheckoutBuggyBuildTestCode
08:57:43.988 [main] INFO  f.i.s.r.p.i.ProjectInspector - InitRepoToPush
08:57:43.989 [main] INFO  f.i.s.r.p.i.ProjectInspector - ComputeClasspath
08:57:43.989 [main] INFO  f.i.s.r.p.i.ProjectInspector - ComputeModules
08:57:43.989 [main] INFO  f.i.s.r.p.i.ProjectInspector - CheckoutBuggyBuildCandidateSourceCode
08:57:43.990 [main] INFO  f.i.s.r.p.i.ProjectInspector - CommitChangedTests
08:57:43.990 [main] INFO  f.i.s.r.p.i.ProjectInspector - CheckoutPatchedBuildCandidate
08:57:43.990 [main] INFO  f.i.s.r.p.i.ProjectInspector - BuildProjectPatchedBuildCandidate
08:57:43.991 [main] INFO  f.i.s.r.p.i.ProjectInspector - TestProjectPatchedBuildCandidate
08:57:43.991 [main] INFO  f.i.s.r.p.i.ProjectInspector - GatherTestInformationPatchedBuildCandidate
08:57:43.994 [main] INFO  f.i.s.r.p.i.ProjectInspector - CommitPatch
08:57:43.995 [main] INFO  f.i.s.r.p.i.ProjectInspector - WritePropertyFile
08:57:43.995 [main] INFO  f.i.s.r.p.i.ProjectInspector - CommitProcessEnd
08:57:43.996 [main] INFO  f.i.s.r.p.i.ProjectInspector - PushProcessEnd
08:57:43.996 [main] DEBUG f.i.s.r.process.step.CloneRepository - ----------------------------------------------------------------------
08:57:43.997 [main] DEBUG f.i.s.r.process.step.CloneRepository - STEP 1/22: CloneRepository
08:57:43.997 [main] DEBUG f.i.s.r.process.step.CloneRepository - ----------------------------------------------------------------------
08:57:43.998 [main] DEBUG f.i.s.r.process.step.CloneRepository - Cloning repository runelite/runelite in the following directory: ./workspace/runelite/runelite/333844609
08:57:55.446 [main] DEBUG f.i.s.r.process.step.CloneRepository - STEP STATUS: [ CloneRepository : SUCCESS ]
08:57:55.447 [main] DEBUG f.i.s.r.process.step.CloneRepository - STEP DURATION: 11s
08:57:55.447 [main] DEBUG f.i.s.r.process.step.CloneRepository - EXECUTE NEXT STEP
08:57:55.448 [main] DEBUG f.i.s.r.p.s.c.CheckoutPatchedBuild - ----------------------------------------------------------------------
08:57:55.448 [main] DEBUG f.i.s.r.p.s.c.CheckoutPatchedBuild - STEP 2/22: CheckoutPatchedBuildCandidate
08:57:55.448 [main] DEBUG f.i.s.r.p.s.c.CheckoutPatchedBuild - ----------------------------------------------------------------------
08:57:55.448 [main] DEBUG f.i.s.r.p.s.c.CheckoutPatchedBuild - Checking out patched build candidate...
08:57:55.794 [main] INFO  fr.inria.jtravis.JTravis - GitHub ratelimit: Limit: 5000 Remaining: 4700 Reset hour: 19:20:37
08:57:56.236 [main] WARN  f.i.j.helpers.PullRequestHelper - The head repository is null: maybe it has been deleted from GitHub
08:57:56.237 [main] ERROR f.i.s.r.p.s.c.CheckoutPatchedBuild - Error while getting PR information.
08:57:56.238 [main] DEBUG f.i.s.r.p.s.c.CheckoutPatchedBuild - STEP STATUS: [ CheckoutPatchedBuildCandidate : FAILURE ( BUILDNOTCHECKEDOUT ) ]
08:57:56.238 [main] DEBUG f.i.s.r.p.s.c.CheckoutPatchedBuild - STEP DURATION: 0s
08:57:56.239 [main] DEBUG f.i.s.r.p.s.c.CheckoutPatchedBuild - TERMINATE PIPELINE
08:57:56.240 [main] DEBUG f.i.s.r.p.s.c.CheckoutPatchedBuild - FINAL STEPS SKIPPED: The reproduction of the bug and/or the patch failed.
08:57:56.240 [main] INFO  f.i.s.r.p.s.c.CheckoutPatchedBuild - Serialize all data for the pair of builds 333844609, 333983812
08:57:56.364 [main] INFO  fr.inria.jtravis.JTravis - GitHub ratelimit: Limit: 5000 Remaining: 4698 Reset hour: 19:20:37
08:57:57.347 [main] INFO  f.i.s.r.p.i.ProjectInspector - ----------------------------------------------------------------------
08:57:57.348 [main] INFO  f.i.s.r.p.i.ProjectInspector - PIPELINE EXECUTION SUMMARY
08:57:57.348 [main] INFO  f.i.s.r.p.i.ProjectInspector - ----------------------------------------------------------------------
08:57:57.349 [main] INFO  f.i.s.r.p.i.ProjectInspector - CloneRepository.......................................SUCCESS [ 11 s ]
08:57:57.349 [main] INFO  f.i.s.r.p.i.ProjectInspector - CheckoutPatchedBuildCandidate.........................FAILURE [  0 s ]
08:57:57.350 [main] INFO  f.i.s.r.p.i.ProjectInspector - ComputeSourceDir......................................NOT RUN         
08:57:57.350 [main] INFO  f.i.s.r.p.i.ProjectInspector - ComputeTestDir........................................NOT RUN         
08:57:57.351 [main] INFO  f.i.s.r.p.i.ProjectInspector - CheckoutBuggyBuildCandidateSourceCode.................NOT RUN         
08:57:57.351 [main] INFO  f.i.s.r.p.i.ProjectInspector - BuildProjectBuggyBuildCandidateSourceCode.............NOT RUN         
08:57:57.351 [main] INFO  f.i.s.r.p.i.ProjectInspector - TestProjectBuggyBuildCandidateSourceCode..............NOT RUN         
08:57:57.351 [main] INFO  f.i.s.r.p.i.ProjectInspector - GatherTestInformationBuggyBuildCandidateSourceCode....NOT RUN         
08:57:57.351 [main] INFO  f.i.s.r.p.i.ProjectInspector - CheckoutBuggyBuildTestCode............................NOT RUN         
08:57:57.352 [main] INFO  f.i.s.r.p.i.ProjectInspector - InitRepoToPush........................................NOT RUN         
08:57:57.353 [main] INFO  f.i.s.r.p.i.ProjectInspector - ComputeClasspath......................................NOT RUN         
08:57:57.353 [main] INFO  f.i.s.r.p.i.ProjectInspector - ComputeModules........................................NOT RUN         
08:57:57.353 [main] INFO  f.i.s.r.p.i.ProjectInspector - CheckoutBuggyBuildCandidateSourceCode.................NOT RUN         
08:57:57.353 [main] INFO  f.i.s.r.p.i.ProjectInspector - CommitChangedTests....................................NOT RUN         
08:57:57.354 [main] INFO  f.i.s.r.p.i.ProjectInspector - CheckoutPatchedBuildCandidate.........................NOT RUN         
08:57:57.354 [main] INFO  f.i.s.r.p.i.ProjectInspector - BuildProjectPatchedBuildCandidate.....................NOT RUN         
08:57:57.354 [main] INFO  f.i.s.r.p.i.ProjectInspector - TestProjectPatchedBuildCandidate......................NOT RUN         
08:57:57.354 [main] INFO  f.i.s.r.p.i.ProjectInspector - GatherTestInformationPatchedBuildCandidate............NOT RUN         
08:57:57.354 [main] INFO  f.i.s.r.p.i.ProjectInspector - CommitPatch...........................................NOT RUN         
08:57:57.355 [main] INFO  f.i.s.r.p.i.ProjectInspector - WritePropertyFile.....................................NOT RUN         
08:57:57.355 [main] INFO  f.i.s.r.p.i.ProjectInspector - CommitProcessEnd......................................NOT RUN         
08:57:57.355 [main] INFO  f.i.s.r.p.i.ProjectInspector - PushProcessEnd........................................NOT RUN         
08:57:57.355 [main] INFO  f.i.s.r.p.i.ProjectInspector - ----------------------------------------------------------------------
08:57:57.355 [main] INFO  f.i.s.r.p.i.ProjectInspector - PIPELINE FINDING: BUILDNOTCHECKEDOUT
08:57:57.355 [main] INFO  f.i.s.r.p.i.ProjectInspector - ----------------------------------------------------------------------
08:57:57.356 [main] INFO  f.i.s.repairnator.pipeline.Launcher - Inspector is finished. The process will exit now.
