12:31:14.042 [main] INFO  f.i.s.repairnator.pipeline.Launcher - PIPELINE VERSION: 3.0-2018-08-09 19:04
12:31:14.201 [main] INFO  f.i.s.repairnator.pipeline.Launcher - The pipeline will try to reproduce a bug from build 332975043 and its corresponding patch from build 333012301
12:31:14.202 [main] INFO  f.i.s.repairnator.pipeline.Launcher - Initialize file serializer engines.
12:31:14.204 [main] INFO  f.i.s.repairnator.pipeline.Launcher - MongoDB won't be used for serialization.
12:31:14.204 [main] INFO  f.i.s.repairnator.pipeline.Launcher - The email notifier engine won't be used.
12:31:14.208 [main] INFO  f.i.s.repairnator.pipeline.Launcher - Start by getting the build (buildId: 332975043) with the following config: RepairnatorConfig{runId='e37d2f70-f43d-494e-93aa-3a56dc324afd_01-18-week4-PASSING_AND_PASSING', launcherMode=BEARS, serializeJson=true, inputPath='null', outputPath='/var/log', mongodbHost='null', mongodbName='repairnator', smtpServer='null', notifyTo=[], notifyEndProcess=false, push=true, pushRemoteRepo='https://github.com/fermadeiral/bears-collection-pp', fork=false, lookFromDate=null, lookToDate=null, buildId=332975043, z3solverPath='./z3_for_linux', workspacePath='./workspace', githubToken='c8a341a903[...]', dockerImageName='null', skipDelete=false, createOutputDir=false, logDirectory='null', nbThreads=0, globalTimeout=0, whiteList=null, blackList=null, jobSleepTime=0, buildSleepTime=0, maxInspectedBuilds=0, duration=null, humanPatch=false, repository='null', clean=true, bearsMode=BOTH, bearsDelimiter = false, repairTools=NopolAllTests,NPEFix,AssertFixer,AstorJGenProg,AstorJKali,NopolSingleTest,AstorJMut,NopolTestExclusionStrategy, githubUserName= fermadeiral, githubUserEmail=fer.madeiral@gmail.com}
12:31:15.716 [main] DEBUG fr.inria.jtravis.helpers.BuildHelper - Get request to :https://api.travis-ci.org/build/332975043 done after 928 ms
12:31:16.003 [main] DEBUG fr.inria.jtravis.helpers.BuildHelper - Get request to :https://api.travis-ci.org/build/333012301 done after 130 ms
12:31:16.015 [main] INFO  f.i.s.repairnator.pipeline.Launcher - The patched build (333012301) was successfully retrieved from Travis.
12:31:17.236 [main] INFO  fr.inria.jtravis.JTravis - GitHub ratelimit: Limit: 5000 Remaining: 4404 Reset hour: 19:20:49
12:31:17.621 [main] INFO  f.i.s.r.p.i.ProjectInspector - ----------------------------------------------------------------------
12:31:17.621 [main] INFO  f.i.s.r.p.i.ProjectInspector - PIPELINE STEPS
12:31:17.621 [main] INFO  f.i.s.r.p.i.ProjectInspector - ----------------------------------------------------------------------
12:31:17.621 [main] INFO  f.i.s.r.p.i.ProjectInspector - CloneRepository
12:31:17.621 [main] INFO  f.i.s.r.p.i.ProjectInspector - CheckoutPatchedBuildCandidate
12:31:17.622 [main] INFO  f.i.s.r.p.i.ProjectInspector - ComputeSourceDir
12:31:17.622 [main] INFO  f.i.s.r.p.i.ProjectInspector - ComputeTestDir
12:31:17.622 [main] INFO  f.i.s.r.p.i.ProjectInspector - CheckoutBuggyBuildCandidateSourceCode
12:31:17.622 [main] INFO  f.i.s.r.p.i.ProjectInspector - BuildProjectBuggyBuildCandidateSourceCode
12:31:17.622 [main] INFO  f.i.s.r.p.i.ProjectInspector - TestProjectBuggyBuildCandidateSourceCode
12:31:17.622 [main] INFO  f.i.s.r.p.i.ProjectInspector - GatherTestInformationBuggyBuildCandidateSourceCode
12:31:17.623 [main] INFO  f.i.s.r.p.i.ProjectInspector - CheckoutBuggyBuildTestCode
12:31:17.623 [main] INFO  f.i.s.r.p.i.ProjectInspector - InitRepoToPush
12:31:17.623 [main] INFO  f.i.s.r.p.i.ProjectInspector - ComputeClasspath
12:31:17.623 [main] INFO  f.i.s.r.p.i.ProjectInspector - ComputeModules
12:31:17.623 [main] INFO  f.i.s.r.p.i.ProjectInspector - CheckoutBuggyBuildCandidateSourceCode
12:31:17.623 [main] INFO  f.i.s.r.p.i.ProjectInspector - CommitChangedTests
12:31:17.623 [main] INFO  f.i.s.r.p.i.ProjectInspector - CheckoutPatchedBuildCandidate
12:31:17.624 [main] INFO  f.i.s.r.p.i.ProjectInspector - BuildProjectPatchedBuildCandidate
12:31:17.624 [main] INFO  f.i.s.r.p.i.ProjectInspector - TestProjectPatchedBuildCandidate
12:31:17.624 [main] INFO  f.i.s.r.p.i.ProjectInspector - GatherTestInformationPatchedBuildCandidate
12:31:17.624 [main] INFO  f.i.s.r.p.i.ProjectInspector - CommitPatch
12:31:17.624 [main] INFO  f.i.s.r.p.i.ProjectInspector - WritePropertyFile
12:31:17.624 [main] INFO  f.i.s.r.p.i.ProjectInspector - CommitProcessEnd
12:31:17.625 [main] INFO  f.i.s.r.p.i.ProjectInspector - PushProcessEnd
12:31:17.625 [main] DEBUG f.i.s.r.process.step.CloneRepository - ----------------------------------------------------------------------
12:31:17.625 [main] DEBUG f.i.s.r.process.step.CloneRepository - STEP 1/22: CloneRepository
12:31:17.625 [main] DEBUG f.i.s.r.process.step.CloneRepository - ----------------------------------------------------------------------
12:31:17.626 [main] DEBUG f.i.s.r.process.step.CloneRepository - Cloning repository StuPro-TOSCAna/TOSCAna in the following directory: ./workspace/StuPro-TOSCAna/TOSCAna/332975043
12:31:34.908 [main] DEBUG f.i.s.r.process.step.CloneRepository - STEP STATUS: [ CloneRepository : SUCCESS ]
12:31:34.909 [main] DEBUG f.i.s.r.process.step.CloneRepository - STEP DURATION: 17s
12:31:34.909 [main] DEBUG f.i.s.r.process.step.CloneRepository - EXECUTE NEXT STEP
12:31:34.910 [main] DEBUG f.i.s.r.p.s.c.CheckoutPatchedBuild - ----------------------------------------------------------------------
12:31:34.911 [main] DEBUG f.i.s.r.p.s.c.CheckoutPatchedBuild - STEP 2/22: CheckoutPatchedBuildCandidate
12:31:34.911 [main] DEBUG f.i.s.r.p.s.c.CheckoutPatchedBuild - ----------------------------------------------------------------------
12:31:34.912 [main] DEBUG f.i.s.r.p.s.c.CheckoutPatchedBuild - Checking out patched build candidate...
12:31:35.360 [main] INFO  fr.inria.jtravis.JTravis - GitHub ratelimit: Limit: 5000 Remaining: 4399 Reset hour: 19:20:49
12:31:37.399 [main] DEBUG f.i.s.r.p.s.c.CheckoutPatchedBuild - Reproduce the PR for StuPro-TOSCAna/TOSCAna by fetching remote branch and merging.
12:31:37.568 [main] ERROR f.i.s.r.p.s.c.CheckoutPatchedBuild - Error while testing commit: org.eclipse.jgit.errors.MissingObjectException: Missing unknown bf4a159fe17a4b82b5dcca00f2d06d7a452b6959
12:31:37.570 [main] ERROR f.i.s.r.p.s.c.CheckoutPatchedBuild - Commit head ref cannot be retrieved from the repository: bf4a159fe17a4b82b5dcca00f2d06d7a452b6959. Operation aborted.
12:31:37.571 [main] ERROR f.i.s.r.p.s.c.CheckoutPatchedBuild - Error while merging two commits to reproduce the PR.
12:31:37.572 [main] DEBUG f.i.s.r.p.s.c.CheckoutPatchedBuild - STEP STATUS: [ CheckoutPatchedBuildCandidate : FAILURE ( BUILDNOTCHECKEDOUT ) ]
12:31:37.573 [main] DEBUG f.i.s.r.p.s.c.CheckoutPatchedBuild - STEP DURATION: 2s
12:31:37.573 [main] DEBUG f.i.s.r.p.s.c.CheckoutPatchedBuild - TERMINATE PIPELINE
12:31:37.574 [main] DEBUG f.i.s.r.p.s.c.CheckoutPatchedBuild - FINAL STEPS SKIPPED: The reproduction of the bug and/or the patch failed.
12:31:37.575 [main] INFO  f.i.s.r.p.s.c.CheckoutPatchedBuild - Serialize all data for the pair of builds 332975043, 333012301
12:31:37.696 [main] INFO  fr.inria.jtravis.JTravis - GitHub ratelimit: Limit: 5000 Remaining: 4391 Reset hour: 19:20:49
12:31:38.405 [main] INFO  f.i.s.r.p.i.ProjectInspector - ----------------------------------------------------------------------
12:31:38.405 [main] INFO  f.i.s.r.p.i.ProjectInspector - PIPELINE EXECUTION SUMMARY
12:31:38.405 [main] INFO  f.i.s.r.p.i.ProjectInspector - ----------------------------------------------------------------------
12:31:38.406 [main] INFO  f.i.s.r.p.i.ProjectInspector - CloneRepository.......................................SUCCESS [ 17 s ]
12:31:38.407 [main] INFO  f.i.s.r.p.i.ProjectInspector - CheckoutPatchedBuildCandidate.........................FAILURE [  2 s ]
12:31:38.407 [main] INFO  f.i.s.r.p.i.ProjectInspector - ComputeSourceDir......................................NOT RUN         
12:31:38.407 [main] INFO  f.i.s.r.p.i.ProjectInspector - ComputeTestDir........................................NOT RUN         
12:31:38.408 [main] INFO  f.i.s.r.p.i.ProjectInspector - CheckoutBuggyBuildCandidateSourceCode.................NOT RUN         
12:31:38.408 [main] INFO  f.i.s.r.p.i.ProjectInspector - BuildProjectBuggyBuildCandidateSourceCode.............NOT RUN         
12:31:38.408 [main] INFO  f.i.s.r.p.i.ProjectInspector - TestProjectBuggyBuildCandidateSourceCode..............NOT RUN         
12:31:38.409 [main] INFO  f.i.s.r.p.i.ProjectInspector - GatherTestInformationBuggyBuildCandidateSourceCode....NOT RUN         
12:31:38.409 [main] INFO  f.i.s.r.p.i.ProjectInspector - CheckoutBuggyBuildTestCode............................NOT RUN         
12:31:38.409 [main] INFO  f.i.s.r.p.i.ProjectInspector - InitRepoToPush........................................NOT RUN         
12:31:38.410 [main] INFO  f.i.s.r.p.i.ProjectInspector - ComputeClasspath......................................NOT RUN         
12:31:38.410 [main] INFO  f.i.s.r.p.i.ProjectInspector - ComputeModules........................................NOT RUN         
12:31:38.411 [main] INFO  f.i.s.r.p.i.ProjectInspector - CheckoutBuggyBuildCandidateSourceCode.................NOT RUN         
12:31:38.411 [main] INFO  f.i.s.r.p.i.ProjectInspector - CommitChangedTests....................................NOT RUN         
12:31:38.411 [main] INFO  f.i.s.r.p.i.ProjectInspector - CheckoutPatchedBuildCandidate.........................NOT RUN         
12:31:38.412 [main] INFO  f.i.s.r.p.i.ProjectInspector - BuildProjectPatchedBuildCandidate.....................NOT RUN         
12:31:38.412 [main] INFO  f.i.s.r.p.i.ProjectInspector - TestProjectPatchedBuildCandidate......................NOT RUN         
12:31:38.412 [main] INFO  f.i.s.r.p.i.ProjectInspector - GatherTestInformationPatchedBuildCandidate............NOT RUN         
12:31:38.413 [main] INFO  f.i.s.r.p.i.ProjectInspector - CommitPatch...........................................NOT RUN         
12:31:38.413 [main] INFO  f.i.s.r.p.i.ProjectInspector - WritePropertyFile.....................................NOT RUN         
12:31:38.413 [main] INFO  f.i.s.r.p.i.ProjectInspector - CommitProcessEnd......................................NOT RUN         
12:31:38.414 [main] INFO  f.i.s.r.p.i.ProjectInspector - PushProcessEnd........................................NOT RUN         
12:31:38.414 [main] INFO  f.i.s.r.p.i.ProjectInspector - ----------------------------------------------------------------------
12:31:38.418 [main] INFO  f.i.s.r.p.i.ProjectInspector - PIPELINE FINDING: BUILDNOTCHECKEDOUT
12:31:38.418 [main] INFO  f.i.s.r.p.i.ProjectInspector - ----------------------------------------------------------------------
12:31:38.418 [main] INFO  f.i.s.repairnator.pipeline.Launcher - Inspector is finished. The process will exit now.
