05:07:34.548 [main] INFO  f.i.s.repairnator.pipeline.Launcher - PIPELINE VERSION: 3.0-2018-08-09 19:04
05:07:34.755 [main] INFO  f.i.s.repairnator.pipeline.Launcher - The pipeline will try to reproduce a bug from build 333240636 and its corresponding patch from build 333380419
05:07:34.755 [main] INFO  f.i.s.repairnator.pipeline.Launcher - Initialize file serializer engines.
05:07:34.758 [main] INFO  f.i.s.repairnator.pipeline.Launcher - MongoDB won't be used for serialization.
05:07:34.758 [main] INFO  f.i.s.repairnator.pipeline.Launcher - The email notifier engine won't be used.
05:07:34.763 [main] INFO  f.i.s.repairnator.pipeline.Launcher - Start by getting the build (buildId: 333240636) with the following config: RepairnatorConfig{runId='e37d2f70-f43d-494e-93aa-3a56dc324afd_01-18-week4-PASSING_AND_PASSING', launcherMode=BEARS, serializeJson=true, inputPath='null', outputPath='/var/log', mongodbHost='null', mongodbName='repairnator', smtpServer='null', notifyTo=[], notifyEndProcess=false, push=true, pushRemoteRepo='https://github.com/fermadeiral/bears-collection-pp', fork=false, lookFromDate=null, lookToDate=null, buildId=333240636, z3solverPath='./z3_for_linux', workspacePath='./workspace', githubToken='c8a341a903[...]', dockerImageName='null', skipDelete=false, createOutputDir=false, logDirectory='null', nbThreads=0, globalTimeout=0, whiteList=null, blackList=null, jobSleepTime=0, buildSleepTime=0, maxInspectedBuilds=0, duration=null, humanPatch=false, repository='null', clean=true, bearsMode=BOTH, bearsDelimiter = false, repairTools=NopolAllTests,NPEFix,AssertFixer,AstorJGenProg,AstorJKali,NopolSingleTest,AstorJMut,NopolTestExclusionStrategy, githubUserName= fermadeiral, githubUserEmail=fer.madeiral@gmail.com}
05:07:36.140 [main] DEBUG fr.inria.jtravis.helpers.BuildHelper - Get request to :https://api.travis-ci.org/build/333240636 done after 773 ms
05:07:36.355 [main] DEBUG fr.inria.jtravis.helpers.BuildHelper - Get request to :https://api.travis-ci.org/build/333380419 done after 127 ms
05:07:36.364 [main] INFO  f.i.s.repairnator.pipeline.Launcher - The patched build (333380419) was successfully retrieved from Travis.
05:07:37.418 [main] INFO  fr.inria.jtravis.JTravis - GitHub ratelimit: Limit: 5000 Remaining: 4592 Reset hour: 19:20:21
05:07:38.156 [main] INFO  f.i.s.r.p.i.ProjectInspector - ----------------------------------------------------------------------
05:07:38.157 [main] INFO  f.i.s.r.p.i.ProjectInspector - PIPELINE STEPS
05:07:38.157 [main] INFO  f.i.s.r.p.i.ProjectInspector - ----------------------------------------------------------------------
05:07:38.158 [main] INFO  f.i.s.r.p.i.ProjectInspector - CloneRepository
05:07:38.158 [main] INFO  f.i.s.r.p.i.ProjectInspector - CheckoutPatchedBuildCandidate
05:07:38.158 [main] INFO  f.i.s.r.p.i.ProjectInspector - ComputeSourceDir
05:07:38.159 [main] INFO  f.i.s.r.p.i.ProjectInspector - ComputeTestDir
05:07:38.159 [main] INFO  f.i.s.r.p.i.ProjectInspector - CheckoutBuggyBuildCandidateSourceCode
05:07:38.159 [main] INFO  f.i.s.r.p.i.ProjectInspector - BuildProjectBuggyBuildCandidateSourceCode
05:07:38.159 [main] INFO  f.i.s.r.p.i.ProjectInspector - TestProjectBuggyBuildCandidateSourceCode
05:07:38.159 [main] INFO  f.i.s.r.p.i.ProjectInspector - GatherTestInformationBuggyBuildCandidateSourceCode
05:07:38.160 [main] INFO  f.i.s.r.p.i.ProjectInspector - CheckoutBuggyBuildTestCode
05:07:38.160 [main] INFO  f.i.s.r.p.i.ProjectInspector - InitRepoToPush
05:07:38.160 [main] INFO  f.i.s.r.p.i.ProjectInspector - ComputeClasspath
05:07:38.160 [main] INFO  f.i.s.r.p.i.ProjectInspector - ComputeModules
05:07:38.161 [main] INFO  f.i.s.r.p.i.ProjectInspector - CheckoutBuggyBuildCandidateSourceCode
05:07:38.161 [main] INFO  f.i.s.r.p.i.ProjectInspector - CommitChangedTests
05:07:38.161 [main] INFO  f.i.s.r.p.i.ProjectInspector - CheckoutPatchedBuildCandidate
05:07:38.161 [main] INFO  f.i.s.r.p.i.ProjectInspector - BuildProjectPatchedBuildCandidate
05:07:38.162 [main] INFO  f.i.s.r.p.i.ProjectInspector - TestProjectPatchedBuildCandidate
05:07:38.162 [main] INFO  f.i.s.r.p.i.ProjectInspector - GatherTestInformationPatchedBuildCandidate
05:07:38.162 [main] INFO  f.i.s.r.p.i.ProjectInspector - CommitPatch
05:07:38.162 [main] INFO  f.i.s.r.p.i.ProjectInspector - WritePropertyFile
05:07:38.163 [main] INFO  f.i.s.r.p.i.ProjectInspector - CommitProcessEnd
05:07:38.164 [main] INFO  f.i.s.r.p.i.ProjectInspector - PushProcessEnd
05:07:38.164 [main] DEBUG f.i.s.r.process.step.CloneRepository - ----------------------------------------------------------------------
05:07:38.164 [main] DEBUG f.i.s.r.process.step.CloneRepository - STEP 1/22: CloneRepository
05:07:38.165 [main] DEBUG f.i.s.r.process.step.CloneRepository - ----------------------------------------------------------------------
05:07:38.165 [main] DEBUG f.i.s.r.process.step.CloneRepository - Cloning repository EnMasseProject/enmasse in the following directory: ./workspace/EnMasseProject/enmasse/333240636
05:08:06.782 [main] DEBUG f.i.s.r.process.step.CloneRepository - STEP STATUS: [ CloneRepository : SUCCESS ]
05:08:06.782 [main] DEBUG f.i.s.r.process.step.CloneRepository - STEP DURATION: 28s
05:08:06.783 [main] DEBUG f.i.s.r.process.step.CloneRepository - EXECUTE NEXT STEP
05:08:06.783 [main] DEBUG f.i.s.r.p.s.c.CheckoutPatchedBuild - ----------------------------------------------------------------------
05:08:06.784 [main] DEBUG f.i.s.r.p.s.c.CheckoutPatchedBuild - STEP 2/22: CheckoutPatchedBuildCandidate
05:08:06.784 [main] DEBUG f.i.s.r.p.s.c.CheckoutPatchedBuild - ----------------------------------------------------------------------
05:08:06.784 [main] DEBUG f.i.s.r.p.s.c.CheckoutPatchedBuild - Checking out patched build candidate...
05:08:07.112 [main] INFO  fr.inria.jtravis.JTravis - GitHub ratelimit: Limit: 5000 Remaining: 4584 Reset hour: 19:20:21
05:08:09.241 [main] DEBUG f.i.s.r.p.s.c.CheckoutPatchedBuild - Reproduce the PR for EnMasseProject/enmasse by fetching remote branch and merging.
05:08:09.973 [main] ERROR f.i.s.r.p.s.c.CheckoutPatchedBuild - Error while testing commit: org.eclipse.jgit.errors.MissingObjectException: Missing unknown 3ed5dc7712c5e0a13e55bfd5c73b556224232b1a
05:08:09.975 [main] ERROR f.i.s.r.p.s.c.CheckoutPatchedBuild - Commit head ref cannot be retrieved from the repository: 3ed5dc7712c5e0a13e55bfd5c73b556224232b1a. Operation aborted.
05:08:09.975 [main] ERROR f.i.s.r.p.s.c.CheckoutPatchedBuild - Error while merging two commits to reproduce the PR.
05:08:09.976 [main] DEBUG f.i.s.r.p.s.c.CheckoutPatchedBuild - STEP STATUS: [ CheckoutPatchedBuildCandidate : FAILURE ( BUILDNOTCHECKEDOUT ) ]
05:08:09.976 [main] DEBUG f.i.s.r.p.s.c.CheckoutPatchedBuild - STEP DURATION: 3s
05:08:09.976 [main] DEBUG f.i.s.r.p.s.c.CheckoutPatchedBuild - TERMINATE PIPELINE
05:08:09.977 [main] DEBUG f.i.s.r.p.s.c.CheckoutPatchedBuild - FINAL STEPS SKIPPED: The reproduction of the bug and/or the patch failed.
05:08:09.977 [main] INFO  f.i.s.r.p.s.c.CheckoutPatchedBuild - Serialize all data for the pair of builds 333240636, 333380419
05:08:10.092 [main] INFO  fr.inria.jtravis.JTravis - GitHub ratelimit: Limit: 5000 Remaining: 4576 Reset hour: 19:20:21
05:08:11.389 [main] INFO  f.i.s.r.p.i.ProjectInspector - ----------------------------------------------------------------------
05:08:11.389 [main] INFO  f.i.s.r.p.i.ProjectInspector - PIPELINE EXECUTION SUMMARY
05:08:11.389 [main] INFO  f.i.s.r.p.i.ProjectInspector - ----------------------------------------------------------------------
05:08:11.390 [main] INFO  f.i.s.r.p.i.ProjectInspector - CloneRepository.......................................SUCCESS [ 28 s ]
05:08:11.390 [main] INFO  f.i.s.r.p.i.ProjectInspector - CheckoutPatchedBuildCandidate.........................FAILURE [  3 s ]
05:08:11.390 [main] INFO  f.i.s.r.p.i.ProjectInspector - ComputeSourceDir......................................NOT RUN         
05:08:11.390 [main] INFO  f.i.s.r.p.i.ProjectInspector - ComputeTestDir........................................NOT RUN         
05:08:11.391 [main] INFO  f.i.s.r.p.i.ProjectInspector - CheckoutBuggyBuildCandidateSourceCode.................NOT RUN         
05:08:11.391 [main] INFO  f.i.s.r.p.i.ProjectInspector - BuildProjectBuggyBuildCandidateSourceCode.............NOT RUN         
05:08:11.391 [main] INFO  f.i.s.r.p.i.ProjectInspector - TestProjectBuggyBuildCandidateSourceCode..............NOT RUN         
05:08:11.391 [main] INFO  f.i.s.r.p.i.ProjectInspector - GatherTestInformationBuggyBuildCandidateSourceCode....NOT RUN         
05:08:11.391 [main] INFO  f.i.s.r.p.i.ProjectInspector - CheckoutBuggyBuildTestCode............................NOT RUN         
05:08:11.392 [main] INFO  f.i.s.r.p.i.ProjectInspector - InitRepoToPush........................................NOT RUN         
05:08:11.392 [main] INFO  f.i.s.r.p.i.ProjectInspector - ComputeClasspath......................................NOT RUN         
05:08:11.392 [main] INFO  f.i.s.r.p.i.ProjectInspector - ComputeModules........................................NOT RUN         
05:08:11.392 [main] INFO  f.i.s.r.p.i.ProjectInspector - CheckoutBuggyBuildCandidateSourceCode.................NOT RUN         
05:08:11.392 [main] INFO  f.i.s.r.p.i.ProjectInspector - CommitChangedTests....................................NOT RUN         
05:08:11.392 [main] INFO  f.i.s.r.p.i.ProjectInspector - CheckoutPatchedBuildCandidate.........................NOT RUN         
05:08:11.392 [main] INFO  f.i.s.r.p.i.ProjectInspector - BuildProjectPatchedBuildCandidate.....................NOT RUN         
05:08:11.392 [main] INFO  f.i.s.r.p.i.ProjectInspector - TestProjectPatchedBuildCandidate......................NOT RUN         
05:08:11.392 [main] INFO  f.i.s.r.p.i.ProjectInspector - GatherTestInformationPatchedBuildCandidate............NOT RUN         
05:08:11.392 [main] INFO  f.i.s.r.p.i.ProjectInspector - CommitPatch...........................................NOT RUN         
05:08:11.393 [main] INFO  f.i.s.r.p.i.ProjectInspector - WritePropertyFile.....................................NOT RUN         
05:08:11.393 [main] INFO  f.i.s.r.p.i.ProjectInspector - CommitProcessEnd......................................NOT RUN         
05:08:11.393 [main] INFO  f.i.s.r.p.i.ProjectInspector - PushProcessEnd........................................NOT RUN         
05:08:11.393 [main] INFO  f.i.s.r.p.i.ProjectInspector - ----------------------------------------------------------------------
05:08:11.393 [main] INFO  f.i.s.r.p.i.ProjectInspector - PIPELINE FINDING: BUILDNOTCHECKEDOUT
05:08:11.393 [main] INFO  f.i.s.r.p.i.ProjectInspector - ----------------------------------------------------------------------
05:08:11.393 [main] INFO  f.i.s.repairnator.pipeline.Launcher - Inspector is finished. The process will exit now.
