12:24:28.759 [main] INFO  f.i.s.repairnator.pipeline.Launcher - PIPELINE VERSION: 3.0-2018-08-09 19:04
12:24:28.927 [main] INFO  f.i.s.repairnator.pipeline.Launcher - The pipeline will try to reproduce a bug from build 333820539 and its corresponding patch from build 333822106
12:24:28.927 [main] INFO  f.i.s.repairnator.pipeline.Launcher - Initialize file serializer engines.
12:24:28.930 [main] INFO  f.i.s.repairnator.pipeline.Launcher - MongoDB won't be used for serialization.
12:24:28.930 [main] INFO  f.i.s.repairnator.pipeline.Launcher - The email notifier engine won't be used.
12:24:28.934 [main] INFO  f.i.s.repairnator.pipeline.Launcher - Start by getting the build (buildId: 333820539) with the following config: RepairnatorConfig{runId='e37d2f70-f43d-494e-93aa-3a56dc324afd_01-18-week4-PASSING_AND_PASSING', launcherMode=BEARS, serializeJson=true, inputPath='null', outputPath='/var/log', mongodbHost='null', mongodbName='repairnator', smtpServer='null', notifyTo=[], notifyEndProcess=false, push=true, pushRemoteRepo='https://github.com/fermadeiral/bears-collection-pp', fork=false, lookFromDate=null, lookToDate=null, buildId=333820539, z3solverPath='./z3_for_linux', workspacePath='./workspace', githubToken='c8a341a903[...]', dockerImageName='null', skipDelete=false, createOutputDir=false, logDirectory='null', nbThreads=0, globalTimeout=0, whiteList=null, blackList=null, jobSleepTime=0, buildSleepTime=0, maxInspectedBuilds=0, duration=null, humanPatch=false, repository='null', clean=true, bearsMode=BOTH, bearsDelimiter = false, repairTools=NopolAllTests,NPEFix,AssertFixer,AstorJGenProg,AstorJKali,NopolSingleTest,AstorJMut,NopolTestExclusionStrategy, githubUserName= fermadeiral, githubUserEmail=fer.madeiral@gmail.com}
12:24:30.326 [main] DEBUG fr.inria.jtravis.helpers.BuildHelper - Get request to :https://api.travis-ci.org/build/333820539 done after 865 ms
12:24:30.595 [main] DEBUG fr.inria.jtravis.helpers.BuildHelper - Get request to :https://api.travis-ci.org/build/333822106 done after 130 ms
12:24:30.614 [main] INFO  f.i.s.repairnator.pipeline.Launcher - The patched build (333822106) was successfully retrieved from Travis.
12:24:31.971 [main] INFO  fr.inria.jtravis.JTravis - GitHub ratelimit: Limit: 5000 Remaining: 4529 Reset hour: 19:20:49
12:24:32.285 [main] INFO  f.i.s.r.p.i.ProjectInspector - ----------------------------------------------------------------------
12:24:32.285 [main] INFO  f.i.s.r.p.i.ProjectInspector - PIPELINE STEPS
12:24:32.286 [main] INFO  f.i.s.r.p.i.ProjectInspector - ----------------------------------------------------------------------
12:24:32.286 [main] INFO  f.i.s.r.p.i.ProjectInspector - CloneRepository
12:24:32.286 [main] INFO  f.i.s.r.p.i.ProjectInspector - CheckoutPatchedBuildCandidate
12:24:32.287 [main] INFO  f.i.s.r.p.i.ProjectInspector - ComputeSourceDir
12:24:32.287 [main] INFO  f.i.s.r.p.i.ProjectInspector - ComputeTestDir
12:24:32.287 [main] INFO  f.i.s.r.p.i.ProjectInspector - CheckoutBuggyBuildCandidateSourceCode
12:24:32.288 [main] INFO  f.i.s.r.p.i.ProjectInspector - BuildProjectBuggyBuildCandidateSourceCode
12:24:32.288 [main] INFO  f.i.s.r.p.i.ProjectInspector - TestProjectBuggyBuildCandidateSourceCode
12:24:32.288 [main] INFO  f.i.s.r.p.i.ProjectInspector - GatherTestInformationBuggyBuildCandidateSourceCode
12:24:32.289 [main] INFO  f.i.s.r.p.i.ProjectInspector - CheckoutBuggyBuildTestCode
12:24:32.289 [main] INFO  f.i.s.r.p.i.ProjectInspector - InitRepoToPush
12:24:32.289 [main] INFO  f.i.s.r.p.i.ProjectInspector - ComputeClasspath
12:24:32.290 [main] INFO  f.i.s.r.p.i.ProjectInspector - ComputeModules
12:24:32.290 [main] INFO  f.i.s.r.p.i.ProjectInspector - CheckoutBuggyBuildCandidateSourceCode
12:24:32.290 [main] INFO  f.i.s.r.p.i.ProjectInspector - CommitChangedTests
12:24:32.290 [main] INFO  f.i.s.r.p.i.ProjectInspector - CheckoutPatchedBuildCandidate
12:24:32.291 [main] INFO  f.i.s.r.p.i.ProjectInspector - BuildProjectPatchedBuildCandidate
12:24:32.291 [main] INFO  f.i.s.r.p.i.ProjectInspector - TestProjectPatchedBuildCandidate
12:24:32.292 [main] INFO  f.i.s.r.p.i.ProjectInspector - GatherTestInformationPatchedBuildCandidate
12:24:32.292 [main] INFO  f.i.s.r.p.i.ProjectInspector - CommitPatch
12:24:32.292 [main] INFO  f.i.s.r.p.i.ProjectInspector - WritePropertyFile
12:24:32.293 [main] INFO  f.i.s.r.p.i.ProjectInspector - CommitProcessEnd
12:24:32.293 [main] INFO  f.i.s.r.p.i.ProjectInspector - PushProcessEnd
12:24:32.294 [main] DEBUG f.i.s.r.process.step.CloneRepository - ----------------------------------------------------------------------
12:24:32.295 [main] DEBUG f.i.s.r.process.step.CloneRepository - STEP 1/22: CloneRepository
12:24:32.295 [main] DEBUG f.i.s.r.process.step.CloneRepository - ----------------------------------------------------------------------
12:24:32.296 [main] DEBUG f.i.s.r.process.step.CloneRepository - Cloning repository StuPro-TOSCAna/TOSCAna in the following directory: ./workspace/StuPro-TOSCAna/TOSCAna/333820539
12:24:48.742 [main] DEBUG f.i.s.r.process.step.CloneRepository - STEP STATUS: [ CloneRepository : SUCCESS ]
12:24:48.743 [main] DEBUG f.i.s.r.process.step.CloneRepository - STEP DURATION: 16s
12:24:48.743 [main] DEBUG f.i.s.r.process.step.CloneRepository - EXECUTE NEXT STEP
12:24:48.744 [main] DEBUG f.i.s.r.p.s.c.CheckoutPatchedBuild - ----------------------------------------------------------------------
12:24:48.744 [main] DEBUG f.i.s.r.p.s.c.CheckoutPatchedBuild - STEP 2/22: CheckoutPatchedBuildCandidate
12:24:48.745 [main] DEBUG f.i.s.r.p.s.c.CheckoutPatchedBuild - ----------------------------------------------------------------------
12:24:48.745 [main] DEBUG f.i.s.r.p.s.c.CheckoutPatchedBuild - Checking out patched build candidate...
12:24:48.755 [main] ERROR f.i.s.r.p.s.c.CheckoutPatchedBuild - Error while testing commit: org.eclipse.jgit.errors.MissingObjectException: Missing unknown 05c1ef6a3e184caf0cb4426251593b93a42f9f57
12:24:48.756 [main] ERROR f.i.s.r.p.s.c.CheckoutPatchedBuild - Error while getting the commit to checkout from the repo.
12:24:48.756 [main] DEBUG f.i.s.r.p.s.c.CheckoutPatchedBuild - STEP STATUS: [ CheckoutPatchedBuildCandidate : FAILURE ( BUILDNOTCHECKEDOUT ) ]
12:24:48.757 [main] DEBUG f.i.s.r.p.s.c.CheckoutPatchedBuild - STEP DURATION: 0s
12:24:48.757 [main] DEBUG f.i.s.r.p.s.c.CheckoutPatchedBuild - TERMINATE PIPELINE
12:24:48.758 [main] DEBUG f.i.s.r.p.s.c.CheckoutPatchedBuild - FINAL STEPS SKIPPED: The reproduction of the bug and/or the patch failed.
12:24:48.758 [main] INFO  f.i.s.r.p.s.c.CheckoutPatchedBuild - Serialize all data for the pair of builds 333820539, 333822106
12:24:49.077 [main] INFO  fr.inria.jtravis.JTravis - GitHub ratelimit: Limit: 5000 Remaining: 4528 Reset hour: 19:20:49
12:24:49.951 [main] INFO  f.i.s.r.p.i.ProjectInspector - ----------------------------------------------------------------------
12:24:49.952 [main] INFO  f.i.s.r.p.i.ProjectInspector - PIPELINE EXECUTION SUMMARY
12:24:49.953 [main] INFO  f.i.s.r.p.i.ProjectInspector - ----------------------------------------------------------------------
12:24:49.953 [main] INFO  f.i.s.r.p.i.ProjectInspector - CloneRepository.......................................SUCCESS [ 16 s ]
12:24:49.954 [main] INFO  f.i.s.r.p.i.ProjectInspector - CheckoutPatchedBuildCandidate.........................FAILURE [  0 s ]
12:24:49.954 [main] INFO  f.i.s.r.p.i.ProjectInspector - ComputeSourceDir......................................NOT RUN         
12:24:49.955 [main] INFO  f.i.s.r.p.i.ProjectInspector - ComputeTestDir........................................NOT RUN         
12:24:49.956 [main] INFO  f.i.s.r.p.i.ProjectInspector - CheckoutBuggyBuildCandidateSourceCode.................NOT RUN         
12:24:49.956 [main] INFO  f.i.s.r.p.i.ProjectInspector - BuildProjectBuggyBuildCandidateSourceCode.............NOT RUN         
12:24:49.957 [main] INFO  f.i.s.r.p.i.ProjectInspector - TestProjectBuggyBuildCandidateSourceCode..............NOT RUN         
12:24:49.960 [main] INFO  f.i.s.r.p.i.ProjectInspector - GatherTestInformationBuggyBuildCandidateSourceCode....NOT RUN         
12:24:49.960 [main] INFO  f.i.s.r.p.i.ProjectInspector - CheckoutBuggyBuildTestCode............................NOT RUN         
12:24:49.961 [main] INFO  f.i.s.r.p.i.ProjectInspector - InitRepoToPush........................................NOT RUN         
12:24:49.961 [main] INFO  f.i.s.r.p.i.ProjectInspector - ComputeClasspath......................................NOT RUN         
12:24:49.962 [main] INFO  f.i.s.r.p.i.ProjectInspector - ComputeModules........................................NOT RUN         
12:24:49.962 [main] INFO  f.i.s.r.p.i.ProjectInspector - CheckoutBuggyBuildCandidateSourceCode.................NOT RUN         
12:24:49.962 [main] INFO  f.i.s.r.p.i.ProjectInspector - CommitChangedTests....................................NOT RUN         
12:24:49.963 [main] INFO  f.i.s.r.p.i.ProjectInspector - CheckoutPatchedBuildCandidate.........................NOT RUN         
12:24:49.963 [main] INFO  f.i.s.r.p.i.ProjectInspector - BuildProjectPatchedBuildCandidate.....................NOT RUN         
12:24:49.964 [main] INFO  f.i.s.r.p.i.ProjectInspector - TestProjectPatchedBuildCandidate......................NOT RUN         
12:24:49.964 [main] INFO  f.i.s.r.p.i.ProjectInspector - GatherTestInformationPatchedBuildCandidate............NOT RUN         
12:24:49.965 [main] INFO  f.i.s.r.p.i.ProjectInspector - CommitPatch...........................................NOT RUN         
12:24:49.965 [main] INFO  f.i.s.r.p.i.ProjectInspector - WritePropertyFile.....................................NOT RUN         
12:24:49.966 [main] INFO  f.i.s.r.p.i.ProjectInspector - CommitProcessEnd......................................NOT RUN         
12:24:49.966 [main] INFO  f.i.s.r.p.i.ProjectInspector - PushProcessEnd........................................NOT RUN         
12:24:49.966 [main] INFO  f.i.s.r.p.i.ProjectInspector - ----------------------------------------------------------------------
12:24:49.967 [main] INFO  f.i.s.r.p.i.ProjectInspector - PIPELINE FINDING: BUILDNOTCHECKEDOUT
12:24:49.967 [main] INFO  f.i.s.r.p.i.ProjectInspector - ----------------------------------------------------------------------
12:24:49.968 [main] INFO  f.i.s.repairnator.pipeline.Launcher - Inspector is finished. The process will exit now.
