23:16:04.208 [main] INFO  f.i.s.repairnator.pipeline.Launcher - PIPELINE VERSION: 3.0-2018-08-09 19:04
23:16:04.345 [main] INFO  f.i.s.repairnator.pipeline.Launcher - The pipeline will try to reproduce a bug from build 334738007 and its corresponding patch from build 335102445
23:16:04.345 [main] INFO  f.i.s.repairnator.pipeline.Launcher - Initialize file serializer engines.
23:16:04.347 [main] INFO  f.i.s.repairnator.pipeline.Launcher - MongoDB won't be used for serialization.
23:16:04.347 [main] INFO  f.i.s.repairnator.pipeline.Launcher - The email notifier engine won't be used.
23:16:04.350 [main] INFO  f.i.s.repairnator.pipeline.Launcher - Start by getting the build (buildId: 334738007) with the following config: RepairnatorConfig{runId='e37d2f70-f43d-494e-93aa-3a56dc324afd_01-18-week4-PASSING_AND_PASSING', launcherMode=BEARS, serializeJson=true, inputPath='null', outputPath='/var/log', mongodbHost='null', mongodbName='repairnator', smtpServer='null', notifyTo=[], notifyEndProcess=false, push=true, pushRemoteRepo='https://github.com/fermadeiral/bears-collection-pp', fork=false, lookFromDate=null, lookToDate=null, buildId=334738007, z3solverPath='./z3_for_linux', workspacePath='./workspace', githubToken='c8a341a903[...]', dockerImageName='null', skipDelete=false, createOutputDir=false, logDirectory='null', nbThreads=0, globalTimeout=0, whiteList=null, blackList=null, jobSleepTime=0, buildSleepTime=0, maxInspectedBuilds=0, duration=null, humanPatch=false, repository='null', clean=true, bearsMode=BOTH, bearsDelimiter = false, repairTools=NopolAllTests,NPEFix,AssertFixer,AstorJGenProg,AstorJKali,NopolSingleTest,AstorJMut,NopolTestExclusionStrategy, githubUserName= fermadeiral, githubUserEmail=fer.madeiral@gmail.com}
23:16:05.781 [main] DEBUG fr.inria.jtravis.helpers.BuildHelper - Get request to :https://api.travis-ci.org/build/334738007 done after 856 ms
23:16:06.046 [main] DEBUG fr.inria.jtravis.helpers.BuildHelper - Get request to :https://api.travis-ci.org/build/335102445 done after 159 ms
23:16:06.071 [main] INFO  f.i.s.repairnator.pipeline.Launcher - The patched build (335102445) was successfully retrieved from Travis.
23:16:07.177 [main] INFO  fr.inria.jtravis.JTravis - GitHub ratelimit: Limit: 5000 Remaining: 4879 Reset hour: 19:20:03
23:16:07.467 [main] INFO  f.i.s.r.p.i.ProjectInspector - ----------------------------------------------------------------------
23:16:07.467 [main] INFO  f.i.s.r.p.i.ProjectInspector - PIPELINE STEPS
23:16:07.467 [main] INFO  f.i.s.r.p.i.ProjectInspector - ----------------------------------------------------------------------
23:16:07.468 [main] INFO  f.i.s.r.p.i.ProjectInspector - CloneRepository
23:16:07.468 [main] INFO  f.i.s.r.p.i.ProjectInspector - CheckoutPatchedBuildCandidate
23:16:07.468 [main] INFO  f.i.s.r.p.i.ProjectInspector - ComputeSourceDir
23:16:07.468 [main] INFO  f.i.s.r.p.i.ProjectInspector - ComputeTestDir
23:16:07.468 [main] INFO  f.i.s.r.p.i.ProjectInspector - CheckoutBuggyBuildCandidateSourceCode
23:16:07.468 [main] INFO  f.i.s.r.p.i.ProjectInspector - BuildProjectBuggyBuildCandidateSourceCode
23:16:07.468 [main] INFO  f.i.s.r.p.i.ProjectInspector - TestProjectBuggyBuildCandidateSourceCode
23:16:07.469 [main] INFO  f.i.s.r.p.i.ProjectInspector - GatherTestInformationBuggyBuildCandidateSourceCode
23:16:07.469 [main] INFO  f.i.s.r.p.i.ProjectInspector - CheckoutBuggyBuildTestCode
23:16:07.469 [main] INFO  f.i.s.r.p.i.ProjectInspector - InitRepoToPush
23:16:07.469 [main] INFO  f.i.s.r.p.i.ProjectInspector - ComputeClasspath
23:16:07.469 [main] INFO  f.i.s.r.p.i.ProjectInspector - ComputeModules
23:16:07.469 [main] INFO  f.i.s.r.p.i.ProjectInspector - CheckoutBuggyBuildCandidateSourceCode
23:16:07.469 [main] INFO  f.i.s.r.p.i.ProjectInspector - CommitChangedTests
23:16:07.469 [main] INFO  f.i.s.r.p.i.ProjectInspector - CheckoutPatchedBuildCandidate
23:16:07.470 [main] INFO  f.i.s.r.p.i.ProjectInspector - BuildProjectPatchedBuildCandidate
23:16:07.470 [main] INFO  f.i.s.r.p.i.ProjectInspector - TestProjectPatchedBuildCandidate
23:16:07.470 [main] INFO  f.i.s.r.p.i.ProjectInspector - GatherTestInformationPatchedBuildCandidate
23:16:07.470 [main] INFO  f.i.s.r.p.i.ProjectInspector - CommitPatch
23:16:07.470 [main] INFO  f.i.s.r.p.i.ProjectInspector - WritePropertyFile
23:16:07.470 [main] INFO  f.i.s.r.p.i.ProjectInspector - CommitProcessEnd
23:16:07.470 [main] INFO  f.i.s.r.p.i.ProjectInspector - PushProcessEnd
23:16:07.471 [main] DEBUG f.i.s.r.process.step.CloneRepository - ----------------------------------------------------------------------
23:16:07.471 [main] DEBUG f.i.s.r.process.step.CloneRepository - STEP 1/22: CloneRepository
23:16:07.471 [main] DEBUG f.i.s.r.process.step.CloneRepository - ----------------------------------------------------------------------
23:16:07.471 [main] DEBUG f.i.s.r.process.step.CloneRepository - Cloning repository apache/flink in the following directory: ./workspace/apache/flink/334738007
23:17:08.774 [main] DEBUG f.i.s.r.process.step.CloneRepository - STEP STATUS: [ CloneRepository : SUCCESS ]
23:17:08.775 [main] DEBUG f.i.s.r.process.step.CloneRepository - STEP DURATION: 61s
23:17:08.775 [main] DEBUG f.i.s.r.process.step.CloneRepository - EXECUTE NEXT STEP
23:17:08.776 [main] DEBUG f.i.s.r.p.s.c.CheckoutPatchedBuild - ----------------------------------------------------------------------
23:17:08.776 [main] DEBUG f.i.s.r.p.s.c.CheckoutPatchedBuild - STEP 2/22: CheckoutPatchedBuildCandidate
23:17:08.776 [main] DEBUG f.i.s.r.p.s.c.CheckoutPatchedBuild - ----------------------------------------------------------------------
23:17:08.777 [main] DEBUG f.i.s.r.p.s.c.CheckoutPatchedBuild - Checking out patched build candidate...
23:17:09.147 [main] INFO  fr.inria.jtravis.JTravis - GitHub ratelimit: Limit: 5000 Remaining: 4878 Reset hour: 19:20:03
23:17:11.841 [main] DEBUG f.i.s.r.p.s.c.CheckoutPatchedBuild - Reproduce the PR for apache/flink by fetching remote branch and merging.
23:17:14.475 [main] DEBUG f.i.s.r.process.git.GitHelper - Step CheckoutPatchedBuildCandidate - Get the commit ec4e42d7ea169918672118b4d42f9bb044b93ff4 for repo apache/flink
23:17:16.353 [main] DEBUG f.i.s.r.process.git.GitHelper - Step CheckoutPatchedBuildCandidate - Do the merge with the PR commit for repo apache/flink
23:17:17.276 [main] INFO  f.i.s.r.process.git.GitHelper - Init git submodules.
23:17:17.398 [main] DEBUG f.i.s.r.p.s.c.CheckoutPatchedBuild - STEP STATUS: [ CheckoutPatchedBuildCandidate : SUCCESS ]
23:17:17.398 [main] DEBUG f.i.s.r.p.s.c.CheckoutPatchedBuild - STEP DURATION: 8s
23:17:17.398 [main] DEBUG f.i.s.r.p.s.c.CheckoutPatchedBuild - EXECUTE NEXT STEP
23:17:17.399 [main] DEBUG f.i.s.r.p.s.paths.ComputeSourceDir - ----------------------------------------------------------------------
23:17:17.399 [main] DEBUG f.i.s.r.p.s.paths.ComputeSourceDir - STEP 3/22: ComputeSourceDir
23:17:17.399 [main] DEBUG f.i.s.r.p.s.paths.ComputeSourceDir - ----------------------------------------------------------------------
23:17:17.399 [main] DEBUG f.i.s.r.p.s.paths.ComputeSourceDir - Computing the source directory ...
23:17:17.400 [main] DEBUG f.i.s.r.p.s.paths.ComputeSourceDir - The default source directory (/root/workspace/apache/flink/334738007/src/main/java) does not exist. Try to read pom.xml to get information.
23:17:17.533 [main] DEBUG f.i.s.r.p.m.RepositoryModelResolver - Downloading https://repo1.maven.org/maven2/org/apache/apache/18/apache-18.pom
23:17:17.978 [main] DEBUG f.i.s.r.p.s.paths.ComputeSourceDir - The source directory given in pom.xml (/root/workspace/apache/flink/334738007/src/main/java) does not exist. Continue to try to get source dir from all modules.
23:17:17.979 [main] DEBUG f.i.s.r.p.s.paths.ComputeSourceDir - The default source directory (/root/workspace/apache/flink/334738007/tools/force-shading/src/main/java) does not exist. Try to read pom.xml to get information.
23:17:17.989 [main] DEBUG f.i.s.r.p.s.paths.ComputeSourceDir - The source directory given in pom.xml (/root/workspace/apache/flink/334738007/tools/force-shading/src/main/java) does not exist. Continue to try to get source dir from all modules.
23:17:17.989 [main] ERROR f.i.s.r.p.s.paths.ComputeSourceDir - The source directory is not at default location or specified in build section from pom.xml, and no parent can be found.
23:17:18.008 [main] DEBUG f.i.s.r.p.s.paths.ComputeSourceDir - The default source directory (/root/workspace/apache/flink/334738007/flink-shaded-hadoop/src/main/java) does not exist. Try to read pom.xml to get information.
23:17:18.044 [main] DEBUG f.i.s.r.p.s.paths.ComputeSourceDir - The source directory given in pom.xml (/root/workspace/apache/flink/334738007/flink-shaded-hadoop/src/main/java) does not exist. Continue to try to get source dir from all modules.
23:17:18.045 [main] DEBUG f.i.s.r.p.s.paths.ComputeSourceDir - The default source directory (/root/workspace/apache/flink/334738007/flink-shaded-hadoop/flink-shaded-hadoop2/src/main/java) does not exist. Try to read pom.xml to get information.
23:17:18.062 [main] DEBUG f.i.s.r.p.s.paths.ComputeSourceDir - The source directory given in pom.xml (/root/workspace/apache/flink/334738007/flink-shaded-hadoop/flink-shaded-hadoop2/src/main/java) does not exist. Continue to try to get source dir from all modules.
23:17:18.062 [main] ERROR f.i.s.r.p.s.paths.ComputeSourceDir - The source directory is not at default location or specified in build section from pom.xml, and no parent can be found.
23:17:18.063 [main] DEBUG f.i.s.r.p.s.paths.ComputeSourceDir - The default source directory (/root/workspace/apache/flink/334738007/flink-shaded-hadoop/flink-shaded-hadoop2-uber/src/main/java) does not exist. Try to read pom.xml to get information.
23:17:18.078 [main] DEBUG f.i.s.r.p.s.paths.ComputeSourceDir - The source directory given in pom.xml (/root/workspace/apache/flink/334738007/flink-shaded-hadoop/flink-shaded-hadoop2-uber/src/main/java) does not exist. Continue to try to get source dir from all modules.
23:17:18.078 [main] ERROR f.i.s.r.p.s.paths.ComputeSourceDir - The source directory is not at default location or specified in build section from pom.xml, and no parent can be found.
23:17:18.079 [main] DEBUG f.i.s.r.p.s.paths.ComputeSourceDir - The default source directory (/root/workspace/apache/flink/334738007/flink-shaded-hadoop/flink-shaded-yarn-tests/src/main/java) does not exist. Try to read pom.xml to get information.
23:17:18.093 [main] DEBUG f.i.s.r.p.s.paths.ComputeSourceDir - The source directory given in pom.xml (/root/workspace/apache/flink/334738007/flink-shaded-hadoop/flink-shaded-yarn-tests/src/main/java) does not exist. Continue to try to get source dir from all modules.
23:17:18.093 [main] ERROR f.i.s.r.p.s.paths.ComputeSourceDir - The source directory is not at default location or specified in build section from pom.xml, and no parent can be found.
23:17:18.093 [main] ERROR f.i.s.r.p.s.paths.ComputeSourceDir - The source directory is not at default location or specified in build section from pom.xml, and no parent can be found.
23:17:18.094 [main] DEBUG f.i.s.r.p.s.paths.ComputeSourceDir - The default source directory (/root/workspace/apache/flink/334738007/flink-shaded-curator/src/main/java) does not exist. Try to read pom.xml to get information.
23:17:18.112 [main] DEBUG f.i.s.r.p.s.paths.ComputeSourceDir - The source directory given in pom.xml (/root/workspace/apache/flink/334738007/flink-shaded-curator/src/main/java) does not exist. Continue to try to get source dir from all modules.
23:17:18.112 [main] ERROR f.i.s.r.p.s.paths.ComputeSourceDir - The source directory is not at default location or specified in build section from pom.xml, and no parent can be found.
23:17:18.168 [main] DEBUG f.i.s.r.p.s.paths.ComputeSourceDir - The default source directory (/root/workspace/apache/flink/334738007/flink-filesystems/src/main/java) does not exist. Try to read pom.xml to get information.
23:17:18.183 [main] DEBUG f.i.s.r.p.s.paths.ComputeSourceDir - The source directory given in pom.xml (/root/workspace/apache/flink/334738007/flink-filesystems/src/main/java) does not exist. Continue to try to get source dir from all modules.
23:17:18.302 [main] DEBUG f.i.s.r.p.s.paths.ComputeSourceDir - The default source directory (/root/workspace/apache/flink/334738007/flink-streaming-scala/src/main/java) does not exist. Try to read pom.xml to get information.
23:17:18.310 [main] DEBUG f.i.s.r.p.s.paths.ComputeSourceDir - The source directory given in pom.xml (/root/workspace/apache/flink/334738007/flink-streaming-scala/src/main/java) does not exist. Continue to try to get source dir from all modules.
23:17:18.310 [main] ERROR f.i.s.r.p.s.paths.ComputeSourceDir - The source directory is not at default location or specified in build section from pom.xml, and no parent can be found.
23:17:18.311 [main] DEBUG f.i.s.r.p.s.paths.ComputeSourceDir - The default source directory (/root/workspace/apache/flink/334738007/flink-connectors/src/main/java) does not exist. Try to read pom.xml to get information.
23:17:18.332 [main] DEBUG f.i.s.r.p.s.paths.ComputeSourceDir - The source directory given in pom.xml (/root/workspace/apache/flink/334738007/flink-connectors/src/main/java) does not exist. Continue to try to get source dir from all modules.
23:17:18.519 [main] DEBUG f.i.s.r.p.s.paths.ComputeSourceDir - The default source directory (/root/workspace/apache/flink/334738007/flink-formats/src/main/java) does not exist. Try to read pom.xml to get information.
23:17:18.525 [main] DEBUG f.i.s.r.p.s.paths.ComputeSourceDir - The source directory given in pom.xml (/root/workspace/apache/flink/334738007/flink-formats/src/main/java) does not exist. Continue to try to get source dir from all modules.
23:17:18.533 [main] DEBUG f.i.s.r.p.s.paths.ComputeSourceDir - The default source directory (/root/workspace/apache/flink/334738007/flink-examples/src/main/java) does not exist. Try to read pom.xml to get information.
23:17:18.540 [main] DEBUG f.i.s.r.p.s.paths.ComputeSourceDir - The source directory given in pom.xml (/root/workspace/apache/flink/334738007/flink-examples/src/main/java) does not exist. Continue to try to get source dir from all modules.
23:17:18.579 [main] DEBUG f.i.s.r.p.s.paths.ComputeSourceDir - The default source directory (/root/workspace/apache/flink/334738007/flink-queryable-state/src/main/java) does not exist. Try to read pom.xml to get information.
23:17:18.588 [main] DEBUG f.i.s.r.p.s.paths.ComputeSourceDir - The source directory given in pom.xml (/root/workspace/apache/flink/334738007/flink-queryable-state/src/main/java) does not exist. Continue to try to get source dir from all modules.
23:17:18.626 [main] DEBUG f.i.s.r.p.s.paths.ComputeSourceDir - The default source directory (/root/workspace/apache/flink/334738007/flink-tests/src/main/java) does not exist. Try to read pom.xml to get information.
23:17:18.634 [main] DEBUG f.i.s.r.p.s.paths.ComputeSourceDir - The source directory given in pom.xml (/root/workspace/apache/flink/334738007/flink-tests/src/main/java) does not exist. Continue to try to get source dir from all modules.
23:17:18.634 [main] ERROR f.i.s.r.p.s.paths.ComputeSourceDir - The source directory is not at default location or specified in build section from pom.xml, and no parent can be found.
23:17:18.649 [main] DEBUG f.i.s.r.p.s.paths.ComputeSourceDir - The default source directory (/root/workspace/apache/flink/334738007/flink-test-utils-parent/src/main/java) does not exist. Try to read pom.xml to get information.
23:17:18.655 [main] DEBUG f.i.s.r.p.s.paths.ComputeSourceDir - The source directory given in pom.xml (/root/workspace/apache/flink/334738007/flink-test-utils-parent/src/main/java) does not exist. Continue to try to get source dir from all modules.
23:17:18.687 [main] DEBUG f.i.s.r.p.s.paths.ComputeSourceDir - The default source directory (/root/workspace/apache/flink/334738007/flink-libraries/src/main/java) does not exist. Try to read pom.xml to get information.
23:17:18.693 [main] DEBUG f.i.s.r.p.s.paths.ComputeSourceDir - The source directory given in pom.xml (/root/workspace/apache/flink/334738007/flink-libraries/src/main/java) does not exist. Continue to try to get source dir from all modules.
23:17:18.699 [main] DEBUG f.i.s.r.p.s.paths.ComputeSourceDir - The default source directory (/root/workspace/apache/flink/334738007/flink-libraries/flink-gelly-scala/src/main/java) does not exist. Try to read pom.xml to get information.
23:17:18.714 [main] DEBUG f.i.s.r.p.s.paths.ComputeSourceDir - The source directory given in pom.xml (/root/workspace/apache/flink/334738007/flink-libraries/flink-gelly-scala/src/main/java) does not exist. Continue to try to get source dir from all modules.
23:17:18.715 [main] ERROR f.i.s.r.p.s.paths.ComputeSourceDir - The source directory is not at default location or specified in build section from pom.xml, and no parent can be found.
23:17:18.744 [main] DEBUG f.i.s.r.p.s.paths.ComputeSourceDir - The default source directory (/root/workspace/apache/flink/334738007/flink-libraries/flink-ml/src/main/java) does not exist. Try to read pom.xml to get information.
23:17:18.763 [main] DEBUG f.i.s.r.p.s.paths.ComputeSourceDir - The source directory given in pom.xml (/root/workspace/apache/flink/334738007/flink-libraries/flink-ml/src/main/java) does not exist. Continue to try to get source dir from all modules.
23:17:18.763 [main] ERROR f.i.s.r.p.s.paths.ComputeSourceDir - The source directory is not at default location or specified in build section from pom.xml, and no parent can be found.
23:17:18.772 [main] DEBUG f.i.s.r.p.s.paths.ComputeSourceDir - The default source directory (/root/workspace/apache/flink/334738007/flink-libraries/flink-cep-scala/src/main/java) does not exist. Try to read pom.xml to get information.
23:17:18.790 [main] DEBUG f.i.s.r.p.s.paths.ComputeSourceDir - The default source directory (/root/workspace/apache/flink/334738007/flink-quickstart/src/main/java) does not exist. Try to read pom.xml to get information.
23:17:18.798 [main] DEBUG f.i.s.r.p.s.paths.ComputeSourceDir - The source directory given in pom.xml (/root/workspace/apache/flink/334738007/flink-quickstart/src/main/java) does not exist. Continue to try to get source dir from all modules.
23:17:18.813 [main] DEBUG f.i.s.r.p.s.paths.ComputeSourceDir - The default source directory (/root/workspace/apache/flink/334738007/flink-contrib/src/main/java) does not exist. Try to read pom.xml to get information.
23:17:18.820 [main] DEBUG f.i.s.r.p.s.paths.ComputeSourceDir - The source directory given in pom.xml (/root/workspace/apache/flink/334738007/flink-contrib/src/main/java) does not exist. Continue to try to get source dir from all modules.
23:17:18.855 [main] DEBUG f.i.s.r.p.s.paths.ComputeSourceDir - The default source directory (/root/workspace/apache/flink/334738007/flink-dist/src/main/java) does not exist. Try to read pom.xml to get information.
23:17:18.864 [main] DEBUG f.i.s.r.p.s.paths.ComputeSourceDir - The source directory given in pom.xml (/root/workspace/apache/flink/334738007/flink-dist/src/main/java) does not exist. Continue to try to get source dir from all modules.
23:17:18.864 [main] ERROR f.i.s.r.p.s.paths.ComputeSourceDir - The source directory is not at default location or specified in build section from pom.xml, and no parent can be found.
23:17:18.871 [main] DEBUG f.i.s.r.p.s.paths.ComputeSourceDir - The default source directory (/root/workspace/apache/flink/334738007/flink-metrics/src/main/java) does not exist. Try to read pom.xml to get information.
23:17:18.877 [main] DEBUG f.i.s.r.p.s.paths.ComputeSourceDir - The source directory given in pom.xml (/root/workspace/apache/flink/334738007/flink-metrics/src/main/java) does not exist. Continue to try to get source dir from all modules.
23:17:18.999 [main] DEBUG f.i.s.r.p.s.paths.ComputeSourceDir - The default source directory (/root/workspace/apache/flink/334738007/flink-yarn-tests/src/main/java) does not exist. Try to read pom.xml to get information.
23:17:19.005 [main] DEBUG f.i.s.r.p.s.paths.ComputeSourceDir - The source directory given in pom.xml (/root/workspace/apache/flink/334738007/flink-yarn-tests/src/main/java) does not exist. Continue to try to get source dir from all modules.
23:17:19.005 [main] ERROR f.i.s.r.p.s.paths.ComputeSourceDir - The source directory is not at default location or specified in build section from pom.xml, and no parent can be found.
23:17:19.005 [main] DEBUG f.i.s.r.p.s.paths.ComputeSourceDir - The default source directory (/root/workspace/apache/flink/334738007/flink-fs-tests/src/main/java) does not exist. Try to read pom.xml to get information.
23:17:19.016 [main] DEBUG f.i.s.r.p.s.paths.ComputeSourceDir - The source directory given in pom.xml (/root/workspace/apache/flink/334738007/flink-fs-tests/src/main/java) does not exist. Continue to try to get source dir from all modules.
23:17:19.016 [main] ERROR f.i.s.r.p.s.paths.ComputeSourceDir - The source directory is not at default location or specified in build section from pom.xml, and no parent can be found.
23:17:19.023 [main] INFO  f.i.s.r.p.s.paths.ComputeSourceDir - 68 source dirs were found:
23:17:19.023 [main] INFO  f.i.s.r.p.s.paths.ComputeSourceDir - /root/workspace/apache/flink/334738007/flink-annotations/src/main/java
23:17:19.023 [main] INFO  f.i.s.r.p.s.paths.ComputeSourceDir - /root/workspace/apache/flink/334738007/flink-clients/src/main/java
23:17:19.023 [main] INFO  f.i.s.r.p.s.paths.ComputeSourceDir - /root/workspace/apache/flink/334738007/flink-connectors/flink-connector-cassandra/src/main/java
23:17:19.023 [main] INFO  f.i.s.r.p.s.paths.ComputeSourceDir - /root/workspace/apache/flink/334738007/flink-connectors/flink-connector-elasticsearch-base/src/main/java
23:17:19.023 [main] INFO  f.i.s.r.p.s.paths.ComputeSourceDir - /root/workspace/apache/flink/334738007/flink-connectors/flink-connector-elasticsearch/src/main/java
23:17:19.023 [main] INFO  f.i.s.r.p.s.paths.ComputeSourceDir - /root/workspace/apache/flink/334738007/flink-connectors/flink-connector-elasticsearch2/src/main/java
23:17:19.024 [main] INFO  f.i.s.r.p.s.paths.ComputeSourceDir - /root/workspace/apache/flink/334738007/flink-connectors/flink-connector-elasticsearch5/src/main/java
23:17:19.024 [main] INFO  f.i.s.r.p.s.paths.ComputeSourceDir - /root/workspace/apache/flink/334738007/flink-connectors/flink-connector-filesystem/src/main/java
23:17:19.024 [main] INFO  f.i.s.r.p.s.paths.ComputeSourceDir - /root/workspace/apache/flink/334738007/flink-connectors/flink-connector-kafka-0.10/src/main/java
23:17:19.024 [main] INFO  f.i.s.r.p.s.paths.ComputeSourceDir - /root/workspace/apache/flink/334738007/flink-connectors/flink-connector-kafka-0.11/src/main/java
23:17:19.024 [main] INFO  f.i.s.r.p.s.paths.ComputeSourceDir - /root/workspace/apache/flink/334738007/flink-connectors/flink-connector-kafka-0.8/src/main/java
23:17:19.024 [main] INFO  f.i.s.r.p.s.paths.ComputeSourceDir - /root/workspace/apache/flink/334738007/flink-connectors/flink-connector-kafka-0.9/src/main/java
23:17:19.024 [main] INFO  f.i.s.r.p.s.paths.ComputeSourceDir - /root/workspace/apache/flink/334738007/flink-connectors/flink-connector-kafka-base/src/main/java
23:17:19.024 [main] INFO  f.i.s.r.p.s.paths.ComputeSourceDir - /root/workspace/apache/flink/334738007/flink-connectors/flink-connector-nifi/src/main/java
23:17:19.024 [main] INFO  f.i.s.r.p.s.paths.ComputeSourceDir - /root/workspace/apache/flink/334738007/flink-connectors/flink-connector-rabbitmq/src/main/java
23:17:19.024 [main] INFO  f.i.s.r.p.s.paths.ComputeSourceDir - /root/workspace/apache/flink/334738007/flink-connectors/flink-connector-twitter/src/main/java
23:17:19.024 [main] INFO  f.i.s.r.p.s.paths.ComputeSourceDir - /root/workspace/apache/flink/334738007/flink-connectors/flink-hadoop-compatibility/src/main/java
23:17:19.024 [main] INFO  f.i.s.r.p.s.paths.ComputeSourceDir - /root/workspace/apache/flink/334738007/flink-connectors/flink-hbase/src/main/java
23:17:19.025 [main] INFO  f.i.s.r.p.s.paths.ComputeSourceDir - /root/workspace/apache/flink/334738007/flink-connectors/flink-hcatalog/src/main/java
23:17:19.025 [main] INFO  f.i.s.r.p.s.paths.ComputeSourceDir - /root/workspace/apache/flink/334738007/flink-connectors/flink-jdbc/src/main/java
23:17:19.025 [main] INFO  f.i.s.r.p.s.paths.ComputeSourceDir - /root/workspace/apache/flink/334738007/flink-connectors/flink-orc/src/main/java
23:17:19.025 [main] INFO  f.i.s.r.p.s.paths.ComputeSourceDir - /root/workspace/apache/flink/334738007/flink-contrib/flink-connector-wikiedits/src/main/java
23:17:19.025 [main] INFO  f.i.s.r.p.s.paths.ComputeSourceDir - /root/workspace/apache/flink/334738007/flink-contrib/flink-statebackend-rocksdb/src/main/java
23:17:19.025 [main] INFO  f.i.s.r.p.s.paths.ComputeSourceDir - /root/workspace/apache/flink/334738007/flink-contrib/flink-storm-examples/src/main/java
23:17:19.025 [main] INFO  f.i.s.r.p.s.paths.ComputeSourceDir - /root/workspace/apache/flink/334738007/flink-contrib/flink-storm/src/main/java
23:17:19.025 [main] INFO  f.i.s.r.p.s.paths.ComputeSourceDir - /root/workspace/apache/flink/334738007/flink-core/src/main/java
23:17:19.025 [main] INFO  f.i.s.r.p.s.paths.ComputeSourceDir - /root/workspace/apache/flink/334738007/flink-docs/src/main/java
23:17:19.025 [main] INFO  f.i.s.r.p.s.paths.ComputeSourceDir - /root/workspace/apache/flink/334738007/flink-end-to-end-tests/src/main/java
23:17:19.025 [main] INFO  f.i.s.r.p.s.paths.ComputeSourceDir - /root/workspace/apache/flink/334738007/flink-examples/flink-examples-batch/src/main/java
23:17:19.025 [main] INFO  f.i.s.r.p.s.paths.ComputeSourceDir - /root/workspace/apache/flink/334738007/flink-examples/flink-examples-streaming/src/main/java
23:17:19.026 [main] INFO  f.i.s.r.p.s.paths.ComputeSourceDir - /root/workspace/apache/flink/334738007/flink-examples/flink-examples-table/src/main/java
23:17:19.026 [main] INFO  f.i.s.r.p.s.paths.ComputeSourceDir - /root/workspace/apache/flink/334738007/flink-filesystems/flink-hadoop-fs/src/main/java
23:17:19.026 [main] INFO  f.i.s.r.p.s.paths.ComputeSourceDir - /root/workspace/apache/flink/334738007/flink-filesystems/flink-mapr-fs/src/main/java
23:17:19.027 [main] INFO  f.i.s.r.p.s.paths.ComputeSourceDir - /root/workspace/apache/flink/334738007/flink-filesystems/flink-s3-fs-hadoop/src/main/java
23:17:19.027 [main] INFO  f.i.s.r.p.s.paths.ComputeSourceDir - /root/workspace/apache/flink/334738007/flink-filesystems/flink-s3-fs-presto/src/main/java
23:17:19.027 [main] INFO  f.i.s.r.p.s.paths.ComputeSourceDir - /root/workspace/apache/flink/334738007/flink-filesystems/flink-swift-fs-hadoop/src/main/java
23:17:19.027 [main] INFO  f.i.s.r.p.s.paths.ComputeSourceDir - /root/workspace/apache/flink/334738007/flink-formats/flink-avro/src/main/java
23:17:19.027 [main] INFO  f.i.s.r.p.s.paths.ComputeSourceDir - /root/workspace/apache/flink/334738007/flink-java/src/main/java
23:17:19.027 [main] INFO  f.i.s.r.p.s.paths.ComputeSourceDir - /root/workspace/apache/flink/334738007/flink-java8/src/main/java
23:17:19.027 [main] INFO  f.i.s.r.p.s.paths.ComputeSourceDir - /root/workspace/apache/flink/334738007/flink-libraries/flink-cep-scala/src/main/scala
23:17:19.027 [main] INFO  f.i.s.r.p.s.paths.ComputeSourceDir - /root/workspace/apache/flink/334738007/flink-libraries/flink-cep/src/main/java
23:17:19.027 [main] INFO  f.i.s.r.p.s.paths.ComputeSourceDir - /root/workspace/apache/flink/334738007/flink-libraries/flink-gelly-examples/src/main/java
23:17:19.027 [main] INFO  f.i.s.r.p.s.paths.ComputeSourceDir - /root/workspace/apache/flink/334738007/flink-libraries/flink-gelly/src/main/java
23:17:19.027 [main] INFO  f.i.s.r.p.s.paths.ComputeSourceDir - /root/workspace/apache/flink/334738007/flink-libraries/flink-python/src/main/java
23:17:19.027 [main] INFO  f.i.s.r.p.s.paths.ComputeSourceDir - /root/workspace/apache/flink/334738007/flink-libraries/flink-table/src/main/java
23:17:19.028 [main] INFO  f.i.s.r.p.s.paths.ComputeSourceDir - /root/workspace/apache/flink/334738007/flink-mesos/src/main/java
23:17:19.028 [main] INFO  f.i.s.r.p.s.paths.ComputeSourceDir - /root/workspace/apache/flink/334738007/flink-metrics/flink-metrics-core/src/main/java
23:17:19.028 [main] INFO  f.i.s.r.p.s.paths.ComputeSourceDir - /root/workspace/apache/flink/334738007/flink-metrics/flink-metrics-datadog/src/main/java
23:17:19.028 [main] INFO  f.i.s.r.p.s.paths.ComputeSourceDir - /root/workspace/apache/flink/334738007/flink-metrics/flink-metrics-dropwizard/src/main/java
23:17:19.028 [main] INFO  f.i.s.r.p.s.paths.ComputeSourceDir - /root/workspace/apache/flink/334738007/flink-metrics/flink-metrics-ganglia/src/main/java
23:17:19.028 [main] INFO  f.i.s.r.p.s.paths.ComputeSourceDir - /root/workspace/apache/flink/334738007/flink-metrics/flink-metrics-graphite/src/main/java
23:17:19.028 [main] INFO  f.i.s.r.p.s.paths.ComputeSourceDir - /root/workspace/apache/flink/334738007/flink-metrics/flink-metrics-jmx/src/main/java
23:17:19.028 [main] INFO  f.i.s.r.p.s.paths.ComputeSourceDir - /root/workspace/apache/flink/334738007/flink-metrics/flink-metrics-prometheus/src/main/java
23:17:19.028 [main] INFO  f.i.s.r.p.s.paths.ComputeSourceDir - /root/workspace/apache/flink/334738007/flink-metrics/flink-metrics-slf4j/src/main/java
23:17:19.028 [main] INFO  f.i.s.r.p.s.paths.ComputeSourceDir - /root/workspace/apache/flink/334738007/flink-metrics/flink-metrics-statsd/src/main/java
23:17:19.028 [main] INFO  f.i.s.r.p.s.paths.ComputeSourceDir - /root/workspace/apache/flink/334738007/flink-optimizer/src/main/java
23:17:19.028 [main] INFO  f.i.s.r.p.s.paths.ComputeSourceDir - /root/workspace/apache/flink/334738007/flink-queryable-state/flink-queryable-state-client-java/src/main/java
23:17:19.029 [main] INFO  f.i.s.r.p.s.paths.ComputeSourceDir - /root/workspace/apache/flink/334738007/flink-queryable-state/flink-queryable-state-runtime/src/main/java
23:17:19.029 [main] INFO  f.i.s.r.p.s.paths.ComputeSourceDir - /root/workspace/apache/flink/334738007/flink-quickstart/flink-quickstart-java/src/main/java
23:17:19.029 [main] INFO  f.i.s.r.p.s.paths.ComputeSourceDir - /root/workspace/apache/flink/334738007/flink-quickstart/flink-quickstart-scala/src/main/java
23:17:19.029 [main] INFO  f.i.s.r.p.s.paths.ComputeSourceDir - /root/workspace/apache/flink/334738007/flink-runtime-web/src/main/java
23:17:19.029 [main] INFO  f.i.s.r.p.s.paths.ComputeSourceDir - /root/workspace/apache/flink/334738007/flink-runtime/src/main/java
23:17:19.029 [main] INFO  f.i.s.r.p.s.paths.ComputeSourceDir - /root/workspace/apache/flink/334738007/flink-scala-shell/src/main/java
23:17:19.029 [main] INFO  f.i.s.r.p.s.paths.ComputeSourceDir - /root/workspace/apache/flink/334738007/flink-scala/src/main/java
23:17:19.029 [main] INFO  f.i.s.r.p.s.paths.ComputeSourceDir - /root/workspace/apache/flink/334738007/flink-streaming-java/src/main/java
23:17:19.029 [main] INFO  f.i.s.r.p.s.paths.ComputeSourceDir - /root/workspace/apache/flink/334738007/flink-test-utils-parent/flink-test-utils-junit/src/main/java
23:17:19.029 [main] INFO  f.i.s.r.p.s.paths.ComputeSourceDir - /root/workspace/apache/flink/334738007/flink-test-utils-parent/flink-test-utils/src/main/java
23:17:19.029 [main] INFO  f.i.s.r.p.s.paths.ComputeSourceDir - /root/workspace/apache/flink/334738007/flink-yarn/src/main/java
23:17:19.126 [main] DEBUG f.i.s.r.p.s.paths.ComputeSourceDir - Compute the line of code of the project
23:17:19.457 [main] DEBUG f.i.s.r.p.s.paths.ComputeSourceDir - Get result from cloc process...
23:17:19.471 [main] DEBUG f.i.s.r.p.s.paths.ComputeSourceDir - STEP STATUS: [ ComputeSourceDir : SUCCESS ]
23:17:19.472 [main] DEBUG f.i.s.r.p.s.paths.ComputeSourceDir - STEP DURATION: 2s
23:17:19.472 [main] DEBUG f.i.s.r.p.s.paths.ComputeSourceDir - EXECUTE NEXT STEP
23:17:19.472 [main] DEBUG f.i.s.r.p.step.paths.ComputeTestDir - ----------------------------------------------------------------------
23:17:19.472 [main] DEBUG f.i.s.r.p.step.paths.ComputeTestDir - STEP 4/22: ComputeTestDir
23:17:19.472 [main] DEBUG f.i.s.r.p.step.paths.ComputeTestDir - ----------------------------------------------------------------------
23:17:19.472 [main] DEBUG f.i.s.r.p.step.paths.ComputeTestDir - Computing the test directory ...
23:17:19.472 [main] DEBUG f.i.s.r.p.step.paths.ComputeTestDir - The default test directory (/root/workspace/apache/flink/334738007/src/test/java) does not exist. Try to read pom.xml to get information.
23:17:19.478 [main] DEBUG f.i.s.r.p.step.paths.ComputeTestDir - The test directory given in pom.xml (/root/workspace/apache/flink/334738007/src/test/java) does not exist. Continue to try to get test dir from all modules.
23:17:19.478 [main] DEBUG f.i.s.r.p.step.paths.ComputeTestDir - The default test directory (/root/workspace/apache/flink/334738007/tools/force-shading/src/test/java) does not exist. Try to read pom.xml to get information.
23:17:19.480 [main] DEBUG f.i.s.r.p.step.paths.ComputeTestDir - The test directory given in pom.xml (/root/workspace/apache/flink/334738007/tools/force-shading/src/test/java) does not exist. Continue to try to get test dir from all modules.
23:17:19.481 [main] ERROR f.i.s.r.p.step.paths.ComputeTestDir - The test directory is not at default location or specified in build section from pom.xml, and no parent can be found.
23:17:19.481 [main] DEBUG f.i.s.r.p.step.paths.ComputeTestDir - The default test directory (/root/workspace/apache/flink/334738007/flink-annotations/src/test/java) does not exist. Try to read pom.xml to get information.
23:17:19.486 [main] DEBUG f.i.s.r.p.step.paths.ComputeTestDir - The test directory given in pom.xml (/root/workspace/apache/flink/334738007/flink-annotations/src/test/java) does not exist. Continue to try to get test dir from all modules.
23:17:19.487 [main] ERROR f.i.s.r.p.step.paths.ComputeTestDir - The test directory is not at default location or specified in build section from pom.xml, and no parent can be found.
23:17:19.487 [main] DEBUG f.i.s.r.p.step.paths.ComputeTestDir - The default test directory (/root/workspace/apache/flink/334738007/flink-shaded-hadoop/src/test/java) does not exist. Try to read pom.xml to get information.
23:17:19.493 [main] DEBUG f.i.s.r.p.step.paths.ComputeTestDir - The test directory given in pom.xml (/root/workspace/apache/flink/334738007/flink-shaded-hadoop/src/test/java) does not exist. Continue to try to get test dir from all modules.
23:17:19.493 [main] DEBUG f.i.s.r.p.step.paths.ComputeTestDir - The default test directory (/root/workspace/apache/flink/334738007/flink-shaded-hadoop/flink-shaded-hadoop2/src/test/java) does not exist. Try to read pom.xml to get information.
23:17:19.500 [main] DEBUG f.i.s.r.p.step.paths.ComputeTestDir - The test directory given in pom.xml (/root/workspace/apache/flink/334738007/flink-shaded-hadoop/flink-shaded-hadoop2/src/test/java) does not exist. Continue to try to get test dir from all modules.
23:17:19.500 [main] ERROR f.i.s.r.p.step.paths.ComputeTestDir - The test directory is not at default location or specified in build section from pom.xml, and no parent can be found.
23:17:19.500 [main] DEBUG f.i.s.r.p.step.paths.ComputeTestDir - The default test directory (/root/workspace/apache/flink/334738007/flink-shaded-hadoop/flink-shaded-hadoop2-uber/src/test/java) does not exist. Try to read pom.xml to get information.
23:17:19.506 [main] DEBUG f.i.s.r.p.step.paths.ComputeTestDir - The test directory given in pom.xml (/root/workspace/apache/flink/334738007/flink-shaded-hadoop/flink-shaded-hadoop2-uber/src/test/java) does not exist. Continue to try to get test dir from all modules.
23:17:19.507 [main] ERROR f.i.s.r.p.step.paths.ComputeTestDir - The test directory is not at default location or specified in build section from pom.xml, and no parent can be found.
23:17:19.507 [main] DEBUG f.i.s.r.p.step.paths.ComputeTestDir - The default test directory (/root/workspace/apache/flink/334738007/flink-shaded-hadoop/flink-shaded-yarn-tests/src/test/java) does not exist. Try to read pom.xml to get information.
23:17:19.513 [main] DEBUG f.i.s.r.p.step.paths.ComputeTestDir - The test directory given in pom.xml (/root/workspace/apache/flink/334738007/flink-shaded-hadoop/flink-shaded-yarn-tests/src/test/java) does not exist. Continue to try to get test dir from all modules.
23:17:19.513 [main] ERROR f.i.s.r.p.step.paths.ComputeTestDir - The test directory is not at default location or specified in build section from pom.xml, and no parent can be found.
23:17:19.513 [main] ERROR f.i.s.r.p.step.paths.ComputeTestDir - The test directory is not at default location or specified in build section from pom.xml, and no parent can be found.
23:17:19.513 [main] DEBUG f.i.s.r.p.step.paths.ComputeTestDir - The default test directory (/root/workspace/apache/flink/334738007/flink-shaded-curator/src/test/java) does not exist. Try to read pom.xml to get information.
23:17:19.519 [main] DEBUG f.i.s.r.p.step.paths.ComputeTestDir - The test directory given in pom.xml (/root/workspace/apache/flink/334738007/flink-shaded-curator/src/test/java) does not exist. Continue to try to get test dir from all modules.
23:17:19.520 [main] ERROR f.i.s.r.p.step.paths.ComputeTestDir - The test directory is not at default location or specified in build section from pom.xml, and no parent can be found.
23:17:19.535 [main] DEBUG f.i.s.r.p.step.paths.ComputeTestDir - The default test directory (/root/workspace/apache/flink/334738007/flink-scala/src/test/java) does not exist. Try to read pom.xml to get information.
23:17:19.541 [main] DEBUG f.i.s.r.p.step.paths.ComputeTestDir - The test directory given in pom.xml (/root/workspace/apache/flink/334738007/flink-scala/src/test/java) does not exist. Continue to try to get test dir from all modules.
23:17:19.541 [main] ERROR f.i.s.r.p.step.paths.ComputeTestDir - The test directory is not at default location or specified in build section from pom.xml, and no parent can be found.
23:17:19.542 [main] DEBUG f.i.s.r.p.step.paths.ComputeTestDir - The default test directory (/root/workspace/apache/flink/334738007/flink-filesystems/src/test/java) does not exist. Try to read pom.xml to get information.
23:17:19.547 [main] DEBUG f.i.s.r.p.step.paths.ComputeTestDir - The test directory given in pom.xml (/root/workspace/apache/flink/334738007/flink-filesystems/src/test/java) does not exist. Continue to try to get test dir from all modules.
23:17:19.622 [main] DEBUG f.i.s.r.p.step.paths.ComputeTestDir - The default test directory (/root/workspace/apache/flink/334738007/flink-connectors/src/test/java) does not exist. Try to read pom.xml to get information.
23:17:19.628 [main] DEBUG f.i.s.r.p.step.paths.ComputeTestDir - The test directory given in pom.xml (/root/workspace/apache/flink/334738007/flink-connectors/src/test/java) does not exist. Continue to try to get test dir from all modules.
23:17:19.648 [main] DEBUG f.i.s.r.p.step.paths.ComputeTestDir - The default test directory (/root/workspace/apache/flink/334738007/flink-connectors/flink-hcatalog/src/test/java) does not exist. Try to read pom.xml to get information.
23:17:19.653 [main] DEBUG f.i.s.r.p.step.paths.ComputeTestDir - The test directory given in pom.xml (/root/workspace/apache/flink/334738007/flink-connectors/flink-hcatalog/src/test/java) does not exist. Continue to try to get test dir from all modules.
23:17:19.653 [main] ERROR f.i.s.r.p.step.paths.ComputeTestDir - The test directory is not at default location or specified in build section from pom.xml, and no parent can be found.
23:17:19.722 [main] DEBUG f.i.s.r.p.step.paths.ComputeTestDir - The default test directory (/root/workspace/apache/flink/334738007/flink-connectors/flink-connector-twitter/src/test/java) does not exist. Try to read pom.xml to get information.
23:17:19.728 [main] DEBUG f.i.s.r.p.step.paths.ComputeTestDir - The test directory given in pom.xml (/root/workspace/apache/flink/334738007/flink-connectors/flink-connector-twitter/src/test/java) does not exist. Continue to try to get test dir from all modules.
23:17:19.729 [main] ERROR f.i.s.r.p.step.paths.ComputeTestDir - The test directory is not at default location or specified in build section from pom.xml, and no parent can be found.
23:17:19.746 [main] DEBUG f.i.s.r.p.step.paths.ComputeTestDir - The default test directory (/root/workspace/apache/flink/334738007/flink-formats/src/test/java) does not exist. Try to read pom.xml to get information.
23:17:19.752 [main] DEBUG f.i.s.r.p.step.paths.ComputeTestDir - The test directory given in pom.xml (/root/workspace/apache/flink/334738007/flink-formats/src/test/java) does not exist. Continue to try to get test dir from all modules.
23:17:19.758 [main] DEBUG f.i.s.r.p.step.paths.ComputeTestDir - The default test directory (/root/workspace/apache/flink/334738007/flink-examples/src/test/java) does not exist. Try to read pom.xml to get information.
23:17:19.763 [main] DEBUG f.i.s.r.p.step.paths.ComputeTestDir - The test directory given in pom.xml (/root/workspace/apache/flink/334738007/flink-examples/src/test/java) does not exist. Continue to try to get test dir from all modules.
23:17:19.763 [main] DEBUG f.i.s.r.p.step.paths.ComputeTestDir - The default test directory (/root/workspace/apache/flink/334738007/flink-examples/flink-examples-batch/src/test/java) does not exist. Try to read pom.xml to get information.
23:17:19.770 [main] DEBUG f.i.s.r.p.step.paths.ComputeTestDir - The test directory given in pom.xml (/root/workspace/apache/flink/334738007/flink-examples/flink-examples-batch/src/test/java) does not exist. Continue to try to get test dir from all modules.
23:17:19.770 [main] ERROR f.i.s.r.p.step.paths.ComputeTestDir - The test directory is not at default location or specified in build section from pom.xml, and no parent can be found.
23:17:19.777 [main] DEBUG f.i.s.r.p.step.paths.ComputeTestDir - The default test directory (/root/workspace/apache/flink/334738007/flink-examples/flink-examples-table/src/test/java) does not exist. Try to read pom.xml to get information.
23:17:19.783 [main] DEBUG f.i.s.r.p.step.paths.ComputeTestDir - The test directory given in pom.xml (/root/workspace/apache/flink/334738007/flink-examples/flink-examples-table/src/test/java) does not exist. Continue to try to get test dir from all modules.
23:17:19.784 [main] ERROR f.i.s.r.p.step.paths.ComputeTestDir - The test directory is not at default location or specified in build section from pom.xml, and no parent can be found.
23:17:19.789 [main] DEBUG f.i.s.r.p.step.paths.ComputeTestDir - The default test directory (/root/workspace/apache/flink/334738007/flink-queryable-state/src/test/java) does not exist. Try to read pom.xml to get information.
23:17:19.805 [main] DEBUG f.i.s.r.p.step.paths.ComputeTestDir - The test directory given in pom.xml (/root/workspace/apache/flink/334738007/flink-queryable-state/src/test/java) does not exist. Continue to try to get test dir from all modules.
23:17:19.820 [main] DEBUG f.i.s.r.p.step.paths.ComputeTestDir - The default test directory (/root/workspace/apache/flink/334738007/flink-end-to-end-tests/src/test/java) does not exist. Try to read pom.xml to get information.
23:17:19.825 [main] DEBUG f.i.s.r.p.step.paths.ComputeTestDir - The test directory given in pom.xml (/root/workspace/apache/flink/334738007/flink-end-to-end-tests/src/test/java) does not exist. Continue to try to get test dir from all modules.
23:17:19.826 [main] ERROR f.i.s.r.p.step.paths.ComputeTestDir - The test directory is not at default location or specified in build section from pom.xml, and no parent can be found.
23:17:19.826 [main] DEBUG f.i.s.r.p.step.paths.ComputeTestDir - The default test directory (/root/workspace/apache/flink/334738007/flink-test-utils-parent/src/test/java) does not exist. Try to read pom.xml to get information.
23:17:19.830 [main] DEBUG f.i.s.r.p.step.paths.ComputeTestDir - The test directory given in pom.xml (/root/workspace/apache/flink/334738007/flink-test-utils-parent/src/test/java) does not exist. Continue to try to get test dir from all modules.
23:17:19.841 [main] DEBUG f.i.s.r.p.step.paths.ComputeTestDir - The default test directory (/root/workspace/apache/flink/334738007/flink-libraries/src/test/java) does not exist. Try to read pom.xml to get information.
23:17:19.845 [main] DEBUG f.i.s.r.p.step.paths.ComputeTestDir - The test directory given in pom.xml (/root/workspace/apache/flink/334738007/flink-libraries/src/test/java) does not exist. Continue to try to get test dir from all modules.
23:17:19.851 [main] DEBUG f.i.s.r.p.step.paths.ComputeTestDir - The default test directory (/root/workspace/apache/flink/334738007/flink-libraries/flink-gelly-scala/src/test/java) does not exist. Try to read pom.xml to get information.
23:17:19.856 [main] DEBUG f.i.s.r.p.step.paths.ComputeTestDir - The test directory given in pom.xml (/root/workspace/apache/flink/334738007/flink-libraries/flink-gelly-scala/src/test/java) does not exist. Continue to try to get test dir from all modules.
23:17:19.856 [main] ERROR f.i.s.r.p.step.paths.ComputeTestDir - The test directory is not at default location or specified in build section from pom.xml, and no parent can be found.
23:17:19.902 [main] DEBUG f.i.s.r.p.step.paths.ComputeTestDir - The default test directory (/root/workspace/apache/flink/334738007/flink-libraries/flink-ml/src/test/java) does not exist. Try to read pom.xml to get information.
23:17:19.915 [main] DEBUG f.i.s.r.p.step.paths.ComputeTestDir - The test directory given in pom.xml (/root/workspace/apache/flink/334738007/flink-libraries/flink-ml/src/test/java) does not exist. Continue to try to get test dir from all modules.
23:17:19.915 [main] ERROR f.i.s.r.p.step.paths.ComputeTestDir - The test directory is not at default location or specified in build section from pom.xml, and no parent can be found.
23:17:19.920 [main] DEBUG f.i.s.r.p.step.paths.ComputeTestDir - The default test directory (/root/workspace/apache/flink/334738007/flink-libraries/flink-cep-scala/src/test/java) does not exist. Try to read pom.xml to get information.
23:17:19.948 [main] DEBUG f.i.s.r.p.step.paths.ComputeTestDir - The test directory given in pom.xml (/root/workspace/apache/flink/334738007/flink-libraries/flink-cep-scala/src/test/java) does not exist. Continue to try to get test dir from all modules.
23:17:19.949 [main] ERROR f.i.s.r.p.step.paths.ComputeTestDir - The test directory is not at default location or specified in build section from pom.xml, and no parent can be found.
23:17:19.958 [main] DEBUG f.i.s.r.p.step.paths.ComputeTestDir - The default test directory (/root/workspace/apache/flink/334738007/flink-quickstart/src/test/java) does not exist. Try to read pom.xml to get information.
23:17:19.964 [main] DEBUG f.i.s.r.p.step.paths.ComputeTestDir - The test directory given in pom.xml (/root/workspace/apache/flink/334738007/flink-quickstart/src/test/java) does not exist. Continue to try to get test dir from all modules.
23:17:19.964 [main] DEBUG f.i.s.r.p.step.paths.ComputeTestDir - The default test directory (/root/workspace/apache/flink/334738007/flink-quickstart/flink-quickstart-java/src/test/java) does not exist. Try to read pom.xml to get information.
23:17:19.971 [main] DEBUG f.i.s.r.p.step.paths.ComputeTestDir - The test directory given in pom.xml (/root/workspace/apache/flink/334738007/flink-quickstart/flink-quickstart-java/src/test/java) does not exist. Continue to try to get test dir from all modules.
23:17:19.973 [main] ERROR f.i.s.r.p.step.paths.ComputeTestDir - The test directory is not at default location or specified in build section from pom.xml, and no parent can be found.
23:17:19.973 [main] DEBUG f.i.s.r.p.step.paths.ComputeTestDir - The default test directory (/root/workspace/apache/flink/334738007/flink-quickstart/flink-quickstart-scala/src/test/java) does not exist. Try to read pom.xml to get information.
23:17:19.979 [main] DEBUG f.i.s.r.p.step.paths.ComputeTestDir - The test directory given in pom.xml (/root/workspace/apache/flink/334738007/flink-quickstart/flink-quickstart-scala/src/test/java) does not exist. Continue to try to get test dir from all modules.
23:17:19.979 [main] ERROR f.i.s.r.p.step.paths.ComputeTestDir - The test directory is not at default location or specified in build section from pom.xml, and no parent can be found.
23:17:19.979 [main] ERROR f.i.s.r.p.step.paths.ComputeTestDir - The test directory is not at default location or specified in build section from pom.xml, and no parent can be found.
23:17:19.979 [main] DEBUG f.i.s.r.p.step.paths.ComputeTestDir - The default test directory (/root/workspace/apache/flink/334738007/flink-contrib/src/test/java) does not exist. Try to read pom.xml to get information.
23:17:19.984 [main] DEBUG f.i.s.r.p.step.paths.ComputeTestDir - The test directory given in pom.xml (/root/workspace/apache/flink/334738007/flink-contrib/src/test/java) does not exist. Continue to try to get test dir from all modules.
23:17:20.183 [main] DEBUG f.i.s.r.p.step.paths.ComputeTestDir - The default test directory (/root/workspace/apache/flink/334738007/flink-metrics/src/test/java) does not exist. Try to read pom.xml to get information.
23:17:20.188 [main] DEBUG f.i.s.r.p.step.paths.ComputeTestDir - The test directory given in pom.xml (/root/workspace/apache/flink/334738007/flink-metrics/src/test/java) does not exist. Continue to try to get test dir from all modules.
23:17:20.199 [main] DEBUG f.i.s.r.p.step.paths.ComputeTestDir - The default test directory (/root/workspace/apache/flink/334738007/flink-metrics/flink-metrics-ganglia/src/test/java) does not exist. Try to read pom.xml to get information.
23:17:20.207 [main] DEBUG f.i.s.r.p.step.paths.ComputeTestDir - The test directory given in pom.xml (/root/workspace/apache/flink/334738007/flink-metrics/flink-metrics-ganglia/src/test/java) does not exist. Continue to try to get test dir from all modules.
23:17:20.214 [main] ERROR f.i.s.r.p.step.paths.ComputeTestDir - The test directory is not at default location or specified in build section from pom.xml, and no parent can be found.
23:17:20.214 [main] DEBUG f.i.s.r.p.step.paths.ComputeTestDir - The default test directory (/root/workspace/apache/flink/334738007/flink-metrics/flink-metrics-graphite/src/test/java) does not exist. Try to read pom.xml to get information.
23:17:20.220 [main] DEBUG f.i.s.r.p.step.paths.ComputeTestDir - The test directory given in pom.xml (/root/workspace/apache/flink/334738007/flink-metrics/flink-metrics-graphite/src/test/java) does not exist. Continue to try to get test dir from all modules.
23:17:20.220 [main] ERROR f.i.s.r.p.step.paths.ComputeTestDir - The test directory is not at default location or specified in build section from pom.xml, and no parent can be found.
23:17:20.274 [main] INFO  f.i.s.r.p.step.paths.ComputeTestDir - 61 test dirs were found:
23:17:20.275 [main] INFO  f.i.s.r.p.step.paths.ComputeTestDir - /root/workspace/apache/flink/334738007/flink-clients/src/test/java
23:17:20.275 [main] INFO  f.i.s.r.p.step.paths.ComputeTestDir - /root/workspace/apache/flink/334738007/flink-connectors/flink-connector-cassandra/src/test/java
23:17:20.275 [main] INFO  f.i.s.r.p.step.paths.ComputeTestDir - /root/workspace/apache/flink/334738007/flink-connectors/flink-connector-elasticsearch-base/src/test/java
23:17:20.275 [main] INFO  f.i.s.r.p.step.paths.ComputeTestDir - /root/workspace/apache/flink/334738007/flink-connectors/flink-connector-elasticsearch/src/test/java
23:17:20.275 [main] INFO  f.i.s.r.p.step.paths.ComputeTestDir - /root/workspace/apache/flink/334738007/flink-connectors/flink-connector-elasticsearch2/src/test/java
23:17:20.275 [main] INFO  f.i.s.r.p.step.paths.ComputeTestDir - /root/workspace/apache/flink/334738007/flink-connectors/flink-connector-elasticsearch5/src/test/java
23:17:20.275 [main] INFO  f.i.s.r.p.step.paths.ComputeTestDir - /root/workspace/apache/flink/334738007/flink-connectors/flink-connector-filesystem/src/test/java
23:17:20.275 [main] INFO  f.i.s.r.p.step.paths.ComputeTestDir - /root/workspace/apache/flink/334738007/flink-connectors/flink-connector-kafka-0.10/src/test/java
23:17:20.275 [main] INFO  f.i.s.r.p.step.paths.ComputeTestDir - /root/workspace/apache/flink/334738007/flink-connectors/flink-connector-kafka-0.11/src/test/java
23:17:20.276 [main] INFO  f.i.s.r.p.step.paths.ComputeTestDir - /root/workspace/apache/flink/334738007/flink-connectors/flink-connector-kafka-0.8/src/test/java
23:17:20.276 [main] INFO  f.i.s.r.p.step.paths.ComputeTestDir - /root/workspace/apache/flink/334738007/flink-connectors/flink-connector-kafka-0.9/src/test/java
23:17:20.276 [main] INFO  f.i.s.r.p.step.paths.ComputeTestDir - /root/workspace/apache/flink/334738007/flink-connectors/flink-connector-kafka-base/src/test/java
23:17:20.276 [main] INFO  f.i.s.r.p.step.paths.ComputeTestDir - /root/workspace/apache/flink/334738007/flink-connectors/flink-connector-nifi/src/test/java
23:17:20.276 [main] INFO  f.i.s.r.p.step.paths.ComputeTestDir - /root/workspace/apache/flink/334738007/flink-connectors/flink-connector-rabbitmq/src/test/java
23:17:20.276 [main] INFO  f.i.s.r.p.step.paths.ComputeTestDir - /root/workspace/apache/flink/334738007/flink-connectors/flink-hadoop-compatibility/src/test/java
23:17:20.276 [main] INFO  f.i.s.r.p.step.paths.ComputeTestDir - /root/workspace/apache/flink/334738007/flink-connectors/flink-hbase/src/test/java
23:17:20.276 [main] INFO  f.i.s.r.p.step.paths.ComputeTestDir - /root/workspace/apache/flink/334738007/flink-connectors/flink-jdbc/src/test/java
23:17:20.277 [main] INFO  f.i.s.r.p.step.paths.ComputeTestDir - /root/workspace/apache/flink/334738007/flink-connectors/flink-orc/src/test/java
23:17:20.277 [main] INFO  f.i.s.r.p.step.paths.ComputeTestDir - /root/workspace/apache/flink/334738007/flink-contrib/flink-connector-wikiedits/src/test/java
23:17:20.277 [main] INFO  f.i.s.r.p.step.paths.ComputeTestDir - /root/workspace/apache/flink/334738007/flink-contrib/flink-statebackend-rocksdb/src/test/java
23:17:20.277 [main] INFO  f.i.s.r.p.step.paths.ComputeTestDir - /root/workspace/apache/flink/334738007/flink-contrib/flink-storm-examples/src/test/java
23:17:20.277 [main] INFO  f.i.s.r.p.step.paths.ComputeTestDir - /root/workspace/apache/flink/334738007/flink-contrib/flink-storm/src/test/java
23:17:20.277 [main] INFO  f.i.s.r.p.step.paths.ComputeTestDir - /root/workspace/apache/flink/334738007/flink-core/src/test/java
23:17:20.277 [main] INFO  f.i.s.r.p.step.paths.ComputeTestDir - /root/workspace/apache/flink/334738007/flink-dist/src/test/java
23:17:20.277 [main] INFO  f.i.s.r.p.step.paths.ComputeTestDir - /root/workspace/apache/flink/334738007/flink-docs/src/test/java
23:17:20.277 [main] INFO  f.i.s.r.p.step.paths.ComputeTestDir - /root/workspace/apache/flink/334738007/flink-examples/flink-examples-streaming/src/test/java
23:17:20.278 [main] INFO  f.i.s.r.p.step.paths.ComputeTestDir - /root/workspace/apache/flink/334738007/flink-filesystems/flink-hadoop-fs/src/test/java
23:17:20.278 [main] INFO  f.i.s.r.p.step.paths.ComputeTestDir - /root/workspace/apache/flink/334738007/flink-filesystems/flink-mapr-fs/src/test/java
23:17:20.278 [main] INFO  f.i.s.r.p.step.paths.ComputeTestDir - /root/workspace/apache/flink/334738007/flink-filesystems/flink-s3-fs-hadoop/src/test/java
23:17:20.278 [main] INFO  f.i.s.r.p.step.paths.ComputeTestDir - /root/workspace/apache/flink/334738007/flink-filesystems/flink-s3-fs-presto/src/test/java
23:17:20.278 [main] INFO  f.i.s.r.p.step.paths.ComputeTestDir - /root/workspace/apache/flink/334738007/flink-filesystems/flink-swift-fs-hadoop/src/test/java
23:17:20.278 [main] INFO  f.i.s.r.p.step.paths.ComputeTestDir - /root/workspace/apache/flink/334738007/flink-formats/flink-avro/src/test/java
23:17:20.278 [main] INFO  f.i.s.r.p.step.paths.ComputeTestDir - /root/workspace/apache/flink/334738007/flink-fs-tests/src/test/java
23:17:20.278 [main] INFO  f.i.s.r.p.step.paths.ComputeTestDir - /root/workspace/apache/flink/334738007/flink-java/src/test/java
23:17:20.279 [main] INFO  f.i.s.r.p.step.paths.ComputeTestDir - /root/workspace/apache/flink/334738007/flink-java8/src/test/java
23:17:20.279 [main] INFO  f.i.s.r.p.step.paths.ComputeTestDir - /root/workspace/apache/flink/334738007/flink-libraries/flink-cep/src/test/java
23:17:20.279 [main] INFO  f.i.s.r.p.step.paths.ComputeTestDir - /root/workspace/apache/flink/334738007/flink-libraries/flink-gelly-examples/src/test/java
23:17:20.279 [main] INFO  f.i.s.r.p.step.paths.ComputeTestDir - /root/workspace/apache/flink/334738007/flink-libraries/flink-gelly/src/test/java
23:17:20.279 [main] INFO  f.i.s.r.p.step.paths.ComputeTestDir - /root/workspace/apache/flink/334738007/flink-libraries/flink-python/src/test/java
23:17:20.279 [main] INFO  f.i.s.r.p.step.paths.ComputeTestDir - /root/workspace/apache/flink/334738007/flink-libraries/flink-table/src/test/java
23:17:20.279 [main] INFO  f.i.s.r.p.step.paths.ComputeTestDir - /root/workspace/apache/flink/334738007/flink-mesos/src/test/java
23:17:20.279 [main] INFO  f.i.s.r.p.step.paths.ComputeTestDir - /root/workspace/apache/flink/334738007/flink-metrics/flink-metrics-core/src/test/java
23:17:20.279 [main] INFO  f.i.s.r.p.step.paths.ComputeTestDir - /root/workspace/apache/flink/334738007/flink-metrics/flink-metrics-datadog/src/test/java
23:17:20.280 [main] INFO  f.i.s.r.p.step.paths.ComputeTestDir - /root/workspace/apache/flink/334738007/flink-metrics/flink-metrics-dropwizard/src/test/java
23:17:20.280 [main] INFO  f.i.s.r.p.step.paths.ComputeTestDir - /root/workspace/apache/flink/334738007/flink-metrics/flink-metrics-jmx/src/test/java
23:17:20.280 [main] INFO  f.i.s.r.p.step.paths.ComputeTestDir - /root/workspace/apache/flink/334738007/flink-metrics/flink-metrics-prometheus/src/test/java
23:17:20.280 [main] INFO  f.i.s.r.p.step.paths.ComputeTestDir - /root/workspace/apache/flink/334738007/flink-metrics/flink-metrics-slf4j/src/test/java
23:17:20.280 [main] INFO  f.i.s.r.p.step.paths.ComputeTestDir - /root/workspace/apache/flink/334738007/flink-metrics/flink-metrics-statsd/src/test/java
23:17:20.280 [main] INFO  f.i.s.r.p.step.paths.ComputeTestDir - /root/workspace/apache/flink/334738007/flink-optimizer/src/test/java
23:17:20.280 [main] INFO  f.i.s.r.p.step.paths.ComputeTestDir - /root/workspace/apache/flink/334738007/flink-queryable-state/flink-queryable-state-client-java/src/test/java
23:17:20.280 [main] INFO  f.i.s.r.p.step.paths.ComputeTestDir - /root/workspace/apache/flink/334738007/flink-queryable-state/flink-queryable-state-runtime/src/test/java
23:17:20.281 [main] INFO  f.i.s.r.p.step.paths.ComputeTestDir - /root/workspace/apache/flink/334738007/flink-runtime-web/src/test/java
23:17:20.281 [main] INFO  f.i.s.r.p.step.paths.ComputeTestDir - /root/workspace/apache/flink/334738007/flink-runtime/src/test/java
23:17:20.281 [main] INFO  f.i.s.r.p.step.paths.ComputeTestDir - /root/workspace/apache/flink/334738007/flink-scala-shell/src/test/java
23:17:20.281 [main] INFO  f.i.s.r.p.step.paths.ComputeTestDir - /root/workspace/apache/flink/334738007/flink-streaming-java/src/test/java
23:17:20.281 [main] INFO  f.i.s.r.p.step.paths.ComputeTestDir - /root/workspace/apache/flink/334738007/flink-streaming-scala/src/test/java
23:17:20.281 [main] INFO  f.i.s.r.p.step.paths.ComputeTestDir - /root/workspace/apache/flink/334738007/flink-test-utils-parent/flink-test-utils-junit/src/test/java
23:17:20.281 [main] INFO  f.i.s.r.p.step.paths.ComputeTestDir - /root/workspace/apache/flink/334738007/flink-test-utils-parent/flink-test-utils/src/test/java
23:17:20.281 [main] INFO  f.i.s.r.p.step.paths.ComputeTestDir - /root/workspace/apache/flink/334738007/flink-tests/src/test/java
23:17:20.281 [main] INFO  f.i.s.r.p.step.paths.ComputeTestDir - /root/workspace/apache/flink/334738007/flink-yarn-tests/src/test/java
23:17:20.282 [main] INFO  f.i.s.r.p.step.paths.ComputeTestDir - /root/workspace/apache/flink/334738007/flink-yarn/src/test/java
23:17:20.334 [main] DEBUG f.i.s.r.p.step.paths.ComputeTestDir - STEP STATUS: [ ComputeTestDir : SUCCESS ]
23:17:20.334 [main] DEBUG f.i.s.r.p.step.paths.ComputeTestDir - STEP DURATION: 0s
23:17:20.334 [main] DEBUG f.i.s.r.p.step.paths.ComputeTestDir - EXECUTE NEXT STEP
23:17:20.334 [main] DEBUG f.i.s.r.p.s.c.CheckoutBuggyBuildSourceCode - ----------------------------------------------------------------------
23:17:20.335 [main] DEBUG f.i.s.r.p.s.c.CheckoutBuggyBuildSourceCode - STEP 5/22: CheckoutBuggyBuildCandidateSourceCode
23:17:20.335 [main] DEBUG f.i.s.r.p.s.c.CheckoutBuggyBuildSourceCode - ----------------------------------------------------------------------
23:17:20.335 [main] DEBUG f.i.s.r.p.s.c.CheckoutBuggyBuildSourceCode - Checking out the source code of the buggy build candidate...
23:17:20.657 [main] INFO  fr.inria.jtravis.JTravis - GitHub ratelimit: Limit: 5000 Remaining: 4869 Reset hour: 19:20:03
23:17:22.518 [main] DEBUG f.i.s.r.process.git.GitHelper - Commit repairnator files...
23:17:22.519 [main] INFO  f.i.s.r.process.git.GitHelper - There is no repairnator file to commit.
23:17:22.519 [main] DEBUG f.i.s.r.p.s.c.CheckoutBuggyBuildSourceCode - Reproduce the PR for apache/flink by fetching remote branch and merging.
23:17:22.984 [main] DEBUG f.i.s.r.process.git.GitHelper - Step CheckoutBuggyBuildCandidateSourceCode - Get the commit ec4e42d7ea169918672118b4d42f9bb044b93ff4 for repo apache/flink
23:17:23.306 [main] DEBUG f.i.s.r.process.git.GitHelper - Step CheckoutBuggyBuildCandidateSourceCode - Do the merge with the PR commit for repo apache/flink
23:17:24.019 [main] INFO  f.i.s.r.process.git.GitHelper - Init git submodules.
23:17:24.309 [main] INFO  fr.inria.jtravis.JTravis - GitHub ratelimit: Limit: 5000 Remaining: 4862 Reset hour: 19:20:03
23:17:25.939 [main] DEBUG f.i.s.r.process.git.GitHelper - Commit repairnator files...
23:17:25.940 [main] INFO  f.i.s.r.process.git.GitHelper - There is no repairnator file to commit.
23:17:25.940 [main] DEBUG f.i.s.r.p.s.c.CheckoutBuggyBuildSourceCode - Reproduce the PR for apache/flink by fetching remote branch and merging.
23:17:26.408 [main] ERROR f.i.s.r.p.s.c.CheckoutBuggyBuildSourceCode - Error while testing commit: org.eclipse.jgit.errors.MissingObjectException: Missing unknown 74637aedd98a7817d348b015cb07b76a3fa2686c
23:17:26.409 [main] ERROR f.i.s.r.p.s.c.CheckoutBuggyBuildSourceCode - Commit head ref cannot be retrieved from the repository: 74637aedd98a7817d348b015cb07b76a3fa2686c. Operation aborted.
23:17:26.409 [main] ERROR f.i.s.r.p.s.c.CheckoutBuggyBuildSourceCode - Error while merging two commits to reproduce the PR.
23:17:26.410 [main] DEBUG f.i.s.r.p.s.c.CheckoutBuggyBuildSourceCode - STEP STATUS: [ CheckoutBuggyBuildCandidateSourceCode : FAILURE ( BUILDNOTCHECKEDOUT ) ]
23:17:26.410 [main] DEBUG f.i.s.r.p.s.c.CheckoutBuggyBuildSourceCode - STEP DURATION: 6s
23:17:26.410 [main] DEBUG f.i.s.r.p.s.c.CheckoutBuggyBuildSourceCode - TERMINATE PIPELINE
23:17:26.410 [main] DEBUG f.i.s.r.p.s.c.CheckoutBuggyBuildSourceCode - FINAL STEPS SKIPPED: The reproduction of the bug and/or the patch failed.
23:17:26.411 [main] INFO  f.i.s.r.p.s.c.CheckoutBuggyBuildSourceCode - Serialize all data for the pair of builds 334738007, 335102445
23:17:26.534 [main] INFO  fr.inria.jtravis.JTravis - GitHub ratelimit: Limit: 5000 Remaining: 4855 Reset hour: 19:20:03
23:17:27.942 [main] INFO  f.i.s.r.p.i.ProjectInspector - ----------------------------------------------------------------------
23:17:27.942 [main] INFO  f.i.s.r.p.i.ProjectInspector - PIPELINE EXECUTION SUMMARY
23:17:27.943 [main] INFO  f.i.s.r.p.i.ProjectInspector - ----------------------------------------------------------------------
23:17:27.943 [main] INFO  f.i.s.r.p.i.ProjectInspector - CloneRepository.......................................SUCCESS [ 61 s ]
23:17:27.943 [main] INFO  f.i.s.r.p.i.ProjectInspector - CheckoutPatchedBuildCandidate.........................SUCCESS [  8 s ]
23:17:27.943 [main] INFO  f.i.s.r.p.i.ProjectInspector - ComputeSourceDir......................................SUCCESS [  2 s ]
23:17:27.943 [main] INFO  f.i.s.r.p.i.ProjectInspector - ComputeTestDir........................................SUCCESS [  0 s ]
23:17:27.943 [main] INFO  f.i.s.r.p.i.ProjectInspector - CheckoutBuggyBuildCandidateSourceCode.................FAILURE [  6 s ]
23:17:27.943 [main] INFO  f.i.s.r.p.i.ProjectInspector - BuildProjectBuggyBuildCandidateSourceCode.............NOT RUN         
23:17:27.943 [main] INFO  f.i.s.r.p.i.ProjectInspector - TestProjectBuggyBuildCandidateSourceCode..............NOT RUN         
23:17:27.943 [main] INFO  f.i.s.r.p.i.ProjectInspector - GatherTestInformationBuggyBuildCandidateSourceCode....NOT RUN         
23:17:27.943 [main] INFO  f.i.s.r.p.i.ProjectInspector - CheckoutBuggyBuildTestCode............................NOT RUN         
23:17:27.943 [main] INFO  f.i.s.r.p.i.ProjectInspector - InitRepoToPush........................................NOT RUN         
23:17:27.943 [main] INFO  f.i.s.r.p.i.ProjectInspector - ComputeClasspath......................................NOT RUN         
23:17:27.944 [main] INFO  f.i.s.r.p.i.ProjectInspector - ComputeModules........................................NOT RUN         
23:17:27.944 [main] INFO  f.i.s.r.p.i.ProjectInspector - CheckoutBuggyBuildCandidateSourceCode.................NOT RUN         
23:17:27.944 [main] INFO  f.i.s.r.p.i.ProjectInspector - CommitChangedTests....................................NOT RUN         
23:17:27.944 [main] INFO  f.i.s.r.p.i.ProjectInspector - CheckoutPatchedBuildCandidate.........................NOT RUN         
23:17:27.944 [main] INFO  f.i.s.r.p.i.ProjectInspector - BuildProjectPatchedBuildCandidate.....................NOT RUN         
23:17:27.944 [main] INFO  f.i.s.r.p.i.ProjectInspector - TestProjectPatchedBuildCandidate......................NOT RUN         
23:17:27.944 [main] INFO  f.i.s.r.p.i.ProjectInspector - GatherTestInformationPatchedBuildCandidate............NOT RUN         
23:17:27.944 [main] INFO  f.i.s.r.p.i.ProjectInspector - CommitPatch...........................................NOT RUN         
23:17:27.944 [main] INFO  f.i.s.r.p.i.ProjectInspector - WritePropertyFile.....................................NOT RUN         
23:17:27.944 [main] INFO  f.i.s.r.p.i.ProjectInspector - CommitProcessEnd......................................NOT RUN         
23:17:27.944 [main] INFO  f.i.s.r.p.i.ProjectInspector - PushProcessEnd........................................NOT RUN         
23:17:27.944 [main] INFO  f.i.s.r.p.i.ProjectInspector - ----------------------------------------------------------------------
23:17:27.945 [main] INFO  f.i.s.r.p.i.ProjectInspector - PIPELINE FINDING: BUILDNOTCHECKEDOUT
23:17:27.945 [main] INFO  f.i.s.r.p.i.ProjectInspector - ----------------------------------------------------------------------
23:17:27.945 [main] INFO  f.i.s.repairnator.pipeline.Launcher - Inspector is finished. The process will exit now.
