01:10:40.109 [main] INFO  f.i.s.repairnator.pipeline.Launcher - PIPELINE VERSION: 3.0-2018-08-09 19:04
01:10:40.254 [main] INFO  f.i.s.repairnator.pipeline.Launcher - The pipeline will try to reproduce a bug from build 331945625 and its corresponding patch from build 332105245
01:10:40.255 [main] INFO  f.i.s.repairnator.pipeline.Launcher - Initialize file serializer engines.
01:10:40.257 [main] INFO  f.i.s.repairnator.pipeline.Launcher - MongoDB won't be used for serialization.
01:10:40.257 [main] INFO  f.i.s.repairnator.pipeline.Launcher - The email notifier engine won't be used.
01:10:40.260 [main] INFO  f.i.s.repairnator.pipeline.Launcher - Start by getting the build (buildId: 331945625) with the following config: RepairnatorConfig{runId='e37d2f70-f43d-494e-93aa-3a56dc324afd_01-18-week4-PASSING_AND_PASSING', launcherMode=BEARS, serializeJson=true, inputPath='null', outputPath='/var/log', mongodbHost='null', mongodbName='repairnator', smtpServer='null', notifyTo=[], notifyEndProcess=false, push=true, pushRemoteRepo='https://github.com/fermadeiral/bears-collection-pp', fork=false, lookFromDate=null, lookToDate=null, buildId=331945625, z3solverPath='./z3_for_linux', workspacePath='./workspace', githubToken='c8a341a903[...]', dockerImageName='null', skipDelete=false, createOutputDir=false, logDirectory='null', nbThreads=0, globalTimeout=0, whiteList=null, blackList=null, jobSleepTime=0, buildSleepTime=0, maxInspectedBuilds=0, duration=null, humanPatch=false, repository='null', clean=true, bearsMode=BOTH, bearsDelimiter = false, repairTools=NopolAllTests,NPEFix,AssertFixer,AstorJGenProg,AstorJKali,NopolSingleTest,AstorJMut,NopolTestExclusionStrategy, githubUserName= fermadeiral, githubUserEmail=fer.madeiral@gmail.com}
01:10:41.563 [main] DEBUG fr.inria.jtravis.helpers.BuildHelper - Get request to :https://api.travis-ci.org/build/331945625 done after 791 ms
01:10:41.787 [main] DEBUG fr.inria.jtravis.helpers.BuildHelper - Get request to :https://api.travis-ci.org/build/332105245 done after 137 ms
01:10:41.799 [main] INFO  f.i.s.repairnator.pipeline.Launcher - The patched build (332105245) was successfully retrieved from Travis.
01:10:42.982 [main] INFO  fr.inria.jtravis.JTravis - GitHub ratelimit: Limit: 5000 Remaining: 4386 Reset hour: 19:20:06
01:10:43.246 [main] INFO  f.i.s.r.p.i.ProjectInspector - ----------------------------------------------------------------------
01:10:43.246 [main] INFO  f.i.s.r.p.i.ProjectInspector - PIPELINE STEPS
01:10:43.246 [main] INFO  f.i.s.r.p.i.ProjectInspector - ----------------------------------------------------------------------
01:10:43.246 [main] INFO  f.i.s.r.p.i.ProjectInspector - CloneRepository
01:10:43.246 [main] INFO  f.i.s.r.p.i.ProjectInspector - CheckoutPatchedBuildCandidate
01:10:43.246 [main] INFO  f.i.s.r.p.i.ProjectInspector - ComputeSourceDir
01:10:43.247 [main] INFO  f.i.s.r.p.i.ProjectInspector - ComputeTestDir
01:10:43.247 [main] INFO  f.i.s.r.p.i.ProjectInspector - CheckoutBuggyBuildCandidateSourceCode
01:10:43.247 [main] INFO  f.i.s.r.p.i.ProjectInspector - BuildProjectBuggyBuildCandidateSourceCode
01:10:43.247 [main] INFO  f.i.s.r.p.i.ProjectInspector - TestProjectBuggyBuildCandidateSourceCode
01:10:43.247 [main] INFO  f.i.s.r.p.i.ProjectInspector - GatherTestInformationBuggyBuildCandidateSourceCode
01:10:43.247 [main] INFO  f.i.s.r.p.i.ProjectInspector - CheckoutBuggyBuildTestCode
01:10:43.247 [main] INFO  f.i.s.r.p.i.ProjectInspector - InitRepoToPush
01:10:43.248 [main] INFO  f.i.s.r.p.i.ProjectInspector - ComputeClasspath
01:10:43.248 [main] INFO  f.i.s.r.p.i.ProjectInspector - ComputeModules
01:10:43.248 [main] INFO  f.i.s.r.p.i.ProjectInspector - CheckoutBuggyBuildCandidateSourceCode
01:10:43.248 [main] INFO  f.i.s.r.p.i.ProjectInspector - CommitChangedTests
01:10:43.248 [main] INFO  f.i.s.r.p.i.ProjectInspector - CheckoutPatchedBuildCandidate
01:10:43.249 [main] INFO  f.i.s.r.p.i.ProjectInspector - BuildProjectPatchedBuildCandidate
01:10:43.249 [main] INFO  f.i.s.r.p.i.ProjectInspector - TestProjectPatchedBuildCandidate
01:10:43.249 [main] INFO  f.i.s.r.p.i.ProjectInspector - GatherTestInformationPatchedBuildCandidate
01:10:43.249 [main] INFO  f.i.s.r.p.i.ProjectInspector - CommitPatch
01:10:43.249 [main] INFO  f.i.s.r.p.i.ProjectInspector - WritePropertyFile
01:10:43.250 [main] INFO  f.i.s.r.p.i.ProjectInspector - CommitProcessEnd
01:10:43.250 [main] INFO  f.i.s.r.p.i.ProjectInspector - PushProcessEnd
01:10:43.250 [main] DEBUG f.i.s.r.process.step.CloneRepository - ----------------------------------------------------------------------
01:10:43.251 [main] DEBUG f.i.s.r.process.step.CloneRepository - STEP 1/22: CloneRepository
01:10:43.251 [main] DEBUG f.i.s.r.process.step.CloneRepository - ----------------------------------------------------------------------
01:10:43.251 [main] DEBUG f.i.s.r.process.step.CloneRepository - Cloning repository prestodb/presto in the following directory: ./workspace/prestodb/presto/331945625
01:11:26.040 [main] DEBUG f.i.s.r.process.step.CloneRepository - STEP STATUS: [ CloneRepository : SUCCESS ]
01:11:26.040 [main] DEBUG f.i.s.r.process.step.CloneRepository - STEP DURATION: 42s
01:11:26.041 [main] DEBUG f.i.s.r.process.step.CloneRepository - EXECUTE NEXT STEP
01:11:26.041 [main] DEBUG f.i.s.r.p.s.c.CheckoutPatchedBuild - ----------------------------------------------------------------------
01:11:26.042 [main] DEBUG f.i.s.r.p.s.c.CheckoutPatchedBuild - STEP 2/22: CheckoutPatchedBuildCandidate
01:11:26.042 [main] DEBUG f.i.s.r.p.s.c.CheckoutPatchedBuild - ----------------------------------------------------------------------
01:11:26.042 [main] DEBUG f.i.s.r.p.s.c.CheckoutPatchedBuild - Checking out patched build candidate...
01:11:26.379 [main] INFO  fr.inria.jtravis.JTravis - GitHub ratelimit: Limit: 5000 Remaining: 4381 Reset hour: 19:20:06
01:11:28.480 [main] DEBUG f.i.s.r.p.s.c.CheckoutPatchedBuild - Reproduce the PR for prestodb/presto by fetching remote branch and merging.
01:11:31.387 [main] DEBUG f.i.s.r.process.git.GitHelper - Step CheckoutPatchedBuildCandidate - Get the commit d1a42b7cca2a6b123132017865d6b1a38d51d6d9 for repo prestodb/presto
01:11:33.092 [main] DEBUG f.i.s.r.process.git.GitHelper - Step CheckoutPatchedBuildCandidate - Do the merge with the PR commit for repo prestodb/presto
01:11:33.117 [main] INFO  f.i.s.r.process.git.GitHelper - Init git submodules.
01:11:33.224 [main] DEBUG f.i.s.r.p.s.c.CheckoutPatchedBuild - STEP STATUS: [ CheckoutPatchedBuildCandidate : SUCCESS ]
01:11:33.225 [main] DEBUG f.i.s.r.p.s.c.CheckoutPatchedBuild - STEP DURATION: 7s
01:11:33.225 [main] DEBUG f.i.s.r.p.s.c.CheckoutPatchedBuild - EXECUTE NEXT STEP
01:11:33.226 [main] DEBUG f.i.s.r.p.s.paths.ComputeSourceDir - ----------------------------------------------------------------------
01:11:33.226 [main] DEBUG f.i.s.r.p.s.paths.ComputeSourceDir - STEP 3/22: ComputeSourceDir
01:11:33.226 [main] DEBUG f.i.s.r.p.s.paths.ComputeSourceDir - ----------------------------------------------------------------------
01:11:33.226 [main] DEBUG f.i.s.r.p.s.paths.ComputeSourceDir - Computing the source directory ...
01:11:33.228 [main] DEBUG f.i.s.r.p.s.paths.ComputeSourceDir - The default source directory (/root/workspace/prestodb/presto/331945625/src/main/java) does not exist. Try to read pom.xml to get information.
01:11:33.354 [main] DEBUG f.i.s.r.p.m.RepositoryModelResolver - Downloading https://repo1.maven.org/maven2/io/airlift/airbase/79/airbase-79.pom
01:11:33.585 [main] ERROR f.i.s.r.process.maven.MavenHelper - Error while building complete model. The raw model will be used. Error message: 1 problem was encountered while building the effective model for com.facebook.presto:presto-root:0.193-SNAPSHOT
[ERROR] Failed to determine Java version for profile java9-surefire @ io.airlift:airbase:79

01:11:33.619 [main] DEBUG f.i.s.r.p.s.paths.ComputeSourceDir - Build section does not exist in the following pom.xml: /root/workspace/prestodb/presto/331945625/pom.xml. Continue to try to get source dir from all modules.
01:11:33.676 [main] ERROR f.i.s.r.process.maven.MavenHelper - Error while building complete model. The raw model will be used. Error message: 1 problem was encountered while building the effective model for com.facebook.presto:presto-atop:0.193-SNAPSHOT
[ERROR] Failed to determine Java version for profile java9-surefire @ io.airlift:airbase:79

01:11:33.719 [main] ERROR f.i.s.r.process.maven.MavenHelper - Error while building complete model. The raw model will be used. Error message: 1 problem was encountered while building the effective model for com.facebook.presto:presto-spi:0.193-SNAPSHOT
[ERROR] Failed to determine Java version for profile java9-surefire @ io.airlift:airbase:79

01:11:33.736 [main] ERROR f.i.s.r.process.maven.MavenHelper - Error while building complete model. The raw model will be used. Error message: 1 problem was encountered while building the effective model for com.facebook.presto:presto-array:0.193-SNAPSHOT
[ERROR] Failed to determine Java version for profile java9-surefire @ io.airlift:airbase:79

01:11:33.759 [main] ERROR f.i.s.r.process.maven.MavenHelper - Error while building complete model. The raw model will be used. Error message: 1 problem was encountered while building the effective model for com.facebook.presto:presto-jmx:0.193-SNAPSHOT
[ERROR] Failed to determine Java version for profile java9-surefire @ io.airlift:airbase:79

01:11:33.782 [main] ERROR f.i.s.r.process.maven.MavenHelper - Error while building complete model. The raw model will be used. Error message: 1 problem was encountered while building the effective model for com.facebook.presto:presto-record-decoder:0.193-SNAPSHOT
[ERROR] Failed to determine Java version for profile java9-surefire @ io.airlift:airbase:79

01:11:33.798 [main] ERROR f.i.s.r.process.maven.MavenHelper - Error while building complete model. The raw model will be used. Error message: 1 problem was encountered while building the effective model for com.facebook.presto:presto-kafka:0.193-SNAPSHOT
[ERROR] Failed to determine Java version for profile java9-surefire @ io.airlift:airbase:79

01:11:33.817 [main] ERROR f.i.s.r.process.maven.MavenHelper - Error while building complete model. The raw model will be used. Error message: 1 problem was encountered while building the effective model for com.facebook.presto:presto-redis:0.193-SNAPSHOT
[ERROR] Failed to determine Java version for profile java9-surefire @ io.airlift:airbase:79

01:11:33.838 [main] ERROR f.i.s.r.process.maven.MavenHelper - Error while building complete model. The raw model will be used. Error message: 1 problem was encountered while building the effective model for com.facebook.presto:presto-accumulo:0.193-SNAPSHOT
[ERROR] Failed to determine Java version for profile java9-surefire @ io.airlift:airbase:79

01:11:33.852 [main] ERROR f.i.s.r.process.maven.MavenHelper - Error while building complete model. The raw model will be used. Error message: 1 problem was encountered while building the effective model for com.facebook.presto:presto-cassandra:0.193-SNAPSHOT
[ERROR] Failed to determine Java version for profile java9-surefire @ io.airlift:airbase:79

01:11:33.869 [main] ERROR f.i.s.r.process.maven.MavenHelper - Error while building complete model. The raw model will be used. Error message: 1 problem was encountered while building the effective model for com.facebook.presto:presto-blackhole:0.193-SNAPSHOT
[ERROR] Failed to determine Java version for profile java9-surefire @ io.airlift:airbase:79

01:11:33.881 [main] ERROR f.i.s.r.process.maven.MavenHelper - Error while building complete model. The raw model will be used. Error message: 1 problem was encountered while building the effective model for com.facebook.presto:presto-memory:0.193-SNAPSHOT
[ERROR] Failed to determine Java version for profile java9-surefire @ io.airlift:airbase:79

01:11:33.897 [main] ERROR f.i.s.r.process.maven.MavenHelper - Error while building complete model. The raw model will be used. Error message: 1 problem was encountered while building the effective model for com.facebook.presto:presto-orc:0.193-SNAPSHOT
[ERROR] Failed to determine Java version for profile java9-surefire @ io.airlift:airbase:79

01:11:33.910 [main] ERROR f.i.s.r.process.maven.MavenHelper - Error while building complete model. The raw model will be used. Error message: 1 problem was encountered while building the effective model for com.facebook.presto:presto-rcfile:0.193-SNAPSHOT
[ERROR] Failed to determine Java version for profile java9-surefire @ io.airlift:airbase:79

01:11:33.925 [main] ERROR f.i.s.r.process.maven.MavenHelper - Error while building complete model. The raw model will be used. Error message: 1 problem was encountered while building the effective model for com.facebook.presto:presto-hive:0.193-SNAPSHOT
[ERROR] Failed to determine Java version for profile java9-surefire @ io.airlift:airbase:79

01:11:33.937 [main] ERROR f.i.s.r.process.maven.MavenHelper - Error while building complete model. The raw model will be used. Error message: 1 problem was encountered while building the effective model for com.facebook.presto:presto-hive-hadoop2:0.193-SNAPSHOT
[ERROR] Failed to determine Java version for profile java9-surefire @ io.airlift:airbase:79

01:11:33.951 [main] ERROR f.i.s.r.process.maven.MavenHelper - Error while building complete model. The raw model will be used. Error message: 1 problem was encountered while building the effective model for com.facebook.presto:presto-teradata-functions:0.193-SNAPSHOT
[ERROR] Failed to determine Java version for profile java9-surefire @ io.airlift:airbase:79

01:11:33.963 [main] ERROR f.i.s.r.process.maven.MavenHelper - Error while building complete model. The raw model will be used. Error message: 1 problem was encountered while building the effective model for com.facebook.presto:presto-example-http:0.193-SNAPSHOT
[ERROR] Failed to determine Java version for profile java9-surefire @ io.airlift:airbase:79

01:11:33.975 [main] ERROR f.i.s.r.process.maven.MavenHelper - Error while building complete model. The raw model will be used. Error message: 1 problem was encountered while building the effective model for com.facebook.presto:presto-local-file:0.193-SNAPSHOT
[ERROR] Failed to determine Java version for profile java9-surefire @ io.airlift:airbase:79

01:11:33.988 [main] ERROR f.i.s.r.process.maven.MavenHelper - Error while building complete model. The raw model will be used. Error message: 1 problem was encountered while building the effective model for com.facebook.presto:presto-tpch:0.193-SNAPSHOT
[ERROR] Failed to determine Java version for profile java9-surefire @ io.airlift:airbase:79

01:11:33.999 [main] ERROR f.i.s.r.process.maven.MavenHelper - Error while building complete model. The raw model will be used. Error message: 1 problem was encountered while building the effective model for com.facebook.presto:presto-tpcds:0.193-SNAPSHOT
[ERROR] Failed to determine Java version for profile java9-surefire @ io.airlift:airbase:79

01:11:34.012 [main] ERROR f.i.s.r.process.maven.MavenHelper - Error while building complete model. The raw model will be used. Error message: 1 problem was encountered while building the effective model for com.facebook.presto:presto-raptor:0.193-SNAPSHOT
[ERROR] Failed to determine Java version for profile java9-surefire @ io.airlift:airbase:79

01:11:34.032 [main] ERROR f.i.s.r.process.maven.MavenHelper - Error while building complete model. The raw model will be used. Error message: 1 problem was encountered while building the effective model for com.facebook.presto:presto-base-jdbc:0.193-SNAPSHOT
[ERROR] Failed to determine Java version for profile java9-surefire @ io.airlift:airbase:79

01:11:34.044 [main] ERROR f.i.s.r.process.maven.MavenHelper - Error while building complete model. The raw model will be used. Error message: 1 problem was encountered while building the effective model for com.facebook.presto:presto-mysql:0.193-SNAPSHOT
[ERROR] Failed to determine Java version for profile java9-surefire @ io.airlift:airbase:79

01:11:34.054 [main] ERROR f.i.s.r.process.maven.MavenHelper - Error while building complete model. The raw model will be used. Error message: 1 problem was encountered while building the effective model for com.facebook.presto:presto-postgresql:0.193-SNAPSHOT
[ERROR] Failed to determine Java version for profile java9-surefire @ io.airlift:airbase:79

01:11:34.065 [main] ERROR f.i.s.r.process.maven.MavenHelper - Error while building complete model. The raw model will be used. Error message: 1 problem was encountered while building the effective model for com.facebook.presto:presto-redshift:0.193-SNAPSHOT
[ERROR] Failed to determine Java version for profile java9-surefire @ io.airlift:airbase:79

01:11:34.075 [main] ERROR f.i.s.r.process.maven.MavenHelper - Error while building complete model. The raw model will be used. Error message: 1 problem was encountered while building the effective model for com.facebook.presto:presto-sqlserver:0.193-SNAPSHOT
[ERROR] Failed to determine Java version for profile java9-surefire @ io.airlift:airbase:79

01:11:34.086 [main] ERROR f.i.s.r.process.maven.MavenHelper - Error while building complete model. The raw model will be used. Error message: 1 problem was encountered while building the effective model for com.facebook.presto:presto-mongodb:0.193-SNAPSHOT
[ERROR] Failed to determine Java version for profile java9-surefire @ io.airlift:airbase:79

01:11:34.096 [main] ERROR f.i.s.r.process.maven.MavenHelper - Error while building complete model. The raw model will be used. Error message: 1 problem was encountered while building the effective model for com.facebook.presto:presto-client:0.193-SNAPSHOT
[ERROR] Failed to determine Java version for profile java9-surefire @ io.airlift:airbase:79

01:11:34.106 [main] ERROR f.i.s.r.process.maven.MavenHelper - Error while building complete model. The raw model will be used. Error message: 1 problem was encountered while building the effective model for com.facebook.presto:presto-parser:0.193-SNAPSHOT
[ERROR] Failed to determine Java version for profile java9-surefire @ io.airlift:airbase:79

01:11:34.117 [main] ERROR f.i.s.r.process.maven.MavenHelper - Error while building complete model. The raw model will be used. Error message: 1 problem was encountered while building the effective model for com.facebook.presto:presto-main:0.193-SNAPSHOT
[ERROR] Failed to determine Java version for profile java9-surefire @ io.airlift:airbase:79

01:11:34.128 [main] ERROR f.i.s.r.process.maven.MavenHelper - Error while building complete model. The raw model will be used. Error message: 1 problem was encountered while building the effective model for com.facebook.presto:presto-ml:0.193-SNAPSHOT
[ERROR] Failed to determine Java version for profile java9-surefire @ io.airlift:airbase:79

01:11:34.140 [main] ERROR f.i.s.r.process.maven.MavenHelper - Error while building complete model. The raw model will be used. Error message: 1 problem was encountered while building the effective model for com.facebook.presto:presto-geospatial:0.193-SNAPSHOT
[ERROR] Failed to determine Java version for profile java9-surefire @ io.airlift:airbase:79

01:11:34.150 [main] ERROR f.i.s.r.process.maven.MavenHelper - Error while building complete model. The raw model will be used. Error message: 1 problem was encountered while building the effective model for com.facebook.presto:presto-geospatial-toolkit:0.193-SNAPSHOT
[ERROR] Failed to determine Java version for profile java9-surefire @ io.airlift:airbase:79

01:11:34.160 [main] ERROR f.i.s.r.process.maven.MavenHelper - Error while building complete model. The raw model will be used. Error message: 1 problem was encountered while building the effective model for com.facebook.presto:presto-benchmark:0.193-SNAPSHOT
[ERROR] Failed to determine Java version for profile java9-surefire @ io.airlift:airbase:79

01:11:34.171 [main] ERROR f.i.s.r.process.maven.MavenHelper - Error while building complete model. The raw model will be used. Error message: 1 problem was encountered while building the effective model for com.facebook.presto:presto-tests:0.193-SNAPSHOT
[ERROR] Failed to determine Java version for profile java9-surefire @ io.airlift:airbase:79

01:11:34.181 [main] ERROR f.i.s.r.process.maven.MavenHelper - Error while building complete model. The raw model will be used. Error message: 1 problem was encountered while building the effective model for com.facebook.presto:presto-product-tests:0.193-SNAPSHOT
[ERROR] Failed to determine Java version for profile java9-surefire @ io.airlift:airbase:79

01:11:34.192 [main] ERROR f.i.s.r.process.maven.MavenHelper - Error while building complete model. The raw model will be used. Error message: 1 problem was encountered while building the effective model for com.facebook.presto:presto-jdbc:0.193-SNAPSHOT
[ERROR] Failed to determine Java version for profile java9-surefire @ io.airlift:airbase:79

01:11:34.201 [main] ERROR f.i.s.r.process.maven.MavenHelper - Error while building complete model. The raw model will be used. Error message: 1 problem was encountered while building the effective model for com.facebook.presto:presto-cli:0.193-SNAPSHOT
[ERROR] Failed to determine Java version for profile java9-surefire @ io.airlift:airbase:79

01:11:34.211 [main] ERROR f.i.s.r.process.maven.MavenHelper - Error while building complete model. The raw model will be used. Error message: 1 problem was encountered while building the effective model for com.facebook.presto:presto-benchmark-driver:0.193-SNAPSHOT
[ERROR] Failed to determine Java version for profile java9-surefire @ io.airlift:airbase:79

01:11:34.211 [main] DEBUG f.i.s.r.p.s.paths.ComputeSourceDir - The default source directory (/root/workspace/prestodb/presto/331945625/presto-server/src/main/java) does not exist. Try to read pom.xml to get information.
01:11:34.220 [main] ERROR f.i.s.r.process.maven.MavenHelper - Error while building complete model. The raw model will be used. Error message: 1 problem was encountered while building the effective model for com.facebook.presto:presto-server:0.193-SNAPSHOT
[ERROR] Failed to determine Java version for profile java9-surefire @ io.airlift:airbase:79

01:11:34.221 [main] DEBUG f.i.s.r.p.s.paths.ComputeSourceDir - Build section does not exist in the following pom.xml: /root/workspace/prestodb/presto/331945625/presto-server/pom.xml. Continue to try to get source dir from all modules.
01:11:34.221 [main] ERROR f.i.s.r.p.s.paths.ComputeSourceDir - The source directory is not at default location or specified in build section from pom.xml, and no parent can be found.
01:11:34.222 [main] DEBUG f.i.s.r.p.s.paths.ComputeSourceDir - The default source directory (/root/workspace/prestodb/presto/331945625/presto-server-rpm/src/main/java) does not exist. Try to read pom.xml to get information.
01:11:34.233 [main] ERROR f.i.s.r.process.maven.MavenHelper - Error while building complete model. The raw model will be used. Error message: 1 problem was encountered while building the effective model for com.facebook.presto:presto-server-rpm:0.193-SNAPSHOT
[ERROR] Failed to determine Java version for profile java9-surefire @ io.airlift:airbase:79

01:11:34.234 [main] DEBUG f.i.s.r.p.s.paths.ComputeSourceDir - Build section does not exist in the following pom.xml: /root/workspace/prestodb/presto/331945625/presto-server-rpm/pom.xml. Continue to try to get source dir from all modules.
01:11:34.234 [main] ERROR f.i.s.r.p.s.paths.ComputeSourceDir - The source directory is not at default location or specified in build section from pom.xml, and no parent can be found.
01:11:34.234 [main] DEBUG f.i.s.r.p.s.paths.ComputeSourceDir - The default source directory (/root/workspace/prestodb/presto/331945625/presto-docs/src/main/java) does not exist. Try to read pom.xml to get information.
01:11:34.245 [main] ERROR f.i.s.r.process.maven.MavenHelper - Error while building complete model. The raw model will be used. Error message: 1 problem was encountered while building the effective model for com.facebook.presto:presto-docs:0.193-SNAPSHOT
[ERROR] Failed to determine Java version for profile java9-surefire @ io.airlift:airbase:79

01:11:34.246 [main] DEBUG f.i.s.r.p.s.paths.ComputeSourceDir - Build section does not exist in the following pom.xml: /root/workspace/prestodb/presto/331945625/presto-docs/pom.xml. Continue to try to get source dir from all modules.
01:11:34.246 [main] ERROR f.i.s.r.p.s.paths.ComputeSourceDir - The source directory is not at default location or specified in build section from pom.xml, and no parent can be found.
01:11:34.256 [main] ERROR f.i.s.r.process.maven.MavenHelper - Error while building complete model. The raw model will be used. Error message: 1 problem was encountered while building the effective model for com.facebook.presto:presto-verifier:0.193-SNAPSHOT
[ERROR] Failed to determine Java version for profile java9-surefire @ io.airlift:airbase:79

01:11:34.266 [main] ERROR f.i.s.r.process.maven.MavenHelper - Error while building complete model. The raw model will be used. Error message: 1 problem was encountered while building the effective model for com.facebook.presto:presto-testing-server-launcher:0.193-SNAPSHOT
[ERROR] Failed to determine Java version for profile java9-surefire @ io.airlift:airbase:79

01:11:34.275 [main] ERROR f.i.s.r.process.maven.MavenHelper - Error while building complete model. The raw model will be used. Error message: 1 problem was encountered while building the effective model for com.facebook.presto:presto-plugin-toolkit:0.193-SNAPSHOT
[ERROR] Failed to determine Java version for profile java9-surefire @ io.airlift:airbase:79

01:11:34.284 [main] ERROR f.i.s.r.process.maven.MavenHelper - Error while building complete model. The raw model will be used. Error message: 1 problem was encountered while building the effective model for com.facebook.presto:presto-resource-group-managers:0.193-SNAPSHOT
[ERROR] Failed to determine Java version for profile java9-surefire @ io.airlift:airbase:79

01:11:34.285 [main] DEBUG f.i.s.r.p.s.paths.ComputeSourceDir - The default source directory (/root/workspace/prestodb/presto/331945625/presto-benchto-benchmarks/src/main/java) does not exist. Try to read pom.xml to get information.
01:11:34.296 [main] ERROR f.i.s.r.process.maven.MavenHelper - Error while building complete model. The raw model will be used. Error message: 1 problem was encountered while building the effective model for com.facebook.presto:presto-benchto-benchmarks:0.193-SNAPSHOT
[ERROR] Failed to determine Java version for profile java9-surefire @ io.airlift:airbase:79

01:11:34.297 [main] DEBUG f.i.s.r.p.s.paths.ComputeSourceDir - Build section does not exist in the following pom.xml: /root/workspace/prestodb/presto/331945625/presto-benchto-benchmarks/pom.xml. Continue to try to get source dir from all modules.
01:11:34.297 [main] ERROR f.i.s.r.p.s.paths.ComputeSourceDir - The source directory is not at default location or specified in build section from pom.xml, and no parent can be found.
01:11:34.306 [main] ERROR f.i.s.r.process.maven.MavenHelper - Error while building complete model. The raw model will be used. Error message: 1 problem was encountered while building the effective model for com.facebook.presto:presto-thrift-connector-api:0.193-SNAPSHOT
[ERROR] Failed to determine Java version for profile java9-surefire @ io.airlift:airbase:79

01:11:34.316 [main] ERROR f.i.s.r.process.maven.MavenHelper - Error while building complete model. The raw model will be used. Error message: 1 problem was encountered while building the effective model for com.facebook.presto:presto-thrift-testing-server:0.193-SNAPSHOT
[ERROR] Failed to determine Java version for profile java9-surefire @ io.airlift:airbase:79

01:11:34.331 [main] ERROR f.i.s.r.process.maven.MavenHelper - Error while building complete model. The raw model will be used. Error message: 1 problem was encountered while building the effective model for com.facebook.presto:presto-thrift-connector:0.193-SNAPSHOT
[ERROR] Failed to determine Java version for profile java9-surefire @ io.airlift:airbase:79

01:11:34.359 [main] ERROR f.i.s.r.process.maven.MavenHelper - Error while building complete model. The raw model will be used. Error message: 1 problem was encountered while building the effective model for com.facebook.presto:presto-matching:0.193-SNAPSHOT
[ERROR] Failed to determine Java version for profile java9-surefire @ io.airlift:airbase:79

01:11:34.381 [main] ERROR f.i.s.r.process.maven.MavenHelper - Error while building complete model. The raw model will be used. Error message: 1 problem was encountered while building the effective model for com.facebook.presto:presto-memory-context:0.193-SNAPSHOT
[ERROR] Failed to determine Java version for profile java9-surefire @ io.airlift:airbase:79

01:11:34.382 [main] INFO  f.i.s.r.p.s.paths.ComputeSourceDir - 48 source dirs were found:
01:11:34.382 [main] INFO  f.i.s.r.p.s.paths.ComputeSourceDir - /root/workspace/prestodb/presto/331945625/presto-accumulo/src/main/java
01:11:34.383 [main] INFO  f.i.s.r.p.s.paths.ComputeSourceDir - /root/workspace/prestodb/presto/331945625/presto-array/src/main/java
01:11:34.383 [main] INFO  f.i.s.r.p.s.paths.ComputeSourceDir - /root/workspace/prestodb/presto/331945625/presto-atop/src/main/java
01:11:34.383 [main] INFO  f.i.s.r.p.s.paths.ComputeSourceDir - /root/workspace/prestodb/presto/331945625/presto-base-jdbc/src/main/java
01:11:34.383 [main] INFO  f.i.s.r.p.s.paths.ComputeSourceDir - /root/workspace/prestodb/presto/331945625/presto-benchmark-driver/src/main/java
01:11:34.383 [main] INFO  f.i.s.r.p.s.paths.ComputeSourceDir - /root/workspace/prestodb/presto/331945625/presto-benchmark/src/main/java
01:11:34.383 [main] INFO  f.i.s.r.p.s.paths.ComputeSourceDir - /root/workspace/prestodb/presto/331945625/presto-blackhole/src/main/java
01:11:34.383 [main] INFO  f.i.s.r.p.s.paths.ComputeSourceDir - /root/workspace/prestodb/presto/331945625/presto-cassandra/src/main/java
01:11:34.383 [main] INFO  f.i.s.r.p.s.paths.ComputeSourceDir - /root/workspace/prestodb/presto/331945625/presto-cli/src/main/java
01:11:34.383 [main] INFO  f.i.s.r.p.s.paths.ComputeSourceDir - /root/workspace/prestodb/presto/331945625/presto-client/src/main/java
01:11:34.383 [main] INFO  f.i.s.r.p.s.paths.ComputeSourceDir - /root/workspace/prestodb/presto/331945625/presto-example-http/src/main/java
01:11:34.383 [main] INFO  f.i.s.r.p.s.paths.ComputeSourceDir - /root/workspace/prestodb/presto/331945625/presto-geospatial-toolkit/src/main/java
01:11:34.384 [main] INFO  f.i.s.r.p.s.paths.ComputeSourceDir - /root/workspace/prestodb/presto/331945625/presto-geospatial/src/main/java
01:11:34.384 [main] INFO  f.i.s.r.p.s.paths.ComputeSourceDir - /root/workspace/prestodb/presto/331945625/presto-hive-hadoop2/src/main/java
01:11:34.384 [main] INFO  f.i.s.r.p.s.paths.ComputeSourceDir - /root/workspace/prestodb/presto/331945625/presto-hive/src/main/java
01:11:34.384 [main] INFO  f.i.s.r.p.s.paths.ComputeSourceDir - /root/workspace/prestodb/presto/331945625/presto-jdbc/src/main/java
01:11:34.384 [main] INFO  f.i.s.r.p.s.paths.ComputeSourceDir - /root/workspace/prestodb/presto/331945625/presto-jmx/src/main/java
01:11:34.384 [main] INFO  f.i.s.r.p.s.paths.ComputeSourceDir - /root/workspace/prestodb/presto/331945625/presto-kafka/src/main/java
01:11:34.384 [main] INFO  f.i.s.r.p.s.paths.ComputeSourceDir - /root/workspace/prestodb/presto/331945625/presto-local-file/src/main/java
01:11:34.384 [main] INFO  f.i.s.r.p.s.paths.ComputeSourceDir - /root/workspace/prestodb/presto/331945625/presto-main/src/main/java
01:11:34.384 [main] INFO  f.i.s.r.p.s.paths.ComputeSourceDir - /root/workspace/prestodb/presto/331945625/presto-matching/src/main/java
01:11:34.384 [main] INFO  f.i.s.r.p.s.paths.ComputeSourceDir - /root/workspace/prestodb/presto/331945625/presto-memory-context/src/main/java
01:11:34.384 [main] INFO  f.i.s.r.p.s.paths.ComputeSourceDir - /root/workspace/prestodb/presto/331945625/presto-memory/src/main/java
01:11:34.384 [main] INFO  f.i.s.r.p.s.paths.ComputeSourceDir - /root/workspace/prestodb/presto/331945625/presto-ml/src/main/java
01:11:34.385 [main] INFO  f.i.s.r.p.s.paths.ComputeSourceDir - /root/workspace/prestodb/presto/331945625/presto-mongodb/src/main/java
01:11:34.385 [main] INFO  f.i.s.r.p.s.paths.ComputeSourceDir - /root/workspace/prestodb/presto/331945625/presto-mysql/src/main/java
01:11:34.385 [main] INFO  f.i.s.r.p.s.paths.ComputeSourceDir - /root/workspace/prestodb/presto/331945625/presto-orc/src/main/java
01:11:34.385 [main] INFO  f.i.s.r.p.s.paths.ComputeSourceDir - /root/workspace/prestodb/presto/331945625/presto-parser/src/main/java
01:11:34.385 [main] INFO  f.i.s.r.p.s.paths.ComputeSourceDir - /root/workspace/prestodb/presto/331945625/presto-plugin-toolkit/src/main/java
01:11:34.385 [main] INFO  f.i.s.r.p.s.paths.ComputeSourceDir - /root/workspace/prestodb/presto/331945625/presto-postgresql/src/main/java
01:11:34.385 [main] INFO  f.i.s.r.p.s.paths.ComputeSourceDir - /root/workspace/prestodb/presto/331945625/presto-product-tests/src/main/java
01:11:34.385 [main] INFO  f.i.s.r.p.s.paths.ComputeSourceDir - /root/workspace/prestodb/presto/331945625/presto-raptor/src/main/java
01:11:34.385 [main] INFO  f.i.s.r.p.s.paths.ComputeSourceDir - /root/workspace/prestodb/presto/331945625/presto-rcfile/src/main/java
01:11:34.385 [main] INFO  f.i.s.r.p.s.paths.ComputeSourceDir - /root/workspace/prestodb/presto/331945625/presto-record-decoder/src/main/java
01:11:34.385 [main] INFO  f.i.s.r.p.s.paths.ComputeSourceDir - /root/workspace/prestodb/presto/331945625/presto-redis/src/main/java
01:11:34.386 [main] INFO  f.i.s.r.p.s.paths.ComputeSourceDir - /root/workspace/prestodb/presto/331945625/presto-redshift/src/main/java
01:11:34.386 [main] INFO  f.i.s.r.p.s.paths.ComputeSourceDir - /root/workspace/prestodb/presto/331945625/presto-resource-group-managers/src/main/java
01:11:34.386 [main] INFO  f.i.s.r.p.s.paths.ComputeSourceDir - /root/workspace/prestodb/presto/331945625/presto-spi/src/main/java
01:11:34.386 [main] INFO  f.i.s.r.p.s.paths.ComputeSourceDir - /root/workspace/prestodb/presto/331945625/presto-sqlserver/src/main/java
01:11:34.386 [main] INFO  f.i.s.r.p.s.paths.ComputeSourceDir - /root/workspace/prestodb/presto/331945625/presto-teradata-functions/src/main/java
01:11:34.387 [main] INFO  f.i.s.r.p.s.paths.ComputeSourceDir - /root/workspace/prestodb/presto/331945625/presto-testing-server-launcher/src/main/java
01:11:34.387 [main] INFO  f.i.s.r.p.s.paths.ComputeSourceDir - /root/workspace/prestodb/presto/331945625/presto-tests/src/main/java
01:11:34.387 [main] INFO  f.i.s.r.p.s.paths.ComputeSourceDir - /root/workspace/prestodb/presto/331945625/presto-thrift-connector-api/src/main/java
01:11:34.387 [main] INFO  f.i.s.r.p.s.paths.ComputeSourceDir - /root/workspace/prestodb/presto/331945625/presto-thrift-connector/src/main/java
01:11:34.387 [main] INFO  f.i.s.r.p.s.paths.ComputeSourceDir - /root/workspace/prestodb/presto/331945625/presto-thrift-testing-server/src/main/java
01:11:34.387 [main] INFO  f.i.s.r.p.s.paths.ComputeSourceDir - /root/workspace/prestodb/presto/331945625/presto-tpcds/src/main/java
01:11:34.387 [main] INFO  f.i.s.r.p.s.paths.ComputeSourceDir - /root/workspace/prestodb/presto/331945625/presto-tpch/src/main/java
01:11:34.388 [main] INFO  f.i.s.r.p.s.paths.ComputeSourceDir - /root/workspace/prestodb/presto/331945625/presto-verifier/src/main/java
01:11:34.469 [main] DEBUG f.i.s.r.p.s.paths.ComputeSourceDir - Compute the line of code of the project
01:11:34.675 [main] DEBUG f.i.s.r.p.s.paths.ComputeSourceDir - Get result from cloc process...
01:11:34.676 [main] DEBUG f.i.s.r.p.s.paths.ComputeSourceDir - STEP STATUS: [ ComputeSourceDir : SUCCESS ]
01:11:34.677 [main] DEBUG f.i.s.r.p.s.paths.ComputeSourceDir - STEP DURATION: 1s
01:11:34.677 [main] DEBUG f.i.s.r.p.s.paths.ComputeSourceDir - EXECUTE NEXT STEP
01:11:34.677 [main] DEBUG f.i.s.r.p.step.paths.ComputeTestDir - ----------------------------------------------------------------------
01:11:34.678 [main] DEBUG f.i.s.r.p.step.paths.ComputeTestDir - STEP 4/22: ComputeTestDir
01:11:34.678 [main] DEBUG f.i.s.r.p.step.paths.ComputeTestDir - ----------------------------------------------------------------------
01:11:34.678 [main] DEBUG f.i.s.r.p.step.paths.ComputeTestDir - Computing the test directory ...
01:11:34.679 [main] DEBUG f.i.s.r.p.step.paths.ComputeTestDir - The default test directory (/root/workspace/prestodb/presto/331945625/src/test/java) does not exist. Try to read pom.xml to get information.
01:11:34.686 [main] ERROR f.i.s.r.process.maven.MavenHelper - Error while building complete model. The raw model will be used. Error message: 1 problem was encountered while building the effective model for com.facebook.presto:presto-root:0.193-SNAPSHOT
[ERROR] Failed to determine Java version for profile java9-surefire @ io.airlift:airbase:79

01:11:34.688 [main] DEBUG f.i.s.r.p.step.paths.ComputeTestDir - Build section does not exist in the following pom.xml: /root/workspace/prestodb/presto/331945625/pom.xml. Continue to try to get test dir from all modules.
01:11:34.699 [main] ERROR f.i.s.r.process.maven.MavenHelper - Error while building complete model. The raw model will be used. Error message: 1 problem was encountered while building the effective model for com.facebook.presto:presto-atop:0.193-SNAPSHOT
[ERROR] Failed to determine Java version for profile java9-surefire @ io.airlift:airbase:79

01:11:34.711 [main] ERROR f.i.s.r.process.maven.MavenHelper - Error while building complete model. The raw model will be used. Error message: 1 problem was encountered while building the effective model for com.facebook.presto:presto-spi:0.193-SNAPSHOT
[ERROR] Failed to determine Java version for profile java9-surefire @ io.airlift:airbase:79

01:11:34.719 [main] ERROR f.i.s.r.process.maven.MavenHelper - Error while building complete model. The raw model will be used. Error message: 1 problem was encountered while building the effective model for com.facebook.presto:presto-array:0.193-SNAPSHOT
[ERROR] Failed to determine Java version for profile java9-surefire @ io.airlift:airbase:79

01:11:34.727 [main] ERROR f.i.s.r.process.maven.MavenHelper - Error while building complete model. The raw model will be used. Error message: 1 problem was encountered while building the effective model for com.facebook.presto:presto-jmx:0.193-SNAPSHOT
[ERROR] Failed to determine Java version for profile java9-surefire @ io.airlift:airbase:79

01:11:34.740 [main] ERROR f.i.s.r.process.maven.MavenHelper - Error while building complete model. The raw model will be used. Error message: 1 problem was encountered while building the effective model for com.facebook.presto:presto-record-decoder:0.193-SNAPSHOT
[ERROR] Failed to determine Java version for profile java9-surefire @ io.airlift:airbase:79

01:11:34.749 [main] ERROR f.i.s.r.process.maven.MavenHelper - Error while building complete model. The raw model will be used. Error message: 1 problem was encountered while building the effective model for com.facebook.presto:presto-kafka:0.193-SNAPSHOT
[ERROR] Failed to determine Java version for profile java9-surefire @ io.airlift:airbase:79

01:11:34.758 [main] ERROR f.i.s.r.process.maven.MavenHelper - Error while building complete model. The raw model will be used. Error message: 1 problem was encountered while building the effective model for com.facebook.presto:presto-redis:0.193-SNAPSHOT
[ERROR] Failed to determine Java version for profile java9-surefire @ io.airlift:airbase:79

01:11:34.766 [main] ERROR f.i.s.r.process.maven.MavenHelper - Error while building complete model. The raw model will be used. Error message: 1 problem was encountered while building the effective model for com.facebook.presto:presto-accumulo:0.193-SNAPSHOT
[ERROR] Failed to determine Java version for profile java9-surefire @ io.airlift:airbase:79

01:11:34.783 [main] ERROR f.i.s.r.process.maven.MavenHelper - Error while building complete model. The raw model will be used. Error message: 1 problem was encountered while building the effective model for com.facebook.presto:presto-cassandra:0.193-SNAPSHOT
[ERROR] Failed to determine Java version for profile java9-surefire @ io.airlift:airbase:79

01:11:34.800 [main] ERROR f.i.s.r.process.maven.MavenHelper - Error while building complete model. The raw model will be used. Error message: 1 problem was encountered while building the effective model for com.facebook.presto:presto-blackhole:0.193-SNAPSHOT
[ERROR] Failed to determine Java version for profile java9-surefire @ io.airlift:airbase:79

01:11:34.809 [main] ERROR f.i.s.r.process.maven.MavenHelper - Error while building complete model. The raw model will be used. Error message: 1 problem was encountered while building the effective model for com.facebook.presto:presto-memory:0.193-SNAPSHOT
[ERROR] Failed to determine Java version for profile java9-surefire @ io.airlift:airbase:79

01:11:34.816 [main] ERROR f.i.s.r.process.maven.MavenHelper - Error while building complete model. The raw model will be used. Error message: 1 problem was encountered while building the effective model for com.facebook.presto:presto-orc:0.193-SNAPSHOT
[ERROR] Failed to determine Java version for profile java9-surefire @ io.airlift:airbase:79

01:11:34.825 [main] ERROR f.i.s.r.process.maven.MavenHelper - Error while building complete model. The raw model will be used. Error message: 1 problem was encountered while building the effective model for com.facebook.presto:presto-rcfile:0.193-SNAPSHOT
[ERROR] Failed to determine Java version for profile java9-surefire @ io.airlift:airbase:79

01:11:34.833 [main] ERROR f.i.s.r.process.maven.MavenHelper - Error while building complete model. The raw model will be used. Error message: 1 problem was encountered while building the effective model for com.facebook.presto:presto-hive:0.193-SNAPSHOT
[ERROR] Failed to determine Java version for profile java9-surefire @ io.airlift:airbase:79

01:11:34.841 [main] ERROR f.i.s.r.process.maven.MavenHelper - Error while building complete model. The raw model will be used. Error message: 1 problem was encountered while building the effective model for com.facebook.presto:presto-hive-hadoop2:0.193-SNAPSHOT
[ERROR] Failed to determine Java version for profile java9-surefire @ io.airlift:airbase:79

01:11:34.848 [main] ERROR f.i.s.r.process.maven.MavenHelper - Error while building complete model. The raw model will be used. Error message: 1 problem was encountered while building the effective model for com.facebook.presto:presto-teradata-functions:0.193-SNAPSHOT
[ERROR] Failed to determine Java version for profile java9-surefire @ io.airlift:airbase:79

01:11:34.856 [main] ERROR f.i.s.r.process.maven.MavenHelper - Error while building complete model. The raw model will be used. Error message: 1 problem was encountered while building the effective model for com.facebook.presto:presto-example-http:0.193-SNAPSHOT
[ERROR] Failed to determine Java version for profile java9-surefire @ io.airlift:airbase:79

01:11:34.863 [main] ERROR f.i.s.r.process.maven.MavenHelper - Error while building complete model. The raw model will be used. Error message: 1 problem was encountered while building the effective model for com.facebook.presto:presto-local-file:0.193-SNAPSHOT
[ERROR] Failed to determine Java version for profile java9-surefire @ io.airlift:airbase:79

01:11:34.871 [main] ERROR f.i.s.r.process.maven.MavenHelper - Error while building complete model. The raw model will be used. Error message: 1 problem was encountered while building the effective model for com.facebook.presto:presto-tpch:0.193-SNAPSHOT
[ERROR] Failed to determine Java version for profile java9-surefire @ io.airlift:airbase:79

01:11:34.878 [main] ERROR f.i.s.r.process.maven.MavenHelper - Error while building complete model. The raw model will be used. Error message: 1 problem was encountered while building the effective model for com.facebook.presto:presto-tpcds:0.193-SNAPSHOT
[ERROR] Failed to determine Java version for profile java9-surefire @ io.airlift:airbase:79

01:11:34.885 [main] ERROR f.i.s.r.process.maven.MavenHelper - Error while building complete model. The raw model will be used. Error message: 1 problem was encountered while building the effective model for com.facebook.presto:presto-raptor:0.193-SNAPSHOT
[ERROR] Failed to determine Java version for profile java9-surefire @ io.airlift:airbase:79

01:11:34.893 [main] ERROR f.i.s.r.process.maven.MavenHelper - Error while building complete model. The raw model will be used. Error message: 1 problem was encountered while building the effective model for com.facebook.presto:presto-base-jdbc:0.193-SNAPSHOT
[ERROR] Failed to determine Java version for profile java9-surefire @ io.airlift:airbase:79

01:11:34.900 [main] ERROR f.i.s.r.process.maven.MavenHelper - Error while building complete model. The raw model will be used. Error message: 1 problem was encountered while building the effective model for com.facebook.presto:presto-mysql:0.193-SNAPSHOT
[ERROR] Failed to determine Java version for profile java9-surefire @ io.airlift:airbase:79

01:11:34.917 [main] ERROR f.i.s.r.process.maven.MavenHelper - Error while building complete model. The raw model will be used. Error message: 1 problem was encountered while building the effective model for com.facebook.presto:presto-postgresql:0.193-SNAPSHOT
[ERROR] Failed to determine Java version for profile java9-surefire @ io.airlift:airbase:79

01:11:34.926 [main] ERROR f.i.s.r.process.maven.MavenHelper - Error while building complete model. The raw model will be used. Error message: 1 problem was encountered while building the effective model for com.facebook.presto:presto-redshift:0.193-SNAPSHOT
[ERROR] Failed to determine Java version for profile java9-surefire @ io.airlift:airbase:79

01:11:34.933 [main] ERROR f.i.s.r.process.maven.MavenHelper - Error while building complete model. The raw model will be used. Error message: 1 problem was encountered while building the effective model for com.facebook.presto:presto-sqlserver:0.193-SNAPSHOT
[ERROR] Failed to determine Java version for profile java9-surefire @ io.airlift:airbase:79

01:11:34.941 [main] ERROR f.i.s.r.process.maven.MavenHelper - Error while building complete model. The raw model will be used. Error message: 1 problem was encountered while building the effective model for com.facebook.presto:presto-mongodb:0.193-SNAPSHOT
[ERROR] Failed to determine Java version for profile java9-surefire @ io.airlift:airbase:79

01:11:34.948 [main] ERROR f.i.s.r.process.maven.MavenHelper - Error while building complete model. The raw model will be used. Error message: 1 problem was encountered while building the effective model for com.facebook.presto:presto-client:0.193-SNAPSHOT
[ERROR] Failed to determine Java version for profile java9-surefire @ io.airlift:airbase:79

01:11:34.955 [main] ERROR f.i.s.r.process.maven.MavenHelper - Error while building complete model. The raw model will be used. Error message: 1 problem was encountered while building the effective model for com.facebook.presto:presto-parser:0.193-SNAPSHOT
[ERROR] Failed to determine Java version for profile java9-surefire @ io.airlift:airbase:79

01:11:34.962 [main] ERROR f.i.s.r.process.maven.MavenHelper - Error while building complete model. The raw model will be used. Error message: 1 problem was encountered while building the effective model for com.facebook.presto:presto-main:0.193-SNAPSHOT
[ERROR] Failed to determine Java version for profile java9-surefire @ io.airlift:airbase:79

01:11:34.969 [main] ERROR f.i.s.r.process.maven.MavenHelper - Error while building complete model. The raw model will be used. Error message: 1 problem was encountered while building the effective model for com.facebook.presto:presto-ml:0.193-SNAPSHOT
[ERROR] Failed to determine Java version for profile java9-surefire @ io.airlift:airbase:79

01:11:34.976 [main] ERROR f.i.s.r.process.maven.MavenHelper - Error while building complete model. The raw model will be used. Error message: 1 problem was encountered while building the effective model for com.facebook.presto:presto-geospatial:0.193-SNAPSHOT
[ERROR] Failed to determine Java version for profile java9-surefire @ io.airlift:airbase:79

01:11:34.977 [main] DEBUG f.i.s.r.p.step.paths.ComputeTestDir - The default test directory (/root/workspace/prestodb/presto/331945625/presto-geospatial-toolkit/src/test/java) does not exist. Try to read pom.xml to get information.
01:11:34.983 [main] ERROR f.i.s.r.process.maven.MavenHelper - Error while building complete model. The raw model will be used. Error message: 1 problem was encountered while building the effective model for com.facebook.presto:presto-geospatial-toolkit:0.193-SNAPSHOT
[ERROR] Failed to determine Java version for profile java9-surefire @ io.airlift:airbase:79

01:11:34.983 [main] DEBUG f.i.s.r.p.step.paths.ComputeTestDir - Build section does not exist in the following pom.xml: /root/workspace/prestodb/presto/331945625/presto-geospatial-toolkit/pom.xml. Continue to try to get test dir from all modules.
01:11:34.983 [main] ERROR f.i.s.r.p.step.paths.ComputeTestDir - The test directory is not at default location or specified in build section from pom.xml, and no parent can be found.
01:11:34.990 [main] ERROR f.i.s.r.process.maven.MavenHelper - Error while building complete model. The raw model will be used. Error message: 1 problem was encountered while building the effective model for com.facebook.presto:presto-benchmark:0.193-SNAPSHOT
[ERROR] Failed to determine Java version for profile java9-surefire @ io.airlift:airbase:79

01:11:34.998 [main] ERROR f.i.s.r.process.maven.MavenHelper - Error while building complete model. The raw model will be used. Error message: 1 problem was encountered while building the effective model for com.facebook.presto:presto-tests:0.193-SNAPSHOT
[ERROR] Failed to determine Java version for profile java9-surefire @ io.airlift:airbase:79

01:11:35.006 [main] ERROR f.i.s.r.process.maven.MavenHelper - Error while building complete model. The raw model will be used. Error message: 1 problem was encountered while building the effective model for com.facebook.presto:presto-product-tests:0.193-SNAPSHOT
[ERROR] Failed to determine Java version for profile java9-surefire @ io.airlift:airbase:79

01:11:35.014 [main] ERROR f.i.s.r.process.maven.MavenHelper - Error while building complete model. The raw model will be used. Error message: 1 problem was encountered while building the effective model for com.facebook.presto:presto-jdbc:0.193-SNAPSHOT
[ERROR] Failed to determine Java version for profile java9-surefire @ io.airlift:airbase:79

01:11:35.022 [main] ERROR f.i.s.r.process.maven.MavenHelper - Error while building complete model. The raw model will be used. Error message: 1 problem was encountered while building the effective model for com.facebook.presto:presto-cli:0.193-SNAPSHOT
[ERROR] Failed to determine Java version for profile java9-surefire @ io.airlift:airbase:79

01:11:35.030 [main] ERROR f.i.s.r.process.maven.MavenHelper - Error while building complete model. The raw model will be used. Error message: 1 problem was encountered while building the effective model for com.facebook.presto:presto-benchmark-driver:0.193-SNAPSHOT
[ERROR] Failed to determine Java version for profile java9-surefire @ io.airlift:airbase:79

01:11:35.031 [main] DEBUG f.i.s.r.p.step.paths.ComputeTestDir - The default test directory (/root/workspace/prestodb/presto/331945625/presto-server/src/test/java) does not exist. Try to read pom.xml to get information.
01:11:35.039 [main] ERROR f.i.s.r.process.maven.MavenHelper - Error while building complete model. The raw model will be used. Error message: 1 problem was encountered while building the effective model for com.facebook.presto:presto-server:0.193-SNAPSHOT
[ERROR] Failed to determine Java version for profile java9-surefire @ io.airlift:airbase:79

01:11:35.039 [main] DEBUG f.i.s.r.p.step.paths.ComputeTestDir - Build section does not exist in the following pom.xml: /root/workspace/prestodb/presto/331945625/presto-server/pom.xml. Continue to try to get test dir from all modules.
01:11:35.039 [main] ERROR f.i.s.r.p.step.paths.ComputeTestDir - The test directory is not at default location or specified in build section from pom.xml, and no parent can be found.
01:11:35.040 [main] DEBUG f.i.s.r.p.step.paths.ComputeTestDir - The default test directory (/root/workspace/prestodb/presto/331945625/presto-server-rpm/src/test/java) does not exist. Try to read pom.xml to get information.
01:11:35.049 [main] ERROR f.i.s.r.process.maven.MavenHelper - Error while building complete model. The raw model will be used. Error message: 1 problem was encountered while building the effective model for com.facebook.presto:presto-server-rpm:0.193-SNAPSHOT
[ERROR] Failed to determine Java version for profile java9-surefire @ io.airlift:airbase:79

01:11:35.050 [main] DEBUG f.i.s.r.p.step.paths.ComputeTestDir - Build section does not exist in the following pom.xml: /root/workspace/prestodb/presto/331945625/presto-server-rpm/pom.xml. Continue to try to get test dir from all modules.
01:11:35.051 [main] ERROR f.i.s.r.p.step.paths.ComputeTestDir - The test directory is not at default location or specified in build section from pom.xml, and no parent can be found.
01:11:35.051 [main] DEBUG f.i.s.r.p.step.paths.ComputeTestDir - The default test directory (/root/workspace/prestodb/presto/331945625/presto-docs/src/test/java) does not exist. Try to read pom.xml to get information.
01:11:35.059 [main] ERROR f.i.s.r.process.maven.MavenHelper - Error while building complete model. The raw model will be used. Error message: 1 problem was encountered while building the effective model for com.facebook.presto:presto-docs:0.193-SNAPSHOT
[ERROR] Failed to determine Java version for profile java9-surefire @ io.airlift:airbase:79

01:11:35.060 [main] DEBUG f.i.s.r.p.step.paths.ComputeTestDir - Build section does not exist in the following pom.xml: /root/workspace/prestodb/presto/331945625/presto-docs/pom.xml. Continue to try to get test dir from all modules.
01:11:35.060 [main] ERROR f.i.s.r.p.step.paths.ComputeTestDir - The test directory is not at default location or specified in build section from pom.xml, and no parent can be found.
01:11:35.072 [main] ERROR f.i.s.r.process.maven.MavenHelper - Error while building complete model. The raw model will be used. Error message: 1 problem was encountered while building the effective model for com.facebook.presto:presto-verifier:0.193-SNAPSHOT
[ERROR] Failed to determine Java version for profile java9-surefire @ io.airlift:airbase:79

01:11:35.073 [main] DEBUG f.i.s.r.p.step.paths.ComputeTestDir - The default test directory (/root/workspace/prestodb/presto/331945625/presto-testing-server-launcher/src/test/java) does not exist. Try to read pom.xml to get information.
01:11:35.081 [main] ERROR f.i.s.r.process.maven.MavenHelper - Error while building complete model. The raw model will be used. Error message: 1 problem was encountered while building the effective model for com.facebook.presto:presto-testing-server-launcher:0.193-SNAPSHOT
[ERROR] Failed to determine Java version for profile java9-surefire @ io.airlift:airbase:79

01:11:35.082 [main] DEBUG f.i.s.r.p.step.paths.ComputeTestDir - Build section does not exist in the following pom.xml: /root/workspace/prestodb/presto/331945625/presto-testing-server-launcher/pom.xml. Continue to try to get test dir from all modules.
01:11:35.082 [main] ERROR f.i.s.r.p.step.paths.ComputeTestDir - The test directory is not at default location or specified in build section from pom.xml, and no parent can be found.
01:11:35.088 [main] ERROR f.i.s.r.process.maven.MavenHelper - Error while building complete model. The raw model will be used. Error message: 1 problem was encountered while building the effective model for com.facebook.presto:presto-plugin-toolkit:0.193-SNAPSHOT
[ERROR] Failed to determine Java version for profile java9-surefire @ io.airlift:airbase:79

01:11:35.095 [main] ERROR f.i.s.r.process.maven.MavenHelper - Error while building complete model. The raw model will be used. Error message: 1 problem was encountered while building the effective model for com.facebook.presto:presto-resource-group-managers:0.193-SNAPSHOT
[ERROR] Failed to determine Java version for profile java9-surefire @ io.airlift:airbase:79

01:11:35.096 [main] DEBUG f.i.s.r.p.step.paths.ComputeTestDir - The default test directory (/root/workspace/prestodb/presto/331945625/presto-benchto-benchmarks/src/test/java) does not exist. Try to read pom.xml to get information.
01:11:35.102 [main] ERROR f.i.s.r.process.maven.MavenHelper - Error while building complete model. The raw model will be used. Error message: 1 problem was encountered while building the effective model for com.facebook.presto:presto-benchto-benchmarks:0.193-SNAPSHOT
[ERROR] Failed to determine Java version for profile java9-surefire @ io.airlift:airbase:79

01:11:35.102 [main] DEBUG f.i.s.r.p.step.paths.ComputeTestDir - Build section does not exist in the following pom.xml: /root/workspace/prestodb/presto/331945625/presto-benchto-benchmarks/pom.xml. Continue to try to get test dir from all modules.
01:11:35.103 [main] ERROR f.i.s.r.p.step.paths.ComputeTestDir - The test directory is not at default location or specified in build section from pom.xml, and no parent can be found.
01:11:35.109 [main] ERROR f.i.s.r.process.maven.MavenHelper - Error while building complete model. The raw model will be used. Error message: 1 problem was encountered while building the effective model for com.facebook.presto:presto-thrift-connector-api:0.193-SNAPSHOT
[ERROR] Failed to determine Java version for profile java9-surefire @ io.airlift:airbase:79

01:11:35.116 [main] ERROR f.i.s.r.process.maven.MavenHelper - Error while building complete model. The raw model will be used. Error message: 1 problem was encountered while building the effective model for com.facebook.presto:presto-thrift-testing-server:0.193-SNAPSHOT
[ERROR] Failed to determine Java version for profile java9-surefire @ io.airlift:airbase:79

01:11:35.122 [main] ERROR f.i.s.r.process.maven.MavenHelper - Error while building complete model. The raw model will be used. Error message: 1 problem was encountered while building the effective model for com.facebook.presto:presto-thrift-connector:0.193-SNAPSHOT
[ERROR] Failed to determine Java version for profile java9-surefire @ io.airlift:airbase:79

01:11:35.129 [main] ERROR f.i.s.r.process.maven.MavenHelper - Error while building complete model. The raw model will be used. Error message: 1 problem was encountered while building the effective model for com.facebook.presto:presto-matching:0.193-SNAPSHOT
[ERROR] Failed to determine Java version for profile java9-surefire @ io.airlift:airbase:79

01:11:35.136 [main] ERROR f.i.s.r.process.maven.MavenHelper - Error while building complete model. The raw model will be used. Error message: 1 problem was encountered while building the effective model for com.facebook.presto:presto-memory-context:0.193-SNAPSHOT
[ERROR] Failed to determine Java version for profile java9-surefire @ io.airlift:airbase:79

01:11:35.137 [main] INFO  f.i.s.r.p.step.paths.ComputeTestDir - 46 test dirs were found:
01:11:35.137 [main] INFO  f.i.s.r.p.step.paths.ComputeTestDir - /root/workspace/prestodb/presto/331945625/presto-accumulo/src/test/java
01:11:35.137 [main] INFO  f.i.s.r.p.step.paths.ComputeTestDir - /root/workspace/prestodb/presto/331945625/presto-array/src/test/java
01:11:35.137 [main] INFO  f.i.s.r.p.step.paths.ComputeTestDir - /root/workspace/prestodb/presto/331945625/presto-atop/src/test/java
01:11:35.137 [main] INFO  f.i.s.r.p.step.paths.ComputeTestDir - /root/workspace/prestodb/presto/331945625/presto-base-jdbc/src/test/java
01:11:35.137 [main] INFO  f.i.s.r.p.step.paths.ComputeTestDir - /root/workspace/prestodb/presto/331945625/presto-benchmark-driver/src/test/java
01:11:35.137 [main] INFO  f.i.s.r.p.step.paths.ComputeTestDir - /root/workspace/prestodb/presto/331945625/presto-benchmark/src/test/java
01:11:35.138 [main] INFO  f.i.s.r.p.step.paths.ComputeTestDir - /root/workspace/prestodb/presto/331945625/presto-blackhole/src/test/java
01:11:35.138 [main] INFO  f.i.s.r.p.step.paths.ComputeTestDir - /root/workspace/prestodb/presto/331945625/presto-cassandra/src/test/java
01:11:35.138 [main] INFO  f.i.s.r.p.step.paths.ComputeTestDir - /root/workspace/prestodb/presto/331945625/presto-cli/src/test/java
01:11:35.138 [main] INFO  f.i.s.r.p.step.paths.ComputeTestDir - /root/workspace/prestodb/presto/331945625/presto-client/src/test/java
01:11:35.138 [main] INFO  f.i.s.r.p.step.paths.ComputeTestDir - /root/workspace/prestodb/presto/331945625/presto-example-http/src/test/java
01:11:35.138 [main] INFO  f.i.s.r.p.step.paths.ComputeTestDir - /root/workspace/prestodb/presto/331945625/presto-geospatial/src/test/java
01:11:35.138 [main] INFO  f.i.s.r.p.step.paths.ComputeTestDir - /root/workspace/prestodb/presto/331945625/presto-hive-hadoop2/src/test/java
01:11:35.138 [main] INFO  f.i.s.r.p.step.paths.ComputeTestDir - /root/workspace/prestodb/presto/331945625/presto-hive/src/test/java
01:11:35.139 [main] INFO  f.i.s.r.p.step.paths.ComputeTestDir - /root/workspace/prestodb/presto/331945625/presto-jdbc/src/test/java
01:11:35.139 [main] INFO  f.i.s.r.p.step.paths.ComputeTestDir - /root/workspace/prestodb/presto/331945625/presto-jmx/src/test/java
01:11:35.139 [main] INFO  f.i.s.r.p.step.paths.ComputeTestDir - /root/workspace/prestodb/presto/331945625/presto-kafka/src/test/java
01:11:35.139 [main] INFO  f.i.s.r.p.step.paths.ComputeTestDir - /root/workspace/prestodb/presto/331945625/presto-local-file/src/test/java
01:11:35.139 [main] INFO  f.i.s.r.p.step.paths.ComputeTestDir - /root/workspace/prestodb/presto/331945625/presto-main/src/test/java
01:11:35.139 [main] INFO  f.i.s.r.p.step.paths.ComputeTestDir - /root/workspace/prestodb/presto/331945625/presto-matching/src/test/java
01:11:35.139 [main] INFO  f.i.s.r.p.step.paths.ComputeTestDir - /root/workspace/prestodb/presto/331945625/presto-memory-context/src/test/java
01:11:35.139 [main] INFO  f.i.s.r.p.step.paths.ComputeTestDir - /root/workspace/prestodb/presto/331945625/presto-memory/src/test/java
01:11:35.140 [main] INFO  f.i.s.r.p.step.paths.ComputeTestDir - /root/workspace/prestodb/presto/331945625/presto-ml/src/test/java
01:11:35.140 [main] INFO  f.i.s.r.p.step.paths.ComputeTestDir - /root/workspace/prestodb/presto/331945625/presto-mongodb/src/test/java
01:11:35.140 [main] INFO  f.i.s.r.p.step.paths.ComputeTestDir - /root/workspace/prestodb/presto/331945625/presto-mysql/src/test/java
01:11:35.140 [main] INFO  f.i.s.r.p.step.paths.ComputeTestDir - /root/workspace/prestodb/presto/331945625/presto-orc/src/test/java
01:11:35.140 [main] INFO  f.i.s.r.p.step.paths.ComputeTestDir - /root/workspace/prestodb/presto/331945625/presto-parser/src/test/java
01:11:35.140 [main] INFO  f.i.s.r.p.step.paths.ComputeTestDir - /root/workspace/prestodb/presto/331945625/presto-plugin-toolkit/src/test/java
01:11:35.140 [main] INFO  f.i.s.r.p.step.paths.ComputeTestDir - /root/workspace/prestodb/presto/331945625/presto-postgresql/src/test/java
01:11:35.140 [main] INFO  f.i.s.r.p.step.paths.ComputeTestDir - /root/workspace/prestodb/presto/331945625/presto-product-tests/src/test/java
01:11:35.141 [main] INFO  f.i.s.r.p.step.paths.ComputeTestDir - /root/workspace/prestodb/presto/331945625/presto-raptor/src/test/java
01:11:35.141 [main] INFO  f.i.s.r.p.step.paths.ComputeTestDir - /root/workspace/prestodb/presto/331945625/presto-rcfile/src/test/java
01:11:35.141 [main] INFO  f.i.s.r.p.step.paths.ComputeTestDir - /root/workspace/prestodb/presto/331945625/presto-record-decoder/src/test/java
01:11:35.141 [main] INFO  f.i.s.r.p.step.paths.ComputeTestDir - /root/workspace/prestodb/presto/331945625/presto-redis/src/test/java
01:11:35.141 [main] INFO  f.i.s.r.p.step.paths.ComputeTestDir - /root/workspace/prestodb/presto/331945625/presto-redshift/src/test/java
01:11:35.141 [main] INFO  f.i.s.r.p.step.paths.ComputeTestDir - /root/workspace/prestodb/presto/331945625/presto-resource-group-managers/src/test/java
01:11:35.141 [main] INFO  f.i.s.r.p.step.paths.ComputeTestDir - /root/workspace/prestodb/presto/331945625/presto-spi/src/test/java
01:11:35.142 [main] INFO  f.i.s.r.p.step.paths.ComputeTestDir - /root/workspace/prestodb/presto/331945625/presto-sqlserver/src/test/java
01:11:35.142 [main] INFO  f.i.s.r.p.step.paths.ComputeTestDir - /root/workspace/prestodb/presto/331945625/presto-teradata-functions/src/test/java
01:11:35.142 [main] INFO  f.i.s.r.p.step.paths.ComputeTestDir - /root/workspace/prestodb/presto/331945625/presto-tests/src/test/java
01:11:35.142 [main] INFO  f.i.s.r.p.step.paths.ComputeTestDir - /root/workspace/prestodb/presto/331945625/presto-thrift-connector-api/src/test/java
01:11:35.142 [main] INFO  f.i.s.r.p.step.paths.ComputeTestDir - /root/workspace/prestodb/presto/331945625/presto-thrift-connector/src/test/java
01:11:35.142 [main] INFO  f.i.s.r.p.step.paths.ComputeTestDir - /root/workspace/prestodb/presto/331945625/presto-thrift-testing-server/src/test/java
01:11:35.142 [main] INFO  f.i.s.r.p.step.paths.ComputeTestDir - /root/workspace/prestodb/presto/331945625/presto-tpcds/src/test/java
01:11:35.142 [main] INFO  f.i.s.r.p.step.paths.ComputeTestDir - /root/workspace/prestodb/presto/331945625/presto-tpch/src/test/java
01:11:35.142 [main] INFO  f.i.s.r.p.step.paths.ComputeTestDir - /root/workspace/prestodb/presto/331945625/presto-verifier/src/test/java
01:11:35.171 [main] DEBUG f.i.s.r.p.step.paths.ComputeTestDir - STEP STATUS: [ ComputeTestDir : SUCCESS ]
01:11:35.171 [main] DEBUG f.i.s.r.p.step.paths.ComputeTestDir - STEP DURATION: 0s
01:11:35.172 [main] DEBUG f.i.s.r.p.step.paths.ComputeTestDir - EXECUTE NEXT STEP
01:11:35.172 [main] DEBUG f.i.s.r.p.s.c.CheckoutBuggyBuildSourceCode - ----------------------------------------------------------------------
01:11:35.172 [main] DEBUG f.i.s.r.p.s.c.CheckoutBuggyBuildSourceCode - STEP 5/22: CheckoutBuggyBuildCandidateSourceCode
01:11:35.172 [main] DEBUG f.i.s.r.p.s.c.CheckoutBuggyBuildSourceCode - ----------------------------------------------------------------------
01:11:35.172 [main] DEBUG f.i.s.r.p.s.c.CheckoutBuggyBuildSourceCode - Checking out the source code of the buggy build candidate...
01:11:35.563 [main] INFO  fr.inria.jtravis.JTravis - GitHub ratelimit: Limit: 5000 Remaining: 4374 Reset hour: 19:20:06
01:11:37.117 [main] DEBUG f.i.s.r.process.git.GitHelper - Commit repairnator files...
01:11:37.117 [main] INFO  f.i.s.r.process.git.GitHelper - There is no repairnator file to commit.
01:11:37.117 [main] DEBUG f.i.s.r.p.s.c.CheckoutBuggyBuildSourceCode - Reproduce the PR for prestodb/presto by fetching remote branch and merging.
01:11:37.627 [main] DEBUG f.i.s.r.process.git.GitHelper - Step CheckoutBuggyBuildCandidateSourceCode - Get the commit d1a42b7cca2a6b123132017865d6b1a38d51d6d9 for repo prestodb/presto
01:11:38.251 [main] DEBUG f.i.s.r.process.git.GitHelper - Step CheckoutBuggyBuildCandidateSourceCode - Do the merge with the PR commit for repo prestodb/presto
01:11:38.252 [main] INFO  f.i.s.r.process.git.GitHelper - Init git submodules.
01:11:38.527 [main] INFO  fr.inria.jtravis.JTravis - GitHub ratelimit: Limit: 5000 Remaining: 4367 Reset hour: 19:20:06
01:11:40.358 [main] DEBUG f.i.s.r.process.git.GitHelper - Commit repairnator files...
01:11:40.358 [main] INFO  f.i.s.r.process.git.GitHelper - There is no repairnator file to commit.
01:11:40.358 [main] DEBUG f.i.s.r.p.s.c.CheckoutBuggyBuildSourceCode - Reproduce the PR for prestodb/presto by fetching remote branch and merging.
01:11:40.797 [main] ERROR f.i.s.r.p.s.c.CheckoutBuggyBuildSourceCode - Error while testing commit: org.eclipse.jgit.errors.MissingObjectException: Missing unknown 7429bd59ebdc30dded66f5c954bbcf9963126065
01:11:40.798 [main] ERROR f.i.s.r.p.s.c.CheckoutBuggyBuildSourceCode - Commit head ref cannot be retrieved from the repository: 7429bd59ebdc30dded66f5c954bbcf9963126065. Operation aborted.
01:11:40.798 [main] ERROR f.i.s.r.p.s.c.CheckoutBuggyBuildSourceCode - Error while merging two commits to reproduce the PR.
01:11:40.798 [main] DEBUG f.i.s.r.p.s.c.CheckoutBuggyBuildSourceCode - STEP STATUS: [ CheckoutBuggyBuildCandidateSourceCode : FAILURE ( BUILDNOTCHECKEDOUT ) ]
01:11:40.799 [main] DEBUG f.i.s.r.p.s.c.CheckoutBuggyBuildSourceCode - STEP DURATION: 5s
01:11:40.799 [main] DEBUG f.i.s.r.p.s.c.CheckoutBuggyBuildSourceCode - TERMINATE PIPELINE
01:11:40.799 [main] DEBUG f.i.s.r.p.s.c.CheckoutBuggyBuildSourceCode - FINAL STEPS SKIPPED: The reproduction of the bug and/or the patch failed.
01:11:40.799 [main] INFO  f.i.s.r.p.s.c.CheckoutBuggyBuildSourceCode - Serialize all data for the pair of builds 331945625, 332105245
01:11:40.931 [main] INFO  fr.inria.jtravis.JTravis - GitHub ratelimit: Limit: 5000 Remaining: 4360 Reset hour: 19:20:06
01:11:42.100 [main] INFO  f.i.s.r.p.i.ProjectInspector - ----------------------------------------------------------------------
01:11:42.100 [main] INFO  f.i.s.r.p.i.ProjectInspector - PIPELINE EXECUTION SUMMARY
01:11:42.100 [main] INFO  f.i.s.r.p.i.ProjectInspector - ----------------------------------------------------------------------
01:11:42.100 [main] INFO  f.i.s.r.p.i.ProjectInspector - CloneRepository.......................................SUCCESS [ 42 s ]
01:11:42.100 [main] INFO  f.i.s.r.p.i.ProjectInspector - CheckoutPatchedBuildCandidate.........................SUCCESS [  7 s ]
01:11:42.100 [main] INFO  f.i.s.r.p.i.ProjectInspector - ComputeSourceDir......................................SUCCESS [  1 s ]
01:11:42.100 [main] INFO  f.i.s.r.p.i.ProjectInspector - ComputeTestDir........................................SUCCESS [  0 s ]
01:11:42.101 [main] INFO  f.i.s.r.p.i.ProjectInspector - CheckoutBuggyBuildCandidateSourceCode.................FAILURE [  5 s ]
01:11:42.101 [main] INFO  f.i.s.r.p.i.ProjectInspector - BuildProjectBuggyBuildCandidateSourceCode.............NOT RUN         
01:11:42.101 [main] INFO  f.i.s.r.p.i.ProjectInspector - TestProjectBuggyBuildCandidateSourceCode..............NOT RUN         
01:11:42.101 [main] INFO  f.i.s.r.p.i.ProjectInspector - GatherTestInformationBuggyBuildCandidateSourceCode....NOT RUN         
01:11:42.101 [main] INFO  f.i.s.r.p.i.ProjectInspector - CheckoutBuggyBuildTestCode............................NOT RUN         
01:11:42.101 [main] INFO  f.i.s.r.p.i.ProjectInspector - InitRepoToPush........................................NOT RUN         
01:11:42.101 [main] INFO  f.i.s.r.p.i.ProjectInspector - ComputeClasspath......................................NOT RUN         
01:11:42.101 [main] INFO  f.i.s.r.p.i.ProjectInspector - ComputeModules........................................NOT RUN         
01:11:42.102 [main] INFO  f.i.s.r.p.i.ProjectInspector - CheckoutBuggyBuildCandidateSourceCode.................NOT RUN         
01:11:42.102 [main] INFO  f.i.s.r.p.i.ProjectInspector - CommitChangedTests....................................NOT RUN         
01:11:42.102 [main] INFO  f.i.s.r.p.i.ProjectInspector - CheckoutPatchedBuildCandidate.........................NOT RUN         
01:11:42.102 [main] INFO  f.i.s.r.p.i.ProjectInspector - BuildProjectPatchedBuildCandidate.....................NOT RUN         
01:11:42.102 [main] INFO  f.i.s.r.p.i.ProjectInspector - TestProjectPatchedBuildCandidate......................NOT RUN         
01:11:42.102 [main] INFO  f.i.s.r.p.i.ProjectInspector - GatherTestInformationPatchedBuildCandidate............NOT RUN         
01:11:42.102 [main] INFO  f.i.s.r.p.i.ProjectInspector - CommitPatch...........................................NOT RUN         
01:11:42.102 [main] INFO  f.i.s.r.p.i.ProjectInspector - WritePropertyFile.....................................NOT RUN         
01:11:42.102 [main] INFO  f.i.s.r.p.i.ProjectInspector - CommitProcessEnd......................................NOT RUN         
01:11:42.103 [main] INFO  f.i.s.r.p.i.ProjectInspector - PushProcessEnd........................................NOT RUN         
01:11:42.103 [main] INFO  f.i.s.r.p.i.ProjectInspector - ----------------------------------------------------------------------
01:11:42.103 [main] INFO  f.i.s.r.p.i.ProjectInspector - PIPELINE FINDING: BUILDNOTCHECKEDOUT
01:11:42.103 [main] INFO  f.i.s.r.p.i.ProjectInspector - ----------------------------------------------------------------------
01:11:42.103 [main] INFO  f.i.s.repairnator.pipeline.Launcher - Inspector is finished. The process will exit now.
