05:03:44.298 [main] INFO  f.i.s.repairnator.pipeline.Launcher - PIPELINE VERSION: 3.0-2018-08-09 19:04
05:03:44.418 [main] INFO  f.i.s.repairnator.pipeline.Launcher - The pipeline will try to reproduce a bug from build 333721230 and its corresponding patch from build 333728646
05:03:44.419 [main] INFO  f.i.s.repairnator.pipeline.Launcher - Initialize file serializer engines.
05:03:44.420 [main] INFO  f.i.s.repairnator.pipeline.Launcher - MongoDB won't be used for serialization.
05:03:44.421 [main] INFO  f.i.s.repairnator.pipeline.Launcher - The email notifier engine won't be used.
05:03:44.423 [main] INFO  f.i.s.repairnator.pipeline.Launcher - Start by getting the build (buildId: 333721230) with the following config: RepairnatorConfig{runId='e37d2f70-f43d-494e-93aa-3a56dc324afd_01-18-week4-PASSING_AND_PASSING', launcherMode=BEARS, serializeJson=true, inputPath='null', outputPath='/var/log', mongodbHost='null', mongodbName='repairnator', smtpServer='null', notifyTo=[], notifyEndProcess=false, push=true, pushRemoteRepo='https://github.com/fermadeiral/bears-collection-pp', fork=false, lookFromDate=null, lookToDate=null, buildId=333721230, z3solverPath='./z3_for_linux', workspacePath='./workspace', githubToken='c8a341a903[...]', dockerImageName='null', skipDelete=false, createOutputDir=false, logDirectory='null', nbThreads=0, globalTimeout=0, whiteList=null, blackList=null, jobSleepTime=0, buildSleepTime=0, maxInspectedBuilds=0, duration=null, humanPatch=false, repository='null', clean=true, bearsMode=BOTH, bearsDelimiter = false, repairTools=NopolAllTests,NPEFix,AssertFixer,AstorJGenProg,AstorJKali,NopolSingleTest,AstorJMut,NopolTestExclusionStrategy, githubUserName= fermadeiral, githubUserEmail=fer.madeiral@gmail.com}
05:03:45.660 [main] DEBUG fr.inria.jtravis.helpers.BuildHelper - Get request to :https://api.travis-ci.org/build/333721230 done after 780 ms
05:03:45.908 [main] DEBUG fr.inria.jtravis.helpers.BuildHelper - Get request to :https://api.travis-ci.org/build/333728646 done after 146 ms
05:03:45.924 [main] INFO  f.i.s.repairnator.pipeline.Launcher - The patched build (333728646) was successfully retrieved from Travis.
05:03:47.091 [main] INFO  fr.inria.jtravis.JTravis - GitHub ratelimit: Limit: 5000 Remaining: 4649 Reset hour: 19:20:21
05:03:47.425 [main] INFO  f.i.s.r.p.i.ProjectInspector - ----------------------------------------------------------------------
05:03:47.425 [main] INFO  f.i.s.r.p.i.ProjectInspector - PIPELINE STEPS
05:03:47.425 [main] INFO  f.i.s.r.p.i.ProjectInspector - ----------------------------------------------------------------------
05:03:47.426 [main] INFO  f.i.s.r.p.i.ProjectInspector - CloneRepository
05:03:47.426 [main] INFO  f.i.s.r.p.i.ProjectInspector - CheckoutPatchedBuildCandidate
05:03:47.426 [main] INFO  f.i.s.r.p.i.ProjectInspector - ComputeSourceDir
05:03:47.426 [main] INFO  f.i.s.r.p.i.ProjectInspector - ComputeTestDir
05:03:47.427 [main] INFO  f.i.s.r.p.i.ProjectInspector - CheckoutBuggyBuildCandidateSourceCode
05:03:47.427 [main] INFO  f.i.s.r.p.i.ProjectInspector - BuildProjectBuggyBuildCandidateSourceCode
05:03:47.427 [main] INFO  f.i.s.r.p.i.ProjectInspector - TestProjectBuggyBuildCandidateSourceCode
05:03:47.427 [main] INFO  f.i.s.r.p.i.ProjectInspector - GatherTestInformationBuggyBuildCandidateSourceCode
05:03:47.427 [main] INFO  f.i.s.r.p.i.ProjectInspector - CheckoutBuggyBuildTestCode
05:03:47.427 [main] INFO  f.i.s.r.p.i.ProjectInspector - InitRepoToPush
05:03:47.428 [main] INFO  f.i.s.r.p.i.ProjectInspector - ComputeClasspath
05:03:47.428 [main] INFO  f.i.s.r.p.i.ProjectInspector - ComputeModules
05:03:47.428 [main] INFO  f.i.s.r.p.i.ProjectInspector - CheckoutBuggyBuildCandidateSourceCode
05:03:47.428 [main] INFO  f.i.s.r.p.i.ProjectInspector - CommitChangedTests
05:03:47.428 [main] INFO  f.i.s.r.p.i.ProjectInspector - CheckoutPatchedBuildCandidate
05:03:47.429 [main] INFO  f.i.s.r.p.i.ProjectInspector - BuildProjectPatchedBuildCandidate
05:03:47.429 [main] INFO  f.i.s.r.p.i.ProjectInspector - TestProjectPatchedBuildCandidate
05:03:47.429 [main] INFO  f.i.s.r.p.i.ProjectInspector - GatherTestInformationPatchedBuildCandidate
05:03:47.429 [main] INFO  f.i.s.r.p.i.ProjectInspector - CommitPatch
05:03:47.429 [main] INFO  f.i.s.r.p.i.ProjectInspector - WritePropertyFile
05:03:47.430 [main] INFO  f.i.s.r.p.i.ProjectInspector - CommitProcessEnd
05:03:47.430 [main] INFO  f.i.s.r.p.i.ProjectInspector - PushProcessEnd
05:03:47.430 [main] DEBUG f.i.s.r.process.step.CloneRepository - ----------------------------------------------------------------------
05:03:47.431 [main] DEBUG f.i.s.r.process.step.CloneRepository - STEP 1/22: CloneRepository
05:03:47.431 [main] DEBUG f.i.s.r.process.step.CloneRepository - ----------------------------------------------------------------------
05:03:47.431 [main] DEBUG f.i.s.r.process.step.CloneRepository - Cloning repository EnMasseProject/enmasse in the following directory: ./workspace/EnMasseProject/enmasse/333721230
05:04:15.350 [main] DEBUG f.i.s.r.process.step.CloneRepository - STEP STATUS: [ CloneRepository : SUCCESS ]
05:04:15.351 [main] DEBUG f.i.s.r.process.step.CloneRepository - STEP DURATION: 27s
05:04:15.351 [main] DEBUG f.i.s.r.process.step.CloneRepository - EXECUTE NEXT STEP
05:04:15.352 [main] DEBUG f.i.s.r.p.s.c.CheckoutPatchedBuild - ----------------------------------------------------------------------
05:04:15.352 [main] DEBUG f.i.s.r.p.s.c.CheckoutPatchedBuild - STEP 2/22: CheckoutPatchedBuildCandidate
05:04:15.352 [main] DEBUG f.i.s.r.p.s.c.CheckoutPatchedBuild - ----------------------------------------------------------------------
05:04:15.353 [main] DEBUG f.i.s.r.p.s.c.CheckoutPatchedBuild - Checking out patched build candidate...
05:04:15.365 [main] ERROR f.i.s.r.p.s.c.CheckoutPatchedBuild - Error while testing commit: org.eclipse.jgit.errors.MissingObjectException: Missing unknown ecb49fefb898c1bfe87fa4b1f6933c9757da394a
05:04:15.366 [main] ERROR f.i.s.r.p.s.c.CheckoutPatchedBuild - Error while getting the commit to checkout from the repo.
05:04:15.367 [main] DEBUG f.i.s.r.p.s.c.CheckoutPatchedBuild - STEP STATUS: [ CheckoutPatchedBuildCandidate : FAILURE ( BUILDNOTCHECKEDOUT ) ]
05:04:15.368 [main] DEBUG f.i.s.r.p.s.c.CheckoutPatchedBuild - STEP DURATION: 0s
05:04:15.368 [main] DEBUG f.i.s.r.p.s.c.CheckoutPatchedBuild - TERMINATE PIPELINE
05:04:15.369 [main] DEBUG f.i.s.r.p.s.c.CheckoutPatchedBuild - FINAL STEPS SKIPPED: The reproduction of the bug and/or the patch failed.
05:04:15.369 [main] INFO  f.i.s.r.p.s.c.CheckoutPatchedBuild - Serialize all data for the pair of builds 333721230, 333728646
05:04:16.885 [main] INFO  fr.inria.jtravis.JTravis - GitHub ratelimit: Limit: 5000 Remaining: 4646 Reset hour: 19:20:21
05:04:18.240 [main] INFO  f.i.s.r.p.i.ProjectInspector - ----------------------------------------------------------------------
05:04:18.241 [main] INFO  f.i.s.r.p.i.ProjectInspector - PIPELINE EXECUTION SUMMARY
05:04:18.241 [main] INFO  f.i.s.r.p.i.ProjectInspector - ----------------------------------------------------------------------
05:04:18.242 [main] INFO  f.i.s.r.p.i.ProjectInspector - CloneRepository.......................................SUCCESS [ 27 s ]
05:04:18.242 [main] INFO  f.i.s.r.p.i.ProjectInspector - CheckoutPatchedBuildCandidate.........................FAILURE [  0 s ]
05:04:18.242 [main] INFO  f.i.s.r.p.i.ProjectInspector - ComputeSourceDir......................................NOT RUN         
05:04:18.243 [main] INFO  f.i.s.r.p.i.ProjectInspector - ComputeTestDir........................................NOT RUN         
05:04:18.243 [main] INFO  f.i.s.r.p.i.ProjectInspector - CheckoutBuggyBuildCandidateSourceCode.................NOT RUN         
05:04:18.243 [main] INFO  f.i.s.r.p.i.ProjectInspector - BuildProjectBuggyBuildCandidateSourceCode.............NOT RUN         
05:04:18.243 [main] INFO  f.i.s.r.p.i.ProjectInspector - TestProjectBuggyBuildCandidateSourceCode..............NOT RUN         
05:04:18.244 [main] INFO  f.i.s.r.p.i.ProjectInspector - GatherTestInformationBuggyBuildCandidateSourceCode....NOT RUN         
05:04:18.244 [main] INFO  f.i.s.r.p.i.ProjectInspector - CheckoutBuggyBuildTestCode............................NOT RUN         
05:04:18.244 [main] INFO  f.i.s.r.p.i.ProjectInspector - InitRepoToPush........................................NOT RUN         
05:04:18.244 [main] INFO  f.i.s.r.p.i.ProjectInspector - ComputeClasspath......................................NOT RUN         
05:04:18.244 [main] INFO  f.i.s.r.p.i.ProjectInspector - ComputeModules........................................NOT RUN         
05:04:18.245 [main] INFO  f.i.s.r.p.i.ProjectInspector - CheckoutBuggyBuildCandidateSourceCode.................NOT RUN         
05:04:18.245 [main] INFO  f.i.s.r.p.i.ProjectInspector - CommitChangedTests....................................NOT RUN         
05:04:18.245 [main] INFO  f.i.s.r.p.i.ProjectInspector - CheckoutPatchedBuildCandidate.........................NOT RUN         
05:04:18.245 [main] INFO  f.i.s.r.p.i.ProjectInspector - BuildProjectPatchedBuildCandidate.....................NOT RUN         
05:04:18.245 [main] INFO  f.i.s.r.p.i.ProjectInspector - TestProjectPatchedBuildCandidate......................NOT RUN         
05:04:18.246 [main] INFO  f.i.s.r.p.i.ProjectInspector - GatherTestInformationPatchedBuildCandidate............NOT RUN         
05:04:18.246 [main] INFO  f.i.s.r.p.i.ProjectInspector - CommitPatch...........................................NOT RUN         
05:04:18.246 [main] INFO  f.i.s.r.p.i.ProjectInspector - WritePropertyFile.....................................NOT RUN         
05:04:18.246 [main] INFO  f.i.s.r.p.i.ProjectInspector - CommitProcessEnd......................................NOT RUN         
05:04:18.246 [main] INFO  f.i.s.r.p.i.ProjectInspector - PushProcessEnd........................................NOT RUN         
05:04:18.247 [main] INFO  f.i.s.r.p.i.ProjectInspector - ----------------------------------------------------------------------
05:04:18.247 [main] INFO  f.i.s.r.p.i.ProjectInspector - PIPELINE FINDING: BUILDNOTCHECKEDOUT
05:04:18.247 [main] INFO  f.i.s.r.p.i.ProjectInspector - ----------------------------------------------------------------------
05:04:18.248 [main] INFO  f.i.s.repairnator.pipeline.Launcher - Inspector is finished. The process will exit now.
