05:52:04.570 [main] INFO  f.i.s.repairnator.pipeline.Launcher - PIPELINE VERSION: 3.0-2018-08-09 19:04
05:52:04.690 [main] INFO  f.i.s.repairnator.pipeline.Launcher - The pipeline will try to reproduce a bug from build 333150782 and its corresponding patch from build 333444629
05:52:04.690 [main] INFO  f.i.s.repairnator.pipeline.Launcher - Initialize file serializer engines.
05:52:04.692 [main] INFO  f.i.s.repairnator.pipeline.Launcher - MongoDB won't be used for serialization.
05:52:04.692 [main] INFO  f.i.s.repairnator.pipeline.Launcher - The email notifier engine won't be used.
05:52:04.695 [main] INFO  f.i.s.repairnator.pipeline.Launcher - Start by getting the build (buildId: 333150782) with the following config: RepairnatorConfig{runId='e37d2f70-f43d-494e-93aa-3a56dc324afd_01-18-week4-PASSING_AND_PASSING', launcherMode=BEARS, serializeJson=true, inputPath='null', outputPath='/var/log', mongodbHost='null', mongodbName='repairnator', smtpServer='null', notifyTo=[], notifyEndProcess=false, push=true, pushRemoteRepo='https://github.com/fermadeiral/bears-collection-pp', fork=false, lookFromDate=null, lookToDate=null, buildId=333150782, z3solverPath='./z3_for_linux', workspacePath='./workspace', githubToken='c8a341a903[...]', dockerImageName='null', skipDelete=false, createOutputDir=false, logDirectory='null', nbThreads=0, globalTimeout=0, whiteList=null, blackList=null, jobSleepTime=0, buildSleepTime=0, maxInspectedBuilds=0, duration=null, humanPatch=false, repository='null', clean=true, bearsMode=BOTH, bearsDelimiter = false, repairTools=NopolAllTests,NPEFix,AssertFixer,AstorJGenProg,AstorJKali,NopolSingleTest,AstorJMut,NopolTestExclusionStrategy, githubUserName= fermadeiral, githubUserEmail=fer.madeiral@gmail.com}
05:52:05.908 [main] DEBUG fr.inria.jtravis.helpers.BuildHelper - Get request to :https://api.travis-ci.org/build/333150782 done after 796 ms
05:52:06.137 [main] DEBUG fr.inria.jtravis.helpers.BuildHelper - Get request to :https://api.travis-ci.org/build/333444629 done after 136 ms
05:52:06.149 [main] INFO  f.i.s.repairnator.pipeline.Launcher - The patched build (333444629) was successfully retrieved from Travis.
05:52:07.332 [main] INFO  fr.inria.jtravis.JTravis - GitHub ratelimit: Limit: 5000 Remaining: 4676 Reset hour: 19:20:25
05:52:07.608 [main] INFO  f.i.s.r.p.i.ProjectInspector - ----------------------------------------------------------------------
05:52:07.609 [main] INFO  f.i.s.r.p.i.ProjectInspector - PIPELINE STEPS
05:52:07.609 [main] INFO  f.i.s.r.p.i.ProjectInspector - ----------------------------------------------------------------------
05:52:07.609 [main] INFO  f.i.s.r.p.i.ProjectInspector - CloneRepository
05:52:07.610 [main] INFO  f.i.s.r.p.i.ProjectInspector - CheckoutPatchedBuildCandidate
05:52:07.611 [main] INFO  f.i.s.r.p.i.ProjectInspector - ComputeSourceDir
05:52:07.611 [main] INFO  f.i.s.r.p.i.ProjectInspector - ComputeTestDir
05:52:07.611 [main] INFO  f.i.s.r.p.i.ProjectInspector - CheckoutBuggyBuildCandidateSourceCode
05:52:07.612 [main] INFO  f.i.s.r.p.i.ProjectInspector - BuildProjectBuggyBuildCandidateSourceCode
05:52:07.612 [main] INFO  f.i.s.r.p.i.ProjectInspector - TestProjectBuggyBuildCandidateSourceCode
05:52:07.613 [main] INFO  f.i.s.r.p.i.ProjectInspector - GatherTestInformationBuggyBuildCandidateSourceCode
05:52:07.613 [main] INFO  f.i.s.r.p.i.ProjectInspector - CheckoutBuggyBuildTestCode
05:52:07.614 [main] INFO  f.i.s.r.p.i.ProjectInspector - InitRepoToPush
05:52:07.614 [main] INFO  f.i.s.r.p.i.ProjectInspector - ComputeClasspath
05:52:07.615 [main] INFO  f.i.s.r.p.i.ProjectInspector - ComputeModules
05:52:07.615 [main] INFO  f.i.s.r.p.i.ProjectInspector - CheckoutBuggyBuildCandidateSourceCode
05:52:07.616 [main] INFO  f.i.s.r.p.i.ProjectInspector - CommitChangedTests
05:52:07.616 [main] INFO  f.i.s.r.p.i.ProjectInspector - CheckoutPatchedBuildCandidate
05:52:07.617 [main] INFO  f.i.s.r.p.i.ProjectInspector - BuildProjectPatchedBuildCandidate
05:52:07.617 [main] INFO  f.i.s.r.p.i.ProjectInspector - TestProjectPatchedBuildCandidate
05:52:07.618 [main] INFO  f.i.s.r.p.i.ProjectInspector - GatherTestInformationPatchedBuildCandidate
05:52:07.618 [main] INFO  f.i.s.r.p.i.ProjectInspector - CommitPatch
05:52:07.619 [main] INFO  f.i.s.r.p.i.ProjectInspector - WritePropertyFile
05:52:07.619 [main] INFO  f.i.s.r.p.i.ProjectInspector - CommitProcessEnd
05:52:07.620 [main] INFO  f.i.s.r.p.i.ProjectInspector - PushProcessEnd
05:52:07.621 [main] DEBUG f.i.s.r.process.step.CloneRepository - ----------------------------------------------------------------------
05:52:07.621 [main] DEBUG f.i.s.r.process.step.CloneRepository - STEP 1/22: CloneRepository
05:52:07.622 [main] DEBUG f.i.s.r.process.step.CloneRepository - ----------------------------------------------------------------------
05:52:07.623 [main] DEBUG f.i.s.r.process.step.CloneRepository - Cloning repository batfish/batfish in the following directory: ./workspace/batfish/batfish/333150782
05:52:56.979 [main] DEBUG f.i.s.r.process.step.CloneRepository - STEP STATUS: [ CloneRepository : SUCCESS ]
05:52:56.980 [main] DEBUG f.i.s.r.process.step.CloneRepository - STEP DURATION: 49s
05:52:56.980 [main] DEBUG f.i.s.r.process.step.CloneRepository - EXECUTE NEXT STEP
05:52:56.981 [main] DEBUG f.i.s.r.p.s.c.CheckoutPatchedBuild - ----------------------------------------------------------------------
05:52:56.981 [main] DEBUG f.i.s.r.p.s.c.CheckoutPatchedBuild - STEP 2/22: CheckoutPatchedBuildCandidate
05:52:56.981 [main] DEBUG f.i.s.r.p.s.c.CheckoutPatchedBuild - ----------------------------------------------------------------------
05:52:56.981 [main] DEBUG f.i.s.r.p.s.c.CheckoutPatchedBuild - Checking out patched build candidate...
05:52:57.000 [main] ERROR f.i.s.r.p.s.c.CheckoutPatchedBuild - Error while testing commit: org.eclipse.jgit.errors.MissingObjectException: Missing unknown 4c9e138d9dc1082c94a3599fccdb189dac7f2ed8
05:52:57.001 [main] ERROR f.i.s.r.p.s.c.CheckoutPatchedBuild - Error while getting the commit to checkout from the repo.
05:52:57.002 [main] DEBUG f.i.s.r.p.s.c.CheckoutPatchedBuild - STEP STATUS: [ CheckoutPatchedBuildCandidate : FAILURE ( BUILDNOTCHECKEDOUT ) ]
05:52:57.002 [main] DEBUG f.i.s.r.p.s.c.CheckoutPatchedBuild - STEP DURATION: 0s
05:52:57.002 [main] DEBUG f.i.s.r.p.s.c.CheckoutPatchedBuild - TERMINATE PIPELINE
05:52:57.002 [main] DEBUG f.i.s.r.p.s.c.CheckoutPatchedBuild - FINAL STEPS SKIPPED: The reproduction of the bug and/or the patch failed.
05:52:57.003 [main] INFO  f.i.s.r.p.s.c.CheckoutPatchedBuild - Serialize all data for the pair of builds 333150782, 333444629
05:52:57.332 [main] INFO  fr.inria.jtravis.JTravis - GitHub ratelimit: Limit: 5000 Remaining: 4675 Reset hour: 19:20:25
05:52:58.165 [main] INFO  f.i.s.r.p.i.ProjectInspector - ----------------------------------------------------------------------
05:52:58.165 [main] INFO  f.i.s.r.p.i.ProjectInspector - PIPELINE EXECUTION SUMMARY
05:52:58.165 [main] INFO  f.i.s.r.p.i.ProjectInspector - ----------------------------------------------------------------------
05:52:58.165 [main] INFO  f.i.s.r.p.i.ProjectInspector - CloneRepository.......................................SUCCESS [ 49 s ]
05:52:58.165 [main] INFO  f.i.s.r.p.i.ProjectInspector - CheckoutPatchedBuildCandidate.........................FAILURE [  0 s ]
05:52:58.165 [main] INFO  f.i.s.r.p.i.ProjectInspector - ComputeSourceDir......................................NOT RUN         
05:52:58.166 [main] INFO  f.i.s.r.p.i.ProjectInspector - ComputeTestDir........................................NOT RUN         
05:52:58.166 [main] INFO  f.i.s.r.p.i.ProjectInspector - CheckoutBuggyBuildCandidateSourceCode.................NOT RUN         
05:52:58.166 [main] INFO  f.i.s.r.p.i.ProjectInspector - BuildProjectBuggyBuildCandidateSourceCode.............NOT RUN         
05:52:58.166 [main] INFO  f.i.s.r.p.i.ProjectInspector - TestProjectBuggyBuildCandidateSourceCode..............NOT RUN         
05:52:58.166 [main] INFO  f.i.s.r.p.i.ProjectInspector - GatherTestInformationBuggyBuildCandidateSourceCode....NOT RUN         
05:52:58.166 [main] INFO  f.i.s.r.p.i.ProjectInspector - CheckoutBuggyBuildTestCode............................NOT RUN         
05:52:58.166 [main] INFO  f.i.s.r.p.i.ProjectInspector - InitRepoToPush........................................NOT RUN         
05:52:58.167 [main] INFO  f.i.s.r.p.i.ProjectInspector - ComputeClasspath......................................NOT RUN         
05:52:58.167 [main] INFO  f.i.s.r.p.i.ProjectInspector - ComputeModules........................................NOT RUN         
05:52:58.167 [main] INFO  f.i.s.r.p.i.ProjectInspector - CheckoutBuggyBuildCandidateSourceCode.................NOT RUN         
05:52:58.167 [main] INFO  f.i.s.r.p.i.ProjectInspector - CommitChangedTests....................................NOT RUN         
05:52:58.168 [main] INFO  f.i.s.r.p.i.ProjectInspector - CheckoutPatchedBuildCandidate.........................NOT RUN         
05:52:58.168 [main] INFO  f.i.s.r.p.i.ProjectInspector - BuildProjectPatchedBuildCandidate.....................NOT RUN         
05:52:58.168 [main] INFO  f.i.s.r.p.i.ProjectInspector - TestProjectPatchedBuildCandidate......................NOT RUN         
05:52:58.168 [main] INFO  f.i.s.r.p.i.ProjectInspector - GatherTestInformationPatchedBuildCandidate............NOT RUN         
05:52:58.168 [main] INFO  f.i.s.r.p.i.ProjectInspector - CommitPatch...........................................NOT RUN         
05:52:58.168 [main] INFO  f.i.s.r.p.i.ProjectInspector - WritePropertyFile.....................................NOT RUN         
05:52:58.168 [main] INFO  f.i.s.r.p.i.ProjectInspector - CommitProcessEnd......................................NOT RUN         
05:52:58.169 [main] INFO  f.i.s.r.p.i.ProjectInspector - PushProcessEnd........................................NOT RUN         
05:52:58.169 [main] INFO  f.i.s.r.p.i.ProjectInspector - ----------------------------------------------------------------------
05:52:58.169 [main] INFO  f.i.s.r.p.i.ProjectInspector - PIPELINE FINDING: BUILDNOTCHECKEDOUT
05:52:58.169 [main] INFO  f.i.s.r.p.i.ProjectInspector - ----------------------------------------------------------------------
05:52:58.169 [main] INFO  f.i.s.repairnator.pipeline.Launcher - Inspector is finished. The process will exit now.
