23:27:02.280 [main] INFO  f.i.s.repairnator.pipeline.Launcher - PIPELINE VERSION: 3.0-2018-08-09 19:04
23:27:02.478 [main] INFO  f.i.s.repairnator.pipeline.Launcher - The pipeline will try to reproduce a bug from build 330867863 and its corresponding patch from build 333570607
23:27:02.478 [main] INFO  f.i.s.repairnator.pipeline.Launcher - Initialize file serializer engines.
23:27:02.481 [main] INFO  f.i.s.repairnator.pipeline.Launcher - MongoDB won't be used for serialization.
23:27:02.481 [main] INFO  f.i.s.repairnator.pipeline.Launcher - The email notifier engine won't be used.
23:27:02.486 [main] INFO  f.i.s.repairnator.pipeline.Launcher - Start by getting the build (buildId: 330867863) with the following config: RepairnatorConfig{runId='e37d2f70-f43d-494e-93aa-3a56dc324afd_01-18-week4-PASSING_AND_PASSING', launcherMode=BEARS, serializeJson=true, inputPath='null', outputPath='/var/log', mongodbHost='null', mongodbName='repairnator', smtpServer='null', notifyTo=[], notifyEndProcess=false, push=true, pushRemoteRepo='https://github.com/fermadeiral/bears-collection-pp', fork=false, lookFromDate=null, lookToDate=null, buildId=330867863, z3solverPath='./z3_for_linux', workspacePath='./workspace', githubToken='c8a341a903[...]', dockerImageName='null', skipDelete=false, createOutputDir=false, logDirectory='null', nbThreads=0, globalTimeout=0, whiteList=null, blackList=null, jobSleepTime=0, buildSleepTime=0, maxInspectedBuilds=0, duration=null, humanPatch=false, repository='null', clean=true, bearsMode=BOTH, bearsDelimiter = false, repairTools=NopolAllTests,NPEFix,AssertFixer,AstorJGenProg,AstorJKali,NopolSingleTest,AstorJMut,NopolTestExclusionStrategy, githubUserName= fermadeiral, githubUserEmail=fer.madeiral@gmail.com}
23:27:04.039 [main] DEBUG fr.inria.jtravis.helpers.BuildHelper - Get request to :https://api.travis-ci.org/build/330867863 done after 828 ms
23:27:04.300 [main] DEBUG fr.inria.jtravis.helpers.BuildHelper - Get request to :https://api.travis-ci.org/build/333570607 done after 140 ms
23:27:04.322 [main] INFO  f.i.s.repairnator.pipeline.Launcher - The patched build (333570607) was successfully retrieved from Travis.
23:27:05.773 [main] INFO  fr.inria.jtravis.JTravis - GitHub ratelimit: Limit: 5000 Remaining: 4622 Reset hour: 19:20:03
23:27:06.011 [main] INFO  f.i.s.r.p.i.ProjectInspector - ----------------------------------------------------------------------
23:27:06.012 [main] INFO  f.i.s.r.p.i.ProjectInspector - PIPELINE STEPS
23:27:06.012 [main] INFO  f.i.s.r.p.i.ProjectInspector - ----------------------------------------------------------------------
23:27:06.012 [main] INFO  f.i.s.r.p.i.ProjectInspector - CloneRepository
23:27:06.012 [main] INFO  f.i.s.r.p.i.ProjectInspector - CheckoutPatchedBuildCandidate
23:27:06.012 [main] INFO  f.i.s.r.p.i.ProjectInspector - ComputeSourceDir
23:27:06.012 [main] INFO  f.i.s.r.p.i.ProjectInspector - ComputeTestDir
23:27:06.012 [main] INFO  f.i.s.r.p.i.ProjectInspector - CheckoutBuggyBuildCandidateSourceCode
23:27:06.013 [main] INFO  f.i.s.r.p.i.ProjectInspector - BuildProjectBuggyBuildCandidateSourceCode
23:27:06.014 [main] INFO  f.i.s.r.p.i.ProjectInspector - TestProjectBuggyBuildCandidateSourceCode
23:27:06.014 [main] INFO  f.i.s.r.p.i.ProjectInspector - GatherTestInformationBuggyBuildCandidateSourceCode
23:27:06.014 [main] INFO  f.i.s.r.p.i.ProjectInspector - CheckoutBuggyBuildTestCode
23:27:06.014 [main] INFO  f.i.s.r.p.i.ProjectInspector - InitRepoToPush
23:27:06.014 [main] INFO  f.i.s.r.p.i.ProjectInspector - ComputeClasspath
23:27:06.014 [main] INFO  f.i.s.r.p.i.ProjectInspector - ComputeModules
23:27:06.014 [main] INFO  f.i.s.r.p.i.ProjectInspector - CheckoutBuggyBuildCandidateSourceCode
23:27:06.014 [main] INFO  f.i.s.r.p.i.ProjectInspector - CommitChangedTests
23:27:06.015 [main] INFO  f.i.s.r.p.i.ProjectInspector - CheckoutPatchedBuildCandidate
23:27:06.015 [main] INFO  f.i.s.r.p.i.ProjectInspector - BuildProjectPatchedBuildCandidate
23:27:06.015 [main] INFO  f.i.s.r.p.i.ProjectInspector - TestProjectPatchedBuildCandidate
23:27:06.015 [main] INFO  f.i.s.r.p.i.ProjectInspector - GatherTestInformationPatchedBuildCandidate
23:27:06.015 [main] INFO  f.i.s.r.p.i.ProjectInspector - CommitPatch
23:27:06.015 [main] INFO  f.i.s.r.p.i.ProjectInspector - WritePropertyFile
23:27:06.015 [main] INFO  f.i.s.r.p.i.ProjectInspector - CommitProcessEnd
23:27:06.015 [main] INFO  f.i.s.r.p.i.ProjectInspector - PushProcessEnd
23:27:06.016 [main] DEBUG f.i.s.r.process.step.CloneRepository - ----------------------------------------------------------------------
23:27:06.016 [main] DEBUG f.i.s.r.process.step.CloneRepository - STEP 1/22: CloneRepository
23:27:06.016 [main] DEBUG f.i.s.r.process.step.CloneRepository - ----------------------------------------------------------------------
23:27:06.016 [main] DEBUG f.i.s.r.process.step.CloneRepository - Cloning repository apache/flink in the following directory: ./workspace/apache/flink/330867863
23:28:36.842 [main] DEBUG f.i.s.r.process.step.CloneRepository - STEP STATUS: [ CloneRepository : SUCCESS ]
23:28:36.842 [main] DEBUG f.i.s.r.process.step.CloneRepository - STEP DURATION: 90s
23:28:36.843 [main] DEBUG f.i.s.r.process.step.CloneRepository - EXECUTE NEXT STEP
23:28:36.844 [main] DEBUG f.i.s.r.p.s.c.CheckoutPatchedBuild - ----------------------------------------------------------------------
23:28:36.844 [main] DEBUG f.i.s.r.p.s.c.CheckoutPatchedBuild - STEP 2/22: CheckoutPatchedBuildCandidate
23:28:36.845 [main] DEBUG f.i.s.r.p.s.c.CheckoutPatchedBuild - ----------------------------------------------------------------------
23:28:36.845 [main] DEBUG f.i.s.r.p.s.c.CheckoutPatchedBuild - Checking out patched build candidate...
23:28:37.518 [main] INFO  fr.inria.jtravis.JTravis - GitHub ratelimit: Limit: 5000 Remaining: 4599 Reset hour: 19:20:03
23:28:40.505 [main] DEBUG f.i.s.r.p.s.c.CheckoutPatchedBuild - Reproduce the PR for apache/flink by fetching remote branch and merging.
23:28:43.254 [main] ERROR f.i.s.r.p.s.c.CheckoutPatchedBuild - Error while testing commit: org.eclipse.jgit.errors.MissingObjectException: Missing unknown 811320f323e0b7f9d66f5b503282cd59dc971f42
23:28:43.255 [main] ERROR f.i.s.r.p.s.c.CheckoutPatchedBuild - Commit head ref cannot be retrieved from the repository: 811320f323e0b7f9d66f5b503282cd59dc971f42. Operation aborted.
23:28:43.255 [main] ERROR f.i.s.r.p.s.c.CheckoutPatchedBuild - Error while merging two commits to reproduce the PR.
23:28:43.256 [main] DEBUG f.i.s.r.p.s.c.CheckoutPatchedBuild - STEP STATUS: [ CheckoutPatchedBuildCandidate : FAILURE ( BUILDNOTCHECKEDOUT ) ]
23:28:43.256 [main] DEBUG f.i.s.r.p.s.c.CheckoutPatchedBuild - STEP DURATION: 6s
23:28:43.256 [main] DEBUG f.i.s.r.p.s.c.CheckoutPatchedBuild - TERMINATE PIPELINE
23:28:43.256 [main] DEBUG f.i.s.r.p.s.c.CheckoutPatchedBuild - FINAL STEPS SKIPPED: The reproduction of the bug and/or the patch failed.
23:28:43.257 [main] INFO  f.i.s.r.p.s.c.CheckoutPatchedBuild - Serialize all data for the pair of builds 330867863, 333570607
23:28:43.382 [main] INFO  fr.inria.jtravis.JTravis - GitHub ratelimit: Limit: 5000 Remaining: 4592 Reset hour: 19:20:03
23:28:44.912 [main] INFO  f.i.s.r.p.i.ProjectInspector - ----------------------------------------------------------------------
23:28:44.912 [main] INFO  f.i.s.r.p.i.ProjectInspector - PIPELINE EXECUTION SUMMARY
23:28:44.913 [main] INFO  f.i.s.r.p.i.ProjectInspector - ----------------------------------------------------------------------
23:28:44.913 [main] INFO  f.i.s.r.p.i.ProjectInspector - CloneRepository.......................................SUCCESS [ 90 s ]
23:28:44.913 [main] INFO  f.i.s.r.p.i.ProjectInspector - CheckoutPatchedBuildCandidate.........................FAILURE [  6 s ]
23:28:44.913 [main] INFO  f.i.s.r.p.i.ProjectInspector - ComputeSourceDir......................................NOT RUN         
23:28:44.913 [main] INFO  f.i.s.r.p.i.ProjectInspector - ComputeTestDir........................................NOT RUN         
23:28:44.914 [main] INFO  f.i.s.r.p.i.ProjectInspector - CheckoutBuggyBuildCandidateSourceCode.................NOT RUN         
23:28:44.914 [main] INFO  f.i.s.r.p.i.ProjectInspector - BuildProjectBuggyBuildCandidateSourceCode.............NOT RUN         
23:28:44.914 [main] INFO  f.i.s.r.p.i.ProjectInspector - TestProjectBuggyBuildCandidateSourceCode..............NOT RUN         
23:28:44.914 [main] INFO  f.i.s.r.p.i.ProjectInspector - GatherTestInformationBuggyBuildCandidateSourceCode....NOT RUN         
23:28:44.914 [main] INFO  f.i.s.r.p.i.ProjectInspector - CheckoutBuggyBuildTestCode............................NOT RUN         
23:28:44.914 [main] INFO  f.i.s.r.p.i.ProjectInspector - InitRepoToPush........................................NOT RUN         
23:28:44.914 [main] INFO  f.i.s.r.p.i.ProjectInspector - ComputeClasspath......................................NOT RUN         
23:28:44.914 [main] INFO  f.i.s.r.p.i.ProjectInspector - ComputeModules........................................NOT RUN         
23:28:44.914 [main] INFO  f.i.s.r.p.i.ProjectInspector - CheckoutBuggyBuildCandidateSourceCode.................NOT RUN         
23:28:44.915 [main] INFO  f.i.s.r.p.i.ProjectInspector - CommitChangedTests....................................NOT RUN         
23:28:44.915 [main] INFO  f.i.s.r.p.i.ProjectInspector - CheckoutPatchedBuildCandidate.........................NOT RUN         
23:28:44.915 [main] INFO  f.i.s.r.p.i.ProjectInspector - BuildProjectPatchedBuildCandidate.....................NOT RUN         
23:28:44.915 [main] INFO  f.i.s.r.p.i.ProjectInspector - TestProjectPatchedBuildCandidate......................NOT RUN         
23:28:44.915 [main] INFO  f.i.s.r.p.i.ProjectInspector - GatherTestInformationPatchedBuildCandidate............NOT RUN         
23:28:44.915 [main] INFO  f.i.s.r.p.i.ProjectInspector - CommitPatch...........................................NOT RUN         
23:28:44.915 [main] INFO  f.i.s.r.p.i.ProjectInspector - WritePropertyFile.....................................NOT RUN         
23:28:44.916 [main] INFO  f.i.s.r.p.i.ProjectInspector - CommitProcessEnd......................................NOT RUN         
23:28:44.916 [main] INFO  f.i.s.r.p.i.ProjectInspector - PushProcessEnd........................................NOT RUN         
23:28:44.916 [main] INFO  f.i.s.r.p.i.ProjectInspector - ----------------------------------------------------------------------
23:28:44.916 [main] INFO  f.i.s.r.p.i.ProjectInspector - PIPELINE FINDING: BUILDNOTCHECKEDOUT
23:28:44.916 [main] INFO  f.i.s.r.p.i.ProjectInspector - ----------------------------------------------------------------------
23:28:44.916 [main] INFO  f.i.s.repairnator.pipeline.Launcher - Inspector is finished. The process will exit now.
