08:31:39.136 [main] INFO  f.i.s.repairnator.pipeline.Launcher - PIPELINE VERSION: 3.0-2018-08-09 19:04
08:31:39.276 [main] INFO  f.i.s.repairnator.pipeline.Launcher - The pipeline will try to reproduce a bug from build 333610046 and its corresponding patch from build 335516180
08:31:39.276 [main] INFO  f.i.s.repairnator.pipeline.Launcher - Initialize file serializer engines.
08:31:39.278 [main] INFO  f.i.s.repairnator.pipeline.Launcher - MongoDB won't be used for serialization.
08:31:39.278 [main] INFO  f.i.s.repairnator.pipeline.Launcher - The email notifier engine won't be used.
08:31:39.281 [main] INFO  f.i.s.repairnator.pipeline.Launcher - Start by getting the build (buildId: 333610046) with the following config: RepairnatorConfig{runId='e37d2f70-f43d-494e-93aa-3a56dc324afd_01-18-week4-PASSING_AND_PASSING', launcherMode=BEARS, serializeJson=true, inputPath='null', outputPath='/var/log', mongodbHost='null', mongodbName='repairnator', smtpServer='null', notifyTo=[], notifyEndProcess=false, push=true, pushRemoteRepo='https://github.com/fermadeiral/bears-collection-pp', fork=false, lookFromDate=null, lookToDate=null, buildId=333610046, z3solverPath='./z3_for_linux', workspacePath='./workspace', githubToken='c8a341a903[...]', dockerImageName='null', skipDelete=false, createOutputDir=false, logDirectory='null', nbThreads=0, globalTimeout=0, whiteList=null, blackList=null, jobSleepTime=0, buildSleepTime=0, maxInspectedBuilds=0, duration=null, humanPatch=false, repository='null', clean=true, bearsMode=BOTH, bearsDelimiter = false, repairTools=NopolAllTests,NPEFix,AssertFixer,AstorJGenProg,AstorJKali,NopolSingleTest,AstorJMut,NopolTestExclusionStrategy, githubUserName= fermadeiral, githubUserEmail=fer.madeiral@gmail.com}
08:31:40.664 [main] DEBUG fr.inria.jtravis.helpers.BuildHelper - Get request to :https://api.travis-ci.org/build/333610046 done after 921 ms
08:31:40.957 [main] DEBUG fr.inria.jtravis.helpers.BuildHelper - Get request to :https://api.travis-ci.org/build/335516180 done after 147 ms
08:31:40.974 [main] INFO  f.i.s.repairnator.pipeline.Launcher - The patched build (335516180) was successfully retrieved from Travis.
08:31:42.442 [main] INFO  fr.inria.jtravis.JTravis - GitHub ratelimit: Limit: 5000 Remaining: 4923 Reset hour: 19:20:33
08:31:42.719 [main] INFO  f.i.s.r.p.i.ProjectInspector - ----------------------------------------------------------------------
08:31:42.720 [main] INFO  f.i.s.r.p.i.ProjectInspector - PIPELINE STEPS
08:31:42.720 [main] INFO  f.i.s.r.p.i.ProjectInspector - ----------------------------------------------------------------------
08:31:42.720 [main] INFO  f.i.s.r.p.i.ProjectInspector - CloneRepository
08:31:42.720 [main] INFO  f.i.s.r.p.i.ProjectInspector - CheckoutPatchedBuildCandidate
08:31:42.720 [main] INFO  f.i.s.r.p.i.ProjectInspector - ComputeSourceDir
08:31:42.721 [main] INFO  f.i.s.r.p.i.ProjectInspector - ComputeTestDir
08:31:42.721 [main] INFO  f.i.s.r.p.i.ProjectInspector - CheckoutBuggyBuildCandidateSourceCode
08:31:42.721 [main] INFO  f.i.s.r.p.i.ProjectInspector - BuildProjectBuggyBuildCandidateSourceCode
08:31:42.721 [main] INFO  f.i.s.r.p.i.ProjectInspector - TestProjectBuggyBuildCandidateSourceCode
08:31:42.721 [main] INFO  f.i.s.r.p.i.ProjectInspector - GatherTestInformationBuggyBuildCandidateSourceCode
08:31:42.721 [main] INFO  f.i.s.r.p.i.ProjectInspector - CheckoutBuggyBuildTestCode
08:31:42.721 [main] INFO  f.i.s.r.p.i.ProjectInspector - InitRepoToPush
08:31:42.721 [main] INFO  f.i.s.r.p.i.ProjectInspector - ComputeClasspath
08:31:42.722 [main] INFO  f.i.s.r.p.i.ProjectInspector - ComputeModules
08:31:42.722 [main] INFO  f.i.s.r.p.i.ProjectInspector - CheckoutBuggyBuildCandidateSourceCode
08:31:42.722 [main] INFO  f.i.s.r.p.i.ProjectInspector - CommitChangedTests
08:31:42.722 [main] INFO  f.i.s.r.p.i.ProjectInspector - CheckoutPatchedBuildCandidate
08:31:42.722 [main] INFO  f.i.s.r.p.i.ProjectInspector - BuildProjectPatchedBuildCandidate
08:31:42.722 [main] INFO  f.i.s.r.p.i.ProjectInspector - TestProjectPatchedBuildCandidate
08:31:42.722 [main] INFO  f.i.s.r.p.i.ProjectInspector - GatherTestInformationPatchedBuildCandidate
08:31:42.722 [main] INFO  f.i.s.r.p.i.ProjectInspector - CommitPatch
08:31:42.723 [main] INFO  f.i.s.r.p.i.ProjectInspector - WritePropertyFile
08:31:42.723 [main] INFO  f.i.s.r.p.i.ProjectInspector - CommitProcessEnd
08:31:42.723 [main] INFO  f.i.s.r.p.i.ProjectInspector - PushProcessEnd
08:31:42.723 [main] DEBUG f.i.s.r.process.step.CloneRepository - ----------------------------------------------------------------------
08:31:42.724 [main] DEBUG f.i.s.r.process.step.CloneRepository - STEP 1/22: CloneRepository
08:31:42.724 [main] DEBUG f.i.s.r.process.step.CloneRepository - ----------------------------------------------------------------------
08:31:42.724 [main] DEBUG f.i.s.r.process.step.CloneRepository - Cloning repository apache/incubator-servicecomb-java-chassis in the following directory: ./workspace/apache/incubator-servicecomb-java-chassis/333610046
08:31:53.508 [main] DEBUG f.i.s.r.process.step.CloneRepository - STEP STATUS: [ CloneRepository : SUCCESS ]
08:31:53.508 [main] DEBUG f.i.s.r.process.step.CloneRepository - STEP DURATION: 10s
08:31:53.509 [main] DEBUG f.i.s.r.process.step.CloneRepository - EXECUTE NEXT STEP
08:31:53.509 [main] DEBUG f.i.s.r.p.s.c.CheckoutPatchedBuild - ----------------------------------------------------------------------
08:31:53.510 [main] DEBUG f.i.s.r.p.s.c.CheckoutPatchedBuild - STEP 2/22: CheckoutPatchedBuildCandidate
08:31:53.511 [main] DEBUG f.i.s.r.p.s.c.CheckoutPatchedBuild - ----------------------------------------------------------------------
08:31:53.511 [main] DEBUG f.i.s.r.p.s.c.CheckoutPatchedBuild - Checking out patched build candidate...
08:31:53.834 [main] INFO  fr.inria.jtravis.JTravis - GitHub ratelimit: Limit: 5000 Remaining: 4920 Reset hour: 19:20:33
08:31:55.998 [main] DEBUG f.i.s.r.p.s.c.CheckoutPatchedBuild - Reproduce the PR for apache/incubator-servicecomb-java-chassis by fetching remote branch and merging.
08:31:57.101 [main] ERROR f.i.s.r.p.s.c.CheckoutPatchedBuild - Error while testing commit: org.eclipse.jgit.errors.MissingObjectException: Missing unknown a96ba8d38f0634fbb02cc4529301652250fdbc41
08:31:57.102 [main] ERROR f.i.s.r.p.s.c.CheckoutPatchedBuild - Commit head ref cannot be retrieved from the repository: a96ba8d38f0634fbb02cc4529301652250fdbc41. Operation aborted.
08:31:57.103 [main] ERROR f.i.s.r.p.s.c.CheckoutPatchedBuild - Error while merging two commits to reproduce the PR.
08:31:57.103 [main] DEBUG f.i.s.r.p.s.c.CheckoutPatchedBuild - STEP STATUS: [ CheckoutPatchedBuildCandidate : FAILURE ( BUILDNOTCHECKEDOUT ) ]
08:31:57.104 [main] DEBUG f.i.s.r.p.s.c.CheckoutPatchedBuild - STEP DURATION: 3s
08:31:57.104 [main] DEBUG f.i.s.r.p.s.c.CheckoutPatchedBuild - TERMINATE PIPELINE
08:31:57.104 [main] DEBUG f.i.s.r.p.s.c.CheckoutPatchedBuild - FINAL STEPS SKIPPED: The reproduction of the bug and/or the patch failed.
08:31:57.104 [main] INFO  f.i.s.r.p.s.c.CheckoutPatchedBuild - Serialize all data for the pair of builds 333610046, 335516180
08:31:57.231 [main] INFO  fr.inria.jtravis.JTravis - GitHub ratelimit: Limit: 5000 Remaining: 4913 Reset hour: 19:20:33
08:31:58.112 [main] INFO  f.i.s.r.p.i.ProjectInspector - ----------------------------------------------------------------------
08:31:58.113 [main] INFO  f.i.s.r.p.i.ProjectInspector - PIPELINE EXECUTION SUMMARY
08:31:58.113 [main] INFO  f.i.s.r.p.i.ProjectInspector - ----------------------------------------------------------------------
08:31:58.113 [main] INFO  f.i.s.r.p.i.ProjectInspector - CloneRepository.......................................SUCCESS [ 10 s ]
08:31:58.113 [main] INFO  f.i.s.r.p.i.ProjectInspector - CheckoutPatchedBuildCandidate.........................FAILURE [  3 s ]
08:31:58.113 [main] INFO  f.i.s.r.p.i.ProjectInspector - ComputeSourceDir......................................NOT RUN         
08:31:58.114 [main] INFO  f.i.s.r.p.i.ProjectInspector - ComputeTestDir........................................NOT RUN         
08:31:58.114 [main] INFO  f.i.s.r.p.i.ProjectInspector - CheckoutBuggyBuildCandidateSourceCode.................NOT RUN         
08:31:58.114 [main] INFO  f.i.s.r.p.i.ProjectInspector - BuildProjectBuggyBuildCandidateSourceCode.............NOT RUN         
08:31:58.114 [main] INFO  f.i.s.r.p.i.ProjectInspector - TestProjectBuggyBuildCandidateSourceCode..............NOT RUN         
08:31:58.114 [main] INFO  f.i.s.r.p.i.ProjectInspector - GatherTestInformationBuggyBuildCandidateSourceCode....NOT RUN         
08:31:58.114 [main] INFO  f.i.s.r.p.i.ProjectInspector - CheckoutBuggyBuildTestCode............................NOT RUN         
08:31:58.114 [main] INFO  f.i.s.r.p.i.ProjectInspector - InitRepoToPush........................................NOT RUN         
08:31:58.114 [main] INFO  f.i.s.r.p.i.ProjectInspector - ComputeClasspath......................................NOT RUN         
08:31:58.114 [main] INFO  f.i.s.r.p.i.ProjectInspector - ComputeModules........................................NOT RUN         
08:31:58.115 [main] INFO  f.i.s.r.p.i.ProjectInspector - CheckoutBuggyBuildCandidateSourceCode.................NOT RUN         
08:31:58.115 [main] INFO  f.i.s.r.p.i.ProjectInspector - CommitChangedTests....................................NOT RUN         
08:31:58.115 [main] INFO  f.i.s.r.p.i.ProjectInspector - CheckoutPatchedBuildCandidate.........................NOT RUN         
08:31:58.115 [main] INFO  f.i.s.r.p.i.ProjectInspector - BuildProjectPatchedBuildCandidate.....................NOT RUN         
08:31:58.115 [main] INFO  f.i.s.r.p.i.ProjectInspector - TestProjectPatchedBuildCandidate......................NOT RUN         
08:31:58.115 [main] INFO  f.i.s.r.p.i.ProjectInspector - GatherTestInformationPatchedBuildCandidate............NOT RUN         
08:31:58.115 [main] INFO  f.i.s.r.p.i.ProjectInspector - CommitPatch...........................................NOT RUN         
08:31:58.115 [main] INFO  f.i.s.r.p.i.ProjectInspector - WritePropertyFile.....................................NOT RUN         
08:31:58.115 [main] INFO  f.i.s.r.p.i.ProjectInspector - CommitProcessEnd......................................NOT RUN         
08:31:58.115 [main] INFO  f.i.s.r.p.i.ProjectInspector - PushProcessEnd........................................NOT RUN         
08:31:58.116 [main] INFO  f.i.s.r.p.i.ProjectInspector - ----------------------------------------------------------------------
08:31:58.116 [main] INFO  f.i.s.r.p.i.ProjectInspector - PIPELINE FINDING: BUILDNOTCHECKEDOUT
08:31:58.116 [main] INFO  f.i.s.r.p.i.ProjectInspector - ----------------------------------------------------------------------
08:31:58.116 [main] INFO  f.i.s.repairnator.pipeline.Launcher - Inspector is finished. The process will exit now.
