23:32:48.638 [main] INFO  f.i.s.repairnator.pipeline.Launcher - PIPELINE VERSION: 3.0-2018-08-09 19:04
23:32:48.883 [main] INFO  f.i.s.repairnator.pipeline.Launcher - The pipeline will try to reproduce a bug from build 332376577 and its corresponding patch from build 333193040
23:32:48.886 [main] INFO  f.i.s.repairnator.pipeline.Launcher - Initialize file serializer engines.
23:32:48.893 [main] INFO  f.i.s.repairnator.pipeline.Launcher - MongoDB won't be used for serialization.
23:32:48.894 [main] INFO  f.i.s.repairnator.pipeline.Launcher - The email notifier engine won't be used.
23:32:48.917 [main] INFO  f.i.s.repairnator.pipeline.Launcher - Start by getting the build (buildId: 332376577) with the following config: RepairnatorConfig{runId='e37d2f70-f43d-494e-93aa-3a56dc324afd_01-18-week4-PASSING_AND_PASSING', launcherMode=BEARS, serializeJson=true, inputPath='null', outputPath='/var/log', mongodbHost='null', mongodbName='repairnator', smtpServer='null', notifyTo=[], notifyEndProcess=false, push=true, pushRemoteRepo='https://github.com/fermadeiral/bears-collection-pp', fork=false, lookFromDate=null, lookToDate=null, buildId=332376577, z3solverPath='./z3_for_linux', workspacePath='./workspace', githubToken='c8a341a903[...]', dockerImageName='null', skipDelete=false, createOutputDir=false, logDirectory='null', nbThreads=0, globalTimeout=0, whiteList=null, blackList=null, jobSleepTime=0, buildSleepTime=0, maxInspectedBuilds=0, duration=null, humanPatch=false, repository='null', clean=true, bearsMode=BOTH, bearsDelimiter = false, repairTools=NopolAllTests,NPEFix,AssertFixer,AstorJGenProg,AstorJKali,NopolSingleTest,AstorJMut,NopolTestExclusionStrategy, githubUserName= fermadeiral, githubUserEmail=fer.madeiral@gmail.com}
23:32:50.486 [main] DEBUG fr.inria.jtravis.helpers.BuildHelper - Get request to :https://api.travis-ci.org/build/332376577 done after 892 ms
23:32:50.715 [main] DEBUG fr.inria.jtravis.helpers.BuildHelper - Get request to :https://api.travis-ci.org/build/333193040 done after 133 ms
23:32:50.737 [main] INFO  f.i.s.repairnator.pipeline.Launcher - The patched build (333193040) was successfully retrieved from Travis.
23:32:51.783 [main] INFO  fr.inria.jtravis.JTravis - GitHub ratelimit: Limit: 5000 Remaining: 4542 Reset hour: 19:20:03
23:32:52.071 [main] INFO  f.i.s.r.p.i.ProjectInspector - ----------------------------------------------------------------------
23:32:52.071 [main] INFO  f.i.s.r.p.i.ProjectInspector - PIPELINE STEPS
23:32:52.071 [main] INFO  f.i.s.r.p.i.ProjectInspector - ----------------------------------------------------------------------
23:32:52.071 [main] INFO  f.i.s.r.p.i.ProjectInspector - CloneRepository
23:32:52.071 [main] INFO  f.i.s.r.p.i.ProjectInspector - CheckoutPatchedBuildCandidate
23:32:52.072 [main] INFO  f.i.s.r.p.i.ProjectInspector - ComputeSourceDir
23:32:52.072 [main] INFO  f.i.s.r.p.i.ProjectInspector - ComputeTestDir
23:32:52.072 [main] INFO  f.i.s.r.p.i.ProjectInspector - CheckoutBuggyBuildCandidateSourceCode
23:32:52.072 [main] INFO  f.i.s.r.p.i.ProjectInspector - BuildProjectBuggyBuildCandidateSourceCode
23:32:52.072 [main] INFO  f.i.s.r.p.i.ProjectInspector - TestProjectBuggyBuildCandidateSourceCode
23:32:52.073 [main] INFO  f.i.s.r.p.i.ProjectInspector - GatherTestInformationBuggyBuildCandidateSourceCode
23:32:52.073 [main] INFO  f.i.s.r.p.i.ProjectInspector - CheckoutBuggyBuildTestCode
23:32:52.073 [main] INFO  f.i.s.r.p.i.ProjectInspector - InitRepoToPush
23:32:52.073 [main] INFO  f.i.s.r.p.i.ProjectInspector - ComputeClasspath
23:32:52.073 [main] INFO  f.i.s.r.p.i.ProjectInspector - ComputeModules
23:32:52.074 [main] INFO  f.i.s.r.p.i.ProjectInspector - CheckoutBuggyBuildCandidateSourceCode
23:32:52.074 [main] INFO  f.i.s.r.p.i.ProjectInspector - CommitChangedTests
23:32:52.074 [main] INFO  f.i.s.r.p.i.ProjectInspector - CheckoutPatchedBuildCandidate
23:32:52.074 [main] INFO  f.i.s.r.p.i.ProjectInspector - BuildProjectPatchedBuildCandidate
23:32:52.074 [main] INFO  f.i.s.r.p.i.ProjectInspector - TestProjectPatchedBuildCandidate
23:32:52.074 [main] INFO  f.i.s.r.p.i.ProjectInspector - GatherTestInformationPatchedBuildCandidate
23:32:52.075 [main] INFO  f.i.s.r.p.i.ProjectInspector - CommitPatch
23:32:52.075 [main] INFO  f.i.s.r.p.i.ProjectInspector - WritePropertyFile
23:32:52.076 [main] INFO  f.i.s.r.p.i.ProjectInspector - CommitProcessEnd
23:32:52.076 [main] INFO  f.i.s.r.p.i.ProjectInspector - PushProcessEnd
23:32:52.076 [main] DEBUG f.i.s.r.process.step.CloneRepository - ----------------------------------------------------------------------
23:32:52.076 [main] DEBUG f.i.s.r.process.step.CloneRepository - STEP 1/22: CloneRepository
23:32:52.077 [main] DEBUG f.i.s.r.process.step.CloneRepository - ----------------------------------------------------------------------
23:32:52.077 [main] DEBUG f.i.s.r.process.step.CloneRepository - Cloning repository apache/flink in the following directory: ./workspace/apache/flink/332376577
23:33:55.026 [main] DEBUG f.i.s.r.process.step.CloneRepository - STEP STATUS: [ CloneRepository : SUCCESS ]
23:33:55.026 [main] DEBUG f.i.s.r.process.step.CloneRepository - STEP DURATION: 62s
23:33:55.027 [main] DEBUG f.i.s.r.process.step.CloneRepository - EXECUTE NEXT STEP
23:33:55.027 [main] DEBUG f.i.s.r.p.s.c.CheckoutPatchedBuild - ----------------------------------------------------------------------
23:33:55.027 [main] DEBUG f.i.s.r.p.s.c.CheckoutPatchedBuild - STEP 2/22: CheckoutPatchedBuildCandidate
23:33:55.027 [main] DEBUG f.i.s.r.p.s.c.CheckoutPatchedBuild - ----------------------------------------------------------------------
23:33:55.027 [main] DEBUG f.i.s.r.p.s.c.CheckoutPatchedBuild - Checking out patched build candidate...
23:33:55.379 [main] INFO  fr.inria.jtravis.JTravis - GitHub ratelimit: Limit: 5000 Remaining: 4541 Reset hour: 19:20:03
23:33:58.504 [main] DEBUG f.i.s.r.p.s.c.CheckoutPatchedBuild - Reproduce the PR for apache/flink by fetching remote branch and merging.
23:34:00.904 [main] ERROR f.i.s.r.p.s.c.CheckoutPatchedBuild - Error while testing commit: org.eclipse.jgit.errors.MissingObjectException: Missing unknown a5dcf42e1916df709a73c8134be83883037075b8
23:34:00.906 [main] ERROR f.i.s.r.p.s.c.CheckoutPatchedBuild - Commit head ref cannot be retrieved from the repository: a5dcf42e1916df709a73c8134be83883037075b8. Operation aborted.
23:34:00.906 [main] ERROR f.i.s.r.p.s.c.CheckoutPatchedBuild - Error while merging two commits to reproduce the PR.
23:34:00.907 [main] DEBUG f.i.s.r.p.s.c.CheckoutPatchedBuild - STEP STATUS: [ CheckoutPatchedBuildCandidate : FAILURE ( BUILDNOTCHECKEDOUT ) ]
23:34:00.908 [main] DEBUG f.i.s.r.p.s.c.CheckoutPatchedBuild - STEP DURATION: 5s
23:34:00.908 [main] DEBUG f.i.s.r.p.s.c.CheckoutPatchedBuild - TERMINATE PIPELINE
23:34:00.908 [main] DEBUG f.i.s.r.p.s.c.CheckoutPatchedBuild - FINAL STEPS SKIPPED: The reproduction of the bug and/or the patch failed.
23:34:00.909 [main] INFO  f.i.s.r.p.s.c.CheckoutPatchedBuild - Serialize all data for the pair of builds 332376577, 333193040
23:34:01.038 [main] INFO  fr.inria.jtravis.JTravis - GitHub ratelimit: Limit: 5000 Remaining: 4534 Reset hour: 19:20:03
23:34:02.928 [main] INFO  f.i.s.r.p.i.ProjectInspector - ----------------------------------------------------------------------
23:34:02.928 [main] INFO  f.i.s.r.p.i.ProjectInspector - PIPELINE EXECUTION SUMMARY
23:34:02.928 [main] INFO  f.i.s.r.p.i.ProjectInspector - ----------------------------------------------------------------------
23:34:02.929 [main] INFO  f.i.s.r.p.i.ProjectInspector - CloneRepository.......................................SUCCESS [ 62 s ]
23:34:02.929 [main] INFO  f.i.s.r.p.i.ProjectInspector - CheckoutPatchedBuildCandidate.........................FAILURE [  5 s ]
23:34:02.929 [main] INFO  f.i.s.r.p.i.ProjectInspector - ComputeSourceDir......................................NOT RUN         
23:34:02.929 [main] INFO  f.i.s.r.p.i.ProjectInspector - ComputeTestDir........................................NOT RUN         
23:34:02.929 [main] INFO  f.i.s.r.p.i.ProjectInspector - CheckoutBuggyBuildCandidateSourceCode.................NOT RUN         
23:34:02.929 [main] INFO  f.i.s.r.p.i.ProjectInspector - BuildProjectBuggyBuildCandidateSourceCode.............NOT RUN         
23:34:02.930 [main] INFO  f.i.s.r.p.i.ProjectInspector - TestProjectBuggyBuildCandidateSourceCode..............NOT RUN         
23:34:02.930 [main] INFO  f.i.s.r.p.i.ProjectInspector - GatherTestInformationBuggyBuildCandidateSourceCode....NOT RUN         
23:34:02.930 [main] INFO  f.i.s.r.p.i.ProjectInspector - CheckoutBuggyBuildTestCode............................NOT RUN         
23:34:02.930 [main] INFO  f.i.s.r.p.i.ProjectInspector - InitRepoToPush........................................NOT RUN         
23:34:02.930 [main] INFO  f.i.s.r.p.i.ProjectInspector - ComputeClasspath......................................NOT RUN         
23:34:02.930 [main] INFO  f.i.s.r.p.i.ProjectInspector - ComputeModules........................................NOT RUN         
23:34:02.930 [main] INFO  f.i.s.r.p.i.ProjectInspector - CheckoutBuggyBuildCandidateSourceCode.................NOT RUN         
23:34:02.931 [main] INFO  f.i.s.r.p.i.ProjectInspector - CommitChangedTests....................................NOT RUN         
23:34:02.931 [main] INFO  f.i.s.r.p.i.ProjectInspector - CheckoutPatchedBuildCandidate.........................NOT RUN         
23:34:02.931 [main] INFO  f.i.s.r.p.i.ProjectInspector - BuildProjectPatchedBuildCandidate.....................NOT RUN         
23:34:02.931 [main] INFO  f.i.s.r.p.i.ProjectInspector - TestProjectPatchedBuildCandidate......................NOT RUN         
23:34:02.931 [main] INFO  f.i.s.r.p.i.ProjectInspector - GatherTestInformationPatchedBuildCandidate............NOT RUN         
23:34:02.931 [main] INFO  f.i.s.r.p.i.ProjectInspector - CommitPatch...........................................NOT RUN         
23:34:02.932 [main] INFO  f.i.s.r.p.i.ProjectInspector - WritePropertyFile.....................................NOT RUN         
23:34:02.932 [main] INFO  f.i.s.r.p.i.ProjectInspector - CommitProcessEnd......................................NOT RUN         
23:34:02.932 [main] INFO  f.i.s.r.p.i.ProjectInspector - PushProcessEnd........................................NOT RUN         
23:34:02.932 [main] INFO  f.i.s.r.p.i.ProjectInspector - ----------------------------------------------------------------------
23:34:02.932 [main] INFO  f.i.s.r.p.i.ProjectInspector - PIPELINE FINDING: BUILDNOTCHECKEDOUT
23:34:02.932 [main] INFO  f.i.s.r.p.i.ProjectInspector - ----------------------------------------------------------------------
23:34:02.933 [main] INFO  f.i.s.repairnator.pipeline.Launcher - Inspector is finished. The process will exit now.
