08:18:28.724 [main] INFO  f.i.s.repairnator.pipeline.Launcher - PIPELINE VERSION: 3.0-2018-08-09 19:04
08:18:28.923 [main] INFO  f.i.s.repairnator.pipeline.Launcher - The pipeline will try to reproduce a bug from build 354558423 and its corresponding patch from build 355205163
08:18:28.924 [main] INFO  f.i.s.repairnator.pipeline.Launcher - Initialize file serializer engines.
08:18:28.926 [main] INFO  f.i.s.repairnator.pipeline.Launcher - MongoDB won't be used for serialization.
08:18:28.926 [main] INFO  f.i.s.repairnator.pipeline.Launcher - The email notifier engine won't be used.
08:18:28.931 [main] INFO  f.i.s.repairnator.pipeline.Launcher - Start by getting the build (buildId: 354558423) with the following config: RepairnatorConfig{runId='e853272b-bf8e-41a0-b5a0-9d347947f4f6_03-18-week3-PASSING_AND_PASSING', launcherMode=BEARS, serializeJson=true, inputPath='null', outputPath='/var/log', mongodbHost='null', mongodbName='repairnator', smtpServer='null', notifyTo=[], notifyEndProcess=false, push=true, pushRemoteRepo='https://github.com/fermadeiral/bears-collection-pp', fork=false, lookFromDate=null, lookToDate=null, buildId=354558423, z3solverPath='./z3_for_linux', workspacePath='./workspace', githubToken='c8a341a903[...]', dockerImageName='null', skipDelete=false, createOutputDir=false, logDirectory='null', nbThreads=0, globalTimeout=0, whiteList=null, blackList=null, jobSleepTime=0, buildSleepTime=0, maxInspectedBuilds=0, duration=null, humanPatch=false, repository='null', clean=true, bearsMode=BOTH, bearsDelimiter = false, repairTools=NopolAllTests,NPEFix,AssertFixer,AstorJGenProg,AstorJKali,NopolSingleTest,AstorJMut,NopolTestExclusionStrategy, githubUserName= fermadeiral, githubUserEmail=fer.madeiral@gmail.com}
08:18:30.413 [main] DEBUG fr.inria.jtravis.helpers.BuildHelper - Get request to :https://api.travis-ci.org/build/354558423 done after 793 ms
08:18:30.733 [main] DEBUG fr.inria.jtravis.helpers.BuildHelper - Get request to :https://api.travis-ci.org/build/355205163 done after 138 ms
08:18:30.753 [main] INFO  f.i.s.repairnator.pipeline.Launcher - The patched build (355205163) was successfully retrieved from Travis.
08:18:32.080 [main] INFO  fr.inria.jtravis.JTravis - GitHub ratelimit: Limit: 5000 Remaining: 4233 Reset hour: 19:33:30
08:18:32.413 [main] INFO  f.i.s.r.p.i.ProjectInspector - ----------------------------------------------------------------------
08:18:32.414 [main] INFO  f.i.s.r.p.i.ProjectInspector - PIPELINE STEPS
08:18:32.414 [main] INFO  f.i.s.r.p.i.ProjectInspector - ----------------------------------------------------------------------
08:18:32.415 [main] INFO  f.i.s.r.p.i.ProjectInspector - CloneRepository
08:18:32.415 [main] INFO  f.i.s.r.p.i.ProjectInspector - CheckoutPatchedBuildCandidate
08:18:32.416 [main] INFO  f.i.s.r.p.i.ProjectInspector - ComputeSourceDir
08:18:32.416 [main] INFO  f.i.s.r.p.i.ProjectInspector - ComputeTestDir
08:18:32.417 [main] INFO  f.i.s.r.p.i.ProjectInspector - CheckoutBuggyBuildCandidateSourceCode
08:18:32.417 [main] INFO  f.i.s.r.p.i.ProjectInspector - BuildProjectBuggyBuildCandidateSourceCode
08:18:32.418 [main] INFO  f.i.s.r.p.i.ProjectInspector - TestProjectBuggyBuildCandidateSourceCode
08:18:32.418 [main] INFO  f.i.s.r.p.i.ProjectInspector - GatherTestInformationBuggyBuildCandidateSourceCode
08:18:32.419 [main] INFO  f.i.s.r.p.i.ProjectInspector - CheckoutBuggyBuildTestCode
08:18:32.419 [main] INFO  f.i.s.r.p.i.ProjectInspector - InitRepoToPush
08:18:32.420 [main] INFO  f.i.s.r.p.i.ProjectInspector - ComputeClasspath
08:18:32.420 [main] INFO  f.i.s.r.p.i.ProjectInspector - ComputeModules
08:18:32.421 [main] INFO  f.i.s.r.p.i.ProjectInspector - CheckoutBuggyBuildCandidateSourceCode
08:18:32.421 [main] INFO  f.i.s.r.p.i.ProjectInspector - CommitChangedTests
08:18:32.422 [main] INFO  f.i.s.r.p.i.ProjectInspector - CheckoutPatchedBuildCandidate
08:18:32.422 [main] INFO  f.i.s.r.p.i.ProjectInspector - BuildProjectPatchedBuildCandidate
08:18:32.423 [main] INFO  f.i.s.r.p.i.ProjectInspector - TestProjectPatchedBuildCandidate
08:18:32.423 [main] INFO  f.i.s.r.p.i.ProjectInspector - GatherTestInformationPatchedBuildCandidate
08:18:32.424 [main] INFO  f.i.s.r.p.i.ProjectInspector - CommitPatch
08:18:32.424 [main] INFO  f.i.s.r.p.i.ProjectInspector - WritePropertyFile
08:18:32.425 [main] INFO  f.i.s.r.p.i.ProjectInspector - CommitProcessEnd
08:18:32.425 [main] INFO  f.i.s.r.p.i.ProjectInspector - PushProcessEnd
08:18:32.426 [main] DEBUG f.i.s.r.process.step.CloneRepository - ----------------------------------------------------------------------
08:18:32.426 [main] DEBUG f.i.s.r.process.step.CloneRepository - STEP 1/22: CloneRepository
08:18:32.427 [main] DEBUG f.i.s.r.process.step.CloneRepository - ----------------------------------------------------------------------
08:18:32.428 [main] DEBUG f.i.s.r.process.step.CloneRepository - Cloning repository runelite/runelite in the following directory: ./workspace/runelite/runelite/354558423
08:18:43.033 [main] DEBUG f.i.s.r.process.step.CloneRepository - STEP STATUS: [ CloneRepository : SUCCESS ]
08:18:43.034 [main] DEBUG f.i.s.r.process.step.CloneRepository - STEP DURATION: 10s
08:18:43.034 [main] DEBUG f.i.s.r.process.step.CloneRepository - EXECUTE NEXT STEP
08:18:43.035 [main] DEBUG f.i.s.r.p.s.c.CheckoutPatchedBuild - ----------------------------------------------------------------------
08:18:43.035 [main] DEBUG f.i.s.r.p.s.c.CheckoutPatchedBuild - STEP 2/22: CheckoutPatchedBuildCandidate
08:18:43.036 [main] DEBUG f.i.s.r.p.s.c.CheckoutPatchedBuild - ----------------------------------------------------------------------
08:18:43.036 [main] DEBUG f.i.s.r.p.s.c.CheckoutPatchedBuild - Checking out patched build candidate...
08:18:43.358 [main] INFO  fr.inria.jtravis.JTravis - GitHub ratelimit: Limit: 5000 Remaining: 4232 Reset hour: 19:33:30
08:18:43.759 [main] WARN  f.i.j.helpers.PullRequestHelper - The head repository is null: maybe it has been deleted from GitHub
08:18:43.759 [main] ERROR f.i.s.r.p.s.c.CheckoutPatchedBuild - Error while getting PR information.
08:18:43.760 [main] DEBUG f.i.s.r.p.s.c.CheckoutPatchedBuild - STEP STATUS: [ CheckoutPatchedBuildCandidate : FAILURE ( BUILDNOTCHECKEDOUT ) ]
08:18:43.761 [main] DEBUG f.i.s.r.p.s.c.CheckoutPatchedBuild - STEP DURATION: 0s
08:18:43.761 [main] DEBUG f.i.s.r.p.s.c.CheckoutPatchedBuild - TERMINATE PIPELINE
08:18:43.762 [main] DEBUG f.i.s.r.p.s.c.CheckoutPatchedBuild - FINAL STEPS SKIPPED: The reproduction of the bug and/or the patch failed.
08:18:43.762 [main] INFO  f.i.s.r.p.s.c.CheckoutPatchedBuild - Serialize all data for the pair of builds 354558423, 355205163
08:18:43.884 [main] INFO  fr.inria.jtravis.JTravis - GitHub ratelimit: Limit: 5000 Remaining: 4228 Reset hour: 19:33:30
08:18:44.754 [main] INFO  f.i.s.r.p.i.ProjectInspector - ----------------------------------------------------------------------
08:18:44.755 [main] INFO  f.i.s.r.p.i.ProjectInspector - PIPELINE EXECUTION SUMMARY
08:18:44.755 [main] INFO  f.i.s.r.p.i.ProjectInspector - ----------------------------------------------------------------------
08:18:44.756 [main] INFO  f.i.s.r.p.i.ProjectInspector - CloneRepository.......................................SUCCESS [ 10 s ]
08:18:44.756 [main] INFO  f.i.s.r.p.i.ProjectInspector - CheckoutPatchedBuildCandidate.........................FAILURE [  0 s ]
08:18:44.756 [main] INFO  f.i.s.r.p.i.ProjectInspector - ComputeSourceDir......................................NOT RUN         
08:18:44.757 [main] INFO  f.i.s.r.p.i.ProjectInspector - ComputeTestDir........................................NOT RUN         
08:18:44.757 [main] INFO  f.i.s.r.p.i.ProjectInspector - CheckoutBuggyBuildCandidateSourceCode.................NOT RUN         
08:18:44.757 [main] INFO  f.i.s.r.p.i.ProjectInspector - BuildProjectBuggyBuildCandidateSourceCode.............NOT RUN         
08:18:44.757 [main] INFO  f.i.s.r.p.i.ProjectInspector - TestProjectBuggyBuildCandidateSourceCode..............NOT RUN         
08:18:44.758 [main] INFO  f.i.s.r.p.i.ProjectInspector - GatherTestInformationBuggyBuildCandidateSourceCode....NOT RUN         
08:18:44.758 [main] INFO  f.i.s.r.p.i.ProjectInspector - CheckoutBuggyBuildTestCode............................NOT RUN         
08:18:44.758 [main] INFO  f.i.s.r.p.i.ProjectInspector - InitRepoToPush........................................NOT RUN         
08:18:44.758 [main] INFO  f.i.s.r.p.i.ProjectInspector - ComputeClasspath......................................NOT RUN         
08:18:44.758 [main] INFO  f.i.s.r.p.i.ProjectInspector - ComputeModules........................................NOT RUN         
08:18:44.759 [main] INFO  f.i.s.r.p.i.ProjectInspector - CheckoutBuggyBuildCandidateSourceCode.................NOT RUN         
08:18:44.759 [main] INFO  f.i.s.r.p.i.ProjectInspector - CommitChangedTests....................................NOT RUN         
08:18:44.759 [main] INFO  f.i.s.r.p.i.ProjectInspector - CheckoutPatchedBuildCandidate.........................NOT RUN         
08:18:44.759 [main] INFO  f.i.s.r.p.i.ProjectInspector - BuildProjectPatchedBuildCandidate.....................NOT RUN         
08:18:44.759 [main] INFO  f.i.s.r.p.i.ProjectInspector - TestProjectPatchedBuildCandidate......................NOT RUN         
08:18:44.760 [main] INFO  f.i.s.r.p.i.ProjectInspector - GatherTestInformationPatchedBuildCandidate............NOT RUN         
08:18:44.760 [main] INFO  f.i.s.r.p.i.ProjectInspector - CommitPatch...........................................NOT RUN         
08:18:44.760 [main] INFO  f.i.s.r.p.i.ProjectInspector - WritePropertyFile.....................................NOT RUN         
08:18:44.760 [main] INFO  f.i.s.r.p.i.ProjectInspector - CommitProcessEnd......................................NOT RUN         
08:18:44.761 [main] INFO  f.i.s.r.p.i.ProjectInspector - PushProcessEnd........................................NOT RUN         
08:18:44.761 [main] INFO  f.i.s.r.p.i.ProjectInspector - ----------------------------------------------------------------------
08:18:44.761 [main] INFO  f.i.s.r.p.i.ProjectInspector - PIPELINE FINDING: BUILDNOTCHECKEDOUT
08:18:44.761 [main] INFO  f.i.s.r.p.i.ProjectInspector - ----------------------------------------------------------------------
08:18:44.761 [main] INFO  f.i.s.repairnator.pipeline.Launcher - Inspector is finished. The process will exit now.
