08:17:52.513 [main] INFO  f.i.s.repairnator.pipeline.Launcher - PIPELINE VERSION: 3.0-2018-08-09 19:04
08:17:52.695 [main] INFO  f.i.s.repairnator.pipeline.Launcher - The pipeline will try to reproduce a bug from build 344450885 and its corresponding patch from build 355430008
08:17:52.696 [main] INFO  f.i.s.repairnator.pipeline.Launcher - Initialize file serializer engines.
08:17:52.698 [main] INFO  f.i.s.repairnator.pipeline.Launcher - MongoDB won't be used for serialization.
08:17:52.699 [main] INFO  f.i.s.repairnator.pipeline.Launcher - The email notifier engine won't be used.
08:17:52.703 [main] INFO  f.i.s.repairnator.pipeline.Launcher - Start by getting the build (buildId: 344450885) with the following config: RepairnatorConfig{runId='e853272b-bf8e-41a0-b5a0-9d347947f4f6_03-18-week3-PASSING_AND_PASSING', launcherMode=BEARS, serializeJson=true, inputPath='null', outputPath='/var/log', mongodbHost='null', mongodbName='repairnator', smtpServer='null', notifyTo=[], notifyEndProcess=false, push=true, pushRemoteRepo='https://github.com/fermadeiral/bears-collection-pp', fork=false, lookFromDate=null, lookToDate=null, buildId=344450885, z3solverPath='./z3_for_linux', workspacePath='./workspace', githubToken='c8a341a903[...]', dockerImageName='null', skipDelete=false, createOutputDir=false, logDirectory='null', nbThreads=0, globalTimeout=0, whiteList=null, blackList=null, jobSleepTime=0, buildSleepTime=0, maxInspectedBuilds=0, duration=null, humanPatch=false, repository='null', clean=true, bearsMode=BOTH, bearsDelimiter = false, repairTools=NopolAllTests,NPEFix,AssertFixer,AstorJGenProg,AstorJKali,NopolSingleTest,AstorJMut,NopolTestExclusionStrategy, githubUserName= fermadeiral, githubUserEmail=fer.madeiral@gmail.com}
08:17:54.362 [main] DEBUG fr.inria.jtravis.helpers.BuildHelper - Get request to :https://api.travis-ci.org/build/344450885 done after 997 ms
08:17:54.653 [main] DEBUG fr.inria.jtravis.helpers.BuildHelper - Get request to :https://api.travis-ci.org/build/355430008 done after 141 ms
08:17:54.670 [main] INFO  f.i.s.repairnator.pipeline.Launcher - The patched build (355430008) was successfully retrieved from Travis.
08:17:56.034 [main] INFO  fr.inria.jtravis.JTravis - GitHub ratelimit: Limit: 5000 Remaining: 4248 Reset hour: 19:33:30
08:17:56.334 [main] INFO  f.i.s.r.p.i.ProjectInspector - ----------------------------------------------------------------------
08:17:56.335 [main] INFO  f.i.s.r.p.i.ProjectInspector - PIPELINE STEPS
08:17:56.335 [main] INFO  f.i.s.r.p.i.ProjectInspector - ----------------------------------------------------------------------
08:17:56.335 [main] INFO  f.i.s.r.p.i.ProjectInspector - CloneRepository
08:17:56.336 [main] INFO  f.i.s.r.p.i.ProjectInspector - CheckoutPatchedBuildCandidate
08:17:56.336 [main] INFO  f.i.s.r.p.i.ProjectInspector - ComputeSourceDir
08:17:56.336 [main] INFO  f.i.s.r.p.i.ProjectInspector - ComputeTestDir
08:17:56.336 [main] INFO  f.i.s.r.p.i.ProjectInspector - CheckoutBuggyBuildCandidateSourceCode
08:17:56.337 [main] INFO  f.i.s.r.p.i.ProjectInspector - BuildProjectBuggyBuildCandidateSourceCode
08:17:56.337 [main] INFO  f.i.s.r.p.i.ProjectInspector - TestProjectBuggyBuildCandidateSourceCode
08:17:56.337 [main] INFO  f.i.s.r.p.i.ProjectInspector - GatherTestInformationBuggyBuildCandidateSourceCode
08:17:56.337 [main] INFO  f.i.s.r.p.i.ProjectInspector - CheckoutBuggyBuildTestCode
08:17:56.338 [main] INFO  f.i.s.r.p.i.ProjectInspector - InitRepoToPush
08:17:56.338 [main] INFO  f.i.s.r.p.i.ProjectInspector - ComputeClasspath
08:17:56.338 [main] INFO  f.i.s.r.p.i.ProjectInspector - ComputeModules
08:17:56.338 [main] INFO  f.i.s.r.p.i.ProjectInspector - CheckoutBuggyBuildCandidateSourceCode
08:17:56.338 [main] INFO  f.i.s.r.p.i.ProjectInspector - CommitChangedTests
08:17:56.339 [main] INFO  f.i.s.r.p.i.ProjectInspector - CheckoutPatchedBuildCandidate
08:17:56.339 [main] INFO  f.i.s.r.p.i.ProjectInspector - BuildProjectPatchedBuildCandidate
08:17:56.339 [main] INFO  f.i.s.r.p.i.ProjectInspector - TestProjectPatchedBuildCandidate
08:17:56.339 [main] INFO  f.i.s.r.p.i.ProjectInspector - GatherTestInformationPatchedBuildCandidate
08:17:56.340 [main] INFO  f.i.s.r.p.i.ProjectInspector - CommitPatch
08:17:56.340 [main] INFO  f.i.s.r.p.i.ProjectInspector - WritePropertyFile
08:17:56.340 [main] INFO  f.i.s.r.p.i.ProjectInspector - CommitProcessEnd
08:17:56.341 [main] INFO  f.i.s.r.p.i.ProjectInspector - PushProcessEnd
08:17:56.341 [main] DEBUG f.i.s.r.process.step.CloneRepository - ----------------------------------------------------------------------
08:17:56.342 [main] DEBUG f.i.s.r.process.step.CloneRepository - STEP 1/22: CloneRepository
08:17:56.342 [main] DEBUG f.i.s.r.process.step.CloneRepository - ----------------------------------------------------------------------
08:17:56.343 [main] DEBUG f.i.s.r.process.step.CloneRepository - Cloning repository runelite/runelite in the following directory: ./workspace/runelite/runelite/344450885
08:18:07.181 [main] DEBUG f.i.s.r.process.step.CloneRepository - STEP STATUS: [ CloneRepository : SUCCESS ]
08:18:07.181 [main] DEBUG f.i.s.r.process.step.CloneRepository - STEP DURATION: 10s
08:18:07.182 [main] DEBUG f.i.s.r.process.step.CloneRepository - EXECUTE NEXT STEP
08:18:07.183 [main] DEBUG f.i.s.r.p.s.c.CheckoutPatchedBuild - ----------------------------------------------------------------------
08:18:07.184 [main] DEBUG f.i.s.r.p.s.c.CheckoutPatchedBuild - STEP 2/22: CheckoutPatchedBuildCandidate
08:18:07.185 [main] DEBUG f.i.s.r.p.s.c.CheckoutPatchedBuild - ----------------------------------------------------------------------
08:18:07.185 [main] DEBUG f.i.s.r.p.s.c.CheckoutPatchedBuild - Checking out patched build candidate...
08:18:07.583 [main] INFO  fr.inria.jtravis.JTravis - GitHub ratelimit: Limit: 5000 Remaining: 4247 Reset hour: 19:33:30
08:18:09.666 [main] DEBUG f.i.s.r.p.s.c.CheckoutPatchedBuild - Reproduce the PR for runelite/runelite by fetching remote branch and merging.
08:18:21.461 [main] ERROR f.i.s.r.p.s.c.CheckoutPatchedBuild - Error while testing commit: org.eclipse.jgit.errors.MissingObjectException: Missing unknown 54ed2b16f873ca4a8feeb38025142db435072c66
08:18:21.471 [main] ERROR f.i.s.r.p.s.c.CheckoutPatchedBuild - Commit head ref cannot be retrieved from the repository: 54ed2b16f873ca4a8feeb38025142db435072c66. Operation aborted.
08:18:21.472 [main] ERROR f.i.s.r.p.s.c.CheckoutPatchedBuild - Error while merging two commits to reproduce the PR.
08:18:21.474 [main] DEBUG f.i.s.r.p.s.c.CheckoutPatchedBuild - STEP STATUS: [ CheckoutPatchedBuildCandidate : FAILURE ( BUILDNOTCHECKEDOUT ) ]
08:18:21.474 [main] DEBUG f.i.s.r.p.s.c.CheckoutPatchedBuild - STEP DURATION: 14s
08:18:21.475 [main] DEBUG f.i.s.r.p.s.c.CheckoutPatchedBuild - TERMINATE PIPELINE
08:18:21.475 [main] DEBUG f.i.s.r.p.s.c.CheckoutPatchedBuild - FINAL STEPS SKIPPED: The reproduction of the bug and/or the patch failed.
08:18:21.476 [main] INFO  f.i.s.r.p.s.c.CheckoutPatchedBuild - Serialize all data for the pair of builds 344450885, 355430008
08:18:21.794 [main] INFO  fr.inria.jtravis.JTravis - GitHub ratelimit: Limit: 5000 Remaining: 4240 Reset hour: 19:33:30
08:18:22.505 [main] INFO  f.i.s.r.p.i.ProjectInspector - ----------------------------------------------------------------------
08:18:22.506 [main] INFO  f.i.s.r.p.i.ProjectInspector - PIPELINE EXECUTION SUMMARY
08:18:22.506 [main] INFO  f.i.s.r.p.i.ProjectInspector - ----------------------------------------------------------------------
08:18:22.506 [main] INFO  f.i.s.r.p.i.ProjectInspector - CloneRepository.......................................SUCCESS [ 10 s ]
08:18:22.507 [main] INFO  f.i.s.r.p.i.ProjectInspector - CheckoutPatchedBuildCandidate.........................FAILURE [ 14 s ]
08:18:22.507 [main] INFO  f.i.s.r.p.i.ProjectInspector - ComputeSourceDir......................................NOT RUN         
08:18:22.507 [main] INFO  f.i.s.r.p.i.ProjectInspector - ComputeTestDir........................................NOT RUN         
08:18:22.508 [main] INFO  f.i.s.r.p.i.ProjectInspector - CheckoutBuggyBuildCandidateSourceCode.................NOT RUN         
08:18:22.508 [main] INFO  f.i.s.r.p.i.ProjectInspector - BuildProjectBuggyBuildCandidateSourceCode.............NOT RUN         
08:18:22.508 [main] INFO  f.i.s.r.p.i.ProjectInspector - TestProjectBuggyBuildCandidateSourceCode..............NOT RUN         
08:18:22.509 [main] INFO  f.i.s.r.p.i.ProjectInspector - GatherTestInformationBuggyBuildCandidateSourceCode....NOT RUN         
08:18:22.509 [main] INFO  f.i.s.r.p.i.ProjectInspector - CheckoutBuggyBuildTestCode............................NOT RUN         
08:18:22.509 [main] INFO  f.i.s.r.p.i.ProjectInspector - InitRepoToPush........................................NOT RUN         
08:18:22.509 [main] INFO  f.i.s.r.p.i.ProjectInspector - ComputeClasspath......................................NOT RUN         
08:18:22.510 [main] INFO  f.i.s.r.p.i.ProjectInspector - ComputeModules........................................NOT RUN         
08:18:22.510 [main] INFO  f.i.s.r.p.i.ProjectInspector - CheckoutBuggyBuildCandidateSourceCode.................NOT RUN         
08:18:22.510 [main] INFO  f.i.s.r.p.i.ProjectInspector - CommitChangedTests....................................NOT RUN         
08:18:22.510 [main] INFO  f.i.s.r.p.i.ProjectInspector - CheckoutPatchedBuildCandidate.........................NOT RUN         
08:18:22.510 [main] INFO  f.i.s.r.p.i.ProjectInspector - BuildProjectPatchedBuildCandidate.....................NOT RUN         
08:18:22.511 [main] INFO  f.i.s.r.p.i.ProjectInspector - TestProjectPatchedBuildCandidate......................NOT RUN         
08:18:22.511 [main] INFO  f.i.s.r.p.i.ProjectInspector - GatherTestInformationPatchedBuildCandidate............NOT RUN         
08:18:22.511 [main] INFO  f.i.s.r.p.i.ProjectInspector - CommitPatch...........................................NOT RUN         
08:18:22.511 [main] INFO  f.i.s.r.p.i.ProjectInspector - WritePropertyFile.....................................NOT RUN         
08:18:22.511 [main] INFO  f.i.s.r.p.i.ProjectInspector - CommitProcessEnd......................................NOT RUN         
08:18:22.512 [main] INFO  f.i.s.r.p.i.ProjectInspector - PushProcessEnd........................................NOT RUN         
08:18:22.512 [main] INFO  f.i.s.r.p.i.ProjectInspector - ----------------------------------------------------------------------
08:18:22.512 [main] INFO  f.i.s.r.p.i.ProjectInspector - PIPELINE FINDING: BUILDNOTCHECKEDOUT
08:18:22.518 [main] INFO  f.i.s.r.p.i.ProjectInspector - ----------------------------------------------------------------------
08:18:22.518 [main] INFO  f.i.s.repairnator.pipeline.Launcher - Inspector is finished. The process will exit now.
