09:06:54.504 [main] INFO  f.i.s.repairnator.pipeline.Launcher - PIPELINE VERSION: 3.0-2018-08-09 19:04
09:06:54.684 [main] INFO  f.i.s.repairnator.pipeline.Launcher - The pipeline will try to reproduce a bug from build 355156289 and its corresponding patch from build 356055744
09:06:54.685 [main] INFO  f.i.s.repairnator.pipeline.Launcher - Initialize file serializer engines.
09:06:54.687 [main] INFO  f.i.s.repairnator.pipeline.Launcher - MongoDB won't be used for serialization.
09:06:54.687 [main] INFO  f.i.s.repairnator.pipeline.Launcher - The email notifier engine won't be used.
09:06:54.691 [main] INFO  f.i.s.repairnator.pipeline.Launcher - Start by getting the build (buildId: 355156289) with the following config: RepairnatorConfig{runId='e853272b-bf8e-41a0-b5a0-9d347947f4f6_03-18-week3-PASSING_AND_PASSING', launcherMode=BEARS, serializeJson=true, inputPath='null', outputPath='/var/log', mongodbHost='null', mongodbName='repairnator', smtpServer='null', notifyTo=[], notifyEndProcess=false, push=true, pushRemoteRepo='https://github.com/fermadeiral/bears-collection-pp', fork=false, lookFromDate=null, lookToDate=null, buildId=355156289, z3solverPath='./z3_for_linux', workspacePath='./workspace', githubToken='c8a341a903[...]', dockerImageName='null', skipDelete=false, createOutputDir=false, logDirectory='null', nbThreads=0, globalTimeout=0, whiteList=null, blackList=null, jobSleepTime=0, buildSleepTime=0, maxInspectedBuilds=0, duration=null, humanPatch=false, repository='null', clean=true, bearsMode=BOTH, bearsDelimiter = false, repairTools=NopolAllTests,NPEFix,AssertFixer,AstorJGenProg,AstorJKali,NopolSingleTest,AstorJMut,NopolTestExclusionStrategy, githubUserName= fermadeiral, githubUserEmail=fer.madeiral@gmail.com}
09:06:56.041 [main] DEBUG fr.inria.jtravis.helpers.BuildHelper - Get request to :https://api.travis-ci.org/build/355156289 done after 800 ms
09:06:56.276 [main] DEBUG fr.inria.jtravis.helpers.BuildHelper - Get request to :https://api.travis-ci.org/build/356055744 done after 135 ms
09:06:56.305 [main] INFO  f.i.s.repairnator.pipeline.Launcher - The patched build (356055744) was successfully retrieved from Travis.
09:06:57.469 [main] INFO  fr.inria.jtravis.JTravis - GitHub ratelimit: Limit: 5000 Remaining: 4865 Reset hour: 19:33:34
09:06:57.799 [main] INFO  f.i.s.r.p.i.ProjectInspector - ----------------------------------------------------------------------
09:06:57.800 [main] INFO  f.i.s.r.p.i.ProjectInspector - PIPELINE STEPS
09:06:57.800 [main] INFO  f.i.s.r.p.i.ProjectInspector - ----------------------------------------------------------------------
09:06:57.800 [main] INFO  f.i.s.r.p.i.ProjectInspector - CloneRepository
09:06:57.801 [main] INFO  f.i.s.r.p.i.ProjectInspector - CheckoutPatchedBuildCandidate
09:06:57.801 [main] INFO  f.i.s.r.p.i.ProjectInspector - ComputeSourceDir
09:06:57.801 [main] INFO  f.i.s.r.p.i.ProjectInspector - ComputeTestDir
09:06:57.802 [main] INFO  f.i.s.r.p.i.ProjectInspector - CheckoutBuggyBuildCandidateSourceCode
09:06:57.802 [main] INFO  f.i.s.r.p.i.ProjectInspector - BuildProjectBuggyBuildCandidateSourceCode
09:06:57.802 [main] INFO  f.i.s.r.p.i.ProjectInspector - TestProjectBuggyBuildCandidateSourceCode
09:06:57.802 [main] INFO  f.i.s.r.p.i.ProjectInspector - GatherTestInformationBuggyBuildCandidateSourceCode
09:06:57.803 [main] INFO  f.i.s.r.p.i.ProjectInspector - CheckoutBuggyBuildTestCode
09:06:57.803 [main] INFO  f.i.s.r.p.i.ProjectInspector - InitRepoToPush
09:06:57.803 [main] INFO  f.i.s.r.p.i.ProjectInspector - ComputeClasspath
09:06:57.804 [main] INFO  f.i.s.r.p.i.ProjectInspector - ComputeModules
09:06:57.804 [main] INFO  f.i.s.r.p.i.ProjectInspector - CheckoutBuggyBuildCandidateSourceCode
09:06:57.804 [main] INFO  f.i.s.r.p.i.ProjectInspector - CommitChangedTests
09:06:57.804 [main] INFO  f.i.s.r.p.i.ProjectInspector - CheckoutPatchedBuildCandidate
09:06:57.805 [main] INFO  f.i.s.r.p.i.ProjectInspector - BuildProjectPatchedBuildCandidate
09:06:57.805 [main] INFO  f.i.s.r.p.i.ProjectInspector - TestProjectPatchedBuildCandidate
09:06:57.805 [main] INFO  f.i.s.r.p.i.ProjectInspector - GatherTestInformationPatchedBuildCandidate
09:06:57.806 [main] INFO  f.i.s.r.p.i.ProjectInspector - CommitPatch
09:06:57.806 [main] INFO  f.i.s.r.p.i.ProjectInspector - WritePropertyFile
09:06:57.806 [main] INFO  f.i.s.r.p.i.ProjectInspector - CommitProcessEnd
09:06:57.807 [main] INFO  f.i.s.r.p.i.ProjectInspector - PushProcessEnd
09:06:57.807 [main] DEBUG f.i.s.r.process.step.CloneRepository - ----------------------------------------------------------------------
09:06:57.808 [main] DEBUG f.i.s.r.process.step.CloneRepository - STEP 1/22: CloneRepository
09:06:57.808 [main] DEBUG f.i.s.r.process.step.CloneRepository - ----------------------------------------------------------------------
09:06:57.808 [main] DEBUG f.i.s.r.process.step.CloneRepository - Cloning repository apache/storm in the following directory: ./workspace/apache/storm/355156289
09:07:38.910 [main] DEBUG f.i.s.r.process.step.CloneRepository - STEP STATUS: [ CloneRepository : SUCCESS ]
09:07:38.910 [main] DEBUG f.i.s.r.process.step.CloneRepository - STEP DURATION: 41s
09:07:38.910 [main] DEBUG f.i.s.r.process.step.CloneRepository - EXECUTE NEXT STEP
09:07:38.911 [main] DEBUG f.i.s.r.p.s.c.CheckoutPatchedBuild - ----------------------------------------------------------------------
09:07:38.911 [main] DEBUG f.i.s.r.p.s.c.CheckoutPatchedBuild - STEP 2/22: CheckoutPatchedBuildCandidate
09:07:38.911 [main] DEBUG f.i.s.r.p.s.c.CheckoutPatchedBuild - ----------------------------------------------------------------------
09:07:38.911 [main] DEBUG f.i.s.r.p.s.c.CheckoutPatchedBuild - Checking out patched build candidate...
09:07:39.271 [main] INFO  fr.inria.jtravis.JTravis - GitHub ratelimit: Limit: 5000 Remaining: 4864 Reset hour: 19:33:34
09:07:42.129 [main] DEBUG f.i.s.r.p.s.c.CheckoutPatchedBuild - Reproduce the PR for apache/storm by fetching remote branch and merging.
09:07:45.285 [main] ERROR f.i.s.r.p.s.c.CheckoutPatchedBuild - Error while testing commit: org.eclipse.jgit.errors.MissingObjectException: Missing unknown d6201b6184473a93f8a40342ca9e6901af0f65a4
09:07:45.287 [main] ERROR f.i.s.r.p.s.c.CheckoutPatchedBuild - Commit head ref cannot be retrieved from the repository: d6201b6184473a93f8a40342ca9e6901af0f65a4. Operation aborted.
09:07:45.287 [main] ERROR f.i.s.r.p.s.c.CheckoutPatchedBuild - Error while merging two commits to reproduce the PR.
09:07:45.288 [main] DEBUG f.i.s.r.p.s.c.CheckoutPatchedBuild - STEP STATUS: [ CheckoutPatchedBuildCandidate : FAILURE ( BUILDNOTCHECKEDOUT ) ]
09:07:45.289 [main] DEBUG f.i.s.r.p.s.c.CheckoutPatchedBuild - STEP DURATION: 6s
09:07:45.289 [main] DEBUG f.i.s.r.p.s.c.CheckoutPatchedBuild - TERMINATE PIPELINE
09:07:45.289 [main] DEBUG f.i.s.r.p.s.c.CheckoutPatchedBuild - FINAL STEPS SKIPPED: The reproduction of the bug and/or the patch failed.
09:07:45.290 [main] INFO  f.i.s.r.p.s.c.CheckoutPatchedBuild - Serialize all data for the pair of builds 355156289, 356055744
09:07:45.419 [main] INFO  fr.inria.jtravis.JTravis - GitHub ratelimit: Limit: 5000 Remaining: 4857 Reset hour: 19:33:34
09:07:46.551 [main] INFO  f.i.s.r.p.i.ProjectInspector - ----------------------------------------------------------------------
09:07:46.552 [main] INFO  f.i.s.r.p.i.ProjectInspector - PIPELINE EXECUTION SUMMARY
09:07:46.552 [main] INFO  f.i.s.r.p.i.ProjectInspector - ----------------------------------------------------------------------
09:07:46.552 [main] INFO  f.i.s.r.p.i.ProjectInspector - CloneRepository.......................................SUCCESS [ 41 s ]
09:07:46.553 [main] INFO  f.i.s.r.p.i.ProjectInspector - CheckoutPatchedBuildCandidate.........................FAILURE [  6 s ]
09:07:46.553 [main] INFO  f.i.s.r.p.i.ProjectInspector - ComputeSourceDir......................................NOT RUN         
09:07:46.553 [main] INFO  f.i.s.r.p.i.ProjectInspector - ComputeTestDir........................................NOT RUN         
09:07:46.554 [main] INFO  f.i.s.r.p.i.ProjectInspector - CheckoutBuggyBuildCandidateSourceCode.................NOT RUN         
09:07:46.554 [main] INFO  f.i.s.r.p.i.ProjectInspector - BuildProjectBuggyBuildCandidateSourceCode.............NOT RUN         
09:07:46.554 [main] INFO  f.i.s.r.p.i.ProjectInspector - TestProjectBuggyBuildCandidateSourceCode..............NOT RUN         
09:07:46.554 [main] INFO  f.i.s.r.p.i.ProjectInspector - GatherTestInformationBuggyBuildCandidateSourceCode....NOT RUN         
09:07:46.555 [main] INFO  f.i.s.r.p.i.ProjectInspector - CheckoutBuggyBuildTestCode............................NOT RUN         
09:07:46.555 [main] INFO  f.i.s.r.p.i.ProjectInspector - InitRepoToPush........................................NOT RUN         
09:07:46.555 [main] INFO  f.i.s.r.p.i.ProjectInspector - ComputeClasspath......................................NOT RUN         
09:07:46.555 [main] INFO  f.i.s.r.p.i.ProjectInspector - ComputeModules........................................NOT RUN         
09:07:46.555 [main] INFO  f.i.s.r.p.i.ProjectInspector - CheckoutBuggyBuildCandidateSourceCode.................NOT RUN         
09:07:46.556 [main] INFO  f.i.s.r.p.i.ProjectInspector - CommitChangedTests....................................NOT RUN         
09:07:46.556 [main] INFO  f.i.s.r.p.i.ProjectInspector - CheckoutPatchedBuildCandidate.........................NOT RUN         
09:07:46.556 [main] INFO  f.i.s.r.p.i.ProjectInspector - BuildProjectPatchedBuildCandidate.....................NOT RUN         
09:07:46.556 [main] INFO  f.i.s.r.p.i.ProjectInspector - TestProjectPatchedBuildCandidate......................NOT RUN         
09:07:46.556 [main] INFO  f.i.s.r.p.i.ProjectInspector - GatherTestInformationPatchedBuildCandidate............NOT RUN         
09:07:46.557 [main] INFO  f.i.s.r.p.i.ProjectInspector - CommitPatch...........................................NOT RUN         
09:07:46.557 [main] INFO  f.i.s.r.p.i.ProjectInspector - WritePropertyFile.....................................NOT RUN         
09:07:46.557 [main] INFO  f.i.s.r.p.i.ProjectInspector - CommitProcessEnd......................................NOT RUN         
09:07:46.557 [main] INFO  f.i.s.r.p.i.ProjectInspector - PushProcessEnd........................................NOT RUN         
09:07:46.558 [main] INFO  f.i.s.r.p.i.ProjectInspector - ----------------------------------------------------------------------
09:07:46.558 [main] INFO  f.i.s.r.p.i.ProjectInspector - PIPELINE FINDING: BUILDNOTCHECKEDOUT
09:07:46.558 [main] INFO  f.i.s.r.p.i.ProjectInspector - ----------------------------------------------------------------------
09:07:46.558 [main] INFO  f.i.s.repairnator.pipeline.Launcher - Inspector is finished. The process will exit now.
