08:25:56.508 [main] INFO  f.i.s.repairnator.pipeline.Launcher - PIPELINE VERSION: 3.0-2018-08-09 19:04
08:25:56.666 [main] INFO  f.i.s.repairnator.pipeline.Launcher - The pipeline will try to reproduce a bug from build 356302841 and its corresponding patch from build 356303481
08:25:56.666 [main] INFO  f.i.s.repairnator.pipeline.Launcher - Initialize file serializer engines.
08:25:56.668 [main] INFO  f.i.s.repairnator.pipeline.Launcher - MongoDB won't be used for serialization.
08:25:56.669 [main] INFO  f.i.s.repairnator.pipeline.Launcher - The email notifier engine won't be used.
08:25:56.673 [main] INFO  f.i.s.repairnator.pipeline.Launcher - Start by getting the build (buildId: 356302841) with the following config: RepairnatorConfig{runId='e853272b-bf8e-41a0-b5a0-9d347947f4f6_03-18-week3-PASSING_AND_PASSING', launcherMode=BEARS, serializeJson=true, inputPath='null', outputPath='/var/log', mongodbHost='null', mongodbName='repairnator', smtpServer='null', notifyTo=[], notifyEndProcess=false, push=true, pushRemoteRepo='https://github.com/fermadeiral/bears-collection-pp', fork=false, lookFromDate=null, lookToDate=null, buildId=356302841, z3solverPath='./z3_for_linux', workspacePath='./workspace', githubToken='c8a341a903[...]', dockerImageName='null', skipDelete=false, createOutputDir=false, logDirectory='null', nbThreads=0, globalTimeout=0, whiteList=null, blackList=null, jobSleepTime=0, buildSleepTime=0, maxInspectedBuilds=0, duration=null, humanPatch=false, repository='null', clean=true, bearsMode=BOTH, bearsDelimiter = false, repairTools=NopolAllTests,NPEFix,AssertFixer,AstorJGenProg,AstorJKali,NopolSingleTest,AstorJMut,NopolTestExclusionStrategy, githubUserName= fermadeiral, githubUserEmail=fer.madeiral@gmail.com}
08:25:58.884 [main] DEBUG fr.inria.jtravis.helpers.BuildHelper - Get request to :https://api.travis-ci.org/build/356302841 done after 1718 ms
08:25:59.172 [main] DEBUG fr.inria.jtravis.helpers.BuildHelper - Get request to :https://api.travis-ci.org/build/356303481 done after 144 ms
08:25:59.195 [main] INFO  f.i.s.repairnator.pipeline.Launcher - The patched build (356303481) was successfully retrieved from Travis.
08:26:00.524 [main] INFO  fr.inria.jtravis.JTravis - GitHub ratelimit: Limit: 5000 Remaining: 3946 Reset hour: 19:33:30
08:26:00.797 [main] INFO  f.i.s.r.p.i.ProjectInspector - ----------------------------------------------------------------------
08:26:00.798 [main] INFO  f.i.s.r.p.i.ProjectInspector - PIPELINE STEPS
08:26:00.798 [main] INFO  f.i.s.r.p.i.ProjectInspector - ----------------------------------------------------------------------
08:26:00.799 [main] INFO  f.i.s.r.p.i.ProjectInspector - CloneRepository
08:26:00.799 [main] INFO  f.i.s.r.p.i.ProjectInspector - CheckoutPatchedBuildCandidate
08:26:00.799 [main] INFO  f.i.s.r.p.i.ProjectInspector - ComputeSourceDir
08:26:00.800 [main] INFO  f.i.s.r.p.i.ProjectInspector - ComputeTestDir
08:26:00.800 [main] INFO  f.i.s.r.p.i.ProjectInspector - CheckoutBuggyBuildCandidateSourceCode
08:26:00.800 [main] INFO  f.i.s.r.p.i.ProjectInspector - BuildProjectBuggyBuildCandidateSourceCode
08:26:00.800 [main] INFO  f.i.s.r.p.i.ProjectInspector - TestProjectBuggyBuildCandidateSourceCode
08:26:00.801 [main] INFO  f.i.s.r.p.i.ProjectInspector - GatherTestInformationBuggyBuildCandidateSourceCode
08:26:00.801 [main] INFO  f.i.s.r.p.i.ProjectInspector - CheckoutBuggyBuildTestCode
08:26:00.801 [main] INFO  f.i.s.r.p.i.ProjectInspector - InitRepoToPush
08:26:00.801 [main] INFO  f.i.s.r.p.i.ProjectInspector - ComputeClasspath
08:26:00.802 [main] INFO  f.i.s.r.p.i.ProjectInspector - ComputeModules
08:26:00.802 [main] INFO  f.i.s.r.p.i.ProjectInspector - CheckoutBuggyBuildCandidateSourceCode
08:26:00.802 [main] INFO  f.i.s.r.p.i.ProjectInspector - CommitChangedTests
08:26:00.802 [main] INFO  f.i.s.r.p.i.ProjectInspector - CheckoutPatchedBuildCandidate
08:26:00.803 [main] INFO  f.i.s.r.p.i.ProjectInspector - BuildProjectPatchedBuildCandidate
08:26:00.803 [main] INFO  f.i.s.r.p.i.ProjectInspector - TestProjectPatchedBuildCandidate
08:26:00.803 [main] INFO  f.i.s.r.p.i.ProjectInspector - GatherTestInformationPatchedBuildCandidate
08:26:00.804 [main] INFO  f.i.s.r.p.i.ProjectInspector - CommitPatch
08:26:00.805 [main] INFO  f.i.s.r.p.i.ProjectInspector - WritePropertyFile
08:26:00.805 [main] INFO  f.i.s.r.p.i.ProjectInspector - CommitProcessEnd
08:26:00.805 [main] INFO  f.i.s.r.p.i.ProjectInspector - PushProcessEnd
08:26:00.806 [main] DEBUG f.i.s.r.process.step.CloneRepository - ----------------------------------------------------------------------
08:26:00.806 [main] DEBUG f.i.s.r.process.step.CloneRepository - STEP 1/22: CloneRepository
08:26:00.807 [main] DEBUG f.i.s.r.process.step.CloneRepository - ----------------------------------------------------------------------
08:26:00.807 [main] DEBUG f.i.s.r.process.step.CloneRepository - Cloning repository CorfuDB/CorfuDB in the following directory: ./workspace/CorfuDB/CorfuDB/356302841
08:30:04.337 [main] DEBUG f.i.s.r.process.step.CloneRepository - STEP STATUS: [ CloneRepository : SUCCESS ]
08:30:04.337 [main] DEBUG f.i.s.r.process.step.CloneRepository - STEP DURATION: 243s
08:30:04.338 [main] DEBUG f.i.s.r.process.step.CloneRepository - EXECUTE NEXT STEP
08:30:04.338 [main] DEBUG f.i.s.r.p.s.c.CheckoutPatchedBuild - ----------------------------------------------------------------------
08:30:04.338 [main] DEBUG f.i.s.r.p.s.c.CheckoutPatchedBuild - STEP 2/22: CheckoutPatchedBuildCandidate
08:30:04.338 [main] DEBUG f.i.s.r.p.s.c.CheckoutPatchedBuild - ----------------------------------------------------------------------
08:30:04.339 [main] DEBUG f.i.s.r.p.s.c.CheckoutPatchedBuild - Checking out patched build candidate...
08:30:04.691 [main] INFO  fr.inria.jtravis.JTravis - GitHub ratelimit: Limit: 5000 Remaining: 3939 Reset hour: 19:33:30
08:30:06.370 [main] DEBUG f.i.s.r.p.s.c.CheckoutPatchedBuild - Reproduce the PR for CorfuDB/CorfuDB by fetching remote branch and merging.
08:30:07.739 [main] ERROR f.i.s.r.p.s.c.CheckoutPatchedBuild - Error while testing commit: org.eclipse.jgit.errors.MissingObjectException: Missing unknown aebd25bf8223c3074f34cbac97f32674e16ea61f
08:30:07.740 [main] ERROR f.i.s.r.p.s.c.CheckoutPatchedBuild - Commit head ref cannot be retrieved from the repository: aebd25bf8223c3074f34cbac97f32674e16ea61f. Operation aborted.
08:30:07.741 [main] ERROR f.i.s.r.p.s.c.CheckoutPatchedBuild - Error while merging two commits to reproduce the PR.
08:30:07.742 [main] DEBUG f.i.s.r.p.s.c.CheckoutPatchedBuild - STEP STATUS: [ CheckoutPatchedBuildCandidate : FAILURE ( BUILDNOTCHECKEDOUT ) ]
08:30:07.742 [main] DEBUG f.i.s.r.p.s.c.CheckoutPatchedBuild - STEP DURATION: 3s
08:30:07.742 [main] DEBUG f.i.s.r.p.s.c.CheckoutPatchedBuild - TERMINATE PIPELINE
08:30:07.742 [main] DEBUG f.i.s.r.p.s.c.CheckoutPatchedBuild - FINAL STEPS SKIPPED: The reproduction of the bug and/or the patch failed.
08:30:07.743 [main] INFO  f.i.s.r.p.s.c.CheckoutPatchedBuild - Serialize all data for the pair of builds 356302841, 356303481
08:30:07.860 [main] INFO  fr.inria.jtravis.JTravis - GitHub ratelimit: Limit: 5000 Remaining: 3932 Reset hour: 19:33:30
08:30:08.634 [main] INFO  f.i.s.r.p.i.ProjectInspector - ----------------------------------------------------------------------
08:30:08.635 [main] INFO  f.i.s.r.p.i.ProjectInspector - PIPELINE EXECUTION SUMMARY
08:30:08.635 [main] INFO  f.i.s.r.p.i.ProjectInspector - ----------------------------------------------------------------------
08:30:08.635 [main] INFO  f.i.s.r.p.i.ProjectInspector - CloneRepository......................................SUCCESS [ 243 s ]
08:30:08.635 [main] INFO  f.i.s.r.p.i.ProjectInspector - CheckoutPatchedBuildCandidate........................FAILURE [   3 s ]
08:30:08.636 [main] INFO  f.i.s.r.p.i.ProjectInspector - ComputeSourceDir.....................................NOT RUN          
08:30:08.636 [main] INFO  f.i.s.r.p.i.ProjectInspector - ComputeTestDir.......................................NOT RUN          
08:30:08.636 [main] INFO  f.i.s.r.p.i.ProjectInspector - CheckoutBuggyBuildCandidateSourceCode................NOT RUN          
08:30:08.636 [main] INFO  f.i.s.r.p.i.ProjectInspector - BuildProjectBuggyBuildCandidateSourceCode............NOT RUN          
08:30:08.636 [main] INFO  f.i.s.r.p.i.ProjectInspector - TestProjectBuggyBuildCandidateSourceCode.............NOT RUN          
08:30:08.637 [main] INFO  f.i.s.r.p.i.ProjectInspector - GatherTestInformationBuggyBuildCandidateSourceCode...NOT RUN          
08:30:08.637 [main] INFO  f.i.s.r.p.i.ProjectInspector - CheckoutBuggyBuildTestCode...........................NOT RUN          
08:30:08.637 [main] INFO  f.i.s.r.p.i.ProjectInspector - InitRepoToPush.......................................NOT RUN          
08:30:08.637 [main] INFO  f.i.s.r.p.i.ProjectInspector - ComputeClasspath.....................................NOT RUN          
08:30:08.637 [main] INFO  f.i.s.r.p.i.ProjectInspector - ComputeModules.......................................NOT RUN          
08:30:08.638 [main] INFO  f.i.s.r.p.i.ProjectInspector - CheckoutBuggyBuildCandidateSourceCode................NOT RUN          
08:30:08.638 [main] INFO  f.i.s.r.p.i.ProjectInspector - CommitChangedTests...................................NOT RUN          
08:30:08.638 [main] INFO  f.i.s.r.p.i.ProjectInspector - CheckoutPatchedBuildCandidate........................NOT RUN          
08:30:08.638 [main] INFO  f.i.s.r.p.i.ProjectInspector - BuildProjectPatchedBuildCandidate....................NOT RUN          
08:30:08.638 [main] INFO  f.i.s.r.p.i.ProjectInspector - TestProjectPatchedBuildCandidate.....................NOT RUN          
08:30:08.639 [main] INFO  f.i.s.r.p.i.ProjectInspector - GatherTestInformationPatchedBuildCandidate...........NOT RUN          
08:30:08.639 [main] INFO  f.i.s.r.p.i.ProjectInspector - CommitPatch..........................................NOT RUN          
08:30:08.639 [main] INFO  f.i.s.r.p.i.ProjectInspector - WritePropertyFile....................................NOT RUN          
08:30:08.639 [main] INFO  f.i.s.r.p.i.ProjectInspector - CommitProcessEnd.....................................NOT RUN          
08:30:08.639 [main] INFO  f.i.s.r.p.i.ProjectInspector - PushProcessEnd.......................................NOT RUN          
08:30:08.640 [main] INFO  f.i.s.r.p.i.ProjectInspector - ----------------------------------------------------------------------
08:30:08.640 [main] INFO  f.i.s.r.p.i.ProjectInspector - PIPELINE FINDING: BUILDNOTCHECKEDOUT
08:30:08.640 [main] INFO  f.i.s.r.p.i.ProjectInspector - ----------------------------------------------------------------------
08:30:08.640 [main] INFO  f.i.s.repairnator.pipeline.Launcher - Inspector is finished. The process will exit now.
