08:25:07.859 [main] INFO  f.i.s.repairnator.pipeline.Launcher - PIPELINE VERSION: 3.0-2018-08-09 19:04
08:25:08.056 [main] INFO  f.i.s.repairnator.pipeline.Launcher - The pipeline will try to reproduce a bug from build 355237867 and its corresponding patch from build 355708226
08:25:08.057 [main] INFO  f.i.s.repairnator.pipeline.Launcher - Initialize file serializer engines.
08:25:08.060 [main] INFO  f.i.s.repairnator.pipeline.Launcher - MongoDB won't be used for serialization.
08:25:08.060 [main] INFO  f.i.s.repairnator.pipeline.Launcher - The email notifier engine won't be used.
08:25:08.065 [main] INFO  f.i.s.repairnator.pipeline.Launcher - Start by getting the build (buildId: 355237867) with the following config: RepairnatorConfig{runId='e853272b-bf8e-41a0-b5a0-9d347947f4f6_03-18-week3-PASSING_AND_PASSING', launcherMode=BEARS, serializeJson=true, inputPath='null', outputPath='/var/log', mongodbHost='null', mongodbName='repairnator', smtpServer='null', notifyTo=[], notifyEndProcess=false, push=true, pushRemoteRepo='https://github.com/fermadeiral/bears-collection-pp', fork=false, lookFromDate=null, lookToDate=null, buildId=355237867, z3solverPath='./z3_for_linux', workspacePath='./workspace', githubToken='c8a341a903[...]', dockerImageName='null', skipDelete=false, createOutputDir=false, logDirectory='null', nbThreads=0, globalTimeout=0, whiteList=null, blackList=null, jobSleepTime=0, buildSleepTime=0, maxInspectedBuilds=0, duration=null, humanPatch=false, repository='null', clean=true, bearsMode=BOTH, bearsDelimiter = false, repairTools=NopolAllTests,NPEFix,AssertFixer,AstorJGenProg,AstorJKali,NopolSingleTest,AstorJMut,NopolTestExclusionStrategy, githubUserName= fermadeiral, githubUserEmail=fer.madeiral@gmail.com}
08:25:10.967 [main] DEBUG fr.inria.jtravis.helpers.BuildHelper - Get request to :https://api.travis-ci.org/build/355237867 done after 1910 ms
08:25:11.951 [main] DEBUG fr.inria.jtravis.helpers.BuildHelper - Get request to :https://api.travis-ci.org/build/355708226 done after 142 ms
08:25:11.987 [main] INFO  f.i.s.repairnator.pipeline.Launcher - The patched build (355708226) was successfully retrieved from Travis.
08:25:13.366 [main] INFO  fr.inria.jtravis.JTravis - GitHub ratelimit: Limit: 5000 Remaining: 3986 Reset hour: 19:33:30
08:25:13.687 [main] INFO  f.i.s.r.p.i.ProjectInspector - ----------------------------------------------------------------------
08:25:13.688 [main] INFO  f.i.s.r.p.i.ProjectInspector - PIPELINE STEPS
08:25:13.688 [main] INFO  f.i.s.r.p.i.ProjectInspector - ----------------------------------------------------------------------
08:25:13.688 [main] INFO  f.i.s.r.p.i.ProjectInspector - CloneRepository
08:25:13.689 [main] INFO  f.i.s.r.p.i.ProjectInspector - CheckoutPatchedBuildCandidate
08:25:13.689 [main] INFO  f.i.s.r.p.i.ProjectInspector - ComputeSourceDir
08:25:13.690 [main] INFO  f.i.s.r.p.i.ProjectInspector - ComputeTestDir
08:25:13.690 [main] INFO  f.i.s.r.p.i.ProjectInspector - CheckoutBuggyBuildCandidateSourceCode
08:25:13.691 [main] INFO  f.i.s.r.p.i.ProjectInspector - BuildProjectBuggyBuildCandidateSourceCode
08:25:13.691 [main] INFO  f.i.s.r.p.i.ProjectInspector - TestProjectBuggyBuildCandidateSourceCode
08:25:13.692 [main] INFO  f.i.s.r.p.i.ProjectInspector - GatherTestInformationBuggyBuildCandidateSourceCode
08:25:13.692 [main] INFO  f.i.s.r.p.i.ProjectInspector - CheckoutBuggyBuildTestCode
08:25:13.693 [main] INFO  f.i.s.r.p.i.ProjectInspector - InitRepoToPush
08:25:13.693 [main] INFO  f.i.s.r.p.i.ProjectInspector - ComputeClasspath
08:25:13.694 [main] INFO  f.i.s.r.p.i.ProjectInspector - ComputeModules
08:25:13.694 [main] INFO  f.i.s.r.p.i.ProjectInspector - CheckoutBuggyBuildCandidateSourceCode
08:25:13.695 [main] INFO  f.i.s.r.p.i.ProjectInspector - CommitChangedTests
08:25:13.695 [main] INFO  f.i.s.r.p.i.ProjectInspector - CheckoutPatchedBuildCandidate
08:25:13.696 [main] INFO  f.i.s.r.p.i.ProjectInspector - BuildProjectPatchedBuildCandidate
08:25:13.696 [main] INFO  f.i.s.r.p.i.ProjectInspector - TestProjectPatchedBuildCandidate
08:25:13.697 [main] INFO  f.i.s.r.p.i.ProjectInspector - GatherTestInformationPatchedBuildCandidate
08:25:13.698 [main] INFO  f.i.s.r.p.i.ProjectInspector - CommitPatch
08:25:13.698 [main] INFO  f.i.s.r.p.i.ProjectInspector - WritePropertyFile
08:25:13.699 [main] INFO  f.i.s.r.p.i.ProjectInspector - CommitProcessEnd
08:25:13.699 [main] INFO  f.i.s.r.p.i.ProjectInspector - PushProcessEnd
08:25:13.700 [main] DEBUG f.i.s.r.process.step.CloneRepository - ----------------------------------------------------------------------
08:25:13.701 [main] DEBUG f.i.s.r.process.step.CloneRepository - STEP 1/22: CloneRepository
08:25:13.701 [main] DEBUG f.i.s.r.process.step.CloneRepository - ----------------------------------------------------------------------
08:25:13.702 [main] DEBUG f.i.s.r.process.step.CloneRepository - Cloning repository terasolunaorg/tutorial-apps in the following directory: ./workspace/terasolunaorg/tutorial-apps/355237867
08:25:18.035 [main] DEBUG f.i.s.r.process.step.CloneRepository - STEP STATUS: [ CloneRepository : SUCCESS ]
08:25:18.036 [main] DEBUG f.i.s.r.process.step.CloneRepository - STEP DURATION: 4s
08:25:18.036 [main] DEBUG f.i.s.r.process.step.CloneRepository - EXECUTE NEXT STEP
08:25:18.036 [main] DEBUG f.i.s.r.p.s.c.CheckoutPatchedBuild - ----------------------------------------------------------------------
08:25:18.037 [main] DEBUG f.i.s.r.p.s.c.CheckoutPatchedBuild - STEP 2/22: CheckoutPatchedBuildCandidate
08:25:18.037 [main] DEBUG f.i.s.r.p.s.c.CheckoutPatchedBuild - ----------------------------------------------------------------------
08:25:18.037 [main] DEBUG f.i.s.r.p.s.c.CheckoutPatchedBuild - Checking out patched build candidate...
08:25:18.046 [main] DEBUG f.i.s.r.p.s.c.CheckoutPatchedBuild - Get commit b08454f0c540c192a6cdb594ebf37ec33c25906f for repo terasolunaorg/tutorial-apps
08:25:18.307 [main] INFO  f.i.s.r.process.git.GitHelper - Init git submodules.
08:25:18.366 [main] DEBUG f.i.s.r.p.s.c.CheckoutPatchedBuild - STEP STATUS: [ CheckoutPatchedBuildCandidate : SUCCESS ]
08:25:18.366 [main] DEBUG f.i.s.r.p.s.c.CheckoutPatchedBuild - STEP DURATION: 0s
08:25:18.367 [main] DEBUG f.i.s.r.p.s.c.CheckoutPatchedBuild - EXECUTE NEXT STEP
08:25:18.367 [main] DEBUG f.i.s.r.p.s.paths.ComputeSourceDir - ----------------------------------------------------------------------
08:25:18.367 [main] DEBUG f.i.s.r.p.s.paths.ComputeSourceDir - STEP 3/22: ComputeSourceDir
08:25:18.367 [main] DEBUG f.i.s.r.p.s.paths.ComputeSourceDir - ----------------------------------------------------------------------
08:25:18.368 [main] DEBUG f.i.s.r.p.s.paths.ComputeSourceDir - Computing the source directory ...
08:25:18.369 [main] DEBUG f.i.s.r.p.s.paths.ComputeSourceDir - The default source directory (/root/workspace/terasolunaorg/tutorial-apps/355237867/src/main/java) does not exist. Try to read pom.xml to get information.
08:25:18.523 [main] DEBUG f.i.s.r.p.s.paths.ComputeSourceDir - The source directory given in pom.xml (/root/workspace/terasolunaorg/tutorial-apps/355237867/src/main/java) does not exist. Continue to try to get source dir from all modules.
08:25:18.523 [main] ERROR f.i.s.r.p.s.paths.ComputeSourceDir - The source directory is not at default location or specified in build section from pom.xml, and no parent can be found.
08:25:18.523 [main] ERROR f.i.s.r.p.s.paths.ComputeSourceDir - Fail to find source directories.
08:25:18.524 [main] DEBUG f.i.s.r.p.s.paths.ComputeSourceDir - STEP STATUS: [ ComputeSourceDir : FAILURE ( SOURCEDIRNOTCOMPUTED ) ]
08:25:18.525 [main] DEBUG f.i.s.r.p.s.paths.ComputeSourceDir - STEP DURATION: 0s
08:25:18.525 [main] DEBUG f.i.s.r.p.s.paths.ComputeSourceDir - TERMINATE PIPELINE
08:25:18.526 [main] DEBUG f.i.s.r.p.s.paths.ComputeSourceDir - FINAL STEPS SKIPPED: The reproduction of the bug and/or the patch failed.
08:25:18.526 [main] INFO  f.i.s.r.p.s.paths.ComputeSourceDir - Serialize all data for the pair of builds 355237867, 355708226
08:25:18.647 [main] INFO  fr.inria.jtravis.JTravis - GitHub ratelimit: Limit: 5000 Remaining: 3981 Reset hour: 19:33:30
08:25:19.282 [main] INFO  f.i.s.r.p.i.ProjectInspector - ----------------------------------------------------------------------
08:25:19.283 [main] INFO  f.i.s.r.p.i.ProjectInspector - PIPELINE EXECUTION SUMMARY
08:25:19.283 [main] INFO  f.i.s.r.p.i.ProjectInspector - ----------------------------------------------------------------------
08:25:19.284 [main] INFO  f.i.s.r.p.i.ProjectInspector - CloneRepository........................................SUCCESS [ 4 s ]
08:25:19.284 [main] INFO  f.i.s.r.p.i.ProjectInspector - CheckoutPatchedBuildCandidate..........................SUCCESS [ 0 s ]
08:25:19.284 [main] INFO  f.i.s.r.p.i.ProjectInspector - ComputeSourceDir.......................................FAILURE [ 0 s ]
08:25:19.285 [main] INFO  f.i.s.r.p.i.ProjectInspector - ComputeTestDir.........................................NOT RUN        
08:25:19.285 [main] INFO  f.i.s.r.p.i.ProjectInspector - CheckoutBuggyBuildCandidateSourceCode..................NOT RUN        
08:25:19.285 [main] INFO  f.i.s.r.p.i.ProjectInspector - BuildProjectBuggyBuildCandidateSourceCode..............NOT RUN        
08:25:19.285 [main] INFO  f.i.s.r.p.i.ProjectInspector - TestProjectBuggyBuildCandidateSourceCode...............NOT RUN        
08:25:19.286 [main] INFO  f.i.s.r.p.i.ProjectInspector - GatherTestInformationBuggyBuildCandidateSourceCode.....NOT RUN        
08:25:19.286 [main] INFO  f.i.s.r.p.i.ProjectInspector - CheckoutBuggyBuildTestCode.............................NOT RUN        
08:25:19.286 [main] INFO  f.i.s.r.p.i.ProjectInspector - InitRepoToPush.........................................NOT RUN        
08:25:19.286 [main] INFO  f.i.s.r.p.i.ProjectInspector - ComputeClasspath.......................................NOT RUN        
08:25:19.287 [main] INFO  f.i.s.r.p.i.ProjectInspector - ComputeModules.........................................NOT RUN        
08:25:19.287 [main] INFO  f.i.s.r.p.i.ProjectInspector - CheckoutBuggyBuildCandidateSourceCode..................NOT RUN        
08:25:19.287 [main] INFO  f.i.s.r.p.i.ProjectInspector - CommitChangedTests.....................................NOT RUN        
08:25:19.288 [main] INFO  f.i.s.r.p.i.ProjectInspector - CheckoutPatchedBuildCandidate..........................NOT RUN        
08:25:19.288 [main] INFO  f.i.s.r.p.i.ProjectInspector - BuildProjectPatchedBuildCandidate......................NOT RUN        
08:25:19.288 [main] INFO  f.i.s.r.p.i.ProjectInspector - TestProjectPatchedBuildCandidate.......................NOT RUN        
08:25:19.289 [main] INFO  f.i.s.r.p.i.ProjectInspector - GatherTestInformationPatchedBuildCandidate.............NOT RUN        
08:25:19.289 [main] INFO  f.i.s.r.p.i.ProjectInspector - CommitPatch............................................NOT RUN        
08:25:19.289 [main] INFO  f.i.s.r.p.i.ProjectInspector - WritePropertyFile......................................NOT RUN        
08:25:19.290 [main] INFO  f.i.s.r.p.i.ProjectInspector - CommitProcessEnd.......................................NOT RUN        
08:25:19.290 [main] INFO  f.i.s.r.p.i.ProjectInspector - PushProcessEnd.........................................NOT RUN        
08:25:19.291 [main] INFO  f.i.s.r.p.i.ProjectInspector - ----------------------------------------------------------------------
08:25:19.291 [main] INFO  f.i.s.r.p.i.ProjectInspector - PIPELINE FINDING: SOURCEDIRNOTCOMPUTED
08:25:19.291 [main] INFO  f.i.s.r.p.i.ProjectInspector - ----------------------------------------------------------------------
08:25:19.291 [main] INFO  f.i.s.repairnator.pipeline.Launcher - Inspector is finished. The process will exit now.
