09:06:19.638 [main] INFO  f.i.s.repairnator.pipeline.Launcher - PIPELINE VERSION: 3.0-2018-08-09 19:04
09:06:19.748 [main] INFO  f.i.s.repairnator.pipeline.Launcher - The pipeline will try to reproduce a bug from build 353498875 and its corresponding patch from build 354111892
09:06:19.748 [main] INFO  f.i.s.repairnator.pipeline.Launcher - Initialize file serializer engines.
09:06:19.750 [main] INFO  f.i.s.repairnator.pipeline.Launcher - MongoDB won't be used for serialization.
09:06:19.750 [main] INFO  f.i.s.repairnator.pipeline.Launcher - The email notifier engine won't be used.
09:06:19.752 [main] INFO  f.i.s.repairnator.pipeline.Launcher - Start by getting the build (buildId: 353498875) with the following config: RepairnatorConfig{runId='e853272b-bf8e-41a0-b5a0-9d347947f4f6_03-18-week3-PASSING_AND_PASSING', launcherMode=BEARS, serializeJson=true, inputPath='null', outputPath='/var/log', mongodbHost='null', mongodbName='repairnator', smtpServer='null', notifyTo=[], notifyEndProcess=false, push=true, pushRemoteRepo='https://github.com/fermadeiral/bears-collection-pp', fork=false, lookFromDate=null, lookToDate=null, buildId=353498875, z3solverPath='./z3_for_linux', workspacePath='./workspace', githubToken='c8a341a903[...]', dockerImageName='null', skipDelete=false, createOutputDir=false, logDirectory='null', nbThreads=0, globalTimeout=0, whiteList=null, blackList=null, jobSleepTime=0, buildSleepTime=0, maxInspectedBuilds=0, duration=null, humanPatch=false, repository='null', clean=true, bearsMode=BOTH, bearsDelimiter = false, repairTools=NopolAllTests,NPEFix,AssertFixer,AstorJGenProg,AstorJKali,NopolSingleTest,AstorJMut,NopolTestExclusionStrategy, githubUserName= fermadeiral, githubUserEmail=fer.madeiral@gmail.com}
09:06:20.901 [main] DEBUG fr.inria.jtravis.helpers.BuildHelper - Get request to :https://api.travis-ci.org/build/353498875 done after 782 ms
09:06:21.629 [main] DEBUG fr.inria.jtravis.helpers.BuildHelper - Get request to :https://api.travis-ci.org/build/354111892 done after 636 ms
09:06:21.642 [main] INFO  f.i.s.repairnator.pipeline.Launcher - The patched build (354111892) was successfully retrieved from Travis.
09:06:22.699 [main] INFO  fr.inria.jtravis.JTravis - GitHub ratelimit: Limit: 5000 Remaining: 4876 Reset hour: 19:33:34
09:06:22.959 [main] INFO  f.i.s.r.p.i.ProjectInspector - ----------------------------------------------------------------------
09:06:22.959 [main] INFO  f.i.s.r.p.i.ProjectInspector - PIPELINE STEPS
09:06:22.959 [main] INFO  f.i.s.r.p.i.ProjectInspector - ----------------------------------------------------------------------
09:06:22.959 [main] INFO  f.i.s.r.p.i.ProjectInspector - CloneRepository
09:06:22.959 [main] INFO  f.i.s.r.p.i.ProjectInspector - CheckoutPatchedBuildCandidate
09:06:22.960 [main] INFO  f.i.s.r.p.i.ProjectInspector - ComputeSourceDir
09:06:22.960 [main] INFO  f.i.s.r.p.i.ProjectInspector - ComputeTestDir
09:06:22.960 [main] INFO  f.i.s.r.p.i.ProjectInspector - CheckoutBuggyBuildCandidateSourceCode
09:06:22.960 [main] INFO  f.i.s.r.p.i.ProjectInspector - BuildProjectBuggyBuildCandidateSourceCode
09:06:22.960 [main] INFO  f.i.s.r.p.i.ProjectInspector - TestProjectBuggyBuildCandidateSourceCode
09:06:22.960 [main] INFO  f.i.s.r.p.i.ProjectInspector - GatherTestInformationBuggyBuildCandidateSourceCode
09:06:22.961 [main] INFO  f.i.s.r.p.i.ProjectInspector - CheckoutBuggyBuildTestCode
09:06:22.961 [main] INFO  f.i.s.r.p.i.ProjectInspector - InitRepoToPush
09:06:22.961 [main] INFO  f.i.s.r.p.i.ProjectInspector - ComputeClasspath
09:06:22.961 [main] INFO  f.i.s.r.p.i.ProjectInspector - ComputeModules
09:06:22.961 [main] INFO  f.i.s.r.p.i.ProjectInspector - CheckoutBuggyBuildCandidateSourceCode
09:06:22.962 [main] INFO  f.i.s.r.p.i.ProjectInspector - CommitChangedTests
09:06:22.962 [main] INFO  f.i.s.r.p.i.ProjectInspector - CheckoutPatchedBuildCandidate
09:06:22.962 [main] INFO  f.i.s.r.p.i.ProjectInspector - BuildProjectPatchedBuildCandidate
09:06:22.962 [main] INFO  f.i.s.r.p.i.ProjectInspector - TestProjectPatchedBuildCandidate
09:06:22.962 [main] INFO  f.i.s.r.p.i.ProjectInspector - GatherTestInformationPatchedBuildCandidate
09:06:22.963 [main] INFO  f.i.s.r.p.i.ProjectInspector - CommitPatch
09:06:22.963 [main] INFO  f.i.s.r.p.i.ProjectInspector - WritePropertyFile
09:06:22.963 [main] INFO  f.i.s.r.p.i.ProjectInspector - CommitProcessEnd
09:06:22.963 [main] INFO  f.i.s.r.p.i.ProjectInspector - PushProcessEnd
09:06:22.963 [main] DEBUG f.i.s.r.process.step.CloneRepository - ----------------------------------------------------------------------
09:06:22.964 [main] DEBUG f.i.s.r.process.step.CloneRepository - STEP 1/22: CloneRepository
09:06:22.964 [main] DEBUG f.i.s.r.process.step.CloneRepository - ----------------------------------------------------------------------
09:06:22.964 [main] DEBUG f.i.s.r.process.step.CloneRepository - Cloning repository CorfuDB/CorfuDB in the following directory: ./workspace/CorfuDB/CorfuDB/353498875
09:11:34.295 [main] DEBUG f.i.s.r.process.step.CloneRepository - STEP STATUS: [ CloneRepository : SUCCESS ]
09:11:34.296 [main] DEBUG f.i.s.r.process.step.CloneRepository - STEP DURATION: 311s
09:11:34.296 [main] DEBUG f.i.s.r.process.step.CloneRepository - EXECUTE NEXT STEP
09:11:34.296 [main] DEBUG f.i.s.r.p.s.c.CheckoutPatchedBuild - ----------------------------------------------------------------------
09:11:34.297 [main] DEBUG f.i.s.r.p.s.c.CheckoutPatchedBuild - STEP 2/22: CheckoutPatchedBuildCandidate
09:11:34.297 [main] DEBUG f.i.s.r.p.s.c.CheckoutPatchedBuild - ----------------------------------------------------------------------
09:11:34.297 [main] DEBUG f.i.s.r.p.s.c.CheckoutPatchedBuild - Checking out patched build candidate...
09:11:34.334 [main] ERROR f.i.s.r.p.s.c.CheckoutPatchedBuild - Error while testing commit: org.eclipse.jgit.errors.MissingObjectException: Missing unknown b5908c58ebeb258dc550bc077eee9798caa35b49
09:11:34.334 [main] ERROR f.i.s.r.p.s.c.CheckoutPatchedBuild - Error while getting the commit to checkout from the repo.
09:11:34.335 [main] DEBUG f.i.s.r.p.s.c.CheckoutPatchedBuild - STEP STATUS: [ CheckoutPatchedBuildCandidate : FAILURE ( BUILDNOTCHECKEDOUT ) ]
09:11:34.335 [main] DEBUG f.i.s.r.p.s.c.CheckoutPatchedBuild - STEP DURATION: 0s
09:11:34.335 [main] DEBUG f.i.s.r.p.s.c.CheckoutPatchedBuild - TERMINATE PIPELINE
09:11:34.336 [main] DEBUG f.i.s.r.p.s.c.CheckoutPatchedBuild - FINAL STEPS SKIPPED: The reproduction of the bug and/or the patch failed.
09:11:34.336 [main] INFO  f.i.s.r.p.s.c.CheckoutPatchedBuild - Serialize all data for the pair of builds 353498875, 354111892
09:11:34.791 [main] INFO  fr.inria.jtravis.JTravis - GitHub ratelimit: Limit: 5000 Remaining: 4767 Reset hour: 19:33:34
09:11:35.351 [main] INFO  f.i.s.r.p.i.ProjectInspector - ----------------------------------------------------------------------
09:11:35.352 [main] INFO  f.i.s.r.p.i.ProjectInspector - PIPELINE EXECUTION SUMMARY
09:11:35.352 [main] INFO  f.i.s.r.p.i.ProjectInspector - ----------------------------------------------------------------------
09:11:35.353 [main] INFO  f.i.s.r.p.i.ProjectInspector - CloneRepository......................................SUCCESS [ 311 s ]
09:11:35.353 [main] INFO  f.i.s.r.p.i.ProjectInspector - CheckoutPatchedBuildCandidate........................FAILURE [   0 s ]
09:11:35.353 [main] INFO  f.i.s.r.p.i.ProjectInspector - ComputeSourceDir.....................................NOT RUN          
09:11:35.354 [main] INFO  f.i.s.r.p.i.ProjectInspector - ComputeTestDir.......................................NOT RUN          
09:11:35.355 [main] INFO  f.i.s.r.p.i.ProjectInspector - CheckoutBuggyBuildCandidateSourceCode................NOT RUN          
09:11:35.355 [main] INFO  f.i.s.r.p.i.ProjectInspector - BuildProjectBuggyBuildCandidateSourceCode............NOT RUN          
09:11:35.356 [main] INFO  f.i.s.r.p.i.ProjectInspector - TestProjectBuggyBuildCandidateSourceCode.............NOT RUN          
09:11:35.356 [main] INFO  f.i.s.r.p.i.ProjectInspector - GatherTestInformationBuggyBuildCandidateSourceCode...NOT RUN          
09:11:35.356 [main] INFO  f.i.s.r.p.i.ProjectInspector - CheckoutBuggyBuildTestCode...........................NOT RUN          
09:11:35.357 [main] INFO  f.i.s.r.p.i.ProjectInspector - InitRepoToPush.......................................NOT RUN          
09:11:35.357 [main] INFO  f.i.s.r.p.i.ProjectInspector - ComputeClasspath.....................................NOT RUN          
09:11:35.357 [main] INFO  f.i.s.r.p.i.ProjectInspector - ComputeModules.......................................NOT RUN          
09:11:35.358 [main] INFO  f.i.s.r.p.i.ProjectInspector - CheckoutBuggyBuildCandidateSourceCode................NOT RUN          
09:11:35.358 [main] INFO  f.i.s.r.p.i.ProjectInspector - CommitChangedTests...................................NOT RUN          
09:11:35.358 [main] INFO  f.i.s.r.p.i.ProjectInspector - CheckoutPatchedBuildCandidate........................NOT RUN          
09:11:35.359 [main] INFO  f.i.s.r.p.i.ProjectInspector - BuildProjectPatchedBuildCandidate....................NOT RUN          
09:11:35.359 [main] INFO  f.i.s.r.p.i.ProjectInspector - TestProjectPatchedBuildCandidate.....................NOT RUN          
09:11:35.359 [main] INFO  f.i.s.r.p.i.ProjectInspector - GatherTestInformationPatchedBuildCandidate...........NOT RUN          
09:11:35.360 [main] INFO  f.i.s.r.p.i.ProjectInspector - CommitPatch..........................................NOT RUN          
09:11:35.360 [main] INFO  f.i.s.r.p.i.ProjectInspector - WritePropertyFile....................................NOT RUN          
09:11:35.360 [main] INFO  f.i.s.r.p.i.ProjectInspector - CommitProcessEnd.....................................NOT RUN          
09:11:35.361 [main] INFO  f.i.s.r.p.i.ProjectInspector - PushProcessEnd.......................................NOT RUN          
09:11:35.361 [main] INFO  f.i.s.r.p.i.ProjectInspector - ----------------------------------------------------------------------
09:11:35.361 [main] INFO  f.i.s.r.p.i.ProjectInspector - PIPELINE FINDING: BUILDNOTCHECKEDOUT
09:11:35.362 [main] INFO  f.i.s.r.p.i.ProjectInspector - ----------------------------------------------------------------------
09:11:35.362 [main] INFO  f.i.s.repairnator.pipeline.Launcher - Inspector is finished. The process will exit now.
