07:15:51.025 [main] INFO  f.i.s.repairnator.pipeline.Launcher - PIPELINE VERSION: 3.0-2018-08-09 19:04
07:15:51.162 [main] INFO  f.i.s.repairnator.pipeline.Launcher - The pipeline will try to reproduce a bug from build 356506103 and its corresponding patch from build 356508419
07:15:51.163 [main] INFO  f.i.s.repairnator.pipeline.Launcher - Initialize file serializer engines.
07:15:51.165 [main] INFO  f.i.s.repairnator.pipeline.Launcher - MongoDB won't be used for serialization.
07:15:51.165 [main] INFO  f.i.s.repairnator.pipeline.Launcher - The email notifier engine won't be used.
07:15:51.172 [main] INFO  f.i.s.repairnator.pipeline.Launcher - Start by getting the build (buildId: 356506103) with the following config: RepairnatorConfig{runId='e853272b-bf8e-41a0-b5a0-9d347947f4f6_03-18-week3-PASSING_AND_PASSING', launcherMode=BEARS, serializeJson=true, inputPath='null', outputPath='/var/log', mongodbHost='null', mongodbName='repairnator', smtpServer='null', notifyTo=[], notifyEndProcess=false, push=true, pushRemoteRepo='https://github.com/fermadeiral/bears-collection-pp', fork=false, lookFromDate=null, lookToDate=null, buildId=356506103, z3solverPath='./z3_for_linux', workspacePath='./workspace', githubToken='c8a341a903[...]', dockerImageName='null', skipDelete=false, createOutputDir=false, logDirectory='null', nbThreads=0, globalTimeout=0, whiteList=null, blackList=null, jobSleepTime=0, buildSleepTime=0, maxInspectedBuilds=0, duration=null, humanPatch=false, repository='null', clean=true, bearsMode=BOTH, bearsDelimiter = false, repairTools=NopolAllTests,NPEFix,AssertFixer,AstorJGenProg,AstorJKali,NopolSingleTest,AstorJMut,NopolTestExclusionStrategy, githubUserName= fermadeiral, githubUserEmail=fer.madeiral@gmail.com}
07:15:52.533 [main] DEBUG fr.inria.jtravis.helpers.BuildHelper - Get request to :https://api.travis-ci.org/build/356506103 done after 787 ms
07:15:52.768 [main] DEBUG fr.inria.jtravis.helpers.BuildHelper - Get request to :https://api.travis-ci.org/build/356508419 done after 133 ms
07:15:52.779 [main] INFO  f.i.s.repairnator.pipeline.Launcher - The patched build (356508419) was successfully retrieved from Travis.
07:15:53.921 [main] INFO  fr.inria.jtravis.JTravis - GitHub ratelimit: Limit: 5000 Remaining: 4860 Reset hour: 19:33:27
07:15:54.213 [main] INFO  f.i.s.r.p.i.ProjectInspector - ----------------------------------------------------------------------
07:15:54.214 [main] INFO  f.i.s.r.p.i.ProjectInspector - PIPELINE STEPS
07:15:54.214 [main] INFO  f.i.s.r.p.i.ProjectInspector - ----------------------------------------------------------------------
07:15:54.215 [main] INFO  f.i.s.r.p.i.ProjectInspector - CloneRepository
07:15:54.215 [main] INFO  f.i.s.r.p.i.ProjectInspector - CheckoutPatchedBuildCandidate
07:15:54.215 [main] INFO  f.i.s.r.p.i.ProjectInspector - ComputeSourceDir
07:15:54.215 [main] INFO  f.i.s.r.p.i.ProjectInspector - ComputeTestDir
07:15:54.216 [main] INFO  f.i.s.r.p.i.ProjectInspector - CheckoutBuggyBuildCandidateSourceCode
07:15:54.216 [main] INFO  f.i.s.r.p.i.ProjectInspector - BuildProjectBuggyBuildCandidateSourceCode
07:15:54.217 [main] INFO  f.i.s.r.p.i.ProjectInspector - TestProjectBuggyBuildCandidateSourceCode
07:15:54.217 [main] INFO  f.i.s.r.p.i.ProjectInspector - GatherTestInformationBuggyBuildCandidateSourceCode
07:15:54.217 [main] INFO  f.i.s.r.p.i.ProjectInspector - CheckoutBuggyBuildTestCode
07:15:54.217 [main] INFO  f.i.s.r.p.i.ProjectInspector - InitRepoToPush
07:15:54.218 [main] INFO  f.i.s.r.p.i.ProjectInspector - ComputeClasspath
07:15:54.218 [main] INFO  f.i.s.r.p.i.ProjectInspector - ComputeModules
07:15:54.218 [main] INFO  f.i.s.r.p.i.ProjectInspector - CheckoutBuggyBuildCandidateSourceCode
07:15:54.218 [main] INFO  f.i.s.r.p.i.ProjectInspector - CommitChangedTests
07:15:54.219 [main] INFO  f.i.s.r.p.i.ProjectInspector - CheckoutPatchedBuildCandidate
07:15:54.219 [main] INFO  f.i.s.r.p.i.ProjectInspector - BuildProjectPatchedBuildCandidate
07:15:54.220 [main] INFO  f.i.s.r.p.i.ProjectInspector - TestProjectPatchedBuildCandidate
07:15:54.220 [main] INFO  f.i.s.r.p.i.ProjectInspector - GatherTestInformationPatchedBuildCandidate
07:15:54.220 [main] INFO  f.i.s.r.p.i.ProjectInspector - CommitPatch
07:15:54.221 [main] INFO  f.i.s.r.p.i.ProjectInspector - WritePropertyFile
07:15:54.222 [main] INFO  f.i.s.r.p.i.ProjectInspector - CommitProcessEnd
07:15:54.222 [main] INFO  f.i.s.r.p.i.ProjectInspector - PushProcessEnd
07:15:54.223 [main] DEBUG f.i.s.r.process.step.CloneRepository - ----------------------------------------------------------------------
07:15:54.223 [main] DEBUG f.i.s.r.process.step.CloneRepository - STEP 1/22: CloneRepository
07:15:54.224 [main] DEBUG f.i.s.r.process.step.CloneRepository - ----------------------------------------------------------------------
07:15:54.224 [main] DEBUG f.i.s.r.process.step.CloneRepository - Cloning repository INRIA/spoon in the following directory: ./workspace/INRIA/spoon/356506103
07:16:03.664 [main] DEBUG f.i.s.r.process.step.CloneRepository - STEP STATUS: [ CloneRepository : SUCCESS ]
07:16:03.664 [main] DEBUG f.i.s.r.process.step.CloneRepository - STEP DURATION: 9s
07:16:03.665 [main] DEBUG f.i.s.r.process.step.CloneRepository - EXECUTE NEXT STEP
07:16:03.665 [main] DEBUG f.i.s.r.p.s.c.CheckoutPatchedBuild - ----------------------------------------------------------------------
07:16:03.665 [main] DEBUG f.i.s.r.p.s.c.CheckoutPatchedBuild - STEP 2/22: CheckoutPatchedBuildCandidate
07:16:03.665 [main] DEBUG f.i.s.r.p.s.c.CheckoutPatchedBuild - ----------------------------------------------------------------------
07:16:03.666 [main] DEBUG f.i.s.r.p.s.c.CheckoutPatchedBuild - Checking out patched build candidate...
07:16:03.990 [main] INFO  fr.inria.jtravis.JTravis - GitHub ratelimit: Limit: 5000 Remaining: 4859 Reset hour: 19:33:27
07:16:06.519 [main] DEBUG f.i.s.r.p.s.c.CheckoutPatchedBuild - Reproduce the PR for INRIA/spoon by fetching remote branch and merging.
07:16:08.083 [main] ERROR f.i.s.r.p.s.c.CheckoutPatchedBuild - Error while testing commit: org.eclipse.jgit.errors.MissingObjectException: Missing unknown 872fd03b616313f7eb6e12c2ede5887ed4720fa6
07:16:08.084 [main] ERROR f.i.s.r.p.s.c.CheckoutPatchedBuild - Commit head ref cannot be retrieved from the repository: 872fd03b616313f7eb6e12c2ede5887ed4720fa6. Operation aborted.
07:16:08.084 [main] ERROR f.i.s.r.p.s.c.CheckoutPatchedBuild - Error while merging two commits to reproduce the PR.
07:16:08.085 [main] DEBUG f.i.s.r.p.s.c.CheckoutPatchedBuild - STEP STATUS: [ CheckoutPatchedBuildCandidate : FAILURE ( BUILDNOTCHECKEDOUT ) ]
07:16:08.085 [main] DEBUG f.i.s.r.p.s.c.CheckoutPatchedBuild - STEP DURATION: 4s
07:16:08.085 [main] DEBUG f.i.s.r.p.s.c.CheckoutPatchedBuild - TERMINATE PIPELINE
07:16:08.086 [main] DEBUG f.i.s.r.p.s.c.CheckoutPatchedBuild - FINAL STEPS SKIPPED: The reproduction of the bug and/or the patch failed.
07:16:08.086 [main] INFO  f.i.s.r.p.s.c.CheckoutPatchedBuild - Serialize all data for the pair of builds 356506103, 356508419
07:16:08.208 [main] INFO  fr.inria.jtravis.JTravis - GitHub ratelimit: Limit: 5000 Remaining: 4852 Reset hour: 19:33:27
07:16:08.851 [main] INFO  f.i.s.r.p.i.ProjectInspector - ----------------------------------------------------------------------
07:16:08.852 [main] INFO  f.i.s.r.p.i.ProjectInspector - PIPELINE EXECUTION SUMMARY
07:16:08.852 [main] INFO  f.i.s.r.p.i.ProjectInspector - ----------------------------------------------------------------------
07:16:08.852 [main] INFO  f.i.s.r.p.i.ProjectInspector - CloneRepository........................................SUCCESS [ 9 s ]
07:16:08.853 [main] INFO  f.i.s.r.p.i.ProjectInspector - CheckoutPatchedBuildCandidate..........................FAILURE [ 4 s ]
07:16:08.853 [main] INFO  f.i.s.r.p.i.ProjectInspector - ComputeSourceDir.......................................NOT RUN        
07:16:08.853 [main] INFO  f.i.s.r.p.i.ProjectInspector - ComputeTestDir.........................................NOT RUN        
07:16:08.853 [main] INFO  f.i.s.r.p.i.ProjectInspector - CheckoutBuggyBuildCandidateSourceCode..................NOT RUN        
07:16:08.854 [main] INFO  f.i.s.r.p.i.ProjectInspector - BuildProjectBuggyBuildCandidateSourceCode..............NOT RUN        
07:16:08.854 [main] INFO  f.i.s.r.p.i.ProjectInspector - TestProjectBuggyBuildCandidateSourceCode...............NOT RUN        
07:16:08.854 [main] INFO  f.i.s.r.p.i.ProjectInspector - GatherTestInformationBuggyBuildCandidateSourceCode.....NOT RUN        
07:16:08.854 [main] INFO  f.i.s.r.p.i.ProjectInspector - CheckoutBuggyBuildTestCode.............................NOT RUN        
07:16:08.855 [main] INFO  f.i.s.r.p.i.ProjectInspector - InitRepoToPush.........................................NOT RUN        
07:16:08.855 [main] INFO  f.i.s.r.p.i.ProjectInspector - ComputeClasspath.......................................NOT RUN        
07:16:08.855 [main] INFO  f.i.s.r.p.i.ProjectInspector - ComputeModules.........................................NOT RUN        
07:16:08.855 [main] INFO  f.i.s.r.p.i.ProjectInspector - CheckoutBuggyBuildCandidateSourceCode..................NOT RUN        
07:16:08.855 [main] INFO  f.i.s.r.p.i.ProjectInspector - CommitChangedTests.....................................NOT RUN        
07:16:08.855 [main] INFO  f.i.s.r.p.i.ProjectInspector - CheckoutPatchedBuildCandidate..........................NOT RUN        
07:16:08.855 [main] INFO  f.i.s.r.p.i.ProjectInspector - BuildProjectPatchedBuildCandidate......................NOT RUN        
07:16:08.855 [main] INFO  f.i.s.r.p.i.ProjectInspector - TestProjectPatchedBuildCandidate.......................NOT RUN        
07:16:08.856 [main] INFO  f.i.s.r.p.i.ProjectInspector - GatherTestInformationPatchedBuildCandidate.............NOT RUN        
07:16:08.856 [main] INFO  f.i.s.r.p.i.ProjectInspector - CommitPatch............................................NOT RUN        
07:16:08.856 [main] INFO  f.i.s.r.p.i.ProjectInspector - WritePropertyFile......................................NOT RUN        
07:16:08.856 [main] INFO  f.i.s.r.p.i.ProjectInspector - CommitProcessEnd.......................................NOT RUN        
07:16:08.856 [main] INFO  f.i.s.r.p.i.ProjectInspector - PushProcessEnd.........................................NOT RUN        
07:16:08.856 [main] INFO  f.i.s.r.p.i.ProjectInspector - ----------------------------------------------------------------------
07:16:08.856 [main] INFO  f.i.s.r.p.i.ProjectInspector - PIPELINE FINDING: BUILDNOTCHECKEDOUT
07:16:08.856 [main] INFO  f.i.s.r.p.i.ProjectInspector - ----------------------------------------------------------------------
07:16:08.856 [main] INFO  f.i.s.repairnator.pipeline.Launcher - Inspector is finished. The process will exit now.
