08:30:14.395 [main] INFO  f.i.s.repairnator.pipeline.Launcher - PIPELINE VERSION: 3.0-2018-08-09 19:04
08:30:14.570 [main] INFO  f.i.s.repairnator.pipeline.Launcher - The pipeline will try to reproduce a bug from build 353503527 and its corresponding patch from build 356302841
08:30:14.570 [main] INFO  f.i.s.repairnator.pipeline.Launcher - Initialize file serializer engines.
08:30:14.572 [main] INFO  f.i.s.repairnator.pipeline.Launcher - MongoDB won't be used for serialization.
08:30:14.573 [main] INFO  f.i.s.repairnator.pipeline.Launcher - The email notifier engine won't be used.
08:30:14.577 [main] INFO  f.i.s.repairnator.pipeline.Launcher - Start by getting the build (buildId: 353503527) with the following config: RepairnatorConfig{runId='e853272b-bf8e-41a0-b5a0-9d347947f4f6_03-18-week3-PASSING_AND_PASSING', launcherMode=BEARS, serializeJson=true, inputPath='null', outputPath='/var/log', mongodbHost='null', mongodbName='repairnator', smtpServer='null', notifyTo=[], notifyEndProcess=false, push=true, pushRemoteRepo='https://github.com/fermadeiral/bears-collection-pp', fork=false, lookFromDate=null, lookToDate=null, buildId=353503527, z3solverPath='./z3_for_linux', workspacePath='./workspace', githubToken='c8a341a903[...]', dockerImageName='null', skipDelete=false, createOutputDir=false, logDirectory='null', nbThreads=0, globalTimeout=0, whiteList=null, blackList=null, jobSleepTime=0, buildSleepTime=0, maxInspectedBuilds=0, duration=null, humanPatch=false, repository='null', clean=true, bearsMode=BOTH, bearsDelimiter = false, repairTools=NopolAllTests,NPEFix,AssertFixer,AstorJGenProg,AstorJKali,NopolSingleTest,AstorJMut,NopolTestExclusionStrategy, githubUserName= fermadeiral, githubUserEmail=fer.madeiral@gmail.com}
08:30:16.013 [main] DEBUG fr.inria.jtravis.helpers.BuildHelper - Get request to :https://api.travis-ci.org/build/353503527 done after 906 ms
08:30:16.286 [main] DEBUG fr.inria.jtravis.helpers.BuildHelper - Get request to :https://api.travis-ci.org/build/356302841 done after 135 ms
08:30:16.313 [main] INFO  f.i.s.repairnator.pipeline.Launcher - The patched build (356302841) was successfully retrieved from Travis.
08:30:17.646 [main] INFO  fr.inria.jtravis.JTravis - GitHub ratelimit: Limit: 5000 Remaining: 3926 Reset hour: 19:33:30
08:30:17.955 [main] INFO  f.i.s.r.p.i.ProjectInspector - ----------------------------------------------------------------------
08:30:17.956 [main] INFO  f.i.s.r.p.i.ProjectInspector - PIPELINE STEPS
08:30:17.956 [main] INFO  f.i.s.r.p.i.ProjectInspector - ----------------------------------------------------------------------
08:30:17.956 [main] INFO  f.i.s.r.p.i.ProjectInspector - CloneRepository
08:30:17.956 [main] INFO  f.i.s.r.p.i.ProjectInspector - CheckoutPatchedBuildCandidate
08:30:17.957 [main] INFO  f.i.s.r.p.i.ProjectInspector - ComputeSourceDir
08:30:17.957 [main] INFO  f.i.s.r.p.i.ProjectInspector - ComputeTestDir
08:30:17.957 [main] INFO  f.i.s.r.p.i.ProjectInspector - CheckoutBuggyBuildCandidateSourceCode
08:30:17.957 [main] INFO  f.i.s.r.p.i.ProjectInspector - BuildProjectBuggyBuildCandidateSourceCode
08:30:17.958 [main] INFO  f.i.s.r.p.i.ProjectInspector - TestProjectBuggyBuildCandidateSourceCode
08:30:17.958 [main] INFO  f.i.s.r.p.i.ProjectInspector - GatherTestInformationBuggyBuildCandidateSourceCode
08:30:17.958 [main] INFO  f.i.s.r.p.i.ProjectInspector - CheckoutBuggyBuildTestCode
08:30:17.959 [main] INFO  f.i.s.r.p.i.ProjectInspector - InitRepoToPush
08:30:17.959 [main] INFO  f.i.s.r.p.i.ProjectInspector - ComputeClasspath
08:30:17.959 [main] INFO  f.i.s.r.p.i.ProjectInspector - ComputeModules
08:30:17.960 [main] INFO  f.i.s.r.p.i.ProjectInspector - CheckoutBuggyBuildCandidateSourceCode
08:30:17.960 [main] INFO  f.i.s.r.p.i.ProjectInspector - CommitChangedTests
08:30:17.960 [main] INFO  f.i.s.r.p.i.ProjectInspector - CheckoutPatchedBuildCandidate
08:30:17.961 [main] INFO  f.i.s.r.p.i.ProjectInspector - BuildProjectPatchedBuildCandidate
08:30:17.961 [main] INFO  f.i.s.r.p.i.ProjectInspector - TestProjectPatchedBuildCandidate
08:30:17.962 [main] INFO  f.i.s.r.p.i.ProjectInspector - GatherTestInformationPatchedBuildCandidate
08:30:17.962 [main] INFO  f.i.s.r.p.i.ProjectInspector - CommitPatch
08:30:17.963 [main] INFO  f.i.s.r.p.i.ProjectInspector - WritePropertyFile
08:30:17.963 [main] INFO  f.i.s.r.p.i.ProjectInspector - CommitProcessEnd
08:30:17.964 [main] INFO  f.i.s.r.p.i.ProjectInspector - PushProcessEnd
08:30:17.964 [main] DEBUG f.i.s.r.process.step.CloneRepository - ----------------------------------------------------------------------
08:30:17.965 [main] DEBUG f.i.s.r.process.step.CloneRepository - STEP 1/22: CloneRepository
08:30:17.965 [main] DEBUG f.i.s.r.process.step.CloneRepository - ----------------------------------------------------------------------
08:30:17.966 [main] DEBUG f.i.s.r.process.step.CloneRepository - Cloning repository CorfuDB/CorfuDB in the following directory: ./workspace/CorfuDB/CorfuDB/353503527
08:34:22.925 [main] DEBUG f.i.s.r.process.step.CloneRepository - STEP STATUS: [ CloneRepository : SUCCESS ]
08:34:22.926 [main] DEBUG f.i.s.r.process.step.CloneRepository - STEP DURATION: 244s
08:34:22.926 [main] DEBUG f.i.s.r.process.step.CloneRepository - EXECUTE NEXT STEP
08:34:22.927 [main] DEBUG f.i.s.r.p.s.c.CheckoutPatchedBuild - ----------------------------------------------------------------------
08:34:22.927 [main] DEBUG f.i.s.r.p.s.c.CheckoutPatchedBuild - STEP 2/22: CheckoutPatchedBuildCandidate
08:34:22.930 [main] DEBUG f.i.s.r.p.s.c.CheckoutPatchedBuild - ----------------------------------------------------------------------
08:34:22.930 [main] DEBUG f.i.s.r.p.s.c.CheckoutPatchedBuild - Checking out patched build candidate...
08:34:23.291 [main] INFO  fr.inria.jtravis.JTravis - GitHub ratelimit: Limit: 5000 Remaining: 4998 Reset hour: 19:33:34
08:34:25.598 [main] DEBUG f.i.s.r.p.s.c.CheckoutPatchedBuild - Reproduce the PR for CorfuDB/CorfuDB by fetching remote branch and merging.
08:34:26.532 [main] ERROR f.i.s.r.p.s.c.CheckoutPatchedBuild - Error while testing commit: org.eclipse.jgit.errors.MissingObjectException: Missing unknown 1c0eab0228e5876201e496e30725c78db0c17653
08:34:26.533 [main] ERROR f.i.s.r.p.s.c.CheckoutPatchedBuild - Commit head ref cannot be retrieved from the repository: 1c0eab0228e5876201e496e30725c78db0c17653. Operation aborted.
08:34:26.534 [main] ERROR f.i.s.r.p.s.c.CheckoutPatchedBuild - Error while merging two commits to reproduce the PR.
08:34:26.535 [main] DEBUG f.i.s.r.p.s.c.CheckoutPatchedBuild - STEP STATUS: [ CheckoutPatchedBuildCandidate : FAILURE ( BUILDNOTCHECKEDOUT ) ]
08:34:26.535 [main] DEBUG f.i.s.r.p.s.c.CheckoutPatchedBuild - STEP DURATION: 3s
08:34:26.535 [main] DEBUG f.i.s.r.p.s.c.CheckoutPatchedBuild - TERMINATE PIPELINE
08:34:26.535 [main] DEBUG f.i.s.r.p.s.c.CheckoutPatchedBuild - FINAL STEPS SKIPPED: The reproduction of the bug and/or the patch failed.
08:34:26.536 [main] INFO  f.i.s.r.p.s.c.CheckoutPatchedBuild - Serialize all data for the pair of builds 353503527, 356302841
08:34:26.662 [main] INFO  fr.inria.jtravis.JTravis - GitHub ratelimit: Limit: 5000 Remaining: 4991 Reset hour: 19:33:34
08:34:27.195 [main] INFO  f.i.s.r.p.i.ProjectInspector - ----------------------------------------------------------------------
08:34:27.195 [main] INFO  f.i.s.r.p.i.ProjectInspector - PIPELINE EXECUTION SUMMARY
08:34:27.195 [main] INFO  f.i.s.r.p.i.ProjectInspector - ----------------------------------------------------------------------
08:34:27.196 [main] INFO  f.i.s.r.p.i.ProjectInspector - CloneRepository......................................SUCCESS [ 244 s ]
08:34:27.197 [main] INFO  f.i.s.r.p.i.ProjectInspector - CheckoutPatchedBuildCandidate........................FAILURE [   3 s ]
08:34:27.198 [main] INFO  f.i.s.r.p.i.ProjectInspector - ComputeSourceDir.....................................NOT RUN          
08:34:27.198 [main] INFO  f.i.s.r.p.i.ProjectInspector - ComputeTestDir.......................................NOT RUN          
08:34:27.198 [main] INFO  f.i.s.r.p.i.ProjectInspector - CheckoutBuggyBuildCandidateSourceCode................NOT RUN          
08:34:27.199 [main] INFO  f.i.s.r.p.i.ProjectInspector - BuildProjectBuggyBuildCandidateSourceCode............NOT RUN          
08:34:27.199 [main] INFO  f.i.s.r.p.i.ProjectInspector - TestProjectBuggyBuildCandidateSourceCode.............NOT RUN          
08:34:27.199 [main] INFO  f.i.s.r.p.i.ProjectInspector - GatherTestInformationBuggyBuildCandidateSourceCode...NOT RUN          
08:34:27.199 [main] INFO  f.i.s.r.p.i.ProjectInspector - CheckoutBuggyBuildTestCode...........................NOT RUN          
08:34:27.200 [main] INFO  f.i.s.r.p.i.ProjectInspector - InitRepoToPush.......................................NOT RUN          
08:34:27.200 [main] INFO  f.i.s.r.p.i.ProjectInspector - ComputeClasspath.....................................NOT RUN          
08:34:27.200 [main] INFO  f.i.s.r.p.i.ProjectInspector - ComputeModules.......................................NOT RUN          
08:34:27.201 [main] INFO  f.i.s.r.p.i.ProjectInspector - CheckoutBuggyBuildCandidateSourceCode................NOT RUN          
08:34:27.201 [main] INFO  f.i.s.r.p.i.ProjectInspector - CommitChangedTests...................................NOT RUN          
08:34:27.201 [main] INFO  f.i.s.r.p.i.ProjectInspector - CheckoutPatchedBuildCandidate........................NOT RUN          
08:34:27.201 [main] INFO  f.i.s.r.p.i.ProjectInspector - BuildProjectPatchedBuildCandidate....................NOT RUN          
08:34:27.202 [main] INFO  f.i.s.r.p.i.ProjectInspector - TestProjectPatchedBuildCandidate.....................NOT RUN          
08:34:27.202 [main] INFO  f.i.s.r.p.i.ProjectInspector - GatherTestInformationPatchedBuildCandidate...........NOT RUN          
08:34:27.202 [main] INFO  f.i.s.r.p.i.ProjectInspector - CommitPatch..........................................NOT RUN          
08:34:27.202 [main] INFO  f.i.s.r.p.i.ProjectInspector - WritePropertyFile....................................NOT RUN          
08:34:27.203 [main] INFO  f.i.s.r.p.i.ProjectInspector - CommitProcessEnd.....................................NOT RUN          
08:34:27.203 [main] INFO  f.i.s.r.p.i.ProjectInspector - PushProcessEnd.......................................NOT RUN          
08:34:27.203 [main] INFO  f.i.s.r.p.i.ProjectInspector - ----------------------------------------------------------------------
08:34:27.203 [main] INFO  f.i.s.r.p.i.ProjectInspector - PIPELINE FINDING: BUILDNOTCHECKEDOUT
08:34:27.203 [main] INFO  f.i.s.r.p.i.ProjectInspector - ----------------------------------------------------------------------
08:34:27.203 [main] INFO  f.i.s.repairnator.pipeline.Launcher - Inspector is finished. The process will exit now.
