08:21:26.303 [main] INFO  f.i.s.repairnator.pipeline.Launcher - PIPELINE VERSION: 3.0-2018-08-09 19:04
08:21:26.469 [main] INFO  f.i.s.repairnator.pipeline.Launcher - The pipeline will try to reproduce a bug from build 354585010 and its corresponding patch from build 354598200
08:21:26.470 [main] INFO  f.i.s.repairnator.pipeline.Launcher - Initialize file serializer engines.
08:21:26.472 [main] INFO  f.i.s.repairnator.pipeline.Launcher - MongoDB won't be used for serialization.
08:21:26.473 [main] INFO  f.i.s.repairnator.pipeline.Launcher - The email notifier engine won't be used.
08:21:26.477 [main] INFO  f.i.s.repairnator.pipeline.Launcher - Start by getting the build (buildId: 354585010) with the following config: RepairnatorConfig{runId='e853272b-bf8e-41a0-b5a0-9d347947f4f6_03-18-week3-PASSING_AND_PASSING', launcherMode=BEARS, serializeJson=true, inputPath='null', outputPath='/var/log', mongodbHost='null', mongodbName='repairnator', smtpServer='null', notifyTo=[], notifyEndProcess=false, push=true, pushRemoteRepo='https://github.com/fermadeiral/bears-collection-pp', fork=false, lookFromDate=null, lookToDate=null, buildId=354585010, z3solverPath='./z3_for_linux', workspacePath='./workspace', githubToken='c8a341a903[...]', dockerImageName='null', skipDelete=false, createOutputDir=false, logDirectory='null', nbThreads=0, globalTimeout=0, whiteList=null, blackList=null, jobSleepTime=0, buildSleepTime=0, maxInspectedBuilds=0, duration=null, humanPatch=false, repository='null', clean=true, bearsMode=BOTH, bearsDelimiter = false, repairTools=NopolAllTests,NPEFix,AssertFixer,AstorJGenProg,AstorJKali,NopolSingleTest,AstorJMut,NopolTestExclusionStrategy, githubUserName= fermadeiral, githubUserEmail=fer.madeiral@gmail.com}
08:21:27.920 [main] DEBUG fr.inria.jtravis.helpers.BuildHelper - Get request to :https://api.travis-ci.org/build/354585010 done after 861 ms
08:21:28.473 [main] DEBUG fr.inria.jtravis.helpers.BuildHelper - Get request to :https://api.travis-ci.org/build/354598200 done after 131 ms
08:21:28.502 [main] INFO  f.i.s.repairnator.pipeline.Launcher - The patched build (354598200) was successfully retrieved from Travis.
08:21:30.930 [main] INFO  fr.inria.jtravis.JTravis - GitHub ratelimit: Limit: 5000 Remaining: 4134 Reset hour: 19:33:30
08:21:31.209 [main] INFO  f.i.s.r.p.i.ProjectInspector - ----------------------------------------------------------------------
08:21:31.210 [main] INFO  f.i.s.r.p.i.ProjectInspector - PIPELINE STEPS
08:21:31.210 [main] INFO  f.i.s.r.p.i.ProjectInspector - ----------------------------------------------------------------------
08:21:31.210 [main] INFO  f.i.s.r.p.i.ProjectInspector - CloneRepository
08:21:31.211 [main] INFO  f.i.s.r.p.i.ProjectInspector - CheckoutPatchedBuildCandidate
08:21:31.211 [main] INFO  f.i.s.r.p.i.ProjectInspector - ComputeSourceDir
08:21:31.212 [main] INFO  f.i.s.r.p.i.ProjectInspector - ComputeTestDir
08:21:31.212 [main] INFO  f.i.s.r.p.i.ProjectInspector - CheckoutBuggyBuildCandidateSourceCode
08:21:31.213 [main] INFO  f.i.s.r.p.i.ProjectInspector - BuildProjectBuggyBuildCandidateSourceCode
08:21:31.213 [main] INFO  f.i.s.r.p.i.ProjectInspector - TestProjectBuggyBuildCandidateSourceCode
08:21:31.213 [main] INFO  f.i.s.r.p.i.ProjectInspector - GatherTestInformationBuggyBuildCandidateSourceCode
08:21:31.214 [main] INFO  f.i.s.r.p.i.ProjectInspector - CheckoutBuggyBuildTestCode
08:21:31.214 [main] INFO  f.i.s.r.p.i.ProjectInspector - InitRepoToPush
08:21:31.214 [main] INFO  f.i.s.r.p.i.ProjectInspector - ComputeClasspath
08:21:31.215 [main] INFO  f.i.s.r.p.i.ProjectInspector - ComputeModules
08:21:31.215 [main] INFO  f.i.s.r.p.i.ProjectInspector - CheckoutBuggyBuildCandidateSourceCode
08:21:31.216 [main] INFO  f.i.s.r.p.i.ProjectInspector - CommitChangedTests
08:21:31.216 [main] INFO  f.i.s.r.p.i.ProjectInspector - CheckoutPatchedBuildCandidate
08:21:31.216 [main] INFO  f.i.s.r.p.i.ProjectInspector - BuildProjectPatchedBuildCandidate
08:21:31.217 [main] INFO  f.i.s.r.p.i.ProjectInspector - TestProjectPatchedBuildCandidate
08:21:31.217 [main] INFO  f.i.s.r.p.i.ProjectInspector - GatherTestInformationPatchedBuildCandidate
08:21:31.218 [main] INFO  f.i.s.r.p.i.ProjectInspector - CommitPatch
08:21:31.218 [main] INFO  f.i.s.r.p.i.ProjectInspector - WritePropertyFile
08:21:31.219 [main] INFO  f.i.s.r.p.i.ProjectInspector - CommitProcessEnd
08:21:31.220 [main] INFO  f.i.s.r.p.i.ProjectInspector - PushProcessEnd
08:21:31.220 [main] DEBUG f.i.s.r.process.step.CloneRepository - ----------------------------------------------------------------------
08:21:31.221 [main] DEBUG f.i.s.r.process.step.CloneRepository - STEP 1/22: CloneRepository
08:21:31.221 [main] DEBUG f.i.s.r.process.step.CloneRepository - ----------------------------------------------------------------------
08:21:31.222 [main] DEBUG f.i.s.r.process.step.CloneRepository - Cloning repository runelite/runelite in the following directory: ./workspace/runelite/runelite/354585010
08:21:42.835 [main] DEBUG f.i.s.r.process.step.CloneRepository - STEP STATUS: [ CloneRepository : SUCCESS ]
08:21:42.835 [main] DEBUG f.i.s.r.process.step.CloneRepository - STEP DURATION: 11s
08:21:42.835 [main] DEBUG f.i.s.r.process.step.CloneRepository - EXECUTE NEXT STEP
08:21:42.835 [main] DEBUG f.i.s.r.p.s.c.CheckoutPatchedBuild - ----------------------------------------------------------------------
08:21:42.836 [main] DEBUG f.i.s.r.p.s.c.CheckoutPatchedBuild - STEP 2/22: CheckoutPatchedBuildCandidate
08:21:42.836 [main] DEBUG f.i.s.r.p.s.c.CheckoutPatchedBuild - ----------------------------------------------------------------------
08:21:42.836 [main] DEBUG f.i.s.r.p.s.c.CheckoutPatchedBuild - Checking out patched build candidate...
08:21:43.137 [main] INFO  fr.inria.jtravis.JTravis - GitHub ratelimit: Limit: 5000 Remaining: 4131 Reset hour: 19:33:30
08:21:43.521 [main] WARN  f.i.j.helpers.PullRequestHelper - The head repository is null: maybe it has been deleted from GitHub
08:21:43.521 [main] ERROR f.i.s.r.p.s.c.CheckoutPatchedBuild - Error while getting PR information.
08:21:43.522 [main] DEBUG f.i.s.r.p.s.c.CheckoutPatchedBuild - STEP STATUS: [ CheckoutPatchedBuildCandidate : FAILURE ( BUILDNOTCHECKEDOUT ) ]
08:21:43.522 [main] DEBUG f.i.s.r.p.s.c.CheckoutPatchedBuild - STEP DURATION: 0s
08:21:43.522 [main] DEBUG f.i.s.r.p.s.c.CheckoutPatchedBuild - TERMINATE PIPELINE
08:21:43.523 [main] DEBUG f.i.s.r.p.s.c.CheckoutPatchedBuild - FINAL STEPS SKIPPED: The reproduction of the bug and/or the patch failed.
08:21:43.523 [main] INFO  f.i.s.r.p.s.c.CheckoutPatchedBuild - Serialize all data for the pair of builds 354585010, 354598200
08:21:43.632 [main] INFO  fr.inria.jtravis.JTravis - GitHub ratelimit: Limit: 5000 Remaining: 4129 Reset hour: 19:33:30
08:21:44.332 [main] INFO  f.i.s.r.p.i.ProjectInspector - ----------------------------------------------------------------------
08:21:44.332 [main] INFO  f.i.s.r.p.i.ProjectInspector - PIPELINE EXECUTION SUMMARY
08:21:44.332 [main] INFO  f.i.s.r.p.i.ProjectInspector - ----------------------------------------------------------------------
08:21:44.332 [main] INFO  f.i.s.r.p.i.ProjectInspector - CloneRepository.......................................SUCCESS [ 11 s ]
08:21:44.332 [main] INFO  f.i.s.r.p.i.ProjectInspector - CheckoutPatchedBuildCandidate.........................FAILURE [  0 s ]
08:21:44.332 [main] INFO  f.i.s.r.p.i.ProjectInspector - ComputeSourceDir......................................NOT RUN         
08:21:44.333 [main] INFO  f.i.s.r.p.i.ProjectInspector - ComputeTestDir........................................NOT RUN         
08:21:44.333 [main] INFO  f.i.s.r.p.i.ProjectInspector - CheckoutBuggyBuildCandidateSourceCode.................NOT RUN         
08:21:44.333 [main] INFO  f.i.s.r.p.i.ProjectInspector - BuildProjectBuggyBuildCandidateSourceCode.............NOT RUN         
08:21:44.333 [main] INFO  f.i.s.r.p.i.ProjectInspector - TestProjectBuggyBuildCandidateSourceCode..............NOT RUN         
08:21:44.333 [main] INFO  f.i.s.r.p.i.ProjectInspector - GatherTestInformationBuggyBuildCandidateSourceCode....NOT RUN         
08:21:44.334 [main] INFO  f.i.s.r.p.i.ProjectInspector - CheckoutBuggyBuildTestCode............................NOT RUN         
08:21:44.334 [main] INFO  f.i.s.r.p.i.ProjectInspector - InitRepoToPush........................................NOT RUN         
08:21:44.335 [main] INFO  f.i.s.r.p.i.ProjectInspector - ComputeClasspath......................................NOT RUN         
08:21:44.336 [main] INFO  f.i.s.r.p.i.ProjectInspector - ComputeModules........................................NOT RUN         
08:21:44.336 [main] INFO  f.i.s.r.p.i.ProjectInspector - CheckoutBuggyBuildCandidateSourceCode.................NOT RUN         
08:21:44.336 [main] INFO  f.i.s.r.p.i.ProjectInspector - CommitChangedTests....................................NOT RUN         
08:21:44.336 [main] INFO  f.i.s.r.p.i.ProjectInspector - CheckoutPatchedBuildCandidate.........................NOT RUN         
08:21:44.336 [main] INFO  f.i.s.r.p.i.ProjectInspector - BuildProjectPatchedBuildCandidate.....................NOT RUN         
08:21:44.336 [main] INFO  f.i.s.r.p.i.ProjectInspector - TestProjectPatchedBuildCandidate......................NOT RUN         
08:21:44.336 [main] INFO  f.i.s.r.p.i.ProjectInspector - GatherTestInformationPatchedBuildCandidate............NOT RUN         
08:21:44.336 [main] INFO  f.i.s.r.p.i.ProjectInspector - CommitPatch...........................................NOT RUN         
08:21:44.337 [main] INFO  f.i.s.r.p.i.ProjectInspector - WritePropertyFile.....................................NOT RUN         
08:21:44.342 [main] INFO  f.i.s.r.p.i.ProjectInspector - CommitProcessEnd......................................NOT RUN         
08:21:44.342 [main] INFO  f.i.s.r.p.i.ProjectInspector - PushProcessEnd........................................NOT RUN         
08:21:44.342 [main] INFO  f.i.s.r.p.i.ProjectInspector - ----------------------------------------------------------------------
08:21:44.342 [main] INFO  f.i.s.r.p.i.ProjectInspector - PIPELINE FINDING: BUILDNOTCHECKEDOUT
08:21:44.342 [main] INFO  f.i.s.r.p.i.ProjectInspector - ----------------------------------------------------------------------
08:21:44.342 [main] INFO  f.i.s.repairnator.pipeline.Launcher - Inspector is finished. The process will exit now.
