00:24:38.914 [main] INFO  f.i.s.repairnator.pipeline.Launcher - PIPELINE VERSION: 3.0-2018-08-09 19:04
00:24:39.034 [main] INFO  f.i.s.repairnator.pipeline.Launcher - The pipeline will try to reproduce a bug from build 344899924 and its corresponding patch from build 345174528
00:24:39.034 [main] INFO  f.i.s.repairnator.pipeline.Launcher - Initialize file serializer engines.
00:24:39.036 [main] INFO  f.i.s.repairnator.pipeline.Launcher - MongoDB won't be used for serialization.
00:24:39.036 [main] INFO  f.i.s.repairnator.pipeline.Launcher - The email notifier engine won't be used.
00:24:39.039 [main] INFO  f.i.s.repairnator.pipeline.Launcher - Start by getting the build (buildId: 344899924) with the following config: RepairnatorConfig{runId='f217db01-bbb8-402e-8360-dcad68a2f96f_02-18-week4-FAILING_AND_PASSING', launcherMode=BEARS, serializeJson=true, inputPath='null', outputPath='/var/log', mongodbHost='null', mongodbName='repairnator', smtpServer='null', notifyTo=[], notifyEndProcess=false, push=true, pushRemoteRepo='https://github.com/fermadeiral/bears-collection-fp', fork=false, lookFromDate=null, lookToDate=null, buildId=344899924, z3solverPath='./z3_for_linux', workspacePath='./workspace', githubToken='c8a341a903[...]', dockerImageName='null', skipDelete=false, createOutputDir=false, logDirectory='null', nbThreads=0, globalTimeout=0, whiteList=null, blackList=null, jobSleepTime=0, buildSleepTime=0, maxInspectedBuilds=0, duration=null, humanPatch=false, repository='null', clean=true, bearsMode=BOTH, bearsDelimiter = false, repairTools=NopolAllTests,NPEFix,AssertFixer,AstorJGenProg,AstorJKali,NopolSingleTest,AstorJMut,NopolTestExclusionStrategy, githubUserName= fermadeiral, githubUserEmail=fer.madeiral@gmail.com}
00:24:40.235 [main] DEBUG fr.inria.jtravis.helpers.BuildHelper - Get request to :https://api.travis-ci.org/build/344899924 done after 799 ms
00:24:40.494 [main] DEBUG fr.inria.jtravis.helpers.BuildHelper - Get request to :https://api.travis-ci.org/build/345174528 done after 138 ms
00:24:40.507 [main] INFO  f.i.s.repairnator.pipeline.Launcher - The patched build (345174528) was successfully retrieved from Travis.
00:24:41.561 [main] INFO  fr.inria.jtravis.JTravis - GitHub ratelimit: Limit: 5000 Remaining: 4926 Reset hour: 19:27:18
00:24:41.778 [main] INFO  f.i.s.r.p.i.ProjectInspector - ----------------------------------------------------------------------
00:24:41.778 [main] INFO  f.i.s.r.p.i.ProjectInspector - PIPELINE STEPS
00:24:41.778 [main] INFO  f.i.s.r.p.i.ProjectInspector - ----------------------------------------------------------------------
00:24:41.778 [main] INFO  f.i.s.r.p.i.ProjectInspector - CloneRepository
00:24:41.778 [main] INFO  f.i.s.r.p.i.ProjectInspector - CheckoutBuggyBuildCandidate
00:24:41.779 [main] INFO  f.i.s.r.p.i.ProjectInspector - ComputeSourceDir
00:24:41.779 [main] INFO  f.i.s.r.p.i.ProjectInspector - ComputeTestDir
00:24:41.779 [main] INFO  f.i.s.r.p.i.ProjectInspector - BuildProjectBuggyBuildCandidate
00:24:41.779 [main] INFO  f.i.s.r.p.i.ProjectInspector - TestProjectBuggyBuildCandidate
00:24:41.779 [main] INFO  f.i.s.r.p.i.ProjectInspector - GatherTestInformationBuggyBuildCandidate
00:24:41.780 [main] INFO  f.i.s.r.p.i.ProjectInspector - InitRepoToPush
00:24:41.780 [main] INFO  f.i.s.r.p.i.ProjectInspector - ComputeClasspath
00:24:41.780 [main] INFO  f.i.s.r.p.i.ProjectInspector - ComputeModules
00:24:41.780 [main] INFO  f.i.s.r.p.i.ProjectInspector - CheckoutPatchedBuildCandidate
00:24:41.780 [main] INFO  f.i.s.r.p.i.ProjectInspector - BuildProjectPatchedBuildCandidate
00:24:41.781 [main] INFO  f.i.s.r.p.i.ProjectInspector - TestProjectPatchedBuildCandidate
00:24:41.781 [main] INFO  f.i.s.r.p.i.ProjectInspector - GatherTestInformationPatchedBuildCandidate
00:24:41.781 [main] INFO  f.i.s.r.p.i.ProjectInspector - CommitPatch
00:24:41.781 [main] INFO  f.i.s.r.p.i.ProjectInspector - WritePropertyFile
00:24:41.781 [main] INFO  f.i.s.r.p.i.ProjectInspector - CommitProcessEnd
00:24:41.782 [main] INFO  f.i.s.r.p.i.ProjectInspector - PushProcessEnd
00:24:41.782 [main] DEBUG f.i.s.r.process.step.CloneRepository - ----------------------------------------------------------------------
00:24:41.782 [main] DEBUG f.i.s.r.process.step.CloneRepository - STEP 1/18: CloneRepository
00:24:41.782 [main] DEBUG f.i.s.r.process.step.CloneRepository - ----------------------------------------------------------------------
00:24:41.783 [main] DEBUG f.i.s.r.process.step.CloneRepository - Cloning repository datastax/java-driver in the following directory: ./workspace/datastax/java-driver/344899924
00:25:00.536 [main] DEBUG f.i.s.r.process.step.CloneRepository - STEP STATUS: [ CloneRepository : SUCCESS ]
00:25:00.537 [main] DEBUG f.i.s.r.process.step.CloneRepository - STEP DURATION: 18s
00:25:00.537 [main] DEBUG f.i.s.r.process.step.CloneRepository - EXECUTE NEXT STEP
00:25:00.537 [main] DEBUG f.i.s.r.p.s.c.CheckoutBuggyBuild - ----------------------------------------------------------------------
00:25:00.537 [main] DEBUG f.i.s.r.p.s.c.CheckoutBuggyBuild - STEP 2/18: CheckoutBuggyBuildCandidate
00:25:00.538 [main] DEBUG f.i.s.r.p.s.c.CheckoutBuggyBuild - ----------------------------------------------------------------------
00:25:00.538 [main] DEBUG f.i.s.r.p.s.c.CheckoutBuggyBuild - Checking out buggy build candidate...
00:25:00.548 [main] ERROR f.i.s.r.p.s.c.CheckoutBuggyBuild - Error while testing commit: org.eclipse.jgit.errors.MissingObjectException: Missing unknown 3dd109fc0a0c34a3af8313b6e29c10b3873c3379
00:25:00.548 [main] ERROR f.i.s.r.p.s.c.CheckoutBuggyBuild - Error while getting the commit to checkout from the repo.
00:25:00.550 [main] DEBUG f.i.s.r.p.s.c.CheckoutBuggyBuild - STEP STATUS: [ CheckoutBuggyBuildCandidate : FAILURE ( BUILDNOTCHECKEDOUT ) ]
00:25:00.551 [main] DEBUG f.i.s.r.p.s.c.CheckoutBuggyBuild - STEP DURATION: 0s
00:25:00.551 [main] DEBUG f.i.s.r.p.s.c.CheckoutBuggyBuild - TERMINATE PIPELINE
00:25:00.551 [main] DEBUG f.i.s.r.p.s.c.CheckoutBuggyBuild - FINAL STEPS SKIPPED: The reproduction of the bug and/or the patch failed.
00:25:00.552 [main] INFO  f.i.s.r.p.s.c.CheckoutBuggyBuild - Serialize all data for the pair of builds 344899924, 345174528
00:25:00.831 [main] INFO  fr.inria.jtravis.JTravis - GitHub ratelimit: Limit: 5000 Remaining: 4925 Reset hour: 19:27:18
00:25:01.414 [main] INFO  f.i.s.r.p.i.ProjectInspector - ----------------------------------------------------------------------
00:25:01.414 [main] INFO  f.i.s.r.p.i.ProjectInspector - PIPELINE EXECUTION SUMMARY
00:25:01.414 [main] INFO  f.i.s.r.p.i.ProjectInspector - ----------------------------------------------------------------------
00:25:01.415 [main] INFO  f.i.s.r.p.i.ProjectInspector - CloneRepository.......................................SUCCESS [ 18 s ]
00:25:01.415 [main] INFO  f.i.s.r.p.i.ProjectInspector - CheckoutBuggyBuildCandidate...........................FAILURE [  0 s ]
00:25:01.415 [main] INFO  f.i.s.r.p.i.ProjectInspector - ComputeSourceDir......................................NOT RUN         
00:25:01.415 [main] INFO  f.i.s.r.p.i.ProjectInspector - ComputeTestDir........................................NOT RUN         
00:25:01.415 [main] INFO  f.i.s.r.p.i.ProjectInspector - BuildProjectBuggyBuildCandidate.......................NOT RUN         
00:25:01.415 [main] INFO  f.i.s.r.p.i.ProjectInspector - TestProjectBuggyBuildCandidate........................NOT RUN         
00:25:01.415 [main] INFO  f.i.s.r.p.i.ProjectInspector - GatherTestInformationBuggyBuildCandidate..............NOT RUN         
00:25:01.415 [main] INFO  f.i.s.r.p.i.ProjectInspector - InitRepoToPush........................................NOT RUN         
00:25:01.416 [main] INFO  f.i.s.r.p.i.ProjectInspector - ComputeClasspath......................................NOT RUN         
00:25:01.416 [main] INFO  f.i.s.r.p.i.ProjectInspector - ComputeModules........................................NOT RUN         
00:25:01.416 [main] INFO  f.i.s.r.p.i.ProjectInspector - CheckoutPatchedBuildCandidate.........................NOT RUN         
00:25:01.416 [main] INFO  f.i.s.r.p.i.ProjectInspector - BuildProjectPatchedBuildCandidate.....................NOT RUN         
00:25:01.416 [main] INFO  f.i.s.r.p.i.ProjectInspector - TestProjectPatchedBuildCandidate......................NOT RUN         
00:25:01.416 [main] INFO  f.i.s.r.p.i.ProjectInspector - GatherTestInformationPatchedBuildCandidate............NOT RUN         
00:25:01.416 [main] INFO  f.i.s.r.p.i.ProjectInspector - CommitPatch...........................................NOT RUN         
00:25:01.416 [main] INFO  f.i.s.r.p.i.ProjectInspector - WritePropertyFile.....................................NOT RUN         
00:25:01.417 [main] INFO  f.i.s.r.p.i.ProjectInspector - CommitProcessEnd......................................NOT RUN         
00:25:01.417 [main] INFO  f.i.s.r.p.i.ProjectInspector - PushProcessEnd........................................NOT RUN         
00:25:01.417 [main] INFO  f.i.s.r.p.i.ProjectInspector - ----------------------------------------------------------------------
00:25:01.417 [main] INFO  f.i.s.r.p.i.ProjectInspector - PIPELINE FINDING: BUILDNOTCHECKEDOUT
00:25:01.417 [main] INFO  f.i.s.r.p.i.ProjectInspector - ----------------------------------------------------------------------
00:25:01.417 [main] INFO  f.i.s.repairnator.pipeline.Launcher - Inspector is finished. The process will exit now.
