00:23:28.930 [main] INFO  f.i.s.repairnator.pipeline.Launcher - PIPELINE VERSION: 3.0-2018-08-09 19:04
00:23:29.041 [main] INFO  f.i.s.repairnator.pipeline.Launcher - The pipeline will try to reproduce a bug from build 345371006 and its corresponding patch from build 346529015
00:23:29.042 [main] INFO  f.i.s.repairnator.pipeline.Launcher - Initialize file serializer engines.
00:23:29.043 [main] INFO  f.i.s.repairnator.pipeline.Launcher - MongoDB won't be used for serialization.
00:23:29.044 [main] INFO  f.i.s.repairnator.pipeline.Launcher - The email notifier engine won't be used.
00:23:29.046 [main] INFO  f.i.s.repairnator.pipeline.Launcher - Start by getting the build (buildId: 345371006) with the following config: RepairnatorConfig{runId='f217db01-bbb8-402e-8360-dcad68a2f96f_02-18-week4-FAILING_AND_PASSING', launcherMode=BEARS, serializeJson=true, inputPath='null', outputPath='/var/log', mongodbHost='null', mongodbName='repairnator', smtpServer='null', notifyTo=[], notifyEndProcess=false, push=true, pushRemoteRepo='https://github.com/fermadeiral/bears-collection-fp', fork=false, lookFromDate=null, lookToDate=null, buildId=345371006, z3solverPath='./z3_for_linux', workspacePath='./workspace', githubToken='c8a341a903[...]', dockerImageName='null', skipDelete=false, createOutputDir=false, logDirectory='null', nbThreads=0, globalTimeout=0, whiteList=null, blackList=null, jobSleepTime=0, buildSleepTime=0, maxInspectedBuilds=0, duration=null, humanPatch=false, repository='null', clean=true, bearsMode=BOTH, bearsDelimiter = false, repairTools=NopolAllTests,NPEFix,AssertFixer,AstorJGenProg,AstorJKali,NopolSingleTest,AstorJMut,NopolTestExclusionStrategy, githubUserName= fermadeiral, githubUserEmail=fer.madeiral@gmail.com}
00:23:30.234 [main] DEBUG fr.inria.jtravis.helpers.BuildHelper - Get request to :https://api.travis-ci.org/build/345371006 done after 778 ms
00:23:30.544 [main] DEBUG fr.inria.jtravis.helpers.BuildHelper - Get request to :https://api.travis-ci.org/build/346529015 done after 202 ms
00:23:30.554 [main] INFO  f.i.s.repairnator.pipeline.Launcher - The patched build (346529015) was successfully retrieved from Travis.
00:23:31.714 [main] INFO  fr.inria.jtravis.JTravis - GitHub ratelimit: Limit: 5000 Remaining: 4952 Reset hour: 19:27:18
00:23:31.966 [main] INFO  f.i.s.r.p.i.ProjectInspector - ----------------------------------------------------------------------
00:23:31.967 [main] INFO  f.i.s.r.p.i.ProjectInspector - PIPELINE STEPS
00:23:31.967 [main] INFO  f.i.s.r.p.i.ProjectInspector - ----------------------------------------------------------------------
00:23:31.967 [main] INFO  f.i.s.r.p.i.ProjectInspector - CloneRepository
00:23:31.967 [main] INFO  f.i.s.r.p.i.ProjectInspector - CheckoutBuggyBuildCandidate
00:23:31.968 [main] INFO  f.i.s.r.p.i.ProjectInspector - ComputeSourceDir
00:23:31.968 [main] INFO  f.i.s.r.p.i.ProjectInspector - ComputeTestDir
00:23:31.968 [main] INFO  f.i.s.r.p.i.ProjectInspector - BuildProjectBuggyBuildCandidate
00:23:31.968 [main] INFO  f.i.s.r.p.i.ProjectInspector - TestProjectBuggyBuildCandidate
00:23:31.968 [main] INFO  f.i.s.r.p.i.ProjectInspector - GatherTestInformationBuggyBuildCandidate
00:23:31.968 [main] INFO  f.i.s.r.p.i.ProjectInspector - InitRepoToPush
00:23:31.968 [main] INFO  f.i.s.r.p.i.ProjectInspector - ComputeClasspath
00:23:31.969 [main] INFO  f.i.s.r.p.i.ProjectInspector - ComputeModules
00:23:31.969 [main] INFO  f.i.s.r.p.i.ProjectInspector - CheckoutPatchedBuildCandidate
00:23:31.969 [main] INFO  f.i.s.r.p.i.ProjectInspector - BuildProjectPatchedBuildCandidate
00:23:31.969 [main] INFO  f.i.s.r.p.i.ProjectInspector - TestProjectPatchedBuildCandidate
00:23:31.969 [main] INFO  f.i.s.r.p.i.ProjectInspector - GatherTestInformationPatchedBuildCandidate
00:23:31.969 [main] INFO  f.i.s.r.p.i.ProjectInspector - CommitPatch
00:23:31.969 [main] INFO  f.i.s.r.p.i.ProjectInspector - WritePropertyFile
00:23:31.969 [main] INFO  f.i.s.r.p.i.ProjectInspector - CommitProcessEnd
00:23:31.970 [main] INFO  f.i.s.r.p.i.ProjectInspector - PushProcessEnd
00:23:31.970 [main] DEBUG f.i.s.r.process.step.CloneRepository - ----------------------------------------------------------------------
00:23:31.971 [main] DEBUG f.i.s.r.process.step.CloneRepository - STEP 1/18: CloneRepository
00:23:31.971 [main] DEBUG f.i.s.r.process.step.CloneRepository - ----------------------------------------------------------------------
00:23:31.971 [main] DEBUG f.i.s.r.process.step.CloneRepository - Cloning repository datastax/java-driver in the following directory: ./workspace/datastax/java-driver/345371006
00:23:47.440 [main] DEBUG f.i.s.r.process.step.CloneRepository - STEP STATUS: [ CloneRepository : SUCCESS ]
00:23:47.440 [main] DEBUG f.i.s.r.process.step.CloneRepository - STEP DURATION: 15s
00:23:47.440 [main] DEBUG f.i.s.r.process.step.CloneRepository - EXECUTE NEXT STEP
00:23:47.440 [main] DEBUG f.i.s.r.p.s.c.CheckoutBuggyBuild - ----------------------------------------------------------------------
00:23:47.441 [main] DEBUG f.i.s.r.p.s.c.CheckoutBuggyBuild - STEP 2/18: CheckoutBuggyBuildCandidate
00:23:47.441 [main] DEBUG f.i.s.r.p.s.c.CheckoutBuggyBuild - ----------------------------------------------------------------------
00:23:47.441 [main] DEBUG f.i.s.r.p.s.c.CheckoutBuggyBuild - Checking out buggy build candidate...
00:23:47.455 [main] ERROR f.i.s.r.p.s.c.CheckoutBuggyBuild - Error while testing commit: org.eclipse.jgit.errors.MissingObjectException: Missing unknown 5d54ba403c8242a720fd97e1c0df4d4373fc1eef
00:23:47.455 [main] ERROR f.i.s.r.p.s.c.CheckoutBuggyBuild - Error while getting the commit to checkout from the repo.
00:23:47.456 [main] DEBUG f.i.s.r.p.s.c.CheckoutBuggyBuild - STEP STATUS: [ CheckoutBuggyBuildCandidate : FAILURE ( BUILDNOTCHECKEDOUT ) ]
00:23:47.459 [main] DEBUG f.i.s.r.p.s.c.CheckoutBuggyBuild - STEP DURATION: 0s
00:23:47.460 [main] DEBUG f.i.s.r.p.s.c.CheckoutBuggyBuild - TERMINATE PIPELINE
00:23:47.460 [main] DEBUG f.i.s.r.p.s.c.CheckoutBuggyBuild - FINAL STEPS SKIPPED: The reproduction of the bug and/or the patch failed.
00:23:47.460 [main] INFO  f.i.s.r.p.s.c.CheckoutBuggyBuild - Serialize all data for the pair of builds 345371006, 346529015
00:23:47.785 [main] INFO  fr.inria.jtravis.JTravis - GitHub ratelimit: Limit: 5000 Remaining: 4951 Reset hour: 19:27:18
00:23:48.327 [main] INFO  f.i.s.r.p.i.ProjectInspector - ----------------------------------------------------------------------
00:23:48.328 [main] INFO  f.i.s.r.p.i.ProjectInspector - PIPELINE EXECUTION SUMMARY
00:23:48.328 [main] INFO  f.i.s.r.p.i.ProjectInspector - ----------------------------------------------------------------------
00:23:48.328 [main] INFO  f.i.s.r.p.i.ProjectInspector - CloneRepository.......................................SUCCESS [ 15 s ]
00:23:48.328 [main] INFO  f.i.s.r.p.i.ProjectInspector - CheckoutBuggyBuildCandidate...........................FAILURE [  0 s ]
00:23:48.329 [main] INFO  f.i.s.r.p.i.ProjectInspector - ComputeSourceDir......................................NOT RUN         
00:23:48.329 [main] INFO  f.i.s.r.p.i.ProjectInspector - ComputeTestDir........................................NOT RUN         
00:23:48.329 [main] INFO  f.i.s.r.p.i.ProjectInspector - BuildProjectBuggyBuildCandidate.......................NOT RUN         
00:23:48.329 [main] INFO  f.i.s.r.p.i.ProjectInspector - TestProjectBuggyBuildCandidate........................NOT RUN         
00:23:48.329 [main] INFO  f.i.s.r.p.i.ProjectInspector - GatherTestInformationBuggyBuildCandidate..............NOT RUN         
00:23:48.329 [main] INFO  f.i.s.r.p.i.ProjectInspector - InitRepoToPush........................................NOT RUN         
00:23:48.329 [main] INFO  f.i.s.r.p.i.ProjectInspector - ComputeClasspath......................................NOT RUN         
00:23:48.329 [main] INFO  f.i.s.r.p.i.ProjectInspector - ComputeModules........................................NOT RUN         
00:23:48.330 [main] INFO  f.i.s.r.p.i.ProjectInspector - CheckoutPatchedBuildCandidate.........................NOT RUN         
00:23:48.330 [main] INFO  f.i.s.r.p.i.ProjectInspector - BuildProjectPatchedBuildCandidate.....................NOT RUN         
00:23:48.330 [main] INFO  f.i.s.r.p.i.ProjectInspector - TestProjectPatchedBuildCandidate......................NOT RUN         
00:23:48.330 [main] INFO  f.i.s.r.p.i.ProjectInspector - GatherTestInformationPatchedBuildCandidate............NOT RUN         
00:23:48.330 [main] INFO  f.i.s.r.p.i.ProjectInspector - CommitPatch...........................................NOT RUN         
00:23:48.331 [main] INFO  f.i.s.r.p.i.ProjectInspector - WritePropertyFile.....................................NOT RUN         
00:23:48.331 [main] INFO  f.i.s.r.p.i.ProjectInspector - CommitProcessEnd......................................NOT RUN         
00:23:48.331 [main] INFO  f.i.s.r.p.i.ProjectInspector - PushProcessEnd........................................NOT RUN         
00:23:48.331 [main] INFO  f.i.s.r.p.i.ProjectInspector - ----------------------------------------------------------------------
00:23:48.331 [main] INFO  f.i.s.r.p.i.ProjectInspector - PIPELINE FINDING: BUILDNOTCHECKEDOUT
00:23:48.331 [main] INFO  f.i.s.r.p.i.ProjectInspector - ----------------------------------------------------------------------
00:23:48.332 [main] INFO  f.i.s.repairnator.pipeline.Launcher - Inspector is finished. The process will exit now.
