21:55:41.454 [main] INFO  f.i.s.repairnator.pipeline.Launcher - PIPELINE VERSION: 3.0-2018-08-09 19:04
21:55:41.704 [main] INFO  f.i.s.repairnator.pipeline.Launcher - The pipeline will try to reproduce a bug from build 345957337 and its corresponding patch from build 346290445
21:55:41.704 [main] INFO  f.i.s.repairnator.pipeline.Launcher - Initialize file serializer engines.
21:55:41.706 [main] INFO  f.i.s.repairnator.pipeline.Launcher - MongoDB won't be used for serialization.
21:55:41.706 [main] INFO  f.i.s.repairnator.pipeline.Launcher - The email notifier engine won't be used.
21:55:41.711 [main] INFO  f.i.s.repairnator.pipeline.Launcher - Start by getting the build (buildId: 345957337) with the following config: RepairnatorConfig{runId='f217db01-bbb8-402e-8360-dcad68a2f96f_02-18-week4-FAILING_AND_PASSING', launcherMode=BEARS, serializeJson=true, inputPath='null', outputPath='/var/log', mongodbHost='null', mongodbName='repairnator', smtpServer='null', notifyTo=[], notifyEndProcess=false, push=true, pushRemoteRepo='https://github.com/fermadeiral/bears-collection-fp', fork=false, lookFromDate=null, lookToDate=null, buildId=345957337, z3solverPath='./z3_for_linux', workspacePath='./workspace', githubToken='c8a341a903[...]', dockerImageName='null', skipDelete=false, createOutputDir=false, logDirectory='null', nbThreads=0, globalTimeout=0, whiteList=null, blackList=null, jobSleepTime=0, buildSleepTime=0, maxInspectedBuilds=0, duration=null, humanPatch=false, repository='null', clean=true, bearsMode=BOTH, bearsDelimiter = false, repairTools=NopolAllTests,NPEFix,AssertFixer,AstorJGenProg,AstorJKali,NopolSingleTest,AstorJMut,NopolTestExclusionStrategy, githubUserName= fermadeiral, githubUserEmail=fer.madeiral@gmail.com}
21:55:43.350 [main] DEBUG fr.inria.jtravis.helpers.BuildHelper - Get request to :https://api.travis-ci.org/build/345957337 done after 849 ms
21:55:43.916 [main] DEBUG fr.inria.jtravis.helpers.BuildHelper - Get request to :https://api.travis-ci.org/build/346290445 done after 126 ms
21:55:43.937 [main] INFO  f.i.s.repairnator.pipeline.Launcher - The patched build (346290445) was successfully retrieved from Travis.
21:55:45.034 [main] INFO  fr.inria.jtravis.JTravis - GitHub ratelimit: Limit: 5000 Remaining: 4885 Reset hour: 19:27:09
21:55:45.279 [main] INFO  f.i.s.r.p.i.ProjectInspector - ----------------------------------------------------------------------
21:55:45.279 [main] INFO  f.i.s.r.p.i.ProjectInspector - PIPELINE STEPS
21:55:45.279 [main] INFO  f.i.s.r.p.i.ProjectInspector - ----------------------------------------------------------------------
21:55:45.279 [main] INFO  f.i.s.r.p.i.ProjectInspector - CloneRepository
21:55:45.279 [main] INFO  f.i.s.r.p.i.ProjectInspector - CheckoutBuggyBuildCandidate
21:55:45.280 [main] INFO  f.i.s.r.p.i.ProjectInspector - ComputeSourceDir
21:55:45.280 [main] INFO  f.i.s.r.p.i.ProjectInspector - ComputeTestDir
21:55:45.280 [main] INFO  f.i.s.r.p.i.ProjectInspector - BuildProjectBuggyBuildCandidate
21:55:45.280 [main] INFO  f.i.s.r.p.i.ProjectInspector - TestProjectBuggyBuildCandidate
21:55:45.280 [main] INFO  f.i.s.r.p.i.ProjectInspector - GatherTestInformationBuggyBuildCandidate
21:55:45.280 [main] INFO  f.i.s.r.p.i.ProjectInspector - InitRepoToPush
21:55:45.280 [main] INFO  f.i.s.r.p.i.ProjectInspector - ComputeClasspath
21:55:45.280 [main] INFO  f.i.s.r.p.i.ProjectInspector - ComputeModules
21:55:45.281 [main] INFO  f.i.s.r.p.i.ProjectInspector - CheckoutPatchedBuildCandidate
21:55:45.281 [main] INFO  f.i.s.r.p.i.ProjectInspector - BuildProjectPatchedBuildCandidate
21:55:45.281 [main] INFO  f.i.s.r.p.i.ProjectInspector - TestProjectPatchedBuildCandidate
21:55:45.281 [main] INFO  f.i.s.r.p.i.ProjectInspector - GatherTestInformationPatchedBuildCandidate
21:55:45.281 [main] INFO  f.i.s.r.p.i.ProjectInspector - CommitPatch
21:55:45.281 [main] INFO  f.i.s.r.p.i.ProjectInspector - WritePropertyFile
21:55:45.281 [main] INFO  f.i.s.r.p.i.ProjectInspector - CommitProcessEnd
21:55:45.281 [main] INFO  f.i.s.r.p.i.ProjectInspector - PushProcessEnd
21:55:45.282 [main] DEBUG f.i.s.r.process.step.CloneRepository - ----------------------------------------------------------------------
21:55:45.282 [main] DEBUG f.i.s.r.process.step.CloneRepository - STEP 1/18: CloneRepository
21:55:45.282 [main] DEBUG f.i.s.r.process.step.CloneRepository - ----------------------------------------------------------------------
21:55:45.282 [main] DEBUG f.i.s.r.process.step.CloneRepository - Cloning repository StuPro-TOSCAna/TOSCAna in the following directory: ./workspace/StuPro-TOSCAna/TOSCAna/345957337
21:55:59.749 [main] DEBUG f.i.s.r.process.step.CloneRepository - STEP STATUS: [ CloneRepository : SUCCESS ]
21:55:59.754 [main] DEBUG f.i.s.r.process.step.CloneRepository - STEP DURATION: 14s
21:55:59.754 [main] DEBUG f.i.s.r.process.step.CloneRepository - EXECUTE NEXT STEP
21:55:59.754 [main] DEBUG f.i.s.r.p.s.c.CheckoutBuggyBuild - ----------------------------------------------------------------------
21:55:59.755 [main] DEBUG f.i.s.r.p.s.c.CheckoutBuggyBuild - STEP 2/18: CheckoutBuggyBuildCandidate
21:55:59.755 [main] DEBUG f.i.s.r.p.s.c.CheckoutBuggyBuild - ----------------------------------------------------------------------
21:55:59.755 [main] DEBUG f.i.s.r.p.s.c.CheckoutBuggyBuild - Checking out buggy build candidate...
21:55:59.763 [main] ERROR f.i.s.r.p.s.c.CheckoutBuggyBuild - Error while testing commit: org.eclipse.jgit.errors.MissingObjectException: Missing unknown 7d0e978c16c9390b284336146388dd2672454d18
21:55:59.763 [main] ERROR f.i.s.r.p.s.c.CheckoutBuggyBuild - Error while getting the commit to checkout from the repo.
21:55:59.764 [main] DEBUG f.i.s.r.p.s.c.CheckoutBuggyBuild - STEP STATUS: [ CheckoutBuggyBuildCandidate : FAILURE ( BUILDNOTCHECKEDOUT ) ]
21:55:59.764 [main] DEBUG f.i.s.r.p.s.c.CheckoutBuggyBuild - STEP DURATION: 0s
21:55:59.765 [main] DEBUG f.i.s.r.p.s.c.CheckoutBuggyBuild - TERMINATE PIPELINE
21:55:59.765 [main] DEBUG f.i.s.r.p.s.c.CheckoutBuggyBuild - FINAL STEPS SKIPPED: The reproduction of the bug and/or the patch failed.
21:55:59.765 [main] INFO  f.i.s.r.p.s.c.CheckoutBuggyBuild - Serialize all data for the pair of builds 345957337, 346290445
21:56:00.060 [main] INFO  fr.inria.jtravis.JTravis - GitHub ratelimit: Limit: 5000 Remaining: 4883 Reset hour: 19:27:09
21:56:02.400 [main] INFO  f.i.s.r.p.i.ProjectInspector - ----------------------------------------------------------------------
21:56:02.401 [main] INFO  f.i.s.r.p.i.ProjectInspector - PIPELINE EXECUTION SUMMARY
21:56:02.402 [main] INFO  f.i.s.r.p.i.ProjectInspector - ----------------------------------------------------------------------
21:56:02.402 [main] INFO  f.i.s.r.p.i.ProjectInspector - CloneRepository.......................................SUCCESS [ 14 s ]
21:56:02.402 [main] INFO  f.i.s.r.p.i.ProjectInspector - CheckoutBuggyBuildCandidate...........................FAILURE [  0 s ]
21:56:02.402 [main] INFO  f.i.s.r.p.i.ProjectInspector - ComputeSourceDir......................................NOT RUN         
21:56:02.403 [main] INFO  f.i.s.r.p.i.ProjectInspector - ComputeTestDir........................................NOT RUN         
21:56:02.403 [main] INFO  f.i.s.r.p.i.ProjectInspector - BuildProjectBuggyBuildCandidate.......................NOT RUN         
21:56:02.403 [main] INFO  f.i.s.r.p.i.ProjectInspector - TestProjectBuggyBuildCandidate........................NOT RUN         
21:56:02.404 [main] INFO  f.i.s.r.p.i.ProjectInspector - GatherTestInformationBuggyBuildCandidate..............NOT RUN         
21:56:02.404 [main] INFO  f.i.s.r.p.i.ProjectInspector - InitRepoToPush........................................NOT RUN         
21:56:02.404 [main] INFO  f.i.s.r.p.i.ProjectInspector - ComputeClasspath......................................NOT RUN         
21:56:02.405 [main] INFO  f.i.s.r.p.i.ProjectInspector - ComputeModules........................................NOT RUN         
21:56:02.405 [main] INFO  f.i.s.r.p.i.ProjectInspector - CheckoutPatchedBuildCandidate.........................NOT RUN         
21:56:02.405 [main] INFO  f.i.s.r.p.i.ProjectInspector - BuildProjectPatchedBuildCandidate.....................NOT RUN         
21:56:02.406 [main] INFO  f.i.s.r.p.i.ProjectInspector - TestProjectPatchedBuildCandidate......................NOT RUN         
21:56:02.406 [main] INFO  f.i.s.r.p.i.ProjectInspector - GatherTestInformationPatchedBuildCandidate............NOT RUN         
21:56:02.406 [main] INFO  f.i.s.r.p.i.ProjectInspector - CommitPatch...........................................NOT RUN         
21:56:02.407 [main] INFO  f.i.s.r.p.i.ProjectInspector - WritePropertyFile.....................................NOT RUN         
21:56:02.407 [main] INFO  f.i.s.r.p.i.ProjectInspector - CommitProcessEnd......................................NOT RUN         
21:56:02.407 [main] INFO  f.i.s.r.p.i.ProjectInspector - PushProcessEnd........................................NOT RUN         
21:56:02.408 [main] INFO  f.i.s.r.p.i.ProjectInspector - ----------------------------------------------------------------------
21:56:02.408 [main] INFO  f.i.s.r.p.i.ProjectInspector - PIPELINE FINDING: BUILDNOTCHECKEDOUT
21:56:02.408 [main] INFO  f.i.s.r.p.i.ProjectInspector - ----------------------------------------------------------------------
21:56:02.408 [main] INFO  f.i.s.repairnator.pipeline.Launcher - Inspector is finished. The process will exit now.
