20:28:47.324 [main] INFO  f.i.s.repairnator.pipeline.Launcher - PIPELINE VERSION: 3.0-2018-08-09 19:04
20:28:47.439 [main] INFO  f.i.s.repairnator.pipeline.Launcher - The pipeline will try to reproduce a bug from build 346419359 and its corresponding patch from build 346443337
20:28:47.440 [main] INFO  f.i.s.repairnator.pipeline.Launcher - Initialize file serializer engines.
20:28:47.442 [main] INFO  f.i.s.repairnator.pipeline.Launcher - MongoDB won't be used for serialization.
20:28:47.442 [main] INFO  f.i.s.repairnator.pipeline.Launcher - The email notifier engine won't be used.
20:28:47.445 [main] INFO  f.i.s.repairnator.pipeline.Launcher - Start by getting the build (buildId: 346419359) with the following config: RepairnatorConfig{runId='f217db01-bbb8-402e-8360-dcad68a2f96f_02-18-week4-FAILING_AND_PASSING', launcherMode=BEARS, serializeJson=true, inputPath='null', outputPath='/var/log', mongodbHost='null', mongodbName='repairnator', smtpServer='null', notifyTo=[], notifyEndProcess=false, push=true, pushRemoteRepo='https://github.com/fermadeiral/bears-collection-fp', fork=false, lookFromDate=null, lookToDate=null, buildId=346419359, z3solverPath='./z3_for_linux', workspacePath='./workspace', githubToken='c8a341a903[...]', dockerImageName='null', skipDelete=false, createOutputDir=false, logDirectory='null', nbThreads=0, globalTimeout=0, whiteList=null, blackList=null, jobSleepTime=0, buildSleepTime=0, maxInspectedBuilds=0, duration=null, humanPatch=false, repository='null', clean=true, bearsMode=BOTH, bearsDelimiter = false, repairTools=NopolAllTests,NPEFix,AssertFixer,AstorJGenProg,AstorJKali,NopolSingleTest,AstorJMut,NopolTestExclusionStrategy, githubUserName= fermadeiral, githubUserEmail=fer.madeiral@gmail.com}
20:28:48.588 [main] DEBUG fr.inria.jtravis.helpers.BuildHelper - Get request to :https://api.travis-ci.org/build/346419359 done after 781 ms
20:28:48.815 [main] DEBUG fr.inria.jtravis.helpers.BuildHelper - Get request to :https://api.travis-ci.org/build/346443337 done after 137 ms
20:28:48.825 [main] INFO  f.i.s.repairnator.pipeline.Launcher - The patched build (346443337) was successfully retrieved from Travis.
20:28:49.853 [main] INFO  fr.inria.jtravis.JTravis - GitHub ratelimit: Limit: 5000 Remaining: 4671 Reset hour: 19:27:02
20:28:50.089 [main] INFO  f.i.s.r.p.i.ProjectInspector - ----------------------------------------------------------------------
20:28:50.089 [main] INFO  f.i.s.r.p.i.ProjectInspector - PIPELINE STEPS
20:28:50.090 [main] INFO  f.i.s.r.p.i.ProjectInspector - ----------------------------------------------------------------------
20:28:50.090 [main] INFO  f.i.s.r.p.i.ProjectInspector - CloneRepository
20:28:50.090 [main] INFO  f.i.s.r.p.i.ProjectInspector - CheckoutBuggyBuildCandidate
20:28:50.090 [main] INFO  f.i.s.r.p.i.ProjectInspector - ComputeSourceDir
20:28:50.090 [main] INFO  f.i.s.r.p.i.ProjectInspector - ComputeTestDir
20:28:50.090 [main] INFO  f.i.s.r.p.i.ProjectInspector - BuildProjectBuggyBuildCandidate
20:28:50.090 [main] INFO  f.i.s.r.p.i.ProjectInspector - TestProjectBuggyBuildCandidate
20:28:50.090 [main] INFO  f.i.s.r.p.i.ProjectInspector - GatherTestInformationBuggyBuildCandidate
20:28:50.091 [main] INFO  f.i.s.r.p.i.ProjectInspector - InitRepoToPush
20:28:50.091 [main] INFO  f.i.s.r.p.i.ProjectInspector - ComputeClasspath
20:28:50.091 [main] INFO  f.i.s.r.p.i.ProjectInspector - ComputeModules
20:28:50.091 [main] INFO  f.i.s.r.p.i.ProjectInspector - CheckoutPatchedBuildCandidate
20:28:50.091 [main] INFO  f.i.s.r.p.i.ProjectInspector - BuildProjectPatchedBuildCandidate
20:28:50.091 [main] INFO  f.i.s.r.p.i.ProjectInspector - TestProjectPatchedBuildCandidate
20:28:50.091 [main] INFO  f.i.s.r.p.i.ProjectInspector - GatherTestInformationPatchedBuildCandidate
20:28:50.091 [main] INFO  f.i.s.r.p.i.ProjectInspector - CommitPatch
20:28:50.091 [main] INFO  f.i.s.r.p.i.ProjectInspector - WritePropertyFile
20:28:50.092 [main] INFO  f.i.s.r.p.i.ProjectInspector - CommitProcessEnd
20:28:50.092 [main] INFO  f.i.s.r.p.i.ProjectInspector - PushProcessEnd
20:28:50.092 [main] DEBUG f.i.s.r.process.step.CloneRepository - ----------------------------------------------------------------------
20:28:50.092 [main] DEBUG f.i.s.r.process.step.CloneRepository - STEP 1/18: CloneRepository
20:28:50.092 [main] DEBUG f.i.s.r.process.step.CloneRepository - ----------------------------------------------------------------------
20:28:50.093 [main] DEBUG f.i.s.r.process.step.CloneRepository - Cloning repository apache/activemq-artemis in the following directory: ./workspace/apache/activemq-artemis/346419359
20:29:18.129 [main] DEBUG f.i.s.r.process.step.CloneRepository - STEP STATUS: [ CloneRepository : SUCCESS ]
20:29:18.129 [main] DEBUG f.i.s.r.process.step.CloneRepository - STEP DURATION: 28s
20:29:18.130 [main] DEBUG f.i.s.r.process.step.CloneRepository - EXECUTE NEXT STEP
20:29:18.130 [main] DEBUG f.i.s.r.p.s.c.CheckoutBuggyBuild - ----------------------------------------------------------------------
20:29:18.130 [main] DEBUG f.i.s.r.p.s.c.CheckoutBuggyBuild - STEP 2/18: CheckoutBuggyBuildCandidate
20:29:18.130 [main] DEBUG f.i.s.r.p.s.c.CheckoutBuggyBuild - ----------------------------------------------------------------------
20:29:18.131 [main] DEBUG f.i.s.r.p.s.c.CheckoutBuggyBuild - Checking out buggy build candidate...
20:29:18.581 [main] INFO  fr.inria.jtravis.JTravis - GitHub ratelimit: Limit: 5000 Remaining: 4666 Reset hour: 19:27:02
20:29:20.989 [main] DEBUG f.i.s.r.p.s.c.CheckoutBuggyBuild - Reproduce the PR for apache/activemq-artemis by fetching remote branch and merging.
20:30:01.379 [main] ERROR f.i.s.r.p.s.c.CheckoutBuggyBuild - Error while testing commit: org.eclipse.jgit.errors.MissingObjectException: Missing unknown a4c0e9bcdf072404c07816fd8fe3e8402a774382
20:30:01.380 [main] ERROR f.i.s.r.p.s.c.CheckoutBuggyBuild - Commit head ref cannot be retrieved from the repository: a4c0e9bcdf072404c07816fd8fe3e8402a774382. Operation aborted.
20:30:01.381 [main] ERROR f.i.s.r.p.s.c.CheckoutBuggyBuild - Error while merging two commits to reproduce the PR.
20:30:01.382 [main] DEBUG f.i.s.r.p.s.c.CheckoutBuggyBuild - STEP STATUS: [ CheckoutBuggyBuildCandidate : FAILURE ( BUILDNOTCHECKEDOUT ) ]
20:30:01.382 [main] DEBUG f.i.s.r.p.s.c.CheckoutBuggyBuild - STEP DURATION: 43s
20:30:01.382 [main] DEBUG f.i.s.r.p.s.c.CheckoutBuggyBuild - TERMINATE PIPELINE
20:30:01.382 [main] DEBUG f.i.s.r.p.s.c.CheckoutBuggyBuild - FINAL STEPS SKIPPED: The reproduction of the bug and/or the patch failed.
20:30:01.382 [main] INFO  f.i.s.r.p.s.c.CheckoutBuggyBuild - Serialize all data for the pair of builds 346419359, 346443337
20:30:01.723 [main] INFO  fr.inria.jtravis.JTravis - GitHub ratelimit: Limit: 5000 Remaining: 4659 Reset hour: 19:27:02
20:30:03.244 [main] INFO  f.i.s.r.p.i.ProjectInspector - ----------------------------------------------------------------------
20:30:03.245 [main] INFO  f.i.s.r.p.i.ProjectInspector - PIPELINE EXECUTION SUMMARY
20:30:03.245 [main] INFO  f.i.s.r.p.i.ProjectInspector - ----------------------------------------------------------------------
20:30:03.245 [main] INFO  f.i.s.r.p.i.ProjectInspector - CloneRepository.......................................SUCCESS [ 28 s ]
20:30:03.245 [main] INFO  f.i.s.r.p.i.ProjectInspector - CheckoutBuggyBuildCandidate...........................FAILURE [ 43 s ]
20:30:03.245 [main] INFO  f.i.s.r.p.i.ProjectInspector - ComputeSourceDir......................................NOT RUN         
20:30:03.245 [main] INFO  f.i.s.r.p.i.ProjectInspector - ComputeTestDir........................................NOT RUN         
20:30:03.246 [main] INFO  f.i.s.r.p.i.ProjectInspector - BuildProjectBuggyBuildCandidate.......................NOT RUN         
20:30:03.246 [main] INFO  f.i.s.r.p.i.ProjectInspector - TestProjectBuggyBuildCandidate........................NOT RUN         
20:30:03.246 [main] INFO  f.i.s.r.p.i.ProjectInspector - GatherTestInformationBuggyBuildCandidate..............NOT RUN         
20:30:03.246 [main] INFO  f.i.s.r.p.i.ProjectInspector - InitRepoToPush........................................NOT RUN         
20:30:03.246 [main] INFO  f.i.s.r.p.i.ProjectInspector - ComputeClasspath......................................NOT RUN         
20:30:03.246 [main] INFO  f.i.s.r.p.i.ProjectInspector - ComputeModules........................................NOT RUN         
20:30:03.246 [main] INFO  f.i.s.r.p.i.ProjectInspector - CheckoutPatchedBuildCandidate.........................NOT RUN         
20:30:03.247 [main] INFO  f.i.s.r.p.i.ProjectInspector - BuildProjectPatchedBuildCandidate.....................NOT RUN         
20:30:03.247 [main] INFO  f.i.s.r.p.i.ProjectInspector - TestProjectPatchedBuildCandidate......................NOT RUN         
20:30:03.247 [main] INFO  f.i.s.r.p.i.ProjectInspector - GatherTestInformationPatchedBuildCandidate............NOT RUN         
20:30:03.247 [main] INFO  f.i.s.r.p.i.ProjectInspector - CommitPatch...........................................NOT RUN         
20:30:03.247 [main] INFO  f.i.s.r.p.i.ProjectInspector - WritePropertyFile.....................................NOT RUN         
20:30:03.247 [main] INFO  f.i.s.r.p.i.ProjectInspector - CommitProcessEnd......................................NOT RUN         
20:30:03.247 [main] INFO  f.i.s.r.p.i.ProjectInspector - PushProcessEnd........................................NOT RUN         
20:30:03.247 [main] INFO  f.i.s.r.p.i.ProjectInspector - ----------------------------------------------------------------------
20:30:03.247 [main] INFO  f.i.s.r.p.i.ProjectInspector - PIPELINE FINDING: BUILDNOTCHECKEDOUT
20:30:03.247 [main] INFO  f.i.s.r.p.i.ProjectInspector - ----------------------------------------------------------------------
20:30:03.248 [main] INFO  f.i.s.repairnator.pipeline.Launcher - Inspector is finished. The process will exit now.
