18:58:57.825 [main] INFO  f.i.s.repairnator.pipeline.Launcher - PIPELINE VERSION: 3.0-2018-08-09 19:04
18:58:58.013 [main] INFO  f.i.s.repairnator.pipeline.Launcher - The pipeline will try to reproduce a bug from build 346440552 and its corresponding patch from build 347006653
18:58:58.014 [main] INFO  f.i.s.repairnator.pipeline.Launcher - Initialize file serializer engines.
18:58:58.017 [main] INFO  f.i.s.repairnator.pipeline.Launcher - MongoDB won't be used for serialization.
18:58:58.017 [main] INFO  f.i.s.repairnator.pipeline.Launcher - The email notifier engine won't be used.
18:58:58.022 [main] INFO  f.i.s.repairnator.pipeline.Launcher - Start by getting the build (buildId: 346440552) with the following config: RepairnatorConfig{runId='f217db01-bbb8-402e-8360-dcad68a2f96f_02-18-week4-FAILING_AND_PASSING', launcherMode=BEARS, serializeJson=true, inputPath='null', outputPath='/var/log', mongodbHost='null', mongodbName='repairnator', smtpServer='null', notifyTo=[], notifyEndProcess=false, push=true, pushRemoteRepo='https://github.com/fermadeiral/bears-collection-fp', fork=false, lookFromDate=null, lookToDate=null, buildId=346440552, z3solverPath='./z3_for_linux', workspacePath='./workspace', githubToken='c8a341a903[...]', dockerImageName='null', skipDelete=false, createOutputDir=false, logDirectory='null', nbThreads=0, globalTimeout=0, whiteList=null, blackList=null, jobSleepTime=0, buildSleepTime=0, maxInspectedBuilds=0, duration=null, humanPatch=false, repository='null', clean=true, bearsMode=BOTH, bearsDelimiter = false, repairTools=NopolAllTests,NPEFix,AssertFixer,AstorJGenProg,AstorJKali,NopolSingleTest,AstorJMut,NopolTestExclusionStrategy, githubUserName= fermadeiral, githubUserEmail=fer.madeiral@gmail.com}
18:58:59.572 [main] DEBUG fr.inria.jtravis.helpers.BuildHelper - Get request to :https://api.travis-ci.org/build/346440552 done after 923 ms
18:58:59.902 [main] DEBUG fr.inria.jtravis.helpers.BuildHelper - Get request to :https://api.travis-ci.org/build/347006653 done after 166 ms
18:58:59.921 [main] INFO  f.i.s.repairnator.pipeline.Launcher - The patched build (347006653) was successfully retrieved from Travis.
18:59:01.243 [main] INFO  fr.inria.jtravis.JTravis - GitHub ratelimit: Limit: 5000 Remaining: 4864 Reset hour: 19:26:58
18:59:01.651 [main] INFO  f.i.s.r.p.i.ProjectInspector - ----------------------------------------------------------------------
18:59:01.651 [main] INFO  f.i.s.r.p.i.ProjectInspector - PIPELINE STEPS
18:59:01.651 [main] INFO  f.i.s.r.p.i.ProjectInspector - ----------------------------------------------------------------------
18:59:01.652 [main] INFO  f.i.s.r.p.i.ProjectInspector - CloneRepository
18:59:01.652 [main] INFO  f.i.s.r.p.i.ProjectInspector - CheckoutBuggyBuildCandidate
18:59:01.652 [main] INFO  f.i.s.r.p.i.ProjectInspector - ComputeSourceDir
18:59:01.653 [main] INFO  f.i.s.r.p.i.ProjectInspector - ComputeTestDir
18:59:01.653 [main] INFO  f.i.s.r.p.i.ProjectInspector - BuildProjectBuggyBuildCandidate
18:59:01.653 [main] INFO  f.i.s.r.p.i.ProjectInspector - TestProjectBuggyBuildCandidate
18:59:01.654 [main] INFO  f.i.s.r.p.i.ProjectInspector - GatherTestInformationBuggyBuildCandidate
18:59:01.654 [main] INFO  f.i.s.r.p.i.ProjectInspector - InitRepoToPush
18:59:01.654 [main] INFO  f.i.s.r.p.i.ProjectInspector - ComputeClasspath
18:59:01.655 [main] INFO  f.i.s.r.p.i.ProjectInspector - ComputeModules
18:59:01.655 [main] INFO  f.i.s.r.p.i.ProjectInspector - CheckoutPatchedBuildCandidate
18:59:01.655 [main] INFO  f.i.s.r.p.i.ProjectInspector - BuildProjectPatchedBuildCandidate
18:59:01.656 [main] INFO  f.i.s.r.p.i.ProjectInspector - TestProjectPatchedBuildCandidate
18:59:01.656 [main] INFO  f.i.s.r.p.i.ProjectInspector - GatherTestInformationPatchedBuildCandidate
18:59:01.656 [main] INFO  f.i.s.r.p.i.ProjectInspector - CommitPatch
18:59:01.657 [main] INFO  f.i.s.r.p.i.ProjectInspector - WritePropertyFile
18:59:01.657 [main] INFO  f.i.s.r.p.i.ProjectInspector - CommitProcessEnd
18:59:01.657 [main] INFO  f.i.s.r.p.i.ProjectInspector - PushProcessEnd
18:59:01.658 [main] DEBUG f.i.s.r.process.step.CloneRepository - ----------------------------------------------------------------------
18:59:01.659 [main] DEBUG f.i.s.r.process.step.CloneRepository - STEP 1/18: CloneRepository
18:59:01.659 [main] DEBUG f.i.s.r.process.step.CloneRepository - ----------------------------------------------------------------------
18:59:01.660 [main] DEBUG f.i.s.r.process.step.CloneRepository - Cloning repository batfish/batfish in the following directory: ./workspace/batfish/batfish/346440552
19:00:00.686 [main] DEBUG f.i.s.r.process.step.CloneRepository - STEP STATUS: [ CloneRepository : SUCCESS ]
19:00:00.686 [main] DEBUG f.i.s.r.process.step.CloneRepository - STEP DURATION: 59s
19:00:00.686 [main] DEBUG f.i.s.r.process.step.CloneRepository - EXECUTE NEXT STEP
19:00:00.687 [main] DEBUG f.i.s.r.p.s.c.CheckoutBuggyBuild - ----------------------------------------------------------------------
19:00:00.687 [main] DEBUG f.i.s.r.p.s.c.CheckoutBuggyBuild - STEP 2/18: CheckoutBuggyBuildCandidate
19:00:00.687 [main] DEBUG f.i.s.r.p.s.c.CheckoutBuggyBuild - ----------------------------------------------------------------------
19:00:00.687 [main] DEBUG f.i.s.r.p.s.c.CheckoutBuggyBuild - Checking out buggy build candidate...
19:00:00.702 [main] ERROR f.i.s.r.p.s.c.CheckoutBuggyBuild - Error while testing commit: org.eclipse.jgit.errors.MissingObjectException: Missing unknown 38a5e088e6ae94b66a854d5e761c9bf06bd41631
19:00:00.703 [main] ERROR f.i.s.r.p.s.c.CheckoutBuggyBuild - Error while getting the commit to checkout from the repo.
19:00:00.704 [main] DEBUG f.i.s.r.p.s.c.CheckoutBuggyBuild - STEP STATUS: [ CheckoutBuggyBuildCandidate : FAILURE ( BUILDNOTCHECKEDOUT ) ]
19:00:00.704 [main] DEBUG f.i.s.r.p.s.c.CheckoutBuggyBuild - STEP DURATION: 0s
19:00:00.704 [main] DEBUG f.i.s.r.p.s.c.CheckoutBuggyBuild - TERMINATE PIPELINE
19:00:00.704 [main] DEBUG f.i.s.r.p.s.c.CheckoutBuggyBuild - FINAL STEPS SKIPPED: The reproduction of the bug and/or the patch failed.
19:00:00.705 [main] INFO  f.i.s.r.p.s.c.CheckoutBuggyBuild - Serialize all data for the pair of builds 346440552, 347006653
19:00:01.064 [main] INFO  fr.inria.jtravis.JTravis - GitHub ratelimit: Limit: 5000 Remaining: 4859 Reset hour: 19:26:58
19:00:02.050 [main] INFO  f.i.s.r.p.i.ProjectInspector - ----------------------------------------------------------------------
19:00:02.051 [main] INFO  f.i.s.r.p.i.ProjectInspector - PIPELINE EXECUTION SUMMARY
19:00:02.051 [main] INFO  f.i.s.r.p.i.ProjectInspector - ----------------------------------------------------------------------
19:00:02.051 [main] INFO  f.i.s.r.p.i.ProjectInspector - CloneRepository.......................................SUCCESS [ 59 s ]
19:00:02.052 [main] INFO  f.i.s.r.p.i.ProjectInspector - CheckoutBuggyBuildCandidate...........................FAILURE [  0 s ]
19:00:02.052 [main] INFO  f.i.s.r.p.i.ProjectInspector - ComputeSourceDir......................................NOT RUN         
19:00:02.052 [main] INFO  f.i.s.r.p.i.ProjectInspector - ComputeTestDir........................................NOT RUN         
19:00:02.052 [main] INFO  f.i.s.r.p.i.ProjectInspector - BuildProjectBuggyBuildCandidate.......................NOT RUN         
19:00:02.052 [main] INFO  f.i.s.r.p.i.ProjectInspector - TestProjectBuggyBuildCandidate........................NOT RUN         
19:00:02.052 [main] INFO  f.i.s.r.p.i.ProjectInspector - GatherTestInformationBuggyBuildCandidate..............NOT RUN         
19:00:02.053 [main] INFO  f.i.s.r.p.i.ProjectInspector - InitRepoToPush........................................NOT RUN         
19:00:02.053 [main] INFO  f.i.s.r.p.i.ProjectInspector - ComputeClasspath......................................NOT RUN         
19:00:02.053 [main] INFO  f.i.s.r.p.i.ProjectInspector - ComputeModules........................................NOT RUN         
19:00:02.053 [main] INFO  f.i.s.r.p.i.ProjectInspector - CheckoutPatchedBuildCandidate.........................NOT RUN         
19:00:02.053 [main] INFO  f.i.s.r.p.i.ProjectInspector - BuildProjectPatchedBuildCandidate.....................NOT RUN         
19:00:02.054 [main] INFO  f.i.s.r.p.i.ProjectInspector - TestProjectPatchedBuildCandidate......................NOT RUN         
19:00:02.054 [main] INFO  f.i.s.r.p.i.ProjectInspector - GatherTestInformationPatchedBuildCandidate............NOT RUN         
19:00:02.054 [main] INFO  f.i.s.r.p.i.ProjectInspector - CommitPatch...........................................NOT RUN         
19:00:02.054 [main] INFO  f.i.s.r.p.i.ProjectInspector - WritePropertyFile.....................................NOT RUN         
19:00:02.054 [main] INFO  f.i.s.r.p.i.ProjectInspector - CommitProcessEnd......................................NOT RUN         
19:00:02.054 [main] INFO  f.i.s.r.p.i.ProjectInspector - PushProcessEnd........................................NOT RUN         
19:00:02.055 [main] INFO  f.i.s.r.p.i.ProjectInspector - ----------------------------------------------------------------------
19:00:02.055 [main] INFO  f.i.s.r.p.i.ProjectInspector - PIPELINE FINDING: BUILDNOTCHECKEDOUT
19:00:02.055 [main] INFO  f.i.s.r.p.i.ProjectInspector - ----------------------------------------------------------------------
19:00:02.055 [main] INFO  f.i.s.repairnator.pipeline.Launcher - Inspector is finished. The process will exit now.
