09:04:53.268 [main] INFO  f.i.s.repairnator.pipeline.Launcher - PIPELINE VERSION: 3.0-2018-08-09 19:04
09:04:53.411 [main] INFO  f.i.s.repairnator.pipeline.Launcher - The pipeline will try to reproduce a bug from build 337830465 and its corresponding patch from build 337842846
09:04:53.411 [main] INFO  f.i.s.repairnator.pipeline.Launcher - Initialize file serializer engines.
09:04:53.412 [main] INFO  f.i.s.repairnator.pipeline.Launcher - MongoDB won't be used for serialization.
09:04:53.413 [main] INFO  f.i.s.repairnator.pipeline.Launcher - The email notifier engine won't be used.
09:04:53.415 [main] INFO  f.i.s.repairnator.pipeline.Launcher - Start by getting the build (buildId: 337830465) with the following config: RepairnatorConfig{runId='d75f4a89-740d-4a70-a89e-2e09374fb945_02-18-week1-FAILING_AND_PASSING', launcherMode=BEARS, serializeJson=true, inputPath='null', outputPath='/var/log', mongodbHost='null', mongodbName='repairnator', smtpServer='null', notifyTo=[], notifyEndProcess=false, push=true, pushRemoteRepo='https://github.com/fermadeiral/bears-collection-fp', fork=false, lookFromDate=null, lookToDate=null, buildId=337830465, z3solverPath='./z3_for_linux', workspacePath='./workspace', githubToken='c8a341a903[...]', dockerImageName='null', skipDelete=false, createOutputDir=false, logDirectory='null', nbThreads=0, globalTimeout=0, whiteList=null, blackList=null, jobSleepTime=0, buildSleepTime=0, maxInspectedBuilds=0, duration=null, humanPatch=false, repository='null', clean=true, bearsMode=BOTH, bearsDelimiter = false, repairTools=NopolAllTests,NPEFix,AssertFixer,AstorJGenProg,AstorJKali,NopolSingleTest,AstorJMut,NopolTestExclusionStrategy, githubUserName= fermadeiral, githubUserEmail=fer.madeiral@gmail.com}
09:04:54.795 [main] DEBUG fr.inria.jtravis.helpers.BuildHelper - Get request to :https://api.travis-ci.org/build/337830465 done after 882 ms
09:04:55.024 [main] DEBUG fr.inria.jtravis.helpers.BuildHelper - Get request to :https://api.travis-ci.org/build/337842846 done after 138 ms
09:04:55.040 [main] INFO  f.i.s.repairnator.pipeline.Launcher - The patched build (337842846) was successfully retrieved from Travis.
09:04:57.090 [main] INFO  fr.inria.jtravis.JTravis - GitHub ratelimit: Limit: 5000 Remaining: 4876 Reset hour: 19:22:02
09:04:57.393 [main] INFO  f.i.s.r.p.i.ProjectInspector - ----------------------------------------------------------------------
09:04:57.393 [main] INFO  f.i.s.r.p.i.ProjectInspector - PIPELINE STEPS
09:04:57.393 [main] INFO  f.i.s.r.p.i.ProjectInspector - ----------------------------------------------------------------------
09:04:57.393 [main] INFO  f.i.s.r.p.i.ProjectInspector - CloneRepository
09:04:57.393 [main] INFO  f.i.s.r.p.i.ProjectInspector - CheckoutBuggyBuildCandidate
09:04:57.394 [main] INFO  f.i.s.r.p.i.ProjectInspector - ComputeSourceDir
09:04:57.394 [main] INFO  f.i.s.r.p.i.ProjectInspector - ComputeTestDir
09:04:57.394 [main] INFO  f.i.s.r.p.i.ProjectInspector - BuildProjectBuggyBuildCandidate
09:04:57.394 [main] INFO  f.i.s.r.p.i.ProjectInspector - TestProjectBuggyBuildCandidate
09:04:57.394 [main] INFO  f.i.s.r.p.i.ProjectInspector - GatherTestInformationBuggyBuildCandidate
09:04:57.394 [main] INFO  f.i.s.r.p.i.ProjectInspector - InitRepoToPush
09:04:57.394 [main] INFO  f.i.s.r.p.i.ProjectInspector - ComputeClasspath
09:04:57.394 [main] INFO  f.i.s.r.p.i.ProjectInspector - ComputeModules
09:04:57.395 [main] INFO  f.i.s.r.p.i.ProjectInspector - CheckoutPatchedBuildCandidate
09:04:57.395 [main] INFO  f.i.s.r.p.i.ProjectInspector - BuildProjectPatchedBuildCandidate
09:04:57.395 [main] INFO  f.i.s.r.p.i.ProjectInspector - TestProjectPatchedBuildCandidate
09:04:57.395 [main] INFO  f.i.s.r.p.i.ProjectInspector - GatherTestInformationPatchedBuildCandidate
09:04:57.395 [main] INFO  f.i.s.r.p.i.ProjectInspector - CommitPatch
09:04:57.395 [main] INFO  f.i.s.r.p.i.ProjectInspector - WritePropertyFile
09:04:57.395 [main] INFO  f.i.s.r.p.i.ProjectInspector - CommitProcessEnd
09:04:57.395 [main] INFO  f.i.s.r.p.i.ProjectInspector - PushProcessEnd
09:04:57.396 [main] DEBUG f.i.s.r.process.step.CloneRepository - ----------------------------------------------------------------------
09:04:57.396 [main] DEBUG f.i.s.r.process.step.CloneRepository - STEP 1/18: CloneRepository
09:04:57.396 [main] DEBUG f.i.s.r.process.step.CloneRepository - ----------------------------------------------------------------------
09:04:57.396 [main] DEBUG f.i.s.r.process.step.CloneRepository - Cloning repository batfish/batfish in the following directory: ./workspace/batfish/batfish/337830465
09:05:49.427 [main] DEBUG f.i.s.r.process.step.CloneRepository - STEP STATUS: [ CloneRepository : SUCCESS ]
09:05:49.427 [main] DEBUG f.i.s.r.process.step.CloneRepository - STEP DURATION: 52s
09:05:49.428 [main] DEBUG f.i.s.r.process.step.CloneRepository - EXECUTE NEXT STEP
09:05:49.428 [main] DEBUG f.i.s.r.p.s.c.CheckoutBuggyBuild - ----------------------------------------------------------------------
09:05:49.428 [main] DEBUG f.i.s.r.p.s.c.CheckoutBuggyBuild - STEP 2/18: CheckoutBuggyBuildCandidate
09:05:49.428 [main] DEBUG f.i.s.r.p.s.c.CheckoutBuggyBuild - ----------------------------------------------------------------------
09:05:49.428 [main] DEBUG f.i.s.r.p.s.c.CheckoutBuggyBuild - Checking out buggy build candidate...
09:05:49.456 [main] ERROR f.i.s.r.p.s.c.CheckoutBuggyBuild - Error while testing commit: org.eclipse.jgit.errors.MissingObjectException: Missing unknown fdc05bc2555813ea767de88fdcc88e10d2ab42d9
09:05:49.456 [main] ERROR f.i.s.r.p.s.c.CheckoutBuggyBuild - Error while getting the commit to checkout from the repo.
09:05:49.457 [main] DEBUG f.i.s.r.p.s.c.CheckoutBuggyBuild - STEP STATUS: [ CheckoutBuggyBuildCandidate : FAILURE ( BUILDNOTCHECKEDOUT ) ]
09:05:49.458 [main] DEBUG f.i.s.r.p.s.c.CheckoutBuggyBuild - STEP DURATION: 0s
09:05:49.458 [main] DEBUG f.i.s.r.p.s.c.CheckoutBuggyBuild - TERMINATE PIPELINE
09:05:49.458 [main] DEBUG f.i.s.r.p.s.c.CheckoutBuggyBuild - FINAL STEPS SKIPPED: The reproduction of the bug and/or the patch failed.
09:05:49.459 [main] INFO  f.i.s.r.p.s.c.CheckoutBuggyBuild - Serialize all data for the pair of builds 337830465, 337842846
09:05:49.893 [main] INFO  fr.inria.jtravis.JTravis - GitHub ratelimit: Limit: 5000 Remaining: 4865 Reset hour: 19:22:02
09:05:50.766 [main] INFO  f.i.s.r.p.i.ProjectInspector - ----------------------------------------------------------------------
09:05:50.766 [main] INFO  f.i.s.r.p.i.ProjectInspector - PIPELINE EXECUTION SUMMARY
09:05:50.766 [main] INFO  f.i.s.r.p.i.ProjectInspector - ----------------------------------------------------------------------
09:05:50.767 [main] INFO  f.i.s.r.p.i.ProjectInspector - CloneRepository.......................................SUCCESS [ 52 s ]
09:05:50.767 [main] INFO  f.i.s.r.p.i.ProjectInspector - CheckoutBuggyBuildCandidate...........................FAILURE [  0 s ]
09:05:50.767 [main] INFO  f.i.s.r.p.i.ProjectInspector - ComputeSourceDir......................................NOT RUN         
09:05:50.767 [main] INFO  f.i.s.r.p.i.ProjectInspector - ComputeTestDir........................................NOT RUN         
09:05:50.767 [main] INFO  f.i.s.r.p.i.ProjectInspector - BuildProjectBuggyBuildCandidate.......................NOT RUN         
09:05:50.768 [main] INFO  f.i.s.r.p.i.ProjectInspector - TestProjectBuggyBuildCandidate........................NOT RUN         
09:05:50.768 [main] INFO  f.i.s.r.p.i.ProjectInspector - GatherTestInformationBuggyBuildCandidate..............NOT RUN         
09:05:50.768 [main] INFO  f.i.s.r.p.i.ProjectInspector - InitRepoToPush........................................NOT RUN         
09:05:50.768 [main] INFO  f.i.s.r.p.i.ProjectInspector - ComputeClasspath......................................NOT RUN         
09:05:50.768 [main] INFO  f.i.s.r.p.i.ProjectInspector - ComputeModules........................................NOT RUN         
09:05:50.768 [main] INFO  f.i.s.r.p.i.ProjectInspector - CheckoutPatchedBuildCandidate.........................NOT RUN         
09:05:50.768 [main] INFO  f.i.s.r.p.i.ProjectInspector - BuildProjectPatchedBuildCandidate.....................NOT RUN         
09:05:50.769 [main] INFO  f.i.s.r.p.i.ProjectInspector - TestProjectPatchedBuildCandidate......................NOT RUN         
09:05:50.769 [main] INFO  f.i.s.r.p.i.ProjectInspector - GatherTestInformationPatchedBuildCandidate............NOT RUN         
09:05:50.769 [main] INFO  f.i.s.r.p.i.ProjectInspector - CommitPatch...........................................NOT RUN         
09:05:50.769 [main] INFO  f.i.s.r.p.i.ProjectInspector - WritePropertyFile.....................................NOT RUN         
09:05:50.769 [main] INFO  f.i.s.r.p.i.ProjectInspector - CommitProcessEnd......................................NOT RUN         
09:05:50.769 [main] INFO  f.i.s.r.p.i.ProjectInspector - PushProcessEnd........................................NOT RUN         
09:05:50.770 [main] INFO  f.i.s.r.p.i.ProjectInspector - ----------------------------------------------------------------------
09:05:50.770 [main] INFO  f.i.s.r.p.i.ProjectInspector - PIPELINE FINDING: BUILDNOTCHECKEDOUT
09:05:50.770 [main] INFO  f.i.s.r.p.i.ProjectInspector - ----------------------------------------------------------------------
09:05:50.770 [main] INFO  f.i.s.repairnator.pipeline.Launcher - Inspector is finished. The process will exit now.
