09:08:36.874 [main] INFO  f.i.s.repairnator.pipeline.Launcher - PIPELINE VERSION: 3.0-2018-08-09 19:04
09:08:36.985 [main] INFO  f.i.s.repairnator.pipeline.Launcher - The pipeline will try to reproduce a bug from build 337383520 and its corresponding patch from build 337386219
09:08:36.985 [main] INFO  f.i.s.repairnator.pipeline.Launcher - Initialize file serializer engines.
09:08:36.986 [main] INFO  f.i.s.repairnator.pipeline.Launcher - MongoDB won't be used for serialization.
09:08:36.994 [main] INFO  f.i.s.repairnator.pipeline.Launcher - The email notifier engine won't be used.
09:08:36.997 [main] INFO  f.i.s.repairnator.pipeline.Launcher - Start by getting the build (buildId: 337383520) with the following config: RepairnatorConfig{runId='d75f4a89-740d-4a70-a89e-2e09374fb945_02-18-week1-FAILING_AND_PASSING', launcherMode=BEARS, serializeJson=true, inputPath='null', outputPath='/var/log', mongodbHost='null', mongodbName='repairnator', smtpServer='null', notifyTo=[], notifyEndProcess=false, push=true, pushRemoteRepo='https://github.com/fermadeiral/bears-collection-fp', fork=false, lookFromDate=null, lookToDate=null, buildId=337383520, z3solverPath='./z3_for_linux', workspacePath='./workspace', githubToken='c8a341a903[...]', dockerImageName='null', skipDelete=false, createOutputDir=false, logDirectory='null', nbThreads=0, globalTimeout=0, whiteList=null, blackList=null, jobSleepTime=0, buildSleepTime=0, maxInspectedBuilds=0, duration=null, humanPatch=false, repository='null', clean=true, bearsMode=BOTH, bearsDelimiter = false, repairTools=NopolAllTests,NPEFix,AssertFixer,AstorJGenProg,AstorJKali,NopolSingleTest,AstorJMut,NopolTestExclusionStrategy, githubUserName= fermadeiral, githubUserEmail=fer.madeiral@gmail.com}
09:08:38.207 [main] DEBUG fr.inria.jtravis.helpers.BuildHelper - Get request to :https://api.travis-ci.org/build/337383520 done after 757 ms
09:08:38.624 [main] DEBUG fr.inria.jtravis.helpers.BuildHelper - Get request to :https://api.travis-ci.org/build/337386219 done after 316 ms
09:08:38.642 [main] INFO  f.i.s.repairnator.pipeline.Launcher - The patched build (337386219) was successfully retrieved from Travis.
09:08:39.711 [main] INFO  fr.inria.jtravis.JTravis - GitHub ratelimit: Limit: 5000 Remaining: 4785 Reset hour: 19:22:02
09:08:39.958 [main] INFO  f.i.s.r.p.i.ProjectInspector - ----------------------------------------------------------------------
09:08:39.958 [main] INFO  f.i.s.r.p.i.ProjectInspector - PIPELINE STEPS
09:08:39.958 [main] INFO  f.i.s.r.p.i.ProjectInspector - ----------------------------------------------------------------------
09:08:39.958 [main] INFO  f.i.s.r.p.i.ProjectInspector - CloneRepository
09:08:39.959 [main] INFO  f.i.s.r.p.i.ProjectInspector - CheckoutBuggyBuildCandidate
09:08:39.959 [main] INFO  f.i.s.r.p.i.ProjectInspector - ComputeSourceDir
09:08:39.959 [main] INFO  f.i.s.r.p.i.ProjectInspector - ComputeTestDir
09:08:39.959 [main] INFO  f.i.s.r.p.i.ProjectInspector - BuildProjectBuggyBuildCandidate
09:08:39.959 [main] INFO  f.i.s.r.p.i.ProjectInspector - TestProjectBuggyBuildCandidate
09:08:39.959 [main] INFO  f.i.s.r.p.i.ProjectInspector - GatherTestInformationBuggyBuildCandidate
09:08:39.959 [main] INFO  f.i.s.r.p.i.ProjectInspector - InitRepoToPush
09:08:39.959 [main] INFO  f.i.s.r.p.i.ProjectInspector - ComputeClasspath
09:08:39.960 [main] INFO  f.i.s.r.p.i.ProjectInspector - ComputeModules
09:08:39.960 [main] INFO  f.i.s.r.p.i.ProjectInspector - CheckoutPatchedBuildCandidate
09:08:39.960 [main] INFO  f.i.s.r.p.i.ProjectInspector - BuildProjectPatchedBuildCandidate
09:08:39.960 [main] INFO  f.i.s.r.p.i.ProjectInspector - TestProjectPatchedBuildCandidate
09:08:39.960 [main] INFO  f.i.s.r.p.i.ProjectInspector - GatherTestInformationPatchedBuildCandidate
09:08:39.960 [main] INFO  f.i.s.r.p.i.ProjectInspector - CommitPatch
09:08:39.960 [main] INFO  f.i.s.r.p.i.ProjectInspector - WritePropertyFile
09:08:39.960 [main] INFO  f.i.s.r.p.i.ProjectInspector - CommitProcessEnd
09:08:39.961 [main] INFO  f.i.s.r.p.i.ProjectInspector - PushProcessEnd
09:08:39.961 [main] DEBUG f.i.s.r.process.step.CloneRepository - ----------------------------------------------------------------------
09:08:39.961 [main] DEBUG f.i.s.r.process.step.CloneRepository - STEP 1/18: CloneRepository
09:08:39.961 [main] DEBUG f.i.s.r.process.step.CloneRepository - ----------------------------------------------------------------------
09:08:39.962 [main] DEBUG f.i.s.r.process.step.CloneRepository - Cloning repository runelite/runelite in the following directory: ./workspace/runelite/runelite/337383520
09:08:50.700 [main] DEBUG f.i.s.r.process.step.CloneRepository - STEP STATUS: [ CloneRepository : SUCCESS ]
09:08:50.701 [main] DEBUG f.i.s.r.process.step.CloneRepository - STEP DURATION: 10s
09:08:50.702 [main] DEBUG f.i.s.r.process.step.CloneRepository - EXECUTE NEXT STEP
09:08:50.702 [main] DEBUG f.i.s.r.p.s.c.CheckoutBuggyBuild - ----------------------------------------------------------------------
09:08:50.703 [main] DEBUG f.i.s.r.p.s.c.CheckoutBuggyBuild - STEP 2/18: CheckoutBuggyBuildCandidate
09:08:50.703 [main] DEBUG f.i.s.r.p.s.c.CheckoutBuggyBuild - ----------------------------------------------------------------------
09:08:50.703 [main] DEBUG f.i.s.r.p.s.c.CheckoutBuggyBuild - Checking out buggy build candidate...
09:08:51.030 [main] INFO  fr.inria.jtravis.JTravis - GitHub ratelimit: Limit: 5000 Remaining: 4780 Reset hour: 19:22:02
09:08:51.467 [main] WARN  f.i.j.helpers.PullRequestHelper - The head repository is null: maybe it has been deleted from GitHub
09:08:51.468 [main] ERROR f.i.s.r.p.s.c.CheckoutBuggyBuild - Error while getting PR information.
09:08:51.469 [main] DEBUG f.i.s.r.p.s.c.CheckoutBuggyBuild - STEP STATUS: [ CheckoutBuggyBuildCandidate : FAILURE ( BUILDNOTCHECKEDOUT ) ]
09:08:51.469 [main] DEBUG f.i.s.r.p.s.c.CheckoutBuggyBuild - STEP DURATION: 0s
09:08:51.470 [main] DEBUG f.i.s.r.p.s.c.CheckoutBuggyBuild - TERMINATE PIPELINE
09:08:51.470 [main] DEBUG f.i.s.r.p.s.c.CheckoutBuggyBuild - FINAL STEPS SKIPPED: The reproduction of the bug and/or the patch failed.
09:08:51.471 [main] INFO  f.i.s.r.p.s.c.CheckoutBuggyBuild - Serialize all data for the pair of builds 337383520, 337386219
09:08:51.598 [main] INFO  fr.inria.jtravis.JTravis - GitHub ratelimit: Limit: 5000 Remaining: 4778 Reset hour: 19:22:02
09:08:52.560 [main] INFO  f.i.s.r.p.i.ProjectInspector - ----------------------------------------------------------------------
09:08:52.560 [main] INFO  f.i.s.r.p.i.ProjectInspector - PIPELINE EXECUTION SUMMARY
09:08:52.561 [main] INFO  f.i.s.r.p.i.ProjectInspector - ----------------------------------------------------------------------
09:08:52.561 [main] INFO  f.i.s.r.p.i.ProjectInspector - CloneRepository.......................................SUCCESS [ 10 s ]
09:08:52.561 [main] INFO  f.i.s.r.p.i.ProjectInspector - CheckoutBuggyBuildCandidate...........................FAILURE [  0 s ]
09:08:52.562 [main] INFO  f.i.s.r.p.i.ProjectInspector - ComputeSourceDir......................................NOT RUN         
09:08:52.562 [main] INFO  f.i.s.r.p.i.ProjectInspector - ComputeTestDir........................................NOT RUN         
09:08:52.563 [main] INFO  f.i.s.r.p.i.ProjectInspector - BuildProjectBuggyBuildCandidate.......................NOT RUN         
09:08:52.563 [main] INFO  f.i.s.r.p.i.ProjectInspector - TestProjectBuggyBuildCandidate........................NOT RUN         
09:08:52.563 [main] INFO  f.i.s.r.p.i.ProjectInspector - GatherTestInformationBuggyBuildCandidate..............NOT RUN         
09:08:52.564 [main] INFO  f.i.s.r.p.i.ProjectInspector - InitRepoToPush........................................NOT RUN         
09:08:52.564 [main] INFO  f.i.s.r.p.i.ProjectInspector - ComputeClasspath......................................NOT RUN         
09:08:52.564 [main] INFO  f.i.s.r.p.i.ProjectInspector - ComputeModules........................................NOT RUN         
09:08:52.566 [main] INFO  f.i.s.r.p.i.ProjectInspector - CheckoutPatchedBuildCandidate.........................NOT RUN         
09:08:52.567 [main] INFO  f.i.s.r.p.i.ProjectInspector - BuildProjectPatchedBuildCandidate.....................NOT RUN         
09:08:52.567 [main] INFO  f.i.s.r.p.i.ProjectInspector - TestProjectPatchedBuildCandidate......................NOT RUN         
09:08:52.567 [main] INFO  f.i.s.r.p.i.ProjectInspector - GatherTestInformationPatchedBuildCandidate............NOT RUN         
09:08:52.568 [main] INFO  f.i.s.r.p.i.ProjectInspector - CommitPatch...........................................NOT RUN         
09:08:52.568 [main] INFO  f.i.s.r.p.i.ProjectInspector - WritePropertyFile.....................................NOT RUN         
09:08:52.568 [main] INFO  f.i.s.r.p.i.ProjectInspector - CommitProcessEnd......................................NOT RUN         
09:08:52.569 [main] INFO  f.i.s.r.p.i.ProjectInspector - PushProcessEnd........................................NOT RUN         
09:08:52.569 [main] INFO  f.i.s.r.p.i.ProjectInspector - ----------------------------------------------------------------------
09:08:52.569 [main] INFO  f.i.s.r.p.i.ProjectInspector - PIPELINE FINDING: BUILDNOTCHECKEDOUT
09:08:52.569 [main] INFO  f.i.s.r.p.i.ProjectInspector - ----------------------------------------------------------------------
09:08:52.569 [main] INFO  f.i.s.repairnator.pipeline.Launcher - Inspector is finished. The process will exit now.
