09:10:19.673 [main] INFO  f.i.s.repairnator.pipeline.Launcher - PIPELINE VERSION: 3.0-2018-08-09 19:04
09:10:19.874 [main] INFO  f.i.s.repairnator.pipeline.Launcher - The pipeline will try to reproduce a bug from build 336750649 and its corresponding patch from build 336792245
09:10:19.875 [main] INFO  f.i.s.repairnator.pipeline.Launcher - Initialize file serializer engines.
09:10:19.877 [main] INFO  f.i.s.repairnator.pipeline.Launcher - MongoDB won't be used for serialization.
09:10:19.877 [main] INFO  f.i.s.repairnator.pipeline.Launcher - The email notifier engine won't be used.
09:10:19.881 [main] INFO  f.i.s.repairnator.pipeline.Launcher - Start by getting the build (buildId: 336750649) with the following config: RepairnatorConfig{runId='d75f4a89-740d-4a70-a89e-2e09374fb945_02-18-week1-FAILING_AND_PASSING', launcherMode=BEARS, serializeJson=true, inputPath='null', outputPath='/var/log', mongodbHost='null', mongodbName='repairnator', smtpServer='null', notifyTo=[], notifyEndProcess=false, push=true, pushRemoteRepo='https://github.com/fermadeiral/bears-collection-fp', fork=false, lookFromDate=null, lookToDate=null, buildId=336750649, z3solverPath='./z3_for_linux', workspacePath='./workspace', githubToken='c8a341a903[...]', dockerImageName='null', skipDelete=false, createOutputDir=false, logDirectory='null', nbThreads=0, globalTimeout=0, whiteList=null, blackList=null, jobSleepTime=0, buildSleepTime=0, maxInspectedBuilds=0, duration=null, humanPatch=false, repository='null', clean=true, bearsMode=BOTH, bearsDelimiter = false, repairTools=NopolAllTests,NPEFix,AssertFixer,AstorJGenProg,AstorJKali,NopolSingleTest,AstorJMut,NopolTestExclusionStrategy, githubUserName= fermadeiral, githubUserEmail=fer.madeiral@gmail.com}
09:10:22.251 [main] DEBUG fr.inria.jtravis.helpers.BuildHelper - Get request to :https://api.travis-ci.org/build/336750649 done after 1714 ms
09:10:22.483 [main] DEBUG fr.inria.jtravis.helpers.BuildHelper - Get request to :https://api.travis-ci.org/build/336792245 done after 139 ms
09:10:22.492 [main] INFO  f.i.s.repairnator.pipeline.Launcher - The patched build (336792245) was successfully retrieved from Travis.
09:10:23.675 [main] INFO  fr.inria.jtravis.JTravis - GitHub ratelimit: Limit: 5000 Remaining: 4701 Reset hour: 19:22:02
09:10:23.966 [main] INFO  f.i.s.r.p.i.ProjectInspector - ----------------------------------------------------------------------
09:10:23.967 [main] INFO  f.i.s.r.p.i.ProjectInspector - PIPELINE STEPS
09:10:23.967 [main] INFO  f.i.s.r.p.i.ProjectInspector - ----------------------------------------------------------------------
09:10:23.968 [main] INFO  f.i.s.r.p.i.ProjectInspector - CloneRepository
09:10:23.968 [main] INFO  f.i.s.r.p.i.ProjectInspector - CheckoutBuggyBuildCandidate
09:10:23.968 [main] INFO  f.i.s.r.p.i.ProjectInspector - ComputeSourceDir
09:10:23.969 [main] INFO  f.i.s.r.p.i.ProjectInspector - ComputeTestDir
09:10:23.969 [main] INFO  f.i.s.r.p.i.ProjectInspector - BuildProjectBuggyBuildCandidate
09:10:23.970 [main] INFO  f.i.s.r.p.i.ProjectInspector - TestProjectBuggyBuildCandidate
09:10:23.970 [main] INFO  f.i.s.r.p.i.ProjectInspector - GatherTestInformationBuggyBuildCandidate
09:10:23.971 [main] INFO  f.i.s.r.p.i.ProjectInspector - InitRepoToPush
09:10:23.971 [main] INFO  f.i.s.r.p.i.ProjectInspector - ComputeClasspath
09:10:23.971 [main] INFO  f.i.s.r.p.i.ProjectInspector - ComputeModules
09:10:23.972 [main] INFO  f.i.s.r.p.i.ProjectInspector - CheckoutPatchedBuildCandidate
09:10:23.972 [main] INFO  f.i.s.r.p.i.ProjectInspector - BuildProjectPatchedBuildCandidate
09:10:23.972 [main] INFO  f.i.s.r.p.i.ProjectInspector - TestProjectPatchedBuildCandidate
09:10:23.973 [main] INFO  f.i.s.r.p.i.ProjectInspector - GatherTestInformationPatchedBuildCandidate
09:10:23.973 [main] INFO  f.i.s.r.p.i.ProjectInspector - CommitPatch
09:10:23.973 [main] INFO  f.i.s.r.p.i.ProjectInspector - WritePropertyFile
09:10:23.974 [main] INFO  f.i.s.r.p.i.ProjectInspector - CommitProcessEnd
09:10:23.974 [main] INFO  f.i.s.r.p.i.ProjectInspector - PushProcessEnd
09:10:23.975 [main] DEBUG f.i.s.r.process.step.CloneRepository - ----------------------------------------------------------------------
09:10:23.975 [main] DEBUG f.i.s.r.process.step.CloneRepository - STEP 1/18: CloneRepository
09:10:23.976 [main] DEBUG f.i.s.r.process.step.CloneRepository - ----------------------------------------------------------------------
09:10:23.977 [main] DEBUG f.i.s.r.process.step.CloneRepository - Cloning repository runelite/runelite in the following directory: ./workspace/runelite/runelite/336750649
09:10:35.655 [main] DEBUG f.i.s.r.process.step.CloneRepository - STEP STATUS: [ CloneRepository : SUCCESS ]
09:10:35.655 [main] DEBUG f.i.s.r.process.step.CloneRepository - STEP DURATION: 11s
09:10:35.655 [main] DEBUG f.i.s.r.process.step.CloneRepository - EXECUTE NEXT STEP
09:10:35.655 [main] DEBUG f.i.s.r.p.s.c.CheckoutBuggyBuild - ----------------------------------------------------------------------
09:10:35.656 [main] DEBUG f.i.s.r.p.s.c.CheckoutBuggyBuild - STEP 2/18: CheckoutBuggyBuildCandidate
09:10:35.656 [main] DEBUG f.i.s.r.p.s.c.CheckoutBuggyBuild - ----------------------------------------------------------------------
09:10:35.656 [main] DEBUG f.i.s.r.p.s.c.CheckoutBuggyBuild - Checking out buggy build candidate...
09:10:36.021 [main] INFO  fr.inria.jtravis.JTravis - GitHub ratelimit: Limit: 5000 Remaining: 4691 Reset hour: 19:22:02
09:10:36.509 [main] WARN  f.i.j.helpers.PullRequestHelper - The head repository is null: maybe it has been deleted from GitHub
09:10:36.510 [main] ERROR f.i.s.r.p.s.c.CheckoutBuggyBuild - Error while getting PR information.
09:10:36.515 [main] DEBUG f.i.s.r.p.s.c.CheckoutBuggyBuild - STEP STATUS: [ CheckoutBuggyBuildCandidate : FAILURE ( BUILDNOTCHECKEDOUT ) ]
09:10:36.517 [main] DEBUG f.i.s.r.p.s.c.CheckoutBuggyBuild - STEP DURATION: 0s
09:10:36.518 [main] DEBUG f.i.s.r.p.s.c.CheckoutBuggyBuild - TERMINATE PIPELINE
09:10:36.519 [main] DEBUG f.i.s.r.p.s.c.CheckoutBuggyBuild - FINAL STEPS SKIPPED: The reproduction of the bug and/or the patch failed.
09:10:36.519 [main] INFO  f.i.s.r.p.s.c.CheckoutBuggyBuild - Serialize all data for the pair of builds 336750649, 336792245
09:10:36.636 [main] INFO  fr.inria.jtravis.JTravis - GitHub ratelimit: Limit: 5000 Remaining: 4689 Reset hour: 19:22:02
09:10:37.694 [main] INFO  f.i.s.r.p.i.ProjectInspector - ----------------------------------------------------------------------
09:10:37.694 [main] INFO  f.i.s.r.p.i.ProjectInspector - PIPELINE EXECUTION SUMMARY
09:10:37.695 [main] INFO  f.i.s.r.p.i.ProjectInspector - ----------------------------------------------------------------------
09:10:37.695 [main] INFO  f.i.s.r.p.i.ProjectInspector - CloneRepository.......................................SUCCESS [ 11 s ]
09:10:37.696 [main] INFO  f.i.s.r.p.i.ProjectInspector - CheckoutBuggyBuildCandidate...........................FAILURE [  0 s ]
09:10:37.696 [main] INFO  f.i.s.r.p.i.ProjectInspector - ComputeSourceDir......................................NOT RUN         
09:10:37.696 [main] INFO  f.i.s.r.p.i.ProjectInspector - ComputeTestDir........................................NOT RUN         
09:10:37.697 [main] INFO  f.i.s.r.p.i.ProjectInspector - BuildProjectBuggyBuildCandidate.......................NOT RUN         
09:10:37.697 [main] INFO  f.i.s.r.p.i.ProjectInspector - TestProjectBuggyBuildCandidate........................NOT RUN         
09:10:37.697 [main] INFO  f.i.s.r.p.i.ProjectInspector - GatherTestInformationBuggyBuildCandidate..............NOT RUN         
09:10:37.698 [main] INFO  f.i.s.r.p.i.ProjectInspector - InitRepoToPush........................................NOT RUN         
09:10:37.698 [main] INFO  f.i.s.r.p.i.ProjectInspector - ComputeClasspath......................................NOT RUN         
09:10:37.698 [main] INFO  f.i.s.r.p.i.ProjectInspector - ComputeModules........................................NOT RUN         
09:10:37.699 [main] INFO  f.i.s.r.p.i.ProjectInspector - CheckoutPatchedBuildCandidate.........................NOT RUN         
09:10:37.699 [main] INFO  f.i.s.r.p.i.ProjectInspector - BuildProjectPatchedBuildCandidate.....................NOT RUN         
09:10:37.700 [main] INFO  f.i.s.r.p.i.ProjectInspector - TestProjectPatchedBuildCandidate......................NOT RUN         
09:10:37.700 [main] INFO  f.i.s.r.p.i.ProjectInspector - GatherTestInformationPatchedBuildCandidate............NOT RUN         
09:10:37.701 [main] INFO  f.i.s.r.p.i.ProjectInspector - CommitPatch...........................................NOT RUN         
09:10:37.703 [main] INFO  f.i.s.r.p.i.ProjectInspector - WritePropertyFile.....................................NOT RUN         
09:10:37.703 [main] INFO  f.i.s.r.p.i.ProjectInspector - CommitProcessEnd......................................NOT RUN         
09:10:37.704 [main] INFO  f.i.s.r.p.i.ProjectInspector - PushProcessEnd........................................NOT RUN         
09:10:37.705 [main] INFO  f.i.s.r.p.i.ProjectInspector - ----------------------------------------------------------------------
09:10:37.705 [main] INFO  f.i.s.r.p.i.ProjectInspector - PIPELINE FINDING: BUILDNOTCHECKEDOUT
09:10:37.705 [main] INFO  f.i.s.r.p.i.ProjectInspector - ----------------------------------------------------------------------
09:10:37.705 [main] INFO  f.i.s.repairnator.pipeline.Launcher - Inspector is finished. The process will exit now.
