18:10:43.882 [main] INFO  f.i.s.repairnator.pipeline.Launcher - PIPELINE VERSION: 3.0-2018-08-09 19:04
18:10:44.105 [main] INFO  f.i.s.repairnator.pipeline.Launcher - The pipeline will try to reproduce a bug from build 332597532 and its corresponding patch from build 332604814
18:10:44.106 [main] INFO  f.i.s.repairnator.pipeline.Launcher - Initialize file serializer engines.
18:10:44.109 [main] INFO  f.i.s.repairnator.pipeline.Launcher - MongoDB won't be used for serialization.
18:10:44.109 [main] INFO  f.i.s.repairnator.pipeline.Launcher - The email notifier engine won't be used.
18:10:44.114 [main] INFO  f.i.s.repairnator.pipeline.Launcher - Start by getting the build (buildId: 332597532) with the following config: RepairnatorConfig{runId='d3f42f02-1b81-4352-bd2f-1d26a43f6972_01-18-week4-FAILING_AND_PASSING', launcherMode=BEARS, serializeJson=true, inputPath='null', outputPath='/var/log', mongodbHost='null', mongodbName='repairnator', smtpServer='null', notifyTo=[], notifyEndProcess=false, push=true, pushRemoteRepo='https://github.com/fermadeiral/bears-collection-fp', fork=false, lookFromDate=null, lookToDate=null, buildId=332597532, z3solverPath='./z3_for_linux', workspacePath='./workspace', githubToken='c8a341a903[...]', dockerImageName='null', skipDelete=false, createOutputDir=false, logDirectory='null', nbThreads=0, globalTimeout=0, whiteList=null, blackList=null, jobSleepTime=0, buildSleepTime=0, maxInspectedBuilds=0, duration=null, humanPatch=false, repository='null', clean=true, bearsMode=BOTH, bearsDelimiter = false, repairTools=NopolAllTests,NPEFix,AssertFixer,AstorJGenProg,AstorJKali,NopolSingleTest,AstorJMut,NopolTestExclusionStrategy, githubUserName= fermadeiral, githubUserEmail=fer.madeiral@gmail.com}
18:10:45.839 [main] DEBUG fr.inria.jtravis.helpers.BuildHelper - Get request to :https://api.travis-ci.org/build/332597532 done after 1005 ms
18:10:46.150 [main] DEBUG fr.inria.jtravis.helpers.BuildHelper - Get request to :https://api.travis-ci.org/build/332604814 done after 141 ms
18:10:46.169 [main] INFO  f.i.s.repairnator.pipeline.Launcher - The patched build (332604814) was successfully retrieved from Travis.
18:10:47.561 [main] INFO  fr.inria.jtravis.JTravis - GitHub ratelimit: Limit: 5000 Remaining: 4555 Reset hour: 19:19:43
18:10:47.868 [main] INFO  f.i.s.r.p.i.ProjectInspector - ----------------------------------------------------------------------
18:10:47.868 [main] INFO  f.i.s.r.p.i.ProjectInspector - PIPELINE STEPS
18:10:47.869 [main] INFO  f.i.s.r.p.i.ProjectInspector - ----------------------------------------------------------------------
18:10:47.869 [main] INFO  f.i.s.r.p.i.ProjectInspector - CloneRepository
18:10:47.869 [main] INFO  f.i.s.r.p.i.ProjectInspector - CheckoutBuggyBuildCandidate
18:10:47.870 [main] INFO  f.i.s.r.p.i.ProjectInspector - ComputeSourceDir
18:10:47.870 [main] INFO  f.i.s.r.p.i.ProjectInspector - ComputeTestDir
18:10:47.871 [main] INFO  f.i.s.r.p.i.ProjectInspector - BuildProjectBuggyBuildCandidate
18:10:47.871 [main] INFO  f.i.s.r.p.i.ProjectInspector - TestProjectBuggyBuildCandidate
18:10:47.874 [main] INFO  f.i.s.r.p.i.ProjectInspector - GatherTestInformationBuggyBuildCandidate
18:10:47.874 [main] INFO  f.i.s.r.p.i.ProjectInspector - InitRepoToPush
18:10:47.875 [main] INFO  f.i.s.r.p.i.ProjectInspector - ComputeClasspath
18:10:47.875 [main] INFO  f.i.s.r.p.i.ProjectInspector - ComputeModules
18:10:47.875 [main] INFO  f.i.s.r.p.i.ProjectInspector - CheckoutPatchedBuildCandidate
18:10:47.875 [main] INFO  f.i.s.r.p.i.ProjectInspector - BuildProjectPatchedBuildCandidate
18:10:47.876 [main] INFO  f.i.s.r.p.i.ProjectInspector - TestProjectPatchedBuildCandidate
18:10:47.876 [main] INFO  f.i.s.r.p.i.ProjectInspector - GatherTestInformationPatchedBuildCandidate
18:10:47.876 [main] INFO  f.i.s.r.p.i.ProjectInspector - CommitPatch
18:10:47.876 [main] INFO  f.i.s.r.p.i.ProjectInspector - WritePropertyFile
18:10:47.877 [main] INFO  f.i.s.r.p.i.ProjectInspector - CommitProcessEnd
18:10:47.877 [main] INFO  f.i.s.r.p.i.ProjectInspector - PushProcessEnd
18:10:47.877 [main] DEBUG f.i.s.r.process.step.CloneRepository - ----------------------------------------------------------------------
18:10:47.878 [main] DEBUG f.i.s.r.process.step.CloneRepository - STEP 1/18: CloneRepository
18:10:47.878 [main] DEBUG f.i.s.r.process.step.CloneRepository - ----------------------------------------------------------------------
18:10:47.879 [main] DEBUG f.i.s.r.process.step.CloneRepository - Cloning repository Azure/azure-libraries-for-java in the following directory: ./workspace/Azure/azure-libraries-for-java/332597532
18:11:57.344 [main] DEBUG f.i.s.r.process.step.CloneRepository - STEP STATUS: [ CloneRepository : SUCCESS ]
18:11:57.345 [main] DEBUG f.i.s.r.process.step.CloneRepository - STEP DURATION: 69s
18:11:57.351 [main] DEBUG f.i.s.r.process.step.CloneRepository - EXECUTE NEXT STEP
18:11:57.352 [main] DEBUG f.i.s.r.p.s.c.CheckoutBuggyBuild - ----------------------------------------------------------------------
18:11:57.353 [main] DEBUG f.i.s.r.p.s.c.CheckoutBuggyBuild - STEP 2/18: CheckoutBuggyBuildCandidate
18:11:57.353 [main] DEBUG f.i.s.r.p.s.c.CheckoutBuggyBuild - ----------------------------------------------------------------------
18:11:57.354 [main] DEBUG f.i.s.r.p.s.c.CheckoutBuggyBuild - Checking out buggy build candidate...
18:11:57.712 [main] INFO  fr.inria.jtravis.JTravis - GitHub ratelimit: Limit: 5000 Remaining: 4550 Reset hour: 19:19:43
18:11:58.166 [main] WARN  f.i.j.helpers.PullRequestHelper - The head repository is null: maybe it has been deleted from GitHub
18:11:58.167 [main] ERROR f.i.s.r.p.s.c.CheckoutBuggyBuild - Error while getting PR information.
18:11:58.167 [main] DEBUG f.i.s.r.p.s.c.CheckoutBuggyBuild - STEP STATUS: [ CheckoutBuggyBuildCandidate : FAILURE ( BUILDNOTCHECKEDOUT ) ]
18:11:58.168 [main] DEBUG f.i.s.r.p.s.c.CheckoutBuggyBuild - STEP DURATION: 0s
18:11:58.168 [main] DEBUG f.i.s.r.p.s.c.CheckoutBuggyBuild - TERMINATE PIPELINE
18:11:58.168 [main] DEBUG f.i.s.r.p.s.c.CheckoutBuggyBuild - FINAL STEPS SKIPPED: The reproduction of the bug and/or the patch failed.
18:11:58.169 [main] INFO  f.i.s.r.p.s.c.CheckoutBuggyBuild - Serialize all data for the pair of builds 332597532, 332604814
18:11:58.297 [main] INFO  fr.inria.jtravis.JTravis - GitHub ratelimit: Limit: 5000 Remaining: 4548 Reset hour: 19:19:43
18:11:59.843 [main] INFO  f.i.s.r.p.i.ProjectInspector - ----------------------------------------------------------------------
18:11:59.844 [main] INFO  f.i.s.r.p.i.ProjectInspector - PIPELINE EXECUTION SUMMARY
18:11:59.844 [main] INFO  f.i.s.r.p.i.ProjectInspector - ----------------------------------------------------------------------
18:11:59.844 [main] INFO  f.i.s.r.p.i.ProjectInspector - CloneRepository.......................................SUCCESS [ 69 s ]
18:11:59.844 [main] INFO  f.i.s.r.p.i.ProjectInspector - CheckoutBuggyBuildCandidate...........................FAILURE [  0 s ]
18:11:59.845 [main] INFO  f.i.s.r.p.i.ProjectInspector - ComputeSourceDir......................................NOT RUN         
18:11:59.845 [main] INFO  f.i.s.r.p.i.ProjectInspector - ComputeTestDir........................................NOT RUN         
18:11:59.845 [main] INFO  f.i.s.r.p.i.ProjectInspector - BuildProjectBuggyBuildCandidate.......................NOT RUN         
18:11:59.845 [main] INFO  f.i.s.r.p.i.ProjectInspector - TestProjectBuggyBuildCandidate........................NOT RUN         
18:11:59.846 [main] INFO  f.i.s.r.p.i.ProjectInspector - GatherTestInformationBuggyBuildCandidate..............NOT RUN         
18:11:59.846 [main] INFO  f.i.s.r.p.i.ProjectInspector - InitRepoToPush........................................NOT RUN         
18:11:59.846 [main] INFO  f.i.s.r.p.i.ProjectInspector - ComputeClasspath......................................NOT RUN         
18:11:59.847 [main] INFO  f.i.s.r.p.i.ProjectInspector - ComputeModules........................................NOT RUN         
18:11:59.847 [main] INFO  f.i.s.r.p.i.ProjectInspector - CheckoutPatchedBuildCandidate.........................NOT RUN         
18:11:59.847 [main] INFO  f.i.s.r.p.i.ProjectInspector - BuildProjectPatchedBuildCandidate.....................NOT RUN         
18:11:59.848 [main] INFO  f.i.s.r.p.i.ProjectInspector - TestProjectPatchedBuildCandidate......................NOT RUN         
18:11:59.848 [main] INFO  f.i.s.r.p.i.ProjectInspector - GatherTestInformationPatchedBuildCandidate............NOT RUN         
18:11:59.848 [main] INFO  f.i.s.r.p.i.ProjectInspector - CommitPatch...........................................NOT RUN         
18:11:59.849 [main] INFO  f.i.s.r.p.i.ProjectInspector - WritePropertyFile.....................................NOT RUN         
18:11:59.849 [main] INFO  f.i.s.r.p.i.ProjectInspector - CommitProcessEnd......................................NOT RUN         
18:11:59.849 [main] INFO  f.i.s.r.p.i.ProjectInspector - PushProcessEnd........................................NOT RUN         
18:11:59.849 [main] INFO  f.i.s.r.p.i.ProjectInspector - ----------------------------------------------------------------------
18:11:59.849 [main] INFO  f.i.s.r.p.i.ProjectInspector - PIPELINE FINDING: BUILDNOTCHECKEDOUT
18:11:59.849 [main] INFO  f.i.s.r.p.i.ProjectInspector - ----------------------------------------------------------------------
18:11:59.850 [main] INFO  f.i.s.repairnator.pipeline.Launcher - Inspector is finished. The process will exit now.
