20:59:05.141 [main] INFO  f.i.s.repairnator.pipeline.Launcher - PIPELINE VERSION: 3.0-2018-08-09 19:04
20:59:05.428 [main] INFO  f.i.s.repairnator.pipeline.Launcher - The pipeline will try to reproduce a bug from build 333409277 and its corresponding patch from build 333473111
20:59:05.429 [main] INFO  f.i.s.repairnator.pipeline.Launcher - Initialize file serializer engines.
20:59:05.432 [main] INFO  f.i.s.repairnator.pipeline.Launcher - MongoDB won't be used for serialization.
20:59:05.432 [main] INFO  f.i.s.repairnator.pipeline.Launcher - The email notifier engine won't be used.
20:59:05.436 [main] INFO  f.i.s.repairnator.pipeline.Launcher - Start by getting the build (buildId: 333409277) with the following config: RepairnatorConfig{runId='d3f42f02-1b81-4352-bd2f-1d26a43f6972_01-18-week4-FAILING_AND_PASSING', launcherMode=BEARS, serializeJson=true, inputPath='null', outputPath='/var/log', mongodbHost='null', mongodbName='repairnator', smtpServer='null', notifyTo=[], notifyEndProcess=false, push=true, pushRemoteRepo='https://github.com/fermadeiral/bears-collection-fp', fork=false, lookFromDate=null, lookToDate=null, buildId=333409277, z3solverPath='./z3_for_linux', workspacePath='./workspace', githubToken='c8a341a903[...]', dockerImageName='null', skipDelete=false, createOutputDir=false, logDirectory='null', nbThreads=0, globalTimeout=0, whiteList=null, blackList=null, jobSleepTime=0, buildSleepTime=0, maxInspectedBuilds=0, duration=null, humanPatch=false, repository='null', clean=true, bearsMode=BOTH, bearsDelimiter = false, repairTools=NopolAllTests,NPEFix,AssertFixer,AstorJGenProg,AstorJKali,NopolSingleTest,AstorJMut,NopolTestExclusionStrategy, githubUserName= fermadeiral, githubUserEmail=fer.madeiral@gmail.com}
20:59:07.141 [main] DEBUG fr.inria.jtravis.helpers.BuildHelper - Get request to :https://api.travis-ci.org/build/333409277 done after 890 ms
20:59:07.394 [main] DEBUG fr.inria.jtravis.helpers.BuildHelper - Get request to :https://api.travis-ci.org/build/333473111 done after 139 ms
20:59:07.406 [main] INFO  f.i.s.repairnator.pipeline.Launcher - The patched build (333473111) was successfully retrieved from Travis.
20:59:08.544 [main] INFO  fr.inria.jtravis.JTravis - GitHub ratelimit: Limit: 5000 Remaining: 4901 Reset hour: 19:19:54
20:59:08.810 [main] INFO  f.i.s.r.p.i.ProjectInspector - ----------------------------------------------------------------------
20:59:08.810 [main] INFO  f.i.s.r.p.i.ProjectInspector - PIPELINE STEPS
20:59:08.810 [main] INFO  f.i.s.r.p.i.ProjectInspector - ----------------------------------------------------------------------
20:59:08.811 [main] INFO  f.i.s.r.p.i.ProjectInspector - CloneRepository
20:59:08.811 [main] INFO  f.i.s.r.p.i.ProjectInspector - CheckoutBuggyBuildCandidate
20:59:08.811 [main] INFO  f.i.s.r.p.i.ProjectInspector - ComputeSourceDir
20:59:08.812 [main] INFO  f.i.s.r.p.i.ProjectInspector - ComputeTestDir
20:59:08.812 [main] INFO  f.i.s.r.p.i.ProjectInspector - BuildProjectBuggyBuildCandidate
20:59:08.812 [main] INFO  f.i.s.r.p.i.ProjectInspector - TestProjectBuggyBuildCandidate
20:59:08.812 [main] INFO  f.i.s.r.p.i.ProjectInspector - GatherTestInformationBuggyBuildCandidate
20:59:08.813 [main] INFO  f.i.s.r.p.i.ProjectInspector - InitRepoToPush
20:59:08.813 [main] INFO  f.i.s.r.p.i.ProjectInspector - ComputeClasspath
20:59:08.813 [main] INFO  f.i.s.r.p.i.ProjectInspector - ComputeModules
20:59:08.813 [main] INFO  f.i.s.r.p.i.ProjectInspector - CheckoutPatchedBuildCandidate
20:59:08.814 [main] INFO  f.i.s.r.p.i.ProjectInspector - BuildProjectPatchedBuildCandidate
20:59:08.814 [main] INFO  f.i.s.r.p.i.ProjectInspector - TestProjectPatchedBuildCandidate
20:59:08.814 [main] INFO  f.i.s.r.p.i.ProjectInspector - GatherTestInformationPatchedBuildCandidate
20:59:08.814 [main] INFO  f.i.s.r.p.i.ProjectInspector - CommitPatch
20:59:08.814 [main] INFO  f.i.s.r.p.i.ProjectInspector - WritePropertyFile
20:59:08.815 [main] INFO  f.i.s.r.p.i.ProjectInspector - CommitProcessEnd
20:59:08.815 [main] INFO  f.i.s.r.p.i.ProjectInspector - PushProcessEnd
20:59:08.815 [main] DEBUG f.i.s.r.process.step.CloneRepository - ----------------------------------------------------------------------
20:59:08.816 [main] DEBUG f.i.s.r.process.step.CloneRepository - STEP 1/18: CloneRepository
20:59:08.816 [main] DEBUG f.i.s.r.process.step.CloneRepository - ----------------------------------------------------------------------
20:59:08.817 [main] DEBUG f.i.s.r.process.step.CloneRepository - Cloning repository spring-cloud/spring-cloud-gcp in the following directory: ./workspace/spring-cloud/spring-cloud-gcp/333409277
20:59:13.566 [main] DEBUG f.i.s.r.process.step.CloneRepository - STEP STATUS: [ CloneRepository : SUCCESS ]
20:59:13.567 [main] DEBUG f.i.s.r.process.step.CloneRepository - STEP DURATION: 4s
20:59:13.568 [main] DEBUG f.i.s.r.process.step.CloneRepository - EXECUTE NEXT STEP
20:59:13.569 [main] DEBUG f.i.s.r.p.s.c.CheckoutBuggyBuild - ----------------------------------------------------------------------
20:59:13.570 [main] DEBUG f.i.s.r.p.s.c.CheckoutBuggyBuild - STEP 2/18: CheckoutBuggyBuildCandidate
20:59:13.571 [main] DEBUG f.i.s.r.p.s.c.CheckoutBuggyBuild - ----------------------------------------------------------------------
20:59:13.571 [main] DEBUG f.i.s.r.p.s.c.CheckoutBuggyBuild - Checking out buggy build candidate...
20:59:13.710 [main] INFO  fr.inria.jtravis.JTravis - GitHub ratelimit: Limit: 5000 Remaining: 4900 Reset hour: 19:19:54
20:59:16.124 [main] DEBUG f.i.s.r.p.s.c.CheckoutBuggyBuild - Reproduce the PR for spring-cloud/spring-cloud-gcp by fetching remote branch and merging.
20:59:16.329 [main] ERROR f.i.s.r.p.s.c.CheckoutBuggyBuild - Error while testing commit: org.eclipse.jgit.errors.MissingObjectException: Missing unknown 8f627f37acd99fd22a78413d5abe6701298681ef
20:59:16.331 [main] ERROR f.i.s.r.p.s.c.CheckoutBuggyBuild - Commit head ref cannot be retrieved from the repository: 8f627f37acd99fd22a78413d5abe6701298681ef. Operation aborted.
20:59:16.332 [main] ERROR f.i.s.r.p.s.c.CheckoutBuggyBuild - Error while merging two commits to reproduce the PR.
20:59:16.333 [main] DEBUG f.i.s.r.p.s.c.CheckoutBuggyBuild - STEP STATUS: [ CheckoutBuggyBuildCandidate : FAILURE ( BUILDNOTCHECKEDOUT ) ]
20:59:16.334 [main] DEBUG f.i.s.r.p.s.c.CheckoutBuggyBuild - STEP DURATION: 2s
20:59:16.335 [main] DEBUG f.i.s.r.p.s.c.CheckoutBuggyBuild - TERMINATE PIPELINE
20:59:16.335 [main] DEBUG f.i.s.r.p.s.c.CheckoutBuggyBuild - FINAL STEPS SKIPPED: The reproduction of the bug and/or the patch failed.
20:59:16.336 [main] INFO  f.i.s.r.p.s.c.CheckoutBuggyBuild - Serialize all data for the pair of builds 333409277, 333473111
20:59:16.471 [main] INFO  fr.inria.jtravis.JTravis - GitHub ratelimit: Limit: 5000 Remaining: 4893 Reset hour: 19:19:54
20:59:17.052 [main] INFO  f.i.s.r.p.i.ProjectInspector - ----------------------------------------------------------------------
20:59:17.052 [main] INFO  f.i.s.r.p.i.ProjectInspector - PIPELINE EXECUTION SUMMARY
20:59:17.052 [main] INFO  f.i.s.r.p.i.ProjectInspector - ----------------------------------------------------------------------
20:59:17.052 [main] INFO  f.i.s.r.p.i.ProjectInspector - CloneRepository........................................SUCCESS [ 4 s ]
20:59:17.052 [main] INFO  f.i.s.r.p.i.ProjectInspector - CheckoutBuggyBuildCandidate............................FAILURE [ 2 s ]
20:59:17.052 [main] INFO  f.i.s.r.p.i.ProjectInspector - ComputeSourceDir.......................................NOT RUN        
20:59:17.053 [main] INFO  f.i.s.r.p.i.ProjectInspector - ComputeTestDir.........................................NOT RUN        
20:59:17.053 [main] INFO  f.i.s.r.p.i.ProjectInspector - BuildProjectBuggyBuildCandidate........................NOT RUN        
20:59:17.053 [main] INFO  f.i.s.r.p.i.ProjectInspector - TestProjectBuggyBuildCandidate.........................NOT RUN        
20:59:17.053 [main] INFO  f.i.s.r.p.i.ProjectInspector - GatherTestInformationBuggyBuildCandidate...............NOT RUN        
20:59:17.053 [main] INFO  f.i.s.r.p.i.ProjectInspector - InitRepoToPush.........................................NOT RUN        
20:59:17.054 [main] INFO  f.i.s.r.p.i.ProjectInspector - ComputeClasspath.......................................NOT RUN        
20:59:17.054 [main] INFO  f.i.s.r.p.i.ProjectInspector - ComputeModules.........................................NOT RUN        
20:59:17.054 [main] INFO  f.i.s.r.p.i.ProjectInspector - CheckoutPatchedBuildCandidate..........................NOT RUN        
20:59:17.054 [main] INFO  f.i.s.r.p.i.ProjectInspector - BuildProjectPatchedBuildCandidate......................NOT RUN        
20:59:17.054 [main] INFO  f.i.s.r.p.i.ProjectInspector - TestProjectPatchedBuildCandidate.......................NOT RUN        
20:59:17.054 [main] INFO  f.i.s.r.p.i.ProjectInspector - GatherTestInformationPatchedBuildCandidate.............NOT RUN        
20:59:17.054 [main] INFO  f.i.s.r.p.i.ProjectInspector - CommitPatch............................................NOT RUN        
20:59:17.055 [main] INFO  f.i.s.r.p.i.ProjectInspector - WritePropertyFile......................................NOT RUN        
20:59:17.055 [main] INFO  f.i.s.r.p.i.ProjectInspector - CommitProcessEnd.......................................NOT RUN        
20:59:17.055 [main] INFO  f.i.s.r.p.i.ProjectInspector - PushProcessEnd.........................................NOT RUN        
20:59:17.055 [main] INFO  f.i.s.r.p.i.ProjectInspector - ----------------------------------------------------------------------
20:59:17.055 [main] INFO  f.i.s.r.p.i.ProjectInspector - PIPELINE FINDING: BUILDNOTCHECKEDOUT
20:59:17.055 [main] INFO  f.i.s.r.p.i.ProjectInspector - ----------------------------------------------------------------------
20:59:17.055 [main] INFO  f.i.s.repairnator.pipeline.Launcher - Inspector is finished. The process will exit now.
