21:22:10.205 [main] INFO  f.i.s.repairnator.pipeline.Launcher - PIPELINE VERSION: 3.0-2018-08-09 19:04
21:22:10.401 [main] INFO  f.i.s.repairnator.pipeline.Launcher - The pipeline will try to reproduce a bug from build 332893996 and its corresponding patch from build 332903017
21:22:10.402 [main] INFO  f.i.s.repairnator.pipeline.Launcher - Initialize file serializer engines.
21:22:10.405 [main] INFO  f.i.s.repairnator.pipeline.Launcher - MongoDB won't be used for serialization.
21:22:10.405 [main] INFO  f.i.s.repairnator.pipeline.Launcher - The email notifier engine won't be used.
21:22:10.410 [main] INFO  f.i.s.repairnator.pipeline.Launcher - Start by getting the build (buildId: 332893996) with the following config: RepairnatorConfig{runId='d3f42f02-1b81-4352-bd2f-1d26a43f6972_01-18-week4-FAILING_AND_PASSING', launcherMode=BEARS, serializeJson=true, inputPath='null', outputPath='/var/log', mongodbHost='null', mongodbName='repairnator', smtpServer='null', notifyTo=[], notifyEndProcess=false, push=true, pushRemoteRepo='https://github.com/fermadeiral/bears-collection-fp', fork=false, lookFromDate=null, lookToDate=null, buildId=332893996, z3solverPath='./z3_for_linux', workspacePath='./workspace', githubToken='c8a341a903[...]', dockerImageName='null', skipDelete=false, createOutputDir=false, logDirectory='null', nbThreads=0, globalTimeout=0, whiteList=null, blackList=null, jobSleepTime=0, buildSleepTime=0, maxInspectedBuilds=0, duration=null, humanPatch=false, repository='null', clean=true, bearsMode=BOTH, bearsDelimiter = false, repairTools=NopolAllTests,NPEFix,AssertFixer,AstorJGenProg,AstorJKali,NopolSingleTest,AstorJMut,NopolTestExclusionStrategy, githubUserName= fermadeiral, githubUserEmail=fer.madeiral@gmail.com}
21:22:11.957 [main] DEBUG fr.inria.jtravis.helpers.BuildHelper - Get request to :https://api.travis-ci.org/build/332893996 done after 870 ms
21:22:12.212 [main] DEBUG fr.inria.jtravis.helpers.BuildHelper - Get request to :https://api.travis-ci.org/build/332903017 done after 135 ms
21:22:12.233 [main] INFO  f.i.s.repairnator.pipeline.Launcher - The patched build (332903017) was successfully retrieved from Travis.
21:22:13.427 [main] INFO  fr.inria.jtravis.JTravis - GitHub ratelimit: Limit: 5000 Remaining: 4641 Reset hour: 19:19:54
21:22:14.572 [main] INFO  f.i.s.r.p.i.ProjectInspector - ----------------------------------------------------------------------
21:22:14.572 [main] INFO  f.i.s.r.p.i.ProjectInspector - PIPELINE STEPS
21:22:14.572 [main] INFO  f.i.s.r.p.i.ProjectInspector - ----------------------------------------------------------------------
21:22:14.572 [main] INFO  f.i.s.r.p.i.ProjectInspector - CloneRepository
21:22:14.572 [main] INFO  f.i.s.r.p.i.ProjectInspector - CheckoutBuggyBuildCandidate
21:22:14.572 [main] INFO  f.i.s.r.p.i.ProjectInspector - ComputeSourceDir
21:22:14.572 [main] INFO  f.i.s.r.p.i.ProjectInspector - ComputeTestDir
21:22:14.573 [main] INFO  f.i.s.r.p.i.ProjectInspector - BuildProjectBuggyBuildCandidate
21:22:14.573 [main] INFO  f.i.s.r.p.i.ProjectInspector - TestProjectBuggyBuildCandidate
21:22:14.573 [main] INFO  f.i.s.r.p.i.ProjectInspector - GatherTestInformationBuggyBuildCandidate
21:22:14.574 [main] INFO  f.i.s.r.p.i.ProjectInspector - InitRepoToPush
21:22:14.574 [main] INFO  f.i.s.r.p.i.ProjectInspector - ComputeClasspath
21:22:14.574 [main] INFO  f.i.s.r.p.i.ProjectInspector - ComputeModules
21:22:14.574 [main] INFO  f.i.s.r.p.i.ProjectInspector - CheckoutPatchedBuildCandidate
21:22:14.574 [main] INFO  f.i.s.r.p.i.ProjectInspector - BuildProjectPatchedBuildCandidate
21:22:14.574 [main] INFO  f.i.s.r.p.i.ProjectInspector - TestProjectPatchedBuildCandidate
21:22:14.574 [main] INFO  f.i.s.r.p.i.ProjectInspector - GatherTestInformationPatchedBuildCandidate
21:22:14.574 [main] INFO  f.i.s.r.p.i.ProjectInspector - CommitPatch
21:22:14.575 [main] INFO  f.i.s.r.p.i.ProjectInspector - WritePropertyFile
21:22:14.575 [main] INFO  f.i.s.r.p.i.ProjectInspector - CommitProcessEnd
21:22:14.575 [main] INFO  f.i.s.r.p.i.ProjectInspector - PushProcessEnd
21:22:14.575 [main] DEBUG f.i.s.r.process.step.CloneRepository - ----------------------------------------------------------------------
21:22:14.576 [main] DEBUG f.i.s.r.process.step.CloneRepository - STEP 1/18: CloneRepository
21:22:14.576 [main] DEBUG f.i.s.r.process.step.CloneRepository - ----------------------------------------------------------------------
21:22:14.577 [main] DEBUG f.i.s.r.process.step.CloneRepository - Cloning repository 4Science/DSpace in the following directory: ./workspace/4Science/DSpace/332893996
21:22:54.662 [main] DEBUG f.i.s.r.process.step.CloneRepository - STEP STATUS: [ CloneRepository : SUCCESS ]
21:22:54.663 [main] DEBUG f.i.s.r.process.step.CloneRepository - STEP DURATION: 40s
21:22:54.663 [main] DEBUG f.i.s.r.process.step.CloneRepository - EXECUTE NEXT STEP
21:22:54.663 [main] DEBUG f.i.s.r.p.s.c.CheckoutBuggyBuild - ----------------------------------------------------------------------
21:22:54.664 [main] DEBUG f.i.s.r.p.s.c.CheckoutBuggyBuild - STEP 2/18: CheckoutBuggyBuildCandidate
21:22:54.664 [main] DEBUG f.i.s.r.p.s.c.CheckoutBuggyBuild - ----------------------------------------------------------------------
21:22:54.664 [main] DEBUG f.i.s.r.p.s.c.CheckoutBuggyBuild - Checking out buggy build candidate...
21:22:54.687 [main] ERROR f.i.s.r.p.s.c.CheckoutBuggyBuild - Error while testing commit: org.eclipse.jgit.errors.MissingObjectException: Missing unknown a5b8ec8d493398a014b745116b9aa2e9ec4363c9
21:22:54.687 [main] ERROR f.i.s.r.p.s.c.CheckoutBuggyBuild - Error while getting the commit to checkout from the repo.
21:22:54.688 [main] DEBUG f.i.s.r.p.s.c.CheckoutBuggyBuild - STEP STATUS: [ CheckoutBuggyBuildCandidate : FAILURE ( BUILDNOTCHECKEDOUT ) ]
21:22:54.689 [main] DEBUG f.i.s.r.p.s.c.CheckoutBuggyBuild - STEP DURATION: 0s
21:22:54.689 [main] DEBUG f.i.s.r.p.s.c.CheckoutBuggyBuild - TERMINATE PIPELINE
21:22:54.689 [main] DEBUG f.i.s.r.p.s.c.CheckoutBuggyBuild - FINAL STEPS SKIPPED: The reproduction of the bug and/or the patch failed.
21:22:54.690 [main] INFO  f.i.s.r.p.s.c.CheckoutBuggyBuild - Serialize all data for the pair of builds 332893996, 332903017
21:22:55.019 [main] INFO  fr.inria.jtravis.JTravis - GitHub ratelimit: Limit: 5000 Remaining: 4637 Reset hour: 19:19:54
21:22:56.077 [main] INFO  f.i.s.r.p.i.ProjectInspector - ----------------------------------------------------------------------
21:22:56.078 [main] INFO  f.i.s.r.p.i.ProjectInspector - PIPELINE EXECUTION SUMMARY
21:22:56.078 [main] INFO  f.i.s.r.p.i.ProjectInspector - ----------------------------------------------------------------------
21:22:56.078 [main] INFO  f.i.s.r.p.i.ProjectInspector - CloneRepository.......................................SUCCESS [ 40 s ]
21:22:56.079 [main] INFO  f.i.s.r.p.i.ProjectInspector - CheckoutBuggyBuildCandidate...........................FAILURE [  0 s ]
21:22:56.079 [main] INFO  f.i.s.r.p.i.ProjectInspector - ComputeSourceDir......................................NOT RUN         
21:22:56.079 [main] INFO  f.i.s.r.p.i.ProjectInspector - ComputeTestDir........................................NOT RUN         
21:22:56.079 [main] INFO  f.i.s.r.p.i.ProjectInspector - BuildProjectBuggyBuildCandidate.......................NOT RUN         
21:22:56.079 [main] INFO  f.i.s.r.p.i.ProjectInspector - TestProjectBuggyBuildCandidate........................NOT RUN         
21:22:56.079 [main] INFO  f.i.s.r.p.i.ProjectInspector - GatherTestInformationBuggyBuildCandidate..............NOT RUN         
21:22:56.079 [main] INFO  f.i.s.r.p.i.ProjectInspector - InitRepoToPush........................................NOT RUN         
21:22:56.079 [main] INFO  f.i.s.r.p.i.ProjectInspector - ComputeClasspath......................................NOT RUN         
21:22:56.080 [main] INFO  f.i.s.r.p.i.ProjectInspector - ComputeModules........................................NOT RUN         
21:22:56.080 [main] INFO  f.i.s.r.p.i.ProjectInspector - CheckoutPatchedBuildCandidate.........................NOT RUN         
21:22:56.080 [main] INFO  f.i.s.r.p.i.ProjectInspector - BuildProjectPatchedBuildCandidate.....................NOT RUN         
21:22:56.080 [main] INFO  f.i.s.r.p.i.ProjectInspector - TestProjectPatchedBuildCandidate......................NOT RUN         
21:22:56.080 [main] INFO  f.i.s.r.p.i.ProjectInspector - GatherTestInformationPatchedBuildCandidate............NOT RUN         
21:22:56.080 [main] INFO  f.i.s.r.p.i.ProjectInspector - CommitPatch...........................................NOT RUN         
21:22:56.080 [main] INFO  f.i.s.r.p.i.ProjectInspector - WritePropertyFile.....................................NOT RUN         
21:22:56.080 [main] INFO  f.i.s.r.p.i.ProjectInspector - CommitProcessEnd......................................NOT RUN         
21:22:56.081 [main] INFO  f.i.s.r.p.i.ProjectInspector - PushProcessEnd........................................NOT RUN         
21:22:56.081 [main] INFO  f.i.s.r.p.i.ProjectInspector - ----------------------------------------------------------------------
21:22:56.081 [main] INFO  f.i.s.r.p.i.ProjectInspector - PIPELINE FINDING: BUILDNOTCHECKEDOUT
21:22:56.081 [main] INFO  f.i.s.r.p.i.ProjectInspector - ----------------------------------------------------------------------
21:22:56.081 [main] INFO  f.i.s.repairnator.pipeline.Launcher - Inspector is finished. The process will exit now.
