16:52:02.777 [main] INFO  f.i.s.repairnator.pipeline.Launcher - PIPELINE VERSION: 3.0-2018-08-09 19:04
16:52:02.993 [main] INFO  f.i.s.repairnator.pipeline.Launcher - The pipeline will try to reproduce a bug from build 335552082 and its corresponding patch from build 335568868
16:52:02.994 [main] INFO  f.i.s.repairnator.pipeline.Launcher - Initialize file serializer engines.
16:52:02.997 [main] INFO  f.i.s.repairnator.pipeline.Launcher - MongoDB won't be used for serialization.
16:52:02.997 [main] INFO  f.i.s.repairnator.pipeline.Launcher - The email notifier engine won't be used.
16:52:03.003 [main] INFO  f.i.s.repairnator.pipeline.Launcher - Start by getting the build (buildId: 335552082) with the following config: RepairnatorConfig{runId='d3f42f02-1b81-4352-bd2f-1d26a43f6972_01-18-week4-FAILING_AND_PASSING', launcherMode=BEARS, serializeJson=true, inputPath='null', outputPath='/var/log', mongodbHost='null', mongodbName='repairnator', smtpServer='null', notifyTo=[], notifyEndProcess=false, push=true, pushRemoteRepo='https://github.com/fermadeiral/bears-collection-fp', fork=false, lookFromDate=null, lookToDate=null, buildId=335552082, z3solverPath='./z3_for_linux', workspacePath='./workspace', githubToken='c8a341a903[...]', dockerImageName='null', skipDelete=false, createOutputDir=false, logDirectory='null', nbThreads=0, globalTimeout=0, whiteList=null, blackList=null, jobSleepTime=0, buildSleepTime=0, maxInspectedBuilds=0, duration=null, humanPatch=false, repository='null', clean=true, bearsMode=BOTH, bearsDelimiter = false, repairTools=NopolAllTests,NPEFix,AssertFixer,AstorJGenProg,AstorJKali,NopolSingleTest,AstorJMut,NopolTestExclusionStrategy, githubUserName= fermadeiral, githubUserEmail=fer.madeiral@gmail.com}
16:52:04.631 [main] DEBUG fr.inria.jtravis.helpers.BuildHelper - Get request to :https://api.travis-ci.org/build/335552082 done after 962 ms
16:52:04.914 [main] DEBUG fr.inria.jtravis.helpers.BuildHelper - Get request to :https://api.travis-ci.org/build/335568868 done after 160 ms
16:52:04.929 [main] INFO  f.i.s.repairnator.pipeline.Launcher - The patched build (335568868) was successfully retrieved from Travis.
16:52:06.055 [main] INFO  fr.inria.jtravis.JTravis - GitHub ratelimit: Limit: 5000 Remaining: 4892 Reset hour: 19:19:38
16:52:06.366 [main] INFO  f.i.s.r.p.i.ProjectInspector - ----------------------------------------------------------------------
16:52:06.367 [main] INFO  f.i.s.r.p.i.ProjectInspector - PIPELINE STEPS
16:52:06.367 [main] INFO  f.i.s.r.p.i.ProjectInspector - ----------------------------------------------------------------------
16:52:06.367 [main] INFO  f.i.s.r.p.i.ProjectInspector - CloneRepository
16:52:06.368 [main] INFO  f.i.s.r.p.i.ProjectInspector - CheckoutBuggyBuildCandidate
16:52:06.368 [main] INFO  f.i.s.r.p.i.ProjectInspector - ComputeSourceDir
16:52:06.368 [main] INFO  f.i.s.r.p.i.ProjectInspector - ComputeTestDir
16:52:06.369 [main] INFO  f.i.s.r.p.i.ProjectInspector - BuildProjectBuggyBuildCandidate
16:52:06.369 [main] INFO  f.i.s.r.p.i.ProjectInspector - TestProjectBuggyBuildCandidate
16:52:06.370 [main] INFO  f.i.s.r.p.i.ProjectInspector - GatherTestInformationBuggyBuildCandidate
16:52:06.370 [main] INFO  f.i.s.r.p.i.ProjectInspector - InitRepoToPush
16:52:06.370 [main] INFO  f.i.s.r.p.i.ProjectInspector - ComputeClasspath
16:52:06.371 [main] INFO  f.i.s.r.p.i.ProjectInspector - ComputeModules
16:52:06.371 [main] INFO  f.i.s.r.p.i.ProjectInspector - CheckoutPatchedBuildCandidate
16:52:06.371 [main] INFO  f.i.s.r.p.i.ProjectInspector - BuildProjectPatchedBuildCandidate
16:52:06.372 [main] INFO  f.i.s.r.p.i.ProjectInspector - TestProjectPatchedBuildCandidate
16:52:06.373 [main] INFO  f.i.s.r.p.i.ProjectInspector - GatherTestInformationPatchedBuildCandidate
16:52:06.373 [main] INFO  f.i.s.r.p.i.ProjectInspector - CommitPatch
16:52:06.373 [main] INFO  f.i.s.r.p.i.ProjectInspector - WritePropertyFile
16:52:06.374 [main] INFO  f.i.s.r.p.i.ProjectInspector - CommitProcessEnd
16:52:06.374 [main] INFO  f.i.s.r.p.i.ProjectInspector - PushProcessEnd
16:52:06.375 [main] DEBUG f.i.s.r.process.step.CloneRepository - ----------------------------------------------------------------------
16:52:06.375 [main] DEBUG f.i.s.r.process.step.CloneRepository - STEP 1/18: CloneRepository
16:52:06.376 [main] DEBUG f.i.s.r.process.step.CloneRepository - ----------------------------------------------------------------------
16:52:06.376 [main] DEBUG f.i.s.r.process.step.CloneRepository - Cloning repository EnMasseProject/enmasse in the following directory: ./workspace/EnMasseProject/enmasse/335552082
16:52:34.638 [main] DEBUG f.i.s.r.process.step.CloneRepository - STEP STATUS: [ CloneRepository : SUCCESS ]
16:52:34.638 [main] DEBUG f.i.s.r.process.step.CloneRepository - STEP DURATION: 28s
16:52:34.639 [main] DEBUG f.i.s.r.process.step.CloneRepository - EXECUTE NEXT STEP
16:52:34.639 [main] DEBUG f.i.s.r.p.s.c.CheckoutBuggyBuild - ----------------------------------------------------------------------
16:52:34.639 [main] DEBUG f.i.s.r.p.s.c.CheckoutBuggyBuild - STEP 2/18: CheckoutBuggyBuildCandidate
16:52:34.639 [main] DEBUG f.i.s.r.p.s.c.CheckoutBuggyBuild - ----------------------------------------------------------------------
16:52:34.639 [main] DEBUG f.i.s.r.p.s.c.CheckoutBuggyBuild - Checking out buggy build candidate...
16:52:34.646 [main] ERROR f.i.s.r.p.s.c.CheckoutBuggyBuild - Error while testing commit: org.eclipse.jgit.errors.MissingObjectException: Missing unknown e55b8fe1d41c8b2d5c0b6a24f4cd54ea68628d6c
16:52:34.647 [main] ERROR f.i.s.r.p.s.c.CheckoutBuggyBuild - Error while getting the commit to checkout from the repo.
16:52:34.648 [main] DEBUG f.i.s.r.p.s.c.CheckoutBuggyBuild - STEP STATUS: [ CheckoutBuggyBuildCandidate : FAILURE ( BUILDNOTCHECKEDOUT ) ]
16:52:34.648 [main] DEBUG f.i.s.r.p.s.c.CheckoutBuggyBuild - STEP DURATION: 0s
16:52:34.648 [main] DEBUG f.i.s.r.p.s.c.CheckoutBuggyBuild - TERMINATE PIPELINE
16:52:34.648 [main] DEBUG f.i.s.r.p.s.c.CheckoutBuggyBuild - FINAL STEPS SKIPPED: The reproduction of the bug and/or the patch failed.
16:52:34.649 [main] INFO  f.i.s.r.p.s.c.CheckoutBuggyBuild - Serialize all data for the pair of builds 335552082, 335568868
16:52:34.992 [main] INFO  fr.inria.jtravis.JTravis - GitHub ratelimit: Limit: 5000 Remaining: 4891 Reset hour: 19:19:38
16:52:36.018 [main] INFO  f.i.s.r.p.i.ProjectInspector - ----------------------------------------------------------------------
16:52:36.018 [main] INFO  f.i.s.r.p.i.ProjectInspector - PIPELINE EXECUTION SUMMARY
16:52:36.018 [main] INFO  f.i.s.r.p.i.ProjectInspector - ----------------------------------------------------------------------
16:52:36.019 [main] INFO  f.i.s.r.p.i.ProjectInspector - CloneRepository.......................................SUCCESS [ 28 s ]
16:52:36.019 [main] INFO  f.i.s.r.p.i.ProjectInspector - CheckoutBuggyBuildCandidate...........................FAILURE [  0 s ]
16:52:36.020 [main] INFO  f.i.s.r.p.i.ProjectInspector - ComputeSourceDir......................................NOT RUN         
16:52:36.020 [main] INFO  f.i.s.r.p.i.ProjectInspector - ComputeTestDir........................................NOT RUN         
16:52:36.021 [main] INFO  f.i.s.r.p.i.ProjectInspector - BuildProjectBuggyBuildCandidate.......................NOT RUN         
16:52:36.021 [main] INFO  f.i.s.r.p.i.ProjectInspector - TestProjectBuggyBuildCandidate........................NOT RUN         
16:52:36.022 [main] INFO  f.i.s.r.p.i.ProjectInspector - GatherTestInformationBuggyBuildCandidate..............NOT RUN         
16:52:36.022 [main] INFO  f.i.s.r.p.i.ProjectInspector - InitRepoToPush........................................NOT RUN         
16:52:36.025 [main] INFO  f.i.s.r.p.i.ProjectInspector - ComputeClasspath......................................NOT RUN         
16:52:36.026 [main] INFO  f.i.s.r.p.i.ProjectInspector - ComputeModules........................................NOT RUN         
16:52:36.027 [main] INFO  f.i.s.r.p.i.ProjectInspector - CheckoutPatchedBuildCandidate.........................NOT RUN         
16:52:36.027 [main] INFO  f.i.s.r.p.i.ProjectInspector - BuildProjectPatchedBuildCandidate.....................NOT RUN         
16:52:36.028 [main] INFO  f.i.s.r.p.i.ProjectInspector - TestProjectPatchedBuildCandidate......................NOT RUN         
16:52:36.028 [main] INFO  f.i.s.r.p.i.ProjectInspector - GatherTestInformationPatchedBuildCandidate............NOT RUN         
16:52:36.029 [main] INFO  f.i.s.r.p.i.ProjectInspector - CommitPatch...........................................NOT RUN         
16:52:36.029 [main] INFO  f.i.s.r.p.i.ProjectInspector - WritePropertyFile.....................................NOT RUN         
16:52:36.030 [main] INFO  f.i.s.r.p.i.ProjectInspector - CommitProcessEnd......................................NOT RUN         
16:52:36.030 [main] INFO  f.i.s.r.p.i.ProjectInspector - PushProcessEnd........................................NOT RUN         
16:52:36.031 [main] INFO  f.i.s.r.p.i.ProjectInspector - ----------------------------------------------------------------------
16:52:36.031 [main] INFO  f.i.s.r.p.i.ProjectInspector - PIPELINE FINDING: BUILDNOTCHECKEDOUT
16:52:36.031 [main] INFO  f.i.s.r.p.i.ProjectInspector - ----------------------------------------------------------------------
16:52:36.032 [main] INFO  f.i.s.repairnator.pipeline.Launcher - Inspector is finished. The process will exit now.
