19:55:58.479 [main] INFO  f.i.s.repairnator.pipeline.Launcher - PIPELINE VERSION: 3.0-2018-08-09 19:04
19:55:58.604 [main] INFO  f.i.s.repairnator.pipeline.Launcher - The pipeline will try to reproduce a bug from build 331920456 and its corresponding patch from build 331924033
19:55:58.604 [main] INFO  f.i.s.repairnator.pipeline.Launcher - Initialize file serializer engines.
19:55:58.606 [main] INFO  f.i.s.repairnator.pipeline.Launcher - MongoDB won't be used for serialization.
19:55:58.606 [main] INFO  f.i.s.repairnator.pipeline.Launcher - The email notifier engine won't be used.
19:55:58.609 [main] INFO  f.i.s.repairnator.pipeline.Launcher - Start by getting the build (buildId: 331920456) with the following config: RepairnatorConfig{runId='d3f42f02-1b81-4352-bd2f-1d26a43f6972_01-18-week4-FAILING_AND_PASSING', launcherMode=BEARS, serializeJson=true, inputPath='null', outputPath='/var/log', mongodbHost='null', mongodbName='repairnator', smtpServer='null', notifyTo=[], notifyEndProcess=false, push=true, pushRemoteRepo='https://github.com/fermadeiral/bears-collection-fp', fork=false, lookFromDate=null, lookToDate=null, buildId=331920456, z3solverPath='./z3_for_linux', workspacePath='./workspace', githubToken='c8a341a903[...]', dockerImageName='null', skipDelete=false, createOutputDir=false, logDirectory='null', nbThreads=0, globalTimeout=0, whiteList=null, blackList=null, jobSleepTime=0, buildSleepTime=0, maxInspectedBuilds=0, duration=null, humanPatch=false, repository='null', clean=true, bearsMode=BOTH, bearsDelimiter = false, repairTools=NopolAllTests,NPEFix,AssertFixer,AstorJGenProg,AstorJKali,NopolSingleTest,AstorJMut,NopolTestExclusionStrategy, githubUserName= fermadeiral, githubUserEmail=fer.madeiral@gmail.com}
19:55:59.976 [main] DEBUG fr.inria.jtravis.helpers.BuildHelper - Get request to :https://api.travis-ci.org/build/331920456 done after 907 ms
19:56:00.319 [main] DEBUG fr.inria.jtravis.helpers.BuildHelper - Get request to :https://api.travis-ci.org/build/331924033 done after 190 ms
19:56:00.329 [main] INFO  f.i.s.repairnator.pipeline.Launcher - The patched build (331924033) was successfully retrieved from Travis.
19:56:01.716 [main] INFO  fr.inria.jtravis.JTravis - GitHub ratelimit: Limit: 5000 Remaining: 4881 Reset hour: 19:19:50
19:56:01.972 [main] INFO  f.i.s.r.p.i.ProjectInspector - ----------------------------------------------------------------------
19:56:01.972 [main] INFO  f.i.s.r.p.i.ProjectInspector - PIPELINE STEPS
19:56:01.972 [main] INFO  f.i.s.r.p.i.ProjectInspector - ----------------------------------------------------------------------
19:56:01.972 [main] INFO  f.i.s.r.p.i.ProjectInspector - CloneRepository
19:56:01.973 [main] INFO  f.i.s.r.p.i.ProjectInspector - CheckoutBuggyBuildCandidate
19:56:01.973 [main] INFO  f.i.s.r.p.i.ProjectInspector - ComputeSourceDir
19:56:01.973 [main] INFO  f.i.s.r.p.i.ProjectInspector - ComputeTestDir
19:56:01.973 [main] INFO  f.i.s.r.p.i.ProjectInspector - BuildProjectBuggyBuildCandidate
19:56:01.973 [main] INFO  f.i.s.r.p.i.ProjectInspector - TestProjectBuggyBuildCandidate
19:56:01.973 [main] INFO  f.i.s.r.p.i.ProjectInspector - GatherTestInformationBuggyBuildCandidate
19:56:01.973 [main] INFO  f.i.s.r.p.i.ProjectInspector - InitRepoToPush
19:56:01.974 [main] INFO  f.i.s.r.p.i.ProjectInspector - ComputeClasspath
19:56:01.974 [main] INFO  f.i.s.r.p.i.ProjectInspector - ComputeModules
19:56:01.974 [main] INFO  f.i.s.r.p.i.ProjectInspector - CheckoutPatchedBuildCandidate
19:56:01.974 [main] INFO  f.i.s.r.p.i.ProjectInspector - BuildProjectPatchedBuildCandidate
19:56:01.974 [main] INFO  f.i.s.r.p.i.ProjectInspector - TestProjectPatchedBuildCandidate
19:56:01.974 [main] INFO  f.i.s.r.p.i.ProjectInspector - GatherTestInformationPatchedBuildCandidate
19:56:01.974 [main] INFO  f.i.s.r.p.i.ProjectInspector - CommitPatch
19:56:01.974 [main] INFO  f.i.s.r.p.i.ProjectInspector - WritePropertyFile
19:56:01.974 [main] INFO  f.i.s.r.p.i.ProjectInspector - CommitProcessEnd
19:56:01.975 [main] INFO  f.i.s.r.p.i.ProjectInspector - PushProcessEnd
19:56:01.975 [main] DEBUG f.i.s.r.process.step.CloneRepository - ----------------------------------------------------------------------
19:56:01.976 [main] DEBUG f.i.s.r.process.step.CloneRepository - STEP 1/18: CloneRepository
19:56:01.976 [main] DEBUG f.i.s.r.process.step.CloneRepository - ----------------------------------------------------------------------
19:56:01.976 [main] DEBUG f.i.s.r.process.step.CloneRepository - Cloning repository algolia/algoliasearch-client-java-2 in the following directory: ./workspace/algolia/algoliasearch-client-java-2/331920456
19:56:06.776 [main] DEBUG f.i.s.r.process.step.CloneRepository - STEP STATUS: [ CloneRepository : SUCCESS ]
19:56:06.776 [main] DEBUG f.i.s.r.process.step.CloneRepository - STEP DURATION: 4s
19:56:06.777 [main] DEBUG f.i.s.r.process.step.CloneRepository - EXECUTE NEXT STEP
19:56:06.777 [main] DEBUG f.i.s.r.p.s.c.CheckoutBuggyBuild - ----------------------------------------------------------------------
19:56:06.777 [main] DEBUG f.i.s.r.p.s.c.CheckoutBuggyBuild - STEP 2/18: CheckoutBuggyBuildCandidate
19:56:06.777 [main] DEBUG f.i.s.r.p.s.c.CheckoutBuggyBuild - ----------------------------------------------------------------------
19:56:06.778 [main] DEBUG f.i.s.r.p.s.c.CheckoutBuggyBuild - Checking out buggy build candidate...
19:56:06.912 [main] INFO  fr.inria.jtravis.JTravis - GitHub ratelimit: Limit: 5000 Remaining: 4880 Reset hour: 19:19:50
19:56:08.599 [main] DEBUG f.i.s.r.p.s.c.CheckoutBuggyBuild - Reproduce the PR for algolia/algoliasearch-client-java-2 by fetching remote branch and merging.
19:56:08.940 [main] ERROR f.i.s.r.p.s.c.CheckoutBuggyBuild - Error while testing commit: org.eclipse.jgit.errors.MissingObjectException: Missing unknown 561095075af6c5660e7370ff04144dc59a6909c5
19:56:08.942 [main] ERROR f.i.s.r.p.s.c.CheckoutBuggyBuild - Commit head ref cannot be retrieved from the repository: 561095075af6c5660e7370ff04144dc59a6909c5. Operation aborted.
19:56:08.942 [main] ERROR f.i.s.r.p.s.c.CheckoutBuggyBuild - Error while merging two commits to reproduce the PR.
19:56:08.943 [main] DEBUG f.i.s.r.p.s.c.CheckoutBuggyBuild - STEP STATUS: [ CheckoutBuggyBuildCandidate : FAILURE ( BUILDNOTCHECKEDOUT ) ]
19:56:08.943 [main] DEBUG f.i.s.r.p.s.c.CheckoutBuggyBuild - STEP DURATION: 2s
19:56:08.943 [main] DEBUG f.i.s.r.p.s.c.CheckoutBuggyBuild - TERMINATE PIPELINE
19:56:08.944 [main] DEBUG f.i.s.r.p.s.c.CheckoutBuggyBuild - FINAL STEPS SKIPPED: The reproduction of the bug and/or the patch failed.
19:56:08.944 [main] INFO  f.i.s.r.p.s.c.CheckoutBuggyBuild - Serialize all data for the pair of builds 331920456, 331924033
19:56:09.078 [main] INFO  fr.inria.jtravis.JTravis - GitHub ratelimit: Limit: 5000 Remaining: 4873 Reset hour: 19:19:50
19:56:09.583 [main] INFO  f.i.s.r.p.i.ProjectInspector - ----------------------------------------------------------------------
19:56:09.584 [main] INFO  f.i.s.r.p.i.ProjectInspector - PIPELINE EXECUTION SUMMARY
19:56:09.584 [main] INFO  f.i.s.r.p.i.ProjectInspector - ----------------------------------------------------------------------
19:56:09.584 [main] INFO  f.i.s.r.p.i.ProjectInspector - CloneRepository........................................SUCCESS [ 4 s ]
19:56:09.584 [main] INFO  f.i.s.r.p.i.ProjectInspector - CheckoutBuggyBuildCandidate............................FAILURE [ 2 s ]
19:56:09.584 [main] INFO  f.i.s.r.p.i.ProjectInspector - ComputeSourceDir.......................................NOT RUN        
19:56:09.584 [main] INFO  f.i.s.r.p.i.ProjectInspector - ComputeTestDir.........................................NOT RUN        
19:56:09.584 [main] INFO  f.i.s.r.p.i.ProjectInspector - BuildProjectBuggyBuildCandidate........................NOT RUN        
19:56:09.585 [main] INFO  f.i.s.r.p.i.ProjectInspector - TestProjectBuggyBuildCandidate.........................NOT RUN        
19:56:09.585 [main] INFO  f.i.s.r.p.i.ProjectInspector - GatherTestInformationBuggyBuildCandidate...............NOT RUN        
19:56:09.585 [main] INFO  f.i.s.r.p.i.ProjectInspector - InitRepoToPush.........................................NOT RUN        
19:56:09.585 [main] INFO  f.i.s.r.p.i.ProjectInspector - ComputeClasspath.......................................NOT RUN        
19:56:09.585 [main] INFO  f.i.s.r.p.i.ProjectInspector - ComputeModules.........................................NOT RUN        
19:56:09.585 [main] INFO  f.i.s.r.p.i.ProjectInspector - CheckoutPatchedBuildCandidate..........................NOT RUN        
19:56:09.585 [main] INFO  f.i.s.r.p.i.ProjectInspector - BuildProjectPatchedBuildCandidate......................NOT RUN        
19:56:09.585 [main] INFO  f.i.s.r.p.i.ProjectInspector - TestProjectPatchedBuildCandidate.......................NOT RUN        
19:56:09.585 [main] INFO  f.i.s.r.p.i.ProjectInspector - GatherTestInformationPatchedBuildCandidate.............NOT RUN        
19:56:09.586 [main] INFO  f.i.s.r.p.i.ProjectInspector - CommitPatch............................................NOT RUN        
19:56:09.586 [main] INFO  f.i.s.r.p.i.ProjectInspector - WritePropertyFile......................................NOT RUN        
19:56:09.586 [main] INFO  f.i.s.r.p.i.ProjectInspector - CommitProcessEnd.......................................NOT RUN        
19:56:09.586 [main] INFO  f.i.s.r.p.i.ProjectInspector - PushProcessEnd.........................................NOT RUN        
19:56:09.586 [main] INFO  f.i.s.r.p.i.ProjectInspector - ----------------------------------------------------------------------
19:56:09.586 [main] INFO  f.i.s.r.p.i.ProjectInspector - PIPELINE FINDING: BUILDNOTCHECKEDOUT
19:56:09.586 [main] INFO  f.i.s.r.p.i.ProjectInspector - ----------------------------------------------------------------------
19:56:09.586 [main] INFO  f.i.s.repairnator.pipeline.Launcher - Inspector is finished. The process will exit now.
