20:02:36.522 [main] INFO  f.i.s.repairnator.pipeline.Launcher - PIPELINE VERSION: 3.0-2018-08-09 19:04
20:02:36.721 [main] INFO  f.i.s.repairnator.pipeline.Launcher - The pipeline will try to reproduce a bug from build 332432254 and its corresponding patch from build 332439034
20:02:36.722 [main] INFO  f.i.s.repairnator.pipeline.Launcher - Initialize file serializer engines.
20:02:36.725 [main] INFO  f.i.s.repairnator.pipeline.Launcher - MongoDB won't be used for serialization.
20:02:36.725 [main] INFO  f.i.s.repairnator.pipeline.Launcher - The email notifier engine won't be used.
20:02:36.729 [main] INFO  f.i.s.repairnator.pipeline.Launcher - Start by getting the build (buildId: 332432254) with the following config: RepairnatorConfig{runId='d3f42f02-1b81-4352-bd2f-1d26a43f6972_01-18-week4-FAILING_AND_PASSING', launcherMode=BEARS, serializeJson=true, inputPath='null', outputPath='/var/log', mongodbHost='null', mongodbName='repairnator', smtpServer='null', notifyTo=[], notifyEndProcess=false, push=true, pushRemoteRepo='https://github.com/fermadeiral/bears-collection-fp', fork=false, lookFromDate=null, lookToDate=null, buildId=332432254, z3solverPath='./z3_for_linux', workspacePath='./workspace', githubToken='c8a341a903[...]', dockerImageName='null', skipDelete=false, createOutputDir=false, logDirectory='null', nbThreads=0, globalTimeout=0, whiteList=null, blackList=null, jobSleepTime=0, buildSleepTime=0, maxInspectedBuilds=0, duration=null, humanPatch=false, repository='null', clean=true, bearsMode=BOTH, bearsDelimiter = false, repairTools=NopolAllTests,NPEFix,AssertFixer,AstorJGenProg,AstorJKali,NopolSingleTest,AstorJMut,NopolTestExclusionStrategy, githubUserName= fermadeiral, githubUserEmail=fer.madeiral@gmail.com}
20:02:38.264 [main] DEBUG fr.inria.jtravis.helpers.BuildHelper - Get request to :https://api.travis-ci.org/build/332432254 done after 904 ms
20:02:38.636 [main] DEBUG fr.inria.jtravis.helpers.BuildHelper - Get request to :https://api.travis-ci.org/build/332439034 done after 213 ms
20:02:38.658 [main] INFO  f.i.s.repairnator.pipeline.Launcher - The patched build (332439034) was successfully retrieved from Travis.
20:02:40.292 [main] INFO  fr.inria.jtravis.JTravis - GitHub ratelimit: Limit: 5000 Remaining: 4685 Reset hour: 19:19:50
20:02:40.610 [main] INFO  f.i.s.r.p.i.ProjectInspector - ----------------------------------------------------------------------
20:02:40.610 [main] INFO  f.i.s.r.p.i.ProjectInspector - PIPELINE STEPS
20:02:40.611 [main] INFO  f.i.s.r.p.i.ProjectInspector - ----------------------------------------------------------------------
20:02:40.611 [main] INFO  f.i.s.r.p.i.ProjectInspector - CloneRepository
20:02:40.611 [main] INFO  f.i.s.r.p.i.ProjectInspector - CheckoutBuggyBuildCandidate
20:02:40.612 [main] INFO  f.i.s.r.p.i.ProjectInspector - ComputeSourceDir
20:02:40.612 [main] INFO  f.i.s.r.p.i.ProjectInspector - ComputeTestDir
20:02:40.612 [main] INFO  f.i.s.r.p.i.ProjectInspector - BuildProjectBuggyBuildCandidate
20:02:40.612 [main] INFO  f.i.s.r.p.i.ProjectInspector - TestProjectBuggyBuildCandidate
20:02:40.613 [main] INFO  f.i.s.r.p.i.ProjectInspector - GatherTestInformationBuggyBuildCandidate
20:02:40.613 [main] INFO  f.i.s.r.p.i.ProjectInspector - InitRepoToPush
20:02:40.613 [main] INFO  f.i.s.r.p.i.ProjectInspector - ComputeClasspath
20:02:40.613 [main] INFO  f.i.s.r.p.i.ProjectInspector - ComputeModules
20:02:40.614 [main] INFO  f.i.s.r.p.i.ProjectInspector - CheckoutPatchedBuildCandidate
20:02:40.614 [main] INFO  f.i.s.r.p.i.ProjectInspector - BuildProjectPatchedBuildCandidate
20:02:40.614 [main] INFO  f.i.s.r.p.i.ProjectInspector - TestProjectPatchedBuildCandidate
20:02:40.614 [main] INFO  f.i.s.r.p.i.ProjectInspector - GatherTestInformationPatchedBuildCandidate
20:02:40.615 [main] INFO  f.i.s.r.p.i.ProjectInspector - CommitPatch
20:02:40.615 [main] INFO  f.i.s.r.p.i.ProjectInspector - WritePropertyFile
20:02:40.615 [main] INFO  f.i.s.r.p.i.ProjectInspector - CommitProcessEnd
20:02:40.615 [main] INFO  f.i.s.r.p.i.ProjectInspector - PushProcessEnd
20:02:40.616 [main] DEBUG f.i.s.r.process.step.CloneRepository - ----------------------------------------------------------------------
20:02:40.616 [main] DEBUG f.i.s.r.process.step.CloneRepository - STEP 1/18: CloneRepository
20:02:40.616 [main] DEBUG f.i.s.r.process.step.CloneRepository - ----------------------------------------------------------------------
20:02:40.617 [main] DEBUG f.i.s.r.process.step.CloneRepository - Cloning repository atomix/atomix in the following directory: ./workspace/atomix/atomix/332432254
20:02:53.239 [main] DEBUG f.i.s.r.process.step.CloneRepository - STEP STATUS: [ CloneRepository : SUCCESS ]
20:02:53.240 [main] DEBUG f.i.s.r.process.step.CloneRepository - STEP DURATION: 12s
20:02:53.241 [main] DEBUG f.i.s.r.process.step.CloneRepository - EXECUTE NEXT STEP
20:02:53.242 [main] DEBUG f.i.s.r.p.s.c.CheckoutBuggyBuild - ----------------------------------------------------------------------
20:02:53.243 [main] DEBUG f.i.s.r.p.s.c.CheckoutBuggyBuild - STEP 2/18: CheckoutBuggyBuildCandidate
20:02:53.243 [main] DEBUG f.i.s.r.p.s.c.CheckoutBuggyBuild - ----------------------------------------------------------------------
20:02:53.243 [main] DEBUG f.i.s.r.p.s.c.CheckoutBuggyBuild - Checking out buggy build candidate...
20:02:53.593 [main] INFO  fr.inria.jtravis.JTravis - GitHub ratelimit: Limit: 5000 Remaining: 4673 Reset hour: 19:19:50
20:02:55.874 [main] DEBUG f.i.s.r.p.s.c.CheckoutBuggyBuild - Reproduce the PR for atomix/atomix by fetching remote branch and merging.
20:02:56.108 [main] ERROR f.i.s.r.p.s.c.CheckoutBuggyBuild - Error while testing commit: org.eclipse.jgit.errors.MissingObjectException: Missing unknown 6dcc69e3f43a732f3b2a0c5cabd1881df2520bc5
20:02:56.110 [main] ERROR f.i.s.r.p.s.c.CheckoutBuggyBuild - Commit head ref cannot be retrieved from the repository: 6dcc69e3f43a732f3b2a0c5cabd1881df2520bc5. Operation aborted.
20:02:56.110 [main] ERROR f.i.s.r.p.s.c.CheckoutBuggyBuild - Error while merging two commits to reproduce the PR.
20:02:56.111 [main] DEBUG f.i.s.r.p.s.c.CheckoutBuggyBuild - STEP STATUS: [ CheckoutBuggyBuildCandidate : FAILURE ( BUILDNOTCHECKEDOUT ) ]
20:02:56.112 [main] DEBUG f.i.s.r.p.s.c.CheckoutBuggyBuild - STEP DURATION: 2s
20:02:56.112 [main] DEBUG f.i.s.r.p.s.c.CheckoutBuggyBuild - TERMINATE PIPELINE
20:02:56.113 [main] DEBUG f.i.s.r.p.s.c.CheckoutBuggyBuild - FINAL STEPS SKIPPED: The reproduction of the bug and/or the patch failed.
20:02:56.113 [main] INFO  f.i.s.r.p.s.c.CheckoutBuggyBuild - Serialize all data for the pair of builds 332432254, 332439034
20:02:56.247 [main] INFO  fr.inria.jtravis.JTravis - GitHub ratelimit: Limit: 5000 Remaining: 4664 Reset hour: 19:19:50
20:02:57.069 [main] INFO  f.i.s.r.p.i.ProjectInspector - ----------------------------------------------------------------------
20:02:57.070 [main] INFO  f.i.s.r.p.i.ProjectInspector - PIPELINE EXECUTION SUMMARY
20:02:57.070 [main] INFO  f.i.s.r.p.i.ProjectInspector - ----------------------------------------------------------------------
20:02:57.070 [main] INFO  f.i.s.r.p.i.ProjectInspector - CloneRepository.......................................SUCCESS [ 12 s ]
20:02:57.071 [main] INFO  f.i.s.r.p.i.ProjectInspector - CheckoutBuggyBuildCandidate...........................FAILURE [  2 s ]
20:02:57.071 [main] INFO  f.i.s.r.p.i.ProjectInspector - ComputeSourceDir......................................NOT RUN         
20:02:57.071 [main] INFO  f.i.s.r.p.i.ProjectInspector - ComputeTestDir........................................NOT RUN         
20:02:57.071 [main] INFO  f.i.s.r.p.i.ProjectInspector - BuildProjectBuggyBuildCandidate.......................NOT RUN         
20:02:57.071 [main] INFO  f.i.s.r.p.i.ProjectInspector - TestProjectBuggyBuildCandidate........................NOT RUN         
20:02:57.072 [main] INFO  f.i.s.r.p.i.ProjectInspector - GatherTestInformationBuggyBuildCandidate..............NOT RUN         
20:02:57.072 [main] INFO  f.i.s.r.p.i.ProjectInspector - InitRepoToPush........................................NOT RUN         
20:02:57.072 [main] INFO  f.i.s.r.p.i.ProjectInspector - ComputeClasspath......................................NOT RUN         
20:02:57.073 [main] INFO  f.i.s.r.p.i.ProjectInspector - ComputeModules........................................NOT RUN         
20:02:57.073 [main] INFO  f.i.s.r.p.i.ProjectInspector - CheckoutPatchedBuildCandidate.........................NOT RUN         
20:02:57.073 [main] INFO  f.i.s.r.p.i.ProjectInspector - BuildProjectPatchedBuildCandidate.....................NOT RUN         
20:02:57.073 [main] INFO  f.i.s.r.p.i.ProjectInspector - TestProjectPatchedBuildCandidate......................NOT RUN         
20:02:57.073 [main] INFO  f.i.s.r.p.i.ProjectInspector - GatherTestInformationPatchedBuildCandidate............NOT RUN         
20:02:57.074 [main] INFO  f.i.s.r.p.i.ProjectInspector - CommitPatch...........................................NOT RUN         
20:02:57.074 [main] INFO  f.i.s.r.p.i.ProjectInspector - WritePropertyFile.....................................NOT RUN         
20:02:57.074 [main] INFO  f.i.s.r.p.i.ProjectInspector - CommitProcessEnd......................................NOT RUN         
20:02:57.074 [main] INFO  f.i.s.r.p.i.ProjectInspector - PushProcessEnd........................................NOT RUN         
20:02:57.075 [main] INFO  f.i.s.r.p.i.ProjectInspector - ----------------------------------------------------------------------
20:02:57.075 [main] INFO  f.i.s.r.p.i.ProjectInspector - PIPELINE FINDING: BUILDNOTCHECKEDOUT
20:02:57.075 [main] INFO  f.i.s.r.p.i.ProjectInspector - ----------------------------------------------------------------------
20:02:57.075 [main] INFO  f.i.s.repairnator.pipeline.Launcher - Inspector is finished. The process will exit now.
