17:40:13.508 [main] INFO  f.i.s.repairnator.pipeline.Launcher - PIPELINE VERSION: 3.0-2018-08-09 19:04
17:40:13.669 [main] INFO  f.i.s.repairnator.pipeline.Launcher - The pipeline will try to reproduce a bug from build 332030372 and its corresponding patch from build 332206751
17:40:13.669 [main] INFO  f.i.s.repairnator.pipeline.Launcher - Initialize file serializer engines.
17:40:13.671 [main] INFO  f.i.s.repairnator.pipeline.Launcher - MongoDB won't be used for serialization.
17:40:13.672 [main] INFO  f.i.s.repairnator.pipeline.Launcher - The email notifier engine won't be used.
17:40:13.676 [main] INFO  f.i.s.repairnator.pipeline.Launcher - Start by getting the build (buildId: 332030372) with the following config: RepairnatorConfig{runId='d3f42f02-1b81-4352-bd2f-1d26a43f6972_01-18-week4-FAILING_AND_PASSING', launcherMode=BEARS, serializeJson=true, inputPath='null', outputPath='/var/log', mongodbHost='null', mongodbName='repairnator', smtpServer='null', notifyTo=[], notifyEndProcess=false, push=true, pushRemoteRepo='https://github.com/fermadeiral/bears-collection-fp', fork=false, lookFromDate=null, lookToDate=null, buildId=332030372, z3solverPath='./z3_for_linux', workspacePath='./workspace', githubToken='c8a341a903[...]', dockerImageName='null', skipDelete=false, createOutputDir=false, logDirectory='null', nbThreads=0, globalTimeout=0, whiteList=null, blackList=null, jobSleepTime=0, buildSleepTime=0, maxInspectedBuilds=0, duration=null, humanPatch=false, repository='null', clean=true, bearsMode=BOTH, bearsDelimiter = false, repairTools=NopolAllTests,NPEFix,AssertFixer,AstorJGenProg,AstorJKali,NopolSingleTest,AstorJMut,NopolTestExclusionStrategy, githubUserName= fermadeiral, githubUserEmail=fer.madeiral@gmail.com}
17:40:15.129 [main] DEBUG fr.inria.jtravis.helpers.BuildHelper - Get request to :https://api.travis-ci.org/build/332030372 done after 875 ms
17:40:15.453 [main] DEBUG fr.inria.jtravis.helpers.BuildHelper - Get request to :https://api.travis-ci.org/build/332206751 done after 159 ms
17:40:15.493 [main] INFO  f.i.s.repairnator.pipeline.Launcher - The patched build (332206751) was successfully retrieved from Travis.
17:40:16.920 [main] INFO  fr.inria.jtravis.JTravis - GitHub ratelimit: Limit: 5000 Remaining: 4989 Reset hour: 19:19:43
17:40:17.298 [main] INFO  f.i.s.r.p.i.ProjectInspector - ----------------------------------------------------------------------
17:40:17.298 [main] INFO  f.i.s.r.p.i.ProjectInspector - PIPELINE STEPS
17:40:17.298 [main] INFO  f.i.s.r.p.i.ProjectInspector - ----------------------------------------------------------------------
17:40:17.299 [main] INFO  f.i.s.r.p.i.ProjectInspector - CloneRepository
17:40:17.299 [main] INFO  f.i.s.r.p.i.ProjectInspector - CheckoutBuggyBuildCandidate
17:40:17.299 [main] INFO  f.i.s.r.p.i.ProjectInspector - ComputeSourceDir
17:40:17.299 [main] INFO  f.i.s.r.p.i.ProjectInspector - ComputeTestDir
17:40:17.300 [main] INFO  f.i.s.r.p.i.ProjectInspector - BuildProjectBuggyBuildCandidate
17:40:17.300 [main] INFO  f.i.s.r.p.i.ProjectInspector - TestProjectBuggyBuildCandidate
17:40:17.300 [main] INFO  f.i.s.r.p.i.ProjectInspector - GatherTestInformationBuggyBuildCandidate
17:40:17.300 [main] INFO  f.i.s.r.p.i.ProjectInspector - InitRepoToPush
17:40:17.301 [main] INFO  f.i.s.r.p.i.ProjectInspector - ComputeClasspath
17:40:17.301 [main] INFO  f.i.s.r.p.i.ProjectInspector - ComputeModules
17:40:17.301 [main] INFO  f.i.s.r.p.i.ProjectInspector - CheckoutPatchedBuildCandidate
17:40:17.301 [main] INFO  f.i.s.r.p.i.ProjectInspector - BuildProjectPatchedBuildCandidate
17:40:17.302 [main] INFO  f.i.s.r.p.i.ProjectInspector - TestProjectPatchedBuildCandidate
17:40:17.302 [main] INFO  f.i.s.r.p.i.ProjectInspector - GatherTestInformationPatchedBuildCandidate
17:40:17.302 [main] INFO  f.i.s.r.p.i.ProjectInspector - CommitPatch
17:40:17.302 [main] INFO  f.i.s.r.p.i.ProjectInspector - WritePropertyFile
17:40:17.303 [main] INFO  f.i.s.r.p.i.ProjectInspector - CommitProcessEnd
17:40:17.303 [main] INFO  f.i.s.r.p.i.ProjectInspector - PushProcessEnd
17:40:17.303 [main] DEBUG f.i.s.r.process.step.CloneRepository - ----------------------------------------------------------------------
17:40:17.304 [main] DEBUG f.i.s.r.process.step.CloneRepository - STEP 1/18: CloneRepository
17:40:17.305 [main] DEBUG f.i.s.r.process.step.CloneRepository - ----------------------------------------------------------------------
17:40:17.305 [main] DEBUG f.i.s.r.process.step.CloneRepository - Cloning repository matsim-org/matsim in the following directory: ./workspace/matsim-org/matsim/332030372
17:43:17.856 [main] DEBUG f.i.s.r.process.step.CloneRepository - STEP STATUS: [ CloneRepository : SUCCESS ]
17:43:17.857 [main] DEBUG f.i.s.r.process.step.CloneRepository - STEP DURATION: 180s
17:43:17.857 [main] DEBUG f.i.s.r.process.step.CloneRepository - EXECUTE NEXT STEP
17:43:17.858 [main] DEBUG f.i.s.r.p.s.c.CheckoutBuggyBuild - ----------------------------------------------------------------------
17:43:17.858 [main] DEBUG f.i.s.r.p.s.c.CheckoutBuggyBuild - STEP 2/18: CheckoutBuggyBuildCandidate
17:43:17.858 [main] DEBUG f.i.s.r.p.s.c.CheckoutBuggyBuild - ----------------------------------------------------------------------
17:43:17.858 [main] DEBUG f.i.s.r.p.s.c.CheckoutBuggyBuild - Checking out buggy build candidate...
17:43:17.919 [main] ERROR f.i.s.r.p.s.c.CheckoutBuggyBuild - Error while testing commit: org.eclipse.jgit.errors.MissingObjectException: Missing unknown 6fdba72f07a4539ff98c9898077aca287a35e2f7
17:43:17.920 [main] ERROR f.i.s.r.p.s.c.CheckoutBuggyBuild - Error while getting the commit to checkout from the repo.
17:43:17.921 [main] DEBUG f.i.s.r.p.s.c.CheckoutBuggyBuild - STEP STATUS: [ CheckoutBuggyBuildCandidate : FAILURE ( BUILDNOTCHECKEDOUT ) ]
17:43:17.922 [main] DEBUG f.i.s.r.p.s.c.CheckoutBuggyBuild - STEP DURATION: 0s
17:43:17.922 [main] DEBUG f.i.s.r.p.s.c.CheckoutBuggyBuild - TERMINATE PIPELINE
17:43:17.922 [main] DEBUG f.i.s.r.p.s.c.CheckoutBuggyBuild - FINAL STEPS SKIPPED: The reproduction of the bug and/or the patch failed.
17:43:17.923 [main] INFO  f.i.s.r.p.s.c.CheckoutBuggyBuild - Serialize all data for the pair of builds 332030372, 332206751
17:43:18.288 [main] INFO  fr.inria.jtravis.JTravis - GitHub ratelimit: Limit: 5000 Remaining: 4984 Reset hour: 19:19:43
17:43:19.574 [main] INFO  f.i.s.r.p.i.ProjectInspector - ----------------------------------------------------------------------
17:43:19.575 [main] INFO  f.i.s.r.p.i.ProjectInspector - PIPELINE EXECUTION SUMMARY
17:43:19.575 [main] INFO  f.i.s.r.p.i.ProjectInspector - ----------------------------------------------------------------------
17:43:19.575 [main] INFO  f.i.s.r.p.i.ProjectInspector - CloneRepository......................................SUCCESS [ 180 s ]
17:43:19.575 [main] INFO  f.i.s.r.p.i.ProjectInspector - CheckoutBuggyBuildCandidate..........................FAILURE [   0 s ]
17:43:19.575 [main] INFO  f.i.s.r.p.i.ProjectInspector - ComputeSourceDir.....................................NOT RUN          
17:43:19.576 [main] INFO  f.i.s.r.p.i.ProjectInspector - ComputeTestDir.......................................NOT RUN          
17:43:19.576 [main] INFO  f.i.s.r.p.i.ProjectInspector - BuildProjectBuggyBuildCandidate......................NOT RUN          
17:43:19.576 [main] INFO  f.i.s.r.p.i.ProjectInspector - TestProjectBuggyBuildCandidate.......................NOT RUN          
17:43:19.576 [main] INFO  f.i.s.r.p.i.ProjectInspector - GatherTestInformationBuggyBuildCandidate.............NOT RUN          
17:43:19.576 [main] INFO  f.i.s.r.p.i.ProjectInspector - InitRepoToPush.......................................NOT RUN          
17:43:19.576 [main] INFO  f.i.s.r.p.i.ProjectInspector - ComputeClasspath.....................................NOT RUN          
17:43:19.576 [main] INFO  f.i.s.r.p.i.ProjectInspector - ComputeModules.......................................NOT RUN          
17:43:19.576 [main] INFO  f.i.s.r.p.i.ProjectInspector - CheckoutPatchedBuildCandidate........................NOT RUN          
17:43:19.577 [main] INFO  f.i.s.r.p.i.ProjectInspector - BuildProjectPatchedBuildCandidate....................NOT RUN          
17:43:19.577 [main] INFO  f.i.s.r.p.i.ProjectInspector - TestProjectPatchedBuildCandidate.....................NOT RUN          
17:43:19.577 [main] INFO  f.i.s.r.p.i.ProjectInspector - GatherTestInformationPatchedBuildCandidate...........NOT RUN          
17:43:19.577 [main] INFO  f.i.s.r.p.i.ProjectInspector - CommitPatch..........................................NOT RUN          
17:43:19.577 [main] INFO  f.i.s.r.p.i.ProjectInspector - WritePropertyFile....................................NOT RUN          
17:43:19.577 [main] INFO  f.i.s.r.p.i.ProjectInspector - CommitProcessEnd.....................................NOT RUN          
17:43:19.577 [main] INFO  f.i.s.r.p.i.ProjectInspector - PushProcessEnd.......................................NOT RUN          
17:43:19.577 [main] INFO  f.i.s.r.p.i.ProjectInspector - ----------------------------------------------------------------------
17:43:19.578 [main] INFO  f.i.s.r.p.i.ProjectInspector - PIPELINE FINDING: BUILDNOTCHECKEDOUT
17:43:19.578 [main] INFO  f.i.s.r.p.i.ProjectInspector - ----------------------------------------------------------------------
17:43:19.578 [main] INFO  f.i.s.repairnator.pipeline.Launcher - Inspector is finished. The process will exit now.
