20:10:45.370 [main] INFO  f.i.s.repairnator.pipeline.Launcher - PIPELINE VERSION: 3.0-2018-08-09 19:04
20:10:45.592 [main] INFO  f.i.s.repairnator.pipeline.Launcher - The pipeline will try to reproduce a bug from build 335245833 and its corresponding patch from build 335250128
20:10:45.593 [main] INFO  f.i.s.repairnator.pipeline.Launcher - Initialize file serializer engines.
20:10:45.595 [main] INFO  f.i.s.repairnator.pipeline.Launcher - MongoDB won't be used for serialization.
20:10:45.595 [main] INFO  f.i.s.repairnator.pipeline.Launcher - The email notifier engine won't be used.
20:10:45.598 [main] INFO  f.i.s.repairnator.pipeline.Launcher - Start by getting the build (buildId: 335245833) with the following config: RepairnatorConfig{runId='d3f42f02-1b81-4352-bd2f-1d26a43f6972_01-18-week4-FAILING_AND_PASSING', launcherMode=BEARS, serializeJson=true, inputPath='null', outputPath='/var/log', mongodbHost='null', mongodbName='repairnator', smtpServer='null', notifyTo=[], notifyEndProcess=false, push=true, pushRemoteRepo='https://github.com/fermadeiral/bears-collection-fp', fork=false, lookFromDate=null, lookToDate=null, buildId=335245833, z3solverPath='./z3_for_linux', workspacePath='./workspace', githubToken='c8a341a903[...]', dockerImageName='null', skipDelete=false, createOutputDir=false, logDirectory='null', nbThreads=0, globalTimeout=0, whiteList=null, blackList=null, jobSleepTime=0, buildSleepTime=0, maxInspectedBuilds=0, duration=null, humanPatch=false, repository='null', clean=true, bearsMode=BOTH, bearsDelimiter = false, repairTools=NopolAllTests,NPEFix,AssertFixer,AstorJGenProg,AstorJKali,NopolSingleTest,AstorJMut,NopolTestExclusionStrategy, githubUserName= fermadeiral, githubUserEmail=fer.madeiral@gmail.com}
20:10:46.941 [main] DEBUG fr.inria.jtravis.helpers.BuildHelper - Get request to :https://api.travis-ci.org/build/335245833 done after 856 ms
20:10:47.175 [main] DEBUG fr.inria.jtravis.helpers.BuildHelper - Get request to :https://api.travis-ci.org/build/335250128 done after 135 ms
20:10:47.186 [main] INFO  f.i.s.repairnator.pipeline.Launcher - The patched build (335250128) was successfully retrieved from Travis.
20:10:48.312 [main] INFO  fr.inria.jtravis.JTravis - GitHub ratelimit: Limit: 5000 Remaining: 4532 Reset hour: 19:19:50
20:10:48.564 [main] INFO  f.i.s.r.p.i.ProjectInspector - ----------------------------------------------------------------------
20:10:48.564 [main] INFO  f.i.s.r.p.i.ProjectInspector - PIPELINE STEPS
20:10:48.564 [main] INFO  f.i.s.r.p.i.ProjectInspector - ----------------------------------------------------------------------
20:10:48.564 [main] INFO  f.i.s.r.p.i.ProjectInspector - CloneRepository
20:10:48.565 [main] INFO  f.i.s.r.p.i.ProjectInspector - CheckoutBuggyBuildCandidate
20:10:48.565 [main] INFO  f.i.s.r.p.i.ProjectInspector - ComputeSourceDir
20:10:48.565 [main] INFO  f.i.s.r.p.i.ProjectInspector - ComputeTestDir
20:10:48.565 [main] INFO  f.i.s.r.p.i.ProjectInspector - BuildProjectBuggyBuildCandidate
20:10:48.565 [main] INFO  f.i.s.r.p.i.ProjectInspector - TestProjectBuggyBuildCandidate
20:10:48.565 [main] INFO  f.i.s.r.p.i.ProjectInspector - GatherTestInformationBuggyBuildCandidate
20:10:48.565 [main] INFO  f.i.s.r.p.i.ProjectInspector - InitRepoToPush
20:10:48.565 [main] INFO  f.i.s.r.p.i.ProjectInspector - ComputeClasspath
20:10:48.565 [main] INFO  f.i.s.r.p.i.ProjectInspector - ComputeModules
20:10:48.566 [main] INFO  f.i.s.r.p.i.ProjectInspector - CheckoutPatchedBuildCandidate
20:10:48.566 [main] INFO  f.i.s.r.p.i.ProjectInspector - BuildProjectPatchedBuildCandidate
20:10:48.566 [main] INFO  f.i.s.r.p.i.ProjectInspector - TestProjectPatchedBuildCandidate
20:10:48.566 [main] INFO  f.i.s.r.p.i.ProjectInspector - GatherTestInformationPatchedBuildCandidate
20:10:48.566 [main] INFO  f.i.s.r.p.i.ProjectInspector - CommitPatch
20:10:48.566 [main] INFO  f.i.s.r.p.i.ProjectInspector - WritePropertyFile
20:10:48.567 [main] INFO  f.i.s.r.p.i.ProjectInspector - CommitProcessEnd
20:10:48.567 [main] INFO  f.i.s.r.p.i.ProjectInspector - PushProcessEnd
20:10:48.567 [main] DEBUG f.i.s.r.process.step.CloneRepository - ----------------------------------------------------------------------
20:10:48.567 [main] DEBUG f.i.s.r.process.step.CloneRepository - STEP 1/18: CloneRepository
20:10:48.568 [main] DEBUG f.i.s.r.process.step.CloneRepository - ----------------------------------------------------------------------
20:10:48.568 [main] DEBUG f.i.s.r.process.step.CloneRepository - Cloning repository geoserver/geoserver in the following directory: ./workspace/geoserver/geoserver/335245833
20:11:45.056 [main] DEBUG f.i.s.r.process.step.CloneRepository - STEP STATUS: [ CloneRepository : SUCCESS ]
20:11:45.056 [main] DEBUG f.i.s.r.process.step.CloneRepository - STEP DURATION: 56s
20:11:45.057 [main] DEBUG f.i.s.r.process.step.CloneRepository - EXECUTE NEXT STEP
20:11:45.057 [main] DEBUG f.i.s.r.p.s.c.CheckoutBuggyBuild - ----------------------------------------------------------------------
20:11:45.057 [main] DEBUG f.i.s.r.p.s.c.CheckoutBuggyBuild - STEP 2/18: CheckoutBuggyBuildCandidate
20:11:45.057 [main] DEBUG f.i.s.r.p.s.c.CheckoutBuggyBuild - ----------------------------------------------------------------------
20:11:45.058 [main] DEBUG f.i.s.r.p.s.c.CheckoutBuggyBuild - Checking out buggy build candidate...
20:11:45.418 [main] INFO  fr.inria.jtravis.JTravis - GitHub ratelimit: Limit: 5000 Remaining: 4524 Reset hour: 19:19:50
20:11:48.174 [main] DEBUG f.i.s.r.p.s.c.CheckoutBuggyBuild - Reproduce the PR for geoserver/geoserver by fetching remote branch and merging.
20:11:51.136 [main] ERROR f.i.s.r.p.s.c.CheckoutBuggyBuild - Error while testing commit: org.eclipse.jgit.errors.MissingObjectException: Missing unknown b0e6ed1fde0181629229fdc0d2d79ea46bd395b9
20:11:51.137 [main] ERROR f.i.s.r.p.s.c.CheckoutBuggyBuild - Commit head ref cannot be retrieved from the repository: b0e6ed1fde0181629229fdc0d2d79ea46bd395b9. Operation aborted.
20:11:51.137 [main] ERROR f.i.s.r.p.s.c.CheckoutBuggyBuild - Error while merging two commits to reproduce the PR.
20:11:51.138 [main] DEBUG f.i.s.r.p.s.c.CheckoutBuggyBuild - STEP STATUS: [ CheckoutBuggyBuildCandidate : FAILURE ( BUILDNOTCHECKEDOUT ) ]
20:11:51.138 [main] DEBUG f.i.s.r.p.s.c.CheckoutBuggyBuild - STEP DURATION: 6s
20:11:51.138 [main] DEBUG f.i.s.r.p.s.c.CheckoutBuggyBuild - TERMINATE PIPELINE
20:11:51.139 [main] DEBUG f.i.s.r.p.s.c.CheckoutBuggyBuild - FINAL STEPS SKIPPED: The reproduction of the bug and/or the patch failed.
20:11:51.139 [main] INFO  f.i.s.r.p.s.c.CheckoutBuggyBuild - Serialize all data for the pair of builds 335245833, 335250128
20:11:51.287 [main] INFO  fr.inria.jtravis.JTravis - GitHub ratelimit: Limit: 5000 Remaining: 4517 Reset hour: 19:19:50
20:11:53.563 [main] INFO  f.i.s.r.p.i.ProjectInspector - ----------------------------------------------------------------------
20:11:53.564 [main] INFO  f.i.s.r.p.i.ProjectInspector - PIPELINE EXECUTION SUMMARY
20:11:53.564 [main] INFO  f.i.s.r.p.i.ProjectInspector - ----------------------------------------------------------------------
20:11:53.564 [main] INFO  f.i.s.r.p.i.ProjectInspector - CloneRepository.......................................SUCCESS [ 56 s ]
20:11:53.565 [main] INFO  f.i.s.r.p.i.ProjectInspector - CheckoutBuggyBuildCandidate...........................FAILURE [  6 s ]
20:11:53.565 [main] INFO  f.i.s.r.p.i.ProjectInspector - ComputeSourceDir......................................NOT RUN         
20:11:53.565 [main] INFO  f.i.s.r.p.i.ProjectInspector - ComputeTestDir........................................NOT RUN         
20:11:53.565 [main] INFO  f.i.s.r.p.i.ProjectInspector - BuildProjectBuggyBuildCandidate.......................NOT RUN         
20:11:53.565 [main] INFO  f.i.s.r.p.i.ProjectInspector - TestProjectBuggyBuildCandidate........................NOT RUN         
20:11:53.565 [main] INFO  f.i.s.r.p.i.ProjectInspector - GatherTestInformationBuggyBuildCandidate..............NOT RUN         
20:11:53.566 [main] INFO  f.i.s.r.p.i.ProjectInspector - InitRepoToPush........................................NOT RUN         
20:11:53.566 [main] INFO  f.i.s.r.p.i.ProjectInspector - ComputeClasspath......................................NOT RUN         
20:11:53.566 [main] INFO  f.i.s.r.p.i.ProjectInspector - ComputeModules........................................NOT RUN         
20:11:53.566 [main] INFO  f.i.s.r.p.i.ProjectInspector - CheckoutPatchedBuildCandidate.........................NOT RUN         
20:11:53.566 [main] INFO  f.i.s.r.p.i.ProjectInspector - BuildProjectPatchedBuildCandidate.....................NOT RUN         
20:11:53.567 [main] INFO  f.i.s.r.p.i.ProjectInspector - TestProjectPatchedBuildCandidate......................NOT RUN         
20:11:53.567 [main] INFO  f.i.s.r.p.i.ProjectInspector - GatherTestInformationPatchedBuildCandidate............NOT RUN         
20:11:53.567 [main] INFO  f.i.s.r.p.i.ProjectInspector - CommitPatch...........................................NOT RUN         
20:11:53.567 [main] INFO  f.i.s.r.p.i.ProjectInspector - WritePropertyFile.....................................NOT RUN         
20:11:53.567 [main] INFO  f.i.s.r.p.i.ProjectInspector - CommitProcessEnd......................................NOT RUN         
20:11:53.567 [main] INFO  f.i.s.r.p.i.ProjectInspector - PushProcessEnd........................................NOT RUN         
20:11:53.567 [main] INFO  f.i.s.r.p.i.ProjectInspector - ----------------------------------------------------------------------
20:11:53.568 [main] INFO  f.i.s.r.p.i.ProjectInspector - PIPELINE FINDING: BUILDNOTCHECKEDOUT
20:11:53.568 [main] INFO  f.i.s.r.p.i.ProjectInspector - ----------------------------------------------------------------------
20:11:53.568 [main] INFO  f.i.s.repairnator.pipeline.Launcher - Inspector is finished. The process will exit now.
