12:08:59.303 [main] INFO  f.i.s.repairnator.pipeline.Launcher - PIPELINE VERSION: 3.0-2018-08-09 19:04
12:08:59.438 [main] INFO  f.i.s.repairnator.pipeline.Launcher - The pipeline will try to reproduce a bug from build 335145142 and its corresponding patch from build 335172501
12:08:59.438 [main] INFO  f.i.s.repairnator.pipeline.Launcher - Initialize file serializer engines.
12:08:59.440 [main] INFO  f.i.s.repairnator.pipeline.Launcher - MongoDB won't be used for serialization.
12:08:59.440 [main] INFO  f.i.s.repairnator.pipeline.Launcher - The email notifier engine won't be used.
12:08:59.443 [main] INFO  f.i.s.repairnator.pipeline.Launcher - Start by getting the build (buildId: 335145142) with the following config: RepairnatorConfig{runId='d3f42f02-1b81-4352-bd2f-1d26a43f6972_01-18-week4-FAILING_AND_PASSING', launcherMode=BEARS, serializeJson=true, inputPath='null', outputPath='/var/log', mongodbHost='null', mongodbName='repairnator', smtpServer='null', notifyTo=[], notifyEndProcess=false, push=true, pushRemoteRepo='https://github.com/fermadeiral/bears-collection-fp', fork=false, lookFromDate=null, lookToDate=null, buildId=335145142, z3solverPath='./z3_for_linux', workspacePath='./workspace', githubToken='c8a341a903[...]', dockerImageName='null', skipDelete=false, createOutputDir=false, logDirectory='null', nbThreads=0, globalTimeout=0, whiteList=null, blackList=null, jobSleepTime=0, buildSleepTime=0, maxInspectedBuilds=0, duration=null, humanPatch=false, repository='null', clean=true, bearsMode=BOTH, bearsDelimiter = false, repairTools=NopolAllTests,NPEFix,AssertFixer,AstorJGenProg,AstorJKali,NopolSingleTest,AstorJMut,NopolTestExclusionStrategy, githubUserName= fermadeiral, githubUserEmail=fer.madeiral@gmail.com}
12:09:00.806 [main] DEBUG fr.inria.jtravis.helpers.BuildHelper - Get request to :https://api.travis-ci.org/build/335145142 done after 854 ms
12:09:01.058 [main] DEBUG fr.inria.jtravis.helpers.BuildHelper - Get request to :https://api.travis-ci.org/build/335172501 done after 154 ms
12:09:01.077 [main] INFO  f.i.s.repairnator.pipeline.Launcher - The patched build (335172501) was successfully retrieved from Travis.
12:09:02.176 [main] INFO  fr.inria.jtravis.JTravis - GitHub ratelimit: Limit: 5000 Remaining: 4814 Reset hour: 19:19:22
12:09:02.573 [main] INFO  f.i.s.r.p.i.ProjectInspector - ----------------------------------------------------------------------
12:09:02.573 [main] INFO  f.i.s.r.p.i.ProjectInspector - PIPELINE STEPS
12:09:02.574 [main] INFO  f.i.s.r.p.i.ProjectInspector - ----------------------------------------------------------------------
12:09:02.574 [main] INFO  f.i.s.r.p.i.ProjectInspector - CloneRepository
12:09:02.574 [main] INFO  f.i.s.r.p.i.ProjectInspector - CheckoutBuggyBuildCandidate
12:09:02.574 [main] INFO  f.i.s.r.p.i.ProjectInspector - ComputeSourceDir
12:09:02.574 [main] INFO  f.i.s.r.p.i.ProjectInspector - ComputeTestDir
12:09:02.574 [main] INFO  f.i.s.r.p.i.ProjectInspector - BuildProjectBuggyBuildCandidate
12:09:02.574 [main] INFO  f.i.s.r.p.i.ProjectInspector - TestProjectBuggyBuildCandidate
12:09:02.575 [main] INFO  f.i.s.r.p.i.ProjectInspector - GatherTestInformationBuggyBuildCandidate
12:09:02.575 [main] INFO  f.i.s.r.p.i.ProjectInspector - InitRepoToPush
12:09:02.575 [main] INFO  f.i.s.r.p.i.ProjectInspector - ComputeClasspath
12:09:02.575 [main] INFO  f.i.s.r.p.i.ProjectInspector - ComputeModules
12:09:02.575 [main] INFO  f.i.s.r.p.i.ProjectInspector - CheckoutPatchedBuildCandidate
12:09:02.575 [main] INFO  f.i.s.r.p.i.ProjectInspector - BuildProjectPatchedBuildCandidate
12:09:02.576 [main] INFO  f.i.s.r.p.i.ProjectInspector - TestProjectPatchedBuildCandidate
12:09:02.576 [main] INFO  f.i.s.r.p.i.ProjectInspector - GatherTestInformationPatchedBuildCandidate
12:09:02.576 [main] INFO  f.i.s.r.p.i.ProjectInspector - CommitPatch
12:09:02.576 [main] INFO  f.i.s.r.p.i.ProjectInspector - WritePropertyFile
12:09:02.576 [main] INFO  f.i.s.r.p.i.ProjectInspector - CommitProcessEnd
12:09:02.576 [main] INFO  f.i.s.r.p.i.ProjectInspector - PushProcessEnd
12:09:02.577 [main] DEBUG f.i.s.r.process.step.CloneRepository - ----------------------------------------------------------------------
12:09:02.577 [main] DEBUG f.i.s.r.process.step.CloneRepository - STEP 1/18: CloneRepository
12:09:02.577 [main] DEBUG f.i.s.r.process.step.CloneRepository - ----------------------------------------------------------------------
12:09:02.578 [main] DEBUG f.i.s.r.process.step.CloneRepository - Cloning repository prestodb/presto in the following directory: ./workspace/prestodb/presto/335145142
12:09:46.942 [main] DEBUG f.i.s.r.process.step.CloneRepository - STEP STATUS: [ CloneRepository : SUCCESS ]
12:09:46.942 [main] DEBUG f.i.s.r.process.step.CloneRepository - STEP DURATION: 44s
12:09:46.943 [main] DEBUG f.i.s.r.process.step.CloneRepository - EXECUTE NEXT STEP
12:09:46.943 [main] DEBUG f.i.s.r.p.s.c.CheckoutBuggyBuild - ----------------------------------------------------------------------
12:09:46.944 [main] DEBUG f.i.s.r.p.s.c.CheckoutBuggyBuild - STEP 2/18: CheckoutBuggyBuildCandidate
12:09:46.944 [main] DEBUG f.i.s.r.p.s.c.CheckoutBuggyBuild - ----------------------------------------------------------------------
12:09:46.944 [main] DEBUG f.i.s.r.p.s.c.CheckoutBuggyBuild - Checking out buggy build candidate...
12:09:47.305 [main] INFO  fr.inria.jtravis.JTravis - GitHub ratelimit: Limit: 5000 Remaining: 4813 Reset hour: 19:19:22
12:09:50.003 [main] DEBUG f.i.s.r.p.s.c.CheckoutBuggyBuild - Reproduce the PR for prestodb/presto by fetching remote branch and merging.
12:09:54.491 [main] ERROR f.i.s.r.p.s.c.CheckoutBuggyBuild - Error while testing commit: org.eclipse.jgit.errors.MissingObjectException: Missing unknown 4312d3a1d2dca53c92b1d76ddd007c9207775b6c
12:09:54.493 [main] ERROR f.i.s.r.p.s.c.CheckoutBuggyBuild - Commit head ref cannot be retrieved from the repository: 4312d3a1d2dca53c92b1d76ddd007c9207775b6c. Operation aborted.
12:09:54.493 [main] ERROR f.i.s.r.p.s.c.CheckoutBuggyBuild - Error while merging two commits to reproduce the PR.
12:09:54.494 [main] DEBUG f.i.s.r.p.s.c.CheckoutBuggyBuild - STEP STATUS: [ CheckoutBuggyBuildCandidate : FAILURE ( BUILDNOTCHECKEDOUT ) ]
12:09:54.494 [main] DEBUG f.i.s.r.p.s.c.CheckoutBuggyBuild - STEP DURATION: 7s
12:09:54.494 [main] DEBUG f.i.s.r.p.s.c.CheckoutBuggyBuild - TERMINATE PIPELINE
12:09:54.495 [main] DEBUG f.i.s.r.p.s.c.CheckoutBuggyBuild - FINAL STEPS SKIPPED: The reproduction of the bug and/or the patch failed.
12:09:54.495 [main] INFO  f.i.s.r.p.s.c.CheckoutBuggyBuild - Serialize all data for the pair of builds 335145142, 335172501
12:09:54.613 [main] INFO  fr.inria.jtravis.JTravis - GitHub ratelimit: Limit: 5000 Remaining: 4806 Reset hour: 19:19:22
12:09:56.001 [main] INFO  f.i.s.r.p.i.ProjectInspector - ----------------------------------------------------------------------
12:09:56.001 [main] INFO  f.i.s.r.p.i.ProjectInspector - PIPELINE EXECUTION SUMMARY
12:09:56.001 [main] INFO  f.i.s.r.p.i.ProjectInspector - ----------------------------------------------------------------------
12:09:56.001 [main] INFO  f.i.s.r.p.i.ProjectInspector - CloneRepository.......................................SUCCESS [ 44 s ]
12:09:56.010 [main] INFO  f.i.s.r.p.i.ProjectInspector - CheckoutBuggyBuildCandidate...........................FAILURE [  7 s ]
12:09:56.010 [main] INFO  f.i.s.r.p.i.ProjectInspector - ComputeSourceDir......................................NOT RUN         
12:09:56.011 [main] INFO  f.i.s.r.p.i.ProjectInspector - ComputeTestDir........................................NOT RUN         
12:09:56.011 [main] INFO  f.i.s.r.p.i.ProjectInspector - BuildProjectBuggyBuildCandidate.......................NOT RUN         
12:09:56.011 [main] INFO  f.i.s.r.p.i.ProjectInspector - TestProjectBuggyBuildCandidate........................NOT RUN         
12:09:56.011 [main] INFO  f.i.s.r.p.i.ProjectInspector - GatherTestInformationBuggyBuildCandidate..............NOT RUN         
12:09:56.012 [main] INFO  f.i.s.r.p.i.ProjectInspector - InitRepoToPush........................................NOT RUN         
12:09:56.012 [main] INFO  f.i.s.r.p.i.ProjectInspector - ComputeClasspath......................................NOT RUN         
12:09:56.012 [main] INFO  f.i.s.r.p.i.ProjectInspector - ComputeModules........................................NOT RUN         
12:09:56.012 [main] INFO  f.i.s.r.p.i.ProjectInspector - CheckoutPatchedBuildCandidate.........................NOT RUN         
12:09:56.013 [main] INFO  f.i.s.r.p.i.ProjectInspector - BuildProjectPatchedBuildCandidate.....................NOT RUN         
12:09:56.013 [main] INFO  f.i.s.r.p.i.ProjectInspector - TestProjectPatchedBuildCandidate......................NOT RUN         
12:09:56.029 [main] INFO  f.i.s.r.p.i.ProjectInspector - GatherTestInformationPatchedBuildCandidate............NOT RUN         
12:09:56.030 [main] INFO  f.i.s.r.p.i.ProjectInspector - CommitPatch...........................................NOT RUN         
12:09:56.031 [main] INFO  f.i.s.r.p.i.ProjectInspector - WritePropertyFile.....................................NOT RUN         
12:09:56.031 [main] INFO  f.i.s.r.p.i.ProjectInspector - CommitProcessEnd......................................NOT RUN         
12:09:56.031 [main] INFO  f.i.s.r.p.i.ProjectInspector - PushProcessEnd........................................NOT RUN         
12:09:56.032 [main] INFO  f.i.s.r.p.i.ProjectInspector - ----------------------------------------------------------------------
12:09:56.032 [main] INFO  f.i.s.r.p.i.ProjectInspector - PIPELINE FINDING: BUILDNOTCHECKEDOUT
12:09:56.032 [main] INFO  f.i.s.r.p.i.ProjectInspector - ----------------------------------------------------------------------
12:09:56.032 [main] INFO  f.i.s.repairnator.pipeline.Launcher - Inspector is finished. The process will exit now.
