17:49:50.173 [main] INFO  f.i.s.repairnator.pipeline.Launcher - PIPELINE VERSION: 3.0-2018-08-09 19:04
17:49:50.319 [main] INFO  f.i.s.repairnator.pipeline.Launcher - The pipeline will try to reproduce a bug from build 335562775 and its corresponding patch from build 335568481
17:49:50.320 [main] INFO  f.i.s.repairnator.pipeline.Launcher - Initialize file serializer engines.
17:49:50.322 [main] INFO  f.i.s.repairnator.pipeline.Launcher - MongoDB won't be used for serialization.
17:49:50.322 [main] INFO  f.i.s.repairnator.pipeline.Launcher - The email notifier engine won't be used.
17:49:50.325 [main] INFO  f.i.s.repairnator.pipeline.Launcher - Start by getting the build (buildId: 335562775) with the following config: RepairnatorConfig{runId='d3f42f02-1b81-4352-bd2f-1d26a43f6972_01-18-week4-FAILING_AND_PASSING', launcherMode=BEARS, serializeJson=true, inputPath='null', outputPath='/var/log', mongodbHost='null', mongodbName='repairnator', smtpServer='null', notifyTo=[], notifyEndProcess=false, push=true, pushRemoteRepo='https://github.com/fermadeiral/bears-collection-fp', fork=false, lookFromDate=null, lookToDate=null, buildId=335562775, z3solverPath='./z3_for_linux', workspacePath='./workspace', githubToken='c8a341a903[...]', dockerImageName='null', skipDelete=false, createOutputDir=false, logDirectory='null', nbThreads=0, globalTimeout=0, whiteList=null, blackList=null, jobSleepTime=0, buildSleepTime=0, maxInspectedBuilds=0, duration=null, humanPatch=false, repository='null', clean=true, bearsMode=BOTH, bearsDelimiter = false, repairTools=NopolAllTests,NPEFix,AssertFixer,AstorJGenProg,AstorJKali,NopolSingleTest,AstorJMut,NopolTestExclusionStrategy, githubUserName= fermadeiral, githubUserEmail=fer.madeiral@gmail.com}
17:49:51.616 [main] DEBUG fr.inria.jtravis.helpers.BuildHelper - Get request to :https://api.travis-ci.org/build/335562775 done after 814 ms
17:49:51.839 [main] DEBUG fr.inria.jtravis.helpers.BuildHelper - Get request to :https://api.travis-ci.org/build/335568481 done after 137 ms
17:49:51.851 [main] INFO  f.i.s.repairnator.pipeline.Launcher - The patched build (335568481) was successfully retrieved from Travis.
17:49:52.961 [main] INFO  fr.inria.jtravis.JTravis - GitHub ratelimit: Limit: 5000 Remaining: 4889 Reset hour: 19:19:43
17:49:53.214 [main] INFO  f.i.s.r.p.i.ProjectInspector - ----------------------------------------------------------------------
17:49:53.214 [main] INFO  f.i.s.r.p.i.ProjectInspector - PIPELINE STEPS
17:49:53.214 [main] INFO  f.i.s.r.p.i.ProjectInspector - ----------------------------------------------------------------------
17:49:53.214 [main] INFO  f.i.s.r.p.i.ProjectInspector - CloneRepository
17:49:53.215 [main] INFO  f.i.s.r.p.i.ProjectInspector - CheckoutBuggyBuildCandidate
17:49:53.215 [main] INFO  f.i.s.r.p.i.ProjectInspector - ComputeSourceDir
17:49:53.215 [main] INFO  f.i.s.r.p.i.ProjectInspector - ComputeTestDir
17:49:53.215 [main] INFO  f.i.s.r.p.i.ProjectInspector - BuildProjectBuggyBuildCandidate
17:49:53.215 [main] INFO  f.i.s.r.p.i.ProjectInspector - TestProjectBuggyBuildCandidate
17:49:53.216 [main] INFO  f.i.s.r.p.i.ProjectInspector - GatherTestInformationBuggyBuildCandidate
17:49:53.216 [main] INFO  f.i.s.r.p.i.ProjectInspector - InitRepoToPush
17:49:53.216 [main] INFO  f.i.s.r.p.i.ProjectInspector - ComputeClasspath
17:49:53.216 [main] INFO  f.i.s.r.p.i.ProjectInspector - ComputeModules
17:49:53.216 [main] INFO  f.i.s.r.p.i.ProjectInspector - CheckoutPatchedBuildCandidate
17:49:53.216 [main] INFO  f.i.s.r.p.i.ProjectInspector - BuildProjectPatchedBuildCandidate
17:49:53.217 [main] INFO  f.i.s.r.p.i.ProjectInspector - TestProjectPatchedBuildCandidate
17:49:53.217 [main] INFO  f.i.s.r.p.i.ProjectInspector - GatherTestInformationPatchedBuildCandidate
17:49:53.217 [main] INFO  f.i.s.r.p.i.ProjectInspector - CommitPatch
17:49:53.217 [main] INFO  f.i.s.r.p.i.ProjectInspector - WritePropertyFile
17:49:53.218 [main] INFO  f.i.s.r.p.i.ProjectInspector - CommitProcessEnd
17:49:53.218 [main] INFO  f.i.s.r.p.i.ProjectInspector - PushProcessEnd
17:49:53.218 [main] DEBUG f.i.s.r.process.step.CloneRepository - ----------------------------------------------------------------------
17:49:53.219 [main] DEBUG f.i.s.r.process.step.CloneRepository - STEP 1/18: CloneRepository
17:49:53.219 [main] DEBUG f.i.s.r.process.step.CloneRepository - ----------------------------------------------------------------------
17:49:53.220 [main] DEBUG f.i.s.r.process.step.CloneRepository - Cloning repository runelite/runelite in the following directory: ./workspace/runelite/runelite/335562775
17:50:03.820 [main] DEBUG f.i.s.r.process.step.CloneRepository - STEP STATUS: [ CloneRepository : SUCCESS ]
17:50:03.821 [main] DEBUG f.i.s.r.process.step.CloneRepository - STEP DURATION: 10s
17:50:03.821 [main] DEBUG f.i.s.r.process.step.CloneRepository - EXECUTE NEXT STEP
17:50:03.821 [main] DEBUG f.i.s.r.p.s.c.CheckoutBuggyBuild - ----------------------------------------------------------------------
17:50:03.822 [main] DEBUG f.i.s.r.p.s.c.CheckoutBuggyBuild - STEP 2/18: CheckoutBuggyBuildCandidate
17:50:03.822 [main] DEBUG f.i.s.r.p.s.c.CheckoutBuggyBuild - ----------------------------------------------------------------------
17:50:03.822 [main] DEBUG f.i.s.r.p.s.c.CheckoutBuggyBuild - Checking out buggy build candidate...
17:50:04.169 [main] INFO  fr.inria.jtravis.JTravis - GitHub ratelimit: Limit: 5000 Remaining: 4888 Reset hour: 19:19:43
17:50:04.582 [main] WARN  f.i.j.helpers.PullRequestHelper - The head repository is null: maybe it has been deleted from GitHub
17:50:04.583 [main] ERROR f.i.s.r.p.s.c.CheckoutBuggyBuild - Error while getting PR information.
17:50:04.585 [main] DEBUG f.i.s.r.p.s.c.CheckoutBuggyBuild - STEP STATUS: [ CheckoutBuggyBuildCandidate : FAILURE ( BUILDNOTCHECKEDOUT ) ]
17:50:04.586 [main] DEBUG f.i.s.r.p.s.c.CheckoutBuggyBuild - STEP DURATION: 0s
17:50:04.586 [main] DEBUG f.i.s.r.p.s.c.CheckoutBuggyBuild - TERMINATE PIPELINE
17:50:04.587 [main] DEBUG f.i.s.r.p.s.c.CheckoutBuggyBuild - FINAL STEPS SKIPPED: The reproduction of the bug and/or the patch failed.
17:50:04.587 [main] INFO  f.i.s.r.p.s.c.CheckoutBuggyBuild - Serialize all data for the pair of builds 335562775, 335568481
17:50:04.710 [main] INFO  fr.inria.jtravis.JTravis - GitHub ratelimit: Limit: 5000 Remaining: 4886 Reset hour: 19:19:43
17:50:05.654 [main] INFO  f.i.s.r.p.i.ProjectInspector - ----------------------------------------------------------------------
17:50:05.654 [main] INFO  f.i.s.r.p.i.ProjectInspector - PIPELINE EXECUTION SUMMARY
17:50:05.654 [main] INFO  f.i.s.r.p.i.ProjectInspector - ----------------------------------------------------------------------
17:50:05.655 [main] INFO  f.i.s.r.p.i.ProjectInspector - CloneRepository.......................................SUCCESS [ 10 s ]
17:50:05.655 [main] INFO  f.i.s.r.p.i.ProjectInspector - CheckoutBuggyBuildCandidate...........................FAILURE [  0 s ]
17:50:05.655 [main] INFO  f.i.s.r.p.i.ProjectInspector - ComputeSourceDir......................................NOT RUN         
17:50:05.656 [main] INFO  f.i.s.r.p.i.ProjectInspector - ComputeTestDir........................................NOT RUN         
17:50:05.656 [main] INFO  f.i.s.r.p.i.ProjectInspector - BuildProjectBuggyBuildCandidate.......................NOT RUN         
17:50:05.656 [main] INFO  f.i.s.r.p.i.ProjectInspector - TestProjectBuggyBuildCandidate........................NOT RUN         
17:50:05.656 [main] INFO  f.i.s.r.p.i.ProjectInspector - GatherTestInformationBuggyBuildCandidate..............NOT RUN         
17:50:05.657 [main] INFO  f.i.s.r.p.i.ProjectInspector - InitRepoToPush........................................NOT RUN         
17:50:05.657 [main] INFO  f.i.s.r.p.i.ProjectInspector - ComputeClasspath......................................NOT RUN         
17:50:05.657 [main] INFO  f.i.s.r.p.i.ProjectInspector - ComputeModules........................................NOT RUN         
17:50:05.657 [main] INFO  f.i.s.r.p.i.ProjectInspector - CheckoutPatchedBuildCandidate.........................NOT RUN         
17:50:05.658 [main] INFO  f.i.s.r.p.i.ProjectInspector - BuildProjectPatchedBuildCandidate.....................NOT RUN         
17:50:05.658 [main] INFO  f.i.s.r.p.i.ProjectInspector - TestProjectPatchedBuildCandidate......................NOT RUN         
17:50:05.658 [main] INFO  f.i.s.r.p.i.ProjectInspector - GatherTestInformationPatchedBuildCandidate............NOT RUN         
17:50:05.658 [main] INFO  f.i.s.r.p.i.ProjectInspector - CommitPatch...........................................NOT RUN         
17:50:05.664 [main] INFO  f.i.s.r.p.i.ProjectInspector - WritePropertyFile.....................................NOT RUN         
17:50:05.664 [main] INFO  f.i.s.r.p.i.ProjectInspector - CommitProcessEnd......................................NOT RUN         
17:50:05.664 [main] INFO  f.i.s.r.p.i.ProjectInspector - PushProcessEnd........................................NOT RUN         
17:50:05.665 [main] INFO  f.i.s.r.p.i.ProjectInspector - ----------------------------------------------------------------------
17:50:05.665 [main] INFO  f.i.s.r.p.i.ProjectInspector - PIPELINE FINDING: BUILDNOTCHECKEDOUT
17:50:05.666 [main] INFO  f.i.s.r.p.i.ProjectInspector - ----------------------------------------------------------------------
17:50:05.666 [main] INFO  f.i.s.repairnator.pipeline.Launcher - Inspector is finished. The process will exit now.
