01:06:28.256 [main] INFO  f.i.s.repairnator.pipeline.Launcher - PIPELINE VERSION: 3.0-2018-08-09 19:04
01:06:28.402 [main] INFO  f.i.s.repairnator.pipeline.Launcher - The pipeline will try to reproduce a bug from build 359478046 and its corresponding patch from build 359483445
01:06:28.403 [main] INFO  f.i.s.repairnator.pipeline.Launcher - Initialize file serializer engines.
01:06:28.405 [main] INFO  f.i.s.repairnator.pipeline.Launcher - MongoDB won't be used for serialization.
01:06:28.405 [main] INFO  f.i.s.repairnator.pipeline.Launcher - The email notifier engine won't be used.
01:06:28.408 [main] INFO  f.i.s.repairnator.pipeline.Launcher - Start by getting the build (buildId: 359478046) with the following config: RepairnatorConfig{runId='0405ecd4-9481-4478-9e28-81d16ab7329f_03-18-week4-FAILING_AND_PASSING', launcherMode=BEARS, serializeJson=true, inputPath='null', outputPath='/var/log', mongodbHost='null', mongodbName='repairnator', smtpServer='null', notifyTo=[], notifyEndProcess=false, push=true, pushRemoteRepo='https://github.com/fermadeiral/bears-collection-fp', fork=false, lookFromDate=null, lookToDate=null, buildId=359478046, z3solverPath='./z3_for_linux', workspacePath='./workspace', githubToken='c8a341a903[...]', dockerImageName='null', skipDelete=false, createOutputDir=false, logDirectory='null', nbThreads=0, globalTimeout=0, whiteList=null, blackList=null, jobSleepTime=0, buildSleepTime=0, maxInspectedBuilds=0, duration=null, humanPatch=false, repository='null', clean=true, bearsMode=BOTH, bearsDelimiter = false, repairTools=NopolAllTests,NPEFix,AssertFixer,AstorJGenProg,AstorJKali,NopolSingleTest,AstorJMut,NopolTestExclusionStrategy, githubUserName= fermadeiral, githubUserEmail=fer.madeiral@gmail.com}
01:06:29.889 [main] DEBUG fr.inria.jtravis.helpers.BuildHelper - Get request to :https://api.travis-ci.org/build/359478046 done after 891 ms
01:06:30.116 [main] DEBUG fr.inria.jtravis.helpers.BuildHelper - Get request to :https://api.travis-ci.org/build/359483445 done after 131 ms
01:06:30.132 [main] INFO  f.i.s.repairnator.pipeline.Launcher - The patched build (359483445) was successfully retrieved from Travis.
01:06:31.189 [main] INFO  fr.inria.jtravis.JTravis - GitHub ratelimit: Limit: 5000 Remaining: 4757 Reset hour: 19:34:32
01:06:31.439 [main] INFO  f.i.s.r.p.i.ProjectInspector - ----------------------------------------------------------------------
01:06:31.439 [main] INFO  f.i.s.r.p.i.ProjectInspector - PIPELINE STEPS
01:06:31.439 [main] INFO  f.i.s.r.p.i.ProjectInspector - ----------------------------------------------------------------------
01:06:31.439 [main] INFO  f.i.s.r.p.i.ProjectInspector - CloneRepository
01:06:31.440 [main] INFO  f.i.s.r.p.i.ProjectInspector - CheckoutBuggyBuildCandidate
01:06:31.440 [main] INFO  f.i.s.r.p.i.ProjectInspector - ComputeSourceDir
01:06:31.440 [main] INFO  f.i.s.r.p.i.ProjectInspector - ComputeTestDir
01:06:31.440 [main] INFO  f.i.s.r.p.i.ProjectInspector - BuildProjectBuggyBuildCandidate
01:06:31.440 [main] INFO  f.i.s.r.p.i.ProjectInspector - TestProjectBuggyBuildCandidate
01:06:31.440 [main] INFO  f.i.s.r.p.i.ProjectInspector - GatherTestInformationBuggyBuildCandidate
01:06:31.440 [main] INFO  f.i.s.r.p.i.ProjectInspector - InitRepoToPush
01:06:31.441 [main] INFO  f.i.s.r.p.i.ProjectInspector - ComputeClasspath
01:06:31.441 [main] INFO  f.i.s.r.p.i.ProjectInspector - ComputeModules
01:06:31.441 [main] INFO  f.i.s.r.p.i.ProjectInspector - CheckoutPatchedBuildCandidate
01:06:31.441 [main] INFO  f.i.s.r.p.i.ProjectInspector - BuildProjectPatchedBuildCandidate
01:06:31.441 [main] INFO  f.i.s.r.p.i.ProjectInspector - TestProjectPatchedBuildCandidate
01:06:31.441 [main] INFO  f.i.s.r.p.i.ProjectInspector - GatherTestInformationPatchedBuildCandidate
01:06:31.441 [main] INFO  f.i.s.r.p.i.ProjectInspector - CommitPatch
01:06:31.441 [main] INFO  f.i.s.r.p.i.ProjectInspector - WritePropertyFile
01:06:31.441 [main] INFO  f.i.s.r.p.i.ProjectInspector - CommitProcessEnd
01:06:31.442 [main] INFO  f.i.s.r.p.i.ProjectInspector - PushProcessEnd
01:06:31.442 [main] DEBUG f.i.s.r.process.step.CloneRepository - ----------------------------------------------------------------------
01:06:31.452 [main] DEBUG f.i.s.r.process.step.CloneRepository - STEP 1/18: CloneRepository
01:06:31.453 [main] DEBUG f.i.s.r.process.step.CloneRepository - ----------------------------------------------------------------------
01:06:31.453 [main] DEBUG f.i.s.r.process.step.CloneRepository - Cloning repository runelite/runelite in the following directory: ./workspace/runelite/runelite/359478046
01:06:41.894 [main] DEBUG f.i.s.r.process.step.CloneRepository - STEP STATUS: [ CloneRepository : SUCCESS ]
01:06:41.902 [main] DEBUG f.i.s.r.process.step.CloneRepository - STEP DURATION: 10s
01:06:41.902 [main] DEBUG f.i.s.r.process.step.CloneRepository - EXECUTE NEXT STEP
01:06:41.903 [main] DEBUG f.i.s.r.p.s.c.CheckoutBuggyBuild - ----------------------------------------------------------------------
01:06:41.903 [main] DEBUG f.i.s.r.p.s.c.CheckoutBuggyBuild - STEP 2/18: CheckoutBuggyBuildCandidate
01:06:41.903 [main] DEBUG f.i.s.r.p.s.c.CheckoutBuggyBuild - ----------------------------------------------------------------------
01:06:41.903 [main] DEBUG f.i.s.r.p.s.c.CheckoutBuggyBuild - Checking out buggy build candidate...
01:06:42.237 [main] INFO  fr.inria.jtravis.JTravis - GitHub ratelimit: Limit: 5000 Remaining: 4754 Reset hour: 19:34:32
01:06:42.761 [main] WARN  f.i.j.helpers.PullRequestHelper - The head repository is null: maybe it has been deleted from GitHub
01:06:42.761 [main] ERROR f.i.s.r.p.s.c.CheckoutBuggyBuild - Error while getting PR information.
01:06:42.763 [main] DEBUG f.i.s.r.p.s.c.CheckoutBuggyBuild - STEP STATUS: [ CheckoutBuggyBuildCandidate : FAILURE ( BUILDNOTCHECKEDOUT ) ]
01:06:42.763 [main] DEBUG f.i.s.r.p.s.c.CheckoutBuggyBuild - STEP DURATION: 0s
01:06:42.763 [main] DEBUG f.i.s.r.p.s.c.CheckoutBuggyBuild - TERMINATE PIPELINE
01:06:42.763 [main] DEBUG f.i.s.r.p.s.c.CheckoutBuggyBuild - FINAL STEPS SKIPPED: The reproduction of the bug and/or the patch failed.
01:06:42.764 [main] INFO  f.i.s.r.p.s.c.CheckoutBuggyBuild - Serialize all data for the pair of builds 359478046, 359483445
01:06:42.888 [main] INFO  fr.inria.jtravis.JTravis - GitHub ratelimit: Limit: 5000 Remaining: 4750 Reset hour: 19:34:32
01:06:43.614 [main] INFO  f.i.s.r.p.i.ProjectInspector - ----------------------------------------------------------------------
01:06:43.614 [main] INFO  f.i.s.r.p.i.ProjectInspector - PIPELINE EXECUTION SUMMARY
01:06:43.614 [main] INFO  f.i.s.r.p.i.ProjectInspector - ----------------------------------------------------------------------
01:06:43.614 [main] INFO  f.i.s.r.p.i.ProjectInspector - CloneRepository.......................................SUCCESS [ 10 s ]
01:06:43.614 [main] INFO  f.i.s.r.p.i.ProjectInspector - CheckoutBuggyBuildCandidate...........................FAILURE [  0 s ]
01:06:43.615 [main] INFO  f.i.s.r.p.i.ProjectInspector - ComputeSourceDir......................................NOT RUN         
01:06:43.615 [main] INFO  f.i.s.r.p.i.ProjectInspector - ComputeTestDir........................................NOT RUN         
01:06:43.615 [main] INFO  f.i.s.r.p.i.ProjectInspector - BuildProjectBuggyBuildCandidate.......................NOT RUN         
01:06:43.615 [main] INFO  f.i.s.r.p.i.ProjectInspector - TestProjectBuggyBuildCandidate........................NOT RUN         
01:06:43.615 [main] INFO  f.i.s.r.p.i.ProjectInspector - GatherTestInformationBuggyBuildCandidate..............NOT RUN         
01:06:43.615 [main] INFO  f.i.s.r.p.i.ProjectInspector - InitRepoToPush........................................NOT RUN         
01:06:43.615 [main] INFO  f.i.s.r.p.i.ProjectInspector - ComputeClasspath......................................NOT RUN         
01:06:43.616 [main] INFO  f.i.s.r.p.i.ProjectInspector - ComputeModules........................................NOT RUN         
01:06:43.616 [main] INFO  f.i.s.r.p.i.ProjectInspector - CheckoutPatchedBuildCandidate.........................NOT RUN         
01:06:43.616 [main] INFO  f.i.s.r.p.i.ProjectInspector - BuildProjectPatchedBuildCandidate.....................NOT RUN         
01:06:43.616 [main] INFO  f.i.s.r.p.i.ProjectInspector - TestProjectPatchedBuildCandidate......................NOT RUN         
01:06:43.616 [main] INFO  f.i.s.r.p.i.ProjectInspector - GatherTestInformationPatchedBuildCandidate............NOT RUN         
01:06:43.616 [main] INFO  f.i.s.r.p.i.ProjectInspector - CommitPatch...........................................NOT RUN         
01:06:43.616 [main] INFO  f.i.s.r.p.i.ProjectInspector - WritePropertyFile.....................................NOT RUN         
01:06:43.616 [main] INFO  f.i.s.r.p.i.ProjectInspector - CommitProcessEnd......................................NOT RUN         
01:06:43.616 [main] INFO  f.i.s.r.p.i.ProjectInspector - PushProcessEnd........................................NOT RUN         
01:06:43.617 [main] INFO  f.i.s.r.p.i.ProjectInspector - ----------------------------------------------------------------------
01:06:43.617 [main] INFO  f.i.s.r.p.i.ProjectInspector - PIPELINE FINDING: BUILDNOTCHECKEDOUT
01:06:43.617 [main] INFO  f.i.s.r.p.i.ProjectInspector - ----------------------------------------------------------------------
01:06:43.617 [main] INFO  f.i.s.repairnator.pipeline.Launcher - Inspector is finished. The process will exit now.
