22:37:40.314 [main] INFO  f.i.s.repairnator.pipeline.Launcher - PIPELINE VERSION: 3.0-2018-08-09 19:04
22:37:40.423 [main] INFO  f.i.s.repairnator.pipeline.Launcher - The pipeline will try to reproduce a bug from build 358295596 and its corresponding patch from build 358324706
22:37:40.424 [main] INFO  f.i.s.repairnator.pipeline.Launcher - Initialize file serializer engines.
22:37:40.425 [main] INFO  f.i.s.repairnator.pipeline.Launcher - MongoDB won't be used for serialization.
22:37:40.426 [main] INFO  f.i.s.repairnator.pipeline.Launcher - The email notifier engine won't be used.
22:37:40.428 [main] INFO  f.i.s.repairnator.pipeline.Launcher - Start by getting the build (buildId: 358295596) with the following config: RepairnatorConfig{runId='0405ecd4-9481-4478-9e28-81d16ab7329f_03-18-week4-FAILING_AND_PASSING', launcherMode=BEARS, serializeJson=true, inputPath='null', outputPath='/var/log', mongodbHost='null', mongodbName='repairnator', smtpServer='null', notifyTo=[], notifyEndProcess=false, push=true, pushRemoteRepo='https://github.com/fermadeiral/bears-collection-fp', fork=false, lookFromDate=null, lookToDate=null, buildId=358295596, z3solverPath='./z3_for_linux', workspacePath='./workspace', githubToken='c8a341a903[...]', dockerImageName='null', skipDelete=false, createOutputDir=false, logDirectory='null', nbThreads=0, globalTimeout=0, whiteList=null, blackList=null, jobSleepTime=0, buildSleepTime=0, maxInspectedBuilds=0, duration=null, humanPatch=false, repository='null', clean=true, bearsMode=BOTH, bearsDelimiter = false, repairTools=NopolAllTests,NPEFix,AssertFixer,AstorJGenProg,AstorJKali,NopolSingleTest,AstorJMut,NopolTestExclusionStrategy, githubUserName= fermadeiral, githubUserEmail=fer.madeiral@gmail.com}
22:37:41.737 [main] DEBUG fr.inria.jtravis.helpers.BuildHelper - Get request to :https://api.travis-ci.org/build/358295596 done after 890 ms
22:37:42.023 [main] DEBUG fr.inria.jtravis.helpers.BuildHelper - Get request to :https://api.travis-ci.org/build/358324706 done after 129 ms
22:37:42.036 [main] INFO  f.i.s.repairnator.pipeline.Launcher - The patched build (358324706) was successfully retrieved from Travis.
22:37:43.244 [main] INFO  fr.inria.jtravis.JTravis - GitHub ratelimit: Limit: 5000 Remaining: 4809 Reset hour: 19:34:21
22:37:43.516 [main] INFO  f.i.s.r.p.i.ProjectInspector - ----------------------------------------------------------------------
22:37:43.516 [main] INFO  f.i.s.r.p.i.ProjectInspector - PIPELINE STEPS
22:37:43.516 [main] INFO  f.i.s.r.p.i.ProjectInspector - ----------------------------------------------------------------------
22:37:43.517 [main] INFO  f.i.s.r.p.i.ProjectInspector - CloneRepository
22:37:43.517 [main] INFO  f.i.s.r.p.i.ProjectInspector - CheckoutBuggyBuildCandidate
22:37:43.517 [main] INFO  f.i.s.r.p.i.ProjectInspector - ComputeSourceDir
22:37:43.517 [main] INFO  f.i.s.r.p.i.ProjectInspector - ComputeTestDir
22:37:43.518 [main] INFO  f.i.s.r.p.i.ProjectInspector - BuildProjectBuggyBuildCandidate
22:37:43.518 [main] INFO  f.i.s.r.p.i.ProjectInspector - TestProjectBuggyBuildCandidate
22:37:43.518 [main] INFO  f.i.s.r.p.i.ProjectInspector - GatherTestInformationBuggyBuildCandidate
22:37:43.518 [main] INFO  f.i.s.r.p.i.ProjectInspector - InitRepoToPush
22:37:43.519 [main] INFO  f.i.s.r.p.i.ProjectInspector - ComputeClasspath
22:37:43.519 [main] INFO  f.i.s.r.p.i.ProjectInspector - ComputeModules
22:37:43.519 [main] INFO  f.i.s.r.p.i.ProjectInspector - CheckoutPatchedBuildCandidate
22:37:43.519 [main] INFO  f.i.s.r.p.i.ProjectInspector - BuildProjectPatchedBuildCandidate
22:37:43.520 [main] INFO  f.i.s.r.p.i.ProjectInspector - TestProjectPatchedBuildCandidate
22:37:43.520 [main] INFO  f.i.s.r.p.i.ProjectInspector - GatherTestInformationPatchedBuildCandidate
22:37:43.520 [main] INFO  f.i.s.r.p.i.ProjectInspector - CommitPatch
22:37:43.520 [main] INFO  f.i.s.r.p.i.ProjectInspector - WritePropertyFile
22:37:43.521 [main] INFO  f.i.s.r.p.i.ProjectInspector - CommitProcessEnd
22:37:43.521 [main] INFO  f.i.s.r.p.i.ProjectInspector - PushProcessEnd
22:37:43.521 [main] DEBUG f.i.s.r.process.step.CloneRepository - ----------------------------------------------------------------------
22:37:43.522 [main] DEBUG f.i.s.r.process.step.CloneRepository - STEP 1/18: CloneRepository
22:37:43.522 [main] DEBUG f.i.s.r.process.step.CloneRepository - ----------------------------------------------------------------------
22:37:43.523 [main] DEBUG f.i.s.r.process.step.CloneRepository - Cloning repository thelastpickle/cassandra-reaper in the following directory: ./workspace/thelastpickle/cassandra-reaper/358295596
22:37:56.033 [main] DEBUG f.i.s.r.process.step.CloneRepository - STEP STATUS: [ CloneRepository : SUCCESS ]
22:37:56.038 [main] DEBUG f.i.s.r.process.step.CloneRepository - STEP DURATION: 12s
22:37:56.038 [main] DEBUG f.i.s.r.process.step.CloneRepository - EXECUTE NEXT STEP
22:37:56.038 [main] DEBUG f.i.s.r.p.s.c.CheckoutBuggyBuild - ----------------------------------------------------------------------
22:37:56.039 [main] DEBUG f.i.s.r.p.s.c.CheckoutBuggyBuild - STEP 2/18: CheckoutBuggyBuildCandidate
22:37:56.039 [main] DEBUG f.i.s.r.p.s.c.CheckoutBuggyBuild - ----------------------------------------------------------------------
22:37:56.039 [main] DEBUG f.i.s.r.p.s.c.CheckoutBuggyBuild - Checking out buggy build candidate...
22:37:56.048 [main] ERROR f.i.s.r.p.s.c.CheckoutBuggyBuild - Error while testing commit: org.eclipse.jgit.errors.MissingObjectException: Missing unknown d9fc913a4e1f38e29aed41908bb97b6a87ffac9e
22:37:56.049 [main] ERROR f.i.s.r.p.s.c.CheckoutBuggyBuild - Error while getting the commit to checkout from the repo.
22:37:56.050 [main] DEBUG f.i.s.r.p.s.c.CheckoutBuggyBuild - STEP STATUS: [ CheckoutBuggyBuildCandidate : FAILURE ( BUILDNOTCHECKEDOUT ) ]
22:37:56.050 [main] DEBUG f.i.s.r.p.s.c.CheckoutBuggyBuild - STEP DURATION: 0s
22:37:56.050 [main] DEBUG f.i.s.r.p.s.c.CheckoutBuggyBuild - TERMINATE PIPELINE
22:37:56.051 [main] DEBUG f.i.s.r.p.s.c.CheckoutBuggyBuild - FINAL STEPS SKIPPED: The reproduction of the bug and/or the patch failed.
22:37:56.051 [main] INFO  f.i.s.r.p.s.c.CheckoutBuggyBuild - Serialize all data for the pair of builds 358295596, 358324706
22:37:56.371 [main] INFO  fr.inria.jtravis.JTravis - GitHub ratelimit: Limit: 5000 Remaining: 4798 Reset hour: 19:34:21
22:37:56.904 [main] INFO  f.i.s.r.p.i.ProjectInspector - ----------------------------------------------------------------------
22:37:56.904 [main] INFO  f.i.s.r.p.i.ProjectInspector - PIPELINE EXECUTION SUMMARY
22:37:56.904 [main] INFO  f.i.s.r.p.i.ProjectInspector - ----------------------------------------------------------------------
22:37:56.904 [main] INFO  f.i.s.r.p.i.ProjectInspector - CloneRepository.......................................SUCCESS [ 12 s ]
22:37:56.904 [main] INFO  f.i.s.r.p.i.ProjectInspector - CheckoutBuggyBuildCandidate...........................FAILURE [  0 s ]
22:37:56.905 [main] INFO  f.i.s.r.p.i.ProjectInspector - ComputeSourceDir......................................NOT RUN         
22:37:56.905 [main] INFO  f.i.s.r.p.i.ProjectInspector - ComputeTestDir........................................NOT RUN         
22:37:56.905 [main] INFO  f.i.s.r.p.i.ProjectInspector - BuildProjectBuggyBuildCandidate.......................NOT RUN         
22:37:56.905 [main] INFO  f.i.s.r.p.i.ProjectInspector - TestProjectBuggyBuildCandidate........................NOT RUN         
22:37:56.905 [main] INFO  f.i.s.r.p.i.ProjectInspector - GatherTestInformationBuggyBuildCandidate..............NOT RUN         
22:37:56.905 [main] INFO  f.i.s.r.p.i.ProjectInspector - InitRepoToPush........................................NOT RUN         
22:37:56.905 [main] INFO  f.i.s.r.p.i.ProjectInspector - ComputeClasspath......................................NOT RUN         
22:37:56.906 [main] INFO  f.i.s.r.p.i.ProjectInspector - ComputeModules........................................NOT RUN         
22:37:56.906 [main] INFO  f.i.s.r.p.i.ProjectInspector - CheckoutPatchedBuildCandidate.........................NOT RUN         
22:37:56.906 [main] INFO  f.i.s.r.p.i.ProjectInspector - BuildProjectPatchedBuildCandidate.....................NOT RUN         
22:37:56.906 [main] INFO  f.i.s.r.p.i.ProjectInspector - TestProjectPatchedBuildCandidate......................NOT RUN         
22:37:56.906 [main] INFO  f.i.s.r.p.i.ProjectInspector - GatherTestInformationPatchedBuildCandidate............NOT RUN         
22:37:56.906 [main] INFO  f.i.s.r.p.i.ProjectInspector - CommitPatch...........................................NOT RUN         
22:37:56.906 [main] INFO  f.i.s.r.p.i.ProjectInspector - WritePropertyFile.....................................NOT RUN         
22:37:56.906 [main] INFO  f.i.s.r.p.i.ProjectInspector - CommitProcessEnd......................................NOT RUN         
22:37:56.907 [main] INFO  f.i.s.r.p.i.ProjectInspector - PushProcessEnd........................................NOT RUN         
22:37:56.907 [main] INFO  f.i.s.r.p.i.ProjectInspector - ----------------------------------------------------------------------
22:37:56.907 [main] INFO  f.i.s.r.p.i.ProjectInspector - PIPELINE FINDING: BUILDNOTCHECKEDOUT
22:37:56.907 [main] INFO  f.i.s.r.p.i.ProjectInspector - ----------------------------------------------------------------------
22:37:56.907 [main] INFO  f.i.s.repairnator.pipeline.Launcher - Inspector is finished. The process will exit now.
