00:37:05.565 [main] INFO  f.i.s.repairnator.pipeline.Launcher - PIPELINE VERSION: 3.0-2018-08-09 19:04
00:37:05.781 [main] INFO  f.i.s.repairnator.pipeline.Launcher - The pipeline will try to reproduce a bug from build 360365647 and its corresponding patch from build 360413778
00:37:05.782 [main] INFO  f.i.s.repairnator.pipeline.Launcher - Initialize file serializer engines.
00:37:05.784 [main] INFO  f.i.s.repairnator.pipeline.Launcher - MongoDB won't be used for serialization.
00:37:05.785 [main] INFO  f.i.s.repairnator.pipeline.Launcher - The email notifier engine won't be used.
00:37:05.790 [main] INFO  f.i.s.repairnator.pipeline.Launcher - Start by getting the build (buildId: 360365647) with the following config: RepairnatorConfig{runId='0405ecd4-9481-4478-9e28-81d16ab7329f_03-18-week4-FAILING_AND_PASSING', launcherMode=BEARS, serializeJson=true, inputPath='null', outputPath='/var/log', mongodbHost='null', mongodbName='repairnator', smtpServer='null', notifyTo=[], notifyEndProcess=false, push=true, pushRemoteRepo='https://github.com/fermadeiral/bears-collection-fp', fork=false, lookFromDate=null, lookToDate=null, buildId=360365647, z3solverPath='./z3_for_linux', workspacePath='./workspace', githubToken='c8a341a903[...]', dockerImageName='null', skipDelete=false, createOutputDir=false, logDirectory='null', nbThreads=0, globalTimeout=0, whiteList=null, blackList=null, jobSleepTime=0, buildSleepTime=0, maxInspectedBuilds=0, duration=null, humanPatch=false, repository='null', clean=true, bearsMode=BOTH, bearsDelimiter = false, repairTools=NopolAllTests,NPEFix,AssertFixer,AstorJGenProg,AstorJKali,NopolSingleTest,AstorJMut,NopolTestExclusionStrategy, githubUserName= fermadeiral, githubUserEmail=fer.madeiral@gmail.com}
00:37:07.283 [main] DEBUG fr.inria.jtravis.helpers.BuildHelper - Get request to :https://api.travis-ci.org/build/360365647 done after 778 ms
00:37:07.559 [main] DEBUG fr.inria.jtravis.helpers.BuildHelper - Get request to :https://api.travis-ci.org/build/360413778 done after 140 ms
00:37:07.587 [main] INFO  f.i.s.repairnator.pipeline.Launcher - The patched build (360413778) was successfully retrieved from Travis.
00:37:08.845 [main] INFO  fr.inria.jtravis.JTravis - GitHub ratelimit: Limit: 5000 Remaining: 4792 Reset hour: 19:34:29
00:37:09.126 [main] INFO  f.i.s.r.p.i.ProjectInspector - ----------------------------------------------------------------------
00:37:09.126 [main] INFO  f.i.s.r.p.i.ProjectInspector - PIPELINE STEPS
00:37:09.126 [main] INFO  f.i.s.r.p.i.ProjectInspector - ----------------------------------------------------------------------
00:37:09.127 [main] INFO  f.i.s.r.p.i.ProjectInspector - CloneRepository
00:37:09.127 [main] INFO  f.i.s.r.p.i.ProjectInspector - CheckoutBuggyBuildCandidate
00:37:09.127 [main] INFO  f.i.s.r.p.i.ProjectInspector - ComputeSourceDir
00:37:09.128 [main] INFO  f.i.s.r.p.i.ProjectInspector - ComputeTestDir
00:37:09.128 [main] INFO  f.i.s.r.p.i.ProjectInspector - BuildProjectBuggyBuildCandidate
00:37:09.128 [main] INFO  f.i.s.r.p.i.ProjectInspector - TestProjectBuggyBuildCandidate
00:37:09.128 [main] INFO  f.i.s.r.p.i.ProjectInspector - GatherTestInformationBuggyBuildCandidate
00:37:09.128 [main] INFO  f.i.s.r.p.i.ProjectInspector - InitRepoToPush
00:37:09.129 [main] INFO  f.i.s.r.p.i.ProjectInspector - ComputeClasspath
00:37:09.129 [main] INFO  f.i.s.r.p.i.ProjectInspector - ComputeModules
00:37:09.129 [main] INFO  f.i.s.r.p.i.ProjectInspector - CheckoutPatchedBuildCandidate
00:37:09.129 [main] INFO  f.i.s.r.p.i.ProjectInspector - BuildProjectPatchedBuildCandidate
00:37:09.130 [main] INFO  f.i.s.r.p.i.ProjectInspector - TestProjectPatchedBuildCandidate
00:37:09.130 [main] INFO  f.i.s.r.p.i.ProjectInspector - GatherTestInformationPatchedBuildCandidate
00:37:09.130 [main] INFO  f.i.s.r.p.i.ProjectInspector - CommitPatch
00:37:09.130 [main] INFO  f.i.s.r.p.i.ProjectInspector - WritePropertyFile
00:37:09.131 [main] INFO  f.i.s.r.p.i.ProjectInspector - CommitProcessEnd
00:37:09.131 [main] INFO  f.i.s.r.p.i.ProjectInspector - PushProcessEnd
00:37:09.132 [main] DEBUG f.i.s.r.process.step.CloneRepository - ----------------------------------------------------------------------
00:37:09.132 [main] DEBUG f.i.s.r.process.step.CloneRepository - STEP 1/18: CloneRepository
00:37:09.132 [main] DEBUG f.i.s.r.process.step.CloneRepository - ----------------------------------------------------------------------
00:37:09.133 [main] DEBUG f.i.s.r.process.step.CloneRepository - Cloning repository EnMasseProject/enmasse in the following directory: ./workspace/EnMasseProject/enmasse/360365647
00:37:36.152 [main] DEBUG f.i.s.r.process.step.CloneRepository - STEP STATUS: [ CloneRepository : SUCCESS ]
00:37:36.152 [main] DEBUG f.i.s.r.process.step.CloneRepository - STEP DURATION: 27s
00:37:36.153 [main] DEBUG f.i.s.r.process.step.CloneRepository - EXECUTE NEXT STEP
00:37:36.153 [main] DEBUG f.i.s.r.p.s.c.CheckoutBuggyBuild - ----------------------------------------------------------------------
00:37:36.153 [main] DEBUG f.i.s.r.p.s.c.CheckoutBuggyBuild - STEP 2/18: CheckoutBuggyBuildCandidate
00:37:36.153 [main] DEBUG f.i.s.r.p.s.c.CheckoutBuggyBuild - ----------------------------------------------------------------------
00:37:36.153 [main] DEBUG f.i.s.r.p.s.c.CheckoutBuggyBuild - Checking out buggy build candidate...
00:37:36.449 [main] INFO  fr.inria.jtravis.JTravis - GitHub ratelimit: Limit: 5000 Remaining: 4784 Reset hour: 19:34:29
00:37:38.936 [main] DEBUG f.i.s.r.p.s.c.CheckoutBuggyBuild - Reproduce the PR for EnMasseProject/enmasse by fetching remote branch and merging.
00:37:39.627 [main] ERROR f.i.s.r.p.s.c.CheckoutBuggyBuild - Error while testing commit: org.eclipse.jgit.errors.MissingObjectException: Missing unknown 5865ad5cb4b7f1f1625ea4a0fbd22982415b51c4
00:37:39.628 [main] ERROR f.i.s.r.p.s.c.CheckoutBuggyBuild - Commit head ref cannot be retrieved from the repository: 5865ad5cb4b7f1f1625ea4a0fbd22982415b51c4. Operation aborted.
00:37:39.629 [main] ERROR f.i.s.r.p.s.c.CheckoutBuggyBuild - Error while merging two commits to reproduce the PR.
00:37:39.630 [main] DEBUG f.i.s.r.p.s.c.CheckoutBuggyBuild - STEP STATUS: [ CheckoutBuggyBuildCandidate : FAILURE ( BUILDNOTCHECKEDOUT ) ]
00:37:39.631 [main] DEBUG f.i.s.r.p.s.c.CheckoutBuggyBuild - STEP DURATION: 3s
00:37:39.631 [main] DEBUG f.i.s.r.p.s.c.CheckoutBuggyBuild - TERMINATE PIPELINE
00:37:39.632 [main] DEBUG f.i.s.r.p.s.c.CheckoutBuggyBuild - FINAL STEPS SKIPPED: The reproduction of the bug and/or the patch failed.
00:37:39.632 [main] INFO  f.i.s.r.p.s.c.CheckoutBuggyBuild - Serialize all data for the pair of builds 360365647, 360413778
00:37:39.742 [main] INFO  fr.inria.jtravis.JTravis - GitHub ratelimit: Limit: 5000 Remaining: 4777 Reset hour: 19:34:29
00:37:41.090 [main] INFO  f.i.s.r.p.i.ProjectInspector - ----------------------------------------------------------------------
00:37:41.090 [main] INFO  f.i.s.r.p.i.ProjectInspector - PIPELINE EXECUTION SUMMARY
00:37:41.090 [main] INFO  f.i.s.r.p.i.ProjectInspector - ----------------------------------------------------------------------
00:37:41.091 [main] INFO  f.i.s.r.p.i.ProjectInspector - CloneRepository.......................................SUCCESS [ 27 s ]
00:37:41.091 [main] INFO  f.i.s.r.p.i.ProjectInspector - CheckoutBuggyBuildCandidate...........................FAILURE [  3 s ]
00:37:41.091 [main] INFO  f.i.s.r.p.i.ProjectInspector - ComputeSourceDir......................................NOT RUN         
00:37:41.091 [main] INFO  f.i.s.r.p.i.ProjectInspector - ComputeTestDir........................................NOT RUN         
00:37:41.091 [main] INFO  f.i.s.r.p.i.ProjectInspector - BuildProjectBuggyBuildCandidate.......................NOT RUN         
00:37:41.092 [main] INFO  f.i.s.r.p.i.ProjectInspector - TestProjectBuggyBuildCandidate........................NOT RUN         
00:37:41.092 [main] INFO  f.i.s.r.p.i.ProjectInspector - GatherTestInformationBuggyBuildCandidate..............NOT RUN         
00:37:41.092 [main] INFO  f.i.s.r.p.i.ProjectInspector - InitRepoToPush........................................NOT RUN         
00:37:41.092 [main] INFO  f.i.s.r.p.i.ProjectInspector - ComputeClasspath......................................NOT RUN         
00:37:41.092 [main] INFO  f.i.s.r.p.i.ProjectInspector - ComputeModules........................................NOT RUN         
00:37:41.092 [main] INFO  f.i.s.r.p.i.ProjectInspector - CheckoutPatchedBuildCandidate.........................NOT RUN         
00:37:41.093 [main] INFO  f.i.s.r.p.i.ProjectInspector - BuildProjectPatchedBuildCandidate.....................NOT RUN         
00:37:41.093 [main] INFO  f.i.s.r.p.i.ProjectInspector - TestProjectPatchedBuildCandidate......................NOT RUN         
00:37:41.093 [main] INFO  f.i.s.r.p.i.ProjectInspector - GatherTestInformationPatchedBuildCandidate............NOT RUN         
00:37:41.093 [main] INFO  f.i.s.r.p.i.ProjectInspector - CommitPatch...........................................NOT RUN         
00:37:41.093 [main] INFO  f.i.s.r.p.i.ProjectInspector - WritePropertyFile.....................................NOT RUN         
00:37:41.093 [main] INFO  f.i.s.r.p.i.ProjectInspector - CommitProcessEnd......................................NOT RUN         
00:37:41.093 [main] INFO  f.i.s.r.p.i.ProjectInspector - PushProcessEnd........................................NOT RUN         
00:37:41.093 [main] INFO  f.i.s.r.p.i.ProjectInspector - ----------------------------------------------------------------------
00:37:41.093 [main] INFO  f.i.s.r.p.i.ProjectInspector - PIPELINE FINDING: BUILDNOTCHECKEDOUT
00:37:41.094 [main] INFO  f.i.s.r.p.i.ProjectInspector - ----------------------------------------------------------------------
00:37:41.094 [main] INFO  f.i.s.repairnator.pipeline.Launcher - Inspector is finished. The process will exit now.
