04:40:29.988 [main] INFO  f.i.s.repairnator.pipeline.Launcher - PIPELINE VERSION: 3.0-2018-08-09 19:04
04:40:30.119 [main] INFO  f.i.s.repairnator.pipeline.Launcher - The pipeline will try to reproduce a bug from build 359530569 and its corresponding patch from build 359844745
04:40:30.120 [main] INFO  f.i.s.repairnator.pipeline.Launcher - Initialize file serializer engines.
04:40:30.122 [main] INFO  f.i.s.repairnator.pipeline.Launcher - MongoDB won't be used for serialization.
04:40:30.122 [main] INFO  f.i.s.repairnator.pipeline.Launcher - The email notifier engine won't be used.
04:40:30.125 [main] INFO  f.i.s.repairnator.pipeline.Launcher - Start by getting the build (buildId: 359530569) with the following config: RepairnatorConfig{runId='0405ecd4-9481-4478-9e28-81d16ab7329f_03-18-week4-FAILING_AND_PASSING', launcherMode=BEARS, serializeJson=true, inputPath='null', outputPath='/var/log', mongodbHost='null', mongodbName='repairnator', smtpServer='null', notifyTo=[], notifyEndProcess=false, push=true, pushRemoteRepo='https://github.com/fermadeiral/bears-collection-fp', fork=false, lookFromDate=null, lookToDate=null, buildId=359530569, z3solverPath='./z3_for_linux', workspacePath='./workspace', githubToken='c8a341a903[...]', dockerImageName='null', skipDelete=false, createOutputDir=false, logDirectory='null', nbThreads=0, globalTimeout=0, whiteList=null, blackList=null, jobSleepTime=0, buildSleepTime=0, maxInspectedBuilds=0, duration=null, humanPatch=false, repository='null', clean=true, bearsMode=BOTH, bearsDelimiter = false, repairTools=NopolAllTests,NPEFix,AssertFixer,AstorJGenProg,AstorJKali,NopolSingleTest,AstorJMut,NopolTestExclusionStrategy, githubUserName= fermadeiral, githubUserEmail=fer.madeiral@gmail.com}
04:40:31.405 [main] DEBUG fr.inria.jtravis.helpers.BuildHelper - Get request to :https://api.travis-ci.org/build/359530569 done after 773 ms
04:40:31.631 [main] DEBUG fr.inria.jtravis.helpers.BuildHelper - Get request to :https://api.travis-ci.org/build/359844745 done after 129 ms
04:40:31.644 [main] INFO  f.i.s.repairnator.pipeline.Launcher - The patched build (359844745) was successfully retrieved from Travis.
04:40:32.914 [main] INFO  fr.inria.jtravis.JTravis - GitHub ratelimit: Limit: 5000 Remaining: 4861 Reset hour: 19:34:43
04:40:33.205 [main] INFO  f.i.s.r.p.i.ProjectInspector - ----------------------------------------------------------------------
04:40:33.205 [main] INFO  f.i.s.r.p.i.ProjectInspector - PIPELINE STEPS
04:40:33.205 [main] INFO  f.i.s.r.p.i.ProjectInspector - ----------------------------------------------------------------------
04:40:33.205 [main] INFO  f.i.s.r.p.i.ProjectInspector - CloneRepository
04:40:33.206 [main] INFO  f.i.s.r.p.i.ProjectInspector - CheckoutBuggyBuildCandidate
04:40:33.206 [main] INFO  f.i.s.r.p.i.ProjectInspector - ComputeSourceDir
04:40:33.206 [main] INFO  f.i.s.r.p.i.ProjectInspector - ComputeTestDir
04:40:33.206 [main] INFO  f.i.s.r.p.i.ProjectInspector - BuildProjectBuggyBuildCandidate
04:40:33.206 [main] INFO  f.i.s.r.p.i.ProjectInspector - TestProjectBuggyBuildCandidate
04:40:33.206 [main] INFO  f.i.s.r.p.i.ProjectInspector - GatherTestInformationBuggyBuildCandidate
04:40:33.206 [main] INFO  f.i.s.r.p.i.ProjectInspector - InitRepoToPush
04:40:33.207 [main] INFO  f.i.s.r.p.i.ProjectInspector - ComputeClasspath
04:40:33.207 [main] INFO  f.i.s.r.p.i.ProjectInspector - ComputeModules
04:40:33.207 [main] INFO  f.i.s.r.p.i.ProjectInspector - CheckoutPatchedBuildCandidate
04:40:33.207 [main] INFO  f.i.s.r.p.i.ProjectInspector - BuildProjectPatchedBuildCandidate
04:40:33.207 [main] INFO  f.i.s.r.p.i.ProjectInspector - TestProjectPatchedBuildCandidate
04:40:33.207 [main] INFO  f.i.s.r.p.i.ProjectInspector - GatherTestInformationPatchedBuildCandidate
04:40:33.207 [main] INFO  f.i.s.r.p.i.ProjectInspector - CommitPatch
04:40:33.207 [main] INFO  f.i.s.r.p.i.ProjectInspector - WritePropertyFile
04:40:33.207 [main] INFO  f.i.s.r.p.i.ProjectInspector - CommitProcessEnd
04:40:33.208 [main] INFO  f.i.s.r.p.i.ProjectInspector - PushProcessEnd
04:40:33.208 [main] DEBUG f.i.s.r.process.step.CloneRepository - ----------------------------------------------------------------------
04:40:33.208 [main] DEBUG f.i.s.r.process.step.CloneRepository - STEP 1/18: CloneRepository
04:40:33.208 [main] DEBUG f.i.s.r.process.step.CloneRepository - ----------------------------------------------------------------------
04:40:33.209 [main] DEBUG f.i.s.r.process.step.CloneRepository - Cloning repository ga4gh/dockstore in the following directory: ./workspace/ga4gh/dockstore/359530569
04:40:42.464 [main] DEBUG f.i.s.r.process.step.CloneRepository - STEP STATUS: [ CloneRepository : SUCCESS ]
04:40:42.465 [main] DEBUG f.i.s.r.process.step.CloneRepository - STEP DURATION: 9s
04:40:42.465 [main] DEBUG f.i.s.r.process.step.CloneRepository - EXECUTE NEXT STEP
04:40:42.465 [main] DEBUG f.i.s.r.p.s.c.CheckoutBuggyBuild - ----------------------------------------------------------------------
04:40:42.466 [main] DEBUG f.i.s.r.p.s.c.CheckoutBuggyBuild - STEP 2/18: CheckoutBuggyBuildCandidate
04:40:42.466 [main] DEBUG f.i.s.r.p.s.c.CheckoutBuggyBuild - ----------------------------------------------------------------------
04:40:42.466 [main] DEBUG f.i.s.r.p.s.c.CheckoutBuggyBuild - Checking out buggy build candidate...
04:40:42.477 [main] ERROR f.i.s.r.p.s.c.CheckoutBuggyBuild - Error while testing commit: org.eclipse.jgit.errors.MissingObjectException: Missing unknown 152f1ccfc7df78f1746b2fb854bb680fd703c038
04:40:42.477 [main] ERROR f.i.s.r.p.s.c.CheckoutBuggyBuild - Error while getting the commit to checkout from the repo.
04:40:42.478 [main] DEBUG f.i.s.r.p.s.c.CheckoutBuggyBuild - STEP STATUS: [ CheckoutBuggyBuildCandidate : FAILURE ( BUILDNOTCHECKEDOUT ) ]
04:40:42.478 [main] DEBUG f.i.s.r.p.s.c.CheckoutBuggyBuild - STEP DURATION: 0s
04:40:42.478 [main] DEBUG f.i.s.r.p.s.c.CheckoutBuggyBuild - TERMINATE PIPELINE
04:40:42.478 [main] DEBUG f.i.s.r.p.s.c.CheckoutBuggyBuild - FINAL STEPS SKIPPED: The reproduction of the bug and/or the patch failed.
04:40:42.479 [main] INFO  f.i.s.r.p.s.c.CheckoutBuggyBuild - Serialize all data for the pair of builds 359530569, 359844745
04:40:42.810 [main] INFO  fr.inria.jtravis.JTravis - GitHub ratelimit: Limit: 5000 Remaining: 4860 Reset hour: 19:34:43
04:40:43.433 [main] INFO  f.i.s.r.p.i.ProjectInspector - ----------------------------------------------------------------------
04:40:43.434 [main] INFO  f.i.s.r.p.i.ProjectInspector - PIPELINE EXECUTION SUMMARY
04:40:43.434 [main] INFO  f.i.s.r.p.i.ProjectInspector - ----------------------------------------------------------------------
04:40:43.434 [main] INFO  f.i.s.r.p.i.ProjectInspector - CloneRepository........................................SUCCESS [ 9 s ]
04:40:43.434 [main] INFO  f.i.s.r.p.i.ProjectInspector - CheckoutBuggyBuildCandidate............................FAILURE [ 0 s ]
04:40:43.434 [main] INFO  f.i.s.r.p.i.ProjectInspector - ComputeSourceDir.......................................NOT RUN        
04:40:43.435 [main] INFO  f.i.s.r.p.i.ProjectInspector - ComputeTestDir.........................................NOT RUN        
04:40:43.435 [main] INFO  f.i.s.r.p.i.ProjectInspector - BuildProjectBuggyBuildCandidate........................NOT RUN        
04:40:43.435 [main] INFO  f.i.s.r.p.i.ProjectInspector - TestProjectBuggyBuildCandidate.........................NOT RUN        
04:40:43.435 [main] INFO  f.i.s.r.p.i.ProjectInspector - GatherTestInformationBuggyBuildCandidate...............NOT RUN        
04:40:43.435 [main] INFO  f.i.s.r.p.i.ProjectInspector - InitRepoToPush.........................................NOT RUN        
04:40:43.435 [main] INFO  f.i.s.r.p.i.ProjectInspector - ComputeClasspath.......................................NOT RUN        
04:40:43.435 [main] INFO  f.i.s.r.p.i.ProjectInspector - ComputeModules.........................................NOT RUN        
04:40:43.435 [main] INFO  f.i.s.r.p.i.ProjectInspector - CheckoutPatchedBuildCandidate..........................NOT RUN        
04:40:43.436 [main] INFO  f.i.s.r.p.i.ProjectInspector - BuildProjectPatchedBuildCandidate......................NOT RUN        
04:40:43.436 [main] INFO  f.i.s.r.p.i.ProjectInspector - TestProjectPatchedBuildCandidate.......................NOT RUN        
04:40:43.436 [main] INFO  f.i.s.r.p.i.ProjectInspector - GatherTestInformationPatchedBuildCandidate.............NOT RUN        
04:40:43.436 [main] INFO  f.i.s.r.p.i.ProjectInspector - CommitPatch............................................NOT RUN        
04:40:43.436 [main] INFO  f.i.s.r.p.i.ProjectInspector - WritePropertyFile......................................NOT RUN        
04:40:43.436 [main] INFO  f.i.s.r.p.i.ProjectInspector - CommitProcessEnd.......................................NOT RUN        
04:40:43.436 [main] INFO  f.i.s.r.p.i.ProjectInspector - PushProcessEnd.........................................NOT RUN        
04:40:43.436 [main] INFO  f.i.s.r.p.i.ProjectInspector - ----------------------------------------------------------------------
04:40:43.436 [main] INFO  f.i.s.r.p.i.ProjectInspector - PIPELINE FINDING: BUILDNOTCHECKEDOUT
04:40:43.437 [main] INFO  f.i.s.r.p.i.ProjectInspector - ----------------------------------------------------------------------
04:40:43.437 [main] INFO  f.i.s.repairnator.pipeline.Launcher - Inspector is finished. The process will exit now.
