00:29:13.183 [main] INFO  f.i.s.repairnator.pipeline.Launcher - PIPELINE VERSION: 3.0-2018-08-09 19:04
00:29:15.180 [main] INFO  f.i.s.repairnator.pipeline.Launcher - The pipeline will try to reproduce a bug from build 357874117 and its corresponding patch from build 360545392
00:29:15.181 [main] INFO  f.i.s.repairnator.pipeline.Launcher - Initialize file serializer engines.
00:29:15.183 [main] INFO  f.i.s.repairnator.pipeline.Launcher - MongoDB won't be used for serialization.
00:29:15.184 [main] INFO  f.i.s.repairnator.pipeline.Launcher - The email notifier engine won't be used.
00:29:15.210 [main] INFO  f.i.s.repairnator.pipeline.Launcher - Start by getting the build (buildId: 357874117) with the following config: RepairnatorConfig{runId='0405ecd4-9481-4478-9e28-81d16ab7329f_03-18-week4-FAILING_AND_PASSING', launcherMode=BEARS, serializeJson=true, inputPath='null', outputPath='/var/log', mongodbHost='null', mongodbName='repairnator', smtpServer='null', notifyTo=[], notifyEndProcess=false, push=true, pushRemoteRepo='https://github.com/fermadeiral/bears-collection-fp', fork=false, lookFromDate=null, lookToDate=null, buildId=357874117, z3solverPath='./z3_for_linux', workspacePath='./workspace', githubToken='c8a341a903[...]', dockerImageName='null', skipDelete=false, createOutputDir=false, logDirectory='null', nbThreads=0, globalTimeout=0, whiteList=null, blackList=null, jobSleepTime=0, buildSleepTime=0, maxInspectedBuilds=0, duration=null, humanPatch=false, repository='null', clean=true, bearsMode=BOTH, bearsDelimiter = false, repairTools=NopolAllTests,NPEFix,AssertFixer,AstorJGenProg,AstorJKali,NopolSingleTest,AstorJMut,NopolTestExclusionStrategy, githubUserName= fermadeiral, githubUserEmail=fer.madeiral@gmail.com}
00:29:23.673 [main] DEBUG fr.inria.jtravis.helpers.BuildHelper - Get request to :https://api.travis-ci.org/build/357874117 done after 2766 ms
00:29:24.106 [main] DEBUG fr.inria.jtravis.helpers.BuildHelper - Get request to :https://api.travis-ci.org/build/360545392 done after 132 ms
00:29:24.128 [main] INFO  f.i.s.repairnator.pipeline.Launcher - The patched build (360545392) was successfully retrieved from Travis.
00:29:27.333 [main] INFO  fr.inria.jtravis.JTravis - GitHub ratelimit: Limit: 5000 Remaining: 4898 Reset hour: 19:34:29
00:29:27.670 [main] INFO  f.i.s.r.p.i.ProjectInspector - ----------------------------------------------------------------------
00:29:27.671 [main] INFO  f.i.s.r.p.i.ProjectInspector - PIPELINE STEPS
00:29:27.671 [main] INFO  f.i.s.r.p.i.ProjectInspector - ----------------------------------------------------------------------
00:29:27.671 [main] INFO  f.i.s.r.p.i.ProjectInspector - CloneRepository
00:29:27.671 [main] INFO  f.i.s.r.p.i.ProjectInspector - CheckoutBuggyBuildCandidate
00:29:27.672 [main] INFO  f.i.s.r.p.i.ProjectInspector - ComputeSourceDir
00:29:27.672 [main] INFO  f.i.s.r.p.i.ProjectInspector - ComputeTestDir
00:29:27.672 [main] INFO  f.i.s.r.p.i.ProjectInspector - BuildProjectBuggyBuildCandidate
00:29:27.672 [main] INFO  f.i.s.r.p.i.ProjectInspector - TestProjectBuggyBuildCandidate
00:29:27.673 [main] INFO  f.i.s.r.p.i.ProjectInspector - GatherTestInformationBuggyBuildCandidate
00:29:27.673 [main] INFO  f.i.s.r.p.i.ProjectInspector - InitRepoToPush
00:29:27.673 [main] INFO  f.i.s.r.p.i.ProjectInspector - ComputeClasspath
00:29:27.673 [main] INFO  f.i.s.r.p.i.ProjectInspector - ComputeModules
00:29:27.674 [main] INFO  f.i.s.r.p.i.ProjectInspector - CheckoutPatchedBuildCandidate
00:29:27.674 [main] INFO  f.i.s.r.p.i.ProjectInspector - BuildProjectPatchedBuildCandidate
00:29:27.674 [main] INFO  f.i.s.r.p.i.ProjectInspector - TestProjectPatchedBuildCandidate
00:29:27.674 [main] INFO  f.i.s.r.p.i.ProjectInspector - GatherTestInformationPatchedBuildCandidate
00:29:27.675 [main] INFO  f.i.s.r.p.i.ProjectInspector - CommitPatch
00:29:27.675 [main] INFO  f.i.s.r.p.i.ProjectInspector - WritePropertyFile
00:29:27.675 [main] INFO  f.i.s.r.p.i.ProjectInspector - CommitProcessEnd
00:29:27.676 [main] INFO  f.i.s.r.p.i.ProjectInspector - PushProcessEnd
00:29:27.676 [main] DEBUG f.i.s.r.process.step.CloneRepository - ----------------------------------------------------------------------
00:29:27.677 [main] DEBUG f.i.s.r.process.step.CloneRepository - STEP 1/18: CloneRepository
00:29:27.677 [main] DEBUG f.i.s.r.process.step.CloneRepository - ----------------------------------------------------------------------
00:29:27.677 [main] DEBUG f.i.s.r.process.step.CloneRepository - Cloning repository INRIA/spoon in the following directory: ./workspace/INRIA/spoon/357874117
00:29:39.808 [main] DEBUG f.i.s.r.process.step.CloneRepository - STEP STATUS: [ CloneRepository : SUCCESS ]
00:29:39.808 [main] DEBUG f.i.s.r.process.step.CloneRepository - STEP DURATION: 12s
00:29:39.809 [main] DEBUG f.i.s.r.process.step.CloneRepository - EXECUTE NEXT STEP
00:29:39.809 [main] DEBUG f.i.s.r.p.s.c.CheckoutBuggyBuild - ----------------------------------------------------------------------
00:29:39.809 [main] DEBUG f.i.s.r.p.s.c.CheckoutBuggyBuild - STEP 2/18: CheckoutBuggyBuildCandidate
00:29:39.809 [main] DEBUG f.i.s.r.p.s.c.CheckoutBuggyBuild - ----------------------------------------------------------------------
00:29:39.809 [main] DEBUG f.i.s.r.p.s.c.CheckoutBuggyBuild - Checking out buggy build candidate...
00:29:40.165 [main] INFO  fr.inria.jtravis.JTravis - GitHub ratelimit: Limit: 5000 Remaining: 4897 Reset hour: 19:34:29
00:29:43.031 [main] DEBUG f.i.s.r.p.s.c.CheckoutBuggyBuild - Reproduce the PR for INRIA/spoon by fetching remote branch and merging.
00:29:45.655 [main] ERROR f.i.s.r.p.s.c.CheckoutBuggyBuild - Error while testing commit: org.eclipse.jgit.errors.MissingObjectException: Missing unknown b285c6b6db9465f369ab854db7759394c41f5e80
00:29:45.657 [main] ERROR f.i.s.r.p.s.c.CheckoutBuggyBuild - Commit head ref cannot be retrieved from the repository: b285c6b6db9465f369ab854db7759394c41f5e80. Operation aborted.
00:29:45.657 [main] ERROR f.i.s.r.p.s.c.CheckoutBuggyBuild - Error while merging two commits to reproduce the PR.
00:29:45.659 [main] DEBUG f.i.s.r.p.s.c.CheckoutBuggyBuild - STEP STATUS: [ CheckoutBuggyBuildCandidate : FAILURE ( BUILDNOTCHECKEDOUT ) ]
00:29:45.662 [main] DEBUG f.i.s.r.p.s.c.CheckoutBuggyBuild - STEP DURATION: 5s
00:29:45.662 [main] DEBUG f.i.s.r.p.s.c.CheckoutBuggyBuild - TERMINATE PIPELINE
00:29:45.663 [main] DEBUG f.i.s.r.p.s.c.CheckoutBuggyBuild - FINAL STEPS SKIPPED: The reproduction of the bug and/or the patch failed.
00:29:45.663 [main] INFO  f.i.s.r.p.s.c.CheckoutBuggyBuild - Serialize all data for the pair of builds 357874117, 360545392
00:29:45.787 [main] INFO  fr.inria.jtravis.JTravis - GitHub ratelimit: Limit: 5000 Remaining: 4890 Reset hour: 19:34:29
00:29:46.883 [main] INFO  f.i.s.r.p.i.ProjectInspector - ----------------------------------------------------------------------
00:29:46.884 [main] INFO  f.i.s.r.p.i.ProjectInspector - PIPELINE EXECUTION SUMMARY
00:29:46.884 [main] INFO  f.i.s.r.p.i.ProjectInspector - ----------------------------------------------------------------------
00:29:46.885 [main] INFO  f.i.s.r.p.i.ProjectInspector - CloneRepository.......................................SUCCESS [ 12 s ]
00:29:46.886 [main] INFO  f.i.s.r.p.i.ProjectInspector - CheckoutBuggyBuildCandidate...........................FAILURE [  5 s ]
00:29:46.887 [main] INFO  f.i.s.r.p.i.ProjectInspector - ComputeSourceDir......................................NOT RUN         
00:29:46.887 [main] INFO  f.i.s.r.p.i.ProjectInspector - ComputeTestDir........................................NOT RUN         
00:29:46.887 [main] INFO  f.i.s.r.p.i.ProjectInspector - BuildProjectBuggyBuildCandidate.......................NOT RUN         
00:29:46.887 [main] INFO  f.i.s.r.p.i.ProjectInspector - TestProjectBuggyBuildCandidate........................NOT RUN         
00:29:46.887 [main] INFO  f.i.s.r.p.i.ProjectInspector - GatherTestInformationBuggyBuildCandidate..............NOT RUN         
00:29:46.888 [main] INFO  f.i.s.r.p.i.ProjectInspector - InitRepoToPush........................................NOT RUN         
00:29:46.888 [main] INFO  f.i.s.r.p.i.ProjectInspector - ComputeClasspath......................................NOT RUN         
00:29:46.888 [main] INFO  f.i.s.r.p.i.ProjectInspector - ComputeModules........................................NOT RUN         
00:29:46.888 [main] INFO  f.i.s.r.p.i.ProjectInspector - CheckoutPatchedBuildCandidate.........................NOT RUN         
00:29:46.889 [main] INFO  f.i.s.r.p.i.ProjectInspector - BuildProjectPatchedBuildCandidate.....................NOT RUN         
00:29:46.889 [main] INFO  f.i.s.r.p.i.ProjectInspector - TestProjectPatchedBuildCandidate......................NOT RUN         
00:29:46.889 [main] INFO  f.i.s.r.p.i.ProjectInspector - GatherTestInformationPatchedBuildCandidate............NOT RUN         
00:29:46.889 [main] INFO  f.i.s.r.p.i.ProjectInspector - CommitPatch...........................................NOT RUN         
00:29:46.890 [main] INFO  f.i.s.r.p.i.ProjectInspector - WritePropertyFile.....................................NOT RUN         
00:29:46.890 [main] INFO  f.i.s.r.p.i.ProjectInspector - CommitProcessEnd......................................NOT RUN         
00:29:46.890 [main] INFO  f.i.s.r.p.i.ProjectInspector - PushProcessEnd........................................NOT RUN         
00:29:46.890 [main] INFO  f.i.s.r.p.i.ProjectInspector - ----------------------------------------------------------------------
00:29:46.890 [main] INFO  f.i.s.r.p.i.ProjectInspector - PIPELINE FINDING: BUILDNOTCHECKEDOUT
00:29:46.891 [main] INFO  f.i.s.r.p.i.ProjectInspector - ----------------------------------------------------------------------
00:29:46.891 [main] INFO  f.i.s.repairnator.pipeline.Launcher - Inspector is finished. The process will exit now.
