05:48:41.876 [main] INFO  f.i.s.repairnator.pipeline.Launcher - PIPELINE VERSION: 3.0-2018-08-09 19:04
05:48:42.122 [main] INFO  f.i.s.repairnator.pipeline.Launcher - The pipeline will try to reproduce a bug from build 360700919 and its corresponding patch from build 360702273
05:48:42.123 [main] INFO  f.i.s.repairnator.pipeline.Launcher - Initialize file serializer engines.
05:48:42.126 [main] INFO  f.i.s.repairnator.pipeline.Launcher - MongoDB won't be used for serialization.
05:48:42.127 [main] INFO  f.i.s.repairnator.pipeline.Launcher - The email notifier engine won't be used.
05:48:42.133 [main] INFO  f.i.s.repairnator.pipeline.Launcher - Start by getting the build (buildId: 360700919) with the following config: RepairnatorConfig{runId='0405ecd4-9481-4478-9e28-81d16ab7329f_03-18-week4-FAILING_AND_PASSING', launcherMode=BEARS, serializeJson=true, inputPath='null', outputPath='/var/log', mongodbHost='null', mongodbName='repairnator', smtpServer='null', notifyTo=[], notifyEndProcess=false, push=true, pushRemoteRepo='https://github.com/fermadeiral/bears-collection-fp', fork=false, lookFromDate=null, lookToDate=null, buildId=360700919, z3solverPath='./z3_for_linux', workspacePath='./workspace', githubToken='c8a341a903[...]', dockerImageName='null', skipDelete=false, createOutputDir=false, logDirectory='null', nbThreads=0, globalTimeout=0, whiteList=null, blackList=null, jobSleepTime=0, buildSleepTime=0, maxInspectedBuilds=0, duration=null, humanPatch=false, repository='null', clean=true, bearsMode=BOTH, bearsDelimiter = false, repairTools=NopolAllTests,NPEFix,AssertFixer,AstorJGenProg,AstorJKali,NopolSingleTest,AstorJMut,NopolTestExclusionStrategy, githubUserName= fermadeiral, githubUserEmail=fer.madeiral@gmail.com}
05:48:43.473 [main] DEBUG fr.inria.jtravis.helpers.BuildHelper - Get request to :https://api.travis-ci.org/build/360700919 done after 792 ms
05:48:43.694 [main] DEBUG fr.inria.jtravis.helpers.BuildHelper - Get request to :https://api.travis-ci.org/build/360702273 done after 124 ms
05:48:43.712 [main] INFO  f.i.s.repairnator.pipeline.Launcher - The patched build (360702273) was successfully retrieved from Travis.
05:48:44.812 [main] INFO  fr.inria.jtravis.JTravis - GitHub ratelimit: Limit: 5000 Remaining: 4567 Reset hour: 19:34:47
05:48:45.101 [main] INFO  f.i.s.r.p.i.ProjectInspector - ----------------------------------------------------------------------
05:48:45.102 [main] INFO  f.i.s.r.p.i.ProjectInspector - PIPELINE STEPS
05:48:45.102 [main] INFO  f.i.s.r.p.i.ProjectInspector - ----------------------------------------------------------------------
05:48:45.103 [main] INFO  f.i.s.r.p.i.ProjectInspector - CloneRepository
05:48:45.103 [main] INFO  f.i.s.r.p.i.ProjectInspector - CheckoutBuggyBuildCandidate
05:48:45.103 [main] INFO  f.i.s.r.p.i.ProjectInspector - ComputeSourceDir
05:48:45.103 [main] INFO  f.i.s.r.p.i.ProjectInspector - ComputeTestDir
05:48:45.104 [main] INFO  f.i.s.r.p.i.ProjectInspector - BuildProjectBuggyBuildCandidate
05:48:45.104 [main] INFO  f.i.s.r.p.i.ProjectInspector - TestProjectBuggyBuildCandidate
05:48:45.104 [main] INFO  f.i.s.r.p.i.ProjectInspector - GatherTestInformationBuggyBuildCandidate
05:48:45.104 [main] INFO  f.i.s.r.p.i.ProjectInspector - InitRepoToPush
05:48:45.104 [main] INFO  f.i.s.r.p.i.ProjectInspector - ComputeClasspath
05:48:45.105 [main] INFO  f.i.s.r.p.i.ProjectInspector - ComputeModules
05:48:45.105 [main] INFO  f.i.s.r.p.i.ProjectInspector - CheckoutPatchedBuildCandidate
05:48:45.105 [main] INFO  f.i.s.r.p.i.ProjectInspector - BuildProjectPatchedBuildCandidate
05:48:45.105 [main] INFO  f.i.s.r.p.i.ProjectInspector - TestProjectPatchedBuildCandidate
05:48:45.106 [main] INFO  f.i.s.r.p.i.ProjectInspector - GatherTestInformationPatchedBuildCandidate
05:48:45.106 [main] INFO  f.i.s.r.p.i.ProjectInspector - CommitPatch
05:48:45.106 [main] INFO  f.i.s.r.p.i.ProjectInspector - WritePropertyFile
05:48:45.106 [main] INFO  f.i.s.r.p.i.ProjectInspector - CommitProcessEnd
05:48:45.107 [main] INFO  f.i.s.r.p.i.ProjectInspector - PushProcessEnd
05:48:45.107 [main] DEBUG f.i.s.r.process.step.CloneRepository - ----------------------------------------------------------------------
05:48:45.108 [main] DEBUG f.i.s.r.process.step.CloneRepository - STEP 1/18: CloneRepository
05:48:45.108 [main] DEBUG f.i.s.r.process.step.CloneRepository - ----------------------------------------------------------------------
05:48:45.109 [main] DEBUG f.i.s.r.process.step.CloneRepository - Cloning repository jdbi/jdbi in the following directory: ./workspace/jdbi/jdbi/360700919
05:48:53.319 [main] DEBUG f.i.s.r.process.step.CloneRepository - STEP STATUS: [ CloneRepository : SUCCESS ]
05:48:53.320 [main] DEBUG f.i.s.r.process.step.CloneRepository - STEP DURATION: 8s
05:48:53.320 [main] DEBUG f.i.s.r.process.step.CloneRepository - EXECUTE NEXT STEP
05:48:53.321 [main] DEBUG f.i.s.r.p.s.c.CheckoutBuggyBuild - ----------------------------------------------------------------------
05:48:53.321 [main] DEBUG f.i.s.r.p.s.c.CheckoutBuggyBuild - STEP 2/18: CheckoutBuggyBuildCandidate
05:48:53.321 [main] DEBUG f.i.s.r.p.s.c.CheckoutBuggyBuild - ----------------------------------------------------------------------
05:48:53.321 [main] DEBUG f.i.s.r.p.s.c.CheckoutBuggyBuild - Checking out buggy build candidate...
05:48:53.341 [main] ERROR f.i.s.r.p.s.c.CheckoutBuggyBuild - Error while testing commit: org.eclipse.jgit.errors.MissingObjectException: Missing unknown eb6e7a09254a9c4135079289b336b9f0433addae
05:48:53.342 [main] ERROR f.i.s.r.p.s.c.CheckoutBuggyBuild - Error while getting the commit to checkout from the repo.
05:48:53.344 [main] DEBUG f.i.s.r.p.s.c.CheckoutBuggyBuild - STEP STATUS: [ CheckoutBuggyBuildCandidate : FAILURE ( BUILDNOTCHECKEDOUT ) ]
05:48:53.344 [main] DEBUG f.i.s.r.p.s.c.CheckoutBuggyBuild - STEP DURATION: 0s
05:48:53.345 [main] DEBUG f.i.s.r.p.s.c.CheckoutBuggyBuild - TERMINATE PIPELINE
05:48:53.346 [main] DEBUG f.i.s.r.p.s.c.CheckoutBuggyBuild - FINAL STEPS SKIPPED: The reproduction of the bug and/or the patch failed.
05:48:53.346 [main] INFO  f.i.s.r.p.s.c.CheckoutBuggyBuild - Serialize all data for the pair of builds 360700919, 360702273
05:48:53.638 [main] INFO  fr.inria.jtravis.JTravis - GitHub ratelimit: Limit: 5000 Remaining: 4566 Reset hour: 19:34:47
05:48:54.124 [main] INFO  f.i.s.r.p.i.ProjectInspector - ----------------------------------------------------------------------
05:48:54.125 [main] INFO  f.i.s.r.p.i.ProjectInspector - PIPELINE EXECUTION SUMMARY
05:48:54.125 [main] INFO  f.i.s.r.p.i.ProjectInspector - ----------------------------------------------------------------------
05:48:54.125 [main] INFO  f.i.s.r.p.i.ProjectInspector - CloneRepository........................................SUCCESS [ 8 s ]
05:48:54.125 [main] INFO  f.i.s.r.p.i.ProjectInspector - CheckoutBuggyBuildCandidate............................FAILURE [ 0 s ]
05:48:54.126 [main] INFO  f.i.s.r.p.i.ProjectInspector - ComputeSourceDir.......................................NOT RUN        
05:48:54.126 [main] INFO  f.i.s.r.p.i.ProjectInspector - ComputeTestDir.........................................NOT RUN        
05:48:54.126 [main] INFO  f.i.s.r.p.i.ProjectInspector - BuildProjectBuggyBuildCandidate........................NOT RUN        
05:48:54.126 [main] INFO  f.i.s.r.p.i.ProjectInspector - TestProjectBuggyBuildCandidate.........................NOT RUN        
05:48:54.126 [main] INFO  f.i.s.r.p.i.ProjectInspector - GatherTestInformationBuggyBuildCandidate...............NOT RUN        
05:48:54.126 [main] INFO  f.i.s.r.p.i.ProjectInspector - InitRepoToPush.........................................NOT RUN        
05:48:54.126 [main] INFO  f.i.s.r.p.i.ProjectInspector - ComputeClasspath.......................................NOT RUN        
05:48:54.127 [main] INFO  f.i.s.r.p.i.ProjectInspector - ComputeModules.........................................NOT RUN        
05:48:54.127 [main] INFO  f.i.s.r.p.i.ProjectInspector - CheckoutPatchedBuildCandidate..........................NOT RUN        
05:48:54.127 [main] INFO  f.i.s.r.p.i.ProjectInspector - BuildProjectPatchedBuildCandidate......................NOT RUN        
05:48:54.127 [main] INFO  f.i.s.r.p.i.ProjectInspector - TestProjectPatchedBuildCandidate.......................NOT RUN        
05:48:54.127 [main] INFO  f.i.s.r.p.i.ProjectInspector - GatherTestInformationPatchedBuildCandidate.............NOT RUN        
05:48:54.127 [main] INFO  f.i.s.r.p.i.ProjectInspector - CommitPatch............................................NOT RUN        
05:48:54.127 [main] INFO  f.i.s.r.p.i.ProjectInspector - WritePropertyFile......................................NOT RUN        
05:48:54.128 [main] INFO  f.i.s.r.p.i.ProjectInspector - CommitProcessEnd.......................................NOT RUN        
05:48:54.128 [main] INFO  f.i.s.r.p.i.ProjectInspector - PushProcessEnd.........................................NOT RUN        
05:48:54.128 [main] INFO  f.i.s.r.p.i.ProjectInspector - ----------------------------------------------------------------------
05:48:54.128 [main] INFO  f.i.s.r.p.i.ProjectInspector - PIPELINE FINDING: BUILDNOTCHECKEDOUT
05:48:54.128 [main] INFO  f.i.s.r.p.i.ProjectInspector - ----------------------------------------------------------------------
05:48:54.128 [main] INFO  f.i.s.repairnator.pipeline.Launcher - Inspector is finished. The process will exit now.
