00:59:17.317 [main] INFO  f.i.s.repairnator.pipeline.Launcher - PIPELINE VERSION: 3.0-2018-08-09 19:04
00:59:17.501 [main] INFO  f.i.s.repairnator.pipeline.Launcher - The pipeline will try to reproduce a bug from build 357282760 and its corresponding patch from build 357284188
00:59:17.502 [main] INFO  f.i.s.repairnator.pipeline.Launcher - Initialize file serializer engines.
00:59:17.505 [main] INFO  f.i.s.repairnator.pipeline.Launcher - MongoDB won't be used for serialization.
00:59:17.505 [main] INFO  f.i.s.repairnator.pipeline.Launcher - The email notifier engine won't be used.
00:59:17.511 [main] INFO  f.i.s.repairnator.pipeline.Launcher - Start by getting the build (buildId: 357282760) with the following config: RepairnatorConfig{runId='0405ecd4-9481-4478-9e28-81d16ab7329f_03-18-week4-FAILING_AND_PASSING', launcherMode=BEARS, serializeJson=true, inputPath='null', outputPath='/var/log', mongodbHost='null', mongodbName='repairnator', smtpServer='null', notifyTo=[], notifyEndProcess=false, push=true, pushRemoteRepo='https://github.com/fermadeiral/bears-collection-fp', fork=false, lookFromDate=null, lookToDate=null, buildId=357282760, z3solverPath='./z3_for_linux', workspacePath='./workspace', githubToken='c8a341a903[...]', dockerImageName='null', skipDelete=false, createOutputDir=false, logDirectory='null', nbThreads=0, globalTimeout=0, whiteList=null, blackList=null, jobSleepTime=0, buildSleepTime=0, maxInspectedBuilds=0, duration=null, humanPatch=false, repository='null', clean=true, bearsMode=BOTH, bearsDelimiter = false, repairTools=NopolAllTests,NPEFix,AssertFixer,AstorJGenProg,AstorJKali,NopolSingleTest,AstorJMut,NopolTestExclusionStrategy, githubUserName= fermadeiral, githubUserEmail=fer.madeiral@gmail.com}
00:59:18.918 [main] DEBUG fr.inria.jtravis.helpers.BuildHelper - Get request to :https://api.travis-ci.org/build/357282760 done after 750 ms
00:59:19.134 [main] DEBUG fr.inria.jtravis.helpers.BuildHelper - Get request to :https://api.travis-ci.org/build/357284188 done after 121 ms
00:59:19.147 [main] INFO  f.i.s.repairnator.pipeline.Launcher - The patched build (357284188) was successfully retrieved from Travis.
00:59:20.195 [main] INFO  fr.inria.jtravis.JTravis - GitHub ratelimit: Limit: 5000 Remaining: 4908 Reset hour: 19:34:32
00:59:20.469 [main] INFO  f.i.s.r.p.i.ProjectInspector - ----------------------------------------------------------------------
00:59:20.470 [main] INFO  f.i.s.r.p.i.ProjectInspector - PIPELINE STEPS
00:59:20.470 [main] INFO  f.i.s.r.p.i.ProjectInspector - ----------------------------------------------------------------------
00:59:20.470 [main] INFO  f.i.s.r.p.i.ProjectInspector - CloneRepository
00:59:20.471 [main] INFO  f.i.s.r.p.i.ProjectInspector - CheckoutBuggyBuildCandidate
00:59:20.471 [main] INFO  f.i.s.r.p.i.ProjectInspector - ComputeSourceDir
00:59:20.471 [main] INFO  f.i.s.r.p.i.ProjectInspector - ComputeTestDir
00:59:20.471 [main] INFO  f.i.s.r.p.i.ProjectInspector - BuildProjectBuggyBuildCandidate
00:59:20.472 [main] INFO  f.i.s.r.p.i.ProjectInspector - TestProjectBuggyBuildCandidate
00:59:20.472 [main] INFO  f.i.s.r.p.i.ProjectInspector - GatherTestInformationBuggyBuildCandidate
00:59:20.472 [main] INFO  f.i.s.r.p.i.ProjectInspector - InitRepoToPush
00:59:20.473 [main] INFO  f.i.s.r.p.i.ProjectInspector - ComputeClasspath
00:59:20.473 [main] INFO  f.i.s.r.p.i.ProjectInspector - ComputeModules
00:59:20.473 [main] INFO  f.i.s.r.p.i.ProjectInspector - CheckoutPatchedBuildCandidate
00:59:20.473 [main] INFO  f.i.s.r.p.i.ProjectInspector - BuildProjectPatchedBuildCandidate
00:59:20.473 [main] INFO  f.i.s.r.p.i.ProjectInspector - TestProjectPatchedBuildCandidate
00:59:20.474 [main] INFO  f.i.s.r.p.i.ProjectInspector - GatherTestInformationPatchedBuildCandidate
00:59:20.474 [main] INFO  f.i.s.r.p.i.ProjectInspector - CommitPatch
00:59:20.474 [main] INFO  f.i.s.r.p.i.ProjectInspector - WritePropertyFile
00:59:20.474 [main] INFO  f.i.s.r.p.i.ProjectInspector - CommitProcessEnd
00:59:20.475 [main] INFO  f.i.s.r.p.i.ProjectInspector - PushProcessEnd
00:59:20.475 [main] DEBUG f.i.s.r.process.step.CloneRepository - ----------------------------------------------------------------------
00:59:20.476 [main] DEBUG f.i.s.r.process.step.CloneRepository - STEP 1/18: CloneRepository
00:59:20.477 [main] DEBUG f.i.s.r.process.step.CloneRepository - ----------------------------------------------------------------------
00:59:20.477 [main] DEBUG f.i.s.r.process.step.CloneRepository - Cloning repository batfish/batfish in the following directory: ./workspace/batfish/batfish/357282760
01:00:09.764 [main] DEBUG f.i.s.r.process.step.CloneRepository - STEP STATUS: [ CloneRepository : SUCCESS ]
01:00:09.764 [main] DEBUG f.i.s.r.process.step.CloneRepository - STEP DURATION: 49s
01:00:09.764 [main] DEBUG f.i.s.r.process.step.CloneRepository - EXECUTE NEXT STEP
01:00:09.765 [main] DEBUG f.i.s.r.p.s.c.CheckoutBuggyBuild - ----------------------------------------------------------------------
01:00:09.765 [main] DEBUG f.i.s.r.p.s.c.CheckoutBuggyBuild - STEP 2/18: CheckoutBuggyBuildCandidate
01:00:09.765 [main] DEBUG f.i.s.r.p.s.c.CheckoutBuggyBuild - ----------------------------------------------------------------------
01:00:09.765 [main] DEBUG f.i.s.r.p.s.c.CheckoutBuggyBuild - Checking out buggy build candidate...
01:00:09.777 [main] ERROR f.i.s.r.p.s.c.CheckoutBuggyBuild - Error while testing commit: org.eclipse.jgit.errors.MissingObjectException: Missing unknown 7a81a4990aad95fdda6cb50e99294267b6eb0296
01:00:09.777 [main] ERROR f.i.s.r.p.s.c.CheckoutBuggyBuild - Error while getting the commit to checkout from the repo.
01:00:09.778 [main] DEBUG f.i.s.r.p.s.c.CheckoutBuggyBuild - STEP STATUS: [ CheckoutBuggyBuildCandidate : FAILURE ( BUILDNOTCHECKEDOUT ) ]
01:00:09.779 [main] DEBUG f.i.s.r.p.s.c.CheckoutBuggyBuild - STEP DURATION: 0s
01:00:09.779 [main] DEBUG f.i.s.r.p.s.c.CheckoutBuggyBuild - TERMINATE PIPELINE
01:00:09.779 [main] DEBUG f.i.s.r.p.s.c.CheckoutBuggyBuild - FINAL STEPS SKIPPED: The reproduction of the bug and/or the patch failed.
01:00:09.779 [main] INFO  f.i.s.r.p.s.c.CheckoutBuggyBuild - Serialize all data for the pair of builds 357282760, 357284188
01:00:10.141 [main] INFO  fr.inria.jtravis.JTravis - GitHub ratelimit: Limit: 5000 Remaining: 4907 Reset hour: 19:34:32
01:00:10.996 [main] INFO  f.i.s.r.p.i.ProjectInspector - ----------------------------------------------------------------------
01:00:10.997 [main] INFO  f.i.s.r.p.i.ProjectInspector - PIPELINE EXECUTION SUMMARY
01:00:10.997 [main] INFO  f.i.s.r.p.i.ProjectInspector - ----------------------------------------------------------------------
01:00:10.997 [main] INFO  f.i.s.r.p.i.ProjectInspector - CloneRepository.......................................SUCCESS [ 49 s ]
01:00:10.998 [main] INFO  f.i.s.r.p.i.ProjectInspector - CheckoutBuggyBuildCandidate...........................FAILURE [  0 s ]
01:00:10.998 [main] INFO  f.i.s.r.p.i.ProjectInspector - ComputeSourceDir......................................NOT RUN         
01:00:10.998 [main] INFO  f.i.s.r.p.i.ProjectInspector - ComputeTestDir........................................NOT RUN         
01:00:10.998 [main] INFO  f.i.s.r.p.i.ProjectInspector - BuildProjectBuggyBuildCandidate.......................NOT RUN         
01:00:10.998 [main] INFO  f.i.s.r.p.i.ProjectInspector - TestProjectBuggyBuildCandidate........................NOT RUN         
01:00:10.998 [main] INFO  f.i.s.r.p.i.ProjectInspector - GatherTestInformationBuggyBuildCandidate..............NOT RUN         
01:00:10.998 [main] INFO  f.i.s.r.p.i.ProjectInspector - InitRepoToPush........................................NOT RUN         
01:00:10.998 [main] INFO  f.i.s.r.p.i.ProjectInspector - ComputeClasspath......................................NOT RUN         
01:00:10.999 [main] INFO  f.i.s.r.p.i.ProjectInspector - ComputeModules........................................NOT RUN         
01:00:10.999 [main] INFO  f.i.s.r.p.i.ProjectInspector - CheckoutPatchedBuildCandidate.........................NOT RUN         
01:00:10.999 [main] INFO  f.i.s.r.p.i.ProjectInspector - BuildProjectPatchedBuildCandidate.....................NOT RUN         
01:00:10.999 [main] INFO  f.i.s.r.p.i.ProjectInspector - TestProjectPatchedBuildCandidate......................NOT RUN         
01:00:10.999 [main] INFO  f.i.s.r.p.i.ProjectInspector - GatherTestInformationPatchedBuildCandidate............NOT RUN         
01:00:10.999 [main] INFO  f.i.s.r.p.i.ProjectInspector - CommitPatch...........................................NOT RUN         
01:00:11.000 [main] INFO  f.i.s.r.p.i.ProjectInspector - WritePropertyFile.....................................NOT RUN         
01:00:11.000 [main] INFO  f.i.s.r.p.i.ProjectInspector - CommitProcessEnd......................................NOT RUN         
01:00:11.000 [main] INFO  f.i.s.r.p.i.ProjectInspector - PushProcessEnd........................................NOT RUN         
01:00:11.000 [main] INFO  f.i.s.r.p.i.ProjectInspector - ----------------------------------------------------------------------
01:00:11.001 [main] INFO  f.i.s.r.p.i.ProjectInspector - PIPELINE FINDING: BUILDNOTCHECKEDOUT
01:00:11.001 [main] INFO  f.i.s.r.p.i.ProjectInspector - ----------------------------------------------------------------------
01:00:11.001 [main] INFO  f.i.s.repairnator.pipeline.Launcher - Inspector is finished. The process will exit now.
