04:15:08.307 [main] INFO  f.i.s.repairnator.pipeline.Launcher - PIPELINE VERSION: 3.0-2018-08-09 19:04
04:15:08.438 [main] INFO  f.i.s.repairnator.pipeline.Launcher - The pipeline will try to reproduce a bug from build 359610110 and its corresponding patch from build 360100098
04:15:08.438 [main] INFO  f.i.s.repairnator.pipeline.Launcher - Initialize file serializer engines.
04:15:08.440 [main] INFO  f.i.s.repairnator.pipeline.Launcher - MongoDB won't be used for serialization.
04:15:08.440 [main] INFO  f.i.s.repairnator.pipeline.Launcher - The email notifier engine won't be used.
04:15:08.443 [main] INFO  f.i.s.repairnator.pipeline.Launcher - Start by getting the build (buildId: 359610110) with the following config: RepairnatorConfig{runId='0405ecd4-9481-4478-9e28-81d16ab7329f_03-18-week4-FAILING_AND_PASSING', launcherMode=BEARS, serializeJson=true, inputPath='null', outputPath='/var/log', mongodbHost='null', mongodbName='repairnator', smtpServer='null', notifyTo=[], notifyEndProcess=false, push=true, pushRemoteRepo='https://github.com/fermadeiral/bears-collection-fp', fork=false, lookFromDate=null, lookToDate=null, buildId=359610110, z3solverPath='./z3_for_linux', workspacePath='./workspace', githubToken='c8a341a903[...]', dockerImageName='null', skipDelete=false, createOutputDir=false, logDirectory='null', nbThreads=0, globalTimeout=0, whiteList=null, blackList=null, jobSleepTime=0, buildSleepTime=0, maxInspectedBuilds=0, duration=null, humanPatch=false, repository='null', clean=true, bearsMode=BOTH, bearsDelimiter = false, repairTools=NopolAllTests,NPEFix,AssertFixer,AstorJGenProg,AstorJKali,NopolSingleTest,AstorJMut,NopolTestExclusionStrategy, githubUserName= fermadeiral, githubUserEmail=fer.madeiral@gmail.com}
04:15:09.685 [main] DEBUG fr.inria.jtravis.helpers.BuildHelper - Get request to :https://api.travis-ci.org/build/359610110 done after 764 ms
04:15:09.929 [main] DEBUG fr.inria.jtravis.helpers.BuildHelper - Get request to :https://api.travis-ci.org/build/360100098 done after 138 ms
04:15:09.943 [main] INFO  f.i.s.repairnator.pipeline.Launcher - The patched build (360100098) was successfully retrieved from Travis.
04:15:11.014 [main] INFO  fr.inria.jtravis.JTravis - GitHub ratelimit: Limit: 5000 Remaining: 4944 Reset hour: 19:34:43
04:15:11.900 [main] INFO  f.i.s.r.p.i.ProjectInspector - ----------------------------------------------------------------------
04:15:11.900 [main] INFO  f.i.s.r.p.i.ProjectInspector - PIPELINE STEPS
04:15:11.900 [main] INFO  f.i.s.r.p.i.ProjectInspector - ----------------------------------------------------------------------
04:15:11.900 [main] INFO  f.i.s.r.p.i.ProjectInspector - CloneRepository
04:15:11.901 [main] INFO  f.i.s.r.p.i.ProjectInspector - CheckoutBuggyBuildCandidate
04:15:11.901 [main] INFO  f.i.s.r.p.i.ProjectInspector - ComputeSourceDir
04:15:11.901 [main] INFO  f.i.s.r.p.i.ProjectInspector - ComputeTestDir
04:15:11.901 [main] INFO  f.i.s.r.p.i.ProjectInspector - BuildProjectBuggyBuildCandidate
04:15:11.902 [main] INFO  f.i.s.r.p.i.ProjectInspector - TestProjectBuggyBuildCandidate
04:15:11.904 [main] INFO  f.i.s.r.p.i.ProjectInspector - GatherTestInformationBuggyBuildCandidate
04:15:11.904 [main] INFO  f.i.s.r.p.i.ProjectInspector - InitRepoToPush
04:15:11.905 [main] INFO  f.i.s.r.p.i.ProjectInspector - ComputeClasspath
04:15:11.905 [main] INFO  f.i.s.r.p.i.ProjectInspector - ComputeModules
04:15:11.905 [main] INFO  f.i.s.r.p.i.ProjectInspector - CheckoutPatchedBuildCandidate
04:15:11.905 [main] INFO  f.i.s.r.p.i.ProjectInspector - BuildProjectPatchedBuildCandidate
04:15:11.905 [main] INFO  f.i.s.r.p.i.ProjectInspector - TestProjectPatchedBuildCandidate
04:15:11.905 [main] INFO  f.i.s.r.p.i.ProjectInspector - GatherTestInformationPatchedBuildCandidate
04:15:11.905 [main] INFO  f.i.s.r.p.i.ProjectInspector - CommitPatch
04:15:11.906 [main] INFO  f.i.s.r.p.i.ProjectInspector - WritePropertyFile
04:15:11.906 [main] INFO  f.i.s.r.p.i.ProjectInspector - CommitProcessEnd
04:15:11.906 [main] INFO  f.i.s.r.p.i.ProjectInspector - PushProcessEnd
04:15:11.906 [main] DEBUG f.i.s.r.process.step.CloneRepository - ----------------------------------------------------------------------
04:15:11.907 [main] DEBUG f.i.s.r.process.step.CloneRepository - STEP 1/18: CloneRepository
04:15:11.907 [main] DEBUG f.i.s.r.process.step.CloneRepository - ----------------------------------------------------------------------
04:15:11.907 [main] DEBUG f.i.s.r.process.step.CloneRepository - Cloning repository StuPro-TOSCAna/TOSCAna in the following directory: ./workspace/StuPro-TOSCAna/TOSCAna/359610110
04:15:35.481 [main] DEBUG f.i.s.r.process.step.CloneRepository - STEP STATUS: [ CloneRepository : SUCCESS ]
04:15:35.481 [main] DEBUG f.i.s.r.process.step.CloneRepository - STEP DURATION: 23s
04:15:35.481 [main] DEBUG f.i.s.r.process.step.CloneRepository - EXECUTE NEXT STEP
04:15:35.482 [main] DEBUG f.i.s.r.p.s.c.CheckoutBuggyBuild - ----------------------------------------------------------------------
04:15:35.482 [main] DEBUG f.i.s.r.p.s.c.CheckoutBuggyBuild - STEP 2/18: CheckoutBuggyBuildCandidate
04:15:35.482 [main] DEBUG f.i.s.r.p.s.c.CheckoutBuggyBuild - ----------------------------------------------------------------------
04:15:35.482 [main] DEBUG f.i.s.r.p.s.c.CheckoutBuggyBuild - Checking out buggy build candidate...
04:15:35.491 [main] ERROR f.i.s.r.p.s.c.CheckoutBuggyBuild - Error while testing commit: org.eclipse.jgit.errors.MissingObjectException: Missing unknown 39295b7f843057514ad2c3d847db447ad27af217
04:15:35.491 [main] ERROR f.i.s.r.p.s.c.CheckoutBuggyBuild - Error while getting the commit to checkout from the repo.
04:15:35.492 [main] DEBUG f.i.s.r.p.s.c.CheckoutBuggyBuild - STEP STATUS: [ CheckoutBuggyBuildCandidate : FAILURE ( BUILDNOTCHECKEDOUT ) ]
04:15:35.492 [main] DEBUG f.i.s.r.p.s.c.CheckoutBuggyBuild - STEP DURATION: 0s
04:15:35.492 [main] DEBUG f.i.s.r.p.s.c.CheckoutBuggyBuild - TERMINATE PIPELINE
04:15:35.492 [main] DEBUG f.i.s.r.p.s.c.CheckoutBuggyBuild - FINAL STEPS SKIPPED: The reproduction of the bug and/or the patch failed.
04:15:35.493 [main] INFO  f.i.s.r.p.s.c.CheckoutBuggyBuild - Serialize all data for the pair of builds 359610110, 360100098
04:15:35.792 [main] INFO  fr.inria.jtravis.JTravis - GitHub ratelimit: Limit: 5000 Remaining: 4943 Reset hour: 19:34:43
04:15:37.033 [main] INFO  f.i.s.r.p.i.ProjectInspector - ----------------------------------------------------------------------
04:15:37.034 [main] INFO  f.i.s.r.p.i.ProjectInspector - PIPELINE EXECUTION SUMMARY
04:15:37.034 [main] INFO  f.i.s.r.p.i.ProjectInspector - ----------------------------------------------------------------------
04:15:37.035 [main] INFO  f.i.s.r.p.i.ProjectInspector - CloneRepository.......................................SUCCESS [ 23 s ]
04:15:37.035 [main] INFO  f.i.s.r.p.i.ProjectInspector - CheckoutBuggyBuildCandidate...........................FAILURE [  0 s ]
04:15:37.036 [main] INFO  f.i.s.r.p.i.ProjectInspector - ComputeSourceDir......................................NOT RUN         
04:15:37.036 [main] INFO  f.i.s.r.p.i.ProjectInspector - ComputeTestDir........................................NOT RUN         
04:15:37.036 [main] INFO  f.i.s.r.p.i.ProjectInspector - BuildProjectBuggyBuildCandidate.......................NOT RUN         
04:15:37.036 [main] INFO  f.i.s.r.p.i.ProjectInspector - TestProjectBuggyBuildCandidate........................NOT RUN         
04:15:37.037 [main] INFO  f.i.s.r.p.i.ProjectInspector - GatherTestInformationBuggyBuildCandidate..............NOT RUN         
04:15:37.037 [main] INFO  f.i.s.r.p.i.ProjectInspector - InitRepoToPush........................................NOT RUN         
04:15:37.037 [main] INFO  f.i.s.r.p.i.ProjectInspector - ComputeClasspath......................................NOT RUN         
04:15:37.038 [main] INFO  f.i.s.r.p.i.ProjectInspector - ComputeModules........................................NOT RUN         
04:15:37.038 [main] INFO  f.i.s.r.p.i.ProjectInspector - CheckoutPatchedBuildCandidate.........................NOT RUN         
04:15:37.039 [main] INFO  f.i.s.r.p.i.ProjectInspector - BuildProjectPatchedBuildCandidate.....................NOT RUN         
04:15:37.039 [main] INFO  f.i.s.r.p.i.ProjectInspector - TestProjectPatchedBuildCandidate......................NOT RUN         
04:15:37.039 [main] INFO  f.i.s.r.p.i.ProjectInspector - GatherTestInformationPatchedBuildCandidate............NOT RUN         
04:15:37.039 [main] INFO  f.i.s.r.p.i.ProjectInspector - CommitPatch...........................................NOT RUN         
04:15:37.040 [main] INFO  f.i.s.r.p.i.ProjectInspector - WritePropertyFile.....................................NOT RUN         
04:15:37.040 [main] INFO  f.i.s.r.p.i.ProjectInspector - CommitProcessEnd......................................NOT RUN         
04:15:37.040 [main] INFO  f.i.s.r.p.i.ProjectInspector - PushProcessEnd........................................NOT RUN         
04:15:37.041 [main] INFO  f.i.s.r.p.i.ProjectInspector - ----------------------------------------------------------------------
04:15:37.041 [main] INFO  f.i.s.r.p.i.ProjectInspector - PIPELINE FINDING: BUILDNOTCHECKEDOUT
04:15:37.041 [main] INFO  f.i.s.r.p.i.ProjectInspector - ----------------------------------------------------------------------
04:15:37.041 [main] INFO  f.i.s.repairnator.pipeline.Launcher - Inspector is finished. The process will exit now.
