01:15:39.048 [main] INFO  f.i.s.repairnator.pipeline.Launcher - PIPELINE VERSION: 3.0-2018-08-09 19:04
01:15:39.233 [main] INFO  f.i.s.repairnator.pipeline.Launcher - The pipeline will try to reproduce a bug from build 356650213 and its corresponding patch from build 356655819
01:15:39.234 [main] INFO  f.i.s.repairnator.pipeline.Launcher - Initialize file serializer engines.
01:15:39.237 [main] INFO  f.i.s.repairnator.pipeline.Launcher - MongoDB won't be used for serialization.
01:15:39.237 [main] INFO  f.i.s.repairnator.pipeline.Launcher - The email notifier engine won't be used.
01:15:39.242 [main] INFO  f.i.s.repairnator.pipeline.Launcher - Start by getting the build (buildId: 356650213) with the following config: RepairnatorConfig{runId='0405ecd4-9481-4478-9e28-81d16ab7329f_03-18-week4-FAILING_AND_PASSING', launcherMode=BEARS, serializeJson=true, inputPath='null', outputPath='/var/log', mongodbHost='null', mongodbName='repairnator', smtpServer='null', notifyTo=[], notifyEndProcess=false, push=true, pushRemoteRepo='https://github.com/fermadeiral/bears-collection-fp', fork=false, lookFromDate=null, lookToDate=null, buildId=356650213, z3solverPath='./z3_for_linux', workspacePath='./workspace', githubToken='c8a341a903[...]', dockerImageName='null', skipDelete=false, createOutputDir=false, logDirectory='null', nbThreads=0, globalTimeout=0, whiteList=null, blackList=null, jobSleepTime=0, buildSleepTime=0, maxInspectedBuilds=0, duration=null, humanPatch=false, repository='null', clean=true, bearsMode=BOTH, bearsDelimiter = false, repairTools=NopolAllTests,NPEFix,AssertFixer,AstorJGenProg,AstorJKali,NopolSingleTest,AstorJMut,NopolTestExclusionStrategy, githubUserName= fermadeiral, githubUserEmail=fer.madeiral@gmail.com}
01:15:40.678 [main] DEBUG fr.inria.jtravis.helpers.BuildHelper - Get request to :https://api.travis-ci.org/build/356650213 done after 808 ms
01:15:40.910 [main] DEBUG fr.inria.jtravis.helpers.BuildHelper - Get request to :https://api.travis-ci.org/build/356655819 done after 128 ms
01:15:40.923 [main] INFO  f.i.s.repairnator.pipeline.Launcher - The patched build (356655819) was successfully retrieved from Travis.
01:15:41.953 [main] INFO  fr.inria.jtravis.JTravis - GitHub ratelimit: Limit: 5000 Remaining: 4559 Reset hour: 19:34:32
01:15:42.311 [main] INFO  f.i.s.r.p.i.ProjectInspector - ----------------------------------------------------------------------
01:15:42.312 [main] INFO  f.i.s.r.p.i.ProjectInspector - PIPELINE STEPS
01:15:42.312 [main] INFO  f.i.s.r.p.i.ProjectInspector - ----------------------------------------------------------------------
01:15:42.313 [main] INFO  f.i.s.r.p.i.ProjectInspector - CloneRepository
01:15:42.313 [main] INFO  f.i.s.r.p.i.ProjectInspector - CheckoutBuggyBuildCandidate
01:15:42.313 [main] INFO  f.i.s.r.p.i.ProjectInspector - ComputeSourceDir
01:15:42.314 [main] INFO  f.i.s.r.p.i.ProjectInspector - ComputeTestDir
01:15:42.314 [main] INFO  f.i.s.r.p.i.ProjectInspector - BuildProjectBuggyBuildCandidate
01:15:42.314 [main] INFO  f.i.s.r.p.i.ProjectInspector - TestProjectBuggyBuildCandidate
01:15:42.315 [main] INFO  f.i.s.r.p.i.ProjectInspector - GatherTestInformationBuggyBuildCandidate
01:15:42.315 [main] INFO  f.i.s.r.p.i.ProjectInspector - InitRepoToPush
01:15:42.315 [main] INFO  f.i.s.r.p.i.ProjectInspector - ComputeClasspath
01:15:42.316 [main] INFO  f.i.s.r.p.i.ProjectInspector - ComputeModules
01:15:42.316 [main] INFO  f.i.s.r.p.i.ProjectInspector - CheckoutPatchedBuildCandidate
01:15:42.316 [main] INFO  f.i.s.r.p.i.ProjectInspector - BuildProjectPatchedBuildCandidate
01:15:42.317 [main] INFO  f.i.s.r.p.i.ProjectInspector - TestProjectPatchedBuildCandidate
01:15:42.317 [main] INFO  f.i.s.r.p.i.ProjectInspector - GatherTestInformationPatchedBuildCandidate
01:15:42.317 [main] INFO  f.i.s.r.p.i.ProjectInspector - CommitPatch
01:15:42.318 [main] INFO  f.i.s.r.p.i.ProjectInspector - WritePropertyFile
01:15:42.318 [main] INFO  f.i.s.r.p.i.ProjectInspector - CommitProcessEnd
01:15:42.318 [main] INFO  f.i.s.r.p.i.ProjectInspector - PushProcessEnd
01:15:42.319 [main] DEBUG f.i.s.r.process.step.CloneRepository - ----------------------------------------------------------------------
01:15:42.319 [main] DEBUG f.i.s.r.process.step.CloneRepository - STEP 1/18: CloneRepository
01:15:42.320 [main] DEBUG f.i.s.r.process.step.CloneRepository - ----------------------------------------------------------------------
01:15:42.320 [main] DEBUG f.i.s.r.process.step.CloneRepository - Cloning repository runelite/runelite in the following directory: ./workspace/runelite/runelite/356650213
01:15:52.631 [main] DEBUG f.i.s.r.process.step.CloneRepository - STEP STATUS: [ CloneRepository : SUCCESS ]
01:15:52.631 [main] DEBUG f.i.s.r.process.step.CloneRepository - STEP DURATION: 10s
01:15:52.632 [main] DEBUG f.i.s.r.process.step.CloneRepository - EXECUTE NEXT STEP
01:15:52.632 [main] DEBUG f.i.s.r.p.s.c.CheckoutBuggyBuild - ----------------------------------------------------------------------
01:15:52.632 [main] DEBUG f.i.s.r.p.s.c.CheckoutBuggyBuild - STEP 2/18: CheckoutBuggyBuildCandidate
01:15:52.632 [main] DEBUG f.i.s.r.p.s.c.CheckoutBuggyBuild - ----------------------------------------------------------------------
01:15:52.632 [main] DEBUG f.i.s.r.p.s.c.CheckoutBuggyBuild - Checking out buggy build candidate...
01:15:52.959 [main] INFO  fr.inria.jtravis.JTravis - GitHub ratelimit: Limit: 5000 Remaining: 4558 Reset hour: 19:34:32
01:15:53.352 [main] WARN  f.i.j.helpers.PullRequestHelper - The head repository is null: maybe it has been deleted from GitHub
01:15:53.352 [main] ERROR f.i.s.r.p.s.c.CheckoutBuggyBuild - Error while getting PR information.
01:15:53.353 [main] DEBUG f.i.s.r.p.s.c.CheckoutBuggyBuild - STEP STATUS: [ CheckoutBuggyBuildCandidate : FAILURE ( BUILDNOTCHECKEDOUT ) ]
01:15:53.354 [main] DEBUG f.i.s.r.p.s.c.CheckoutBuggyBuild - STEP DURATION: 0s
01:15:53.354 [main] DEBUG f.i.s.r.p.s.c.CheckoutBuggyBuild - TERMINATE PIPELINE
01:15:53.355 [main] DEBUG f.i.s.r.p.s.c.CheckoutBuggyBuild - FINAL STEPS SKIPPED: The reproduction of the bug and/or the patch failed.
01:15:53.355 [main] INFO  f.i.s.r.p.s.c.CheckoutBuggyBuild - Serialize all data for the pair of builds 356650213, 356655819
01:15:53.477 [main] INFO  fr.inria.jtravis.JTravis - GitHub ratelimit: Limit: 5000 Remaining: 4556 Reset hour: 19:34:32
01:15:54.484 [main] INFO  f.i.s.r.p.i.ProjectInspector - ----------------------------------------------------------------------
01:15:54.485 [main] INFO  f.i.s.r.p.i.ProjectInspector - PIPELINE EXECUTION SUMMARY
01:15:54.485 [main] INFO  f.i.s.r.p.i.ProjectInspector - ----------------------------------------------------------------------
01:15:54.485 [main] INFO  f.i.s.r.p.i.ProjectInspector - CloneRepository.......................................SUCCESS [ 10 s ]
01:15:54.486 [main] INFO  f.i.s.r.p.i.ProjectInspector - CheckoutBuggyBuildCandidate...........................FAILURE [  0 s ]
01:15:54.486 [main] INFO  f.i.s.r.p.i.ProjectInspector - ComputeSourceDir......................................NOT RUN         
01:15:54.486 [main] INFO  f.i.s.r.p.i.ProjectInspector - ComputeTestDir........................................NOT RUN         
01:15:54.487 [main] INFO  f.i.s.r.p.i.ProjectInspector - BuildProjectBuggyBuildCandidate.......................NOT RUN         
01:15:54.487 [main] INFO  f.i.s.r.p.i.ProjectInspector - TestProjectBuggyBuildCandidate........................NOT RUN         
01:15:54.487 [main] INFO  f.i.s.r.p.i.ProjectInspector - GatherTestInformationBuggyBuildCandidate..............NOT RUN         
01:15:54.488 [main] INFO  f.i.s.r.p.i.ProjectInspector - InitRepoToPush........................................NOT RUN         
01:15:54.488 [main] INFO  f.i.s.r.p.i.ProjectInspector - ComputeClasspath......................................NOT RUN         
01:15:54.488 [main] INFO  f.i.s.r.p.i.ProjectInspector - ComputeModules........................................NOT RUN         
01:15:54.491 [main] INFO  f.i.s.r.p.i.ProjectInspector - CheckoutPatchedBuildCandidate.........................NOT RUN         
01:15:54.491 [main] INFO  f.i.s.r.p.i.ProjectInspector - BuildProjectPatchedBuildCandidate.....................NOT RUN         
01:15:54.492 [main] INFO  f.i.s.r.p.i.ProjectInspector - TestProjectPatchedBuildCandidate......................NOT RUN         
01:15:54.492 [main] INFO  f.i.s.r.p.i.ProjectInspector - GatherTestInformationPatchedBuildCandidate............NOT RUN         
01:15:54.492 [main] INFO  f.i.s.r.p.i.ProjectInspector - CommitPatch...........................................NOT RUN         
01:15:54.492 [main] INFO  f.i.s.r.p.i.ProjectInspector - WritePropertyFile.....................................NOT RUN         
01:15:54.493 [main] INFO  f.i.s.r.p.i.ProjectInspector - CommitProcessEnd......................................NOT RUN         
01:15:54.493 [main] INFO  f.i.s.r.p.i.ProjectInspector - PushProcessEnd........................................NOT RUN         
01:15:54.493 [main] INFO  f.i.s.r.p.i.ProjectInspector - ----------------------------------------------------------------------
01:15:54.494 [main] INFO  f.i.s.r.p.i.ProjectInspector - PIPELINE FINDING: BUILDNOTCHECKEDOUT
01:15:54.494 [main] INFO  f.i.s.r.p.i.ProjectInspector - ----------------------------------------------------------------------
01:15:54.494 [main] INFO  f.i.s.repairnator.pipeline.Launcher - Inspector is finished. The process will exit now.
