01:07:11.199 [main] INFO  f.i.s.repairnator.pipeline.Launcher - PIPELINE VERSION: 3.0-2018-08-09 19:04
01:07:11.312 [main] INFO  f.i.s.repairnator.pipeline.Launcher - The pipeline will try to reproduce a bug from build 358693973 and its corresponding patch from build 358946441
01:07:11.312 [main] INFO  f.i.s.repairnator.pipeline.Launcher - Initialize file serializer engines.
01:07:11.313 [main] INFO  f.i.s.repairnator.pipeline.Launcher - MongoDB won't be used for serialization.
01:07:11.314 [main] INFO  f.i.s.repairnator.pipeline.Launcher - The email notifier engine won't be used.
01:07:11.317 [main] INFO  f.i.s.repairnator.pipeline.Launcher - Start by getting the build (buildId: 358693973) with the following config: RepairnatorConfig{runId='0405ecd4-9481-4478-9e28-81d16ab7329f_03-18-week4-FAILING_AND_PASSING', launcherMode=BEARS, serializeJson=true, inputPath='null', outputPath='/var/log', mongodbHost='null', mongodbName='repairnator', smtpServer='null', notifyTo=[], notifyEndProcess=false, push=true, pushRemoteRepo='https://github.com/fermadeiral/bears-collection-fp', fork=false, lookFromDate=null, lookToDate=null, buildId=358693973, z3solverPath='./z3_for_linux', workspacePath='./workspace', githubToken='c8a341a903[...]', dockerImageName='null', skipDelete=false, createOutputDir=false, logDirectory='null', nbThreads=0, globalTimeout=0, whiteList=null, blackList=null, jobSleepTime=0, buildSleepTime=0, maxInspectedBuilds=0, duration=null, humanPatch=false, repository='null', clean=true, bearsMode=BOTH, bearsDelimiter = false, repairTools=NopolAllTests,NPEFix,AssertFixer,AstorJGenProg,AstorJKali,NopolSingleTest,AstorJMut,NopolTestExclusionStrategy, githubUserName= fermadeiral, githubUserEmail=fer.madeiral@gmail.com}
01:07:12.581 [main] DEBUG fr.inria.jtravis.helpers.BuildHelper - Get request to :https://api.travis-ci.org/build/358693973 done after 760 ms
01:07:12.821 [main] DEBUG fr.inria.jtravis.helpers.BuildHelper - Get request to :https://api.travis-ci.org/build/358946441 done after 130 ms
01:07:12.835 [main] INFO  f.i.s.repairnator.pipeline.Launcher - The patched build (358946441) was successfully retrieved from Travis.
01:07:13.882 [main] INFO  fr.inria.jtravis.JTravis - GitHub ratelimit: Limit: 5000 Remaining: 4730 Reset hour: 19:34:32
01:07:14.152 [main] INFO  f.i.s.r.p.i.ProjectInspector - ----------------------------------------------------------------------
01:07:14.153 [main] INFO  f.i.s.r.p.i.ProjectInspector - PIPELINE STEPS
01:07:14.153 [main] INFO  f.i.s.r.p.i.ProjectInspector - ----------------------------------------------------------------------
01:07:14.153 [main] INFO  f.i.s.r.p.i.ProjectInspector - CloneRepository
01:07:14.153 [main] INFO  f.i.s.r.p.i.ProjectInspector - CheckoutBuggyBuildCandidate
01:07:14.154 [main] INFO  f.i.s.r.p.i.ProjectInspector - ComputeSourceDir
01:07:14.154 [main] INFO  f.i.s.r.p.i.ProjectInspector - ComputeTestDir
01:07:14.154 [main] INFO  f.i.s.r.p.i.ProjectInspector - BuildProjectBuggyBuildCandidate
01:07:14.154 [main] INFO  f.i.s.r.p.i.ProjectInspector - TestProjectBuggyBuildCandidate
01:07:14.155 [main] INFO  f.i.s.r.p.i.ProjectInspector - GatherTestInformationBuggyBuildCandidate
01:07:14.155 [main] INFO  f.i.s.r.p.i.ProjectInspector - InitRepoToPush
01:07:14.155 [main] INFO  f.i.s.r.p.i.ProjectInspector - ComputeClasspath
01:07:14.156 [main] INFO  f.i.s.r.p.i.ProjectInspector - ComputeModules
01:07:14.156 [main] INFO  f.i.s.r.p.i.ProjectInspector - CheckoutPatchedBuildCandidate
01:07:14.156 [main] INFO  f.i.s.r.p.i.ProjectInspector - BuildProjectPatchedBuildCandidate
01:07:14.156 [main] INFO  f.i.s.r.p.i.ProjectInspector - TestProjectPatchedBuildCandidate
01:07:14.157 [main] INFO  f.i.s.r.p.i.ProjectInspector - GatherTestInformationPatchedBuildCandidate
01:07:14.157 [main] INFO  f.i.s.r.p.i.ProjectInspector - CommitPatch
01:07:14.157 [main] INFO  f.i.s.r.p.i.ProjectInspector - WritePropertyFile
01:07:14.158 [main] INFO  f.i.s.r.p.i.ProjectInspector - CommitProcessEnd
01:07:14.158 [main] INFO  f.i.s.r.p.i.ProjectInspector - PushProcessEnd
01:07:14.158 [main] DEBUG f.i.s.r.process.step.CloneRepository - ----------------------------------------------------------------------
01:07:14.159 [main] DEBUG f.i.s.r.process.step.CloneRepository - STEP 1/18: CloneRepository
01:07:14.159 [main] DEBUG f.i.s.r.process.step.CloneRepository - ----------------------------------------------------------------------
01:07:14.160 [main] DEBUG f.i.s.r.process.step.CloneRepository - Cloning repository runelite/runelite in the following directory: ./workspace/runelite/runelite/358693973
01:07:24.871 [main] DEBUG f.i.s.r.process.step.CloneRepository - STEP STATUS: [ CloneRepository : SUCCESS ]
01:07:24.871 [main] DEBUG f.i.s.r.process.step.CloneRepository - STEP DURATION: 10s
01:07:24.872 [main] DEBUG f.i.s.r.process.step.CloneRepository - EXECUTE NEXT STEP
01:07:24.872 [main] DEBUG f.i.s.r.p.s.c.CheckoutBuggyBuild - ----------------------------------------------------------------------
01:07:24.872 [main] DEBUG f.i.s.r.p.s.c.CheckoutBuggyBuild - STEP 2/18: CheckoutBuggyBuildCandidate
01:07:24.872 [main] DEBUG f.i.s.r.p.s.c.CheckoutBuggyBuild - ----------------------------------------------------------------------
01:07:24.872 [main] DEBUG f.i.s.r.p.s.c.CheckoutBuggyBuild - Checking out buggy build candidate...
01:07:25.188 [main] INFO  fr.inria.jtravis.JTravis - GitHub ratelimit: Limit: 5000 Remaining: 4727 Reset hour: 19:34:32
01:07:25.549 [main] WARN  f.i.j.helpers.PullRequestHelper - The head repository is null: maybe it has been deleted from GitHub
01:07:25.549 [main] ERROR f.i.s.r.p.s.c.CheckoutBuggyBuild - Error while getting PR information.
01:07:25.550 [main] DEBUG f.i.s.r.p.s.c.CheckoutBuggyBuild - STEP STATUS: [ CheckoutBuggyBuildCandidate : FAILURE ( BUILDNOTCHECKEDOUT ) ]
01:07:25.552 [main] DEBUG f.i.s.r.p.s.c.CheckoutBuggyBuild - STEP DURATION: 0s
01:07:25.552 [main] DEBUG f.i.s.r.p.s.c.CheckoutBuggyBuild - TERMINATE PIPELINE
01:07:25.552 [main] DEBUG f.i.s.r.p.s.c.CheckoutBuggyBuild - FINAL STEPS SKIPPED: The reproduction of the bug and/or the patch failed.
01:07:25.553 [main] INFO  f.i.s.r.p.s.c.CheckoutBuggyBuild - Serialize all data for the pair of builds 358693973, 358946441
01:07:25.667 [main] INFO  fr.inria.jtravis.JTravis - GitHub ratelimit: Limit: 5000 Remaining: 4725 Reset hour: 19:34:32
01:07:26.319 [main] INFO  f.i.s.r.p.i.ProjectInspector - ----------------------------------------------------------------------
01:07:26.319 [main] INFO  f.i.s.r.p.i.ProjectInspector - PIPELINE EXECUTION SUMMARY
01:07:26.319 [main] INFO  f.i.s.r.p.i.ProjectInspector - ----------------------------------------------------------------------
01:07:26.320 [main] INFO  f.i.s.r.p.i.ProjectInspector - CloneRepository.......................................SUCCESS [ 10 s ]
01:07:26.320 [main] INFO  f.i.s.r.p.i.ProjectInspector - CheckoutBuggyBuildCandidate...........................FAILURE [  0 s ]
01:07:26.320 [main] INFO  f.i.s.r.p.i.ProjectInspector - ComputeSourceDir......................................NOT RUN         
01:07:26.320 [main] INFO  f.i.s.r.p.i.ProjectInspector - ComputeTestDir........................................NOT RUN         
01:07:26.320 [main] INFO  f.i.s.r.p.i.ProjectInspector - BuildProjectBuggyBuildCandidate.......................NOT RUN         
01:07:26.321 [main] INFO  f.i.s.r.p.i.ProjectInspector - TestProjectBuggyBuildCandidate........................NOT RUN         
01:07:26.321 [main] INFO  f.i.s.r.p.i.ProjectInspector - GatherTestInformationBuggyBuildCandidate..............NOT RUN         
01:07:26.321 [main] INFO  f.i.s.r.p.i.ProjectInspector - InitRepoToPush........................................NOT RUN         
01:07:26.322 [main] INFO  f.i.s.r.p.i.ProjectInspector - ComputeClasspath......................................NOT RUN         
01:07:26.322 [main] INFO  f.i.s.r.p.i.ProjectInspector - ComputeModules........................................NOT RUN         
01:07:26.323 [main] INFO  f.i.s.r.p.i.ProjectInspector - CheckoutPatchedBuildCandidate.........................NOT RUN         
01:07:26.323 [main] INFO  f.i.s.r.p.i.ProjectInspector - BuildProjectPatchedBuildCandidate.....................NOT RUN         
01:07:26.324 [main] INFO  f.i.s.r.p.i.ProjectInspector - TestProjectPatchedBuildCandidate......................NOT RUN         
01:07:26.324 [main] INFO  f.i.s.r.p.i.ProjectInspector - GatherTestInformationPatchedBuildCandidate............NOT RUN         
01:07:26.324 [main] INFO  f.i.s.r.p.i.ProjectInspector - CommitPatch...........................................NOT RUN         
01:07:26.324 [main] INFO  f.i.s.r.p.i.ProjectInspector - WritePropertyFile.....................................NOT RUN         
01:07:26.324 [main] INFO  f.i.s.r.p.i.ProjectInspector - CommitProcessEnd......................................NOT RUN         
01:07:26.325 [main] INFO  f.i.s.r.p.i.ProjectInspector - PushProcessEnd........................................NOT RUN         
01:07:26.325 [main] INFO  f.i.s.r.p.i.ProjectInspector - ----------------------------------------------------------------------
01:07:26.325 [main] INFO  f.i.s.r.p.i.ProjectInspector - PIPELINE FINDING: BUILDNOTCHECKEDOUT
01:07:26.325 [main] INFO  f.i.s.r.p.i.ProjectInspector - ----------------------------------------------------------------------
01:07:26.326 [main] INFO  f.i.s.repairnator.pipeline.Launcher - Inspector is finished. The process will exit now.
