03:59:41.044 [main] INFO  f.i.s.repairnator.pipeline.Launcher - PIPELINE VERSION: 3.0-2018-08-09 19:04
03:59:41.267 [main] INFO  f.i.s.repairnator.pipeline.Launcher - The pipeline will try to reproduce a bug from build 339322196 and its corresponding patch from build 339322881
03:59:41.268 [main] INFO  f.i.s.repairnator.pipeline.Launcher - Initialize file serializer engines.
03:59:41.270 [main] INFO  f.i.s.repairnator.pipeline.Launcher - MongoDB won't be used for serialization.
03:59:41.270 [main] INFO  f.i.s.repairnator.pipeline.Launcher - The email notifier engine won't be used.
03:59:41.273 [main] INFO  f.i.s.repairnator.pipeline.Launcher - Start by getting the build (buildId: 339322196) with the following config: RepairnatorConfig{runId='d3ce7021-6f7e-4bbd-b7fc-dc7f588b701c_02-18-week2-PASSING_AND_PASSING', launcherMode=BEARS, serializeJson=true, inputPath='null', outputPath='/var/log', mongodbHost='null', mongodbName='repairnator', smtpServer='null', notifyTo=[], notifyEndProcess=false, push=true, pushRemoteRepo='https://github.com/fermadeiral/bears-collection-pp', fork=false, lookFromDate=null, lookToDate=null, buildId=339322196, z3solverPath='./z3_for_linux', workspacePath='./workspace', githubToken='c8a341a903[...]', dockerImageName='null', skipDelete=false, createOutputDir=false, logDirectory='null', nbThreads=0, globalTimeout=0, whiteList=null, blackList=null, jobSleepTime=0, buildSleepTime=0, maxInspectedBuilds=0, duration=null, humanPatch=false, repository='null', clean=true, bearsMode=BOTH, bearsDelimiter = false, repairTools=NopolAllTests,NPEFix,AssertFixer,AstorJGenProg,AstorJKali,NopolSingleTest,AstorJMut,NopolTestExclusionStrategy, githubUserName= fermadeiral, githubUserEmail=fer.madeiral@gmail.com}
03:59:42.794 [main] DEBUG fr.inria.jtravis.helpers.BuildHelper - Get request to :https://api.travis-ci.org/build/339322196 done after 977 ms
03:59:43.116 [main] DEBUG fr.inria.jtravis.helpers.BuildHelper - Get request to :https://api.travis-ci.org/build/339322881 done after 138 ms
03:59:43.140 [main] INFO  f.i.s.repairnator.pipeline.Launcher - The patched build (339322881) was successfully retrieved from Travis.
03:59:44.386 [main] INFO  fr.inria.jtravis.JTravis - GitHub ratelimit: Limit: 5000 Remaining: 4631 Reset hour: 19:24:38
03:59:44.643 [main] INFO  f.i.s.r.p.i.ProjectInspector - ----------------------------------------------------------------------
03:59:44.644 [main] INFO  f.i.s.r.p.i.ProjectInspector - PIPELINE STEPS
03:59:44.644 [main] INFO  f.i.s.r.p.i.ProjectInspector - ----------------------------------------------------------------------
03:59:44.644 [main] INFO  f.i.s.r.p.i.ProjectInspector - CloneRepository
03:59:44.644 [main] INFO  f.i.s.r.p.i.ProjectInspector - CheckoutPatchedBuildCandidate
03:59:44.644 [main] INFO  f.i.s.r.p.i.ProjectInspector - ComputeSourceDir
03:59:44.645 [main] INFO  f.i.s.r.p.i.ProjectInspector - ComputeTestDir
03:59:44.645 [main] INFO  f.i.s.r.p.i.ProjectInspector - CheckoutBuggyBuildCandidateSourceCode
03:59:44.645 [main] INFO  f.i.s.r.p.i.ProjectInspector - BuildProjectBuggyBuildCandidateSourceCode
03:59:44.645 [main] INFO  f.i.s.r.p.i.ProjectInspector - TestProjectBuggyBuildCandidateSourceCode
03:59:44.645 [main] INFO  f.i.s.r.p.i.ProjectInspector - GatherTestInformationBuggyBuildCandidateSourceCode
03:59:44.645 [main] INFO  f.i.s.r.p.i.ProjectInspector - CheckoutBuggyBuildTestCode
03:59:44.645 [main] INFO  f.i.s.r.p.i.ProjectInspector - InitRepoToPush
03:59:44.646 [main] INFO  f.i.s.r.p.i.ProjectInspector - ComputeClasspath
03:59:44.646 [main] INFO  f.i.s.r.p.i.ProjectInspector - ComputeModules
03:59:44.646 [main] INFO  f.i.s.r.p.i.ProjectInspector - CheckoutBuggyBuildCandidateSourceCode
03:59:44.646 [main] INFO  f.i.s.r.p.i.ProjectInspector - CommitChangedTests
03:59:44.646 [main] INFO  f.i.s.r.p.i.ProjectInspector - CheckoutPatchedBuildCandidate
03:59:44.646 [main] INFO  f.i.s.r.p.i.ProjectInspector - BuildProjectPatchedBuildCandidate
03:59:44.646 [main] INFO  f.i.s.r.p.i.ProjectInspector - TestProjectPatchedBuildCandidate
03:59:44.647 [main] INFO  f.i.s.r.p.i.ProjectInspector - GatherTestInformationPatchedBuildCandidate
03:59:44.647 [main] INFO  f.i.s.r.p.i.ProjectInspector - CommitPatch
03:59:44.647 [main] INFO  f.i.s.r.p.i.ProjectInspector - WritePropertyFile
03:59:44.647 [main] INFO  f.i.s.r.p.i.ProjectInspector - CommitProcessEnd
03:59:44.647 [main] INFO  f.i.s.r.p.i.ProjectInspector - PushProcessEnd
03:59:44.648 [main] DEBUG f.i.s.r.process.step.CloneRepository - ----------------------------------------------------------------------
03:59:44.648 [main] DEBUG f.i.s.r.process.step.CloneRepository - STEP 1/22: CloneRepository
03:59:44.649 [main] DEBUG f.i.s.r.process.step.CloneRepository - ----------------------------------------------------------------------
03:59:44.649 [main] DEBUG f.i.s.r.process.step.CloneRepository - Cloning repository terasolunaorg/tutorial-apps in the following directory: ./workspace/terasolunaorg/tutorial-apps/339322196
03:59:48.572 [main] DEBUG f.i.s.r.process.step.CloneRepository - STEP STATUS: [ CloneRepository : SUCCESS ]
03:59:48.573 [main] DEBUG f.i.s.r.process.step.CloneRepository - STEP DURATION: 3s
03:59:48.574 [main] DEBUG f.i.s.r.process.step.CloneRepository - EXECUTE NEXT STEP
03:59:48.575 [main] DEBUG f.i.s.r.p.s.c.CheckoutPatchedBuild - ----------------------------------------------------------------------
03:59:48.575 [main] DEBUG f.i.s.r.p.s.c.CheckoutPatchedBuild - STEP 2/22: CheckoutPatchedBuildCandidate
03:59:48.576 [main] DEBUG f.i.s.r.p.s.c.CheckoutPatchedBuild - ----------------------------------------------------------------------
03:59:48.576 [main] DEBUG f.i.s.r.p.s.c.CheckoutPatchedBuild - Checking out patched build candidate...
03:59:48.597 [main] DEBUG f.i.s.r.p.s.c.CheckoutPatchedBuild - Get commit dd0993c803a24924d4b6eace001d078ac8a5caec for repo terasolunaorg/tutorial-apps
03:59:48.919 [main] INFO  f.i.s.r.process.git.GitHelper - Init git submodules.
03:59:48.967 [main] DEBUG f.i.s.r.p.s.c.CheckoutPatchedBuild - STEP STATUS: [ CheckoutPatchedBuildCandidate : SUCCESS ]
03:59:48.968 [main] DEBUG f.i.s.r.p.s.c.CheckoutPatchedBuild - STEP DURATION: 0s
03:59:48.969 [main] DEBUG f.i.s.r.p.s.c.CheckoutPatchedBuild - EXECUTE NEXT STEP
03:59:48.969 [main] DEBUG f.i.s.r.p.s.paths.ComputeSourceDir - ----------------------------------------------------------------------
03:59:48.970 [main] DEBUG f.i.s.r.p.s.paths.ComputeSourceDir - STEP 3/22: ComputeSourceDir
03:59:48.970 [main] DEBUG f.i.s.r.p.s.paths.ComputeSourceDir - ----------------------------------------------------------------------
03:59:48.971 [main] DEBUG f.i.s.r.p.s.paths.ComputeSourceDir - Computing the source directory ...
03:59:48.972 [main] DEBUG f.i.s.r.p.s.paths.ComputeSourceDir - The default source directory (/root/workspace/terasolunaorg/tutorial-apps/339322196/src/main/java) does not exist. Try to read pom.xml to get information.
03:59:49.274 [main] DEBUG f.i.s.r.p.s.paths.ComputeSourceDir - The source directory given in pom.xml (/root/workspace/terasolunaorg/tutorial-apps/339322196/src/main/java) does not exist. Continue to try to get source dir from all modules.
03:59:49.275 [main] ERROR f.i.s.r.p.s.paths.ComputeSourceDir - The source directory is not at default location or specified in build section from pom.xml, and no parent can be found.
03:59:49.278 [main] ERROR f.i.s.r.p.s.paths.ComputeSourceDir - Fail to find source directories.
03:59:49.281 [main] DEBUG f.i.s.r.p.s.paths.ComputeSourceDir - STEP STATUS: [ ComputeSourceDir : FAILURE ( SOURCEDIRNOTCOMPUTED ) ]
03:59:49.281 [main] DEBUG f.i.s.r.p.s.paths.ComputeSourceDir - STEP DURATION: 0s
03:59:49.281 [main] DEBUG f.i.s.r.p.s.paths.ComputeSourceDir - TERMINATE PIPELINE
03:59:49.282 [main] DEBUG f.i.s.r.p.s.paths.ComputeSourceDir - FINAL STEPS SKIPPED: The reproduction of the bug and/or the patch failed.
03:59:49.283 [main] INFO  f.i.s.r.p.s.paths.ComputeSourceDir - Serialize all data for the pair of builds 339322196, 339322881
03:59:49.397 [main] INFO  fr.inria.jtravis.JTravis - GitHub ratelimit: Limit: 5000 Remaining: 4623 Reset hour: 19:24:38
03:59:50.072 [main] INFO  f.i.s.r.p.i.ProjectInspector - ----------------------------------------------------------------------
03:59:50.073 [main] INFO  f.i.s.r.p.i.ProjectInspector - PIPELINE EXECUTION SUMMARY
03:59:50.073 [main] INFO  f.i.s.r.p.i.ProjectInspector - ----------------------------------------------------------------------
03:59:50.074 [main] INFO  f.i.s.r.p.i.ProjectInspector - CloneRepository........................................SUCCESS [ 3 s ]
03:59:50.074 [main] INFO  f.i.s.r.p.i.ProjectInspector - CheckoutPatchedBuildCandidate..........................SUCCESS [ 0 s ]
03:59:50.074 [main] INFO  f.i.s.r.p.i.ProjectInspector - ComputeSourceDir.......................................FAILURE [ 0 s ]
03:59:50.074 [main] INFO  f.i.s.r.p.i.ProjectInspector - ComputeTestDir.........................................NOT RUN        
03:59:50.075 [main] INFO  f.i.s.r.p.i.ProjectInspector - CheckoutBuggyBuildCandidateSourceCode..................NOT RUN        
03:59:50.075 [main] INFO  f.i.s.r.p.i.ProjectInspector - BuildProjectBuggyBuildCandidateSourceCode..............NOT RUN        
03:59:50.075 [main] INFO  f.i.s.r.p.i.ProjectInspector - TestProjectBuggyBuildCandidateSourceCode...............NOT RUN        
03:59:50.075 [main] INFO  f.i.s.r.p.i.ProjectInspector - GatherTestInformationBuggyBuildCandidateSourceCode.....NOT RUN        
03:59:50.076 [main] INFO  f.i.s.r.p.i.ProjectInspector - CheckoutBuggyBuildTestCode.............................NOT RUN        
03:59:50.076 [main] INFO  f.i.s.r.p.i.ProjectInspector - InitRepoToPush.........................................NOT RUN        
03:59:50.076 [main] INFO  f.i.s.r.p.i.ProjectInspector - ComputeClasspath.......................................NOT RUN        
03:59:50.077 [main] INFO  f.i.s.r.p.i.ProjectInspector - ComputeModules.........................................NOT RUN        
03:59:50.078 [main] INFO  f.i.s.r.p.i.ProjectInspector - CheckoutBuggyBuildCandidateSourceCode..................NOT RUN        
03:59:50.078 [main] INFO  f.i.s.r.p.i.ProjectInspector - CommitChangedTests.....................................NOT RUN        
03:59:50.078 [main] INFO  f.i.s.r.p.i.ProjectInspector - CheckoutPatchedBuildCandidate..........................NOT RUN        
03:59:50.078 [main] INFO  f.i.s.r.p.i.ProjectInspector - BuildProjectPatchedBuildCandidate......................NOT RUN        
03:59:50.079 [main] INFO  f.i.s.r.p.i.ProjectInspector - TestProjectPatchedBuildCandidate.......................NOT RUN        
03:59:50.080 [main] INFO  f.i.s.r.p.i.ProjectInspector - GatherTestInformationPatchedBuildCandidate.............NOT RUN        
03:59:50.080 [main] INFO  f.i.s.r.p.i.ProjectInspector - CommitPatch............................................NOT RUN        
03:59:50.080 [main] INFO  f.i.s.r.p.i.ProjectInspector - WritePropertyFile......................................NOT RUN        
03:59:50.080 [main] INFO  f.i.s.r.p.i.ProjectInspector - CommitProcessEnd.......................................NOT RUN        
03:59:50.080 [main] INFO  f.i.s.r.p.i.ProjectInspector - PushProcessEnd.........................................NOT RUN        
03:59:50.081 [main] INFO  f.i.s.r.p.i.ProjectInspector - ----------------------------------------------------------------------
03:59:50.081 [main] INFO  f.i.s.r.p.i.ProjectInspector - PIPELINE FINDING: SOURCEDIRNOTCOMPUTED
03:59:50.081 [main] INFO  f.i.s.r.p.i.ProjectInspector - ----------------------------------------------------------------------
03:59:50.081 [main] INFO  f.i.s.repairnator.pipeline.Launcher - Inspector is finished. The process will exit now.
