12:08:42.817 [main] INFO  f.i.s.repairnator.pipeline.Launcher - PIPELINE VERSION: 3.0-2018-08-09 19:04
12:08:43.014 [main] INFO  f.i.s.repairnator.pipeline.Launcher - The pipeline will try to reproduce a bug from build 340923774 and its corresponding patch from build 340927086
12:08:43.014 [main] INFO  f.i.s.repairnator.pipeline.Launcher - Initialize file serializer engines.
12:08:43.017 [main] INFO  f.i.s.repairnator.pipeline.Launcher - MongoDB won't be used for serialization.
12:08:43.017 [main] INFO  f.i.s.repairnator.pipeline.Launcher - The email notifier engine won't be used.
12:08:43.022 [main] INFO  f.i.s.repairnator.pipeline.Launcher - Start by getting the build (buildId: 340923774) with the following config: RepairnatorConfig{runId='d3ce7021-6f7e-4bbd-b7fc-dc7f588b701c_02-18-week2-PASSING_AND_PASSING', launcherMode=BEARS, serializeJson=true, inputPath='null', outputPath='/var/log', mongodbHost='null', mongodbName='repairnator', smtpServer='null', notifyTo=[], notifyEndProcess=false, push=true, pushRemoteRepo='https://github.com/fermadeiral/bears-collection-pp', fork=false, lookFromDate=null, lookToDate=null, buildId=340923774, z3solverPath='./z3_for_linux', workspacePath='./workspace', githubToken='c8a341a903[...]', dockerImageName='null', skipDelete=false, createOutputDir=false, logDirectory='null', nbThreads=0, globalTimeout=0, whiteList=null, blackList=null, jobSleepTime=0, buildSleepTime=0, maxInspectedBuilds=0, duration=null, humanPatch=false, repository='null', clean=true, bearsMode=BOTH, bearsDelimiter = false, repairTools=NopolAllTests,NPEFix,AssertFixer,AstorJGenProg,AstorJKali,NopolSingleTest,AstorJMut,NopolTestExclusionStrategy, githubUserName= fermadeiral, githubUserEmail=fer.madeiral@gmail.com}
12:08:44.568 [main] DEBUG fr.inria.jtravis.helpers.BuildHelper - Get request to :https://api.travis-ci.org/build/340923774 done after 879 ms
12:08:44.848 [main] DEBUG fr.inria.jtravis.helpers.BuildHelper - Get request to :https://api.travis-ci.org/build/340927086 done after 137 ms
12:08:44.870 [main] INFO  f.i.s.repairnator.pipeline.Launcher - The patched build (340927086) was successfully retrieved from Travis.
12:08:46.235 [main] INFO  fr.inria.jtravis.JTravis - GitHub ratelimit: Limit: 5000 Remaining: 4896 Reset hour: 19:25:08
12:08:46.519 [main] INFO  f.i.s.r.p.i.ProjectInspector - ----------------------------------------------------------------------
12:08:46.520 [main] INFO  f.i.s.r.p.i.ProjectInspector - PIPELINE STEPS
12:08:46.520 [main] INFO  f.i.s.r.p.i.ProjectInspector - ----------------------------------------------------------------------
12:08:46.520 [main] INFO  f.i.s.r.p.i.ProjectInspector - CloneRepository
12:08:46.521 [main] INFO  f.i.s.r.p.i.ProjectInspector - CheckoutPatchedBuildCandidate
12:08:46.521 [main] INFO  f.i.s.r.p.i.ProjectInspector - ComputeSourceDir
12:08:46.521 [main] INFO  f.i.s.r.p.i.ProjectInspector - ComputeTestDir
12:08:46.521 [main] INFO  f.i.s.r.p.i.ProjectInspector - CheckoutBuggyBuildCandidateSourceCode
12:08:46.522 [main] INFO  f.i.s.r.p.i.ProjectInspector - BuildProjectBuggyBuildCandidateSourceCode
12:08:46.522 [main] INFO  f.i.s.r.p.i.ProjectInspector - TestProjectBuggyBuildCandidateSourceCode
12:08:46.522 [main] INFO  f.i.s.r.p.i.ProjectInspector - GatherTestInformationBuggyBuildCandidateSourceCode
12:08:46.522 [main] INFO  f.i.s.r.p.i.ProjectInspector - CheckoutBuggyBuildTestCode
12:08:46.523 [main] INFO  f.i.s.r.p.i.ProjectInspector - InitRepoToPush
12:08:46.523 [main] INFO  f.i.s.r.p.i.ProjectInspector - ComputeClasspath
12:08:46.523 [main] INFO  f.i.s.r.p.i.ProjectInspector - ComputeModules
12:08:46.523 [main] INFO  f.i.s.r.p.i.ProjectInspector - CheckoutBuggyBuildCandidateSourceCode
12:08:46.524 [main] INFO  f.i.s.r.p.i.ProjectInspector - CommitChangedTests
12:08:46.524 [main] INFO  f.i.s.r.p.i.ProjectInspector - CheckoutPatchedBuildCandidate
12:08:46.524 [main] INFO  f.i.s.r.p.i.ProjectInspector - BuildProjectPatchedBuildCandidate
12:08:46.524 [main] INFO  f.i.s.r.p.i.ProjectInspector - TestProjectPatchedBuildCandidate
12:08:46.525 [main] INFO  f.i.s.r.p.i.ProjectInspector - GatherTestInformationPatchedBuildCandidate
12:08:46.525 [main] INFO  f.i.s.r.p.i.ProjectInspector - CommitPatch
12:08:46.526 [main] INFO  f.i.s.r.p.i.ProjectInspector - WritePropertyFile
12:08:46.526 [main] INFO  f.i.s.r.p.i.ProjectInspector - CommitProcessEnd
12:08:46.526 [main] INFO  f.i.s.r.p.i.ProjectInspector - PushProcessEnd
12:08:46.527 [main] DEBUG f.i.s.r.process.step.CloneRepository - ----------------------------------------------------------------------
12:08:46.527 [main] DEBUG f.i.s.r.process.step.CloneRepository - STEP 1/22: CloneRepository
12:08:46.527 [main] DEBUG f.i.s.r.process.step.CloneRepository - ----------------------------------------------------------------------
12:08:46.528 [main] DEBUG f.i.s.r.process.step.CloneRepository - Cloning repository MyCoRe-Org/mycore in the following directory: ./workspace/MyCoRe-Org/mycore/340923774
12:10:07.028 [main] DEBUG f.i.s.r.process.step.CloneRepository - STEP STATUS: [ CloneRepository : SUCCESS ]
12:10:07.028 [main] DEBUG f.i.s.r.process.step.CloneRepository - STEP DURATION: 80s
12:10:07.029 [main] DEBUG f.i.s.r.process.step.CloneRepository - EXECUTE NEXT STEP
12:10:07.029 [main] DEBUG f.i.s.r.p.s.c.CheckoutPatchedBuild - ----------------------------------------------------------------------
12:10:07.029 [main] DEBUG f.i.s.r.p.s.c.CheckoutPatchedBuild - STEP 2/22: CheckoutPatchedBuildCandidate
12:10:07.030 [main] DEBUG f.i.s.r.p.s.c.CheckoutPatchedBuild - ----------------------------------------------------------------------
12:10:07.030 [main] DEBUG f.i.s.r.p.s.c.CheckoutPatchedBuild - Checking out patched build candidate...
12:10:07.044 [main] ERROR f.i.s.r.p.s.c.CheckoutPatchedBuild - Error while testing commit: org.eclipse.jgit.errors.MissingObjectException: Missing unknown 96199dfae5942ca05dc720602b8def4b8dc6a85b
12:10:07.045 [main] ERROR f.i.s.r.p.s.c.CheckoutPatchedBuild - Error while getting the commit to checkout from the repo.
12:10:07.046 [main] DEBUG f.i.s.r.p.s.c.CheckoutPatchedBuild - STEP STATUS: [ CheckoutPatchedBuildCandidate : FAILURE ( BUILDNOTCHECKEDOUT ) ]
12:10:07.046 [main] DEBUG f.i.s.r.p.s.c.CheckoutPatchedBuild - STEP DURATION: 0s
12:10:07.046 [main] DEBUG f.i.s.r.p.s.c.CheckoutPatchedBuild - TERMINATE PIPELINE
12:10:07.046 [main] DEBUG f.i.s.r.p.s.c.CheckoutPatchedBuild - FINAL STEPS SKIPPED: The reproduction of the bug and/or the patch failed.
12:10:07.047 [main] INFO  f.i.s.r.p.s.c.CheckoutPatchedBuild - Serialize all data for the pair of builds 340923774, 340927086
12:10:07.392 [main] INFO  fr.inria.jtravis.JTravis - GitHub ratelimit: Limit: 5000 Remaining: 4891 Reset hour: 19:25:08
12:10:08.549 [main] INFO  f.i.s.r.p.i.ProjectInspector - ----------------------------------------------------------------------
12:10:08.549 [main] INFO  f.i.s.r.p.i.ProjectInspector - PIPELINE EXECUTION SUMMARY
12:10:08.549 [main] INFO  f.i.s.r.p.i.ProjectInspector - ----------------------------------------------------------------------
12:10:08.550 [main] INFO  f.i.s.r.p.i.ProjectInspector - CloneRepository.......................................SUCCESS [ 80 s ]
12:10:08.551 [main] INFO  f.i.s.r.p.i.ProjectInspector - CheckoutPatchedBuildCandidate.........................FAILURE [  0 s ]
12:10:08.551 [main] INFO  f.i.s.r.p.i.ProjectInspector - ComputeSourceDir......................................NOT RUN         
12:10:08.551 [main] INFO  f.i.s.r.p.i.ProjectInspector - ComputeTestDir........................................NOT RUN         
12:10:08.551 [main] INFO  f.i.s.r.p.i.ProjectInspector - CheckoutBuggyBuildCandidateSourceCode.................NOT RUN         
12:10:08.552 [main] INFO  f.i.s.r.p.i.ProjectInspector - BuildProjectBuggyBuildCandidateSourceCode.............NOT RUN         
12:10:08.552 [main] INFO  f.i.s.r.p.i.ProjectInspector - TestProjectBuggyBuildCandidateSourceCode..............NOT RUN         
12:10:08.553 [main] INFO  f.i.s.r.p.i.ProjectInspector - GatherTestInformationBuggyBuildCandidateSourceCode....NOT RUN         
12:10:08.553 [main] INFO  f.i.s.r.p.i.ProjectInspector - CheckoutBuggyBuildTestCode............................NOT RUN         
12:10:08.553 [main] INFO  f.i.s.r.p.i.ProjectInspector - InitRepoToPush........................................NOT RUN         
12:10:08.553 [main] INFO  f.i.s.r.p.i.ProjectInspector - ComputeClasspath......................................NOT RUN         
12:10:08.554 [main] INFO  f.i.s.r.p.i.ProjectInspector - ComputeModules........................................NOT RUN         
12:10:08.554 [main] INFO  f.i.s.r.p.i.ProjectInspector - CheckoutBuggyBuildCandidateSourceCode.................NOT RUN         
12:10:08.554 [main] INFO  f.i.s.r.p.i.ProjectInspector - CommitChangedTests....................................NOT RUN         
12:10:08.554 [main] INFO  f.i.s.r.p.i.ProjectInspector - CheckoutPatchedBuildCandidate.........................NOT RUN         
12:10:08.555 [main] INFO  f.i.s.r.p.i.ProjectInspector - BuildProjectPatchedBuildCandidate.....................NOT RUN         
12:10:08.555 [main] INFO  f.i.s.r.p.i.ProjectInspector - TestProjectPatchedBuildCandidate......................NOT RUN         
12:10:08.555 [main] INFO  f.i.s.r.p.i.ProjectInspector - GatherTestInformationPatchedBuildCandidate............NOT RUN         
12:10:08.555 [main] INFO  f.i.s.r.p.i.ProjectInspector - CommitPatch...........................................NOT RUN         
12:10:08.556 [main] INFO  f.i.s.r.p.i.ProjectInspector - WritePropertyFile.....................................NOT RUN         
12:10:08.556 [main] INFO  f.i.s.r.p.i.ProjectInspector - CommitProcessEnd......................................NOT RUN         
12:10:08.556 [main] INFO  f.i.s.r.p.i.ProjectInspector - PushProcessEnd........................................NOT RUN         
12:10:08.557 [main] INFO  f.i.s.r.p.i.ProjectInspector - ----------------------------------------------------------------------
12:10:08.557 [main] INFO  f.i.s.r.p.i.ProjectInspector - PIPELINE FINDING: BUILDNOTCHECKEDOUT
12:10:08.557 [main] INFO  f.i.s.r.p.i.ProjectInspector - ----------------------------------------------------------------------
12:10:08.558 [main] INFO  f.i.s.repairnator.pipeline.Launcher - Inspector is finished. The process will exit now.
