12:09:55.789 [main] INFO  f.i.s.repairnator.pipeline.Launcher - PIPELINE VERSION: 3.0-2018-08-09 19:04
12:09:56.003 [main] INFO  f.i.s.repairnator.pipeline.Launcher - The pipeline will try to reproduce a bug from build 340923782 and its corresponding patch from build 340927104
12:09:56.004 [main] INFO  f.i.s.repairnator.pipeline.Launcher - Initialize file serializer engines.
12:09:56.007 [main] INFO  f.i.s.repairnator.pipeline.Launcher - MongoDB won't be used for serialization.
12:09:56.007 [main] INFO  f.i.s.repairnator.pipeline.Launcher - The email notifier engine won't be used.
12:09:56.012 [main] INFO  f.i.s.repairnator.pipeline.Launcher - Start by getting the build (buildId: 340923782) with the following config: RepairnatorConfig{runId='d3ce7021-6f7e-4bbd-b7fc-dc7f588b701c_02-18-week2-PASSING_AND_PASSING', launcherMode=BEARS, serializeJson=true, inputPath='null', outputPath='/var/log', mongodbHost='null', mongodbName='repairnator', smtpServer='null', notifyTo=[], notifyEndProcess=false, push=true, pushRemoteRepo='https://github.com/fermadeiral/bears-collection-pp', fork=false, lookFromDate=null, lookToDate=null, buildId=340923782, z3solverPath='./z3_for_linux', workspacePath='./workspace', githubToken='c8a341a903[...]', dockerImageName='null', skipDelete=false, createOutputDir=false, logDirectory='null', nbThreads=0, globalTimeout=0, whiteList=null, blackList=null, jobSleepTime=0, buildSleepTime=0, maxInspectedBuilds=0, duration=null, humanPatch=false, repository='null', clean=true, bearsMode=BOTH, bearsDelimiter = false, repairTools=NopolAllTests,NPEFix,AssertFixer,AstorJGenProg,AstorJKali,NopolSingleTest,AstorJMut,NopolTestExclusionStrategy, githubUserName= fermadeiral, githubUserEmail=fer.madeiral@gmail.com}
12:09:57.564 [main] DEBUG fr.inria.jtravis.helpers.BuildHelper - Get request to :https://api.travis-ci.org/build/340923782 done after 933 ms
12:09:57.904 [main] DEBUG fr.inria.jtravis.helpers.BuildHelper - Get request to :https://api.travis-ci.org/build/340927104 done after 147 ms
12:09:57.924 [main] INFO  f.i.s.repairnator.pipeline.Launcher - The patched build (340927104) was successfully retrieved from Travis.
12:09:59.268 [main] INFO  fr.inria.jtravis.JTravis - GitHub ratelimit: Limit: 5000 Remaining: 4892 Reset hour: 19:25:08
12:09:59.648 [main] INFO  f.i.s.r.p.i.ProjectInspector - ----------------------------------------------------------------------
12:09:59.648 [main] INFO  f.i.s.r.p.i.ProjectInspector - PIPELINE STEPS
12:09:59.648 [main] INFO  f.i.s.r.p.i.ProjectInspector - ----------------------------------------------------------------------
12:09:59.649 [main] INFO  f.i.s.r.p.i.ProjectInspector - CloneRepository
12:09:59.649 [main] INFO  f.i.s.r.p.i.ProjectInspector - CheckoutPatchedBuildCandidate
12:09:59.649 [main] INFO  f.i.s.r.p.i.ProjectInspector - ComputeSourceDir
12:09:59.649 [main] INFO  f.i.s.r.p.i.ProjectInspector - ComputeTestDir
12:09:59.650 [main] INFO  f.i.s.r.p.i.ProjectInspector - CheckoutBuggyBuildCandidateSourceCode
12:09:59.650 [main] INFO  f.i.s.r.p.i.ProjectInspector - BuildProjectBuggyBuildCandidateSourceCode
12:09:59.650 [main] INFO  f.i.s.r.p.i.ProjectInspector - TestProjectBuggyBuildCandidateSourceCode
12:09:59.650 [main] INFO  f.i.s.r.p.i.ProjectInspector - GatherTestInformationBuggyBuildCandidateSourceCode
12:09:59.651 [main] INFO  f.i.s.r.p.i.ProjectInspector - CheckoutBuggyBuildTestCode
12:09:59.651 [main] INFO  f.i.s.r.p.i.ProjectInspector - InitRepoToPush
12:09:59.651 [main] INFO  f.i.s.r.p.i.ProjectInspector - ComputeClasspath
12:09:59.651 [main] INFO  f.i.s.r.p.i.ProjectInspector - ComputeModules
12:09:59.652 [main] INFO  f.i.s.r.p.i.ProjectInspector - CheckoutBuggyBuildCandidateSourceCode
12:09:59.652 [main] INFO  f.i.s.r.p.i.ProjectInspector - CommitChangedTests
12:09:59.652 [main] INFO  f.i.s.r.p.i.ProjectInspector - CheckoutPatchedBuildCandidate
12:09:59.652 [main] INFO  f.i.s.r.p.i.ProjectInspector - BuildProjectPatchedBuildCandidate
12:09:59.652 [main] INFO  f.i.s.r.p.i.ProjectInspector - TestProjectPatchedBuildCandidate
12:09:59.653 [main] INFO  f.i.s.r.p.i.ProjectInspector - GatherTestInformationPatchedBuildCandidate
12:09:59.653 [main] INFO  f.i.s.r.p.i.ProjectInspector - CommitPatch
12:09:59.653 [main] INFO  f.i.s.r.p.i.ProjectInspector - WritePropertyFile
12:09:59.654 [main] INFO  f.i.s.r.p.i.ProjectInspector - CommitProcessEnd
12:09:59.654 [main] INFO  f.i.s.r.p.i.ProjectInspector - PushProcessEnd
12:09:59.655 [main] DEBUG f.i.s.r.process.step.CloneRepository - ----------------------------------------------------------------------
12:09:59.655 [main] DEBUG f.i.s.r.process.step.CloneRepository - STEP 1/22: CloneRepository
12:09:59.655 [main] DEBUG f.i.s.r.process.step.CloneRepository - ----------------------------------------------------------------------
12:09:59.656 [main] DEBUG f.i.s.r.process.step.CloneRepository - Cloning repository MyCoRe-Org/mycore in the following directory: ./workspace/MyCoRe-Org/mycore/340923782
12:10:56.812 [main] DEBUG f.i.s.r.process.step.CloneRepository - STEP STATUS: [ CloneRepository : SUCCESS ]
12:10:56.812 [main] DEBUG f.i.s.r.process.step.CloneRepository - STEP DURATION: 57s
12:10:56.812 [main] DEBUG f.i.s.r.process.step.CloneRepository - EXECUTE NEXT STEP
12:10:56.812 [main] DEBUG f.i.s.r.p.s.c.CheckoutPatchedBuild - ----------------------------------------------------------------------
12:10:56.813 [main] DEBUG f.i.s.r.p.s.c.CheckoutPatchedBuild - STEP 2/22: CheckoutPatchedBuildCandidate
12:10:56.813 [main] DEBUG f.i.s.r.p.s.c.CheckoutPatchedBuild - ----------------------------------------------------------------------
12:10:56.813 [main] DEBUG f.i.s.r.p.s.c.CheckoutPatchedBuild - Checking out patched build candidate...
12:10:57.178 [main] INFO  fr.inria.jtravis.JTravis - GitHub ratelimit: Limit: 5000 Remaining: 4880 Reset hour: 19:25:08
12:10:59.799 [main] DEBUG f.i.s.r.p.s.c.CheckoutPatchedBuild - Reproduce the PR for MyCoRe-Org/mycore by fetching remote branch and merging.
12:11:00.499 [main] ERROR f.i.s.r.p.s.c.CheckoutPatchedBuild - Error while testing commit: org.eclipse.jgit.errors.MissingObjectException: Missing unknown 96199dfae5942ca05dc720602b8def4b8dc6a85b
12:11:00.501 [main] ERROR f.i.s.r.p.s.c.CheckoutPatchedBuild - Commit head ref cannot be retrieved from the repository: 96199dfae5942ca05dc720602b8def4b8dc6a85b. Operation aborted.
12:11:00.501 [main] ERROR f.i.s.r.p.s.c.CheckoutPatchedBuild - Error while merging two commits to reproduce the PR.
12:11:00.502 [main] DEBUG f.i.s.r.p.s.c.CheckoutPatchedBuild - STEP STATUS: [ CheckoutPatchedBuildCandidate : FAILURE ( BUILDNOTCHECKEDOUT ) ]
12:11:00.503 [main] DEBUG f.i.s.r.p.s.c.CheckoutPatchedBuild - STEP DURATION: 3s
12:11:00.503 [main] DEBUG f.i.s.r.p.s.c.CheckoutPatchedBuild - TERMINATE PIPELINE
12:11:00.503 [main] DEBUG f.i.s.r.p.s.c.CheckoutPatchedBuild - FINAL STEPS SKIPPED: The reproduction of the bug and/or the patch failed.
12:11:00.504 [main] INFO  f.i.s.r.p.s.c.CheckoutPatchedBuild - Serialize all data for the pair of builds 340923782, 340927104
12:11:00.626 [main] INFO  fr.inria.jtravis.JTravis - GitHub ratelimit: Limit: 5000 Remaining: 4873 Reset hour: 19:25:08
12:11:01.580 [main] INFO  f.i.s.r.p.i.ProjectInspector - ----------------------------------------------------------------------
12:11:01.581 [main] INFO  f.i.s.r.p.i.ProjectInspector - PIPELINE EXECUTION SUMMARY
12:11:01.581 [main] INFO  f.i.s.r.p.i.ProjectInspector - ----------------------------------------------------------------------
12:11:01.582 [main] INFO  f.i.s.r.p.i.ProjectInspector - CloneRepository.......................................SUCCESS [ 57 s ]
12:11:01.582 [main] INFO  f.i.s.r.p.i.ProjectInspector - CheckoutPatchedBuildCandidate.........................FAILURE [  3 s ]
12:11:01.583 [main] INFO  f.i.s.r.p.i.ProjectInspector - ComputeSourceDir......................................NOT RUN         
12:11:01.583 [main] INFO  f.i.s.r.p.i.ProjectInspector - ComputeTestDir........................................NOT RUN         
12:11:01.584 [main] INFO  f.i.s.r.p.i.ProjectInspector - CheckoutBuggyBuildCandidateSourceCode.................NOT RUN         
12:11:01.584 [main] INFO  f.i.s.r.p.i.ProjectInspector - BuildProjectBuggyBuildCandidateSourceCode.............NOT RUN         
12:11:01.585 [main] INFO  f.i.s.r.p.i.ProjectInspector - TestProjectBuggyBuildCandidateSourceCode..............NOT RUN         
12:11:01.585 [main] INFO  f.i.s.r.p.i.ProjectInspector - GatherTestInformationBuggyBuildCandidateSourceCode....NOT RUN         
12:11:01.586 [main] INFO  f.i.s.r.p.i.ProjectInspector - CheckoutBuggyBuildTestCode............................NOT RUN         
12:11:01.586 [main] INFO  f.i.s.r.p.i.ProjectInspector - InitRepoToPush........................................NOT RUN         
12:11:01.587 [main] INFO  f.i.s.r.p.i.ProjectInspector - ComputeClasspath......................................NOT RUN         
12:11:01.587 [main] INFO  f.i.s.r.p.i.ProjectInspector - ComputeModules........................................NOT RUN         
12:11:01.587 [main] INFO  f.i.s.r.p.i.ProjectInspector - CheckoutBuggyBuildCandidateSourceCode.................NOT RUN         
12:11:01.588 [main] INFO  f.i.s.r.p.i.ProjectInspector - CommitChangedTests....................................NOT RUN         
12:11:01.588 [main] INFO  f.i.s.r.p.i.ProjectInspector - CheckoutPatchedBuildCandidate.........................NOT RUN         
12:11:01.589 [main] INFO  f.i.s.r.p.i.ProjectInspector - BuildProjectPatchedBuildCandidate.....................NOT RUN         
12:11:01.589 [main] INFO  f.i.s.r.p.i.ProjectInspector - TestProjectPatchedBuildCandidate......................NOT RUN         
12:11:01.589 [main] INFO  f.i.s.r.p.i.ProjectInspector - GatherTestInformationPatchedBuildCandidate............NOT RUN         
12:11:01.590 [main] INFO  f.i.s.r.p.i.ProjectInspector - CommitPatch...........................................NOT RUN         
12:11:01.590 [main] INFO  f.i.s.r.p.i.ProjectInspector - WritePropertyFile.....................................NOT RUN         
12:11:01.591 [main] INFO  f.i.s.r.p.i.ProjectInspector - CommitProcessEnd......................................NOT RUN         
12:11:01.591 [main] INFO  f.i.s.r.p.i.ProjectInspector - PushProcessEnd........................................NOT RUN         
12:11:01.592 [main] INFO  f.i.s.r.p.i.ProjectInspector - ----------------------------------------------------------------------
12:11:01.592 [main] INFO  f.i.s.r.p.i.ProjectInspector - PIPELINE FINDING: BUILDNOTCHECKEDOUT
12:11:01.592 [main] INFO  f.i.s.r.p.i.ProjectInspector - ----------------------------------------------------------------------
12:11:01.593 [main] INFO  f.i.s.repairnator.pipeline.Launcher - Inspector is finished. The process will exit now.
