12:07:09.245 [main] INFO  f.i.s.repairnator.pipeline.Launcher - PIPELINE VERSION: 3.0-2018-08-09 19:04
12:07:09.369 [main] INFO  f.i.s.repairnator.pipeline.Launcher - The pipeline will try to reproduce a bug from build 336110410 and its corresponding patch from build 340078913
12:07:09.370 [main] INFO  f.i.s.repairnator.pipeline.Launcher - Initialize file serializer engines.
12:07:09.371 [main] INFO  f.i.s.repairnator.pipeline.Launcher - MongoDB won't be used for serialization.
12:07:09.372 [main] INFO  f.i.s.repairnator.pipeline.Launcher - The email notifier engine won't be used.
12:07:09.375 [main] INFO  f.i.s.repairnator.pipeline.Launcher - Start by getting the build (buildId: 336110410) with the following config: RepairnatorConfig{runId='d3ce7021-6f7e-4bbd-b7fc-dc7f588b701c_02-18-week2-PASSING_AND_PASSING', launcherMode=BEARS, serializeJson=true, inputPath='null', outputPath='/var/log', mongodbHost='null', mongodbName='repairnator', smtpServer='null', notifyTo=[], notifyEndProcess=false, push=true, pushRemoteRepo='https://github.com/fermadeiral/bears-collection-pp', fork=false, lookFromDate=null, lookToDate=null, buildId=336110410, z3solverPath='./z3_for_linux', workspacePath='./workspace', githubToken='c8a341a903[...]', dockerImageName='null', skipDelete=false, createOutputDir=false, logDirectory='null', nbThreads=0, globalTimeout=0, whiteList=null, blackList=null, jobSleepTime=0, buildSleepTime=0, maxInspectedBuilds=0, duration=null, humanPatch=false, repository='null', clean=true, bearsMode=BOTH, bearsDelimiter = false, repairTools=NopolAllTests,NPEFix,AssertFixer,AstorJGenProg,AstorJKali,NopolSingleTest,AstorJMut,NopolTestExclusionStrategy, githubUserName= fermadeiral, githubUserEmail=fer.madeiral@gmail.com}
12:07:10.553 [main] DEBUG fr.inria.jtravis.helpers.BuildHelper - Get request to :https://api.travis-ci.org/build/336110410 done after 751 ms
12:07:10.780 [main] DEBUG fr.inria.jtravis.helpers.BuildHelper - Get request to :https://api.travis-ci.org/build/340078913 done after 143 ms
12:07:10.798 [main] INFO  f.i.s.repairnator.pipeline.Launcher - The patched build (340078913) was successfully retrieved from Travis.
12:07:12.201 [main] INFO  fr.inria.jtravis.JTravis - GitHub ratelimit: Limit: 5000 Remaining: 4947 Reset hour: 19:25:08
12:07:12.492 [main] INFO  f.i.s.r.p.i.ProjectInspector - ----------------------------------------------------------------------
12:07:12.492 [main] INFO  f.i.s.r.p.i.ProjectInspector - PIPELINE STEPS
12:07:12.493 [main] INFO  f.i.s.r.p.i.ProjectInspector - ----------------------------------------------------------------------
12:07:12.493 [main] INFO  f.i.s.r.p.i.ProjectInspector - CloneRepository
12:07:12.493 [main] INFO  f.i.s.r.p.i.ProjectInspector - CheckoutPatchedBuildCandidate
12:07:12.493 [main] INFO  f.i.s.r.p.i.ProjectInspector - ComputeSourceDir
12:07:12.493 [main] INFO  f.i.s.r.p.i.ProjectInspector - ComputeTestDir
12:07:12.494 [main] INFO  f.i.s.r.p.i.ProjectInspector - CheckoutBuggyBuildCandidateSourceCode
12:07:12.494 [main] INFO  f.i.s.r.p.i.ProjectInspector - BuildProjectBuggyBuildCandidateSourceCode
12:07:12.494 [main] INFO  f.i.s.r.p.i.ProjectInspector - TestProjectBuggyBuildCandidateSourceCode
12:07:12.495 [main] INFO  f.i.s.r.p.i.ProjectInspector - GatherTestInformationBuggyBuildCandidateSourceCode
12:07:12.495 [main] INFO  f.i.s.r.p.i.ProjectInspector - CheckoutBuggyBuildTestCode
12:07:12.495 [main] INFO  f.i.s.r.p.i.ProjectInspector - InitRepoToPush
12:07:12.495 [main] INFO  f.i.s.r.p.i.ProjectInspector - ComputeClasspath
12:07:12.496 [main] INFO  f.i.s.r.p.i.ProjectInspector - ComputeModules
12:07:12.496 [main] INFO  f.i.s.r.p.i.ProjectInspector - CheckoutBuggyBuildCandidateSourceCode
12:07:12.496 [main] INFO  f.i.s.r.p.i.ProjectInspector - CommitChangedTests
12:07:12.497 [main] INFO  f.i.s.r.p.i.ProjectInspector - CheckoutPatchedBuildCandidate
12:07:12.497 [main] INFO  f.i.s.r.p.i.ProjectInspector - BuildProjectPatchedBuildCandidate
12:07:12.497 [main] INFO  f.i.s.r.p.i.ProjectInspector - TestProjectPatchedBuildCandidate
12:07:12.498 [main] INFO  f.i.s.r.p.i.ProjectInspector - GatherTestInformationPatchedBuildCandidate
12:07:12.498 [main] INFO  f.i.s.r.p.i.ProjectInspector - CommitPatch
12:07:12.499 [main] INFO  f.i.s.r.p.i.ProjectInspector - WritePropertyFile
12:07:12.499 [main] INFO  f.i.s.r.p.i.ProjectInspector - CommitProcessEnd
12:07:12.500 [main] INFO  f.i.s.r.p.i.ProjectInspector - PushProcessEnd
12:07:12.500 [main] DEBUG f.i.s.r.process.step.CloneRepository - ----------------------------------------------------------------------
12:07:12.500 [main] DEBUG f.i.s.r.process.step.CloneRepository - STEP 1/22: CloneRepository
12:07:12.501 [main] DEBUG f.i.s.r.process.step.CloneRepository - ----------------------------------------------------------------------
12:07:12.501 [main] DEBUG f.i.s.r.process.step.CloneRepository - Cloning repository debezium/debezium in the following directory: ./workspace/debezium/debezium/336110410
12:07:19.382 [main] DEBUG f.i.s.r.process.step.CloneRepository - STEP STATUS: [ CloneRepository : SUCCESS ]
12:07:19.383 [main] DEBUG f.i.s.r.process.step.CloneRepository - STEP DURATION: 6s
12:07:19.383 [main] DEBUG f.i.s.r.process.step.CloneRepository - EXECUTE NEXT STEP
12:07:19.384 [main] DEBUG f.i.s.r.p.s.c.CheckoutPatchedBuild - ----------------------------------------------------------------------
12:07:19.384 [main] DEBUG f.i.s.r.p.s.c.CheckoutPatchedBuild - STEP 2/22: CheckoutPatchedBuildCandidate
12:07:19.385 [main] DEBUG f.i.s.r.p.s.c.CheckoutPatchedBuild - ----------------------------------------------------------------------
12:07:19.385 [main] DEBUG f.i.s.r.p.s.c.CheckoutPatchedBuild - Checking out patched build candidate...
12:07:19.744 [main] INFO  fr.inria.jtravis.JTravis - GitHub ratelimit: Limit: 5000 Remaining: 4946 Reset hour: 19:25:08
12:07:21.662 [main] DEBUG f.i.s.r.p.s.c.CheckoutPatchedBuild - Reproduce the PR for debezium/debezium by fetching remote branch and merging.
12:07:24.115 [main] DEBUG f.i.s.r.process.git.GitHelper - Step CheckoutPatchedBuildCandidate - Get the commit 90bc69fabaeb4cedee44ec37804b71405d977111 for repo debezium/debezium
12:07:24.478 [main] DEBUG f.i.s.r.process.git.GitHelper - Step CheckoutPatchedBuildCandidate - Do the merge with the PR commit for repo debezium/debezium
12:07:24.494 [main] INFO  f.i.s.r.process.git.GitHelper - Init git submodules.
12:07:24.537 [main] DEBUG f.i.s.r.p.s.c.CheckoutPatchedBuild - STEP STATUS: [ CheckoutPatchedBuildCandidate : SUCCESS ]
12:07:24.537 [main] DEBUG f.i.s.r.p.s.c.CheckoutPatchedBuild - STEP DURATION: 5s
12:07:24.538 [main] DEBUG f.i.s.r.p.s.c.CheckoutPatchedBuild - EXECUTE NEXT STEP
12:07:24.538 [main] DEBUG f.i.s.r.p.s.paths.ComputeSourceDir - ----------------------------------------------------------------------
12:07:24.538 [main] DEBUG f.i.s.r.p.s.paths.ComputeSourceDir - STEP 3/22: ComputeSourceDir
12:07:24.539 [main] DEBUG f.i.s.r.p.s.paths.ComputeSourceDir - ----------------------------------------------------------------------
12:07:24.539 [main] DEBUG f.i.s.r.p.s.paths.ComputeSourceDir - Computing the source directory ...
12:07:24.540 [main] DEBUG f.i.s.r.p.s.paths.ComputeSourceDir - The default source directory (/root/workspace/debezium/debezium/336110410/src/main/java) does not exist. Try to read pom.xml to get information.
12:07:24.655 [main] DEBUG f.i.s.r.p.m.RepositoryModelResolver - Downloading https://repo1.maven.org/maven2/org/jboss/jboss-parent/19/jboss-parent-19.pom
12:07:24.848 [main] ERROR f.i.s.r.process.maven.MavenHelper - Error while building complete model. The raw model will be used. Error message: 2 problems were encountered while building the effective model for io.debezium:debezium-parent:0.7.3-SNAPSHOT
[ERROR] Failed to determine Java version for profile jdk9 @ 
[ERROR] Failed to determine Java version for profile doclint-java8-disable @ org.jboss:jboss-parent:19

12:07:24.880 [main] DEBUG f.i.s.r.p.s.paths.ComputeSourceDir - Build section does not exist in the following pom.xml: /root/workspace/debezium/debezium/336110410/pom.xml. Continue to try to get source dir from all modules.
12:07:24.900 [main] ERROR f.i.s.r.process.maven.MavenHelper - Error while building complete model. The raw model will be used. Error message: 1 problem was encountered while building the effective model for io.debezium:debezium-checkstyle:0.7.3-SNAPSHOT
[ERROR] Failed to determine Java version for profile doclint-java8-disable @ org.jboss:jboss-parent:19

12:07:24.902 [main] DEBUG f.i.s.r.p.s.paths.ComputeSourceDir - The default source directory (/root/workspace/debezium/debezium/336110410/debezium-assembly-descriptors/src/main/java) does not exist. Try to read pom.xml to get information.
12:07:24.922 [main] ERROR f.i.s.r.process.maven.MavenHelper - Error while building complete model. The raw model will be used. Error message: 2 problems were encountered while building the effective model for io.debezium:debezium-assembly-descriptors:0.7.3-SNAPSHOT
[ERROR] Failed to determine Java version for profile jdk9 @ io.debezium:debezium-parent:0.7.3-SNAPSHOT, /root/workspace/debezium/debezium/336110410/pom.xml
[ERROR] Failed to determine Java version for profile doclint-java8-disable @ org.jboss:jboss-parent:19

12:07:24.923 [main] DEBUG f.i.s.r.p.s.paths.ComputeSourceDir - Build section does not exist in the following pom.xml: /root/workspace/debezium/debezium/336110410/debezium-assembly-descriptors/pom.xml. Continue to try to get source dir from all modules.
12:07:24.923 [main] ERROR f.i.s.r.p.s.paths.ComputeSourceDir - The source directory is not at default location or specified in build section from pom.xml, and no parent can be found.
12:07:24.945 [main] ERROR f.i.s.r.process.maven.MavenHelper - Error while building complete model. The raw model will be used. Error message: 2 problems were encountered while building the effective model for io.debezium:debezium-core:0.7.3-SNAPSHOT
[ERROR] Failed to determine Java version for profile jdk9 @ io.debezium:debezium-parent:0.7.3-SNAPSHOT, /root/workspace/debezium/debezium/336110410/pom.xml
[ERROR] Failed to determine Java version for profile doclint-java8-disable @ org.jboss:jboss-parent:19

12:07:24.962 [main] ERROR f.i.s.r.process.maven.MavenHelper - Error while building complete model. The raw model will be used. Error message: 2 problems were encountered while building the effective model for io.debezium:debezium-embedded:0.7.3-SNAPSHOT
[ERROR] Failed to determine Java version for profile jdk9 @ io.debezium:debezium-parent:0.7.3-SNAPSHOT, /root/workspace/debezium/debezium/336110410/pom.xml
[ERROR] Failed to determine Java version for profile doclint-java8-disable @ org.jboss:jboss-parent:19

12:07:24.980 [main] ERROR f.i.s.r.process.maven.MavenHelper - Error while building complete model. The raw model will be used. Error message: 2 problems were encountered while building the effective model for io.debezium:debezium-connector-mysql:0.7.3-SNAPSHOT
[ERROR] Failed to determine Java version for profile jdk9 @ io.debezium:debezium-parent:0.7.3-SNAPSHOT, /root/workspace/debezium/debezium/336110410/pom.xml
[ERROR] Failed to determine Java version for profile doclint-java8-disable @ org.jboss:jboss-parent:19

12:07:24.994 [main] ERROR f.i.s.r.process.maven.MavenHelper - Error while building complete model. The raw model will be used. Error message: 2 problems were encountered while building the effective model for io.debezium:debezium-connector-postgres:0.7.3-SNAPSHOT
[ERROR] Failed to determine Java version for profile jdk9 @ io.debezium:debezium-parent:0.7.3-SNAPSHOT, /root/workspace/debezium/debezium/336110410/pom.xml
[ERROR] Failed to determine Java version for profile doclint-java8-disable @ org.jboss:jboss-parent:19

12:07:25.011 [main] ERROR f.i.s.r.process.maven.MavenHelper - Error while building complete model. The raw model will be used. Error message: 2 problems were encountered while building the effective model for io.debezium:debezium-connector-mongodb:0.7.3-SNAPSHOT
[ERROR] Failed to determine Java version for profile jdk9 @ io.debezium:debezium-parent:0.7.3-SNAPSHOT, /root/workspace/debezium/debezium/336110410/pom.xml
[ERROR] Failed to determine Java version for profile doclint-java8-disable @ org.jboss:jboss-parent:19

12:07:25.013 [main] INFO  f.i.s.r.p.s.paths.ComputeSourceDir - 6 source dirs were found:
12:07:25.013 [main] INFO  f.i.s.r.p.s.paths.ComputeSourceDir - /root/workspace/debezium/debezium/336110410/debezium-connector-mongodb/src/main/java
12:07:25.014 [main] INFO  f.i.s.r.p.s.paths.ComputeSourceDir - /root/workspace/debezium/debezium/336110410/debezium-connector-mysql/src/main/java
12:07:25.014 [main] INFO  f.i.s.r.p.s.paths.ComputeSourceDir - /root/workspace/debezium/debezium/336110410/debezium-connector-postgres/src/main/java
12:07:25.014 [main] INFO  f.i.s.r.p.s.paths.ComputeSourceDir - /root/workspace/debezium/debezium/336110410/debezium-core/src/main/java
12:07:25.014 [main] INFO  f.i.s.r.p.s.paths.ComputeSourceDir - /root/workspace/debezium/debezium/336110410/debezium-embedded/src/main/java
12:07:25.014 [main] INFO  f.i.s.r.p.s.paths.ComputeSourceDir - /root/workspace/debezium/debezium/336110410/support/checkstyle/src/main/java
12:07:25.033 [main] DEBUG f.i.s.r.p.s.paths.ComputeSourceDir - Compute the line of code of the project
12:07:25.298 [main] DEBUG f.i.s.r.p.s.paths.ComputeSourceDir - Get result from cloc process...
12:07:25.300 [main] DEBUG f.i.s.r.p.s.paths.ComputeSourceDir - STEP STATUS: [ ComputeSourceDir : SUCCESS ]
12:07:25.300 [main] DEBUG f.i.s.r.p.s.paths.ComputeSourceDir - STEP DURATION: 0s
12:07:25.300 [main] DEBUG f.i.s.r.p.s.paths.ComputeSourceDir - EXECUTE NEXT STEP
12:07:25.301 [main] DEBUG f.i.s.r.p.step.paths.ComputeTestDir - ----------------------------------------------------------------------
12:07:25.301 [main] DEBUG f.i.s.r.p.step.paths.ComputeTestDir - STEP 4/22: ComputeTestDir
12:07:25.303 [main] DEBUG f.i.s.r.p.step.paths.ComputeTestDir - ----------------------------------------------------------------------
12:07:25.304 [main] DEBUG f.i.s.r.p.step.paths.ComputeTestDir - Computing the test directory ...
12:07:25.304 [main] DEBUG f.i.s.r.p.step.paths.ComputeTestDir - The default test directory (/root/workspace/debezium/debezium/336110410/src/test/java) does not exist. Try to read pom.xml to get information.
12:07:25.320 [main] ERROR f.i.s.r.process.maven.MavenHelper - Error while building complete model. The raw model will be used. Error message: 2 problems were encountered while building the effective model for io.debezium:debezium-parent:0.7.3-SNAPSHOT
[ERROR] Failed to determine Java version for profile jdk9 @ 
[ERROR] Failed to determine Java version for profile doclint-java8-disable @ org.jboss:jboss-parent:19

12:07:25.323 [main] DEBUG f.i.s.r.p.step.paths.ComputeTestDir - Build section does not exist in the following pom.xml: /root/workspace/debezium/debezium/336110410/pom.xml. Continue to try to get test dir from all modules.
12:07:25.323 [main] DEBUG f.i.s.r.p.step.paths.ComputeTestDir - The default test directory (/root/workspace/debezium/debezium/336110410/support/checkstyle/src/test/java) does not exist. Try to read pom.xml to get information.
12:07:25.336 [main] ERROR f.i.s.r.process.maven.MavenHelper - Error while building complete model. The raw model will be used. Error message: 1 problem was encountered while building the effective model for io.debezium:debezium-checkstyle:0.7.3-SNAPSHOT
[ERROR] Failed to determine Java version for profile doclint-java8-disable @ org.jboss:jboss-parent:19

12:07:25.337 [main] DEBUG f.i.s.r.p.step.paths.ComputeTestDir - Build section does not exist in the following pom.xml: /root/workspace/debezium/debezium/336110410/support/checkstyle/pom.xml. Continue to try to get test dir from all modules.
12:07:25.338 [main] ERROR f.i.s.r.p.step.paths.ComputeTestDir - The test directory is not at default location or specified in build section from pom.xml, and no parent can be found.
12:07:25.338 [main] DEBUG f.i.s.r.p.step.paths.ComputeTestDir - The default test directory (/root/workspace/debezium/debezium/336110410/debezium-assembly-descriptors/src/test/java) does not exist. Try to read pom.xml to get information.
12:07:25.358 [main] ERROR f.i.s.r.process.maven.MavenHelper - Error while building complete model. The raw model will be used. Error message: 2 problems were encountered while building the effective model for io.debezium:debezium-assembly-descriptors:0.7.3-SNAPSHOT
[ERROR] Failed to determine Java version for profile jdk9 @ io.debezium:debezium-parent:0.7.3-SNAPSHOT, /root/workspace/debezium/debezium/336110410/pom.xml
[ERROR] Failed to determine Java version for profile doclint-java8-disable @ org.jboss:jboss-parent:19

12:07:25.360 [main] DEBUG f.i.s.r.p.step.paths.ComputeTestDir - Build section does not exist in the following pom.xml: /root/workspace/debezium/debezium/336110410/debezium-assembly-descriptors/pom.xml. Continue to try to get test dir from all modules.
12:07:25.360 [main] ERROR f.i.s.r.p.step.paths.ComputeTestDir - The test directory is not at default location or specified in build section from pom.xml, and no parent can be found.
12:07:25.386 [main] ERROR f.i.s.r.process.maven.MavenHelper - Error while building complete model. The raw model will be used. Error message: 2 problems were encountered while building the effective model for io.debezium:debezium-core:0.7.3-SNAPSHOT
[ERROR] Failed to determine Java version for profile jdk9 @ io.debezium:debezium-parent:0.7.3-SNAPSHOT, /root/workspace/debezium/debezium/336110410/pom.xml
[ERROR] Failed to determine Java version for profile doclint-java8-disable @ org.jboss:jboss-parent:19

12:07:25.407 [main] ERROR f.i.s.r.process.maven.MavenHelper - Error while building complete model. The raw model will be used. Error message: 2 problems were encountered while building the effective model for io.debezium:debezium-embedded:0.7.3-SNAPSHOT
[ERROR] Failed to determine Java version for profile jdk9 @ io.debezium:debezium-parent:0.7.3-SNAPSHOT, /root/workspace/debezium/debezium/336110410/pom.xml
[ERROR] Failed to determine Java version for profile doclint-java8-disable @ org.jboss:jboss-parent:19

12:07:25.434 [main] ERROR f.i.s.r.process.maven.MavenHelper - Error while building complete model. The raw model will be used. Error message: 2 problems were encountered while building the effective model for io.debezium:debezium-connector-mysql:0.7.3-SNAPSHOT
[ERROR] Failed to determine Java version for profile jdk9 @ io.debezium:debezium-parent:0.7.3-SNAPSHOT, /root/workspace/debezium/debezium/336110410/pom.xml
[ERROR] Failed to determine Java version for profile doclint-java8-disable @ org.jboss:jboss-parent:19

12:07:25.456 [main] ERROR f.i.s.r.process.maven.MavenHelper - Error while building complete model. The raw model will be used. Error message: 2 problems were encountered while building the effective model for io.debezium:debezium-connector-postgres:0.7.3-SNAPSHOT
[ERROR] Failed to determine Java version for profile jdk9 @ io.debezium:debezium-parent:0.7.3-SNAPSHOT, /root/workspace/debezium/debezium/336110410/pom.xml
[ERROR] Failed to determine Java version for profile doclint-java8-disable @ org.jboss:jboss-parent:19

12:07:25.476 [main] ERROR f.i.s.r.process.maven.MavenHelper - Error while building complete model. The raw model will be used. Error message: 2 problems were encountered while building the effective model for io.debezium:debezium-connector-mongodb:0.7.3-SNAPSHOT
[ERROR] Failed to determine Java version for profile jdk9 @ io.debezium:debezium-parent:0.7.3-SNAPSHOT, /root/workspace/debezium/debezium/336110410/pom.xml
[ERROR] Failed to determine Java version for profile doclint-java8-disable @ org.jboss:jboss-parent:19

12:07:25.479 [main] INFO  f.i.s.r.p.step.paths.ComputeTestDir - 5 test dirs were found:
12:07:25.479 [main] INFO  f.i.s.r.p.step.paths.ComputeTestDir - /root/workspace/debezium/debezium/336110410/debezium-connector-mongodb/src/test/java
12:07:25.480 [main] INFO  f.i.s.r.p.step.paths.ComputeTestDir - /root/workspace/debezium/debezium/336110410/debezium-connector-mysql/src/test/java
12:07:25.480 [main] INFO  f.i.s.r.p.step.paths.ComputeTestDir - /root/workspace/debezium/debezium/336110410/debezium-connector-postgres/src/test/java
12:07:25.481 [main] INFO  f.i.s.r.p.step.paths.ComputeTestDir - /root/workspace/debezium/debezium/336110410/debezium-core/src/test/java
12:07:25.481 [main] INFO  f.i.s.r.p.step.paths.ComputeTestDir - /root/workspace/debezium/debezium/336110410/debezium-embedded/src/test/java
12:07:25.489 [main] DEBUG f.i.s.r.p.step.paths.ComputeTestDir - STEP STATUS: [ ComputeTestDir : SUCCESS ]
12:07:25.489 [main] DEBUG f.i.s.r.p.step.paths.ComputeTestDir - STEP DURATION: 0s
12:07:25.490 [main] DEBUG f.i.s.r.p.step.paths.ComputeTestDir - EXECUTE NEXT STEP
12:07:25.490 [main] DEBUG f.i.s.r.p.s.c.CheckoutBuggyBuildSourceCode - ----------------------------------------------------------------------
12:07:25.491 [main] DEBUG f.i.s.r.p.s.c.CheckoutBuggyBuildSourceCode - STEP 5/22: CheckoutBuggyBuildCandidateSourceCode
12:07:25.491 [main] DEBUG f.i.s.r.p.s.c.CheckoutBuggyBuildSourceCode - ----------------------------------------------------------------------
12:07:25.492 [main] DEBUG f.i.s.r.p.s.c.CheckoutBuggyBuildSourceCode - Checking out the source code of the buggy build candidate...
12:07:25.628 [main] INFO  fr.inria.jtravis.JTravis - GitHub ratelimit: Limit: 5000 Remaining: 4939 Reset hour: 19:25:08
12:07:27.046 [main] DEBUG f.i.s.r.process.git.GitHelper - Commit repairnator files...
12:07:27.047 [main] INFO  f.i.s.r.process.git.GitHelper - There is no repairnator file to commit.
12:07:27.047 [main] DEBUG f.i.s.r.p.s.c.CheckoutBuggyBuildSourceCode - Reproduce the PR for debezium/debezium by fetching remote branch and merging.
12:07:27.211 [main] DEBUG f.i.s.r.process.git.GitHelper - Step CheckoutBuggyBuildCandidateSourceCode - Get the commit 90bc69fabaeb4cedee44ec37804b71405d977111 for repo debezium/debezium
12:07:27.420 [main] DEBUG f.i.s.r.process.git.GitHelper - Step CheckoutBuggyBuildCandidateSourceCode - Do the merge with the PR commit for repo debezium/debezium
12:07:27.422 [main] INFO  f.i.s.r.process.git.GitHelper - Init git submodules.
12:07:27.583 [main] INFO  fr.inria.jtravis.JTravis - GitHub ratelimit: Limit: 5000 Remaining: 4932 Reset hour: 19:25:08
12:07:29.054 [main] DEBUG f.i.s.r.process.git.GitHelper - Commit repairnator files...
12:07:29.054 [main] INFO  f.i.s.r.process.git.GitHelper - There is no repairnator file to commit.
12:07:29.055 [main] DEBUG f.i.s.r.p.s.c.CheckoutBuggyBuildSourceCode - Reproduce the PR for debezium/debezium by fetching remote branch and merging.
12:07:29.520 [main] ERROR f.i.s.r.p.s.c.CheckoutBuggyBuildSourceCode - Error while testing commit: org.eclipse.jgit.errors.MissingObjectException: Missing unknown 9683cee1677257d6d9ec85b79943575a782f557d
12:07:29.521 [main] ERROR f.i.s.r.p.s.c.CheckoutBuggyBuildSourceCode - Commit head ref cannot be retrieved from the repository: 9683cee1677257d6d9ec85b79943575a782f557d. Operation aborted.
12:07:29.522 [main] ERROR f.i.s.r.p.s.c.CheckoutBuggyBuildSourceCode - Error while merging two commits to reproduce the PR.
12:07:29.523 [main] DEBUG f.i.s.r.p.s.c.CheckoutBuggyBuildSourceCode - STEP STATUS: [ CheckoutBuggyBuildCandidateSourceCode : FAILURE ( BUILDNOTCHECKEDOUT ) ]
12:07:29.523 [main] DEBUG f.i.s.r.p.s.c.CheckoutBuggyBuildSourceCode - STEP DURATION: 4s
12:07:29.523 [main] DEBUG f.i.s.r.p.s.c.CheckoutBuggyBuildSourceCode - TERMINATE PIPELINE
12:07:29.526 [main] DEBUG f.i.s.r.p.s.c.CheckoutBuggyBuildSourceCode - FINAL STEPS SKIPPED: The reproduction of the bug and/or the patch failed.
12:07:29.527 [main] INFO  f.i.s.r.p.s.c.CheckoutBuggyBuildSourceCode - Serialize all data for the pair of builds 336110410, 340078913
12:07:29.672 [main] INFO  fr.inria.jtravis.JTravis - GitHub ratelimit: Limit: 5000 Remaining: 4925 Reset hour: 19:25:08
12:07:30.250 [main] INFO  f.i.s.r.p.i.ProjectInspector - ----------------------------------------------------------------------
12:07:30.250 [main] INFO  f.i.s.r.p.i.ProjectInspector - PIPELINE EXECUTION SUMMARY
12:07:30.250 [main] INFO  f.i.s.r.p.i.ProjectInspector - ----------------------------------------------------------------------
12:07:30.251 [main] INFO  f.i.s.r.p.i.ProjectInspector - CloneRepository........................................SUCCESS [ 6 s ]
12:07:30.251 [main] INFO  f.i.s.r.p.i.ProjectInspector - CheckoutPatchedBuildCandidate..........................SUCCESS [ 5 s ]
12:07:30.251 [main] INFO  f.i.s.r.p.i.ProjectInspector - ComputeSourceDir.......................................SUCCESS [ 0 s ]
12:07:30.251 [main] INFO  f.i.s.r.p.i.ProjectInspector - ComputeTestDir.........................................SUCCESS [ 0 s ]
12:07:30.251 [main] INFO  f.i.s.r.p.i.ProjectInspector - CheckoutBuggyBuildCandidateSourceCode..................FAILURE [ 4 s ]
12:07:30.251 [main] INFO  f.i.s.r.p.i.ProjectInspector - BuildProjectBuggyBuildCandidateSourceCode..............NOT RUN        
12:07:30.252 [main] INFO  f.i.s.r.p.i.ProjectInspector - TestProjectBuggyBuildCandidateSourceCode...............NOT RUN        
12:07:30.252 [main] INFO  f.i.s.r.p.i.ProjectInspector - GatherTestInformationBuggyBuildCandidateSourceCode.....NOT RUN        
12:07:30.252 [main] INFO  f.i.s.r.p.i.ProjectInspector - CheckoutBuggyBuildTestCode.............................NOT RUN        
12:07:30.252 [main] INFO  f.i.s.r.p.i.ProjectInspector - InitRepoToPush.........................................NOT RUN        
12:07:30.252 [main] INFO  f.i.s.r.p.i.ProjectInspector - ComputeClasspath.......................................NOT RUN        
12:07:30.252 [main] INFO  f.i.s.r.p.i.ProjectInspector - ComputeModules.........................................NOT RUN        
12:07:30.252 [main] INFO  f.i.s.r.p.i.ProjectInspector - CheckoutBuggyBuildCandidateSourceCode..................NOT RUN        
12:07:30.252 [main] INFO  f.i.s.r.p.i.ProjectInspector - CommitChangedTests.....................................NOT RUN        
12:07:30.252 [main] INFO  f.i.s.r.p.i.ProjectInspector - CheckoutPatchedBuildCandidate..........................NOT RUN        
12:07:30.253 [main] INFO  f.i.s.r.p.i.ProjectInspector - BuildProjectPatchedBuildCandidate......................NOT RUN        
12:07:30.253 [main] INFO  f.i.s.r.p.i.ProjectInspector - TestProjectPatchedBuildCandidate.......................NOT RUN        
12:07:30.253 [main] INFO  f.i.s.r.p.i.ProjectInspector - GatherTestInformationPatchedBuildCandidate.............NOT RUN        
12:07:30.253 [main] INFO  f.i.s.r.p.i.ProjectInspector - CommitPatch............................................NOT RUN        
12:07:30.253 [main] INFO  f.i.s.r.p.i.ProjectInspector - WritePropertyFile......................................NOT RUN        
12:07:30.253 [main] INFO  f.i.s.r.p.i.ProjectInspector - CommitProcessEnd.......................................NOT RUN        
12:07:30.253 [main] INFO  f.i.s.r.p.i.ProjectInspector - PushProcessEnd.........................................NOT RUN        
12:07:30.254 [main] INFO  f.i.s.r.p.i.ProjectInspector - ----------------------------------------------------------------------
12:07:30.254 [main] INFO  f.i.s.r.p.i.ProjectInspector - PIPELINE FINDING: BUILDNOTCHECKEDOUT
12:07:30.254 [main] INFO  f.i.s.r.p.i.ProjectInspector - ----------------------------------------------------------------------
12:07:30.254 [main] INFO  f.i.s.repairnator.pipeline.Launcher - Inspector is finished. The process will exit now.
