03:23:02.817 [main] INFO  f.i.s.repairnator.pipeline.Launcher - PIPELINE VERSION: 3.0-2018-08-09 19:04
03:23:02.949 [main] INFO  f.i.s.repairnator.pipeline.Launcher - The pipeline will try to reproduce a bug from build 341608497 and its corresponding patch from build 341625959
03:23:02.949 [main] INFO  f.i.s.repairnator.pipeline.Launcher - Initialize file serializer engines.
03:23:02.951 [main] INFO  f.i.s.repairnator.pipeline.Launcher - MongoDB won't be used for serialization.
03:23:02.951 [main] INFO  f.i.s.repairnator.pipeline.Launcher - The email notifier engine won't be used.
03:23:02.954 [main] INFO  f.i.s.repairnator.pipeline.Launcher - Start by getting the build (buildId: 341608497) with the following config: RepairnatorConfig{runId='d3ce7021-6f7e-4bbd-b7fc-dc7f588b701c_02-18-week2-PASSING_AND_PASSING', launcherMode=BEARS, serializeJson=true, inputPath='null', outputPath='/var/log', mongodbHost='null', mongodbName='repairnator', smtpServer='null', notifyTo=[], notifyEndProcess=false, push=true, pushRemoteRepo='https://github.com/fermadeiral/bears-collection-pp', fork=false, lookFromDate=null, lookToDate=null, buildId=341608497, z3solverPath='./z3_for_linux', workspacePath='./workspace', githubToken='c8a341a903[...]', dockerImageName='null', skipDelete=false, createOutputDir=false, logDirectory='null', nbThreads=0, globalTimeout=0, whiteList=null, blackList=null, jobSleepTime=0, buildSleepTime=0, maxInspectedBuilds=0, duration=null, humanPatch=false, repository='null', clean=true, bearsMode=BOTH, bearsDelimiter = false, repairTools=NopolAllTests,NPEFix,AssertFixer,AstorJGenProg,AstorJKali,NopolSingleTest,AstorJMut,NopolTestExclusionStrategy, githubUserName= fermadeiral, githubUserEmail=fer.madeiral@gmail.com}
03:23:04.457 [main] DEBUG fr.inria.jtravis.helpers.BuildHelper - Get request to :https://api.travis-ci.org/build/341608497 done after 893 ms
03:23:04.718 [main] DEBUG fr.inria.jtravis.helpers.BuildHelper - Get request to :https://api.travis-ci.org/build/341625959 done after 131 ms
03:23:04.741 [main] INFO  f.i.s.repairnator.pipeline.Launcher - The patched build (341625959) was successfully retrieved from Travis.
03:23:05.994 [main] INFO  fr.inria.jtravis.JTravis - GitHub ratelimit: Limit: 5000 Remaining: 4539 Reset hour: 19:24:34
03:23:06.216 [main] INFO  f.i.s.r.p.i.ProjectInspector - ----------------------------------------------------------------------
03:23:06.216 [main] INFO  f.i.s.r.p.i.ProjectInspector - PIPELINE STEPS
03:23:06.216 [main] INFO  f.i.s.r.p.i.ProjectInspector - ----------------------------------------------------------------------
03:23:06.217 [main] INFO  f.i.s.r.p.i.ProjectInspector - CloneRepository
03:23:06.217 [main] INFO  f.i.s.r.p.i.ProjectInspector - CheckoutPatchedBuildCandidate
03:23:06.217 [main] INFO  f.i.s.r.p.i.ProjectInspector - ComputeSourceDir
03:23:06.217 [main] INFO  f.i.s.r.p.i.ProjectInspector - ComputeTestDir
03:23:06.217 [main] INFO  f.i.s.r.p.i.ProjectInspector - CheckoutBuggyBuildCandidateSourceCode
03:23:06.217 [main] INFO  f.i.s.r.p.i.ProjectInspector - BuildProjectBuggyBuildCandidateSourceCode
03:23:06.217 [main] INFO  f.i.s.r.p.i.ProjectInspector - TestProjectBuggyBuildCandidateSourceCode
03:23:06.217 [main] INFO  f.i.s.r.p.i.ProjectInspector - GatherTestInformationBuggyBuildCandidateSourceCode
03:23:06.218 [main] INFO  f.i.s.r.p.i.ProjectInspector - CheckoutBuggyBuildTestCode
03:23:06.218 [main] INFO  f.i.s.r.p.i.ProjectInspector - InitRepoToPush
03:23:06.218 [main] INFO  f.i.s.r.p.i.ProjectInspector - ComputeClasspath
03:23:06.218 [main] INFO  f.i.s.r.p.i.ProjectInspector - ComputeModules
03:23:06.218 [main] INFO  f.i.s.r.p.i.ProjectInspector - CheckoutBuggyBuildCandidateSourceCode
03:23:06.218 [main] INFO  f.i.s.r.p.i.ProjectInspector - CommitChangedTests
03:23:06.218 [main] INFO  f.i.s.r.p.i.ProjectInspector - CheckoutPatchedBuildCandidate
03:23:06.218 [main] INFO  f.i.s.r.p.i.ProjectInspector - BuildProjectPatchedBuildCandidate
03:23:06.218 [main] INFO  f.i.s.r.p.i.ProjectInspector - TestProjectPatchedBuildCandidate
03:23:06.219 [main] INFO  f.i.s.r.p.i.ProjectInspector - GatherTestInformationPatchedBuildCandidate
03:23:06.219 [main] INFO  f.i.s.r.p.i.ProjectInspector - CommitPatch
03:23:06.219 [main] INFO  f.i.s.r.p.i.ProjectInspector - WritePropertyFile
03:23:06.219 [main] INFO  f.i.s.r.p.i.ProjectInspector - CommitProcessEnd
03:23:06.219 [main] INFO  f.i.s.r.p.i.ProjectInspector - PushProcessEnd
03:23:06.219 [main] DEBUG f.i.s.r.process.step.CloneRepository - ----------------------------------------------------------------------
03:23:06.220 [main] DEBUG f.i.s.r.process.step.CloneRepository - STEP 1/22: CloneRepository
03:23:06.220 [main] DEBUG f.i.s.r.process.step.CloneRepository - ----------------------------------------------------------------------
03:23:06.220 [main] DEBUG f.i.s.r.process.step.CloneRepository - Cloning repository batfish/batfish in the following directory: ./workspace/batfish/batfish/341608497
03:23:54.796 [main] DEBUG f.i.s.r.process.step.CloneRepository - STEP STATUS: [ CloneRepository : SUCCESS ]
03:23:54.797 [main] DEBUG f.i.s.r.process.step.CloneRepository - STEP DURATION: 48s
03:23:54.797 [main] DEBUG f.i.s.r.process.step.CloneRepository - EXECUTE NEXT STEP
03:23:54.797 [main] DEBUG f.i.s.r.p.s.c.CheckoutPatchedBuild - ----------------------------------------------------------------------
03:23:54.798 [main] DEBUG f.i.s.r.p.s.c.CheckoutPatchedBuild - STEP 2/22: CheckoutPatchedBuildCandidate
03:23:54.798 [main] DEBUG f.i.s.r.p.s.c.CheckoutPatchedBuild - ----------------------------------------------------------------------
03:23:54.798 [main] DEBUG f.i.s.r.p.s.c.CheckoutPatchedBuild - Checking out patched build candidate...
03:23:55.133 [main] INFO  fr.inria.jtravis.JTravis - GitHub ratelimit: Limit: 5000 Remaining: 4530 Reset hour: 19:24:34
03:23:57.407 [main] DEBUG f.i.s.r.p.s.c.CheckoutPatchedBuild - Reproduce the PR for batfish/batfish by fetching remote branch and merging.
03:23:58.427 [main] ERROR f.i.s.r.p.s.c.CheckoutPatchedBuild - Error while testing commit: org.eclipse.jgit.errors.MissingObjectException: Missing unknown 2fd25b5889931a6049ad9303072da6c8ee404465
03:23:58.428 [main] ERROR f.i.s.r.p.s.c.CheckoutPatchedBuild - Error while testing commit: org.eclipse.jgit.errors.MissingObjectException: Missing unknown dea15916b490037ac1e9b1f0e635220b14485981
03:23:58.429 [main] ERROR f.i.s.r.p.s.c.CheckoutPatchedBuild - Commit head ref cannot be retrieved from the repository: 2fd25b5889931a6049ad9303072da6c8ee404465. Operation aborted.
03:23:58.429 [main] ERROR f.i.s.r.p.s.c.CheckoutPatchedBuild - Error while merging two commits to reproduce the PR.
03:23:58.431 [main] DEBUG f.i.s.r.p.s.c.CheckoutPatchedBuild - STEP STATUS: [ CheckoutPatchedBuildCandidate : FAILURE ( BUILDNOTCHECKEDOUT ) ]
03:23:58.431 [main] DEBUG f.i.s.r.p.s.c.CheckoutPatchedBuild - STEP DURATION: 3s
03:23:58.432 [main] DEBUG f.i.s.r.p.s.c.CheckoutPatchedBuild - TERMINATE PIPELINE
03:23:58.432 [main] DEBUG f.i.s.r.p.s.c.CheckoutPatchedBuild - FINAL STEPS SKIPPED: The reproduction of the bug and/or the patch failed.
03:23:58.433 [main] INFO  f.i.s.r.p.s.c.CheckoutPatchedBuild - Serialize all data for the pair of builds 341608497, 341625959
03:23:58.557 [main] INFO  fr.inria.jtravis.JTravis - GitHub ratelimit: Limit: 5000 Remaining: 4521 Reset hour: 19:24:34
03:23:59.924 [main] INFO  f.i.s.r.p.i.ProjectInspector - ----------------------------------------------------------------------
03:23:59.925 [main] INFO  f.i.s.r.p.i.ProjectInspector - PIPELINE EXECUTION SUMMARY
03:23:59.925 [main] INFO  f.i.s.r.p.i.ProjectInspector - ----------------------------------------------------------------------
03:23:59.925 [main] INFO  f.i.s.r.p.i.ProjectInspector - CloneRepository.......................................SUCCESS [ 48 s ]
03:23:59.926 [main] INFO  f.i.s.r.p.i.ProjectInspector - CheckoutPatchedBuildCandidate.........................FAILURE [  3 s ]
03:23:59.926 [main] INFO  f.i.s.r.p.i.ProjectInspector - ComputeSourceDir......................................NOT RUN         
03:23:59.926 [main] INFO  f.i.s.r.p.i.ProjectInspector - ComputeTestDir........................................NOT RUN         
03:23:59.926 [main] INFO  f.i.s.r.p.i.ProjectInspector - CheckoutBuggyBuildCandidateSourceCode.................NOT RUN         
03:23:59.926 [main] INFO  f.i.s.r.p.i.ProjectInspector - BuildProjectBuggyBuildCandidateSourceCode.............NOT RUN         
03:23:59.926 [main] INFO  f.i.s.r.p.i.ProjectInspector - TestProjectBuggyBuildCandidateSourceCode..............NOT RUN         
03:23:59.927 [main] INFO  f.i.s.r.p.i.ProjectInspector - GatherTestInformationBuggyBuildCandidateSourceCode....NOT RUN         
03:23:59.927 [main] INFO  f.i.s.r.p.i.ProjectInspector - CheckoutBuggyBuildTestCode............................NOT RUN         
03:23:59.927 [main] INFO  f.i.s.r.p.i.ProjectInspector - InitRepoToPush........................................NOT RUN         
03:23:59.927 [main] INFO  f.i.s.r.p.i.ProjectInspector - ComputeClasspath......................................NOT RUN         
03:23:59.927 [main] INFO  f.i.s.r.p.i.ProjectInspector - ComputeModules........................................NOT RUN         
03:23:59.927 [main] INFO  f.i.s.r.p.i.ProjectInspector - CheckoutBuggyBuildCandidateSourceCode.................NOT RUN         
03:23:59.927 [main] INFO  f.i.s.r.p.i.ProjectInspector - CommitChangedTests....................................NOT RUN         
03:23:59.927 [main] INFO  f.i.s.r.p.i.ProjectInspector - CheckoutPatchedBuildCandidate.........................NOT RUN         
03:23:59.927 [main] INFO  f.i.s.r.p.i.ProjectInspector - BuildProjectPatchedBuildCandidate.....................NOT RUN         
03:23:59.927 [main] INFO  f.i.s.r.p.i.ProjectInspector - TestProjectPatchedBuildCandidate......................NOT RUN         
03:23:59.928 [main] INFO  f.i.s.r.p.i.ProjectInspector - GatherTestInformationPatchedBuildCandidate............NOT RUN         
03:23:59.928 [main] INFO  f.i.s.r.p.i.ProjectInspector - CommitPatch...........................................NOT RUN         
03:23:59.928 [main] INFO  f.i.s.r.p.i.ProjectInspector - WritePropertyFile.....................................NOT RUN         
03:23:59.928 [main] INFO  f.i.s.r.p.i.ProjectInspector - CommitProcessEnd......................................NOT RUN         
03:23:59.928 [main] INFO  f.i.s.r.p.i.ProjectInspector - PushProcessEnd........................................NOT RUN         
03:23:59.928 [main] INFO  f.i.s.r.p.i.ProjectInspector - ----------------------------------------------------------------------
03:23:59.928 [main] INFO  f.i.s.r.p.i.ProjectInspector - PIPELINE FINDING: BUILDNOTCHECKEDOUT
03:23:59.928 [main] INFO  f.i.s.r.p.i.ProjectInspector - ----------------------------------------------------------------------
03:23:59.928 [main] INFO  f.i.s.repairnator.pipeline.Launcher - Inspector is finished. The process will exit now.
