06:04:09.994 [main] INFO  f.i.s.repairnator.pipeline.Launcher - PIPELINE VERSION: 3.0-2018-08-09 19:04
06:04:10.347 [main] INFO  f.i.s.repairnator.pipeline.Launcher - The pipeline will try to reproduce a bug from build 332857066 and its corresponding patch from build 338417570
06:04:10.348 [main] INFO  f.i.s.repairnator.pipeline.Launcher - Initialize file serializer engines.
06:04:10.350 [main] INFO  f.i.s.repairnator.pipeline.Launcher - MongoDB won't be used for serialization.
06:04:10.351 [main] INFO  f.i.s.repairnator.pipeline.Launcher - The email notifier engine won't be used.
06:04:10.355 [main] INFO  f.i.s.repairnator.pipeline.Launcher - Start by getting the build (buildId: 332857066) with the following config: RepairnatorConfig{runId='d3ce7021-6f7e-4bbd-b7fc-dc7f588b701c_02-18-week2-PASSING_AND_PASSING', launcherMode=BEARS, serializeJson=true, inputPath='null', outputPath='/var/log', mongodbHost='null', mongodbName='repairnator', smtpServer='null', notifyTo=[], notifyEndProcess=false, push=true, pushRemoteRepo='https://github.com/fermadeiral/bears-collection-pp', fork=false, lookFromDate=null, lookToDate=null, buildId=332857066, z3solverPath='./z3_for_linux', workspacePath='./workspace', githubToken='c8a341a903[...]', dockerImageName='null', skipDelete=false, createOutputDir=false, logDirectory='null', nbThreads=0, globalTimeout=0, whiteList=null, blackList=null, jobSleepTime=0, buildSleepTime=0, maxInspectedBuilds=0, duration=null, humanPatch=false, repository='null', clean=true, bearsMode=BOTH, bearsDelimiter = false, repairTools=NopolAllTests,NPEFix,AssertFixer,AstorJGenProg,AstorJKali,NopolSingleTest,AstorJMut,NopolTestExclusionStrategy, githubUserName= fermadeiral, githubUserEmail=fer.madeiral@gmail.com}
06:04:12.350 [main] DEBUG fr.inria.jtravis.helpers.BuildHelper - Get request to :https://api.travis-ci.org/build/332857066 done after 962 ms
06:04:12.644 [main] DEBUG fr.inria.jtravis.helpers.BuildHelper - Get request to :https://api.travis-ci.org/build/338417570 done after 149 ms
06:04:12.663 [main] INFO  f.i.s.repairnator.pipeline.Launcher - The patched build (338417570) was successfully retrieved from Travis.
06:04:13.886 [main] INFO  fr.inria.jtravis.JTravis - GitHub ratelimit: Limit: 5000 Remaining: 4839 Reset hour: 19:24:46
06:04:15.330 [main] INFO  f.i.s.r.p.i.ProjectInspector - ----------------------------------------------------------------------
06:04:15.330 [main] INFO  f.i.s.r.p.i.ProjectInspector - PIPELINE STEPS
06:04:15.330 [main] INFO  f.i.s.r.p.i.ProjectInspector - ----------------------------------------------------------------------
06:04:15.331 [main] INFO  f.i.s.r.p.i.ProjectInspector - CloneRepository
06:04:15.331 [main] INFO  f.i.s.r.p.i.ProjectInspector - CheckoutPatchedBuildCandidate
06:04:15.331 [main] INFO  f.i.s.r.p.i.ProjectInspector - ComputeSourceDir
06:04:15.331 [main] INFO  f.i.s.r.p.i.ProjectInspector - ComputeTestDir
06:04:15.332 [main] INFO  f.i.s.r.p.i.ProjectInspector - CheckoutBuggyBuildCandidateSourceCode
06:04:15.332 [main] INFO  f.i.s.r.p.i.ProjectInspector - BuildProjectBuggyBuildCandidateSourceCode
06:04:15.332 [main] INFO  f.i.s.r.p.i.ProjectInspector - TestProjectBuggyBuildCandidateSourceCode
06:04:15.332 [main] INFO  f.i.s.r.p.i.ProjectInspector - GatherTestInformationBuggyBuildCandidateSourceCode
06:04:15.333 [main] INFO  f.i.s.r.p.i.ProjectInspector - CheckoutBuggyBuildTestCode
06:04:15.333 [main] INFO  f.i.s.r.p.i.ProjectInspector - InitRepoToPush
06:04:15.333 [main] INFO  f.i.s.r.p.i.ProjectInspector - ComputeClasspath
06:04:15.333 [main] INFO  f.i.s.r.p.i.ProjectInspector - ComputeModules
06:04:15.334 [main] INFO  f.i.s.r.p.i.ProjectInspector - CheckoutBuggyBuildCandidateSourceCode
06:04:15.334 [main] INFO  f.i.s.r.p.i.ProjectInspector - CommitChangedTests
06:04:15.334 [main] INFO  f.i.s.r.p.i.ProjectInspector - CheckoutPatchedBuildCandidate
06:04:15.334 [main] INFO  f.i.s.r.p.i.ProjectInspector - BuildProjectPatchedBuildCandidate
06:04:15.334 [main] INFO  f.i.s.r.p.i.ProjectInspector - TestProjectPatchedBuildCandidate
06:04:15.335 [main] INFO  f.i.s.r.p.i.ProjectInspector - GatherTestInformationPatchedBuildCandidate
06:04:15.335 [main] INFO  f.i.s.r.p.i.ProjectInspector - CommitPatch
06:04:15.335 [main] INFO  f.i.s.r.p.i.ProjectInspector - WritePropertyFile
06:04:15.336 [main] INFO  f.i.s.r.p.i.ProjectInspector - CommitProcessEnd
06:04:15.336 [main] INFO  f.i.s.r.p.i.ProjectInspector - PushProcessEnd
06:04:15.337 [main] DEBUG f.i.s.r.process.step.CloneRepository - ----------------------------------------------------------------------
06:04:15.337 [main] DEBUG f.i.s.r.process.step.CloneRepository - STEP 1/22: CloneRepository
06:04:15.338 [main] DEBUG f.i.s.r.process.step.CloneRepository - ----------------------------------------------------------------------
06:04:15.338 [main] DEBUG f.i.s.r.process.step.CloneRepository - Cloning repository graphhopper/graphhopper in the following directory: ./workspace/graphhopper/graphhopper/332857066
06:04:35.261 [main] DEBUG f.i.s.r.process.step.CloneRepository - STEP STATUS: [ CloneRepository : SUCCESS ]
06:04:35.262 [main] DEBUG f.i.s.r.process.step.CloneRepository - STEP DURATION: 19s
06:04:35.262 [main] DEBUG f.i.s.r.process.step.CloneRepository - EXECUTE NEXT STEP
06:04:35.263 [main] DEBUG f.i.s.r.p.s.c.CheckoutPatchedBuild - ----------------------------------------------------------------------
06:04:35.263 [main] DEBUG f.i.s.r.p.s.c.CheckoutPatchedBuild - STEP 2/22: CheckoutPatchedBuildCandidate
06:04:35.264 [main] DEBUG f.i.s.r.p.s.c.CheckoutPatchedBuild - ----------------------------------------------------------------------
06:04:35.264 [main] DEBUG f.i.s.r.p.s.c.CheckoutPatchedBuild - Checking out patched build candidate...
06:04:35.591 [main] INFO  fr.inria.jtravis.JTravis - GitHub ratelimit: Limit: 5000 Remaining: 4838 Reset hour: 19:24:46
06:04:37.615 [main] DEBUG f.i.s.r.p.s.c.CheckoutPatchedBuild - Reproduce the PR for graphhopper/graphhopper by fetching remote branch and merging.
06:04:40.005 [main] ERROR f.i.s.r.p.s.c.CheckoutPatchedBuild - Error while testing commit: org.eclipse.jgit.errors.MissingObjectException: Missing unknown fab8fa0f288c6d5a8b665faa7b1c7601929d3d96
06:04:40.007 [main] ERROR f.i.s.r.p.s.c.CheckoutPatchedBuild - Commit head ref cannot be retrieved from the repository: fab8fa0f288c6d5a8b665faa7b1c7601929d3d96. Operation aborted.
06:04:40.008 [main] ERROR f.i.s.r.p.s.c.CheckoutPatchedBuild - Error while merging two commits to reproduce the PR.
06:04:40.009 [main] DEBUG f.i.s.r.p.s.c.CheckoutPatchedBuild - STEP STATUS: [ CheckoutPatchedBuildCandidate : FAILURE ( BUILDNOTCHECKEDOUT ) ]
06:04:40.010 [main] DEBUG f.i.s.r.p.s.c.CheckoutPatchedBuild - STEP DURATION: 4s
06:04:40.010 [main] DEBUG f.i.s.r.p.s.c.CheckoutPatchedBuild - TERMINATE PIPELINE
06:04:40.011 [main] DEBUG f.i.s.r.p.s.c.CheckoutPatchedBuild - FINAL STEPS SKIPPED: The reproduction of the bug and/or the patch failed.
06:04:40.011 [main] INFO  f.i.s.r.p.s.c.CheckoutPatchedBuild - Serialize all data for the pair of builds 332857066, 338417570
06:04:40.124 [main] INFO  fr.inria.jtravis.JTravis - GitHub ratelimit: Limit: 5000 Remaining: 4831 Reset hour: 19:24:46
06:04:40.751 [main] INFO  f.i.s.r.p.i.ProjectInspector - ----------------------------------------------------------------------
06:04:40.751 [main] INFO  f.i.s.r.p.i.ProjectInspector - PIPELINE EXECUTION SUMMARY
06:04:40.752 [main] INFO  f.i.s.r.p.i.ProjectInspector - ----------------------------------------------------------------------
06:04:40.753 [main] INFO  f.i.s.r.p.i.ProjectInspector - CloneRepository.......................................SUCCESS [ 19 s ]
06:04:40.753 [main] INFO  f.i.s.r.p.i.ProjectInspector - CheckoutPatchedBuildCandidate.........................FAILURE [  4 s ]
06:04:40.754 [main] INFO  f.i.s.r.p.i.ProjectInspector - ComputeSourceDir......................................NOT RUN         
06:04:40.754 [main] INFO  f.i.s.r.p.i.ProjectInspector - ComputeTestDir........................................NOT RUN         
06:04:40.755 [main] INFO  f.i.s.r.p.i.ProjectInspector - CheckoutBuggyBuildCandidateSourceCode.................NOT RUN         
06:04:40.756 [main] INFO  f.i.s.r.p.i.ProjectInspector - BuildProjectBuggyBuildCandidateSourceCode.............NOT RUN         
06:04:40.756 [main] INFO  f.i.s.r.p.i.ProjectInspector - TestProjectBuggyBuildCandidateSourceCode..............NOT RUN         
06:04:40.757 [main] INFO  f.i.s.r.p.i.ProjectInspector - GatherTestInformationBuggyBuildCandidateSourceCode....NOT RUN         
06:04:40.757 [main] INFO  f.i.s.r.p.i.ProjectInspector - CheckoutBuggyBuildTestCode............................NOT RUN         
06:04:40.758 [main] INFO  f.i.s.r.p.i.ProjectInspector - InitRepoToPush........................................NOT RUN         
06:04:40.758 [main] INFO  f.i.s.r.p.i.ProjectInspector - ComputeClasspath......................................NOT RUN         
06:04:40.759 [main] INFO  f.i.s.r.p.i.ProjectInspector - ComputeModules........................................NOT RUN         
06:04:40.759 [main] INFO  f.i.s.r.p.i.ProjectInspector - CheckoutBuggyBuildCandidateSourceCode.................NOT RUN         
06:04:40.760 [main] INFO  f.i.s.r.p.i.ProjectInspector - CommitChangedTests....................................NOT RUN         
06:04:40.760 [main] INFO  f.i.s.r.p.i.ProjectInspector - CheckoutPatchedBuildCandidate.........................NOT RUN         
06:04:40.761 [main] INFO  f.i.s.r.p.i.ProjectInspector - BuildProjectPatchedBuildCandidate.....................NOT RUN         
06:04:40.761 [main] INFO  f.i.s.r.p.i.ProjectInspector - TestProjectPatchedBuildCandidate......................NOT RUN         
06:04:40.762 [main] INFO  f.i.s.r.p.i.ProjectInspector - GatherTestInformationPatchedBuildCandidate............NOT RUN         
06:04:40.762 [main] INFO  f.i.s.r.p.i.ProjectInspector - CommitPatch...........................................NOT RUN         
06:04:40.763 [main] INFO  f.i.s.r.p.i.ProjectInspector - WritePropertyFile.....................................NOT RUN         
06:04:40.764 [main] INFO  f.i.s.r.p.i.ProjectInspector - CommitProcessEnd......................................NOT RUN         
06:04:40.764 [main] INFO  f.i.s.r.p.i.ProjectInspector - PushProcessEnd........................................NOT RUN         
06:04:40.765 [main] INFO  f.i.s.r.p.i.ProjectInspector - ----------------------------------------------------------------------
06:04:40.765 [main] INFO  f.i.s.r.p.i.ProjectInspector - PIPELINE FINDING: BUILDNOTCHECKEDOUT
06:04:40.766 [main] INFO  f.i.s.r.p.i.ProjectInspector - ----------------------------------------------------------------------
06:04:40.766 [main] INFO  f.i.s.repairnator.pipeline.Launcher - Inspector is finished. The process will exit now.
