11:42:05.658 [main] INFO  f.i.s.repairnator.pipeline.Launcher - PIPELINE VERSION: 3.0-2018-08-09 19:04
11:42:05.833 [main] INFO  f.i.s.repairnator.pipeline.Launcher - The pipeline will try to reproduce a bug from build 340531016 and its corresponding patch from build 341055190
11:42:05.834 [main] INFO  f.i.s.repairnator.pipeline.Launcher - Initialize file serializer engines.
11:42:05.837 [main] INFO  f.i.s.repairnator.pipeline.Launcher - MongoDB won't be used for serialization.
11:42:05.837 [main] INFO  f.i.s.repairnator.pipeline.Launcher - The email notifier engine won't be used.
11:42:05.842 [main] INFO  f.i.s.repairnator.pipeline.Launcher - Start by getting the build (buildId: 340531016) with the following config: RepairnatorConfig{runId='d3ce7021-6f7e-4bbd-b7fc-dc7f588b701c_02-18-week2-PASSING_AND_PASSING', launcherMode=BEARS, serializeJson=true, inputPath='null', outputPath='/var/log', mongodbHost='null', mongodbName='repairnator', smtpServer='null', notifyTo=[], notifyEndProcess=false, push=true, pushRemoteRepo='https://github.com/fermadeiral/bears-collection-pp', fork=false, lookFromDate=null, lookToDate=null, buildId=340531016, z3solverPath='./z3_for_linux', workspacePath='./workspace', githubToken='c8a341a903[...]', dockerImageName='null', skipDelete=false, createOutputDir=false, logDirectory='null', nbThreads=0, globalTimeout=0, whiteList=null, blackList=null, jobSleepTime=0, buildSleepTime=0, maxInspectedBuilds=0, duration=null, humanPatch=false, repository='null', clean=true, bearsMode=BOTH, bearsDelimiter = false, repairTools=NopolAllTests,NPEFix,AssertFixer,AstorJGenProg,AstorJKali,NopolSingleTest,AstorJMut,NopolTestExclusionStrategy, githubUserName= fermadeiral, githubUserEmail=fer.madeiral@gmail.com}
11:42:07.238 [main] DEBUG fr.inria.jtravis.helpers.BuildHelper - Get request to :https://api.travis-ci.org/build/340531016 done after 838 ms
11:42:07.547 [main] DEBUG fr.inria.jtravis.helpers.BuildHelper - Get request to :https://api.travis-ci.org/build/341055190 done after 149 ms
11:42:07.564 [main] INFO  f.i.s.repairnator.pipeline.Launcher - The patched build (341055190) was successfully retrieved from Travis.
11:42:08.961 [main] INFO  fr.inria.jtravis.JTravis - GitHub ratelimit: Limit: 5000 Remaining: 4763 Reset hour: 19:25:05
11:42:09.258 [main] INFO  f.i.s.r.p.i.ProjectInspector - ----------------------------------------------------------------------
11:42:09.258 [main] INFO  f.i.s.r.p.i.ProjectInspector - PIPELINE STEPS
11:42:09.258 [main] INFO  f.i.s.r.p.i.ProjectInspector - ----------------------------------------------------------------------
11:42:09.259 [main] INFO  f.i.s.r.p.i.ProjectInspector - CloneRepository
11:42:09.259 [main] INFO  f.i.s.r.p.i.ProjectInspector - CheckoutPatchedBuildCandidate
11:42:09.259 [main] INFO  f.i.s.r.p.i.ProjectInspector - ComputeSourceDir
11:42:09.259 [main] INFO  f.i.s.r.p.i.ProjectInspector - ComputeTestDir
11:42:09.259 [main] INFO  f.i.s.r.p.i.ProjectInspector - CheckoutBuggyBuildCandidateSourceCode
11:42:09.260 [main] INFO  f.i.s.r.p.i.ProjectInspector - BuildProjectBuggyBuildCandidateSourceCode
11:42:09.260 [main] INFO  f.i.s.r.p.i.ProjectInspector - TestProjectBuggyBuildCandidateSourceCode
11:42:09.260 [main] INFO  f.i.s.r.p.i.ProjectInspector - GatherTestInformationBuggyBuildCandidateSourceCode
11:42:09.260 [main] INFO  f.i.s.r.p.i.ProjectInspector - CheckoutBuggyBuildTestCode
11:42:09.261 [main] INFO  f.i.s.r.p.i.ProjectInspector - InitRepoToPush
11:42:09.261 [main] INFO  f.i.s.r.p.i.ProjectInspector - ComputeClasspath
11:42:09.262 [main] INFO  f.i.s.r.p.i.ProjectInspector - ComputeModules
11:42:09.262 [main] INFO  f.i.s.r.p.i.ProjectInspector - CheckoutBuggyBuildCandidateSourceCode
11:42:09.263 [main] INFO  f.i.s.r.p.i.ProjectInspector - CommitChangedTests
11:42:09.263 [main] INFO  f.i.s.r.p.i.ProjectInspector - CheckoutPatchedBuildCandidate
11:42:09.263 [main] INFO  f.i.s.r.p.i.ProjectInspector - BuildProjectPatchedBuildCandidate
11:42:09.264 [main] INFO  f.i.s.r.p.i.ProjectInspector - TestProjectPatchedBuildCandidate
11:42:09.264 [main] INFO  f.i.s.r.p.i.ProjectInspector - GatherTestInformationPatchedBuildCandidate
11:42:09.264 [main] INFO  f.i.s.r.p.i.ProjectInspector - CommitPatch
11:42:09.265 [main] INFO  f.i.s.r.p.i.ProjectInspector - WritePropertyFile
11:42:09.265 [main] INFO  f.i.s.r.p.i.ProjectInspector - CommitProcessEnd
11:42:09.265 [main] INFO  f.i.s.r.p.i.ProjectInspector - PushProcessEnd
11:42:09.266 [main] DEBUG f.i.s.r.process.step.CloneRepository - ----------------------------------------------------------------------
11:42:09.267 [main] DEBUG f.i.s.r.process.step.CloneRepository - STEP 1/22: CloneRepository
11:42:09.267 [main] DEBUG f.i.s.r.process.step.CloneRepository - ----------------------------------------------------------------------
11:42:09.268 [main] DEBUG f.i.s.r.process.step.CloneRepository - Cloning repository dhis2/dhis2-core in the following directory: ./workspace/dhis2/dhis2-core/340531016
11:42:34.020 [main] DEBUG f.i.s.r.process.step.CloneRepository - STEP STATUS: [ CloneRepository : SUCCESS ]
11:42:34.021 [main] DEBUG f.i.s.r.process.step.CloneRepository - STEP DURATION: 24s
11:42:34.021 [main] DEBUG f.i.s.r.process.step.CloneRepository - EXECUTE NEXT STEP
11:42:34.021 [main] DEBUG f.i.s.r.p.s.c.CheckoutPatchedBuild - ----------------------------------------------------------------------
11:42:34.021 [main] DEBUG f.i.s.r.p.s.c.CheckoutPatchedBuild - STEP 2/22: CheckoutPatchedBuildCandidate
11:42:34.022 [main] DEBUG f.i.s.r.p.s.c.CheckoutPatchedBuild - ----------------------------------------------------------------------
11:42:34.022 [main] DEBUG f.i.s.r.p.s.c.CheckoutPatchedBuild - Checking out patched build candidate...
11:42:34.352 [main] INFO  fr.inria.jtravis.JTravis - GitHub ratelimit: Limit: 5000 Remaining: 4762 Reset hour: 19:25:05
11:42:36.600 [main] DEBUG f.i.s.r.p.s.c.CheckoutPatchedBuild - Reproduce the PR for dhis2/dhis2-core by fetching remote branch and merging.
11:42:41.860 [main] DEBUG f.i.s.r.process.git.GitHelper - Step CheckoutPatchedBuildCandidate - Get the commit 7cb0e81d5ba7deabc81342eb6b749d06bfc1cc95 for repo dhis2/dhis2-core
11:42:43.746 [main] DEBUG f.i.s.r.process.git.GitHelper - Step CheckoutPatchedBuildCandidate - Do the merge with the PR commit for repo dhis2/dhis2-core
11:42:44.538 [main] INFO  f.i.s.r.process.git.GitHelper - Init git submodules.
11:42:44.672 [main] DEBUG f.i.s.r.p.s.c.CheckoutPatchedBuild - STEP STATUS: [ CheckoutPatchedBuildCandidate : SUCCESS ]
11:42:44.673 [main] DEBUG f.i.s.r.p.s.c.CheckoutPatchedBuild - STEP DURATION: 10s
11:42:44.674 [main] DEBUG f.i.s.r.p.s.c.CheckoutPatchedBuild - EXECUTE NEXT STEP
11:42:44.675 [main] DEBUG f.i.s.r.p.s.paths.ComputeSourceDir - ----------------------------------------------------------------------
11:42:44.675 [main] DEBUG f.i.s.r.p.s.paths.ComputeSourceDir - STEP 3/22: ComputeSourceDir
11:42:44.676 [main] DEBUG f.i.s.r.p.s.paths.ComputeSourceDir - ----------------------------------------------------------------------
11:42:44.676 [main] DEBUG f.i.s.r.p.s.paths.ComputeSourceDir - Computing the source directory ...
11:42:44.678 [main] DEBUG f.i.s.r.p.s.paths.ComputeSourceDir - The default source directory (/root/workspace/dhis2/dhis2-core/340531016/src/main/java) does not exist. Try to read pom.xml to get information.
11:42:44.679 [main] INFO  f.i.s.r.p.s.paths.ComputeSourceDir - The pom.xml file is not at the root of the repository. Start to search it in folders...
11:42:44.680 [main] INFO  f.i.s.r.p.s.paths.ComputeSourceDir - A pom.xml was found in the following directory: ./workspace/dhis2/dhis2-core/340531016/dhis-2
11:42:44.936 [main] DEBUG f.i.s.r.p.s.paths.ComputeSourceDir - The source directory given in pom.xml (/root/./workspace/dhis2/dhis2-core/340531016/dhis-2/src/main/java) does not exist. Continue to try to get source dir from all modules.
11:42:44.964 [main] DEBUG f.i.s.r.p.s.paths.ComputeSourceDir - The default source directory (/root/workspace/dhis2/dhis2-core/340531016/dhis-2/dhis-services/src/main/java) does not exist. Try to read pom.xml to get information.
11:42:44.995 [main] DEBUG f.i.s.r.p.s.paths.ComputeSourceDir - The source directory given in pom.xml (/root/workspace/dhis2/dhis2-core/340531016/dhis-2/dhis-services/src/main/java) does not exist. Continue to try to get source dir from all modules.
11:42:45.096 [main] DEBUG f.i.s.r.p.s.paths.ComputeSourceDir - The default source directory (/root/workspace/dhis2/dhis2-core/340531016/dhis-2/dhis-support/src/main/java) does not exist. Try to read pom.xml to get information.
11:42:45.106 [main] DEBUG f.i.s.r.p.s.paths.ComputeSourceDir - The source directory given in pom.xml (/root/workspace/dhis2/dhis2-core/340531016/dhis-2/dhis-support/src/main/java) does not exist. Continue to try to get source dir from all modules.
11:42:45.171 [main] INFO  f.i.s.r.p.s.paths.ComputeSourceDir - 13 source dirs were found:
11:42:45.172 [main] INFO  f.i.s.r.p.s.paths.ComputeSourceDir - /root/workspace/dhis2/dhis2-core/340531016/dhis-2/dhis-api/src/main/java
11:42:45.172 [main] INFO  f.i.s.r.p.s.paths.ComputeSourceDir - /root/workspace/dhis2/dhis2-core/340531016/dhis-2/dhis-services/dhis-service-administration/src/main/java
11:42:45.172 [main] INFO  f.i.s.r.p.s.paths.ComputeSourceDir - /root/workspace/dhis2/dhis2-core/340531016/dhis-2/dhis-services/dhis-service-analytics/src/main/java
11:42:45.172 [main] INFO  f.i.s.r.p.s.paths.ComputeSourceDir - /root/workspace/dhis2/dhis2-core/340531016/dhis-2/dhis-services/dhis-service-core/src/main/java
11:42:45.173 [main] INFO  f.i.s.r.p.s.paths.ComputeSourceDir - /root/workspace/dhis2/dhis2-core/340531016/dhis-2/dhis-services/dhis-service-dxf2/src/main/java
11:42:45.174 [main] INFO  f.i.s.r.p.s.paths.ComputeSourceDir - /root/workspace/dhis2/dhis2-core/340531016/dhis-2/dhis-services/dhis-service-mobile/src/main/java
11:42:45.174 [main] INFO  f.i.s.r.p.s.paths.ComputeSourceDir - /root/workspace/dhis2/dhis2-core/340531016/dhis-2/dhis-services/dhis-service-reporting/src/main/java
11:42:45.175 [main] INFO  f.i.s.r.p.s.paths.ComputeSourceDir - /root/workspace/dhis2/dhis2-core/340531016/dhis-2/dhis-support/dhis-support-commons/src/main/java
11:42:45.178 [main] INFO  f.i.s.r.p.s.paths.ComputeSourceDir - /root/workspace/dhis2/dhis2-core/340531016/dhis-2/dhis-support/dhis-support-external/src/main/java
11:42:45.178 [main] INFO  f.i.s.r.p.s.paths.ComputeSourceDir - /root/workspace/dhis2/dhis2-core/340531016/dhis-2/dhis-support/dhis-support-hibernate/src/main/java
11:42:45.179 [main] INFO  f.i.s.r.p.s.paths.ComputeSourceDir - /root/workspace/dhis2/dhis2-core/340531016/dhis-2/dhis-support/dhis-support-jdbc/src/main/java
11:42:45.179 [main] INFO  f.i.s.r.p.s.paths.ComputeSourceDir - /root/workspace/dhis2/dhis2-core/340531016/dhis-2/dhis-support/dhis-support-system/src/main/java
11:42:45.180 [main] INFO  f.i.s.r.p.s.paths.ComputeSourceDir - /root/workspace/dhis2/dhis2-core/340531016/dhis-2/dhis-support/dhis-support-test/src/main/java
11:42:45.264 [main] DEBUG f.i.s.r.p.s.paths.ComputeSourceDir - Compute the line of code of the project
11:42:45.932 [main] DEBUG f.i.s.r.p.s.paths.ComputeSourceDir - Get result from cloc process...
11:42:45.934 [main] DEBUG f.i.s.r.p.s.paths.ComputeSourceDir - STEP STATUS: [ ComputeSourceDir : SUCCESS ]
11:42:45.934 [main] DEBUG f.i.s.r.p.s.paths.ComputeSourceDir - STEP DURATION: 1s
11:42:45.934 [main] DEBUG f.i.s.r.p.s.paths.ComputeSourceDir - EXECUTE NEXT STEP
11:42:45.934 [main] DEBUG f.i.s.r.p.step.paths.ComputeTestDir - ----------------------------------------------------------------------
11:42:45.935 [main] DEBUG f.i.s.r.p.step.paths.ComputeTestDir - STEP 4/22: ComputeTestDir
11:42:45.935 [main] DEBUG f.i.s.r.p.step.paths.ComputeTestDir - ----------------------------------------------------------------------
11:42:45.935 [main] DEBUG f.i.s.r.p.step.paths.ComputeTestDir - Computing the test directory ...
11:42:45.935 [main] DEBUG f.i.s.r.p.step.paths.ComputeTestDir - The default test directory (/root/workspace/dhis2/dhis2-core/340531016/src/test/java) does not exist. Try to read pom.xml to get information.
11:42:45.936 [main] INFO  f.i.s.r.p.step.paths.ComputeTestDir - The pom.xml file is not at the root of the repository. Start to search it in folders...
11:42:45.936 [main] INFO  f.i.s.r.p.step.paths.ComputeTestDir - A pom.xml was found in the following directory: ./workspace/dhis2/dhis2-core/340531016/dhis-2
11:42:45.946 [main] DEBUG f.i.s.r.p.step.paths.ComputeTestDir - The test directory given in pom.xml (/root/./workspace/dhis2/dhis2-core/340531016/dhis-2/src/test/java) does not exist. Continue to try to get test dir from all modules.
11:42:45.960 [main] DEBUG f.i.s.r.p.step.paths.ComputeTestDir - The default test directory (/root/workspace/dhis2/dhis2-core/340531016/dhis-2/dhis-services/src/test/java) does not exist. Try to read pom.xml to get information.
11:42:45.972 [main] DEBUG f.i.s.r.p.step.paths.ComputeTestDir - The test directory given in pom.xml (/root/workspace/dhis2/dhis2-core/340531016/dhis-2/dhis-services/src/test/java) does not exist. Continue to try to get test dir from all modules.
11:42:46.028 [main] DEBUG f.i.s.r.p.step.paths.ComputeTestDir - The default test directory (/root/workspace/dhis2/dhis2-core/340531016/dhis-2/dhis-support/src/test/java) does not exist. Try to read pom.xml to get information.
11:42:46.035 [main] DEBUG f.i.s.r.p.step.paths.ComputeTestDir - The test directory given in pom.xml (/root/workspace/dhis2/dhis2-core/340531016/dhis-2/dhis-support/src/test/java) does not exist. Continue to try to get test dir from all modules.
11:42:46.036 [main] DEBUG f.i.s.r.p.step.paths.ComputeTestDir - The default test directory (/root/workspace/dhis2/dhis2-core/340531016/dhis-2/dhis-support/dhis-support-external/src/test/java) does not exist. Try to read pom.xml to get information.
11:42:46.045 [main] DEBUG f.i.s.r.p.step.paths.ComputeTestDir - The test directory given in pom.xml (/root/workspace/dhis2/dhis2-core/340531016/dhis-2/dhis-support/dhis-support-external/src/test/java) does not exist. Continue to try to get test dir from all modules.
11:42:46.045 [main] ERROR f.i.s.r.p.step.paths.ComputeTestDir - The test directory is not at default location or specified in build section from pom.xml, and no parent can be found.
11:42:46.045 [main] DEBUG f.i.s.r.p.step.paths.ComputeTestDir - The default test directory (/root/workspace/dhis2/dhis2-core/340531016/dhis-2/dhis-support/dhis-support-test/src/test/java) does not exist. Try to read pom.xml to get information.
11:42:46.055 [main] DEBUG f.i.s.r.p.step.paths.ComputeTestDir - The test directory given in pom.xml (/root/workspace/dhis2/dhis2-core/340531016/dhis-2/dhis-support/dhis-support-test/src/test/java) does not exist. Continue to try to get test dir from all modules.
11:42:46.055 [main] ERROR f.i.s.r.p.step.paths.ComputeTestDir - The test directory is not at default location or specified in build section from pom.xml, and no parent can be found.
11:42:46.064 [main] DEBUG f.i.s.r.p.step.paths.ComputeTestDir - The default test directory (/root/workspace/dhis2/dhis2-core/340531016/dhis-2/dhis-support/dhis-support-hibernate/src/test/java) does not exist. Try to read pom.xml to get information.
11:42:46.073 [main] DEBUG f.i.s.r.p.step.paths.ComputeTestDir - The test directory given in pom.xml (/root/workspace/dhis2/dhis2-core/340531016/dhis-2/dhis-support/dhis-support-hibernate/src/test/java) does not exist. Continue to try to get test dir from all modules.
11:42:46.073 [main] ERROR f.i.s.r.p.step.paths.ComputeTestDir - The test directory is not at default location or specified in build section from pom.xml, and no parent can be found.
11:42:46.099 [main] DEBUG f.i.s.r.p.step.paths.ComputeTestDir - The default test directory (/root/workspace/dhis2/dhis2-core/340531016/dhis-2/dhis-support/dhis-support-jdbc/src/test/java) does not exist. Try to read pom.xml to get information.
11:42:46.108 [main] DEBUG f.i.s.r.p.step.paths.ComputeTestDir - The test directory given in pom.xml (/root/workspace/dhis2/dhis2-core/340531016/dhis-2/dhis-support/dhis-support-jdbc/src/test/java) does not exist. Continue to try to get test dir from all modules.
11:42:46.109 [main] ERROR f.i.s.r.p.step.paths.ComputeTestDir - The test directory is not at default location or specified in build section from pom.xml, and no parent can be found.
11:42:46.109 [main] INFO  f.i.s.r.p.step.paths.ComputeTestDir - 9 test dirs were found:
11:42:46.109 [main] INFO  f.i.s.r.p.step.paths.ComputeTestDir - /root/workspace/dhis2/dhis2-core/340531016/dhis-2/dhis-api/src/test/java
11:42:46.110 [main] INFO  f.i.s.r.p.step.paths.ComputeTestDir - /root/workspace/dhis2/dhis2-core/340531016/dhis-2/dhis-services/dhis-service-administration/src/test/java
11:42:46.110 [main] INFO  f.i.s.r.p.step.paths.ComputeTestDir - /root/workspace/dhis2/dhis2-core/340531016/dhis-2/dhis-services/dhis-service-analytics/src/test/java
11:42:46.110 [main] INFO  f.i.s.r.p.step.paths.ComputeTestDir - /root/workspace/dhis2/dhis2-core/340531016/dhis-2/dhis-services/dhis-service-core/src/test/java
11:42:46.110 [main] INFO  f.i.s.r.p.step.paths.ComputeTestDir - /root/workspace/dhis2/dhis2-core/340531016/dhis-2/dhis-services/dhis-service-dxf2/src/test/java
11:42:46.111 [main] INFO  f.i.s.r.p.step.paths.ComputeTestDir - /root/workspace/dhis2/dhis2-core/340531016/dhis-2/dhis-services/dhis-service-mobile/src/test/java
11:42:46.111 [main] INFO  f.i.s.r.p.step.paths.ComputeTestDir - /root/workspace/dhis2/dhis2-core/340531016/dhis-2/dhis-services/dhis-service-reporting/src/test/java
11:42:46.112 [main] INFO  f.i.s.r.p.step.paths.ComputeTestDir - /root/workspace/dhis2/dhis2-core/340531016/dhis-2/dhis-support/dhis-support-commons/src/test/java
11:42:46.112 [main] INFO  f.i.s.r.p.step.paths.ComputeTestDir - /root/workspace/dhis2/dhis2-core/340531016/dhis-2/dhis-support/dhis-support-system/src/test/java
11:42:46.128 [main] DEBUG f.i.s.r.p.step.paths.ComputeTestDir - STEP STATUS: [ ComputeTestDir : SUCCESS ]
11:42:46.129 [main] DEBUG f.i.s.r.p.step.paths.ComputeTestDir - STEP DURATION: 0s
11:42:46.129 [main] DEBUG f.i.s.r.p.step.paths.ComputeTestDir - EXECUTE NEXT STEP
11:42:46.130 [main] DEBUG f.i.s.r.p.s.c.CheckoutBuggyBuildSourceCode - ----------------------------------------------------------------------
11:42:46.130 [main] DEBUG f.i.s.r.p.s.c.CheckoutBuggyBuildSourceCode - STEP 5/22: CheckoutBuggyBuildCandidateSourceCode
11:42:46.130 [main] DEBUG f.i.s.r.p.s.c.CheckoutBuggyBuildSourceCode - ----------------------------------------------------------------------
11:42:46.130 [main] DEBUG f.i.s.r.p.s.c.CheckoutBuggyBuildSourceCode - Checking out the source code of the buggy build candidate...
11:42:46.486 [main] INFO  fr.inria.jtravis.JTravis - GitHub ratelimit: Limit: 5000 Remaining: 4755 Reset hour: 19:25:05
11:42:48.142 [main] DEBUG f.i.s.r.p.s.c.CheckoutBuggyBuildSourceCode - Reproduce the PR for dhis2/dhis2-core by fetching remote branch and merging.
11:42:48.665 [main] DEBUG f.i.s.r.process.git.GitHelper - Step CheckoutBuggyBuildCandidateSourceCode - Get the commit 7cb0e81d5ba7deabc81342eb6b749d06bfc1cc95 for repo dhis2/dhis2-core
11:42:49.075 [main] DEBUG f.i.s.r.process.git.GitHelper - Step CheckoutBuggyBuildCandidateSourceCode - Do the merge with the PR commit for repo dhis2/dhis2-core
11:42:49.680 [main] INFO  f.i.s.r.process.git.GitHelper - Init git submodules.
11:42:49.895 [main] INFO  fr.inria.jtravis.JTravis - GitHub ratelimit: Limit: 5000 Remaining: 4748 Reset hour: 19:25:05
11:42:51.652 [main] DEBUG f.i.s.r.p.s.c.CheckoutBuggyBuildSourceCode - Reproduce the PR for dhis2/dhis2-core by fetching remote branch and merging.
11:42:51.860 [main] ERROR f.i.s.r.p.s.c.CheckoutBuggyBuildSourceCode - Error while testing commit: org.eclipse.jgit.errors.MissingObjectException: Missing unknown 5c689a2573900c64c39e59b8086d12ad4313210e
11:42:51.862 [main] ERROR f.i.s.r.p.s.c.CheckoutBuggyBuildSourceCode - Commit head ref cannot be retrieved from the repository: 5c689a2573900c64c39e59b8086d12ad4313210e. Operation aborted.
11:42:51.863 [main] ERROR f.i.s.r.p.s.c.CheckoutBuggyBuildSourceCode - Error while merging two commits to reproduce the PR.
11:42:51.865 [main] DEBUG f.i.s.r.p.s.c.CheckoutBuggyBuildSourceCode - STEP STATUS: [ CheckoutBuggyBuildCandidateSourceCode : FAILURE ( BUILDNOTCHECKEDOUT ) ]
11:42:51.866 [main] DEBUG f.i.s.r.p.s.c.CheckoutBuggyBuildSourceCode - STEP DURATION: 5s
11:42:51.867 [main] DEBUG f.i.s.r.p.s.c.CheckoutBuggyBuildSourceCode - TERMINATE PIPELINE
11:42:51.867 [main] DEBUG f.i.s.r.p.s.c.CheckoutBuggyBuildSourceCode - FINAL STEPS SKIPPED: The reproduction of the bug and/or the patch failed.
11:42:51.868 [main] INFO  f.i.s.r.p.s.c.CheckoutBuggyBuildSourceCode - Serialize all data for the pair of builds 340531016, 341055190
11:42:51.983 [main] INFO  fr.inria.jtravis.JTravis - GitHub ratelimit: Limit: 5000 Remaining: 4741 Reset hour: 19:25:05
11:42:53.696 [main] INFO  f.i.s.r.p.i.ProjectInspector - ----------------------------------------------------------------------
11:42:53.697 [main] INFO  f.i.s.r.p.i.ProjectInspector - PIPELINE EXECUTION SUMMARY
11:42:53.697 [main] INFO  f.i.s.r.p.i.ProjectInspector - ----------------------------------------------------------------------
11:42:53.697 [main] INFO  f.i.s.r.p.i.ProjectInspector - CloneRepository.......................................SUCCESS [ 24 s ]
11:42:53.697 [main] INFO  f.i.s.r.p.i.ProjectInspector - CheckoutPatchedBuildCandidate.........................SUCCESS [ 10 s ]
11:42:53.697 [main] INFO  f.i.s.r.p.i.ProjectInspector - ComputeSourceDir......................................SUCCESS [  1 s ]
11:42:53.698 [main] INFO  f.i.s.r.p.i.ProjectInspector - ComputeTestDir........................................SUCCESS [  0 s ]
11:42:53.698 [main] INFO  f.i.s.r.p.i.ProjectInspector - CheckoutBuggyBuildCandidateSourceCode.................FAILURE [  5 s ]
11:42:53.698 [main] INFO  f.i.s.r.p.i.ProjectInspector - BuildProjectBuggyBuildCandidateSourceCode.............NOT RUN         
11:42:53.698 [main] INFO  f.i.s.r.p.i.ProjectInspector - TestProjectBuggyBuildCandidateSourceCode..............NOT RUN         
11:42:53.698 [main] INFO  f.i.s.r.p.i.ProjectInspector - GatherTestInformationBuggyBuildCandidateSourceCode....NOT RUN         
11:42:53.698 [main] INFO  f.i.s.r.p.i.ProjectInspector - CheckoutBuggyBuildTestCode............................NOT RUN         
11:42:53.699 [main] INFO  f.i.s.r.p.i.ProjectInspector - InitRepoToPush........................................NOT RUN         
11:42:53.699 [main] INFO  f.i.s.r.p.i.ProjectInspector - ComputeClasspath......................................NOT RUN         
11:42:53.699 [main] INFO  f.i.s.r.p.i.ProjectInspector - ComputeModules........................................NOT RUN         
11:42:53.699 [main] INFO  f.i.s.r.p.i.ProjectInspector - CheckoutBuggyBuildCandidateSourceCode.................NOT RUN         
11:42:53.699 [main] INFO  f.i.s.r.p.i.ProjectInspector - CommitChangedTests....................................NOT RUN         
11:42:53.699 [main] INFO  f.i.s.r.p.i.ProjectInspector - CheckoutPatchedBuildCandidate.........................NOT RUN         
11:42:53.699 [main] INFO  f.i.s.r.p.i.ProjectInspector - BuildProjectPatchedBuildCandidate.....................NOT RUN         
11:42:53.700 [main] INFO  f.i.s.r.p.i.ProjectInspector - TestProjectPatchedBuildCandidate......................NOT RUN         
11:42:53.700 [main] INFO  f.i.s.r.p.i.ProjectInspector - GatherTestInformationPatchedBuildCandidate............NOT RUN         
11:42:53.700 [main] INFO  f.i.s.r.p.i.ProjectInspector - CommitPatch...........................................NOT RUN         
11:42:53.700 [main] INFO  f.i.s.r.p.i.ProjectInspector - WritePropertyFile.....................................NOT RUN         
11:42:53.700 [main] INFO  f.i.s.r.p.i.ProjectInspector - CommitProcessEnd......................................NOT RUN         
11:42:53.700 [main] INFO  f.i.s.r.p.i.ProjectInspector - PushProcessEnd........................................NOT RUN         
11:42:53.700 [main] INFO  f.i.s.r.p.i.ProjectInspector - ----------------------------------------------------------------------
11:42:53.701 [main] INFO  f.i.s.r.p.i.ProjectInspector - PIPELINE FINDING: BUILDNOTCHECKEDOUT
11:42:53.701 [main] INFO  f.i.s.r.p.i.ProjectInspector - ----------------------------------------------------------------------
11:42:53.701 [main] INFO  f.i.s.repairnator.pipeline.Launcher - Inspector is finished. The process will exit now.
