09:07:34.265 [main] INFO  f.i.s.repairnator.pipeline.Launcher - PIPELINE VERSION: 3.0-2018-08-09 19:04
09:07:34.428 [main] INFO  f.i.s.repairnator.pipeline.Launcher - The pipeline will try to reproduce a bug from build 340480160 and its corresponding patch from build 340481599
09:07:34.429 [main] INFO  f.i.s.repairnator.pipeline.Launcher - Initialize file serializer engines.
09:07:34.431 [main] INFO  f.i.s.repairnator.pipeline.Launcher - MongoDB won't be used for serialization.
09:07:34.432 [main] INFO  f.i.s.repairnator.pipeline.Launcher - The email notifier engine won't be used.
09:07:34.436 [main] INFO  f.i.s.repairnator.pipeline.Launcher - Start by getting the build (buildId: 340480160) with the following config: RepairnatorConfig{runId='d3ce7021-6f7e-4bbd-b7fc-dc7f588b701c_02-18-week2-PASSING_AND_PASSING', launcherMode=BEARS, serializeJson=true, inputPath='null', outputPath='/var/log', mongodbHost='null', mongodbName='repairnator', smtpServer='null', notifyTo=[], notifyEndProcess=false, push=true, pushRemoteRepo='https://github.com/fermadeiral/bears-collection-pp', fork=false, lookFromDate=null, lookToDate=null, buildId=340480160, z3solverPath='./z3_for_linux', workspacePath='./workspace', githubToken='c8a341a903[...]', dockerImageName='null', skipDelete=false, createOutputDir=false, logDirectory='null', nbThreads=0, globalTimeout=0, whiteList=null, blackList=null, jobSleepTime=0, buildSleepTime=0, maxInspectedBuilds=0, duration=null, humanPatch=false, repository='null', clean=true, bearsMode=BOTH, bearsDelimiter = false, repairTools=NopolAllTests,NPEFix,AssertFixer,AstorJGenProg,AstorJKali,NopolSingleTest,AstorJMut,NopolTestExclusionStrategy, githubUserName= fermadeiral, githubUserEmail=fer.madeiral@gmail.com}
09:07:35.968 [main] DEBUG fr.inria.jtravis.helpers.BuildHelper - Get request to :https://api.travis-ci.org/build/340480160 done after 888 ms
09:07:36.309 [main] DEBUG fr.inria.jtravis.helpers.BuildHelper - Get request to :https://api.travis-ci.org/build/340481599 done after 185 ms
09:07:36.336 [main] INFO  f.i.s.repairnator.pipeline.Launcher - The patched build (340481599) was successfully retrieved from Travis.
09:07:37.613 [main] INFO  fr.inria.jtravis.JTravis - GitHub ratelimit: Limit: 5000 Remaining: 4926 Reset hour: 19:24:57
09:07:37.885 [main] INFO  f.i.s.r.p.i.ProjectInspector - ----------------------------------------------------------------------
09:07:37.886 [main] INFO  f.i.s.r.p.i.ProjectInspector - PIPELINE STEPS
09:07:37.886 [main] INFO  f.i.s.r.p.i.ProjectInspector - ----------------------------------------------------------------------
09:07:37.886 [main] INFO  f.i.s.r.p.i.ProjectInspector - CloneRepository
09:07:37.887 [main] INFO  f.i.s.r.p.i.ProjectInspector - CheckoutPatchedBuildCandidate
09:07:37.887 [main] INFO  f.i.s.r.p.i.ProjectInspector - ComputeSourceDir
09:07:37.887 [main] INFO  f.i.s.r.p.i.ProjectInspector - ComputeTestDir
09:07:37.887 [main] INFO  f.i.s.r.p.i.ProjectInspector - CheckoutBuggyBuildCandidateSourceCode
09:07:37.888 [main] INFO  f.i.s.r.p.i.ProjectInspector - BuildProjectBuggyBuildCandidateSourceCode
09:07:37.888 [main] INFO  f.i.s.r.p.i.ProjectInspector - TestProjectBuggyBuildCandidateSourceCode
09:07:37.889 [main] INFO  f.i.s.r.p.i.ProjectInspector - GatherTestInformationBuggyBuildCandidateSourceCode
09:07:37.889 [main] INFO  f.i.s.r.p.i.ProjectInspector - CheckoutBuggyBuildTestCode
09:07:37.889 [main] INFO  f.i.s.r.p.i.ProjectInspector - InitRepoToPush
09:07:37.890 [main] INFO  f.i.s.r.p.i.ProjectInspector - ComputeClasspath
09:07:37.890 [main] INFO  f.i.s.r.p.i.ProjectInspector - ComputeModules
09:07:37.890 [main] INFO  f.i.s.r.p.i.ProjectInspector - CheckoutBuggyBuildCandidateSourceCode
09:07:37.891 [main] INFO  f.i.s.r.p.i.ProjectInspector - CommitChangedTests
09:07:37.891 [main] INFO  f.i.s.r.p.i.ProjectInspector - CheckoutPatchedBuildCandidate
09:07:37.892 [main] INFO  f.i.s.r.p.i.ProjectInspector - BuildProjectPatchedBuildCandidate
09:07:37.892 [main] INFO  f.i.s.r.p.i.ProjectInspector - TestProjectPatchedBuildCandidate
09:07:37.892 [main] INFO  f.i.s.r.p.i.ProjectInspector - GatherTestInformationPatchedBuildCandidate
09:07:37.893 [main] INFO  f.i.s.r.p.i.ProjectInspector - CommitPatch
09:07:37.893 [main] INFO  f.i.s.r.p.i.ProjectInspector - WritePropertyFile
09:07:37.894 [main] INFO  f.i.s.r.p.i.ProjectInspector - CommitProcessEnd
09:07:37.894 [main] INFO  f.i.s.r.p.i.ProjectInspector - PushProcessEnd
09:07:37.895 [main] DEBUG f.i.s.r.process.step.CloneRepository - ----------------------------------------------------------------------
09:07:37.895 [main] DEBUG f.i.s.r.process.step.CloneRepository - STEP 1/22: CloneRepository
09:07:37.896 [main] DEBUG f.i.s.r.process.step.CloneRepository - ----------------------------------------------------------------------
09:07:37.896 [main] DEBUG f.i.s.r.process.step.CloneRepository - Cloning repository geoserver/geoserver in the following directory: ./workspace/geoserver/geoserver/340480160
09:08:32.853 [main] DEBUG f.i.s.r.process.step.CloneRepository - STEP STATUS: [ CloneRepository : SUCCESS ]
09:08:32.853 [main] DEBUG f.i.s.r.process.step.CloneRepository - STEP DURATION: 54s
09:08:32.854 [main] DEBUG f.i.s.r.process.step.CloneRepository - EXECUTE NEXT STEP
09:08:32.854 [main] DEBUG f.i.s.r.p.s.c.CheckoutPatchedBuild - ----------------------------------------------------------------------
09:08:32.854 [main] DEBUG f.i.s.r.p.s.c.CheckoutPatchedBuild - STEP 2/22: CheckoutPatchedBuildCandidate
09:08:32.854 [main] DEBUG f.i.s.r.p.s.c.CheckoutPatchedBuild - ----------------------------------------------------------------------
09:08:32.854 [main] DEBUG f.i.s.r.p.s.c.CheckoutPatchedBuild - Checking out patched build candidate...
09:08:33.201 [main] INFO  fr.inria.jtravis.JTravis - GitHub ratelimit: Limit: 5000 Remaining: 4925 Reset hour: 19:24:57
09:08:36.061 [main] DEBUG f.i.s.r.p.s.c.CheckoutPatchedBuild - Reproduce the PR for geoserver/geoserver by fetching remote branch and merging.
09:08:40.360 [main] DEBUG f.i.s.r.process.git.GitHelper - Step CheckoutPatchedBuildCandidate - Get the commit a3fd16cec89a1d1958af65beee6578a83f271e49 for repo geoserver/geoserver
09:08:45.681 [main] DEBUG f.i.s.r.process.git.GitHelper - Step CheckoutPatchedBuildCandidate - Do the merge with the PR commit for repo geoserver/geoserver
09:08:46.926 [main] INFO  f.i.s.r.process.git.GitHelper - Init git submodules.
09:08:47.150 [main] DEBUG f.i.s.r.p.s.c.CheckoutPatchedBuild - STEP STATUS: [ CheckoutPatchedBuildCandidate : SUCCESS ]
09:08:47.150 [main] DEBUG f.i.s.r.p.s.c.CheckoutPatchedBuild - STEP DURATION: 14s
09:08:47.151 [main] DEBUG f.i.s.r.p.s.c.CheckoutPatchedBuild - EXECUTE NEXT STEP
09:08:47.151 [main] DEBUG f.i.s.r.p.s.paths.ComputeSourceDir - ----------------------------------------------------------------------
09:08:47.151 [main] DEBUG f.i.s.r.p.s.paths.ComputeSourceDir - STEP 3/22: ComputeSourceDir
09:08:47.151 [main] DEBUG f.i.s.r.p.s.paths.ComputeSourceDir - ----------------------------------------------------------------------
09:08:47.151 [main] DEBUG f.i.s.r.p.s.paths.ComputeSourceDir - Computing the source directory ...
09:08:47.152 [main] DEBUG f.i.s.r.p.s.paths.ComputeSourceDir - The default source directory (/root/workspace/geoserver/geoserver/340480160/src/main/java) does not exist. Try to read pom.xml to get information.
09:08:47.153 [main] INFO  f.i.s.r.p.s.paths.ComputeSourceDir - The pom.xml file is not at the root of the repository. Start to search it in folders...
09:08:47.154 [main] INFO  f.i.s.r.p.s.paths.ComputeSourceDir - A pom.xml was found in the following directory: ./workspace/geoserver/geoserver/340480160/src
09:08:47.349 [main] DEBUG f.i.s.r.p.s.paths.ComputeSourceDir - The source directory given in pom.xml (/root/./workspace/geoserver/geoserver/340480160/src/src/main/java) does not exist. Continue to try to get source dir from all modules.
09:08:47.395 [main] DEBUG f.i.s.r.p.s.paths.ComputeSourceDir - The default source directory (/root/workspace/geoserver/geoserver/340480160/src/security/src/main/java) does not exist. Try to read pom.xml to get information.
09:08:47.414 [main] DEBUG f.i.s.r.p.s.paths.ComputeSourceDir - The source directory given in pom.xml (/root/workspace/geoserver/geoserver/340480160/src/security/src/main/java) does not exist. Continue to try to get source dir from all modules.
09:08:47.415 [main] DEBUG f.i.s.r.p.s.paths.ComputeSourceDir - The default source directory (/root/workspace/geoserver/geoserver/340480160/src/security/security-tests/src/main/java) does not exist. Try to read pom.xml to get information.
09:08:47.432 [main] DEBUG f.i.s.r.p.s.paths.ComputeSourceDir - The source directory given in pom.xml (/root/workspace/geoserver/geoserver/340480160/src/security/security-tests/src/main/java) does not exist. Continue to try to get source dir from all modules.
09:08:47.432 [main] ERROR f.i.s.r.p.s.paths.ComputeSourceDir - The source directory is not at default location or specified in build section from pom.xml, and no parent can be found.
09:08:47.638 [main] DEBUG f.i.s.r.p.s.paths.ComputeSourceDir - The default source directory (/root/workspace/geoserver/geoserver/340480160/src/web/src/main/java) does not exist. Try to read pom.xml to get information.
09:08:47.647 [main] DEBUG f.i.s.r.p.s.paths.ComputeSourceDir - The source directory given in pom.xml (/root/workspace/geoserver/geoserver/340480160/src/web/src/main/java) does not exist. Continue to try to get source dir from all modules.
09:08:47.662 [main] DEBUG f.i.s.r.p.s.paths.ComputeSourceDir - The default source directory (/root/workspace/geoserver/geoserver/340480160/src/web/app/src/main/java) does not exist. Try to read pom.xml to get information.
09:08:47.689 [main] DEBUG f.i.s.r.p.s.paths.ComputeSourceDir - The source directory given in pom.xml (/root/workspace/geoserver/geoserver/340480160/src/web/app/src/main/java) does not exist. Continue to try to get source dir from all modules.
09:08:47.690 [main] ERROR f.i.s.r.p.s.paths.ComputeSourceDir - The source directory is not at default location or specified in build section from pom.xml, and no parent can be found.
09:08:47.748 [main] DEBUG f.i.s.r.p.s.paths.ComputeSourceDir - The default source directory (/root/workspace/geoserver/geoserver/340480160/src/web/security/src/main/java) does not exist. Try to read pom.xml to get information.
09:08:47.760 [main] DEBUG f.i.s.r.p.s.paths.ComputeSourceDir - The source directory given in pom.xml (/root/workspace/geoserver/geoserver/340480160/src/web/security/src/main/java) does not exist. Continue to try to get source dir from all modules.
09:08:47.817 [main] DEBUG f.i.s.r.p.s.paths.ComputeSourceDir - The default source directory (/root/workspace/geoserver/geoserver/340480160/src/community/src/main/java) does not exist. Try to read pom.xml to get information.
09:08:47.844 [main] DEBUG f.i.s.r.p.s.paths.ComputeSourceDir - The source directory given in pom.xml (/root/workspace/geoserver/geoserver/340480160/src/community/src/main/java) does not exist. Continue to try to get source dir from all modules.
09:08:47.844 [main] ERROR f.i.s.r.p.s.paths.ComputeSourceDir - The source directory is not at default location or specified in build section from pom.xml, and no parent can be found.
09:08:47.845 [main] DEBUG f.i.s.r.p.s.paths.ComputeSourceDir - The default source directory (/root/workspace/geoserver/geoserver/340480160/src/extension/src/main/java) does not exist. Try to read pom.xml to get information.
09:08:47.856 [main] DEBUG f.i.s.r.p.s.paths.ComputeSourceDir - The source directory given in pom.xml (/root/workspace/geoserver/geoserver/340480160/src/extension/src/main/java) does not exist. Continue to try to get source dir from all modules.
09:08:47.856 [main] ERROR f.i.s.r.p.s.paths.ComputeSourceDir - The source directory is not at default location or specified in build section from pom.xml, and no parent can be found.
09:08:47.857 [main] INFO  f.i.s.r.p.s.paths.ComputeSourceDir - 28 source dirs were found:
09:08:47.857 [main] INFO  f.i.s.r.p.s.paths.ComputeSourceDir - /root/workspace/geoserver/geoserver/340480160/src/gwc/src/main/java
09:08:47.857 [main] INFO  f.i.s.r.p.s.paths.ComputeSourceDir - /root/workspace/geoserver/geoserver/340480160/src/kml/src/main/java
09:08:47.857 [main] INFO  f.i.s.r.p.s.paths.ComputeSourceDir - /root/workspace/geoserver/geoserver/340480160/src/main/src/main/java
09:08:47.858 [main] INFO  f.i.s.r.p.s.paths.ComputeSourceDir - /root/workspace/geoserver/geoserver/340480160/src/ows/src/main/java
09:08:47.858 [main] INFO  f.i.s.r.p.s.paths.ComputeSourceDir - /root/workspace/geoserver/geoserver/340480160/src/platform/src/main/java
09:08:47.858 [main] INFO  f.i.s.r.p.s.paths.ComputeSourceDir - /root/workspace/geoserver/geoserver/340480160/src/rest/src/main/java
09:08:47.858 [main] INFO  f.i.s.r.p.s.paths.ComputeSourceDir - /root/workspace/geoserver/geoserver/340480160/src/restconfig-wcs/src/main/java
09:08:47.858 [main] INFO  f.i.s.r.p.s.paths.ComputeSourceDir - /root/workspace/geoserver/geoserver/340480160/src/restconfig-wfs/src/main/java
09:08:47.859 [main] INFO  f.i.s.r.p.s.paths.ComputeSourceDir - /root/workspace/geoserver/geoserver/340480160/src/restconfig-wms/src/main/java
09:08:47.859 [main] INFO  f.i.s.r.p.s.paths.ComputeSourceDir - /root/workspace/geoserver/geoserver/340480160/src/restconfig/src/main/java
09:08:47.859 [main] INFO  f.i.s.r.p.s.paths.ComputeSourceDir - /root/workspace/geoserver/geoserver/340480160/src/security/jdbc/src/main/java
09:08:47.859 [main] INFO  f.i.s.r.p.s.paths.ComputeSourceDir - /root/workspace/geoserver/geoserver/340480160/src/security/ldap/src/main/java
09:08:47.860 [main] INFO  f.i.s.r.p.s.paths.ComputeSourceDir - /root/workspace/geoserver/geoserver/340480160/src/wcs/src/main/java
09:08:47.860 [main] INFO  f.i.s.r.p.s.paths.ComputeSourceDir - /root/workspace/geoserver/geoserver/340480160/src/wcs1_0/src/main/java
09:08:47.860 [main] INFO  f.i.s.r.p.s.paths.ComputeSourceDir - /root/workspace/geoserver/geoserver/340480160/src/wcs1_1/src/main/java
09:08:47.860 [main] INFO  f.i.s.r.p.s.paths.ComputeSourceDir - /root/workspace/geoserver/geoserver/340480160/src/wcs2_0/src/main/java
09:08:47.860 [main] INFO  f.i.s.r.p.s.paths.ComputeSourceDir - /root/workspace/geoserver/geoserver/340480160/src/web/core/src/main/java
09:08:47.861 [main] INFO  f.i.s.r.p.s.paths.ComputeSourceDir - /root/workspace/geoserver/geoserver/340480160/src/web/demo/src/main/java
09:08:47.861 [main] INFO  f.i.s.r.p.s.paths.ComputeSourceDir - /root/workspace/geoserver/geoserver/340480160/src/web/gwc/src/main/java
09:08:47.861 [main] INFO  f.i.s.r.p.s.paths.ComputeSourceDir - /root/workspace/geoserver/geoserver/340480160/src/web/rest/src/main/java
09:08:47.861 [main] INFO  f.i.s.r.p.s.paths.ComputeSourceDir - /root/workspace/geoserver/geoserver/340480160/src/web/security/core/src/main/java
09:08:47.862 [main] INFO  f.i.s.r.p.s.paths.ComputeSourceDir - /root/workspace/geoserver/geoserver/340480160/src/web/security/jdbc/src/main/java
09:08:47.862 [main] INFO  f.i.s.r.p.s.paths.ComputeSourceDir - /root/workspace/geoserver/geoserver/340480160/src/web/security/ldap/src/main/java
09:08:47.862 [main] INFO  f.i.s.r.p.s.paths.ComputeSourceDir - /root/workspace/geoserver/geoserver/340480160/src/web/wcs/src/main/java
09:08:47.863 [main] INFO  f.i.s.r.p.s.paths.ComputeSourceDir - /root/workspace/geoserver/geoserver/340480160/src/web/wfs/src/main/java
09:08:47.863 [main] INFO  f.i.s.r.p.s.paths.ComputeSourceDir - /root/workspace/geoserver/geoserver/340480160/src/web/wms/src/main/java
09:08:47.863 [main] INFO  f.i.s.r.p.s.paths.ComputeSourceDir - /root/workspace/geoserver/geoserver/340480160/src/wfs/src/main/java
09:08:47.863 [main] INFO  f.i.s.r.p.s.paths.ComputeSourceDir - /root/workspace/geoserver/geoserver/340480160/src/wms/src/main/java
09:08:47.948 [main] DEBUG f.i.s.r.p.s.paths.ComputeSourceDir - Compute the line of code of the project
09:08:48.177 [main] DEBUG f.i.s.r.p.s.paths.ComputeSourceDir - Get result from cloc process...
09:08:48.178 [main] DEBUG f.i.s.r.p.s.paths.ComputeSourceDir - STEP STATUS: [ ComputeSourceDir : SUCCESS ]
09:08:48.178 [main] DEBUG f.i.s.r.p.s.paths.ComputeSourceDir - STEP DURATION: 1s
09:08:48.178 [main] DEBUG f.i.s.r.p.s.paths.ComputeSourceDir - EXECUTE NEXT STEP
09:08:48.178 [main] DEBUG f.i.s.r.p.step.paths.ComputeTestDir - ----------------------------------------------------------------------
09:08:48.178 [main] DEBUG f.i.s.r.p.step.paths.ComputeTestDir - STEP 4/22: ComputeTestDir
09:08:48.179 [main] DEBUG f.i.s.r.p.step.paths.ComputeTestDir - ----------------------------------------------------------------------
09:08:48.179 [main] DEBUG f.i.s.r.p.step.paths.ComputeTestDir - Computing the test directory ...
09:08:48.179 [main] DEBUG f.i.s.r.p.step.paths.ComputeTestDir - The default test directory (/root/workspace/geoserver/geoserver/340480160/src/test/java) does not exist. Try to read pom.xml to get information.
09:08:48.179 [main] INFO  f.i.s.r.p.step.paths.ComputeTestDir - The pom.xml file is not at the root of the repository. Start to search it in folders...
09:08:48.180 [main] INFO  f.i.s.r.p.step.paths.ComputeTestDir - A pom.xml was found in the following directory: ./workspace/geoserver/geoserver/340480160/src
09:08:48.187 [main] DEBUG f.i.s.r.p.step.paths.ComputeTestDir - The test directory given in pom.xml (/root/./workspace/geoserver/geoserver/340480160/src/src/test/java) does not exist. Continue to try to get test dir from all modules.
09:08:48.207 [main] DEBUG f.i.s.r.p.step.paths.ComputeTestDir - The default test directory (/root/workspace/geoserver/geoserver/340480160/src/security/src/test/java) does not exist. Try to read pom.xml to get information.
09:08:48.217 [main] DEBUG f.i.s.r.p.step.paths.ComputeTestDir - The test directory given in pom.xml (/root/workspace/geoserver/geoserver/340480160/src/security/src/test/java) does not exist. Continue to try to get test dir from all modules.
09:08:48.241 [main] DEBUG f.i.s.r.p.step.paths.ComputeTestDir - The default test directory (/root/workspace/geoserver/geoserver/340480160/src/wcs/src/test/java) does not exist. Try to read pom.xml to get information.
09:08:48.251 [main] DEBUG f.i.s.r.p.step.paths.ComputeTestDir - The test directory given in pom.xml (/root/workspace/geoserver/geoserver/340480160/src/wcs/src/test/java) does not exist. Continue to try to get test dir from all modules.
09:08:48.251 [main] ERROR f.i.s.r.p.step.paths.ComputeTestDir - The test directory is not at default location or specified in build section from pom.xml, and no parent can be found.
09:08:48.361 [main] DEBUG f.i.s.r.p.step.paths.ComputeTestDir - The default test directory (/root/workspace/geoserver/geoserver/340480160/src/web/src/test/java) does not exist. Try to read pom.xml to get information.
09:08:48.368 [main] DEBUG f.i.s.r.p.step.paths.ComputeTestDir - The test directory given in pom.xml (/root/workspace/geoserver/geoserver/340480160/src/web/src/test/java) does not exist. Continue to try to get test dir from all modules.
09:08:48.416 [main] DEBUG f.i.s.r.p.step.paths.ComputeTestDir - The default test directory (/root/workspace/geoserver/geoserver/340480160/src/web/security/src/test/java) does not exist. Try to read pom.xml to get information.
09:08:48.422 [main] DEBUG f.i.s.r.p.step.paths.ComputeTestDir - The test directory given in pom.xml (/root/workspace/geoserver/geoserver/340480160/src/web/security/src/test/java) does not exist. Continue to try to get test dir from all modules.
09:08:48.449 [main] DEBUG f.i.s.r.p.step.paths.ComputeTestDir - The default test directory (/root/workspace/geoserver/geoserver/340480160/src/community/src/test/java) does not exist. Try to read pom.xml to get information.
09:08:48.456 [main] DEBUG f.i.s.r.p.step.paths.ComputeTestDir - The test directory given in pom.xml (/root/workspace/geoserver/geoserver/340480160/src/community/src/test/java) does not exist. Continue to try to get test dir from all modules.
09:08:48.456 [main] ERROR f.i.s.r.p.step.paths.ComputeTestDir - The test directory is not at default location or specified in build section from pom.xml, and no parent can be found.
09:08:48.456 [main] DEBUG f.i.s.r.p.step.paths.ComputeTestDir - The default test directory (/root/workspace/geoserver/geoserver/340480160/src/extension/src/test/java) does not exist. Try to read pom.xml to get information.
09:08:48.463 [main] DEBUG f.i.s.r.p.step.paths.ComputeTestDir - The test directory given in pom.xml (/root/workspace/geoserver/geoserver/340480160/src/extension/src/test/java) does not exist. Continue to try to get test dir from all modules.
09:08:48.463 [main] ERROR f.i.s.r.p.step.paths.ComputeTestDir - The test directory is not at default location or specified in build section from pom.xml, and no parent can be found.
09:08:48.464 [main] INFO  f.i.s.r.p.step.paths.ComputeTestDir - 29 test dirs were found:
09:08:48.464 [main] INFO  f.i.s.r.p.step.paths.ComputeTestDir - /root/workspace/geoserver/geoserver/340480160/src/gwc/src/test/java
09:08:48.464 [main] INFO  f.i.s.r.p.step.paths.ComputeTestDir - /root/workspace/geoserver/geoserver/340480160/src/kml/src/test/java
09:08:48.464 [main] INFO  f.i.s.r.p.step.paths.ComputeTestDir - /root/workspace/geoserver/geoserver/340480160/src/main/src/test/java
09:08:48.465 [main] INFO  f.i.s.r.p.step.paths.ComputeTestDir - /root/workspace/geoserver/geoserver/340480160/src/ows/src/test/java
09:08:48.465 [main] INFO  f.i.s.r.p.step.paths.ComputeTestDir - /root/workspace/geoserver/geoserver/340480160/src/platform/src/test/java
09:08:48.465 [main] INFO  f.i.s.r.p.step.paths.ComputeTestDir - /root/workspace/geoserver/geoserver/340480160/src/rest/src/test/java
09:08:48.465 [main] INFO  f.i.s.r.p.step.paths.ComputeTestDir - /root/workspace/geoserver/geoserver/340480160/src/restconfig-wcs/src/test/java
09:08:48.465 [main] INFO  f.i.s.r.p.step.paths.ComputeTestDir - /root/workspace/geoserver/geoserver/340480160/src/restconfig-wfs/src/test/java
09:08:48.466 [main] INFO  f.i.s.r.p.step.paths.ComputeTestDir - /root/workspace/geoserver/geoserver/340480160/src/restconfig-wms/src/test/java
09:08:48.466 [main] INFO  f.i.s.r.p.step.paths.ComputeTestDir - /root/workspace/geoserver/geoserver/340480160/src/restconfig/src/test/java
09:08:48.466 [main] INFO  f.i.s.r.p.step.paths.ComputeTestDir - /root/workspace/geoserver/geoserver/340480160/src/security/jdbc/src/test/java
09:08:48.466 [main] INFO  f.i.s.r.p.step.paths.ComputeTestDir - /root/workspace/geoserver/geoserver/340480160/src/security/ldap/src/test/java
09:08:48.466 [main] INFO  f.i.s.r.p.step.paths.ComputeTestDir - /root/workspace/geoserver/geoserver/340480160/src/security/security-tests/src/test/java
09:08:48.466 [main] INFO  f.i.s.r.p.step.paths.ComputeTestDir - /root/workspace/geoserver/geoserver/340480160/src/wcs1_0/src/test/java
09:08:48.467 [main] INFO  f.i.s.r.p.step.paths.ComputeTestDir - /root/workspace/geoserver/geoserver/340480160/src/wcs1_1/src/test/java
09:08:48.467 [main] INFO  f.i.s.r.p.step.paths.ComputeTestDir - /root/workspace/geoserver/geoserver/340480160/src/wcs2_0/src/test/java
09:08:48.467 [main] INFO  f.i.s.r.p.step.paths.ComputeTestDir - /root/workspace/geoserver/geoserver/340480160/src/web/app/src/test/java
09:08:48.467 [main] INFO  f.i.s.r.p.step.paths.ComputeTestDir - /root/workspace/geoserver/geoserver/340480160/src/web/core/src/test/java
09:08:48.467 [main] INFO  f.i.s.r.p.step.paths.ComputeTestDir - /root/workspace/geoserver/geoserver/340480160/src/web/demo/src/test/java
09:08:48.467 [main] INFO  f.i.s.r.p.step.paths.ComputeTestDir - /root/workspace/geoserver/geoserver/340480160/src/web/gwc/src/test/java
09:08:48.468 [main] INFO  f.i.s.r.p.step.paths.ComputeTestDir - /root/workspace/geoserver/geoserver/340480160/src/web/rest/src/test/java
09:08:48.468 [main] INFO  f.i.s.r.p.step.paths.ComputeTestDir - /root/workspace/geoserver/geoserver/340480160/src/web/security/core/src/test/java
09:08:48.468 [main] INFO  f.i.s.r.p.step.paths.ComputeTestDir - /root/workspace/geoserver/geoserver/340480160/src/web/security/jdbc/src/test/java
09:08:48.468 [main] INFO  f.i.s.r.p.step.paths.ComputeTestDir - /root/workspace/geoserver/geoserver/340480160/src/web/security/ldap/src/test/java
09:08:48.468 [main] INFO  f.i.s.r.p.step.paths.ComputeTestDir - /root/workspace/geoserver/geoserver/340480160/src/web/wcs/src/test/java
09:08:48.469 [main] INFO  f.i.s.r.p.step.paths.ComputeTestDir - /root/workspace/geoserver/geoserver/340480160/src/web/wfs/src/test/java
09:08:48.469 [main] INFO  f.i.s.r.p.step.paths.ComputeTestDir - /root/workspace/geoserver/geoserver/340480160/src/web/wms/src/test/java
09:08:48.469 [main] INFO  f.i.s.r.p.step.paths.ComputeTestDir - /root/workspace/geoserver/geoserver/340480160/src/wfs/src/test/java
09:08:48.469 [main] INFO  f.i.s.r.p.step.paths.ComputeTestDir - /root/workspace/geoserver/geoserver/340480160/src/wms/src/test/java
09:08:48.490 [main] DEBUG f.i.s.r.p.step.paths.ComputeTestDir - STEP STATUS: [ ComputeTestDir : SUCCESS ]
09:08:48.490 [main] DEBUG f.i.s.r.p.step.paths.ComputeTestDir - STEP DURATION: 0s
09:08:48.490 [main] DEBUG f.i.s.r.p.step.paths.ComputeTestDir - EXECUTE NEXT STEP
09:08:48.490 [main] DEBUG f.i.s.r.p.s.c.CheckoutBuggyBuildSourceCode - ----------------------------------------------------------------------
09:08:48.490 [main] DEBUG f.i.s.r.p.s.c.CheckoutBuggyBuildSourceCode - STEP 5/22: CheckoutBuggyBuildCandidateSourceCode
09:08:48.490 [main] DEBUG f.i.s.r.p.s.c.CheckoutBuggyBuildSourceCode - ----------------------------------------------------------------------
09:08:48.490 [main] DEBUG f.i.s.r.p.s.c.CheckoutBuggyBuildSourceCode - Checking out the source code of the buggy build candidate...
09:08:48.834 [main] INFO  fr.inria.jtravis.JTravis - GitHub ratelimit: Limit: 5000 Remaining: 4918 Reset hour: 19:24:57
09:08:50.698 [main] DEBUG f.i.s.r.p.s.c.CheckoutBuggyBuildSourceCode - Reproduce the PR for geoserver/geoserver by fetching remote branch and merging.
09:08:51.078 [main] DEBUG f.i.s.r.process.git.GitHelper - Step CheckoutBuggyBuildCandidateSourceCode - Get the commit a3fd16cec89a1d1958af65beee6578a83f271e49 for repo geoserver/geoserver
09:08:51.781 [main] DEBUG f.i.s.r.process.git.GitHelper - Step CheckoutBuggyBuildCandidateSourceCode - Do the merge with the PR commit for repo geoserver/geoserver
09:08:52.922 [main] INFO  f.i.s.r.process.git.GitHelper - Init git submodules.
09:08:53.211 [main] INFO  fr.inria.jtravis.JTravis - GitHub ratelimit: Limit: 5000 Remaining: 4911 Reset hour: 19:24:57
09:08:55.395 [main] DEBUG f.i.s.r.p.s.c.CheckoutBuggyBuildSourceCode - Reproduce the PR for geoserver/geoserver by fetching remote branch and merging.
09:08:55.586 [main] ERROR f.i.s.r.p.s.c.CheckoutBuggyBuildSourceCode - Error while testing commit: org.eclipse.jgit.errors.MissingObjectException: Missing unknown dc3d5275e15d4148d1711e571f5e97a97fcaff68
09:08:55.587 [main] ERROR f.i.s.r.p.s.c.CheckoutBuggyBuildSourceCode - Commit head ref cannot be retrieved from the repository: dc3d5275e15d4148d1711e571f5e97a97fcaff68. Operation aborted.
09:08:55.588 [main] ERROR f.i.s.r.p.s.c.CheckoutBuggyBuildSourceCode - Error while merging two commits to reproduce the PR.
09:08:55.589 [main] DEBUG f.i.s.r.p.s.c.CheckoutBuggyBuildSourceCode - STEP STATUS: [ CheckoutBuggyBuildCandidateSourceCode : FAILURE ( BUILDNOTCHECKEDOUT ) ]
09:08:55.589 [main] DEBUG f.i.s.r.p.s.c.CheckoutBuggyBuildSourceCode - STEP DURATION: 7s
09:08:55.590 [main] DEBUG f.i.s.r.p.s.c.CheckoutBuggyBuildSourceCode - TERMINATE PIPELINE
09:08:55.590 [main] DEBUG f.i.s.r.p.s.c.CheckoutBuggyBuildSourceCode - FINAL STEPS SKIPPED: The reproduction of the bug and/or the patch failed.
09:08:55.590 [main] INFO  f.i.s.r.p.s.c.CheckoutBuggyBuildSourceCode - Serialize all data for the pair of builds 340480160, 340481599
09:08:55.721 [main] INFO  fr.inria.jtravis.JTravis - GitHub ratelimit: Limit: 5000 Remaining: 4904 Reset hour: 19:24:57
09:08:58.260 [main] INFO  f.i.s.r.p.i.ProjectInspector - ----------------------------------------------------------------------
09:08:58.260 [main] INFO  f.i.s.r.p.i.ProjectInspector - PIPELINE EXECUTION SUMMARY
09:08:58.260 [main] INFO  f.i.s.r.p.i.ProjectInspector - ----------------------------------------------------------------------
09:08:58.262 [main] INFO  f.i.s.r.p.i.ProjectInspector - CloneRepository.......................................SUCCESS [ 54 s ]
09:08:58.263 [main] INFO  f.i.s.r.p.i.ProjectInspector - CheckoutPatchedBuildCandidate.........................SUCCESS [ 14 s ]
09:08:58.264 [main] INFO  f.i.s.r.p.i.ProjectInspector - ComputeSourceDir......................................SUCCESS [  1 s ]
09:08:58.264 [main] INFO  f.i.s.r.p.i.ProjectInspector - ComputeTestDir........................................SUCCESS [  0 s ]
09:08:58.264 [main] INFO  f.i.s.r.p.i.ProjectInspector - CheckoutBuggyBuildCandidateSourceCode.................FAILURE [  7 s ]
09:08:58.264 [main] INFO  f.i.s.r.p.i.ProjectInspector - BuildProjectBuggyBuildCandidateSourceCode.............NOT RUN         
09:08:58.264 [main] INFO  f.i.s.r.p.i.ProjectInspector - TestProjectBuggyBuildCandidateSourceCode..............NOT RUN         
09:08:58.264 [main] INFO  f.i.s.r.p.i.ProjectInspector - GatherTestInformationBuggyBuildCandidateSourceCode....NOT RUN         
09:08:58.264 [main] INFO  f.i.s.r.p.i.ProjectInspector - CheckoutBuggyBuildTestCode............................NOT RUN         
09:08:58.264 [main] INFO  f.i.s.r.p.i.ProjectInspector - InitRepoToPush........................................NOT RUN         
09:08:58.264 [main] INFO  f.i.s.r.p.i.ProjectInspector - ComputeClasspath......................................NOT RUN         
09:08:58.264 [main] INFO  f.i.s.r.p.i.ProjectInspector - ComputeModules........................................NOT RUN         
09:08:58.264 [main] INFO  f.i.s.r.p.i.ProjectInspector - CheckoutBuggyBuildCandidateSourceCode.................NOT RUN         
09:08:58.265 [main] INFO  f.i.s.r.p.i.ProjectInspector - CommitChangedTests....................................NOT RUN         
09:08:58.265 [main] INFO  f.i.s.r.p.i.ProjectInspector - CheckoutPatchedBuildCandidate.........................NOT RUN         
09:08:58.265 [main] INFO  f.i.s.r.p.i.ProjectInspector - BuildProjectPatchedBuildCandidate.....................NOT RUN         
09:08:58.265 [main] INFO  f.i.s.r.p.i.ProjectInspector - TestProjectPatchedBuildCandidate......................NOT RUN         
09:08:58.265 [main] INFO  f.i.s.r.p.i.ProjectInspector - GatherTestInformationPatchedBuildCandidate............NOT RUN         
09:08:58.265 [main] INFO  f.i.s.r.p.i.ProjectInspector - CommitPatch...........................................NOT RUN         
09:08:58.265 [main] INFO  f.i.s.r.p.i.ProjectInspector - WritePropertyFile.....................................NOT RUN         
09:08:58.265 [main] INFO  f.i.s.r.p.i.ProjectInspector - CommitProcessEnd......................................NOT RUN         
09:08:58.265 [main] INFO  f.i.s.r.p.i.ProjectInspector - PushProcessEnd........................................NOT RUN         
09:08:58.265 [main] INFO  f.i.s.r.p.i.ProjectInspector - ----------------------------------------------------------------------
09:08:58.265 [main] INFO  f.i.s.r.p.i.ProjectInspector - PIPELINE FINDING: BUILDNOTCHECKEDOUT
09:08:58.265 [main] INFO  f.i.s.r.p.i.ProjectInspector - ----------------------------------------------------------------------
09:08:58.265 [main] INFO  f.i.s.repairnator.pipeline.Launcher - Inspector is finished. The process will exit now.
