10:06:19.985 [main] INFO  f.i.s.repairnator.pipeline.Launcher - PIPELINE VERSION: 3.0-2018-08-09 19:04
10:06:20.105 [main] INFO  f.i.s.repairnator.pipeline.Launcher - The pipeline will try to reproduce a bug from build 338586479 and its corresponding patch from build 338894706
10:06:20.106 [main] INFO  f.i.s.repairnator.pipeline.Launcher - Initialize file serializer engines.
10:06:20.107 [main] INFO  f.i.s.repairnator.pipeline.Launcher - MongoDB won't be used for serialization.
10:06:20.108 [main] INFO  f.i.s.repairnator.pipeline.Launcher - The email notifier engine won't be used.
10:06:20.110 [main] INFO  f.i.s.repairnator.pipeline.Launcher - Start by getting the build (buildId: 338586479) with the following config: RepairnatorConfig{runId='d3ce7021-6f7e-4bbd-b7fc-dc7f588b701c_02-18-week2-PASSING_AND_PASSING', launcherMode=BEARS, serializeJson=true, inputPath='null', outputPath='/var/log', mongodbHost='null', mongodbName='repairnator', smtpServer='null', notifyTo=[], notifyEndProcess=false, push=true, pushRemoteRepo='https://github.com/fermadeiral/bears-collection-pp', fork=false, lookFromDate=null, lookToDate=null, buildId=338586479, z3solverPath='./z3_for_linux', workspacePath='./workspace', githubToken='c8a341a903[...]', dockerImageName='null', skipDelete=false, createOutputDir=false, logDirectory='null', nbThreads=0, globalTimeout=0, whiteList=null, blackList=null, jobSleepTime=0, buildSleepTime=0, maxInspectedBuilds=0, duration=null, humanPatch=false, repository='null', clean=true, bearsMode=BOTH, bearsDelimiter = false, repairTools=NopolAllTests,NPEFix,AssertFixer,AstorJGenProg,AstorJKali,NopolSingleTest,AstorJMut,NopolTestExclusionStrategy, githubUserName= fermadeiral, githubUserEmail=fer.madeiral@gmail.com}
10:06:21.415 [main] DEBUG fr.inria.jtravis.helpers.BuildHelper - Get request to :https://api.travis-ci.org/build/338586479 done after 883 ms
10:06:21.967 [main] DEBUG fr.inria.jtravis.helpers.BuildHelper - Get request to :https://api.travis-ci.org/build/338894706 done after 446 ms
10:06:21.991 [main] INFO  f.i.s.repairnator.pipeline.Launcher - The patched build (338894706) was successfully retrieved from Travis.
10:06:23.190 [main] INFO  fr.inria.jtravis.JTravis - GitHub ratelimit: Limit: 5000 Remaining: 4925 Reset hour: 19:25:00
10:06:23.429 [main] INFO  f.i.s.r.p.i.ProjectInspector - ----------------------------------------------------------------------
10:06:23.430 [main] INFO  f.i.s.r.p.i.ProjectInspector - PIPELINE STEPS
10:06:23.430 [main] INFO  f.i.s.r.p.i.ProjectInspector - ----------------------------------------------------------------------
10:06:23.430 [main] INFO  f.i.s.r.p.i.ProjectInspector - CloneRepository
10:06:23.430 [main] INFO  f.i.s.r.p.i.ProjectInspector - CheckoutPatchedBuildCandidate
10:06:23.430 [main] INFO  f.i.s.r.p.i.ProjectInspector - ComputeSourceDir
10:06:23.430 [main] INFO  f.i.s.r.p.i.ProjectInspector - ComputeTestDir
10:06:23.430 [main] INFO  f.i.s.r.p.i.ProjectInspector - CheckoutBuggyBuildCandidateSourceCode
10:06:23.431 [main] INFO  f.i.s.r.p.i.ProjectInspector - BuildProjectBuggyBuildCandidateSourceCode
10:06:23.431 [main] INFO  f.i.s.r.p.i.ProjectInspector - TestProjectBuggyBuildCandidateSourceCode
10:06:23.431 [main] INFO  f.i.s.r.p.i.ProjectInspector - GatherTestInformationBuggyBuildCandidateSourceCode
10:06:23.431 [main] INFO  f.i.s.r.p.i.ProjectInspector - CheckoutBuggyBuildTestCode
10:06:23.431 [main] INFO  f.i.s.r.p.i.ProjectInspector - InitRepoToPush
10:06:23.431 [main] INFO  f.i.s.r.p.i.ProjectInspector - ComputeClasspath
10:06:23.432 [main] INFO  f.i.s.r.p.i.ProjectInspector - ComputeModules
10:06:23.432 [main] INFO  f.i.s.r.p.i.ProjectInspector - CheckoutBuggyBuildCandidateSourceCode
10:06:23.432 [main] INFO  f.i.s.r.p.i.ProjectInspector - CommitChangedTests
10:06:23.432 [main] INFO  f.i.s.r.p.i.ProjectInspector - CheckoutPatchedBuildCandidate
10:06:23.432 [main] INFO  f.i.s.r.p.i.ProjectInspector - BuildProjectPatchedBuildCandidate
10:06:23.432 [main] INFO  f.i.s.r.p.i.ProjectInspector - TestProjectPatchedBuildCandidate
10:06:23.432 [main] INFO  f.i.s.r.p.i.ProjectInspector - GatherTestInformationPatchedBuildCandidate
10:06:23.432 [main] INFO  f.i.s.r.p.i.ProjectInspector - CommitPatch
10:06:23.433 [main] INFO  f.i.s.r.p.i.ProjectInspector - WritePropertyFile
10:06:23.433 [main] INFO  f.i.s.r.p.i.ProjectInspector - CommitProcessEnd
10:06:23.433 [main] INFO  f.i.s.r.p.i.ProjectInspector - PushProcessEnd
10:06:23.434 [main] DEBUG f.i.s.r.process.step.CloneRepository - ----------------------------------------------------------------------
10:06:23.434 [main] DEBUG f.i.s.r.process.step.CloneRepository - STEP 1/22: CloneRepository
10:06:23.434 [main] DEBUG f.i.s.r.process.step.CloneRepository - ----------------------------------------------------------------------
10:06:23.435 [main] DEBUG f.i.s.r.process.step.CloneRepository - Cloning repository swagger-api/swagger-codegen in the following directory: ./workspace/swagger-api/swagger-codegen/338586479
10:06:54.720 [main] DEBUG f.i.s.r.process.step.CloneRepository - STEP STATUS: [ CloneRepository : SUCCESS ]
10:06:54.720 [main] DEBUG f.i.s.r.process.step.CloneRepository - STEP DURATION: 31s
10:06:54.720 [main] DEBUG f.i.s.r.process.step.CloneRepository - EXECUTE NEXT STEP
10:06:54.721 [main] DEBUG f.i.s.r.p.s.c.CheckoutPatchedBuild - ----------------------------------------------------------------------
10:06:54.721 [main] DEBUG f.i.s.r.p.s.c.CheckoutPatchedBuild - STEP 2/22: CheckoutPatchedBuildCandidate
10:06:54.721 [main] DEBUG f.i.s.r.p.s.c.CheckoutPatchedBuild - ----------------------------------------------------------------------
10:06:54.721 [main] DEBUG f.i.s.r.p.s.c.CheckoutPatchedBuild - Checking out patched build candidate...
10:06:55.051 [main] INFO  fr.inria.jtravis.JTravis - GitHub ratelimit: Limit: 5000 Remaining: 4918 Reset hour: 19:25:00
10:06:57.608 [main] DEBUG f.i.s.r.p.s.c.CheckoutPatchedBuild - Reproduce the PR for swagger-api/swagger-codegen by fetching remote branch and merging.
10:06:58.997 [main] ERROR f.i.s.r.p.s.c.CheckoutPatchedBuild - Error while testing commit: org.eclipse.jgit.errors.MissingObjectException: Missing unknown e5e47caef158c9f817b2d90dc312ebfd038660b0
10:06:58.998 [main] ERROR f.i.s.r.p.s.c.CheckoutPatchedBuild - Commit head ref cannot be retrieved from the repository: e5e47caef158c9f817b2d90dc312ebfd038660b0. Operation aborted.
10:06:58.998 [main] ERROR f.i.s.r.p.s.c.CheckoutPatchedBuild - Error while merging two commits to reproduce the PR.
10:06:58.999 [main] DEBUG f.i.s.r.p.s.c.CheckoutPatchedBuild - STEP STATUS: [ CheckoutPatchedBuildCandidate : FAILURE ( BUILDNOTCHECKEDOUT ) ]
10:06:58.999 [main] DEBUG f.i.s.r.p.s.c.CheckoutPatchedBuild - STEP DURATION: 4s
10:06:58.999 [main] DEBUG f.i.s.r.p.s.c.CheckoutPatchedBuild - TERMINATE PIPELINE
10:06:58.999 [main] DEBUG f.i.s.r.p.s.c.CheckoutPatchedBuild - FINAL STEPS SKIPPED: The reproduction of the bug and/or the patch failed.
10:06:59.000 [main] INFO  f.i.s.r.p.s.c.CheckoutPatchedBuild - Serialize all data for the pair of builds 338586479, 338894706
10:06:59.117 [main] INFO  fr.inria.jtravis.JTravis - GitHub ratelimit: Limit: 5000 Remaining: 4911 Reset hour: 19:25:00
10:07:01.422 [main] INFO  f.i.s.r.p.i.ProjectInspector - ----------------------------------------------------------------------
10:07:01.422 [main] INFO  f.i.s.r.p.i.ProjectInspector - PIPELINE EXECUTION SUMMARY
10:07:01.422 [main] INFO  f.i.s.r.p.i.ProjectInspector - ----------------------------------------------------------------------
10:07:01.423 [main] INFO  f.i.s.r.p.i.ProjectInspector - CloneRepository.......................................SUCCESS [ 31 s ]
10:07:01.423 [main] INFO  f.i.s.r.p.i.ProjectInspector - CheckoutPatchedBuildCandidate.........................FAILURE [  4 s ]
10:07:01.423 [main] INFO  f.i.s.r.p.i.ProjectInspector - ComputeSourceDir......................................NOT RUN         
10:07:01.423 [main] INFO  f.i.s.r.p.i.ProjectInspector - ComputeTestDir........................................NOT RUN         
10:07:01.423 [main] INFO  f.i.s.r.p.i.ProjectInspector - CheckoutBuggyBuildCandidateSourceCode.................NOT RUN         
10:07:01.423 [main] INFO  f.i.s.r.p.i.ProjectInspector - BuildProjectBuggyBuildCandidateSourceCode.............NOT RUN         
10:07:01.423 [main] INFO  f.i.s.r.p.i.ProjectInspector - TestProjectBuggyBuildCandidateSourceCode..............NOT RUN         
10:07:01.423 [main] INFO  f.i.s.r.p.i.ProjectInspector - GatherTestInformationBuggyBuildCandidateSourceCode....NOT RUN         
10:07:01.423 [main] INFO  f.i.s.r.p.i.ProjectInspector - CheckoutBuggyBuildTestCode............................NOT RUN         
10:07:01.424 [main] INFO  f.i.s.r.p.i.ProjectInspector - InitRepoToPush........................................NOT RUN         
10:07:01.424 [main] INFO  f.i.s.r.p.i.ProjectInspector - ComputeClasspath......................................NOT RUN         
10:07:01.424 [main] INFO  f.i.s.r.p.i.ProjectInspector - ComputeModules........................................NOT RUN         
10:07:01.424 [main] INFO  f.i.s.r.p.i.ProjectInspector - CheckoutBuggyBuildCandidateSourceCode.................NOT RUN         
10:07:01.424 [main] INFO  f.i.s.r.p.i.ProjectInspector - CommitChangedTests....................................NOT RUN         
10:07:01.424 [main] INFO  f.i.s.r.p.i.ProjectInspector - CheckoutPatchedBuildCandidate.........................NOT RUN         
10:07:01.424 [main] INFO  f.i.s.r.p.i.ProjectInspector - BuildProjectPatchedBuildCandidate.....................NOT RUN         
10:07:01.424 [main] INFO  f.i.s.r.p.i.ProjectInspector - TestProjectPatchedBuildCandidate......................NOT RUN         
10:07:01.424 [main] INFO  f.i.s.r.p.i.ProjectInspector - GatherTestInformationPatchedBuildCandidate............NOT RUN         
10:07:01.424 [main] INFO  f.i.s.r.p.i.ProjectInspector - CommitPatch...........................................NOT RUN         
10:07:01.424 [main] INFO  f.i.s.r.p.i.ProjectInspector - WritePropertyFile.....................................NOT RUN         
10:07:01.425 [main] INFO  f.i.s.r.p.i.ProjectInspector - CommitProcessEnd......................................NOT RUN         
10:07:01.425 [main] INFO  f.i.s.r.p.i.ProjectInspector - PushProcessEnd........................................NOT RUN         
10:07:01.425 [main] INFO  f.i.s.r.p.i.ProjectInspector - ----------------------------------------------------------------------
10:07:01.425 [main] INFO  f.i.s.r.p.i.ProjectInspector - PIPELINE FINDING: BUILDNOTCHECKEDOUT
10:07:01.425 [main] INFO  f.i.s.r.p.i.ProjectInspector - ----------------------------------------------------------------------
10:07:01.425 [main] INFO  f.i.s.repairnator.pipeline.Launcher - Inspector is finished. The process will exit now.
