23:38:07.940 [main] INFO  f.i.s.repairnator.pipeline.Launcher - PIPELINE VERSION: 3.0-2018-08-09 19:04
23:38:08.067 [main] INFO  f.i.s.repairnator.pipeline.Launcher - The pipeline will try to reproduce a bug from build 339431097 and its corresponding patch from build 340935529
23:38:08.067 [main] INFO  f.i.s.repairnator.pipeline.Launcher - Initialize file serializer engines.
23:38:08.069 [main] INFO  f.i.s.repairnator.pipeline.Launcher - MongoDB won't be used for serialization.
23:38:08.069 [main] INFO  f.i.s.repairnator.pipeline.Launcher - The email notifier engine won't be used.
23:38:08.072 [main] INFO  f.i.s.repairnator.pipeline.Launcher - Start by getting the build (buildId: 339431097) with the following config: RepairnatorConfig{runId='d3ce7021-6f7e-4bbd-b7fc-dc7f588b701c_02-18-week2-PASSING_AND_PASSING', launcherMode=BEARS, serializeJson=true, inputPath='null', outputPath='/var/log', mongodbHost='null', mongodbName='repairnator', smtpServer='null', notifyTo=[], notifyEndProcess=false, push=true, pushRemoteRepo='https://github.com/fermadeiral/bears-collection-pp', fork=false, lookFromDate=null, lookToDate=null, buildId=339431097, z3solverPath='./z3_for_linux', workspacePath='./workspace', githubToken='c8a341a903[...]', dockerImageName='null', skipDelete=false, createOutputDir=false, logDirectory='null', nbThreads=0, globalTimeout=0, whiteList=null, blackList=null, jobSleepTime=0, buildSleepTime=0, maxInspectedBuilds=0, duration=null, humanPatch=false, repository='null', clean=true, bearsMode=BOTH, bearsDelimiter = false, repairTools=NopolAllTests,NPEFix,AssertFixer,AstorJGenProg,AstorJKali,NopolSingleTest,AstorJMut,NopolTestExclusionStrategy, githubUserName= fermadeiral, githubUserEmail=fer.madeiral@gmail.com}
23:38:09.456 [main] DEBUG fr.inria.jtravis.helpers.BuildHelper - Get request to :https://api.travis-ci.org/build/339431097 done after 864 ms
23:38:09.737 [main] DEBUG fr.inria.jtravis.helpers.BuildHelper - Get request to :https://api.travis-ci.org/build/340935529 done after 132 ms
23:38:09.766 [main] INFO  f.i.s.repairnator.pipeline.Launcher - The patched build (340935529) was successfully retrieved from Travis.
23:38:11.108 [main] INFO  fr.inria.jtravis.JTravis - GitHub ratelimit: Limit: 5000 Remaining: 4945 Reset hour: 19:24:23
23:38:11.444 [main] INFO  f.i.s.r.p.i.ProjectInspector - ----------------------------------------------------------------------
23:38:11.447 [main] INFO  f.i.s.r.p.i.ProjectInspector - PIPELINE STEPS
23:38:11.447 [main] INFO  f.i.s.r.p.i.ProjectInspector - ----------------------------------------------------------------------
23:38:11.447 [main] INFO  f.i.s.r.p.i.ProjectInspector - CloneRepository
23:38:11.448 [main] INFO  f.i.s.r.p.i.ProjectInspector - CheckoutPatchedBuildCandidate
23:38:11.448 [main] INFO  f.i.s.r.p.i.ProjectInspector - ComputeSourceDir
23:38:11.448 [main] INFO  f.i.s.r.p.i.ProjectInspector - ComputeTestDir
23:38:11.448 [main] INFO  f.i.s.r.p.i.ProjectInspector - CheckoutBuggyBuildCandidateSourceCode
23:38:11.449 [main] INFO  f.i.s.r.p.i.ProjectInspector - BuildProjectBuggyBuildCandidateSourceCode
23:38:11.449 [main] INFO  f.i.s.r.p.i.ProjectInspector - TestProjectBuggyBuildCandidateSourceCode
23:38:11.449 [main] INFO  f.i.s.r.p.i.ProjectInspector - GatherTestInformationBuggyBuildCandidateSourceCode
23:38:11.449 [main] INFO  f.i.s.r.p.i.ProjectInspector - CheckoutBuggyBuildTestCode
23:38:11.450 [main] INFO  f.i.s.r.p.i.ProjectInspector - InitRepoToPush
23:38:11.450 [main] INFO  f.i.s.r.p.i.ProjectInspector - ComputeClasspath
23:38:11.450 [main] INFO  f.i.s.r.p.i.ProjectInspector - ComputeModules
23:38:11.450 [main] INFO  f.i.s.r.p.i.ProjectInspector - CheckoutBuggyBuildCandidateSourceCode
23:38:11.450 [main] INFO  f.i.s.r.p.i.ProjectInspector - CommitChangedTests
23:38:11.451 [main] INFO  f.i.s.r.p.i.ProjectInspector - CheckoutPatchedBuildCandidate
23:38:11.451 [main] INFO  f.i.s.r.p.i.ProjectInspector - BuildProjectPatchedBuildCandidate
23:38:11.451 [main] INFO  f.i.s.r.p.i.ProjectInspector - TestProjectPatchedBuildCandidate
23:38:11.451 [main] INFO  f.i.s.r.p.i.ProjectInspector - GatherTestInformationPatchedBuildCandidate
23:38:11.452 [main] INFO  f.i.s.r.p.i.ProjectInspector - CommitPatch
23:38:11.452 [main] INFO  f.i.s.r.p.i.ProjectInspector - WritePropertyFile
23:38:11.452 [main] INFO  f.i.s.r.p.i.ProjectInspector - CommitProcessEnd
23:38:11.452 [main] INFO  f.i.s.r.p.i.ProjectInspector - PushProcessEnd
23:38:11.453 [main] DEBUG f.i.s.r.process.step.CloneRepository - ----------------------------------------------------------------------
23:38:11.453 [main] DEBUG f.i.s.r.process.step.CloneRepository - STEP 1/22: CloneRepository
23:38:11.454 [main] DEBUG f.i.s.r.process.step.CloneRepository - ----------------------------------------------------------------------
23:38:11.454 [main] DEBUG f.i.s.r.process.step.CloneRepository - Cloning repository apache/flink in the following directory: ./workspace/apache/flink/339431097
23:39:12.266 [main] DEBUG f.i.s.r.process.step.CloneRepository - STEP STATUS: [ CloneRepository : SUCCESS ]
23:39:12.267 [main] DEBUG f.i.s.r.process.step.CloneRepository - STEP DURATION: 60s
23:39:12.267 [main] DEBUG f.i.s.r.process.step.CloneRepository - EXECUTE NEXT STEP
23:39:12.267 [main] DEBUG f.i.s.r.p.s.c.CheckoutPatchedBuild - ----------------------------------------------------------------------
23:39:12.267 [main] DEBUG f.i.s.r.p.s.c.CheckoutPatchedBuild - STEP 2/22: CheckoutPatchedBuildCandidate
23:39:12.267 [main] DEBUG f.i.s.r.p.s.c.CheckoutPatchedBuild - ----------------------------------------------------------------------
23:39:12.268 [main] DEBUG f.i.s.r.p.s.c.CheckoutPatchedBuild - Checking out patched build candidate...
23:39:12.656 [main] INFO  fr.inria.jtravis.JTravis - GitHub ratelimit: Limit: 5000 Remaining: 4933 Reset hour: 19:24:23
23:39:15.481 [main] DEBUG f.i.s.r.p.s.c.CheckoutPatchedBuild - Reproduce the PR for apache/flink by fetching remote branch and merging.
23:39:19.090 [main] ERROR f.i.s.r.p.s.c.CheckoutPatchedBuild - Error while testing commit: org.eclipse.jgit.errors.MissingObjectException: Missing unknown e4d19c54be7d696066941701442305244f1fe910
23:39:19.091 [main] ERROR f.i.s.r.p.s.c.CheckoutPatchedBuild - Commit head ref cannot be retrieved from the repository: e4d19c54be7d696066941701442305244f1fe910. Operation aborted.
23:39:19.092 [main] ERROR f.i.s.r.p.s.c.CheckoutPatchedBuild - Error while merging two commits to reproduce the PR.
23:39:19.093 [main] DEBUG f.i.s.r.p.s.c.CheckoutPatchedBuild - STEP STATUS: [ CheckoutPatchedBuildCandidate : FAILURE ( BUILDNOTCHECKEDOUT ) ]
23:39:19.093 [main] DEBUG f.i.s.r.p.s.c.CheckoutPatchedBuild - STEP DURATION: 6s
23:39:19.093 [main] DEBUG f.i.s.r.p.s.c.CheckoutPatchedBuild - TERMINATE PIPELINE
23:39:19.094 [main] DEBUG f.i.s.r.p.s.c.CheckoutPatchedBuild - FINAL STEPS SKIPPED: The reproduction of the bug and/or the patch failed.
23:39:19.094 [main] INFO  f.i.s.r.p.s.c.CheckoutPatchedBuild - Serialize all data for the pair of builds 339431097, 340935529
23:39:19.222 [main] INFO  fr.inria.jtravis.JTravis - GitHub ratelimit: Limit: 5000 Remaining: 4920 Reset hour: 19:24:23
23:39:20.932 [main] INFO  f.i.s.r.p.i.ProjectInspector - ----------------------------------------------------------------------
23:39:20.932 [main] INFO  f.i.s.r.p.i.ProjectInspector - PIPELINE EXECUTION SUMMARY
23:39:20.933 [main] INFO  f.i.s.r.p.i.ProjectInspector - ----------------------------------------------------------------------
23:39:20.933 [main] INFO  f.i.s.r.p.i.ProjectInspector - CloneRepository.......................................SUCCESS [ 60 s ]
23:39:20.933 [main] INFO  f.i.s.r.p.i.ProjectInspector - CheckoutPatchedBuildCandidate.........................FAILURE [  6 s ]
23:39:20.934 [main] INFO  f.i.s.r.p.i.ProjectInspector - ComputeSourceDir......................................NOT RUN         
23:39:20.934 [main] INFO  f.i.s.r.p.i.ProjectInspector - ComputeTestDir........................................NOT RUN         
23:39:20.934 [main] INFO  f.i.s.r.p.i.ProjectInspector - CheckoutBuggyBuildCandidateSourceCode.................NOT RUN         
23:39:20.935 [main] INFO  f.i.s.r.p.i.ProjectInspector - BuildProjectBuggyBuildCandidateSourceCode.............NOT RUN         
23:39:20.935 [main] INFO  f.i.s.r.p.i.ProjectInspector - TestProjectBuggyBuildCandidateSourceCode..............NOT RUN         
23:39:20.935 [main] INFO  f.i.s.r.p.i.ProjectInspector - GatherTestInformationBuggyBuildCandidateSourceCode....NOT RUN         
23:39:20.935 [main] INFO  f.i.s.r.p.i.ProjectInspector - CheckoutBuggyBuildTestCode............................NOT RUN         
23:39:20.936 [main] INFO  f.i.s.r.p.i.ProjectInspector - InitRepoToPush........................................NOT RUN         
23:39:20.936 [main] INFO  f.i.s.r.p.i.ProjectInspector - ComputeClasspath......................................NOT RUN         
23:39:20.936 [main] INFO  f.i.s.r.p.i.ProjectInspector - ComputeModules........................................NOT RUN         
23:39:20.936 [main] INFO  f.i.s.r.p.i.ProjectInspector - CheckoutBuggyBuildCandidateSourceCode.................NOT RUN         
23:39:20.937 [main] INFO  f.i.s.r.p.i.ProjectInspector - CommitChangedTests....................................NOT RUN         
23:39:20.937 [main] INFO  f.i.s.r.p.i.ProjectInspector - CheckoutPatchedBuildCandidate.........................NOT RUN         
23:39:20.937 [main] INFO  f.i.s.r.p.i.ProjectInspector - BuildProjectPatchedBuildCandidate.....................NOT RUN         
23:39:20.937 [main] INFO  f.i.s.r.p.i.ProjectInspector - TestProjectPatchedBuildCandidate......................NOT RUN         
23:39:20.937 [main] INFO  f.i.s.r.p.i.ProjectInspector - GatherTestInformationPatchedBuildCandidate............NOT RUN         
23:39:20.938 [main] INFO  f.i.s.r.p.i.ProjectInspector - CommitPatch...........................................NOT RUN         
23:39:20.938 [main] INFO  f.i.s.r.p.i.ProjectInspector - WritePropertyFile.....................................NOT RUN         
23:39:20.938 [main] INFO  f.i.s.r.p.i.ProjectInspector - CommitProcessEnd......................................NOT RUN         
23:39:20.939 [main] INFO  f.i.s.r.p.i.ProjectInspector - PushProcessEnd........................................NOT RUN         
23:39:20.939 [main] INFO  f.i.s.r.p.i.ProjectInspector - ----------------------------------------------------------------------
23:39:20.939 [main] INFO  f.i.s.r.p.i.ProjectInspector - PIPELINE FINDING: BUILDNOTCHECKEDOUT
23:39:20.939 [main] INFO  f.i.s.r.p.i.ProjectInspector - ----------------------------------------------------------------------
23:39:20.940 [main] INFO  f.i.s.repairnator.pipeline.Launcher - Inspector is finished. The process will exit now.
