04:44:10.745 [main] INFO  f.i.s.repairnator.pipeline.Launcher - PIPELINE VERSION: 3.0-2018-08-09 19:04
04:44:10.951 [main] INFO  f.i.s.repairnator.pipeline.Launcher - The pipeline will try to reproduce a bug from build 338793131 and its corresponding patch from build 339196410
04:44:10.951 [main] INFO  f.i.s.repairnator.pipeline.Launcher - Initialize file serializer engines.
04:44:10.953 [main] INFO  f.i.s.repairnator.pipeline.Launcher - MongoDB won't be used for serialization.
04:44:10.953 [main] INFO  f.i.s.repairnator.pipeline.Launcher - The email notifier engine won't be used.
04:44:10.957 [main] INFO  f.i.s.repairnator.pipeline.Launcher - Start by getting the build (buildId: 338793131) with the following config: RepairnatorConfig{runId='d3ce7021-6f7e-4bbd-b7fc-dc7f588b701c_02-18-week2-PASSING_AND_PASSING', launcherMode=BEARS, serializeJson=true, inputPath='null', outputPath='/var/log', mongodbHost='null', mongodbName='repairnator', smtpServer='null', notifyTo=[], notifyEndProcess=false, push=true, pushRemoteRepo='https://github.com/fermadeiral/bears-collection-pp', fork=false, lookFromDate=null, lookToDate=null, buildId=338793131, z3solverPath='./z3_for_linux', workspacePath='./workspace', githubToken='c8a341a903[...]', dockerImageName='null', skipDelete=false, createOutputDir=false, logDirectory='null', nbThreads=0, globalTimeout=0, whiteList=null, blackList=null, jobSleepTime=0, buildSleepTime=0, maxInspectedBuilds=0, duration=null, humanPatch=false, repository='null', clean=true, bearsMode=BOTH, bearsDelimiter = false, repairTools=NopolAllTests,NPEFix,AssertFixer,AstorJGenProg,AstorJKali,NopolSingleTest,AstorJMut,NopolTestExclusionStrategy, githubUserName= fermadeiral, githubUserEmail=fer.madeiral@gmail.com}
04:44:12.474 [main] DEBUG fr.inria.jtravis.helpers.BuildHelper - Get request to :https://api.travis-ci.org/build/338793131 done after 826 ms
04:44:12.710 [main] DEBUG fr.inria.jtravis.helpers.BuildHelper - Get request to :https://api.travis-ci.org/build/339196410 done after 119 ms
04:44:12.726 [main] INFO  f.i.s.repairnator.pipeline.Launcher - The patched build (339196410) was successfully retrieved from Travis.
04:44:13.824 [main] INFO  fr.inria.jtravis.JTravis - GitHub ratelimit: Limit: 5000 Remaining: 4953 Reset hour: 19:24:42
04:44:14.084 [main] INFO  f.i.s.r.p.i.ProjectInspector - ----------------------------------------------------------------------
04:44:14.085 [main] INFO  f.i.s.r.p.i.ProjectInspector - PIPELINE STEPS
04:44:14.085 [main] INFO  f.i.s.r.p.i.ProjectInspector - ----------------------------------------------------------------------
04:44:14.086 [main] INFO  f.i.s.r.p.i.ProjectInspector - CloneRepository
04:44:14.086 [main] INFO  f.i.s.r.p.i.ProjectInspector - CheckoutPatchedBuildCandidate
04:44:14.087 [main] INFO  f.i.s.r.p.i.ProjectInspector - ComputeSourceDir
04:44:14.087 [main] INFO  f.i.s.r.p.i.ProjectInspector - ComputeTestDir
04:44:14.087 [main] INFO  f.i.s.r.p.i.ProjectInspector - CheckoutBuggyBuildCandidateSourceCode
04:44:14.088 [main] INFO  f.i.s.r.p.i.ProjectInspector - BuildProjectBuggyBuildCandidateSourceCode
04:44:14.088 [main] INFO  f.i.s.r.p.i.ProjectInspector - TestProjectBuggyBuildCandidateSourceCode
04:44:14.089 [main] INFO  f.i.s.r.p.i.ProjectInspector - GatherTestInformationBuggyBuildCandidateSourceCode
04:44:14.089 [main] INFO  f.i.s.r.p.i.ProjectInspector - CheckoutBuggyBuildTestCode
04:44:14.090 [main] INFO  f.i.s.r.p.i.ProjectInspector - InitRepoToPush
04:44:14.090 [main] INFO  f.i.s.r.p.i.ProjectInspector - ComputeClasspath
04:44:14.091 [main] INFO  f.i.s.r.p.i.ProjectInspector - ComputeModules
04:44:14.092 [main] INFO  f.i.s.r.p.i.ProjectInspector - CheckoutBuggyBuildCandidateSourceCode
04:44:14.093 [main] INFO  f.i.s.r.p.i.ProjectInspector - CommitChangedTests
04:44:14.093 [main] INFO  f.i.s.r.p.i.ProjectInspector - CheckoutPatchedBuildCandidate
04:44:14.094 [main] INFO  f.i.s.r.p.i.ProjectInspector - BuildProjectPatchedBuildCandidate
04:44:14.094 [main] INFO  f.i.s.r.p.i.ProjectInspector - TestProjectPatchedBuildCandidate
04:44:14.095 [main] INFO  f.i.s.r.p.i.ProjectInspector - GatherTestInformationPatchedBuildCandidate
04:44:14.095 [main] INFO  f.i.s.r.p.i.ProjectInspector - CommitPatch
04:44:14.096 [main] INFO  f.i.s.r.p.i.ProjectInspector - WritePropertyFile
04:44:14.096 [main] INFO  f.i.s.r.p.i.ProjectInspector - CommitProcessEnd
04:44:14.097 [main] INFO  f.i.s.r.p.i.ProjectInspector - PushProcessEnd
04:44:14.098 [main] DEBUG f.i.s.r.process.step.CloneRepository - ----------------------------------------------------------------------
04:44:14.098 [main] DEBUG f.i.s.r.process.step.CloneRepository - STEP 1/22: CloneRepository
04:44:14.099 [main] DEBUG f.i.s.r.process.step.CloneRepository - ----------------------------------------------------------------------
04:44:14.099 [main] DEBUG f.i.s.r.process.step.CloneRepository - Cloning repository linkedin/pinot in the following directory: ./workspace/linkedin/pinot/338793131
04:44:48.154 [main] DEBUG f.i.s.r.process.step.CloneRepository - STEP STATUS: [ CloneRepository : SUCCESS ]
04:44:48.155 [main] DEBUG f.i.s.r.process.step.CloneRepository - STEP DURATION: 34s
04:44:48.155 [main] DEBUG f.i.s.r.process.step.CloneRepository - EXECUTE NEXT STEP
04:44:48.155 [main] DEBUG f.i.s.r.p.s.c.CheckoutPatchedBuild - ----------------------------------------------------------------------
04:44:48.156 [main] DEBUG f.i.s.r.p.s.c.CheckoutPatchedBuild - STEP 2/22: CheckoutPatchedBuildCandidate
04:44:48.156 [main] DEBUG f.i.s.r.p.s.c.CheckoutPatchedBuild - ----------------------------------------------------------------------
04:44:48.156 [main] DEBUG f.i.s.r.p.s.c.CheckoutPatchedBuild - Checking out patched build candidate...
04:44:48.505 [main] INFO  fr.inria.jtravis.JTravis - GitHub ratelimit: Limit: 5000 Remaining: 4952 Reset hour: 19:24:42
04:44:50.314 [main] DEBUG f.i.s.r.p.s.c.CheckoutPatchedBuild - Reproduce the PR for linkedin/pinot by fetching remote branch and merging.
04:44:51.679 [main] ERROR f.i.s.r.p.s.c.CheckoutPatchedBuild - Error while testing commit: org.eclipse.jgit.errors.MissingObjectException: Missing unknown 564c85d92124678134c8b42ed23c9b6b1adaa181
04:44:51.681 [main] ERROR f.i.s.r.p.s.c.CheckoutPatchedBuild - Commit head ref cannot be retrieved from the repository: 564c85d92124678134c8b42ed23c9b6b1adaa181. Operation aborted.
04:44:51.681 [main] ERROR f.i.s.r.p.s.c.CheckoutPatchedBuild - Error while merging two commits to reproduce the PR.
04:44:51.683 [main] DEBUG f.i.s.r.p.s.c.CheckoutPatchedBuild - STEP STATUS: [ CheckoutPatchedBuildCandidate : FAILURE ( BUILDNOTCHECKEDOUT ) ]
04:44:51.693 [main] DEBUG f.i.s.r.p.s.c.CheckoutPatchedBuild - STEP DURATION: 3s
04:44:51.694 [main] DEBUG f.i.s.r.p.s.c.CheckoutPatchedBuild - TERMINATE PIPELINE
04:44:51.694 [main] DEBUG f.i.s.r.p.s.c.CheckoutPatchedBuild - FINAL STEPS SKIPPED: The reproduction of the bug and/or the patch failed.
04:44:51.694 [main] INFO  f.i.s.r.p.s.c.CheckoutPatchedBuild - Serialize all data for the pair of builds 338793131, 339196410
04:44:51.822 [main] INFO  fr.inria.jtravis.JTravis - GitHub ratelimit: Limit: 5000 Remaining: 4945 Reset hour: 19:24:42
04:44:53.167 [main] INFO  f.i.s.r.p.i.ProjectInspector - ----------------------------------------------------------------------
04:44:53.167 [main] INFO  f.i.s.r.p.i.ProjectInspector - PIPELINE EXECUTION SUMMARY
04:44:53.167 [main] INFO  f.i.s.r.p.i.ProjectInspector - ----------------------------------------------------------------------
04:44:53.168 [main] INFO  f.i.s.r.p.i.ProjectInspector - CloneRepository.......................................SUCCESS [ 34 s ]
04:44:53.169 [main] INFO  f.i.s.r.p.i.ProjectInspector - CheckoutPatchedBuildCandidate.........................FAILURE [  3 s ]
04:44:53.169 [main] INFO  f.i.s.r.p.i.ProjectInspector - ComputeSourceDir......................................NOT RUN         
04:44:53.170 [main] INFO  f.i.s.r.p.i.ProjectInspector - ComputeTestDir........................................NOT RUN         
04:44:53.170 [main] INFO  f.i.s.r.p.i.ProjectInspector - CheckoutBuggyBuildCandidateSourceCode.................NOT RUN         
04:44:53.171 [main] INFO  f.i.s.r.p.i.ProjectInspector - BuildProjectBuggyBuildCandidateSourceCode.............NOT RUN         
04:44:53.171 [main] INFO  f.i.s.r.p.i.ProjectInspector - TestProjectBuggyBuildCandidateSourceCode..............NOT RUN         
04:44:53.171 [main] INFO  f.i.s.r.p.i.ProjectInspector - GatherTestInformationBuggyBuildCandidateSourceCode....NOT RUN         
04:44:53.172 [main] INFO  f.i.s.r.p.i.ProjectInspector - CheckoutBuggyBuildTestCode............................NOT RUN         
04:44:53.172 [main] INFO  f.i.s.r.p.i.ProjectInspector - InitRepoToPush........................................NOT RUN         
04:44:53.172 [main] INFO  f.i.s.r.p.i.ProjectInspector - ComputeClasspath......................................NOT RUN         
04:44:53.173 [main] INFO  f.i.s.r.p.i.ProjectInspector - ComputeModules........................................NOT RUN         
04:44:53.173 [main] INFO  f.i.s.r.p.i.ProjectInspector - CheckoutBuggyBuildCandidateSourceCode.................NOT RUN         
04:44:53.174 [main] INFO  f.i.s.r.p.i.ProjectInspector - CommitChangedTests....................................NOT RUN         
04:44:53.174 [main] INFO  f.i.s.r.p.i.ProjectInspector - CheckoutPatchedBuildCandidate.........................NOT RUN         
04:44:53.175 [main] INFO  f.i.s.r.p.i.ProjectInspector - BuildProjectPatchedBuildCandidate.....................NOT RUN         
04:44:53.175 [main] INFO  f.i.s.r.p.i.ProjectInspector - TestProjectPatchedBuildCandidate......................NOT RUN         
04:44:53.175 [main] INFO  f.i.s.r.p.i.ProjectInspector - GatherTestInformationPatchedBuildCandidate............NOT RUN         
04:44:53.176 [main] INFO  f.i.s.r.p.i.ProjectInspector - CommitPatch...........................................NOT RUN         
04:44:53.176 [main] INFO  f.i.s.r.p.i.ProjectInspector - WritePropertyFile.....................................NOT RUN         
04:44:53.176 [main] INFO  f.i.s.r.p.i.ProjectInspector - CommitProcessEnd......................................NOT RUN         
04:44:53.177 [main] INFO  f.i.s.r.p.i.ProjectInspector - PushProcessEnd........................................NOT RUN         
04:44:53.177 [main] INFO  f.i.s.r.p.i.ProjectInspector - ----------------------------------------------------------------------
04:44:53.178 [main] INFO  f.i.s.r.p.i.ProjectInspector - PIPELINE FINDING: BUILDNOTCHECKEDOUT
04:44:53.178 [main] INFO  f.i.s.r.p.i.ProjectInspector - ----------------------------------------------------------------------
04:44:53.178 [main] INFO  f.i.s.repairnator.pipeline.Launcher - Inspector is finished. The process will exit now.
