11:53:34.574 [main] INFO  f.i.s.repairnator.pipeline.Launcher - PIPELINE VERSION: 3.0-2018-08-09 19:04
11:53:34.761 [main] INFO  f.i.s.repairnator.pipeline.Launcher - The pipeline will try to reproduce a bug from build 339040793 and its corresponding patch from build 340271350
11:53:34.761 [main] INFO  f.i.s.repairnator.pipeline.Launcher - Initialize file serializer engines.
11:53:34.764 [main] INFO  f.i.s.repairnator.pipeline.Launcher - MongoDB won't be used for serialization.
11:53:34.764 [main] INFO  f.i.s.repairnator.pipeline.Launcher - The email notifier engine won't be used.
11:53:34.769 [main] INFO  f.i.s.repairnator.pipeline.Launcher - Start by getting the build (buildId: 339040793) with the following config: RepairnatorConfig{runId='d3ce7021-6f7e-4bbd-b7fc-dc7f588b701c_02-18-week2-PASSING_AND_PASSING', launcherMode=BEARS, serializeJson=true, inputPath='null', outputPath='/var/log', mongodbHost='null', mongodbName='repairnator', smtpServer='null', notifyTo=[], notifyEndProcess=false, push=true, pushRemoteRepo='https://github.com/fermadeiral/bears-collection-pp', fork=false, lookFromDate=null, lookToDate=null, buildId=339040793, z3solverPath='./z3_for_linux', workspacePath='./workspace', githubToken='c8a341a903[...]', dockerImageName='null', skipDelete=false, createOutputDir=false, logDirectory='null', nbThreads=0, globalTimeout=0, whiteList=null, blackList=null, jobSleepTime=0, buildSleepTime=0, maxInspectedBuilds=0, duration=null, humanPatch=false, repository='null', clean=true, bearsMode=BOTH, bearsDelimiter = false, repairTools=NopolAllTests,NPEFix,AssertFixer,AstorJGenProg,AstorJKali,NopolSingleTest,AstorJMut,NopolTestExclusionStrategy, githubUserName= fermadeiral, githubUserEmail=fer.madeiral@gmail.com}
11:53:36.200 [main] DEBUG fr.inria.jtravis.helpers.BuildHelper - Get request to :https://api.travis-ci.org/build/339040793 done after 813 ms
11:53:36.492 [main] DEBUG fr.inria.jtravis.helpers.BuildHelper - Get request to :https://api.travis-ci.org/build/340271350 done after 144 ms
11:53:36.518 [main] INFO  f.i.s.repairnator.pipeline.Launcher - The patched build (340271350) was successfully retrieved from Travis.
11:53:37.817 [main] INFO  fr.inria.jtravis.JTravis - GitHub ratelimit: Limit: 5000 Remaining: 4531 Reset hour: 19:25:05
11:53:38.135 [main] INFO  f.i.s.r.p.i.ProjectInspector - ----------------------------------------------------------------------
11:53:38.135 [main] INFO  f.i.s.r.p.i.ProjectInspector - PIPELINE STEPS
11:53:38.135 [main] INFO  f.i.s.r.p.i.ProjectInspector - ----------------------------------------------------------------------
11:53:38.136 [main] INFO  f.i.s.r.p.i.ProjectInspector - CloneRepository
11:53:38.136 [main] INFO  f.i.s.r.p.i.ProjectInspector - CheckoutPatchedBuildCandidate
11:53:38.136 [main] INFO  f.i.s.r.p.i.ProjectInspector - ComputeSourceDir
11:53:38.136 [main] INFO  f.i.s.r.p.i.ProjectInspector - ComputeTestDir
11:53:38.137 [main] INFO  f.i.s.r.p.i.ProjectInspector - CheckoutBuggyBuildCandidateSourceCode
11:53:38.137 [main] INFO  f.i.s.r.p.i.ProjectInspector - BuildProjectBuggyBuildCandidateSourceCode
11:53:38.137 [main] INFO  f.i.s.r.p.i.ProjectInspector - TestProjectBuggyBuildCandidateSourceCode
11:53:38.137 [main] INFO  f.i.s.r.p.i.ProjectInspector - GatherTestInformationBuggyBuildCandidateSourceCode
11:53:38.138 [main] INFO  f.i.s.r.p.i.ProjectInspector - CheckoutBuggyBuildTestCode
11:53:38.138 [main] INFO  f.i.s.r.p.i.ProjectInspector - InitRepoToPush
11:53:38.138 [main] INFO  f.i.s.r.p.i.ProjectInspector - ComputeClasspath
11:53:38.138 [main] INFO  f.i.s.r.p.i.ProjectInspector - ComputeModules
11:53:38.139 [main] INFO  f.i.s.r.p.i.ProjectInspector - CheckoutBuggyBuildCandidateSourceCode
11:53:38.139 [main] INFO  f.i.s.r.p.i.ProjectInspector - CommitChangedTests
11:53:38.139 [main] INFO  f.i.s.r.p.i.ProjectInspector - CheckoutPatchedBuildCandidate
11:53:38.140 [main] INFO  f.i.s.r.p.i.ProjectInspector - BuildProjectPatchedBuildCandidate
11:53:38.140 [main] INFO  f.i.s.r.p.i.ProjectInspector - TestProjectPatchedBuildCandidate
11:53:38.140 [main] INFO  f.i.s.r.p.i.ProjectInspector - GatherTestInformationPatchedBuildCandidate
11:53:38.141 [main] INFO  f.i.s.r.p.i.ProjectInspector - CommitPatch
11:53:38.141 [main] INFO  f.i.s.r.p.i.ProjectInspector - WritePropertyFile
11:53:38.141 [main] INFO  f.i.s.r.p.i.ProjectInspector - CommitProcessEnd
11:53:38.142 [main] INFO  f.i.s.r.p.i.ProjectInspector - PushProcessEnd
11:53:38.143 [main] DEBUG f.i.s.r.process.step.CloneRepository - ----------------------------------------------------------------------
11:53:38.144 [main] DEBUG f.i.s.r.process.step.CloneRepository - STEP 1/22: CloneRepository
11:53:38.145 [main] DEBUG f.i.s.r.process.step.CloneRepository - ----------------------------------------------------------------------
11:53:38.145 [main] DEBUG f.i.s.r.process.step.CloneRepository - Cloning repository dhis2/dhis2-core in the following directory: ./workspace/dhis2/dhis2-core/339040793
11:54:03.236 [main] DEBUG f.i.s.r.process.step.CloneRepository - STEP STATUS: [ CloneRepository : SUCCESS ]
11:54:03.237 [main] DEBUG f.i.s.r.process.step.CloneRepository - STEP DURATION: 25s
11:54:03.238 [main] DEBUG f.i.s.r.process.step.CloneRepository - EXECUTE NEXT STEP
11:54:03.238 [main] DEBUG f.i.s.r.p.s.c.CheckoutPatchedBuild - ----------------------------------------------------------------------
11:54:03.239 [main] DEBUG f.i.s.r.p.s.c.CheckoutPatchedBuild - STEP 2/22: CheckoutPatchedBuildCandidate
11:54:03.239 [main] DEBUG f.i.s.r.p.s.c.CheckoutPatchedBuild - ----------------------------------------------------------------------
11:54:03.240 [main] DEBUG f.i.s.r.p.s.c.CheckoutPatchedBuild - Checking out patched build candidate...
11:54:03.563 [main] INFO  fr.inria.jtravis.JTravis - GitHub ratelimit: Limit: 5000 Remaining: 4528 Reset hour: 19:25:05
11:54:05.955 [main] DEBUG f.i.s.r.p.s.c.CheckoutPatchedBuild - Reproduce the PR for dhis2/dhis2-core by fetching remote branch and merging.
11:54:07.609 [main] ERROR f.i.s.r.p.s.c.CheckoutPatchedBuild - Error while testing commit: org.eclipse.jgit.errors.MissingObjectException: Missing unknown ff65819458ce42aa1f78efabeef76ac5cca03841
11:54:07.611 [main] ERROR f.i.s.r.p.s.c.CheckoutPatchedBuild - Commit head ref cannot be retrieved from the repository: ff65819458ce42aa1f78efabeef76ac5cca03841. Operation aborted.
11:54:07.611 [main] ERROR f.i.s.r.p.s.c.CheckoutPatchedBuild - Error while merging two commits to reproduce the PR.
11:54:07.613 [main] DEBUG f.i.s.r.p.s.c.CheckoutPatchedBuild - STEP STATUS: [ CheckoutPatchedBuildCandidate : FAILURE ( BUILDNOTCHECKEDOUT ) ]
11:54:07.613 [main] DEBUG f.i.s.r.p.s.c.CheckoutPatchedBuild - STEP DURATION: 4s
11:54:07.614 [main] DEBUG f.i.s.r.p.s.c.CheckoutPatchedBuild - TERMINATE PIPELINE
11:54:07.614 [main] DEBUG f.i.s.r.p.s.c.CheckoutPatchedBuild - FINAL STEPS SKIPPED: The reproduction of the bug and/or the patch failed.
11:54:07.615 [main] INFO  f.i.s.r.p.s.c.CheckoutPatchedBuild - Serialize all data for the pair of builds 339040793, 340271350
11:54:07.733 [main] INFO  fr.inria.jtravis.JTravis - GitHub ratelimit: Limit: 5000 Remaining: 4521 Reset hour: 19:25:05
11:54:09.338 [main] INFO  f.i.s.r.p.i.ProjectInspector - ----------------------------------------------------------------------
11:54:09.339 [main] INFO  f.i.s.r.p.i.ProjectInspector - PIPELINE EXECUTION SUMMARY
11:54:09.339 [main] INFO  f.i.s.r.p.i.ProjectInspector - ----------------------------------------------------------------------
11:54:09.339 [main] INFO  f.i.s.r.p.i.ProjectInspector - CloneRepository.......................................SUCCESS [ 25 s ]
11:54:09.340 [main] INFO  f.i.s.r.p.i.ProjectInspector - CheckoutPatchedBuildCandidate.........................FAILURE [  4 s ]
11:54:09.340 [main] INFO  f.i.s.r.p.i.ProjectInspector - ComputeSourceDir......................................NOT RUN         
11:54:09.340 [main] INFO  f.i.s.r.p.i.ProjectInspector - ComputeTestDir........................................NOT RUN         
11:54:09.341 [main] INFO  f.i.s.r.p.i.ProjectInspector - CheckoutBuggyBuildCandidateSourceCode.................NOT RUN         
11:54:09.341 [main] INFO  f.i.s.r.p.i.ProjectInspector - BuildProjectBuggyBuildCandidateSourceCode.............NOT RUN         
11:54:09.342 [main] INFO  f.i.s.r.p.i.ProjectInspector - TestProjectBuggyBuildCandidateSourceCode..............NOT RUN         
11:54:09.342 [main] INFO  f.i.s.r.p.i.ProjectInspector - GatherTestInformationBuggyBuildCandidateSourceCode....NOT RUN         
11:54:09.342 [main] INFO  f.i.s.r.p.i.ProjectInspector - CheckoutBuggyBuildTestCode............................NOT RUN         
11:54:09.342 [main] INFO  f.i.s.r.p.i.ProjectInspector - InitRepoToPush........................................NOT RUN         
11:54:09.342 [main] INFO  f.i.s.r.p.i.ProjectInspector - ComputeClasspath......................................NOT RUN         
11:54:09.342 [main] INFO  f.i.s.r.p.i.ProjectInspector - ComputeModules........................................NOT RUN         
11:54:09.342 [main] INFO  f.i.s.r.p.i.ProjectInspector - CheckoutBuggyBuildCandidateSourceCode.................NOT RUN         
11:54:09.342 [main] INFO  f.i.s.r.p.i.ProjectInspector - CommitChangedTests....................................NOT RUN         
11:54:09.342 [main] INFO  f.i.s.r.p.i.ProjectInspector - CheckoutPatchedBuildCandidate.........................NOT RUN         
11:54:09.343 [main] INFO  f.i.s.r.p.i.ProjectInspector - BuildProjectPatchedBuildCandidate.....................NOT RUN         
11:54:09.343 [main] INFO  f.i.s.r.p.i.ProjectInspector - TestProjectPatchedBuildCandidate......................NOT RUN         
11:54:09.343 [main] INFO  f.i.s.r.p.i.ProjectInspector - GatherTestInformationPatchedBuildCandidate............NOT RUN         
11:54:09.343 [main] INFO  f.i.s.r.p.i.ProjectInspector - CommitPatch...........................................NOT RUN         
11:54:09.343 [main] INFO  f.i.s.r.p.i.ProjectInspector - WritePropertyFile.....................................NOT RUN         
11:54:09.344 [main] INFO  f.i.s.r.p.i.ProjectInspector - CommitProcessEnd......................................NOT RUN         
11:54:09.344 [main] INFO  f.i.s.r.p.i.ProjectInspector - PushProcessEnd........................................NOT RUN         
11:54:09.344 [main] INFO  f.i.s.r.p.i.ProjectInspector - ----------------------------------------------------------------------
11:54:09.344 [main] INFO  f.i.s.r.p.i.ProjectInspector - PIPELINE FINDING: BUILDNOTCHECKEDOUT
11:54:09.344 [main] INFO  f.i.s.r.p.i.ProjectInspector - ----------------------------------------------------------------------
11:54:09.345 [main] INFO  f.i.s.repairnator.pipeline.Launcher - Inspector is finished. The process will exit now.
