03:22:57.174 [main] INFO  f.i.s.repairnator.pipeline.Launcher - PIPELINE VERSION: 3.0-2018-08-09 19:04
03:22:57.392 [main] INFO  f.i.s.repairnator.pipeline.Launcher - The pipeline will try to reproduce a bug from build 341608488 and its corresponding patch from build 341625949
03:22:57.393 [main] INFO  f.i.s.repairnator.pipeline.Launcher - Initialize file serializer engines.
03:22:57.399 [main] INFO  f.i.s.repairnator.pipeline.Launcher - MongoDB won't be used for serialization.
03:22:57.399 [main] INFO  f.i.s.repairnator.pipeline.Launcher - The email notifier engine won't be used.
03:22:57.402 [main] INFO  f.i.s.repairnator.pipeline.Launcher - Start by getting the build (buildId: 341608488) with the following config: RepairnatorConfig{runId='d3ce7021-6f7e-4bbd-b7fc-dc7f588b701c_02-18-week2-PASSING_AND_PASSING', launcherMode=BEARS, serializeJson=true, inputPath='null', outputPath='/var/log', mongodbHost='null', mongodbName='repairnator', smtpServer='null', notifyTo=[], notifyEndProcess=false, push=true, pushRemoteRepo='https://github.com/fermadeiral/bears-collection-pp', fork=false, lookFromDate=null, lookToDate=null, buildId=341608488, z3solverPath='./z3_for_linux', workspacePath='./workspace', githubToken='c8a341a903[...]', dockerImageName='null', skipDelete=false, createOutputDir=false, logDirectory='null', nbThreads=0, globalTimeout=0, whiteList=null, blackList=null, jobSleepTime=0, buildSleepTime=0, maxInspectedBuilds=0, duration=null, humanPatch=false, repository='null', clean=true, bearsMode=BOTH, bearsDelimiter = false, repairTools=NopolAllTests,NPEFix,AssertFixer,AstorJGenProg,AstorJKali,NopolSingleTest,AstorJMut,NopolTestExclusionStrategy, githubUserName= fermadeiral, githubUserEmail=fer.madeiral@gmail.com}
03:22:58.796 [main] DEBUG fr.inria.jtravis.helpers.BuildHelper - Get request to :https://api.travis-ci.org/build/341608488 done after 909 ms
03:22:59.113 [main] DEBUG fr.inria.jtravis.helpers.BuildHelper - Get request to :https://api.travis-ci.org/build/341625949 done after 155 ms
03:22:59.124 [main] INFO  f.i.s.repairnator.pipeline.Launcher - The patched build (341625949) was successfully retrieved from Travis.
03:23:01.379 [main] INFO  fr.inria.jtravis.JTravis - GitHub ratelimit: Limit: 5000 Remaining: 4541 Reset hour: 19:24:34
03:23:01.601 [main] INFO  f.i.s.r.p.i.ProjectInspector - ----------------------------------------------------------------------
03:23:01.602 [main] INFO  f.i.s.r.p.i.ProjectInspector - PIPELINE STEPS
03:23:01.602 [main] INFO  f.i.s.r.p.i.ProjectInspector - ----------------------------------------------------------------------
03:23:01.602 [main] INFO  f.i.s.r.p.i.ProjectInspector - CloneRepository
03:23:01.602 [main] INFO  f.i.s.r.p.i.ProjectInspector - CheckoutPatchedBuildCandidate
03:23:01.602 [main] INFO  f.i.s.r.p.i.ProjectInspector - ComputeSourceDir
03:23:01.602 [main] INFO  f.i.s.r.p.i.ProjectInspector - ComputeTestDir
03:23:01.602 [main] INFO  f.i.s.r.p.i.ProjectInspector - CheckoutBuggyBuildCandidateSourceCode
03:23:01.603 [main] INFO  f.i.s.r.p.i.ProjectInspector - BuildProjectBuggyBuildCandidateSourceCode
03:23:01.603 [main] INFO  f.i.s.r.p.i.ProjectInspector - TestProjectBuggyBuildCandidateSourceCode
03:23:01.603 [main] INFO  f.i.s.r.p.i.ProjectInspector - GatherTestInformationBuggyBuildCandidateSourceCode
03:23:01.603 [main] INFO  f.i.s.r.p.i.ProjectInspector - CheckoutBuggyBuildTestCode
03:23:01.603 [main] INFO  f.i.s.r.p.i.ProjectInspector - InitRepoToPush
03:23:01.603 [main] INFO  f.i.s.r.p.i.ProjectInspector - ComputeClasspath
03:23:01.603 [main] INFO  f.i.s.r.p.i.ProjectInspector - ComputeModules
03:23:01.604 [main] INFO  f.i.s.r.p.i.ProjectInspector - CheckoutBuggyBuildCandidateSourceCode
03:23:01.604 [main] INFO  f.i.s.r.p.i.ProjectInspector - CommitChangedTests
03:23:01.604 [main] INFO  f.i.s.r.p.i.ProjectInspector - CheckoutPatchedBuildCandidate
03:23:01.604 [main] INFO  f.i.s.r.p.i.ProjectInspector - BuildProjectPatchedBuildCandidate
03:23:01.604 [main] INFO  f.i.s.r.p.i.ProjectInspector - TestProjectPatchedBuildCandidate
03:23:01.605 [main] INFO  f.i.s.r.p.i.ProjectInspector - GatherTestInformationPatchedBuildCandidate
03:23:01.605 [main] INFO  f.i.s.r.p.i.ProjectInspector - CommitPatch
03:23:01.605 [main] INFO  f.i.s.r.p.i.ProjectInspector - WritePropertyFile
03:23:01.605 [main] INFO  f.i.s.r.p.i.ProjectInspector - CommitProcessEnd
03:23:01.605 [main] INFO  f.i.s.r.p.i.ProjectInspector - PushProcessEnd
03:23:01.605 [main] DEBUG f.i.s.r.process.step.CloneRepository - ----------------------------------------------------------------------
03:23:01.606 [main] DEBUG f.i.s.r.process.step.CloneRepository - STEP 1/22: CloneRepository
03:23:01.606 [main] DEBUG f.i.s.r.process.step.CloneRepository - ----------------------------------------------------------------------
03:23:01.606 [main] DEBUG f.i.s.r.process.step.CloneRepository - Cloning repository batfish/batfish in the following directory: ./workspace/batfish/batfish/341608488
03:23:55.368 [main] DEBUG f.i.s.r.process.step.CloneRepository - STEP STATUS: [ CloneRepository : SUCCESS ]
03:23:55.369 [main] DEBUG f.i.s.r.process.step.CloneRepository - STEP DURATION: 53s
03:23:55.369 [main] DEBUG f.i.s.r.process.step.CloneRepository - EXECUTE NEXT STEP
03:23:55.370 [main] DEBUG f.i.s.r.p.s.c.CheckoutPatchedBuild - ----------------------------------------------------------------------
03:23:55.370 [main] DEBUG f.i.s.r.p.s.c.CheckoutPatchedBuild - STEP 2/22: CheckoutPatchedBuildCandidate
03:23:55.370 [main] DEBUG f.i.s.r.p.s.c.CheckoutPatchedBuild - ----------------------------------------------------------------------
03:23:55.370 [main] DEBUG f.i.s.r.p.s.c.CheckoutPatchedBuild - Checking out patched build candidate...
03:23:55.381 [main] ERROR f.i.s.r.p.s.c.CheckoutPatchedBuild - Error while testing commit: org.eclipse.jgit.errors.MissingObjectException: Missing unknown 2fd25b5889931a6049ad9303072da6c8ee404465
03:23:55.382 [main] ERROR f.i.s.r.p.s.c.CheckoutPatchedBuild - Error while getting the commit to checkout from the repo.
03:23:55.383 [main] DEBUG f.i.s.r.p.s.c.CheckoutPatchedBuild - STEP STATUS: [ CheckoutPatchedBuildCandidate : FAILURE ( BUILDNOTCHECKEDOUT ) ]
03:23:55.383 [main] DEBUG f.i.s.r.p.s.c.CheckoutPatchedBuild - STEP DURATION: 0s
03:23:55.383 [main] DEBUG f.i.s.r.p.s.c.CheckoutPatchedBuild - TERMINATE PIPELINE
03:23:55.383 [main] DEBUG f.i.s.r.p.s.c.CheckoutPatchedBuild - FINAL STEPS SKIPPED: The reproduction of the bug and/or the patch failed.
03:23:55.383 [main] INFO  f.i.s.r.p.s.c.CheckoutPatchedBuild - Serialize all data for the pair of builds 341608488, 341625949
03:23:55.680 [main] INFO  fr.inria.jtravis.JTravis - GitHub ratelimit: Limit: 5000 Remaining: 4528 Reset hour: 19:24:34
03:23:56.981 [main] INFO  f.i.s.r.p.i.ProjectInspector - ----------------------------------------------------------------------
03:23:56.982 [main] INFO  f.i.s.r.p.i.ProjectInspector - PIPELINE EXECUTION SUMMARY
03:23:56.982 [main] INFO  f.i.s.r.p.i.ProjectInspector - ----------------------------------------------------------------------
03:23:56.982 [main] INFO  f.i.s.r.p.i.ProjectInspector - CloneRepository.......................................SUCCESS [ 53 s ]
03:23:56.982 [main] INFO  f.i.s.r.p.i.ProjectInspector - CheckoutPatchedBuildCandidate.........................FAILURE [  0 s ]
03:23:56.983 [main] INFO  f.i.s.r.p.i.ProjectInspector - ComputeSourceDir......................................NOT RUN         
03:23:56.983 [main] INFO  f.i.s.r.p.i.ProjectInspector - ComputeTestDir........................................NOT RUN         
03:23:56.983 [main] INFO  f.i.s.r.p.i.ProjectInspector - CheckoutBuggyBuildCandidateSourceCode.................NOT RUN         
03:23:56.983 [main] INFO  f.i.s.r.p.i.ProjectInspector - BuildProjectBuggyBuildCandidateSourceCode.............NOT RUN         
03:23:56.983 [main] INFO  f.i.s.r.p.i.ProjectInspector - TestProjectBuggyBuildCandidateSourceCode..............NOT RUN         
03:23:56.983 [main] INFO  f.i.s.r.p.i.ProjectInspector - GatherTestInformationBuggyBuildCandidateSourceCode....NOT RUN         
03:23:56.984 [main] INFO  f.i.s.r.p.i.ProjectInspector - CheckoutBuggyBuildTestCode............................NOT RUN         
03:23:56.984 [main] INFO  f.i.s.r.p.i.ProjectInspector - InitRepoToPush........................................NOT RUN         
03:23:56.984 [main] INFO  f.i.s.r.p.i.ProjectInspector - ComputeClasspath......................................NOT RUN         
03:23:56.984 [main] INFO  f.i.s.r.p.i.ProjectInspector - ComputeModules........................................NOT RUN         
03:23:56.984 [main] INFO  f.i.s.r.p.i.ProjectInspector - CheckoutBuggyBuildCandidateSourceCode.................NOT RUN         
03:23:56.984 [main] INFO  f.i.s.r.p.i.ProjectInspector - CommitChangedTests....................................NOT RUN         
03:23:56.984 [main] INFO  f.i.s.r.p.i.ProjectInspector - CheckoutPatchedBuildCandidate.........................NOT RUN         
03:23:56.984 [main] INFO  f.i.s.r.p.i.ProjectInspector - BuildProjectPatchedBuildCandidate.....................NOT RUN         
03:23:56.984 [main] INFO  f.i.s.r.p.i.ProjectInspector - TestProjectPatchedBuildCandidate......................NOT RUN         
03:23:56.984 [main] INFO  f.i.s.r.p.i.ProjectInspector - GatherTestInformationPatchedBuildCandidate............NOT RUN         
03:23:56.985 [main] INFO  f.i.s.r.p.i.ProjectInspector - CommitPatch...........................................NOT RUN         
03:23:56.985 [main] INFO  f.i.s.r.p.i.ProjectInspector - WritePropertyFile.....................................NOT RUN         
03:23:56.985 [main] INFO  f.i.s.r.p.i.ProjectInspector - CommitProcessEnd......................................NOT RUN         
03:23:56.985 [main] INFO  f.i.s.r.p.i.ProjectInspector - PushProcessEnd........................................NOT RUN         
03:23:56.985 [main] INFO  f.i.s.r.p.i.ProjectInspector - ----------------------------------------------------------------------
03:23:56.985 [main] INFO  f.i.s.r.p.i.ProjectInspector - PIPELINE FINDING: BUILDNOTCHECKEDOUT
03:23:56.986 [main] INFO  f.i.s.r.p.i.ProjectInspector - ----------------------------------------------------------------------
03:23:56.986 [main] INFO  f.i.s.repairnator.pipeline.Launcher - Inspector is finished. The process will exit now.
