10:20:39.803 [main] INFO  f.i.s.repairnator.pipeline.Launcher - PIPELINE VERSION: 3.0-2018-08-09 19:04
10:20:40.042 [main] INFO  f.i.s.repairnator.pipeline.Launcher - The pipeline will try to reproduce a bug from build 339054167 and its corresponding patch from build 339058411
10:20:40.043 [main] INFO  f.i.s.repairnator.pipeline.Launcher - Initialize file serializer engines.
10:20:40.046 [main] INFO  f.i.s.repairnator.pipeline.Launcher - MongoDB won't be used for serialization.
10:20:40.046 [main] INFO  f.i.s.repairnator.pipeline.Launcher - The email notifier engine won't be used.
10:20:40.051 [main] INFO  f.i.s.repairnator.pipeline.Launcher - Start by getting the build (buildId: 339054167) with the following config: RepairnatorConfig{runId='d3ce7021-6f7e-4bbd-b7fc-dc7f588b701c_02-18-week2-PASSING_AND_PASSING', launcherMode=BEARS, serializeJson=true, inputPath='null', outputPath='/var/log', mongodbHost='null', mongodbName='repairnator', smtpServer='null', notifyTo=[], notifyEndProcess=false, push=true, pushRemoteRepo='https://github.com/fermadeiral/bears-collection-pp', fork=false, lookFromDate=null, lookToDate=null, buildId=339054167, z3solverPath='./z3_for_linux', workspacePath='./workspace', githubToken='c8a341a903[...]', dockerImageName='null', skipDelete=false, createOutputDir=false, logDirectory='null', nbThreads=0, globalTimeout=0, whiteList=null, blackList=null, jobSleepTime=0, buildSleepTime=0, maxInspectedBuilds=0, duration=null, humanPatch=false, repository='null', clean=true, bearsMode=BOTH, bearsDelimiter = false, repairTools=NopolAllTests,NPEFix,AssertFixer,AstorJGenProg,AstorJKali,NopolSingleTest,AstorJMut,NopolTestExclusionStrategy, githubUserName= fermadeiral, githubUserEmail=fer.madeiral@gmail.com}
10:20:41.713 [main] DEBUG fr.inria.jtravis.helpers.BuildHelper - Get request to :https://api.travis-ci.org/build/339054167 done after 926 ms
10:20:42.031 [main] DEBUG fr.inria.jtravis.helpers.BuildHelper - Get request to :https://api.travis-ci.org/build/339058411 done after 134 ms
10:20:42.054 [main] INFO  f.i.s.repairnator.pipeline.Launcher - The patched build (339058411) was successfully retrieved from Travis.
10:20:43.573 [main] INFO  fr.inria.jtravis.JTravis - GitHub ratelimit: Limit: 5000 Remaining: 4644 Reset hour: 19:25:00
10:20:43.861 [main] INFO  f.i.s.r.p.i.ProjectInspector - ----------------------------------------------------------------------
10:20:43.862 [main] INFO  f.i.s.r.p.i.ProjectInspector - PIPELINE STEPS
10:20:43.862 [main] INFO  f.i.s.r.p.i.ProjectInspector - ----------------------------------------------------------------------
10:20:43.862 [main] INFO  f.i.s.r.p.i.ProjectInspector - CloneRepository
10:20:43.863 [main] INFO  f.i.s.r.p.i.ProjectInspector - CheckoutPatchedBuildCandidate
10:20:43.863 [main] INFO  f.i.s.r.p.i.ProjectInspector - ComputeSourceDir
10:20:43.863 [main] INFO  f.i.s.r.p.i.ProjectInspector - ComputeTestDir
10:20:43.864 [main] INFO  f.i.s.r.p.i.ProjectInspector - CheckoutBuggyBuildCandidateSourceCode
10:20:43.864 [main] INFO  f.i.s.r.p.i.ProjectInspector - BuildProjectBuggyBuildCandidateSourceCode
10:20:43.864 [main] INFO  f.i.s.r.p.i.ProjectInspector - TestProjectBuggyBuildCandidateSourceCode
10:20:43.865 [main] INFO  f.i.s.r.p.i.ProjectInspector - GatherTestInformationBuggyBuildCandidateSourceCode
10:20:43.865 [main] INFO  f.i.s.r.p.i.ProjectInspector - CheckoutBuggyBuildTestCode
10:20:43.865 [main] INFO  f.i.s.r.p.i.ProjectInspector - InitRepoToPush
10:20:43.865 [main] INFO  f.i.s.r.p.i.ProjectInspector - ComputeClasspath
10:20:43.866 [main] INFO  f.i.s.r.p.i.ProjectInspector - ComputeModules
10:20:43.866 [main] INFO  f.i.s.r.p.i.ProjectInspector - CheckoutBuggyBuildCandidateSourceCode
10:20:43.866 [main] INFO  f.i.s.r.p.i.ProjectInspector - CommitChangedTests
10:20:43.866 [main] INFO  f.i.s.r.p.i.ProjectInspector - CheckoutPatchedBuildCandidate
10:20:43.867 [main] INFO  f.i.s.r.p.i.ProjectInspector - BuildProjectPatchedBuildCandidate
10:20:43.868 [main] INFO  f.i.s.r.p.i.ProjectInspector - TestProjectPatchedBuildCandidate
10:20:43.868 [main] INFO  f.i.s.r.p.i.ProjectInspector - GatherTestInformationPatchedBuildCandidate
10:20:43.868 [main] INFO  f.i.s.r.p.i.ProjectInspector - CommitPatch
10:20:43.868 [main] INFO  f.i.s.r.p.i.ProjectInspector - WritePropertyFile
10:20:43.869 [main] INFO  f.i.s.r.p.i.ProjectInspector - CommitProcessEnd
10:20:43.869 [main] INFO  f.i.s.r.p.i.ProjectInspector - PushProcessEnd
10:20:43.869 [main] DEBUG f.i.s.r.process.step.CloneRepository - ----------------------------------------------------------------------
10:20:43.870 [main] DEBUG f.i.s.r.process.step.CloneRepository - STEP 1/22: CloneRepository
10:20:43.871 [main] DEBUG f.i.s.r.process.step.CloneRepository - ----------------------------------------------------------------------
10:20:43.872 [main] DEBUG f.i.s.r.process.step.CloneRepository - Cloning repository spring-cloud/spring-cloud-gcp in the following directory: ./workspace/spring-cloud/spring-cloud-gcp/339054167
10:20:48.541 [main] DEBUG f.i.s.r.process.step.CloneRepository - STEP STATUS: [ CloneRepository : SUCCESS ]
10:20:48.542 [main] DEBUG f.i.s.r.process.step.CloneRepository - STEP DURATION: 4s
10:20:48.543 [main] DEBUG f.i.s.r.process.step.CloneRepository - EXECUTE NEXT STEP
10:20:48.543 [main] DEBUG f.i.s.r.p.s.c.CheckoutPatchedBuild - ----------------------------------------------------------------------
10:20:48.544 [main] DEBUG f.i.s.r.p.s.c.CheckoutPatchedBuild - STEP 2/22: CheckoutPatchedBuildCandidate
10:20:48.544 [main] DEBUG f.i.s.r.p.s.c.CheckoutPatchedBuild - ----------------------------------------------------------------------
10:20:48.544 [main] DEBUG f.i.s.r.p.s.c.CheckoutPatchedBuild - Checking out patched build candidate...
10:20:48.660 [main] INFO  fr.inria.jtravis.JTravis - GitHub ratelimit: Limit: 5000 Remaining: 4643 Reset hour: 19:25:00
10:20:50.362 [main] DEBUG f.i.s.r.p.s.c.CheckoutPatchedBuild - Reproduce the PR for spring-cloud/spring-cloud-gcp by fetching remote branch and merging.
10:20:51.648 [main] ERROR f.i.s.r.p.s.c.CheckoutPatchedBuild - Error while testing commit: org.eclipse.jgit.errors.MissingObjectException: Missing unknown 0d0691ad465f226f619691a767de70f0852854aa
10:20:51.650 [main] ERROR f.i.s.r.p.s.c.CheckoutPatchedBuild - Commit head ref cannot be retrieved from the repository: 0d0691ad465f226f619691a767de70f0852854aa. Operation aborted.
10:20:51.651 [main] ERROR f.i.s.r.p.s.c.CheckoutPatchedBuild - Error while merging two commits to reproduce the PR.
10:20:51.652 [main] DEBUG f.i.s.r.p.s.c.CheckoutPatchedBuild - STEP STATUS: [ CheckoutPatchedBuildCandidate : FAILURE ( BUILDNOTCHECKEDOUT ) ]
10:20:51.652 [main] DEBUG f.i.s.r.p.s.c.CheckoutPatchedBuild - STEP DURATION: 3s
10:20:51.653 [main] DEBUG f.i.s.r.p.s.c.CheckoutPatchedBuild - TERMINATE PIPELINE
10:20:51.653 [main] DEBUG f.i.s.r.p.s.c.CheckoutPatchedBuild - FINAL STEPS SKIPPED: The reproduction of the bug and/or the patch failed.
10:20:51.654 [main] INFO  f.i.s.r.p.s.c.CheckoutPatchedBuild - Serialize all data for the pair of builds 339054167, 339058411
10:20:51.761 [main] INFO  fr.inria.jtravis.JTravis - GitHub ratelimit: Limit: 5000 Remaining: 4636 Reset hour: 19:25:00
10:20:52.294 [main] INFO  f.i.s.r.p.i.ProjectInspector - ----------------------------------------------------------------------
10:20:52.295 [main] INFO  f.i.s.r.p.i.ProjectInspector - PIPELINE EXECUTION SUMMARY
10:20:52.295 [main] INFO  f.i.s.r.p.i.ProjectInspector - ----------------------------------------------------------------------
10:20:52.296 [main] INFO  f.i.s.r.p.i.ProjectInspector - CloneRepository........................................SUCCESS [ 4 s ]
10:20:52.296 [main] INFO  f.i.s.r.p.i.ProjectInspector - CheckoutPatchedBuildCandidate..........................FAILURE [ 3 s ]
10:20:52.296 [main] INFO  f.i.s.r.p.i.ProjectInspector - ComputeSourceDir.......................................NOT RUN        
10:20:52.296 [main] INFO  f.i.s.r.p.i.ProjectInspector - ComputeTestDir.........................................NOT RUN        
10:20:52.297 [main] INFO  f.i.s.r.p.i.ProjectInspector - CheckoutBuggyBuildCandidateSourceCode..................NOT RUN        
10:20:52.297 [main] INFO  f.i.s.r.p.i.ProjectInspector - BuildProjectBuggyBuildCandidateSourceCode..............NOT RUN        
10:20:52.297 [main] INFO  f.i.s.r.p.i.ProjectInspector - TestProjectBuggyBuildCandidateSourceCode...............NOT RUN        
10:20:52.297 [main] INFO  f.i.s.r.p.i.ProjectInspector - GatherTestInformationBuggyBuildCandidateSourceCode.....NOT RUN        
10:20:52.298 [main] INFO  f.i.s.r.p.i.ProjectInspector - CheckoutBuggyBuildTestCode.............................NOT RUN        
10:20:52.298 [main] INFO  f.i.s.r.p.i.ProjectInspector - InitRepoToPush.........................................NOT RUN        
10:20:52.298 [main] INFO  f.i.s.r.p.i.ProjectInspector - ComputeClasspath.......................................NOT RUN        
10:20:52.298 [main] INFO  f.i.s.r.p.i.ProjectInspector - ComputeModules.........................................NOT RUN        
10:20:52.298 [main] INFO  f.i.s.r.p.i.ProjectInspector - CheckoutBuggyBuildCandidateSourceCode..................NOT RUN        
10:20:52.298 [main] INFO  f.i.s.r.p.i.ProjectInspector - CommitChangedTests.....................................NOT RUN        
10:20:52.299 [main] INFO  f.i.s.r.p.i.ProjectInspector - CheckoutPatchedBuildCandidate..........................NOT RUN        
10:20:52.299 [main] INFO  f.i.s.r.p.i.ProjectInspector - BuildProjectPatchedBuildCandidate......................NOT RUN        
10:20:52.299 [main] INFO  f.i.s.r.p.i.ProjectInspector - TestProjectPatchedBuildCandidate.......................NOT RUN        
10:20:52.299 [main] INFO  f.i.s.r.p.i.ProjectInspector - GatherTestInformationPatchedBuildCandidate.............NOT RUN        
10:20:52.299 [main] INFO  f.i.s.r.p.i.ProjectInspector - CommitPatch............................................NOT RUN        
10:20:52.300 [main] INFO  f.i.s.r.p.i.ProjectInspector - WritePropertyFile......................................NOT RUN        
10:20:52.300 [main] INFO  f.i.s.r.p.i.ProjectInspector - CommitProcessEnd.......................................NOT RUN        
10:20:52.300 [main] INFO  f.i.s.r.p.i.ProjectInspector - PushProcessEnd.........................................NOT RUN        
10:20:52.300 [main] INFO  f.i.s.r.p.i.ProjectInspector - ----------------------------------------------------------------------
10:20:52.301 [main] INFO  f.i.s.r.p.i.ProjectInspector - PIPELINE FINDING: BUILDNOTCHECKEDOUT
10:20:52.301 [main] INFO  f.i.s.r.p.i.ProjectInspector - ----------------------------------------------------------------------
10:20:52.301 [main] INFO  f.i.s.repairnator.pipeline.Launcher - Inspector is finished. The process will exit now.
