06:48:03.206 [main] INFO  f.i.s.repairnator.pipeline.Launcher - PIPELINE VERSION: 3.0-2018-08-09 19:04
06:48:03.411 [main] INFO  f.i.s.repairnator.pipeline.Launcher - The pipeline will try to reproduce a bug from build 340574705 and its corresponding patch from build 341099008
06:48:03.412 [main] INFO  f.i.s.repairnator.pipeline.Launcher - Initialize file serializer engines.
06:48:03.414 [main] INFO  f.i.s.repairnator.pipeline.Launcher - MongoDB won't be used for serialization.
06:48:03.415 [main] INFO  f.i.s.repairnator.pipeline.Launcher - The email notifier engine won't be used.
06:48:03.419 [main] INFO  f.i.s.repairnator.pipeline.Launcher - Start by getting the build (buildId: 340574705) with the following config: RepairnatorConfig{runId='d3ce7021-6f7e-4bbd-b7fc-dc7f588b701c_02-18-week2-PASSING_AND_PASSING', launcherMode=BEARS, serializeJson=true, inputPath='null', outputPath='/var/log', mongodbHost='null', mongodbName='repairnator', smtpServer='null', notifyTo=[], notifyEndProcess=false, push=true, pushRemoteRepo='https://github.com/fermadeiral/bears-collection-pp', fork=false, lookFromDate=null, lookToDate=null, buildId=340574705, z3solverPath='./z3_for_linux', workspacePath='./workspace', githubToken='c8a341a903[...]', dockerImageName='null', skipDelete=false, createOutputDir=false, logDirectory='null', nbThreads=0, globalTimeout=0, whiteList=null, blackList=null, jobSleepTime=0, buildSleepTime=0, maxInspectedBuilds=0, duration=null, humanPatch=false, repository='null', clean=true, bearsMode=BOTH, bearsDelimiter = false, repairTools=NopolAllTests,NPEFix,AssertFixer,AstorJGenProg,AstorJKali,NopolSingleTest,AstorJMut,NopolTestExclusionStrategy, githubUserName= fermadeiral, githubUserEmail=fer.madeiral@gmail.com}
06:48:04.909 [main] DEBUG fr.inria.jtravis.helpers.BuildHelper - Get request to :https://api.travis-ci.org/build/340574705 done after 844 ms
06:48:05.138 [main] DEBUG fr.inria.jtravis.helpers.BuildHelper - Get request to :https://api.travis-ci.org/build/341099008 done after 139 ms
06:48:05.154 [main] INFO  f.i.s.repairnator.pipeline.Launcher - The patched build (341099008) was successfully retrieved from Travis.
06:48:06.534 [main] INFO  fr.inria.jtravis.JTravis - GitHub ratelimit: Limit: 5000 Remaining: 4978 Reset hour: 19:24:49
06:48:06.765 [main] INFO  f.i.s.r.p.i.ProjectInspector - ----------------------------------------------------------------------
06:48:06.766 [main] INFO  f.i.s.r.p.i.ProjectInspector - PIPELINE STEPS
06:48:06.766 [main] INFO  f.i.s.r.p.i.ProjectInspector - ----------------------------------------------------------------------
06:48:06.766 [main] INFO  f.i.s.r.p.i.ProjectInspector - CloneRepository
06:48:06.766 [main] INFO  f.i.s.r.p.i.ProjectInspector - CheckoutPatchedBuildCandidate
06:48:06.766 [main] INFO  f.i.s.r.p.i.ProjectInspector - ComputeSourceDir
06:48:06.767 [main] INFO  f.i.s.r.p.i.ProjectInspector - ComputeTestDir
06:48:06.767 [main] INFO  f.i.s.r.p.i.ProjectInspector - CheckoutBuggyBuildCandidateSourceCode
06:48:06.767 [main] INFO  f.i.s.r.p.i.ProjectInspector - BuildProjectBuggyBuildCandidateSourceCode
06:48:06.767 [main] INFO  f.i.s.r.p.i.ProjectInspector - TestProjectBuggyBuildCandidateSourceCode
06:48:06.767 [main] INFO  f.i.s.r.p.i.ProjectInspector - GatherTestInformationBuggyBuildCandidateSourceCode
06:48:06.767 [main] INFO  f.i.s.r.p.i.ProjectInspector - CheckoutBuggyBuildTestCode
06:48:06.767 [main] INFO  f.i.s.r.p.i.ProjectInspector - InitRepoToPush
06:48:06.767 [main] INFO  f.i.s.r.p.i.ProjectInspector - ComputeClasspath
06:48:06.767 [main] INFO  f.i.s.r.p.i.ProjectInspector - ComputeModules
06:48:06.768 [main] INFO  f.i.s.r.p.i.ProjectInspector - CheckoutBuggyBuildCandidateSourceCode
06:48:06.768 [main] INFO  f.i.s.r.p.i.ProjectInspector - CommitChangedTests
06:48:06.768 [main] INFO  f.i.s.r.p.i.ProjectInspector - CheckoutPatchedBuildCandidate
06:48:06.768 [main] INFO  f.i.s.r.p.i.ProjectInspector - BuildProjectPatchedBuildCandidate
06:48:06.768 [main] INFO  f.i.s.r.p.i.ProjectInspector - TestProjectPatchedBuildCandidate
06:48:06.768 [main] INFO  f.i.s.r.p.i.ProjectInspector - GatherTestInformationPatchedBuildCandidate
06:48:06.768 [main] INFO  f.i.s.r.p.i.ProjectInspector - CommitPatch
06:48:06.768 [main] INFO  f.i.s.r.p.i.ProjectInspector - WritePropertyFile
06:48:06.769 [main] INFO  f.i.s.r.p.i.ProjectInspector - CommitProcessEnd
06:48:06.769 [main] INFO  f.i.s.r.p.i.ProjectInspector - PushProcessEnd
06:48:06.769 [main] DEBUG f.i.s.r.process.step.CloneRepository - ----------------------------------------------------------------------
06:48:06.769 [main] DEBUG f.i.s.r.process.step.CloneRepository - STEP 1/22: CloneRepository
06:48:06.769 [main] DEBUG f.i.s.r.process.step.CloneRepository - ----------------------------------------------------------------------
06:48:06.770 [main] DEBUG f.i.s.r.process.step.CloneRepository - Cloning repository StuPro-TOSCAna/TOSCAna in the following directory: ./workspace/StuPro-TOSCAna/TOSCAna/340574705
06:48:24.736 [main] DEBUG f.i.s.r.process.step.CloneRepository - STEP STATUS: [ CloneRepository : SUCCESS ]
06:48:24.736 [main] DEBUG f.i.s.r.process.step.CloneRepository - STEP DURATION: 17s
06:48:24.737 [main] DEBUG f.i.s.r.process.step.CloneRepository - EXECUTE NEXT STEP
06:48:24.737 [main] DEBUG f.i.s.r.p.s.c.CheckoutPatchedBuild - ----------------------------------------------------------------------
06:48:24.738 [main] DEBUG f.i.s.r.p.s.c.CheckoutPatchedBuild - STEP 2/22: CheckoutPatchedBuildCandidate
06:48:24.738 [main] DEBUG f.i.s.r.p.s.c.CheckoutPatchedBuild - ----------------------------------------------------------------------
06:48:24.739 [main] DEBUG f.i.s.r.p.s.c.CheckoutPatchedBuild - Checking out patched build candidate...
06:48:25.061 [main] INFO  fr.inria.jtravis.JTravis - GitHub ratelimit: Limit: 5000 Remaining: 4973 Reset hour: 19:24:49
06:48:27.141 [main] DEBUG f.i.s.r.p.s.c.CheckoutPatchedBuild - Reproduce the PR for StuPro-TOSCAna/TOSCAna by fetching remote branch and merging.
06:48:27.605 [main] ERROR f.i.s.r.p.s.c.CheckoutPatchedBuild - Error while testing commit: org.eclipse.jgit.errors.MissingObjectException: Missing unknown eea691180efeb7b7d37bbe78ca0fc86623c929b2
06:48:27.607 [main] ERROR f.i.s.r.p.s.c.CheckoutPatchedBuild - Commit head ref cannot be retrieved from the repository: eea691180efeb7b7d37bbe78ca0fc86623c929b2. Operation aborted.
06:48:27.607 [main] ERROR f.i.s.r.p.s.c.CheckoutPatchedBuild - Error while merging two commits to reproduce the PR.
06:48:27.608 [main] DEBUG f.i.s.r.p.s.c.CheckoutPatchedBuild - STEP STATUS: [ CheckoutPatchedBuildCandidate : FAILURE ( BUILDNOTCHECKEDOUT ) ]
06:48:27.609 [main] DEBUG f.i.s.r.p.s.c.CheckoutPatchedBuild - STEP DURATION: 2s
06:48:27.610 [main] DEBUG f.i.s.r.p.s.c.CheckoutPatchedBuild - TERMINATE PIPELINE
06:48:27.610 [main] DEBUG f.i.s.r.p.s.c.CheckoutPatchedBuild - FINAL STEPS SKIPPED: The reproduction of the bug and/or the patch failed.
06:48:27.610 [main] INFO  f.i.s.r.p.s.c.CheckoutPatchedBuild - Serialize all data for the pair of builds 340574705, 341099008
06:48:27.717 [main] INFO  fr.inria.jtravis.JTravis - GitHub ratelimit: Limit: 5000 Remaining: 4966 Reset hour: 19:24:49
06:48:28.321 [main] INFO  f.i.s.r.p.i.ProjectInspector - ----------------------------------------------------------------------
06:48:28.321 [main] INFO  f.i.s.r.p.i.ProjectInspector - PIPELINE EXECUTION SUMMARY
06:48:28.322 [main] INFO  f.i.s.r.p.i.ProjectInspector - ----------------------------------------------------------------------
06:48:28.322 [main] INFO  f.i.s.r.p.i.ProjectInspector - CloneRepository.......................................SUCCESS [ 17 s ]
06:48:28.322 [main] INFO  f.i.s.r.p.i.ProjectInspector - CheckoutPatchedBuildCandidate.........................FAILURE [  2 s ]
06:48:28.322 [main] INFO  f.i.s.r.p.i.ProjectInspector - ComputeSourceDir......................................NOT RUN         
06:48:28.323 [main] INFO  f.i.s.r.p.i.ProjectInspector - ComputeTestDir........................................NOT RUN         
06:48:28.323 [main] INFO  f.i.s.r.p.i.ProjectInspector - CheckoutBuggyBuildCandidateSourceCode.................NOT RUN         
06:48:28.323 [main] INFO  f.i.s.r.p.i.ProjectInspector - BuildProjectBuggyBuildCandidateSourceCode.............NOT RUN         
06:48:28.323 [main] INFO  f.i.s.r.p.i.ProjectInspector - TestProjectBuggyBuildCandidateSourceCode..............NOT RUN         
06:48:28.324 [main] INFO  f.i.s.r.p.i.ProjectInspector - GatherTestInformationBuggyBuildCandidateSourceCode....NOT RUN         
06:48:28.324 [main] INFO  f.i.s.r.p.i.ProjectInspector - CheckoutBuggyBuildTestCode............................NOT RUN         
06:48:28.324 [main] INFO  f.i.s.r.p.i.ProjectInspector - InitRepoToPush........................................NOT RUN         
06:48:28.324 [main] INFO  f.i.s.r.p.i.ProjectInspector - ComputeClasspath......................................NOT RUN         
06:48:28.324 [main] INFO  f.i.s.r.p.i.ProjectInspector - ComputeModules........................................NOT RUN         
06:48:28.324 [main] INFO  f.i.s.r.p.i.ProjectInspector - CheckoutBuggyBuildCandidateSourceCode.................NOT RUN         
06:48:28.325 [main] INFO  f.i.s.r.p.i.ProjectInspector - CommitChangedTests....................................NOT RUN         
06:48:28.325 [main] INFO  f.i.s.r.p.i.ProjectInspector - CheckoutPatchedBuildCandidate.........................NOT RUN         
06:48:28.325 [main] INFO  f.i.s.r.p.i.ProjectInspector - BuildProjectPatchedBuildCandidate.....................NOT RUN         
06:48:28.325 [main] INFO  f.i.s.r.p.i.ProjectInspector - TestProjectPatchedBuildCandidate......................NOT RUN         
06:48:28.325 [main] INFO  f.i.s.r.p.i.ProjectInspector - GatherTestInformationPatchedBuildCandidate............NOT RUN         
06:48:28.325 [main] INFO  f.i.s.r.p.i.ProjectInspector - CommitPatch...........................................NOT RUN         
06:48:28.326 [main] INFO  f.i.s.r.p.i.ProjectInspector - WritePropertyFile.....................................NOT RUN         
06:48:28.326 [main] INFO  f.i.s.r.p.i.ProjectInspector - CommitProcessEnd......................................NOT RUN         
06:48:28.326 [main] INFO  f.i.s.r.p.i.ProjectInspector - PushProcessEnd........................................NOT RUN         
06:48:28.326 [main] INFO  f.i.s.r.p.i.ProjectInspector - ----------------------------------------------------------------------
06:48:28.326 [main] INFO  f.i.s.r.p.i.ProjectInspector - PIPELINE FINDING: BUILDNOTCHECKEDOUT
06:48:28.327 [main] INFO  f.i.s.r.p.i.ProjectInspector - ----------------------------------------------------------------------
06:48:28.327 [main] INFO  f.i.s.repairnator.pipeline.Launcher - Inspector is finished. The process will exit now.
