00:16:23.464 [main] INFO  f.i.s.repairnator.pipeline.Launcher - PIPELINE VERSION: 3.0-2018-08-09 19:04
00:16:23.609 [main] INFO  f.i.s.repairnator.pipeline.Launcher - The pipeline will try to reproduce a bug from build 340690819 and its corresponding patch from build 341520245
00:16:23.609 [main] INFO  f.i.s.repairnator.pipeline.Launcher - Initialize file serializer engines.
00:16:23.611 [main] INFO  f.i.s.repairnator.pipeline.Launcher - MongoDB won't be used for serialization.
00:16:23.611 [main] INFO  f.i.s.repairnator.pipeline.Launcher - The email notifier engine won't be used.
00:16:23.614 [main] INFO  f.i.s.repairnator.pipeline.Launcher - Start by getting the build (buildId: 340690819) with the following config: RepairnatorConfig{runId='d3ce7021-6f7e-4bbd-b7fc-dc7f588b701c_02-18-week2-PASSING_AND_PASSING', launcherMode=BEARS, serializeJson=true, inputPath='null', outputPath='/var/log', mongodbHost='null', mongodbName='repairnator', smtpServer='null', notifyTo=[], notifyEndProcess=false, push=true, pushRemoteRepo='https://github.com/fermadeiral/bears-collection-pp', fork=false, lookFromDate=null, lookToDate=null, buildId=340690819, z3solverPath='./z3_for_linux', workspacePath='./workspace', githubToken='c8a341a903[...]', dockerImageName='null', skipDelete=false, createOutputDir=false, logDirectory='null', nbThreads=0, globalTimeout=0, whiteList=null, blackList=null, jobSleepTime=0, buildSleepTime=0, maxInspectedBuilds=0, duration=null, humanPatch=false, repository='null', clean=true, bearsMode=BOTH, bearsDelimiter = false, repairTools=NopolAllTests,NPEFix,AssertFixer,AstorJGenProg,AstorJKali,NopolSingleTest,AstorJMut,NopolTestExclusionStrategy, githubUserName= fermadeiral, githubUserEmail=fer.madeiral@gmail.com}
00:16:24.932 [main] DEBUG fr.inria.jtravis.helpers.BuildHelper - Get request to :https://api.travis-ci.org/build/340690819 done after 766 ms
00:16:25.170 [main] DEBUG fr.inria.jtravis.helpers.BuildHelper - Get request to :https://api.travis-ci.org/build/341520245 done after 139 ms
00:16:25.185 [main] INFO  f.i.s.repairnator.pipeline.Launcher - The patched build (341520245) was successfully retrieved from Travis.
00:16:26.370 [main] INFO  fr.inria.jtravis.JTravis - GitHub ratelimit: Limit: 5000 Remaining: 4695 Reset hour: 19:24:23
00:16:26.644 [main] INFO  f.i.s.r.p.i.ProjectInspector - ----------------------------------------------------------------------
00:16:26.644 [main] INFO  f.i.s.r.p.i.ProjectInspector - PIPELINE STEPS
00:16:26.644 [main] INFO  f.i.s.r.p.i.ProjectInspector - ----------------------------------------------------------------------
00:16:26.645 [main] INFO  f.i.s.r.p.i.ProjectInspector - CloneRepository
00:16:26.645 [main] INFO  f.i.s.r.p.i.ProjectInspector - CheckoutPatchedBuildCandidate
00:16:26.645 [main] INFO  f.i.s.r.p.i.ProjectInspector - ComputeSourceDir
00:16:26.645 [main] INFO  f.i.s.r.p.i.ProjectInspector - ComputeTestDir
00:16:26.645 [main] INFO  f.i.s.r.p.i.ProjectInspector - CheckoutBuggyBuildCandidateSourceCode
00:16:26.645 [main] INFO  f.i.s.r.p.i.ProjectInspector - BuildProjectBuggyBuildCandidateSourceCode
00:16:26.645 [main] INFO  f.i.s.r.p.i.ProjectInspector - TestProjectBuggyBuildCandidateSourceCode
00:16:26.646 [main] INFO  f.i.s.r.p.i.ProjectInspector - GatherTestInformationBuggyBuildCandidateSourceCode
00:16:26.646 [main] INFO  f.i.s.r.p.i.ProjectInspector - CheckoutBuggyBuildTestCode
00:16:26.646 [main] INFO  f.i.s.r.p.i.ProjectInspector - InitRepoToPush
00:16:26.646 [main] INFO  f.i.s.r.p.i.ProjectInspector - ComputeClasspath
00:16:26.646 [main] INFO  f.i.s.r.p.i.ProjectInspector - ComputeModules
00:16:26.646 [main] INFO  f.i.s.r.p.i.ProjectInspector - CheckoutBuggyBuildCandidateSourceCode
00:16:26.646 [main] INFO  f.i.s.r.p.i.ProjectInspector - CommitChangedTests
00:16:26.647 [main] INFO  f.i.s.r.p.i.ProjectInspector - CheckoutPatchedBuildCandidate
00:16:26.647 [main] INFO  f.i.s.r.p.i.ProjectInspector - BuildProjectPatchedBuildCandidate
00:16:26.647 [main] INFO  f.i.s.r.p.i.ProjectInspector - TestProjectPatchedBuildCandidate
00:16:26.647 [main] INFO  f.i.s.r.p.i.ProjectInspector - GatherTestInformationPatchedBuildCandidate
00:16:26.647 [main] INFO  f.i.s.r.p.i.ProjectInspector - CommitPatch
00:16:26.647 [main] INFO  f.i.s.r.p.i.ProjectInspector - WritePropertyFile
00:16:26.647 [main] INFO  f.i.s.r.p.i.ProjectInspector - CommitProcessEnd
00:16:26.648 [main] INFO  f.i.s.r.p.i.ProjectInspector - PushProcessEnd
00:16:26.648 [main] DEBUG f.i.s.r.process.step.CloneRepository - ----------------------------------------------------------------------
00:16:26.648 [main] DEBUG f.i.s.r.process.step.CloneRepository - STEP 1/22: CloneRepository
00:16:26.648 [main] DEBUG f.i.s.r.process.step.CloneRepository - ----------------------------------------------------------------------
00:16:26.649 [main] DEBUG f.i.s.r.process.step.CloneRepository - Cloning repository prestodb/presto in the following directory: ./workspace/prestodb/presto/340690819
00:17:09.938 [main] DEBUG f.i.s.r.process.step.CloneRepository - STEP STATUS: [ CloneRepository : SUCCESS ]
00:17:09.938 [main] DEBUG f.i.s.r.process.step.CloneRepository - STEP DURATION: 43s
00:17:09.939 [main] DEBUG f.i.s.r.process.step.CloneRepository - EXECUTE NEXT STEP
00:17:09.939 [main] DEBUG f.i.s.r.p.s.c.CheckoutPatchedBuild - ----------------------------------------------------------------------
00:17:09.940 [main] DEBUG f.i.s.r.p.s.c.CheckoutPatchedBuild - STEP 2/22: CheckoutPatchedBuildCandidate
00:17:09.940 [main] DEBUG f.i.s.r.p.s.c.CheckoutPatchedBuild - ----------------------------------------------------------------------
00:17:09.940 [main] DEBUG f.i.s.r.p.s.c.CheckoutPatchedBuild - Checking out patched build candidate...
00:17:10.279 [main] INFO  fr.inria.jtravis.JTravis - GitHub ratelimit: Limit: 5000 Remaining: 4694 Reset hour: 19:24:23
00:17:13.595 [main] DEBUG f.i.s.r.p.s.c.CheckoutPatchedBuild - Reproduce the PR for prestodb/presto by fetching remote branch and merging.
00:17:16.232 [main] ERROR f.i.s.r.p.s.c.CheckoutPatchedBuild - Error while testing commit: org.eclipse.jgit.errors.MissingObjectException: Missing unknown 510c98fff593d8a5a15f71fb3d67d2503ebeb9ef
00:17:16.233 [main] ERROR f.i.s.r.p.s.c.CheckoutPatchedBuild - Commit head ref cannot be retrieved from the repository: 510c98fff593d8a5a15f71fb3d67d2503ebeb9ef. Operation aborted.
00:17:16.233 [main] ERROR f.i.s.r.p.s.c.CheckoutPatchedBuild - Error while merging two commits to reproduce the PR.
00:17:16.234 [main] DEBUG f.i.s.r.p.s.c.CheckoutPatchedBuild - STEP STATUS: [ CheckoutPatchedBuildCandidate : FAILURE ( BUILDNOTCHECKEDOUT ) ]
00:17:16.235 [main] DEBUG f.i.s.r.p.s.c.CheckoutPatchedBuild - STEP DURATION: 6s
00:17:16.235 [main] DEBUG f.i.s.r.p.s.c.CheckoutPatchedBuild - TERMINATE PIPELINE
00:17:16.236 [main] DEBUG f.i.s.r.p.s.c.CheckoutPatchedBuild - FINAL STEPS SKIPPED: The reproduction of the bug and/or the patch failed.
00:17:16.236 [main] INFO  f.i.s.r.p.s.c.CheckoutPatchedBuild - Serialize all data for the pair of builds 340690819, 341520245
00:17:16.361 [main] INFO  fr.inria.jtravis.JTravis - GitHub ratelimit: Limit: 5000 Remaining: 4687 Reset hour: 19:24:23
00:17:17.727 [main] INFO  f.i.s.r.p.i.ProjectInspector - ----------------------------------------------------------------------
00:17:17.728 [main] INFO  f.i.s.r.p.i.ProjectInspector - PIPELINE EXECUTION SUMMARY
00:17:17.728 [main] INFO  f.i.s.r.p.i.ProjectInspector - ----------------------------------------------------------------------
00:17:17.729 [main] INFO  f.i.s.r.p.i.ProjectInspector - CloneRepository.......................................SUCCESS [ 43 s ]
00:17:17.729 [main] INFO  f.i.s.r.p.i.ProjectInspector - CheckoutPatchedBuildCandidate.........................FAILURE [  6 s ]
00:17:17.729 [main] INFO  f.i.s.r.p.i.ProjectInspector - ComputeSourceDir......................................NOT RUN         
00:17:17.729 [main] INFO  f.i.s.r.p.i.ProjectInspector - ComputeTestDir........................................NOT RUN         
00:17:17.730 [main] INFO  f.i.s.r.p.i.ProjectInspector - CheckoutBuggyBuildCandidateSourceCode.................NOT RUN         
00:17:17.730 [main] INFO  f.i.s.r.p.i.ProjectInspector - BuildProjectBuggyBuildCandidateSourceCode.............NOT RUN         
00:17:17.730 [main] INFO  f.i.s.r.p.i.ProjectInspector - TestProjectBuggyBuildCandidateSourceCode..............NOT RUN         
00:17:17.731 [main] INFO  f.i.s.r.p.i.ProjectInspector - GatherTestInformationBuggyBuildCandidateSourceCode....NOT RUN         
00:17:17.731 [main] INFO  f.i.s.r.p.i.ProjectInspector - CheckoutBuggyBuildTestCode............................NOT RUN         
00:17:17.731 [main] INFO  f.i.s.r.p.i.ProjectInspector - InitRepoToPush........................................NOT RUN         
00:17:17.731 [main] INFO  f.i.s.r.p.i.ProjectInspector - ComputeClasspath......................................NOT RUN         
00:17:17.731 [main] INFO  f.i.s.r.p.i.ProjectInspector - ComputeModules........................................NOT RUN         
00:17:17.732 [main] INFO  f.i.s.r.p.i.ProjectInspector - CheckoutBuggyBuildCandidateSourceCode.................NOT RUN         
00:17:17.732 [main] INFO  f.i.s.r.p.i.ProjectInspector - CommitChangedTests....................................NOT RUN         
00:17:17.732 [main] INFO  f.i.s.r.p.i.ProjectInspector - CheckoutPatchedBuildCandidate.........................NOT RUN         
00:17:17.732 [main] INFO  f.i.s.r.p.i.ProjectInspector - BuildProjectPatchedBuildCandidate.....................NOT RUN         
00:17:17.733 [main] INFO  f.i.s.r.p.i.ProjectInspector - TestProjectPatchedBuildCandidate......................NOT RUN         
00:17:17.733 [main] INFO  f.i.s.r.p.i.ProjectInspector - GatherTestInformationPatchedBuildCandidate............NOT RUN         
00:17:17.733 [main] INFO  f.i.s.r.p.i.ProjectInspector - CommitPatch...........................................NOT RUN         
00:17:17.733 [main] INFO  f.i.s.r.p.i.ProjectInspector - WritePropertyFile.....................................NOT RUN         
00:17:17.733 [main] INFO  f.i.s.r.p.i.ProjectInspector - CommitProcessEnd......................................NOT RUN         
00:17:17.734 [main] INFO  f.i.s.r.p.i.ProjectInspector - PushProcessEnd........................................NOT RUN         
00:17:17.734 [main] INFO  f.i.s.r.p.i.ProjectInspector - ----------------------------------------------------------------------
00:17:17.734 [main] INFO  f.i.s.r.p.i.ProjectInspector - PIPELINE FINDING: BUILDNOTCHECKEDOUT
00:17:17.734 [main] INFO  f.i.s.r.p.i.ProjectInspector - ----------------------------------------------------------------------
00:17:17.735 [main] INFO  f.i.s.repairnator.pipeline.Launcher - Inspector is finished. The process will exit now.
