19:54:26.471 [main] INFO  f.i.s.repairnator.pipeline.Launcher - PIPELINE VERSION: 3.0-2018-08-09 19:04
19:54:26.576 [main] INFO  f.i.s.repairnator.pipeline.Launcher - The pipeline will try to reproduce a bug from build 335941990 and its corresponding patch from build 335999955
19:54:26.577 [main] INFO  f.i.s.repairnator.pipeline.Launcher - Initialize file serializer engines.
19:54:26.578 [main] INFO  f.i.s.repairnator.pipeline.Launcher - MongoDB won't be used for serialization.
19:54:26.579 [main] INFO  f.i.s.repairnator.pipeline.Launcher - The email notifier engine won't be used.
19:54:26.582 [main] INFO  f.i.s.repairnator.pipeline.Launcher - Start by getting the build (buildId: 335941990) with the following config: RepairnatorConfig{runId='115b89a2-5f2f-4a9f-a894-a9ee1a0dcd59_02-18-week1-PASSING_AND_PASSING', launcherMode=BEARS, serializeJson=true, inputPath='null', outputPath='/var/log', mongodbHost='null', mongodbName='repairnator', smtpServer='null', notifyTo=[], notifyEndProcess=false, push=true, pushRemoteRepo='https://github.com/fermadeiral/bears-collection-pp', fork=false, lookFromDate=null, lookToDate=null, buildId=335941990, z3solverPath='./z3_for_linux', workspacePath='./workspace', githubToken='c8a341a903[...]', dockerImageName='null', skipDelete=false, createOutputDir=false, logDirectory='null', nbThreads=0, globalTimeout=0, whiteList=null, blackList=null, jobSleepTime=0, buildSleepTime=0, maxInspectedBuilds=0, duration=null, humanPatch=false, repository='null', clean=true, bearsMode=BOTH, bearsDelimiter = false, repairTools=NopolAllTests,NPEFix,AssertFixer,AstorJGenProg,AstorJKali,NopolSingleTest,AstorJMut,NopolTestExclusionStrategy, githubUserName= fermadeiral, githubUserEmail=fer.madeiral@gmail.com}
19:54:27.992 [main] DEBUG fr.inria.jtravis.helpers.BuildHelper - Get request to :https://api.travis-ci.org/build/335941990 done after 929 ms
19:54:28.322 [main] DEBUG fr.inria.jtravis.helpers.BuildHelper - Get request to :https://api.travis-ci.org/build/335999955 done after 233 ms
19:54:28.333 [main] INFO  f.i.s.repairnator.pipeline.Launcher - The patched build (335999955) was successfully retrieved from Travis.
19:54:29.354 [main] INFO  fr.inria.jtravis.JTravis - GitHub ratelimit: Limit: 5000 Remaining: 4507 Reset hour: 19:22:42
19:54:29.599 [main] INFO  f.i.s.r.p.i.ProjectInspector - ----------------------------------------------------------------------
19:54:29.599 [main] INFO  f.i.s.r.p.i.ProjectInspector - PIPELINE STEPS
19:54:29.599 [main] INFO  f.i.s.r.p.i.ProjectInspector - ----------------------------------------------------------------------
19:54:29.599 [main] INFO  f.i.s.r.p.i.ProjectInspector - CloneRepository
19:54:29.599 [main] INFO  f.i.s.r.p.i.ProjectInspector - CheckoutPatchedBuildCandidate
19:54:29.600 [main] INFO  f.i.s.r.p.i.ProjectInspector - ComputeSourceDir
19:54:29.600 [main] INFO  f.i.s.r.p.i.ProjectInspector - ComputeTestDir
19:54:29.600 [main] INFO  f.i.s.r.p.i.ProjectInspector - CheckoutBuggyBuildCandidateSourceCode
19:54:29.600 [main] INFO  f.i.s.r.p.i.ProjectInspector - BuildProjectBuggyBuildCandidateSourceCode
19:54:29.600 [main] INFO  f.i.s.r.p.i.ProjectInspector - TestProjectBuggyBuildCandidateSourceCode
19:54:29.601 [main] INFO  f.i.s.r.p.i.ProjectInspector - GatherTestInformationBuggyBuildCandidateSourceCode
19:54:29.601 [main] INFO  f.i.s.r.p.i.ProjectInspector - CheckoutBuggyBuildTestCode
19:54:29.601 [main] INFO  f.i.s.r.p.i.ProjectInspector - InitRepoToPush
19:54:29.601 [main] INFO  f.i.s.r.p.i.ProjectInspector - ComputeClasspath
19:54:29.601 [main] INFO  f.i.s.r.p.i.ProjectInspector - ComputeModules
19:54:29.601 [main] INFO  f.i.s.r.p.i.ProjectInspector - CheckoutBuggyBuildCandidateSourceCode
19:54:29.602 [main] INFO  f.i.s.r.p.i.ProjectInspector - CommitChangedTests
19:54:29.602 [main] INFO  f.i.s.r.p.i.ProjectInspector - CheckoutPatchedBuildCandidate
19:54:29.602 [main] INFO  f.i.s.r.p.i.ProjectInspector - BuildProjectPatchedBuildCandidate
19:54:29.602 [main] INFO  f.i.s.r.p.i.ProjectInspector - TestProjectPatchedBuildCandidate
19:54:29.602 [main] INFO  f.i.s.r.p.i.ProjectInspector - GatherTestInformationPatchedBuildCandidate
19:54:29.603 [main] INFO  f.i.s.r.p.i.ProjectInspector - CommitPatch
19:54:29.603 [main] INFO  f.i.s.r.p.i.ProjectInspector - WritePropertyFile
19:54:29.603 [main] INFO  f.i.s.r.p.i.ProjectInspector - CommitProcessEnd
19:54:29.603 [main] INFO  f.i.s.r.p.i.ProjectInspector - PushProcessEnd
19:54:29.604 [main] DEBUG f.i.s.r.process.step.CloneRepository - ----------------------------------------------------------------------
19:54:29.604 [main] DEBUG f.i.s.r.process.step.CloneRepository - STEP 1/22: CloneRepository
19:54:29.604 [main] DEBUG f.i.s.r.process.step.CloneRepository - ----------------------------------------------------------------------
19:54:29.605 [main] DEBUG f.i.s.r.process.step.CloneRepository - Cloning repository CorfuDB/CorfuDB in the following directory: ./workspace/CorfuDB/CorfuDB/335941990
19:59:31.846 [main] DEBUG f.i.s.r.process.step.CloneRepository - STEP STATUS: [ CloneRepository : SUCCESS ]
19:59:31.846 [main] DEBUG f.i.s.r.process.step.CloneRepository - STEP DURATION: 302s
19:59:31.846 [main] DEBUG f.i.s.r.process.step.CloneRepository - EXECUTE NEXT STEP
19:59:31.847 [main] DEBUG f.i.s.r.p.s.c.CheckoutPatchedBuild - ----------------------------------------------------------------------
19:59:31.847 [main] DEBUG f.i.s.r.p.s.c.CheckoutPatchedBuild - STEP 2/22: CheckoutPatchedBuildCandidate
19:59:31.847 [main] DEBUG f.i.s.r.p.s.c.CheckoutPatchedBuild - ----------------------------------------------------------------------
19:59:31.848 [main] DEBUG f.i.s.r.p.s.c.CheckoutPatchedBuild - Checking out patched build candidate...
19:59:31.882 [main] ERROR f.i.s.r.p.s.c.CheckoutPatchedBuild - Error while testing commit: org.eclipse.jgit.errors.MissingObjectException: Missing unknown 74e5865560b44ec319144fbfc5f4dd530e6d2065
19:59:31.883 [main] ERROR f.i.s.r.p.s.c.CheckoutPatchedBuild - Error while getting the commit to checkout from the repo.
19:59:31.884 [main] DEBUG f.i.s.r.p.s.c.CheckoutPatchedBuild - STEP STATUS: [ CheckoutPatchedBuildCandidate : FAILURE ( BUILDNOTCHECKEDOUT ) ]
19:59:31.884 [main] DEBUG f.i.s.r.p.s.c.CheckoutPatchedBuild - STEP DURATION: 0s
19:59:31.885 [main] DEBUG f.i.s.r.p.s.c.CheckoutPatchedBuild - TERMINATE PIPELINE
19:59:31.885 [main] DEBUG f.i.s.r.p.s.c.CheckoutPatchedBuild - FINAL STEPS SKIPPED: The reproduction of the bug and/or the patch failed.
19:59:31.885 [main] INFO  f.i.s.r.p.s.c.CheckoutPatchedBuild - Serialize all data for the pair of builds 335941990, 335999955
19:59:32.322 [main] INFO  fr.inria.jtravis.JTravis - GitHub ratelimit: Limit: 5000 Remaining: 4484 Reset hour: 19:22:42
19:59:32.921 [main] INFO  f.i.s.r.p.i.ProjectInspector - ----------------------------------------------------------------------
19:59:32.922 [main] INFO  f.i.s.r.p.i.ProjectInspector - PIPELINE EXECUTION SUMMARY
19:59:32.922 [main] INFO  f.i.s.r.p.i.ProjectInspector - ----------------------------------------------------------------------
19:59:32.922 [main] INFO  f.i.s.r.p.i.ProjectInspector - CloneRepository......................................SUCCESS [ 302 s ]
19:59:32.922 [main] INFO  f.i.s.r.p.i.ProjectInspector - CheckoutPatchedBuildCandidate........................FAILURE [   0 s ]
19:59:32.922 [main] INFO  f.i.s.r.p.i.ProjectInspector - ComputeSourceDir.....................................NOT RUN          
19:59:32.922 [main] INFO  f.i.s.r.p.i.ProjectInspector - ComputeTestDir.......................................NOT RUN          
19:59:32.923 [main] INFO  f.i.s.r.p.i.ProjectInspector - CheckoutBuggyBuildCandidateSourceCode................NOT RUN          
19:59:32.923 [main] INFO  f.i.s.r.p.i.ProjectInspector - BuildProjectBuggyBuildCandidateSourceCode............NOT RUN          
19:59:32.923 [main] INFO  f.i.s.r.p.i.ProjectInspector - TestProjectBuggyBuildCandidateSourceCode.............NOT RUN          
19:59:32.923 [main] INFO  f.i.s.r.p.i.ProjectInspector - GatherTestInformationBuggyBuildCandidateSourceCode...NOT RUN          
19:59:32.923 [main] INFO  f.i.s.r.p.i.ProjectInspector - CheckoutBuggyBuildTestCode...........................NOT RUN          
19:59:32.924 [main] INFO  f.i.s.r.p.i.ProjectInspector - InitRepoToPush.......................................NOT RUN          
19:59:32.924 [main] INFO  f.i.s.r.p.i.ProjectInspector - ComputeClasspath.....................................NOT RUN          
19:59:32.924 [main] INFO  f.i.s.r.p.i.ProjectInspector - ComputeModules.......................................NOT RUN          
19:59:32.924 [main] INFO  f.i.s.r.p.i.ProjectInspector - CheckoutBuggyBuildCandidateSourceCode................NOT RUN          
19:59:32.924 [main] INFO  f.i.s.r.p.i.ProjectInspector - CommitChangedTests...................................NOT RUN          
19:59:32.924 [main] INFO  f.i.s.r.p.i.ProjectInspector - CheckoutPatchedBuildCandidate........................NOT RUN          
19:59:32.924 [main] INFO  f.i.s.r.p.i.ProjectInspector - BuildProjectPatchedBuildCandidate....................NOT RUN          
19:59:32.925 [main] INFO  f.i.s.r.p.i.ProjectInspector - TestProjectPatchedBuildCandidate.....................NOT RUN          
19:59:32.925 [main] INFO  f.i.s.r.p.i.ProjectInspector - GatherTestInformationPatchedBuildCandidate...........NOT RUN          
19:59:32.925 [main] INFO  f.i.s.r.p.i.ProjectInspector - CommitPatch..........................................NOT RUN          
19:59:32.925 [main] INFO  f.i.s.r.p.i.ProjectInspector - WritePropertyFile....................................NOT RUN          
19:59:32.925 [main] INFO  f.i.s.r.p.i.ProjectInspector - CommitProcessEnd.....................................NOT RUN          
19:59:32.925 [main] INFO  f.i.s.r.p.i.ProjectInspector - PushProcessEnd.......................................NOT RUN          
19:59:32.925 [main] INFO  f.i.s.r.p.i.ProjectInspector - ----------------------------------------------------------------------
19:59:32.926 [main] INFO  f.i.s.r.p.i.ProjectInspector - PIPELINE FINDING: BUILDNOTCHECKEDOUT
19:59:32.926 [main] INFO  f.i.s.r.p.i.ProjectInspector - ----------------------------------------------------------------------
19:59:32.926 [main] INFO  f.i.s.repairnator.pipeline.Launcher - Inspector is finished. The process will exit now.
