20:25:31.736 [main] INFO  f.i.s.repairnator.pipeline.Launcher - PIPELINE VERSION: 3.0-2018-08-09 19:04
20:25:31.925 [main] INFO  f.i.s.repairnator.pipeline.Launcher - The pipeline will try to reproduce a bug from build 336780462 and its corresponding patch from build 336784639
20:25:31.926 [main] INFO  f.i.s.repairnator.pipeline.Launcher - Initialize file serializer engines.
20:25:31.929 [main] INFO  f.i.s.repairnator.pipeline.Launcher - MongoDB won't be used for serialization.
20:25:31.929 [main] INFO  f.i.s.repairnator.pipeline.Launcher - The email notifier engine won't be used.
20:25:31.934 [main] INFO  f.i.s.repairnator.pipeline.Launcher - Start by getting the build (buildId: 336780462) with the following config: RepairnatorConfig{runId='115b89a2-5f2f-4a9f-a894-a9ee1a0dcd59_02-18-week1-PASSING_AND_PASSING', launcherMode=BEARS, serializeJson=true, inputPath='null', outputPath='/var/log', mongodbHost='null', mongodbName='repairnator', smtpServer='null', notifyTo=[], notifyEndProcess=false, push=true, pushRemoteRepo='https://github.com/fermadeiral/bears-collection-pp', fork=false, lookFromDate=null, lookToDate=null, buildId=336780462, z3solverPath='./z3_for_linux', workspacePath='./workspace', githubToken='c8a341a903[...]', dockerImageName='null', skipDelete=false, createOutputDir=false, logDirectory='null', nbThreads=0, globalTimeout=0, whiteList=null, blackList=null, jobSleepTime=0, buildSleepTime=0, maxInspectedBuilds=0, duration=null, humanPatch=false, repository='null', clean=true, bearsMode=BOTH, bearsDelimiter = false, repairTools=NopolAllTests,NPEFix,AssertFixer,AstorJGenProg,AstorJKali,NopolSingleTest,AstorJMut,NopolTestExclusionStrategy, githubUserName= fermadeiral, githubUserEmail=fer.madeiral@gmail.com}
20:25:33.425 [main] DEBUG fr.inria.jtravis.helpers.BuildHelper - Get request to :https://api.travis-ci.org/build/336780462 done after 903 ms
20:25:33.710 [main] DEBUG fr.inria.jtravis.helpers.BuildHelper - Get request to :https://api.travis-ci.org/build/336784639 done after 142 ms
20:25:33.731 [main] INFO  f.i.s.repairnator.pipeline.Launcher - The patched build (336784639) was successfully retrieved from Travis.
20:25:35.117 [main] INFO  fr.inria.jtravis.JTravis - GitHub ratelimit: Limit: 5000 Remaining: 4964 Reset hour: 19:22:45
20:25:35.410 [main] INFO  f.i.s.r.p.i.ProjectInspector - ----------------------------------------------------------------------
20:25:35.411 [main] INFO  f.i.s.r.p.i.ProjectInspector - PIPELINE STEPS
20:25:35.412 [main] INFO  f.i.s.r.p.i.ProjectInspector - ----------------------------------------------------------------------
20:25:35.412 [main] INFO  f.i.s.r.p.i.ProjectInspector - CloneRepository
20:25:35.413 [main] INFO  f.i.s.r.p.i.ProjectInspector - CheckoutPatchedBuildCandidate
20:25:35.413 [main] INFO  f.i.s.r.p.i.ProjectInspector - ComputeSourceDir
20:25:35.413 [main] INFO  f.i.s.r.p.i.ProjectInspector - ComputeTestDir
20:25:35.414 [main] INFO  f.i.s.r.p.i.ProjectInspector - CheckoutBuggyBuildCandidateSourceCode
20:25:35.414 [main] INFO  f.i.s.r.p.i.ProjectInspector - BuildProjectBuggyBuildCandidateSourceCode
20:25:35.415 [main] INFO  f.i.s.r.p.i.ProjectInspector - TestProjectBuggyBuildCandidateSourceCode
20:25:35.415 [main] INFO  f.i.s.r.p.i.ProjectInspector - GatherTestInformationBuggyBuildCandidateSourceCode
20:25:35.415 [main] INFO  f.i.s.r.p.i.ProjectInspector - CheckoutBuggyBuildTestCode
20:25:35.416 [main] INFO  f.i.s.r.p.i.ProjectInspector - InitRepoToPush
20:25:35.417 [main] INFO  f.i.s.r.p.i.ProjectInspector - ComputeClasspath
20:25:35.417 [main] INFO  f.i.s.r.p.i.ProjectInspector - ComputeModules
20:25:35.417 [main] INFO  f.i.s.r.p.i.ProjectInspector - CheckoutBuggyBuildCandidateSourceCode
20:25:35.418 [main] INFO  f.i.s.r.p.i.ProjectInspector - CommitChangedTests
20:25:35.418 [main] INFO  f.i.s.r.p.i.ProjectInspector - CheckoutPatchedBuildCandidate
20:25:35.418 [main] INFO  f.i.s.r.p.i.ProjectInspector - BuildProjectPatchedBuildCandidate
20:25:35.419 [main] INFO  f.i.s.r.p.i.ProjectInspector - TestProjectPatchedBuildCandidate
20:25:35.419 [main] INFO  f.i.s.r.p.i.ProjectInspector - GatherTestInformationPatchedBuildCandidate
20:25:35.420 [main] INFO  f.i.s.r.p.i.ProjectInspector - CommitPatch
20:25:35.421 [main] INFO  f.i.s.r.p.i.ProjectInspector - WritePropertyFile
20:25:35.422 [main] INFO  f.i.s.r.p.i.ProjectInspector - CommitProcessEnd
20:25:35.423 [main] INFO  f.i.s.r.p.i.ProjectInspector - PushProcessEnd
20:25:35.424 [main] DEBUG f.i.s.r.process.step.CloneRepository - ----------------------------------------------------------------------
20:25:35.425 [main] DEBUG f.i.s.r.process.step.CloneRepository - STEP 1/22: CloneRepository
20:25:35.426 [main] DEBUG f.i.s.r.process.step.CloneRepository - ----------------------------------------------------------------------
20:25:35.426 [main] DEBUG f.i.s.r.process.step.CloneRepository - Cloning repository linkedin/pinot in the following directory: ./workspace/linkedin/pinot/336780462
20:26:10.126 [main] DEBUG f.i.s.r.process.step.CloneRepository - STEP STATUS: [ CloneRepository : SUCCESS ]
20:26:10.126 [main] DEBUG f.i.s.r.process.step.CloneRepository - STEP DURATION: 34s
20:26:10.127 [main] DEBUG f.i.s.r.process.step.CloneRepository - EXECUTE NEXT STEP
20:26:10.127 [main] DEBUG f.i.s.r.p.s.c.CheckoutPatchedBuild - ----------------------------------------------------------------------
20:26:10.127 [main] DEBUG f.i.s.r.p.s.c.CheckoutPatchedBuild - STEP 2/22: CheckoutPatchedBuildCandidate
20:26:10.127 [main] DEBUG f.i.s.r.p.s.c.CheckoutPatchedBuild - ----------------------------------------------------------------------
20:26:10.127 [main] DEBUG f.i.s.r.p.s.c.CheckoutPatchedBuild - Checking out patched build candidate...
20:26:10.445 [main] INFO  fr.inria.jtravis.JTravis - GitHub ratelimit: Limit: 5000 Remaining: 4963 Reset hour: 19:22:45
20:26:14.490 [main] DEBUG f.i.s.r.p.s.c.CheckoutPatchedBuild - Reproduce the PR for linkedin/pinot by fetching remote branch and merging.
20:26:15.575 [main] ERROR f.i.s.r.p.s.c.CheckoutPatchedBuild - Error while testing commit: org.eclipse.jgit.errors.MissingObjectException: Missing unknown 3bf177080e7ac87b2f2884492d97590b1e279b3b
20:26:15.576 [main] ERROR f.i.s.r.p.s.c.CheckoutPatchedBuild - Commit head ref cannot be retrieved from the repository: 3bf177080e7ac87b2f2884492d97590b1e279b3b. Operation aborted.
20:26:15.577 [main] ERROR f.i.s.r.p.s.c.CheckoutPatchedBuild - Error while merging two commits to reproduce the PR.
20:26:15.578 [main] DEBUG f.i.s.r.p.s.c.CheckoutPatchedBuild - STEP STATUS: [ CheckoutPatchedBuildCandidate : FAILURE ( BUILDNOTCHECKEDOUT ) ]
20:26:15.578 [main] DEBUG f.i.s.r.p.s.c.CheckoutPatchedBuild - STEP DURATION: 5s
20:26:15.578 [main] DEBUG f.i.s.r.p.s.c.CheckoutPatchedBuild - TERMINATE PIPELINE
20:26:15.578 [main] DEBUG f.i.s.r.p.s.c.CheckoutPatchedBuild - FINAL STEPS SKIPPED: The reproduction of the bug and/or the patch failed.
20:26:15.579 [main] INFO  f.i.s.r.p.s.c.CheckoutPatchedBuild - Serialize all data for the pair of builds 336780462, 336784639
20:26:15.695 [main] INFO  fr.inria.jtravis.JTravis - GitHub ratelimit: Limit: 5000 Remaining: 4956 Reset hour: 19:22:45
20:26:16.841 [main] INFO  f.i.s.r.p.i.ProjectInspector - ----------------------------------------------------------------------
20:26:16.842 [main] INFO  f.i.s.r.p.i.ProjectInspector - PIPELINE EXECUTION SUMMARY
20:26:16.842 [main] INFO  f.i.s.r.p.i.ProjectInspector - ----------------------------------------------------------------------
20:26:16.842 [main] INFO  f.i.s.r.p.i.ProjectInspector - CloneRepository.......................................SUCCESS [ 34 s ]
20:26:16.842 [main] INFO  f.i.s.r.p.i.ProjectInspector - CheckoutPatchedBuildCandidate.........................FAILURE [  5 s ]
20:26:16.843 [main] INFO  f.i.s.r.p.i.ProjectInspector - ComputeSourceDir......................................NOT RUN         
20:26:16.843 [main] INFO  f.i.s.r.p.i.ProjectInspector - ComputeTestDir........................................NOT RUN         
20:26:16.845 [main] INFO  f.i.s.r.p.i.ProjectInspector - CheckoutBuggyBuildCandidateSourceCode.................NOT RUN         
20:26:16.845 [main] INFO  f.i.s.r.p.i.ProjectInspector - BuildProjectBuggyBuildCandidateSourceCode.............NOT RUN         
20:26:16.845 [main] INFO  f.i.s.r.p.i.ProjectInspector - TestProjectBuggyBuildCandidateSourceCode..............NOT RUN         
20:26:16.846 [main] INFO  f.i.s.r.p.i.ProjectInspector - GatherTestInformationBuggyBuildCandidateSourceCode....NOT RUN         
20:26:16.846 [main] INFO  f.i.s.r.p.i.ProjectInspector - CheckoutBuggyBuildTestCode............................NOT RUN         
20:26:16.846 [main] INFO  f.i.s.r.p.i.ProjectInspector - InitRepoToPush........................................NOT RUN         
20:26:16.846 [main] INFO  f.i.s.r.p.i.ProjectInspector - ComputeClasspath......................................NOT RUN         
20:26:16.846 [main] INFO  f.i.s.r.p.i.ProjectInspector - ComputeModules........................................NOT RUN         
20:26:16.847 [main] INFO  f.i.s.r.p.i.ProjectInspector - CheckoutBuggyBuildCandidateSourceCode.................NOT RUN         
20:26:16.847 [main] INFO  f.i.s.r.p.i.ProjectInspector - CommitChangedTests....................................NOT RUN         
20:26:16.847 [main] INFO  f.i.s.r.p.i.ProjectInspector - CheckoutPatchedBuildCandidate.........................NOT RUN         
20:26:16.847 [main] INFO  f.i.s.r.p.i.ProjectInspector - BuildProjectPatchedBuildCandidate.....................NOT RUN         
20:26:16.848 [main] INFO  f.i.s.r.p.i.ProjectInspector - TestProjectPatchedBuildCandidate......................NOT RUN         
20:26:16.848 [main] INFO  f.i.s.r.p.i.ProjectInspector - GatherTestInformationPatchedBuildCandidate............NOT RUN         
20:26:16.848 [main] INFO  f.i.s.r.p.i.ProjectInspector - CommitPatch...........................................NOT RUN         
20:26:16.848 [main] INFO  f.i.s.r.p.i.ProjectInspector - WritePropertyFile.....................................NOT RUN         
20:26:16.848 [main] INFO  f.i.s.r.p.i.ProjectInspector - CommitProcessEnd......................................NOT RUN         
20:26:16.849 [main] INFO  f.i.s.r.p.i.ProjectInspector - PushProcessEnd........................................NOT RUN         
20:26:16.849 [main] INFO  f.i.s.r.p.i.ProjectInspector - ----------------------------------------------------------------------
20:26:16.849 [main] INFO  f.i.s.r.p.i.ProjectInspector - PIPELINE FINDING: BUILDNOTCHECKEDOUT
20:26:16.849 [main] INFO  f.i.s.r.p.i.ProjectInspector - ----------------------------------------------------------------------
20:26:16.849 [main] INFO  f.i.s.repairnator.pipeline.Launcher - Inspector is finished. The process will exit now.
