19:45:58.804 [main] INFO  f.i.s.repairnator.pipeline.Launcher - PIPELINE VERSION: 3.0-2018-08-09 19:04
19:45:58.932 [main] INFO  f.i.s.repairnator.pipeline.Launcher - The pipeline will try to reproduce a bug from build 333636818 and its corresponding patch from build 337837376
19:45:58.932 [main] INFO  f.i.s.repairnator.pipeline.Launcher - Initialize file serializer engines.
19:45:58.934 [main] INFO  f.i.s.repairnator.pipeline.Launcher - MongoDB won't be used for serialization.
19:45:58.934 [main] INFO  f.i.s.repairnator.pipeline.Launcher - The email notifier engine won't be used.
19:45:58.937 [main] INFO  f.i.s.repairnator.pipeline.Launcher - Start by getting the build (buildId: 333636818) with the following config: RepairnatorConfig{runId='115b89a2-5f2f-4a9f-a894-a9ee1a0dcd59_02-18-week1-PASSING_AND_PASSING', launcherMode=BEARS, serializeJson=true, inputPath='null', outputPath='/var/log', mongodbHost='null', mongodbName='repairnator', smtpServer='null', notifyTo=[], notifyEndProcess=false, push=true, pushRemoteRepo='https://github.com/fermadeiral/bears-collection-pp', fork=false, lookFromDate=null, lookToDate=null, buildId=333636818, z3solverPath='./z3_for_linux', workspacePath='./workspace', githubToken='c8a341a903[...]', dockerImageName='null', skipDelete=false, createOutputDir=false, logDirectory='null', nbThreads=0, globalTimeout=0, whiteList=null, blackList=null, jobSleepTime=0, buildSleepTime=0, maxInspectedBuilds=0, duration=null, humanPatch=false, repository='null', clean=true, bearsMode=BOTH, bearsDelimiter = false, repairTools=NopolAllTests,NPEFix,AssertFixer,AstorJGenProg,AstorJKali,NopolSingleTest,AstorJMut,NopolTestExclusionStrategy, githubUserName= fermadeiral, githubUserEmail=fer.madeiral@gmail.com}
19:46:00.719 [main] DEBUG fr.inria.jtravis.helpers.BuildHelper - Get request to :https://api.travis-ci.org/build/333636818 done after 1363 ms
19:46:01.023 [main] DEBUG fr.inria.jtravis.helpers.BuildHelper - Get request to :https://api.travis-ci.org/build/337837376 done after 140 ms
19:46:01.052 [main] INFO  f.i.s.repairnator.pipeline.Launcher - The patched build (337837376) was successfully retrieved from Travis.
19:46:02.597 [main] INFO  fr.inria.jtravis.JTravis - GitHub ratelimit: Limit: 5000 Remaining: 4560 Reset hour: 19:22:42
19:46:02.839 [main] INFO  f.i.s.r.p.i.ProjectInspector - ----------------------------------------------------------------------
19:46:02.839 [main] INFO  f.i.s.r.p.i.ProjectInspector - PIPELINE STEPS
19:46:02.840 [main] INFO  f.i.s.r.p.i.ProjectInspector - ----------------------------------------------------------------------
19:46:02.840 [main] INFO  f.i.s.r.p.i.ProjectInspector - CloneRepository
19:46:02.840 [main] INFO  f.i.s.r.p.i.ProjectInspector - CheckoutPatchedBuildCandidate
19:46:02.840 [main] INFO  f.i.s.r.p.i.ProjectInspector - ComputeSourceDir
19:46:02.840 [main] INFO  f.i.s.r.p.i.ProjectInspector - ComputeTestDir
19:46:02.840 [main] INFO  f.i.s.r.p.i.ProjectInspector - CheckoutBuggyBuildCandidateSourceCode
19:46:02.840 [main] INFO  f.i.s.r.p.i.ProjectInspector - BuildProjectBuggyBuildCandidateSourceCode
19:46:02.841 [main] INFO  f.i.s.r.p.i.ProjectInspector - TestProjectBuggyBuildCandidateSourceCode
19:46:02.841 [main] INFO  f.i.s.r.p.i.ProjectInspector - GatherTestInformationBuggyBuildCandidateSourceCode
19:46:02.841 [main] INFO  f.i.s.r.p.i.ProjectInspector - CheckoutBuggyBuildTestCode
19:46:02.841 [main] INFO  f.i.s.r.p.i.ProjectInspector - InitRepoToPush
19:46:02.841 [main] INFO  f.i.s.r.p.i.ProjectInspector - ComputeClasspath
19:46:02.841 [main] INFO  f.i.s.r.p.i.ProjectInspector - ComputeModules
19:46:02.841 [main] INFO  f.i.s.r.p.i.ProjectInspector - CheckoutBuggyBuildCandidateSourceCode
19:46:02.841 [main] INFO  f.i.s.r.p.i.ProjectInspector - CommitChangedTests
19:46:02.842 [main] INFO  f.i.s.r.p.i.ProjectInspector - CheckoutPatchedBuildCandidate
19:46:02.842 [main] INFO  f.i.s.r.p.i.ProjectInspector - BuildProjectPatchedBuildCandidate
19:46:02.842 [main] INFO  f.i.s.r.p.i.ProjectInspector - TestProjectPatchedBuildCandidate
19:46:02.842 [main] INFO  f.i.s.r.p.i.ProjectInspector - GatherTestInformationPatchedBuildCandidate
19:46:02.842 [main] INFO  f.i.s.r.p.i.ProjectInspector - CommitPatch
19:46:02.843 [main] INFO  f.i.s.r.p.i.ProjectInspector - WritePropertyFile
19:46:02.843 [main] INFO  f.i.s.r.p.i.ProjectInspector - CommitProcessEnd
19:46:02.843 [main] INFO  f.i.s.r.p.i.ProjectInspector - PushProcessEnd
19:46:02.843 [main] DEBUG f.i.s.r.process.step.CloneRepository - ----------------------------------------------------------------------
19:46:02.843 [main] DEBUG f.i.s.r.process.step.CloneRepository - STEP 1/22: CloneRepository
19:46:02.843 [main] DEBUG f.i.s.r.process.step.CloneRepository - ----------------------------------------------------------------------
19:46:02.844 [main] DEBUG f.i.s.r.process.step.CloneRepository - Cloning repository CorfuDB/CorfuDB in the following directory: ./workspace/CorfuDB/CorfuDB/333636818
19:50:30.602 [main] DEBUG f.i.s.r.process.step.CloneRepository - STEP STATUS: [ CloneRepository : SUCCESS ]
19:50:30.603 [main] DEBUG f.i.s.r.process.step.CloneRepository - STEP DURATION: 267s
19:50:30.603 [main] DEBUG f.i.s.r.process.step.CloneRepository - EXECUTE NEXT STEP
19:50:30.604 [main] DEBUG f.i.s.r.p.s.c.CheckoutPatchedBuild - ----------------------------------------------------------------------
19:50:30.604 [main] DEBUG f.i.s.r.p.s.c.CheckoutPatchedBuild - STEP 2/22: CheckoutPatchedBuildCandidate
19:50:30.604 [main] DEBUG f.i.s.r.p.s.c.CheckoutPatchedBuild - ----------------------------------------------------------------------
19:50:30.604 [main] DEBUG f.i.s.r.p.s.c.CheckoutPatchedBuild - Checking out patched build candidate...
19:50:31.036 [main] INFO  fr.inria.jtravis.JTravis - GitHub ratelimit: Limit: 5000 Remaining: 4536 Reset hour: 19:22:42
19:50:32.855 [main] DEBUG f.i.s.r.p.s.c.CheckoutPatchedBuild - Reproduce the PR for CorfuDB/CorfuDB by fetching remote branch and merging.
19:50:34.075 [main] ERROR f.i.s.r.p.s.c.CheckoutPatchedBuild - Error while testing commit: org.eclipse.jgit.errors.MissingObjectException: Missing unknown a1322e4ee9896a50a6abb49f527e918cc713ebb9
19:50:34.076 [main] ERROR f.i.s.r.p.s.c.CheckoutPatchedBuild - Commit head ref cannot be retrieved from the repository: a1322e4ee9896a50a6abb49f527e918cc713ebb9. Operation aborted.
19:50:34.076 [main] ERROR f.i.s.r.p.s.c.CheckoutPatchedBuild - Error while merging two commits to reproduce the PR.
19:50:34.077 [main] DEBUG f.i.s.r.p.s.c.CheckoutPatchedBuild - STEP STATUS: [ CheckoutPatchedBuildCandidate : FAILURE ( BUILDNOTCHECKEDOUT ) ]
19:50:34.077 [main] DEBUG f.i.s.r.p.s.c.CheckoutPatchedBuild - STEP DURATION: 3s
19:50:34.077 [main] DEBUG f.i.s.r.p.s.c.CheckoutPatchedBuild - TERMINATE PIPELINE
19:50:34.078 [main] DEBUG f.i.s.r.p.s.c.CheckoutPatchedBuild - FINAL STEPS SKIPPED: The reproduction of the bug and/or the patch failed.
19:50:34.078 [main] INFO  f.i.s.r.p.s.c.CheckoutPatchedBuild - Serialize all data for the pair of builds 333636818, 337837376
19:50:34.186 [main] INFO  fr.inria.jtravis.JTravis - GitHub ratelimit: Limit: 5000 Remaining: 4529 Reset hour: 19:22:42
19:50:34.777 [main] INFO  f.i.s.r.p.i.ProjectInspector - ----------------------------------------------------------------------
19:50:34.777 [main] INFO  f.i.s.r.p.i.ProjectInspector - PIPELINE EXECUTION SUMMARY
19:50:34.778 [main] INFO  f.i.s.r.p.i.ProjectInspector - ----------------------------------------------------------------------
19:50:34.778 [main] INFO  f.i.s.r.p.i.ProjectInspector - CloneRepository......................................SUCCESS [ 267 s ]
19:50:34.778 [main] INFO  f.i.s.r.p.i.ProjectInspector - CheckoutPatchedBuildCandidate........................FAILURE [   3 s ]
19:50:34.779 [main] INFO  f.i.s.r.p.i.ProjectInspector - ComputeSourceDir.....................................NOT RUN          
19:50:34.779 [main] INFO  f.i.s.r.p.i.ProjectInspector - ComputeTestDir.......................................NOT RUN          
19:50:34.779 [main] INFO  f.i.s.r.p.i.ProjectInspector - CheckoutBuggyBuildCandidateSourceCode................NOT RUN          
19:50:34.780 [main] INFO  f.i.s.r.p.i.ProjectInspector - BuildProjectBuggyBuildCandidateSourceCode............NOT RUN          
19:50:34.780 [main] INFO  f.i.s.r.p.i.ProjectInspector - TestProjectBuggyBuildCandidateSourceCode.............NOT RUN          
19:50:34.780 [main] INFO  f.i.s.r.p.i.ProjectInspector - GatherTestInformationBuggyBuildCandidateSourceCode...NOT RUN          
19:50:34.780 [main] INFO  f.i.s.r.p.i.ProjectInspector - CheckoutBuggyBuildTestCode...........................NOT RUN          
19:50:34.780 [main] INFO  f.i.s.r.p.i.ProjectInspector - InitRepoToPush.......................................NOT RUN          
19:50:34.781 [main] INFO  f.i.s.r.p.i.ProjectInspector - ComputeClasspath.....................................NOT RUN          
19:50:34.781 [main] INFO  f.i.s.r.p.i.ProjectInspector - ComputeModules.......................................NOT RUN          
19:50:34.781 [main] INFO  f.i.s.r.p.i.ProjectInspector - CheckoutBuggyBuildCandidateSourceCode................NOT RUN          
19:50:34.781 [main] INFO  f.i.s.r.p.i.ProjectInspector - CommitChangedTests...................................NOT RUN          
19:50:34.781 [main] INFO  f.i.s.r.p.i.ProjectInspector - CheckoutPatchedBuildCandidate........................NOT RUN          
19:50:34.782 [main] INFO  f.i.s.r.p.i.ProjectInspector - BuildProjectPatchedBuildCandidate....................NOT RUN          
19:50:34.782 [main] INFO  f.i.s.r.p.i.ProjectInspector - TestProjectPatchedBuildCandidate.....................NOT RUN          
19:50:34.782 [main] INFO  f.i.s.r.p.i.ProjectInspector - GatherTestInformationPatchedBuildCandidate...........NOT RUN          
19:50:34.783 [main] INFO  f.i.s.r.p.i.ProjectInspector - CommitPatch..........................................NOT RUN          
19:50:34.783 [main] INFO  f.i.s.r.p.i.ProjectInspector - WritePropertyFile....................................NOT RUN          
19:50:34.783 [main] INFO  f.i.s.r.p.i.ProjectInspector - CommitProcessEnd.....................................NOT RUN          
19:50:34.783 [main] INFO  f.i.s.r.p.i.ProjectInspector - PushProcessEnd.......................................NOT RUN          
19:50:34.784 [main] INFO  f.i.s.r.p.i.ProjectInspector - ----------------------------------------------------------------------
19:50:34.784 [main] INFO  f.i.s.r.p.i.ProjectInspector - PIPELINE FINDING: BUILDNOTCHECKEDOUT
19:50:34.784 [main] INFO  f.i.s.r.p.i.ProjectInspector - ----------------------------------------------------------------------
19:50:34.784 [main] INFO  f.i.s.repairnator.pipeline.Launcher - Inspector is finished. The process will exit now.
