23:20:40.608 [main] INFO  f.i.s.repairnator.pipeline.Launcher - PIPELINE VERSION: 3.0-2018-08-09 19:04
23:20:40.764 [main] INFO  f.i.s.repairnator.pipeline.Launcher - The pipeline will try to reproduce a bug from build 337054767 and its corresponding patch from build 337055065
23:20:40.765 [main] INFO  f.i.s.repairnator.pipeline.Launcher - Initialize file serializer engines.
23:20:40.771 [main] INFO  f.i.s.repairnator.pipeline.Launcher - MongoDB won't be used for serialization.
23:20:40.771 [main] INFO  f.i.s.repairnator.pipeline.Launcher - The email notifier engine won't be used.
23:20:40.775 [main] INFO  f.i.s.repairnator.pipeline.Launcher - Start by getting the build (buildId: 337054767) with the following config: RepairnatorConfig{runId='115b89a2-5f2f-4a9f-a894-a9ee1a0dcd59_02-18-week1-PASSING_AND_PASSING', launcherMode=BEARS, serializeJson=true, inputPath='null', outputPath='/var/log', mongodbHost='null', mongodbName='repairnator', smtpServer='null', notifyTo=[], notifyEndProcess=false, push=true, pushRemoteRepo='https://github.com/fermadeiral/bears-collection-pp', fork=false, lookFromDate=null, lookToDate=null, buildId=337054767, z3solverPath='./z3_for_linux', workspacePath='./workspace', githubToken='c8a341a903[...]', dockerImageName='null', skipDelete=false, createOutputDir=false, logDirectory='null', nbThreads=0, globalTimeout=0, whiteList=null, blackList=null, jobSleepTime=0, buildSleepTime=0, maxInspectedBuilds=0, duration=null, humanPatch=false, repository='null', clean=true, bearsMode=BOTH, bearsDelimiter = false, repairTools=NopolAllTests,NPEFix,AssertFixer,AstorJGenProg,AstorJKali,NopolSingleTest,AstorJMut,NopolTestExclusionStrategy, githubUserName= fermadeiral, githubUserEmail=fer.madeiral@gmail.com}
23:20:42.211 [main] DEBUG fr.inria.jtravis.helpers.BuildHelper - Get request to :https://api.travis-ci.org/build/337054767 done after 852 ms
23:20:42.470 [main] DEBUG fr.inria.jtravis.helpers.BuildHelper - Get request to :https://api.travis-ci.org/build/337055065 done after 140 ms
23:20:42.489 [main] INFO  f.i.s.repairnator.pipeline.Launcher - The patched build (337055065) was successfully retrieved from Travis.
23:20:43.751 [main] INFO  fr.inria.jtravis.JTravis - GitHub ratelimit: Limit: 5000 Remaining: 4776 Reset hour: 19:22:52
23:20:44.017 [main] INFO  f.i.s.r.p.i.ProjectInspector - ----------------------------------------------------------------------
23:20:44.018 [main] INFO  f.i.s.r.p.i.ProjectInspector - PIPELINE STEPS
23:20:44.019 [main] INFO  f.i.s.r.p.i.ProjectInspector - ----------------------------------------------------------------------
23:20:44.019 [main] INFO  f.i.s.r.p.i.ProjectInspector - CloneRepository
23:20:44.020 [main] INFO  f.i.s.r.p.i.ProjectInspector - CheckoutPatchedBuildCandidate
23:20:44.020 [main] INFO  f.i.s.r.p.i.ProjectInspector - ComputeSourceDir
23:20:44.021 [main] INFO  f.i.s.r.p.i.ProjectInspector - ComputeTestDir
23:20:44.021 [main] INFO  f.i.s.r.p.i.ProjectInspector - CheckoutBuggyBuildCandidateSourceCode
23:20:44.022 [main] INFO  f.i.s.r.p.i.ProjectInspector - BuildProjectBuggyBuildCandidateSourceCode
23:20:44.023 [main] INFO  f.i.s.r.p.i.ProjectInspector - TestProjectBuggyBuildCandidateSourceCode
23:20:44.023 [main] INFO  f.i.s.r.p.i.ProjectInspector - GatherTestInformationBuggyBuildCandidateSourceCode
23:20:44.024 [main] INFO  f.i.s.r.p.i.ProjectInspector - CheckoutBuggyBuildTestCode
23:20:44.024 [main] INFO  f.i.s.r.p.i.ProjectInspector - InitRepoToPush
23:20:44.025 [main] INFO  f.i.s.r.p.i.ProjectInspector - ComputeClasspath
23:20:44.025 [main] INFO  f.i.s.r.p.i.ProjectInspector - ComputeModules
23:20:44.026 [main] INFO  f.i.s.r.p.i.ProjectInspector - CheckoutBuggyBuildCandidateSourceCode
23:20:44.026 [main] INFO  f.i.s.r.p.i.ProjectInspector - CommitChangedTests
23:20:44.027 [main] INFO  f.i.s.r.p.i.ProjectInspector - CheckoutPatchedBuildCandidate
23:20:44.027 [main] INFO  f.i.s.r.p.i.ProjectInspector - BuildProjectPatchedBuildCandidate
23:20:44.028 [main] INFO  f.i.s.r.p.i.ProjectInspector - TestProjectPatchedBuildCandidate
23:20:44.028 [main] INFO  f.i.s.r.p.i.ProjectInspector - GatherTestInformationPatchedBuildCandidate
23:20:44.029 [main] INFO  f.i.s.r.p.i.ProjectInspector - CommitPatch
23:20:44.029 [main] INFO  f.i.s.r.p.i.ProjectInspector - WritePropertyFile
23:20:44.030 [main] INFO  f.i.s.r.p.i.ProjectInspector - CommitProcessEnd
23:20:44.030 [main] INFO  f.i.s.r.p.i.ProjectInspector - PushProcessEnd
23:20:44.031 [main] DEBUG f.i.s.r.process.step.CloneRepository - ----------------------------------------------------------------------
23:20:44.031 [main] DEBUG f.i.s.r.process.step.CloneRepository - STEP 1/22: CloneRepository
23:20:44.032 [main] DEBUG f.i.s.r.process.step.CloneRepository - ----------------------------------------------------------------------
23:20:44.033 [main] DEBUG f.i.s.r.process.step.CloneRepository - Cloning repository StuPro-TOSCAna/TOSCAna in the following directory: ./workspace/StuPro-TOSCAna/TOSCAna/337054767
23:20:57.752 [main] DEBUG f.i.s.r.process.step.CloneRepository - STEP STATUS: [ CloneRepository : SUCCESS ]
23:20:57.752 [main] DEBUG f.i.s.r.process.step.CloneRepository - STEP DURATION: 13s
23:20:57.753 [main] DEBUG f.i.s.r.process.step.CloneRepository - EXECUTE NEXT STEP
23:20:57.753 [main] DEBUG f.i.s.r.p.s.c.CheckoutPatchedBuild - ----------------------------------------------------------------------
23:20:57.753 [main] DEBUG f.i.s.r.p.s.c.CheckoutPatchedBuild - STEP 2/22: CheckoutPatchedBuildCandidate
23:20:57.754 [main] DEBUG f.i.s.r.p.s.c.CheckoutPatchedBuild - ----------------------------------------------------------------------
23:20:57.754 [main] DEBUG f.i.s.r.p.s.c.CheckoutPatchedBuild - Checking out patched build candidate...
23:20:58.101 [main] INFO  fr.inria.jtravis.JTravis - GitHub ratelimit: Limit: 5000 Remaining: 4775 Reset hour: 19:22:52
23:21:00.497 [main] DEBUG f.i.s.r.p.s.c.CheckoutPatchedBuild - Reproduce the PR for StuPro-TOSCAna/TOSCAna by fetching remote branch and merging.
23:21:00.650 [main] ERROR f.i.s.r.p.s.c.CheckoutPatchedBuild - Error while testing commit: org.eclipse.jgit.errors.MissingObjectException: Missing unknown 7901ffcb4a53bafe66126b26077f4297184cc319
23:21:00.651 [main] ERROR f.i.s.r.p.s.c.CheckoutPatchedBuild - Commit head ref cannot be retrieved from the repository: 7901ffcb4a53bafe66126b26077f4297184cc319. Operation aborted.
23:21:00.652 [main] ERROR f.i.s.r.p.s.c.CheckoutPatchedBuild - Error while merging two commits to reproduce the PR.
23:21:00.653 [main] DEBUG f.i.s.r.p.s.c.CheckoutPatchedBuild - STEP STATUS: [ CheckoutPatchedBuildCandidate : FAILURE ( BUILDNOTCHECKEDOUT ) ]
23:21:00.653 [main] DEBUG f.i.s.r.p.s.c.CheckoutPatchedBuild - STEP DURATION: 2s
23:21:00.653 [main] DEBUG f.i.s.r.p.s.c.CheckoutPatchedBuild - TERMINATE PIPELINE
23:21:00.653 [main] DEBUG f.i.s.r.p.s.c.CheckoutPatchedBuild - FINAL STEPS SKIPPED: The reproduction of the bug and/or the patch failed.
23:21:00.654 [main] INFO  f.i.s.r.p.s.c.CheckoutPatchedBuild - Serialize all data for the pair of builds 337054767, 337055065
23:21:00.777 [main] INFO  fr.inria.jtravis.JTravis - GitHub ratelimit: Limit: 5000 Remaining: 4768 Reset hour: 19:22:52
23:21:01.495 [main] INFO  f.i.s.r.p.i.ProjectInspector - ----------------------------------------------------------------------
23:21:01.496 [main] INFO  f.i.s.r.p.i.ProjectInspector - PIPELINE EXECUTION SUMMARY
23:21:01.497 [main] INFO  f.i.s.r.p.i.ProjectInspector - ----------------------------------------------------------------------
23:21:01.497 [main] INFO  f.i.s.r.p.i.ProjectInspector - CloneRepository.......................................SUCCESS [ 13 s ]
23:21:01.498 [main] INFO  f.i.s.r.p.i.ProjectInspector - CheckoutPatchedBuildCandidate.........................FAILURE [  2 s ]
23:21:01.498 [main] INFO  f.i.s.r.p.i.ProjectInspector - ComputeSourceDir......................................NOT RUN         
23:21:01.499 [main] INFO  f.i.s.r.p.i.ProjectInspector - ComputeTestDir........................................NOT RUN         
23:21:01.502 [main] INFO  f.i.s.r.p.i.ProjectInspector - CheckoutBuggyBuildCandidateSourceCode.................NOT RUN         
23:21:01.502 [main] INFO  f.i.s.r.p.i.ProjectInspector - BuildProjectBuggyBuildCandidateSourceCode.............NOT RUN         
23:21:01.503 [main] INFO  f.i.s.r.p.i.ProjectInspector - TestProjectBuggyBuildCandidateSourceCode..............NOT RUN         
23:21:01.503 [main] INFO  f.i.s.r.p.i.ProjectInspector - GatherTestInformationBuggyBuildCandidateSourceCode....NOT RUN         
23:21:01.504 [main] INFO  f.i.s.r.p.i.ProjectInspector - CheckoutBuggyBuildTestCode............................NOT RUN         
23:21:01.504 [main] INFO  f.i.s.r.p.i.ProjectInspector - InitRepoToPush........................................NOT RUN         
23:21:01.504 [main] INFO  f.i.s.r.p.i.ProjectInspector - ComputeClasspath......................................NOT RUN         
23:21:01.505 [main] INFO  f.i.s.r.p.i.ProjectInspector - ComputeModules........................................NOT RUN         
23:21:01.505 [main] INFO  f.i.s.r.p.i.ProjectInspector - CheckoutBuggyBuildCandidateSourceCode.................NOT RUN         
23:21:01.506 [main] INFO  f.i.s.r.p.i.ProjectInspector - CommitChangedTests....................................NOT RUN         
23:21:01.506 [main] INFO  f.i.s.r.p.i.ProjectInspector - CheckoutPatchedBuildCandidate.........................NOT RUN         
23:21:01.506 [main] INFO  f.i.s.r.p.i.ProjectInspector - BuildProjectPatchedBuildCandidate.....................NOT RUN         
23:21:01.507 [main] INFO  f.i.s.r.p.i.ProjectInspector - TestProjectPatchedBuildCandidate......................NOT RUN         
23:21:01.507 [main] INFO  f.i.s.r.p.i.ProjectInspector - GatherTestInformationPatchedBuildCandidate............NOT RUN         
23:21:01.507 [main] INFO  f.i.s.r.p.i.ProjectInspector - CommitPatch...........................................NOT RUN         
23:21:01.508 [main] INFO  f.i.s.r.p.i.ProjectInspector - WritePropertyFile.....................................NOT RUN         
23:21:01.508 [main] INFO  f.i.s.r.p.i.ProjectInspector - CommitProcessEnd......................................NOT RUN         
23:21:01.509 [main] INFO  f.i.s.r.p.i.ProjectInspector - PushProcessEnd........................................NOT RUN         
23:21:01.509 [main] INFO  f.i.s.r.p.i.ProjectInspector - ----------------------------------------------------------------------
23:21:01.510 [main] INFO  f.i.s.r.p.i.ProjectInspector - PIPELINE FINDING: BUILDNOTCHECKEDOUT
23:21:01.510 [main] INFO  f.i.s.r.p.i.ProjectInspector - ----------------------------------------------------------------------
23:21:01.510 [main] INFO  f.i.s.repairnator.pipeline.Launcher - Inspector is finished. The process will exit now.
