19:44:25.333 [main] INFO  f.i.s.repairnator.pipeline.Launcher - PIPELINE VERSION: 3.0-2018-08-09 19:04
19:44:25.449 [main] INFO  f.i.s.repairnator.pipeline.Launcher - The pipeline will try to reproduce a bug from build 336081774 and its corresponding patch from build 336532571
19:44:25.450 [main] INFO  f.i.s.repairnator.pipeline.Launcher - Initialize file serializer engines.
19:44:25.451 [main] INFO  f.i.s.repairnator.pipeline.Launcher - MongoDB won't be used for serialization.
19:44:25.452 [main] INFO  f.i.s.repairnator.pipeline.Launcher - The email notifier engine won't be used.
19:44:25.454 [main] INFO  f.i.s.repairnator.pipeline.Launcher - Start by getting the build (buildId: 336081774) with the following config: RepairnatorConfig{runId='115b89a2-5f2f-4a9f-a894-a9ee1a0dcd59_02-18-week1-PASSING_AND_PASSING', launcherMode=BEARS, serializeJson=true, inputPath='null', outputPath='/var/log', mongodbHost='null', mongodbName='repairnator', smtpServer='null', notifyTo=[], notifyEndProcess=false, push=true, pushRemoteRepo='https://github.com/fermadeiral/bears-collection-pp', fork=false, lookFromDate=null, lookToDate=null, buildId=336081774, z3solverPath='./z3_for_linux', workspacePath='./workspace', githubToken='c8a341a903[...]', dockerImageName='null', skipDelete=false, createOutputDir=false, logDirectory='null', nbThreads=0, globalTimeout=0, whiteList=null, blackList=null, jobSleepTime=0, buildSleepTime=0, maxInspectedBuilds=0, duration=null, humanPatch=false, repository='null', clean=true, bearsMode=BOTH, bearsDelimiter = false, repairTools=NopolAllTests,NPEFix,AssertFixer,AstorJGenProg,AstorJKali,NopolSingleTest,AstorJMut,NopolTestExclusionStrategy, githubUserName= fermadeiral, githubUserEmail=fer.madeiral@gmail.com}
19:44:26.657 [main] DEBUG fr.inria.jtravis.helpers.BuildHelper - Get request to :https://api.travis-ci.org/build/336081774 done after 755 ms
19:44:26.869 [main] DEBUG fr.inria.jtravis.helpers.BuildHelper - Get request to :https://api.travis-ci.org/build/336532571 done after 130 ms
19:44:26.879 [main] INFO  f.i.s.repairnator.pipeline.Launcher - The patched build (336532571) was successfully retrieved from Travis.
19:44:27.978 [main] INFO  fr.inria.jtravis.JTravis - GitHub ratelimit: Limit: 5000 Remaining: 4669 Reset hour: 19:22:42
19:44:28.232 [main] INFO  f.i.s.r.p.i.ProjectInspector - ----------------------------------------------------------------------
19:44:28.233 [main] INFO  f.i.s.r.p.i.ProjectInspector - PIPELINE STEPS
19:44:28.233 [main] INFO  f.i.s.r.p.i.ProjectInspector - ----------------------------------------------------------------------
19:44:28.233 [main] INFO  f.i.s.r.p.i.ProjectInspector - CloneRepository
19:44:28.233 [main] INFO  f.i.s.r.p.i.ProjectInspector - CheckoutPatchedBuildCandidate
19:44:28.233 [main] INFO  f.i.s.r.p.i.ProjectInspector - ComputeSourceDir
19:44:28.233 [main] INFO  f.i.s.r.p.i.ProjectInspector - ComputeTestDir
19:44:28.234 [main] INFO  f.i.s.r.p.i.ProjectInspector - CheckoutBuggyBuildCandidateSourceCode
19:44:28.234 [main] INFO  f.i.s.r.p.i.ProjectInspector - BuildProjectBuggyBuildCandidateSourceCode
19:44:28.234 [main] INFO  f.i.s.r.p.i.ProjectInspector - TestProjectBuggyBuildCandidateSourceCode
19:44:28.234 [main] INFO  f.i.s.r.p.i.ProjectInspector - GatherTestInformationBuggyBuildCandidateSourceCode
19:44:28.234 [main] INFO  f.i.s.r.p.i.ProjectInspector - CheckoutBuggyBuildTestCode
19:44:28.234 [main] INFO  f.i.s.r.p.i.ProjectInspector - InitRepoToPush
19:44:28.234 [main] INFO  f.i.s.r.p.i.ProjectInspector - ComputeClasspath
19:44:28.234 [main] INFO  f.i.s.r.p.i.ProjectInspector - ComputeModules
19:44:28.235 [main] INFO  f.i.s.r.p.i.ProjectInspector - CheckoutBuggyBuildCandidateSourceCode
19:44:28.235 [main] INFO  f.i.s.r.p.i.ProjectInspector - CommitChangedTests
19:44:28.235 [main] INFO  f.i.s.r.p.i.ProjectInspector - CheckoutPatchedBuildCandidate
19:44:28.235 [main] INFO  f.i.s.r.p.i.ProjectInspector - BuildProjectPatchedBuildCandidate
19:44:28.235 [main] INFO  f.i.s.r.p.i.ProjectInspector - TestProjectPatchedBuildCandidate
19:44:28.235 [main] INFO  f.i.s.r.p.i.ProjectInspector - GatherTestInformationPatchedBuildCandidate
19:44:28.235 [main] INFO  f.i.s.r.p.i.ProjectInspector - CommitPatch
19:44:28.236 [main] INFO  f.i.s.r.p.i.ProjectInspector - WritePropertyFile
19:44:28.236 [main] INFO  f.i.s.r.p.i.ProjectInspector - CommitProcessEnd
19:44:28.236 [main] INFO  f.i.s.r.p.i.ProjectInspector - PushProcessEnd
19:44:28.236 [main] DEBUG f.i.s.r.process.step.CloneRepository - ----------------------------------------------------------------------
19:44:28.236 [main] DEBUG f.i.s.r.process.step.CloneRepository - STEP 1/22: CloneRepository
19:44:28.236 [main] DEBUG f.i.s.r.process.step.CloneRepository - ----------------------------------------------------------------------
19:44:28.237 [main] DEBUG f.i.s.r.process.step.CloneRepository - Cloning repository runelite/runelite in the following directory: ./workspace/runelite/runelite/336081774
19:44:39.152 [main] DEBUG f.i.s.r.process.step.CloneRepository - STEP STATUS: [ CloneRepository : SUCCESS ]
19:44:39.152 [main] DEBUG f.i.s.r.process.step.CloneRepository - STEP DURATION: 10s
19:44:39.153 [main] DEBUG f.i.s.r.process.step.CloneRepository - EXECUTE NEXT STEP
19:44:39.153 [main] DEBUG f.i.s.r.p.s.c.CheckoutPatchedBuild - ----------------------------------------------------------------------
19:44:39.153 [main] DEBUG f.i.s.r.p.s.c.CheckoutPatchedBuild - STEP 2/22: CheckoutPatchedBuildCandidate
19:44:39.153 [main] DEBUG f.i.s.r.p.s.c.CheckoutPatchedBuild - ----------------------------------------------------------------------
19:44:39.154 [main] DEBUG f.i.s.r.p.s.c.CheckoutPatchedBuild - Checking out patched build candidate...
19:44:39.446 [main] INFO  fr.inria.jtravis.JTravis - GitHub ratelimit: Limit: 5000 Remaining: 4658 Reset hour: 19:22:42
19:44:39.852 [main] WARN  f.i.j.helpers.PullRequestHelper - The head repository is null: maybe it has been deleted from GitHub
19:44:39.853 [main] ERROR f.i.s.r.p.s.c.CheckoutPatchedBuild - Error while getting PR information.
19:44:39.854 [main] DEBUG f.i.s.r.p.s.c.CheckoutPatchedBuild - STEP STATUS: [ CheckoutPatchedBuildCandidate : FAILURE ( BUILDNOTCHECKEDOUT ) ]
19:44:39.855 [main] DEBUG f.i.s.r.p.s.c.CheckoutPatchedBuild - STEP DURATION: 0s
19:44:39.855 [main] DEBUG f.i.s.r.p.s.c.CheckoutPatchedBuild - TERMINATE PIPELINE
19:44:39.855 [main] DEBUG f.i.s.r.p.s.c.CheckoutPatchedBuild - FINAL STEPS SKIPPED: The reproduction of the bug and/or the patch failed.
19:44:39.856 [main] INFO  f.i.s.r.p.s.c.CheckoutPatchedBuild - Serialize all data for the pair of builds 336081774, 336532571
19:44:39.967 [main] INFO  fr.inria.jtravis.JTravis - GitHub ratelimit: Limit: 5000 Remaining: 4656 Reset hour: 19:22:42
19:44:40.848 [main] INFO  f.i.s.r.p.i.ProjectInspector - ----------------------------------------------------------------------
19:44:40.848 [main] INFO  f.i.s.r.p.i.ProjectInspector - PIPELINE EXECUTION SUMMARY
19:44:40.848 [main] INFO  f.i.s.r.p.i.ProjectInspector - ----------------------------------------------------------------------
19:44:40.848 [main] INFO  f.i.s.r.p.i.ProjectInspector - CloneRepository.......................................SUCCESS [ 10 s ]
19:44:40.849 [main] INFO  f.i.s.r.p.i.ProjectInspector - CheckoutPatchedBuildCandidate.........................FAILURE [  0 s ]
19:44:40.849 [main] INFO  f.i.s.r.p.i.ProjectInspector - ComputeSourceDir......................................NOT RUN         
19:44:40.849 [main] INFO  f.i.s.r.p.i.ProjectInspector - ComputeTestDir........................................NOT RUN         
19:44:40.849 [main] INFO  f.i.s.r.p.i.ProjectInspector - CheckoutBuggyBuildCandidateSourceCode.................NOT RUN         
19:44:40.849 [main] INFO  f.i.s.r.p.i.ProjectInspector - BuildProjectBuggyBuildCandidateSourceCode.............NOT RUN         
19:44:40.850 [main] INFO  f.i.s.r.p.i.ProjectInspector - TestProjectBuggyBuildCandidateSourceCode..............NOT RUN         
19:44:40.850 [main] INFO  f.i.s.r.p.i.ProjectInspector - GatherTestInformationBuggyBuildCandidateSourceCode....NOT RUN         
19:44:40.850 [main] INFO  f.i.s.r.p.i.ProjectInspector - CheckoutBuggyBuildTestCode............................NOT RUN         
19:44:40.850 [main] INFO  f.i.s.r.p.i.ProjectInspector - InitRepoToPush........................................NOT RUN         
19:44:40.851 [main] INFO  f.i.s.r.p.i.ProjectInspector - ComputeClasspath......................................NOT RUN         
19:44:40.851 [main] INFO  f.i.s.r.p.i.ProjectInspector - ComputeModules........................................NOT RUN         
19:44:40.851 [main] INFO  f.i.s.r.p.i.ProjectInspector - CheckoutBuggyBuildCandidateSourceCode.................NOT RUN         
19:44:40.851 [main] INFO  f.i.s.r.p.i.ProjectInspector - CommitChangedTests....................................NOT RUN         
19:44:40.851 [main] INFO  f.i.s.r.p.i.ProjectInspector - CheckoutPatchedBuildCandidate.........................NOT RUN         
19:44:40.851 [main] INFO  f.i.s.r.p.i.ProjectInspector - BuildProjectPatchedBuildCandidate.....................NOT RUN         
19:44:40.852 [main] INFO  f.i.s.r.p.i.ProjectInspector - TestProjectPatchedBuildCandidate......................NOT RUN         
19:44:40.852 [main] INFO  f.i.s.r.p.i.ProjectInspector - GatherTestInformationPatchedBuildCandidate............NOT RUN         
19:44:40.852 [main] INFO  f.i.s.r.p.i.ProjectInspector - CommitPatch...........................................NOT RUN         
19:44:40.852 [main] INFO  f.i.s.r.p.i.ProjectInspector - WritePropertyFile.....................................NOT RUN         
19:44:40.852 [main] INFO  f.i.s.r.p.i.ProjectInspector - CommitProcessEnd......................................NOT RUN         
19:44:40.853 [main] INFO  f.i.s.r.p.i.ProjectInspector - PushProcessEnd........................................NOT RUN         
19:44:40.853 [main] INFO  f.i.s.r.p.i.ProjectInspector - ----------------------------------------------------------------------
19:44:40.853 [main] INFO  f.i.s.r.p.i.ProjectInspector - PIPELINE FINDING: BUILDNOTCHECKEDOUT
19:44:40.853 [main] INFO  f.i.s.r.p.i.ProjectInspector - ----------------------------------------------------------------------
19:44:40.853 [main] INFO  f.i.s.repairnator.pipeline.Launcher - Inspector is finished. The process will exit now.
