18:49:06.027 [main] INFO  f.i.s.repairnator.pipeline.Launcher - PIPELINE VERSION: 3.0-2018-08-09 19:04
18:49:06.142 [main] INFO  f.i.s.repairnator.pipeline.Launcher - The pipeline will try to reproduce a bug from build 335968688 and its corresponding patch from build 335984345
18:49:06.142 [main] INFO  f.i.s.repairnator.pipeline.Launcher - Initialize file serializer engines.
18:49:06.144 [main] INFO  f.i.s.repairnator.pipeline.Launcher - MongoDB won't be used for serialization.
18:49:06.144 [main] INFO  f.i.s.repairnator.pipeline.Launcher - The email notifier engine won't be used.
18:49:06.147 [main] INFO  f.i.s.repairnator.pipeline.Launcher - Start by getting the build (buildId: 335968688) with the following config: RepairnatorConfig{runId='115b89a2-5f2f-4a9f-a894-a9ee1a0dcd59_02-18-week1-PASSING_AND_PASSING', launcherMode=BEARS, serializeJson=true, inputPath='null', outputPath='/var/log', mongodbHost='null', mongodbName='repairnator', smtpServer='null', notifyTo=[], notifyEndProcess=false, push=true, pushRemoteRepo='https://github.com/fermadeiral/bears-collection-pp', fork=false, lookFromDate=null, lookToDate=null, buildId=335968688, z3solverPath='./z3_for_linux', workspacePath='./workspace', githubToken='c8a341a903[...]', dockerImageName='null', skipDelete=false, createOutputDir=false, logDirectory='null', nbThreads=0, globalTimeout=0, whiteList=null, blackList=null, jobSleepTime=0, buildSleepTime=0, maxInspectedBuilds=0, duration=null, humanPatch=false, repository='null', clean=true, bearsMode=BOTH, bearsDelimiter = false, repairTools=NopolAllTests,NPEFix,AssertFixer,AstorJGenProg,AstorJKali,NopolSingleTest,AstorJMut,NopolTestExclusionStrategy, githubUserName= fermadeiral, githubUserEmail=fer.madeiral@gmail.com}
18:49:07.562 [main] DEBUG fr.inria.jtravis.helpers.BuildHelper - Get request to :https://api.travis-ci.org/build/335968688 done after 884 ms
18:49:07.778 [main] DEBUG fr.inria.jtravis.helpers.BuildHelper - Get request to :https://api.travis-ci.org/build/335984345 done after 133 ms
18:49:07.798 [main] INFO  f.i.s.repairnator.pipeline.Launcher - The patched build (335984345) was successfully retrieved from Travis.
18:49:08.899 [main] INFO  fr.inria.jtravis.JTravis - GitHub ratelimit: Limit: 5000 Remaining: 4587 Reset hour: 19:22:38
18:49:09.169 [main] INFO  f.i.s.r.p.i.ProjectInspector - ----------------------------------------------------------------------
18:49:09.170 [main] INFO  f.i.s.r.p.i.ProjectInspector - PIPELINE STEPS
18:49:09.170 [main] INFO  f.i.s.r.p.i.ProjectInspector - ----------------------------------------------------------------------
18:49:09.170 [main] INFO  f.i.s.r.p.i.ProjectInspector - CloneRepository
18:49:09.171 [main] INFO  f.i.s.r.p.i.ProjectInspector - CheckoutPatchedBuildCandidate
18:49:09.171 [main] INFO  f.i.s.r.p.i.ProjectInspector - ComputeSourceDir
18:49:09.171 [main] INFO  f.i.s.r.p.i.ProjectInspector - ComputeTestDir
18:49:09.171 [main] INFO  f.i.s.r.p.i.ProjectInspector - CheckoutBuggyBuildCandidateSourceCode
18:49:09.171 [main] INFO  f.i.s.r.p.i.ProjectInspector - BuildProjectBuggyBuildCandidateSourceCode
18:49:09.172 [main] INFO  f.i.s.r.p.i.ProjectInspector - TestProjectBuggyBuildCandidateSourceCode
18:49:09.172 [main] INFO  f.i.s.r.p.i.ProjectInspector - GatherTestInformationBuggyBuildCandidateSourceCode
18:49:09.172 [main] INFO  f.i.s.r.p.i.ProjectInspector - CheckoutBuggyBuildTestCode
18:49:09.172 [main] INFO  f.i.s.r.p.i.ProjectInspector - InitRepoToPush
18:49:09.173 [main] INFO  f.i.s.r.p.i.ProjectInspector - ComputeClasspath
18:49:09.173 [main] INFO  f.i.s.r.p.i.ProjectInspector - ComputeModules
18:49:09.173 [main] INFO  f.i.s.r.p.i.ProjectInspector - CheckoutBuggyBuildCandidateSourceCode
18:49:09.173 [main] INFO  f.i.s.r.p.i.ProjectInspector - CommitChangedTests
18:49:09.173 [main] INFO  f.i.s.r.p.i.ProjectInspector - CheckoutPatchedBuildCandidate
18:49:09.174 [main] INFO  f.i.s.r.p.i.ProjectInspector - BuildProjectPatchedBuildCandidate
18:49:09.174 [main] INFO  f.i.s.r.p.i.ProjectInspector - TestProjectPatchedBuildCandidate
18:49:09.174 [main] INFO  f.i.s.r.p.i.ProjectInspector - GatherTestInformationPatchedBuildCandidate
18:49:09.174 [main] INFO  f.i.s.r.p.i.ProjectInspector - CommitPatch
18:49:09.174 [main] INFO  f.i.s.r.p.i.ProjectInspector - WritePropertyFile
18:49:09.175 [main] INFO  f.i.s.r.p.i.ProjectInspector - CommitProcessEnd
18:49:09.175 [main] INFO  f.i.s.r.p.i.ProjectInspector - PushProcessEnd
18:49:09.175 [main] DEBUG f.i.s.r.process.step.CloneRepository - ----------------------------------------------------------------------
18:49:09.175 [main] DEBUG f.i.s.r.process.step.CloneRepository - STEP 1/22: CloneRepository
18:49:09.176 [main] DEBUG f.i.s.r.process.step.CloneRepository - ----------------------------------------------------------------------
18:49:09.176 [main] DEBUG f.i.s.r.process.step.CloneRepository - Cloning repository EnMasseProject/enmasse in the following directory: ./workspace/EnMasseProject/enmasse/335968688
18:49:53.650 [main] DEBUG f.i.s.r.process.step.CloneRepository - STEP STATUS: [ CloneRepository : SUCCESS ]
18:49:53.651 [main] DEBUG f.i.s.r.process.step.CloneRepository - STEP DURATION: 44s
18:49:53.651 [main] DEBUG f.i.s.r.process.step.CloneRepository - EXECUTE NEXT STEP
18:49:53.651 [main] DEBUG f.i.s.r.p.s.c.CheckoutPatchedBuild - ----------------------------------------------------------------------
18:49:53.652 [main] DEBUG f.i.s.r.p.s.c.CheckoutPatchedBuild - STEP 2/22: CheckoutPatchedBuildCandidate
18:49:53.652 [main] DEBUG f.i.s.r.p.s.c.CheckoutPatchedBuild - ----------------------------------------------------------------------
18:49:53.652 [main] DEBUG f.i.s.r.p.s.c.CheckoutPatchedBuild - Checking out patched build candidate...
18:49:54.004 [main] INFO  fr.inria.jtravis.JTravis - GitHub ratelimit: Limit: 5000 Remaining: 4566 Reset hour: 19:22:38
18:49:56.227 [main] DEBUG f.i.s.r.p.s.c.CheckoutPatchedBuild - Reproduce the PR for EnMasseProject/enmasse by fetching remote branch and merging.
18:49:56.955 [main] ERROR f.i.s.r.p.s.c.CheckoutPatchedBuild - Error while testing commit: org.eclipse.jgit.errors.MissingObjectException: Missing unknown 9407b20651e7b9db4b77f1c01063f6cf9068b421
18:49:56.956 [main] ERROR f.i.s.r.p.s.c.CheckoutPatchedBuild - Commit head ref cannot be retrieved from the repository: 9407b20651e7b9db4b77f1c01063f6cf9068b421. Operation aborted.
18:49:56.956 [main] ERROR f.i.s.r.p.s.c.CheckoutPatchedBuild - Error while merging two commits to reproduce the PR.
18:49:56.957 [main] DEBUG f.i.s.r.p.s.c.CheckoutPatchedBuild - STEP STATUS: [ CheckoutPatchedBuildCandidate : FAILURE ( BUILDNOTCHECKEDOUT ) ]
18:49:56.957 [main] DEBUG f.i.s.r.p.s.c.CheckoutPatchedBuild - STEP DURATION: 3s
18:49:56.957 [main] DEBUG f.i.s.r.p.s.c.CheckoutPatchedBuild - TERMINATE PIPELINE
18:49:56.958 [main] DEBUG f.i.s.r.p.s.c.CheckoutPatchedBuild - FINAL STEPS SKIPPED: The reproduction of the bug and/or the patch failed.
18:49:56.958 [main] INFO  f.i.s.r.p.s.c.CheckoutPatchedBuild - Serialize all data for the pair of builds 335968688, 335984345
18:49:57.095 [main] INFO  fr.inria.jtravis.JTravis - GitHub ratelimit: Limit: 5000 Remaining: 4558 Reset hour: 19:22:38
18:49:58.049 [main] INFO  f.i.s.r.p.i.ProjectInspector - ----------------------------------------------------------------------
18:49:58.049 [main] INFO  f.i.s.r.p.i.ProjectInspector - PIPELINE EXECUTION SUMMARY
18:49:58.049 [main] INFO  f.i.s.r.p.i.ProjectInspector - ----------------------------------------------------------------------
18:49:58.049 [main] INFO  f.i.s.r.p.i.ProjectInspector - CloneRepository.......................................SUCCESS [ 44 s ]
18:49:58.050 [main] INFO  f.i.s.r.p.i.ProjectInspector - CheckoutPatchedBuildCandidate.........................FAILURE [  3 s ]
18:49:58.050 [main] INFO  f.i.s.r.p.i.ProjectInspector - ComputeSourceDir......................................NOT RUN         
18:49:58.050 [main] INFO  f.i.s.r.p.i.ProjectInspector - ComputeTestDir........................................NOT RUN         
18:49:58.050 [main] INFO  f.i.s.r.p.i.ProjectInspector - CheckoutBuggyBuildCandidateSourceCode.................NOT RUN         
18:49:58.050 [main] INFO  f.i.s.r.p.i.ProjectInspector - BuildProjectBuggyBuildCandidateSourceCode.............NOT RUN         
18:49:58.050 [main] INFO  f.i.s.r.p.i.ProjectInspector - TestProjectBuggyBuildCandidateSourceCode..............NOT RUN         
18:49:58.051 [main] INFO  f.i.s.r.p.i.ProjectInspector - GatherTestInformationBuggyBuildCandidateSourceCode....NOT RUN         
18:49:58.051 [main] INFO  f.i.s.r.p.i.ProjectInspector - CheckoutBuggyBuildTestCode............................NOT RUN         
18:49:58.051 [main] INFO  f.i.s.r.p.i.ProjectInspector - InitRepoToPush........................................NOT RUN         
18:49:58.051 [main] INFO  f.i.s.r.p.i.ProjectInspector - ComputeClasspath......................................NOT RUN         
18:49:58.051 [main] INFO  f.i.s.r.p.i.ProjectInspector - ComputeModules........................................NOT RUN         
18:49:58.051 [main] INFO  f.i.s.r.p.i.ProjectInspector - CheckoutBuggyBuildCandidateSourceCode.................NOT RUN         
18:49:58.051 [main] INFO  f.i.s.r.p.i.ProjectInspector - CommitChangedTests....................................NOT RUN         
18:49:58.051 [main] INFO  f.i.s.r.p.i.ProjectInspector - CheckoutPatchedBuildCandidate.........................NOT RUN         
18:49:58.052 [main] INFO  f.i.s.r.p.i.ProjectInspector - BuildProjectPatchedBuildCandidate.....................NOT RUN         
18:49:58.052 [main] INFO  f.i.s.r.p.i.ProjectInspector - TestProjectPatchedBuildCandidate......................NOT RUN         
18:49:58.052 [main] INFO  f.i.s.r.p.i.ProjectInspector - GatherTestInformationPatchedBuildCandidate............NOT RUN         
18:49:58.052 [main] INFO  f.i.s.r.p.i.ProjectInspector - CommitPatch...........................................NOT RUN         
18:49:58.052 [main] INFO  f.i.s.r.p.i.ProjectInspector - WritePropertyFile.....................................NOT RUN         
18:49:58.052 [main] INFO  f.i.s.r.p.i.ProjectInspector - CommitProcessEnd......................................NOT RUN         
18:49:58.052 [main] INFO  f.i.s.r.p.i.ProjectInspector - PushProcessEnd........................................NOT RUN         
18:49:58.052 [main] INFO  f.i.s.r.p.i.ProjectInspector - ----------------------------------------------------------------------
18:49:58.053 [main] INFO  f.i.s.r.p.i.ProjectInspector - PIPELINE FINDING: BUILDNOTCHECKEDOUT
18:49:58.058 [main] INFO  f.i.s.r.p.i.ProjectInspector - ----------------------------------------------------------------------
18:49:58.059 [main] INFO  f.i.s.repairnator.pipeline.Launcher - Inspector is finished. The process will exit now.
