15:31:49.561 [main] INFO  f.i.s.repairnator.pipeline.Launcher - PIPELINE VERSION: 3.0-2018-08-09 19:04
15:31:49.686 [main] INFO  f.i.s.repairnator.pipeline.Launcher - The pipeline will try to reproduce a bug from build 337532858 and its corresponding patch from build 337590070
15:31:49.686 [main] INFO  f.i.s.repairnator.pipeline.Launcher - Initialize file serializer engines.
15:31:49.688 [main] INFO  f.i.s.repairnator.pipeline.Launcher - MongoDB won't be used for serialization.
15:31:49.688 [main] INFO  f.i.s.repairnator.pipeline.Launcher - The email notifier engine won't be used.
15:31:49.692 [main] INFO  f.i.s.repairnator.pipeline.Launcher - Start by getting the build (buildId: 337532858) with the following config: RepairnatorConfig{runId='115b89a2-5f2f-4a9f-a894-a9ee1a0dcd59_02-18-week1-PASSING_AND_PASSING', launcherMode=BEARS, serializeJson=true, inputPath='null', outputPath='/var/log', mongodbHost='null', mongodbName='repairnator', smtpServer='null', notifyTo=[], notifyEndProcess=false, push=true, pushRemoteRepo='https://github.com/fermadeiral/bears-collection-pp', fork=false, lookFromDate=null, lookToDate=null, buildId=337532858, z3solverPath='./z3_for_linux', workspacePath='./workspace', githubToken='c8a341a903[...]', dockerImageName='null', skipDelete=false, createOutputDir=false, logDirectory='null', nbThreads=0, globalTimeout=0, whiteList=null, blackList=null, jobSleepTime=0, buildSleepTime=0, maxInspectedBuilds=0, duration=null, humanPatch=false, repository='null', clean=true, bearsMode=BOTH, bearsDelimiter = false, repairTools=NopolAllTests,NPEFix,AssertFixer,AstorJGenProg,AstorJKali,NopolSingleTest,AstorJMut,NopolTestExclusionStrategy, githubUserName= fermadeiral, githubUserEmail=fer.madeiral@gmail.com}
15:31:50.972 [main] DEBUG fr.inria.jtravis.helpers.BuildHelper - Get request to :https://api.travis-ci.org/build/337532858 done after 801 ms
15:31:51.227 [main] DEBUG fr.inria.jtravis.helpers.BuildHelper - Get request to :https://api.travis-ci.org/build/337590070 done after 131 ms
15:31:51.244 [main] INFO  f.i.s.repairnator.pipeline.Launcher - The patched build (337590070) was successfully retrieved from Travis.
15:31:52.577 [main] INFO  fr.inria.jtravis.JTravis - GitHub ratelimit: Limit: 5000 Remaining: 4735 Reset hour: 19:22:26
15:31:52.896 [main] INFO  f.i.s.r.p.i.ProjectInspector - ----------------------------------------------------------------------
15:31:52.896 [main] INFO  f.i.s.r.p.i.ProjectInspector - PIPELINE STEPS
15:31:52.897 [main] INFO  f.i.s.r.p.i.ProjectInspector - ----------------------------------------------------------------------
15:31:52.897 [main] INFO  f.i.s.r.p.i.ProjectInspector - CloneRepository
15:31:52.897 [main] INFO  f.i.s.r.p.i.ProjectInspector - CheckoutPatchedBuildCandidate
15:31:52.898 [main] INFO  f.i.s.r.p.i.ProjectInspector - ComputeSourceDir
15:31:52.898 [main] INFO  f.i.s.r.p.i.ProjectInspector - ComputeTestDir
15:31:52.898 [main] INFO  f.i.s.r.p.i.ProjectInspector - CheckoutBuggyBuildCandidateSourceCode
15:31:52.899 [main] INFO  f.i.s.r.p.i.ProjectInspector - BuildProjectBuggyBuildCandidateSourceCode
15:31:52.899 [main] INFO  f.i.s.r.p.i.ProjectInspector - TestProjectBuggyBuildCandidateSourceCode
15:31:52.899 [main] INFO  f.i.s.r.p.i.ProjectInspector - GatherTestInformationBuggyBuildCandidateSourceCode
15:31:52.900 [main] INFO  f.i.s.r.p.i.ProjectInspector - CheckoutBuggyBuildTestCode
15:31:52.900 [main] INFO  f.i.s.r.p.i.ProjectInspector - InitRepoToPush
15:31:52.900 [main] INFO  f.i.s.r.p.i.ProjectInspector - ComputeClasspath
15:31:52.901 [main] INFO  f.i.s.r.p.i.ProjectInspector - ComputeModules
15:31:52.901 [main] INFO  f.i.s.r.p.i.ProjectInspector - CheckoutBuggyBuildCandidateSourceCode
15:31:52.901 [main] INFO  f.i.s.r.p.i.ProjectInspector - CommitChangedTests
15:31:52.902 [main] INFO  f.i.s.r.p.i.ProjectInspector - CheckoutPatchedBuildCandidate
15:31:52.902 [main] INFO  f.i.s.r.p.i.ProjectInspector - BuildProjectPatchedBuildCandidate
15:31:52.903 [main] INFO  f.i.s.r.p.i.ProjectInspector - TestProjectPatchedBuildCandidate
15:31:52.903 [main] INFO  f.i.s.r.p.i.ProjectInspector - GatherTestInformationPatchedBuildCandidate
15:31:52.903 [main] INFO  f.i.s.r.p.i.ProjectInspector - CommitPatch
15:31:52.904 [main] INFO  f.i.s.r.p.i.ProjectInspector - WritePropertyFile
15:31:52.904 [main] INFO  f.i.s.r.p.i.ProjectInspector - CommitProcessEnd
15:31:52.904 [main] INFO  f.i.s.r.p.i.ProjectInspector - PushProcessEnd
15:31:52.905 [main] DEBUG f.i.s.r.process.step.CloneRepository - ----------------------------------------------------------------------
15:31:52.905 [main] DEBUG f.i.s.r.process.step.CloneRepository - STEP 1/22: CloneRepository
15:31:52.906 [main] DEBUG f.i.s.r.process.step.CloneRepository - ----------------------------------------------------------------------
15:31:52.906 [main] DEBUG f.i.s.r.process.step.CloneRepository - Cloning repository apache/incubator-druid in the following directory: ./workspace/apache/incubator-druid/337532858
15:32:27.532 [main] DEBUG f.i.s.r.process.step.CloneRepository - STEP STATUS: [ CloneRepository : SUCCESS ]
15:32:27.533 [main] DEBUG f.i.s.r.process.step.CloneRepository - STEP DURATION: 34s
15:32:27.533 [main] DEBUG f.i.s.r.process.step.CloneRepository - EXECUTE NEXT STEP
15:32:27.534 [main] DEBUG f.i.s.r.p.s.c.CheckoutPatchedBuild - ----------------------------------------------------------------------
15:32:27.537 [main] DEBUG f.i.s.r.p.s.c.CheckoutPatchedBuild - STEP 2/22: CheckoutPatchedBuildCandidate
15:32:27.538 [main] DEBUG f.i.s.r.p.s.c.CheckoutPatchedBuild - ----------------------------------------------------------------------
15:32:27.538 [main] DEBUG f.i.s.r.p.s.c.CheckoutPatchedBuild - Checking out patched build candidate...
15:32:27.876 [main] INFO  fr.inria.jtravis.JTravis - GitHub ratelimit: Limit: 5000 Remaining: 4734 Reset hour: 19:22:26
15:32:30.748 [main] DEBUG f.i.s.r.p.s.c.CheckoutPatchedBuild - Reproduce the PR for apache/incubator-druid by fetching remote branch and merging.
15:32:39.299 [main] ERROR f.i.s.r.p.s.c.CheckoutPatchedBuild - Error while testing commit: org.eclipse.jgit.errors.MissingObjectException: Missing unknown 590b110cd581a32f6214e02d169176bc598c041e
15:32:39.301 [main] ERROR f.i.s.r.p.s.c.CheckoutPatchedBuild - Commit head ref cannot be retrieved from the repository: 590b110cd581a32f6214e02d169176bc598c041e. Operation aborted.
15:32:39.301 [main] ERROR f.i.s.r.p.s.c.CheckoutPatchedBuild - Error while merging two commits to reproduce the PR.
15:32:39.302 [main] DEBUG f.i.s.r.p.s.c.CheckoutPatchedBuild - STEP STATUS: [ CheckoutPatchedBuildCandidate : FAILURE ( BUILDNOTCHECKEDOUT ) ]
15:32:39.303 [main] DEBUG f.i.s.r.p.s.c.CheckoutPatchedBuild - STEP DURATION: 11s
15:32:39.303 [main] DEBUG f.i.s.r.p.s.c.CheckoutPatchedBuild - TERMINATE PIPELINE
15:32:39.304 [main] DEBUG f.i.s.r.p.s.c.CheckoutPatchedBuild - FINAL STEPS SKIPPED: The reproduction of the bug and/or the patch failed.
15:32:39.304 [main] INFO  f.i.s.r.p.s.c.CheckoutPatchedBuild - Serialize all data for the pair of builds 337532858, 337590070
15:32:39.627 [main] INFO  fr.inria.jtravis.JTravis - GitHub ratelimit: Limit: 5000 Remaining: 4724 Reset hour: 19:22:26
15:32:41.347 [main] INFO  f.i.s.r.p.i.ProjectInspector - ----------------------------------------------------------------------
15:32:41.347 [main] INFO  f.i.s.r.p.i.ProjectInspector - PIPELINE EXECUTION SUMMARY
15:32:41.347 [main] INFO  f.i.s.r.p.i.ProjectInspector - ----------------------------------------------------------------------
15:32:41.348 [main] INFO  f.i.s.r.p.i.ProjectInspector - CloneRepository.......................................SUCCESS [ 34 s ]
15:32:41.348 [main] INFO  f.i.s.r.p.i.ProjectInspector - CheckoutPatchedBuildCandidate.........................FAILURE [ 11 s ]
15:32:41.348 [main] INFO  f.i.s.r.p.i.ProjectInspector - ComputeSourceDir......................................NOT RUN         
15:32:41.348 [main] INFO  f.i.s.r.p.i.ProjectInspector - ComputeTestDir........................................NOT RUN         
15:32:41.348 [main] INFO  f.i.s.r.p.i.ProjectInspector - CheckoutBuggyBuildCandidateSourceCode.................NOT RUN         
15:32:41.349 [main] INFO  f.i.s.r.p.i.ProjectInspector - BuildProjectBuggyBuildCandidateSourceCode.............NOT RUN         
15:32:41.349 [main] INFO  f.i.s.r.p.i.ProjectInspector - TestProjectBuggyBuildCandidateSourceCode..............NOT RUN         
15:32:41.349 [main] INFO  f.i.s.r.p.i.ProjectInspector - GatherTestInformationBuggyBuildCandidateSourceCode....NOT RUN         
15:32:41.349 [main] INFO  f.i.s.r.p.i.ProjectInspector - CheckoutBuggyBuildTestCode............................NOT RUN         
15:32:41.349 [main] INFO  f.i.s.r.p.i.ProjectInspector - InitRepoToPush........................................NOT RUN         
15:32:41.349 [main] INFO  f.i.s.r.p.i.ProjectInspector - ComputeClasspath......................................NOT RUN         
15:32:41.349 [main] INFO  f.i.s.r.p.i.ProjectInspector - ComputeModules........................................NOT RUN         
15:32:41.350 [main] INFO  f.i.s.r.p.i.ProjectInspector - CheckoutBuggyBuildCandidateSourceCode.................NOT RUN         
15:32:41.350 [main] INFO  f.i.s.r.p.i.ProjectInspector - CommitChangedTests....................................NOT RUN         
15:32:41.350 [main] INFO  f.i.s.r.p.i.ProjectInspector - CheckoutPatchedBuildCandidate.........................NOT RUN         
15:32:41.350 [main] INFO  f.i.s.r.p.i.ProjectInspector - BuildProjectPatchedBuildCandidate.....................NOT RUN         
15:32:41.350 [main] INFO  f.i.s.r.p.i.ProjectInspector - TestProjectPatchedBuildCandidate......................NOT RUN         
15:32:41.350 [main] INFO  f.i.s.r.p.i.ProjectInspector - GatherTestInformationPatchedBuildCandidate............NOT RUN         
15:32:41.350 [main] INFO  f.i.s.r.p.i.ProjectInspector - CommitPatch...........................................NOT RUN         
15:32:41.350 [main] INFO  f.i.s.r.p.i.ProjectInspector - WritePropertyFile.....................................NOT RUN         
15:32:41.351 [main] INFO  f.i.s.r.p.i.ProjectInspector - CommitProcessEnd......................................NOT RUN         
15:32:41.351 [main] INFO  f.i.s.r.p.i.ProjectInspector - PushProcessEnd........................................NOT RUN         
15:32:41.351 [main] INFO  f.i.s.r.p.i.ProjectInspector - ----------------------------------------------------------------------
15:32:41.351 [main] INFO  f.i.s.r.p.i.ProjectInspector - PIPELINE FINDING: BUILDNOTCHECKEDOUT
15:32:41.351 [main] INFO  f.i.s.r.p.i.ProjectInspector - ----------------------------------------------------------------------
15:32:41.351 [main] INFO  f.i.s.repairnator.pipeline.Launcher - Inspector is finished. The process will exit now.
