20:10:00.093 [main] INFO  f.i.s.repairnator.pipeline.Launcher - PIPELINE VERSION: 3.0-2018-08-09 19:04
20:10:00.208 [main] INFO  f.i.s.repairnator.pipeline.Launcher - The pipeline will try to reproduce a bug from build 336986868 and its corresponding patch from build 337248757
20:10:00.209 [main] INFO  f.i.s.repairnator.pipeline.Launcher - Initialize file serializer engines.
20:10:00.210 [main] INFO  f.i.s.repairnator.pipeline.Launcher - MongoDB won't be used for serialization.
20:10:00.211 [main] INFO  f.i.s.repairnator.pipeline.Launcher - The email notifier engine won't be used.
20:10:00.213 [main] INFO  f.i.s.repairnator.pipeline.Launcher - Start by getting the build (buildId: 336986868) with the following config: RepairnatorConfig{runId='115b89a2-5f2f-4a9f-a894-a9ee1a0dcd59_02-18-week1-PASSING_AND_PASSING', launcherMode=BEARS, serializeJson=true, inputPath='null', outputPath='/var/log', mongodbHost='null', mongodbName='repairnator', smtpServer='null', notifyTo=[], notifyEndProcess=false, push=true, pushRemoteRepo='https://github.com/fermadeiral/bears-collection-pp', fork=false, lookFromDate=null, lookToDate=null, buildId=336986868, z3solverPath='./z3_for_linux', workspacePath='./workspace', githubToken='c8a341a903[...]', dockerImageName='null', skipDelete=false, createOutputDir=false, logDirectory='null', nbThreads=0, globalTimeout=0, whiteList=null, blackList=null, jobSleepTime=0, buildSleepTime=0, maxInspectedBuilds=0, duration=null, humanPatch=false, repository='null', clean=true, bearsMode=BOTH, bearsDelimiter = false, repairTools=NopolAllTests,NPEFix,AssertFixer,AstorJGenProg,AstorJKali,NopolSingleTest,AstorJMut,NopolTestExclusionStrategy, githubUserName= fermadeiral, githubUserEmail=fer.madeiral@gmail.com}
20:10:01.508 [main] DEBUG fr.inria.jtravis.helpers.BuildHelper - Get request to :https://api.travis-ci.org/build/336986868 done after 872 ms
20:10:01.806 [main] DEBUG fr.inria.jtravis.helpers.BuildHelper - Get request to :https://api.travis-ci.org/build/337248757 done after 143 ms
20:10:01.826 [main] INFO  f.i.s.repairnator.pipeline.Launcher - The patched build (337248757) was successfully retrieved from Travis.
20:10:03.323 [main] INFO  fr.inria.jtravis.JTravis - GitHub ratelimit: Limit: 5000 Remaining: 4396 Reset hour: 19:22:42
20:10:03.737 [main] INFO  f.i.s.r.p.i.ProjectInspector - ----------------------------------------------------------------------
20:10:03.737 [main] INFO  f.i.s.r.p.i.ProjectInspector - PIPELINE STEPS
20:10:03.737 [main] INFO  f.i.s.r.p.i.ProjectInspector - ----------------------------------------------------------------------
20:10:03.738 [main] INFO  f.i.s.r.p.i.ProjectInspector - CloneRepository
20:10:03.738 [main] INFO  f.i.s.r.p.i.ProjectInspector - CheckoutPatchedBuildCandidate
20:10:03.738 [main] INFO  f.i.s.r.p.i.ProjectInspector - ComputeSourceDir
20:10:03.738 [main] INFO  f.i.s.r.p.i.ProjectInspector - ComputeTestDir
20:10:03.738 [main] INFO  f.i.s.r.p.i.ProjectInspector - CheckoutBuggyBuildCandidateSourceCode
20:10:03.739 [main] INFO  f.i.s.r.p.i.ProjectInspector - BuildProjectBuggyBuildCandidateSourceCode
20:10:03.740 [main] INFO  f.i.s.r.p.i.ProjectInspector - TestProjectBuggyBuildCandidateSourceCode
20:10:03.741 [main] INFO  f.i.s.r.p.i.ProjectInspector - GatherTestInformationBuggyBuildCandidateSourceCode
20:10:03.741 [main] INFO  f.i.s.r.p.i.ProjectInspector - CheckoutBuggyBuildTestCode
20:10:03.741 [main] INFO  f.i.s.r.p.i.ProjectInspector - InitRepoToPush
20:10:03.741 [main] INFO  f.i.s.r.p.i.ProjectInspector - ComputeClasspath
20:10:03.741 [main] INFO  f.i.s.r.p.i.ProjectInspector - ComputeModules
20:10:03.741 [main] INFO  f.i.s.r.p.i.ProjectInspector - CheckoutBuggyBuildCandidateSourceCode
20:10:03.742 [main] INFO  f.i.s.r.p.i.ProjectInspector - CommitChangedTests
20:10:03.742 [main] INFO  f.i.s.r.p.i.ProjectInspector - CheckoutPatchedBuildCandidate
20:10:03.742 [main] INFO  f.i.s.r.p.i.ProjectInspector - BuildProjectPatchedBuildCandidate
20:10:03.742 [main] INFO  f.i.s.r.p.i.ProjectInspector - TestProjectPatchedBuildCandidate
20:10:03.743 [main] INFO  f.i.s.r.p.i.ProjectInspector - GatherTestInformationPatchedBuildCandidate
20:10:03.743 [main] INFO  f.i.s.r.p.i.ProjectInspector - CommitPatch
20:10:03.744 [main] INFO  f.i.s.r.p.i.ProjectInspector - WritePropertyFile
20:10:03.744 [main] INFO  f.i.s.r.p.i.ProjectInspector - CommitProcessEnd
20:10:03.744 [main] INFO  f.i.s.r.p.i.ProjectInspector - PushProcessEnd
20:10:03.745 [main] DEBUG f.i.s.r.process.step.CloneRepository - ----------------------------------------------------------------------
20:10:03.745 [main] DEBUG f.i.s.r.process.step.CloneRepository - STEP 1/22: CloneRepository
20:10:03.746 [main] DEBUG f.i.s.r.process.step.CloneRepository - ----------------------------------------------------------------------
20:10:03.746 [main] DEBUG f.i.s.r.process.step.CloneRepository - Cloning repository apache/storm in the following directory: ./workspace/apache/storm/336986868
20:10:39.708 [main] DEBUG f.i.s.r.process.step.CloneRepository - STEP STATUS: [ CloneRepository : SUCCESS ]
20:10:39.708 [main] DEBUG f.i.s.r.process.step.CloneRepository - STEP DURATION: 35s
20:10:39.709 [main] DEBUG f.i.s.r.process.step.CloneRepository - EXECUTE NEXT STEP
20:10:39.709 [main] DEBUG f.i.s.r.p.s.c.CheckoutPatchedBuild - ----------------------------------------------------------------------
20:10:39.709 [main] DEBUG f.i.s.r.p.s.c.CheckoutPatchedBuild - STEP 2/22: CheckoutPatchedBuildCandidate
20:10:39.709 [main] DEBUG f.i.s.r.p.s.c.CheckoutPatchedBuild - ----------------------------------------------------------------------
20:10:39.709 [main] DEBUG f.i.s.r.p.s.c.CheckoutPatchedBuild - Checking out patched build candidate...
20:10:40.032 [main] INFO  fr.inria.jtravis.JTravis - GitHub ratelimit: Limit: 5000 Remaining: 4384 Reset hour: 19:22:42
20:10:42.042 [main] DEBUG f.i.s.r.p.s.c.CheckoutPatchedBuild - Reproduce the PR for apache/storm by fetching remote branch and merging.
20:10:45.744 [main] ERROR f.i.s.r.p.s.c.CheckoutPatchedBuild - Error while testing commit: org.eclipse.jgit.errors.MissingObjectException: Missing unknown c9d47aa2b1c21f26061cd4a9a188435e90126f37
20:10:45.745 [main] ERROR f.i.s.r.p.s.c.CheckoutPatchedBuild - Commit head ref cannot be retrieved from the repository: c9d47aa2b1c21f26061cd4a9a188435e90126f37. Operation aborted.
20:10:45.746 [main] ERROR f.i.s.r.p.s.c.CheckoutPatchedBuild - Error while merging two commits to reproduce the PR.
20:10:45.747 [main] DEBUG f.i.s.r.p.s.c.CheckoutPatchedBuild - STEP STATUS: [ CheckoutPatchedBuildCandidate : FAILURE ( BUILDNOTCHECKEDOUT ) ]
20:10:45.747 [main] DEBUG f.i.s.r.p.s.c.CheckoutPatchedBuild - STEP DURATION: 6s
20:10:45.747 [main] DEBUG f.i.s.r.p.s.c.CheckoutPatchedBuild - TERMINATE PIPELINE
20:10:45.747 [main] DEBUG f.i.s.r.p.s.c.CheckoutPatchedBuild - FINAL STEPS SKIPPED: The reproduction of the bug and/or the patch failed.
20:10:45.747 [main] INFO  f.i.s.r.p.s.c.CheckoutPatchedBuild - Serialize all data for the pair of builds 336986868, 337248757
20:10:45.861 [main] INFO  fr.inria.jtravis.JTravis - GitHub ratelimit: Limit: 5000 Remaining: 4377 Reset hour: 19:22:42
20:10:46.689 [main] INFO  f.i.s.r.p.i.ProjectInspector - ----------------------------------------------------------------------
20:10:46.689 [main] INFO  f.i.s.r.p.i.ProjectInspector - PIPELINE EXECUTION SUMMARY
20:10:46.689 [main] INFO  f.i.s.r.p.i.ProjectInspector - ----------------------------------------------------------------------
20:10:46.690 [main] INFO  f.i.s.r.p.i.ProjectInspector - CloneRepository.......................................SUCCESS [ 35 s ]
20:10:46.690 [main] INFO  f.i.s.r.p.i.ProjectInspector - CheckoutPatchedBuildCandidate.........................FAILURE [  6 s ]
20:10:46.690 [main] INFO  f.i.s.r.p.i.ProjectInspector - ComputeSourceDir......................................NOT RUN         
20:10:46.690 [main] INFO  f.i.s.r.p.i.ProjectInspector - ComputeTestDir........................................NOT RUN         
20:10:46.691 [main] INFO  f.i.s.r.p.i.ProjectInspector - CheckoutBuggyBuildCandidateSourceCode.................NOT RUN         
20:10:46.692 [main] INFO  f.i.s.r.p.i.ProjectInspector - BuildProjectBuggyBuildCandidateSourceCode.............NOT RUN         
20:10:46.692 [main] INFO  f.i.s.r.p.i.ProjectInspector - TestProjectBuggyBuildCandidateSourceCode..............NOT RUN         
20:10:46.692 [main] INFO  f.i.s.r.p.i.ProjectInspector - GatherTestInformationBuggyBuildCandidateSourceCode....NOT RUN         
20:10:46.692 [main] INFO  f.i.s.r.p.i.ProjectInspector - CheckoutBuggyBuildTestCode............................NOT RUN         
20:10:46.693 [main] INFO  f.i.s.r.p.i.ProjectInspector - InitRepoToPush........................................NOT RUN         
20:10:46.693 [main] INFO  f.i.s.r.p.i.ProjectInspector - ComputeClasspath......................................NOT RUN         
20:10:46.693 [main] INFO  f.i.s.r.p.i.ProjectInspector - ComputeModules........................................NOT RUN         
20:10:46.693 [main] INFO  f.i.s.r.p.i.ProjectInspector - CheckoutBuggyBuildCandidateSourceCode.................NOT RUN         
20:10:46.693 [main] INFO  f.i.s.r.p.i.ProjectInspector - CommitChangedTests....................................NOT RUN         
20:10:46.693 [main] INFO  f.i.s.r.p.i.ProjectInspector - CheckoutPatchedBuildCandidate.........................NOT RUN         
20:10:46.694 [main] INFO  f.i.s.r.p.i.ProjectInspector - BuildProjectPatchedBuildCandidate.....................NOT RUN         
20:10:46.694 [main] INFO  f.i.s.r.p.i.ProjectInspector - TestProjectPatchedBuildCandidate......................NOT RUN         
20:10:46.694 [main] INFO  f.i.s.r.p.i.ProjectInspector - GatherTestInformationPatchedBuildCandidate............NOT RUN         
20:10:46.694 [main] INFO  f.i.s.r.p.i.ProjectInspector - CommitPatch...........................................NOT RUN         
20:10:46.694 [main] INFO  f.i.s.r.p.i.ProjectInspector - WritePropertyFile.....................................NOT RUN         
20:10:46.694 [main] INFO  f.i.s.r.p.i.ProjectInspector - CommitProcessEnd......................................NOT RUN         
20:10:46.694 [main] INFO  f.i.s.r.p.i.ProjectInspector - PushProcessEnd........................................NOT RUN         
20:10:46.695 [main] INFO  f.i.s.r.p.i.ProjectInspector - ----------------------------------------------------------------------
20:10:46.695 [main] INFO  f.i.s.r.p.i.ProjectInspector - PIPELINE FINDING: BUILDNOTCHECKEDOUT
20:10:46.695 [main] INFO  f.i.s.r.p.i.ProjectInspector - ----------------------------------------------------------------------
20:10:46.695 [main] INFO  f.i.s.repairnator.pipeline.Launcher - Inspector is finished. The process will exit now.
