23:41:09.917 [main] INFO  f.i.s.repairnator.pipeline.Launcher - PIPELINE VERSION: 3.0-2018-08-09 19:04
23:41:10.212 [main] INFO  f.i.s.repairnator.pipeline.Launcher - The pipeline will try to reproduce a bug from build 336235113 and its corresponding patch from build 336242064
23:41:10.213 [main] INFO  f.i.s.repairnator.pipeline.Launcher - Initialize file serializer engines.
23:41:10.215 [main] INFO  f.i.s.repairnator.pipeline.Launcher - MongoDB won't be used for serialization.
23:41:10.215 [main] INFO  f.i.s.repairnator.pipeline.Launcher - The email notifier engine won't be used.
23:41:10.219 [main] INFO  f.i.s.repairnator.pipeline.Launcher - Start by getting the build (buildId: 336235113) with the following config: RepairnatorConfig{runId='115b89a2-5f2f-4a9f-a894-a9ee1a0dcd59_02-18-week1-PASSING_AND_PASSING', launcherMode=BEARS, serializeJson=true, inputPath='null', outputPath='/var/log', mongodbHost='null', mongodbName='repairnator', smtpServer='null', notifyTo=[], notifyEndProcess=false, push=true, pushRemoteRepo='https://github.com/fermadeiral/bears-collection-pp', fork=false, lookFromDate=null, lookToDate=null, buildId=336235113, z3solverPath='./z3_for_linux', workspacePath='./workspace', githubToken='c8a341a903[...]', dockerImageName='null', skipDelete=false, createOutputDir=false, logDirectory='null', nbThreads=0, globalTimeout=0, whiteList=null, blackList=null, jobSleepTime=0, buildSleepTime=0, maxInspectedBuilds=0, duration=null, humanPatch=false, repository='null', clean=true, bearsMode=BOTH, bearsDelimiter = false, repairTools=NopolAllTests,NPEFix,AssertFixer,AstorJGenProg,AstorJKali,NopolSingleTest,AstorJMut,NopolTestExclusionStrategy, githubUserName= fermadeiral, githubUserEmail=fer.madeiral@gmail.com}
23:41:12.832 [main] DEBUG fr.inria.jtravis.helpers.BuildHelper - Get request to :https://api.travis-ci.org/build/336235113 done after 921 ms
23:41:13.149 [main] DEBUG fr.inria.jtravis.helpers.BuildHelper - Get request to :https://api.travis-ci.org/build/336242064 done after 175 ms
23:41:13.169 [main] INFO  f.i.s.repairnator.pipeline.Launcher - The patched build (336242064) was successfully retrieved from Travis.
23:41:14.501 [main] INFO  fr.inria.jtravis.JTravis - GitHub ratelimit: Limit: 5000 Remaining: 4734 Reset hour: 19:22:56
23:41:14.780 [main] INFO  f.i.s.r.p.i.ProjectInspector - ----------------------------------------------------------------------
23:41:14.781 [main] INFO  f.i.s.r.p.i.ProjectInspector - PIPELINE STEPS
23:41:14.781 [main] INFO  f.i.s.r.p.i.ProjectInspector - ----------------------------------------------------------------------
23:41:14.781 [main] INFO  f.i.s.r.p.i.ProjectInspector - CloneRepository
23:41:14.781 [main] INFO  f.i.s.r.p.i.ProjectInspector - CheckoutPatchedBuildCandidate
23:41:14.782 [main] INFO  f.i.s.r.p.i.ProjectInspector - ComputeSourceDir
23:41:14.782 [main] INFO  f.i.s.r.p.i.ProjectInspector - ComputeTestDir
23:41:14.782 [main] INFO  f.i.s.r.p.i.ProjectInspector - CheckoutBuggyBuildCandidateSourceCode
23:41:14.782 [main] INFO  f.i.s.r.p.i.ProjectInspector - BuildProjectBuggyBuildCandidateSourceCode
23:41:14.783 [main] INFO  f.i.s.r.p.i.ProjectInspector - TestProjectBuggyBuildCandidateSourceCode
23:41:14.783 [main] INFO  f.i.s.r.p.i.ProjectInspector - GatherTestInformationBuggyBuildCandidateSourceCode
23:41:14.783 [main] INFO  f.i.s.r.p.i.ProjectInspector - CheckoutBuggyBuildTestCode
23:41:14.783 [main] INFO  f.i.s.r.p.i.ProjectInspector - InitRepoToPush
23:41:14.783 [main] INFO  f.i.s.r.p.i.ProjectInspector - ComputeClasspath
23:41:14.784 [main] INFO  f.i.s.r.p.i.ProjectInspector - ComputeModules
23:41:14.784 [main] INFO  f.i.s.r.p.i.ProjectInspector - CheckoutBuggyBuildCandidateSourceCode
23:41:14.784 [main] INFO  f.i.s.r.p.i.ProjectInspector - CommitChangedTests
23:41:14.784 [main] INFO  f.i.s.r.p.i.ProjectInspector - CheckoutPatchedBuildCandidate
23:41:14.785 [main] INFO  f.i.s.r.p.i.ProjectInspector - BuildProjectPatchedBuildCandidate
23:41:14.785 [main] INFO  f.i.s.r.p.i.ProjectInspector - TestProjectPatchedBuildCandidate
23:41:14.785 [main] INFO  f.i.s.r.p.i.ProjectInspector - GatherTestInformationPatchedBuildCandidate
23:41:14.786 [main] INFO  f.i.s.r.p.i.ProjectInspector - CommitPatch
23:41:14.786 [main] INFO  f.i.s.r.p.i.ProjectInspector - WritePropertyFile
23:41:14.786 [main] INFO  f.i.s.r.p.i.ProjectInspector - CommitProcessEnd
23:41:14.786 [main] INFO  f.i.s.r.p.i.ProjectInspector - PushProcessEnd
23:41:14.787 [main] DEBUG f.i.s.r.process.step.CloneRepository - ----------------------------------------------------------------------
23:41:14.787 [main] DEBUG f.i.s.r.process.step.CloneRepository - STEP 1/22: CloneRepository
23:41:14.787 [main] DEBUG f.i.s.r.process.step.CloneRepository - ----------------------------------------------------------------------
23:41:14.788 [main] DEBUG f.i.s.r.process.step.CloneRepository - Cloning repository StuPro-TOSCAna/TOSCAna in the following directory: ./workspace/StuPro-TOSCAna/TOSCAna/336235113
23:41:31.291 [main] DEBUG f.i.s.r.process.step.CloneRepository - STEP STATUS: [ CloneRepository : SUCCESS ]
23:41:31.292 [main] DEBUG f.i.s.r.process.step.CloneRepository - STEP DURATION: 16s
23:41:31.292 [main] DEBUG f.i.s.r.process.step.CloneRepository - EXECUTE NEXT STEP
23:41:31.293 [main] DEBUG f.i.s.r.p.s.c.CheckoutPatchedBuild - ----------------------------------------------------------------------
23:41:31.293 [main] DEBUG f.i.s.r.p.s.c.CheckoutPatchedBuild - STEP 2/22: CheckoutPatchedBuildCandidate
23:41:31.293 [main] DEBUG f.i.s.r.p.s.c.CheckoutPatchedBuild - ----------------------------------------------------------------------
23:41:31.293 [main] DEBUG f.i.s.r.p.s.c.CheckoutPatchedBuild - Checking out patched build candidate...
23:41:31.638 [main] INFO  fr.inria.jtravis.JTravis - GitHub ratelimit: Limit: 5000 Remaining: 4731 Reset hour: 19:22:56
23:41:33.416 [main] DEBUG f.i.s.r.p.s.c.CheckoutPatchedBuild - Reproduce the PR for StuPro-TOSCAna/TOSCAna by fetching remote branch and merging.
23:41:33.582 [main] ERROR f.i.s.r.p.s.c.CheckoutPatchedBuild - Error while testing commit: org.eclipse.jgit.errors.MissingObjectException: Missing unknown 0c06490b69e490a33691655b1e4782652757b167
23:41:33.585 [main] ERROR f.i.s.r.p.s.c.CheckoutPatchedBuild - Commit head ref cannot be retrieved from the repository: 0c06490b69e490a33691655b1e4782652757b167. Operation aborted.
23:41:33.585 [main] ERROR f.i.s.r.p.s.c.CheckoutPatchedBuild - Error while merging two commits to reproduce the PR.
23:41:33.586 [main] DEBUG f.i.s.r.p.s.c.CheckoutPatchedBuild - STEP STATUS: [ CheckoutPatchedBuildCandidate : FAILURE ( BUILDNOTCHECKEDOUT ) ]
23:41:33.587 [main] DEBUG f.i.s.r.p.s.c.CheckoutPatchedBuild - STEP DURATION: 2s
23:41:33.587 [main] DEBUG f.i.s.r.p.s.c.CheckoutPatchedBuild - TERMINATE PIPELINE
23:41:33.587 [main] DEBUG f.i.s.r.p.s.c.CheckoutPatchedBuild - FINAL STEPS SKIPPED: The reproduction of the bug and/or the patch failed.
23:41:33.588 [main] INFO  f.i.s.r.p.s.c.CheckoutPatchedBuild - Serialize all data for the pair of builds 336235113, 336242064
23:41:34.079 [main] INFO  fr.inria.jtravis.JTravis - GitHub ratelimit: Limit: 5000 Remaining: 4722 Reset hour: 19:22:56
23:41:35.119 [main] INFO  f.i.s.r.p.i.ProjectInspector - ----------------------------------------------------------------------
23:41:35.120 [main] INFO  f.i.s.r.p.i.ProjectInspector - PIPELINE EXECUTION SUMMARY
23:41:35.120 [main] INFO  f.i.s.r.p.i.ProjectInspector - ----------------------------------------------------------------------
23:41:35.121 [main] INFO  f.i.s.r.p.i.ProjectInspector - CloneRepository.......................................SUCCESS [ 16 s ]
23:41:35.121 [main] INFO  f.i.s.r.p.i.ProjectInspector - CheckoutPatchedBuildCandidate.........................FAILURE [  2 s ]
23:41:35.121 [main] INFO  f.i.s.r.p.i.ProjectInspector - ComputeSourceDir......................................NOT RUN         
23:41:35.122 [main] INFO  f.i.s.r.p.i.ProjectInspector - ComputeTestDir........................................NOT RUN         
23:41:35.124 [main] INFO  f.i.s.r.p.i.ProjectInspector - CheckoutBuggyBuildCandidateSourceCode.................NOT RUN         
23:41:35.125 [main] INFO  f.i.s.r.p.i.ProjectInspector - BuildProjectBuggyBuildCandidateSourceCode.............NOT RUN         
23:41:35.125 [main] INFO  f.i.s.r.p.i.ProjectInspector - TestProjectBuggyBuildCandidateSourceCode..............NOT RUN         
23:41:35.125 [main] INFO  f.i.s.r.p.i.ProjectInspector - GatherTestInformationBuggyBuildCandidateSourceCode....NOT RUN         
23:41:35.125 [main] INFO  f.i.s.r.p.i.ProjectInspector - CheckoutBuggyBuildTestCode............................NOT RUN         
23:41:35.125 [main] INFO  f.i.s.r.p.i.ProjectInspector - InitRepoToPush........................................NOT RUN         
23:41:35.126 [main] INFO  f.i.s.r.p.i.ProjectInspector - ComputeClasspath......................................NOT RUN         
23:41:35.126 [main] INFO  f.i.s.r.p.i.ProjectInspector - ComputeModules........................................NOT RUN         
23:41:35.126 [main] INFO  f.i.s.r.p.i.ProjectInspector - CheckoutBuggyBuildCandidateSourceCode.................NOT RUN         
23:41:35.126 [main] INFO  f.i.s.r.p.i.ProjectInspector - CommitChangedTests....................................NOT RUN         
23:41:35.126 [main] INFO  f.i.s.r.p.i.ProjectInspector - CheckoutPatchedBuildCandidate.........................NOT RUN         
23:41:35.127 [main] INFO  f.i.s.r.p.i.ProjectInspector - BuildProjectPatchedBuildCandidate.....................NOT RUN         
23:41:35.127 [main] INFO  f.i.s.r.p.i.ProjectInspector - TestProjectPatchedBuildCandidate......................NOT RUN         
23:41:35.127 [main] INFO  f.i.s.r.p.i.ProjectInspector - GatherTestInformationPatchedBuildCandidate............NOT RUN         
23:41:35.127 [main] INFO  f.i.s.r.p.i.ProjectInspector - CommitPatch...........................................NOT RUN         
23:41:35.127 [main] INFO  f.i.s.r.p.i.ProjectInspector - WritePropertyFile.....................................NOT RUN         
23:41:35.128 [main] INFO  f.i.s.r.p.i.ProjectInspector - CommitProcessEnd......................................NOT RUN         
23:41:35.128 [main] INFO  f.i.s.r.p.i.ProjectInspector - PushProcessEnd........................................NOT RUN         
23:41:35.128 [main] INFO  f.i.s.r.p.i.ProjectInspector - ----------------------------------------------------------------------
23:41:35.128 [main] INFO  f.i.s.r.p.i.ProjectInspector - PIPELINE FINDING: BUILDNOTCHECKEDOUT
23:41:35.128 [main] INFO  f.i.s.r.p.i.ProjectInspector - ----------------------------------------------------------------------
23:41:35.129 [main] INFO  f.i.s.repairnator.pipeline.Launcher - Inspector is finished. The process will exit now.
