19:42:56.044 [main] INFO  f.i.s.repairnator.pipeline.Launcher - PIPELINE VERSION: 3.0-2018-08-09 19:04
19:42:56.256 [main] INFO  f.i.s.repairnator.pipeline.Launcher - The pipeline will try to reproduce a bug from build 337073706 and its corresponding patch from build 337554103
19:42:56.257 [main] INFO  f.i.s.repairnator.pipeline.Launcher - Initialize file serializer engines.
19:42:56.259 [main] INFO  f.i.s.repairnator.pipeline.Launcher - MongoDB won't be used for serialization.
19:42:56.260 [main] INFO  f.i.s.repairnator.pipeline.Launcher - The email notifier engine won't be used.
19:42:56.265 [main] INFO  f.i.s.repairnator.pipeline.Launcher - Start by getting the build (buildId: 337073706) with the following config: RepairnatorConfig{runId='115b89a2-5f2f-4a9f-a894-a9ee1a0dcd59_02-18-week1-PASSING_AND_PASSING', launcherMode=BEARS, serializeJson=true, inputPath='null', outputPath='/var/log', mongodbHost='null', mongodbName='repairnator', smtpServer='null', notifyTo=[], notifyEndProcess=false, push=true, pushRemoteRepo='https://github.com/fermadeiral/bears-collection-pp', fork=false, lookFromDate=null, lookToDate=null, buildId=337073706, z3solverPath='./z3_for_linux', workspacePath='./workspace', githubToken='c8a341a903[...]', dockerImageName='null', skipDelete=false, createOutputDir=false, logDirectory='null', nbThreads=0, globalTimeout=0, whiteList=null, blackList=null, jobSleepTime=0, buildSleepTime=0, maxInspectedBuilds=0, duration=null, humanPatch=false, repository='null', clean=true, bearsMode=BOTH, bearsDelimiter = false, repairTools=NopolAllTests,NPEFix,AssertFixer,AstorJGenProg,AstorJKali,NopolSingleTest,AstorJMut,NopolTestExclusionStrategy, githubUserName= fermadeiral, githubUserEmail=fer.madeiral@gmail.com}
19:42:57.688 [main] DEBUG fr.inria.jtravis.helpers.BuildHelper - Get request to :https://api.travis-ci.org/build/337073706 done after 821 ms
19:42:57.939 [main] DEBUG fr.inria.jtravis.helpers.BuildHelper - Get request to :https://api.travis-ci.org/build/337554103 done after 144 ms
19:42:57.967 [main] INFO  f.i.s.repairnator.pipeline.Launcher - The patched build (337554103) was successfully retrieved from Travis.
19:42:59.077 [main] INFO  fr.inria.jtravis.JTravis - GitHub ratelimit: Limit: 5000 Remaining: 4780 Reset hour: 19:22:42
19:42:59.363 [main] INFO  f.i.s.r.p.i.ProjectInspector - ----------------------------------------------------------------------
19:42:59.363 [main] INFO  f.i.s.r.p.i.ProjectInspector - PIPELINE STEPS
19:42:59.364 [main] INFO  f.i.s.r.p.i.ProjectInspector - ----------------------------------------------------------------------
19:42:59.364 [main] INFO  f.i.s.r.p.i.ProjectInspector - CloneRepository
19:42:59.364 [main] INFO  f.i.s.r.p.i.ProjectInspector - CheckoutPatchedBuildCandidate
19:42:59.365 [main] INFO  f.i.s.r.p.i.ProjectInspector - ComputeSourceDir
19:42:59.365 [main] INFO  f.i.s.r.p.i.ProjectInspector - ComputeTestDir
19:42:59.366 [main] INFO  f.i.s.r.p.i.ProjectInspector - CheckoutBuggyBuildCandidateSourceCode
19:42:59.367 [main] INFO  f.i.s.r.p.i.ProjectInspector - BuildProjectBuggyBuildCandidateSourceCode
19:42:59.367 [main] INFO  f.i.s.r.p.i.ProjectInspector - TestProjectBuggyBuildCandidateSourceCode
19:42:59.368 [main] INFO  f.i.s.r.p.i.ProjectInspector - GatherTestInformationBuggyBuildCandidateSourceCode
19:42:59.368 [main] INFO  f.i.s.r.p.i.ProjectInspector - CheckoutBuggyBuildTestCode
19:42:59.369 [main] INFO  f.i.s.r.p.i.ProjectInspector - InitRepoToPush
19:42:59.369 [main] INFO  f.i.s.r.p.i.ProjectInspector - ComputeClasspath
19:42:59.370 [main] INFO  f.i.s.r.p.i.ProjectInspector - ComputeModules
19:42:59.370 [main] INFO  f.i.s.r.p.i.ProjectInspector - CheckoutBuggyBuildCandidateSourceCode
19:42:59.371 [main] INFO  f.i.s.r.p.i.ProjectInspector - CommitChangedTests
19:42:59.371 [main] INFO  f.i.s.r.p.i.ProjectInspector - CheckoutPatchedBuildCandidate
19:42:59.372 [main] INFO  f.i.s.r.p.i.ProjectInspector - BuildProjectPatchedBuildCandidate
19:42:59.372 [main] INFO  f.i.s.r.p.i.ProjectInspector - TestProjectPatchedBuildCandidate
19:42:59.373 [main] INFO  f.i.s.r.p.i.ProjectInspector - GatherTestInformationPatchedBuildCandidate
19:42:59.373 [main] INFO  f.i.s.r.p.i.ProjectInspector - CommitPatch
19:42:59.374 [main] INFO  f.i.s.r.p.i.ProjectInspector - WritePropertyFile
19:42:59.374 [main] INFO  f.i.s.r.p.i.ProjectInspector - CommitProcessEnd
19:42:59.375 [main] INFO  f.i.s.r.p.i.ProjectInspector - PushProcessEnd
19:42:59.375 [main] DEBUG f.i.s.r.process.step.CloneRepository - ----------------------------------------------------------------------
19:42:59.376 [main] DEBUG f.i.s.r.process.step.CloneRepository - STEP 1/22: CloneRepository
19:42:59.377 [main] DEBUG f.i.s.r.process.step.CloneRepository - ----------------------------------------------------------------------
19:42:59.377 [main] DEBUG f.i.s.r.process.step.CloneRepository - Cloning repository runelite/runelite in the following directory: ./workspace/runelite/runelite/337073706
19:43:10.302 [main] DEBUG f.i.s.r.process.step.CloneRepository - STEP STATUS: [ CloneRepository : SUCCESS ]
19:43:10.303 [main] DEBUG f.i.s.r.process.step.CloneRepository - STEP DURATION: 10s
19:43:10.303 [main] DEBUG f.i.s.r.process.step.CloneRepository - EXECUTE NEXT STEP
19:43:10.304 [main] DEBUG f.i.s.r.p.s.c.CheckoutPatchedBuild - ----------------------------------------------------------------------
19:43:10.304 [main] DEBUG f.i.s.r.p.s.c.CheckoutPatchedBuild - STEP 2/22: CheckoutPatchedBuildCandidate
19:43:10.304 [main] DEBUG f.i.s.r.p.s.c.CheckoutPatchedBuild - ----------------------------------------------------------------------
19:43:10.304 [main] DEBUG f.i.s.r.p.s.c.CheckoutPatchedBuild - Checking out patched build candidate...
19:43:10.635 [main] INFO  fr.inria.jtravis.JTravis - GitHub ratelimit: Limit: 5000 Remaining: 4777 Reset hour: 19:22:42
19:43:12.978 [main] DEBUG f.i.s.r.p.s.c.CheckoutPatchedBuild - Reproduce the PR for runelite/runelite by fetching remote branch and merging.
19:43:28.597 [main] DEBUG f.i.s.r.process.git.GitHelper - Step CheckoutPatchedBuildCandidate - Get the commit e4d1d46ce927cce43d46b91e4d3bd0bb90b636eb for repo runelite/runelite
19:43:29.645 [main] DEBUG f.i.s.r.process.git.GitHelper - Step CheckoutPatchedBuildCandidate - Do the merge with the PR commit for repo runelite/runelite
19:43:29.666 [main] INFO  f.i.s.r.process.git.GitHelper - Init git submodules.
19:43:29.720 [main] DEBUG f.i.s.r.p.s.c.CheckoutPatchedBuild - STEP STATUS: [ CheckoutPatchedBuildCandidate : SUCCESS ]
19:43:29.720 [main] DEBUG f.i.s.r.p.s.c.CheckoutPatchedBuild - STEP DURATION: 19s
19:43:29.720 [main] DEBUG f.i.s.r.p.s.c.CheckoutPatchedBuild - EXECUTE NEXT STEP
19:43:29.721 [main] DEBUG f.i.s.r.p.s.paths.ComputeSourceDir - ----------------------------------------------------------------------
19:43:29.721 [main] DEBUG f.i.s.r.p.s.paths.ComputeSourceDir - STEP 3/22: ComputeSourceDir
19:43:29.721 [main] DEBUG f.i.s.r.p.s.paths.ComputeSourceDir - ----------------------------------------------------------------------
19:43:29.721 [main] DEBUG f.i.s.r.p.s.paths.ComputeSourceDir - Computing the source directory ...
19:43:29.722 [main] DEBUG f.i.s.r.p.s.paths.ComputeSourceDir - The default source directory (/root/workspace/runelite/runelite/337073706/src/main/java) does not exist. Try to read pom.xml to get information.
19:43:29.855 [main] DEBUG f.i.s.r.p.s.paths.ComputeSourceDir - The source directory given in pom.xml (/root/workspace/runelite/runelite/337073706/src/main/java) does not exist. Continue to try to get source dir from all modules.
19:43:29.959 [main] DEBUG f.i.s.r.p.s.paths.ComputeSourceDir - The default source directory (/root/workspace/runelite/runelite/337073706/runelite-scripts/src/main/java) does not exist. Try to read pom.xml to get information.
19:43:29.969 [main] DEBUG f.i.s.r.p.s.paths.ComputeSourceDir - The source directory given in pom.xml (/root/workspace/runelite/runelite/337073706/runelite-scripts/src/main/java) does not exist. Continue to try to get source dir from all modules.
19:43:29.969 [main] ERROR f.i.s.r.p.s.paths.ComputeSourceDir - The source directory is not at default location or specified in build section from pom.xml, and no parent can be found.
19:43:29.977 [main] DEBUG f.i.s.r.p.s.paths.ComputeSourceDir - The default source directory (/root/workspace/runelite/runelite/337073706/runescape-client-injector/src/main/java) does not exist. Try to read pom.xml to get information.
19:43:29.988 [main] DEBUG f.i.s.r.p.s.paths.ComputeSourceDir - The source directory given in pom.xml (/root/workspace/runelite/runelite/337073706/runescape-client-injector/src/main/java) does not exist. Continue to try to get source dir from all modules.
19:43:29.988 [main] ERROR f.i.s.r.p.s.paths.ComputeSourceDir - The source directory is not at default location or specified in build section from pom.xml, and no parent can be found.
19:43:30.010 [main] INFO  f.i.s.r.p.s.paths.ComputeSourceDir - 17 source dirs were found:
19:43:30.011 [main] INFO  f.i.s.r.p.s.paths.ComputeSourceDir - /root/workspace/runelite/runelite/337073706/cache-client/src/main/java
19:43:30.011 [main] INFO  f.i.s.r.p.s.paths.ComputeSourceDir - /root/workspace/runelite/runelite/337073706/cache-server/src/main/java
19:43:30.011 [main] INFO  f.i.s.r.p.s.paths.ComputeSourceDir - /root/workspace/runelite/runelite/337073706/cache-updater/src/main/java
19:43:30.011 [main] INFO  f.i.s.r.p.s.paths.ComputeSourceDir - /root/workspace/runelite/runelite/337073706/cache/src/main/java
19:43:30.011 [main] INFO  f.i.s.r.p.s.paths.ComputeSourceDir - /root/workspace/runelite/runelite/337073706/deobfuscator/src/main/java
19:43:30.012 [main] INFO  f.i.s.r.p.s.paths.ComputeSourceDir - /root/workspace/runelite/runelite/337073706/http-api/src/main/java
19:43:30.012 [main] INFO  f.i.s.r.p.s.paths.ComputeSourceDir - /root/workspace/runelite/runelite/337073706/http-service/src/main/java
19:43:30.012 [main] INFO  f.i.s.r.p.s.paths.ComputeSourceDir - /root/workspace/runelite/runelite/337073706/model-viewer/src/main/java
19:43:30.012 [main] INFO  f.i.s.r.p.s.paths.ComputeSourceDir - /root/workspace/runelite/runelite/337073706/protocol-api/src/main/java
19:43:30.012 [main] INFO  f.i.s.r.p.s.paths.ComputeSourceDir - /root/workspace/runelite/runelite/337073706/protocol/src/main/java
19:43:30.013 [main] INFO  f.i.s.r.p.s.paths.ComputeSourceDir - /root/workspace/runelite/runelite/337073706/runelite-api/src/main/java
19:43:30.013 [main] INFO  f.i.s.r.p.s.paths.ComputeSourceDir - /root/workspace/runelite/runelite/337073706/runelite-client/src/main/java
19:43:30.013 [main] INFO  f.i.s.r.p.s.paths.ComputeSourceDir - /root/workspace/runelite/runelite/337073706/runelite-mixins/src/main/java
19:43:30.013 [main] INFO  f.i.s.r.p.s.paths.ComputeSourceDir - /root/workspace/runelite/runelite/337073706/runelite-script-assembler-plugin/src/main/java
19:43:30.013 [main] INFO  f.i.s.r.p.s.paths.ComputeSourceDir - /root/workspace/runelite/runelite/337073706/runescape-api/src/main/java
19:43:30.013 [main] INFO  f.i.s.r.p.s.paths.ComputeSourceDir - /root/workspace/runelite/runelite/337073706/runescape-client-injector-plugin/src/main/java
19:43:30.013 [main] INFO  f.i.s.r.p.s.paths.ComputeSourceDir - /root/workspace/runelite/runelite/337073706/runescape-client/src/main/java
19:43:30.059 [main] DEBUG f.i.s.r.p.s.paths.ComputeSourceDir - Compute the line of code of the project
19:43:30.279 [main] DEBUG f.i.s.r.p.s.paths.ComputeSourceDir - Get result from cloc process...
19:43:30.280 [main] DEBUG f.i.s.r.p.s.paths.ComputeSourceDir - STEP STATUS: [ ComputeSourceDir : SUCCESS ]
19:43:30.281 [main] DEBUG f.i.s.r.p.s.paths.ComputeSourceDir - STEP DURATION: 0s
19:43:30.281 [main] DEBUG f.i.s.r.p.s.paths.ComputeSourceDir - EXECUTE NEXT STEP
19:43:30.281 [main] DEBUG f.i.s.r.p.step.paths.ComputeTestDir - ----------------------------------------------------------------------
19:43:30.281 [main] DEBUG f.i.s.r.p.step.paths.ComputeTestDir - STEP 4/22: ComputeTestDir
19:43:30.282 [main] DEBUG f.i.s.r.p.step.paths.ComputeTestDir - ----------------------------------------------------------------------
19:43:30.282 [main] DEBUG f.i.s.r.p.step.paths.ComputeTestDir - Computing the test directory ...
19:43:30.282 [main] DEBUG f.i.s.r.p.step.paths.ComputeTestDir - The default test directory (/root/workspace/runelite/runelite/337073706/src/test/java) does not exist. Try to read pom.xml to get information.
19:43:30.286 [main] DEBUG f.i.s.r.p.step.paths.ComputeTestDir - The test directory given in pom.xml (/root/workspace/runelite/runelite/337073706/src/test/java) does not exist. Continue to try to get test dir from all modules.
19:43:30.296 [main] DEBUG f.i.s.r.p.step.paths.ComputeTestDir - The default test directory (/root/workspace/runelite/runelite/337073706/cache-updater/src/test/java) does not exist. Try to read pom.xml to get information.
19:43:30.305 [main] DEBUG f.i.s.r.p.step.paths.ComputeTestDir - The test directory given in pom.xml (/root/workspace/runelite/runelite/337073706/cache-updater/src/test/java) does not exist. Continue to try to get test dir from all modules.
19:43:30.305 [main] ERROR f.i.s.r.p.step.paths.ComputeTestDir - The test directory is not at default location or specified in build section from pom.xml, and no parent can be found.
19:43:30.310 [main] DEBUG f.i.s.r.p.step.paths.ComputeTestDir - The default test directory (/root/workspace/runelite/runelite/337073706/model-viewer/src/test/java) does not exist. Try to read pom.xml to get information.
19:43:30.313 [main] DEBUG f.i.s.r.p.step.paths.ComputeTestDir - The test directory given in pom.xml (/root/workspace/runelite/runelite/337073706/model-viewer/src/test/java) does not exist. Continue to try to get test dir from all modules.
19:43:30.313 [main] ERROR f.i.s.r.p.step.paths.ComputeTestDir - The test directory is not at default location or specified in build section from pom.xml, and no parent can be found.
19:43:30.321 [main] DEBUG f.i.s.r.p.step.paths.ComputeTestDir - The default test directory (/root/workspace/runelite/runelite/337073706/runelite-mixins/src/test/java) does not exist. Try to read pom.xml to get information.
19:43:30.325 [main] DEBUG f.i.s.r.p.step.paths.ComputeTestDir - The test directory given in pom.xml (/root/workspace/runelite/runelite/337073706/runelite-mixins/src/test/java) does not exist. Continue to try to get test dir from all modules.
19:43:30.325 [main] ERROR f.i.s.r.p.step.paths.ComputeTestDir - The test directory is not at default location or specified in build section from pom.xml, and no parent can be found.
19:43:30.325 [main] DEBUG f.i.s.r.p.step.paths.ComputeTestDir - The default test directory (/root/workspace/runelite/runelite/337073706/runelite-script-assembler-plugin/src/test/java) does not exist. Try to read pom.xml to get information.
19:43:30.328 [main] DEBUG f.i.s.r.p.step.paths.ComputeTestDir - The test directory given in pom.xml (/root/workspace/runelite/runelite/337073706/runelite-script-assembler-plugin/src/test/java) does not exist. Continue to try to get test dir from all modules.
19:43:30.328 [main] ERROR f.i.s.r.p.step.paths.ComputeTestDir - The test directory is not at default location or specified in build section from pom.xml, and no parent can be found.
19:43:30.328 [main] DEBUG f.i.s.r.p.step.paths.ComputeTestDir - The default test directory (/root/workspace/runelite/runelite/337073706/runelite-scripts/src/test/java) does not exist. Try to read pom.xml to get information.
19:43:30.331 [main] DEBUG f.i.s.r.p.step.paths.ComputeTestDir - The test directory given in pom.xml (/root/workspace/runelite/runelite/337073706/runelite-scripts/src/test/java) does not exist. Continue to try to get test dir from all modules.
19:43:30.331 [main] ERROR f.i.s.r.p.step.paths.ComputeTestDir - The test directory is not at default location or specified in build section from pom.xml, and no parent can be found.
19:43:30.331 [main] DEBUG f.i.s.r.p.step.paths.ComputeTestDir - The default test directory (/root/workspace/runelite/runelite/337073706/runescape-api/src/test/java) does not exist. Try to read pom.xml to get information.
19:43:30.334 [main] DEBUG f.i.s.r.p.step.paths.ComputeTestDir - The test directory given in pom.xml (/root/workspace/runelite/runelite/337073706/runescape-api/src/test/java) does not exist. Continue to try to get test dir from all modules.
19:43:30.334 [main] ERROR f.i.s.r.p.step.paths.ComputeTestDir - The test directory is not at default location or specified in build section from pom.xml, and no parent can be found.
19:43:30.339 [main] DEBUG f.i.s.r.p.step.paths.ComputeTestDir - The default test directory (/root/workspace/runelite/runelite/337073706/runescape-client-injector/src/test/java) does not exist. Try to read pom.xml to get information.
19:43:30.342 [main] DEBUG f.i.s.r.p.step.paths.ComputeTestDir - The test directory given in pom.xml (/root/workspace/runelite/runelite/337073706/runescape-client-injector/src/test/java) does not exist. Continue to try to get test dir from all modules.
19:43:30.342 [main] ERROR f.i.s.r.p.step.paths.ComputeTestDir - The test directory is not at default location or specified in build section from pom.xml, and no parent can be found.
19:43:30.345 [main] DEBUG f.i.s.r.p.step.paths.ComputeTestDir - The default test directory (/root/workspace/runelite/runelite/337073706/http-api/src/test/java) does not exist. Try to read pom.xml to get information.
19:43:30.348 [main] DEBUG f.i.s.r.p.step.paths.ComputeTestDir - The test directory given in pom.xml (/root/workspace/runelite/runelite/337073706/http-api/src/test/java) does not exist. Continue to try to get test dir from all modules.
19:43:30.348 [main] ERROR f.i.s.r.p.step.paths.ComputeTestDir - The test directory is not at default location or specified in build section from pom.xml, and no parent can be found.
19:43:30.358 [main] DEBUG f.i.s.r.p.step.paths.ComputeTestDir - The default test directory (/root/workspace/runelite/runelite/337073706/protocol-api/src/test/java) does not exist. Try to read pom.xml to get information.
19:43:30.361 [main] DEBUG f.i.s.r.p.step.paths.ComputeTestDir - The test directory given in pom.xml (/root/workspace/runelite/runelite/337073706/protocol-api/src/test/java) does not exist. Continue to try to get test dir from all modules.
19:43:30.361 [main] ERROR f.i.s.r.p.step.paths.ComputeTestDir - The test directory is not at default location or specified in build section from pom.xml, and no parent can be found.
19:43:30.364 [main] INFO  f.i.s.r.p.step.paths.ComputeTestDir - 10 test dirs were found:
19:43:30.364 [main] INFO  f.i.s.r.p.step.paths.ComputeTestDir - /root/workspace/runelite/runelite/337073706/cache-client/src/test/java
19:43:30.364 [main] INFO  f.i.s.r.p.step.paths.ComputeTestDir - /root/workspace/runelite/runelite/337073706/cache-server/src/test/java
19:43:30.364 [main] INFO  f.i.s.r.p.step.paths.ComputeTestDir - /root/workspace/runelite/runelite/337073706/cache/src/test/java
19:43:30.364 [main] INFO  f.i.s.r.p.step.paths.ComputeTestDir - /root/workspace/runelite/runelite/337073706/deobfuscator/src/test/java
19:43:30.365 [main] INFO  f.i.s.r.p.step.paths.ComputeTestDir - /root/workspace/runelite/runelite/337073706/http-service/src/test/java
19:43:30.365 [main] INFO  f.i.s.r.p.step.paths.ComputeTestDir - /root/workspace/runelite/runelite/337073706/protocol/src/test/java
19:43:30.365 [main] INFO  f.i.s.r.p.step.paths.ComputeTestDir - /root/workspace/runelite/runelite/337073706/runelite-api/src/test/java
19:43:30.365 [main] INFO  f.i.s.r.p.step.paths.ComputeTestDir - /root/workspace/runelite/runelite/337073706/runelite-client/src/test/java
19:43:30.365 [main] INFO  f.i.s.r.p.step.paths.ComputeTestDir - /root/workspace/runelite/runelite/337073706/runescape-client-injector-plugin/src/test/java
19:43:30.365 [main] INFO  f.i.s.r.p.step.paths.ComputeTestDir - /root/workspace/runelite/runelite/337073706/runescape-client/src/test/java
19:43:30.371 [main] DEBUG f.i.s.r.p.step.paths.ComputeTestDir - STEP STATUS: [ ComputeTestDir : SUCCESS ]
19:43:30.372 [main] DEBUG f.i.s.r.p.step.paths.ComputeTestDir - STEP DURATION: 0s
19:43:30.372 [main] DEBUG f.i.s.r.p.step.paths.ComputeTestDir - EXECUTE NEXT STEP
19:43:30.372 [main] DEBUG f.i.s.r.p.s.c.CheckoutBuggyBuildSourceCode - ----------------------------------------------------------------------
19:43:30.372 [main] DEBUG f.i.s.r.p.s.c.CheckoutBuggyBuildSourceCode - STEP 5/22: CheckoutBuggyBuildCandidateSourceCode
19:43:30.372 [main] DEBUG f.i.s.r.p.s.c.CheckoutBuggyBuildSourceCode - ----------------------------------------------------------------------
19:43:30.372 [main] DEBUG f.i.s.r.p.s.c.CheckoutBuggyBuildSourceCode - Checking out the source code of the buggy build candidate...
19:43:30.696 [main] INFO  fr.inria.jtravis.JTravis - GitHub ratelimit: Limit: 5000 Remaining: 4758 Reset hour: 19:22:42
19:43:32.075 [main] DEBUG f.i.s.r.p.s.c.CheckoutBuggyBuildSourceCode - Reproduce the PR for runelite/runelite by fetching remote branch and merging.
19:43:32.238 [main] DEBUG f.i.s.r.process.git.GitHelper - Step CheckoutBuggyBuildCandidateSourceCode - Get the commit e4d1d46ce927cce43d46b91e4d3bd0bb90b636eb for repo runelite/runelite
19:43:32.402 [main] DEBUG f.i.s.r.process.git.GitHelper - Step CheckoutBuggyBuildCandidateSourceCode - Do the merge with the PR commit for repo runelite/runelite
19:43:32.404 [main] INFO  f.i.s.r.process.git.GitHelper - Init git submodules.
19:43:32.573 [main] INFO  fr.inria.jtravis.JTravis - GitHub ratelimit: Limit: 5000 Remaining: 4742 Reset hour: 19:22:42
19:43:34.189 [main] DEBUG f.i.s.r.p.s.c.CheckoutBuggyBuildSourceCode - Reproduce the PR for runelite/runelite by fetching remote branch and merging.
19:43:34.606 [main] ERROR f.i.s.r.p.s.c.CheckoutBuggyBuildSourceCode - Error while testing commit: org.eclipse.jgit.errors.MissingObjectException: Missing unknown 05e1227c2c78d17650f46bdefade1e76110c1163
19:43:34.608 [main] ERROR f.i.s.r.p.s.c.CheckoutBuggyBuildSourceCode - Commit head ref cannot be retrieved from the repository: 05e1227c2c78d17650f46bdefade1e76110c1163. Operation aborted.
19:43:34.608 [main] ERROR f.i.s.r.p.s.c.CheckoutBuggyBuildSourceCode - Error while merging two commits to reproduce the PR.
19:43:34.610 [main] DEBUG f.i.s.r.p.s.c.CheckoutBuggyBuildSourceCode - STEP STATUS: [ CheckoutBuggyBuildCandidateSourceCode : FAILURE ( BUILDNOTCHECKEDOUT ) ]
19:43:34.610 [main] DEBUG f.i.s.r.p.s.c.CheckoutBuggyBuildSourceCode - STEP DURATION: 4s
19:43:34.610 [main] DEBUG f.i.s.r.p.s.c.CheckoutBuggyBuildSourceCode - TERMINATE PIPELINE
19:43:34.611 [main] DEBUG f.i.s.r.p.s.c.CheckoutBuggyBuildSourceCode - FINAL STEPS SKIPPED: The reproduction of the bug and/or the patch failed.
19:43:34.611 [main] INFO  f.i.s.r.p.s.c.CheckoutBuggyBuildSourceCode - Serialize all data for the pair of builds 337073706, 337554103
19:43:34.731 [main] INFO  fr.inria.jtravis.JTravis - GitHub ratelimit: Limit: 5000 Remaining: 4735 Reset hour: 19:22:42
19:43:35.444 [main] INFO  f.i.s.r.p.i.ProjectInspector - ----------------------------------------------------------------------
19:43:35.444 [main] INFO  f.i.s.r.p.i.ProjectInspector - PIPELINE EXECUTION SUMMARY
19:43:35.445 [main] INFO  f.i.s.r.p.i.ProjectInspector - ----------------------------------------------------------------------
19:43:35.445 [main] INFO  f.i.s.r.p.i.ProjectInspector - CloneRepository.......................................SUCCESS [ 10 s ]
19:43:35.445 [main] INFO  f.i.s.r.p.i.ProjectInspector - CheckoutPatchedBuildCandidate.........................SUCCESS [ 19 s ]
19:43:35.446 [main] INFO  f.i.s.r.p.i.ProjectInspector - ComputeSourceDir......................................SUCCESS [  0 s ]
19:43:35.446 [main] INFO  f.i.s.r.p.i.ProjectInspector - ComputeTestDir........................................SUCCESS [  0 s ]
19:43:35.446 [main] INFO  f.i.s.r.p.i.ProjectInspector - CheckoutBuggyBuildCandidateSourceCode.................FAILURE [  4 s ]
19:43:35.446 [main] INFO  f.i.s.r.p.i.ProjectInspector - BuildProjectBuggyBuildCandidateSourceCode.............NOT RUN         
19:43:35.446 [main] INFO  f.i.s.r.p.i.ProjectInspector - TestProjectBuggyBuildCandidateSourceCode..............NOT RUN         
19:43:35.446 [main] INFO  f.i.s.r.p.i.ProjectInspector - GatherTestInformationBuggyBuildCandidateSourceCode....NOT RUN         
19:43:35.447 [main] INFO  f.i.s.r.p.i.ProjectInspector - CheckoutBuggyBuildTestCode............................NOT RUN         
19:43:35.447 [main] INFO  f.i.s.r.p.i.ProjectInspector - InitRepoToPush........................................NOT RUN         
19:43:35.447 [main] INFO  f.i.s.r.p.i.ProjectInspector - ComputeClasspath......................................NOT RUN         
19:43:35.447 [main] INFO  f.i.s.r.p.i.ProjectInspector - ComputeModules........................................NOT RUN         
19:43:35.447 [main] INFO  f.i.s.r.p.i.ProjectInspector - CheckoutBuggyBuildCandidateSourceCode.................NOT RUN         
19:43:35.447 [main] INFO  f.i.s.r.p.i.ProjectInspector - CommitChangedTests....................................NOT RUN         
19:43:35.448 [main] INFO  f.i.s.r.p.i.ProjectInspector - CheckoutPatchedBuildCandidate.........................NOT RUN         
19:43:35.448 [main] INFO  f.i.s.r.p.i.ProjectInspector - BuildProjectPatchedBuildCandidate.....................NOT RUN         
19:43:35.448 [main] INFO  f.i.s.r.p.i.ProjectInspector - TestProjectPatchedBuildCandidate......................NOT RUN         
19:43:35.449 [main] INFO  f.i.s.r.p.i.ProjectInspector - GatherTestInformationPatchedBuildCandidate............NOT RUN         
19:43:35.449 [main] INFO  f.i.s.r.p.i.ProjectInspector - CommitPatch...........................................NOT RUN         
19:43:35.450 [main] INFO  f.i.s.r.p.i.ProjectInspector - WritePropertyFile.....................................NOT RUN         
19:43:35.450 [main] INFO  f.i.s.r.p.i.ProjectInspector - CommitProcessEnd......................................NOT RUN         
19:43:35.450 [main] INFO  f.i.s.r.p.i.ProjectInspector - PushProcessEnd........................................NOT RUN         
19:43:35.450 [main] INFO  f.i.s.r.p.i.ProjectInspector - ----------------------------------------------------------------------
19:43:35.451 [main] INFO  f.i.s.r.p.i.ProjectInspector - PIPELINE FINDING: BUILDNOTCHECKEDOUT
19:43:35.451 [main] INFO  f.i.s.r.p.i.ProjectInspector - ----------------------------------------------------------------------
19:43:35.451 [main] INFO  f.i.s.repairnator.pipeline.Launcher - Inspector is finished. The process will exit now.
