22:14:26.898 [main] INFO  f.i.s.repairnator.pipeline.Launcher - PIPELINE VERSION: 3.0-2018-08-09 19:04
22:14:27.035 [main] INFO  f.i.s.repairnator.pipeline.Launcher - The pipeline will try to reproduce a bug from build 365218088 and its corresponding patch from build 365219214
22:14:27.036 [main] INFO  f.i.s.repairnator.pipeline.Launcher - Initialize file serializer engines.
22:14:27.038 [main] INFO  f.i.s.repairnator.pipeline.Launcher - MongoDB won't be used for serialization.
22:14:27.038 [main] INFO  f.i.s.repairnator.pipeline.Launcher - The email notifier engine won't be used.
22:14:27.042 [main] INFO  f.i.s.repairnator.pipeline.Launcher - Start by getting the build (buildId: 365218088) with the following config: RepairnatorConfig{runId='97c942ad-a60e-4cfe-b325-5fa5c5215b2e_04-18-week2-FAILING_AND_PASSING', launcherMode=BEARS, serializeJson=true, inputPath='null', outputPath='/var/log', mongodbHost='null', mongodbName='repairnator', smtpServer='null', notifyTo=[], notifyEndProcess=false, push=true, pushRemoteRepo='https://github.com/fermadeiral/bears-collection-fp', fork=false, lookFromDate=null, lookToDate=null, buildId=365218088, z3solverPath='./z3_for_linux', workspacePath='./workspace', githubToken='c8a341a903[...]', dockerImageName='null', skipDelete=false, createOutputDir=false, logDirectory='null', nbThreads=0, globalTimeout=0, whiteList=null, blackList=null, jobSleepTime=0, buildSleepTime=0, maxInspectedBuilds=0, duration=null, humanPatch=false, repository='null', clean=true, bearsMode=BOTH, bearsDelimiter = false, repairTools=NopolAllTests,NPEFix,AssertFixer,AstorJGenProg,AstorJKali,NopolSingleTest,AstorJMut,NopolTestExclusionStrategy, githubUserName= fermadeiral, githubUserEmail=fer.madeiral@gmail.com}
22:14:28.316 [main] DEBUG fr.inria.jtravis.helpers.BuildHelper - Get request to :https://api.travis-ci.org/build/365218088 done after 776 ms
22:14:28.573 [main] DEBUG fr.inria.jtravis.helpers.BuildHelper - Get request to :https://api.travis-ci.org/build/365219214 done after 130 ms
22:14:28.595 [main] INFO  f.i.s.repairnator.pipeline.Launcher - The patched build (365219214) was successfully retrieved from Travis.
22:14:29.605 [main] INFO  fr.inria.jtravis.JTravis - GitHub ratelimit: Limit: 5000 Remaining: 4851 Reset hour: 19:38:40
22:14:29.898 [main] INFO  f.i.s.r.p.i.ProjectInspector - ----------------------------------------------------------------------
22:14:29.899 [main] INFO  f.i.s.r.p.i.ProjectInspector - PIPELINE STEPS
22:14:29.900 [main] INFO  f.i.s.r.p.i.ProjectInspector - ----------------------------------------------------------------------
22:14:29.901 [main] INFO  f.i.s.r.p.i.ProjectInspector - CloneRepository
22:14:29.901 [main] INFO  f.i.s.r.p.i.ProjectInspector - CheckoutBuggyBuildCandidate
22:14:29.902 [main] INFO  f.i.s.r.p.i.ProjectInspector - ComputeSourceDir
22:14:29.902 [main] INFO  f.i.s.r.p.i.ProjectInspector - ComputeTestDir
22:14:29.903 [main] INFO  f.i.s.r.p.i.ProjectInspector - BuildProjectBuggyBuildCandidate
22:14:29.903 [main] INFO  f.i.s.r.p.i.ProjectInspector - TestProjectBuggyBuildCandidate
22:14:29.904 [main] INFO  f.i.s.r.p.i.ProjectInspector - GatherTestInformationBuggyBuildCandidate
22:14:29.905 [main] INFO  f.i.s.r.p.i.ProjectInspector - InitRepoToPush
22:14:29.906 [main] INFO  f.i.s.r.p.i.ProjectInspector - ComputeClasspath
22:14:29.906 [main] INFO  f.i.s.r.p.i.ProjectInspector - ComputeModules
22:14:29.907 [main] INFO  f.i.s.r.p.i.ProjectInspector - CheckoutPatchedBuildCandidate
22:14:29.908 [main] INFO  f.i.s.r.p.i.ProjectInspector - BuildProjectPatchedBuildCandidate
22:14:29.908 [main] INFO  f.i.s.r.p.i.ProjectInspector - TestProjectPatchedBuildCandidate
22:14:29.909 [main] INFO  f.i.s.r.p.i.ProjectInspector - GatherTestInformationPatchedBuildCandidate
22:14:29.909 [main] INFO  f.i.s.r.p.i.ProjectInspector - CommitPatch
22:14:29.910 [main] INFO  f.i.s.r.p.i.ProjectInspector - WritePropertyFile
22:14:29.911 [main] INFO  f.i.s.r.p.i.ProjectInspector - CommitProcessEnd
22:14:29.911 [main] INFO  f.i.s.r.p.i.ProjectInspector - PushProcessEnd
22:14:29.912 [main] DEBUG f.i.s.r.process.step.CloneRepository - ----------------------------------------------------------------------
22:14:29.913 [main] DEBUG f.i.s.r.process.step.CloneRepository - STEP 1/18: CloneRepository
22:14:29.914 [main] DEBUG f.i.s.r.process.step.CloneRepository - ----------------------------------------------------------------------
22:14:29.914 [main] DEBUG f.i.s.r.process.step.CloneRepository - Cloning repository spring-cloud/spring-cloud-gcp in the following directory: ./workspace/spring-cloud/spring-cloud-gcp/365218088
22:14:34.273 [main] DEBUG f.i.s.r.process.step.CloneRepository - STEP STATUS: [ CloneRepository : SUCCESS ]
22:14:34.274 [main] DEBUG f.i.s.r.process.step.CloneRepository - STEP DURATION: 4s
22:14:34.274 [main] DEBUG f.i.s.r.process.step.CloneRepository - EXECUTE NEXT STEP
22:14:34.274 [main] DEBUG f.i.s.r.p.s.c.CheckoutBuggyBuild - ----------------------------------------------------------------------
22:14:34.275 [main] DEBUG f.i.s.r.p.s.c.CheckoutBuggyBuild - STEP 2/18: CheckoutBuggyBuildCandidate
22:14:34.275 [main] DEBUG f.i.s.r.p.s.c.CheckoutBuggyBuild - ----------------------------------------------------------------------
22:14:34.275 [main] DEBUG f.i.s.r.p.s.c.CheckoutBuggyBuild - Checking out buggy build candidate...
22:14:34.394 [main] INFO  fr.inria.jtravis.JTravis - GitHub ratelimit: Limit: 5000 Remaining: 4850 Reset hour: 19:38:40
22:14:35.870 [main] DEBUG f.i.s.r.p.s.c.CheckoutBuggyBuild - Reproduce the PR for spring-cloud/spring-cloud-gcp by fetching remote branch and merging.
22:14:36.041 [main] ERROR f.i.s.r.p.s.c.CheckoutBuggyBuild - Error while testing commit: org.eclipse.jgit.errors.MissingObjectException: Missing unknown 343b40da2a072d4a1000f79196bd96ed9d68fb16
22:14:36.042 [main] ERROR f.i.s.r.p.s.c.CheckoutBuggyBuild - Commit head ref cannot be retrieved from the repository: 343b40da2a072d4a1000f79196bd96ed9d68fb16. Operation aborted.
22:14:36.042 [main] ERROR f.i.s.r.p.s.c.CheckoutBuggyBuild - Error while merging two commits to reproduce the PR.
22:14:36.043 [main] DEBUG f.i.s.r.p.s.c.CheckoutBuggyBuild - STEP STATUS: [ CheckoutBuggyBuildCandidate : FAILURE ( BUILDNOTCHECKEDOUT ) ]
22:14:36.044 [main] DEBUG f.i.s.r.p.s.c.CheckoutBuggyBuild - STEP DURATION: 1s
22:14:36.044 [main] DEBUG f.i.s.r.p.s.c.CheckoutBuggyBuild - TERMINATE PIPELINE
22:14:36.044 [main] DEBUG f.i.s.r.p.s.c.CheckoutBuggyBuild - FINAL STEPS SKIPPED: The reproduction of the bug and/or the patch failed.
22:14:36.044 [main] INFO  f.i.s.r.p.s.c.CheckoutBuggyBuild - Serialize all data for the pair of builds 365218088, 365219214
22:14:36.173 [main] INFO  fr.inria.jtravis.JTravis - GitHub ratelimit: Limit: 5000 Remaining: 4843 Reset hour: 19:38:40
22:14:36.841 [main] INFO  f.i.s.r.p.i.ProjectInspector - ----------------------------------------------------------------------
22:14:36.842 [main] INFO  f.i.s.r.p.i.ProjectInspector - PIPELINE EXECUTION SUMMARY
22:14:36.842 [main] INFO  f.i.s.r.p.i.ProjectInspector - ----------------------------------------------------------------------
22:14:36.843 [main] INFO  f.i.s.r.p.i.ProjectInspector - CloneRepository........................................SUCCESS [ 4 s ]
22:14:36.843 [main] INFO  f.i.s.r.p.i.ProjectInspector - CheckoutBuggyBuildCandidate............................FAILURE [ 1 s ]
22:14:36.844 [main] INFO  f.i.s.r.p.i.ProjectInspector - ComputeSourceDir.......................................NOT RUN        
22:14:36.844 [main] INFO  f.i.s.r.p.i.ProjectInspector - ComputeTestDir.........................................NOT RUN        
22:14:36.844 [main] INFO  f.i.s.r.p.i.ProjectInspector - BuildProjectBuggyBuildCandidate........................NOT RUN        
22:14:36.845 [main] INFO  f.i.s.r.p.i.ProjectInspector - TestProjectBuggyBuildCandidate.........................NOT RUN        
22:14:36.845 [main] INFO  f.i.s.r.p.i.ProjectInspector - GatherTestInformationBuggyBuildCandidate...............NOT RUN        
22:14:36.846 [main] INFO  f.i.s.r.p.i.ProjectInspector - InitRepoToPush.........................................NOT RUN        
22:14:36.848 [main] INFO  f.i.s.r.p.i.ProjectInspector - ComputeClasspath.......................................NOT RUN        
22:14:36.848 [main] INFO  f.i.s.r.p.i.ProjectInspector - ComputeModules.........................................NOT RUN        
22:14:36.849 [main] INFO  f.i.s.r.p.i.ProjectInspector - CheckoutPatchedBuildCandidate..........................NOT RUN        
22:14:36.849 [main] INFO  f.i.s.r.p.i.ProjectInspector - BuildProjectPatchedBuildCandidate......................NOT RUN        
22:14:36.849 [main] INFO  f.i.s.r.p.i.ProjectInspector - TestProjectPatchedBuildCandidate.......................NOT RUN        
22:14:36.850 [main] INFO  f.i.s.r.p.i.ProjectInspector - GatherTestInformationPatchedBuildCandidate.............NOT RUN        
22:14:36.850 [main] INFO  f.i.s.r.p.i.ProjectInspector - CommitPatch............................................NOT RUN        
22:14:36.850 [main] INFO  f.i.s.r.p.i.ProjectInspector - WritePropertyFile......................................NOT RUN        
22:14:36.851 [main] INFO  f.i.s.r.p.i.ProjectInspector - CommitProcessEnd.......................................NOT RUN        
22:14:36.851 [main] INFO  f.i.s.r.p.i.ProjectInspector - PushProcessEnd.........................................NOT RUN        
22:14:36.851 [main] INFO  f.i.s.r.p.i.ProjectInspector - ----------------------------------------------------------------------
22:14:36.852 [main] INFO  f.i.s.r.p.i.ProjectInspector - PIPELINE FINDING: BUILDNOTCHECKEDOUT
22:14:36.852 [main] INFO  f.i.s.r.p.i.ProjectInspector - ----------------------------------------------------------------------
22:14:36.852 [main] INFO  f.i.s.repairnator.pipeline.Launcher - Inspector is finished. The process will exit now.
