21:36:04.534 [main] INFO  f.i.s.repairnator.pipeline.Launcher - PIPELINE VERSION: 3.0-2018-08-09 19:04
21:36:04.713 [main] INFO  f.i.s.repairnator.pipeline.Launcher - The pipeline will try to reproduce a bug from build 364731311 and its corresponding patch from build 364745864
21:36:04.713 [main] INFO  f.i.s.repairnator.pipeline.Launcher - Initialize file serializer engines.
21:36:04.716 [main] INFO  f.i.s.repairnator.pipeline.Launcher - MongoDB won't be used for serialization.
21:36:04.716 [main] INFO  f.i.s.repairnator.pipeline.Launcher - The email notifier engine won't be used.
21:36:04.721 [main] INFO  f.i.s.repairnator.pipeline.Launcher - Start by getting the build (buildId: 364731311) with the following config: RepairnatorConfig{runId='97c942ad-a60e-4cfe-b325-5fa5c5215b2e_04-18-week2-FAILING_AND_PASSING', launcherMode=BEARS, serializeJson=true, inputPath='null', outputPath='/var/log', mongodbHost='null', mongodbName='repairnator', smtpServer='null', notifyTo=[], notifyEndProcess=false, push=true, pushRemoteRepo='https://github.com/fermadeiral/bears-collection-fp', fork=false, lookFromDate=null, lookToDate=null, buildId=364731311, z3solverPath='./z3_for_linux', workspacePath='./workspace', githubToken='c8a341a903[...]', dockerImageName='null', skipDelete=false, createOutputDir=false, logDirectory='null', nbThreads=0, globalTimeout=0, whiteList=null, blackList=null, jobSleepTime=0, buildSleepTime=0, maxInspectedBuilds=0, duration=null, humanPatch=false, repository='null', clean=true, bearsMode=BOTH, bearsDelimiter = false, repairTools=NopolAllTests,NPEFix,AssertFixer,AstorJGenProg,AstorJKali,NopolSingleTest,AstorJMut,NopolTestExclusionStrategy, githubUserName= fermadeiral, githubUserEmail=fer.madeiral@gmail.com}
21:36:06.129 [main] DEBUG fr.inria.jtravis.helpers.BuildHelper - Get request to :https://api.travis-ci.org/build/364731311 done after 791 ms
21:36:06.473 [main] DEBUG fr.inria.jtravis.helpers.BuildHelper - Get request to :https://api.travis-ci.org/build/364745864 done after 236 ms
21:36:06.485 [main] INFO  f.i.s.repairnator.pipeline.Launcher - The patched build (364745864) was successfully retrieved from Travis.
21:36:07.585 [main] INFO  fr.inria.jtravis.JTravis - GitHub ratelimit: Limit: 5000 Remaining: 4956 Reset hour: 19:38:40
21:36:07.874 [main] INFO  f.i.s.r.p.i.ProjectInspector - ----------------------------------------------------------------------
21:36:07.874 [main] INFO  f.i.s.r.p.i.ProjectInspector - PIPELINE STEPS
21:36:07.874 [main] INFO  f.i.s.r.p.i.ProjectInspector - ----------------------------------------------------------------------
21:36:07.874 [main] INFO  f.i.s.r.p.i.ProjectInspector - CloneRepository
21:36:07.874 [main] INFO  f.i.s.r.p.i.ProjectInspector - CheckoutBuggyBuildCandidate
21:36:07.874 [main] INFO  f.i.s.r.p.i.ProjectInspector - ComputeSourceDir
21:36:07.875 [main] INFO  f.i.s.r.p.i.ProjectInspector - ComputeTestDir
21:36:07.875 [main] INFO  f.i.s.r.p.i.ProjectInspector - BuildProjectBuggyBuildCandidate
21:36:07.875 [main] INFO  f.i.s.r.p.i.ProjectInspector - TestProjectBuggyBuildCandidate
21:36:07.875 [main] INFO  f.i.s.r.p.i.ProjectInspector - GatherTestInformationBuggyBuildCandidate
21:36:07.875 [main] INFO  f.i.s.r.p.i.ProjectInspector - InitRepoToPush
21:36:07.875 [main] INFO  f.i.s.r.p.i.ProjectInspector - ComputeClasspath
21:36:07.875 [main] INFO  f.i.s.r.p.i.ProjectInspector - ComputeModules
21:36:07.875 [main] INFO  f.i.s.r.p.i.ProjectInspector - CheckoutPatchedBuildCandidate
21:36:07.876 [main] INFO  f.i.s.r.p.i.ProjectInspector - BuildProjectPatchedBuildCandidate
21:36:07.876 [main] INFO  f.i.s.r.p.i.ProjectInspector - TestProjectPatchedBuildCandidate
21:36:07.876 [main] INFO  f.i.s.r.p.i.ProjectInspector - GatherTestInformationPatchedBuildCandidate
21:36:07.876 [main] INFO  f.i.s.r.p.i.ProjectInspector - CommitPatch
21:36:07.876 [main] INFO  f.i.s.r.p.i.ProjectInspector - WritePropertyFile
21:36:07.876 [main] INFO  f.i.s.r.p.i.ProjectInspector - CommitProcessEnd
21:36:07.876 [main] INFO  f.i.s.r.p.i.ProjectInspector - PushProcessEnd
21:36:07.877 [main] DEBUG f.i.s.r.process.step.CloneRepository - ----------------------------------------------------------------------
21:36:07.877 [main] DEBUG f.i.s.r.process.step.CloneRepository - STEP 1/18: CloneRepository
21:36:07.877 [main] DEBUG f.i.s.r.process.step.CloneRepository - ----------------------------------------------------------------------
21:36:07.877 [main] DEBUG f.i.s.r.process.step.CloneRepository - Cloning repository ga4gh/dockstore in the following directory: ./workspace/ga4gh/dockstore/364731311
21:36:17.024 [main] DEBUG f.i.s.r.process.step.CloneRepository - STEP STATUS: [ CloneRepository : SUCCESS ]
21:36:17.024 [main] DEBUG f.i.s.r.process.step.CloneRepository - STEP DURATION: 9s
21:36:17.024 [main] DEBUG f.i.s.r.process.step.CloneRepository - EXECUTE NEXT STEP
21:36:17.025 [main] DEBUG f.i.s.r.p.s.c.CheckoutBuggyBuild - ----------------------------------------------------------------------
21:36:17.025 [main] DEBUG f.i.s.r.p.s.c.CheckoutBuggyBuild - STEP 2/18: CheckoutBuggyBuildCandidate
21:36:17.025 [main] DEBUG f.i.s.r.p.s.c.CheckoutBuggyBuild - ----------------------------------------------------------------------
21:36:17.025 [main] DEBUG f.i.s.r.p.s.c.CheckoutBuggyBuild - Checking out buggy build candidate...
21:36:17.035 [main] ERROR f.i.s.r.p.s.c.CheckoutBuggyBuild - Error while testing commit: org.eclipse.jgit.errors.MissingObjectException: Missing unknown 19a5b0dbc593e397b98f9c9092bedf0f926f630d
21:36:17.036 [main] ERROR f.i.s.r.p.s.c.CheckoutBuggyBuild - Error while getting the commit to checkout from the repo.
21:36:17.037 [main] DEBUG f.i.s.r.p.s.c.CheckoutBuggyBuild - STEP STATUS: [ CheckoutBuggyBuildCandidate : FAILURE ( BUILDNOTCHECKEDOUT ) ]
21:36:17.037 [main] DEBUG f.i.s.r.p.s.c.CheckoutBuggyBuild - STEP DURATION: 0s
21:36:17.037 [main] DEBUG f.i.s.r.p.s.c.CheckoutBuggyBuild - TERMINATE PIPELINE
21:36:17.037 [main] DEBUG f.i.s.r.p.s.c.CheckoutBuggyBuild - FINAL STEPS SKIPPED: The reproduction of the bug and/or the patch failed.
21:36:17.038 [main] INFO  f.i.s.r.p.s.c.CheckoutBuggyBuild - Serialize all data for the pair of builds 364731311, 364745864
21:36:17.349 [main] INFO  fr.inria.jtravis.JTravis - GitHub ratelimit: Limit: 5000 Remaining: 4955 Reset hour: 19:38:40
21:36:17.884 [main] INFO  f.i.s.r.p.i.ProjectInspector - ----------------------------------------------------------------------
21:36:17.884 [main] INFO  f.i.s.r.p.i.ProjectInspector - PIPELINE EXECUTION SUMMARY
21:36:17.884 [main] INFO  f.i.s.r.p.i.ProjectInspector - ----------------------------------------------------------------------
21:36:17.885 [main] INFO  f.i.s.r.p.i.ProjectInspector - CloneRepository........................................SUCCESS [ 9 s ]
21:36:17.885 [main] INFO  f.i.s.r.p.i.ProjectInspector - CheckoutBuggyBuildCandidate............................FAILURE [ 0 s ]
21:36:17.885 [main] INFO  f.i.s.r.p.i.ProjectInspector - ComputeSourceDir.......................................NOT RUN        
21:36:17.886 [main] INFO  f.i.s.r.p.i.ProjectInspector - ComputeTestDir.........................................NOT RUN        
21:36:17.886 [main] INFO  f.i.s.r.p.i.ProjectInspector - BuildProjectBuggyBuildCandidate........................NOT RUN        
21:36:17.889 [main] INFO  f.i.s.r.p.i.ProjectInspector - TestProjectBuggyBuildCandidate.........................NOT RUN        
21:36:17.890 [main] INFO  f.i.s.r.p.i.ProjectInspector - GatherTestInformationBuggyBuildCandidate...............NOT RUN        
21:36:17.890 [main] INFO  f.i.s.r.p.i.ProjectInspector - InitRepoToPush.........................................NOT RUN        
21:36:17.890 [main] INFO  f.i.s.r.p.i.ProjectInspector - ComputeClasspath.......................................NOT RUN        
21:36:17.890 [main] INFO  f.i.s.r.p.i.ProjectInspector - ComputeModules.........................................NOT RUN        
21:36:17.890 [main] INFO  f.i.s.r.p.i.ProjectInspector - CheckoutPatchedBuildCandidate..........................NOT RUN        
21:36:17.894 [main] INFO  f.i.s.r.p.i.ProjectInspector - BuildProjectPatchedBuildCandidate......................NOT RUN        
21:36:17.894 [main] INFO  f.i.s.r.p.i.ProjectInspector - TestProjectPatchedBuildCandidate.......................NOT RUN        
21:36:17.895 [main] INFO  f.i.s.r.p.i.ProjectInspector - GatherTestInformationPatchedBuildCandidate.............NOT RUN        
21:36:17.895 [main] INFO  f.i.s.r.p.i.ProjectInspector - CommitPatch............................................NOT RUN        
21:36:17.895 [main] INFO  f.i.s.r.p.i.ProjectInspector - WritePropertyFile......................................NOT RUN        
21:36:17.895 [main] INFO  f.i.s.r.p.i.ProjectInspector - CommitProcessEnd.......................................NOT RUN        
21:36:17.895 [main] INFO  f.i.s.r.p.i.ProjectInspector - PushProcessEnd.........................................NOT RUN        
21:36:17.896 [main] INFO  f.i.s.r.p.i.ProjectInspector - ----------------------------------------------------------------------
21:36:17.896 [main] INFO  f.i.s.r.p.i.ProjectInspector - PIPELINE FINDING: BUILDNOTCHECKEDOUT
21:36:17.896 [main] INFO  f.i.s.r.p.i.ProjectInspector - ----------------------------------------------------------------------
21:36:17.896 [main] INFO  f.i.s.repairnator.pipeline.Launcher - Inspector is finished. The process will exit now.
