13:21:13.042 [main] INFO  f.i.s.repairnator.pipeline.Launcher - PIPELINE VERSION: 3.0-2018-08-09 19:04
13:21:13.166 [main] INFO  f.i.s.repairnator.pipeline.Launcher - The pipeline will try to reproduce a bug from build 362525690 and its corresponding patch from build 364522601
13:21:13.166 [main] INFO  f.i.s.repairnator.pipeline.Launcher - Initialize file serializer engines.
13:21:13.168 [main] INFO  f.i.s.repairnator.pipeline.Launcher - MongoDB won't be used for serialization.
13:21:13.168 [main] INFO  f.i.s.repairnator.pipeline.Launcher - The email notifier engine won't be used.
13:21:13.171 [main] INFO  f.i.s.repairnator.pipeline.Launcher - Start by getting the build (buildId: 362525690) with the following config: RepairnatorConfig{runId='97c942ad-a60e-4cfe-b325-5fa5c5215b2e_04-18-week2-FAILING_AND_PASSING', launcherMode=BEARS, serializeJson=true, inputPath='null', outputPath='/var/log', mongodbHost='null', mongodbName='repairnator', smtpServer='null', notifyTo=[], notifyEndProcess=false, push=true, pushRemoteRepo='https://github.com/fermadeiral/bears-collection-fp', fork=false, lookFromDate=null, lookToDate=null, buildId=362525690, z3solverPath='./z3_for_linux', workspacePath='./workspace', githubToken='c8a341a903[...]', dockerImageName='null', skipDelete=false, createOutputDir=false, logDirectory='null', nbThreads=0, globalTimeout=0, whiteList=null, blackList=null, jobSleepTime=0, buildSleepTime=0, maxInspectedBuilds=0, duration=null, humanPatch=false, repository='null', clean=true, bearsMode=BOTH, bearsDelimiter = false, repairTools=NopolAllTests,NPEFix,AssertFixer,AstorJGenProg,AstorJKali,NopolSingleTest,AstorJMut,NopolTestExclusionStrategy, githubUserName= fermadeiral, githubUserEmail=fer.madeiral@gmail.com}
13:21:14.364 [main] DEBUG fr.inria.jtravis.helpers.BuildHelper - Get request to :https://api.travis-ci.org/build/362525690 done after 775 ms
13:21:14.599 [main] DEBUG fr.inria.jtravis.helpers.BuildHelper - Get request to :https://api.travis-ci.org/build/364522601 done after 142 ms
13:21:14.610 [main] INFO  f.i.s.repairnator.pipeline.Launcher - The patched build (364522601) was successfully retrieved from Travis.
13:21:15.927 [main] INFO  fr.inria.jtravis.JTravis - GitHub ratelimit: Limit: 5000 Remaining: 4831 Reset hour: 19:38:07
13:21:16.160 [main] INFO  f.i.s.r.p.i.ProjectInspector - ----------------------------------------------------------------------
13:21:16.160 [main] INFO  f.i.s.r.p.i.ProjectInspector - PIPELINE STEPS
13:21:16.160 [main] INFO  f.i.s.r.p.i.ProjectInspector - ----------------------------------------------------------------------
13:21:16.160 [main] INFO  f.i.s.r.p.i.ProjectInspector - CloneRepository
13:21:16.161 [main] INFO  f.i.s.r.p.i.ProjectInspector - CheckoutBuggyBuildCandidate
13:21:16.161 [main] INFO  f.i.s.r.p.i.ProjectInspector - ComputeSourceDir
13:21:16.161 [main] INFO  f.i.s.r.p.i.ProjectInspector - ComputeTestDir
13:21:16.161 [main] INFO  f.i.s.r.p.i.ProjectInspector - BuildProjectBuggyBuildCandidate
13:21:16.161 [main] INFO  f.i.s.r.p.i.ProjectInspector - TestProjectBuggyBuildCandidate
13:21:16.161 [main] INFO  f.i.s.r.p.i.ProjectInspector - GatherTestInformationBuggyBuildCandidate
13:21:16.161 [main] INFO  f.i.s.r.p.i.ProjectInspector - InitRepoToPush
13:21:16.161 [main] INFO  f.i.s.r.p.i.ProjectInspector - ComputeClasspath
13:21:16.162 [main] INFO  f.i.s.r.p.i.ProjectInspector - ComputeModules
13:21:16.162 [main] INFO  f.i.s.r.p.i.ProjectInspector - CheckoutPatchedBuildCandidate
13:21:16.162 [main] INFO  f.i.s.r.p.i.ProjectInspector - BuildProjectPatchedBuildCandidate
13:21:16.162 [main] INFO  f.i.s.r.p.i.ProjectInspector - TestProjectPatchedBuildCandidate
13:21:16.162 [main] INFO  f.i.s.r.p.i.ProjectInspector - GatherTestInformationPatchedBuildCandidate
13:21:16.162 [main] INFO  f.i.s.r.p.i.ProjectInspector - CommitPatch
13:21:16.162 [main] INFO  f.i.s.r.p.i.ProjectInspector - WritePropertyFile
13:21:16.162 [main] INFO  f.i.s.r.p.i.ProjectInspector - CommitProcessEnd
13:21:16.163 [main] INFO  f.i.s.r.p.i.ProjectInspector - PushProcessEnd
13:21:16.163 [main] DEBUG f.i.s.r.process.step.CloneRepository - ----------------------------------------------------------------------
13:21:16.163 [main] DEBUG f.i.s.r.process.step.CloneRepository - STEP 1/18: CloneRepository
13:21:16.163 [main] DEBUG f.i.s.r.process.step.CloneRepository - ----------------------------------------------------------------------
13:21:16.163 [main] DEBUG f.i.s.r.process.step.CloneRepository - Cloning repository apache/flink in the following directory: ./workspace/apache/flink/362525690
13:22:21.319 [main] DEBUG f.i.s.r.process.step.CloneRepository - STEP STATUS: [ CloneRepository : SUCCESS ]
13:22:21.319 [main] DEBUG f.i.s.r.process.step.CloneRepository - STEP DURATION: 65s
13:22:21.319 [main] DEBUG f.i.s.r.process.step.CloneRepository - EXECUTE NEXT STEP
13:22:21.320 [main] DEBUG f.i.s.r.p.s.c.CheckoutBuggyBuild - ----------------------------------------------------------------------
13:22:21.320 [main] DEBUG f.i.s.r.p.s.c.CheckoutBuggyBuild - STEP 2/18: CheckoutBuggyBuildCandidate
13:22:21.320 [main] DEBUG f.i.s.r.p.s.c.CheckoutBuggyBuild - ----------------------------------------------------------------------
13:22:21.320 [main] DEBUG f.i.s.r.p.s.c.CheckoutBuggyBuild - Checking out buggy build candidate...
13:22:21.878 [main] INFO  fr.inria.jtravis.JTravis - GitHub ratelimit: Limit: 5000 Remaining: 4821 Reset hour: 19:38:07
13:22:25.213 [main] DEBUG f.i.s.r.p.s.c.CheckoutBuggyBuild - Reproduce the PR for apache/flink by fetching remote branch and merging.
13:22:30.391 [main] ERROR f.i.s.r.p.s.c.CheckoutBuggyBuild - Error while testing commit: org.eclipse.jgit.errors.MissingObjectException: Missing unknown 37f91fd14eacfc69f28529409ff90070dc1f39b0
13:22:30.392 [main] ERROR f.i.s.r.p.s.c.CheckoutBuggyBuild - Commit head ref cannot be retrieved from the repository: 37f91fd14eacfc69f28529409ff90070dc1f39b0. Operation aborted.
13:22:30.392 [main] ERROR f.i.s.r.p.s.c.CheckoutBuggyBuild - Error while merging two commits to reproduce the PR.
13:22:30.393 [main] DEBUG f.i.s.r.p.s.c.CheckoutBuggyBuild - STEP STATUS: [ CheckoutBuggyBuildCandidate : FAILURE ( BUILDNOTCHECKEDOUT ) ]
13:22:30.393 [main] DEBUG f.i.s.r.p.s.c.CheckoutBuggyBuild - STEP DURATION: 9s
13:22:30.393 [main] DEBUG f.i.s.r.p.s.c.CheckoutBuggyBuild - TERMINATE PIPELINE
13:22:30.394 [main] DEBUG f.i.s.r.p.s.c.CheckoutBuggyBuild - FINAL STEPS SKIPPED: The reproduction of the bug and/or the patch failed.
13:22:30.394 [main] INFO  f.i.s.r.p.s.c.CheckoutBuggyBuild - Serialize all data for the pair of builds 362525690, 364522601
13:22:30.710 [main] INFO  fr.inria.jtravis.JTravis - GitHub ratelimit: Limit: 5000 Remaining: 4812 Reset hour: 19:38:07
13:22:32.280 [main] INFO  f.i.s.r.p.i.ProjectInspector - ----------------------------------------------------------------------
13:22:32.281 [main] INFO  f.i.s.r.p.i.ProjectInspector - PIPELINE EXECUTION SUMMARY
13:22:32.281 [main] INFO  f.i.s.r.p.i.ProjectInspector - ----------------------------------------------------------------------
13:22:32.281 [main] INFO  f.i.s.r.p.i.ProjectInspector - CloneRepository.......................................SUCCESS [ 65 s ]
13:22:32.281 [main] INFO  f.i.s.r.p.i.ProjectInspector - CheckoutBuggyBuildCandidate...........................FAILURE [  9 s ]
13:22:32.282 [main] INFO  f.i.s.r.p.i.ProjectInspector - ComputeSourceDir......................................NOT RUN         
13:22:32.282 [main] INFO  f.i.s.r.p.i.ProjectInspector - ComputeTestDir........................................NOT RUN         
13:22:32.282 [main] INFO  f.i.s.r.p.i.ProjectInspector - BuildProjectBuggyBuildCandidate.......................NOT RUN         
13:22:32.282 [main] INFO  f.i.s.r.p.i.ProjectInspector - TestProjectBuggyBuildCandidate........................NOT RUN         
13:22:32.282 [main] INFO  f.i.s.r.p.i.ProjectInspector - GatherTestInformationBuggyBuildCandidate..............NOT RUN         
13:22:32.283 [main] INFO  f.i.s.r.p.i.ProjectInspector - InitRepoToPush........................................NOT RUN         
13:22:32.283 [main] INFO  f.i.s.r.p.i.ProjectInspector - ComputeClasspath......................................NOT RUN         
13:22:32.283 [main] INFO  f.i.s.r.p.i.ProjectInspector - ComputeModules........................................NOT RUN         
13:22:32.283 [main] INFO  f.i.s.r.p.i.ProjectInspector - CheckoutPatchedBuildCandidate.........................NOT RUN         
13:22:32.283 [main] INFO  f.i.s.r.p.i.ProjectInspector - BuildProjectPatchedBuildCandidate.....................NOT RUN         
13:22:32.283 [main] INFO  f.i.s.r.p.i.ProjectInspector - TestProjectPatchedBuildCandidate......................NOT RUN         
13:22:32.284 [main] INFO  f.i.s.r.p.i.ProjectInspector - GatherTestInformationPatchedBuildCandidate............NOT RUN         
13:22:32.284 [main] INFO  f.i.s.r.p.i.ProjectInspector - CommitPatch...........................................NOT RUN         
13:22:32.284 [main] INFO  f.i.s.r.p.i.ProjectInspector - WritePropertyFile.....................................NOT RUN         
13:22:32.284 [main] INFO  f.i.s.r.p.i.ProjectInspector - CommitProcessEnd......................................NOT RUN         
13:22:32.284 [main] INFO  f.i.s.r.p.i.ProjectInspector - PushProcessEnd........................................NOT RUN         
13:22:32.284 [main] INFO  f.i.s.r.p.i.ProjectInspector - ----------------------------------------------------------------------
13:22:32.284 [main] INFO  f.i.s.r.p.i.ProjectInspector - PIPELINE FINDING: BUILDNOTCHECKEDOUT
13:22:32.284 [main] INFO  f.i.s.r.p.i.ProjectInspector - ----------------------------------------------------------------------
13:22:32.284 [main] INFO  f.i.s.repairnator.pipeline.Launcher - Inspector is finished. The process will exit now.
