05:39:11.298 [main] INFO  f.i.s.repairnator.pipeline.Launcher - PIPELINE VERSION: 3.0-2018-08-09 19:04
05:39:11.496 [main] INFO  f.i.s.repairnator.pipeline.Launcher - The pipeline will try to reproduce a bug from build 346096246 and its corresponding patch from build 346114797
05:39:11.496 [main] INFO  f.i.s.repairnator.pipeline.Launcher - Initialize file serializer engines.
05:39:11.498 [main] INFO  f.i.s.repairnator.pipeline.Launcher - MongoDB won't be used for serialization.
05:39:11.499 [main] INFO  f.i.s.repairnator.pipeline.Launcher - The email notifier engine won't be used.
05:39:11.503 [main] INFO  f.i.s.repairnator.pipeline.Launcher - Start by getting the build (buildId: 346096246) with the following config: RepairnatorConfig{runId='4d8bbe69-14c6-4f1d-8f48-402227d2aba3_02-18-week4-PASSING_AND_PASSING', launcherMode=BEARS, serializeJson=true, inputPath='null', outputPath='/var/log', mongodbHost='null', mongodbName='repairnator', smtpServer='null', notifyTo=[], notifyEndProcess=false, push=true, pushRemoteRepo='https://github.com/fermadeiral/bears-collection-pp', fork=false, lookFromDate=null, lookToDate=null, buildId=346096246, z3solverPath='./z3_for_linux', workspacePath='./workspace', githubToken='c8a341a903[...]', dockerImageName='null', skipDelete=false, createOutputDir=false, logDirectory='null', nbThreads=0, globalTimeout=0, whiteList=null, blackList=null, jobSleepTime=0, buildSleepTime=0, maxInspectedBuilds=0, duration=null, humanPatch=false, repository='null', clean=true, bearsMode=BOTH, bearsDelimiter = false, repairTools=NopolAllTests,NPEFix,AssertFixer,AstorJGenProg,AstorJKali,NopolSingleTest,AstorJMut,NopolTestExclusionStrategy, githubUserName= fermadeiral, githubUserEmail=fer.madeiral@gmail.com}
05:39:12.943 [main] DEBUG fr.inria.jtravis.helpers.BuildHelper - Get request to :https://api.travis-ci.org/build/346096246 done after 830 ms
05:39:13.164 [main] DEBUG fr.inria.jtravis.helpers.BuildHelper - Get request to :https://api.travis-ci.org/build/346114797 done after 130 ms
05:39:13.174 [main] INFO  f.i.s.repairnator.pipeline.Launcher - The patched build (346114797) was successfully retrieved from Travis.
05:39:14.197 [main] INFO  fr.inria.jtravis.JTravis - GitHub ratelimit: Limit: 5000 Remaining: 4692 Reset hour: 19:27:37
05:39:14.437 [main] INFO  f.i.s.r.p.i.ProjectInspector - ----------------------------------------------------------------------
05:39:14.437 [main] INFO  f.i.s.r.p.i.ProjectInspector - PIPELINE STEPS
05:39:14.437 [main] INFO  f.i.s.r.p.i.ProjectInspector - ----------------------------------------------------------------------
05:39:14.437 [main] INFO  f.i.s.r.p.i.ProjectInspector - CloneRepository
05:39:14.437 [main] INFO  f.i.s.r.p.i.ProjectInspector - CheckoutPatchedBuildCandidate
05:39:14.437 [main] INFO  f.i.s.r.p.i.ProjectInspector - ComputeSourceDir
05:39:14.438 [main] INFO  f.i.s.r.p.i.ProjectInspector - ComputeTestDir
05:39:14.438 [main] INFO  f.i.s.r.p.i.ProjectInspector - CheckoutBuggyBuildCandidateSourceCode
05:39:14.438 [main] INFO  f.i.s.r.p.i.ProjectInspector - BuildProjectBuggyBuildCandidateSourceCode
05:39:14.438 [main] INFO  f.i.s.r.p.i.ProjectInspector - TestProjectBuggyBuildCandidateSourceCode
05:39:14.438 [main] INFO  f.i.s.r.p.i.ProjectInspector - GatherTestInformationBuggyBuildCandidateSourceCode
05:39:14.438 [main] INFO  f.i.s.r.p.i.ProjectInspector - CheckoutBuggyBuildTestCode
05:39:14.438 [main] INFO  f.i.s.r.p.i.ProjectInspector - InitRepoToPush
05:39:14.439 [main] INFO  f.i.s.r.p.i.ProjectInspector - ComputeClasspath
05:39:14.439 [main] INFO  f.i.s.r.p.i.ProjectInspector - ComputeModules
05:39:14.439 [main] INFO  f.i.s.r.p.i.ProjectInspector - CheckoutBuggyBuildCandidateSourceCode
05:39:14.439 [main] INFO  f.i.s.r.p.i.ProjectInspector - CommitChangedTests
05:39:14.439 [main] INFO  f.i.s.r.p.i.ProjectInspector - CheckoutPatchedBuildCandidate
05:39:14.439 [main] INFO  f.i.s.r.p.i.ProjectInspector - BuildProjectPatchedBuildCandidate
05:39:14.439 [main] INFO  f.i.s.r.p.i.ProjectInspector - TestProjectPatchedBuildCandidate
05:39:14.439 [main] INFO  f.i.s.r.p.i.ProjectInspector - GatherTestInformationPatchedBuildCandidate
05:39:14.440 [main] INFO  f.i.s.r.p.i.ProjectInspector - CommitPatch
05:39:14.440 [main] INFO  f.i.s.r.p.i.ProjectInspector - WritePropertyFile
05:39:14.440 [main] INFO  f.i.s.r.p.i.ProjectInspector - CommitProcessEnd
05:39:14.440 [main] INFO  f.i.s.r.p.i.ProjectInspector - PushProcessEnd
05:39:14.441 [main] DEBUG f.i.s.r.process.step.CloneRepository - ----------------------------------------------------------------------
05:39:14.441 [main] DEBUG f.i.s.r.process.step.CloneRepository - STEP 1/22: CloneRepository
05:39:14.441 [main] DEBUG f.i.s.r.process.step.CloneRepository - ----------------------------------------------------------------------
05:39:14.442 [main] DEBUG f.i.s.r.process.step.CloneRepository - Cloning repository runelite/runelite in the following directory: ./workspace/runelite/runelite/346096246
05:39:27.869 [main] DEBUG f.i.s.r.process.step.CloneRepository - STEP STATUS: [ CloneRepository : SUCCESS ]
05:39:27.870 [main] DEBUG f.i.s.r.process.step.CloneRepository - STEP DURATION: 13s
05:39:27.870 [main] DEBUG f.i.s.r.process.step.CloneRepository - EXECUTE NEXT STEP
05:39:27.870 [main] DEBUG f.i.s.r.p.s.c.CheckoutPatchedBuild - ----------------------------------------------------------------------
05:39:27.870 [main] DEBUG f.i.s.r.p.s.c.CheckoutPatchedBuild - STEP 2/22: CheckoutPatchedBuildCandidate
05:39:27.871 [main] DEBUG f.i.s.r.p.s.c.CheckoutPatchedBuild - ----------------------------------------------------------------------
05:39:27.871 [main] DEBUG f.i.s.r.p.s.c.CheckoutPatchedBuild - Checking out patched build candidate...
05:39:28.197 [main] INFO  fr.inria.jtravis.JTravis - GitHub ratelimit: Limit: 5000 Remaining: 4685 Reset hour: 19:27:37
05:39:29.955 [main] DEBUG f.i.s.r.p.s.c.CheckoutPatchedBuild - Reproduce the PR for runelite/runelite by fetching remote branch and merging.
05:39:41.003 [main] DEBUG f.i.s.r.process.git.GitHelper - Step CheckoutPatchedBuildCandidate - Get the commit 29a36ea73678b9552ad3385bc82ff47cccc9bacd for repo runelite/runelite
05:39:42.172 [main] DEBUG f.i.s.r.process.git.GitHelper - Step CheckoutPatchedBuildCandidate - Do the merge with the PR commit for repo runelite/runelite
05:39:42.187 [main] INFO  f.i.s.r.process.git.GitHelper - Init git submodules.
05:39:42.239 [main] DEBUG f.i.s.r.p.s.c.CheckoutPatchedBuild - STEP STATUS: [ CheckoutPatchedBuildCandidate : SUCCESS ]
05:39:42.240 [main] DEBUG f.i.s.r.p.s.c.CheckoutPatchedBuild - STEP DURATION: 14s
05:39:42.240 [main] DEBUG f.i.s.r.p.s.c.CheckoutPatchedBuild - EXECUTE NEXT STEP
05:39:42.240 [main] DEBUG f.i.s.r.p.s.paths.ComputeSourceDir - ----------------------------------------------------------------------
05:39:42.241 [main] DEBUG f.i.s.r.p.s.paths.ComputeSourceDir - STEP 3/22: ComputeSourceDir
05:39:42.241 [main] DEBUG f.i.s.r.p.s.paths.ComputeSourceDir - ----------------------------------------------------------------------
05:39:42.241 [main] DEBUG f.i.s.r.p.s.paths.ComputeSourceDir - Computing the source directory ...
05:39:42.242 [main] DEBUG f.i.s.r.p.s.paths.ComputeSourceDir - The default source directory (/root/workspace/runelite/runelite/346096246/src/main/java) does not exist. Try to read pom.xml to get information.
05:39:42.370 [main] DEBUG f.i.s.r.p.s.paths.ComputeSourceDir - The source directory given in pom.xml (/root/workspace/runelite/runelite/346096246/src/main/java) does not exist. Continue to try to get source dir from all modules.
05:39:42.439 [main] DEBUG f.i.s.r.p.s.paths.ComputeSourceDir - The default source directory (/root/workspace/runelite/runelite/346096246/runelite-scripts/src/main/java) does not exist. Try to read pom.xml to get information.
05:39:42.445 [main] DEBUG f.i.s.r.p.s.paths.ComputeSourceDir - The source directory given in pom.xml (/root/workspace/runelite/runelite/346096246/runelite-scripts/src/main/java) does not exist. Continue to try to get source dir from all modules.
05:39:42.446 [main] ERROR f.i.s.r.p.s.paths.ComputeSourceDir - The source directory is not at default location or specified in build section from pom.xml, and no parent can be found.
05:39:42.465 [main] DEBUG f.i.s.r.p.s.paths.ComputeSourceDir - The default source directory (/root/workspace/runelite/runelite/346096246/runescape-client-injector/src/main/java) does not exist. Try to read pom.xml to get information.
05:39:42.472 [main] DEBUG f.i.s.r.p.s.paths.ComputeSourceDir - The source directory given in pom.xml (/root/workspace/runelite/runelite/346096246/runescape-client-injector/src/main/java) does not exist. Continue to try to get source dir from all modules.
05:39:42.472 [main] ERROR f.i.s.r.p.s.paths.ComputeSourceDir - The source directory is not at default location or specified in build section from pom.xml, and no parent can be found.
05:39:42.505 [main] INFO  f.i.s.r.p.s.paths.ComputeSourceDir - 17 source dirs were found:
05:39:42.506 [main] INFO  f.i.s.r.p.s.paths.ComputeSourceDir - /root/workspace/runelite/runelite/346096246/cache-client/src/main/java
05:39:42.506 [main] INFO  f.i.s.r.p.s.paths.ComputeSourceDir - /root/workspace/runelite/runelite/346096246/cache-server/src/main/java
05:39:42.506 [main] INFO  f.i.s.r.p.s.paths.ComputeSourceDir - /root/workspace/runelite/runelite/346096246/cache-updater/src/main/java
05:39:42.507 [main] INFO  f.i.s.r.p.s.paths.ComputeSourceDir - /root/workspace/runelite/runelite/346096246/cache/src/main/java
05:39:42.507 [main] INFO  f.i.s.r.p.s.paths.ComputeSourceDir - /root/workspace/runelite/runelite/346096246/deobfuscator/src/main/java
05:39:42.507 [main] INFO  f.i.s.r.p.s.paths.ComputeSourceDir - /root/workspace/runelite/runelite/346096246/http-api/src/main/java
05:39:42.508 [main] INFO  f.i.s.r.p.s.paths.ComputeSourceDir - /root/workspace/runelite/runelite/346096246/http-service/src/main/java
05:39:42.508 [main] INFO  f.i.s.r.p.s.paths.ComputeSourceDir - /root/workspace/runelite/runelite/346096246/model-viewer/src/main/java
05:39:42.508 [main] INFO  f.i.s.r.p.s.paths.ComputeSourceDir - /root/workspace/runelite/runelite/346096246/protocol-api/src/main/java
05:39:42.508 [main] INFO  f.i.s.r.p.s.paths.ComputeSourceDir - /root/workspace/runelite/runelite/346096246/protocol/src/main/java
05:39:42.509 [main] INFO  f.i.s.r.p.s.paths.ComputeSourceDir - /root/workspace/runelite/runelite/346096246/runelite-api/src/main/java
05:39:42.509 [main] INFO  f.i.s.r.p.s.paths.ComputeSourceDir - /root/workspace/runelite/runelite/346096246/runelite-client/src/main/java
05:39:42.509 [main] INFO  f.i.s.r.p.s.paths.ComputeSourceDir - /root/workspace/runelite/runelite/346096246/runelite-mixins/src/main/java
05:39:42.510 [main] INFO  f.i.s.r.p.s.paths.ComputeSourceDir - /root/workspace/runelite/runelite/346096246/runelite-script-assembler-plugin/src/main/java
05:39:42.510 [main] INFO  f.i.s.r.p.s.paths.ComputeSourceDir - /root/workspace/runelite/runelite/346096246/runescape-api/src/main/java
05:39:42.510 [main] INFO  f.i.s.r.p.s.paths.ComputeSourceDir - /root/workspace/runelite/runelite/346096246/runescape-client-injector-plugin/src/main/java
05:39:42.510 [main] INFO  f.i.s.r.p.s.paths.ComputeSourceDir - /root/workspace/runelite/runelite/346096246/runescape-client/src/main/java
05:39:42.588 [main] DEBUG f.i.s.r.p.s.paths.ComputeSourceDir - Compute the line of code of the project
05:39:42.821 [main] DEBUG f.i.s.r.p.s.paths.ComputeSourceDir - Get result from cloc process...
05:39:42.823 [main] DEBUG f.i.s.r.p.s.paths.ComputeSourceDir - STEP STATUS: [ ComputeSourceDir : SUCCESS ]
05:39:42.823 [main] DEBUG f.i.s.r.p.s.paths.ComputeSourceDir - STEP DURATION: 0s
05:39:42.823 [main] DEBUG f.i.s.r.p.s.paths.ComputeSourceDir - EXECUTE NEXT STEP
05:39:42.824 [main] DEBUG f.i.s.r.p.step.paths.ComputeTestDir - ----------------------------------------------------------------------
05:39:42.824 [main] DEBUG f.i.s.r.p.step.paths.ComputeTestDir - STEP 4/22: ComputeTestDir
05:39:42.824 [main] DEBUG f.i.s.r.p.step.paths.ComputeTestDir - ----------------------------------------------------------------------
05:39:42.825 [main] DEBUG f.i.s.r.p.step.paths.ComputeTestDir - Computing the test directory ...
05:39:42.825 [main] DEBUG f.i.s.r.p.step.paths.ComputeTestDir - The default test directory (/root/workspace/runelite/runelite/346096246/src/test/java) does not exist. Try to read pom.xml to get information.
05:39:42.831 [main] DEBUG f.i.s.r.p.step.paths.ComputeTestDir - The test directory given in pom.xml (/root/workspace/runelite/runelite/346096246/src/test/java) does not exist. Continue to try to get test dir from all modules.
05:39:42.850 [main] DEBUG f.i.s.r.p.step.paths.ComputeTestDir - The default test directory (/root/workspace/runelite/runelite/346096246/cache-updater/src/test/java) does not exist. Try to read pom.xml to get information.
05:39:42.856 [main] DEBUG f.i.s.r.p.step.paths.ComputeTestDir - The test directory given in pom.xml (/root/workspace/runelite/runelite/346096246/cache-updater/src/test/java) does not exist. Continue to try to get test dir from all modules.
05:39:42.857 [main] ERROR f.i.s.r.p.step.paths.ComputeTestDir - The test directory is not at default location or specified in build section from pom.xml, and no parent can be found.
05:39:42.909 [main] DEBUG f.i.s.r.p.step.paths.ComputeTestDir - The default test directory (/root/workspace/runelite/runelite/346096246/model-viewer/src/test/java) does not exist. Try to read pom.xml to get information.
05:39:42.916 [main] DEBUG f.i.s.r.p.step.paths.ComputeTestDir - The test directory given in pom.xml (/root/workspace/runelite/runelite/346096246/model-viewer/src/test/java) does not exist. Continue to try to get test dir from all modules.
05:39:42.916 [main] ERROR f.i.s.r.p.step.paths.ComputeTestDir - The test directory is not at default location or specified in build section from pom.xml, and no parent can be found.
05:39:42.931 [main] DEBUG f.i.s.r.p.step.paths.ComputeTestDir - The default test directory (/root/workspace/runelite/runelite/346096246/runelite-mixins/src/test/java) does not exist. Try to read pom.xml to get information.
05:39:42.937 [main] DEBUG f.i.s.r.p.step.paths.ComputeTestDir - The test directory given in pom.xml (/root/workspace/runelite/runelite/346096246/runelite-mixins/src/test/java) does not exist. Continue to try to get test dir from all modules.
05:39:42.937 [main] ERROR f.i.s.r.p.step.paths.ComputeTestDir - The test directory is not at default location or specified in build section from pom.xml, and no parent can be found.
05:39:42.938 [main] DEBUG f.i.s.r.p.step.paths.ComputeTestDir - The default test directory (/root/workspace/runelite/runelite/346096246/runelite-script-assembler-plugin/src/test/java) does not exist. Try to read pom.xml to get information.
05:39:42.941 [main] DEBUG f.i.s.r.p.step.paths.ComputeTestDir - The test directory given in pom.xml (/root/workspace/runelite/runelite/346096246/runelite-script-assembler-plugin/src/test/java) does not exist. Continue to try to get test dir from all modules.
05:39:42.941 [main] ERROR f.i.s.r.p.step.paths.ComputeTestDir - The test directory is not at default location or specified in build section from pom.xml, and no parent can be found.
05:39:42.942 [main] DEBUG f.i.s.r.p.step.paths.ComputeTestDir - The default test directory (/root/workspace/runelite/runelite/346096246/runelite-scripts/src/test/java) does not exist. Try to read pom.xml to get information.
05:39:42.945 [main] DEBUG f.i.s.r.p.step.paths.ComputeTestDir - The test directory given in pom.xml (/root/workspace/runelite/runelite/346096246/runelite-scripts/src/test/java) does not exist. Continue to try to get test dir from all modules.
05:39:42.945 [main] ERROR f.i.s.r.p.step.paths.ComputeTestDir - The test directory is not at default location or specified in build section from pom.xml, and no parent can be found.
05:39:42.945 [main] DEBUG f.i.s.r.p.step.paths.ComputeTestDir - The default test directory (/root/workspace/runelite/runelite/346096246/runescape-api/src/test/java) does not exist. Try to read pom.xml to get information.
05:39:42.962 [main] DEBUG f.i.s.r.p.step.paths.ComputeTestDir - The test directory given in pom.xml (/root/workspace/runelite/runelite/346096246/runescape-api/src/test/java) does not exist. Continue to try to get test dir from all modules.
05:39:42.962 [main] ERROR f.i.s.r.p.step.paths.ComputeTestDir - The test directory is not at default location or specified in build section from pom.xml, and no parent can be found.
05:39:42.970 [main] DEBUG f.i.s.r.p.step.paths.ComputeTestDir - The default test directory (/root/workspace/runelite/runelite/346096246/runescape-client-injector/src/test/java) does not exist. Try to read pom.xml to get information.
05:39:42.973 [main] DEBUG f.i.s.r.p.step.paths.ComputeTestDir - The test directory given in pom.xml (/root/workspace/runelite/runelite/346096246/runescape-client-injector/src/test/java) does not exist. Continue to try to get test dir from all modules.
05:39:42.973 [main] ERROR f.i.s.r.p.step.paths.ComputeTestDir - The test directory is not at default location or specified in build section from pom.xml, and no parent can be found.
05:39:42.977 [main] DEBUG f.i.s.r.p.step.paths.ComputeTestDir - The default test directory (/root/workspace/runelite/runelite/346096246/http-api/src/test/java) does not exist. Try to read pom.xml to get information.
05:39:42.981 [main] DEBUG f.i.s.r.p.step.paths.ComputeTestDir - The test directory given in pom.xml (/root/workspace/runelite/runelite/346096246/http-api/src/test/java) does not exist. Continue to try to get test dir from all modules.
05:39:42.981 [main] ERROR f.i.s.r.p.step.paths.ComputeTestDir - The test directory is not at default location or specified in build section from pom.xml, and no parent can be found.
05:39:42.984 [main] DEBUG f.i.s.r.p.step.paths.ComputeTestDir - The default test directory (/root/workspace/runelite/runelite/346096246/protocol-api/src/test/java) does not exist. Try to read pom.xml to get information.
05:39:42.987 [main] DEBUG f.i.s.r.p.step.paths.ComputeTestDir - The test directory given in pom.xml (/root/workspace/runelite/runelite/346096246/protocol-api/src/test/java) does not exist. Continue to try to get test dir from all modules.
05:39:42.988 [main] ERROR f.i.s.r.p.step.paths.ComputeTestDir - The test directory is not at default location or specified in build section from pom.xml, and no parent can be found.
05:39:43.002 [main] INFO  f.i.s.r.p.step.paths.ComputeTestDir - 10 test dirs were found:
05:39:43.003 [main] INFO  f.i.s.r.p.step.paths.ComputeTestDir - /root/workspace/runelite/runelite/346096246/cache-client/src/test/java
05:39:43.003 [main] INFO  f.i.s.r.p.step.paths.ComputeTestDir - /root/workspace/runelite/runelite/346096246/cache-server/src/test/java
05:39:43.004 [main] INFO  f.i.s.r.p.step.paths.ComputeTestDir - /root/workspace/runelite/runelite/346096246/cache/src/test/java
05:39:43.004 [main] INFO  f.i.s.r.p.step.paths.ComputeTestDir - /root/workspace/runelite/runelite/346096246/deobfuscator/src/test/java
05:39:43.005 [main] INFO  f.i.s.r.p.step.paths.ComputeTestDir - /root/workspace/runelite/runelite/346096246/http-service/src/test/java
05:39:43.005 [main] INFO  f.i.s.r.p.step.paths.ComputeTestDir - /root/workspace/runelite/runelite/346096246/protocol/src/test/java
05:39:43.005 [main] INFO  f.i.s.r.p.step.paths.ComputeTestDir - /root/workspace/runelite/runelite/346096246/runelite-api/src/test/java
05:39:43.005 [main] INFO  f.i.s.r.p.step.paths.ComputeTestDir - /root/workspace/runelite/runelite/346096246/runelite-client/src/test/java
05:39:43.005 [main] INFO  f.i.s.r.p.step.paths.ComputeTestDir - /root/workspace/runelite/runelite/346096246/runescape-client-injector-plugin/src/test/java
05:39:43.005 [main] INFO  f.i.s.r.p.step.paths.ComputeTestDir - /root/workspace/runelite/runelite/346096246/runescape-client/src/test/java
05:39:43.023 [main] DEBUG f.i.s.r.p.step.paths.ComputeTestDir - STEP STATUS: [ ComputeTestDir : SUCCESS ]
05:39:43.023 [main] DEBUG f.i.s.r.p.step.paths.ComputeTestDir - STEP DURATION: 0s
05:39:43.023 [main] DEBUG f.i.s.r.p.step.paths.ComputeTestDir - EXECUTE NEXT STEP
05:39:43.024 [main] DEBUG f.i.s.r.p.s.c.CheckoutBuggyBuildSourceCode - ----------------------------------------------------------------------
05:39:43.024 [main] DEBUG f.i.s.r.p.s.c.CheckoutBuggyBuildSourceCode - STEP 5/22: CheckoutBuggyBuildCandidateSourceCode
05:39:43.024 [main] DEBUG f.i.s.r.p.s.c.CheckoutBuggyBuildSourceCode - ----------------------------------------------------------------------
05:39:43.024 [main] DEBUG f.i.s.r.p.s.c.CheckoutBuggyBuildSourceCode - Checking out the source code of the buggy build candidate...
05:39:43.378 [main] INFO  fr.inria.jtravis.JTravis - GitHub ratelimit: Limit: 5000 Remaining: 4666 Reset hour: 19:27:37
05:39:45.024 [main] DEBUG f.i.s.r.p.s.c.CheckoutBuggyBuildSourceCode - Reproduce the PR for runelite/runelite by fetching remote branch and merging.
05:39:45.178 [main] DEBUG f.i.s.r.process.git.GitHelper - Step CheckoutBuggyBuildCandidateSourceCode - Get the commit 29a36ea73678b9552ad3385bc82ff47cccc9bacd for repo runelite/runelite
05:39:45.674 [main] DEBUG f.i.s.r.process.git.GitHelper - Step CheckoutBuggyBuildCandidateSourceCode - Do the merge with the PR commit for repo runelite/runelite
05:39:45.676 [main] INFO  f.i.s.r.process.git.GitHelper - Init git submodules.
05:39:45.893 [main] INFO  fr.inria.jtravis.JTravis - GitHub ratelimit: Limit: 5000 Remaining: 4655 Reset hour: 19:27:37
05:39:47.312 [main] DEBUG f.i.s.r.p.s.c.CheckoutBuggyBuildSourceCode - Reproduce the PR for runelite/runelite by fetching remote branch and merging.
05:39:47.755 [main] ERROR f.i.s.r.p.s.c.CheckoutBuggyBuildSourceCode - Error while testing commit: org.eclipse.jgit.errors.MissingObjectException: Missing unknown 878dc5263ed7c405e03491259291f3a8030a6567
05:39:47.756 [main] ERROR f.i.s.r.p.s.c.CheckoutBuggyBuildSourceCode - Commit head ref cannot be retrieved from the repository: 878dc5263ed7c405e03491259291f3a8030a6567. Operation aborted.
05:39:47.756 [main] ERROR f.i.s.r.p.s.c.CheckoutBuggyBuildSourceCode - Error while merging two commits to reproduce the PR.
05:39:47.757 [main] DEBUG f.i.s.r.p.s.c.CheckoutBuggyBuildSourceCode - STEP STATUS: [ CheckoutBuggyBuildCandidateSourceCode : FAILURE ( BUILDNOTCHECKEDOUT ) ]
05:39:47.757 [main] DEBUG f.i.s.r.p.s.c.CheckoutBuggyBuildSourceCode - STEP DURATION: 4s
05:39:47.757 [main] DEBUG f.i.s.r.p.s.c.CheckoutBuggyBuildSourceCode - TERMINATE PIPELINE
05:39:47.758 [main] DEBUG f.i.s.r.p.s.c.CheckoutBuggyBuildSourceCode - FINAL STEPS SKIPPED: The reproduction of the bug and/or the patch failed.
05:39:47.758 [main] INFO  f.i.s.r.p.s.c.CheckoutBuggyBuildSourceCode - Serialize all data for the pair of builds 346096246, 346114797
05:39:47.885 [main] INFO  fr.inria.jtravis.JTravis - GitHub ratelimit: Limit: 5000 Remaining: 4648 Reset hour: 19:27:37
05:39:48.594 [main] INFO  f.i.s.r.p.i.ProjectInspector - ----------------------------------------------------------------------
05:39:48.594 [main] INFO  f.i.s.r.p.i.ProjectInspector - PIPELINE EXECUTION SUMMARY
05:39:48.595 [main] INFO  f.i.s.r.p.i.ProjectInspector - ----------------------------------------------------------------------
05:39:48.595 [main] INFO  f.i.s.r.p.i.ProjectInspector - CloneRepository.......................................SUCCESS [ 13 s ]
05:39:48.595 [main] INFO  f.i.s.r.p.i.ProjectInspector - CheckoutPatchedBuildCandidate.........................SUCCESS [ 14 s ]
05:39:48.595 [main] INFO  f.i.s.r.p.i.ProjectInspector - ComputeSourceDir......................................SUCCESS [  0 s ]
05:39:48.595 [main] INFO  f.i.s.r.p.i.ProjectInspector - ComputeTestDir........................................SUCCESS [  0 s ]
05:39:48.595 [main] INFO  f.i.s.r.p.i.ProjectInspector - CheckoutBuggyBuildCandidateSourceCode.................FAILURE [  4 s ]
05:39:48.596 [main] INFO  f.i.s.r.p.i.ProjectInspector - BuildProjectBuggyBuildCandidateSourceCode.............NOT RUN         
05:39:48.596 [main] INFO  f.i.s.r.p.i.ProjectInspector - TestProjectBuggyBuildCandidateSourceCode..............NOT RUN         
05:39:48.596 [main] INFO  f.i.s.r.p.i.ProjectInspector - GatherTestInformationBuggyBuildCandidateSourceCode....NOT RUN         
05:39:48.596 [main] INFO  f.i.s.r.p.i.ProjectInspector - CheckoutBuggyBuildTestCode............................NOT RUN         
05:39:48.596 [main] INFO  f.i.s.r.p.i.ProjectInspector - InitRepoToPush........................................NOT RUN         
05:39:48.596 [main] INFO  f.i.s.r.p.i.ProjectInspector - ComputeClasspath......................................NOT RUN         
05:39:48.596 [main] INFO  f.i.s.r.p.i.ProjectInspector - ComputeModules........................................NOT RUN         
05:39:48.597 [main] INFO  f.i.s.r.p.i.ProjectInspector - CheckoutBuggyBuildCandidateSourceCode.................NOT RUN         
05:39:48.597 [main] INFO  f.i.s.r.p.i.ProjectInspector - CommitChangedTests....................................NOT RUN         
05:39:48.597 [main] INFO  f.i.s.r.p.i.ProjectInspector - CheckoutPatchedBuildCandidate.........................NOT RUN         
05:39:48.597 [main] INFO  f.i.s.r.p.i.ProjectInspector - BuildProjectPatchedBuildCandidate.....................NOT RUN         
05:39:48.597 [main] INFO  f.i.s.r.p.i.ProjectInspector - TestProjectPatchedBuildCandidate......................NOT RUN         
05:39:48.597 [main] INFO  f.i.s.r.p.i.ProjectInspector - GatherTestInformationPatchedBuildCandidate............NOT RUN         
05:39:48.597 [main] INFO  f.i.s.r.p.i.ProjectInspector - CommitPatch...........................................NOT RUN         
05:39:48.597 [main] INFO  f.i.s.r.p.i.ProjectInspector - WritePropertyFile.....................................NOT RUN         
05:39:48.598 [main] INFO  f.i.s.r.p.i.ProjectInspector - CommitProcessEnd......................................NOT RUN         
05:39:48.598 [main] INFO  f.i.s.r.p.i.ProjectInspector - PushProcessEnd........................................NOT RUN         
05:39:48.598 [main] INFO  f.i.s.r.p.i.ProjectInspector - ----------------------------------------------------------------------
05:39:48.598 [main] INFO  f.i.s.r.p.i.ProjectInspector - PIPELINE FINDING: BUILDNOTCHECKEDOUT
05:39:48.598 [main] INFO  f.i.s.r.p.i.ProjectInspector - ----------------------------------------------------------------------
05:39:48.598 [main] INFO  f.i.s.repairnator.pipeline.Launcher - Inspector is finished. The process will exit now.
