05:37:13.079 [main] INFO  f.i.s.repairnator.pipeline.Launcher - PIPELINE VERSION: 3.0-2018-08-09 19:04
05:37:13.225 [main] INFO  f.i.s.repairnator.pipeline.Launcher - The pipeline will try to reproduce a bug from build 345381601 and its corresponding patch from build 346564248
05:37:13.225 [main] INFO  f.i.s.repairnator.pipeline.Launcher - Initialize file serializer engines.
05:37:13.227 [main] INFO  f.i.s.repairnator.pipeline.Launcher - MongoDB won't be used for serialization.
05:37:13.227 [main] INFO  f.i.s.repairnator.pipeline.Launcher - The email notifier engine won't be used.
05:37:13.231 [main] INFO  f.i.s.repairnator.pipeline.Launcher - Start by getting the build (buildId: 345381601) with the following config: RepairnatorConfig{runId='4d8bbe69-14c6-4f1d-8f48-402227d2aba3_02-18-week4-PASSING_AND_PASSING', launcherMode=BEARS, serializeJson=true, inputPath='null', outputPath='/var/log', mongodbHost='null', mongodbName='repairnator', smtpServer='null', notifyTo=[], notifyEndProcess=false, push=true, pushRemoteRepo='https://github.com/fermadeiral/bears-collection-pp', fork=false, lookFromDate=null, lookToDate=null, buildId=345381601, z3solverPath='./z3_for_linux', workspacePath='./workspace', githubToken='c8a341a903[...]', dockerImageName='null', skipDelete=false, createOutputDir=false, logDirectory='null', nbThreads=0, globalTimeout=0, whiteList=null, blackList=null, jobSleepTime=0, buildSleepTime=0, maxInspectedBuilds=0, duration=null, humanPatch=false, repository='null', clean=true, bearsMode=BOTH, bearsDelimiter = false, repairTools=NopolAllTests,NPEFix,AssertFixer,AstorJGenProg,AstorJKali,NopolSingleTest,AstorJMut,NopolTestExclusionStrategy, githubUserName= fermadeiral, githubUserEmail=fer.madeiral@gmail.com}
05:37:14.547 [main] DEBUG fr.inria.jtravis.helpers.BuildHelper - Get request to :https://api.travis-ci.org/build/345381601 done after 834 ms
05:37:14.800 [main] DEBUG fr.inria.jtravis.helpers.BuildHelper - Get request to :https://api.travis-ci.org/build/346564248 done after 133 ms
05:37:14.816 [main] INFO  f.i.s.repairnator.pipeline.Launcher - The patched build (346564248) was successfully retrieved from Travis.
05:37:15.894 [main] INFO  fr.inria.jtravis.JTravis - GitHub ratelimit: Limit: 5000 Remaining: 4768 Reset hour: 19:27:37
05:37:16.145 [main] INFO  f.i.s.r.p.i.ProjectInspector - ----------------------------------------------------------------------
05:37:16.145 [main] INFO  f.i.s.r.p.i.ProjectInspector - PIPELINE STEPS
05:37:16.145 [main] INFO  f.i.s.r.p.i.ProjectInspector - ----------------------------------------------------------------------
05:37:16.146 [main] INFO  f.i.s.r.p.i.ProjectInspector - CloneRepository
05:37:16.146 [main] INFO  f.i.s.r.p.i.ProjectInspector - CheckoutPatchedBuildCandidate
05:37:16.146 [main] INFO  f.i.s.r.p.i.ProjectInspector - ComputeSourceDir
05:37:16.146 [main] INFO  f.i.s.r.p.i.ProjectInspector - ComputeTestDir
05:37:16.146 [main] INFO  f.i.s.r.p.i.ProjectInspector - CheckoutBuggyBuildCandidateSourceCode
05:37:16.146 [main] INFO  f.i.s.r.p.i.ProjectInspector - BuildProjectBuggyBuildCandidateSourceCode
05:37:16.147 [main] INFO  f.i.s.r.p.i.ProjectInspector - TestProjectBuggyBuildCandidateSourceCode
05:37:16.147 [main] INFO  f.i.s.r.p.i.ProjectInspector - GatherTestInformationBuggyBuildCandidateSourceCode
05:37:16.147 [main] INFO  f.i.s.r.p.i.ProjectInspector - CheckoutBuggyBuildTestCode
05:37:16.147 [main] INFO  f.i.s.r.p.i.ProjectInspector - InitRepoToPush
05:37:16.147 [main] INFO  f.i.s.r.p.i.ProjectInspector - ComputeClasspath
05:37:16.147 [main] INFO  f.i.s.r.p.i.ProjectInspector - ComputeModules
05:37:16.147 [main] INFO  f.i.s.r.p.i.ProjectInspector - CheckoutBuggyBuildCandidateSourceCode
05:37:16.148 [main] INFO  f.i.s.r.p.i.ProjectInspector - CommitChangedTests
05:37:16.148 [main] INFO  f.i.s.r.p.i.ProjectInspector - CheckoutPatchedBuildCandidate
05:37:16.148 [main] INFO  f.i.s.r.p.i.ProjectInspector - BuildProjectPatchedBuildCandidate
05:37:16.148 [main] INFO  f.i.s.r.p.i.ProjectInspector - TestProjectPatchedBuildCandidate
05:37:16.148 [main] INFO  f.i.s.r.p.i.ProjectInspector - GatherTestInformationPatchedBuildCandidate
05:37:16.152 [main] INFO  f.i.s.r.p.i.ProjectInspector - CommitPatch
05:37:16.153 [main] INFO  f.i.s.r.p.i.ProjectInspector - WritePropertyFile
05:37:16.153 [main] INFO  f.i.s.r.p.i.ProjectInspector - CommitProcessEnd
05:37:16.153 [main] INFO  f.i.s.r.p.i.ProjectInspector - PushProcessEnd
05:37:16.153 [main] DEBUG f.i.s.r.process.step.CloneRepository - ----------------------------------------------------------------------
05:37:16.153 [main] DEBUG f.i.s.r.process.step.CloneRepository - STEP 1/22: CloneRepository
05:37:16.154 [main] DEBUG f.i.s.r.process.step.CloneRepository - ----------------------------------------------------------------------
05:37:16.154 [main] DEBUG f.i.s.r.process.step.CloneRepository - Cloning repository runelite/runelite in the following directory: ./workspace/runelite/runelite/345381601
05:37:28.375 [main] DEBUG f.i.s.r.process.step.CloneRepository - STEP STATUS: [ CloneRepository : SUCCESS ]
05:37:28.376 [main] DEBUG f.i.s.r.process.step.CloneRepository - STEP DURATION: 12s
05:37:28.377 [main] DEBUG f.i.s.r.process.step.CloneRepository - EXECUTE NEXT STEP
05:37:28.377 [main] DEBUG f.i.s.r.p.s.c.CheckoutPatchedBuild - ----------------------------------------------------------------------
05:37:28.377 [main] DEBUG f.i.s.r.p.s.c.CheckoutPatchedBuild - STEP 2/22: CheckoutPatchedBuildCandidate
05:37:28.377 [main] DEBUG f.i.s.r.p.s.c.CheckoutPatchedBuild - ----------------------------------------------------------------------
05:37:28.378 [main] DEBUG f.i.s.r.p.s.c.CheckoutPatchedBuild - Checking out patched build candidate...
05:37:28.709 [main] INFO  fr.inria.jtravis.JTravis - GitHub ratelimit: Limit: 5000 Remaining: 4767 Reset hour: 19:27:37
05:37:30.840 [main] DEBUG f.i.s.r.p.s.c.CheckoutPatchedBuild - Reproduce the PR for runelite/runelite by fetching remote branch and merging.
05:37:42.226 [main] ERROR f.i.s.r.p.s.c.CheckoutPatchedBuild - Error while testing commit: org.eclipse.jgit.errors.MissingObjectException: Missing unknown e47c29ff31dde47400f498fe863c84f9ea9b698d
05:37:42.227 [main] ERROR f.i.s.r.p.s.c.CheckoutPatchedBuild - Commit head ref cannot be retrieved from the repository: e47c29ff31dde47400f498fe863c84f9ea9b698d. Operation aborted.
05:37:42.227 [main] ERROR f.i.s.r.p.s.c.CheckoutPatchedBuild - Error while merging two commits to reproduce the PR.
05:37:42.228 [main] DEBUG f.i.s.r.p.s.c.CheckoutPatchedBuild - STEP STATUS: [ CheckoutPatchedBuildCandidate : FAILURE ( BUILDNOTCHECKEDOUT ) ]
05:37:42.228 [main] DEBUG f.i.s.r.p.s.c.CheckoutPatchedBuild - STEP DURATION: 13s
05:37:42.228 [main] DEBUG f.i.s.r.p.s.c.CheckoutPatchedBuild - TERMINATE PIPELINE
05:37:42.228 [main] DEBUG f.i.s.r.p.s.c.CheckoutPatchedBuild - FINAL STEPS SKIPPED: The reproduction of the bug and/or the patch failed.
05:37:42.229 [main] INFO  f.i.s.r.p.s.c.CheckoutPatchedBuild - Serialize all data for the pair of builds 345381601, 346564248
05:37:42.558 [main] INFO  fr.inria.jtravis.JTravis - GitHub ratelimit: Limit: 5000 Remaining: 4760 Reset hour: 19:27:37
05:37:43.220 [main] INFO  f.i.s.r.p.i.ProjectInspector - ----------------------------------------------------------------------
05:37:43.220 [main] INFO  f.i.s.r.p.i.ProjectInspector - PIPELINE EXECUTION SUMMARY
05:37:43.220 [main] INFO  f.i.s.r.p.i.ProjectInspector - ----------------------------------------------------------------------
05:37:43.221 [main] INFO  f.i.s.r.p.i.ProjectInspector - CloneRepository.......................................SUCCESS [ 12 s ]
05:37:43.221 [main] INFO  f.i.s.r.p.i.ProjectInspector - CheckoutPatchedBuildCandidate.........................FAILURE [ 13 s ]
05:37:43.221 [main] INFO  f.i.s.r.p.i.ProjectInspector - ComputeSourceDir......................................NOT RUN         
05:37:43.221 [main] INFO  f.i.s.r.p.i.ProjectInspector - ComputeTestDir........................................NOT RUN         
05:37:43.222 [main] INFO  f.i.s.r.p.i.ProjectInspector - CheckoutBuggyBuildCandidateSourceCode.................NOT RUN         
05:37:43.222 [main] INFO  f.i.s.r.p.i.ProjectInspector - BuildProjectBuggyBuildCandidateSourceCode.............NOT RUN         
05:37:43.222 [main] INFO  f.i.s.r.p.i.ProjectInspector - TestProjectBuggyBuildCandidateSourceCode..............NOT RUN         
05:37:43.222 [main] INFO  f.i.s.r.p.i.ProjectInspector - GatherTestInformationBuggyBuildCandidateSourceCode....NOT RUN         
05:37:43.222 [main] INFO  f.i.s.r.p.i.ProjectInspector - CheckoutBuggyBuildTestCode............................NOT RUN         
05:37:43.222 [main] INFO  f.i.s.r.p.i.ProjectInspector - InitRepoToPush........................................NOT RUN         
05:37:43.222 [main] INFO  f.i.s.r.p.i.ProjectInspector - ComputeClasspath......................................NOT RUN         
05:37:43.223 [main] INFO  f.i.s.r.p.i.ProjectInspector - ComputeModules........................................NOT RUN         
05:37:43.223 [main] INFO  f.i.s.r.p.i.ProjectInspector - CheckoutBuggyBuildCandidateSourceCode.................NOT RUN         
05:37:43.223 [main] INFO  f.i.s.r.p.i.ProjectInspector - CommitChangedTests....................................NOT RUN         
05:37:43.223 [main] INFO  f.i.s.r.p.i.ProjectInspector - CheckoutPatchedBuildCandidate.........................NOT RUN         
05:37:43.223 [main] INFO  f.i.s.r.p.i.ProjectInspector - BuildProjectPatchedBuildCandidate.....................NOT RUN         
05:37:43.223 [main] INFO  f.i.s.r.p.i.ProjectInspector - TestProjectPatchedBuildCandidate......................NOT RUN         
05:37:43.223 [main] INFO  f.i.s.r.p.i.ProjectInspector - GatherTestInformationPatchedBuildCandidate............NOT RUN         
05:37:43.223 [main] INFO  f.i.s.r.p.i.ProjectInspector - CommitPatch...........................................NOT RUN         
05:37:43.223 [main] INFO  f.i.s.r.p.i.ProjectInspector - WritePropertyFile.....................................NOT RUN         
05:37:43.223 [main] INFO  f.i.s.r.p.i.ProjectInspector - CommitProcessEnd......................................NOT RUN         
05:37:43.224 [main] INFO  f.i.s.r.p.i.ProjectInspector - PushProcessEnd........................................NOT RUN         
05:37:43.225 [main] INFO  f.i.s.r.p.i.ProjectInspector - ----------------------------------------------------------------------
05:37:43.225 [main] INFO  f.i.s.r.p.i.ProjectInspector - PIPELINE FINDING: BUILDNOTCHECKEDOUT
05:37:43.225 [main] INFO  f.i.s.r.p.i.ProjectInspector - ----------------------------------------------------------------------
05:37:43.226 [main] INFO  f.i.s.repairnator.pipeline.Launcher - Inspector is finished. The process will exit now.
