03:16:15.420 [main] INFO  f.i.s.repairnator.pipeline.Launcher - PIPELINE VERSION: 3.0-2018-08-09 19:04
03:16:15.585 [main] INFO  f.i.s.repairnator.pipeline.Launcher - The pipeline will try to reproduce a bug from build 345971977 and its corresponding patch from build 346049541
03:16:15.586 [main] INFO  f.i.s.repairnator.pipeline.Launcher - Initialize file serializer engines.
03:16:15.589 [main] INFO  f.i.s.repairnator.pipeline.Launcher - MongoDB won't be used for serialization.
03:16:15.589 [main] INFO  f.i.s.repairnator.pipeline.Launcher - The email notifier engine won't be used.
03:16:15.593 [main] INFO  f.i.s.repairnator.pipeline.Launcher - Start by getting the build (buildId: 345971977) with the following config: RepairnatorConfig{runId='4d8bbe69-14c6-4f1d-8f48-402227d2aba3_02-18-week4-PASSING_AND_PASSING', launcherMode=BEARS, serializeJson=true, inputPath='null', outputPath='/var/log', mongodbHost='null', mongodbName='repairnator', smtpServer='null', notifyTo=[], notifyEndProcess=false, push=true, pushRemoteRepo='https://github.com/fermadeiral/bears-collection-pp', fork=false, lookFromDate=null, lookToDate=null, buildId=345971977, z3solverPath='./z3_for_linux', workspacePath='./workspace', githubToken='c8a341a903[...]', dockerImageName='null', skipDelete=false, createOutputDir=false, logDirectory='null', nbThreads=0, globalTimeout=0, whiteList=null, blackList=null, jobSleepTime=0, buildSleepTime=0, maxInspectedBuilds=0, duration=null, humanPatch=false, repository='null', clean=true, bearsMode=BOTH, bearsDelimiter = false, repairTools=NopolAllTests,NPEFix,AssertFixer,AstorJGenProg,AstorJKali,NopolSingleTest,AstorJMut,NopolTestExclusionStrategy, githubUserName= fermadeiral, githubUserEmail=fer.madeiral@gmail.com}
03:16:16.707 [main] DEBUG fr.inria.jtravis.helpers.BuildHelper - Get request to :https://api.travis-ci.org/build/345971977 done after 742 ms
03:16:16.968 [main] DEBUG fr.inria.jtravis.helpers.BuildHelper - Get request to :https://api.travis-ci.org/build/346049541 done after 124 ms
03:16:16.986 [main] INFO  f.i.s.repairnator.pipeline.Launcher - The patched build (346049541) was successfully retrieved from Travis.
03:16:18.108 [main] INFO  fr.inria.jtravis.JTravis - GitHub ratelimit: Limit: 5000 Remaining: 4678 Reset hour: 19:27:26
03:16:18.355 [main] INFO  f.i.s.r.p.i.ProjectInspector - ----------------------------------------------------------------------
03:16:18.355 [main] INFO  f.i.s.r.p.i.ProjectInspector - PIPELINE STEPS
03:16:18.355 [main] INFO  f.i.s.r.p.i.ProjectInspector - ----------------------------------------------------------------------
03:16:18.355 [main] INFO  f.i.s.r.p.i.ProjectInspector - CloneRepository
03:16:18.356 [main] INFO  f.i.s.r.p.i.ProjectInspector - CheckoutPatchedBuildCandidate
03:16:18.356 [main] INFO  f.i.s.r.p.i.ProjectInspector - ComputeSourceDir
03:16:18.356 [main] INFO  f.i.s.r.p.i.ProjectInspector - ComputeTestDir
03:16:18.356 [main] INFO  f.i.s.r.p.i.ProjectInspector - CheckoutBuggyBuildCandidateSourceCode
03:16:18.356 [main] INFO  f.i.s.r.p.i.ProjectInspector - BuildProjectBuggyBuildCandidateSourceCode
03:16:18.357 [main] INFO  f.i.s.r.p.i.ProjectInspector - TestProjectBuggyBuildCandidateSourceCode
03:16:18.357 [main] INFO  f.i.s.r.p.i.ProjectInspector - GatherTestInformationBuggyBuildCandidateSourceCode
03:16:18.357 [main] INFO  f.i.s.r.p.i.ProjectInspector - CheckoutBuggyBuildTestCode
03:16:18.357 [main] INFO  f.i.s.r.p.i.ProjectInspector - InitRepoToPush
03:16:18.357 [main] INFO  f.i.s.r.p.i.ProjectInspector - ComputeClasspath
03:16:18.358 [main] INFO  f.i.s.r.p.i.ProjectInspector - ComputeModules
03:16:18.358 [main] INFO  f.i.s.r.p.i.ProjectInspector - CheckoutBuggyBuildCandidateSourceCode
03:16:18.358 [main] INFO  f.i.s.r.p.i.ProjectInspector - CommitChangedTests
03:16:18.358 [main] INFO  f.i.s.r.p.i.ProjectInspector - CheckoutPatchedBuildCandidate
03:16:18.358 [main] INFO  f.i.s.r.p.i.ProjectInspector - BuildProjectPatchedBuildCandidate
03:16:18.359 [main] INFO  f.i.s.r.p.i.ProjectInspector - TestProjectPatchedBuildCandidate
03:16:18.359 [main] INFO  f.i.s.r.p.i.ProjectInspector - GatherTestInformationPatchedBuildCandidate
03:16:18.359 [main] INFO  f.i.s.r.p.i.ProjectInspector - CommitPatch
03:16:18.360 [main] INFO  f.i.s.r.p.i.ProjectInspector - WritePropertyFile
03:16:18.360 [main] INFO  f.i.s.r.p.i.ProjectInspector - CommitProcessEnd
03:16:18.360 [main] INFO  f.i.s.r.p.i.ProjectInspector - PushProcessEnd
03:16:18.360 [main] DEBUG f.i.s.r.process.step.CloneRepository - ----------------------------------------------------------------------
03:16:18.361 [main] DEBUG f.i.s.r.process.step.CloneRepository - STEP 1/22: CloneRepository
03:16:18.361 [main] DEBUG f.i.s.r.process.step.CloneRepository - ----------------------------------------------------------------------
03:16:18.362 [main] DEBUG f.i.s.r.process.step.CloneRepository - Cloning repository INRIA/spoon in the following directory: ./workspace/INRIA/spoon/345971977
03:16:28.824 [main] DEBUG f.i.s.r.process.step.CloneRepository - STEP STATUS: [ CloneRepository : SUCCESS ]
03:16:28.825 [main] DEBUG f.i.s.r.process.step.CloneRepository - STEP DURATION: 10s
03:16:28.825 [main] DEBUG f.i.s.r.process.step.CloneRepository - EXECUTE NEXT STEP
03:16:28.825 [main] DEBUG f.i.s.r.p.s.c.CheckoutPatchedBuild - ----------------------------------------------------------------------
03:16:28.825 [main] DEBUG f.i.s.r.p.s.c.CheckoutPatchedBuild - STEP 2/22: CheckoutPatchedBuildCandidate
03:16:28.826 [main] DEBUG f.i.s.r.p.s.c.CheckoutPatchedBuild - ----------------------------------------------------------------------
03:16:28.826 [main] DEBUG f.i.s.r.p.s.c.CheckoutPatchedBuild - Checking out patched build candidate...
03:16:29.162 [main] INFO  fr.inria.jtravis.JTravis - GitHub ratelimit: Limit: 5000 Remaining: 4668 Reset hour: 19:27:26
03:16:31.063 [main] DEBUG f.i.s.r.p.s.c.CheckoutPatchedBuild - Reproduce the PR for INRIA/spoon by fetching remote branch and merging.
03:16:32.145 [main] ERROR f.i.s.r.p.s.c.CheckoutPatchedBuild - Error while testing commit: org.eclipse.jgit.errors.MissingObjectException: Missing unknown 1aaef217f2cf2b56722e5441561a6a6a07eabd04
03:16:32.146 [main] ERROR f.i.s.r.p.s.c.CheckoutPatchedBuild - Commit head ref cannot be retrieved from the repository: 1aaef217f2cf2b56722e5441561a6a6a07eabd04. Operation aborted.
03:16:32.147 [main] ERROR f.i.s.r.p.s.c.CheckoutPatchedBuild - Error while merging two commits to reproduce the PR.
03:16:32.148 [main] DEBUG f.i.s.r.p.s.c.CheckoutPatchedBuild - STEP STATUS: [ CheckoutPatchedBuildCandidate : FAILURE ( BUILDNOTCHECKEDOUT ) ]
03:16:32.148 [main] DEBUG f.i.s.r.p.s.c.CheckoutPatchedBuild - STEP DURATION: 3s
03:16:32.149 [main] DEBUG f.i.s.r.p.s.c.CheckoutPatchedBuild - TERMINATE PIPELINE
03:16:32.149 [main] DEBUG f.i.s.r.p.s.c.CheckoutPatchedBuild - FINAL STEPS SKIPPED: The reproduction of the bug and/or the patch failed.
03:16:32.149 [main] INFO  f.i.s.r.p.s.c.CheckoutPatchedBuild - Serialize all data for the pair of builds 345971977, 346049541
03:16:32.271 [main] INFO  fr.inria.jtravis.JTravis - GitHub ratelimit: Limit: 5000 Remaining: 4659 Reset hour: 19:27:26
03:16:32.936 [main] INFO  f.i.s.r.p.i.ProjectInspector - ----------------------------------------------------------------------
03:16:32.937 [main] INFO  f.i.s.r.p.i.ProjectInspector - PIPELINE EXECUTION SUMMARY
03:16:32.937 [main] INFO  f.i.s.r.p.i.ProjectInspector - ----------------------------------------------------------------------
03:16:32.937 [main] INFO  f.i.s.r.p.i.ProjectInspector - CloneRepository.......................................SUCCESS [ 10 s ]
03:16:32.937 [main] INFO  f.i.s.r.p.i.ProjectInspector - CheckoutPatchedBuildCandidate.........................FAILURE [  3 s ]
03:16:32.937 [main] INFO  f.i.s.r.p.i.ProjectInspector - ComputeSourceDir......................................NOT RUN         
03:16:32.937 [main] INFO  f.i.s.r.p.i.ProjectInspector - ComputeTestDir........................................NOT RUN         
03:16:32.937 [main] INFO  f.i.s.r.p.i.ProjectInspector - CheckoutBuggyBuildCandidateSourceCode.................NOT RUN         
03:16:32.937 [main] INFO  f.i.s.r.p.i.ProjectInspector - BuildProjectBuggyBuildCandidateSourceCode.............NOT RUN         
03:16:32.938 [main] INFO  f.i.s.r.p.i.ProjectInspector - TestProjectBuggyBuildCandidateSourceCode..............NOT RUN         
03:16:32.938 [main] INFO  f.i.s.r.p.i.ProjectInspector - GatherTestInformationBuggyBuildCandidateSourceCode....NOT RUN         
03:16:32.938 [main] INFO  f.i.s.r.p.i.ProjectInspector - CheckoutBuggyBuildTestCode............................NOT RUN         
03:16:32.938 [main] INFO  f.i.s.r.p.i.ProjectInspector - InitRepoToPush........................................NOT RUN         
03:16:32.938 [main] INFO  f.i.s.r.p.i.ProjectInspector - ComputeClasspath......................................NOT RUN         
03:16:32.938 [main] INFO  f.i.s.r.p.i.ProjectInspector - ComputeModules........................................NOT RUN         
03:16:32.938 [main] INFO  f.i.s.r.p.i.ProjectInspector - CheckoutBuggyBuildCandidateSourceCode.................NOT RUN         
03:16:32.938 [main] INFO  f.i.s.r.p.i.ProjectInspector - CommitChangedTests....................................NOT RUN         
03:16:32.938 [main] INFO  f.i.s.r.p.i.ProjectInspector - CheckoutPatchedBuildCandidate.........................NOT RUN         
03:16:32.939 [main] INFO  f.i.s.r.p.i.ProjectInspector - BuildProjectPatchedBuildCandidate.....................NOT RUN         
03:16:32.939 [main] INFO  f.i.s.r.p.i.ProjectInspector - TestProjectPatchedBuildCandidate......................NOT RUN         
03:16:32.939 [main] INFO  f.i.s.r.p.i.ProjectInspector - GatherTestInformationPatchedBuildCandidate............NOT RUN         
03:16:32.939 [main] INFO  f.i.s.r.p.i.ProjectInspector - CommitPatch...........................................NOT RUN         
03:16:32.939 [main] INFO  f.i.s.r.p.i.ProjectInspector - WritePropertyFile.....................................NOT RUN         
03:16:32.939 [main] INFO  f.i.s.r.p.i.ProjectInspector - CommitProcessEnd......................................NOT RUN         
03:16:32.939 [main] INFO  f.i.s.r.p.i.ProjectInspector - PushProcessEnd........................................NOT RUN         
03:16:32.939 [main] INFO  f.i.s.r.p.i.ProjectInspector - ----------------------------------------------------------------------
03:16:32.939 [main] INFO  f.i.s.r.p.i.ProjectInspector - PIPELINE FINDING: BUILDNOTCHECKEDOUT
03:16:32.939 [main] INFO  f.i.s.r.p.i.ProjectInspector - ----------------------------------------------------------------------
03:16:32.940 [main] INFO  f.i.s.repairnator.pipeline.Launcher - Inspector is finished. The process will exit now.
