12:14:04.324 [main] INFO  f.i.s.repairnator.pipeline.Launcher - PIPELINE VERSION: 3.0-2018-08-09 19:04
12:14:04.992 [main] INFO  f.i.s.repairnator.pipeline.Launcher - The pipeline will try to reproduce a bug from build 345291973 and its corresponding patch from build 345332185
12:14:04.993 [main] INFO  f.i.s.repairnator.pipeline.Launcher - Initialize file serializer engines.
12:14:04.996 [main] INFO  f.i.s.repairnator.pipeline.Launcher - MongoDB won't be used for serialization.
12:14:04.997 [main] INFO  f.i.s.repairnator.pipeline.Launcher - The email notifier engine won't be used.
12:14:05.003 [main] INFO  f.i.s.repairnator.pipeline.Launcher - Start by getting the build (buildId: 345291973) with the following config: RepairnatorConfig{runId='4d8bbe69-14c6-4f1d-8f48-402227d2aba3_02-18-week4-PASSING_AND_PASSING', launcherMode=BEARS, serializeJson=true, inputPath='null', outputPath='/var/log', mongodbHost='null', mongodbName='repairnator', smtpServer='null', notifyTo=[], notifyEndProcess=false, push=true, pushRemoteRepo='https://github.com/fermadeiral/bears-collection-pp', fork=false, lookFromDate=null, lookToDate=null, buildId=345291973, z3solverPath='./z3_for_linux', workspacePath='./workspace', githubToken='c8a341a903[...]', dockerImageName='null', skipDelete=false, createOutputDir=false, logDirectory='null', nbThreads=0, globalTimeout=0, whiteList=null, blackList=null, jobSleepTime=0, buildSleepTime=0, maxInspectedBuilds=0, duration=null, humanPatch=false, repository='null', clean=true, bearsMode=BOTH, bearsDelimiter = false, repairTools=NopolAllTests,NPEFix,AssertFixer,AstorJGenProg,AstorJKali,NopolSingleTest,AstorJMut,NopolTestExclusionStrategy, githubUserName= fermadeiral, githubUserEmail=fer.madeiral@gmail.com}
12:14:06.953 [main] DEBUG fr.inria.jtravis.helpers.BuildHelper - Get request to :https://api.travis-ci.org/build/345291973 done after 1241 ms
12:14:07.226 [main] DEBUG fr.inria.jtravis.helpers.BuildHelper - Get request to :https://api.travis-ci.org/build/345332185 done after 137 ms
12:14:07.247 [main] INFO  f.i.s.repairnator.pipeline.Launcher - The patched build (345332185) was successfully retrieved from Travis.
12:14:08.774 [main] INFO  fr.inria.jtravis.JTravis - GitHub ratelimit: Limit: 5000 Remaining: 4993 Reset hour: 19:28:01
12:14:09.068 [main] INFO  f.i.s.r.p.i.ProjectInspector - ----------------------------------------------------------------------
12:14:09.068 [main] INFO  f.i.s.r.p.i.ProjectInspector - PIPELINE STEPS
12:14:09.068 [main] INFO  f.i.s.r.p.i.ProjectInspector - ----------------------------------------------------------------------
12:14:09.069 [main] INFO  f.i.s.r.p.i.ProjectInspector - CloneRepository
12:14:09.069 [main] INFO  f.i.s.r.p.i.ProjectInspector - CheckoutPatchedBuildCandidate
12:14:09.069 [main] INFO  f.i.s.r.p.i.ProjectInspector - ComputeSourceDir
12:14:09.069 [main] INFO  f.i.s.r.p.i.ProjectInspector - ComputeTestDir
12:14:09.070 [main] INFO  f.i.s.r.p.i.ProjectInspector - CheckoutBuggyBuildCandidateSourceCode
12:14:09.070 [main] INFO  f.i.s.r.p.i.ProjectInspector - BuildProjectBuggyBuildCandidateSourceCode
12:14:09.070 [main] INFO  f.i.s.r.p.i.ProjectInspector - TestProjectBuggyBuildCandidateSourceCode
12:14:09.070 [main] INFO  f.i.s.r.p.i.ProjectInspector - GatherTestInformationBuggyBuildCandidateSourceCode
12:14:09.071 [main] INFO  f.i.s.r.p.i.ProjectInspector - CheckoutBuggyBuildTestCode
12:14:09.071 [main] INFO  f.i.s.r.p.i.ProjectInspector - InitRepoToPush
12:14:09.071 [main] INFO  f.i.s.r.p.i.ProjectInspector - ComputeClasspath
12:14:09.071 [main] INFO  f.i.s.r.p.i.ProjectInspector - ComputeModules
12:14:09.071 [main] INFO  f.i.s.r.p.i.ProjectInspector - CheckoutBuggyBuildCandidateSourceCode
12:14:09.072 [main] INFO  f.i.s.r.p.i.ProjectInspector - CommitChangedTests
12:14:09.072 [main] INFO  f.i.s.r.p.i.ProjectInspector - CheckoutPatchedBuildCandidate
12:14:09.072 [main] INFO  f.i.s.r.p.i.ProjectInspector - BuildProjectPatchedBuildCandidate
12:14:09.072 [main] INFO  f.i.s.r.p.i.ProjectInspector - TestProjectPatchedBuildCandidate
12:14:09.073 [main] INFO  f.i.s.r.p.i.ProjectInspector - GatherTestInformationPatchedBuildCandidate
12:14:09.073 [main] INFO  f.i.s.r.p.i.ProjectInspector - CommitPatch
12:14:09.074 [main] INFO  f.i.s.r.p.i.ProjectInspector - WritePropertyFile
12:14:09.074 [main] INFO  f.i.s.r.p.i.ProjectInspector - CommitProcessEnd
12:14:09.075 [main] INFO  f.i.s.r.p.i.ProjectInspector - PushProcessEnd
12:14:09.075 [main] DEBUG f.i.s.r.process.step.CloneRepository - ----------------------------------------------------------------------
12:14:09.076 [main] DEBUG f.i.s.r.process.step.CloneRepository - STEP 1/22: CloneRepository
12:14:09.076 [main] DEBUG f.i.s.r.process.step.CloneRepository - ----------------------------------------------------------------------
12:14:09.076 [main] DEBUG f.i.s.r.process.step.CloneRepository - Cloning repository geoserver/geoserver in the following directory: ./workspace/geoserver/geoserver/345291973
12:15:05.195 [main] DEBUG f.i.s.r.process.step.CloneRepository - STEP STATUS: [ CloneRepository : SUCCESS ]
12:15:05.196 [main] DEBUG f.i.s.r.process.step.CloneRepository - STEP DURATION: 56s
12:15:05.196 [main] DEBUG f.i.s.r.process.step.CloneRepository - EXECUTE NEXT STEP
12:15:05.197 [main] DEBUG f.i.s.r.p.s.c.CheckoutPatchedBuild - ----------------------------------------------------------------------
12:15:05.197 [main] DEBUG f.i.s.r.p.s.c.CheckoutPatchedBuild - STEP 2/22: CheckoutPatchedBuildCandidate
12:15:05.197 [main] DEBUG f.i.s.r.p.s.c.CheckoutPatchedBuild - ----------------------------------------------------------------------
12:15:05.198 [main] DEBUG f.i.s.r.p.s.c.CheckoutPatchedBuild - Checking out patched build candidate...
12:15:05.572 [main] INFO  fr.inria.jtravis.JTravis - GitHub ratelimit: Limit: 5000 Remaining: 4992 Reset hour: 19:28:01
12:15:08.907 [main] DEBUG f.i.s.r.p.s.c.CheckoutPatchedBuild - Reproduce the PR for geoserver/geoserver by fetching remote branch and merging.
12:15:14.337 [main] ERROR f.i.s.r.p.s.c.CheckoutPatchedBuild - Error while testing commit: org.eclipse.jgit.errors.MissingObjectException: Missing unknown eea810f404e908ec333f68a103296df81f21dd0d
12:15:14.339 [main] ERROR f.i.s.r.p.s.c.CheckoutPatchedBuild - Commit head ref cannot be retrieved from the repository: eea810f404e908ec333f68a103296df81f21dd0d. Operation aborted.
12:15:14.339 [main] ERROR f.i.s.r.p.s.c.CheckoutPatchedBuild - Error while merging two commits to reproduce the PR.
12:15:14.340 [main] DEBUG f.i.s.r.p.s.c.CheckoutPatchedBuild - STEP STATUS: [ CheckoutPatchedBuildCandidate : FAILURE ( BUILDNOTCHECKEDOUT ) ]
12:15:14.341 [main] DEBUG f.i.s.r.p.s.c.CheckoutPatchedBuild - STEP DURATION: 9s
12:15:14.341 [main] DEBUG f.i.s.r.p.s.c.CheckoutPatchedBuild - TERMINATE PIPELINE
12:15:14.342 [main] DEBUG f.i.s.r.p.s.c.CheckoutPatchedBuild - FINAL STEPS SKIPPED: The reproduction of the bug and/or the patch failed.
12:15:14.342 [main] INFO  f.i.s.r.p.s.c.CheckoutPatchedBuild - Serialize all data for the pair of builds 345291973, 345332185
12:15:14.677 [main] INFO  fr.inria.jtravis.JTravis - GitHub ratelimit: Limit: 5000 Remaining: 4985 Reset hour: 19:28:01
12:15:17.168 [main] INFO  f.i.s.r.p.i.ProjectInspector - ----------------------------------------------------------------------
12:15:17.168 [main] INFO  f.i.s.r.p.i.ProjectInspector - PIPELINE EXECUTION SUMMARY
12:15:17.168 [main] INFO  f.i.s.r.p.i.ProjectInspector - ----------------------------------------------------------------------
12:15:17.168 [main] INFO  f.i.s.r.p.i.ProjectInspector - CloneRepository.......................................SUCCESS [ 56 s ]
12:15:17.168 [main] INFO  f.i.s.r.p.i.ProjectInspector - CheckoutPatchedBuildCandidate.........................FAILURE [  9 s ]
12:15:17.168 [main] INFO  f.i.s.r.p.i.ProjectInspector - ComputeSourceDir......................................NOT RUN         
12:15:17.169 [main] INFO  f.i.s.r.p.i.ProjectInspector - ComputeTestDir........................................NOT RUN         
12:15:17.170 [main] INFO  f.i.s.r.p.i.ProjectInspector - CheckoutBuggyBuildCandidateSourceCode.................NOT RUN         
12:15:17.170 [main] INFO  f.i.s.r.p.i.ProjectInspector - BuildProjectBuggyBuildCandidateSourceCode.............NOT RUN         
12:15:17.171 [main] INFO  f.i.s.r.p.i.ProjectInspector - TestProjectBuggyBuildCandidateSourceCode..............NOT RUN         
12:15:17.171 [main] INFO  f.i.s.r.p.i.ProjectInspector - GatherTestInformationBuggyBuildCandidateSourceCode....NOT RUN         
12:15:17.171 [main] INFO  f.i.s.r.p.i.ProjectInspector - CheckoutBuggyBuildTestCode............................NOT RUN         
12:15:17.171 [main] INFO  f.i.s.r.p.i.ProjectInspector - InitRepoToPush........................................NOT RUN         
12:15:17.171 [main] INFO  f.i.s.r.p.i.ProjectInspector - ComputeClasspath......................................NOT RUN         
12:15:17.171 [main] INFO  f.i.s.r.p.i.ProjectInspector - ComputeModules........................................NOT RUN         
12:15:17.171 [main] INFO  f.i.s.r.p.i.ProjectInspector - CheckoutBuggyBuildCandidateSourceCode.................NOT RUN         
12:15:17.172 [main] INFO  f.i.s.r.p.i.ProjectInspector - CommitChangedTests....................................NOT RUN         
12:15:17.172 [main] INFO  f.i.s.r.p.i.ProjectInspector - CheckoutPatchedBuildCandidate.........................NOT RUN         
12:15:17.172 [main] INFO  f.i.s.r.p.i.ProjectInspector - BuildProjectPatchedBuildCandidate.....................NOT RUN         
12:15:17.172 [main] INFO  f.i.s.r.p.i.ProjectInspector - TestProjectPatchedBuildCandidate......................NOT RUN         
12:15:17.172 [main] INFO  f.i.s.r.p.i.ProjectInspector - GatherTestInformationPatchedBuildCandidate............NOT RUN         
12:15:17.172 [main] INFO  f.i.s.r.p.i.ProjectInspector - CommitPatch...........................................NOT RUN         
12:15:17.172 [main] INFO  f.i.s.r.p.i.ProjectInspector - WritePropertyFile.....................................NOT RUN         
12:15:17.173 [main] INFO  f.i.s.r.p.i.ProjectInspector - CommitProcessEnd......................................NOT RUN         
12:15:17.173 [main] INFO  f.i.s.r.p.i.ProjectInspector - PushProcessEnd........................................NOT RUN         
12:15:17.173 [main] INFO  f.i.s.r.p.i.ProjectInspector - ----------------------------------------------------------------------
12:15:17.173 [main] INFO  f.i.s.r.p.i.ProjectInspector - PIPELINE FINDING: BUILDNOTCHECKEDOUT
12:15:17.173 [main] INFO  f.i.s.r.p.i.ProjectInspector - ----------------------------------------------------------------------
12:15:17.173 [main] INFO  f.i.s.repairnator.pipeline.Launcher - Inspector is finished. The process will exit now.
