13:14:06.440 [main] INFO  f.i.s.repairnator.pipeline.Launcher - PIPELINE VERSION: 3.0-2018-08-09 19:04
13:14:06.605 [main] INFO  f.i.s.repairnator.pipeline.Launcher - The pipeline will try to reproduce a bug from build 345315759 and its corresponding patch from build 345367844
13:14:06.606 [main] INFO  f.i.s.repairnator.pipeline.Launcher - Initialize file serializer engines.
13:14:06.608 [main] INFO  f.i.s.repairnator.pipeline.Launcher - MongoDB won't be used for serialization.
13:14:06.608 [main] INFO  f.i.s.repairnator.pipeline.Launcher - The email notifier engine won't be used.
13:14:06.613 [main] INFO  f.i.s.repairnator.pipeline.Launcher - Start by getting the build (buildId: 345315759) with the following config: RepairnatorConfig{runId='4d8bbe69-14c6-4f1d-8f48-402227d2aba3_02-18-week4-PASSING_AND_PASSING', launcherMode=BEARS, serializeJson=true, inputPath='null', outputPath='/var/log', mongodbHost='null', mongodbName='repairnator', smtpServer='null', notifyTo=[], notifyEndProcess=false, push=true, pushRemoteRepo='https://github.com/fermadeiral/bears-collection-pp', fork=false, lookFromDate=null, lookToDate=null, buildId=345315759, z3solverPath='./z3_for_linux', workspacePath='./workspace', githubToken='c8a341a903[...]', dockerImageName='null', skipDelete=false, createOutputDir=false, logDirectory='null', nbThreads=0, globalTimeout=0, whiteList=null, blackList=null, jobSleepTime=0, buildSleepTime=0, maxInspectedBuilds=0, duration=null, humanPatch=false, repository='null', clean=true, bearsMode=BOTH, bearsDelimiter = false, repairTools=NopolAllTests,NPEFix,AssertFixer,AstorJGenProg,AstorJKali,NopolSingleTest,AstorJMut,NopolTestExclusionStrategy, githubUserName= fermadeiral, githubUserEmail=fer.madeiral@gmail.com}
13:14:08.114 [main] DEBUG fr.inria.jtravis.helpers.BuildHelper - Get request to :https://api.travis-ci.org/build/345315759 done after 885 ms
13:14:08.390 [main] DEBUG fr.inria.jtravis.helpers.BuildHelper - Get request to :https://api.travis-ci.org/build/345367844 done after 139 ms
13:14:08.413 [main] INFO  f.i.s.repairnator.pipeline.Launcher - The patched build (345367844) was successfully retrieved from Travis.
13:14:09.701 [main] INFO  fr.inria.jtravis.JTravis - GitHub ratelimit: Limit: 5000 Remaining: 4963 Reset hour: 19:28:05
13:14:10.009 [main] INFO  f.i.s.r.p.i.ProjectInspector - ----------------------------------------------------------------------
13:14:10.009 [main] INFO  f.i.s.r.p.i.ProjectInspector - PIPELINE STEPS
13:14:10.009 [main] INFO  f.i.s.r.p.i.ProjectInspector - ----------------------------------------------------------------------
13:14:10.009 [main] INFO  f.i.s.r.p.i.ProjectInspector - CloneRepository
13:14:10.009 [main] INFO  f.i.s.r.p.i.ProjectInspector - CheckoutPatchedBuildCandidate
13:14:10.010 [main] INFO  f.i.s.r.p.i.ProjectInspector - ComputeSourceDir
13:14:10.010 [main] INFO  f.i.s.r.p.i.ProjectInspector - ComputeTestDir
13:14:10.010 [main] INFO  f.i.s.r.p.i.ProjectInspector - CheckoutBuggyBuildCandidateSourceCode
13:14:10.010 [main] INFO  f.i.s.r.p.i.ProjectInspector - BuildProjectBuggyBuildCandidateSourceCode
13:14:10.010 [main] INFO  f.i.s.r.p.i.ProjectInspector - TestProjectBuggyBuildCandidateSourceCode
13:14:10.010 [main] INFO  f.i.s.r.p.i.ProjectInspector - GatherTestInformationBuggyBuildCandidateSourceCode
13:14:10.010 [main] INFO  f.i.s.r.p.i.ProjectInspector - CheckoutBuggyBuildTestCode
13:14:10.011 [main] INFO  f.i.s.r.p.i.ProjectInspector - InitRepoToPush
13:14:10.011 [main] INFO  f.i.s.r.p.i.ProjectInspector - ComputeClasspath
13:14:10.011 [main] INFO  f.i.s.r.p.i.ProjectInspector - ComputeModules
13:14:10.011 [main] INFO  f.i.s.r.p.i.ProjectInspector - CheckoutBuggyBuildCandidateSourceCode
13:14:10.011 [main] INFO  f.i.s.r.p.i.ProjectInspector - CommitChangedTests
13:14:10.011 [main] INFO  f.i.s.r.p.i.ProjectInspector - CheckoutPatchedBuildCandidate
13:14:10.011 [main] INFO  f.i.s.r.p.i.ProjectInspector - BuildProjectPatchedBuildCandidate
13:14:10.011 [main] INFO  f.i.s.r.p.i.ProjectInspector - TestProjectPatchedBuildCandidate
13:14:10.011 [main] INFO  f.i.s.r.p.i.ProjectInspector - GatherTestInformationPatchedBuildCandidate
13:14:10.012 [main] INFO  f.i.s.r.p.i.ProjectInspector - CommitPatch
13:14:10.012 [main] INFO  f.i.s.r.p.i.ProjectInspector - WritePropertyFile
13:14:10.012 [main] INFO  f.i.s.r.p.i.ProjectInspector - CommitProcessEnd
13:14:10.012 [main] INFO  f.i.s.r.p.i.ProjectInspector - PushProcessEnd
13:14:10.012 [main] DEBUG f.i.s.r.process.step.CloneRepository - ----------------------------------------------------------------------
13:14:10.012 [main] DEBUG f.i.s.r.process.step.CloneRepository - STEP 1/22: CloneRepository
13:14:10.017 [main] DEBUG f.i.s.r.process.step.CloneRepository - ----------------------------------------------------------------------
13:14:10.017 [main] DEBUG f.i.s.r.process.step.CloneRepository - Cloning repository datastax/java-driver in the following directory: ./workspace/datastax/java-driver/345315759
13:14:28.181 [main] DEBUG f.i.s.r.process.step.CloneRepository - STEP STATUS: [ CloneRepository : SUCCESS ]
13:14:28.184 [main] DEBUG f.i.s.r.process.step.CloneRepository - STEP DURATION: 18s
13:14:28.184 [main] DEBUG f.i.s.r.process.step.CloneRepository - EXECUTE NEXT STEP
13:14:28.184 [main] DEBUG f.i.s.r.p.s.c.CheckoutPatchedBuild - ----------------------------------------------------------------------
13:14:28.185 [main] DEBUG f.i.s.r.p.s.c.CheckoutPatchedBuild - STEP 2/22: CheckoutPatchedBuildCandidate
13:14:28.185 [main] DEBUG f.i.s.r.p.s.c.CheckoutPatchedBuild - ----------------------------------------------------------------------
13:14:28.185 [main] DEBUG f.i.s.r.p.s.c.CheckoutPatchedBuild - Checking out patched build candidate...
13:14:28.207 [main] ERROR f.i.s.r.p.s.c.CheckoutPatchedBuild - Error while testing commit: org.eclipse.jgit.errors.MissingObjectException: Missing unknown af6857df2158ee0e077ef7a4bc48ca92d8c52b3e
13:14:28.208 [main] ERROR f.i.s.r.p.s.c.CheckoutPatchedBuild - Error while getting the commit to checkout from the repo.
13:14:28.209 [main] DEBUG f.i.s.r.p.s.c.CheckoutPatchedBuild - STEP STATUS: [ CheckoutPatchedBuildCandidate : FAILURE ( BUILDNOTCHECKEDOUT ) ]
13:14:28.209 [main] DEBUG f.i.s.r.p.s.c.CheckoutPatchedBuild - STEP DURATION: 0s
13:14:28.209 [main] DEBUG f.i.s.r.p.s.c.CheckoutPatchedBuild - TERMINATE PIPELINE
13:14:28.210 [main] DEBUG f.i.s.r.p.s.c.CheckoutPatchedBuild - FINAL STEPS SKIPPED: The reproduction of the bug and/or the patch failed.
13:14:28.211 [main] INFO  f.i.s.r.p.s.c.CheckoutPatchedBuild - Serialize all data for the pair of builds 345315759, 345367844
13:14:28.544 [main] INFO  fr.inria.jtravis.JTravis - GitHub ratelimit: Limit: 5000 Remaining: 4953 Reset hour: 19:28:05
13:14:29.115 [main] INFO  f.i.s.r.p.i.ProjectInspector - ----------------------------------------------------------------------
13:14:29.116 [main] INFO  f.i.s.r.p.i.ProjectInspector - PIPELINE EXECUTION SUMMARY
13:14:29.116 [main] INFO  f.i.s.r.p.i.ProjectInspector - ----------------------------------------------------------------------
13:14:29.117 [main] INFO  f.i.s.r.p.i.ProjectInspector - CloneRepository.......................................SUCCESS [ 18 s ]
13:14:29.117 [main] INFO  f.i.s.r.p.i.ProjectInspector - CheckoutPatchedBuildCandidate.........................FAILURE [  0 s ]
13:14:29.117 [main] INFO  f.i.s.r.p.i.ProjectInspector - ComputeSourceDir......................................NOT RUN         
13:14:29.118 [main] INFO  f.i.s.r.p.i.ProjectInspector - ComputeTestDir........................................NOT RUN         
13:14:29.118 [main] INFO  f.i.s.r.p.i.ProjectInspector - CheckoutBuggyBuildCandidateSourceCode.................NOT RUN         
13:14:29.118 [main] INFO  f.i.s.r.p.i.ProjectInspector - BuildProjectBuggyBuildCandidateSourceCode.............NOT RUN         
13:14:29.118 [main] INFO  f.i.s.r.p.i.ProjectInspector - TestProjectBuggyBuildCandidateSourceCode..............NOT RUN         
13:14:29.119 [main] INFO  f.i.s.r.p.i.ProjectInspector - GatherTestInformationBuggyBuildCandidateSourceCode....NOT RUN         
13:14:29.119 [main] INFO  f.i.s.r.p.i.ProjectInspector - CheckoutBuggyBuildTestCode............................NOT RUN         
13:14:29.119 [main] INFO  f.i.s.r.p.i.ProjectInspector - InitRepoToPush........................................NOT RUN         
13:14:29.119 [main] INFO  f.i.s.r.p.i.ProjectInspector - ComputeClasspath......................................NOT RUN         
13:14:29.119 [main] INFO  f.i.s.r.p.i.ProjectInspector - ComputeModules........................................NOT RUN         
13:14:29.120 [main] INFO  f.i.s.r.p.i.ProjectInspector - CheckoutBuggyBuildCandidateSourceCode.................NOT RUN         
13:14:29.120 [main] INFO  f.i.s.r.p.i.ProjectInspector - CommitChangedTests....................................NOT RUN         
13:14:29.120 [main] INFO  f.i.s.r.p.i.ProjectInspector - CheckoutPatchedBuildCandidate.........................NOT RUN         
13:14:29.120 [main] INFO  f.i.s.r.p.i.ProjectInspector - BuildProjectPatchedBuildCandidate.....................NOT RUN         
13:14:29.120 [main] INFO  f.i.s.r.p.i.ProjectInspector - TestProjectPatchedBuildCandidate......................NOT RUN         
13:14:29.121 [main] INFO  f.i.s.r.p.i.ProjectInspector - GatherTestInformationPatchedBuildCandidate............NOT RUN         
13:14:29.121 [main] INFO  f.i.s.r.p.i.ProjectInspector - CommitPatch...........................................NOT RUN         
13:14:29.121 [main] INFO  f.i.s.r.p.i.ProjectInspector - WritePropertyFile.....................................NOT RUN         
13:14:29.121 [main] INFO  f.i.s.r.p.i.ProjectInspector - CommitProcessEnd......................................NOT RUN         
13:14:29.121 [main] INFO  f.i.s.r.p.i.ProjectInspector - PushProcessEnd........................................NOT RUN         
13:14:29.122 [main] INFO  f.i.s.r.p.i.ProjectInspector - ----------------------------------------------------------------------
13:14:29.122 [main] INFO  f.i.s.r.p.i.ProjectInspector - PIPELINE FINDING: BUILDNOTCHECKEDOUT
13:14:29.122 [main] INFO  f.i.s.r.p.i.ProjectInspector - ----------------------------------------------------------------------
13:14:29.122 [main] INFO  f.i.s.repairnator.pipeline.Launcher - Inspector is finished. The process will exit now.
