05:34:51.665 [main] INFO  f.i.s.repairnator.pipeline.Launcher - PIPELINE VERSION: 3.0-2018-08-09 19:04
05:34:51.775 [main] INFO  f.i.s.repairnator.pipeline.Launcher - The pipeline will try to reproduce a bug from build 342925546 and its corresponding patch from build 347142770
05:34:51.776 [main] INFO  f.i.s.repairnator.pipeline.Launcher - Initialize file serializer engines.
05:34:51.777 [main] INFO  f.i.s.repairnator.pipeline.Launcher - MongoDB won't be used for serialization.
05:34:51.777 [main] INFO  f.i.s.repairnator.pipeline.Launcher - The email notifier engine won't be used.
05:34:51.780 [main] INFO  f.i.s.repairnator.pipeline.Launcher - Start by getting the build (buildId: 342925546) with the following config: RepairnatorConfig{runId='4d8bbe69-14c6-4f1d-8f48-402227d2aba3_02-18-week4-PASSING_AND_PASSING', launcherMode=BEARS, serializeJson=true, inputPath='null', outputPath='/var/log', mongodbHost='null', mongodbName='repairnator', smtpServer='null', notifyTo=[], notifyEndProcess=false, push=true, pushRemoteRepo='https://github.com/fermadeiral/bears-collection-pp', fork=false, lookFromDate=null, lookToDate=null, buildId=342925546, z3solverPath='./z3_for_linux', workspacePath='./workspace', githubToken='c8a341a903[...]', dockerImageName='null', skipDelete=false, createOutputDir=false, logDirectory='null', nbThreads=0, globalTimeout=0, whiteList=null, blackList=null, jobSleepTime=0, buildSleepTime=0, maxInspectedBuilds=0, duration=null, humanPatch=false, repository='null', clean=true, bearsMode=BOTH, bearsDelimiter = false, repairTools=NopolAllTests,NPEFix,AssertFixer,AstorJGenProg,AstorJKali,NopolSingleTest,AstorJMut,NopolTestExclusionStrategy, githubUserName= fermadeiral, githubUserEmail=fer.madeiral@gmail.com}
05:34:52.936 [main] DEBUG fr.inria.jtravis.helpers.BuildHelper - Get request to :https://api.travis-ci.org/build/342925546 done after 742 ms
05:34:53.154 [main] DEBUG fr.inria.jtravis.helpers.BuildHelper - Get request to :https://api.travis-ci.org/build/347142770 done after 126 ms
05:34:53.164 [main] INFO  f.i.s.repairnator.pipeline.Launcher - The patched build (347142770) was successfully retrieved from Travis.
05:34:54.263 [main] INFO  fr.inria.jtravis.JTravis - GitHub ratelimit: Limit: 5000 Remaining: 4852 Reset hour: 19:27:37
05:34:54.567 [main] INFO  f.i.s.r.p.i.ProjectInspector - ----------------------------------------------------------------------
05:34:54.567 [main] INFO  f.i.s.r.p.i.ProjectInspector - PIPELINE STEPS
05:34:54.567 [main] INFO  f.i.s.r.p.i.ProjectInspector - ----------------------------------------------------------------------
05:34:54.568 [main] INFO  f.i.s.r.p.i.ProjectInspector - CloneRepository
05:34:54.568 [main] INFO  f.i.s.r.p.i.ProjectInspector - CheckoutPatchedBuildCandidate
05:34:54.568 [main] INFO  f.i.s.r.p.i.ProjectInspector - ComputeSourceDir
05:34:54.568 [main] INFO  f.i.s.r.p.i.ProjectInspector - ComputeTestDir
05:34:54.569 [main] INFO  f.i.s.r.p.i.ProjectInspector - CheckoutBuggyBuildCandidateSourceCode
05:34:54.569 [main] INFO  f.i.s.r.p.i.ProjectInspector - BuildProjectBuggyBuildCandidateSourceCode
05:34:54.569 [main] INFO  f.i.s.r.p.i.ProjectInspector - TestProjectBuggyBuildCandidateSourceCode
05:34:54.569 [main] INFO  f.i.s.r.p.i.ProjectInspector - GatherTestInformationBuggyBuildCandidateSourceCode
05:34:54.570 [main] INFO  f.i.s.r.p.i.ProjectInspector - CheckoutBuggyBuildTestCode
05:34:54.570 [main] INFO  f.i.s.r.p.i.ProjectInspector - InitRepoToPush
05:34:54.570 [main] INFO  f.i.s.r.p.i.ProjectInspector - ComputeClasspath
05:34:54.570 [main] INFO  f.i.s.r.p.i.ProjectInspector - ComputeModules
05:34:54.571 [main] INFO  f.i.s.r.p.i.ProjectInspector - CheckoutBuggyBuildCandidateSourceCode
05:34:54.571 [main] INFO  f.i.s.r.p.i.ProjectInspector - CommitChangedTests
05:34:54.571 [main] INFO  f.i.s.r.p.i.ProjectInspector - CheckoutPatchedBuildCandidate
05:34:54.571 [main] INFO  f.i.s.r.p.i.ProjectInspector - BuildProjectPatchedBuildCandidate
05:34:54.571 [main] INFO  f.i.s.r.p.i.ProjectInspector - TestProjectPatchedBuildCandidate
05:34:54.572 [main] INFO  f.i.s.r.p.i.ProjectInspector - GatherTestInformationPatchedBuildCandidate
05:34:54.573 [main] INFO  f.i.s.r.p.i.ProjectInspector - CommitPatch
05:34:54.574 [main] INFO  f.i.s.r.p.i.ProjectInspector - WritePropertyFile
05:34:54.574 [main] INFO  f.i.s.r.p.i.ProjectInspector - CommitProcessEnd
05:34:54.575 [main] INFO  f.i.s.r.p.i.ProjectInspector - PushProcessEnd
05:34:54.575 [main] DEBUG f.i.s.r.process.step.CloneRepository - ----------------------------------------------------------------------
05:34:54.576 [main] DEBUG f.i.s.r.process.step.CloneRepository - STEP 1/22: CloneRepository
05:34:54.576 [main] DEBUG f.i.s.r.process.step.CloneRepository - ----------------------------------------------------------------------
05:34:54.577 [main] DEBUG f.i.s.r.process.step.CloneRepository - Cloning repository runelite/runelite in the following directory: ./workspace/runelite/runelite/342925546
05:35:05.612 [main] DEBUG f.i.s.r.process.step.CloneRepository - STEP STATUS: [ CloneRepository : SUCCESS ]
05:35:05.613 [main] DEBUG f.i.s.r.process.step.CloneRepository - STEP DURATION: 11s
05:35:05.614 [main] DEBUG f.i.s.r.process.step.CloneRepository - EXECUTE NEXT STEP
05:35:05.614 [main] DEBUG f.i.s.r.p.s.c.CheckoutPatchedBuild - ----------------------------------------------------------------------
05:35:05.614 [main] DEBUG f.i.s.r.p.s.c.CheckoutPatchedBuild - STEP 2/22: CheckoutPatchedBuildCandidate
05:35:05.614 [main] DEBUG f.i.s.r.p.s.c.CheckoutPatchedBuild - ----------------------------------------------------------------------
05:35:05.614 [main] DEBUG f.i.s.r.p.s.c.CheckoutPatchedBuild - Checking out patched build candidate...
05:35:05.959 [main] INFO  fr.inria.jtravis.JTravis - GitHub ratelimit: Limit: 5000 Remaining: 4851 Reset hour: 19:27:37
05:35:06.360 [main] WARN  f.i.j.helpers.PullRequestHelper - The head repository is null: maybe it has been deleted from GitHub
05:35:06.360 [main] ERROR f.i.s.r.p.s.c.CheckoutPatchedBuild - Error while getting PR information.
05:35:06.361 [main] DEBUG f.i.s.r.p.s.c.CheckoutPatchedBuild - STEP STATUS: [ CheckoutPatchedBuildCandidate : FAILURE ( BUILDNOTCHECKEDOUT ) ]
05:35:06.363 [main] DEBUG f.i.s.r.p.s.c.CheckoutPatchedBuild - STEP DURATION: 0s
05:35:06.363 [main] DEBUG f.i.s.r.p.s.c.CheckoutPatchedBuild - TERMINATE PIPELINE
05:35:06.364 [main] DEBUG f.i.s.r.p.s.c.CheckoutPatchedBuild - FINAL STEPS SKIPPED: The reproduction of the bug and/or the patch failed.
05:35:06.364 [main] INFO  f.i.s.r.p.s.c.CheckoutPatchedBuild - Serialize all data for the pair of builds 342925546, 347142770
05:35:06.489 [main] INFO  fr.inria.jtravis.JTravis - GitHub ratelimit: Limit: 5000 Remaining: 4849 Reset hour: 19:27:37
05:35:07.183 [main] INFO  f.i.s.r.p.i.ProjectInspector - ----------------------------------------------------------------------
05:35:07.183 [main] INFO  f.i.s.r.p.i.ProjectInspector - PIPELINE EXECUTION SUMMARY
05:35:07.183 [main] INFO  f.i.s.r.p.i.ProjectInspector - ----------------------------------------------------------------------
05:35:07.184 [main] INFO  f.i.s.r.p.i.ProjectInspector - CloneRepository.......................................SUCCESS [ 11 s ]
05:35:07.184 [main] INFO  f.i.s.r.p.i.ProjectInspector - CheckoutPatchedBuildCandidate.........................FAILURE [  0 s ]
05:35:07.184 [main] INFO  f.i.s.r.p.i.ProjectInspector - ComputeSourceDir......................................NOT RUN         
05:35:07.184 [main] INFO  f.i.s.r.p.i.ProjectInspector - ComputeTestDir........................................NOT RUN         
05:35:07.184 [main] INFO  f.i.s.r.p.i.ProjectInspector - CheckoutBuggyBuildCandidateSourceCode.................NOT RUN         
05:35:07.185 [main] INFO  f.i.s.r.p.i.ProjectInspector - BuildProjectBuggyBuildCandidateSourceCode.............NOT RUN         
05:35:07.185 [main] INFO  f.i.s.r.p.i.ProjectInspector - TestProjectBuggyBuildCandidateSourceCode..............NOT RUN         
05:35:07.185 [main] INFO  f.i.s.r.p.i.ProjectInspector - GatherTestInformationBuggyBuildCandidateSourceCode....NOT RUN         
05:35:07.185 [main] INFO  f.i.s.r.p.i.ProjectInspector - CheckoutBuggyBuildTestCode............................NOT RUN         
05:35:07.185 [main] INFO  f.i.s.r.p.i.ProjectInspector - InitRepoToPush........................................NOT RUN         
05:35:07.186 [main] INFO  f.i.s.r.p.i.ProjectInspector - ComputeClasspath......................................NOT RUN         
05:35:07.186 [main] INFO  f.i.s.r.p.i.ProjectInspector - ComputeModules........................................NOT RUN         
05:35:07.186 [main] INFO  f.i.s.r.p.i.ProjectInspector - CheckoutBuggyBuildCandidateSourceCode.................NOT RUN         
05:35:07.186 [main] INFO  f.i.s.r.p.i.ProjectInspector - CommitChangedTests....................................NOT RUN         
05:35:07.186 [main] INFO  f.i.s.r.p.i.ProjectInspector - CheckoutPatchedBuildCandidate.........................NOT RUN         
05:35:07.187 [main] INFO  f.i.s.r.p.i.ProjectInspector - BuildProjectPatchedBuildCandidate.....................NOT RUN         
05:35:07.187 [main] INFO  f.i.s.r.p.i.ProjectInspector - TestProjectPatchedBuildCandidate......................NOT RUN         
05:35:07.187 [main] INFO  f.i.s.r.p.i.ProjectInspector - GatherTestInformationPatchedBuildCandidate............NOT RUN         
05:35:07.187 [main] INFO  f.i.s.r.p.i.ProjectInspector - CommitPatch...........................................NOT RUN         
05:35:07.187 [main] INFO  f.i.s.r.p.i.ProjectInspector - WritePropertyFile.....................................NOT RUN         
05:35:07.187 [main] INFO  f.i.s.r.p.i.ProjectInspector - CommitProcessEnd......................................NOT RUN         
05:35:07.187 [main] INFO  f.i.s.r.p.i.ProjectInspector - PushProcessEnd........................................NOT RUN         
05:35:07.188 [main] INFO  f.i.s.r.p.i.ProjectInspector - ----------------------------------------------------------------------
05:35:07.188 [main] INFO  f.i.s.r.p.i.ProjectInspector - PIPELINE FINDING: BUILDNOTCHECKEDOUT
05:35:07.188 [main] INFO  f.i.s.r.p.i.ProjectInspector - ----------------------------------------------------------------------
05:35:07.188 [main] INFO  f.i.s.repairnator.pipeline.Launcher - Inspector is finished. The process will exit now.
