05:33:06.339 [main] INFO  f.i.s.repairnator.pipeline.Launcher - PIPELINE VERSION: 3.0-2018-08-09 19:04
05:33:06.515 [main] INFO  f.i.s.repairnator.pipeline.Launcher - The pipeline will try to reproduce a bug from build 345127479 and its corresponding patch from build 345221567
05:33:06.515 [main] INFO  f.i.s.repairnator.pipeline.Launcher - Initialize file serializer engines.
05:33:06.517 [main] INFO  f.i.s.repairnator.pipeline.Launcher - MongoDB won't be used for serialization.
05:33:06.518 [main] INFO  f.i.s.repairnator.pipeline.Launcher - The email notifier engine won't be used.
05:33:06.522 [main] INFO  f.i.s.repairnator.pipeline.Launcher - Start by getting the build (buildId: 345127479) with the following config: RepairnatorConfig{runId='4d8bbe69-14c6-4f1d-8f48-402227d2aba3_02-18-week4-PASSING_AND_PASSING', launcherMode=BEARS, serializeJson=true, inputPath='null', outputPath='/var/log', mongodbHost='null', mongodbName='repairnator', smtpServer='null', notifyTo=[], notifyEndProcess=false, push=true, pushRemoteRepo='https://github.com/fermadeiral/bears-collection-pp', fork=false, lookFromDate=null, lookToDate=null, buildId=345127479, z3solverPath='./z3_for_linux', workspacePath='./workspace', githubToken='c8a341a903[...]', dockerImageName='null', skipDelete=false, createOutputDir=false, logDirectory='null', nbThreads=0, globalTimeout=0, whiteList=null, blackList=null, jobSleepTime=0, buildSleepTime=0, maxInspectedBuilds=0, duration=null, humanPatch=false, repository='null', clean=true, bearsMode=BOTH, bearsDelimiter = false, repairTools=NopolAllTests,NPEFix,AssertFixer,AstorJGenProg,AstorJKali,NopolSingleTest,AstorJMut,NopolTestExclusionStrategy, githubUserName= fermadeiral, githubUserEmail=fer.madeiral@gmail.com}
05:33:07.904 [main] DEBUG fr.inria.jtravis.helpers.BuildHelper - Get request to :https://api.travis-ci.org/build/345127479 done after 848 ms
05:33:08.191 [main] DEBUG fr.inria.jtravis.helpers.BuildHelper - Get request to :https://api.travis-ci.org/build/345221567 done after 148 ms
05:33:08.208 [main] INFO  f.i.s.repairnator.pipeline.Launcher - The patched build (345221567) was successfully retrieved from Travis.
05:33:09.689 [main] INFO  fr.inria.jtravis.JTravis - GitHub ratelimit: Limit: 5000 Remaining: 4905 Reset hour: 19:27:37
05:33:10.015 [main] INFO  f.i.s.r.p.i.ProjectInspector - ----------------------------------------------------------------------
05:33:10.015 [main] INFO  f.i.s.r.p.i.ProjectInspector - PIPELINE STEPS
05:33:10.016 [main] INFO  f.i.s.r.p.i.ProjectInspector - ----------------------------------------------------------------------
05:33:10.016 [main] INFO  f.i.s.r.p.i.ProjectInspector - CloneRepository
05:33:10.016 [main] INFO  f.i.s.r.p.i.ProjectInspector - CheckoutPatchedBuildCandidate
05:33:10.017 [main] INFO  f.i.s.r.p.i.ProjectInspector - ComputeSourceDir
05:33:10.017 [main] INFO  f.i.s.r.p.i.ProjectInspector - ComputeTestDir
05:33:10.017 [main] INFO  f.i.s.r.p.i.ProjectInspector - CheckoutBuggyBuildCandidateSourceCode
05:33:10.017 [main] INFO  f.i.s.r.p.i.ProjectInspector - BuildProjectBuggyBuildCandidateSourceCode
05:33:10.017 [main] INFO  f.i.s.r.p.i.ProjectInspector - TestProjectBuggyBuildCandidateSourceCode
05:33:10.018 [main] INFO  f.i.s.r.p.i.ProjectInspector - GatherTestInformationBuggyBuildCandidateSourceCode
05:33:10.018 [main] INFO  f.i.s.r.p.i.ProjectInspector - CheckoutBuggyBuildTestCode
05:33:10.019 [main] INFO  f.i.s.r.p.i.ProjectInspector - InitRepoToPush
05:33:10.019 [main] INFO  f.i.s.r.p.i.ProjectInspector - ComputeClasspath
05:33:10.020 [main] INFO  f.i.s.r.p.i.ProjectInspector - ComputeModules
05:33:10.020 [main] INFO  f.i.s.r.p.i.ProjectInspector - CheckoutBuggyBuildCandidateSourceCode
05:33:10.021 [main] INFO  f.i.s.r.p.i.ProjectInspector - CommitChangedTests
05:33:10.021 [main] INFO  f.i.s.r.p.i.ProjectInspector - CheckoutPatchedBuildCandidate
05:33:10.022 [main] INFO  f.i.s.r.p.i.ProjectInspector - BuildProjectPatchedBuildCandidate
05:33:10.026 [main] INFO  f.i.s.r.p.i.ProjectInspector - TestProjectPatchedBuildCandidate
05:33:10.027 [main] INFO  f.i.s.r.p.i.ProjectInspector - GatherTestInformationPatchedBuildCandidate
05:33:10.027 [main] INFO  f.i.s.r.p.i.ProjectInspector - CommitPatch
05:33:10.027 [main] INFO  f.i.s.r.p.i.ProjectInspector - WritePropertyFile
05:33:10.027 [main] INFO  f.i.s.r.p.i.ProjectInspector - CommitProcessEnd
05:33:10.028 [main] INFO  f.i.s.r.p.i.ProjectInspector - PushProcessEnd
05:33:10.028 [main] DEBUG f.i.s.r.process.step.CloneRepository - ----------------------------------------------------------------------
05:33:10.028 [main] DEBUG f.i.s.r.process.step.CloneRepository - STEP 1/22: CloneRepository
05:33:10.029 [main] DEBUG f.i.s.r.process.step.CloneRepository - ----------------------------------------------------------------------
05:33:10.029 [main] DEBUG f.i.s.r.process.step.CloneRepository - Cloning repository apache/incubator-servicecomb-java-chassis in the following directory: ./workspace/apache/incubator-servicecomb-java-chassis/345127479
05:33:19.566 [main] DEBUG f.i.s.r.process.step.CloneRepository - STEP STATUS: [ CloneRepository : SUCCESS ]
05:33:19.566 [main] DEBUG f.i.s.r.process.step.CloneRepository - STEP DURATION: 9s
05:33:19.566 [main] DEBUG f.i.s.r.process.step.CloneRepository - EXECUTE NEXT STEP
05:33:19.567 [main] DEBUG f.i.s.r.p.s.c.CheckoutPatchedBuild - ----------------------------------------------------------------------
05:33:19.567 [main] DEBUG f.i.s.r.p.s.c.CheckoutPatchedBuild - STEP 2/22: CheckoutPatchedBuildCandidate
05:33:19.568 [main] DEBUG f.i.s.r.p.s.c.CheckoutPatchedBuild - ----------------------------------------------------------------------
05:33:19.568 [main] DEBUG f.i.s.r.p.s.c.CheckoutPatchedBuild - Checking out patched build candidate...
05:33:19.886 [main] INFO  fr.inria.jtravis.JTravis - GitHub ratelimit: Limit: 5000 Remaining: 4904 Reset hour: 19:27:37
05:33:22.506 [main] DEBUG f.i.s.r.p.s.c.CheckoutPatchedBuild - Reproduce the PR for apache/incubator-servicecomb-java-chassis by fetching remote branch and merging.
05:33:23.788 [main] ERROR f.i.s.r.p.s.c.CheckoutPatchedBuild - Error while testing commit: org.eclipse.jgit.errors.MissingObjectException: Missing unknown ede2c86e1efce71011d8aa567f53fd318ef36106
05:33:23.790 [main] ERROR f.i.s.r.p.s.c.CheckoutPatchedBuild - Commit head ref cannot be retrieved from the repository: ede2c86e1efce71011d8aa567f53fd318ef36106. Operation aborted.
05:33:23.791 [main] ERROR f.i.s.r.p.s.c.CheckoutPatchedBuild - Error while merging two commits to reproduce the PR.
05:33:23.792 [main] DEBUG f.i.s.r.p.s.c.CheckoutPatchedBuild - STEP STATUS: [ CheckoutPatchedBuildCandidate : FAILURE ( BUILDNOTCHECKEDOUT ) ]
05:33:23.793 [main] DEBUG f.i.s.r.p.s.c.CheckoutPatchedBuild - STEP DURATION: 4s
05:33:23.793 [main] DEBUG f.i.s.r.p.s.c.CheckoutPatchedBuild - TERMINATE PIPELINE
05:33:23.794 [main] DEBUG f.i.s.r.p.s.c.CheckoutPatchedBuild - FINAL STEPS SKIPPED: The reproduction of the bug and/or the patch failed.
05:33:23.794 [main] INFO  f.i.s.r.p.s.c.CheckoutPatchedBuild - Serialize all data for the pair of builds 345127479, 345221567
05:33:23.915 [main] INFO  fr.inria.jtravis.JTravis - GitHub ratelimit: Limit: 5000 Remaining: 4897 Reset hour: 19:27:37
05:33:25.140 [main] INFO  f.i.s.r.p.i.ProjectInspector - ----------------------------------------------------------------------
05:33:25.140 [main] INFO  f.i.s.r.p.i.ProjectInspector - PIPELINE EXECUTION SUMMARY
05:33:25.140 [main] INFO  f.i.s.r.p.i.ProjectInspector - ----------------------------------------------------------------------
05:33:25.141 [main] INFO  f.i.s.r.p.i.ProjectInspector - CloneRepository........................................SUCCESS [ 9 s ]
05:33:25.141 [main] INFO  f.i.s.r.p.i.ProjectInspector - CheckoutPatchedBuildCandidate..........................FAILURE [ 4 s ]
05:33:25.141 [main] INFO  f.i.s.r.p.i.ProjectInspector - ComputeSourceDir.......................................NOT RUN        
05:33:25.142 [main] INFO  f.i.s.r.p.i.ProjectInspector - ComputeTestDir.........................................NOT RUN        
05:33:25.142 [main] INFO  f.i.s.r.p.i.ProjectInspector - CheckoutBuggyBuildCandidateSourceCode..................NOT RUN        
05:33:25.142 [main] INFO  f.i.s.r.p.i.ProjectInspector - BuildProjectBuggyBuildCandidateSourceCode..............NOT RUN        
05:33:25.143 [main] INFO  f.i.s.r.p.i.ProjectInspector - TestProjectBuggyBuildCandidateSourceCode...............NOT RUN        
05:33:25.143 [main] INFO  f.i.s.r.p.i.ProjectInspector - GatherTestInformationBuggyBuildCandidateSourceCode.....NOT RUN        
05:33:25.143 [main] INFO  f.i.s.r.p.i.ProjectInspector - CheckoutBuggyBuildTestCode.............................NOT RUN        
05:33:25.144 [main] INFO  f.i.s.r.p.i.ProjectInspector - InitRepoToPush.........................................NOT RUN        
05:33:25.144 [main] INFO  f.i.s.r.p.i.ProjectInspector - ComputeClasspath.......................................NOT RUN        
05:33:25.144 [main] INFO  f.i.s.r.p.i.ProjectInspector - ComputeModules.........................................NOT RUN        
05:33:25.144 [main] INFO  f.i.s.r.p.i.ProjectInspector - CheckoutBuggyBuildCandidateSourceCode..................NOT RUN        
05:33:25.144 [main] INFO  f.i.s.r.p.i.ProjectInspector - CommitChangedTests.....................................NOT RUN        
05:33:25.145 [main] INFO  f.i.s.r.p.i.ProjectInspector - CheckoutPatchedBuildCandidate..........................NOT RUN        
05:33:25.145 [main] INFO  f.i.s.r.p.i.ProjectInspector - BuildProjectPatchedBuildCandidate......................NOT RUN        
05:33:25.145 [main] INFO  f.i.s.r.p.i.ProjectInspector - TestProjectPatchedBuildCandidate.......................NOT RUN        
05:33:25.146 [main] INFO  f.i.s.r.p.i.ProjectInspector - GatherTestInformationPatchedBuildCandidate.............NOT RUN        
05:33:25.146 [main] INFO  f.i.s.r.p.i.ProjectInspector - CommitPatch............................................NOT RUN        
05:33:25.146 [main] INFO  f.i.s.r.p.i.ProjectInspector - WritePropertyFile......................................NOT RUN        
05:33:25.146 [main] INFO  f.i.s.r.p.i.ProjectInspector - CommitProcessEnd.......................................NOT RUN        
05:33:25.147 [main] INFO  f.i.s.r.p.i.ProjectInspector - PushProcessEnd.........................................NOT RUN        
05:33:25.147 [main] INFO  f.i.s.r.p.i.ProjectInspector - ----------------------------------------------------------------------
05:33:25.147 [main] INFO  f.i.s.r.p.i.ProjectInspector - PIPELINE FINDING: BUILDNOTCHECKEDOUT
05:33:25.148 [main] INFO  f.i.s.r.p.i.ProjectInspector - ----------------------------------------------------------------------
05:33:25.148 [main] INFO  f.i.s.repairnator.pipeline.Launcher - Inspector is finished. The process will exit now.
