13:11:48.441 [main] INFO  f.i.s.repairnator.pipeline.Launcher - PIPELINE VERSION: 3.0-2018-08-09 19:04
13:11:48.585 [main] INFO  f.i.s.repairnator.pipeline.Launcher - The pipeline will try to reproduce a bug from build 347202673 and its corresponding patch from build 347275890
13:11:48.585 [main] INFO  f.i.s.repairnator.pipeline.Launcher - Initialize file serializer engines.
13:11:48.587 [main] INFO  f.i.s.repairnator.pipeline.Launcher - MongoDB won't be used for serialization.
13:11:48.588 [main] INFO  f.i.s.repairnator.pipeline.Launcher - The email notifier engine won't be used.
13:11:48.591 [main] INFO  f.i.s.repairnator.pipeline.Launcher - Start by getting the build (buildId: 347202673) with the following config: RepairnatorConfig{runId='4d8bbe69-14c6-4f1d-8f48-402227d2aba3_02-18-week4-PASSING_AND_PASSING', launcherMode=BEARS, serializeJson=true, inputPath='null', outputPath='/var/log', mongodbHost='null', mongodbName='repairnator', smtpServer='null', notifyTo=[], notifyEndProcess=false, push=true, pushRemoteRepo='https://github.com/fermadeiral/bears-collection-pp', fork=false, lookFromDate=null, lookToDate=null, buildId=347202673, z3solverPath='./z3_for_linux', workspacePath='./workspace', githubToken='c8a341a903[...]', dockerImageName='null', skipDelete=false, createOutputDir=false, logDirectory='null', nbThreads=0, globalTimeout=0, whiteList=null, blackList=null, jobSleepTime=0, buildSleepTime=0, maxInspectedBuilds=0, duration=null, humanPatch=false, repository='null', clean=true, bearsMode=BOTH, bearsDelimiter = false, repairTools=NopolAllTests,NPEFix,AssertFixer,AstorJGenProg,AstorJKali,NopolSingleTest,AstorJMut,NopolTestExclusionStrategy, githubUserName= fermadeiral, githubUserEmail=fer.madeiral@gmail.com}
13:11:49.999 [main] DEBUG fr.inria.jtravis.helpers.BuildHelper - Get request to :https://api.travis-ci.org/build/347202673 done after 806 ms
13:11:50.265 [main] DEBUG fr.inria.jtravis.helpers.BuildHelper - Get request to :https://api.travis-ci.org/build/347275890 done after 128 ms
13:11:50.280 [main] INFO  f.i.s.repairnator.pipeline.Launcher - The patched build (347275890) was successfully retrieved from Travis.
13:11:51.456 [main] INFO  fr.inria.jtravis.JTravis - GitHub ratelimit: Limit: 5000 Remaining: 4711 Reset hour: 19:28:01
13:11:51.754 [main] INFO  f.i.s.r.p.i.ProjectInspector - ----------------------------------------------------------------------
13:11:51.755 [main] INFO  f.i.s.r.p.i.ProjectInspector - PIPELINE STEPS
13:11:51.755 [main] INFO  f.i.s.r.p.i.ProjectInspector - ----------------------------------------------------------------------
13:11:51.755 [main] INFO  f.i.s.r.p.i.ProjectInspector - CloneRepository
13:11:51.755 [main] INFO  f.i.s.r.p.i.ProjectInspector - CheckoutPatchedBuildCandidate
13:11:51.755 [main] INFO  f.i.s.r.p.i.ProjectInspector - ComputeSourceDir
13:11:51.755 [main] INFO  f.i.s.r.p.i.ProjectInspector - ComputeTestDir
13:11:51.756 [main] INFO  f.i.s.r.p.i.ProjectInspector - CheckoutBuggyBuildCandidateSourceCode
13:11:51.756 [main] INFO  f.i.s.r.p.i.ProjectInspector - BuildProjectBuggyBuildCandidateSourceCode
13:11:51.756 [main] INFO  f.i.s.r.p.i.ProjectInspector - TestProjectBuggyBuildCandidateSourceCode
13:11:51.756 [main] INFO  f.i.s.r.p.i.ProjectInspector - GatherTestInformationBuggyBuildCandidateSourceCode
13:11:51.756 [main] INFO  f.i.s.r.p.i.ProjectInspector - CheckoutBuggyBuildTestCode
13:11:51.756 [main] INFO  f.i.s.r.p.i.ProjectInspector - InitRepoToPush
13:11:51.756 [main] INFO  f.i.s.r.p.i.ProjectInspector - ComputeClasspath
13:11:51.756 [main] INFO  f.i.s.r.p.i.ProjectInspector - ComputeModules
13:11:51.757 [main] INFO  f.i.s.r.p.i.ProjectInspector - CheckoutBuggyBuildCandidateSourceCode
13:11:51.757 [main] INFO  f.i.s.r.p.i.ProjectInspector - CommitChangedTests
13:11:51.757 [main] INFO  f.i.s.r.p.i.ProjectInspector - CheckoutPatchedBuildCandidate
13:11:51.757 [main] INFO  f.i.s.r.p.i.ProjectInspector - BuildProjectPatchedBuildCandidate
13:11:51.757 [main] INFO  f.i.s.r.p.i.ProjectInspector - TestProjectPatchedBuildCandidate
13:11:51.757 [main] INFO  f.i.s.r.p.i.ProjectInspector - GatherTestInformationPatchedBuildCandidate
13:11:51.757 [main] INFO  f.i.s.r.p.i.ProjectInspector - CommitPatch
13:11:51.758 [main] INFO  f.i.s.r.p.i.ProjectInspector - WritePropertyFile
13:11:51.758 [main] INFO  f.i.s.r.p.i.ProjectInspector - CommitProcessEnd
13:11:51.758 [main] INFO  f.i.s.r.p.i.ProjectInspector - PushProcessEnd
13:11:51.759 [main] DEBUG f.i.s.r.process.step.CloneRepository - ----------------------------------------------------------------------
13:11:51.759 [main] DEBUG f.i.s.r.process.step.CloneRepository - STEP 1/22: CloneRepository
13:11:51.759 [main] DEBUG f.i.s.r.process.step.CloneRepository - ----------------------------------------------------------------------
13:11:51.759 [main] DEBUG f.i.s.r.process.step.CloneRepository - Cloning repository datastax/java-driver in the following directory: ./workspace/datastax/java-driver/347202673
13:12:09.589 [main] DEBUG f.i.s.r.process.step.CloneRepository - STEP STATUS: [ CloneRepository : SUCCESS ]
13:12:09.590 [main] DEBUG f.i.s.r.process.step.CloneRepository - STEP DURATION: 17s
13:12:09.591 [main] DEBUG f.i.s.r.process.step.CloneRepository - EXECUTE NEXT STEP
13:12:09.591 [main] DEBUG f.i.s.r.p.s.c.CheckoutPatchedBuild - ----------------------------------------------------------------------
13:12:09.591 [main] DEBUG f.i.s.r.p.s.c.CheckoutPatchedBuild - STEP 2/22: CheckoutPatchedBuildCandidate
13:12:09.591 [main] DEBUG f.i.s.r.p.s.c.CheckoutPatchedBuild - ----------------------------------------------------------------------
13:12:09.592 [main] DEBUG f.i.s.r.p.s.c.CheckoutPatchedBuild - Checking out patched build candidate...
13:12:09.613 [main] ERROR f.i.s.r.p.s.c.CheckoutPatchedBuild - Error while testing commit: org.eclipse.jgit.errors.MissingObjectException: Missing unknown 518926f21ab8f8a3e5034cbf8c20acda24112ba3
13:12:09.614 [main] ERROR f.i.s.r.p.s.c.CheckoutPatchedBuild - Error while getting the commit to checkout from the repo.
13:12:09.615 [main] DEBUG f.i.s.r.p.s.c.CheckoutPatchedBuild - STEP STATUS: [ CheckoutPatchedBuildCandidate : FAILURE ( BUILDNOTCHECKEDOUT ) ]
13:12:09.616 [main] DEBUG f.i.s.r.p.s.c.CheckoutPatchedBuild - STEP DURATION: 0s
13:12:09.616 [main] DEBUG f.i.s.r.p.s.c.CheckoutPatchedBuild - TERMINATE PIPELINE
13:12:09.617 [main] DEBUG f.i.s.r.p.s.c.CheckoutPatchedBuild - FINAL STEPS SKIPPED: The reproduction of the bug and/or the patch failed.
13:12:09.617 [main] INFO  f.i.s.r.p.s.c.CheckoutPatchedBuild - Serialize all data for the pair of builds 347202673, 347275890
13:12:09.925 [main] INFO  fr.inria.jtravis.JTravis - GitHub ratelimit: Limit: 5000 Remaining: 4710 Reset hour: 19:28:01
13:12:10.523 [main] INFO  f.i.s.r.p.i.ProjectInspector - ----------------------------------------------------------------------
13:12:10.524 [main] INFO  f.i.s.r.p.i.ProjectInspector - PIPELINE EXECUTION SUMMARY
13:12:10.524 [main] INFO  f.i.s.r.p.i.ProjectInspector - ----------------------------------------------------------------------
13:12:10.524 [main] INFO  f.i.s.r.p.i.ProjectInspector - CloneRepository.......................................SUCCESS [ 17 s ]
13:12:10.525 [main] INFO  f.i.s.r.p.i.ProjectInspector - CheckoutPatchedBuildCandidate.........................FAILURE [  0 s ]
13:12:10.528 [main] INFO  f.i.s.r.p.i.ProjectInspector - ComputeSourceDir......................................NOT RUN         
13:12:10.528 [main] INFO  f.i.s.r.p.i.ProjectInspector - ComputeTestDir........................................NOT RUN         
13:12:10.528 [main] INFO  f.i.s.r.p.i.ProjectInspector - CheckoutBuggyBuildCandidateSourceCode.................NOT RUN         
13:12:10.528 [main] INFO  f.i.s.r.p.i.ProjectInspector - BuildProjectBuggyBuildCandidateSourceCode.............NOT RUN         
13:12:10.529 [main] INFO  f.i.s.r.p.i.ProjectInspector - TestProjectBuggyBuildCandidateSourceCode..............NOT RUN         
13:12:10.529 [main] INFO  f.i.s.r.p.i.ProjectInspector - GatherTestInformationBuggyBuildCandidateSourceCode....NOT RUN         
13:12:10.529 [main] INFO  f.i.s.r.p.i.ProjectInspector - CheckoutBuggyBuildTestCode............................NOT RUN         
13:12:10.529 [main] INFO  f.i.s.r.p.i.ProjectInspector - InitRepoToPush........................................NOT RUN         
13:12:10.530 [main] INFO  f.i.s.r.p.i.ProjectInspector - ComputeClasspath......................................NOT RUN         
13:12:10.530 [main] INFO  f.i.s.r.p.i.ProjectInspector - ComputeModules........................................NOT RUN         
13:12:10.530 [main] INFO  f.i.s.r.p.i.ProjectInspector - CheckoutBuggyBuildCandidateSourceCode.................NOT RUN         
13:12:10.530 [main] INFO  f.i.s.r.p.i.ProjectInspector - CommitChangedTests....................................NOT RUN         
13:12:10.531 [main] INFO  f.i.s.r.p.i.ProjectInspector - CheckoutPatchedBuildCandidate.........................NOT RUN         
13:12:10.531 [main] INFO  f.i.s.r.p.i.ProjectInspector - BuildProjectPatchedBuildCandidate.....................NOT RUN         
13:12:10.532 [main] INFO  f.i.s.r.p.i.ProjectInspector - TestProjectPatchedBuildCandidate......................NOT RUN         
13:12:10.532 [main] INFO  f.i.s.r.p.i.ProjectInspector - GatherTestInformationPatchedBuildCandidate............NOT RUN         
13:12:10.532 [main] INFO  f.i.s.r.p.i.ProjectInspector - CommitPatch...........................................NOT RUN         
13:12:10.532 [main] INFO  f.i.s.r.p.i.ProjectInspector - WritePropertyFile.....................................NOT RUN         
13:12:10.533 [main] INFO  f.i.s.r.p.i.ProjectInspector - CommitProcessEnd......................................NOT RUN         
13:12:10.533 [main] INFO  f.i.s.r.p.i.ProjectInspector - PushProcessEnd........................................NOT RUN         
13:12:10.533 [main] INFO  f.i.s.r.p.i.ProjectInspector - ----------------------------------------------------------------------
13:12:10.534 [main] INFO  f.i.s.r.p.i.ProjectInspector - PIPELINE FINDING: BUILDNOTCHECKEDOUT
13:12:10.534 [main] INFO  f.i.s.r.p.i.ProjectInspector - ----------------------------------------------------------------------
13:12:10.534 [main] INFO  f.i.s.repairnator.pipeline.Launcher - Inspector is finished. The process will exit now.
