05:30:29.552 [main] INFO  f.i.s.repairnator.pipeline.Launcher - PIPELINE VERSION: 3.0-2018-08-09 19:04
05:30:29.725 [main] INFO  f.i.s.repairnator.pipeline.Launcher - The pipeline will try to reproduce a bug from build 347159260 and its corresponding patch from build 347287640
05:30:29.726 [main] INFO  f.i.s.repairnator.pipeline.Launcher - Initialize file serializer engines.
05:30:29.728 [main] INFO  f.i.s.repairnator.pipeline.Launcher - MongoDB won't be used for serialization.
05:30:29.728 [main] INFO  f.i.s.repairnator.pipeline.Launcher - The email notifier engine won't be used.
05:30:29.731 [main] INFO  f.i.s.repairnator.pipeline.Launcher - Start by getting the build (buildId: 347159260) with the following config: RepairnatorConfig{runId='4d8bbe69-14c6-4f1d-8f48-402227d2aba3_02-18-week4-PASSING_AND_PASSING', launcherMode=BEARS, serializeJson=true, inputPath='null', outputPath='/var/log', mongodbHost='null', mongodbName='repairnator', smtpServer='null', notifyTo=[], notifyEndProcess=false, push=true, pushRemoteRepo='https://github.com/fermadeiral/bears-collection-pp', fork=false, lookFromDate=null, lookToDate=null, buildId=347159260, z3solverPath='./z3_for_linux', workspacePath='./workspace', githubToken='c8a341a903[...]', dockerImageName='null', skipDelete=false, createOutputDir=false, logDirectory='null', nbThreads=0, globalTimeout=0, whiteList=null, blackList=null, jobSleepTime=0, buildSleepTime=0, maxInspectedBuilds=0, duration=null, humanPatch=false, repository='null', clean=true, bearsMode=BOTH, bearsDelimiter = false, repairTools=NopolAllTests,NPEFix,AssertFixer,AstorJGenProg,AstorJKali,NopolSingleTest,AstorJMut,NopolTestExclusionStrategy, githubUserName= fermadeiral, githubUserEmail=fer.madeiral@gmail.com}
05:30:31.154 [main] DEBUG fr.inria.jtravis.helpers.BuildHelper - Get request to :https://api.travis-ci.org/build/347159260 done after 766 ms
05:30:31.491 [main] DEBUG fr.inria.jtravis.helpers.BuildHelper - Get request to :https://api.travis-ci.org/build/347287640 done after 138 ms
05:30:31.503 [main] INFO  f.i.s.repairnator.pipeline.Launcher - The patched build (347287640) was successfully retrieved from Travis.
05:30:34.087 [main] INFO  fr.inria.jtravis.JTravis - GitHub ratelimit: Limit: 5000 Remaining: 4953 Reset hour: 19:27:37
05:30:34.559 [main] INFO  f.i.s.r.p.i.ProjectInspector - ----------------------------------------------------------------------
05:30:34.559 [main] INFO  f.i.s.r.p.i.ProjectInspector - PIPELINE STEPS
05:30:34.559 [main] INFO  f.i.s.r.p.i.ProjectInspector - ----------------------------------------------------------------------
05:30:34.559 [main] INFO  f.i.s.r.p.i.ProjectInspector - CloneRepository
05:30:34.560 [main] INFO  f.i.s.r.p.i.ProjectInspector - CheckoutPatchedBuildCandidate
05:30:34.560 [main] INFO  f.i.s.r.p.i.ProjectInspector - ComputeSourceDir
05:30:34.560 [main] INFO  f.i.s.r.p.i.ProjectInspector - ComputeTestDir
05:30:34.560 [main] INFO  f.i.s.r.p.i.ProjectInspector - CheckoutBuggyBuildCandidateSourceCode
05:30:34.560 [main] INFO  f.i.s.r.p.i.ProjectInspector - BuildProjectBuggyBuildCandidateSourceCode
05:30:34.560 [main] INFO  f.i.s.r.p.i.ProjectInspector - TestProjectBuggyBuildCandidateSourceCode
05:30:34.561 [main] INFO  f.i.s.r.p.i.ProjectInspector - GatherTestInformationBuggyBuildCandidateSourceCode
05:30:34.561 [main] INFO  f.i.s.r.p.i.ProjectInspector - CheckoutBuggyBuildTestCode
05:30:34.561 [main] INFO  f.i.s.r.p.i.ProjectInspector - InitRepoToPush
05:30:34.561 [main] INFO  f.i.s.r.p.i.ProjectInspector - ComputeClasspath
05:30:34.561 [main] INFO  f.i.s.r.p.i.ProjectInspector - ComputeModules
05:30:34.561 [main] INFO  f.i.s.r.p.i.ProjectInspector - CheckoutBuggyBuildCandidateSourceCode
05:30:34.561 [main] INFO  f.i.s.r.p.i.ProjectInspector - CommitChangedTests
05:30:34.561 [main] INFO  f.i.s.r.p.i.ProjectInspector - CheckoutPatchedBuildCandidate
05:30:34.561 [main] INFO  f.i.s.r.p.i.ProjectInspector - BuildProjectPatchedBuildCandidate
05:30:34.562 [main] INFO  f.i.s.r.p.i.ProjectInspector - TestProjectPatchedBuildCandidate
05:30:34.562 [main] INFO  f.i.s.r.p.i.ProjectInspector - GatherTestInformationPatchedBuildCandidate
05:30:34.562 [main] INFO  f.i.s.r.p.i.ProjectInspector - CommitPatch
05:30:34.562 [main] INFO  f.i.s.r.p.i.ProjectInspector - WritePropertyFile
05:30:34.562 [main] INFO  f.i.s.r.p.i.ProjectInspector - CommitProcessEnd
05:30:34.562 [main] INFO  f.i.s.r.p.i.ProjectInspector - PushProcessEnd
05:30:34.562 [main] DEBUG f.i.s.r.process.step.CloneRepository - ----------------------------------------------------------------------
05:30:34.563 [main] DEBUG f.i.s.r.process.step.CloneRepository - STEP 1/22: CloneRepository
05:30:34.563 [main] DEBUG f.i.s.r.process.step.CloneRepository - ----------------------------------------------------------------------
05:30:34.563 [main] DEBUG f.i.s.r.process.step.CloneRepository - Cloning repository apache/incubator-servicecomb-java-chassis in the following directory: ./workspace/apache/incubator-servicecomb-java-chassis/347159260
05:30:44.569 [main] DEBUG f.i.s.r.process.step.CloneRepository - STEP STATUS: [ CloneRepository : SUCCESS ]
05:30:44.569 [main] DEBUG f.i.s.r.process.step.CloneRepository - STEP DURATION: 10s
05:30:44.569 [main] DEBUG f.i.s.r.process.step.CloneRepository - EXECUTE NEXT STEP
05:30:44.570 [main] DEBUG f.i.s.r.p.s.c.CheckoutPatchedBuild - ----------------------------------------------------------------------
05:30:44.570 [main] DEBUG f.i.s.r.p.s.c.CheckoutPatchedBuild - STEP 2/22: CheckoutPatchedBuildCandidate
05:30:44.570 [main] DEBUG f.i.s.r.p.s.c.CheckoutPatchedBuild - ----------------------------------------------------------------------
05:30:44.570 [main] DEBUG f.i.s.r.p.s.c.CheckoutPatchedBuild - Checking out patched build candidate...
05:30:44.909 [main] INFO  fr.inria.jtravis.JTravis - GitHub ratelimit: Limit: 5000 Remaining: 4952 Reset hour: 19:27:37
05:30:46.841 [main] DEBUG f.i.s.r.p.s.c.CheckoutPatchedBuild - Reproduce the PR for apache/incubator-servicecomb-java-chassis by fetching remote branch and merging.
05:30:48.124 [main] ERROR f.i.s.r.p.s.c.CheckoutPatchedBuild - Error while testing commit: org.eclipse.jgit.errors.MissingObjectException: Missing unknown ecd732995313bd84d92107c0fbab478ee9397f7a
05:30:48.126 [main] ERROR f.i.s.r.p.s.c.CheckoutPatchedBuild - Commit head ref cannot be retrieved from the repository: ecd732995313bd84d92107c0fbab478ee9397f7a. Operation aborted.
05:30:48.126 [main] ERROR f.i.s.r.p.s.c.CheckoutPatchedBuild - Error while merging two commits to reproduce the PR.
05:30:48.127 [main] DEBUG f.i.s.r.p.s.c.CheckoutPatchedBuild - STEP STATUS: [ CheckoutPatchedBuildCandidate : FAILURE ( BUILDNOTCHECKEDOUT ) ]
05:30:48.128 [main] DEBUG f.i.s.r.p.s.c.CheckoutPatchedBuild - STEP DURATION: 3s
05:30:48.128 [main] DEBUG f.i.s.r.p.s.c.CheckoutPatchedBuild - TERMINATE PIPELINE
05:30:48.129 [main] DEBUG f.i.s.r.p.s.c.CheckoutPatchedBuild - FINAL STEPS SKIPPED: The reproduction of the bug and/or the patch failed.
05:30:48.129 [main] INFO  f.i.s.r.p.s.c.CheckoutPatchedBuild - Serialize all data for the pair of builds 347159260, 347287640
05:30:48.254 [main] INFO  fr.inria.jtravis.JTravis - GitHub ratelimit: Limit: 5000 Remaining: 4945 Reset hour: 19:27:37
05:30:49.134 [main] INFO  f.i.s.r.p.i.ProjectInspector - ----------------------------------------------------------------------
05:30:49.134 [main] INFO  f.i.s.r.p.i.ProjectInspector - PIPELINE EXECUTION SUMMARY
05:30:49.135 [main] INFO  f.i.s.r.p.i.ProjectInspector - ----------------------------------------------------------------------
05:30:49.135 [main] INFO  f.i.s.r.p.i.ProjectInspector - CloneRepository.......................................SUCCESS [ 10 s ]
05:30:49.135 [main] INFO  f.i.s.r.p.i.ProjectInspector - CheckoutPatchedBuildCandidate.........................FAILURE [  3 s ]
05:30:49.135 [main] INFO  f.i.s.r.p.i.ProjectInspector - ComputeSourceDir......................................NOT RUN         
05:30:49.135 [main] INFO  f.i.s.r.p.i.ProjectInspector - ComputeTestDir........................................NOT RUN         
05:30:49.135 [main] INFO  f.i.s.r.p.i.ProjectInspector - CheckoutBuggyBuildCandidateSourceCode.................NOT RUN         
05:30:49.136 [main] INFO  f.i.s.r.p.i.ProjectInspector - BuildProjectBuggyBuildCandidateSourceCode.............NOT RUN         
05:30:49.136 [main] INFO  f.i.s.r.p.i.ProjectInspector - TestProjectBuggyBuildCandidateSourceCode..............NOT RUN         
05:30:49.136 [main] INFO  f.i.s.r.p.i.ProjectInspector - GatherTestInformationBuggyBuildCandidateSourceCode....NOT RUN         
05:30:49.136 [main] INFO  f.i.s.r.p.i.ProjectInspector - CheckoutBuggyBuildTestCode............................NOT RUN         
05:30:49.136 [main] INFO  f.i.s.r.p.i.ProjectInspector - InitRepoToPush........................................NOT RUN         
05:30:49.136 [main] INFO  f.i.s.r.p.i.ProjectInspector - ComputeClasspath......................................NOT RUN         
05:30:49.136 [main] INFO  f.i.s.r.p.i.ProjectInspector - ComputeModules........................................NOT RUN         
05:30:49.136 [main] INFO  f.i.s.r.p.i.ProjectInspector - CheckoutBuggyBuildCandidateSourceCode.................NOT RUN         
05:30:49.136 [main] INFO  f.i.s.r.p.i.ProjectInspector - CommitChangedTests....................................NOT RUN         
05:30:49.137 [main] INFO  f.i.s.r.p.i.ProjectInspector - CheckoutPatchedBuildCandidate.........................NOT RUN         
05:30:49.137 [main] INFO  f.i.s.r.p.i.ProjectInspector - BuildProjectPatchedBuildCandidate.....................NOT RUN         
05:30:49.137 [main] INFO  f.i.s.r.p.i.ProjectInspector - TestProjectPatchedBuildCandidate......................NOT RUN         
05:30:49.137 [main] INFO  f.i.s.r.p.i.ProjectInspector - GatherTestInformationPatchedBuildCandidate............NOT RUN         
05:30:49.137 [main] INFO  f.i.s.r.p.i.ProjectInspector - CommitPatch...........................................NOT RUN         
05:30:49.137 [main] INFO  f.i.s.r.p.i.ProjectInspector - WritePropertyFile.....................................NOT RUN         
05:30:49.137 [main] INFO  f.i.s.r.p.i.ProjectInspector - CommitProcessEnd......................................NOT RUN         
05:30:49.137 [main] INFO  f.i.s.r.p.i.ProjectInspector - PushProcessEnd........................................NOT RUN         
05:30:49.137 [main] INFO  f.i.s.r.p.i.ProjectInspector - ----------------------------------------------------------------------
05:30:49.138 [main] INFO  f.i.s.r.p.i.ProjectInspector - PIPELINE FINDING: BUILDNOTCHECKEDOUT
05:30:49.138 [main] INFO  f.i.s.r.p.i.ProjectInspector - ----------------------------------------------------------------------
05:30:49.138 [main] INFO  f.i.s.repairnator.pipeline.Launcher - Inspector is finished. The process will exit now.
