06:20:55.326 [main] INFO  f.i.s.repairnator.pipeline.Launcher - PIPELINE VERSION: 3.0-2018-08-09 19:04
06:20:55.455 [main] INFO  f.i.s.repairnator.pipeline.Launcher - The pipeline will try to reproduce a bug from build 339723239 and its corresponding patch from build 347070461
06:20:55.455 [main] INFO  f.i.s.repairnator.pipeline.Launcher - Initialize file serializer engines.
06:20:55.457 [main] INFO  f.i.s.repairnator.pipeline.Launcher - MongoDB won't be used for serialization.
06:20:55.457 [main] INFO  f.i.s.repairnator.pipeline.Launcher - The email notifier engine won't be used.
06:20:55.460 [main] INFO  f.i.s.repairnator.pipeline.Launcher - Start by getting the build (buildId: 339723239) with the following config: RepairnatorConfig{runId='4d8bbe69-14c6-4f1d-8f48-402227d2aba3_02-18-week4-PASSING_AND_PASSING', launcherMode=BEARS, serializeJson=true, inputPath='null', outputPath='/var/log', mongodbHost='null', mongodbName='repairnator', smtpServer='null', notifyTo=[], notifyEndProcess=false, push=true, pushRemoteRepo='https://github.com/fermadeiral/bears-collection-pp', fork=false, lookFromDate=null, lookToDate=null, buildId=339723239, z3solverPath='./z3_for_linux', workspacePath='./workspace', githubToken='c8a341a903[...]', dockerImageName='null', skipDelete=false, createOutputDir=false, logDirectory='null', nbThreads=0, globalTimeout=0, whiteList=null, blackList=null, jobSleepTime=0, buildSleepTime=0, maxInspectedBuilds=0, duration=null, humanPatch=false, repository='null', clean=true, bearsMode=BOTH, bearsDelimiter = false, repairTools=NopolAllTests,NPEFix,AssertFixer,AstorJGenProg,AstorJKali,NopolSingleTest,AstorJMut,NopolTestExclusionStrategy, githubUserName= fermadeiral, githubUserEmail=fer.madeiral@gmail.com}
06:20:56.881 [main] DEBUG fr.inria.jtravis.helpers.BuildHelper - Get request to :https://api.travis-ci.org/build/339723239 done after 791 ms
06:20:57.129 [main] DEBUG fr.inria.jtravis.helpers.BuildHelper - Get request to :https://api.travis-ci.org/build/347070461 done after 126 ms
06:20:57.154 [main] INFO  f.i.s.repairnator.pipeline.Launcher - The patched build (347070461) was successfully retrieved from Travis.
06:20:58.276 [main] INFO  fr.inria.jtravis.JTravis - GitHub ratelimit: Limit: 5000 Remaining: 4256 Reset hour: 19:27:37
06:20:58.551 [main] INFO  f.i.s.r.p.i.ProjectInspector - ----------------------------------------------------------------------
06:20:58.551 [main] INFO  f.i.s.r.p.i.ProjectInspector - PIPELINE STEPS
06:20:58.552 [main] INFO  f.i.s.r.p.i.ProjectInspector - ----------------------------------------------------------------------
06:20:58.552 [main] INFO  f.i.s.r.p.i.ProjectInspector - CloneRepository
06:20:58.552 [main] INFO  f.i.s.r.p.i.ProjectInspector - CheckoutPatchedBuildCandidate
06:20:58.552 [main] INFO  f.i.s.r.p.i.ProjectInspector - ComputeSourceDir
06:20:58.553 [main] INFO  f.i.s.r.p.i.ProjectInspector - ComputeTestDir
06:20:58.553 [main] INFO  f.i.s.r.p.i.ProjectInspector - CheckoutBuggyBuildCandidateSourceCode
06:20:58.553 [main] INFO  f.i.s.r.p.i.ProjectInspector - BuildProjectBuggyBuildCandidateSourceCode
06:20:58.554 [main] INFO  f.i.s.r.p.i.ProjectInspector - TestProjectBuggyBuildCandidateSourceCode
06:20:58.554 [main] INFO  f.i.s.r.p.i.ProjectInspector - GatherTestInformationBuggyBuildCandidateSourceCode
06:20:58.554 [main] INFO  f.i.s.r.p.i.ProjectInspector - CheckoutBuggyBuildTestCode
06:20:58.554 [main] INFO  f.i.s.r.p.i.ProjectInspector - InitRepoToPush
06:20:58.554 [main] INFO  f.i.s.r.p.i.ProjectInspector - ComputeClasspath
06:20:58.555 [main] INFO  f.i.s.r.p.i.ProjectInspector - ComputeModules
06:20:58.555 [main] INFO  f.i.s.r.p.i.ProjectInspector - CheckoutBuggyBuildCandidateSourceCode
06:20:58.555 [main] INFO  f.i.s.r.p.i.ProjectInspector - CommitChangedTests
06:20:58.556 [main] INFO  f.i.s.r.p.i.ProjectInspector - CheckoutPatchedBuildCandidate
06:20:58.556 [main] INFO  f.i.s.r.p.i.ProjectInspector - BuildProjectPatchedBuildCandidate
06:20:58.556 [main] INFO  f.i.s.r.p.i.ProjectInspector - TestProjectPatchedBuildCandidate
06:20:58.557 [main] INFO  f.i.s.r.p.i.ProjectInspector - GatherTestInformationPatchedBuildCandidate
06:20:58.557 [main] INFO  f.i.s.r.p.i.ProjectInspector - CommitPatch
06:20:58.558 [main] INFO  f.i.s.r.p.i.ProjectInspector - WritePropertyFile
06:20:58.558 [main] INFO  f.i.s.r.p.i.ProjectInspector - CommitProcessEnd
06:20:58.559 [main] INFO  f.i.s.r.p.i.ProjectInspector - PushProcessEnd
06:20:58.559 [main] DEBUG f.i.s.r.process.step.CloneRepository - ----------------------------------------------------------------------
06:20:58.560 [main] DEBUG f.i.s.r.process.step.CloneRepository - STEP 1/22: CloneRepository
06:20:58.560 [main] DEBUG f.i.s.r.process.step.CloneRepository - ----------------------------------------------------------------------
06:20:58.561 [main] DEBUG f.i.s.r.process.step.CloneRepository - Cloning repository linkedin/pinot in the following directory: ./workspace/linkedin/pinot/339723239
06:21:39.569 [main] DEBUG f.i.s.r.process.step.CloneRepository - STEP STATUS: [ CloneRepository : SUCCESS ]
06:21:39.570 [main] DEBUG f.i.s.r.process.step.CloneRepository - STEP DURATION: 41s
06:21:39.570 [main] DEBUG f.i.s.r.process.step.CloneRepository - EXECUTE NEXT STEP
06:21:39.571 [main] DEBUG f.i.s.r.p.s.c.CheckoutPatchedBuild - ----------------------------------------------------------------------
06:21:39.571 [main] DEBUG f.i.s.r.p.s.c.CheckoutPatchedBuild - STEP 2/22: CheckoutPatchedBuildCandidate
06:21:39.571 [main] DEBUG f.i.s.r.p.s.c.CheckoutPatchedBuild - ----------------------------------------------------------------------
06:21:39.571 [main] DEBUG f.i.s.r.p.s.c.CheckoutPatchedBuild - Checking out patched build candidate...
06:21:39.888 [main] INFO  fr.inria.jtravis.JTravis - GitHub ratelimit: Limit: 5000 Remaining: 4236 Reset hour: 19:27:37
06:21:42.172 [main] DEBUG f.i.s.r.p.s.c.CheckoutPatchedBuild - Reproduce the PR for linkedin/pinot by fetching remote branch and merging.
06:21:43.405 [main] ERROR f.i.s.r.p.s.c.CheckoutPatchedBuild - Error while testing commit: org.eclipse.jgit.errors.MissingObjectException: Missing unknown b66dc8b25f578fab3b552e3fff4cb24d543f3435
06:21:43.408 [main] ERROR f.i.s.r.p.s.c.CheckoutPatchedBuild - Commit head ref cannot be retrieved from the repository: b66dc8b25f578fab3b552e3fff4cb24d543f3435. Operation aborted.
06:21:43.408 [main] ERROR f.i.s.r.p.s.c.CheckoutPatchedBuild - Error while merging two commits to reproduce the PR.
06:21:43.409 [main] DEBUG f.i.s.r.p.s.c.CheckoutPatchedBuild - STEP STATUS: [ CheckoutPatchedBuildCandidate : FAILURE ( BUILDNOTCHECKEDOUT ) ]
06:21:43.410 [main] DEBUG f.i.s.r.p.s.c.CheckoutPatchedBuild - STEP DURATION: 3s
06:21:43.410 [main] DEBUG f.i.s.r.p.s.c.CheckoutPatchedBuild - TERMINATE PIPELINE
06:21:43.411 [main] DEBUG f.i.s.r.p.s.c.CheckoutPatchedBuild - FINAL STEPS SKIPPED: The reproduction of the bug and/or the patch failed.
06:21:43.411 [main] INFO  f.i.s.r.p.s.c.CheckoutPatchedBuild - Serialize all data for the pair of builds 339723239, 347070461
06:21:43.523 [main] INFO  fr.inria.jtravis.JTravis - GitHub ratelimit: Limit: 5000 Remaining: 4227 Reset hour: 19:27:37
06:21:45.652 [main] INFO  f.i.s.r.p.i.ProjectInspector - ----------------------------------------------------------------------
06:21:45.653 [main] INFO  f.i.s.r.p.i.ProjectInspector - PIPELINE EXECUTION SUMMARY
06:21:45.654 [main] INFO  f.i.s.r.p.i.ProjectInspector - ----------------------------------------------------------------------
06:21:45.655 [main] INFO  f.i.s.r.p.i.ProjectInspector - CloneRepository.......................................SUCCESS [ 41 s ]
06:21:45.655 [main] INFO  f.i.s.r.p.i.ProjectInspector - CheckoutPatchedBuildCandidate.........................FAILURE [  3 s ]
06:21:45.656 [main] INFO  f.i.s.r.p.i.ProjectInspector - ComputeSourceDir......................................NOT RUN         
06:21:45.656 [main] INFO  f.i.s.r.p.i.ProjectInspector - ComputeTestDir........................................NOT RUN         
06:21:45.657 [main] INFO  f.i.s.r.p.i.ProjectInspector - CheckoutBuggyBuildCandidateSourceCode.................NOT RUN         
06:21:45.657 [main] INFO  f.i.s.r.p.i.ProjectInspector - BuildProjectBuggyBuildCandidateSourceCode.............NOT RUN         
06:21:45.658 [main] INFO  f.i.s.r.p.i.ProjectInspector - TestProjectBuggyBuildCandidateSourceCode..............NOT RUN         
06:21:45.658 [main] INFO  f.i.s.r.p.i.ProjectInspector - GatherTestInformationBuggyBuildCandidateSourceCode....NOT RUN         
06:21:45.659 [main] INFO  f.i.s.r.p.i.ProjectInspector - CheckoutBuggyBuildTestCode............................NOT RUN         
06:21:45.659 [main] INFO  f.i.s.r.p.i.ProjectInspector - InitRepoToPush........................................NOT RUN         
06:21:45.660 [main] INFO  f.i.s.r.p.i.ProjectInspector - ComputeClasspath......................................NOT RUN         
06:21:45.660 [main] INFO  f.i.s.r.p.i.ProjectInspector - ComputeModules........................................NOT RUN         
06:21:45.661 [main] INFO  f.i.s.r.p.i.ProjectInspector - CheckoutBuggyBuildCandidateSourceCode.................NOT RUN         
06:21:45.661 [main] INFO  f.i.s.r.p.i.ProjectInspector - CommitChangedTests....................................NOT RUN         
06:21:45.662 [main] INFO  f.i.s.r.p.i.ProjectInspector - CheckoutPatchedBuildCandidate.........................NOT RUN         
06:21:45.662 [main] INFO  f.i.s.r.p.i.ProjectInspector - BuildProjectPatchedBuildCandidate.....................NOT RUN         
06:21:45.663 [main] INFO  f.i.s.r.p.i.ProjectInspector - TestProjectPatchedBuildCandidate......................NOT RUN         
06:21:45.663 [main] INFO  f.i.s.r.p.i.ProjectInspector - GatherTestInformationPatchedBuildCandidate............NOT RUN         
06:21:45.663 [main] INFO  f.i.s.r.p.i.ProjectInspector - CommitPatch...........................................NOT RUN         
06:21:45.664 [main] INFO  f.i.s.r.p.i.ProjectInspector - WritePropertyFile.....................................NOT RUN         
06:21:45.664 [main] INFO  f.i.s.r.p.i.ProjectInspector - CommitProcessEnd......................................NOT RUN         
06:21:45.665 [main] INFO  f.i.s.r.p.i.ProjectInspector - PushProcessEnd........................................NOT RUN         
06:21:45.665 [main] INFO  f.i.s.r.p.i.ProjectInspector - ----------------------------------------------------------------------
06:21:45.666 [main] INFO  f.i.s.r.p.i.ProjectInspector - PIPELINE FINDING: BUILDNOTCHECKEDOUT
06:21:45.666 [main] INFO  f.i.s.r.p.i.ProjectInspector - ----------------------------------------------------------------------
06:21:45.667 [main] INFO  f.i.s.repairnator.pipeline.Launcher - Inspector is finished. The process will exit now.
