02:09:33.714 [main] INFO  f.i.s.repairnator.pipeline.Launcher - PIPELINE VERSION: 3.0-2018-08-09 19:04
02:09:33.863 [main] INFO  f.i.s.repairnator.pipeline.Launcher - The pipeline will try to reproduce a bug from build 341875448 and its corresponding patch from build 345164362
02:09:33.863 [main] INFO  f.i.s.repairnator.pipeline.Launcher - Initialize file serializer engines.
02:09:33.865 [main] INFO  f.i.s.repairnator.pipeline.Launcher - MongoDB won't be used for serialization.
02:09:33.865 [main] INFO  f.i.s.repairnator.pipeline.Launcher - The email notifier engine won't be used.
02:09:33.868 [main] INFO  f.i.s.repairnator.pipeline.Launcher - Start by getting the build (buildId: 341875448) with the following config: RepairnatorConfig{runId='4d8bbe69-14c6-4f1d-8f48-402227d2aba3_02-18-week4-PASSING_AND_PASSING', launcherMode=BEARS, serializeJson=true, inputPath='null', outputPath='/var/log', mongodbHost='null', mongodbName='repairnator', smtpServer='null', notifyTo=[], notifyEndProcess=false, push=true, pushRemoteRepo='https://github.com/fermadeiral/bears-collection-pp', fork=false, lookFromDate=null, lookToDate=null, buildId=341875448, z3solverPath='./z3_for_linux', workspacePath='./workspace', githubToken='c8a341a903[...]', dockerImageName='null', skipDelete=false, createOutputDir=false, logDirectory='null', nbThreads=0, globalTimeout=0, whiteList=null, blackList=null, jobSleepTime=0, buildSleepTime=0, maxInspectedBuilds=0, duration=null, humanPatch=false, repository='null', clean=true, bearsMode=BOTH, bearsDelimiter = false, repairTools=NopolAllTests,NPEFix,AssertFixer,AstorJGenProg,AstorJKali,NopolSingleTest,AstorJMut,NopolTestExclusionStrategy, githubUserName= fermadeiral, githubUserEmail=fer.madeiral@gmail.com}
02:09:35.337 [main] DEBUG fr.inria.jtravis.helpers.BuildHelper - Get request to :https://api.travis-ci.org/build/341875448 done after 850 ms
02:09:35.660 [main] DEBUG fr.inria.jtravis.helpers.BuildHelper - Get request to :https://api.travis-ci.org/build/345164362 done after 162 ms
02:09:35.679 [main] INFO  f.i.s.repairnator.pipeline.Launcher - The patched build (345164362) was successfully retrieved from Travis.
02:09:36.942 [main] INFO  fr.inria.jtravis.JTravis - GitHub ratelimit: Limit: 5000 Remaining: 4228 Reset hour: 19:27:22
02:09:37.190 [main] INFO  f.i.s.r.p.i.ProjectInspector - ----------------------------------------------------------------------
02:09:37.190 [main] INFO  f.i.s.r.p.i.ProjectInspector - PIPELINE STEPS
02:09:37.190 [main] INFO  f.i.s.r.p.i.ProjectInspector - ----------------------------------------------------------------------
02:09:37.191 [main] INFO  f.i.s.r.p.i.ProjectInspector - CloneRepository
02:09:37.191 [main] INFO  f.i.s.r.p.i.ProjectInspector - CheckoutPatchedBuildCandidate
02:09:37.191 [main] INFO  f.i.s.r.p.i.ProjectInspector - ComputeSourceDir
02:09:37.191 [main] INFO  f.i.s.r.p.i.ProjectInspector - ComputeTestDir
02:09:37.191 [main] INFO  f.i.s.r.p.i.ProjectInspector - CheckoutBuggyBuildCandidateSourceCode
02:09:37.191 [main] INFO  f.i.s.r.p.i.ProjectInspector - BuildProjectBuggyBuildCandidateSourceCode
02:09:37.192 [main] INFO  f.i.s.r.p.i.ProjectInspector - TestProjectBuggyBuildCandidateSourceCode
02:09:37.192 [main] INFO  f.i.s.r.p.i.ProjectInspector - GatherTestInformationBuggyBuildCandidateSourceCode
02:09:37.192 [main] INFO  f.i.s.r.p.i.ProjectInspector - CheckoutBuggyBuildTestCode
02:09:37.192 [main] INFO  f.i.s.r.p.i.ProjectInspector - InitRepoToPush
02:09:37.192 [main] INFO  f.i.s.r.p.i.ProjectInspector - ComputeClasspath
02:09:37.192 [main] INFO  f.i.s.r.p.i.ProjectInspector - ComputeModules
02:09:37.192 [main] INFO  f.i.s.r.p.i.ProjectInspector - CheckoutBuggyBuildCandidateSourceCode
02:09:37.193 [main] INFO  f.i.s.r.p.i.ProjectInspector - CommitChangedTests
02:09:37.193 [main] INFO  f.i.s.r.p.i.ProjectInspector - CheckoutPatchedBuildCandidate
02:09:37.193 [main] INFO  f.i.s.r.p.i.ProjectInspector - BuildProjectPatchedBuildCandidate
02:09:37.193 [main] INFO  f.i.s.r.p.i.ProjectInspector - TestProjectPatchedBuildCandidate
02:09:37.193 [main] INFO  f.i.s.r.p.i.ProjectInspector - GatherTestInformationPatchedBuildCandidate
02:09:37.194 [main] INFO  f.i.s.r.p.i.ProjectInspector - CommitPatch
02:09:37.194 [main] INFO  f.i.s.r.p.i.ProjectInspector - WritePropertyFile
02:09:37.194 [main] INFO  f.i.s.r.p.i.ProjectInspector - CommitProcessEnd
02:09:37.194 [main] INFO  f.i.s.r.p.i.ProjectInspector - PushProcessEnd
02:09:37.194 [main] DEBUG f.i.s.r.process.step.CloneRepository - ----------------------------------------------------------------------
02:09:37.195 [main] DEBUG f.i.s.r.process.step.CloneRepository - STEP 1/22: CloneRepository
02:09:37.195 [main] DEBUG f.i.s.r.process.step.CloneRepository - ----------------------------------------------------------------------
02:09:37.195 [main] DEBUG f.i.s.r.process.step.CloneRepository - Cloning repository prestodb/presto in the following directory: ./workspace/prestodb/presto/341875448
02:10:38.860 [main] DEBUG f.i.s.r.process.step.CloneRepository - STEP STATUS: [ CloneRepository : SUCCESS ]
02:10:38.866 [main] DEBUG f.i.s.r.process.step.CloneRepository - STEP DURATION: 61s
02:10:38.867 [main] DEBUG f.i.s.r.process.step.CloneRepository - EXECUTE NEXT STEP
02:10:38.867 [main] DEBUG f.i.s.r.p.s.c.CheckoutPatchedBuild - ----------------------------------------------------------------------
02:10:38.867 [main] DEBUG f.i.s.r.p.s.c.CheckoutPatchedBuild - STEP 2/22: CheckoutPatchedBuildCandidate
02:10:38.867 [main] DEBUG f.i.s.r.p.s.c.CheckoutPatchedBuild - ----------------------------------------------------------------------
02:10:38.867 [main] DEBUG f.i.s.r.p.s.c.CheckoutPatchedBuild - Checking out patched build candidate...
02:10:39.197 [main] INFO  fr.inria.jtravis.JTravis - GitHub ratelimit: Limit: 5000 Remaining: 4227 Reset hour: 19:27:22
02:10:41.088 [main] DEBUG f.i.s.r.p.s.c.CheckoutPatchedBuild - Reproduce the PR for prestodb/presto by fetching remote branch and merging.
02:10:45.203 [main] ERROR f.i.s.r.p.s.c.CheckoutPatchedBuild - Error while testing commit: org.eclipse.jgit.errors.MissingObjectException: Missing unknown bafa0271e70977b1b9d8a6d8840991780554e379
02:10:45.204 [main] ERROR f.i.s.r.p.s.c.CheckoutPatchedBuild - Commit head ref cannot be retrieved from the repository: bafa0271e70977b1b9d8a6d8840991780554e379. Operation aborted.
02:10:45.204 [main] ERROR f.i.s.r.p.s.c.CheckoutPatchedBuild - Error while merging two commits to reproduce the PR.
02:10:45.205 [main] DEBUG f.i.s.r.p.s.c.CheckoutPatchedBuild - STEP STATUS: [ CheckoutPatchedBuildCandidate : FAILURE ( BUILDNOTCHECKEDOUT ) ]
02:10:45.206 [main] DEBUG f.i.s.r.p.s.c.CheckoutPatchedBuild - STEP DURATION: 6s
02:10:45.207 [main] DEBUG f.i.s.r.p.s.c.CheckoutPatchedBuild - TERMINATE PIPELINE
02:10:45.208 [main] DEBUG f.i.s.r.p.s.c.CheckoutPatchedBuild - FINAL STEPS SKIPPED: The reproduction of the bug and/or the patch failed.
02:10:45.209 [main] INFO  f.i.s.r.p.s.c.CheckoutPatchedBuild - Serialize all data for the pair of builds 341875448, 345164362
02:10:45.322 [main] INFO  fr.inria.jtravis.JTravis - GitHub ratelimit: Limit: 5000 Remaining: 4220 Reset hour: 19:27:22
02:10:46.479 [main] INFO  f.i.s.r.p.i.ProjectInspector - ----------------------------------------------------------------------
02:10:46.480 [main] INFO  f.i.s.r.p.i.ProjectInspector - PIPELINE EXECUTION SUMMARY
02:10:46.480 [main] INFO  f.i.s.r.p.i.ProjectInspector - ----------------------------------------------------------------------
02:10:46.480 [main] INFO  f.i.s.r.p.i.ProjectInspector - CloneRepository.......................................SUCCESS [ 61 s ]
02:10:46.480 [main] INFO  f.i.s.r.p.i.ProjectInspector - CheckoutPatchedBuildCandidate.........................FAILURE [  6 s ]
02:10:46.481 [main] INFO  f.i.s.r.p.i.ProjectInspector - ComputeSourceDir......................................NOT RUN         
02:10:46.481 [main] INFO  f.i.s.r.p.i.ProjectInspector - ComputeTestDir........................................NOT RUN         
02:10:46.481 [main] INFO  f.i.s.r.p.i.ProjectInspector - CheckoutBuggyBuildCandidateSourceCode.................NOT RUN         
02:10:46.481 [main] INFO  f.i.s.r.p.i.ProjectInspector - BuildProjectBuggyBuildCandidateSourceCode.............NOT RUN         
02:10:46.481 [main] INFO  f.i.s.r.p.i.ProjectInspector - TestProjectBuggyBuildCandidateSourceCode..............NOT RUN         
02:10:46.482 [main] INFO  f.i.s.r.p.i.ProjectInspector - GatherTestInformationBuggyBuildCandidateSourceCode....NOT RUN         
02:10:46.482 [main] INFO  f.i.s.r.p.i.ProjectInspector - CheckoutBuggyBuildTestCode............................NOT RUN         
02:10:46.482 [main] INFO  f.i.s.r.p.i.ProjectInspector - InitRepoToPush........................................NOT RUN         
02:10:46.482 [main] INFO  f.i.s.r.p.i.ProjectInspector - ComputeClasspath......................................NOT RUN         
02:10:46.482 [main] INFO  f.i.s.r.p.i.ProjectInspector - ComputeModules........................................NOT RUN         
02:10:46.482 [main] INFO  f.i.s.r.p.i.ProjectInspector - CheckoutBuggyBuildCandidateSourceCode.................NOT RUN         
02:10:46.482 [main] INFO  f.i.s.r.p.i.ProjectInspector - CommitChangedTests....................................NOT RUN         
02:10:46.483 [main] INFO  f.i.s.r.p.i.ProjectInspector - CheckoutPatchedBuildCandidate.........................NOT RUN         
02:10:46.483 [main] INFO  f.i.s.r.p.i.ProjectInspector - BuildProjectPatchedBuildCandidate.....................NOT RUN         
02:10:46.483 [main] INFO  f.i.s.r.p.i.ProjectInspector - TestProjectPatchedBuildCandidate......................NOT RUN         
02:10:46.483 [main] INFO  f.i.s.r.p.i.ProjectInspector - GatherTestInformationPatchedBuildCandidate............NOT RUN         
02:10:46.483 [main] INFO  f.i.s.r.p.i.ProjectInspector - CommitPatch...........................................NOT RUN         
02:10:46.483 [main] INFO  f.i.s.r.p.i.ProjectInspector - WritePropertyFile.....................................NOT RUN         
02:10:46.483 [main] INFO  f.i.s.r.p.i.ProjectInspector - CommitProcessEnd......................................NOT RUN         
02:10:46.483 [main] INFO  f.i.s.r.p.i.ProjectInspector - PushProcessEnd........................................NOT RUN         
02:10:46.484 [main] INFO  f.i.s.r.p.i.ProjectInspector - ----------------------------------------------------------------------
02:10:46.484 [main] INFO  f.i.s.r.p.i.ProjectInspector - PIPELINE FINDING: BUILDNOTCHECKEDOUT
02:10:46.484 [main] INFO  f.i.s.r.p.i.ProjectInspector - ----------------------------------------------------------------------
02:10:46.484 [main] INFO  f.i.s.repairnator.pipeline.Launcher - Inspector is finished. The process will exit now.
