08:37:55.357 [main] INFO  f.i.s.repairnator.pipeline.Launcher - PIPELINE VERSION: 3.0-2018-08-09 19:04
08:37:55.544 [main] INFO  f.i.s.repairnator.pipeline.Launcher - The pipeline will try to reproduce a bug from build 345402945 and its corresponding patch from build 345425374
08:37:55.545 [main] INFO  f.i.s.repairnator.pipeline.Launcher - Initialize file serializer engines.
08:37:55.547 [main] INFO  f.i.s.repairnator.pipeline.Launcher - MongoDB won't be used for serialization.
08:37:55.548 [main] INFO  f.i.s.repairnator.pipeline.Launcher - The email notifier engine won't be used.
08:37:55.553 [main] INFO  f.i.s.repairnator.pipeline.Launcher - Start by getting the build (buildId: 345402945) with the following config: RepairnatorConfig{runId='4d8bbe69-14c6-4f1d-8f48-402227d2aba3_02-18-week4-PASSING_AND_PASSING', launcherMode=BEARS, serializeJson=true, inputPath='null', outputPath='/var/log', mongodbHost='null', mongodbName='repairnator', smtpServer='null', notifyTo=[], notifyEndProcess=false, push=true, pushRemoteRepo='https://github.com/fermadeiral/bears-collection-pp', fork=false, lookFromDate=null, lookToDate=null, buildId=345402945, z3solverPath='./z3_for_linux', workspacePath='./workspace', githubToken='c8a341a903[...]', dockerImageName='null', skipDelete=false, createOutputDir=false, logDirectory='null', nbThreads=0, globalTimeout=0, whiteList=null, blackList=null, jobSleepTime=0, buildSleepTime=0, maxInspectedBuilds=0, duration=null, humanPatch=false, repository='null', clean=true, bearsMode=BOTH, bearsDelimiter = false, repairTools=NopolAllTests,NPEFix,AssertFixer,AstorJGenProg,AstorJKali,NopolSingleTest,AstorJMut,NopolTestExclusionStrategy, githubUserName= fermadeiral, githubUserEmail=fer.madeiral@gmail.com}
08:37:57.101 [main] DEBUG fr.inria.jtravis.helpers.BuildHelper - Get request to :https://api.travis-ci.org/build/345402945 done after 911 ms
08:37:57.390 [main] DEBUG fr.inria.jtravis.helpers.BuildHelper - Get request to :https://api.travis-ci.org/build/345425374 done after 143 ms
08:37:57.409 [main] INFO  f.i.s.repairnator.pipeline.Launcher - The patched build (345425374) was successfully retrieved from Travis.
08:37:58.610 [main] INFO  fr.inria.jtravis.JTravis - GitHub ratelimit: Limit: 5000 Remaining: 4906 Reset hour: 19:27:48
08:37:58.871 [main] INFO  f.i.s.r.p.i.ProjectInspector - ----------------------------------------------------------------------
08:37:58.872 [main] INFO  f.i.s.r.p.i.ProjectInspector - PIPELINE STEPS
08:37:58.872 [main] INFO  f.i.s.r.p.i.ProjectInspector - ----------------------------------------------------------------------
08:37:58.872 [main] INFO  f.i.s.r.p.i.ProjectInspector - CloneRepository
08:37:58.872 [main] INFO  f.i.s.r.p.i.ProjectInspector - CheckoutPatchedBuildCandidate
08:37:58.873 [main] INFO  f.i.s.r.p.i.ProjectInspector - ComputeSourceDir
08:37:58.873 [main] INFO  f.i.s.r.p.i.ProjectInspector - ComputeTestDir
08:37:58.873 [main] INFO  f.i.s.r.p.i.ProjectInspector - CheckoutBuggyBuildCandidateSourceCode
08:37:58.873 [main] INFO  f.i.s.r.p.i.ProjectInspector - BuildProjectBuggyBuildCandidateSourceCode
08:37:58.874 [main] INFO  f.i.s.r.p.i.ProjectInspector - TestProjectBuggyBuildCandidateSourceCode
08:37:58.874 [main] INFO  f.i.s.r.p.i.ProjectInspector - GatherTestInformationBuggyBuildCandidateSourceCode
08:37:58.874 [main] INFO  f.i.s.r.p.i.ProjectInspector - CheckoutBuggyBuildTestCode
08:37:58.874 [main] INFO  f.i.s.r.p.i.ProjectInspector - InitRepoToPush
08:37:58.875 [main] INFO  f.i.s.r.p.i.ProjectInspector - ComputeClasspath
08:37:58.875 [main] INFO  f.i.s.r.p.i.ProjectInspector - ComputeModules
08:37:58.875 [main] INFO  f.i.s.r.p.i.ProjectInspector - CheckoutBuggyBuildCandidateSourceCode
08:37:58.875 [main] INFO  f.i.s.r.p.i.ProjectInspector - CommitChangedTests
08:37:58.876 [main] INFO  f.i.s.r.p.i.ProjectInspector - CheckoutPatchedBuildCandidate
08:37:58.876 [main] INFO  f.i.s.r.p.i.ProjectInspector - BuildProjectPatchedBuildCandidate
08:37:58.876 [main] INFO  f.i.s.r.p.i.ProjectInspector - TestProjectPatchedBuildCandidate
08:37:58.876 [main] INFO  f.i.s.r.p.i.ProjectInspector - GatherTestInformationPatchedBuildCandidate
08:37:58.879 [main] INFO  f.i.s.r.p.i.ProjectInspector - CommitPatch
08:37:58.879 [main] INFO  f.i.s.r.p.i.ProjectInspector - WritePropertyFile
08:37:58.880 [main] INFO  f.i.s.r.p.i.ProjectInspector - CommitProcessEnd
08:37:58.880 [main] INFO  f.i.s.r.p.i.ProjectInspector - PushProcessEnd
08:37:58.880 [main] DEBUG f.i.s.r.process.step.CloneRepository - ----------------------------------------------------------------------
08:37:58.881 [main] DEBUG f.i.s.r.process.step.CloneRepository - STEP 1/22: CloneRepository
08:37:58.881 [main] DEBUG f.i.s.r.process.step.CloneRepository - ----------------------------------------------------------------------
08:37:58.882 [main] DEBUG f.i.s.r.process.step.CloneRepository - Cloning repository ga4gh/dockstore in the following directory: ./workspace/ga4gh/dockstore/345402945
08:38:08.829 [main] DEBUG f.i.s.r.process.step.CloneRepository - STEP STATUS: [ CloneRepository : SUCCESS ]
08:38:08.830 [main] DEBUG f.i.s.r.process.step.CloneRepository - STEP DURATION: 9s
08:38:08.830 [main] DEBUG f.i.s.r.process.step.CloneRepository - EXECUTE NEXT STEP
08:38:08.831 [main] DEBUG f.i.s.r.p.s.c.CheckoutPatchedBuild - ----------------------------------------------------------------------
08:38:08.831 [main] DEBUG f.i.s.r.p.s.c.CheckoutPatchedBuild - STEP 2/22: CheckoutPatchedBuildCandidate
08:38:08.831 [main] DEBUG f.i.s.r.p.s.c.CheckoutPatchedBuild - ----------------------------------------------------------------------
08:38:08.831 [main] DEBUG f.i.s.r.p.s.c.CheckoutPatchedBuild - Checking out patched build candidate...
08:38:08.845 [main] ERROR f.i.s.r.p.s.c.CheckoutPatchedBuild - Error while testing commit: org.eclipse.jgit.errors.MissingObjectException: Missing unknown d4770becfda32f9dfbedd6f158ba107970556a71
08:38:08.846 [main] ERROR f.i.s.r.p.s.c.CheckoutPatchedBuild - Error while getting the commit to checkout from the repo.
08:38:08.846 [main] DEBUG f.i.s.r.p.s.c.CheckoutPatchedBuild - STEP STATUS: [ CheckoutPatchedBuildCandidate : FAILURE ( BUILDNOTCHECKEDOUT ) ]
08:38:08.847 [main] DEBUG f.i.s.r.p.s.c.CheckoutPatchedBuild - STEP DURATION: 0s
08:38:08.847 [main] DEBUG f.i.s.r.p.s.c.CheckoutPatchedBuild - TERMINATE PIPELINE
08:38:08.847 [main] DEBUG f.i.s.r.p.s.c.CheckoutPatchedBuild - FINAL STEPS SKIPPED: The reproduction of the bug and/or the patch failed.
08:38:08.847 [main] INFO  f.i.s.r.p.s.c.CheckoutPatchedBuild - Serialize all data for the pair of builds 345402945, 345425374
08:38:09.180 [main] INFO  fr.inria.jtravis.JTravis - GitHub ratelimit: Limit: 5000 Remaining: 4900 Reset hour: 19:27:48
08:38:09.796 [main] INFO  f.i.s.r.p.i.ProjectInspector - ----------------------------------------------------------------------
08:38:09.797 [main] INFO  f.i.s.r.p.i.ProjectInspector - PIPELINE EXECUTION SUMMARY
08:38:09.797 [main] INFO  f.i.s.r.p.i.ProjectInspector - ----------------------------------------------------------------------
08:38:09.797 [main] INFO  f.i.s.r.p.i.ProjectInspector - CloneRepository........................................SUCCESS [ 9 s ]
08:38:09.797 [main] INFO  f.i.s.r.p.i.ProjectInspector - CheckoutPatchedBuildCandidate..........................FAILURE [ 0 s ]
08:38:09.797 [main] INFO  f.i.s.r.p.i.ProjectInspector - ComputeSourceDir.......................................NOT RUN        
08:38:09.797 [main] INFO  f.i.s.r.p.i.ProjectInspector - ComputeTestDir.........................................NOT RUN        
08:38:09.798 [main] INFO  f.i.s.r.p.i.ProjectInspector - CheckoutBuggyBuildCandidateSourceCode..................NOT RUN        
08:38:09.798 [main] INFO  f.i.s.r.p.i.ProjectInspector - BuildProjectBuggyBuildCandidateSourceCode..............NOT RUN        
08:38:09.798 [main] INFO  f.i.s.r.p.i.ProjectInspector - TestProjectBuggyBuildCandidateSourceCode...............NOT RUN        
08:38:09.798 [main] INFO  f.i.s.r.p.i.ProjectInspector - GatherTestInformationBuggyBuildCandidateSourceCode.....NOT RUN        
08:38:09.798 [main] INFO  f.i.s.r.p.i.ProjectInspector - CheckoutBuggyBuildTestCode.............................NOT RUN        
08:38:09.798 [main] INFO  f.i.s.r.p.i.ProjectInspector - InitRepoToPush.........................................NOT RUN        
08:38:09.799 [main] INFO  f.i.s.r.p.i.ProjectInspector - ComputeClasspath.......................................NOT RUN        
08:38:09.799 [main] INFO  f.i.s.r.p.i.ProjectInspector - ComputeModules.........................................NOT RUN        
08:38:09.799 [main] INFO  f.i.s.r.p.i.ProjectInspector - CheckoutBuggyBuildCandidateSourceCode..................NOT RUN        
08:38:09.799 [main] INFO  f.i.s.r.p.i.ProjectInspector - CommitChangedTests.....................................NOT RUN        
08:38:09.799 [main] INFO  f.i.s.r.p.i.ProjectInspector - CheckoutPatchedBuildCandidate..........................NOT RUN        
08:38:09.799 [main] INFO  f.i.s.r.p.i.ProjectInspector - BuildProjectPatchedBuildCandidate......................NOT RUN        
08:38:09.800 [main] INFO  f.i.s.r.p.i.ProjectInspector - TestProjectPatchedBuildCandidate.......................NOT RUN        
08:38:09.800 [main] INFO  f.i.s.r.p.i.ProjectInspector - GatherTestInformationPatchedBuildCandidate.............NOT RUN        
08:38:09.800 [main] INFO  f.i.s.r.p.i.ProjectInspector - CommitPatch............................................NOT RUN        
08:38:09.800 [main] INFO  f.i.s.r.p.i.ProjectInspector - WritePropertyFile......................................NOT RUN        
08:38:09.800 [main] INFO  f.i.s.r.p.i.ProjectInspector - CommitProcessEnd.......................................NOT RUN        
08:38:09.800 [main] INFO  f.i.s.r.p.i.ProjectInspector - PushProcessEnd.........................................NOT RUN        
08:38:09.801 [main] INFO  f.i.s.r.p.i.ProjectInspector - ----------------------------------------------------------------------
08:38:09.801 [main] INFO  f.i.s.r.p.i.ProjectInspector - PIPELINE FINDING: BUILDNOTCHECKEDOUT
08:38:09.801 [main] INFO  f.i.s.r.p.i.ProjectInspector - ----------------------------------------------------------------------
08:38:09.801 [main] INFO  f.i.s.repairnator.pipeline.Launcher - Inspector is finished. The process will exit now.
