06:01:12.811 [main] INFO  f.i.s.repairnator.pipeline.Launcher - PIPELINE VERSION: 3.0-2018-08-09 19:04
06:01:12.917 [main] INFO  f.i.s.repairnator.pipeline.Launcher - The pipeline will try to reproduce a bug from build 344604973 and its corresponding patch from build 345385457
06:01:12.917 [main] INFO  f.i.s.repairnator.pipeline.Launcher - Initialize file serializer engines.
06:01:12.919 [main] INFO  f.i.s.repairnator.pipeline.Launcher - MongoDB won't be used for serialization.
06:01:12.919 [main] INFO  f.i.s.repairnator.pipeline.Launcher - The email notifier engine won't be used.
06:01:12.922 [main] INFO  f.i.s.repairnator.pipeline.Launcher - Start by getting the build (buildId: 344604973) with the following config: RepairnatorConfig{runId='4d8bbe69-14c6-4f1d-8f48-402227d2aba3_02-18-week4-PASSING_AND_PASSING', launcherMode=BEARS, serializeJson=true, inputPath='null', outputPath='/var/log', mongodbHost='null', mongodbName='repairnator', smtpServer='null', notifyTo=[], notifyEndProcess=false, push=true, pushRemoteRepo='https://github.com/fermadeiral/bears-collection-pp', fork=false, lookFromDate=null, lookToDate=null, buildId=344604973, z3solverPath='./z3_for_linux', workspacePath='./workspace', githubToken='c8a341a903[...]', dockerImageName='null', skipDelete=false, createOutputDir=false, logDirectory='null', nbThreads=0, globalTimeout=0, whiteList=null, blackList=null, jobSleepTime=0, buildSleepTime=0, maxInspectedBuilds=0, duration=null, humanPatch=false, repository='null', clean=true, bearsMode=BOTH, bearsDelimiter = false, repairTools=NopolAllTests,NPEFix,AssertFixer,AstorJGenProg,AstorJKali,NopolSingleTest,AstorJMut,NopolTestExclusionStrategy, githubUserName= fermadeiral, githubUserEmail=fer.madeiral@gmail.com}
06:01:14.090 [main] DEBUG fr.inria.jtravis.helpers.BuildHelper - Get request to :https://api.travis-ci.org/build/344604973 done after 793 ms
06:01:14.293 [main] DEBUG fr.inria.jtravis.helpers.BuildHelper - Get request to :https://api.travis-ci.org/build/345385457 done after 120 ms
06:01:14.303 [main] INFO  f.i.s.repairnator.pipeline.Launcher - The patched build (345385457) was successfully retrieved from Travis.
06:01:15.335 [main] INFO  fr.inria.jtravis.JTravis - GitHub ratelimit: Limit: 5000 Remaining: 4471 Reset hour: 19:27:37
06:01:15.594 [main] INFO  f.i.s.r.p.i.ProjectInspector - ----------------------------------------------------------------------
06:01:15.594 [main] INFO  f.i.s.r.p.i.ProjectInspector - PIPELINE STEPS
06:01:15.595 [main] INFO  f.i.s.r.p.i.ProjectInspector - ----------------------------------------------------------------------
06:01:15.595 [main] INFO  f.i.s.r.p.i.ProjectInspector - CloneRepository
06:01:15.595 [main] INFO  f.i.s.r.p.i.ProjectInspector - CheckoutPatchedBuildCandidate
06:01:15.595 [main] INFO  f.i.s.r.p.i.ProjectInspector - ComputeSourceDir
06:01:15.595 [main] INFO  f.i.s.r.p.i.ProjectInspector - ComputeTestDir
06:01:15.595 [main] INFO  f.i.s.r.p.i.ProjectInspector - CheckoutBuggyBuildCandidateSourceCode
06:01:15.595 [main] INFO  f.i.s.r.p.i.ProjectInspector - BuildProjectBuggyBuildCandidateSourceCode
06:01:15.596 [main] INFO  f.i.s.r.p.i.ProjectInspector - TestProjectBuggyBuildCandidateSourceCode
06:01:15.598 [main] INFO  f.i.s.r.p.i.ProjectInspector - GatherTestInformationBuggyBuildCandidateSourceCode
06:01:15.598 [main] INFO  f.i.s.r.p.i.ProjectInspector - CheckoutBuggyBuildTestCode
06:01:15.598 [main] INFO  f.i.s.r.p.i.ProjectInspector - InitRepoToPush
06:01:15.598 [main] INFO  f.i.s.r.p.i.ProjectInspector - ComputeClasspath
06:01:15.598 [main] INFO  f.i.s.r.p.i.ProjectInspector - ComputeModules
06:01:15.599 [main] INFO  f.i.s.r.p.i.ProjectInspector - CheckoutBuggyBuildCandidateSourceCode
06:01:15.599 [main] INFO  f.i.s.r.p.i.ProjectInspector - CommitChangedTests
06:01:15.599 [main] INFO  f.i.s.r.p.i.ProjectInspector - CheckoutPatchedBuildCandidate
06:01:15.599 [main] INFO  f.i.s.r.p.i.ProjectInspector - BuildProjectPatchedBuildCandidate
06:01:15.599 [main] INFO  f.i.s.r.p.i.ProjectInspector - TestProjectPatchedBuildCandidate
06:01:15.599 [main] INFO  f.i.s.r.p.i.ProjectInspector - GatherTestInformationPatchedBuildCandidate
06:01:15.600 [main] INFO  f.i.s.r.p.i.ProjectInspector - CommitPatch
06:01:15.600 [main] INFO  f.i.s.r.p.i.ProjectInspector - WritePropertyFile
06:01:15.600 [main] INFO  f.i.s.r.p.i.ProjectInspector - CommitProcessEnd
06:01:15.601 [main] INFO  f.i.s.r.p.i.ProjectInspector - PushProcessEnd
06:01:15.601 [main] DEBUG f.i.s.r.process.step.CloneRepository - ----------------------------------------------------------------------
06:01:15.601 [main] DEBUG f.i.s.r.process.step.CloneRepository - STEP 1/22: CloneRepository
06:01:15.601 [main] DEBUG f.i.s.r.process.step.CloneRepository - ----------------------------------------------------------------------
06:01:15.602 [main] DEBUG f.i.s.r.process.step.CloneRepository - Cloning repository CorfuDB/CorfuDB in the following directory: ./workspace/CorfuDB/CorfuDB/344604973
06:05:51.135 [main] DEBUG f.i.s.r.process.step.CloneRepository - STEP STATUS: [ CloneRepository : SUCCESS ]
06:05:51.136 [main] DEBUG f.i.s.r.process.step.CloneRepository - STEP DURATION: 275s
06:05:51.136 [main] DEBUG f.i.s.r.process.step.CloneRepository - EXECUTE NEXT STEP
06:05:51.137 [main] DEBUG f.i.s.r.p.s.c.CheckoutPatchedBuild - ----------------------------------------------------------------------
06:05:51.137 [main] DEBUG f.i.s.r.p.s.c.CheckoutPatchedBuild - STEP 2/22: CheckoutPatchedBuildCandidate
06:05:51.137 [main] DEBUG f.i.s.r.p.s.c.CheckoutPatchedBuild - ----------------------------------------------------------------------
06:05:51.137 [main] DEBUG f.i.s.r.p.s.c.CheckoutPatchedBuild - Checking out patched build candidate...
06:05:51.482 [main] INFO  fr.inria.jtravis.JTravis - GitHub ratelimit: Limit: 5000 Remaining: 4408 Reset hour: 19:27:37
06:05:53.679 [main] DEBUG f.i.s.r.p.s.c.CheckoutPatchedBuild - Reproduce the PR for CorfuDB/CorfuDB by fetching remote branch and merging.
06:05:54.563 [main] ERROR f.i.s.r.p.s.c.CheckoutPatchedBuild - Error while testing commit: org.eclipse.jgit.errors.MissingObjectException: Missing unknown a0c930d12c7b64abd1b625549b230eb3ade32aaa
06:05:54.564 [main] ERROR f.i.s.r.p.s.c.CheckoutPatchedBuild - Commit head ref cannot be retrieved from the repository: a0c930d12c7b64abd1b625549b230eb3ade32aaa. Operation aborted.
06:05:54.565 [main] ERROR f.i.s.r.p.s.c.CheckoutPatchedBuild - Error while merging two commits to reproduce the PR.
06:05:54.566 [main] DEBUG f.i.s.r.p.s.c.CheckoutPatchedBuild - STEP STATUS: [ CheckoutPatchedBuildCandidate : FAILURE ( BUILDNOTCHECKEDOUT ) ]
06:05:54.574 [main] DEBUG f.i.s.r.p.s.c.CheckoutPatchedBuild - STEP DURATION: 3s
06:05:54.575 [main] DEBUG f.i.s.r.p.s.c.CheckoutPatchedBuild - TERMINATE PIPELINE
06:05:54.575 [main] DEBUG f.i.s.r.p.s.c.CheckoutPatchedBuild - FINAL STEPS SKIPPED: The reproduction of the bug and/or the patch failed.
06:05:54.575 [main] INFO  f.i.s.r.p.s.c.CheckoutPatchedBuild - Serialize all data for the pair of builds 344604973, 345385457
06:05:54.714 [main] INFO  fr.inria.jtravis.JTravis - GitHub ratelimit: Limit: 5000 Remaining: 4401 Reset hour: 19:27:37
06:05:55.221 [main] INFO  f.i.s.r.p.i.ProjectInspector - ----------------------------------------------------------------------
06:05:55.221 [main] INFO  f.i.s.r.p.i.ProjectInspector - PIPELINE EXECUTION SUMMARY
06:05:55.221 [main] INFO  f.i.s.r.p.i.ProjectInspector - ----------------------------------------------------------------------
06:05:55.222 [main] INFO  f.i.s.r.p.i.ProjectInspector - CloneRepository......................................SUCCESS [ 275 s ]
06:05:55.222 [main] INFO  f.i.s.r.p.i.ProjectInspector - CheckoutPatchedBuildCandidate........................FAILURE [   3 s ]
06:05:55.223 [main] INFO  f.i.s.r.p.i.ProjectInspector - ComputeSourceDir.....................................NOT RUN          
06:05:55.223 [main] INFO  f.i.s.r.p.i.ProjectInspector - ComputeTestDir.......................................NOT RUN          
06:05:55.223 [main] INFO  f.i.s.r.p.i.ProjectInspector - CheckoutBuggyBuildCandidateSourceCode................NOT RUN          
06:05:55.223 [main] INFO  f.i.s.r.p.i.ProjectInspector - BuildProjectBuggyBuildCandidateSourceCode............NOT RUN          
06:05:55.224 [main] INFO  f.i.s.r.p.i.ProjectInspector - TestProjectBuggyBuildCandidateSourceCode.............NOT RUN          
06:05:55.224 [main] INFO  f.i.s.r.p.i.ProjectInspector - GatherTestInformationBuggyBuildCandidateSourceCode...NOT RUN          
06:05:55.224 [main] INFO  f.i.s.r.p.i.ProjectInspector - CheckoutBuggyBuildTestCode...........................NOT RUN          
06:05:55.224 [main] INFO  f.i.s.r.p.i.ProjectInspector - InitRepoToPush.......................................NOT RUN          
06:05:55.225 [main] INFO  f.i.s.r.p.i.ProjectInspector - ComputeClasspath.....................................NOT RUN          
06:05:55.225 [main] INFO  f.i.s.r.p.i.ProjectInspector - ComputeModules.......................................NOT RUN          
06:05:55.225 [main] INFO  f.i.s.r.p.i.ProjectInspector - CheckoutBuggyBuildCandidateSourceCode................NOT RUN          
06:05:55.225 [main] INFO  f.i.s.r.p.i.ProjectInspector - CommitChangedTests...................................NOT RUN          
06:05:55.226 [main] INFO  f.i.s.r.p.i.ProjectInspector - CheckoutPatchedBuildCandidate........................NOT RUN          
06:05:55.226 [main] INFO  f.i.s.r.p.i.ProjectInspector - BuildProjectPatchedBuildCandidate....................NOT RUN          
06:05:55.226 [main] INFO  f.i.s.r.p.i.ProjectInspector - TestProjectPatchedBuildCandidate.....................NOT RUN          
06:05:55.226 [main] INFO  f.i.s.r.p.i.ProjectInspector - GatherTestInformationPatchedBuildCandidate...........NOT RUN          
06:05:55.227 [main] INFO  f.i.s.r.p.i.ProjectInspector - CommitPatch..........................................NOT RUN          
06:05:55.227 [main] INFO  f.i.s.r.p.i.ProjectInspector - WritePropertyFile....................................NOT RUN          
06:05:55.227 [main] INFO  f.i.s.r.p.i.ProjectInspector - CommitProcessEnd.....................................NOT RUN          
06:05:55.227 [main] INFO  f.i.s.r.p.i.ProjectInspector - PushProcessEnd.......................................NOT RUN          
06:05:55.228 [main] INFO  f.i.s.r.p.i.ProjectInspector - ----------------------------------------------------------------------
06:05:55.228 [main] INFO  f.i.s.r.p.i.ProjectInspector - PIPELINE FINDING: BUILDNOTCHECKEDOUT
06:05:55.228 [main] INFO  f.i.s.r.p.i.ProjectInspector - ----------------------------------------------------------------------
06:05:55.228 [main] INFO  f.i.s.repairnator.pipeline.Launcher - Inspector is finished. The process will exit now.
