13:16:01.108 [main] INFO  f.i.s.repairnator.pipeline.Launcher - PIPELINE VERSION: 3.0-2018-08-09 19:04
13:16:01.325 [main] INFO  f.i.s.repairnator.pipeline.Launcher - The pipeline will try to reproduce a bug from build 346661778 and its corresponding patch from build 346751461
13:16:01.326 [main] INFO  f.i.s.repairnator.pipeline.Launcher - Initialize file serializer engines.
13:16:01.329 [main] INFO  f.i.s.repairnator.pipeline.Launcher - MongoDB won't be used for serialization.
13:16:01.329 [main] INFO  f.i.s.repairnator.pipeline.Launcher - The email notifier engine won't be used.
13:16:01.333 [main] INFO  f.i.s.repairnator.pipeline.Launcher - Start by getting the build (buildId: 346661778) with the following config: RepairnatorConfig{runId='4d8bbe69-14c6-4f1d-8f48-402227d2aba3_02-18-week4-PASSING_AND_PASSING', launcherMode=BEARS, serializeJson=true, inputPath='null', outputPath='/var/log', mongodbHost='null', mongodbName='repairnator', smtpServer='null', notifyTo=[], notifyEndProcess=false, push=true, pushRemoteRepo='https://github.com/fermadeiral/bears-collection-pp', fork=false, lookFromDate=null, lookToDate=null, buildId=346661778, z3solverPath='./z3_for_linux', workspacePath='./workspace', githubToken='c8a341a903[...]', dockerImageName='null', skipDelete=false, createOutputDir=false, logDirectory='null', nbThreads=0, globalTimeout=0, whiteList=null, blackList=null, jobSleepTime=0, buildSleepTime=0, maxInspectedBuilds=0, duration=null, humanPatch=false, repository='null', clean=true, bearsMode=BOTH, bearsDelimiter = false, repairTools=NopolAllTests,NPEFix,AssertFixer,AstorJGenProg,AstorJKali,NopolSingleTest,AstorJMut,NopolTestExclusionStrategy, githubUserName= fermadeiral, githubUserEmail=fer.madeiral@gmail.com}
13:16:02.689 [main] DEBUG fr.inria.jtravis.helpers.BuildHelper - Get request to :https://api.travis-ci.org/build/346661778 done after 784 ms
13:16:02.972 [main] DEBUG fr.inria.jtravis.helpers.BuildHelper - Get request to :https://api.travis-ci.org/build/346751461 done after 134 ms
13:16:02.990 [main] INFO  f.i.s.repairnator.pipeline.Launcher - The patched build (346751461) was successfully retrieved from Travis.
13:16:05.293 [main] INFO  fr.inria.jtravis.JTravis - GitHub ratelimit: Limit: 5000 Remaining: 4875 Reset hour: 19:28:05
13:16:05.799 [main] INFO  f.i.s.r.p.i.ProjectInspector - ----------------------------------------------------------------------
13:16:05.800 [main] INFO  f.i.s.r.p.i.ProjectInspector - PIPELINE STEPS
13:16:05.800 [main] INFO  f.i.s.r.p.i.ProjectInspector - ----------------------------------------------------------------------
13:16:05.800 [main] INFO  f.i.s.r.p.i.ProjectInspector - CloneRepository
13:16:05.800 [main] INFO  f.i.s.r.p.i.ProjectInspector - CheckoutPatchedBuildCandidate
13:16:05.801 [main] INFO  f.i.s.r.p.i.ProjectInspector - ComputeSourceDir
13:16:05.801 [main] INFO  f.i.s.r.p.i.ProjectInspector - ComputeTestDir
13:16:05.801 [main] INFO  f.i.s.r.p.i.ProjectInspector - CheckoutBuggyBuildCandidateSourceCode
13:16:05.802 [main] INFO  f.i.s.r.p.i.ProjectInspector - BuildProjectBuggyBuildCandidateSourceCode
13:16:05.802 [main] INFO  f.i.s.r.p.i.ProjectInspector - TestProjectBuggyBuildCandidateSourceCode
13:16:05.803 [main] INFO  f.i.s.r.p.i.ProjectInspector - GatherTestInformationBuggyBuildCandidateSourceCode
13:16:05.803 [main] INFO  f.i.s.r.p.i.ProjectInspector - CheckoutBuggyBuildTestCode
13:16:05.803 [main] INFO  f.i.s.r.p.i.ProjectInspector - InitRepoToPush
13:16:05.804 [main] INFO  f.i.s.r.p.i.ProjectInspector - ComputeClasspath
13:16:05.804 [main] INFO  f.i.s.r.p.i.ProjectInspector - ComputeModules
13:16:05.804 [main] INFO  f.i.s.r.p.i.ProjectInspector - CheckoutBuggyBuildCandidateSourceCode
13:16:05.805 [main] INFO  f.i.s.r.p.i.ProjectInspector - CommitChangedTests
13:16:05.805 [main] INFO  f.i.s.r.p.i.ProjectInspector - CheckoutPatchedBuildCandidate
13:16:05.806 [main] INFO  f.i.s.r.p.i.ProjectInspector - BuildProjectPatchedBuildCandidate
13:16:05.806 [main] INFO  f.i.s.r.p.i.ProjectInspector - TestProjectPatchedBuildCandidate
13:16:05.806 [main] INFO  f.i.s.r.p.i.ProjectInspector - GatherTestInformationPatchedBuildCandidate
13:16:05.807 [main] INFO  f.i.s.r.p.i.ProjectInspector - CommitPatch
13:16:05.807 [main] INFO  f.i.s.r.p.i.ProjectInspector - WritePropertyFile
13:16:05.808 [main] INFO  f.i.s.r.p.i.ProjectInspector - CommitProcessEnd
13:16:05.808 [main] INFO  f.i.s.r.p.i.ProjectInspector - PushProcessEnd
13:16:05.808 [main] DEBUG f.i.s.r.process.step.CloneRepository - ----------------------------------------------------------------------
13:16:05.809 [main] DEBUG f.i.s.r.process.step.CloneRepository - STEP 1/22: CloneRepository
13:16:05.810 [main] DEBUG f.i.s.r.process.step.CloneRepository - ----------------------------------------------------------------------
13:16:05.810 [main] DEBUG f.i.s.r.process.step.CloneRepository - Cloning repository danglotb/dspot in the following directory: ./workspace/danglotb/dspot/346661778
13:16:12.333 [main] DEBUG f.i.s.r.process.step.CloneRepository - STEP STATUS: [ CloneRepository : SUCCESS ]
13:16:12.333 [main] DEBUG f.i.s.r.process.step.CloneRepository - STEP DURATION: 6s
13:16:12.334 [main] DEBUG f.i.s.r.process.step.CloneRepository - EXECUTE NEXT STEP
13:16:12.334 [main] DEBUG f.i.s.r.p.s.c.CheckoutPatchedBuild - ----------------------------------------------------------------------
13:16:12.335 [main] DEBUG f.i.s.r.p.s.c.CheckoutPatchedBuild - STEP 2/22: CheckoutPatchedBuildCandidate
13:16:12.335 [main] DEBUG f.i.s.r.p.s.c.CheckoutPatchedBuild - ----------------------------------------------------------------------
13:16:12.335 [main] DEBUG f.i.s.r.p.s.c.CheckoutPatchedBuild - Checking out patched build candidate...
13:16:12.352 [main] ERROR f.i.s.r.p.s.c.CheckoutPatchedBuild - Error while testing commit: org.eclipse.jgit.errors.MissingObjectException: Missing unknown 8cce7ba0680e0e2ab683b0ea0af2df4963e84fc1
13:16:12.353 [main] ERROR f.i.s.r.p.s.c.CheckoutPatchedBuild - Error while getting the commit to checkout from the repo.
13:16:12.355 [main] DEBUG f.i.s.r.p.s.c.CheckoutPatchedBuild - STEP STATUS: [ CheckoutPatchedBuildCandidate : FAILURE ( BUILDNOTCHECKEDOUT ) ]
13:16:12.355 [main] DEBUG f.i.s.r.p.s.c.CheckoutPatchedBuild - STEP DURATION: 0s
13:16:12.355 [main] DEBUG f.i.s.r.p.s.c.CheckoutPatchedBuild - TERMINATE PIPELINE
13:16:12.356 [main] DEBUG f.i.s.r.p.s.c.CheckoutPatchedBuild - FINAL STEPS SKIPPED: The reproduction of the bug and/or the patch failed.
13:16:12.356 [main] INFO  f.i.s.r.p.s.c.CheckoutPatchedBuild - Serialize all data for the pair of builds 346661778, 346751461
13:16:12.693 [main] INFO  fr.inria.jtravis.JTravis - GitHub ratelimit: Limit: 5000 Remaining: 4870 Reset hour: 19:28:05
13:16:13.367 [main] INFO  f.i.s.r.p.i.ProjectInspector - ----------------------------------------------------------------------
13:16:13.368 [main] INFO  f.i.s.r.p.i.ProjectInspector - PIPELINE EXECUTION SUMMARY
13:16:13.368 [main] INFO  f.i.s.r.p.i.ProjectInspector - ----------------------------------------------------------------------
13:16:13.368 [main] INFO  f.i.s.r.p.i.ProjectInspector - CloneRepository........................................SUCCESS [ 6 s ]
13:16:13.369 [main] INFO  f.i.s.r.p.i.ProjectInspector - CheckoutPatchedBuildCandidate..........................FAILURE [ 0 s ]
13:16:13.369 [main] INFO  f.i.s.r.p.i.ProjectInspector - ComputeSourceDir.......................................NOT RUN        
13:16:13.369 [main] INFO  f.i.s.r.p.i.ProjectInspector - ComputeTestDir.........................................NOT RUN        
13:16:13.369 [main] INFO  f.i.s.r.p.i.ProjectInspector - CheckoutBuggyBuildCandidateSourceCode..................NOT RUN        
13:16:13.370 [main] INFO  f.i.s.r.p.i.ProjectInspector - BuildProjectBuggyBuildCandidateSourceCode..............NOT RUN        
13:16:13.371 [main] INFO  f.i.s.r.p.i.ProjectInspector - TestProjectBuggyBuildCandidateSourceCode...............NOT RUN        
13:16:13.372 [main] INFO  f.i.s.r.p.i.ProjectInspector - GatherTestInformationBuggyBuildCandidateSourceCode.....NOT RUN        
13:16:13.372 [main] INFO  f.i.s.r.p.i.ProjectInspector - CheckoutBuggyBuildTestCode.............................NOT RUN        
13:16:13.372 [main] INFO  f.i.s.r.p.i.ProjectInspector - InitRepoToPush.........................................NOT RUN        
13:16:13.372 [main] INFO  f.i.s.r.p.i.ProjectInspector - ComputeClasspath.......................................NOT RUN        
13:16:13.373 [main] INFO  f.i.s.r.p.i.ProjectInspector - ComputeModules.........................................NOT RUN        
13:16:13.373 [main] INFO  f.i.s.r.p.i.ProjectInspector - CheckoutBuggyBuildCandidateSourceCode..................NOT RUN        
13:16:13.373 [main] INFO  f.i.s.r.p.i.ProjectInspector - CommitChangedTests.....................................NOT RUN        
13:16:13.373 [main] INFO  f.i.s.r.p.i.ProjectInspector - CheckoutPatchedBuildCandidate..........................NOT RUN        
13:16:13.373 [main] INFO  f.i.s.r.p.i.ProjectInspector - BuildProjectPatchedBuildCandidate......................NOT RUN        
13:16:13.374 [main] INFO  f.i.s.r.p.i.ProjectInspector - TestProjectPatchedBuildCandidate.......................NOT RUN        
13:16:13.374 [main] INFO  f.i.s.r.p.i.ProjectInspector - GatherTestInformationPatchedBuildCandidate.............NOT RUN        
13:16:13.374 [main] INFO  f.i.s.r.p.i.ProjectInspector - CommitPatch............................................NOT RUN        
13:16:13.374 [main] INFO  f.i.s.r.p.i.ProjectInspector - WritePropertyFile......................................NOT RUN        
13:16:13.375 [main] INFO  f.i.s.r.p.i.ProjectInspector - CommitProcessEnd.......................................NOT RUN        
13:16:13.375 [main] INFO  f.i.s.r.p.i.ProjectInspector - PushProcessEnd.........................................NOT RUN        
13:16:13.375 [main] INFO  f.i.s.r.p.i.ProjectInspector - ----------------------------------------------------------------------
13:16:13.376 [main] INFO  f.i.s.r.p.i.ProjectInspector - PIPELINE FINDING: BUILDNOTCHECKEDOUT
13:16:13.376 [main] INFO  f.i.s.r.p.i.ProjectInspector - ----------------------------------------------------------------------
13:16:13.376 [main] INFO  f.i.s.repairnator.pipeline.Launcher - Inspector is finished. The process will exit now.
