04:57:50.981 [main] INFO  f.i.s.repairnator.pipeline.Launcher - PIPELINE VERSION: 3.0-2018-08-09 19:04
04:57:51.263 [main] INFO  f.i.s.repairnator.pipeline.Launcher - The pipeline will try to reproduce a bug from build 330282675 and its corresponding patch from build 330381562
04:57:51.264 [main] INFO  f.i.s.repairnator.pipeline.Launcher - Initialize file serializer engines.
04:57:51.267 [main] INFO  f.i.s.repairnator.pipeline.Launcher - MongoDB won't be used for serialization.
04:57:51.267 [main] INFO  f.i.s.repairnator.pipeline.Launcher - The email notifier engine won't be used.
04:57:51.271 [main] INFO  f.i.s.repairnator.pipeline.Launcher - Start by getting the build (buildId: 330282675) with the following config: RepairnatorConfig{runId='a7a5945f-cafe-4f3e-93ac-cda95067199f_01-18-week3-FAILING_AND_PASSING', launcherMode=BEARS, serializeJson=true, inputPath='null', outputPath='/var/log', mongodbHost='null', mongodbName='repairnator', smtpServer='null', notifyTo=[], notifyEndProcess=false, push=true, pushRemoteRepo='https://github.com/fermadeiral/bears-collection-fp', fork=false, lookFromDate=null, lookToDate=null, buildId=330282675, z3solverPath='./z3_for_linux', workspacePath='./workspace', githubToken='c8a341a903[...]', dockerImageName='null', skipDelete=false, createOutputDir=false, logDirectory='null', nbThreads=0, globalTimeout=0, whiteList=null, blackList=null, jobSleepTime=0, buildSleepTime=0, maxInspectedBuilds=0, duration=null, humanPatch=false, repository='null', clean=true, bearsMode=BOTH, bearsDelimiter = false, repairTools=NopolAllTests,NPEFix,AssertFixer,AstorJGenProg,AstorJKali,NopolSingleTest,AstorJMut,NopolTestExclusionStrategy, githubUserName= fermadeiral, githubUserEmail=fer.madeiral@gmail.com}
04:57:53.978 [main] DEBUG fr.inria.jtravis.helpers.BuildHelper - Get request to :https://api.travis-ci.org/build/330282675 done after 1288 ms
04:57:54.348 [main] DEBUG fr.inria.jtravis.helpers.BuildHelper - Get request to :https://api.travis-ci.org/build/330381562 done after 151 ms
04:57:54.371 [main] INFO  f.i.s.repairnator.pipeline.Launcher - The patched build (330381562) was successfully retrieved from Travis.
04:57:56.382 [main] INFO  fr.inria.jtravis.JTravis - GitHub ratelimit: Limit: 5000 Remaining: 4896 Reset hour: 19:17:28
04:57:56.647 [main] INFO  f.i.s.r.p.i.ProjectInspector - ----------------------------------------------------------------------
04:57:56.648 [main] INFO  f.i.s.r.p.i.ProjectInspector - PIPELINE STEPS
04:57:56.648 [main] INFO  f.i.s.r.p.i.ProjectInspector - ----------------------------------------------------------------------
04:57:56.649 [main] INFO  f.i.s.r.p.i.ProjectInspector - CloneRepository
04:57:56.649 [main] INFO  f.i.s.r.p.i.ProjectInspector - CheckoutBuggyBuildCandidate
04:57:56.649 [main] INFO  f.i.s.r.p.i.ProjectInspector - ComputeSourceDir
04:57:56.649 [main] INFO  f.i.s.r.p.i.ProjectInspector - ComputeTestDir
04:57:56.649 [main] INFO  f.i.s.r.p.i.ProjectInspector - BuildProjectBuggyBuildCandidate
04:57:56.650 [main] INFO  f.i.s.r.p.i.ProjectInspector - TestProjectBuggyBuildCandidate
04:57:56.650 [main] INFO  f.i.s.r.p.i.ProjectInspector - GatherTestInformationBuggyBuildCandidate
04:57:56.650 [main] INFO  f.i.s.r.p.i.ProjectInspector - InitRepoToPush
04:57:56.650 [main] INFO  f.i.s.r.p.i.ProjectInspector - ComputeClasspath
04:57:56.651 [main] INFO  f.i.s.r.p.i.ProjectInspector - ComputeModules
04:57:56.651 [main] INFO  f.i.s.r.p.i.ProjectInspector - CheckoutPatchedBuildCandidate
04:57:56.651 [main] INFO  f.i.s.r.p.i.ProjectInspector - BuildProjectPatchedBuildCandidate
04:57:56.651 [main] INFO  f.i.s.r.p.i.ProjectInspector - TestProjectPatchedBuildCandidate
04:57:56.651 [main] INFO  f.i.s.r.p.i.ProjectInspector - GatherTestInformationPatchedBuildCandidate
04:57:56.652 [main] INFO  f.i.s.r.p.i.ProjectInspector - CommitPatch
04:57:56.652 [main] INFO  f.i.s.r.p.i.ProjectInspector - WritePropertyFile
04:57:56.652 [main] INFO  f.i.s.r.p.i.ProjectInspector - CommitProcessEnd
04:57:56.652 [main] INFO  f.i.s.r.p.i.ProjectInspector - PushProcessEnd
04:57:56.653 [main] DEBUG f.i.s.r.process.step.CloneRepository - ----------------------------------------------------------------------
04:57:56.654 [main] DEBUG f.i.s.r.process.step.CloneRepository - STEP 1/18: CloneRepository
04:57:56.655 [main] DEBUG f.i.s.r.process.step.CloneRepository - ----------------------------------------------------------------------
04:57:56.655 [main] DEBUG f.i.s.r.process.step.CloneRepository - Cloning repository apache/flink in the following directory: ./workspace/apache/flink/330282675
04:58:58.053 [main] DEBUG f.i.s.r.process.step.CloneRepository - STEP STATUS: [ CloneRepository : SUCCESS ]
04:58:58.053 [main] DEBUG f.i.s.r.process.step.CloneRepository - STEP DURATION: 61s
04:58:58.054 [main] DEBUG f.i.s.r.process.step.CloneRepository - EXECUTE NEXT STEP
04:58:58.054 [main] DEBUG f.i.s.r.p.s.c.CheckoutBuggyBuild - ----------------------------------------------------------------------
04:58:58.054 [main] DEBUG f.i.s.r.p.s.c.CheckoutBuggyBuild - STEP 2/18: CheckoutBuggyBuildCandidate
04:58:58.054 [main] DEBUG f.i.s.r.p.s.c.CheckoutBuggyBuild - ----------------------------------------------------------------------
04:58:58.055 [main] DEBUG f.i.s.r.p.s.c.CheckoutBuggyBuild - Checking out buggy build candidate...
04:58:58.412 [main] INFO  fr.inria.jtravis.JTravis - GitHub ratelimit: Limit: 5000 Remaining: 4893 Reset hour: 19:17:28
04:59:01.233 [main] DEBUG f.i.s.r.p.s.c.CheckoutBuggyBuild - Reproduce the PR for apache/flink by fetching remote branch and merging.
04:59:05.676 [main] ERROR f.i.s.r.p.s.c.CheckoutBuggyBuild - Error while testing commit: org.eclipse.jgit.errors.MissingObjectException: Missing unknown 7ac8280eddad550f18bfecccb8f2959a422acf1f
04:59:05.677 [main] ERROR f.i.s.r.p.s.c.CheckoutBuggyBuild - Commit head ref cannot be retrieved from the repository: 7ac8280eddad550f18bfecccb8f2959a422acf1f. Operation aborted.
04:59:05.677 [main] ERROR f.i.s.r.p.s.c.CheckoutBuggyBuild - Error while merging two commits to reproduce the PR.
04:59:05.678 [main] DEBUG f.i.s.r.p.s.c.CheckoutBuggyBuild - STEP STATUS: [ CheckoutBuggyBuildCandidate : FAILURE ( BUILDNOTCHECKEDOUT ) ]
04:59:05.678 [main] DEBUG f.i.s.r.p.s.c.CheckoutBuggyBuild - STEP DURATION: 7s
04:59:05.679 [main] DEBUG f.i.s.r.p.s.c.CheckoutBuggyBuild - TERMINATE PIPELINE
04:59:05.679 [main] DEBUG f.i.s.r.p.s.c.CheckoutBuggyBuild - FINAL STEPS SKIPPED: The reproduction of the bug and/or the patch failed.
04:59:05.679 [main] INFO  f.i.s.r.p.s.c.CheckoutBuggyBuild - Serialize all data for the pair of builds 330282675, 330381562
04:59:06.019 [main] INFO  fr.inria.jtravis.JTravis - GitHub ratelimit: Limit: 5000 Remaining: 4886 Reset hour: 19:17:28
04:59:07.941 [main] INFO  f.i.s.r.p.i.ProjectInspector - ----------------------------------------------------------------------
04:59:07.941 [main] INFO  f.i.s.r.p.i.ProjectInspector - PIPELINE EXECUTION SUMMARY
04:59:07.941 [main] INFO  f.i.s.r.p.i.ProjectInspector - ----------------------------------------------------------------------
04:59:07.941 [main] INFO  f.i.s.r.p.i.ProjectInspector - CloneRepository.......................................SUCCESS [ 61 s ]
04:59:07.942 [main] INFO  f.i.s.r.p.i.ProjectInspector - CheckoutBuggyBuildCandidate...........................FAILURE [  7 s ]
04:59:07.942 [main] INFO  f.i.s.r.p.i.ProjectInspector - ComputeSourceDir......................................NOT RUN         
04:59:07.942 [main] INFO  f.i.s.r.p.i.ProjectInspector - ComputeTestDir........................................NOT RUN         
04:59:07.942 [main] INFO  f.i.s.r.p.i.ProjectInspector - BuildProjectBuggyBuildCandidate.......................NOT RUN         
04:59:07.942 [main] INFO  f.i.s.r.p.i.ProjectInspector - TestProjectBuggyBuildCandidate........................NOT RUN         
04:59:07.942 [main] INFO  f.i.s.r.p.i.ProjectInspector - GatherTestInformationBuggyBuildCandidate..............NOT RUN         
04:59:07.942 [main] INFO  f.i.s.r.p.i.ProjectInspector - InitRepoToPush........................................NOT RUN         
04:59:07.943 [main] INFO  f.i.s.r.p.i.ProjectInspector - ComputeClasspath......................................NOT RUN         
04:59:07.943 [main] INFO  f.i.s.r.p.i.ProjectInspector - ComputeModules........................................NOT RUN         
04:59:07.943 [main] INFO  f.i.s.r.p.i.ProjectInspector - CheckoutPatchedBuildCandidate.........................NOT RUN         
04:59:07.943 [main] INFO  f.i.s.r.p.i.ProjectInspector - BuildProjectPatchedBuildCandidate.....................NOT RUN         
04:59:07.943 [main] INFO  f.i.s.r.p.i.ProjectInspector - TestProjectPatchedBuildCandidate......................NOT RUN         
04:59:07.943 [main] INFO  f.i.s.r.p.i.ProjectInspector - GatherTestInformationPatchedBuildCandidate............NOT RUN         
04:59:07.944 [main] INFO  f.i.s.r.p.i.ProjectInspector - CommitPatch...........................................NOT RUN         
04:59:07.944 [main] INFO  f.i.s.r.p.i.ProjectInspector - WritePropertyFile.....................................NOT RUN         
04:59:07.944 [main] INFO  f.i.s.r.p.i.ProjectInspector - CommitProcessEnd......................................NOT RUN         
04:59:07.944 [main] INFO  f.i.s.r.p.i.ProjectInspector - PushProcessEnd........................................NOT RUN         
04:59:07.944 [main] INFO  f.i.s.r.p.i.ProjectInspector - ----------------------------------------------------------------------
04:59:07.944 [main] INFO  f.i.s.r.p.i.ProjectInspector - PIPELINE FINDING: BUILDNOTCHECKEDOUT
04:59:07.945 [main] INFO  f.i.s.r.p.i.ProjectInspector - ----------------------------------------------------------------------
04:59:07.945 [main] INFO  f.i.s.repairnator.pipeline.Launcher - Inspector is finished. The process will exit now.
