08:33:44.442 [main] INFO  f.i.s.repairnator.pipeline.Launcher - PIPELINE VERSION: 3.0-2018-08-09 19:04
08:33:44.616 [main] INFO  f.i.s.repairnator.pipeline.Launcher - The pipeline will try to reproduce a bug from build 329260943 and its corresponding patch from build 329291842
08:33:44.617 [main] INFO  f.i.s.repairnator.pipeline.Launcher - Initialize file serializer engines.
08:33:44.619 [main] INFO  f.i.s.repairnator.pipeline.Launcher - MongoDB won't be used for serialization.
08:33:44.620 [main] INFO  f.i.s.repairnator.pipeline.Launcher - The email notifier engine won't be used.
08:33:44.624 [main] INFO  f.i.s.repairnator.pipeline.Launcher - Start by getting the build (buildId: 329260943) with the following config: RepairnatorConfig{runId='a7a5945f-cafe-4f3e-93ac-cda95067199f_01-18-week3-FAILING_AND_PASSING', launcherMode=BEARS, serializeJson=true, inputPath='null', outputPath='/var/log', mongodbHost='null', mongodbName='repairnator', smtpServer='null', notifyTo=[], notifyEndProcess=false, push=true, pushRemoteRepo='https://github.com/fermadeiral/bears-collection-fp', fork=false, lookFromDate=null, lookToDate=null, buildId=329260943, z3solverPath='./z3_for_linux', workspacePath='./workspace', githubToken='c8a341a903[...]', dockerImageName='null', skipDelete=false, createOutputDir=false, logDirectory='null', nbThreads=0, globalTimeout=0, whiteList=null, blackList=null, jobSleepTime=0, buildSleepTime=0, maxInspectedBuilds=0, duration=null, humanPatch=false, repository='null', clean=true, bearsMode=BOTH, bearsDelimiter = false, repairTools=NopolAllTests,NPEFix,AssertFixer,AstorJGenProg,AstorJKali,NopolSingleTest,AstorJMut,NopolTestExclusionStrategy, githubUserName= fermadeiral, githubUserEmail=fer.madeiral@gmail.com}
08:33:46.168 [main] DEBUG fr.inria.jtravis.helpers.BuildHelper - Get request to :https://api.travis-ci.org/build/329260943 done after 871 ms
08:33:46.465 [main] DEBUG fr.inria.jtravis.helpers.BuildHelper - Get request to :https://api.travis-ci.org/build/329291842 done after 140 ms
08:33:46.491 [main] INFO  f.i.s.repairnator.pipeline.Launcher - The patched build (329291842) was successfully retrieved from Travis.
08:33:47.851 [main] INFO  fr.inria.jtravis.JTravis - GitHub ratelimit: Limit: 5000 Remaining: 4737 Reset hour: 19:17:41
08:33:48.146 [main] INFO  f.i.s.r.p.i.ProjectInspector - ----------------------------------------------------------------------
08:33:48.147 [main] INFO  f.i.s.r.p.i.ProjectInspector - PIPELINE STEPS
08:33:48.147 [main] INFO  f.i.s.r.p.i.ProjectInspector - ----------------------------------------------------------------------
08:33:48.147 [main] INFO  f.i.s.r.p.i.ProjectInspector - CloneRepository
08:33:48.147 [main] INFO  f.i.s.r.p.i.ProjectInspector - CheckoutBuggyBuildCandidate
08:33:48.147 [main] INFO  f.i.s.r.p.i.ProjectInspector - ComputeSourceDir
08:33:48.147 [main] INFO  f.i.s.r.p.i.ProjectInspector - ComputeTestDir
08:33:48.148 [main] INFO  f.i.s.r.p.i.ProjectInspector - BuildProjectBuggyBuildCandidate
08:33:48.148 [main] INFO  f.i.s.r.p.i.ProjectInspector - TestProjectBuggyBuildCandidate
08:33:48.148 [main] INFO  f.i.s.r.p.i.ProjectInspector - GatherTestInformationBuggyBuildCandidate
08:33:48.149 [main] INFO  f.i.s.r.p.i.ProjectInspector - InitRepoToPush
08:33:48.149 [main] INFO  f.i.s.r.p.i.ProjectInspector - ComputeClasspath
08:33:48.149 [main] INFO  f.i.s.r.p.i.ProjectInspector - ComputeModules
08:33:48.149 [main] INFO  f.i.s.r.p.i.ProjectInspector - CheckoutPatchedBuildCandidate
08:33:48.150 [main] INFO  f.i.s.r.p.i.ProjectInspector - BuildProjectPatchedBuildCandidate
08:33:48.150 [main] INFO  f.i.s.r.p.i.ProjectInspector - TestProjectPatchedBuildCandidate
08:33:48.150 [main] INFO  f.i.s.r.p.i.ProjectInspector - GatherTestInformationPatchedBuildCandidate
08:33:48.150 [main] INFO  f.i.s.r.p.i.ProjectInspector - CommitPatch
08:33:48.151 [main] INFO  f.i.s.r.p.i.ProjectInspector - WritePropertyFile
08:33:48.151 [main] INFO  f.i.s.r.p.i.ProjectInspector - CommitProcessEnd
08:33:48.151 [main] INFO  f.i.s.r.p.i.ProjectInspector - PushProcessEnd
08:33:48.152 [main] DEBUG f.i.s.r.process.step.CloneRepository - ----------------------------------------------------------------------
08:33:48.152 [main] DEBUG f.i.s.r.process.step.CloneRepository - STEP 1/18: CloneRepository
08:33:48.152 [main] DEBUG f.i.s.r.process.step.CloneRepository - ----------------------------------------------------------------------
08:33:48.153 [main] DEBUG f.i.s.r.process.step.CloneRepository - Cloning repository runelite/runelite in the following directory: ./workspace/runelite/runelite/329260943
08:33:58.692 [main] DEBUG f.i.s.r.process.step.CloneRepository - STEP STATUS: [ CloneRepository : SUCCESS ]
08:33:58.692 [main] DEBUG f.i.s.r.process.step.CloneRepository - STEP DURATION: 10s
08:33:58.693 [main] DEBUG f.i.s.r.process.step.CloneRepository - EXECUTE NEXT STEP
08:33:58.693 [main] DEBUG f.i.s.r.p.s.c.CheckoutBuggyBuild - ----------------------------------------------------------------------
08:33:58.693 [main] DEBUG f.i.s.r.p.s.c.CheckoutBuggyBuild - STEP 2/18: CheckoutBuggyBuildCandidate
08:33:58.693 [main] DEBUG f.i.s.r.p.s.c.CheckoutBuggyBuild - ----------------------------------------------------------------------
08:33:58.694 [main] DEBUG f.i.s.r.p.s.c.CheckoutBuggyBuild - Checking out buggy build candidate...
08:33:59.025 [main] INFO  fr.inria.jtravis.JTravis - GitHub ratelimit: Limit: 5000 Remaining: 4735 Reset hour: 19:17:41
08:34:00.760 [main] DEBUG f.i.s.r.p.s.c.CheckoutBuggyBuild - Reproduce the PR for runelite/runelite by fetching remote branch and merging.
08:34:25.724 [main] ERROR f.i.s.r.p.s.c.CheckoutBuggyBuild - Error while testing commit: org.eclipse.jgit.errors.MissingObjectException: Missing unknown d799077bd6e8d6d0391fe2061eb4990c79fd1913
08:34:25.725 [main] ERROR f.i.s.r.p.s.c.CheckoutBuggyBuild - Commit head ref cannot be retrieved from the repository: d799077bd6e8d6d0391fe2061eb4990c79fd1913. Operation aborted.
08:34:25.725 [main] ERROR f.i.s.r.p.s.c.CheckoutBuggyBuild - Error while merging two commits to reproduce the PR.
08:34:25.730 [main] DEBUG f.i.s.r.p.s.c.CheckoutBuggyBuild - STEP STATUS: [ CheckoutBuggyBuildCandidate : FAILURE ( BUILDNOTCHECKEDOUT ) ]
08:34:25.730 [main] DEBUG f.i.s.r.p.s.c.CheckoutBuggyBuild - STEP DURATION: 27s
08:34:25.731 [main] DEBUG f.i.s.r.p.s.c.CheckoutBuggyBuild - TERMINATE PIPELINE
08:34:25.731 [main] DEBUG f.i.s.r.p.s.c.CheckoutBuggyBuild - FINAL STEPS SKIPPED: The reproduction of the bug and/or the patch failed.
08:34:25.731 [main] INFO  f.i.s.r.p.s.c.CheckoutBuggyBuild - Serialize all data for the pair of builds 329260943, 329291842
08:34:26.069 [main] INFO  fr.inria.jtravis.JTravis - GitHub ratelimit: Limit: 5000 Remaining: 4718 Reset hour: 19:17:41
08:34:26.783 [main] INFO  f.i.s.r.p.i.ProjectInspector - ----------------------------------------------------------------------
08:34:26.783 [main] INFO  f.i.s.r.p.i.ProjectInspector - PIPELINE EXECUTION SUMMARY
08:34:26.783 [main] INFO  f.i.s.r.p.i.ProjectInspector - ----------------------------------------------------------------------
08:34:26.784 [main] INFO  f.i.s.r.p.i.ProjectInspector - CloneRepository.......................................SUCCESS [ 10 s ]
08:34:26.784 [main] INFO  f.i.s.r.p.i.ProjectInspector - CheckoutBuggyBuildCandidate...........................FAILURE [ 27 s ]
08:34:26.784 [main] INFO  f.i.s.r.p.i.ProjectInspector - ComputeSourceDir......................................NOT RUN         
08:34:26.785 [main] INFO  f.i.s.r.p.i.ProjectInspector - ComputeTestDir........................................NOT RUN         
08:34:26.785 [main] INFO  f.i.s.r.p.i.ProjectInspector - BuildProjectBuggyBuildCandidate.......................NOT RUN         
08:34:26.785 [main] INFO  f.i.s.r.p.i.ProjectInspector - TestProjectBuggyBuildCandidate........................NOT RUN         
08:34:26.785 [main] INFO  f.i.s.r.p.i.ProjectInspector - GatherTestInformationBuggyBuildCandidate..............NOT RUN         
08:34:26.786 [main] INFO  f.i.s.r.p.i.ProjectInspector - InitRepoToPush........................................NOT RUN         
08:34:26.787 [main] INFO  f.i.s.r.p.i.ProjectInspector - ComputeClasspath......................................NOT RUN         
08:34:26.787 [main] INFO  f.i.s.r.p.i.ProjectInspector - ComputeModules........................................NOT RUN         
08:34:26.788 [main] INFO  f.i.s.r.p.i.ProjectInspector - CheckoutPatchedBuildCandidate.........................NOT RUN         
08:34:26.788 [main] INFO  f.i.s.r.p.i.ProjectInspector - BuildProjectPatchedBuildCandidate.....................NOT RUN         
08:34:26.788 [main] INFO  f.i.s.r.p.i.ProjectInspector - TestProjectPatchedBuildCandidate......................NOT RUN         
08:34:26.788 [main] INFO  f.i.s.r.p.i.ProjectInspector - GatherTestInformationPatchedBuildCandidate............NOT RUN         
08:34:26.789 [main] INFO  f.i.s.r.p.i.ProjectInspector - CommitPatch...........................................NOT RUN         
08:34:26.789 [main] INFO  f.i.s.r.p.i.ProjectInspector - WritePropertyFile.....................................NOT RUN         
08:34:26.789 [main] INFO  f.i.s.r.p.i.ProjectInspector - CommitProcessEnd......................................NOT RUN         
08:34:26.789 [main] INFO  f.i.s.r.p.i.ProjectInspector - PushProcessEnd........................................NOT RUN         
08:34:26.790 [main] INFO  f.i.s.r.p.i.ProjectInspector - ----------------------------------------------------------------------
08:34:26.790 [main] INFO  f.i.s.r.p.i.ProjectInspector - PIPELINE FINDING: BUILDNOTCHECKEDOUT
08:34:26.790 [main] INFO  f.i.s.r.p.i.ProjectInspector - ----------------------------------------------------------------------
08:34:26.790 [main] INFO  f.i.s.repairnator.pipeline.Launcher - Inspector is finished. The process will exit now.
