04:12:05.647 [main] INFO  f.i.s.repairnator.pipeline.Launcher - PIPELINE VERSION: 3.0-2018-08-09 19:04
04:12:05.811 [main] INFO  f.i.s.repairnator.pipeline.Launcher - The pipeline will try to reproduce a bug from build 329904895 and its corresponding patch from build 331201745
04:12:05.811 [main] INFO  f.i.s.repairnator.pipeline.Launcher - Initialize file serializer engines.
04:12:05.814 [main] INFO  f.i.s.repairnator.pipeline.Launcher - MongoDB won't be used for serialization.
04:12:05.818 [main] INFO  f.i.s.repairnator.pipeline.Launcher - The email notifier engine won't be used.
04:12:05.822 [main] INFO  f.i.s.repairnator.pipeline.Launcher - Start by getting the build (buildId: 329904895) with the following config: RepairnatorConfig{runId='a7a5945f-cafe-4f3e-93ac-cda95067199f_01-18-week3-FAILING_AND_PASSING', launcherMode=BEARS, serializeJson=true, inputPath='null', outputPath='/var/log', mongodbHost='null', mongodbName='repairnator', smtpServer='null', notifyTo=[], notifyEndProcess=false, push=true, pushRemoteRepo='https://github.com/fermadeiral/bears-collection-fp', fork=false, lookFromDate=null, lookToDate=null, buildId=329904895, z3solverPath='./z3_for_linux', workspacePath='./workspace', githubToken='c8a341a903[...]', dockerImageName='null', skipDelete=false, createOutputDir=false, logDirectory='null', nbThreads=0, globalTimeout=0, whiteList=null, blackList=null, jobSleepTime=0, buildSleepTime=0, maxInspectedBuilds=0, duration=null, humanPatch=false, repository='null', clean=true, bearsMode=BOTH, bearsDelimiter = false, repairTools=NopolAllTests,NPEFix,AssertFixer,AstorJGenProg,AstorJKali,NopolSingleTest,AstorJMut,NopolTestExclusionStrategy, githubUserName= fermadeiral, githubUserEmail=fer.madeiral@gmail.com}
04:12:07.297 [main] DEBUG fr.inria.jtravis.helpers.BuildHelper - Get request to :https://api.travis-ci.org/build/329904895 done after 872 ms
04:12:07.593 [main] DEBUG fr.inria.jtravis.helpers.BuildHelper - Get request to :https://api.travis-ci.org/build/331201745 done after 141 ms
04:12:07.616 [main] INFO  f.i.s.repairnator.pipeline.Launcher - The patched build (331201745) was successfully retrieved from Travis.
04:12:08.957 [main] INFO  fr.inria.jtravis.JTravis - GitHub ratelimit: Limit: 5000 Remaining: 4995 Reset hour: 19:17:28
04:12:09.264 [main] INFO  f.i.s.r.p.i.ProjectInspector - ----------------------------------------------------------------------
04:12:09.265 [main] INFO  f.i.s.r.p.i.ProjectInspector - PIPELINE STEPS
04:12:09.265 [main] INFO  f.i.s.r.p.i.ProjectInspector - ----------------------------------------------------------------------
04:12:09.266 [main] INFO  f.i.s.r.p.i.ProjectInspector - CloneRepository
04:12:09.266 [main] INFO  f.i.s.r.p.i.ProjectInspector - CheckoutBuggyBuildCandidate
04:12:09.266 [main] INFO  f.i.s.r.p.i.ProjectInspector - ComputeSourceDir
04:12:09.267 [main] INFO  f.i.s.r.p.i.ProjectInspector - ComputeTestDir
04:12:09.267 [main] INFO  f.i.s.r.p.i.ProjectInspector - BuildProjectBuggyBuildCandidate
04:12:09.267 [main] INFO  f.i.s.r.p.i.ProjectInspector - TestProjectBuggyBuildCandidate
04:12:09.267 [main] INFO  f.i.s.r.p.i.ProjectInspector - GatherTestInformationBuggyBuildCandidate
04:12:09.268 [main] INFO  f.i.s.r.p.i.ProjectInspector - InitRepoToPush
04:12:09.268 [main] INFO  f.i.s.r.p.i.ProjectInspector - ComputeClasspath
04:12:09.268 [main] INFO  f.i.s.r.p.i.ProjectInspector - ComputeModules
04:12:09.268 [main] INFO  f.i.s.r.p.i.ProjectInspector - CheckoutPatchedBuildCandidate
04:12:09.269 [main] INFO  f.i.s.r.p.i.ProjectInspector - BuildProjectPatchedBuildCandidate
04:12:09.269 [main] INFO  f.i.s.r.p.i.ProjectInspector - TestProjectPatchedBuildCandidate
04:12:09.269 [main] INFO  f.i.s.r.p.i.ProjectInspector - GatherTestInformationPatchedBuildCandidate
04:12:09.269 [main] INFO  f.i.s.r.p.i.ProjectInspector - CommitPatch
04:12:09.270 [main] INFO  f.i.s.r.p.i.ProjectInspector - WritePropertyFile
04:12:09.271 [main] INFO  f.i.s.r.p.i.ProjectInspector - CommitProcessEnd
04:12:09.271 [main] INFO  f.i.s.r.p.i.ProjectInspector - PushProcessEnd
04:12:09.272 [main] DEBUG f.i.s.r.process.step.CloneRepository - ----------------------------------------------------------------------
04:12:09.272 [main] DEBUG f.i.s.r.process.step.CloneRepository - STEP 1/18: CloneRepository
04:12:09.272 [main] DEBUG f.i.s.r.process.step.CloneRepository - ----------------------------------------------------------------------
04:12:09.273 [main] DEBUG f.i.s.r.process.step.CloneRepository - Cloning repository apache/flink in the following directory: ./workspace/apache/flink/329904895
04:13:23.362 [main] DEBUG f.i.s.r.process.step.CloneRepository - STEP STATUS: [ CloneRepository : SUCCESS ]
04:13:23.362 [main] DEBUG f.i.s.r.process.step.CloneRepository - STEP DURATION: 74s
04:13:23.363 [main] DEBUG f.i.s.r.process.step.CloneRepository - EXECUTE NEXT STEP
04:13:23.363 [main] DEBUG f.i.s.r.p.s.c.CheckoutBuggyBuild - ----------------------------------------------------------------------
04:13:23.363 [main] DEBUG f.i.s.r.p.s.c.CheckoutBuggyBuild - STEP 2/18: CheckoutBuggyBuildCandidate
04:13:23.363 [main] DEBUG f.i.s.r.p.s.c.CheckoutBuggyBuild - ----------------------------------------------------------------------
04:13:23.363 [main] DEBUG f.i.s.r.p.s.c.CheckoutBuggyBuild - Checking out buggy build candidate...
04:13:23.716 [main] INFO  fr.inria.jtravis.JTravis - GitHub ratelimit: Limit: 5000 Remaining: 4983 Reset hour: 19:17:28
04:13:26.890 [main] DEBUG f.i.s.r.p.s.c.CheckoutBuggyBuild - Reproduce the PR for apache/flink by fetching remote branch and merging.
04:13:31.479 [main] ERROR f.i.s.r.p.s.c.CheckoutBuggyBuild - Error while testing commit: org.eclipse.jgit.errors.MissingObjectException: Missing unknown 956a956608701fada55b56c69e675555fee6a45b
04:13:31.480 [main] ERROR f.i.s.r.p.s.c.CheckoutBuggyBuild - Commit head ref cannot be retrieved from the repository: 956a956608701fada55b56c69e675555fee6a45b. Operation aborted.
04:13:31.481 [main] ERROR f.i.s.r.p.s.c.CheckoutBuggyBuild - Error while merging two commits to reproduce the PR.
04:13:31.482 [main] DEBUG f.i.s.r.p.s.c.CheckoutBuggyBuild - STEP STATUS: [ CheckoutBuggyBuildCandidate : FAILURE ( BUILDNOTCHECKEDOUT ) ]
04:13:31.482 [main] DEBUG f.i.s.r.p.s.c.CheckoutBuggyBuild - STEP DURATION: 8s
04:13:31.483 [main] DEBUG f.i.s.r.p.s.c.CheckoutBuggyBuild - TERMINATE PIPELINE
04:13:31.483 [main] DEBUG f.i.s.r.p.s.c.CheckoutBuggyBuild - FINAL STEPS SKIPPED: The reproduction of the bug and/or the patch failed.
04:13:31.483 [main] INFO  f.i.s.r.p.s.c.CheckoutBuggyBuild - Serialize all data for the pair of builds 329904895, 331201745
04:13:31.801 [main] INFO  fr.inria.jtravis.JTravis - GitHub ratelimit: Limit: 5000 Remaining: 4974 Reset hour: 19:17:28
04:13:33.480 [main] INFO  f.i.s.r.p.i.ProjectInspector - ----------------------------------------------------------------------
04:13:33.480 [main] INFO  f.i.s.r.p.i.ProjectInspector - PIPELINE EXECUTION SUMMARY
04:13:33.480 [main] INFO  f.i.s.r.p.i.ProjectInspector - ----------------------------------------------------------------------
04:13:33.480 [main] INFO  f.i.s.r.p.i.ProjectInspector - CloneRepository.......................................SUCCESS [ 74 s ]
04:13:33.481 [main] INFO  f.i.s.r.p.i.ProjectInspector - CheckoutBuggyBuildCandidate...........................FAILURE [  8 s ]
04:13:33.481 [main] INFO  f.i.s.r.p.i.ProjectInspector - ComputeSourceDir......................................NOT RUN         
04:13:33.481 [main] INFO  f.i.s.r.p.i.ProjectInspector - ComputeTestDir........................................NOT RUN         
04:13:33.481 [main] INFO  f.i.s.r.p.i.ProjectInspector - BuildProjectBuggyBuildCandidate.......................NOT RUN         
04:13:33.481 [main] INFO  f.i.s.r.p.i.ProjectInspector - TestProjectBuggyBuildCandidate........................NOT RUN         
04:13:33.481 [main] INFO  f.i.s.r.p.i.ProjectInspector - GatherTestInformationBuggyBuildCandidate..............NOT RUN         
04:13:33.482 [main] INFO  f.i.s.r.p.i.ProjectInspector - InitRepoToPush........................................NOT RUN         
04:13:33.494 [main] INFO  f.i.s.r.p.i.ProjectInspector - ComputeClasspath......................................NOT RUN         
04:13:33.494 [main] INFO  f.i.s.r.p.i.ProjectInspector - ComputeModules........................................NOT RUN         
04:13:33.494 [main] INFO  f.i.s.r.p.i.ProjectInspector - CheckoutPatchedBuildCandidate.........................NOT RUN         
04:13:33.495 [main] INFO  f.i.s.r.p.i.ProjectInspector - BuildProjectPatchedBuildCandidate.....................NOT RUN         
04:13:33.495 [main] INFO  f.i.s.r.p.i.ProjectInspector - TestProjectPatchedBuildCandidate......................NOT RUN         
04:13:33.495 [main] INFO  f.i.s.r.p.i.ProjectInspector - GatherTestInformationPatchedBuildCandidate............NOT RUN         
04:13:33.495 [main] INFO  f.i.s.r.p.i.ProjectInspector - CommitPatch...........................................NOT RUN         
04:13:33.495 [main] INFO  f.i.s.r.p.i.ProjectInspector - WritePropertyFile.....................................NOT RUN         
04:13:33.495 [main] INFO  f.i.s.r.p.i.ProjectInspector - CommitProcessEnd......................................NOT RUN         
04:13:33.495 [main] INFO  f.i.s.r.p.i.ProjectInspector - PushProcessEnd........................................NOT RUN         
04:13:33.495 [main] INFO  f.i.s.r.p.i.ProjectInspector - ----------------------------------------------------------------------
04:13:33.495 [main] INFO  f.i.s.r.p.i.ProjectInspector - PIPELINE FINDING: BUILDNOTCHECKEDOUT
04:13:33.496 [main] INFO  f.i.s.r.p.i.ProjectInspector - ----------------------------------------------------------------------
04:13:33.496 [main] INFO  f.i.s.repairnator.pipeline.Launcher - Inspector is finished. The process will exit now.
