09:22:22.800 [main] INFO  f.i.s.repairnator.pipeline.Launcher - PIPELINE VERSION: 3.0-2018-08-09 19:04
09:22:22.975 [main] INFO  f.i.s.repairnator.pipeline.Launcher - The pipeline will try to reproduce a bug from build 329843098 and its corresponding patch from build 329844458
09:22:22.976 [main] INFO  f.i.s.repairnator.pipeline.Launcher - Initialize file serializer engines.
09:22:22.979 [main] INFO  f.i.s.repairnator.pipeline.Launcher - MongoDB won't be used for serialization.
09:22:22.980 [main] INFO  f.i.s.repairnator.pipeline.Launcher - The email notifier engine won't be used.
09:22:22.984 [main] INFO  f.i.s.repairnator.pipeline.Launcher - Start by getting the build (buildId: 329843098) with the following config: RepairnatorConfig{runId='a7a5945f-cafe-4f3e-93ac-cda95067199f_01-18-week3-FAILING_AND_PASSING', launcherMode=BEARS, serializeJson=true, inputPath='null', outputPath='/var/log', mongodbHost='null', mongodbName='repairnator', smtpServer='null', notifyTo=[], notifyEndProcess=false, push=true, pushRemoteRepo='https://github.com/fermadeiral/bears-collection-fp', fork=false, lookFromDate=null, lookToDate=null, buildId=329843098, z3solverPath='./z3_for_linux', workspacePath='./workspace', githubToken='c8a341a903[...]', dockerImageName='null', skipDelete=false, createOutputDir=false, logDirectory='null', nbThreads=0, globalTimeout=0, whiteList=null, blackList=null, jobSleepTime=0, buildSleepTime=0, maxInspectedBuilds=0, duration=null, humanPatch=false, repository='null', clean=true, bearsMode=BOTH, bearsDelimiter = false, repairTools=NopolAllTests,NPEFix,AssertFixer,AstorJGenProg,AstorJKali,NopolSingleTest,AstorJMut,NopolTestExclusionStrategy, githubUserName= fermadeiral, githubUserEmail=fer.madeiral@gmail.com}
09:22:24.191 [main] DEBUG fr.inria.jtravis.helpers.BuildHelper - Get request to :https://api.travis-ci.org/build/329843098 done after 780 ms
09:22:24.460 [main] DEBUG fr.inria.jtravis.helpers.BuildHelper - Get request to :https://api.travis-ci.org/build/329844458 done after 149 ms
09:22:24.470 [main] INFO  f.i.s.repairnator.pipeline.Launcher - The patched build (329844458) was successfully retrieved from Travis.
09:22:25.941 [main] INFO  fr.inria.jtravis.JTravis - GitHub ratelimit: Limit: 5000 Remaining: 4895 Reset hour: 19:17:45
09:22:26.279 [main] INFO  f.i.s.r.p.i.ProjectInspector - ----------------------------------------------------------------------
09:22:26.280 [main] INFO  f.i.s.r.p.i.ProjectInspector - PIPELINE STEPS
09:22:26.280 [main] INFO  f.i.s.r.p.i.ProjectInspector - ----------------------------------------------------------------------
09:22:26.280 [main] INFO  f.i.s.r.p.i.ProjectInspector - CloneRepository
09:22:26.280 [main] INFO  f.i.s.r.p.i.ProjectInspector - CheckoutBuggyBuildCandidate
09:22:26.280 [main] INFO  f.i.s.r.p.i.ProjectInspector - ComputeSourceDir
09:22:26.281 [main] INFO  f.i.s.r.p.i.ProjectInspector - ComputeTestDir
09:22:26.281 [main] INFO  f.i.s.r.p.i.ProjectInspector - BuildProjectBuggyBuildCandidate
09:22:26.281 [main] INFO  f.i.s.r.p.i.ProjectInspector - TestProjectBuggyBuildCandidate
09:22:26.281 [main] INFO  f.i.s.r.p.i.ProjectInspector - GatherTestInformationBuggyBuildCandidate
09:22:26.282 [main] INFO  f.i.s.r.p.i.ProjectInspector - InitRepoToPush
09:22:26.282 [main] INFO  f.i.s.r.p.i.ProjectInspector - ComputeClasspath
09:22:26.282 [main] INFO  f.i.s.r.p.i.ProjectInspector - ComputeModules
09:22:26.282 [main] INFO  f.i.s.r.p.i.ProjectInspector - CheckoutPatchedBuildCandidate
09:22:26.283 [main] INFO  f.i.s.r.p.i.ProjectInspector - BuildProjectPatchedBuildCandidate
09:22:26.283 [main] INFO  f.i.s.r.p.i.ProjectInspector - TestProjectPatchedBuildCandidate
09:22:26.283 [main] INFO  f.i.s.r.p.i.ProjectInspector - GatherTestInformationPatchedBuildCandidate
09:22:26.283 [main] INFO  f.i.s.r.p.i.ProjectInspector - CommitPatch
09:22:26.283 [main] INFO  f.i.s.r.p.i.ProjectInspector - WritePropertyFile
09:22:26.284 [main] INFO  f.i.s.r.p.i.ProjectInspector - CommitProcessEnd
09:22:26.284 [main] INFO  f.i.s.r.p.i.ProjectInspector - PushProcessEnd
09:22:26.284 [main] DEBUG f.i.s.r.process.step.CloneRepository - ----------------------------------------------------------------------
09:22:26.285 [main] DEBUG f.i.s.r.process.step.CloneRepository - STEP 1/18: CloneRepository
09:22:26.285 [main] DEBUG f.i.s.r.process.step.CloneRepository - ----------------------------------------------------------------------
09:22:26.286 [main] DEBUG f.i.s.r.process.step.CloneRepository - Cloning repository molgenis/molgenis in the following directory: ./workspace/molgenis/molgenis/329843098
09:23:10.240 [main] DEBUG f.i.s.r.process.step.CloneRepository - STEP STATUS: [ CloneRepository : SUCCESS ]
09:23:10.241 [main] DEBUG f.i.s.r.process.step.CloneRepository - STEP DURATION: 43s
09:23:10.241 [main] DEBUG f.i.s.r.process.step.CloneRepository - EXECUTE NEXT STEP
09:23:10.242 [main] DEBUG f.i.s.r.p.s.c.CheckoutBuggyBuild - ----------------------------------------------------------------------
09:23:10.251 [main] DEBUG f.i.s.r.p.s.c.CheckoutBuggyBuild - STEP 2/18: CheckoutBuggyBuildCandidate
09:23:10.266 [main] DEBUG f.i.s.r.p.s.c.CheckoutBuggyBuild - ----------------------------------------------------------------------
09:23:10.266 [main] DEBUG f.i.s.r.p.s.c.CheckoutBuggyBuild - Checking out buggy build candidate...
09:23:10.605 [main] INFO  fr.inria.jtravis.JTravis - GitHub ratelimit: Limit: 5000 Remaining: 4894 Reset hour: 19:17:45
09:23:12.597 [main] DEBUG f.i.s.r.p.s.c.CheckoutBuggyBuild - Reproduce the PR for molgenis/molgenis by fetching remote branch and merging.
09:23:22.663 [main] ERROR f.i.s.r.p.s.c.CheckoutBuggyBuild - Error while testing commit: org.eclipse.jgit.errors.MissingObjectException: Missing unknown 87a252e5e3ddfa660898b000caf31a29a380266a
09:23:22.664 [main] ERROR f.i.s.r.p.s.c.CheckoutBuggyBuild - Commit head ref cannot be retrieved from the repository: 87a252e5e3ddfa660898b000caf31a29a380266a. Operation aborted.
09:23:22.664 [main] ERROR f.i.s.r.p.s.c.CheckoutBuggyBuild - Error while merging two commits to reproduce the PR.
09:23:22.665 [main] DEBUG f.i.s.r.p.s.c.CheckoutBuggyBuild - STEP STATUS: [ CheckoutBuggyBuildCandidate : FAILURE ( BUILDNOTCHECKEDOUT ) ]
09:23:22.670 [main] DEBUG f.i.s.r.p.s.c.CheckoutBuggyBuild - STEP DURATION: 12s
09:23:22.670 [main] DEBUG f.i.s.r.p.s.c.CheckoutBuggyBuild - TERMINATE PIPELINE
09:23:22.670 [main] DEBUG f.i.s.r.p.s.c.CheckoutBuggyBuild - FINAL STEPS SKIPPED: The reproduction of the bug and/or the patch failed.
09:23:22.671 [main] INFO  f.i.s.r.p.s.c.CheckoutBuggyBuild - Serialize all data for the pair of builds 329843098, 329844458
09:23:23.011 [main] INFO  fr.inria.jtravis.JTravis - GitHub ratelimit: Limit: 5000 Remaining: 4887 Reset hour: 19:17:45
09:23:24.136 [main] INFO  f.i.s.r.p.i.ProjectInspector - ----------------------------------------------------------------------
09:23:24.136 [main] INFO  f.i.s.r.p.i.ProjectInspector - PIPELINE EXECUTION SUMMARY
09:23:24.136 [main] INFO  f.i.s.r.p.i.ProjectInspector - ----------------------------------------------------------------------
09:23:24.137 [main] INFO  f.i.s.r.p.i.ProjectInspector - CloneRepository.......................................SUCCESS [ 43 s ]
09:23:24.137 [main] INFO  f.i.s.r.p.i.ProjectInspector - CheckoutBuggyBuildCandidate...........................FAILURE [ 12 s ]
09:23:24.137 [main] INFO  f.i.s.r.p.i.ProjectInspector - ComputeSourceDir......................................NOT RUN         
09:23:24.137 [main] INFO  f.i.s.r.p.i.ProjectInspector - ComputeTestDir........................................NOT RUN         
09:23:24.137 [main] INFO  f.i.s.r.p.i.ProjectInspector - BuildProjectBuggyBuildCandidate.......................NOT RUN         
09:23:24.137 [main] INFO  f.i.s.r.p.i.ProjectInspector - TestProjectBuggyBuildCandidate........................NOT RUN         
09:23:24.138 [main] INFO  f.i.s.r.p.i.ProjectInspector - GatherTestInformationBuggyBuildCandidate..............NOT RUN         
09:23:24.138 [main] INFO  f.i.s.r.p.i.ProjectInspector - InitRepoToPush........................................NOT RUN         
09:23:24.138 [main] INFO  f.i.s.r.p.i.ProjectInspector - ComputeClasspath......................................NOT RUN         
09:23:24.138 [main] INFO  f.i.s.r.p.i.ProjectInspector - ComputeModules........................................NOT RUN         
09:23:24.138 [main] INFO  f.i.s.r.p.i.ProjectInspector - CheckoutPatchedBuildCandidate.........................NOT RUN         
09:23:24.139 [main] INFO  f.i.s.r.p.i.ProjectInspector - BuildProjectPatchedBuildCandidate.....................NOT RUN         
09:23:24.139 [main] INFO  f.i.s.r.p.i.ProjectInspector - TestProjectPatchedBuildCandidate......................NOT RUN         
09:23:24.139 [main] INFO  f.i.s.r.p.i.ProjectInspector - GatherTestInformationPatchedBuildCandidate............NOT RUN         
09:23:24.139 [main] INFO  f.i.s.r.p.i.ProjectInspector - CommitPatch...........................................NOT RUN         
09:23:24.139 [main] INFO  f.i.s.r.p.i.ProjectInspector - WritePropertyFile.....................................NOT RUN         
09:23:24.139 [main] INFO  f.i.s.r.p.i.ProjectInspector - CommitProcessEnd......................................NOT RUN         
09:23:24.139 [main] INFO  f.i.s.r.p.i.ProjectInspector - PushProcessEnd........................................NOT RUN         
09:23:24.140 [main] INFO  f.i.s.r.p.i.ProjectInspector - ----------------------------------------------------------------------
09:23:24.140 [main] INFO  f.i.s.r.p.i.ProjectInspector - PIPELINE FINDING: BUILDNOTCHECKEDOUT
09:23:24.140 [main] INFO  f.i.s.r.p.i.ProjectInspector - ----------------------------------------------------------------------
09:23:24.140 [main] INFO  f.i.s.repairnator.pipeline.Launcher - Inspector is finished. The process will exit now.
