09:50:16.069 [main] INFO  f.i.s.repairnator.pipeline.Launcher - PIPELINE VERSION: 3.0-2018-08-09 19:04
09:50:16.227 [main] INFO  f.i.s.repairnator.pipeline.Launcher - The pipeline will try to reproduce a bug from build 326005105 and its corresponding patch from build 326063146
09:50:16.228 [main] INFO  f.i.s.repairnator.pipeline.Launcher - Initialize file serializer engines.
09:50:16.231 [main] INFO  f.i.s.repairnator.pipeline.Launcher - MongoDB won't be used for serialization.
09:50:16.232 [main] INFO  f.i.s.repairnator.pipeline.Launcher - The email notifier engine won't be used.
09:50:16.236 [main] INFO  f.i.s.repairnator.pipeline.Launcher - Start by getting the build (buildId: 326005105) with the following config: RepairnatorConfig{runId='c504e580-3b8e-424b-917c-11249d52f820_01-18-week1-FAILING_AND_PASSING', launcherMode=BEARS, serializeJson=true, inputPath='null', outputPath='/var/log', mongodbHost='null', mongodbName='repairnator', smtpServer='null', notifyTo=[], notifyEndProcess=false, push=true, pushRemoteRepo='https://github.com/fermadeiral/bears-collection-fp', fork=false, lookFromDate=null, lookToDate=null, buildId=326005105, z3solverPath='./z3_for_linux', workspacePath='./workspace', githubToken='c8a341a903[...]', dockerImageName='null', skipDelete=false, createOutputDir=false, logDirectory='null', nbThreads=0, globalTimeout=0, whiteList=null, blackList=null, jobSleepTime=0, buildSleepTime=0, maxInspectedBuilds=0, duration=null, humanPatch=false, repository='null', clean=true, bearsMode=BOTH, bearsDelimiter = false, repairTools=NopolAllTests,NPEFix,AssertFixer,AstorJGenProg,AstorJKali,NopolSingleTest,AstorJMut,NopolTestExclusionStrategy, githubUserName= fermadeiral, githubUserEmail=fer.madeiral@gmail.com}
09:50:17.798 [main] DEBUG fr.inria.jtravis.helpers.BuildHelper - Get request to :https://api.travis-ci.org/build/326005105 done after 891 ms
09:50:18.073 [main] DEBUG fr.inria.jtravis.helpers.BuildHelper - Get request to :https://api.travis-ci.org/build/326063146 done after 134 ms
09:50:18.102 [main] INFO  f.i.s.repairnator.pipeline.Launcher - The patched build (326063146) was successfully retrieved from Travis.
09:50:19.476 [main] INFO  fr.inria.jtravis.JTravis - GitHub ratelimit: Limit: 5000 Remaining: 4805 Reset hour: 19:14:54
09:50:19.773 [main] INFO  f.i.s.r.p.i.ProjectInspector - ----------------------------------------------------------------------
09:50:19.774 [main] INFO  f.i.s.r.p.i.ProjectInspector - PIPELINE STEPS
09:50:19.774 [main] INFO  f.i.s.r.p.i.ProjectInspector - ----------------------------------------------------------------------
09:50:19.774 [main] INFO  f.i.s.r.p.i.ProjectInspector - CloneRepository
09:50:19.775 [main] INFO  f.i.s.r.p.i.ProjectInspector - CheckoutBuggyBuildCandidate
09:50:19.775 [main] INFO  f.i.s.r.p.i.ProjectInspector - ComputeSourceDir
09:50:19.775 [main] INFO  f.i.s.r.p.i.ProjectInspector - ComputeTestDir
09:50:19.775 [main] INFO  f.i.s.r.p.i.ProjectInspector - BuildProjectBuggyBuildCandidate
09:50:19.776 [main] INFO  f.i.s.r.p.i.ProjectInspector - TestProjectBuggyBuildCandidate
09:50:19.776 [main] INFO  f.i.s.r.p.i.ProjectInspector - GatherTestInformationBuggyBuildCandidate
09:50:19.776 [main] INFO  f.i.s.r.p.i.ProjectInspector - InitRepoToPush
09:50:19.776 [main] INFO  f.i.s.r.p.i.ProjectInspector - ComputeClasspath
09:50:19.776 [main] INFO  f.i.s.r.p.i.ProjectInspector - ComputeModules
09:50:19.777 [main] INFO  f.i.s.r.p.i.ProjectInspector - CheckoutPatchedBuildCandidate
09:50:19.777 [main] INFO  f.i.s.r.p.i.ProjectInspector - BuildProjectPatchedBuildCandidate
09:50:19.777 [main] INFO  f.i.s.r.p.i.ProjectInspector - TestProjectPatchedBuildCandidate
09:50:19.777 [main] INFO  f.i.s.r.p.i.ProjectInspector - GatherTestInformationPatchedBuildCandidate
09:50:19.777 [main] INFO  f.i.s.r.p.i.ProjectInspector - CommitPatch
09:50:19.778 [main] INFO  f.i.s.r.p.i.ProjectInspector - WritePropertyFile
09:50:19.778 [main] INFO  f.i.s.r.p.i.ProjectInspector - CommitProcessEnd
09:50:19.778 [main] INFO  f.i.s.r.p.i.ProjectInspector - PushProcessEnd
09:50:19.779 [main] DEBUG f.i.s.r.process.step.CloneRepository - ----------------------------------------------------------------------
09:50:19.779 [main] DEBUG f.i.s.r.process.step.CloneRepository - STEP 1/18: CloneRepository
09:50:19.779 [main] DEBUG f.i.s.r.process.step.CloneRepository - ----------------------------------------------------------------------
09:50:19.780 [main] DEBUG f.i.s.r.process.step.CloneRepository - Cloning repository swagger-api/swagger-codegen in the following directory: ./workspace/swagger-api/swagger-codegen/326005105
09:50:56.524 [main] DEBUG f.i.s.r.process.step.CloneRepository - STEP STATUS: [ CloneRepository : SUCCESS ]
09:50:56.525 [main] DEBUG f.i.s.r.process.step.CloneRepository - STEP DURATION: 36s
09:50:56.525 [main] DEBUG f.i.s.r.process.step.CloneRepository - EXECUTE NEXT STEP
09:50:56.525 [main] DEBUG f.i.s.r.p.s.c.CheckoutBuggyBuild - ----------------------------------------------------------------------
09:50:56.525 [main] DEBUG f.i.s.r.p.s.c.CheckoutBuggyBuild - STEP 2/18: CheckoutBuggyBuildCandidate
09:50:56.525 [main] DEBUG f.i.s.r.p.s.c.CheckoutBuggyBuild - ----------------------------------------------------------------------
09:50:56.526 [main] DEBUG f.i.s.r.p.s.c.CheckoutBuggyBuild - Checking out buggy build candidate...
09:50:57.037 [main] INFO  fr.inria.jtravis.JTravis - GitHub ratelimit: Limit: 5000 Remaining: 4800 Reset hour: 19:14:54
09:50:59.655 [main] DEBUG f.i.s.r.p.s.c.CheckoutBuggyBuild - Reproduce the PR for swagger-api/swagger-codegen by fetching remote branch and merging.
09:51:00.494 [main] ERROR f.i.s.r.p.s.c.CheckoutBuggyBuild - Error while testing commit: org.eclipse.jgit.errors.MissingObjectException: Missing unknown 1f390cc32d1f9331d1f9b5185d88faaf422c5779
09:51:00.496 [main] ERROR f.i.s.r.p.s.c.CheckoutBuggyBuild - Commit head ref cannot be retrieved from the repository: 1f390cc32d1f9331d1f9b5185d88faaf422c5779. Operation aborted.
09:51:00.496 [main] ERROR f.i.s.r.p.s.c.CheckoutBuggyBuild - Error while merging two commits to reproduce the PR.
09:51:00.498 [main] DEBUG f.i.s.r.p.s.c.CheckoutBuggyBuild - STEP STATUS: [ CheckoutBuggyBuildCandidate : FAILURE ( BUILDNOTCHECKEDOUT ) ]
09:51:00.498 [main] DEBUG f.i.s.r.p.s.c.CheckoutBuggyBuild - STEP DURATION: 3s
09:51:00.498 [main] DEBUG f.i.s.r.p.s.c.CheckoutBuggyBuild - TERMINATE PIPELINE
09:51:00.499 [main] DEBUG f.i.s.r.p.s.c.CheckoutBuggyBuild - FINAL STEPS SKIPPED: The reproduction of the bug and/or the patch failed.
09:51:00.499 [main] INFO  f.i.s.r.p.s.c.CheckoutBuggyBuild - Serialize all data for the pair of builds 326005105, 326063146
09:51:00.622 [main] INFO  fr.inria.jtravis.JTravis - GitHub ratelimit: Limit: 5000 Remaining: 4793 Reset hour: 19:14:54
09:51:02.733 [main] INFO  f.i.s.r.p.i.ProjectInspector - ----------------------------------------------------------------------
09:51:02.733 [main] INFO  f.i.s.r.p.i.ProjectInspector - PIPELINE EXECUTION SUMMARY
09:51:02.733 [main] INFO  f.i.s.r.p.i.ProjectInspector - ----------------------------------------------------------------------
09:51:02.734 [main] INFO  f.i.s.r.p.i.ProjectInspector - CloneRepository.......................................SUCCESS [ 36 s ]
09:51:02.734 [main] INFO  f.i.s.r.p.i.ProjectInspector - CheckoutBuggyBuildCandidate...........................FAILURE [  3 s ]
09:51:02.734 [main] INFO  f.i.s.r.p.i.ProjectInspector - ComputeSourceDir......................................NOT RUN         
09:51:02.734 [main] INFO  f.i.s.r.p.i.ProjectInspector - ComputeTestDir........................................NOT RUN         
09:51:02.734 [main] INFO  f.i.s.r.p.i.ProjectInspector - BuildProjectBuggyBuildCandidate.......................NOT RUN         
09:51:02.734 [main] INFO  f.i.s.r.p.i.ProjectInspector - TestProjectBuggyBuildCandidate........................NOT RUN         
09:51:02.734 [main] INFO  f.i.s.r.p.i.ProjectInspector - GatherTestInformationBuggyBuildCandidate..............NOT RUN         
09:51:02.735 [main] INFO  f.i.s.r.p.i.ProjectInspector - InitRepoToPush........................................NOT RUN         
09:51:02.735 [main] INFO  f.i.s.r.p.i.ProjectInspector - ComputeClasspath......................................NOT RUN         
09:51:02.735 [main] INFO  f.i.s.r.p.i.ProjectInspector - ComputeModules........................................NOT RUN         
09:51:02.735 [main] INFO  f.i.s.r.p.i.ProjectInspector - CheckoutPatchedBuildCandidate.........................NOT RUN         
09:51:02.735 [main] INFO  f.i.s.r.p.i.ProjectInspector - BuildProjectPatchedBuildCandidate.....................NOT RUN         
09:51:02.735 [main] INFO  f.i.s.r.p.i.ProjectInspector - TestProjectPatchedBuildCandidate......................NOT RUN         
09:51:02.735 [main] INFO  f.i.s.r.p.i.ProjectInspector - GatherTestInformationPatchedBuildCandidate............NOT RUN         
09:51:02.735 [main] INFO  f.i.s.r.p.i.ProjectInspector - CommitPatch...........................................NOT RUN         
09:51:02.735 [main] INFO  f.i.s.r.p.i.ProjectInspector - WritePropertyFile.....................................NOT RUN         
09:51:02.736 [main] INFO  f.i.s.r.p.i.ProjectInspector - CommitProcessEnd......................................NOT RUN         
09:51:02.736 [main] INFO  f.i.s.r.p.i.ProjectInspector - PushProcessEnd........................................NOT RUN         
09:51:02.736 [main] INFO  f.i.s.r.p.i.ProjectInspector - ----------------------------------------------------------------------
09:51:02.736 [main] INFO  f.i.s.r.p.i.ProjectInspector - PIPELINE FINDING: BUILDNOTCHECKEDOUT
09:51:02.736 [main] INFO  f.i.s.r.p.i.ProjectInspector - ----------------------------------------------------------------------
09:51:02.736 [main] INFO  f.i.s.repairnator.pipeline.Launcher - Inspector is finished. The process will exit now.
