07:31:06.614 [main] INFO  f.i.s.repairnator.pipeline.Launcher - PIPELINE VERSION: 3.0-2018-08-09 19:04
07:31:06.886 [main] INFO  f.i.s.repairnator.pipeline.Launcher - The pipeline will try to reproduce a bug from build 325440007 and its corresponding patch from build 325606827
07:31:06.887 [main] INFO  f.i.s.repairnator.pipeline.Launcher - Initialize file serializer engines.
07:31:06.888 [main] INFO  f.i.s.repairnator.pipeline.Launcher - MongoDB won't be used for serialization.
07:31:06.889 [main] INFO  f.i.s.repairnator.pipeline.Launcher - The email notifier engine won't be used.
07:31:06.892 [main] INFO  f.i.s.repairnator.pipeline.Launcher - Start by getting the build (buildId: 325440007) with the following config: RepairnatorConfig{runId='c504e580-3b8e-424b-917c-11249d52f820_01-18-week1-FAILING_AND_PASSING', launcherMode=BEARS, serializeJson=true, inputPath='null', outputPath='/var/log', mongodbHost='null', mongodbName='repairnator', smtpServer='null', notifyTo=[], notifyEndProcess=false, push=true, pushRemoteRepo='https://github.com/fermadeiral/bears-collection-fp', fork=false, lookFromDate=null, lookToDate=null, buildId=325440007, z3solverPath='./z3_for_linux', workspacePath='./workspace', githubToken='c8a341a903[...]', dockerImageName='null', skipDelete=false, createOutputDir=false, logDirectory='null', nbThreads=0, globalTimeout=0, whiteList=null, blackList=null, jobSleepTime=0, buildSleepTime=0, maxInspectedBuilds=0, duration=null, humanPatch=false, repository='null', clean=true, bearsMode=BOTH, bearsDelimiter = false, repairTools=NopolAllTests,NPEFix,AssertFixer,AstorJGenProg,AstorJKali,NopolSingleTest,AstorJMut,NopolTestExclusionStrategy, githubUserName= fermadeiral, githubUserEmail=fer.madeiral@gmail.com}
07:31:08.149 [main] DEBUG fr.inria.jtravis.helpers.BuildHelper - Get request to :https://api.travis-ci.org/build/325440007 done after 759 ms
07:31:08.368 [main] DEBUG fr.inria.jtravis.helpers.BuildHelper - Get request to :https://api.travis-ci.org/build/325606827 done after 130 ms
07:31:08.392 [main] INFO  f.i.s.repairnator.pipeline.Launcher - The patched build (325606827) was successfully retrieved from Travis.
07:31:09.660 [main] INFO  fr.inria.jtravis.JTravis - GitHub ratelimit: Limit: 5000 Remaining: 4920 Reset hour: 19:14:46
07:31:09.937 [main] INFO  f.i.s.r.p.i.ProjectInspector - ----------------------------------------------------------------------
07:31:09.938 [main] INFO  f.i.s.r.p.i.ProjectInspector - PIPELINE STEPS
07:31:09.939 [main] INFO  f.i.s.r.p.i.ProjectInspector - ----------------------------------------------------------------------
07:31:09.939 [main] INFO  f.i.s.r.p.i.ProjectInspector - CloneRepository
07:31:09.939 [main] INFO  f.i.s.r.p.i.ProjectInspector - CheckoutBuggyBuildCandidate
07:31:09.940 [main] INFO  f.i.s.r.p.i.ProjectInspector - ComputeSourceDir
07:31:09.940 [main] INFO  f.i.s.r.p.i.ProjectInspector - ComputeTestDir
07:31:09.940 [main] INFO  f.i.s.r.p.i.ProjectInspector - BuildProjectBuggyBuildCandidate
07:31:09.941 [main] INFO  f.i.s.r.p.i.ProjectInspector - TestProjectBuggyBuildCandidate
07:31:09.941 [main] INFO  f.i.s.r.p.i.ProjectInspector - GatherTestInformationBuggyBuildCandidate
07:31:09.941 [main] INFO  f.i.s.r.p.i.ProjectInspector - InitRepoToPush
07:31:09.942 [main] INFO  f.i.s.r.p.i.ProjectInspector - ComputeClasspath
07:31:09.942 [main] INFO  f.i.s.r.p.i.ProjectInspector - ComputeModules
07:31:09.943 [main] INFO  f.i.s.r.p.i.ProjectInspector - CheckoutPatchedBuildCandidate
07:31:09.943 [main] INFO  f.i.s.r.p.i.ProjectInspector - BuildProjectPatchedBuildCandidate
07:31:09.943 [main] INFO  f.i.s.r.p.i.ProjectInspector - TestProjectPatchedBuildCandidate
07:31:09.944 [main] INFO  f.i.s.r.p.i.ProjectInspector - GatherTestInformationPatchedBuildCandidate
07:31:09.944 [main] INFO  f.i.s.r.p.i.ProjectInspector - CommitPatch
07:31:09.944 [main] INFO  f.i.s.r.p.i.ProjectInspector - WritePropertyFile
07:31:09.945 [main] INFO  f.i.s.r.p.i.ProjectInspector - CommitProcessEnd
07:31:09.945 [main] INFO  f.i.s.r.p.i.ProjectInspector - PushProcessEnd
07:31:09.946 [main] DEBUG f.i.s.r.process.step.CloneRepository - ----------------------------------------------------------------------
07:31:09.946 [main] DEBUG f.i.s.r.process.step.CloneRepository - STEP 1/18: CloneRepository
07:31:09.947 [main] DEBUG f.i.s.r.process.step.CloneRepository - ----------------------------------------------------------------------
07:31:09.950 [main] DEBUG f.i.s.r.process.step.CloneRepository - Cloning repository EnMasseProject/enmasse in the following directory: ./workspace/EnMasseProject/enmasse/325440007
07:31:37.931 [main] DEBUG f.i.s.r.process.step.CloneRepository - STEP STATUS: [ CloneRepository : SUCCESS ]
07:31:37.932 [main] DEBUG f.i.s.r.process.step.CloneRepository - STEP DURATION: 27s
07:31:37.932 [main] DEBUG f.i.s.r.process.step.CloneRepository - EXECUTE NEXT STEP
07:31:37.932 [main] DEBUG f.i.s.r.p.s.c.CheckoutBuggyBuild - ----------------------------------------------------------------------
07:31:37.933 [main] DEBUG f.i.s.r.p.s.c.CheckoutBuggyBuild - STEP 2/18: CheckoutBuggyBuildCandidate
07:31:37.933 [main] DEBUG f.i.s.r.p.s.c.CheckoutBuggyBuild - ----------------------------------------------------------------------
07:31:37.933 [main] DEBUG f.i.s.r.p.s.c.CheckoutBuggyBuild - Checking out buggy build candidate...
07:31:37.944 [main] ERROR f.i.s.r.p.s.c.CheckoutBuggyBuild - Error while testing commit: org.eclipse.jgit.errors.MissingObjectException: Missing unknown 690b05b0199ecbb1b6a6f4c1e56d0604b7a81ade
07:31:37.944 [main] ERROR f.i.s.r.p.s.c.CheckoutBuggyBuild - Error while getting the commit to checkout from the repo.
07:31:37.945 [main] DEBUG f.i.s.r.p.s.c.CheckoutBuggyBuild - STEP STATUS: [ CheckoutBuggyBuildCandidate : FAILURE ( BUILDNOTCHECKEDOUT ) ]
07:31:37.945 [main] DEBUG f.i.s.r.p.s.c.CheckoutBuggyBuild - STEP DURATION: 0s
07:31:37.946 [main] DEBUG f.i.s.r.p.s.c.CheckoutBuggyBuild - TERMINATE PIPELINE
07:31:37.946 [main] DEBUG f.i.s.r.p.s.c.CheckoutBuggyBuild - FINAL STEPS SKIPPED: The reproduction of the bug and/or the patch failed.
07:31:37.946 [main] INFO  f.i.s.r.p.s.c.CheckoutBuggyBuild - Serialize all data for the pair of builds 325440007, 325606827
07:31:38.260 [main] INFO  fr.inria.jtravis.JTravis - GitHub ratelimit: Limit: 5000 Remaining: 4919 Reset hour: 19:14:46
07:31:40.106 [main] INFO  f.i.s.r.p.i.ProjectInspector - ----------------------------------------------------------------------
07:31:40.107 [main] INFO  f.i.s.r.p.i.ProjectInspector - PIPELINE EXECUTION SUMMARY
07:31:40.107 [main] INFO  f.i.s.r.p.i.ProjectInspector - ----------------------------------------------------------------------
07:31:40.107 [main] INFO  f.i.s.r.p.i.ProjectInspector - CloneRepository.......................................SUCCESS [ 27 s ]
07:31:40.108 [main] INFO  f.i.s.r.p.i.ProjectInspector - CheckoutBuggyBuildCandidate...........................FAILURE [  0 s ]
07:31:40.108 [main] INFO  f.i.s.r.p.i.ProjectInspector - ComputeSourceDir......................................NOT RUN         
07:31:40.108 [main] INFO  f.i.s.r.p.i.ProjectInspector - ComputeTestDir........................................NOT RUN         
07:31:40.108 [main] INFO  f.i.s.r.p.i.ProjectInspector - BuildProjectBuggyBuildCandidate.......................NOT RUN         
07:31:40.108 [main] INFO  f.i.s.r.p.i.ProjectInspector - TestProjectBuggyBuildCandidate........................NOT RUN         
07:31:40.108 [main] INFO  f.i.s.r.p.i.ProjectInspector - GatherTestInformationBuggyBuildCandidate..............NOT RUN         
07:31:40.109 [main] INFO  f.i.s.r.p.i.ProjectInspector - InitRepoToPush........................................NOT RUN         
07:31:40.109 [main] INFO  f.i.s.r.p.i.ProjectInspector - ComputeClasspath......................................NOT RUN         
07:31:40.109 [main] INFO  f.i.s.r.p.i.ProjectInspector - ComputeModules........................................NOT RUN         
07:31:40.110 [main] INFO  f.i.s.r.p.i.ProjectInspector - CheckoutPatchedBuildCandidate.........................NOT RUN         
07:31:40.110 [main] INFO  f.i.s.r.p.i.ProjectInspector - BuildProjectPatchedBuildCandidate.....................NOT RUN         
07:31:40.110 [main] INFO  f.i.s.r.p.i.ProjectInspector - TestProjectPatchedBuildCandidate......................NOT RUN         
07:31:40.110 [main] INFO  f.i.s.r.p.i.ProjectInspector - GatherTestInformationPatchedBuildCandidate............NOT RUN         
07:31:40.110 [main] INFO  f.i.s.r.p.i.ProjectInspector - CommitPatch...........................................NOT RUN         
07:31:40.111 [main] INFO  f.i.s.r.p.i.ProjectInspector - WritePropertyFile.....................................NOT RUN         
07:31:40.111 [main] INFO  f.i.s.r.p.i.ProjectInspector - CommitProcessEnd......................................NOT RUN         
07:31:40.111 [main] INFO  f.i.s.r.p.i.ProjectInspector - PushProcessEnd........................................NOT RUN         
07:31:40.111 [main] INFO  f.i.s.r.p.i.ProjectInspector - ----------------------------------------------------------------------
07:31:40.111 [main] INFO  f.i.s.r.p.i.ProjectInspector - PIPELINE FINDING: BUILDNOTCHECKEDOUT
07:31:40.111 [main] INFO  f.i.s.r.p.i.ProjectInspector - ----------------------------------------------------------------------
07:31:40.111 [main] INFO  f.i.s.repairnator.pipeline.Launcher - Inspector is finished. The process will exit now.
