08:00:40.817 [main] INFO  f.i.s.repairnator.pipeline.Launcher - PIPELINE VERSION: 3.0-2018-08-09 19:04
08:00:40.953 [main] INFO  f.i.s.repairnator.pipeline.Launcher - The pipeline will try to reproduce a bug from build 325151989 and its corresponding patch from build 325224953
08:00:40.953 [main] INFO  f.i.s.repairnator.pipeline.Launcher - Initialize file serializer engines.
08:00:40.955 [main] INFO  f.i.s.repairnator.pipeline.Launcher - MongoDB won't be used for serialization.
08:00:40.955 [main] INFO  f.i.s.repairnator.pipeline.Launcher - The email notifier engine won't be used.
08:00:40.958 [main] INFO  f.i.s.repairnator.pipeline.Launcher - Start by getting the build (buildId: 325151989) with the following config: RepairnatorConfig{runId='c504e580-3b8e-424b-917c-11249d52f820_01-18-week1-FAILING_AND_PASSING', launcherMode=BEARS, serializeJson=true, inputPath='null', outputPath='/var/log', mongodbHost='null', mongodbName='repairnator', smtpServer='null', notifyTo=[], notifyEndProcess=false, push=true, pushRemoteRepo='https://github.com/fermadeiral/bears-collection-fp', fork=false, lookFromDate=null, lookToDate=null, buildId=325151989, z3solverPath='./z3_for_linux', workspacePath='./workspace', githubToken='c8a341a903[...]', dockerImageName='null', skipDelete=false, createOutputDir=false, logDirectory='null', nbThreads=0, globalTimeout=0, whiteList=null, blackList=null, jobSleepTime=0, buildSleepTime=0, maxInspectedBuilds=0, duration=null, humanPatch=false, repository='null', clean=true, bearsMode=BOTH, bearsDelimiter = false, repairTools=NopolAllTests,NPEFix,AssertFixer,AstorJGenProg,AstorJKali,NopolSingleTest,AstorJMut,NopolTestExclusionStrategy, githubUserName= fermadeiral, githubUserEmail=fer.madeiral@gmail.com}
08:00:42.233 [main] DEBUG fr.inria.jtravis.helpers.BuildHelper - Get request to :https://api.travis-ci.org/build/325151989 done after 747 ms
08:00:42.464 [main] DEBUG fr.inria.jtravis.helpers.BuildHelper - Get request to :https://api.travis-ci.org/build/325224953 done after 128 ms
08:00:42.487 [main] INFO  f.i.s.repairnator.pipeline.Launcher - The patched build (325224953) was successfully retrieved from Travis.
08:00:43.526 [main] INFO  fr.inria.jtravis.JTravis - GitHub ratelimit: Limit: 5000 Remaining: 4590 Reset hour: 19:14:46
08:00:43.777 [main] INFO  f.i.s.r.p.i.ProjectInspector - ----------------------------------------------------------------------
08:00:43.778 [main] INFO  f.i.s.r.p.i.ProjectInspector - PIPELINE STEPS
08:00:43.778 [main] INFO  f.i.s.r.p.i.ProjectInspector - ----------------------------------------------------------------------
08:00:43.778 [main] INFO  f.i.s.r.p.i.ProjectInspector - CloneRepository
08:00:43.778 [main] INFO  f.i.s.r.p.i.ProjectInspector - CheckoutBuggyBuildCandidate
08:00:43.778 [main] INFO  f.i.s.r.p.i.ProjectInspector - ComputeSourceDir
08:00:43.779 [main] INFO  f.i.s.r.p.i.ProjectInspector - ComputeTestDir
08:00:43.779 [main] INFO  f.i.s.r.p.i.ProjectInspector - BuildProjectBuggyBuildCandidate
08:00:43.779 [main] INFO  f.i.s.r.p.i.ProjectInspector - TestProjectBuggyBuildCandidate
08:00:43.779 [main] INFO  f.i.s.r.p.i.ProjectInspector - GatherTestInformationBuggyBuildCandidate
08:00:43.779 [main] INFO  f.i.s.r.p.i.ProjectInspector - InitRepoToPush
08:00:43.779 [main] INFO  f.i.s.r.p.i.ProjectInspector - ComputeClasspath
08:00:43.780 [main] INFO  f.i.s.r.p.i.ProjectInspector - ComputeModules
08:00:43.780 [main] INFO  f.i.s.r.p.i.ProjectInspector - CheckoutPatchedBuildCandidate
08:00:43.780 [main] INFO  f.i.s.r.p.i.ProjectInspector - BuildProjectPatchedBuildCandidate
08:00:43.781 [main] INFO  f.i.s.r.p.i.ProjectInspector - TestProjectPatchedBuildCandidate
08:00:43.781 [main] INFO  f.i.s.r.p.i.ProjectInspector - GatherTestInformationPatchedBuildCandidate
08:00:43.781 [main] INFO  f.i.s.r.p.i.ProjectInspector - CommitPatch
08:00:43.781 [main] INFO  f.i.s.r.p.i.ProjectInspector - WritePropertyFile
08:00:43.782 [main] INFO  f.i.s.r.p.i.ProjectInspector - CommitProcessEnd
08:00:43.782 [main] INFO  f.i.s.r.p.i.ProjectInspector - PushProcessEnd
08:00:43.782 [main] DEBUG f.i.s.r.process.step.CloneRepository - ----------------------------------------------------------------------
08:00:43.782 [main] DEBUG f.i.s.r.process.step.CloneRepository - STEP 1/18: CloneRepository
08:00:43.782 [main] DEBUG f.i.s.r.process.step.CloneRepository - ----------------------------------------------------------------------
08:00:43.783 [main] DEBUG f.i.s.r.process.step.CloneRepository - Cloning repository HubSpot/Singularity in the following directory: ./workspace/HubSpot/Singularity/325151989
08:01:00.743 [main] DEBUG f.i.s.r.process.step.CloneRepository - STEP STATUS: [ CloneRepository : SUCCESS ]
08:01:00.744 [main] DEBUG f.i.s.r.process.step.CloneRepository - STEP DURATION: 16s
08:01:00.744 [main] DEBUG f.i.s.r.process.step.CloneRepository - EXECUTE NEXT STEP
08:01:00.744 [main] DEBUG f.i.s.r.p.s.c.CheckoutBuggyBuild - ----------------------------------------------------------------------
08:01:00.745 [main] DEBUG f.i.s.r.p.s.c.CheckoutBuggyBuild - STEP 2/18: CheckoutBuggyBuildCandidate
08:01:00.745 [main] DEBUG f.i.s.r.p.s.c.CheckoutBuggyBuild - ----------------------------------------------------------------------
08:01:00.745 [main] DEBUG f.i.s.r.p.s.c.CheckoutBuggyBuild - Checking out buggy build candidate...
08:01:01.068 [main] INFO  fr.inria.jtravis.JTravis - GitHub ratelimit: Limit: 5000 Remaining: 4589 Reset hour: 19:14:46
08:01:02.761 [main] DEBUG f.i.s.r.p.s.c.CheckoutBuggyBuild - Reproduce the PR for HubSpot/Singularity by fetching remote branch and merging.
08:01:05.339 [main] ERROR f.i.s.r.p.s.c.CheckoutBuggyBuild - Error while testing commit: org.eclipse.jgit.errors.MissingObjectException: Missing unknown f784aa2b12d5c4a64716fab7574cdf9f2334b2f3
08:01:05.341 [main] ERROR f.i.s.r.p.s.c.CheckoutBuggyBuild - Commit head ref cannot be retrieved from the repository: f784aa2b12d5c4a64716fab7574cdf9f2334b2f3. Operation aborted.
08:01:05.341 [main] ERROR f.i.s.r.p.s.c.CheckoutBuggyBuild - Error while merging two commits to reproduce the PR.
08:01:05.342 [main] DEBUG f.i.s.r.p.s.c.CheckoutBuggyBuild - STEP STATUS: [ CheckoutBuggyBuildCandidate : FAILURE ( BUILDNOTCHECKEDOUT ) ]
08:01:05.342 [main] DEBUG f.i.s.r.p.s.c.CheckoutBuggyBuild - STEP DURATION: 4s
08:01:05.343 [main] DEBUG f.i.s.r.p.s.c.CheckoutBuggyBuild - TERMINATE PIPELINE
08:01:05.343 [main] DEBUG f.i.s.r.p.s.c.CheckoutBuggyBuild - FINAL STEPS SKIPPED: The reproduction of the bug and/or the patch failed.
08:01:05.343 [main] INFO  f.i.s.r.p.s.c.CheckoutBuggyBuild - Serialize all data for the pair of builds 325151989, 325224953
08:01:05.461 [main] INFO  fr.inria.jtravis.JTravis - GitHub ratelimit: Limit: 5000 Remaining: 4582 Reset hour: 19:14:46
08:01:06.014 [main] INFO  f.i.s.r.p.i.ProjectInspector - ----------------------------------------------------------------------
08:01:06.014 [main] INFO  f.i.s.r.p.i.ProjectInspector - PIPELINE EXECUTION SUMMARY
08:01:06.014 [main] INFO  f.i.s.r.p.i.ProjectInspector - ----------------------------------------------------------------------
08:01:06.015 [main] INFO  f.i.s.r.p.i.ProjectInspector - CloneRepository.......................................SUCCESS [ 16 s ]
08:01:06.015 [main] INFO  f.i.s.r.p.i.ProjectInspector - CheckoutBuggyBuildCandidate...........................FAILURE [  4 s ]
08:01:06.015 [main] INFO  f.i.s.r.p.i.ProjectInspector - ComputeSourceDir......................................NOT RUN         
08:01:06.015 [main] INFO  f.i.s.r.p.i.ProjectInspector - ComputeTestDir........................................NOT RUN         
08:01:06.015 [main] INFO  f.i.s.r.p.i.ProjectInspector - BuildProjectBuggyBuildCandidate.......................NOT RUN         
08:01:06.015 [main] INFO  f.i.s.r.p.i.ProjectInspector - TestProjectBuggyBuildCandidate........................NOT RUN         
08:01:06.015 [main] INFO  f.i.s.r.p.i.ProjectInspector - GatherTestInformationBuggyBuildCandidate..............NOT RUN         
08:01:06.015 [main] INFO  f.i.s.r.p.i.ProjectInspector - InitRepoToPush........................................NOT RUN         
08:01:06.016 [main] INFO  f.i.s.r.p.i.ProjectInspector - ComputeClasspath......................................NOT RUN         
08:01:06.016 [main] INFO  f.i.s.r.p.i.ProjectInspector - ComputeModules........................................NOT RUN         
08:01:06.016 [main] INFO  f.i.s.r.p.i.ProjectInspector - CheckoutPatchedBuildCandidate.........................NOT RUN         
08:01:06.016 [main] INFO  f.i.s.r.p.i.ProjectInspector - BuildProjectPatchedBuildCandidate.....................NOT RUN         
08:01:06.016 [main] INFO  f.i.s.r.p.i.ProjectInspector - TestProjectPatchedBuildCandidate......................NOT RUN         
08:01:06.016 [main] INFO  f.i.s.r.p.i.ProjectInspector - GatherTestInformationPatchedBuildCandidate............NOT RUN         
08:01:06.016 [main] INFO  f.i.s.r.p.i.ProjectInspector - CommitPatch...........................................NOT RUN         
08:01:06.016 [main] INFO  f.i.s.r.p.i.ProjectInspector - WritePropertyFile.....................................NOT RUN         
08:01:06.016 [main] INFO  f.i.s.r.p.i.ProjectInspector - CommitProcessEnd......................................NOT RUN         
08:01:06.017 [main] INFO  f.i.s.r.p.i.ProjectInspector - PushProcessEnd........................................NOT RUN         
08:01:06.017 [main] INFO  f.i.s.r.p.i.ProjectInspector - ----------------------------------------------------------------------
08:01:06.017 [main] INFO  f.i.s.r.p.i.ProjectInspector - PIPELINE FINDING: BUILDNOTCHECKEDOUT
08:01:06.017 [main] INFO  f.i.s.r.p.i.ProjectInspector - ----------------------------------------------------------------------
08:01:06.017 [main] INFO  f.i.s.repairnator.pipeline.Launcher - Inspector is finished. The process will exit now.
