07:35:54.061 [main] INFO  f.i.s.repairnator.pipeline.Launcher - PIPELINE VERSION: 3.0-2018-08-09 19:04
07:35:54.182 [main] INFO  f.i.s.repairnator.pipeline.Launcher - The pipeline will try to reproduce a bug from build 325674940 and its corresponding patch from build 325676699
07:35:54.183 [main] INFO  f.i.s.repairnator.pipeline.Launcher - Initialize file serializer engines.
07:35:54.185 [main] INFO  f.i.s.repairnator.pipeline.Launcher - MongoDB won't be used for serialization.
07:35:54.185 [main] INFO  f.i.s.repairnator.pipeline.Launcher - The email notifier engine won't be used.
07:35:54.188 [main] INFO  f.i.s.repairnator.pipeline.Launcher - Start by getting the build (buildId: 325674940) with the following config: RepairnatorConfig{runId='c504e580-3b8e-424b-917c-11249d52f820_01-18-week1-FAILING_AND_PASSING', launcherMode=BEARS, serializeJson=true, inputPath='null', outputPath='/var/log', mongodbHost='null', mongodbName='repairnator', smtpServer='null', notifyTo=[], notifyEndProcess=false, push=true, pushRemoteRepo='https://github.com/fermadeiral/bears-collection-fp', fork=false, lookFromDate=null, lookToDate=null, buildId=325674940, z3solverPath='./z3_for_linux', workspacePath='./workspace', githubToken='c8a341a903[...]', dockerImageName='null', skipDelete=false, createOutputDir=false, logDirectory='null', nbThreads=0, globalTimeout=0, whiteList=null, blackList=null, jobSleepTime=0, buildSleepTime=0, maxInspectedBuilds=0, duration=null, humanPatch=false, repository='null', clean=true, bearsMode=BOTH, bearsDelimiter = false, repairTools=NopolAllTests,NPEFix,AssertFixer,AstorJGenProg,AstorJKali,NopolSingleTest,AstorJMut,NopolTestExclusionStrategy, githubUserName= fermadeiral, githubUserEmail=fer.madeiral@gmail.com}
07:35:55.323 [main] DEBUG fr.inria.jtravis.helpers.BuildHelper - Get request to :https://api.travis-ci.org/build/325674940 done after 743 ms
07:35:55.533 [main] DEBUG fr.inria.jtravis.helpers.BuildHelper - Get request to :https://api.travis-ci.org/build/325676699 done after 121 ms
07:35:55.569 [main] INFO  f.i.s.repairnator.pipeline.Launcher - The patched build (325676699) was successfully retrieved from Travis.
07:35:56.831 [main] INFO  fr.inria.jtravis.JTravis - GitHub ratelimit: Limit: 5000 Remaining: 4890 Reset hour: 19:14:46
07:35:57.114 [main] INFO  f.i.s.r.p.i.ProjectInspector - ----------------------------------------------------------------------
07:35:57.114 [main] INFO  f.i.s.r.p.i.ProjectInspector - PIPELINE STEPS
07:35:57.115 [main] INFO  f.i.s.r.p.i.ProjectInspector - ----------------------------------------------------------------------
07:35:57.115 [main] INFO  f.i.s.r.p.i.ProjectInspector - CloneRepository
07:35:57.115 [main] INFO  f.i.s.r.p.i.ProjectInspector - CheckoutBuggyBuildCandidate
07:35:57.116 [main] INFO  f.i.s.r.p.i.ProjectInspector - ComputeSourceDir
07:35:57.116 [main] INFO  f.i.s.r.p.i.ProjectInspector - ComputeTestDir
07:35:57.116 [main] INFO  f.i.s.r.p.i.ProjectInspector - BuildProjectBuggyBuildCandidate
07:35:57.117 [main] INFO  f.i.s.r.p.i.ProjectInspector - TestProjectBuggyBuildCandidate
07:35:57.117 [main] INFO  f.i.s.r.p.i.ProjectInspector - GatherTestInformationBuggyBuildCandidate
07:35:57.117 [main] INFO  f.i.s.r.p.i.ProjectInspector - InitRepoToPush
07:35:57.118 [main] INFO  f.i.s.r.p.i.ProjectInspector - ComputeClasspath
07:35:57.118 [main] INFO  f.i.s.r.p.i.ProjectInspector - ComputeModules
07:35:57.118 [main] INFO  f.i.s.r.p.i.ProjectInspector - CheckoutPatchedBuildCandidate
07:35:57.119 [main] INFO  f.i.s.r.p.i.ProjectInspector - BuildProjectPatchedBuildCandidate
07:35:57.119 [main] INFO  f.i.s.r.p.i.ProjectInspector - TestProjectPatchedBuildCandidate
07:35:57.119 [main] INFO  f.i.s.r.p.i.ProjectInspector - GatherTestInformationPatchedBuildCandidate
07:35:57.120 [main] INFO  f.i.s.r.p.i.ProjectInspector - CommitPatch
07:35:57.120 [main] INFO  f.i.s.r.p.i.ProjectInspector - WritePropertyFile
07:35:57.120 [main] INFO  f.i.s.r.p.i.ProjectInspector - CommitProcessEnd
07:35:57.121 [main] INFO  f.i.s.r.p.i.ProjectInspector - PushProcessEnd
07:35:57.121 [main] DEBUG f.i.s.r.process.step.CloneRepository - ----------------------------------------------------------------------
07:35:57.122 [main] DEBUG f.i.s.r.process.step.CloneRepository - STEP 1/18: CloneRepository
07:35:57.122 [main] DEBUG f.i.s.r.process.step.CloneRepository - ----------------------------------------------------------------------
07:35:57.123 [main] DEBUG f.i.s.r.process.step.CloneRepository - Cloning repository batfish/batfish in the following directory: ./workspace/batfish/batfish/325674940
07:37:02.164 [main] DEBUG f.i.s.r.process.step.CloneRepository - STEP STATUS: [ CloneRepository : SUCCESS ]
07:37:02.165 [main] DEBUG f.i.s.r.process.step.CloneRepository - STEP DURATION: 65s
07:37:02.165 [main] DEBUG f.i.s.r.process.step.CloneRepository - EXECUTE NEXT STEP
07:37:02.166 [main] DEBUG f.i.s.r.p.s.c.CheckoutBuggyBuild - ----------------------------------------------------------------------
07:37:02.166 [main] DEBUG f.i.s.r.p.s.c.CheckoutBuggyBuild - STEP 2/18: CheckoutBuggyBuildCandidate
07:37:02.166 [main] DEBUG f.i.s.r.p.s.c.CheckoutBuggyBuild - ----------------------------------------------------------------------
07:37:02.166 [main] DEBUG f.i.s.r.p.s.c.CheckoutBuggyBuild - Checking out buggy build candidate...
07:37:02.181 [main] ERROR f.i.s.r.p.s.c.CheckoutBuggyBuild - Error while testing commit: org.eclipse.jgit.errors.MissingObjectException: Missing unknown cf355d8403cd57076cd215d8893ed41b0c0aa9b4
07:37:02.182 [main] ERROR f.i.s.r.p.s.c.CheckoutBuggyBuild - Error while getting the commit to checkout from the repo.
07:37:02.183 [main] DEBUG f.i.s.r.p.s.c.CheckoutBuggyBuild - STEP STATUS: [ CheckoutBuggyBuildCandidate : FAILURE ( BUILDNOTCHECKEDOUT ) ]
07:37:02.183 [main] DEBUG f.i.s.r.p.s.c.CheckoutBuggyBuild - STEP DURATION: 0s
07:37:02.183 [main] DEBUG f.i.s.r.p.s.c.CheckoutBuggyBuild - TERMINATE PIPELINE
07:37:02.184 [main] DEBUG f.i.s.r.p.s.c.CheckoutBuggyBuild - FINAL STEPS SKIPPED: The reproduction of the bug and/or the patch failed.
07:37:02.184 [main] INFO  f.i.s.r.p.s.c.CheckoutBuggyBuild - Serialize all data for the pair of builds 325674940, 325676699
07:37:02.511 [main] INFO  fr.inria.jtravis.JTravis - GitHub ratelimit: Limit: 5000 Remaining: 4889 Reset hour: 19:14:46
07:37:03.494 [main] INFO  f.i.s.r.p.i.ProjectInspector - ----------------------------------------------------------------------
07:37:03.495 [main] INFO  f.i.s.r.p.i.ProjectInspector - PIPELINE EXECUTION SUMMARY
07:37:03.495 [main] INFO  f.i.s.r.p.i.ProjectInspector - ----------------------------------------------------------------------
07:37:03.496 [main] INFO  f.i.s.r.p.i.ProjectInspector - CloneRepository.......................................SUCCESS [ 65 s ]
07:37:03.496 [main] INFO  f.i.s.r.p.i.ProjectInspector - CheckoutBuggyBuildCandidate...........................FAILURE [  0 s ]
07:37:03.496 [main] INFO  f.i.s.r.p.i.ProjectInspector - ComputeSourceDir......................................NOT RUN         
07:37:03.497 [main] INFO  f.i.s.r.p.i.ProjectInspector - ComputeTestDir........................................NOT RUN         
07:37:03.497 [main] INFO  f.i.s.r.p.i.ProjectInspector - BuildProjectBuggyBuildCandidate.......................NOT RUN         
07:37:03.497 [main] INFO  f.i.s.r.p.i.ProjectInspector - TestProjectBuggyBuildCandidate........................NOT RUN         
07:37:03.498 [main] INFO  f.i.s.r.p.i.ProjectInspector - GatherTestInformationBuggyBuildCandidate..............NOT RUN         
07:37:03.498 [main] INFO  f.i.s.r.p.i.ProjectInspector - InitRepoToPush........................................NOT RUN         
07:37:03.498 [main] INFO  f.i.s.r.p.i.ProjectInspector - ComputeClasspath......................................NOT RUN         
07:37:03.499 [main] INFO  f.i.s.r.p.i.ProjectInspector - ComputeModules........................................NOT RUN         
07:37:03.499 [main] INFO  f.i.s.r.p.i.ProjectInspector - CheckoutPatchedBuildCandidate.........................NOT RUN         
07:37:03.499 [main] INFO  f.i.s.r.p.i.ProjectInspector - BuildProjectPatchedBuildCandidate.....................NOT RUN         
07:37:03.500 [main] INFO  f.i.s.r.p.i.ProjectInspector - TestProjectPatchedBuildCandidate......................NOT RUN         
07:37:03.500 [main] INFO  f.i.s.r.p.i.ProjectInspector - GatherTestInformationPatchedBuildCandidate............NOT RUN         
07:37:03.500 [main] INFO  f.i.s.r.p.i.ProjectInspector - CommitPatch...........................................NOT RUN         
07:37:03.500 [main] INFO  f.i.s.r.p.i.ProjectInspector - WritePropertyFile.....................................NOT RUN         
07:37:03.501 [main] INFO  f.i.s.r.p.i.ProjectInspector - CommitProcessEnd......................................NOT RUN         
07:37:03.501 [main] INFO  f.i.s.r.p.i.ProjectInspector - PushProcessEnd........................................NOT RUN         
07:37:03.501 [main] INFO  f.i.s.r.p.i.ProjectInspector - ----------------------------------------------------------------------
07:37:03.502 [main] INFO  f.i.s.r.p.i.ProjectInspector - PIPELINE FINDING: BUILDNOTCHECKEDOUT
07:37:03.502 [main] INFO  f.i.s.r.p.i.ProjectInspector - ----------------------------------------------------------------------
07:37:03.502 [main] INFO  f.i.s.repairnator.pipeline.Launcher - Inspector is finished. The process will exit now.
