01:30:20.326 [main] INFO  f.i.s.repairnator.pipeline.Launcher - PIPELINE VERSION: 3.0-2018-08-09 19:04
01:30:20.558 [main] INFO  f.i.s.repairnator.pipeline.Launcher - The pipeline will try to reproduce a bug from build 353895642 and its corresponding patch from build 353903981
01:30:20.559 [main] INFO  f.i.s.repairnator.pipeline.Launcher - Initialize file serializer engines.
01:30:20.562 [main] INFO  f.i.s.repairnator.pipeline.Launcher - MongoDB won't be used for serialization.
01:30:20.562 [main] INFO  f.i.s.repairnator.pipeline.Launcher - The email notifier engine won't be used.
01:30:20.567 [main] INFO  f.i.s.repairnator.pipeline.Launcher - Start by getting the build (buildId: 353895642) with the following config: RepairnatorConfig{runId='b8329044-fa38-406d-a987-171158d4cf73_03-18-week3-FAILING_AND_PASSING', launcherMode=BEARS, serializeJson=true, inputPath='null', outputPath='/var/log', mongodbHost='null', mongodbName='repairnator', smtpServer='null', notifyTo=[], notifyEndProcess=false, push=true, pushRemoteRepo='https://github.com/fermadeiral/bears-collection-fp', fork=false, lookFromDate=null, lookToDate=null, buildId=353895642, z3solverPath='./z3_for_linux', workspacePath='./workspace', githubToken='c8a341a903[...]', dockerImageName='null', skipDelete=false, createOutputDir=false, logDirectory='null', nbThreads=0, globalTimeout=0, whiteList=null, blackList=null, jobSleepTime=0, buildSleepTime=0, maxInspectedBuilds=0, duration=null, humanPatch=false, repository='null', clean=true, bearsMode=BOTH, bearsDelimiter = false, repairTools=NopolAllTests,NPEFix,AssertFixer,AstorJGenProg,AstorJKali,NopolSingleTest,AstorJMut,NopolTestExclusionStrategy, githubUserName= fermadeiral, githubUserEmail=fer.madeiral@gmail.com}
01:30:22.056 [main] DEBUG fr.inria.jtravis.helpers.BuildHelper - Get request to :https://api.travis-ci.org/build/353895642 done after 856 ms
01:30:22.337 [main] DEBUG fr.inria.jtravis.helpers.BuildHelper - Get request to :https://api.travis-ci.org/build/353903981 done after 129 ms
01:30:22.364 [main] INFO  f.i.s.repairnator.pipeline.Launcher - The patched build (353903981) was successfully retrieved from Travis.
01:30:23.678 [main] INFO  fr.inria.jtravis.JTravis - GitHub ratelimit: Limit: 5000 Remaining: 4778 Reset hour: 19:33:07
01:30:24.172 [main] INFO  f.i.s.r.p.i.ProjectInspector - ----------------------------------------------------------------------
01:30:24.173 [main] INFO  f.i.s.r.p.i.ProjectInspector - PIPELINE STEPS
01:30:24.173 [main] INFO  f.i.s.r.p.i.ProjectInspector - ----------------------------------------------------------------------
01:30:24.174 [main] INFO  f.i.s.r.p.i.ProjectInspector - CloneRepository
01:30:24.174 [main] INFO  f.i.s.r.p.i.ProjectInspector - CheckoutBuggyBuildCandidate
01:30:24.174 [main] INFO  f.i.s.r.p.i.ProjectInspector - ComputeSourceDir
01:30:24.174 [main] INFO  f.i.s.r.p.i.ProjectInspector - ComputeTestDir
01:30:24.175 [main] INFO  f.i.s.r.p.i.ProjectInspector - BuildProjectBuggyBuildCandidate
01:30:24.175 [main] INFO  f.i.s.r.p.i.ProjectInspector - TestProjectBuggyBuildCandidate
01:30:24.175 [main] INFO  f.i.s.r.p.i.ProjectInspector - GatherTestInformationBuggyBuildCandidate
01:30:24.175 [main] INFO  f.i.s.r.p.i.ProjectInspector - InitRepoToPush
01:30:24.176 [main] INFO  f.i.s.r.p.i.ProjectInspector - ComputeClasspath
01:30:24.176 [main] INFO  f.i.s.r.p.i.ProjectInspector - ComputeModules
01:30:24.176 [main] INFO  f.i.s.r.p.i.ProjectInspector - CheckoutPatchedBuildCandidate
01:30:24.177 [main] INFO  f.i.s.r.p.i.ProjectInspector - BuildProjectPatchedBuildCandidate
01:30:24.177 [main] INFO  f.i.s.r.p.i.ProjectInspector - TestProjectPatchedBuildCandidate
01:30:24.177 [main] INFO  f.i.s.r.p.i.ProjectInspector - GatherTestInformationPatchedBuildCandidate
01:30:24.177 [main] INFO  f.i.s.r.p.i.ProjectInspector - CommitPatch
01:30:24.178 [main] INFO  f.i.s.r.p.i.ProjectInspector - WritePropertyFile
01:30:24.178 [main] INFO  f.i.s.r.p.i.ProjectInspector - CommitProcessEnd
01:30:24.178 [main] INFO  f.i.s.r.p.i.ProjectInspector - PushProcessEnd
01:30:24.179 [main] DEBUG f.i.s.r.process.step.CloneRepository - ----------------------------------------------------------------------
01:30:24.179 [main] DEBUG f.i.s.r.process.step.CloneRepository - STEP 1/18: CloneRepository
01:30:24.180 [main] DEBUG f.i.s.r.process.step.CloneRepository - ----------------------------------------------------------------------
01:30:24.180 [main] DEBUG f.i.s.r.process.step.CloneRepository - Cloning repository danglotb/dspot in the following directory: ./workspace/danglotb/dspot/353895642
01:30:30.058 [main] DEBUG f.i.s.r.process.step.CloneRepository - STEP STATUS: [ CloneRepository : SUCCESS ]
01:30:30.058 [main] DEBUG f.i.s.r.process.step.CloneRepository - STEP DURATION: 5s
01:30:30.059 [main] DEBUG f.i.s.r.process.step.CloneRepository - EXECUTE NEXT STEP
01:30:30.059 [main] DEBUG f.i.s.r.p.s.c.CheckoutBuggyBuild - ----------------------------------------------------------------------
01:30:30.059 [main] DEBUG f.i.s.r.p.s.c.CheckoutBuggyBuild - STEP 2/18: CheckoutBuggyBuildCandidate
01:30:30.059 [main] DEBUG f.i.s.r.p.s.c.CheckoutBuggyBuild - ----------------------------------------------------------------------
01:30:30.060 [main] DEBUG f.i.s.r.p.s.c.CheckoutBuggyBuild - Checking out buggy build candidate...
01:30:30.069 [main] ERROR f.i.s.r.p.s.c.CheckoutBuggyBuild - Error while testing commit: org.eclipse.jgit.errors.MissingObjectException: Missing unknown f67dc55e71ec84345239f7e94342242d9d2881fa
01:30:30.069 [main] ERROR f.i.s.r.p.s.c.CheckoutBuggyBuild - Error while getting the commit to checkout from the repo.
01:30:30.070 [main] DEBUG f.i.s.r.p.s.c.CheckoutBuggyBuild - STEP STATUS: [ CheckoutBuggyBuildCandidate : FAILURE ( BUILDNOTCHECKEDOUT ) ]
01:30:30.070 [main] DEBUG f.i.s.r.p.s.c.CheckoutBuggyBuild - STEP DURATION: 0s
01:30:30.071 [main] DEBUG f.i.s.r.p.s.c.CheckoutBuggyBuild - TERMINATE PIPELINE
01:30:30.071 [main] DEBUG f.i.s.r.p.s.c.CheckoutBuggyBuild - FINAL STEPS SKIPPED: The reproduction of the bug and/or the patch failed.
01:30:30.071 [main] INFO  f.i.s.r.p.s.c.CheckoutBuggyBuild - Serialize all data for the pair of builds 353895642, 353903981
01:30:30.389 [main] INFO  fr.inria.jtravis.JTravis - GitHub ratelimit: Limit: 5000 Remaining: 4776 Reset hour: 19:33:07
01:30:30.997 [main] INFO  f.i.s.r.p.i.ProjectInspector - ----------------------------------------------------------------------
01:30:30.997 [main] INFO  f.i.s.r.p.i.ProjectInspector - PIPELINE EXECUTION SUMMARY
01:30:30.997 [main] INFO  f.i.s.r.p.i.ProjectInspector - ----------------------------------------------------------------------
01:30:30.998 [main] INFO  f.i.s.r.p.i.ProjectInspector - CloneRepository........................................SUCCESS [ 5 s ]
01:30:30.998 [main] INFO  f.i.s.r.p.i.ProjectInspector - CheckoutBuggyBuildCandidate............................FAILURE [ 0 s ]
01:30:30.998 [main] INFO  f.i.s.r.p.i.ProjectInspector - ComputeSourceDir.......................................NOT RUN        
01:30:30.999 [main] INFO  f.i.s.r.p.i.ProjectInspector - ComputeTestDir.........................................NOT RUN        
01:30:30.999 [main] INFO  f.i.s.r.p.i.ProjectInspector - BuildProjectBuggyBuildCandidate........................NOT RUN        
01:30:30.999 [main] INFO  f.i.s.r.p.i.ProjectInspector - TestProjectBuggyBuildCandidate.........................NOT RUN        
01:30:30.999 [main] INFO  f.i.s.r.p.i.ProjectInspector - GatherTestInformationBuggyBuildCandidate...............NOT RUN        
01:30:30.999 [main] INFO  f.i.s.r.p.i.ProjectInspector - InitRepoToPush.........................................NOT RUN        
01:30:31.000 [main] INFO  f.i.s.r.p.i.ProjectInspector - ComputeClasspath.......................................NOT RUN        
01:30:31.000 [main] INFO  f.i.s.r.p.i.ProjectInspector - ComputeModules.........................................NOT RUN        
01:30:31.001 [main] INFO  f.i.s.r.p.i.ProjectInspector - CheckoutPatchedBuildCandidate..........................NOT RUN        
01:30:31.001 [main] INFO  f.i.s.r.p.i.ProjectInspector - BuildProjectPatchedBuildCandidate......................NOT RUN        
01:30:31.001 [main] INFO  f.i.s.r.p.i.ProjectInspector - TestProjectPatchedBuildCandidate.......................NOT RUN        
01:30:31.001 [main] INFO  f.i.s.r.p.i.ProjectInspector - GatherTestInformationPatchedBuildCandidate.............NOT RUN        
01:30:31.002 [main] INFO  f.i.s.r.p.i.ProjectInspector - CommitPatch............................................NOT RUN        
01:30:31.002 [main] INFO  f.i.s.r.p.i.ProjectInspector - WritePropertyFile......................................NOT RUN        
01:30:31.002 [main] INFO  f.i.s.r.p.i.ProjectInspector - CommitProcessEnd.......................................NOT RUN        
01:30:31.003 [main] INFO  f.i.s.r.p.i.ProjectInspector - PushProcessEnd.........................................NOT RUN        
01:30:31.003 [main] INFO  f.i.s.r.p.i.ProjectInspector - ----------------------------------------------------------------------
01:30:31.003 [main] INFO  f.i.s.r.p.i.ProjectInspector - PIPELINE FINDING: BUILDNOTCHECKEDOUT
01:30:31.003 [main] INFO  f.i.s.r.p.i.ProjectInspector - ----------------------------------------------------------------------
01:30:31.004 [main] INFO  f.i.s.repairnator.pipeline.Launcher - Inspector is finished. The process will exit now.
