20:50:59.805 [main] INFO  f.i.s.repairnator.pipeline.Launcher - PIPELINE VERSION: 3.0-2018-08-09 19:04
20:50:59.965 [main] INFO  f.i.s.repairnator.pipeline.Launcher - The pipeline will try to reproduce a bug from build 354067005 and its corresponding patch from build 355425441
20:50:59.966 [main] INFO  f.i.s.repairnator.pipeline.Launcher - Initialize file serializer engines.
20:50:59.969 [main] INFO  f.i.s.repairnator.pipeline.Launcher - MongoDB won't be used for serialization.
20:50:59.969 [main] INFO  f.i.s.repairnator.pipeline.Launcher - The email notifier engine won't be used.
20:50:59.974 [main] INFO  f.i.s.repairnator.pipeline.Launcher - Start by getting the build (buildId: 354067005) with the following config: RepairnatorConfig{runId='b8329044-fa38-406d-a987-171158d4cf73_03-18-week3-FAILING_AND_PASSING', launcherMode=BEARS, serializeJson=true, inputPath='null', outputPath='/var/log', mongodbHost='null', mongodbName='repairnator', smtpServer='null', notifyTo=[], notifyEndProcess=false, push=true, pushRemoteRepo='https://github.com/fermadeiral/bears-collection-fp', fork=false, lookFromDate=null, lookToDate=null, buildId=354067005, z3solverPath='./z3_for_linux', workspacePath='./workspace', githubToken='c8a341a903[...]', dockerImageName='null', skipDelete=false, createOutputDir=false, logDirectory='null', nbThreads=0, globalTimeout=0, whiteList=null, blackList=null, jobSleepTime=0, buildSleepTime=0, maxInspectedBuilds=0, duration=null, humanPatch=false, repository='null', clean=true, bearsMode=BOTH, bearsDelimiter = false, repairTools=NopolAllTests,NPEFix,AssertFixer,AstorJGenProg,AstorJKali,NopolSingleTest,AstorJMut,NopolTestExclusionStrategy, githubUserName= fermadeiral, githubUserEmail=fer.madeiral@gmail.com}
20:51:01.395 [main] DEBUG fr.inria.jtravis.helpers.BuildHelper - Get request to :https://api.travis-ci.org/build/354067005 done after 795 ms
20:51:01.732 [main] DEBUG fr.inria.jtravis.helpers.BuildHelper - Get request to :https://api.travis-ci.org/build/355425441 done after 237 ms
20:51:01.758 [main] INFO  f.i.s.repairnator.pipeline.Launcher - The patched build (355425441) was successfully retrieved from Travis.
20:51:02.878 [main] INFO  fr.inria.jtravis.JTravis - GitHub ratelimit: Limit: 5000 Remaining: 4657 Reset hour: 19:32:48
20:51:03.173 [main] INFO  f.i.s.r.p.i.ProjectInspector - ----------------------------------------------------------------------
20:51:03.174 [main] INFO  f.i.s.r.p.i.ProjectInspector - PIPELINE STEPS
20:51:03.174 [main] INFO  f.i.s.r.p.i.ProjectInspector - ----------------------------------------------------------------------
20:51:03.174 [main] INFO  f.i.s.r.p.i.ProjectInspector - CloneRepository
20:51:03.174 [main] INFO  f.i.s.r.p.i.ProjectInspector - CheckoutBuggyBuildCandidate
20:51:03.174 [main] INFO  f.i.s.r.p.i.ProjectInspector - ComputeSourceDir
20:51:03.175 [main] INFO  f.i.s.r.p.i.ProjectInspector - ComputeTestDir
20:51:03.175 [main] INFO  f.i.s.r.p.i.ProjectInspector - BuildProjectBuggyBuildCandidate
20:51:03.175 [main] INFO  f.i.s.r.p.i.ProjectInspector - TestProjectBuggyBuildCandidate
20:51:03.175 [main] INFO  f.i.s.r.p.i.ProjectInspector - GatherTestInformationBuggyBuildCandidate
20:51:03.175 [main] INFO  f.i.s.r.p.i.ProjectInspector - InitRepoToPush
20:51:03.176 [main] INFO  f.i.s.r.p.i.ProjectInspector - ComputeClasspath
20:51:03.176 [main] INFO  f.i.s.r.p.i.ProjectInspector - ComputeModules
20:51:03.176 [main] INFO  f.i.s.r.p.i.ProjectInspector - CheckoutPatchedBuildCandidate
20:51:03.176 [main] INFO  f.i.s.r.p.i.ProjectInspector - BuildProjectPatchedBuildCandidate
20:51:03.177 [main] INFO  f.i.s.r.p.i.ProjectInspector - TestProjectPatchedBuildCandidate
20:51:03.177 [main] INFO  f.i.s.r.p.i.ProjectInspector - GatherTestInformationPatchedBuildCandidate
20:51:03.177 [main] INFO  f.i.s.r.p.i.ProjectInspector - CommitPatch
20:51:03.177 [main] INFO  f.i.s.r.p.i.ProjectInspector - WritePropertyFile
20:51:03.178 [main] INFO  f.i.s.r.p.i.ProjectInspector - CommitProcessEnd
20:51:03.178 [main] INFO  f.i.s.r.p.i.ProjectInspector - PushProcessEnd
20:51:03.178 [main] DEBUG f.i.s.r.process.step.CloneRepository - ----------------------------------------------------------------------
20:51:03.179 [main] DEBUG f.i.s.r.process.step.CloneRepository - STEP 1/18: CloneRepository
20:51:03.179 [main] DEBUG f.i.s.r.process.step.CloneRepository - ----------------------------------------------------------------------
20:51:03.179 [main] DEBUG f.i.s.r.process.step.CloneRepository - Cloning repository prestodb/presto in the following directory: ./workspace/prestodb/presto/354067005
20:51:56.670 [main] DEBUG f.i.s.r.process.step.CloneRepository - STEP STATUS: [ CloneRepository : SUCCESS ]
20:51:56.671 [main] DEBUG f.i.s.r.process.step.CloneRepository - STEP DURATION: 53s
20:51:56.671 [main] DEBUG f.i.s.r.process.step.CloneRepository - EXECUTE NEXT STEP
20:51:56.671 [main] DEBUG f.i.s.r.p.s.c.CheckoutBuggyBuild - ----------------------------------------------------------------------
20:51:56.672 [main] DEBUG f.i.s.r.p.s.c.CheckoutBuggyBuild - STEP 2/18: CheckoutBuggyBuildCandidate
20:51:56.672 [main] DEBUG f.i.s.r.p.s.c.CheckoutBuggyBuild - ----------------------------------------------------------------------
20:51:56.672 [main] DEBUG f.i.s.r.p.s.c.CheckoutBuggyBuild - Checking out buggy build candidate...
20:51:57.040 [main] INFO  fr.inria.jtravis.JTravis - GitHub ratelimit: Limit: 5000 Remaining: 5000 Reset hour: 19:32:52
20:51:59.251 [main] DEBUG f.i.s.r.p.s.c.CheckoutBuggyBuild - Reproduce the PR for prestodb/presto by fetching remote branch and merging.
20:52:01.534 [main] ERROR f.i.s.r.p.s.c.CheckoutBuggyBuild - Error while testing commit: org.eclipse.jgit.errors.MissingObjectException: Missing unknown 8ccdb82f58b87e91c51239b49a995915dd39e76c
20:52:01.535 [main] ERROR f.i.s.r.p.s.c.CheckoutBuggyBuild - Commit head ref cannot be retrieved from the repository: 8ccdb82f58b87e91c51239b49a995915dd39e76c. Operation aborted.
20:52:01.535 [main] ERROR f.i.s.r.p.s.c.CheckoutBuggyBuild - Error while merging two commits to reproduce the PR.
20:52:01.536 [main] DEBUG f.i.s.r.p.s.c.CheckoutBuggyBuild - STEP STATUS: [ CheckoutBuggyBuildCandidate : FAILURE ( BUILDNOTCHECKEDOUT ) ]
20:52:01.537 [main] DEBUG f.i.s.r.p.s.c.CheckoutBuggyBuild - STEP DURATION: 4s
20:52:01.537 [main] DEBUG f.i.s.r.p.s.c.CheckoutBuggyBuild - TERMINATE PIPELINE
20:52:01.537 [main] DEBUG f.i.s.r.p.s.c.CheckoutBuggyBuild - FINAL STEPS SKIPPED: The reproduction of the bug and/or the patch failed.
20:52:01.538 [main] INFO  f.i.s.r.p.s.c.CheckoutBuggyBuild - Serialize all data for the pair of builds 354067005, 355425441
20:52:01.676 [main] INFO  fr.inria.jtravis.JTravis - GitHub ratelimit: Limit: 5000 Remaining: 4993 Reset hour: 19:32:52
20:52:03.002 [main] INFO  f.i.s.r.p.i.ProjectInspector - ----------------------------------------------------------------------
20:52:03.003 [main] INFO  f.i.s.r.p.i.ProjectInspector - PIPELINE EXECUTION SUMMARY
20:52:03.003 [main] INFO  f.i.s.r.p.i.ProjectInspector - ----------------------------------------------------------------------
20:52:03.003 [main] INFO  f.i.s.r.p.i.ProjectInspector - CloneRepository.......................................SUCCESS [ 53 s ]
20:52:03.003 [main] INFO  f.i.s.r.p.i.ProjectInspector - CheckoutBuggyBuildCandidate...........................FAILURE [  4 s ]
20:52:03.003 [main] INFO  f.i.s.r.p.i.ProjectInspector - ComputeSourceDir......................................NOT RUN         
20:52:03.004 [main] INFO  f.i.s.r.p.i.ProjectInspector - ComputeTestDir........................................NOT RUN         
20:52:03.004 [main] INFO  f.i.s.r.p.i.ProjectInspector - BuildProjectBuggyBuildCandidate.......................NOT RUN         
20:52:03.004 [main] INFO  f.i.s.r.p.i.ProjectInspector - TestProjectBuggyBuildCandidate........................NOT RUN         
20:52:03.004 [main] INFO  f.i.s.r.p.i.ProjectInspector - GatherTestInformationBuggyBuildCandidate..............NOT RUN         
20:52:03.004 [main] INFO  f.i.s.r.p.i.ProjectInspector - InitRepoToPush........................................NOT RUN         
20:52:03.005 [main] INFO  f.i.s.r.p.i.ProjectInspector - ComputeClasspath......................................NOT RUN         
20:52:03.005 [main] INFO  f.i.s.r.p.i.ProjectInspector - ComputeModules........................................NOT RUN         
20:52:03.005 [main] INFO  f.i.s.r.p.i.ProjectInspector - CheckoutPatchedBuildCandidate.........................NOT RUN         
20:52:03.005 [main] INFO  f.i.s.r.p.i.ProjectInspector - BuildProjectPatchedBuildCandidate.....................NOT RUN         
20:52:03.005 [main] INFO  f.i.s.r.p.i.ProjectInspector - TestProjectPatchedBuildCandidate......................NOT RUN         
20:52:03.006 [main] INFO  f.i.s.r.p.i.ProjectInspector - GatherTestInformationPatchedBuildCandidate............NOT RUN         
20:52:03.006 [main] INFO  f.i.s.r.p.i.ProjectInspector - CommitPatch...........................................NOT RUN         
20:52:03.006 [main] INFO  f.i.s.r.p.i.ProjectInspector - WritePropertyFile.....................................NOT RUN         
20:52:03.006 [main] INFO  f.i.s.r.p.i.ProjectInspector - CommitProcessEnd......................................NOT RUN         
20:52:03.006 [main] INFO  f.i.s.r.p.i.ProjectInspector - PushProcessEnd........................................NOT RUN         
20:52:03.006 [main] INFO  f.i.s.r.p.i.ProjectInspector - ----------------------------------------------------------------------
20:52:03.007 [main] INFO  f.i.s.r.p.i.ProjectInspector - PIPELINE FINDING: BUILDNOTCHECKEDOUT
20:52:03.007 [main] INFO  f.i.s.r.p.i.ProjectInspector - ----------------------------------------------------------------------
20:52:03.007 [main] INFO  f.i.s.repairnator.pipeline.Launcher - Inspector is finished. The process will exit now.
