23:21:09.205 [main] INFO  f.i.s.repairnator.pipeline.Launcher - PIPELINE VERSION: 3.0-2018-08-09 19:04
23:21:09.398 [main] INFO  f.i.s.repairnator.pipeline.Launcher - The pipeline will try to reproduce a bug from build 353682482 and its corresponding patch from build 353726709
23:21:09.399 [main] INFO  f.i.s.repairnator.pipeline.Launcher - Initialize file serializer engines.
23:21:09.401 [main] INFO  f.i.s.repairnator.pipeline.Launcher - MongoDB won't be used for serialization.
23:21:09.402 [main] INFO  f.i.s.repairnator.pipeline.Launcher - The email notifier engine won't be used.
23:21:09.409 [main] INFO  f.i.s.repairnator.pipeline.Launcher - Start by getting the build (buildId: 353682482) with the following config: RepairnatorConfig{runId='b8329044-fa38-406d-a987-171158d4cf73_03-18-week3-FAILING_AND_PASSING', launcherMode=BEARS, serializeJson=true, inputPath='null', outputPath='/var/log', mongodbHost='null', mongodbName='repairnator', smtpServer='null', notifyTo=[], notifyEndProcess=false, push=true, pushRemoteRepo='https://github.com/fermadeiral/bears-collection-fp', fork=false, lookFromDate=null, lookToDate=null, buildId=353682482, z3solverPath='./z3_for_linux', workspacePath='./workspace', githubToken='c8a341a903[...]', dockerImageName='null', skipDelete=false, createOutputDir=false, logDirectory='null', nbThreads=0, globalTimeout=0, whiteList=null, blackList=null, jobSleepTime=0, buildSleepTime=0, maxInspectedBuilds=0, duration=null, humanPatch=false, repository='null', clean=true, bearsMode=BOTH, bearsDelimiter = false, repairTools=NopolAllTests,NPEFix,AssertFixer,AstorJGenProg,AstorJKali,NopolSingleTest,AstorJMut,NopolTestExclusionStrategy, githubUserName= fermadeiral, githubUserEmail=fer.madeiral@gmail.com}
23:21:10.980 [main] DEBUG fr.inria.jtravis.helpers.BuildHelper - Get request to :https://api.travis-ci.org/build/353682482 done after 924 ms
23:21:11.274 [main] DEBUG fr.inria.jtravis.helpers.BuildHelper - Get request to :https://api.travis-ci.org/build/353726709 done after 135 ms
23:21:11.285 [main] INFO  f.i.s.repairnator.pipeline.Launcher - The patched build (353726709) was successfully retrieved from Travis.
23:21:13.546 [main] INFO  fr.inria.jtravis.JTravis - GitHub ratelimit: Limit: 5000 Remaining: 4752 Reset hour: 19:33:00
23:21:13.807 [main] INFO  f.i.s.r.p.i.ProjectInspector - ----------------------------------------------------------------------
23:21:13.807 [main] INFO  f.i.s.r.p.i.ProjectInspector - PIPELINE STEPS
23:21:13.807 [main] INFO  f.i.s.r.p.i.ProjectInspector - ----------------------------------------------------------------------
23:21:13.808 [main] INFO  f.i.s.r.p.i.ProjectInspector - CloneRepository
23:21:13.808 [main] INFO  f.i.s.r.p.i.ProjectInspector - CheckoutBuggyBuildCandidate
23:21:13.808 [main] INFO  f.i.s.r.p.i.ProjectInspector - ComputeSourceDir
23:21:13.808 [main] INFO  f.i.s.r.p.i.ProjectInspector - ComputeTestDir
23:21:13.808 [main] INFO  f.i.s.r.p.i.ProjectInspector - BuildProjectBuggyBuildCandidate
23:21:13.809 [main] INFO  f.i.s.r.p.i.ProjectInspector - TestProjectBuggyBuildCandidate
23:21:13.809 [main] INFO  f.i.s.r.p.i.ProjectInspector - GatherTestInformationBuggyBuildCandidate
23:21:13.809 [main] INFO  f.i.s.r.p.i.ProjectInspector - InitRepoToPush
23:21:13.811 [main] INFO  f.i.s.r.p.i.ProjectInspector - ComputeClasspath
23:21:13.811 [main] INFO  f.i.s.r.p.i.ProjectInspector - ComputeModules
23:21:13.812 [main] INFO  f.i.s.r.p.i.ProjectInspector - CheckoutPatchedBuildCandidate
23:21:13.812 [main] INFO  f.i.s.r.p.i.ProjectInspector - BuildProjectPatchedBuildCandidate
23:21:13.812 [main] INFO  f.i.s.r.p.i.ProjectInspector - TestProjectPatchedBuildCandidate
23:21:13.812 [main] INFO  f.i.s.r.p.i.ProjectInspector - GatherTestInformationPatchedBuildCandidate
23:21:13.812 [main] INFO  f.i.s.r.p.i.ProjectInspector - CommitPatch
23:21:13.813 [main] INFO  f.i.s.r.p.i.ProjectInspector - WritePropertyFile
23:21:13.813 [main] INFO  f.i.s.r.p.i.ProjectInspector - CommitProcessEnd
23:21:13.813 [main] INFO  f.i.s.r.p.i.ProjectInspector - PushProcessEnd
23:21:13.814 [main] DEBUG f.i.s.r.process.step.CloneRepository - ----------------------------------------------------------------------
23:21:13.814 [main] DEBUG f.i.s.r.process.step.CloneRepository - STEP 1/18: CloneRepository
23:21:13.815 [main] DEBUG f.i.s.r.process.step.CloneRepository - ----------------------------------------------------------------------
23:21:13.815 [main] DEBUG f.i.s.r.process.step.CloneRepository - Cloning repository apache/incubator-servicecomb-java-chassis in the following directory: ./workspace/apache/incubator-servicecomb-java-chassis/353682482
23:21:23.511 [main] DEBUG f.i.s.r.process.step.CloneRepository - STEP STATUS: [ CloneRepository : SUCCESS ]
23:21:23.511 [main] DEBUG f.i.s.r.process.step.CloneRepository - STEP DURATION: 9s
23:21:23.512 [main] DEBUG f.i.s.r.process.step.CloneRepository - EXECUTE NEXT STEP
23:21:23.512 [main] DEBUG f.i.s.r.p.s.c.CheckoutBuggyBuild - ----------------------------------------------------------------------
23:21:23.512 [main] DEBUG f.i.s.r.p.s.c.CheckoutBuggyBuild - STEP 2/18: CheckoutBuggyBuildCandidate
23:21:23.513 [main] DEBUG f.i.s.r.p.s.c.CheckoutBuggyBuild - ----------------------------------------------------------------------
23:21:23.513 [main] DEBUG f.i.s.r.p.s.c.CheckoutBuggyBuild - Checking out buggy build candidate...
23:21:23.828 [main] INFO  fr.inria.jtravis.JTravis - GitHub ratelimit: Limit: 5000 Remaining: 4744 Reset hour: 19:33:00
23:21:26.415 [main] DEBUG f.i.s.r.p.s.c.CheckoutBuggyBuild - Reproduce the PR for apache/incubator-servicecomb-java-chassis by fetching remote branch and merging.
23:21:27.680 [main] ERROR f.i.s.r.p.s.c.CheckoutBuggyBuild - Error while testing commit: org.eclipse.jgit.errors.MissingObjectException: Missing unknown 39955f94297a5fbd494dd4acc6d68796f43e7c0d
23:21:27.681 [main] ERROR f.i.s.r.p.s.c.CheckoutBuggyBuild - Commit head ref cannot be retrieved from the repository: 39955f94297a5fbd494dd4acc6d68796f43e7c0d. Operation aborted.
23:21:27.682 [main] ERROR f.i.s.r.p.s.c.CheckoutBuggyBuild - Error while merging two commits to reproduce the PR.
23:21:27.683 [main] DEBUG f.i.s.r.p.s.c.CheckoutBuggyBuild - STEP STATUS: [ CheckoutBuggyBuildCandidate : FAILURE ( BUILDNOTCHECKEDOUT ) ]
23:21:27.683 [main] DEBUG f.i.s.r.p.s.c.CheckoutBuggyBuild - STEP DURATION: 4s
23:21:27.683 [main] DEBUG f.i.s.r.p.s.c.CheckoutBuggyBuild - TERMINATE PIPELINE
23:21:27.684 [main] DEBUG f.i.s.r.p.s.c.CheckoutBuggyBuild - FINAL STEPS SKIPPED: The reproduction of the bug and/or the patch failed.
23:21:27.684 [main] INFO  f.i.s.r.p.s.c.CheckoutBuggyBuild - Serialize all data for the pair of builds 353682482, 353726709
23:21:27.804 [main] INFO  fr.inria.jtravis.JTravis - GitHub ratelimit: Limit: 5000 Remaining: 4737 Reset hour: 19:33:00
23:21:29.094 [main] INFO  f.i.s.r.p.i.ProjectInspector - ----------------------------------------------------------------------
23:21:29.095 [main] INFO  f.i.s.r.p.i.ProjectInspector - PIPELINE EXECUTION SUMMARY
23:21:29.095 [main] INFO  f.i.s.r.p.i.ProjectInspector - ----------------------------------------------------------------------
23:21:29.095 [main] INFO  f.i.s.r.p.i.ProjectInspector - CloneRepository........................................SUCCESS [ 9 s ]
23:21:29.096 [main] INFO  f.i.s.r.p.i.ProjectInspector - CheckoutBuggyBuildCandidate............................FAILURE [ 4 s ]
23:21:29.097 [main] INFO  f.i.s.r.p.i.ProjectInspector - ComputeSourceDir.......................................NOT RUN        
23:21:29.097 [main] INFO  f.i.s.r.p.i.ProjectInspector - ComputeTestDir.........................................NOT RUN        
23:21:29.097 [main] INFO  f.i.s.r.p.i.ProjectInspector - BuildProjectBuggyBuildCandidate........................NOT RUN        
23:21:29.098 [main] INFO  f.i.s.r.p.i.ProjectInspector - TestProjectBuggyBuildCandidate.........................NOT RUN        
23:21:29.098 [main] INFO  f.i.s.r.p.i.ProjectInspector - GatherTestInformationBuggyBuildCandidate...............NOT RUN        
23:21:29.098 [main] INFO  f.i.s.r.p.i.ProjectInspector - InitRepoToPush.........................................NOT RUN        
23:21:29.099 [main] INFO  f.i.s.r.p.i.ProjectInspector - ComputeClasspath.......................................NOT RUN        
23:21:29.100 [main] INFO  f.i.s.r.p.i.ProjectInspector - ComputeModules.........................................NOT RUN        
23:21:29.100 [main] INFO  f.i.s.r.p.i.ProjectInspector - CheckoutPatchedBuildCandidate..........................NOT RUN        
23:21:29.100 [main] INFO  f.i.s.r.p.i.ProjectInspector - BuildProjectPatchedBuildCandidate......................NOT RUN        
23:21:29.100 [main] INFO  f.i.s.r.p.i.ProjectInspector - TestProjectPatchedBuildCandidate.......................NOT RUN        
23:21:29.101 [main] INFO  f.i.s.r.p.i.ProjectInspector - GatherTestInformationPatchedBuildCandidate.............NOT RUN        
23:21:29.101 [main] INFO  f.i.s.r.p.i.ProjectInspector - CommitPatch............................................NOT RUN        
23:21:29.101 [main] INFO  f.i.s.r.p.i.ProjectInspector - WritePropertyFile......................................NOT RUN        
23:21:29.102 [main] INFO  f.i.s.r.p.i.ProjectInspector - CommitProcessEnd.......................................NOT RUN        
23:21:29.102 [main] INFO  f.i.s.r.p.i.ProjectInspector - PushProcessEnd.........................................NOT RUN        
23:21:29.102 [main] INFO  f.i.s.r.p.i.ProjectInspector - ----------------------------------------------------------------------
23:21:29.102 [main] INFO  f.i.s.r.p.i.ProjectInspector - PIPELINE FINDING: BUILDNOTCHECKEDOUT
23:21:29.103 [main] INFO  f.i.s.r.p.i.ProjectInspector - ----------------------------------------------------------------------
23:21:29.103 [main] INFO  f.i.s.repairnator.pipeline.Launcher - Inspector is finished. The process will exit now.
