23:21:32.630 [main] INFO  f.i.s.repairnator.pipeline.Launcher - PIPELINE VERSION: 3.0-2018-08-09 19:04
23:21:32.765 [main] INFO  f.i.s.repairnator.pipeline.Launcher - The pipeline will try to reproduce a bug from build 356201315 and its corresponding patch from build 356203104
23:21:32.765 [main] INFO  f.i.s.repairnator.pipeline.Launcher - Initialize file serializer engines.
23:21:32.767 [main] INFO  f.i.s.repairnator.pipeline.Launcher - MongoDB won't be used for serialization.
23:21:32.767 [main] INFO  f.i.s.repairnator.pipeline.Launcher - The email notifier engine won't be used.
23:21:32.770 [main] INFO  f.i.s.repairnator.pipeline.Launcher - Start by getting the build (buildId: 356201315) with the following config: RepairnatorConfig{runId='b8329044-fa38-406d-a987-171158d4cf73_03-18-week3-FAILING_AND_PASSING', launcherMode=BEARS, serializeJson=true, inputPath='null', outputPath='/var/log', mongodbHost='null', mongodbName='repairnator', smtpServer='null', notifyTo=[], notifyEndProcess=false, push=true, pushRemoteRepo='https://github.com/fermadeiral/bears-collection-fp', fork=false, lookFromDate=null, lookToDate=null, buildId=356201315, z3solverPath='./z3_for_linux', workspacePath='./workspace', githubToken='c8a341a903[...]', dockerImageName='null', skipDelete=false, createOutputDir=false, logDirectory='null', nbThreads=0, globalTimeout=0, whiteList=null, blackList=null, jobSleepTime=0, buildSleepTime=0, maxInspectedBuilds=0, duration=null, humanPatch=false, repository='null', clean=true, bearsMode=BOTH, bearsDelimiter = false, repairTools=NopolAllTests,NPEFix,AssertFixer,AstorJGenProg,AstorJKali,NopolSingleTest,AstorJMut,NopolTestExclusionStrategy, githubUserName= fermadeiral, githubUserEmail=fer.madeiral@gmail.com}
23:21:34.065 [main] DEBUG fr.inria.jtravis.helpers.BuildHelper - Get request to :https://api.travis-ci.org/build/356201315 done after 783 ms
23:21:34.319 [main] DEBUG fr.inria.jtravis.helpers.BuildHelper - Get request to :https://api.travis-ci.org/build/356203104 done after 150 ms
23:21:34.336 [main] INFO  f.i.s.repairnator.pipeline.Launcher - The patched build (356203104) was successfully retrieved from Travis.
23:21:35.368 [main] INFO  fr.inria.jtravis.JTravis - GitHub ratelimit: Limit: 5000 Remaining: 4734 Reset hour: 19:33:00
23:21:35.643 [main] INFO  f.i.s.r.p.i.ProjectInspector - ----------------------------------------------------------------------
23:21:35.643 [main] INFO  f.i.s.r.p.i.ProjectInspector - PIPELINE STEPS
23:21:35.643 [main] INFO  f.i.s.r.p.i.ProjectInspector - ----------------------------------------------------------------------
23:21:35.644 [main] INFO  f.i.s.r.p.i.ProjectInspector - CloneRepository
23:21:35.644 [main] INFO  f.i.s.r.p.i.ProjectInspector - CheckoutBuggyBuildCandidate
23:21:35.644 [main] INFO  f.i.s.r.p.i.ProjectInspector - ComputeSourceDir
23:21:35.644 [main] INFO  f.i.s.r.p.i.ProjectInspector - ComputeTestDir
23:21:35.644 [main] INFO  f.i.s.r.p.i.ProjectInspector - BuildProjectBuggyBuildCandidate
23:21:35.645 [main] INFO  f.i.s.r.p.i.ProjectInspector - TestProjectBuggyBuildCandidate
23:21:35.645 [main] INFO  f.i.s.r.p.i.ProjectInspector - GatherTestInformationBuggyBuildCandidate
23:21:35.645 [main] INFO  f.i.s.r.p.i.ProjectInspector - InitRepoToPush
23:21:35.645 [main] INFO  f.i.s.r.p.i.ProjectInspector - ComputeClasspath
23:21:35.645 [main] INFO  f.i.s.r.p.i.ProjectInspector - ComputeModules
23:21:35.645 [main] INFO  f.i.s.r.p.i.ProjectInspector - CheckoutPatchedBuildCandidate
23:21:35.646 [main] INFO  f.i.s.r.p.i.ProjectInspector - BuildProjectPatchedBuildCandidate
23:21:35.646 [main] INFO  f.i.s.r.p.i.ProjectInspector - TestProjectPatchedBuildCandidate
23:21:35.646 [main] INFO  f.i.s.r.p.i.ProjectInspector - GatherTestInformationPatchedBuildCandidate
23:21:35.646 [main] INFO  f.i.s.r.p.i.ProjectInspector - CommitPatch
23:21:35.646 [main] INFO  f.i.s.r.p.i.ProjectInspector - WritePropertyFile
23:21:35.646 [main] INFO  f.i.s.r.p.i.ProjectInspector - CommitProcessEnd
23:21:35.647 [main] INFO  f.i.s.r.p.i.ProjectInspector - PushProcessEnd
23:21:35.647 [main] DEBUG f.i.s.r.process.step.CloneRepository - ----------------------------------------------------------------------
23:21:35.647 [main] DEBUG f.i.s.r.process.step.CloneRepository - STEP 1/18: CloneRepository
23:21:35.647 [main] DEBUG f.i.s.r.process.step.CloneRepository - ----------------------------------------------------------------------
23:21:35.648 [main] DEBUG f.i.s.r.process.step.CloneRepository - Cloning repository runelite/runelite in the following directory: ./workspace/runelite/runelite/356201315
23:21:46.164 [main] DEBUG f.i.s.r.process.step.CloneRepository - STEP STATUS: [ CloneRepository : SUCCESS ]
23:21:46.164 [main] DEBUG f.i.s.r.process.step.CloneRepository - STEP DURATION: 10s
23:21:46.165 [main] DEBUG f.i.s.r.process.step.CloneRepository - EXECUTE NEXT STEP
23:21:46.165 [main] DEBUG f.i.s.r.p.s.c.CheckoutBuggyBuild - ----------------------------------------------------------------------
23:21:46.165 [main] DEBUG f.i.s.r.p.s.c.CheckoutBuggyBuild - STEP 2/18: CheckoutBuggyBuildCandidate
23:21:46.166 [main] DEBUG f.i.s.r.p.s.c.CheckoutBuggyBuild - ----------------------------------------------------------------------
23:21:46.166 [main] DEBUG f.i.s.r.p.s.c.CheckoutBuggyBuild - Checking out buggy build candidate...
23:21:46.479 [main] INFO  fr.inria.jtravis.JTravis - GitHub ratelimit: Limit: 5000 Remaining: 4733 Reset hour: 19:33:00
23:21:46.862 [main] WARN  f.i.j.helpers.PullRequestHelper - The head repository is null: maybe it has been deleted from GitHub
23:21:46.863 [main] ERROR f.i.s.r.p.s.c.CheckoutBuggyBuild - Error while getting PR information.
23:21:46.866 [main] DEBUG f.i.s.r.p.s.c.CheckoutBuggyBuild - STEP STATUS: [ CheckoutBuggyBuildCandidate : FAILURE ( BUILDNOTCHECKEDOUT ) ]
23:21:46.871 [main] DEBUG f.i.s.r.p.s.c.CheckoutBuggyBuild - STEP DURATION: 0s
23:21:46.871 [main] DEBUG f.i.s.r.p.s.c.CheckoutBuggyBuild - TERMINATE PIPELINE
23:21:46.872 [main] DEBUG f.i.s.r.p.s.c.CheckoutBuggyBuild - FINAL STEPS SKIPPED: The reproduction of the bug and/or the patch failed.
23:21:46.872 [main] INFO  f.i.s.r.p.s.c.CheckoutBuggyBuild - Serialize all data for the pair of builds 356201315, 356203104
23:21:46.991 [main] INFO  fr.inria.jtravis.JTravis - GitHub ratelimit: Limit: 5000 Remaining: 4731 Reset hour: 19:33:00
23:21:47.855 [main] INFO  f.i.s.r.p.i.ProjectInspector - ----------------------------------------------------------------------
23:21:47.855 [main] INFO  f.i.s.r.p.i.ProjectInspector - PIPELINE EXECUTION SUMMARY
23:21:47.856 [main] INFO  f.i.s.r.p.i.ProjectInspector - ----------------------------------------------------------------------
23:21:47.856 [main] INFO  f.i.s.r.p.i.ProjectInspector - CloneRepository.......................................SUCCESS [ 10 s ]
23:21:47.856 [main] INFO  f.i.s.r.p.i.ProjectInspector - CheckoutBuggyBuildCandidate...........................FAILURE [  0 s ]
23:21:47.857 [main] INFO  f.i.s.r.p.i.ProjectInspector - ComputeSourceDir......................................NOT RUN         
23:21:47.857 [main] INFO  f.i.s.r.p.i.ProjectInspector - ComputeTestDir........................................NOT RUN         
23:21:47.857 [main] INFO  f.i.s.r.p.i.ProjectInspector - BuildProjectBuggyBuildCandidate.......................NOT RUN         
23:21:47.857 [main] INFO  f.i.s.r.p.i.ProjectInspector - TestProjectBuggyBuildCandidate........................NOT RUN         
23:21:47.857 [main] INFO  f.i.s.r.p.i.ProjectInspector - GatherTestInformationBuggyBuildCandidate..............NOT RUN         
23:21:47.858 [main] INFO  f.i.s.r.p.i.ProjectInspector - InitRepoToPush........................................NOT RUN         
23:21:47.858 [main] INFO  f.i.s.r.p.i.ProjectInspector - ComputeClasspath......................................NOT RUN         
23:21:47.858 [main] INFO  f.i.s.r.p.i.ProjectInspector - ComputeModules........................................NOT RUN         
23:21:47.859 [main] INFO  f.i.s.r.p.i.ProjectInspector - CheckoutPatchedBuildCandidate.........................NOT RUN         
23:21:47.859 [main] INFO  f.i.s.r.p.i.ProjectInspector - BuildProjectPatchedBuildCandidate.....................NOT RUN         
23:21:47.859 [main] INFO  f.i.s.r.p.i.ProjectInspector - TestProjectPatchedBuildCandidate......................NOT RUN         
23:21:47.859 [main] INFO  f.i.s.r.p.i.ProjectInspector - GatherTestInformationPatchedBuildCandidate............NOT RUN         
23:21:47.860 [main] INFO  f.i.s.r.p.i.ProjectInspector - CommitPatch...........................................NOT RUN         
23:21:47.860 [main] INFO  f.i.s.r.p.i.ProjectInspector - WritePropertyFile.....................................NOT RUN         
23:21:47.860 [main] INFO  f.i.s.r.p.i.ProjectInspector - CommitProcessEnd......................................NOT RUN         
23:21:47.861 [main] INFO  f.i.s.r.p.i.ProjectInspector - PushProcessEnd........................................NOT RUN         
23:21:47.861 [main] INFO  f.i.s.r.p.i.ProjectInspector - ----------------------------------------------------------------------
23:21:47.861 [main] INFO  f.i.s.r.p.i.ProjectInspector - PIPELINE FINDING: BUILDNOTCHECKEDOUT
23:21:47.861 [main] INFO  f.i.s.r.p.i.ProjectInspector - ----------------------------------------------------------------------
23:21:47.862 [main] INFO  f.i.s.repairnator.pipeline.Launcher - Inspector is finished. The process will exit now.
