18:47:29.372 [main] INFO  f.i.s.repairnator.pipeline.Launcher - PIPELINE VERSION: 3.0-2018-08-09 19:04
18:47:29.522 [main] INFO  f.i.s.repairnator.pipeline.Launcher - The pipeline will try to reproduce a bug from build 352194859 and its corresponding patch from build 357662080
18:47:29.522 [main] INFO  f.i.s.repairnator.pipeline.Launcher - Initialize file serializer engines.
18:47:29.524 [main] INFO  f.i.s.repairnator.pipeline.Launcher - MongoDB won't be used for serialization.
18:47:29.524 [main] INFO  f.i.s.repairnator.pipeline.Launcher - The email notifier engine won't be used.
18:47:29.527 [main] INFO  f.i.s.repairnator.pipeline.Launcher - Start by getting the build (buildId: 352194859) with the following config: RepairnatorConfig{runId='2461c511-4012-473b-8e60-28377c2cdad5_03-18-week4-PASSING_AND_PASSING', launcherMode=BEARS, serializeJson=true, inputPath='null', outputPath='/var/log', mongodbHost='null', mongodbName='repairnator', smtpServer='null', notifyTo=[], notifyEndProcess=false, push=true, pushRemoteRepo='https://github.com/fermadeiral/bears-collection-pp', fork=false, lookFromDate=null, lookToDate=null, buildId=352194859, z3solverPath='./z3_for_linux', workspacePath='./workspace', githubToken='c8a341a903[...]', dockerImageName='null', skipDelete=false, createOutputDir=false, logDirectory='null', nbThreads=0, globalTimeout=0, whiteList=null, blackList=null, jobSleepTime=0, buildSleepTime=0, maxInspectedBuilds=0, duration=null, humanPatch=false, repository='null', clean=true, bearsMode=BOTH, bearsDelimiter = false, repairTools=NopolAllTests,NPEFix,AssertFixer,AstorJGenProg,AstorJKali,NopolSingleTest,AstorJMut,NopolTestExclusionStrategy, githubUserName= fermadeiral, githubUserEmail=fer.madeiral@gmail.com}
18:47:30.917 [main] DEBUG fr.inria.jtravis.helpers.BuildHelper - Get request to :https://api.travis-ci.org/build/352194859 done after 879 ms
18:47:31.227 [main] DEBUG fr.inria.jtravis.helpers.BuildHelper - Get request to :https://api.travis-ci.org/build/357662080 done after 205 ms
18:47:31.239 [main] INFO  f.i.s.repairnator.pipeline.Launcher - The patched build (357662080) was successfully retrieved from Travis.
18:47:32.244 [main] INFO  fr.inria.jtravis.JTravis - GitHub ratelimit: Limit: 5000 Remaining: 4562 Reset hour: 19:35:36
18:47:32.490 [main] INFO  f.i.s.r.p.i.ProjectInspector - ----------------------------------------------------------------------
18:47:32.490 [main] INFO  f.i.s.r.p.i.ProjectInspector - PIPELINE STEPS
18:47:32.491 [main] INFO  f.i.s.r.p.i.ProjectInspector - ----------------------------------------------------------------------
18:47:32.491 [main] INFO  f.i.s.r.p.i.ProjectInspector - CloneRepository
18:47:32.491 [main] INFO  f.i.s.r.p.i.ProjectInspector - CheckoutPatchedBuildCandidate
18:47:32.491 [main] INFO  f.i.s.r.p.i.ProjectInspector - ComputeSourceDir
18:47:32.491 [main] INFO  f.i.s.r.p.i.ProjectInspector - ComputeTestDir
18:47:32.492 [main] INFO  f.i.s.r.p.i.ProjectInspector - CheckoutBuggyBuildCandidateSourceCode
18:47:32.492 [main] INFO  f.i.s.r.p.i.ProjectInspector - BuildProjectBuggyBuildCandidateSourceCode
18:47:32.492 [main] INFO  f.i.s.r.p.i.ProjectInspector - TestProjectBuggyBuildCandidateSourceCode
18:47:32.492 [main] INFO  f.i.s.r.p.i.ProjectInspector - GatherTestInformationBuggyBuildCandidateSourceCode
18:47:32.493 [main] INFO  f.i.s.r.p.i.ProjectInspector - CheckoutBuggyBuildTestCode
18:47:32.493 [main] INFO  f.i.s.r.p.i.ProjectInspector - InitRepoToPush
18:47:32.493 [main] INFO  f.i.s.r.p.i.ProjectInspector - ComputeClasspath
18:47:32.493 [main] INFO  f.i.s.r.p.i.ProjectInspector - ComputeModules
18:47:32.494 [main] INFO  f.i.s.r.p.i.ProjectInspector - CheckoutBuggyBuildCandidateSourceCode
18:47:32.494 [main] INFO  f.i.s.r.p.i.ProjectInspector - CommitChangedTests
18:47:32.494 [main] INFO  f.i.s.r.p.i.ProjectInspector - CheckoutPatchedBuildCandidate
18:47:32.494 [main] INFO  f.i.s.r.p.i.ProjectInspector - BuildProjectPatchedBuildCandidate
18:47:32.495 [main] INFO  f.i.s.r.p.i.ProjectInspector - TestProjectPatchedBuildCandidate
18:47:32.495 [main] INFO  f.i.s.r.p.i.ProjectInspector - GatherTestInformationPatchedBuildCandidate
18:47:32.495 [main] INFO  f.i.s.r.p.i.ProjectInspector - CommitPatch
18:47:32.496 [main] INFO  f.i.s.r.p.i.ProjectInspector - WritePropertyFile
18:47:32.496 [main] INFO  f.i.s.r.p.i.ProjectInspector - CommitProcessEnd
18:47:32.497 [main] INFO  f.i.s.r.p.i.ProjectInspector - PushProcessEnd
18:47:32.497 [main] DEBUG f.i.s.r.process.step.CloneRepository - ----------------------------------------------------------------------
18:47:32.498 [main] DEBUG f.i.s.r.process.step.CloneRepository - STEP 1/22: CloneRepository
18:47:32.498 [main] DEBUG f.i.s.r.process.step.CloneRepository - ----------------------------------------------------------------------
18:47:32.498 [main] DEBUG f.i.s.r.process.step.CloneRepository - Cloning repository runelite/runelite in the following directory: ./workspace/runelite/runelite/352194859
18:47:45.148 [main] DEBUG f.i.s.r.process.step.CloneRepository - STEP STATUS: [ CloneRepository : SUCCESS ]
18:47:45.149 [main] DEBUG f.i.s.r.process.step.CloneRepository - STEP DURATION: 12s
18:47:45.149 [main] DEBUG f.i.s.r.process.step.CloneRepository - EXECUTE NEXT STEP
18:47:45.150 [main] DEBUG f.i.s.r.p.s.c.CheckoutPatchedBuild - ----------------------------------------------------------------------
18:47:45.151 [main] DEBUG f.i.s.r.p.s.c.CheckoutPatchedBuild - STEP 2/22: CheckoutPatchedBuildCandidate
18:47:45.151 [main] DEBUG f.i.s.r.p.s.c.CheckoutPatchedBuild - ----------------------------------------------------------------------
18:47:45.152 [main] DEBUG f.i.s.r.p.s.c.CheckoutPatchedBuild - Checking out patched build candidate...
18:47:45.507 [main] INFO  fr.inria.jtravis.JTravis - GitHub ratelimit: Limit: 5000 Remaining: 4534 Reset hour: 19:35:36
18:47:45.929 [main] WARN  f.i.j.helpers.PullRequestHelper - The head repository is null: maybe it has been deleted from GitHub
18:47:45.929 [main] ERROR f.i.s.r.p.s.c.CheckoutPatchedBuild - Error while getting PR information.
18:47:45.930 [main] DEBUG f.i.s.r.p.s.c.CheckoutPatchedBuild - STEP STATUS: [ CheckoutPatchedBuildCandidate : FAILURE ( BUILDNOTCHECKEDOUT ) ]
18:47:45.930 [main] DEBUG f.i.s.r.p.s.c.CheckoutPatchedBuild - STEP DURATION: 0s
18:47:45.930 [main] DEBUG f.i.s.r.p.s.c.CheckoutPatchedBuild - TERMINATE PIPELINE
18:47:45.930 [main] DEBUG f.i.s.r.p.s.c.CheckoutPatchedBuild - FINAL STEPS SKIPPED: The reproduction of the bug and/or the patch failed.
18:47:45.930 [main] INFO  f.i.s.r.p.s.c.CheckoutPatchedBuild - Serialize all data for the pair of builds 352194859, 357662080
18:47:46.065 [main] INFO  fr.inria.jtravis.JTravis - GitHub ratelimit: Limit: 5000 Remaining: 4531 Reset hour: 19:35:36
18:47:46.997 [main] INFO  f.i.s.r.p.i.ProjectInspector - ----------------------------------------------------------------------
18:47:46.997 [main] INFO  f.i.s.r.p.i.ProjectInspector - PIPELINE EXECUTION SUMMARY
18:47:46.997 [main] INFO  f.i.s.r.p.i.ProjectInspector - ----------------------------------------------------------------------
18:47:46.998 [main] INFO  f.i.s.r.p.i.ProjectInspector - CloneRepository.......................................SUCCESS [ 12 s ]
18:47:46.998 [main] INFO  f.i.s.r.p.i.ProjectInspector - CheckoutPatchedBuildCandidate.........................FAILURE [  0 s ]
18:47:46.998 [main] INFO  f.i.s.r.p.i.ProjectInspector - ComputeSourceDir......................................NOT RUN         
18:47:46.999 [main] INFO  f.i.s.r.p.i.ProjectInspector - ComputeTestDir........................................NOT RUN         
18:47:46.999 [main] INFO  f.i.s.r.p.i.ProjectInspector - CheckoutBuggyBuildCandidateSourceCode.................NOT RUN         
18:47:46.999 [main] INFO  f.i.s.r.p.i.ProjectInspector - BuildProjectBuggyBuildCandidateSourceCode.............NOT RUN         
18:47:47.000 [main] INFO  f.i.s.r.p.i.ProjectInspector - TestProjectBuggyBuildCandidateSourceCode..............NOT RUN         
18:47:47.001 [main] INFO  f.i.s.r.p.i.ProjectInspector - GatherTestInformationBuggyBuildCandidateSourceCode....NOT RUN         
18:47:47.001 [main] INFO  f.i.s.r.p.i.ProjectInspector - CheckoutBuggyBuildTestCode............................NOT RUN         
18:47:47.001 [main] INFO  f.i.s.r.p.i.ProjectInspector - InitRepoToPush........................................NOT RUN         
18:47:47.001 [main] INFO  f.i.s.r.p.i.ProjectInspector - ComputeClasspath......................................NOT RUN         
18:47:47.002 [main] INFO  f.i.s.r.p.i.ProjectInspector - ComputeModules........................................NOT RUN         
18:47:47.002 [main] INFO  f.i.s.r.p.i.ProjectInspector - CheckoutBuggyBuildCandidateSourceCode.................NOT RUN         
18:47:47.002 [main] INFO  f.i.s.r.p.i.ProjectInspector - CommitChangedTests....................................NOT RUN         
18:47:47.003 [main] INFO  f.i.s.r.p.i.ProjectInspector - CheckoutPatchedBuildCandidate.........................NOT RUN         
18:47:47.003 [main] INFO  f.i.s.r.p.i.ProjectInspector - BuildProjectPatchedBuildCandidate.....................NOT RUN         
18:47:47.003 [main] INFO  f.i.s.r.p.i.ProjectInspector - TestProjectPatchedBuildCandidate......................NOT RUN         
18:47:47.003 [main] INFO  f.i.s.r.p.i.ProjectInspector - GatherTestInformationPatchedBuildCandidate............NOT RUN         
18:47:47.004 [main] INFO  f.i.s.r.p.i.ProjectInspector - CommitPatch...........................................NOT RUN         
18:47:47.004 [main] INFO  f.i.s.r.p.i.ProjectInspector - WritePropertyFile.....................................NOT RUN         
18:47:47.004 [main] INFO  f.i.s.r.p.i.ProjectInspector - CommitProcessEnd......................................NOT RUN         
18:47:47.004 [main] INFO  f.i.s.r.p.i.ProjectInspector - PushProcessEnd........................................NOT RUN         
18:47:47.005 [main] INFO  f.i.s.r.p.i.ProjectInspector - ----------------------------------------------------------------------
18:47:47.005 [main] INFO  f.i.s.r.p.i.ProjectInspector - PIPELINE FINDING: BUILDNOTCHECKEDOUT
18:47:47.005 [main] INFO  f.i.s.r.p.i.ProjectInspector - ----------------------------------------------------------------------
18:47:47.006 [main] INFO  f.i.s.repairnator.pipeline.Launcher - Inspector is finished. The process will exit now.
