08:12:51.549 [main] INFO  f.i.s.repairnator.pipeline.Launcher - PIPELINE VERSION: 3.0-2018-08-09 19:04
08:12:51.743 [main] INFO  f.i.s.repairnator.pipeline.Launcher - The pipeline will try to reproduce a bug from build 355750214 and its corresponding patch from build 358286484
08:12:51.744 [main] INFO  f.i.s.repairnator.pipeline.Launcher - Initialize file serializer engines.
08:12:51.745 [main] INFO  f.i.s.repairnator.pipeline.Launcher - MongoDB won't be used for serialization.
08:12:51.746 [main] INFO  f.i.s.repairnator.pipeline.Launcher - The email notifier engine won't be used.
08:12:51.749 [main] INFO  f.i.s.repairnator.pipeline.Launcher - Start by getting the build (buildId: 355750214) with the following config: RepairnatorConfig{runId='2461c511-4012-473b-8e60-28377c2cdad5_03-18-week4-PASSING_AND_PASSING', launcherMode=BEARS, serializeJson=true, inputPath='null', outputPath='/var/log', mongodbHost='null', mongodbName='repairnator', smtpServer='null', notifyTo=[], notifyEndProcess=false, push=true, pushRemoteRepo='https://github.com/fermadeiral/bears-collection-pp', fork=false, lookFromDate=null, lookToDate=null, buildId=355750214, z3solverPath='./z3_for_linux', workspacePath='./workspace', githubToken='c8a341a903[...]', dockerImageName='null', skipDelete=false, createOutputDir=false, logDirectory='null', nbThreads=0, globalTimeout=0, whiteList=null, blackList=null, jobSleepTime=0, buildSleepTime=0, maxInspectedBuilds=0, duration=null, humanPatch=false, repository='null', clean=true, bearsMode=BOTH, bearsDelimiter = false, repairTools=NopolAllTests,NPEFix,AssertFixer,AstorJGenProg,AstorJKali,NopolSingleTest,AstorJMut,NopolTestExclusionStrategy, githubUserName= fermadeiral, githubUserEmail=fer.madeiral@gmail.com}
08:12:53.268 [main] DEBUG fr.inria.jtravis.helpers.BuildHelper - Get request to :https://api.travis-ci.org/build/355750214 done after 847 ms
08:12:53.515 [main] DEBUG fr.inria.jtravis.helpers.BuildHelper - Get request to :https://api.travis-ci.org/build/358286484 done after 134 ms
08:12:53.534 [main] INFO  f.i.s.repairnator.pipeline.Launcher - The patched build (358286484) was successfully retrieved from Travis.
08:12:54.716 [main] INFO  fr.inria.jtravis.JTravis - GitHub ratelimit: Limit: 5000 Remaining: 4311 Reset hour: 19:36:23
08:12:54.969 [main] INFO  f.i.s.r.p.i.ProjectInspector - ----------------------------------------------------------------------
08:12:54.970 [main] INFO  f.i.s.r.p.i.ProjectInspector - PIPELINE STEPS
08:12:54.970 [main] INFO  f.i.s.r.p.i.ProjectInspector - ----------------------------------------------------------------------
08:12:54.970 [main] INFO  f.i.s.r.p.i.ProjectInspector - CloneRepository
08:12:54.970 [main] INFO  f.i.s.r.p.i.ProjectInspector - CheckoutPatchedBuildCandidate
08:12:54.970 [main] INFO  f.i.s.r.p.i.ProjectInspector - ComputeSourceDir
08:12:54.970 [main] INFO  f.i.s.r.p.i.ProjectInspector - ComputeTestDir
08:12:54.971 [main] INFO  f.i.s.r.p.i.ProjectInspector - CheckoutBuggyBuildCandidateSourceCode
08:12:54.971 [main] INFO  f.i.s.r.p.i.ProjectInspector - BuildProjectBuggyBuildCandidateSourceCode
08:12:54.971 [main] INFO  f.i.s.r.p.i.ProjectInspector - TestProjectBuggyBuildCandidateSourceCode
08:12:54.971 [main] INFO  f.i.s.r.p.i.ProjectInspector - GatherTestInformationBuggyBuildCandidateSourceCode
08:12:54.972 [main] INFO  f.i.s.r.p.i.ProjectInspector - CheckoutBuggyBuildTestCode
08:12:54.972 [main] INFO  f.i.s.r.p.i.ProjectInspector - InitRepoToPush
08:12:54.972 [main] INFO  f.i.s.r.p.i.ProjectInspector - ComputeClasspath
08:12:54.972 [main] INFO  f.i.s.r.p.i.ProjectInspector - ComputeModules
08:12:54.972 [main] INFO  f.i.s.r.p.i.ProjectInspector - CheckoutBuggyBuildCandidateSourceCode
08:12:54.973 [main] INFO  f.i.s.r.p.i.ProjectInspector - CommitChangedTests
08:12:54.973 [main] INFO  f.i.s.r.p.i.ProjectInspector - CheckoutPatchedBuildCandidate
08:12:54.973 [main] INFO  f.i.s.r.p.i.ProjectInspector - BuildProjectPatchedBuildCandidate
08:12:54.973 [main] INFO  f.i.s.r.p.i.ProjectInspector - TestProjectPatchedBuildCandidate
08:12:54.974 [main] INFO  f.i.s.r.p.i.ProjectInspector - GatherTestInformationPatchedBuildCandidate
08:12:54.974 [main] INFO  f.i.s.r.p.i.ProjectInspector - CommitPatch
08:12:54.974 [main] INFO  f.i.s.r.p.i.ProjectInspector - WritePropertyFile
08:12:54.974 [main] INFO  f.i.s.r.p.i.ProjectInspector - CommitProcessEnd
08:12:54.975 [main] INFO  f.i.s.r.p.i.ProjectInspector - PushProcessEnd
08:12:54.975 [main] DEBUG f.i.s.r.process.step.CloneRepository - ----------------------------------------------------------------------
08:12:54.975 [main] DEBUG f.i.s.r.process.step.CloneRepository - STEP 1/22: CloneRepository
08:12:54.975 [main] DEBUG f.i.s.r.process.step.CloneRepository - ----------------------------------------------------------------------
08:12:54.976 [main] DEBUG f.i.s.r.process.step.CloneRepository - Cloning repository B3Partners/brmo in the following directory: ./workspace/B3Partners/brmo/355750214
08:14:22.195 [main] DEBUG f.i.s.r.process.step.CloneRepository - STEP STATUS: [ CloneRepository : SUCCESS ]
08:14:22.195 [main] DEBUG f.i.s.r.process.step.CloneRepository - STEP DURATION: 87s
08:14:22.195 [main] DEBUG f.i.s.r.process.step.CloneRepository - EXECUTE NEXT STEP
08:14:22.196 [main] DEBUG f.i.s.r.p.s.c.CheckoutPatchedBuild - ----------------------------------------------------------------------
08:14:22.196 [main] DEBUG f.i.s.r.p.s.c.CheckoutPatchedBuild - STEP 2/22: CheckoutPatchedBuildCandidate
08:14:22.196 [main] DEBUG f.i.s.r.p.s.c.CheckoutPatchedBuild - ----------------------------------------------------------------------
08:14:22.196 [main] DEBUG f.i.s.r.p.s.c.CheckoutPatchedBuild - Checking out patched build candidate...
08:14:22.211 [main] DEBUG f.i.s.r.p.s.c.CheckoutPatchedBuild - Get commit 6c6e7538f78d9286c904cd24c925a8a033b848dd for repo B3Partners/brmo
08:14:25.970 [main] INFO  f.i.s.r.process.git.GitHelper - Init git submodules.
08:14:26.369 [main] DEBUG f.i.s.r.p.s.c.CheckoutPatchedBuild - STEP STATUS: [ CheckoutPatchedBuildCandidate : SUCCESS ]
08:14:26.369 [main] DEBUG f.i.s.r.p.s.c.CheckoutPatchedBuild - STEP DURATION: 4s
08:14:26.370 [main] DEBUG f.i.s.r.p.s.c.CheckoutPatchedBuild - EXECUTE NEXT STEP
08:14:26.370 [main] DEBUG f.i.s.r.p.s.paths.ComputeSourceDir - ----------------------------------------------------------------------
08:14:26.370 [main] DEBUG f.i.s.r.p.s.paths.ComputeSourceDir - STEP 3/22: ComputeSourceDir
08:14:26.370 [main] DEBUG f.i.s.r.p.s.paths.ComputeSourceDir - ----------------------------------------------------------------------
08:14:26.370 [main] DEBUG f.i.s.r.p.s.paths.ComputeSourceDir - Computing the source directory ...
08:14:26.371 [main] DEBUG f.i.s.r.p.s.paths.ComputeSourceDir - The default source directory (/root/workspace/B3Partners/brmo/355750214/src/main/java) does not exist. Try to read pom.xml to get information.
08:14:26.649 [main] DEBUG f.i.s.r.p.s.paths.ComputeSourceDir - The source directory given in pom.xml (/root/workspace/B3Partners/brmo/355750214/src/main/java) does not exist. Continue to try to get source dir from all modules.
08:14:26.668 [main] DEBUG f.i.s.r.p.s.paths.ComputeSourceDir - The default source directory (/root/workspace/B3Partners/brmo/355750214/datamodel/src/main/java) does not exist. Try to read pom.xml to get information.
08:14:26.716 [main] DEBUG f.i.s.r.p.s.paths.ComputeSourceDir - The source directory given in pom.xml (/root/workspace/B3Partners/brmo/355750214/datamodel/src/main/java) does not exist. Continue to try to get source dir from all modules.
08:14:26.722 [main] ERROR f.i.s.r.p.s.paths.ComputeSourceDir - The source directory is not at default location or specified in build section from pom.xml, and no parent can be found.
08:14:26.871 [main] DEBUG f.i.s.r.p.s.paths.ComputeSourceDir - The default source directory (/root/workspace/B3Partners/brmo/355750214/brmo-dist/src/main/java) does not exist. Try to read pom.xml to get information.
08:14:26.892 [main] DEBUG f.i.s.r.p.s.paths.ComputeSourceDir - The source directory given in pom.xml (/root/workspace/B3Partners/brmo/355750214/brmo-dist/src/main/java) does not exist. Continue to try to get source dir from all modules.
08:14:26.892 [main] ERROR f.i.s.r.p.s.paths.ComputeSourceDir - The source directory is not at default location or specified in build section from pom.xml, and no parent can be found.
08:14:26.893 [main] INFO  f.i.s.r.p.s.paths.ComputeSourceDir - 13 source dirs were found:
08:14:26.893 [main] INFO  f.i.s.r.p.s.paths.ComputeSourceDir - /root/workspace/B3Partners/brmo/355750214/bgt-gml-loader/src/main/java
08:14:26.894 [main] INFO  f.i.s.r.p.s.paths.ComputeSourceDir - /root/workspace/B3Partners/brmo/355750214/brmo-commandline/src/main/java
08:14:26.894 [main] INFO  f.i.s.r.p.s.paths.ComputeSourceDir - /root/workspace/B3Partners/brmo/355750214/brmo-init-util/src/main/java
08:14:26.894 [main] INFO  f.i.s.r.p.s.paths.ComputeSourceDir - /root/workspace/B3Partners/brmo/355750214/brmo-loader/src/main/java
08:14:26.894 [main] INFO  f.i.s.r.p.s.paths.ComputeSourceDir - /root/workspace/B3Partners/brmo/355750214/brmo-persistence/src/main/java
08:14:26.895 [main] INFO  f.i.s.r.p.s.paths.ComputeSourceDir - /root/workspace/B3Partners/brmo/355750214/brmo-proxyservice/src/main/java
08:14:26.895 [main] INFO  f.i.s.r.p.s.paths.ComputeSourceDir - /root/workspace/B3Partners/brmo/355750214/brmo-service/src/main/java
08:14:26.895 [main] INFO  f.i.s.r.p.s.paths.ComputeSourceDir - /root/workspace/B3Partners/brmo/355750214/brmo-soap-util/src/main/java
08:14:26.896 [main] INFO  f.i.s.r.p.s.paths.ComputeSourceDir - /root/workspace/B3Partners/brmo/355750214/brmo-soap/src/main/java
08:14:26.896 [main] INFO  f.i.s.r.p.s.paths.ComputeSourceDir - /root/workspace/B3Partners/brmo/355750214/brmo-stufbg204/src/main/java
08:14:26.896 [main] INFO  f.i.s.r.p.s.paths.ComputeSourceDir - /root/workspace/B3Partners/brmo/355750214/brmo-taglib/src/main/java
08:14:26.896 [main] INFO  f.i.s.r.p.s.paths.ComputeSourceDir - /root/workspace/B3Partners/brmo/355750214/brmo-test-util/src/main/java
08:14:26.897 [main] INFO  f.i.s.r.p.s.paths.ComputeSourceDir - /root/workspace/B3Partners/brmo/355750214/topparser/src/main/java
08:14:26.942 [main] DEBUG f.i.s.r.p.s.paths.ComputeSourceDir - Compute the line of code of the project
08:14:27.150 [main] DEBUG f.i.s.r.p.s.paths.ComputeSourceDir - Get result from cloc process...
08:14:27.151 [main] DEBUG f.i.s.r.p.s.paths.ComputeSourceDir - STEP STATUS: [ ComputeSourceDir : SUCCESS ]
08:14:27.151 [main] DEBUG f.i.s.r.p.s.paths.ComputeSourceDir - STEP DURATION: 0s
08:14:27.151 [main] DEBUG f.i.s.r.p.s.paths.ComputeSourceDir - EXECUTE NEXT STEP
08:14:27.151 [main] DEBUG f.i.s.r.p.step.paths.ComputeTestDir - ----------------------------------------------------------------------
08:14:27.152 [main] DEBUG f.i.s.r.p.step.paths.ComputeTestDir - STEP 4/22: ComputeTestDir
08:14:27.152 [main] DEBUG f.i.s.r.p.step.paths.ComputeTestDir - ----------------------------------------------------------------------
08:14:27.152 [main] DEBUG f.i.s.r.p.step.paths.ComputeTestDir - Computing the test directory ...
08:14:27.153 [main] DEBUG f.i.s.r.p.step.paths.ComputeTestDir - The default test directory (/root/workspace/B3Partners/brmo/355750214/src/test/java) does not exist. Try to read pom.xml to get information.
08:14:27.158 [main] DEBUG f.i.s.r.p.step.paths.ComputeTestDir - The test directory given in pom.xml (/root/workspace/B3Partners/brmo/355750214/src/test/java) does not exist. Continue to try to get test dir from all modules.
08:14:27.168 [main] DEBUG f.i.s.r.p.step.paths.ComputeTestDir - The default test directory (/root/workspace/B3Partners/brmo/355750214/datamodel/src/test/java) does not exist. Try to read pom.xml to get information.
08:14:27.175 [main] DEBUG f.i.s.r.p.step.paths.ComputeTestDir - The test directory given in pom.xml (/root/workspace/B3Partners/brmo/355750214/datamodel/src/test/java) does not exist. Continue to try to get test dir from all modules.
08:14:27.176 [main] ERROR f.i.s.r.p.step.paths.ComputeTestDir - The test directory is not at default location or specified in build section from pom.xml, and no parent can be found.
08:14:27.176 [main] DEBUG f.i.s.r.p.step.paths.ComputeTestDir - The default test directory (/root/workspace/B3Partners/brmo/355750214/brmo-init-util/src/test/java) does not exist. Try to read pom.xml to get information.
08:14:27.184 [main] DEBUG f.i.s.r.p.step.paths.ComputeTestDir - The test directory given in pom.xml (/root/workspace/B3Partners/brmo/355750214/brmo-init-util/src/test/java) does not exist. Continue to try to get test dir from all modules.
08:14:27.190 [main] ERROR f.i.s.r.p.step.paths.ComputeTestDir - The test directory is not at default location or specified in build section from pom.xml, and no parent can be found.
08:14:27.281 [main] DEBUG f.i.s.r.p.step.paths.ComputeTestDir - The default test directory (/root/workspace/B3Partners/brmo/355750214/brmo-soap-util/src/test/java) does not exist. Try to read pom.xml to get information.
08:14:27.301 [main] DEBUG f.i.s.r.p.step.paths.ComputeTestDir - The test directory given in pom.xml (/root/workspace/B3Partners/brmo/355750214/brmo-soap-util/src/test/java) does not exist. Continue to try to get test dir from all modules.
08:14:27.301 [main] ERROR f.i.s.r.p.step.paths.ComputeTestDir - The test directory is not at default location or specified in build section from pom.xml, and no parent can be found.
08:14:27.313 [main] DEBUG f.i.s.r.p.step.paths.ComputeTestDir - The default test directory (/root/workspace/B3Partners/brmo/355750214/brmo-dist/src/test/java) does not exist. Try to read pom.xml to get information.
08:14:27.325 [main] DEBUG f.i.s.r.p.step.paths.ComputeTestDir - The test directory given in pom.xml (/root/workspace/B3Partners/brmo/355750214/brmo-dist/src/test/java) does not exist. Continue to try to get test dir from all modules.
08:14:27.325 [main] ERROR f.i.s.r.p.step.paths.ComputeTestDir - The test directory is not at default location or specified in build section from pom.xml, and no parent can be found.
08:14:27.325 [main] INFO  f.i.s.r.p.step.paths.ComputeTestDir - 11 test dirs were found:
08:14:27.325 [main] INFO  f.i.s.r.p.step.paths.ComputeTestDir - /root/workspace/B3Partners/brmo/355750214/bgt-gml-loader/src/test/java
08:14:27.325 [main] INFO  f.i.s.r.p.step.paths.ComputeTestDir - /root/workspace/B3Partners/brmo/355750214/brmo-commandline/src/test/java
08:14:27.330 [main] INFO  f.i.s.r.p.step.paths.ComputeTestDir - /root/workspace/B3Partners/brmo/355750214/brmo-loader/src/test/java
08:14:27.330 [main] INFO  f.i.s.r.p.step.paths.ComputeTestDir - /root/workspace/B3Partners/brmo/355750214/brmo-persistence/src/test/java
08:14:27.330 [main] INFO  f.i.s.r.p.step.paths.ComputeTestDir - /root/workspace/B3Partners/brmo/355750214/brmo-proxyservice/src/test/java
08:14:27.330 [main] INFO  f.i.s.r.p.step.paths.ComputeTestDir - /root/workspace/B3Partners/brmo/355750214/brmo-service/src/test/java
08:14:27.330 [main] INFO  f.i.s.r.p.step.paths.ComputeTestDir - /root/workspace/B3Partners/brmo/355750214/brmo-soap/src/test/java
08:14:27.331 [main] INFO  f.i.s.r.p.step.paths.ComputeTestDir - /root/workspace/B3Partners/brmo/355750214/brmo-stufbg204/src/test/java
08:14:27.331 [main] INFO  f.i.s.r.p.step.paths.ComputeTestDir - /root/workspace/B3Partners/brmo/355750214/brmo-taglib/src/test/java
08:14:27.331 [main] INFO  f.i.s.r.p.step.paths.ComputeTestDir - /root/workspace/B3Partners/brmo/355750214/brmo-test-util/src/test/java
08:14:27.331 [main] INFO  f.i.s.r.p.step.paths.ComputeTestDir - /root/workspace/B3Partners/brmo/355750214/topparser/src/test/java
08:14:27.335 [main] DEBUG f.i.s.r.p.step.paths.ComputeTestDir - STEP STATUS: [ ComputeTestDir : SUCCESS ]
08:14:27.335 [main] DEBUG f.i.s.r.p.step.paths.ComputeTestDir - STEP DURATION: 0s
08:14:27.336 [main] DEBUG f.i.s.r.p.step.paths.ComputeTestDir - EXECUTE NEXT STEP
08:14:27.336 [main] DEBUG f.i.s.r.p.s.c.CheckoutBuggyBuildSourceCode - ----------------------------------------------------------------------
08:14:27.336 [main] DEBUG f.i.s.r.p.s.c.CheckoutBuggyBuildSourceCode - STEP 5/22: CheckoutBuggyBuildCandidateSourceCode
08:14:27.336 [main] DEBUG f.i.s.r.p.s.c.CheckoutBuggyBuildSourceCode - ----------------------------------------------------------------------
08:14:27.336 [main] DEBUG f.i.s.r.p.s.c.CheckoutBuggyBuildSourceCode - Checking out the source code of the buggy build candidate...
08:14:27.346 [main] DEBUG f.i.s.r.p.s.c.CheckoutBuggyBuildSourceCode - Get commit 6c6e7538f78d9286c904cd24c925a8a033b848dd for repo B3Partners/brmo
08:14:27.570 [main] INFO  f.i.s.r.process.git.GitHelper - Init git submodules.
08:14:27.816 [main] ERROR f.i.s.r.p.s.c.CheckoutBuggyBuildSourceCode - Error while testing commit: org.eclipse.jgit.errors.MissingObjectException: Missing unknown 0de25d80a9944ca88f0afcd88d6ee75d49ca76a0
08:14:27.816 [main] ERROR f.i.s.r.p.s.c.CheckoutBuggyBuildSourceCode - Error while getting the commit to checkout from the repo.
08:14:27.818 [main] DEBUG f.i.s.r.p.s.c.CheckoutBuggyBuildSourceCode - STEP STATUS: [ CheckoutBuggyBuildCandidateSourceCode : FAILURE ( BUILDNOTCHECKEDOUT ) ]
08:14:27.819 [main] DEBUG f.i.s.r.p.s.c.CheckoutBuggyBuildSourceCode - STEP DURATION: 0s
08:14:27.819 [main] DEBUG f.i.s.r.p.s.c.CheckoutBuggyBuildSourceCode - TERMINATE PIPELINE
08:14:27.820 [main] DEBUG f.i.s.r.p.s.c.CheckoutBuggyBuildSourceCode - FINAL STEPS SKIPPED: The reproduction of the bug and/or the patch failed.
08:14:27.820 [main] INFO  f.i.s.r.p.s.c.CheckoutBuggyBuildSourceCode - Serialize all data for the pair of builds 355750214, 358286484
08:14:28.182 [main] INFO  fr.inria.jtravis.JTravis - GitHub ratelimit: Limit: 5000 Remaining: 4310 Reset hour: 19:36:23
08:14:28.984 [main] INFO  f.i.s.r.p.i.ProjectInspector - ----------------------------------------------------------------------
08:14:28.985 [main] INFO  f.i.s.r.p.i.ProjectInspector - PIPELINE EXECUTION SUMMARY
08:14:28.985 [main] INFO  f.i.s.r.p.i.ProjectInspector - ----------------------------------------------------------------------
08:14:28.985 [main] INFO  f.i.s.r.p.i.ProjectInspector - CloneRepository.......................................SUCCESS [ 87 s ]
08:14:28.985 [main] INFO  f.i.s.r.p.i.ProjectInspector - CheckoutPatchedBuildCandidate.........................SUCCESS [  4 s ]
08:14:28.985 [main] INFO  f.i.s.r.p.i.ProjectInspector - ComputeSourceDir......................................SUCCESS [  0 s ]
08:14:28.986 [main] INFO  f.i.s.r.p.i.ProjectInspector - ComputeTestDir........................................SUCCESS [  0 s ]
08:14:28.986 [main] INFO  f.i.s.r.p.i.ProjectInspector - CheckoutBuggyBuildCandidateSourceCode.................FAILURE [  0 s ]
08:14:28.986 [main] INFO  f.i.s.r.p.i.ProjectInspector - BuildProjectBuggyBuildCandidateSourceCode.............NOT RUN         
08:14:28.986 [main] INFO  f.i.s.r.p.i.ProjectInspector - TestProjectBuggyBuildCandidateSourceCode..............NOT RUN         
08:14:28.986 [main] INFO  f.i.s.r.p.i.ProjectInspector - GatherTestInformationBuggyBuildCandidateSourceCode....NOT RUN         
08:14:28.986 [main] INFO  f.i.s.r.p.i.ProjectInspector - CheckoutBuggyBuildTestCode............................NOT RUN         
08:14:28.987 [main] INFO  f.i.s.r.p.i.ProjectInspector - InitRepoToPush........................................NOT RUN         
08:14:28.987 [main] INFO  f.i.s.r.p.i.ProjectInspector - ComputeClasspath......................................NOT RUN         
08:14:28.987 [main] INFO  f.i.s.r.p.i.ProjectInspector - ComputeModules........................................NOT RUN         
08:14:28.987 [main] INFO  f.i.s.r.p.i.ProjectInspector - CheckoutBuggyBuildCandidateSourceCode.................NOT RUN         
08:14:28.987 [main] INFO  f.i.s.r.p.i.ProjectInspector - CommitChangedTests....................................NOT RUN         
08:14:28.987 [main] INFO  f.i.s.r.p.i.ProjectInspector - CheckoutPatchedBuildCandidate.........................NOT RUN         
08:14:28.988 [main] INFO  f.i.s.r.p.i.ProjectInspector - BuildProjectPatchedBuildCandidate.....................NOT RUN         
08:14:28.988 [main] INFO  f.i.s.r.p.i.ProjectInspector - TestProjectPatchedBuildCandidate......................NOT RUN         
08:14:28.988 [main] INFO  f.i.s.r.p.i.ProjectInspector - GatherTestInformationPatchedBuildCandidate............NOT RUN         
08:14:28.988 [main] INFO  f.i.s.r.p.i.ProjectInspector - CommitPatch...........................................NOT RUN         
08:14:28.988 [main] INFO  f.i.s.r.p.i.ProjectInspector - WritePropertyFile.....................................NOT RUN         
08:14:28.988 [main] INFO  f.i.s.r.p.i.ProjectInspector - CommitProcessEnd......................................NOT RUN         
08:14:28.988 [main] INFO  f.i.s.r.p.i.ProjectInspector - PushProcessEnd........................................NOT RUN         
08:14:28.989 [main] INFO  f.i.s.r.p.i.ProjectInspector - ----------------------------------------------------------------------
08:14:28.989 [main] INFO  f.i.s.r.p.i.ProjectInspector - PIPELINE FINDING: BUILDNOTCHECKEDOUT
08:14:28.989 [main] INFO  f.i.s.r.p.i.ProjectInspector - ----------------------------------------------------------------------
08:14:28.989 [main] INFO  f.i.s.repairnator.pipeline.Launcher - Inspector is finished. The process will exit now.
