23:50:57.273 [main] INFO  f.i.s.repairnator.pipeline.Launcher - PIPELINE VERSION: 3.0-2018-08-09 19:04
23:50:57.420 [main] INFO  f.i.s.repairnator.pipeline.Launcher - The pipeline will try to reproduce a bug from build 360589339 and its corresponding patch from build 360590063
23:50:57.421 [main] INFO  f.i.s.repairnator.pipeline.Launcher - Initialize file serializer engines.
23:50:57.422 [main] INFO  f.i.s.repairnator.pipeline.Launcher - MongoDB won't be used for serialization.
23:50:57.423 [main] INFO  f.i.s.repairnator.pipeline.Launcher - The email notifier engine won't be used.
23:50:57.425 [main] INFO  f.i.s.repairnator.pipeline.Launcher - Start by getting the build (buildId: 360589339) with the following config: RepairnatorConfig{runId='2461c511-4012-473b-8e60-28377c2cdad5_03-18-week4-PASSING_AND_PASSING', launcherMode=BEARS, serializeJson=true, inputPath='null', outputPath='/var/log', mongodbHost='null', mongodbName='repairnator', smtpServer='null', notifyTo=[], notifyEndProcess=false, push=true, pushRemoteRepo='https://github.com/fermadeiral/bears-collection-pp', fork=false, lookFromDate=null, lookToDate=null, buildId=360589339, z3solverPath='./z3_for_linux', workspacePath='./workspace', githubToken='c8a341a903[...]', dockerImageName='null', skipDelete=false, createOutputDir=false, logDirectory='null', nbThreads=0, globalTimeout=0, whiteList=null, blackList=null, jobSleepTime=0, buildSleepTime=0, maxInspectedBuilds=0, duration=null, humanPatch=false, repository='null', clean=true, bearsMode=BOTH, bearsDelimiter = false, repairTools=NopolAllTests,NPEFix,AssertFixer,AstorJGenProg,AstorJKali,NopolSingleTest,AstorJMut,NopolTestExclusionStrategy, githubUserName= fermadeiral, githubUserEmail=fer.madeiral@gmail.com}
23:50:58.600 [main] DEBUG fr.inria.jtravis.helpers.BuildHelper - Get request to :https://api.travis-ci.org/build/360589339 done after 754 ms
23:50:58.845 [main] DEBUG fr.inria.jtravis.helpers.BuildHelper - Get request to :https://api.travis-ci.org/build/360590063 done after 157 ms
23:50:58.870 [main] INFO  f.i.s.repairnator.pipeline.Launcher - The patched build (360590063) was successfully retrieved from Travis.
23:51:00.064 [main] INFO  fr.inria.jtravis.JTravis - GitHub ratelimit: Limit: 5000 Remaining: 4733 Reset hour: 19:35:53
23:51:00.310 [main] INFO  f.i.s.r.p.i.ProjectInspector - ----------------------------------------------------------------------
23:51:00.311 [main] INFO  f.i.s.r.p.i.ProjectInspector - PIPELINE STEPS
23:51:00.311 [main] INFO  f.i.s.r.p.i.ProjectInspector - ----------------------------------------------------------------------
23:51:00.311 [main] INFO  f.i.s.r.p.i.ProjectInspector - CloneRepository
23:51:00.311 [main] INFO  f.i.s.r.p.i.ProjectInspector - CheckoutPatchedBuildCandidate
23:51:00.311 [main] INFO  f.i.s.r.p.i.ProjectInspector - ComputeSourceDir
23:51:00.311 [main] INFO  f.i.s.r.p.i.ProjectInspector - ComputeTestDir
23:51:00.311 [main] INFO  f.i.s.r.p.i.ProjectInspector - CheckoutBuggyBuildCandidateSourceCode
23:51:00.311 [main] INFO  f.i.s.r.p.i.ProjectInspector - BuildProjectBuggyBuildCandidateSourceCode
23:51:00.312 [main] INFO  f.i.s.r.p.i.ProjectInspector - TestProjectBuggyBuildCandidateSourceCode
23:51:00.312 [main] INFO  f.i.s.r.p.i.ProjectInspector - GatherTestInformationBuggyBuildCandidateSourceCode
23:51:00.312 [main] INFO  f.i.s.r.p.i.ProjectInspector - CheckoutBuggyBuildTestCode
23:51:00.312 [main] INFO  f.i.s.r.p.i.ProjectInspector - InitRepoToPush
23:51:00.312 [main] INFO  f.i.s.r.p.i.ProjectInspector - ComputeClasspath
23:51:00.312 [main] INFO  f.i.s.r.p.i.ProjectInspector - ComputeModules
23:51:00.312 [main] INFO  f.i.s.r.p.i.ProjectInspector - CheckoutBuggyBuildCandidateSourceCode
23:51:00.312 [main] INFO  f.i.s.r.p.i.ProjectInspector - CommitChangedTests
23:51:00.313 [main] INFO  f.i.s.r.p.i.ProjectInspector - CheckoutPatchedBuildCandidate
23:51:00.313 [main] INFO  f.i.s.r.p.i.ProjectInspector - BuildProjectPatchedBuildCandidate
23:51:00.313 [main] INFO  f.i.s.r.p.i.ProjectInspector - TestProjectPatchedBuildCandidate
23:51:00.313 [main] INFO  f.i.s.r.p.i.ProjectInspector - GatherTestInformationPatchedBuildCandidate
23:51:00.313 [main] INFO  f.i.s.r.p.i.ProjectInspector - CommitPatch
23:51:00.314 [main] INFO  f.i.s.r.p.i.ProjectInspector - WritePropertyFile
23:51:00.314 [main] INFO  f.i.s.r.p.i.ProjectInspector - CommitProcessEnd
23:51:00.314 [main] INFO  f.i.s.r.p.i.ProjectInspector - PushProcessEnd
23:51:00.315 [main] DEBUG f.i.s.r.process.step.CloneRepository - ----------------------------------------------------------------------
23:51:00.315 [main] DEBUG f.i.s.r.process.step.CloneRepository - STEP 1/22: CloneRepository
23:51:00.315 [main] DEBUG f.i.s.r.process.step.CloneRepository - ----------------------------------------------------------------------
23:51:00.315 [main] DEBUG f.i.s.r.process.step.CloneRepository - Cloning repository StuPro-TOSCAna/TOSCAna in the following directory: ./workspace/StuPro-TOSCAna/TOSCAna/360589339
23:51:21.160 [main] DEBUG f.i.s.r.process.step.CloneRepository - STEP STATUS: [ CloneRepository : SUCCESS ]
23:51:21.160 [main] DEBUG f.i.s.r.process.step.CloneRepository - STEP DURATION: 20s
23:51:21.161 [main] DEBUG f.i.s.r.process.step.CloneRepository - EXECUTE NEXT STEP
23:51:21.161 [main] DEBUG f.i.s.r.p.s.c.CheckoutPatchedBuild - ----------------------------------------------------------------------
23:51:21.162 [main] DEBUG f.i.s.r.p.s.c.CheckoutPatchedBuild - STEP 2/22: CheckoutPatchedBuildCandidate
23:51:21.162 [main] DEBUG f.i.s.r.p.s.c.CheckoutPatchedBuild - ----------------------------------------------------------------------
23:51:21.162 [main] DEBUG f.i.s.r.p.s.c.CheckoutPatchedBuild - Checking out patched build candidate...
23:51:21.171 [main] ERROR f.i.s.r.p.s.c.CheckoutPatchedBuild - Error while testing commit: org.eclipse.jgit.errors.MissingObjectException: Missing unknown cdb7e0fa111a6429d8d7cd91b58420d7a7e4f90c
23:51:21.172 [main] ERROR f.i.s.r.p.s.c.CheckoutPatchedBuild - Error while getting the commit to checkout from the repo.
23:51:21.173 [main] DEBUG f.i.s.r.p.s.c.CheckoutPatchedBuild - STEP STATUS: [ CheckoutPatchedBuildCandidate : FAILURE ( BUILDNOTCHECKEDOUT ) ]
23:51:21.173 [main] DEBUG f.i.s.r.p.s.c.CheckoutPatchedBuild - STEP DURATION: 0s
23:51:21.174 [main] DEBUG f.i.s.r.p.s.c.CheckoutPatchedBuild - TERMINATE PIPELINE
23:51:21.174 [main] DEBUG f.i.s.r.p.s.c.CheckoutPatchedBuild - FINAL STEPS SKIPPED: The reproduction of the bug and/or the patch failed.
23:51:21.175 [main] INFO  f.i.s.r.p.s.c.CheckoutPatchedBuild - Serialize all data for the pair of builds 360589339, 360590063
23:51:21.509 [main] INFO  fr.inria.jtravis.JTravis - GitHub ratelimit: Limit: 5000 Remaining: 4726 Reset hour: 19:35:53
23:51:22.637 [main] INFO  f.i.s.r.p.i.ProjectInspector - ----------------------------------------------------------------------
23:51:22.638 [main] INFO  f.i.s.r.p.i.ProjectInspector - PIPELINE EXECUTION SUMMARY
23:51:22.638 [main] INFO  f.i.s.r.p.i.ProjectInspector - ----------------------------------------------------------------------
23:51:22.638 [main] INFO  f.i.s.r.p.i.ProjectInspector - CloneRepository.......................................SUCCESS [ 20 s ]
23:51:22.638 [main] INFO  f.i.s.r.p.i.ProjectInspector - CheckoutPatchedBuildCandidate.........................FAILURE [  0 s ]
23:51:22.639 [main] INFO  f.i.s.r.p.i.ProjectInspector - ComputeSourceDir......................................NOT RUN         
23:51:22.639 [main] INFO  f.i.s.r.p.i.ProjectInspector - ComputeTestDir........................................NOT RUN         
23:51:22.639 [main] INFO  f.i.s.r.p.i.ProjectInspector - CheckoutBuggyBuildCandidateSourceCode.................NOT RUN         
23:51:22.639 [main] INFO  f.i.s.r.p.i.ProjectInspector - BuildProjectBuggyBuildCandidateSourceCode.............NOT RUN         
23:51:22.639 [main] INFO  f.i.s.r.p.i.ProjectInspector - TestProjectBuggyBuildCandidateSourceCode..............NOT RUN         
23:51:22.639 [main] INFO  f.i.s.r.p.i.ProjectInspector - GatherTestInformationBuggyBuildCandidateSourceCode....NOT RUN         
23:51:22.639 [main] INFO  f.i.s.r.p.i.ProjectInspector - CheckoutBuggyBuildTestCode............................NOT RUN         
23:51:22.640 [main] INFO  f.i.s.r.p.i.ProjectInspector - InitRepoToPush........................................NOT RUN         
23:51:22.640 [main] INFO  f.i.s.r.p.i.ProjectInspector - ComputeClasspath......................................NOT RUN         
23:51:22.640 [main] INFO  f.i.s.r.p.i.ProjectInspector - ComputeModules........................................NOT RUN         
23:51:22.640 [main] INFO  f.i.s.r.p.i.ProjectInspector - CheckoutBuggyBuildCandidateSourceCode.................NOT RUN         
23:51:22.640 [main] INFO  f.i.s.r.p.i.ProjectInspector - CommitChangedTests....................................NOT RUN         
23:51:22.640 [main] INFO  f.i.s.r.p.i.ProjectInspector - CheckoutPatchedBuildCandidate.........................NOT RUN         
23:51:22.641 [main] INFO  f.i.s.r.p.i.ProjectInspector - BuildProjectPatchedBuildCandidate.....................NOT RUN         
23:51:22.641 [main] INFO  f.i.s.r.p.i.ProjectInspector - TestProjectPatchedBuildCandidate......................NOT RUN         
23:51:22.641 [main] INFO  f.i.s.r.p.i.ProjectInspector - GatherTestInformationPatchedBuildCandidate............NOT RUN         
23:51:22.641 [main] INFO  f.i.s.r.p.i.ProjectInspector - CommitPatch...........................................NOT RUN         
23:51:22.641 [main] INFO  f.i.s.r.p.i.ProjectInspector - WritePropertyFile.....................................NOT RUN         
23:51:22.641 [main] INFO  f.i.s.r.p.i.ProjectInspector - CommitProcessEnd......................................NOT RUN         
23:51:22.642 [main] INFO  f.i.s.r.p.i.ProjectInspector - PushProcessEnd........................................NOT RUN         
23:51:22.642 [main] INFO  f.i.s.r.p.i.ProjectInspector - ----------------------------------------------------------------------
23:51:22.642 [main] INFO  f.i.s.r.p.i.ProjectInspector - PIPELINE FINDING: BUILDNOTCHECKEDOUT
23:51:22.642 [main] INFO  f.i.s.r.p.i.ProjectInspector - ----------------------------------------------------------------------
23:51:22.642 [main] INFO  f.i.s.repairnator.pipeline.Launcher - Inspector is finished. The process will exit now.
