19:00:24.847 [main] INFO  f.i.s.repairnator.pipeline.Launcher - PIPELINE VERSION: 3.0-2018-08-09 19:04
19:00:24.978 [main] INFO  f.i.s.repairnator.pipeline.Launcher - The pipeline will try to reproduce a bug from build 356630832 and its corresponding patch from build 357010828
19:00:24.979 [main] INFO  f.i.s.repairnator.pipeline.Launcher - Initialize file serializer engines.
19:00:24.980 [main] INFO  f.i.s.repairnator.pipeline.Launcher - MongoDB won't be used for serialization.
19:00:24.981 [main] INFO  f.i.s.repairnator.pipeline.Launcher - The email notifier engine won't be used.
19:00:24.984 [main] INFO  f.i.s.repairnator.pipeline.Launcher - Start by getting the build (buildId: 356630832) with the following config: RepairnatorConfig{runId='2461c511-4012-473b-8e60-28377c2cdad5_03-18-week4-PASSING_AND_PASSING', launcherMode=BEARS, serializeJson=true, inputPath='null', outputPath='/var/log', mongodbHost='null', mongodbName='repairnator', smtpServer='null', notifyTo=[], notifyEndProcess=false, push=true, pushRemoteRepo='https://github.com/fermadeiral/bears-collection-pp', fork=false, lookFromDate=null, lookToDate=null, buildId=356630832, z3solverPath='./z3_for_linux', workspacePath='./workspace', githubToken='c8a341a903[...]', dockerImageName='null', skipDelete=false, createOutputDir=false, logDirectory='null', nbThreads=0, globalTimeout=0, whiteList=null, blackList=null, jobSleepTime=0, buildSleepTime=0, maxInspectedBuilds=0, duration=null, humanPatch=false, repository='null', clean=true, bearsMode=BOTH, bearsDelimiter = false, repairTools=NopolAllTests,NPEFix,AssertFixer,AstorJGenProg,AstorJKali,NopolSingleTest,AstorJMut,NopolTestExclusionStrategy, githubUserName= fermadeiral, githubUserEmail=fer.madeiral@gmail.com}
19:00:26.152 [main] DEBUG fr.inria.jtravis.helpers.BuildHelper - Get request to :https://api.travis-ci.org/build/356630832 done after 748 ms
19:00:26.423 [main] DEBUG fr.inria.jtravis.helpers.BuildHelper - Get request to :https://api.travis-ci.org/build/357010828 done after 132 ms
19:00:26.446 [main] INFO  f.i.s.repairnator.pipeline.Launcher - The patched build (357010828) was successfully retrieved from Travis.
19:00:27.694 [main] INFO  fr.inria.jtravis.JTravis - GitHub ratelimit: Limit: 5000 Remaining: 4322 Reset hour: 19:35:36
19:00:27.957 [main] INFO  f.i.s.r.p.i.ProjectInspector - ----------------------------------------------------------------------
19:00:27.957 [main] INFO  f.i.s.r.p.i.ProjectInspector - PIPELINE STEPS
19:00:27.957 [main] INFO  f.i.s.r.p.i.ProjectInspector - ----------------------------------------------------------------------
19:00:27.957 [main] INFO  f.i.s.r.p.i.ProjectInspector - CloneRepository
19:00:27.957 [main] INFO  f.i.s.r.p.i.ProjectInspector - CheckoutPatchedBuildCandidate
19:00:27.957 [main] INFO  f.i.s.r.p.i.ProjectInspector - ComputeSourceDir
19:00:27.958 [main] INFO  f.i.s.r.p.i.ProjectInspector - ComputeTestDir
19:00:27.958 [main] INFO  f.i.s.r.p.i.ProjectInspector - CheckoutBuggyBuildCandidateSourceCode
19:00:27.958 [main] INFO  f.i.s.r.p.i.ProjectInspector - BuildProjectBuggyBuildCandidateSourceCode
19:00:27.958 [main] INFO  f.i.s.r.p.i.ProjectInspector - TestProjectBuggyBuildCandidateSourceCode
19:00:27.958 [main] INFO  f.i.s.r.p.i.ProjectInspector - GatherTestInformationBuggyBuildCandidateSourceCode
19:00:27.958 [main] INFO  f.i.s.r.p.i.ProjectInspector - CheckoutBuggyBuildTestCode
19:00:27.958 [main] INFO  f.i.s.r.p.i.ProjectInspector - InitRepoToPush
19:00:27.959 [main] INFO  f.i.s.r.p.i.ProjectInspector - ComputeClasspath
19:00:27.959 [main] INFO  f.i.s.r.p.i.ProjectInspector - ComputeModules
19:00:27.959 [main] INFO  f.i.s.r.p.i.ProjectInspector - CheckoutBuggyBuildCandidateSourceCode
19:00:27.959 [main] INFO  f.i.s.r.p.i.ProjectInspector - CommitChangedTests
19:00:27.959 [main] INFO  f.i.s.r.p.i.ProjectInspector - CheckoutPatchedBuildCandidate
19:00:27.959 [main] INFO  f.i.s.r.p.i.ProjectInspector - BuildProjectPatchedBuildCandidate
19:00:27.959 [main] INFO  f.i.s.r.p.i.ProjectInspector - TestProjectPatchedBuildCandidate
19:00:27.959 [main] INFO  f.i.s.r.p.i.ProjectInspector - GatherTestInformationPatchedBuildCandidate
19:00:27.960 [main] INFO  f.i.s.r.p.i.ProjectInspector - CommitPatch
19:00:27.960 [main] INFO  f.i.s.r.p.i.ProjectInspector - WritePropertyFile
19:00:27.961 [main] INFO  f.i.s.r.p.i.ProjectInspector - CommitProcessEnd
19:00:27.961 [main] INFO  f.i.s.r.p.i.ProjectInspector - PushProcessEnd
19:00:27.961 [main] DEBUG f.i.s.r.process.step.CloneRepository - ----------------------------------------------------------------------
19:00:27.961 [main] DEBUG f.i.s.r.process.step.CloneRepository - STEP 1/22: CloneRepository
19:00:27.962 [main] DEBUG f.i.s.r.process.step.CloneRepository - ----------------------------------------------------------------------
19:00:27.962 [main] DEBUG f.i.s.r.process.step.CloneRepository - Cloning repository CorfuDB/CorfuDB in the following directory: ./workspace/CorfuDB/CorfuDB/356630832
19:04:39.484 [main] DEBUG f.i.s.r.process.step.CloneRepository - STEP STATUS: [ CloneRepository : SUCCESS ]
19:04:39.485 [main] DEBUG f.i.s.r.process.step.CloneRepository - STEP DURATION: 251s
19:04:39.485 [main] DEBUG f.i.s.r.process.step.CloneRepository - EXECUTE NEXT STEP
19:04:39.486 [main] DEBUG f.i.s.r.p.s.c.CheckoutPatchedBuild - ----------------------------------------------------------------------
19:04:39.486 [main] DEBUG f.i.s.r.p.s.c.CheckoutPatchedBuild - STEP 2/22: CheckoutPatchedBuildCandidate
19:04:39.487 [main] DEBUG f.i.s.r.p.s.c.CheckoutPatchedBuild - ----------------------------------------------------------------------
19:04:39.487 [main] DEBUG f.i.s.r.p.s.c.CheckoutPatchedBuild - Checking out patched build candidate...
19:04:39.579 [main] ERROR f.i.s.r.p.s.c.CheckoutPatchedBuild - Error while testing commit: org.eclipse.jgit.errors.MissingObjectException: Missing unknown 92b5542fd7e17efd69c88518313f8e1fddf6e5b9
19:04:39.579 [main] ERROR f.i.s.r.p.s.c.CheckoutPatchedBuild - Error while getting the commit to checkout from the repo.
19:04:39.581 [main] DEBUG f.i.s.r.p.s.c.CheckoutPatchedBuild - STEP STATUS: [ CheckoutPatchedBuildCandidate : FAILURE ( BUILDNOTCHECKEDOUT ) ]
19:04:39.581 [main] DEBUG f.i.s.r.p.s.c.CheckoutPatchedBuild - STEP DURATION: 0s
19:04:39.582 [main] DEBUG f.i.s.r.p.s.c.CheckoutPatchedBuild - TERMINATE PIPELINE
19:04:39.582 [main] DEBUG f.i.s.r.p.s.c.CheckoutPatchedBuild - FINAL STEPS SKIPPED: The reproduction of the bug and/or the patch failed.
19:04:39.582 [main] INFO  f.i.s.r.p.s.c.CheckoutPatchedBuild - Serialize all data for the pair of builds 356630832, 357010828
19:04:40.044 [main] INFO  fr.inria.jtravis.JTravis - GitHub ratelimit: Limit: 5000 Remaining: 4291 Reset hour: 19:35:36
19:04:40.599 [main] INFO  f.i.s.r.p.i.ProjectInspector - ----------------------------------------------------------------------
19:04:40.599 [main] INFO  f.i.s.r.p.i.ProjectInspector - PIPELINE EXECUTION SUMMARY
19:04:40.599 [main] INFO  f.i.s.r.p.i.ProjectInspector - ----------------------------------------------------------------------
19:04:40.599 [main] INFO  f.i.s.r.p.i.ProjectInspector - CloneRepository......................................SUCCESS [ 251 s ]
19:04:40.600 [main] INFO  f.i.s.r.p.i.ProjectInspector - CheckoutPatchedBuildCandidate........................FAILURE [   0 s ]
19:04:40.600 [main] INFO  f.i.s.r.p.i.ProjectInspector - ComputeSourceDir.....................................NOT RUN          
19:04:40.600 [main] INFO  f.i.s.r.p.i.ProjectInspector - ComputeTestDir.......................................NOT RUN          
19:04:40.600 [main] INFO  f.i.s.r.p.i.ProjectInspector - CheckoutBuggyBuildCandidateSourceCode................NOT RUN          
19:04:40.602 [main] INFO  f.i.s.r.p.i.ProjectInspector - BuildProjectBuggyBuildCandidateSourceCode............NOT RUN          
19:04:40.602 [main] INFO  f.i.s.r.p.i.ProjectInspector - TestProjectBuggyBuildCandidateSourceCode.............NOT RUN          
19:04:40.603 [main] INFO  f.i.s.r.p.i.ProjectInspector - GatherTestInformationBuggyBuildCandidateSourceCode...NOT RUN          
19:04:40.603 [main] INFO  f.i.s.r.p.i.ProjectInspector - CheckoutBuggyBuildTestCode...........................NOT RUN          
19:04:40.603 [main] INFO  f.i.s.r.p.i.ProjectInspector - InitRepoToPush.......................................NOT RUN          
19:04:40.603 [main] INFO  f.i.s.r.p.i.ProjectInspector - ComputeClasspath.....................................NOT RUN          
19:04:40.603 [main] INFO  f.i.s.r.p.i.ProjectInspector - ComputeModules.......................................NOT RUN          
19:04:40.603 [main] INFO  f.i.s.r.p.i.ProjectInspector - CheckoutBuggyBuildCandidateSourceCode................NOT RUN          
19:04:40.603 [main] INFO  f.i.s.r.p.i.ProjectInspector - CommitChangedTests...................................NOT RUN          
19:04:40.603 [main] INFO  f.i.s.r.p.i.ProjectInspector - CheckoutPatchedBuildCandidate........................NOT RUN          
19:04:40.603 [main] INFO  f.i.s.r.p.i.ProjectInspector - BuildProjectPatchedBuildCandidate....................NOT RUN          
19:04:40.604 [main] INFO  f.i.s.r.p.i.ProjectInspector - TestProjectPatchedBuildCandidate.....................NOT RUN          
19:04:40.604 [main] INFO  f.i.s.r.p.i.ProjectInspector - GatherTestInformationPatchedBuildCandidate...........NOT RUN          
19:04:40.604 [main] INFO  f.i.s.r.p.i.ProjectInspector - CommitPatch..........................................NOT RUN          
19:04:40.604 [main] INFO  f.i.s.r.p.i.ProjectInspector - WritePropertyFile....................................NOT RUN          
19:04:40.604 [main] INFO  f.i.s.r.p.i.ProjectInspector - CommitProcessEnd.....................................NOT RUN          
19:04:40.604 [main] INFO  f.i.s.r.p.i.ProjectInspector - PushProcessEnd.......................................NOT RUN          
19:04:40.604 [main] INFO  f.i.s.r.p.i.ProjectInspector - ----------------------------------------------------------------------
19:04:40.605 [main] INFO  f.i.s.r.p.i.ProjectInspector - PIPELINE FINDING: BUILDNOTCHECKEDOUT
19:04:40.605 [main] INFO  f.i.s.r.p.i.ProjectInspector - ----------------------------------------------------------------------
19:04:40.605 [main] INFO  f.i.s.repairnator.pipeline.Launcher - Inspector is finished. The process will exit now.
