06:37:42.025 [main] INFO  f.i.s.repairnator.pipeline.Launcher - PIPELINE VERSION: 3.0-2018-08-09 19:04
06:37:42.205 [main] INFO  f.i.s.repairnator.pipeline.Launcher - The pipeline will try to reproduce a bug from build 358998830 and its corresponding patch from build 359038269
06:37:42.206 [main] INFO  f.i.s.repairnator.pipeline.Launcher - Initialize file serializer engines.
06:37:42.210 [main] INFO  f.i.s.repairnator.pipeline.Launcher - MongoDB won't be used for serialization.
06:37:42.210 [main] INFO  f.i.s.repairnator.pipeline.Launcher - The email notifier engine won't be used.
06:37:42.215 [main] INFO  f.i.s.repairnator.pipeline.Launcher - Start by getting the build (buildId: 358998830) with the following config: RepairnatorConfig{runId='2461c511-4012-473b-8e60-28377c2cdad5_03-18-week4-PASSING_AND_PASSING', launcherMode=BEARS, serializeJson=true, inputPath='null', outputPath='/var/log', mongodbHost='null', mongodbName='repairnator', smtpServer='null', notifyTo=[], notifyEndProcess=false, push=true, pushRemoteRepo='https://github.com/fermadeiral/bears-collection-pp', fork=false, lookFromDate=null, lookToDate=null, buildId=358998830, z3solverPath='./z3_for_linux', workspacePath='./workspace', githubToken='c8a341a903[...]', dockerImageName='null', skipDelete=false, createOutputDir=false, logDirectory='null', nbThreads=0, globalTimeout=0, whiteList=null, blackList=null, jobSleepTime=0, buildSleepTime=0, maxInspectedBuilds=0, duration=null, humanPatch=false, repository='null', clean=true, bearsMode=BOTH, bearsDelimiter = false, repairTools=NopolAllTests,NPEFix,AssertFixer,AstorJGenProg,AstorJKali,NopolSingleTest,AstorJMut,NopolTestExclusionStrategy, githubUserName= fermadeiral, githubUserEmail=fer.madeiral@gmail.com}
06:37:43.796 [main] DEBUG fr.inria.jtravis.helpers.BuildHelper - Get request to :https://api.travis-ci.org/build/358998830 done after 951 ms
06:37:44.097 [main] DEBUG fr.inria.jtravis.helpers.BuildHelper - Get request to :https://api.travis-ci.org/build/359038269 done after 136 ms
06:37:44.118 [main] INFO  f.i.s.repairnator.pipeline.Launcher - The patched build (359038269) was successfully retrieved from Travis.
06:37:45.581 [main] INFO  fr.inria.jtravis.JTravis - GitHub ratelimit: Limit: 5000 Remaining: 4908 Reset hour: 19:36:19
06:37:45.868 [main] INFO  f.i.s.r.p.i.ProjectInspector - ----------------------------------------------------------------------
06:37:45.869 [main] INFO  f.i.s.r.p.i.ProjectInspector - PIPELINE STEPS
06:37:45.869 [main] INFO  f.i.s.r.p.i.ProjectInspector - ----------------------------------------------------------------------
06:37:45.869 [main] INFO  f.i.s.r.p.i.ProjectInspector - CloneRepository
06:37:45.870 [main] INFO  f.i.s.r.p.i.ProjectInspector - CheckoutPatchedBuildCandidate
06:37:45.870 [main] INFO  f.i.s.r.p.i.ProjectInspector - ComputeSourceDir
06:37:45.870 [main] INFO  f.i.s.r.p.i.ProjectInspector - ComputeTestDir
06:37:45.870 [main] INFO  f.i.s.r.p.i.ProjectInspector - CheckoutBuggyBuildCandidateSourceCode
06:37:45.871 [main] INFO  f.i.s.r.p.i.ProjectInspector - BuildProjectBuggyBuildCandidateSourceCode
06:37:45.871 [main] INFO  f.i.s.r.p.i.ProjectInspector - TestProjectBuggyBuildCandidateSourceCode
06:37:45.871 [main] INFO  f.i.s.r.p.i.ProjectInspector - GatherTestInformationBuggyBuildCandidateSourceCode
06:37:45.872 [main] INFO  f.i.s.r.p.i.ProjectInspector - CheckoutBuggyBuildTestCode
06:37:45.872 [main] INFO  f.i.s.r.p.i.ProjectInspector - InitRepoToPush
06:37:45.872 [main] INFO  f.i.s.r.p.i.ProjectInspector - ComputeClasspath
06:37:45.873 [main] INFO  f.i.s.r.p.i.ProjectInspector - ComputeModules
06:37:45.873 [main] INFO  f.i.s.r.p.i.ProjectInspector - CheckoutBuggyBuildCandidateSourceCode
06:37:45.873 [main] INFO  f.i.s.r.p.i.ProjectInspector - CommitChangedTests
06:37:45.874 [main] INFO  f.i.s.r.p.i.ProjectInspector - CheckoutPatchedBuildCandidate
06:37:45.875 [main] INFO  f.i.s.r.p.i.ProjectInspector - BuildProjectPatchedBuildCandidate
06:37:45.875 [main] INFO  f.i.s.r.p.i.ProjectInspector - TestProjectPatchedBuildCandidate
06:37:45.875 [main] INFO  f.i.s.r.p.i.ProjectInspector - GatherTestInformationPatchedBuildCandidate
06:37:45.876 [main] INFO  f.i.s.r.p.i.ProjectInspector - CommitPatch
06:37:45.876 [main] INFO  f.i.s.r.p.i.ProjectInspector - WritePropertyFile
06:37:45.876 [main] INFO  f.i.s.r.p.i.ProjectInspector - CommitProcessEnd
06:37:45.877 [main] INFO  f.i.s.r.p.i.ProjectInspector - PushProcessEnd
06:37:45.878 [main] DEBUG f.i.s.r.process.step.CloneRepository - ----------------------------------------------------------------------
06:37:45.878 [main] DEBUG f.i.s.r.process.step.CloneRepository - STEP 1/22: CloneRepository
06:37:45.878 [main] DEBUG f.i.s.r.process.step.CloneRepository - ----------------------------------------------------------------------
06:37:45.879 [main] DEBUG f.i.s.r.process.step.CloneRepository - Cloning repository spring-cloud/spring-cloud-gcp in the following directory: ./workspace/spring-cloud/spring-cloud-gcp/358998830
06:37:50.678 [main] DEBUG f.i.s.r.process.step.CloneRepository - STEP STATUS: [ CloneRepository : SUCCESS ]
06:37:50.679 [main] DEBUG f.i.s.r.process.step.CloneRepository - STEP DURATION: 4s
06:37:50.679 [main] DEBUG f.i.s.r.process.step.CloneRepository - EXECUTE NEXT STEP
06:37:50.680 [main] DEBUG f.i.s.r.p.s.c.CheckoutPatchedBuild - ----------------------------------------------------------------------
06:37:50.680 [main] DEBUG f.i.s.r.p.s.c.CheckoutPatchedBuild - STEP 2/22: CheckoutPatchedBuildCandidate
06:37:50.680 [main] DEBUG f.i.s.r.p.s.c.CheckoutPatchedBuild - ----------------------------------------------------------------------
06:37:50.681 [main] DEBUG f.i.s.r.p.s.c.CheckoutPatchedBuild - Checking out patched build candidate...
06:37:50.822 [main] INFO  fr.inria.jtravis.JTravis - GitHub ratelimit: Limit: 5000 Remaining: 4907 Reset hour: 19:36:19
06:37:52.913 [main] DEBUG f.i.s.r.p.s.c.CheckoutPatchedBuild - Reproduce the PR for spring-cloud/spring-cloud-gcp by fetching remote branch and merging.
06:37:53.122 [main] ERROR f.i.s.r.p.s.c.CheckoutPatchedBuild - Error while testing commit: org.eclipse.jgit.errors.MissingObjectException: Missing unknown 9d50fd3998d4c1feed23ec80e998b12ccee0d029
06:37:53.129 [main] ERROR f.i.s.r.p.s.c.CheckoutPatchedBuild - Commit head ref cannot be retrieved from the repository: 9d50fd3998d4c1feed23ec80e998b12ccee0d029. Operation aborted.
06:37:53.130 [main] ERROR f.i.s.r.p.s.c.CheckoutPatchedBuild - Error while merging two commits to reproduce the PR.
06:37:53.132 [main] DEBUG f.i.s.r.p.s.c.CheckoutPatchedBuild - STEP STATUS: [ CheckoutPatchedBuildCandidate : FAILURE ( BUILDNOTCHECKEDOUT ) ]
06:37:53.133 [main] DEBUG f.i.s.r.p.s.c.CheckoutPatchedBuild - STEP DURATION: 2s
06:37:53.133 [main] DEBUG f.i.s.r.p.s.c.CheckoutPatchedBuild - TERMINATE PIPELINE
06:37:53.135 [main] DEBUG f.i.s.r.p.s.c.CheckoutPatchedBuild - FINAL STEPS SKIPPED: The reproduction of the bug and/or the patch failed.
06:37:53.135 [main] INFO  f.i.s.r.p.s.c.CheckoutPatchedBuild - Serialize all data for the pair of builds 358998830, 359038269
06:37:53.270 [main] INFO  fr.inria.jtravis.JTravis - GitHub ratelimit: Limit: 5000 Remaining: 4900 Reset hour: 19:36:19
06:37:53.862 [main] INFO  f.i.s.r.p.i.ProjectInspector - ----------------------------------------------------------------------
06:37:53.863 [main] INFO  f.i.s.r.p.i.ProjectInspector - PIPELINE EXECUTION SUMMARY
06:37:53.863 [main] INFO  f.i.s.r.p.i.ProjectInspector - ----------------------------------------------------------------------
06:37:53.864 [main] INFO  f.i.s.r.p.i.ProjectInspector - CloneRepository........................................SUCCESS [ 4 s ]
06:37:53.864 [main] INFO  f.i.s.r.p.i.ProjectInspector - CheckoutPatchedBuildCandidate..........................FAILURE [ 2 s ]
06:37:53.864 [main] INFO  f.i.s.r.p.i.ProjectInspector - ComputeSourceDir.......................................NOT RUN        
06:37:53.865 [main] INFO  f.i.s.r.p.i.ProjectInspector - ComputeTestDir.........................................NOT RUN        
06:37:53.865 [main] INFO  f.i.s.r.p.i.ProjectInspector - CheckoutBuggyBuildCandidateSourceCode..................NOT RUN        
06:37:53.866 [main] INFO  f.i.s.r.p.i.ProjectInspector - BuildProjectBuggyBuildCandidateSourceCode..............NOT RUN        
06:37:53.866 [main] INFO  f.i.s.r.p.i.ProjectInspector - TestProjectBuggyBuildCandidateSourceCode...............NOT RUN        
06:37:53.866 [main] INFO  f.i.s.r.p.i.ProjectInspector - GatherTestInformationBuggyBuildCandidateSourceCode.....NOT RUN        
06:37:53.867 [main] INFO  f.i.s.r.p.i.ProjectInspector - CheckoutBuggyBuildTestCode.............................NOT RUN        
06:37:53.867 [main] INFO  f.i.s.r.p.i.ProjectInspector - InitRepoToPush.........................................NOT RUN        
06:37:53.867 [main] INFO  f.i.s.r.p.i.ProjectInspector - ComputeClasspath.......................................NOT RUN        
06:37:53.867 [main] INFO  f.i.s.r.p.i.ProjectInspector - ComputeModules.........................................NOT RUN        
06:37:53.868 [main] INFO  f.i.s.r.p.i.ProjectInspector - CheckoutBuggyBuildCandidateSourceCode..................NOT RUN        
06:37:53.868 [main] INFO  f.i.s.r.p.i.ProjectInspector - CommitChangedTests.....................................NOT RUN        
06:37:53.868 [main] INFO  f.i.s.r.p.i.ProjectInspector - CheckoutPatchedBuildCandidate..........................NOT RUN        
06:37:53.868 [main] INFO  f.i.s.r.p.i.ProjectInspector - BuildProjectPatchedBuildCandidate......................NOT RUN        
06:37:53.869 [main] INFO  f.i.s.r.p.i.ProjectInspector - TestProjectPatchedBuildCandidate.......................NOT RUN        
06:37:53.869 [main] INFO  f.i.s.r.p.i.ProjectInspector - GatherTestInformationPatchedBuildCandidate.............NOT RUN        
06:37:53.869 [main] INFO  f.i.s.r.p.i.ProjectInspector - CommitPatch............................................NOT RUN        
06:37:53.869 [main] INFO  f.i.s.r.p.i.ProjectInspector - WritePropertyFile......................................NOT RUN        
06:37:53.870 [main] INFO  f.i.s.r.p.i.ProjectInspector - CommitProcessEnd.......................................NOT RUN        
06:37:53.870 [main] INFO  f.i.s.r.p.i.ProjectInspector - PushProcessEnd.........................................NOT RUN        
06:37:53.870 [main] INFO  f.i.s.r.p.i.ProjectInspector - ----------------------------------------------------------------------
06:37:53.871 [main] INFO  f.i.s.r.p.i.ProjectInspector - PIPELINE FINDING: BUILDNOTCHECKEDOUT
06:37:53.871 [main] INFO  f.i.s.r.p.i.ProjectInspector - ----------------------------------------------------------------------
06:37:53.871 [main] INFO  f.i.s.repairnator.pipeline.Launcher - Inspector is finished. The process will exit now.
