14:54:03.121 [main] INFO  f.i.s.repairnator.pipeline.Launcher - PIPELINE VERSION: 3.0-2018-08-09 19:04
14:54:03.264 [main] INFO  f.i.s.repairnator.pipeline.Launcher - The pipeline will try to reproduce a bug from build 357669044 and its corresponding patch from build 360484250
14:54:03.264 [main] INFO  f.i.s.repairnator.pipeline.Launcher - Initialize file serializer engines.
14:54:03.266 [main] INFO  f.i.s.repairnator.pipeline.Launcher - MongoDB won't be used for serialization.
14:54:03.267 [main] INFO  f.i.s.repairnator.pipeline.Launcher - The email notifier engine won't be used.
14:54:03.270 [main] INFO  f.i.s.repairnator.pipeline.Launcher - Start by getting the build (buildId: 357669044) with the following config: RepairnatorConfig{runId='2461c511-4012-473b-8e60-28377c2cdad5_03-18-week4-PASSING_AND_PASSING', launcherMode=BEARS, serializeJson=true, inputPath='null', outputPath='/var/log', mongodbHost='null', mongodbName='repairnator', smtpServer='null', notifyTo=[], notifyEndProcess=false, push=true, pushRemoteRepo='https://github.com/fermadeiral/bears-collection-pp', fork=false, lookFromDate=null, lookToDate=null, buildId=357669044, z3solverPath='./z3_for_linux', workspacePath='./workspace', githubToken='c8a341a903[...]', dockerImageName='null', skipDelete=false, createOutputDir=false, logDirectory='null', nbThreads=0, globalTimeout=0, whiteList=null, blackList=null, jobSleepTime=0, buildSleepTime=0, maxInspectedBuilds=0, duration=null, humanPatch=false, repository='null', clean=true, bearsMode=BOTH, bearsDelimiter = false, repairTools=NopolAllTests,NPEFix,AssertFixer,AstorJGenProg,AstorJKali,NopolSingleTest,AstorJMut,NopolTestExclusionStrategy, githubUserName= fermadeiral, githubUserEmail=fer.madeiral@gmail.com}
14:54:04.505 [main] DEBUG fr.inria.jtravis.helpers.BuildHelper - Get request to :https://api.travis-ci.org/build/357669044 done after 785 ms
14:54:04.784 [main] DEBUG fr.inria.jtravis.helpers.BuildHelper - Get request to :https://api.travis-ci.org/build/360484250 done after 135 ms
14:54:04.802 [main] INFO  f.i.s.repairnator.pipeline.Launcher - The patched build (360484250) was successfully retrieved from Travis.
14:54:06.906 [main] INFO  fr.inria.jtravis.JTravis - GitHub ratelimit: Limit: 5000 Remaining: 4726 Reset hour: 19:35:20
14:54:07.234 [main] INFO  f.i.s.r.p.i.ProjectInspector - ----------------------------------------------------------------------
14:54:07.235 [main] INFO  f.i.s.r.p.i.ProjectInspector - PIPELINE STEPS
14:54:07.235 [main] INFO  f.i.s.r.p.i.ProjectInspector - ----------------------------------------------------------------------
14:54:07.236 [main] INFO  f.i.s.r.p.i.ProjectInspector - CloneRepository
14:54:07.236 [main] INFO  f.i.s.r.p.i.ProjectInspector - CheckoutPatchedBuildCandidate
14:54:07.237 [main] INFO  f.i.s.r.p.i.ProjectInspector - ComputeSourceDir
14:54:07.237 [main] INFO  f.i.s.r.p.i.ProjectInspector - ComputeTestDir
14:54:07.238 [main] INFO  f.i.s.r.p.i.ProjectInspector - CheckoutBuggyBuildCandidateSourceCode
14:54:07.238 [main] INFO  f.i.s.r.p.i.ProjectInspector - BuildProjectBuggyBuildCandidateSourceCode
14:54:07.239 [main] INFO  f.i.s.r.p.i.ProjectInspector - TestProjectBuggyBuildCandidateSourceCode
14:54:07.239 [main] INFO  f.i.s.r.p.i.ProjectInspector - GatherTestInformationBuggyBuildCandidateSourceCode
14:54:07.240 [main] INFO  f.i.s.r.p.i.ProjectInspector - CheckoutBuggyBuildTestCode
14:54:07.240 [main] INFO  f.i.s.r.p.i.ProjectInspector - InitRepoToPush
14:54:07.241 [main] INFO  f.i.s.r.p.i.ProjectInspector - ComputeClasspath
14:54:07.241 [main] INFO  f.i.s.r.p.i.ProjectInspector - ComputeModules
14:54:07.242 [main] INFO  f.i.s.r.p.i.ProjectInspector - CheckoutBuggyBuildCandidateSourceCode
14:54:07.242 [main] INFO  f.i.s.r.p.i.ProjectInspector - CommitChangedTests
14:54:07.243 [main] INFO  f.i.s.r.p.i.ProjectInspector - CheckoutPatchedBuildCandidate
14:54:07.243 [main] INFO  f.i.s.r.p.i.ProjectInspector - BuildProjectPatchedBuildCandidate
14:54:07.244 [main] INFO  f.i.s.r.p.i.ProjectInspector - TestProjectPatchedBuildCandidate
14:54:07.244 [main] INFO  f.i.s.r.p.i.ProjectInspector - GatherTestInformationPatchedBuildCandidate
14:54:07.245 [main] INFO  f.i.s.r.p.i.ProjectInspector - CommitPatch
14:54:07.245 [main] INFO  f.i.s.r.p.i.ProjectInspector - WritePropertyFile
14:54:07.246 [main] INFO  f.i.s.r.p.i.ProjectInspector - CommitProcessEnd
14:54:07.246 [main] INFO  f.i.s.r.p.i.ProjectInspector - PushProcessEnd
14:54:07.247 [main] DEBUG f.i.s.r.process.step.CloneRepository - ----------------------------------------------------------------------
14:54:07.247 [main] DEBUG f.i.s.r.process.step.CloneRepository - STEP 1/22: CloneRepository
14:54:07.248 [main] DEBUG f.i.s.r.process.step.CloneRepository - ----------------------------------------------------------------------
14:54:07.249 [main] DEBUG f.i.s.r.process.step.CloneRepository - Cloning repository apache/incubator-druid in the following directory: ./workspace/apache/incubator-druid/357669044
14:54:45.089 [main] DEBUG f.i.s.r.process.step.CloneRepository - STEP STATUS: [ CloneRepository : SUCCESS ]
14:54:45.089 [main] DEBUG f.i.s.r.process.step.CloneRepository - STEP DURATION: 37s
14:54:45.090 [main] DEBUG f.i.s.r.process.step.CloneRepository - EXECUTE NEXT STEP
14:54:45.090 [main] DEBUG f.i.s.r.p.s.c.CheckoutPatchedBuild - ----------------------------------------------------------------------
14:54:45.091 [main] DEBUG f.i.s.r.p.s.c.CheckoutPatchedBuild - STEP 2/22: CheckoutPatchedBuildCandidate
14:54:45.091 [main] DEBUG f.i.s.r.p.s.c.CheckoutPatchedBuild - ----------------------------------------------------------------------
14:54:45.091 [main] DEBUG f.i.s.r.p.s.c.CheckoutPatchedBuild - Checking out patched build candidate...
14:54:45.441 [main] INFO  fr.inria.jtravis.JTravis - GitHub ratelimit: Limit: 5000 Remaining: 4725 Reset hour: 19:35:20
14:54:47.997 [main] DEBUG f.i.s.r.p.s.c.CheckoutPatchedBuild - Reproduce the PR for apache/incubator-druid by fetching remote branch and merging.
14:54:55.115 [main] ERROR f.i.s.r.p.s.c.CheckoutPatchedBuild - Error while testing commit: org.eclipse.jgit.errors.MissingObjectException: Missing unknown 2d559d40c50ca75b667d6225507aa2a0d1e36e94
14:54:55.116 [main] ERROR f.i.s.r.p.s.c.CheckoutPatchedBuild - Commit head ref cannot be retrieved from the repository: 2d559d40c50ca75b667d6225507aa2a0d1e36e94. Operation aborted.
14:54:55.116 [main] ERROR f.i.s.r.p.s.c.CheckoutPatchedBuild - Error while merging two commits to reproduce the PR.
14:54:55.117 [main] DEBUG f.i.s.r.p.s.c.CheckoutPatchedBuild - STEP STATUS: [ CheckoutPatchedBuildCandidate : FAILURE ( BUILDNOTCHECKEDOUT ) ]
14:54:55.118 [main] DEBUG f.i.s.r.p.s.c.CheckoutPatchedBuild - STEP DURATION: 10s
14:54:55.126 [main] DEBUG f.i.s.r.p.s.c.CheckoutPatchedBuild - TERMINATE PIPELINE
14:54:55.126 [main] DEBUG f.i.s.r.p.s.c.CheckoutPatchedBuild - FINAL STEPS SKIPPED: The reproduction of the bug and/or the patch failed.
14:54:55.126 [main] INFO  f.i.s.r.p.s.c.CheckoutPatchedBuild - Serialize all data for the pair of builds 357669044, 360484250
14:54:55.460 [main] INFO  fr.inria.jtravis.JTravis - GitHub ratelimit: Limit: 5000 Remaining: 4718 Reset hour: 19:35:20
14:54:56.705 [main] INFO  f.i.s.r.p.i.ProjectInspector - ----------------------------------------------------------------------
14:54:56.705 [main] INFO  f.i.s.r.p.i.ProjectInspector - PIPELINE EXECUTION SUMMARY
14:54:56.706 [main] INFO  f.i.s.r.p.i.ProjectInspector - ----------------------------------------------------------------------
14:54:56.706 [main] INFO  f.i.s.r.p.i.ProjectInspector - CloneRepository.......................................SUCCESS [ 37 s ]
14:54:56.706 [main] INFO  f.i.s.r.p.i.ProjectInspector - CheckoutPatchedBuildCandidate.........................FAILURE [ 10 s ]
14:54:56.707 [main] INFO  f.i.s.r.p.i.ProjectInspector - ComputeSourceDir......................................NOT RUN         
14:54:56.707 [main] INFO  f.i.s.r.p.i.ProjectInspector - ComputeTestDir........................................NOT RUN         
14:54:56.708 [main] INFO  f.i.s.r.p.i.ProjectInspector - CheckoutBuggyBuildCandidateSourceCode.................NOT RUN         
14:54:56.708 [main] INFO  f.i.s.r.p.i.ProjectInspector - BuildProjectBuggyBuildCandidateSourceCode.............NOT RUN         
14:54:56.708 [main] INFO  f.i.s.r.p.i.ProjectInspector - TestProjectBuggyBuildCandidateSourceCode..............NOT RUN         
14:54:56.708 [main] INFO  f.i.s.r.p.i.ProjectInspector - GatherTestInformationBuggyBuildCandidateSourceCode....NOT RUN         
14:54:56.709 [main] INFO  f.i.s.r.p.i.ProjectInspector - CheckoutBuggyBuildTestCode............................NOT RUN         
14:54:56.709 [main] INFO  f.i.s.r.p.i.ProjectInspector - InitRepoToPush........................................NOT RUN         
14:54:56.709 [main] INFO  f.i.s.r.p.i.ProjectInspector - ComputeClasspath......................................NOT RUN         
14:54:56.710 [main] INFO  f.i.s.r.p.i.ProjectInspector - ComputeModules........................................NOT RUN         
14:54:56.710 [main] INFO  f.i.s.r.p.i.ProjectInspector - CheckoutBuggyBuildCandidateSourceCode.................NOT RUN         
14:54:56.710 [main] INFO  f.i.s.r.p.i.ProjectInspector - CommitChangedTests....................................NOT RUN         
14:54:56.710 [main] INFO  f.i.s.r.p.i.ProjectInspector - CheckoutPatchedBuildCandidate.........................NOT RUN         
14:54:56.711 [main] INFO  f.i.s.r.p.i.ProjectInspector - BuildProjectPatchedBuildCandidate.....................NOT RUN         
14:54:56.711 [main] INFO  f.i.s.r.p.i.ProjectInspector - TestProjectPatchedBuildCandidate......................NOT RUN         
14:54:56.711 [main] INFO  f.i.s.r.p.i.ProjectInspector - GatherTestInformationPatchedBuildCandidate............NOT RUN         
14:54:56.712 [main] INFO  f.i.s.r.p.i.ProjectInspector - CommitPatch...........................................NOT RUN         
14:54:56.712 [main] INFO  f.i.s.r.p.i.ProjectInspector - WritePropertyFile.....................................NOT RUN         
14:54:56.712 [main] INFO  f.i.s.r.p.i.ProjectInspector - CommitProcessEnd......................................NOT RUN         
14:54:56.713 [main] INFO  f.i.s.r.p.i.ProjectInspector - PushProcessEnd........................................NOT RUN         
14:54:56.713 [main] INFO  f.i.s.r.p.i.ProjectInspector - ----------------------------------------------------------------------
14:54:56.713 [main] INFO  f.i.s.r.p.i.ProjectInspector - PIPELINE FINDING: BUILDNOTCHECKEDOUT
14:54:56.713 [main] INFO  f.i.s.r.p.i.ProjectInspector - ----------------------------------------------------------------------
14:54:56.714 [main] INFO  f.i.s.repairnator.pipeline.Launcher - Inspector is finished. The process will exit now.
