14:17:59.559 [main] INFO  f.i.s.repairnator.pipeline.Launcher - PIPELINE VERSION: 3.0-2018-08-09 19:04
14:17:59.716 [main] INFO  f.i.s.repairnator.pipeline.Launcher - The pipeline will try to reproduce a bug from build 357665654 and its corresponding patch from build 358641251
14:17:59.717 [main] INFO  f.i.s.repairnator.pipeline.Launcher - Initialize file serializer engines.
14:17:59.719 [main] INFO  f.i.s.repairnator.pipeline.Launcher - MongoDB won't be used for serialization.
14:17:59.720 [main] INFO  f.i.s.repairnator.pipeline.Launcher - The email notifier engine won't be used.
14:17:59.723 [main] INFO  f.i.s.repairnator.pipeline.Launcher - Start by getting the build (buildId: 357665654) with the following config: RepairnatorConfig{runId='2461c511-4012-473b-8e60-28377c2cdad5_03-18-week4-PASSING_AND_PASSING', launcherMode=BEARS, serializeJson=true, inputPath='null', outputPath='/var/log', mongodbHost='null', mongodbName='repairnator', smtpServer='null', notifyTo=[], notifyEndProcess=false, push=true, pushRemoteRepo='https://github.com/fermadeiral/bears-collection-pp', fork=false, lookFromDate=null, lookToDate=null, buildId=357665654, z3solverPath='./z3_for_linux', workspacePath='./workspace', githubToken='c8a341a903[...]', dockerImageName='null', skipDelete=false, createOutputDir=false, logDirectory='null', nbThreads=0, globalTimeout=0, whiteList=null, blackList=null, jobSleepTime=0, buildSleepTime=0, maxInspectedBuilds=0, duration=null, humanPatch=false, repository='null', clean=true, bearsMode=BOTH, bearsDelimiter = false, repairTools=NopolAllTests,NPEFix,AssertFixer,AstorJGenProg,AstorJKali,NopolSingleTest,AstorJMut,NopolTestExclusionStrategy, githubUserName= fermadeiral, githubUserEmail=fer.madeiral@gmail.com}
14:18:01.172 [main] DEBUG fr.inria.jtravis.helpers.BuildHelper - Get request to :https://api.travis-ci.org/build/357665654 done after 903 ms
14:18:01.468 [main] DEBUG fr.inria.jtravis.helpers.BuildHelper - Get request to :https://api.travis-ci.org/build/358641251 done after 146 ms
14:18:01.478 [main] INFO  f.i.s.repairnator.pipeline.Launcher - The patched build (358641251) was successfully retrieved from Travis.
14:18:02.665 [main] INFO  fr.inria.jtravis.JTravis - GitHub ratelimit: Limit: 5000 Remaining: 4912 Reset hour: 19:35:20
14:18:02.979 [main] INFO  f.i.s.r.p.i.ProjectInspector - ----------------------------------------------------------------------
14:18:02.979 [main] INFO  f.i.s.r.p.i.ProjectInspector - PIPELINE STEPS
14:18:02.979 [main] INFO  f.i.s.r.p.i.ProjectInspector - ----------------------------------------------------------------------
14:18:02.980 [main] INFO  f.i.s.r.p.i.ProjectInspector - CloneRepository
14:18:02.980 [main] INFO  f.i.s.r.p.i.ProjectInspector - CheckoutPatchedBuildCandidate
14:18:02.980 [main] INFO  f.i.s.r.p.i.ProjectInspector - ComputeSourceDir
14:18:02.980 [main] INFO  f.i.s.r.p.i.ProjectInspector - ComputeTestDir
14:18:02.980 [main] INFO  f.i.s.r.p.i.ProjectInspector - CheckoutBuggyBuildCandidateSourceCode
14:18:02.981 [main] INFO  f.i.s.r.p.i.ProjectInspector - BuildProjectBuggyBuildCandidateSourceCode
14:18:02.981 [main] INFO  f.i.s.r.p.i.ProjectInspector - TestProjectBuggyBuildCandidateSourceCode
14:18:02.981 [main] INFO  f.i.s.r.p.i.ProjectInspector - GatherTestInformationBuggyBuildCandidateSourceCode
14:18:02.981 [main] INFO  f.i.s.r.p.i.ProjectInspector - CheckoutBuggyBuildTestCode
14:18:02.981 [main] INFO  f.i.s.r.p.i.ProjectInspector - InitRepoToPush
14:18:02.982 [main] INFO  f.i.s.r.p.i.ProjectInspector - ComputeClasspath
14:18:02.982 [main] INFO  f.i.s.r.p.i.ProjectInspector - ComputeModules
14:18:02.982 [main] INFO  f.i.s.r.p.i.ProjectInspector - CheckoutBuggyBuildCandidateSourceCode
14:18:02.982 [main] INFO  f.i.s.r.p.i.ProjectInspector - CommitChangedTests
14:18:02.983 [main] INFO  f.i.s.r.p.i.ProjectInspector - CheckoutPatchedBuildCandidate
14:18:02.983 [main] INFO  f.i.s.r.p.i.ProjectInspector - BuildProjectPatchedBuildCandidate
14:18:02.983 [main] INFO  f.i.s.r.p.i.ProjectInspector - TestProjectPatchedBuildCandidate
14:18:02.983 [main] INFO  f.i.s.r.p.i.ProjectInspector - GatherTestInformationPatchedBuildCandidate
14:18:02.984 [main] INFO  f.i.s.r.p.i.ProjectInspector - CommitPatch
14:18:02.984 [main] INFO  f.i.s.r.p.i.ProjectInspector - WritePropertyFile
14:18:02.985 [main] INFO  f.i.s.r.p.i.ProjectInspector - CommitProcessEnd
14:18:02.985 [main] INFO  f.i.s.r.p.i.ProjectInspector - PushProcessEnd
14:18:02.985 [main] DEBUG f.i.s.r.process.step.CloneRepository - ----------------------------------------------------------------------
14:18:02.986 [main] DEBUG f.i.s.r.process.step.CloneRepository - STEP 1/22: CloneRepository
14:18:02.986 [main] DEBUG f.i.s.r.process.step.CloneRepository - ----------------------------------------------------------------------
14:18:02.987 [main] DEBUG f.i.s.r.process.step.CloneRepository - Cloning repository prestodb/presto in the following directory: ./workspace/prestodb/presto/357665654
14:19:07.609 [main] DEBUG f.i.s.r.process.step.CloneRepository - STEP STATUS: [ CloneRepository : SUCCESS ]
14:19:07.609 [main] DEBUG f.i.s.r.process.step.CloneRepository - STEP DURATION: 64s
14:19:07.609 [main] DEBUG f.i.s.r.process.step.CloneRepository - EXECUTE NEXT STEP
14:19:07.610 [main] DEBUG f.i.s.r.p.s.c.CheckoutPatchedBuild - ----------------------------------------------------------------------
14:19:07.610 [main] DEBUG f.i.s.r.p.s.c.CheckoutPatchedBuild - STEP 2/22: CheckoutPatchedBuildCandidate
14:19:07.610 [main] DEBUG f.i.s.r.p.s.c.CheckoutPatchedBuild - ----------------------------------------------------------------------
14:19:07.611 [main] DEBUG f.i.s.r.p.s.c.CheckoutPatchedBuild - Checking out patched build candidate...
14:19:07.969 [main] INFO  fr.inria.jtravis.JTravis - GitHub ratelimit: Limit: 5000 Remaining: 4911 Reset hour: 19:35:20
14:19:10.692 [main] DEBUG f.i.s.r.p.s.c.CheckoutPatchedBuild - Reproduce the PR for prestodb/presto by fetching remote branch and merging.
14:19:14.140 [main] ERROR f.i.s.r.p.s.c.CheckoutPatchedBuild - Error while testing commit: org.eclipse.jgit.errors.MissingObjectException: Missing unknown 964d842514a5d5ce82f76fa9c77e0b639d76a7b9
14:19:14.142 [main] ERROR f.i.s.r.p.s.c.CheckoutPatchedBuild - Commit head ref cannot be retrieved from the repository: 964d842514a5d5ce82f76fa9c77e0b639d76a7b9. Operation aborted.
14:19:14.142 [main] ERROR f.i.s.r.p.s.c.CheckoutPatchedBuild - Error while merging two commits to reproduce the PR.
14:19:14.144 [main] DEBUG f.i.s.r.p.s.c.CheckoutPatchedBuild - STEP STATUS: [ CheckoutPatchedBuildCandidate : FAILURE ( BUILDNOTCHECKEDOUT ) ]
14:19:14.144 [main] DEBUG f.i.s.r.p.s.c.CheckoutPatchedBuild - STEP DURATION: 6s
14:19:14.145 [main] DEBUG f.i.s.r.p.s.c.CheckoutPatchedBuild - TERMINATE PIPELINE
14:19:14.145 [main] DEBUG f.i.s.r.p.s.c.CheckoutPatchedBuild - FINAL STEPS SKIPPED: The reproduction of the bug and/or the patch failed.
14:19:14.146 [main] INFO  f.i.s.r.p.s.c.CheckoutPatchedBuild - Serialize all data for the pair of builds 357665654, 358641251
14:19:14.276 [main] INFO  fr.inria.jtravis.JTravis - GitHub ratelimit: Limit: 5000 Remaining: 4904 Reset hour: 19:35:20
14:19:15.702 [main] INFO  f.i.s.r.p.i.ProjectInspector - ----------------------------------------------------------------------
14:19:15.703 [main] INFO  f.i.s.r.p.i.ProjectInspector - PIPELINE EXECUTION SUMMARY
14:19:15.703 [main] INFO  f.i.s.r.p.i.ProjectInspector - ----------------------------------------------------------------------
14:19:15.704 [main] INFO  f.i.s.r.p.i.ProjectInspector - CloneRepository.......................................SUCCESS [ 64 s ]
14:19:15.704 [main] INFO  f.i.s.r.p.i.ProjectInspector - CheckoutPatchedBuildCandidate.........................FAILURE [  6 s ]
14:19:15.704 [main] INFO  f.i.s.r.p.i.ProjectInspector - ComputeSourceDir......................................NOT RUN         
14:19:15.704 [main] INFO  f.i.s.r.p.i.ProjectInspector - ComputeTestDir........................................NOT RUN         
14:19:15.705 [main] INFO  f.i.s.r.p.i.ProjectInspector - CheckoutBuggyBuildCandidateSourceCode.................NOT RUN         
14:19:15.705 [main] INFO  f.i.s.r.p.i.ProjectInspector - BuildProjectBuggyBuildCandidateSourceCode.............NOT RUN         
14:19:15.705 [main] INFO  f.i.s.r.p.i.ProjectInspector - TestProjectBuggyBuildCandidateSourceCode..............NOT RUN         
14:19:15.706 [main] INFO  f.i.s.r.p.i.ProjectInspector - GatherTestInformationBuggyBuildCandidateSourceCode....NOT RUN         
14:19:15.706 [main] INFO  f.i.s.r.p.i.ProjectInspector - CheckoutBuggyBuildTestCode............................NOT RUN         
14:19:15.706 [main] INFO  f.i.s.r.p.i.ProjectInspector - InitRepoToPush........................................NOT RUN         
14:19:15.706 [main] INFO  f.i.s.r.p.i.ProjectInspector - ComputeClasspath......................................NOT RUN         
14:19:15.707 [main] INFO  f.i.s.r.p.i.ProjectInspector - ComputeModules........................................NOT RUN         
14:19:15.707 [main] INFO  f.i.s.r.p.i.ProjectInspector - CheckoutBuggyBuildCandidateSourceCode.................NOT RUN         
14:19:15.707 [main] INFO  f.i.s.r.p.i.ProjectInspector - CommitChangedTests....................................NOT RUN         
14:19:15.707 [main] INFO  f.i.s.r.p.i.ProjectInspector - CheckoutPatchedBuildCandidate.........................NOT RUN         
14:19:15.708 [main] INFO  f.i.s.r.p.i.ProjectInspector - BuildProjectPatchedBuildCandidate.....................NOT RUN         
14:19:15.708 [main] INFO  f.i.s.r.p.i.ProjectInspector - TestProjectPatchedBuildCandidate......................NOT RUN         
14:19:15.708 [main] INFO  f.i.s.r.p.i.ProjectInspector - GatherTestInformationPatchedBuildCandidate............NOT RUN         
14:19:15.708 [main] INFO  f.i.s.r.p.i.ProjectInspector - CommitPatch...........................................NOT RUN         
14:19:15.708 [main] INFO  f.i.s.r.p.i.ProjectInspector - WritePropertyFile.....................................NOT RUN         
14:19:15.709 [main] INFO  f.i.s.r.p.i.ProjectInspector - CommitProcessEnd......................................NOT RUN         
14:19:15.709 [main] INFO  f.i.s.r.p.i.ProjectInspector - PushProcessEnd........................................NOT RUN         
14:19:15.709 [main] INFO  f.i.s.r.p.i.ProjectInspector - ----------------------------------------------------------------------
14:19:15.711 [main] INFO  f.i.s.r.p.i.ProjectInspector - PIPELINE FINDING: BUILDNOTCHECKEDOUT
14:19:15.712 [main] INFO  f.i.s.r.p.i.ProjectInspector - ----------------------------------------------------------------------
14:19:15.712 [main] INFO  f.i.s.repairnator.pipeline.Launcher - Inspector is finished. The process will exit now.
