17:47:43.535 [main] INFO  f.i.s.repairnator.pipeline.Launcher - PIPELINE VERSION: 3.0-2018-08-09 19:04
17:47:43.658 [main] INFO  f.i.s.repairnator.pipeline.Launcher - The pipeline will try to reproduce a bug from build 360399421 and its corresponding patch from build 360492486
17:47:43.658 [main] INFO  f.i.s.repairnator.pipeline.Launcher - Initialize file serializer engines.
17:47:43.660 [main] INFO  f.i.s.repairnator.pipeline.Launcher - MongoDB won't be used for serialization.
17:47:43.660 [main] INFO  f.i.s.repairnator.pipeline.Launcher - The email notifier engine won't be used.
17:47:43.663 [main] INFO  f.i.s.repairnator.pipeline.Launcher - Start by getting the build (buildId: 360399421) with the following config: RepairnatorConfig{runId='2461c511-4012-473b-8e60-28377c2cdad5_03-18-week4-PASSING_AND_PASSING', launcherMode=BEARS, serializeJson=true, inputPath='null', outputPath='/var/log', mongodbHost='null', mongodbName='repairnator', smtpServer='null', notifyTo=[], notifyEndProcess=false, push=true, pushRemoteRepo='https://github.com/fermadeiral/bears-collection-pp', fork=false, lookFromDate=null, lookToDate=null, buildId=360399421, z3solverPath='./z3_for_linux', workspacePath='./workspace', githubToken='c8a341a903[...]', dockerImageName='null', skipDelete=false, createOutputDir=false, logDirectory='null', nbThreads=0, globalTimeout=0, whiteList=null, blackList=null, jobSleepTime=0, buildSleepTime=0, maxInspectedBuilds=0, duration=null, humanPatch=false, repository='null', clean=true, bearsMode=BOTH, bearsDelimiter = false, repairTools=NopolAllTests,NPEFix,AssertFixer,AstorJGenProg,AstorJKali,NopolSingleTest,AstorJMut,NopolTestExclusionStrategy, githubUserName= fermadeiral, githubUserEmail=fer.madeiral@gmail.com}
17:47:44.983 [main] DEBUG fr.inria.jtravis.helpers.BuildHelper - Get request to :https://api.travis-ci.org/build/360399421 done after 865 ms
17:47:45.245 [main] DEBUG fr.inria.jtravis.helpers.BuildHelper - Get request to :https://api.travis-ci.org/build/360492486 done after 129 ms
17:47:45.262 [main] INFO  f.i.s.repairnator.pipeline.Launcher - The patched build (360492486) was successfully retrieved from Travis.
17:47:46.603 [main] INFO  fr.inria.jtravis.JTravis - GitHub ratelimit: Limit: 5000 Remaining: 4625 Reset hour: 19:35:32
17:47:47.501 [main] INFO  f.i.s.r.p.i.ProjectInspector - ----------------------------------------------------------------------
17:47:47.502 [main] INFO  f.i.s.r.p.i.ProjectInspector - PIPELINE STEPS
17:47:47.502 [main] INFO  f.i.s.r.p.i.ProjectInspector - ----------------------------------------------------------------------
17:47:47.502 [main] INFO  f.i.s.r.p.i.ProjectInspector - CloneRepository
17:47:47.503 [main] INFO  f.i.s.r.p.i.ProjectInspector - CheckoutPatchedBuildCandidate
17:47:47.503 [main] INFO  f.i.s.r.p.i.ProjectInspector - ComputeSourceDir
17:47:47.503 [main] INFO  f.i.s.r.p.i.ProjectInspector - ComputeTestDir
17:47:47.503 [main] INFO  f.i.s.r.p.i.ProjectInspector - CheckoutBuggyBuildCandidateSourceCode
17:47:47.504 [main] INFO  f.i.s.r.p.i.ProjectInspector - BuildProjectBuggyBuildCandidateSourceCode
17:47:47.504 [main] INFO  f.i.s.r.p.i.ProjectInspector - TestProjectBuggyBuildCandidateSourceCode
17:47:47.504 [main] INFO  f.i.s.r.p.i.ProjectInspector - GatherTestInformationBuggyBuildCandidateSourceCode
17:47:47.504 [main] INFO  f.i.s.r.p.i.ProjectInspector - CheckoutBuggyBuildTestCode
17:47:47.504 [main] INFO  f.i.s.r.p.i.ProjectInspector - InitRepoToPush
17:47:47.505 [main] INFO  f.i.s.r.p.i.ProjectInspector - ComputeClasspath
17:47:47.505 [main] INFO  f.i.s.r.p.i.ProjectInspector - ComputeModules
17:47:47.505 [main] INFO  f.i.s.r.p.i.ProjectInspector - CheckoutBuggyBuildCandidateSourceCode
17:47:47.505 [main] INFO  f.i.s.r.p.i.ProjectInspector - CommitChangedTests
17:47:47.505 [main] INFO  f.i.s.r.p.i.ProjectInspector - CheckoutPatchedBuildCandidate
17:47:47.505 [main] INFO  f.i.s.r.p.i.ProjectInspector - BuildProjectPatchedBuildCandidate
17:47:47.506 [main] INFO  f.i.s.r.p.i.ProjectInspector - TestProjectPatchedBuildCandidate
17:47:47.506 [main] INFO  f.i.s.r.p.i.ProjectInspector - GatherTestInformationPatchedBuildCandidate
17:47:47.506 [main] INFO  f.i.s.r.p.i.ProjectInspector - CommitPatch
17:47:47.507 [main] INFO  f.i.s.r.p.i.ProjectInspector - WritePropertyFile
17:47:47.508 [main] INFO  f.i.s.r.p.i.ProjectInspector - CommitProcessEnd
17:47:47.508 [main] INFO  f.i.s.r.p.i.ProjectInspector - PushProcessEnd
17:47:47.508 [main] DEBUG f.i.s.r.process.step.CloneRepository - ----------------------------------------------------------------------
17:47:47.509 [main] DEBUG f.i.s.r.process.step.CloneRepository - STEP 1/22: CloneRepository
17:47:47.509 [main] DEBUG f.i.s.r.process.step.CloneRepository - ----------------------------------------------------------------------
17:47:47.509 [main] DEBUG f.i.s.r.process.step.CloneRepository - Cloning repository batfish/batfish in the following directory: ./workspace/batfish/batfish/360399421
17:48:43.121 [main] DEBUG f.i.s.r.process.step.CloneRepository - STEP STATUS: [ CloneRepository : SUCCESS ]
17:48:43.122 [main] DEBUG f.i.s.r.process.step.CloneRepository - STEP DURATION: 55s
17:48:43.122 [main] DEBUG f.i.s.r.process.step.CloneRepository - EXECUTE NEXT STEP
17:48:43.122 [main] DEBUG f.i.s.r.p.s.c.CheckoutPatchedBuild - ----------------------------------------------------------------------
17:48:43.123 [main] DEBUG f.i.s.r.p.s.c.CheckoutPatchedBuild - STEP 2/22: CheckoutPatchedBuildCandidate
17:48:43.123 [main] DEBUG f.i.s.r.p.s.c.CheckoutPatchedBuild - ----------------------------------------------------------------------
17:48:43.123 [main] DEBUG f.i.s.r.p.s.c.CheckoutPatchedBuild - Checking out patched build candidate...
17:48:43.441 [main] INFO  fr.inria.jtravis.JTravis - GitHub ratelimit: Limit: 5000 Remaining: 4613 Reset hour: 19:35:32
17:48:45.387 [main] DEBUG f.i.s.r.p.s.c.CheckoutPatchedBuild - Reproduce the PR for batfish/batfish by fetching remote branch and merging.
17:48:45.791 [main] ERROR f.i.s.r.p.s.c.CheckoutPatchedBuild - Error while testing commit: org.eclipse.jgit.errors.MissingObjectException: Missing unknown c464fa5d9c92dccd08b6a74a9aca458e3400170d
17:48:45.792 [main] ERROR f.i.s.r.p.s.c.CheckoutPatchedBuild - Commit head ref cannot be retrieved from the repository: c464fa5d9c92dccd08b6a74a9aca458e3400170d. Operation aborted.
17:48:45.793 [main] ERROR f.i.s.r.p.s.c.CheckoutPatchedBuild - Error while merging two commits to reproduce the PR.
17:48:45.794 [main] DEBUG f.i.s.r.p.s.c.CheckoutPatchedBuild - STEP STATUS: [ CheckoutPatchedBuildCandidate : FAILURE ( BUILDNOTCHECKEDOUT ) ]
17:48:45.794 [main] DEBUG f.i.s.r.p.s.c.CheckoutPatchedBuild - STEP DURATION: 2s
17:48:45.794 [main] DEBUG f.i.s.r.p.s.c.CheckoutPatchedBuild - TERMINATE PIPELINE
17:48:45.794 [main] DEBUG f.i.s.r.p.s.c.CheckoutPatchedBuild - FINAL STEPS SKIPPED: The reproduction of the bug and/or the patch failed.
17:48:45.795 [main] INFO  f.i.s.r.p.s.c.CheckoutPatchedBuild - Serialize all data for the pair of builds 360399421, 360492486
17:48:45.912 [main] INFO  fr.inria.jtravis.JTravis - GitHub ratelimit: Limit: 5000 Remaining: 4606 Reset hour: 19:35:32
17:48:47.562 [main] INFO  f.i.s.r.p.i.ProjectInspector - ----------------------------------------------------------------------
17:48:47.563 [main] INFO  f.i.s.r.p.i.ProjectInspector - PIPELINE EXECUTION SUMMARY
17:48:47.563 [main] INFO  f.i.s.r.p.i.ProjectInspector - ----------------------------------------------------------------------
17:48:47.563 [main] INFO  f.i.s.r.p.i.ProjectInspector - CloneRepository.......................................SUCCESS [ 55 s ]
17:48:47.563 [main] INFO  f.i.s.r.p.i.ProjectInspector - CheckoutPatchedBuildCandidate.........................FAILURE [  2 s ]
17:48:47.563 [main] INFO  f.i.s.r.p.i.ProjectInspector - ComputeSourceDir......................................NOT RUN         
17:48:47.564 [main] INFO  f.i.s.r.p.i.ProjectInspector - ComputeTestDir........................................NOT RUN         
17:48:47.564 [main] INFO  f.i.s.r.p.i.ProjectInspector - CheckoutBuggyBuildCandidateSourceCode.................NOT RUN         
17:48:47.564 [main] INFO  f.i.s.r.p.i.ProjectInspector - BuildProjectBuggyBuildCandidateSourceCode.............NOT RUN         
17:48:47.564 [main] INFO  f.i.s.r.p.i.ProjectInspector - TestProjectBuggyBuildCandidateSourceCode..............NOT RUN         
17:48:47.564 [main] INFO  f.i.s.r.p.i.ProjectInspector - GatherTestInformationBuggyBuildCandidateSourceCode....NOT RUN         
17:48:47.565 [main] INFO  f.i.s.r.p.i.ProjectInspector - CheckoutBuggyBuildTestCode............................NOT RUN         
17:48:47.565 [main] INFO  f.i.s.r.p.i.ProjectInspector - InitRepoToPush........................................NOT RUN         
17:48:47.565 [main] INFO  f.i.s.r.p.i.ProjectInspector - ComputeClasspath......................................NOT RUN         
17:48:47.565 [main] INFO  f.i.s.r.p.i.ProjectInspector - ComputeModules........................................NOT RUN         
17:48:47.565 [main] INFO  f.i.s.r.p.i.ProjectInspector - CheckoutBuggyBuildCandidateSourceCode.................NOT RUN         
17:48:47.566 [main] INFO  f.i.s.r.p.i.ProjectInspector - CommitChangedTests....................................NOT RUN         
17:48:47.566 [main] INFO  f.i.s.r.p.i.ProjectInspector - CheckoutPatchedBuildCandidate.........................NOT RUN         
17:48:47.566 [main] INFO  f.i.s.r.p.i.ProjectInspector - BuildProjectPatchedBuildCandidate.....................NOT RUN         
17:48:47.566 [main] INFO  f.i.s.r.p.i.ProjectInspector - TestProjectPatchedBuildCandidate......................NOT RUN         
17:48:47.566 [main] INFO  f.i.s.r.p.i.ProjectInspector - GatherTestInformationPatchedBuildCandidate............NOT RUN         
17:48:47.566 [main] INFO  f.i.s.r.p.i.ProjectInspector - CommitPatch...........................................NOT RUN         
17:48:47.567 [main] INFO  f.i.s.r.p.i.ProjectInspector - WritePropertyFile.....................................NOT RUN         
17:48:47.567 [main] INFO  f.i.s.r.p.i.ProjectInspector - CommitProcessEnd......................................NOT RUN         
17:48:47.567 [main] INFO  f.i.s.r.p.i.ProjectInspector - PushProcessEnd........................................NOT RUN         
17:48:47.567 [main] INFO  f.i.s.r.p.i.ProjectInspector - ----------------------------------------------------------------------
17:48:47.567 [main] INFO  f.i.s.r.p.i.ProjectInspector - PIPELINE FINDING: BUILDNOTCHECKEDOUT
17:48:47.568 [main] INFO  f.i.s.r.p.i.ProjectInspector - ----------------------------------------------------------------------
17:48:47.568 [main] INFO  f.i.s.repairnator.pipeline.Launcher - Inspector is finished. The process will exit now.
