03:08:14.576 [main] INFO  f.i.s.repairnator.pipeline.Launcher - PIPELINE VERSION: 3.0-2018-08-09 19:04
03:08:14.699 [main] INFO  f.i.s.repairnator.pipeline.Launcher - The pipeline will try to reproduce a bug from build 360202531 and its corresponding patch from build 360317977
03:08:14.699 [main] INFO  f.i.s.repairnator.pipeline.Launcher - Initialize file serializer engines.
03:08:14.701 [main] INFO  f.i.s.repairnator.pipeline.Launcher - MongoDB won't be used for serialization.
03:08:14.701 [main] INFO  f.i.s.repairnator.pipeline.Launcher - The email notifier engine won't be used.
03:08:14.704 [main] INFO  f.i.s.repairnator.pipeline.Launcher - Start by getting the build (buildId: 360202531) with the following config: RepairnatorConfig{runId='2461c511-4012-473b-8e60-28377c2cdad5_03-18-week4-PASSING_AND_PASSING', launcherMode=BEARS, serializeJson=true, inputPath='null', outputPath='/var/log', mongodbHost='null', mongodbName='repairnator', smtpServer='null', notifyTo=[], notifyEndProcess=false, push=true, pushRemoteRepo='https://github.com/fermadeiral/bears-collection-pp', fork=false, lookFromDate=null, lookToDate=null, buildId=360202531, z3solverPath='./z3_for_linux', workspacePath='./workspace', githubToken='c8a341a903[...]', dockerImageName='null', skipDelete=false, createOutputDir=false, logDirectory='null', nbThreads=0, globalTimeout=0, whiteList=null, blackList=null, jobSleepTime=0, buildSleepTime=0, maxInspectedBuilds=0, duration=null, humanPatch=false, repository='null', clean=true, bearsMode=BOTH, bearsDelimiter = false, repairTools=NopolAllTests,NPEFix,AssertFixer,AstorJGenProg,AstorJKali,NopolSingleTest,AstorJMut,NopolTestExclusionStrategy, githubUserName= fermadeiral, githubUserEmail=fer.madeiral@gmail.com}
03:08:15.960 [main] DEBUG fr.inria.jtravis.helpers.BuildHelper - Get request to :https://api.travis-ci.org/build/360202531 done after 795 ms
03:08:16.194 [main] DEBUG fr.inria.jtravis.helpers.BuildHelper - Get request to :https://api.travis-ci.org/build/360317977 done after 150 ms
03:08:16.206 [main] INFO  f.i.s.repairnator.pipeline.Launcher - The patched build (360317977) was successfully retrieved from Travis.
03:08:17.423 [main] INFO  fr.inria.jtravis.JTravis - GitHub ratelimit: Limit: 5000 Remaining: 4788 Reset hour: 19:36:05
03:08:17.790 [main] INFO  f.i.s.r.p.i.ProjectInspector - ----------------------------------------------------------------------
03:08:17.790 [main] INFO  f.i.s.r.p.i.ProjectInspector - PIPELINE STEPS
03:08:17.791 [main] INFO  f.i.s.r.p.i.ProjectInspector - ----------------------------------------------------------------------
03:08:17.791 [main] INFO  f.i.s.r.p.i.ProjectInspector - CloneRepository
03:08:17.791 [main] INFO  f.i.s.r.p.i.ProjectInspector - CheckoutPatchedBuildCandidate
03:08:17.791 [main] INFO  f.i.s.r.p.i.ProjectInspector - ComputeSourceDir
03:08:17.791 [main] INFO  f.i.s.r.p.i.ProjectInspector - ComputeTestDir
03:08:17.792 [main] INFO  f.i.s.r.p.i.ProjectInspector - CheckoutBuggyBuildCandidateSourceCode
03:08:17.792 [main] INFO  f.i.s.r.p.i.ProjectInspector - BuildProjectBuggyBuildCandidateSourceCode
03:08:17.792 [main] INFO  f.i.s.r.p.i.ProjectInspector - TestProjectBuggyBuildCandidateSourceCode
03:08:17.792 [main] INFO  f.i.s.r.p.i.ProjectInspector - GatherTestInformationBuggyBuildCandidateSourceCode
03:08:17.792 [main] INFO  f.i.s.r.p.i.ProjectInspector - CheckoutBuggyBuildTestCode
03:08:17.793 [main] INFO  f.i.s.r.p.i.ProjectInspector - InitRepoToPush
03:08:17.793 [main] INFO  f.i.s.r.p.i.ProjectInspector - ComputeClasspath
03:08:17.793 [main] INFO  f.i.s.r.p.i.ProjectInspector - ComputeModules
03:08:17.793 [main] INFO  f.i.s.r.p.i.ProjectInspector - CheckoutBuggyBuildCandidateSourceCode
03:08:17.793 [main] INFO  f.i.s.r.p.i.ProjectInspector - CommitChangedTests
03:08:17.793 [main] INFO  f.i.s.r.p.i.ProjectInspector - CheckoutPatchedBuildCandidate
03:08:17.794 [main] INFO  f.i.s.r.p.i.ProjectInspector - BuildProjectPatchedBuildCandidate
03:08:17.794 [main] INFO  f.i.s.r.p.i.ProjectInspector - TestProjectPatchedBuildCandidate
03:08:17.794 [main] INFO  f.i.s.r.p.i.ProjectInspector - GatherTestInformationPatchedBuildCandidate
03:08:17.794 [main] INFO  f.i.s.r.p.i.ProjectInspector - CommitPatch
03:08:17.795 [main] INFO  f.i.s.r.p.i.ProjectInspector - WritePropertyFile
03:08:17.795 [main] INFO  f.i.s.r.p.i.ProjectInspector - CommitProcessEnd
03:08:17.796 [main] INFO  f.i.s.r.p.i.ProjectInspector - PushProcessEnd
03:08:17.796 [main] DEBUG f.i.s.r.process.step.CloneRepository - ----------------------------------------------------------------------
03:08:17.797 [main] DEBUG f.i.s.r.process.step.CloneRepository - STEP 1/22: CloneRepository
03:08:17.797 [main] DEBUG f.i.s.r.process.step.CloneRepository - ----------------------------------------------------------------------
03:08:17.798 [main] DEBUG f.i.s.r.process.step.CloneRepository - Cloning repository apache/incubator-dubbo in the following directory: ./workspace/apache/incubator-dubbo/360202531
03:08:26.610 [main] DEBUG f.i.s.r.process.step.CloneRepository - STEP STATUS: [ CloneRepository : SUCCESS ]
03:08:26.611 [main] DEBUG f.i.s.r.process.step.CloneRepository - STEP DURATION: 8s
03:08:26.611 [main] DEBUG f.i.s.r.process.step.CloneRepository - EXECUTE NEXT STEP
03:08:26.612 [main] DEBUG f.i.s.r.p.s.c.CheckoutPatchedBuild - ----------------------------------------------------------------------
03:08:26.612 [main] DEBUG f.i.s.r.p.s.c.CheckoutPatchedBuild - STEP 2/22: CheckoutPatchedBuildCandidate
03:08:26.612 [main] DEBUG f.i.s.r.p.s.c.CheckoutPatchedBuild - ----------------------------------------------------------------------
03:08:26.613 [main] DEBUG f.i.s.r.p.s.c.CheckoutPatchedBuild - Checking out patched build candidate...
03:08:26.623 [main] ERROR f.i.s.r.p.s.c.CheckoutPatchedBuild - Error while testing commit: org.eclipse.jgit.errors.MissingObjectException: Missing unknown 1e5b28f458ee5bb9ea3cb656fc5932e1296b3ee4
03:08:26.624 [main] ERROR f.i.s.r.p.s.c.CheckoutPatchedBuild - Error while getting the commit to checkout from the repo.
03:08:26.625 [main] DEBUG f.i.s.r.p.s.c.CheckoutPatchedBuild - STEP STATUS: [ CheckoutPatchedBuildCandidate : FAILURE ( BUILDNOTCHECKEDOUT ) ]
03:08:26.625 [main] DEBUG f.i.s.r.p.s.c.CheckoutPatchedBuild - STEP DURATION: 0s
03:08:26.625 [main] DEBUG f.i.s.r.p.s.c.CheckoutPatchedBuild - TERMINATE PIPELINE
03:08:26.626 [main] DEBUG f.i.s.r.p.s.c.CheckoutPatchedBuild - FINAL STEPS SKIPPED: The reproduction of the bug and/or the patch failed.
03:08:26.626 [main] INFO  f.i.s.r.p.s.c.CheckoutPatchedBuild - Serialize all data for the pair of builds 360202531, 360317977
03:08:26.948 [main] INFO  fr.inria.jtravis.JTravis - GitHub ratelimit: Limit: 5000 Remaining: 4787 Reset hour: 19:36:05
03:08:27.844 [main] INFO  f.i.s.r.p.i.ProjectInspector - ----------------------------------------------------------------------
03:08:27.845 [main] INFO  f.i.s.r.p.i.ProjectInspector - PIPELINE EXECUTION SUMMARY
03:08:27.845 [main] INFO  f.i.s.r.p.i.ProjectInspector - ----------------------------------------------------------------------
03:08:27.845 [main] INFO  f.i.s.r.p.i.ProjectInspector - CloneRepository........................................SUCCESS [ 8 s ]
03:08:27.845 [main] INFO  f.i.s.r.p.i.ProjectInspector - CheckoutPatchedBuildCandidate..........................FAILURE [ 0 s ]
03:08:27.846 [main] INFO  f.i.s.r.p.i.ProjectInspector - ComputeSourceDir.......................................NOT RUN        
03:08:27.846 [main] INFO  f.i.s.r.p.i.ProjectInspector - ComputeTestDir.........................................NOT RUN        
03:08:27.846 [main] INFO  f.i.s.r.p.i.ProjectInspector - CheckoutBuggyBuildCandidateSourceCode..................NOT RUN        
03:08:27.846 [main] INFO  f.i.s.r.p.i.ProjectInspector - BuildProjectBuggyBuildCandidateSourceCode..............NOT RUN        
03:08:27.847 [main] INFO  f.i.s.r.p.i.ProjectInspector - TestProjectBuggyBuildCandidateSourceCode...............NOT RUN        
03:08:27.847 [main] INFO  f.i.s.r.p.i.ProjectInspector - GatherTestInformationBuggyBuildCandidateSourceCode.....NOT RUN        
03:08:27.847 [main] INFO  f.i.s.r.p.i.ProjectInspector - CheckoutBuggyBuildTestCode.............................NOT RUN        
03:08:27.848 [main] INFO  f.i.s.r.p.i.ProjectInspector - InitRepoToPush.........................................NOT RUN        
03:08:27.848 [main] INFO  f.i.s.r.p.i.ProjectInspector - ComputeClasspath.......................................NOT RUN        
03:08:27.848 [main] INFO  f.i.s.r.p.i.ProjectInspector - ComputeModules.........................................NOT RUN        
03:08:27.848 [main] INFO  f.i.s.r.p.i.ProjectInspector - CheckoutBuggyBuildCandidateSourceCode..................NOT RUN        
03:08:27.848 [main] INFO  f.i.s.r.p.i.ProjectInspector - CommitChangedTests.....................................NOT RUN        
03:08:27.849 [main] INFO  f.i.s.r.p.i.ProjectInspector - CheckoutPatchedBuildCandidate..........................NOT RUN        
03:08:27.849 [main] INFO  f.i.s.r.p.i.ProjectInspector - BuildProjectPatchedBuildCandidate......................NOT RUN        
03:08:27.849 [main] INFO  f.i.s.r.p.i.ProjectInspector - TestProjectPatchedBuildCandidate.......................NOT RUN        
03:08:27.849 [main] INFO  f.i.s.r.p.i.ProjectInspector - GatherTestInformationPatchedBuildCandidate.............NOT RUN        
03:08:27.849 [main] INFO  f.i.s.r.p.i.ProjectInspector - CommitPatch............................................NOT RUN        
03:08:27.849 [main] INFO  f.i.s.r.p.i.ProjectInspector - WritePropertyFile......................................NOT RUN        
03:08:27.849 [main] INFO  f.i.s.r.p.i.ProjectInspector - CommitProcessEnd.......................................NOT RUN        
03:08:27.849 [main] INFO  f.i.s.r.p.i.ProjectInspector - PushProcessEnd.........................................NOT RUN        
03:08:27.849 [main] INFO  f.i.s.r.p.i.ProjectInspector - ----------------------------------------------------------------------
03:08:27.850 [main] INFO  f.i.s.r.p.i.ProjectInspector - PIPELINE FINDING: BUILDNOTCHECKEDOUT
03:08:27.850 [main] INFO  f.i.s.r.p.i.ProjectInspector - ----------------------------------------------------------------------
03:08:27.850 [main] INFO  f.i.s.repairnator.pipeline.Launcher - Inspector is finished. The process will exit now.
