14:40:31.930 [main] INFO  f.i.s.repairnator.pipeline.Launcher - PIPELINE VERSION: 3.0-2018-08-09 19:04
14:40:32.067 [main] INFO  f.i.s.repairnator.pipeline.Launcher - The pipeline will try to reproduce a bug from build 357255282 and its corresponding patch from build 357554049
14:40:32.067 [main] INFO  f.i.s.repairnator.pipeline.Launcher - Initialize file serializer engines.
14:40:32.069 [main] INFO  f.i.s.repairnator.pipeline.Launcher - MongoDB won't be used for serialization.
14:40:32.069 [main] INFO  f.i.s.repairnator.pipeline.Launcher - The email notifier engine won't be used.
14:40:32.072 [main] INFO  f.i.s.repairnator.pipeline.Launcher - Start by getting the build (buildId: 357255282) with the following config: RepairnatorConfig{runId='2461c511-4012-473b-8e60-28377c2cdad5_03-18-week4-PASSING_AND_PASSING', launcherMode=BEARS, serializeJson=true, inputPath='null', outputPath='/var/log', mongodbHost='null', mongodbName='repairnator', smtpServer='null', notifyTo=[], notifyEndProcess=false, push=true, pushRemoteRepo='https://github.com/fermadeiral/bears-collection-pp', fork=false, lookFromDate=null, lookToDate=null, buildId=357255282, z3solverPath='./z3_for_linux', workspacePath='./workspace', githubToken='c8a341a903[...]', dockerImageName='null', skipDelete=false, createOutputDir=false, logDirectory='null', nbThreads=0, globalTimeout=0, whiteList=null, blackList=null, jobSleepTime=0, buildSleepTime=0, maxInspectedBuilds=0, duration=null, humanPatch=false, repository='null', clean=true, bearsMode=BOTH, bearsDelimiter = false, repairTools=NopolAllTests,NPEFix,AssertFixer,AstorJGenProg,AstorJKali,NopolSingleTest,AstorJMut,NopolTestExclusionStrategy, githubUserName= fermadeiral, githubUserEmail=fer.madeiral@gmail.com}
14:40:33.394 [main] DEBUG fr.inria.jtravis.helpers.BuildHelper - Get request to :https://api.travis-ci.org/build/357255282 done after 829 ms
14:40:33.682 [main] DEBUG fr.inria.jtravis.helpers.BuildHelper - Get request to :https://api.travis-ci.org/build/357554049 done after 137 ms
14:40:33.705 [main] INFO  f.i.s.repairnator.pipeline.Launcher - The patched build (357554049) was successfully retrieved from Travis.
14:40:34.791 [main] INFO  fr.inria.jtravis.JTravis - GitHub ratelimit: Limit: 5000 Remaining: 4793 Reset hour: 19:35:20
14:40:35.044 [main] INFO  f.i.s.r.p.i.ProjectInspector - ----------------------------------------------------------------------
14:40:35.044 [main] INFO  f.i.s.r.p.i.ProjectInspector - PIPELINE STEPS
14:40:35.045 [main] INFO  f.i.s.r.p.i.ProjectInspector - ----------------------------------------------------------------------
14:40:35.045 [main] INFO  f.i.s.r.p.i.ProjectInspector - CloneRepository
14:40:35.045 [main] INFO  f.i.s.r.p.i.ProjectInspector - CheckoutPatchedBuildCandidate
14:40:35.045 [main] INFO  f.i.s.r.p.i.ProjectInspector - ComputeSourceDir
14:40:35.046 [main] INFO  f.i.s.r.p.i.ProjectInspector - ComputeTestDir
14:40:35.046 [main] INFO  f.i.s.r.p.i.ProjectInspector - CheckoutBuggyBuildCandidateSourceCode
14:40:35.046 [main] INFO  f.i.s.r.p.i.ProjectInspector - BuildProjectBuggyBuildCandidateSourceCode
14:40:35.047 [main] INFO  f.i.s.r.p.i.ProjectInspector - TestProjectBuggyBuildCandidateSourceCode
14:40:35.047 [main] INFO  f.i.s.r.p.i.ProjectInspector - GatherTestInformationBuggyBuildCandidateSourceCode
14:40:35.047 [main] INFO  f.i.s.r.p.i.ProjectInspector - CheckoutBuggyBuildTestCode
14:40:35.047 [main] INFO  f.i.s.r.p.i.ProjectInspector - InitRepoToPush
14:40:35.048 [main] INFO  f.i.s.r.p.i.ProjectInspector - ComputeClasspath
14:40:35.048 [main] INFO  f.i.s.r.p.i.ProjectInspector - ComputeModules
14:40:35.048 [main] INFO  f.i.s.r.p.i.ProjectInspector - CheckoutBuggyBuildCandidateSourceCode
14:40:35.048 [main] INFO  f.i.s.r.p.i.ProjectInspector - CommitChangedTests
14:40:35.048 [main] INFO  f.i.s.r.p.i.ProjectInspector - CheckoutPatchedBuildCandidate
14:40:35.049 [main] INFO  f.i.s.r.p.i.ProjectInspector - BuildProjectPatchedBuildCandidate
14:40:35.049 [main] INFO  f.i.s.r.p.i.ProjectInspector - TestProjectPatchedBuildCandidate
14:40:35.049 [main] INFO  f.i.s.r.p.i.ProjectInspector - GatherTestInformationPatchedBuildCandidate
14:40:35.050 [main] INFO  f.i.s.r.p.i.ProjectInspector - CommitPatch
14:40:35.054 [main] INFO  f.i.s.r.p.i.ProjectInspector - WritePropertyFile
14:40:35.054 [main] INFO  f.i.s.r.p.i.ProjectInspector - CommitProcessEnd
14:40:35.055 [main] INFO  f.i.s.r.p.i.ProjectInspector - PushProcessEnd
14:40:35.055 [main] DEBUG f.i.s.r.process.step.CloneRepository - ----------------------------------------------------------------------
14:40:35.055 [main] DEBUG f.i.s.r.process.step.CloneRepository - STEP 1/22: CloneRepository
14:40:35.056 [main] DEBUG f.i.s.r.process.step.CloneRepository - ----------------------------------------------------------------------
14:40:35.056 [main] DEBUG f.i.s.r.process.step.CloneRepository - Cloning repository prestodb/presto in the following directory: ./workspace/prestodb/presto/357255282
14:41:17.919 [main] DEBUG f.i.s.r.process.step.CloneRepository - STEP STATUS: [ CloneRepository : SUCCESS ]
14:41:17.920 [main] DEBUG f.i.s.r.process.step.CloneRepository - STEP DURATION: 42s
14:41:17.921 [main] DEBUG f.i.s.r.process.step.CloneRepository - EXECUTE NEXT STEP
14:41:17.922 [main] DEBUG f.i.s.r.p.s.c.CheckoutPatchedBuild - ----------------------------------------------------------------------
14:41:17.922 [main] DEBUG f.i.s.r.p.s.c.CheckoutPatchedBuild - STEP 2/22: CheckoutPatchedBuildCandidate
14:41:17.923 [main] DEBUG f.i.s.r.p.s.c.CheckoutPatchedBuild - ----------------------------------------------------------------------
14:41:17.923 [main] DEBUG f.i.s.r.p.s.c.CheckoutPatchedBuild - Checking out patched build candidate...
14:41:18.265 [main] INFO  fr.inria.jtravis.JTravis - GitHub ratelimit: Limit: 5000 Remaining: 4788 Reset hour: 19:35:20
14:41:20.280 [main] DEBUG f.i.s.r.p.s.c.CheckoutPatchedBuild - Reproduce the PR for prestodb/presto by fetching remote branch and merging.
14:41:25.509 [main] DEBUG f.i.s.r.process.git.GitHelper - Step CheckoutPatchedBuildCandidate - Get the commit bb06b216a13b68d7bd37bb650c67c8bae837d76f for repo prestodb/presto
14:41:26.821 [main] DEBUG f.i.s.r.process.git.GitHelper - Step CheckoutPatchedBuildCandidate - Do the merge with the PR commit for repo prestodb/presto
14:41:26.836 [main] INFO  f.i.s.r.process.git.GitHelper - Init git submodules.
14:41:26.929 [main] DEBUG f.i.s.r.p.s.c.CheckoutPatchedBuild - STEP STATUS: [ CheckoutPatchedBuildCandidate : SUCCESS ]
14:41:26.930 [main] DEBUG f.i.s.r.p.s.c.CheckoutPatchedBuild - STEP DURATION: 9s
14:41:26.930 [main] DEBUG f.i.s.r.p.s.c.CheckoutPatchedBuild - EXECUTE NEXT STEP
14:41:26.930 [main] DEBUG f.i.s.r.p.s.paths.ComputeSourceDir - ----------------------------------------------------------------------
14:41:26.930 [main] DEBUG f.i.s.r.p.s.paths.ComputeSourceDir - STEP 3/22: ComputeSourceDir
14:41:26.930 [main] DEBUG f.i.s.r.p.s.paths.ComputeSourceDir - ----------------------------------------------------------------------
14:41:26.931 [main] DEBUG f.i.s.r.p.s.paths.ComputeSourceDir - Computing the source directory ...
14:41:26.932 [main] DEBUG f.i.s.r.p.s.paths.ComputeSourceDir - The default source directory (/root/workspace/prestodb/presto/357255282/src/main/java) does not exist. Try to read pom.xml to get information.
14:41:27.045 [main] DEBUG f.i.s.r.p.m.RepositoryModelResolver - Downloading https://repo1.maven.org/maven2/io/airlift/airbase/79/airbase-79.pom
14:41:27.264 [main] ERROR f.i.s.r.process.maven.MavenHelper - Error while building complete model. The raw model will be used. Error message: 1 problem was encountered while building the effective model for com.facebook.presto:presto-root:0.198-SNAPSHOT
[ERROR] Failed to determine Java version for profile java9-surefire @ io.airlift:airbase:79

14:41:27.291 [main] DEBUG f.i.s.r.p.s.paths.ComputeSourceDir - Build section does not exist in the following pom.xml: /root/workspace/prestodb/presto/357255282/pom.xml. Continue to try to get source dir from all modules.
14:41:27.325 [main] ERROR f.i.s.r.process.maven.MavenHelper - Error while building complete model. The raw model will be used. Error message: 1 problem was encountered while building the effective model for com.facebook.presto:presto-atop:0.198-SNAPSHOT
[ERROR] Failed to determine Java version for profile java9-surefire @ io.airlift:airbase:79

14:41:27.352 [main] ERROR f.i.s.r.process.maven.MavenHelper - Error while building complete model. The raw model will be used. Error message: 1 problem was encountered while building the effective model for com.facebook.presto:presto-spi:0.198-SNAPSHOT
[ERROR] Failed to determine Java version for profile java9-surefire @ io.airlift:airbase:79

14:41:27.369 [main] ERROR f.i.s.r.process.maven.MavenHelper - Error while building complete model. The raw model will be used. Error message: 1 problem was encountered while building the effective model for com.facebook.presto:presto-array:0.198-SNAPSHOT
[ERROR] Failed to determine Java version for profile java9-surefire @ io.airlift:airbase:79

14:41:27.386 [main] ERROR f.i.s.r.process.maven.MavenHelper - Error while building complete model. The raw model will be used. Error message: 1 problem was encountered while building the effective model for com.facebook.presto:presto-jmx:0.198-SNAPSHOT
[ERROR] Failed to determine Java version for profile java9-surefire @ io.airlift:airbase:79

14:41:27.402 [main] ERROR f.i.s.r.process.maven.MavenHelper - Error while building complete model. The raw model will be used. Error message: 1 problem was encountered while building the effective model for com.facebook.presto:presto-record-decoder:0.198-SNAPSHOT
[ERROR] Failed to determine Java version for profile java9-surefire @ io.airlift:airbase:79

14:41:27.416 [main] ERROR f.i.s.r.process.maven.MavenHelper - Error while building complete model. The raw model will be used. Error message: 1 problem was encountered while building the effective model for com.facebook.presto:presto-kafka:0.198-SNAPSHOT
[ERROR] Failed to determine Java version for profile java9-surefire @ io.airlift:airbase:79

14:41:27.430 [main] ERROR f.i.s.r.process.maven.MavenHelper - Error while building complete model. The raw model will be used. Error message: 1 problem was encountered while building the effective model for com.facebook.presto:presto-redis:0.198-SNAPSHOT
[ERROR] Failed to determine Java version for profile java9-surefire @ io.airlift:airbase:79

14:41:27.444 [main] ERROR f.i.s.r.process.maven.MavenHelper - Error while building complete model. The raw model will be used. Error message: 1 problem was encountered while building the effective model for com.facebook.presto:presto-accumulo:0.198-SNAPSHOT
[ERROR] Failed to determine Java version for profile java9-surefire @ io.airlift:airbase:79

14:41:27.457 [main] ERROR f.i.s.r.process.maven.MavenHelper - Error while building complete model. The raw model will be used. Error message: 1 problem was encountered while building the effective model for com.facebook.presto:presto-cassandra:0.198-SNAPSHOT
[ERROR] Failed to determine Java version for profile java9-surefire @ io.airlift:airbase:79

14:41:27.475 [main] ERROR f.i.s.r.process.maven.MavenHelper - Error while building complete model. The raw model will be used. Error message: 1 problem was encountered while building the effective model for com.facebook.presto:presto-blackhole:0.198-SNAPSHOT
[ERROR] Failed to determine Java version for profile java9-surefire @ io.airlift:airbase:79

14:41:27.486 [main] ERROR f.i.s.r.process.maven.MavenHelper - Error while building complete model. The raw model will be used. Error message: 1 problem was encountered while building the effective model for com.facebook.presto:presto-memory:0.198-SNAPSHOT
[ERROR] Failed to determine Java version for profile java9-surefire @ io.airlift:airbase:79

14:41:27.497 [main] ERROR f.i.s.r.process.maven.MavenHelper - Error while building complete model. The raw model will be used. Error message: 1 problem was encountered while building the effective model for com.facebook.presto:presto-orc:0.198-SNAPSHOT
[ERROR] Failed to determine Java version for profile java9-surefire @ io.airlift:airbase:79

14:41:27.509 [main] ERROR f.i.s.r.process.maven.MavenHelper - Error while building complete model. The raw model will be used. Error message: 1 problem was encountered while building the effective model for com.facebook.presto:presto-rcfile:0.198-SNAPSHOT
[ERROR] Failed to determine Java version for profile java9-surefire @ io.airlift:airbase:79

14:41:27.520 [main] ERROR f.i.s.r.process.maven.MavenHelper - Error while building complete model. The raw model will be used. Error message: 1 problem was encountered while building the effective model for com.facebook.presto:presto-hive:0.198-SNAPSHOT
[ERROR] Failed to determine Java version for profile java9-surefire @ io.airlift:airbase:79

14:41:27.532 [main] ERROR f.i.s.r.process.maven.MavenHelper - Error while building complete model. The raw model will be used. Error message: 1 problem was encountered while building the effective model for com.facebook.presto:presto-hive-hadoop2:0.198-SNAPSHOT
[ERROR] Failed to determine Java version for profile java9-surefire @ io.airlift:airbase:79

14:41:27.543 [main] ERROR f.i.s.r.process.maven.MavenHelper - Error while building complete model. The raw model will be used. Error message: 1 problem was encountered while building the effective model for com.facebook.presto:presto-teradata-functions:0.198-SNAPSHOT
[ERROR] Failed to determine Java version for profile java9-surefire @ io.airlift:airbase:79

14:41:27.554 [main] ERROR f.i.s.r.process.maven.MavenHelper - Error while building complete model. The raw model will be used. Error message: 1 problem was encountered while building the effective model for com.facebook.presto:presto-example-http:0.198-SNAPSHOT
[ERROR] Failed to determine Java version for profile java9-surefire @ io.airlift:airbase:79

14:41:27.566 [main] ERROR f.i.s.r.process.maven.MavenHelper - Error while building complete model. The raw model will be used. Error message: 1 problem was encountered while building the effective model for com.facebook.presto:presto-local-file:0.198-SNAPSHOT
[ERROR] Failed to determine Java version for profile java9-surefire @ io.airlift:airbase:79

14:41:27.576 [main] ERROR f.i.s.r.process.maven.MavenHelper - Error while building complete model. The raw model will be used. Error message: 1 problem was encountered while building the effective model for com.facebook.presto:presto-tpch:0.198-SNAPSHOT
[ERROR] Failed to determine Java version for profile java9-surefire @ io.airlift:airbase:79

14:41:27.589 [main] ERROR f.i.s.r.process.maven.MavenHelper - Error while building complete model. The raw model will be used. Error message: 1 problem was encountered while building the effective model for com.facebook.presto:presto-tpcds:0.198-SNAPSHOT
[ERROR] Failed to determine Java version for profile java9-surefire @ io.airlift:airbase:79

14:41:27.621 [main] ERROR f.i.s.r.process.maven.MavenHelper - Error while building complete model. The raw model will be used. Error message: 1 problem was encountered while building the effective model for com.facebook.presto:presto-raptor:0.198-SNAPSHOT
[ERROR] Failed to determine Java version for profile java9-surefire @ io.airlift:airbase:79

14:41:27.648 [main] ERROR f.i.s.r.process.maven.MavenHelper - Error while building complete model. The raw model will be used. Error message: 1 problem was encountered while building the effective model for com.facebook.presto:presto-base-jdbc:0.198-SNAPSHOT
[ERROR] Failed to determine Java version for profile java9-surefire @ io.airlift:airbase:79

14:41:27.658 [main] ERROR f.i.s.r.process.maven.MavenHelper - Error while building complete model. The raw model will be used. Error message: 1 problem was encountered while building the effective model for com.facebook.presto:presto-mysql:0.198-SNAPSHOT
[ERROR] Failed to determine Java version for profile java9-surefire @ io.airlift:airbase:79

14:41:27.668 [main] ERROR f.i.s.r.process.maven.MavenHelper - Error while building complete model. The raw model will be used. Error message: 1 problem was encountered while building the effective model for com.facebook.presto:presto-postgresql:0.198-SNAPSHOT
[ERROR] Failed to determine Java version for profile java9-surefire @ io.airlift:airbase:79

14:41:27.680 [main] ERROR f.i.s.r.process.maven.MavenHelper - Error while building complete model. The raw model will be used. Error message: 1 problem was encountered while building the effective model for com.facebook.presto:presto-redshift:0.198-SNAPSHOT
[ERROR] Failed to determine Java version for profile java9-surefire @ io.airlift:airbase:79

14:41:27.691 [main] ERROR f.i.s.r.process.maven.MavenHelper - Error while building complete model. The raw model will be used. Error message: 1 problem was encountered while building the effective model for com.facebook.presto:presto-sqlserver:0.198-SNAPSHOT
[ERROR] Failed to determine Java version for profile java9-surefire @ io.airlift:airbase:79

14:41:27.702 [main] ERROR f.i.s.r.process.maven.MavenHelper - Error while building complete model. The raw model will be used. Error message: 1 problem was encountered while building the effective model for com.facebook.presto:presto-mongodb:0.198-SNAPSHOT
[ERROR] Failed to determine Java version for profile java9-surefire @ io.airlift:airbase:79

14:41:27.713 [main] ERROR f.i.s.r.process.maven.MavenHelper - Error while building complete model. The raw model will be used. Error message: 1 problem was encountered while building the effective model for com.facebook.presto:presto-client:0.198-SNAPSHOT
[ERROR] Failed to determine Java version for profile java9-surefire @ io.airlift:airbase:79

14:41:27.724 [main] ERROR f.i.s.r.process.maven.MavenHelper - Error while building complete model. The raw model will be used. Error message: 1 problem was encountered while building the effective model for com.facebook.presto:presto-parser:0.198-SNAPSHOT
[ERROR] Failed to determine Java version for profile java9-surefire @ io.airlift:airbase:79

14:41:27.736 [main] ERROR f.i.s.r.process.maven.MavenHelper - Error while building complete model. The raw model will be used. Error message: 1 problem was encountered while building the effective model for com.facebook.presto:presto-main:0.198-SNAPSHOT
[ERROR] Failed to determine Java version for profile java9-surefire @ io.airlift:airbase:79

14:41:27.748 [main] ERROR f.i.s.r.process.maven.MavenHelper - Error while building complete model. The raw model will be used. Error message: 1 problem was encountered while building the effective model for com.facebook.presto:presto-ml:0.198-SNAPSHOT
[ERROR] Failed to determine Java version for profile java9-surefire @ io.airlift:airbase:79

14:41:27.764 [main] ERROR f.i.s.r.process.maven.MavenHelper - Error while building complete model. The raw model will be used. Error message: 1 problem was encountered while building the effective model for com.facebook.presto:presto-geospatial:0.198-SNAPSHOT
[ERROR] Failed to determine Java version for profile java9-surefire @ io.airlift:airbase:79

14:41:27.778 [main] ERROR f.i.s.r.process.maven.MavenHelper - Error while building complete model. The raw model will be used. Error message: 1 problem was encountered while building the effective model for com.facebook.presto:presto-geospatial-toolkit:0.198-SNAPSHOT
[ERROR] Failed to determine Java version for profile java9-surefire @ io.airlift:airbase:79

14:41:27.788 [main] ERROR f.i.s.r.process.maven.MavenHelper - Error while building complete model. The raw model will be used. Error message: 1 problem was encountered while building the effective model for com.facebook.presto:presto-benchmark:0.198-SNAPSHOT
[ERROR] Failed to determine Java version for profile java9-surefire @ io.airlift:airbase:79

14:41:27.799 [main] ERROR f.i.s.r.process.maven.MavenHelper - Error while building complete model. The raw model will be used. Error message: 1 problem was encountered while building the effective model for com.facebook.presto:presto-tests:0.198-SNAPSHOT
[ERROR] Failed to determine Java version for profile java9-surefire @ io.airlift:airbase:79

14:41:27.811 [main] ERROR f.i.s.r.process.maven.MavenHelper - Error while building complete model. The raw model will be used. Error message: 1 problem was encountered while building the effective model for com.facebook.presto:presto-product-tests:0.198-SNAPSHOT
[ERROR] Failed to determine Java version for profile java9-surefire @ io.airlift:airbase:79

14:41:27.822 [main] ERROR f.i.s.r.process.maven.MavenHelper - Error while building complete model. The raw model will be used. Error message: 1 problem was encountered while building the effective model for com.facebook.presto:presto-jdbc:0.198-SNAPSHOT
[ERROR] Failed to determine Java version for profile java9-surefire @ io.airlift:airbase:79

14:41:27.832 [main] ERROR f.i.s.r.process.maven.MavenHelper - Error while building complete model. The raw model will be used. Error message: 1 problem was encountered while building the effective model for com.facebook.presto:presto-cli:0.198-SNAPSHOT
[ERROR] Failed to determine Java version for profile java9-surefire @ io.airlift:airbase:79

14:41:27.843 [main] ERROR f.i.s.r.process.maven.MavenHelper - Error while building complete model. The raw model will be used. Error message: 1 problem was encountered while building the effective model for com.facebook.presto:presto-benchmark-driver:0.198-SNAPSHOT
[ERROR] Failed to determine Java version for profile java9-surefire @ io.airlift:airbase:79

14:41:27.843 [main] DEBUG f.i.s.r.p.s.paths.ComputeSourceDir - The default source directory (/root/workspace/prestodb/presto/357255282/presto-server/src/main/java) does not exist. Try to read pom.xml to get information.
14:41:27.854 [main] ERROR f.i.s.r.process.maven.MavenHelper - Error while building complete model. The raw model will be used. Error message: 1 problem was encountered while building the effective model for com.facebook.presto:presto-server:0.198-SNAPSHOT
[ERROR] Failed to determine Java version for profile java9-surefire @ io.airlift:airbase:79

14:41:27.855 [main] DEBUG f.i.s.r.p.s.paths.ComputeSourceDir - Build section does not exist in the following pom.xml: /root/workspace/prestodb/presto/357255282/presto-server/pom.xml. Continue to try to get source dir from all modules.
14:41:27.855 [main] ERROR f.i.s.r.p.s.paths.ComputeSourceDir - The source directory is not at default location or specified in build section from pom.xml, and no parent can be found.
14:41:27.855 [main] DEBUG f.i.s.r.p.s.paths.ComputeSourceDir - The default source directory (/root/workspace/prestodb/presto/357255282/presto-server-rpm/src/main/java) does not exist. Try to read pom.xml to get information.
14:41:27.870 [main] ERROR f.i.s.r.process.maven.MavenHelper - Error while building complete model. The raw model will be used. Error message: 1 problem was encountered while building the effective model for com.facebook.presto:presto-server-rpm:0.198-SNAPSHOT
[ERROR] Failed to determine Java version for profile java9-surefire @ io.airlift:airbase:79

14:41:27.872 [main] DEBUG f.i.s.r.p.s.paths.ComputeSourceDir - Build section does not exist in the following pom.xml: /root/workspace/prestodb/presto/357255282/presto-server-rpm/pom.xml. Continue to try to get source dir from all modules.
14:41:27.872 [main] ERROR f.i.s.r.p.s.paths.ComputeSourceDir - The source directory is not at default location or specified in build section from pom.xml, and no parent can be found.
14:41:27.873 [main] DEBUG f.i.s.r.p.s.paths.ComputeSourceDir - The default source directory (/root/workspace/prestodb/presto/357255282/presto-docs/src/main/java) does not exist. Try to read pom.xml to get information.
14:41:27.891 [main] ERROR f.i.s.r.process.maven.MavenHelper - Error while building complete model. The raw model will be used. Error message: 1 problem was encountered while building the effective model for com.facebook.presto:presto-docs:0.198-SNAPSHOT
[ERROR] Failed to determine Java version for profile java9-surefire @ io.airlift:airbase:79

14:41:27.892 [main] DEBUG f.i.s.r.p.s.paths.ComputeSourceDir - Build section does not exist in the following pom.xml: /root/workspace/prestodb/presto/357255282/presto-docs/pom.xml. Continue to try to get source dir from all modules.
14:41:27.892 [main] ERROR f.i.s.r.p.s.paths.ComputeSourceDir - The source directory is not at default location or specified in build section from pom.xml, and no parent can be found.
14:41:27.903 [main] ERROR f.i.s.r.process.maven.MavenHelper - Error while building complete model. The raw model will be used. Error message: 1 problem was encountered while building the effective model for com.facebook.presto:presto-verifier:0.198-SNAPSHOT
[ERROR] Failed to determine Java version for profile java9-surefire @ io.airlift:airbase:79

14:41:27.914 [main] ERROR f.i.s.r.process.maven.MavenHelper - Error while building complete model. The raw model will be used. Error message: 1 problem was encountered while building the effective model for com.facebook.presto:presto-testing-server-launcher:0.198-SNAPSHOT
[ERROR] Failed to determine Java version for profile java9-surefire @ io.airlift:airbase:79

14:41:27.927 [main] ERROR f.i.s.r.process.maven.MavenHelper - Error while building complete model. The raw model will be used. Error message: 1 problem was encountered while building the effective model for com.facebook.presto:presto-plugin-toolkit:0.198-SNAPSHOT
[ERROR] Failed to determine Java version for profile java9-surefire @ io.airlift:airbase:79

14:41:27.937 [main] ERROR f.i.s.r.process.maven.MavenHelper - Error while building complete model. The raw model will be used. Error message: 1 problem was encountered while building the effective model for com.facebook.presto:presto-resource-group-managers:0.198-SNAPSHOT
[ERROR] Failed to determine Java version for profile java9-surefire @ io.airlift:airbase:79

14:41:27.947 [main] ERROR f.i.s.r.process.maven.MavenHelper - Error while building complete model. The raw model will be used. Error message: 1 problem was encountered while building the effective model for com.facebook.presto:presto-password-authenticators:0.198-SNAPSHOT
[ERROR] Failed to determine Java version for profile java9-surefire @ io.airlift:airbase:79

14:41:27.948 [main] DEBUG f.i.s.r.p.s.paths.ComputeSourceDir - The default source directory (/root/workspace/prestodb/presto/357255282/presto-benchto-benchmarks/src/main/java) does not exist. Try to read pom.xml to get information.
14:41:27.957 [main] ERROR f.i.s.r.process.maven.MavenHelper - Error while building complete model. The raw model will be used. Error message: 1 problem was encountered while building the effective model for com.facebook.presto:presto-benchto-benchmarks:0.198-SNAPSHOT
[ERROR] Failed to determine Java version for profile java9-surefire @ io.airlift:airbase:79

14:41:27.958 [main] DEBUG f.i.s.r.p.s.paths.ComputeSourceDir - Build section does not exist in the following pom.xml: /root/workspace/prestodb/presto/357255282/presto-benchto-benchmarks/pom.xml. Continue to try to get source dir from all modules.
14:41:27.958 [main] ERROR f.i.s.r.p.s.paths.ComputeSourceDir - The source directory is not at default location or specified in build section from pom.xml, and no parent can be found.
14:41:27.967 [main] ERROR f.i.s.r.process.maven.MavenHelper - Error while building complete model. The raw model will be used. Error message: 1 problem was encountered while building the effective model for com.facebook.presto:presto-thrift-connector-api:0.198-SNAPSHOT
[ERROR] Failed to determine Java version for profile java9-surefire @ io.airlift:airbase:79

14:41:27.979 [main] ERROR f.i.s.r.process.maven.MavenHelper - Error while building complete model. The raw model will be used. Error message: 1 problem was encountered while building the effective model for com.facebook.presto:presto-thrift-testing-server:0.198-SNAPSHOT
[ERROR] Failed to determine Java version for profile java9-surefire @ io.airlift:airbase:79

14:41:27.989 [main] ERROR f.i.s.r.process.maven.MavenHelper - Error while building complete model. The raw model will be used. Error message: 1 problem was encountered while building the effective model for com.facebook.presto:presto-thrift-connector:0.198-SNAPSHOT
[ERROR] Failed to determine Java version for profile java9-surefire @ io.airlift:airbase:79

14:41:28.000 [main] ERROR f.i.s.r.process.maven.MavenHelper - Error while building complete model. The raw model will be used. Error message: 1 problem was encountered while building the effective model for com.facebook.presto:presto-matching:0.198-SNAPSHOT
[ERROR] Failed to determine Java version for profile java9-surefire @ io.airlift:airbase:79

14:41:28.068 [main] ERROR f.i.s.r.process.maven.MavenHelper - Error while building complete model. The raw model will be used. Error message: 1 problem was encountered while building the effective model for com.facebook.presto:presto-memory-context:0.198-SNAPSHOT
[ERROR] Failed to determine Java version for profile java9-surefire @ io.airlift:airbase:79

14:41:28.070 [main] INFO  f.i.s.r.p.s.paths.ComputeSourceDir - 49 source dirs were found:
14:41:28.070 [main] INFO  f.i.s.r.p.s.paths.ComputeSourceDir - /root/workspace/prestodb/presto/357255282/presto-accumulo/src/main/java
14:41:28.070 [main] INFO  f.i.s.r.p.s.paths.ComputeSourceDir - /root/workspace/prestodb/presto/357255282/presto-array/src/main/java
14:41:28.071 [main] INFO  f.i.s.r.p.s.paths.ComputeSourceDir - /root/workspace/prestodb/presto/357255282/presto-atop/src/main/java
14:41:28.071 [main] INFO  f.i.s.r.p.s.paths.ComputeSourceDir - /root/workspace/prestodb/presto/357255282/presto-base-jdbc/src/main/java
14:41:28.071 [main] INFO  f.i.s.r.p.s.paths.ComputeSourceDir - /root/workspace/prestodb/presto/357255282/presto-benchmark-driver/src/main/java
14:41:28.071 [main] INFO  f.i.s.r.p.s.paths.ComputeSourceDir - /root/workspace/prestodb/presto/357255282/presto-benchmark/src/main/java
14:41:28.071 [main] INFO  f.i.s.r.p.s.paths.ComputeSourceDir - /root/workspace/prestodb/presto/357255282/presto-blackhole/src/main/java
14:41:28.071 [main] INFO  f.i.s.r.p.s.paths.ComputeSourceDir - /root/workspace/prestodb/presto/357255282/presto-cassandra/src/main/java
14:41:28.071 [main] INFO  f.i.s.r.p.s.paths.ComputeSourceDir - /root/workspace/prestodb/presto/357255282/presto-cli/src/main/java
14:41:28.071 [main] INFO  f.i.s.r.p.s.paths.ComputeSourceDir - /root/workspace/prestodb/presto/357255282/presto-client/src/main/java
14:41:28.071 [main] INFO  f.i.s.r.p.s.paths.ComputeSourceDir - /root/workspace/prestodb/presto/357255282/presto-example-http/src/main/java
14:41:28.071 [main] INFO  f.i.s.r.p.s.paths.ComputeSourceDir - /root/workspace/prestodb/presto/357255282/presto-geospatial-toolkit/src/main/java
14:41:28.071 [main] INFO  f.i.s.r.p.s.paths.ComputeSourceDir - /root/workspace/prestodb/presto/357255282/presto-geospatial/src/main/java
14:41:28.072 [main] INFO  f.i.s.r.p.s.paths.ComputeSourceDir - /root/workspace/prestodb/presto/357255282/presto-hive-hadoop2/src/main/java
14:41:28.072 [main] INFO  f.i.s.r.p.s.paths.ComputeSourceDir - /root/workspace/prestodb/presto/357255282/presto-hive/src/main/java
14:41:28.072 [main] INFO  f.i.s.r.p.s.paths.ComputeSourceDir - /root/workspace/prestodb/presto/357255282/presto-jdbc/src/main/java
14:41:28.072 [main] INFO  f.i.s.r.p.s.paths.ComputeSourceDir - /root/workspace/prestodb/presto/357255282/presto-jmx/src/main/java
14:41:28.072 [main] INFO  f.i.s.r.p.s.paths.ComputeSourceDir - /root/workspace/prestodb/presto/357255282/presto-kafka/src/main/java
14:41:28.072 [main] INFO  f.i.s.r.p.s.paths.ComputeSourceDir - /root/workspace/prestodb/presto/357255282/presto-local-file/src/main/java
14:41:28.072 [main] INFO  f.i.s.r.p.s.paths.ComputeSourceDir - /root/workspace/prestodb/presto/357255282/presto-main/src/main/java
14:41:28.072 [main] INFO  f.i.s.r.p.s.paths.ComputeSourceDir - /root/workspace/prestodb/presto/357255282/presto-matching/src/main/java
14:41:28.072 [main] INFO  f.i.s.r.p.s.paths.ComputeSourceDir - /root/workspace/prestodb/presto/357255282/presto-memory-context/src/main/java
14:41:28.072 [main] INFO  f.i.s.r.p.s.paths.ComputeSourceDir - /root/workspace/prestodb/presto/357255282/presto-memory/src/main/java
14:41:28.072 [main] INFO  f.i.s.r.p.s.paths.ComputeSourceDir - /root/workspace/prestodb/presto/357255282/presto-ml/src/main/java
14:41:28.073 [main] INFO  f.i.s.r.p.s.paths.ComputeSourceDir - /root/workspace/prestodb/presto/357255282/presto-mongodb/src/main/java
14:41:28.073 [main] INFO  f.i.s.r.p.s.paths.ComputeSourceDir - /root/workspace/prestodb/presto/357255282/presto-mysql/src/main/java
14:41:28.073 [main] INFO  f.i.s.r.p.s.paths.ComputeSourceDir - /root/workspace/prestodb/presto/357255282/presto-orc/src/main/java
14:41:28.073 [main] INFO  f.i.s.r.p.s.paths.ComputeSourceDir - /root/workspace/prestodb/presto/357255282/presto-parser/src/main/java
14:41:28.073 [main] INFO  f.i.s.r.p.s.paths.ComputeSourceDir - /root/workspace/prestodb/presto/357255282/presto-password-authenticators/src/main/java
14:41:28.073 [main] INFO  f.i.s.r.p.s.paths.ComputeSourceDir - /root/workspace/prestodb/presto/357255282/presto-plugin-toolkit/src/main/java
14:41:28.073 [main] INFO  f.i.s.r.p.s.paths.ComputeSourceDir - /root/workspace/prestodb/presto/357255282/presto-postgresql/src/main/java
14:41:28.074 [main] INFO  f.i.s.r.p.s.paths.ComputeSourceDir - /root/workspace/prestodb/presto/357255282/presto-product-tests/src/main/java
14:41:28.074 [main] INFO  f.i.s.r.p.s.paths.ComputeSourceDir - /root/workspace/prestodb/presto/357255282/presto-raptor/src/main/java
14:41:28.074 [main] INFO  f.i.s.r.p.s.paths.ComputeSourceDir - /root/workspace/prestodb/presto/357255282/presto-rcfile/src/main/java
14:41:28.074 [main] INFO  f.i.s.r.p.s.paths.ComputeSourceDir - /root/workspace/prestodb/presto/357255282/presto-record-decoder/src/main/java
14:41:28.074 [main] INFO  f.i.s.r.p.s.paths.ComputeSourceDir - /root/workspace/prestodb/presto/357255282/presto-redis/src/main/java
14:41:28.075 [main] INFO  f.i.s.r.p.s.paths.ComputeSourceDir - /root/workspace/prestodb/presto/357255282/presto-redshift/src/main/java
14:41:28.075 [main] INFO  f.i.s.r.p.s.paths.ComputeSourceDir - /root/workspace/prestodb/presto/357255282/presto-resource-group-managers/src/main/java
14:41:28.076 [main] INFO  f.i.s.r.p.s.paths.ComputeSourceDir - /root/workspace/prestodb/presto/357255282/presto-spi/src/main/java
14:41:28.076 [main] INFO  f.i.s.r.p.s.paths.ComputeSourceDir - /root/workspace/prestodb/presto/357255282/presto-sqlserver/src/main/java
14:41:28.076 [main] INFO  f.i.s.r.p.s.paths.ComputeSourceDir - /root/workspace/prestodb/presto/357255282/presto-teradata-functions/src/main/java
14:41:28.076 [main] INFO  f.i.s.r.p.s.paths.ComputeSourceDir - /root/workspace/prestodb/presto/357255282/presto-testing-server-launcher/src/main/java
14:41:28.077 [main] INFO  f.i.s.r.p.s.paths.ComputeSourceDir - /root/workspace/prestodb/presto/357255282/presto-tests/src/main/java
14:41:28.077 [main] INFO  f.i.s.r.p.s.paths.ComputeSourceDir - /root/workspace/prestodb/presto/357255282/presto-thrift-connector-api/src/main/java
14:41:28.077 [main] INFO  f.i.s.r.p.s.paths.ComputeSourceDir - /root/workspace/prestodb/presto/357255282/presto-thrift-connector/src/main/java
14:41:28.077 [main] INFO  f.i.s.r.p.s.paths.ComputeSourceDir - /root/workspace/prestodb/presto/357255282/presto-thrift-testing-server/src/main/java
14:41:28.077 [main] INFO  f.i.s.r.p.s.paths.ComputeSourceDir - /root/workspace/prestodb/presto/357255282/presto-tpcds/src/main/java
14:41:28.078 [main] INFO  f.i.s.r.p.s.paths.ComputeSourceDir - /root/workspace/prestodb/presto/357255282/presto-tpch/src/main/java
14:41:28.078 [main] INFO  f.i.s.r.p.s.paths.ComputeSourceDir - /root/workspace/prestodb/presto/357255282/presto-verifier/src/main/java
14:41:28.169 [main] DEBUG f.i.s.r.p.s.paths.ComputeSourceDir - Compute the line of code of the project
14:41:28.419 [main] DEBUG f.i.s.r.p.s.paths.ComputeSourceDir - Get result from cloc process...
14:41:28.420 [main] DEBUG f.i.s.r.p.s.paths.ComputeSourceDir - STEP STATUS: [ ComputeSourceDir : SUCCESS ]
14:41:28.420 [main] DEBUG f.i.s.r.p.s.paths.ComputeSourceDir - STEP DURATION: 1s
14:41:28.420 [main] DEBUG f.i.s.r.p.s.paths.ComputeSourceDir - EXECUTE NEXT STEP
14:41:28.420 [main] DEBUG f.i.s.r.p.step.paths.ComputeTestDir - ----------------------------------------------------------------------
14:41:28.420 [main] DEBUG f.i.s.r.p.step.paths.ComputeTestDir - STEP 4/22: ComputeTestDir
14:41:28.420 [main] DEBUG f.i.s.r.p.step.paths.ComputeTestDir - ----------------------------------------------------------------------
14:41:28.420 [main] DEBUG f.i.s.r.p.step.paths.ComputeTestDir - Computing the test directory ...
14:41:28.421 [main] DEBUG f.i.s.r.p.step.paths.ComputeTestDir - The default test directory (/root/workspace/prestodb/presto/357255282/src/test/java) does not exist. Try to read pom.xml to get information.
14:41:28.429 [main] ERROR f.i.s.r.process.maven.MavenHelper - Error while building complete model. The raw model will be used. Error message: 1 problem was encountered while building the effective model for com.facebook.presto:presto-root:0.198-SNAPSHOT
[ERROR] Failed to determine Java version for profile java9-surefire @ io.airlift:airbase:79

14:41:28.431 [main] DEBUG f.i.s.r.p.step.paths.ComputeTestDir - Build section does not exist in the following pom.xml: /root/workspace/prestodb/presto/357255282/pom.xml. Continue to try to get test dir from all modules.
14:41:28.438 [main] ERROR f.i.s.r.process.maven.MavenHelper - Error while building complete model. The raw model will be used. Error message: 1 problem was encountered while building the effective model for com.facebook.presto:presto-atop:0.198-SNAPSHOT
[ERROR] Failed to determine Java version for profile java9-surefire @ io.airlift:airbase:79

14:41:28.446 [main] ERROR f.i.s.r.process.maven.MavenHelper - Error while building complete model. The raw model will be used. Error message: 1 problem was encountered while building the effective model for com.facebook.presto:presto-spi:0.198-SNAPSHOT
[ERROR] Failed to determine Java version for profile java9-surefire @ io.airlift:airbase:79

14:41:28.454 [main] ERROR f.i.s.r.process.maven.MavenHelper - Error while building complete model. The raw model will be used. Error message: 1 problem was encountered while building the effective model for com.facebook.presto:presto-array:0.198-SNAPSHOT
[ERROR] Failed to determine Java version for profile java9-surefire @ io.airlift:airbase:79

14:41:28.461 [main] ERROR f.i.s.r.process.maven.MavenHelper - Error while building complete model. The raw model will be used. Error message: 1 problem was encountered while building the effective model for com.facebook.presto:presto-jmx:0.198-SNAPSHOT
[ERROR] Failed to determine Java version for profile java9-surefire @ io.airlift:airbase:79

14:41:28.469 [main] ERROR f.i.s.r.process.maven.MavenHelper - Error while building complete model. The raw model will be used. Error message: 1 problem was encountered while building the effective model for com.facebook.presto:presto-record-decoder:0.198-SNAPSHOT
[ERROR] Failed to determine Java version for profile java9-surefire @ io.airlift:airbase:79

14:41:28.477 [main] ERROR f.i.s.r.process.maven.MavenHelper - Error while building complete model. The raw model will be used. Error message: 1 problem was encountered while building the effective model for com.facebook.presto:presto-kafka:0.198-SNAPSHOT
[ERROR] Failed to determine Java version for profile java9-surefire @ io.airlift:airbase:79

14:41:28.485 [main] ERROR f.i.s.r.process.maven.MavenHelper - Error while building complete model. The raw model will be used. Error message: 1 problem was encountered while building the effective model for com.facebook.presto:presto-redis:0.198-SNAPSHOT
[ERROR] Failed to determine Java version for profile java9-surefire @ io.airlift:airbase:79

14:41:28.493 [main] ERROR f.i.s.r.process.maven.MavenHelper - Error while building complete model. The raw model will be used. Error message: 1 problem was encountered while building the effective model for com.facebook.presto:presto-accumulo:0.198-SNAPSHOT
[ERROR] Failed to determine Java version for profile java9-surefire @ io.airlift:airbase:79

14:41:28.514 [main] ERROR f.i.s.r.process.maven.MavenHelper - Error while building complete model. The raw model will be used. Error message: 1 problem was encountered while building the effective model for com.facebook.presto:presto-cassandra:0.198-SNAPSHOT
[ERROR] Failed to determine Java version for profile java9-surefire @ io.airlift:airbase:79

14:41:28.522 [main] ERROR f.i.s.r.process.maven.MavenHelper - Error while building complete model. The raw model will be used. Error message: 1 problem was encountered while building the effective model for com.facebook.presto:presto-blackhole:0.198-SNAPSHOT
[ERROR] Failed to determine Java version for profile java9-surefire @ io.airlift:airbase:79

14:41:28.530 [main] ERROR f.i.s.r.process.maven.MavenHelper - Error while building complete model. The raw model will be used. Error message: 1 problem was encountered while building the effective model for com.facebook.presto:presto-memory:0.198-SNAPSHOT
[ERROR] Failed to determine Java version for profile java9-surefire @ io.airlift:airbase:79

14:41:28.538 [main] ERROR f.i.s.r.process.maven.MavenHelper - Error while building complete model. The raw model will be used. Error message: 1 problem was encountered while building the effective model for com.facebook.presto:presto-orc:0.198-SNAPSHOT
[ERROR] Failed to determine Java version for profile java9-surefire @ io.airlift:airbase:79

14:41:28.545 [main] ERROR f.i.s.r.process.maven.MavenHelper - Error while building complete model. The raw model will be used. Error message: 1 problem was encountered while building the effective model for com.facebook.presto:presto-rcfile:0.198-SNAPSHOT
[ERROR] Failed to determine Java version for profile java9-surefire @ io.airlift:airbase:79

14:41:28.553 [main] ERROR f.i.s.r.process.maven.MavenHelper - Error while building complete model. The raw model will be used. Error message: 1 problem was encountered while building the effective model for com.facebook.presto:presto-hive:0.198-SNAPSHOT
[ERROR] Failed to determine Java version for profile java9-surefire @ io.airlift:airbase:79

14:41:28.561 [main] ERROR f.i.s.r.process.maven.MavenHelper - Error while building complete model. The raw model will be used. Error message: 1 problem was encountered while building the effective model for com.facebook.presto:presto-hive-hadoop2:0.198-SNAPSHOT
[ERROR] Failed to determine Java version for profile java9-surefire @ io.airlift:airbase:79

14:41:28.568 [main] ERROR f.i.s.r.process.maven.MavenHelper - Error while building complete model. The raw model will be used. Error message: 1 problem was encountered while building the effective model for com.facebook.presto:presto-teradata-functions:0.198-SNAPSHOT
[ERROR] Failed to determine Java version for profile java9-surefire @ io.airlift:airbase:79

14:41:28.576 [main] ERROR f.i.s.r.process.maven.MavenHelper - Error while building complete model. The raw model will be used. Error message: 1 problem was encountered while building the effective model for com.facebook.presto:presto-example-http:0.198-SNAPSHOT
[ERROR] Failed to determine Java version for profile java9-surefire @ io.airlift:airbase:79

14:41:28.583 [main] ERROR f.i.s.r.process.maven.MavenHelper - Error while building complete model. The raw model will be used. Error message: 1 problem was encountered while building the effective model for com.facebook.presto:presto-local-file:0.198-SNAPSHOT
[ERROR] Failed to determine Java version for profile java9-surefire @ io.airlift:airbase:79

14:41:28.591 [main] ERROR f.i.s.r.process.maven.MavenHelper - Error while building complete model. The raw model will be used. Error message: 1 problem was encountered while building the effective model for com.facebook.presto:presto-tpch:0.198-SNAPSHOT
[ERROR] Failed to determine Java version for profile java9-surefire @ io.airlift:airbase:79

14:41:28.599 [main] ERROR f.i.s.r.process.maven.MavenHelper - Error while building complete model. The raw model will be used. Error message: 1 problem was encountered while building the effective model for com.facebook.presto:presto-tpcds:0.198-SNAPSHOT
[ERROR] Failed to determine Java version for profile java9-surefire @ io.airlift:airbase:79

14:41:28.607 [main] ERROR f.i.s.r.process.maven.MavenHelper - Error while building complete model. The raw model will be used. Error message: 1 problem was encountered while building the effective model for com.facebook.presto:presto-raptor:0.198-SNAPSHOT
[ERROR] Failed to determine Java version for profile java9-surefire @ io.airlift:airbase:79

14:41:28.614 [main] ERROR f.i.s.r.process.maven.MavenHelper - Error while building complete model. The raw model will be used. Error message: 1 problem was encountered while building the effective model for com.facebook.presto:presto-base-jdbc:0.198-SNAPSHOT
[ERROR] Failed to determine Java version for profile java9-surefire @ io.airlift:airbase:79

14:41:28.622 [main] ERROR f.i.s.r.process.maven.MavenHelper - Error while building complete model. The raw model will be used. Error message: 1 problem was encountered while building the effective model for com.facebook.presto:presto-mysql:0.198-SNAPSHOT
[ERROR] Failed to determine Java version for profile java9-surefire @ io.airlift:airbase:79

14:41:28.630 [main] ERROR f.i.s.r.process.maven.MavenHelper - Error while building complete model. The raw model will be used. Error message: 1 problem was encountered while building the effective model for com.facebook.presto:presto-postgresql:0.198-SNAPSHOT
[ERROR] Failed to determine Java version for profile java9-surefire @ io.airlift:airbase:79

14:41:28.640 [main] ERROR f.i.s.r.process.maven.MavenHelper - Error while building complete model. The raw model will be used. Error message: 1 problem was encountered while building the effective model for com.facebook.presto:presto-redshift:0.198-SNAPSHOT
[ERROR] Failed to determine Java version for profile java9-surefire @ io.airlift:airbase:79

14:41:28.648 [main] ERROR f.i.s.r.process.maven.MavenHelper - Error while building complete model. The raw model will be used. Error message: 1 problem was encountered while building the effective model for com.facebook.presto:presto-sqlserver:0.198-SNAPSHOT
[ERROR] Failed to determine Java version for profile java9-surefire @ io.airlift:airbase:79

14:41:28.656 [main] ERROR f.i.s.r.process.maven.MavenHelper - Error while building complete model. The raw model will be used. Error message: 1 problem was encountered while building the effective model for com.facebook.presto:presto-mongodb:0.198-SNAPSHOT
[ERROR] Failed to determine Java version for profile java9-surefire @ io.airlift:airbase:79

14:41:28.663 [main] ERROR f.i.s.r.process.maven.MavenHelper - Error while building complete model. The raw model will be used. Error message: 1 problem was encountered while building the effective model for com.facebook.presto:presto-client:0.198-SNAPSHOT
[ERROR] Failed to determine Java version for profile java9-surefire @ io.airlift:airbase:79

14:41:28.669 [main] ERROR f.i.s.r.process.maven.MavenHelper - Error while building complete model. The raw model will be used. Error message: 1 problem was encountered while building the effective model for com.facebook.presto:presto-parser:0.198-SNAPSHOT
[ERROR] Failed to determine Java version for profile java9-surefire @ io.airlift:airbase:79

14:41:28.676 [main] ERROR f.i.s.r.process.maven.MavenHelper - Error while building complete model. The raw model will be used. Error message: 1 problem was encountered while building the effective model for com.facebook.presto:presto-main:0.198-SNAPSHOT
[ERROR] Failed to determine Java version for profile java9-surefire @ io.airlift:airbase:79

14:41:28.684 [main] ERROR f.i.s.r.process.maven.MavenHelper - Error while building complete model. The raw model will be used. Error message: 1 problem was encountered while building the effective model for com.facebook.presto:presto-ml:0.198-SNAPSHOT
[ERROR] Failed to determine Java version for profile java9-surefire @ io.airlift:airbase:79

14:41:28.691 [main] ERROR f.i.s.r.process.maven.MavenHelper - Error while building complete model. The raw model will be used. Error message: 1 problem was encountered while building the effective model for com.facebook.presto:presto-geospatial:0.198-SNAPSHOT
[ERROR] Failed to determine Java version for profile java9-surefire @ io.airlift:airbase:79

14:41:28.698 [main] ERROR f.i.s.r.process.maven.MavenHelper - Error while building complete model. The raw model will be used. Error message: 1 problem was encountered while building the effective model for com.facebook.presto:presto-geospatial-toolkit:0.198-SNAPSHOT
[ERROR] Failed to determine Java version for profile java9-surefire @ io.airlift:airbase:79

14:41:28.705 [main] ERROR f.i.s.r.process.maven.MavenHelper - Error while building complete model. The raw model will be used. Error message: 1 problem was encountered while building the effective model for com.facebook.presto:presto-benchmark:0.198-SNAPSHOT
[ERROR] Failed to determine Java version for profile java9-surefire @ io.airlift:airbase:79

14:41:28.713 [main] ERROR f.i.s.r.process.maven.MavenHelper - Error while building complete model. The raw model will be used. Error message: 1 problem was encountered while building the effective model for com.facebook.presto:presto-tests:0.198-SNAPSHOT
[ERROR] Failed to determine Java version for profile java9-surefire @ io.airlift:airbase:79

14:41:28.720 [main] ERROR f.i.s.r.process.maven.MavenHelper - Error while building complete model. The raw model will be used. Error message: 1 problem was encountered while building the effective model for com.facebook.presto:presto-product-tests:0.198-SNAPSHOT
[ERROR] Failed to determine Java version for profile java9-surefire @ io.airlift:airbase:79

14:41:28.728 [main] ERROR f.i.s.r.process.maven.MavenHelper - Error while building complete model. The raw model will be used. Error message: 1 problem was encountered while building the effective model for com.facebook.presto:presto-jdbc:0.198-SNAPSHOT
[ERROR] Failed to determine Java version for profile java9-surefire @ io.airlift:airbase:79

14:41:28.735 [main] ERROR f.i.s.r.process.maven.MavenHelper - Error while building complete model. The raw model will be used. Error message: 1 problem was encountered while building the effective model for com.facebook.presto:presto-cli:0.198-SNAPSHOT
[ERROR] Failed to determine Java version for profile java9-surefire @ io.airlift:airbase:79

14:41:28.742 [main] ERROR f.i.s.r.process.maven.MavenHelper - Error while building complete model. The raw model will be used. Error message: 1 problem was encountered while building the effective model for com.facebook.presto:presto-benchmark-driver:0.198-SNAPSHOT
[ERROR] Failed to determine Java version for profile java9-surefire @ io.airlift:airbase:79

14:41:28.743 [main] DEBUG f.i.s.r.p.step.paths.ComputeTestDir - The default test directory (/root/workspace/prestodb/presto/357255282/presto-server/src/test/java) does not exist. Try to read pom.xml to get information.
14:41:28.750 [main] ERROR f.i.s.r.process.maven.MavenHelper - Error while building complete model. The raw model will be used. Error message: 1 problem was encountered while building the effective model for com.facebook.presto:presto-server:0.198-SNAPSHOT
[ERROR] Failed to determine Java version for profile java9-surefire @ io.airlift:airbase:79

14:41:28.750 [main] DEBUG f.i.s.r.p.step.paths.ComputeTestDir - Build section does not exist in the following pom.xml: /root/workspace/prestodb/presto/357255282/presto-server/pom.xml. Continue to try to get test dir from all modules.
14:41:28.750 [main] ERROR f.i.s.r.p.step.paths.ComputeTestDir - The test directory is not at default location or specified in build section from pom.xml, and no parent can be found.
14:41:28.751 [main] DEBUG f.i.s.r.p.step.paths.ComputeTestDir - The default test directory (/root/workspace/prestodb/presto/357255282/presto-server-rpm/src/test/java) does not exist. Try to read pom.xml to get information.
14:41:28.758 [main] ERROR f.i.s.r.process.maven.MavenHelper - Error while building complete model. The raw model will be used. Error message: 1 problem was encountered while building the effective model for com.facebook.presto:presto-server-rpm:0.198-SNAPSHOT
[ERROR] Failed to determine Java version for profile java9-surefire @ io.airlift:airbase:79

14:41:28.759 [main] DEBUG f.i.s.r.p.step.paths.ComputeTestDir - Build section does not exist in the following pom.xml: /root/workspace/prestodb/presto/357255282/presto-server-rpm/pom.xml. Continue to try to get test dir from all modules.
14:41:28.759 [main] ERROR f.i.s.r.p.step.paths.ComputeTestDir - The test directory is not at default location or specified in build section from pom.xml, and no parent can be found.
14:41:28.759 [main] DEBUG f.i.s.r.p.step.paths.ComputeTestDir - The default test directory (/root/workspace/prestodb/presto/357255282/presto-docs/src/test/java) does not exist. Try to read pom.xml to get information.
14:41:28.779 [main] ERROR f.i.s.r.process.maven.MavenHelper - Error while building complete model. The raw model will be used. Error message: 1 problem was encountered while building the effective model for com.facebook.presto:presto-docs:0.198-SNAPSHOT
[ERROR] Failed to determine Java version for profile java9-surefire @ io.airlift:airbase:79

14:41:28.780 [main] DEBUG f.i.s.r.p.step.paths.ComputeTestDir - Build section does not exist in the following pom.xml: /root/workspace/prestodb/presto/357255282/presto-docs/pom.xml. Continue to try to get test dir from all modules.
14:41:28.780 [main] ERROR f.i.s.r.p.step.paths.ComputeTestDir - The test directory is not at default location or specified in build section from pom.xml, and no parent can be found.
14:41:28.791 [main] ERROR f.i.s.r.process.maven.MavenHelper - Error while building complete model. The raw model will be used. Error message: 1 problem was encountered while building the effective model for com.facebook.presto:presto-verifier:0.198-SNAPSHOT
[ERROR] Failed to determine Java version for profile java9-surefire @ io.airlift:airbase:79

14:41:28.792 [main] DEBUG f.i.s.r.p.step.paths.ComputeTestDir - The default test directory (/root/workspace/prestodb/presto/357255282/presto-testing-server-launcher/src/test/java) does not exist. Try to read pom.xml to get information.
14:41:28.799 [main] ERROR f.i.s.r.process.maven.MavenHelper - Error while building complete model. The raw model will be used. Error message: 1 problem was encountered while building the effective model for com.facebook.presto:presto-testing-server-launcher:0.198-SNAPSHOT
[ERROR] Failed to determine Java version for profile java9-surefire @ io.airlift:airbase:79

14:41:28.799 [main] DEBUG f.i.s.r.p.step.paths.ComputeTestDir - Build section does not exist in the following pom.xml: /root/workspace/prestodb/presto/357255282/presto-testing-server-launcher/pom.xml. Continue to try to get test dir from all modules.
14:41:28.799 [main] ERROR f.i.s.r.p.step.paths.ComputeTestDir - The test directory is not at default location or specified in build section from pom.xml, and no parent can be found.
14:41:28.806 [main] ERROR f.i.s.r.process.maven.MavenHelper - Error while building complete model. The raw model will be used. Error message: 1 problem was encountered while building the effective model for com.facebook.presto:presto-plugin-toolkit:0.198-SNAPSHOT
[ERROR] Failed to determine Java version for profile java9-surefire @ io.airlift:airbase:79

14:41:28.813 [main] ERROR f.i.s.r.process.maven.MavenHelper - Error while building complete model. The raw model will be used. Error message: 1 problem was encountered while building the effective model for com.facebook.presto:presto-resource-group-managers:0.198-SNAPSHOT
[ERROR] Failed to determine Java version for profile java9-surefire @ io.airlift:airbase:79

14:41:28.820 [main] ERROR f.i.s.r.process.maven.MavenHelper - Error while building complete model. The raw model will be used. Error message: 1 problem was encountered while building the effective model for com.facebook.presto:presto-password-authenticators:0.198-SNAPSHOT
[ERROR] Failed to determine Java version for profile java9-surefire @ io.airlift:airbase:79

14:41:28.820 [main] DEBUG f.i.s.r.p.step.paths.ComputeTestDir - The default test directory (/root/workspace/prestodb/presto/357255282/presto-benchto-benchmarks/src/test/java) does not exist. Try to read pom.xml to get information.
14:41:28.829 [main] ERROR f.i.s.r.process.maven.MavenHelper - Error while building complete model. The raw model will be used. Error message: 1 problem was encountered while building the effective model for com.facebook.presto:presto-benchto-benchmarks:0.198-SNAPSHOT
[ERROR] Failed to determine Java version for profile java9-surefire @ io.airlift:airbase:79

14:41:28.829 [main] DEBUG f.i.s.r.p.step.paths.ComputeTestDir - Build section does not exist in the following pom.xml: /root/workspace/prestodb/presto/357255282/presto-benchto-benchmarks/pom.xml. Continue to try to get test dir from all modules.
14:41:28.829 [main] ERROR f.i.s.r.p.step.paths.ComputeTestDir - The test directory is not at default location or specified in build section from pom.xml, and no parent can be found.
14:41:28.838 [main] ERROR f.i.s.r.process.maven.MavenHelper - Error while building complete model. The raw model will be used. Error message: 1 problem was encountered while building the effective model for com.facebook.presto:presto-thrift-connector-api:0.198-SNAPSHOT
[ERROR] Failed to determine Java version for profile java9-surefire @ io.airlift:airbase:79

14:41:28.846 [main] ERROR f.i.s.r.process.maven.MavenHelper - Error while building complete model. The raw model will be used. Error message: 1 problem was encountered while building the effective model for com.facebook.presto:presto-thrift-testing-server:0.198-SNAPSHOT
[ERROR] Failed to determine Java version for profile java9-surefire @ io.airlift:airbase:79

14:41:28.856 [main] ERROR f.i.s.r.process.maven.MavenHelper - Error while building complete model. The raw model will be used. Error message: 1 problem was encountered while building the effective model for com.facebook.presto:presto-thrift-connector:0.198-SNAPSHOT
[ERROR] Failed to determine Java version for profile java9-surefire @ io.airlift:airbase:79

14:41:28.864 [main] ERROR f.i.s.r.process.maven.MavenHelper - Error while building complete model. The raw model will be used. Error message: 1 problem was encountered while building the effective model for com.facebook.presto:presto-matching:0.198-SNAPSHOT
[ERROR] Failed to determine Java version for profile java9-surefire @ io.airlift:airbase:79

14:41:28.876 [main] ERROR f.i.s.r.process.maven.MavenHelper - Error while building complete model. The raw model will be used. Error message: 1 problem was encountered while building the effective model for com.facebook.presto:presto-memory-context:0.198-SNAPSHOT
[ERROR] Failed to determine Java version for profile java9-surefire @ io.airlift:airbase:79

14:41:28.877 [main] INFO  f.i.s.r.p.step.paths.ComputeTestDir - 48 test dirs were found:
14:41:28.877 [main] INFO  f.i.s.r.p.step.paths.ComputeTestDir - /root/workspace/prestodb/presto/357255282/presto-accumulo/src/test/java
14:41:28.877 [main] INFO  f.i.s.r.p.step.paths.ComputeTestDir - /root/workspace/prestodb/presto/357255282/presto-array/src/test/java
14:41:28.877 [main] INFO  f.i.s.r.p.step.paths.ComputeTestDir - /root/workspace/prestodb/presto/357255282/presto-atop/src/test/java
14:41:28.877 [main] INFO  f.i.s.r.p.step.paths.ComputeTestDir - /root/workspace/prestodb/presto/357255282/presto-base-jdbc/src/test/java
14:41:28.877 [main] INFO  f.i.s.r.p.step.paths.ComputeTestDir - /root/workspace/prestodb/presto/357255282/presto-benchmark-driver/src/test/java
14:41:28.877 [main] INFO  f.i.s.r.p.step.paths.ComputeTestDir - /root/workspace/prestodb/presto/357255282/presto-benchmark/src/test/java
14:41:28.877 [main] INFO  f.i.s.r.p.step.paths.ComputeTestDir - /root/workspace/prestodb/presto/357255282/presto-blackhole/src/test/java
14:41:28.877 [main] INFO  f.i.s.r.p.step.paths.ComputeTestDir - /root/workspace/prestodb/presto/357255282/presto-cassandra/src/test/java
14:41:28.877 [main] INFO  f.i.s.r.p.step.paths.ComputeTestDir - /root/workspace/prestodb/presto/357255282/presto-cli/src/test/java
14:41:28.877 [main] INFO  f.i.s.r.p.step.paths.ComputeTestDir - /root/workspace/prestodb/presto/357255282/presto-client/src/test/java
14:41:28.877 [main] INFO  f.i.s.r.p.step.paths.ComputeTestDir - /root/workspace/prestodb/presto/357255282/presto-example-http/src/test/java
14:41:28.877 [main] INFO  f.i.s.r.p.step.paths.ComputeTestDir - /root/workspace/prestodb/presto/357255282/presto-geospatial-toolkit/src/test/java
14:41:28.878 [main] INFO  f.i.s.r.p.step.paths.ComputeTestDir - /root/workspace/prestodb/presto/357255282/presto-geospatial/src/test/java
14:41:28.878 [main] INFO  f.i.s.r.p.step.paths.ComputeTestDir - /root/workspace/prestodb/presto/357255282/presto-hive-hadoop2/src/test/java
14:41:28.878 [main] INFO  f.i.s.r.p.step.paths.ComputeTestDir - /root/workspace/prestodb/presto/357255282/presto-hive/src/test/java
14:41:28.878 [main] INFO  f.i.s.r.p.step.paths.ComputeTestDir - /root/workspace/prestodb/presto/357255282/presto-jdbc/src/test/java
14:41:28.878 [main] INFO  f.i.s.r.p.step.paths.ComputeTestDir - /root/workspace/prestodb/presto/357255282/presto-jmx/src/test/java
14:41:28.878 [main] INFO  f.i.s.r.p.step.paths.ComputeTestDir - /root/workspace/prestodb/presto/357255282/presto-kafka/src/test/java
14:41:28.878 [main] INFO  f.i.s.r.p.step.paths.ComputeTestDir - /root/workspace/prestodb/presto/357255282/presto-local-file/src/test/java
14:41:28.878 [main] INFO  f.i.s.r.p.step.paths.ComputeTestDir - /root/workspace/prestodb/presto/357255282/presto-main/src/test/java
14:41:28.878 [main] INFO  f.i.s.r.p.step.paths.ComputeTestDir - /root/workspace/prestodb/presto/357255282/presto-matching/src/test/java
14:41:28.878 [main] INFO  f.i.s.r.p.step.paths.ComputeTestDir - /root/workspace/prestodb/presto/357255282/presto-memory-context/src/test/java
14:41:28.878 [main] INFO  f.i.s.r.p.step.paths.ComputeTestDir - /root/workspace/prestodb/presto/357255282/presto-memory/src/test/java
14:41:28.878 [main] INFO  f.i.s.r.p.step.paths.ComputeTestDir - /root/workspace/prestodb/presto/357255282/presto-ml/src/test/java
14:41:28.878 [main] INFO  f.i.s.r.p.step.paths.ComputeTestDir - /root/workspace/prestodb/presto/357255282/presto-mongodb/src/test/java
14:41:28.878 [main] INFO  f.i.s.r.p.step.paths.ComputeTestDir - /root/workspace/prestodb/presto/357255282/presto-mysql/src/test/java
14:41:28.878 [main] INFO  f.i.s.r.p.step.paths.ComputeTestDir - /root/workspace/prestodb/presto/357255282/presto-orc/src/test/java
14:41:28.878 [main] INFO  f.i.s.r.p.step.paths.ComputeTestDir - /root/workspace/prestodb/presto/357255282/presto-parser/src/test/java
14:41:28.878 [main] INFO  f.i.s.r.p.step.paths.ComputeTestDir - /root/workspace/prestodb/presto/357255282/presto-password-authenticators/src/test/java
14:41:28.878 [main] INFO  f.i.s.r.p.step.paths.ComputeTestDir - /root/workspace/prestodb/presto/357255282/presto-plugin-toolkit/src/test/java
14:41:28.878 [main] INFO  f.i.s.r.p.step.paths.ComputeTestDir - /root/workspace/prestodb/presto/357255282/presto-postgresql/src/test/java
14:41:28.878 [main] INFO  f.i.s.r.p.step.paths.ComputeTestDir - /root/workspace/prestodb/presto/357255282/presto-product-tests/src/test/java
14:41:28.879 [main] INFO  f.i.s.r.p.step.paths.ComputeTestDir - /root/workspace/prestodb/presto/357255282/presto-raptor/src/test/java
14:41:28.879 [main] INFO  f.i.s.r.p.step.paths.ComputeTestDir - /root/workspace/prestodb/presto/357255282/presto-rcfile/src/test/java
14:41:28.879 [main] INFO  f.i.s.r.p.step.paths.ComputeTestDir - /root/workspace/prestodb/presto/357255282/presto-record-decoder/src/test/java
14:41:28.879 [main] INFO  f.i.s.r.p.step.paths.ComputeTestDir - /root/workspace/prestodb/presto/357255282/presto-redis/src/test/java
14:41:28.879 [main] INFO  f.i.s.r.p.step.paths.ComputeTestDir - /root/workspace/prestodb/presto/357255282/presto-redshift/src/test/java
14:41:28.879 [main] INFO  f.i.s.r.p.step.paths.ComputeTestDir - /root/workspace/prestodb/presto/357255282/presto-resource-group-managers/src/test/java
14:41:28.879 [main] INFO  f.i.s.r.p.step.paths.ComputeTestDir - /root/workspace/prestodb/presto/357255282/presto-spi/src/test/java
14:41:28.879 [main] INFO  f.i.s.r.p.step.paths.ComputeTestDir - /root/workspace/prestodb/presto/357255282/presto-sqlserver/src/test/java
14:41:28.879 [main] INFO  f.i.s.r.p.step.paths.ComputeTestDir - /root/workspace/prestodb/presto/357255282/presto-teradata-functions/src/test/java
14:41:28.879 [main] INFO  f.i.s.r.p.step.paths.ComputeTestDir - /root/workspace/prestodb/presto/357255282/presto-tests/src/test/java
14:41:28.879 [main] INFO  f.i.s.r.p.step.paths.ComputeTestDir - /root/workspace/prestodb/presto/357255282/presto-thrift-connector-api/src/test/java
14:41:28.879 [main] INFO  f.i.s.r.p.step.paths.ComputeTestDir - /root/workspace/prestodb/presto/357255282/presto-thrift-connector/src/test/java
14:41:28.879 [main] INFO  f.i.s.r.p.step.paths.ComputeTestDir - /root/workspace/prestodb/presto/357255282/presto-thrift-testing-server/src/test/java
14:41:28.879 [main] INFO  f.i.s.r.p.step.paths.ComputeTestDir - /root/workspace/prestodb/presto/357255282/presto-tpcds/src/test/java
14:41:28.879 [main] INFO  f.i.s.r.p.step.paths.ComputeTestDir - /root/workspace/prestodb/presto/357255282/presto-tpch/src/test/java
14:41:28.879 [main] INFO  f.i.s.r.p.step.paths.ComputeTestDir - /root/workspace/prestodb/presto/357255282/presto-verifier/src/test/java
14:41:28.908 [main] DEBUG f.i.s.r.p.step.paths.ComputeTestDir - STEP STATUS: [ ComputeTestDir : SUCCESS ]
14:41:28.908 [main] DEBUG f.i.s.r.p.step.paths.ComputeTestDir - STEP DURATION: 0s
14:41:28.909 [main] DEBUG f.i.s.r.p.step.paths.ComputeTestDir - EXECUTE NEXT STEP
14:41:28.909 [main] DEBUG f.i.s.r.p.s.c.CheckoutBuggyBuildSourceCode - ----------------------------------------------------------------------
14:41:28.909 [main] DEBUG f.i.s.r.p.s.c.CheckoutBuggyBuildSourceCode - STEP 5/22: CheckoutBuggyBuildCandidateSourceCode
14:41:28.909 [main] DEBUG f.i.s.r.p.s.c.CheckoutBuggyBuildSourceCode - ----------------------------------------------------------------------
14:41:28.909 [main] DEBUG f.i.s.r.p.s.c.CheckoutBuggyBuildSourceCode - Checking out the source code of the buggy build candidate...
14:41:29.257 [main] INFO  fr.inria.jtravis.JTravis - GitHub ratelimit: Limit: 5000 Remaining: 4781 Reset hour: 19:35:20
14:41:31.099 [main] DEBUG f.i.s.r.process.git.GitHelper - Commit repairnator files...
14:41:31.100 [main] INFO  f.i.s.r.process.git.GitHelper - There is no repairnator file to commit.
14:41:31.100 [main] DEBUG f.i.s.r.p.s.c.CheckoutBuggyBuildSourceCode - Reproduce the PR for prestodb/presto by fetching remote branch and merging.
14:41:31.543 [main] DEBUG f.i.s.r.process.git.GitHelper - Step CheckoutBuggyBuildCandidateSourceCode - Get the commit bb06b216a13b68d7bd37bb650c67c8bae837d76f for repo prestodb/presto
14:41:32.012 [main] DEBUG f.i.s.r.process.git.GitHelper - Step CheckoutBuggyBuildCandidateSourceCode - Do the merge with the PR commit for repo prestodb/presto
14:41:32.014 [main] INFO  f.i.s.r.process.git.GitHelper - Init git submodules.
14:41:32.232 [main] INFO  fr.inria.jtravis.JTravis - GitHub ratelimit: Limit: 5000 Remaining: 4774 Reset hour: 19:35:20
14:41:33.963 [main] DEBUG f.i.s.r.process.git.GitHelper - Commit repairnator files...
14:41:33.964 [main] INFO  f.i.s.r.process.git.GitHelper - There is no repairnator file to commit.
14:41:33.964 [main] DEBUG f.i.s.r.p.s.c.CheckoutBuggyBuildSourceCode - Reproduce the PR for prestodb/presto by fetching remote branch and merging.
14:41:34.402 [main] ERROR f.i.s.r.p.s.c.CheckoutBuggyBuildSourceCode - Error while testing commit: org.eclipse.jgit.errors.MissingObjectException: Missing unknown 7acfab7d0cfe2bbe53099240d586f525cfd130f6
14:41:34.403 [main] ERROR f.i.s.r.p.s.c.CheckoutBuggyBuildSourceCode - Commit head ref cannot be retrieved from the repository: 7acfab7d0cfe2bbe53099240d586f525cfd130f6. Operation aborted.
14:41:34.403 [main] ERROR f.i.s.r.p.s.c.CheckoutBuggyBuildSourceCode - Error while merging two commits to reproduce the PR.
14:41:34.404 [main] DEBUG f.i.s.r.p.s.c.CheckoutBuggyBuildSourceCode - STEP STATUS: [ CheckoutBuggyBuildCandidateSourceCode : FAILURE ( BUILDNOTCHECKEDOUT ) ]
14:41:34.404 [main] DEBUG f.i.s.r.p.s.c.CheckoutBuggyBuildSourceCode - STEP DURATION: 5s
14:41:34.404 [main] DEBUG f.i.s.r.p.s.c.CheckoutBuggyBuildSourceCode - TERMINATE PIPELINE
14:41:34.404 [main] DEBUG f.i.s.r.p.s.c.CheckoutBuggyBuildSourceCode - FINAL STEPS SKIPPED: The reproduction of the bug and/or the patch failed.
14:41:34.404 [main] INFO  f.i.s.r.p.s.c.CheckoutBuggyBuildSourceCode - Serialize all data for the pair of builds 357255282, 357554049
14:41:34.535 [main] INFO  fr.inria.jtravis.JTravis - GitHub ratelimit: Limit: 5000 Remaining: 4767 Reset hour: 19:35:20
14:41:35.778 [main] INFO  f.i.s.r.p.i.ProjectInspector - ----------------------------------------------------------------------
14:41:35.779 [main] INFO  f.i.s.r.p.i.ProjectInspector - PIPELINE EXECUTION SUMMARY
14:41:35.779 [main] INFO  f.i.s.r.p.i.ProjectInspector - ----------------------------------------------------------------------
14:41:35.779 [main] INFO  f.i.s.r.p.i.ProjectInspector - CloneRepository.......................................SUCCESS [ 42 s ]
14:41:35.779 [main] INFO  f.i.s.r.p.i.ProjectInspector - CheckoutPatchedBuildCandidate.........................SUCCESS [  9 s ]
14:41:35.779 [main] INFO  f.i.s.r.p.i.ProjectInspector - ComputeSourceDir......................................SUCCESS [  1 s ]
14:41:35.780 [main] INFO  f.i.s.r.p.i.ProjectInspector - ComputeTestDir........................................SUCCESS [  0 s ]
14:41:35.780 [main] INFO  f.i.s.r.p.i.ProjectInspector - CheckoutBuggyBuildCandidateSourceCode.................FAILURE [  5 s ]
14:41:35.780 [main] INFO  f.i.s.r.p.i.ProjectInspector - BuildProjectBuggyBuildCandidateSourceCode.............NOT RUN         
14:41:35.780 [main] INFO  f.i.s.r.p.i.ProjectInspector - TestProjectBuggyBuildCandidateSourceCode..............NOT RUN         
14:41:35.780 [main] INFO  f.i.s.r.p.i.ProjectInspector - GatherTestInformationBuggyBuildCandidateSourceCode....NOT RUN         
14:41:35.780 [main] INFO  f.i.s.r.p.i.ProjectInspector - CheckoutBuggyBuildTestCode............................NOT RUN         
14:41:35.780 [main] INFO  f.i.s.r.p.i.ProjectInspector - InitRepoToPush........................................NOT RUN         
14:41:35.780 [main] INFO  f.i.s.r.p.i.ProjectInspector - ComputeClasspath......................................NOT RUN         
14:41:35.780 [main] INFO  f.i.s.r.p.i.ProjectInspector - ComputeModules........................................NOT RUN         
14:41:35.781 [main] INFO  f.i.s.r.p.i.ProjectInspector - CheckoutBuggyBuildCandidateSourceCode.................NOT RUN         
14:41:35.781 [main] INFO  f.i.s.r.p.i.ProjectInspector - CommitChangedTests....................................NOT RUN         
14:41:35.781 [main] INFO  f.i.s.r.p.i.ProjectInspector - CheckoutPatchedBuildCandidate.........................NOT RUN         
14:41:35.781 [main] INFO  f.i.s.r.p.i.ProjectInspector - BuildProjectPatchedBuildCandidate.....................NOT RUN         
14:41:35.781 [main] INFO  f.i.s.r.p.i.ProjectInspector - TestProjectPatchedBuildCandidate......................NOT RUN         
14:41:35.781 [main] INFO  f.i.s.r.p.i.ProjectInspector - GatherTestInformationPatchedBuildCandidate............NOT RUN         
14:41:35.781 [main] INFO  f.i.s.r.p.i.ProjectInspector - CommitPatch...........................................NOT RUN         
14:41:35.781 [main] INFO  f.i.s.r.p.i.ProjectInspector - WritePropertyFile.....................................NOT RUN         
14:41:35.781 [main] INFO  f.i.s.r.p.i.ProjectInspector - CommitProcessEnd......................................NOT RUN         
14:41:35.782 [main] INFO  f.i.s.r.p.i.ProjectInspector - PushProcessEnd........................................NOT RUN         
14:41:35.782 [main] INFO  f.i.s.r.p.i.ProjectInspector - ----------------------------------------------------------------------
14:41:35.782 [main] INFO  f.i.s.r.p.i.ProjectInspector - PIPELINE FINDING: BUILDNOTCHECKEDOUT
14:41:35.782 [main] INFO  f.i.s.r.p.i.ProjectInspector - ----------------------------------------------------------------------
14:41:35.782 [main] INFO  f.i.s.repairnator.pipeline.Launcher - Inspector is finished. The process will exit now.
