07:00:39.248 [main] INFO  f.i.s.repairnator.pipeline.Launcher - PIPELINE VERSION: 3.0-2018-08-09 19:04
07:00:39.439 [main] INFO  f.i.s.repairnator.pipeline.Launcher - The pipeline will try to reproduce a bug from build 357110999 and its corresponding patch from build 357604421
07:00:39.440 [main] INFO  f.i.s.repairnator.pipeline.Launcher - Initialize file serializer engines.
07:00:39.442 [main] INFO  f.i.s.repairnator.pipeline.Launcher - MongoDB won't be used for serialization.
07:00:39.442 [main] INFO  f.i.s.repairnator.pipeline.Launcher - The email notifier engine won't be used.
07:00:39.446 [main] INFO  f.i.s.repairnator.pipeline.Launcher - Start by getting the build (buildId: 357110999) with the following config: RepairnatorConfig{runId='2461c511-4012-473b-8e60-28377c2cdad5_03-18-week4-PASSING_AND_PASSING', launcherMode=BEARS, serializeJson=true, inputPath='null', outputPath='/var/log', mongodbHost='null', mongodbName='repairnator', smtpServer='null', notifyTo=[], notifyEndProcess=false, push=true, pushRemoteRepo='https://github.com/fermadeiral/bears-collection-pp', fork=false, lookFromDate=null, lookToDate=null, buildId=357110999, z3solverPath='./z3_for_linux', workspacePath='./workspace', githubToken='c8a341a903[...]', dockerImageName='null', skipDelete=false, createOutputDir=false, logDirectory='null', nbThreads=0, globalTimeout=0, whiteList=null, blackList=null, jobSleepTime=0, buildSleepTime=0, maxInspectedBuilds=0, duration=null, humanPatch=false, repository='null', clean=true, bearsMode=BOTH, bearsDelimiter = false, repairTools=NopolAllTests,NPEFix,AssertFixer,AstorJGenProg,AstorJKali,NopolSingleTest,AstorJMut,NopolTestExclusionStrategy, githubUserName= fermadeiral, githubUserEmail=fer.madeiral@gmail.com}
07:00:40.890 [main] DEBUG fr.inria.jtravis.helpers.BuildHelper - Get request to :https://api.travis-ci.org/build/357110999 done after 862 ms
07:00:41.170 [main] DEBUG fr.inria.jtravis.helpers.BuildHelper - Get request to :https://api.travis-ci.org/build/357604421 done after 119 ms
07:00:41.180 [main] INFO  f.i.s.repairnator.pipeline.Launcher - The patched build (357604421) was successfully retrieved from Travis.
07:00:42.192 [main] INFO  fr.inria.jtravis.JTravis - GitHub ratelimit: Limit: 5000 Remaining: 4552 Reset hour: 19:36:19
07:00:42.508 [main] INFO  f.i.s.r.p.i.ProjectInspector - ----------------------------------------------------------------------
07:00:42.509 [main] INFO  f.i.s.r.p.i.ProjectInspector - PIPELINE STEPS
07:00:42.510 [main] INFO  f.i.s.r.p.i.ProjectInspector - ----------------------------------------------------------------------
07:00:42.510 [main] INFO  f.i.s.r.p.i.ProjectInspector - CloneRepository
07:00:42.511 [main] INFO  f.i.s.r.p.i.ProjectInspector - CheckoutPatchedBuildCandidate
07:00:42.513 [main] INFO  f.i.s.r.p.i.ProjectInspector - ComputeSourceDir
07:00:42.514 [main] INFO  f.i.s.r.p.i.ProjectInspector - ComputeTestDir
07:00:42.514 [main] INFO  f.i.s.r.p.i.ProjectInspector - CheckoutBuggyBuildCandidateSourceCode
07:00:42.515 [main] INFO  f.i.s.r.p.i.ProjectInspector - BuildProjectBuggyBuildCandidateSourceCode
07:00:42.516 [main] INFO  f.i.s.r.p.i.ProjectInspector - TestProjectBuggyBuildCandidateSourceCode
07:00:42.516 [main] INFO  f.i.s.r.p.i.ProjectInspector - GatherTestInformationBuggyBuildCandidateSourceCode
07:00:42.517 [main] INFO  f.i.s.r.p.i.ProjectInspector - CheckoutBuggyBuildTestCode
07:00:42.517 [main] INFO  f.i.s.r.p.i.ProjectInspector - InitRepoToPush
07:00:42.517 [main] INFO  f.i.s.r.p.i.ProjectInspector - ComputeClasspath
07:00:42.518 [main] INFO  f.i.s.r.p.i.ProjectInspector - ComputeModules
07:00:42.518 [main] INFO  f.i.s.r.p.i.ProjectInspector - CheckoutBuggyBuildCandidateSourceCode
07:00:42.519 [main] INFO  f.i.s.r.p.i.ProjectInspector - CommitChangedTests
07:00:42.519 [main] INFO  f.i.s.r.p.i.ProjectInspector - CheckoutPatchedBuildCandidate
07:00:42.520 [main] INFO  f.i.s.r.p.i.ProjectInspector - BuildProjectPatchedBuildCandidate
07:00:42.520 [main] INFO  f.i.s.r.p.i.ProjectInspector - TestProjectPatchedBuildCandidate
07:00:42.521 [main] INFO  f.i.s.r.p.i.ProjectInspector - GatherTestInformationPatchedBuildCandidate
07:00:42.522 [main] INFO  f.i.s.r.p.i.ProjectInspector - CommitPatch
07:00:42.522 [main] INFO  f.i.s.r.p.i.ProjectInspector - WritePropertyFile
07:00:42.523 [main] INFO  f.i.s.r.p.i.ProjectInspector - CommitProcessEnd
07:00:42.524 [main] INFO  f.i.s.r.p.i.ProjectInspector - PushProcessEnd
07:00:42.524 [main] DEBUG f.i.s.r.process.step.CloneRepository - ----------------------------------------------------------------------
07:00:42.525 [main] DEBUG f.i.s.r.process.step.CloneRepository - STEP 1/22: CloneRepository
07:00:42.526 [main] DEBUG f.i.s.r.process.step.CloneRepository - ----------------------------------------------------------------------
07:00:42.527 [main] DEBUG f.i.s.r.process.step.CloneRepository - Cloning repository datastax/java-driver in the following directory: ./workspace/datastax/java-driver/357110999
07:00:58.843 [main] DEBUG f.i.s.r.process.step.CloneRepository - STEP STATUS: [ CloneRepository : SUCCESS ]
07:00:58.844 [main] DEBUG f.i.s.r.process.step.CloneRepository - STEP DURATION: 16s
07:00:58.845 [main] DEBUG f.i.s.r.process.step.CloneRepository - EXECUTE NEXT STEP
07:00:58.845 [main] DEBUG f.i.s.r.p.s.c.CheckoutPatchedBuild - ----------------------------------------------------------------------
07:00:58.845 [main] DEBUG f.i.s.r.p.s.c.CheckoutPatchedBuild - STEP 2/22: CheckoutPatchedBuildCandidate
07:00:58.846 [main] DEBUG f.i.s.r.p.s.c.CheckoutPatchedBuild - ----------------------------------------------------------------------
07:00:58.846 [main] DEBUG f.i.s.r.p.s.c.CheckoutPatchedBuild - Checking out patched build candidate...
07:00:58.864 [main] ERROR f.i.s.r.p.s.c.CheckoutPatchedBuild - Error while testing commit: org.eclipse.jgit.errors.MissingObjectException: Missing unknown 6dab84ed7c4054e7eb61f0368b603c3e395ba89f
07:00:58.864 [main] ERROR f.i.s.r.p.s.c.CheckoutPatchedBuild - Error while getting the commit to checkout from the repo.
07:00:58.865 [main] DEBUG f.i.s.r.p.s.c.CheckoutPatchedBuild - STEP STATUS: [ CheckoutPatchedBuildCandidate : FAILURE ( BUILDNOTCHECKEDOUT ) ]
07:00:58.866 [main] DEBUG f.i.s.r.p.s.c.CheckoutPatchedBuild - STEP DURATION: 0s
07:00:58.866 [main] DEBUG f.i.s.r.p.s.c.CheckoutPatchedBuild - TERMINATE PIPELINE
07:00:58.866 [main] DEBUG f.i.s.r.p.s.c.CheckoutPatchedBuild - FINAL STEPS SKIPPED: The reproduction of the bug and/or the patch failed.
07:00:58.866 [main] INFO  f.i.s.r.p.s.c.CheckoutPatchedBuild - Serialize all data for the pair of builds 357110999, 357604421
07:00:59.151 [main] INFO  fr.inria.jtravis.JTravis - GitHub ratelimit: Limit: 5000 Remaining: 4539 Reset hour: 19:36:19
07:00:59.866 [main] INFO  f.i.s.r.p.i.ProjectInspector - ----------------------------------------------------------------------
07:00:59.867 [main] INFO  f.i.s.r.p.i.ProjectInspector - PIPELINE EXECUTION SUMMARY
07:00:59.867 [main] INFO  f.i.s.r.p.i.ProjectInspector - ----------------------------------------------------------------------
07:00:59.867 [main] INFO  f.i.s.r.p.i.ProjectInspector - CloneRepository.......................................SUCCESS [ 16 s ]
07:00:59.867 [main] INFO  f.i.s.r.p.i.ProjectInspector - CheckoutPatchedBuildCandidate.........................FAILURE [  0 s ]
07:00:59.868 [main] INFO  f.i.s.r.p.i.ProjectInspector - ComputeSourceDir......................................NOT RUN         
07:00:59.868 [main] INFO  f.i.s.r.p.i.ProjectInspector - ComputeTestDir........................................NOT RUN         
07:00:59.870 [main] INFO  f.i.s.r.p.i.ProjectInspector - CheckoutBuggyBuildCandidateSourceCode.................NOT RUN         
07:00:59.870 [main] INFO  f.i.s.r.p.i.ProjectInspector - BuildProjectBuggyBuildCandidateSourceCode.............NOT RUN         
07:00:59.871 [main] INFO  f.i.s.r.p.i.ProjectInspector - TestProjectBuggyBuildCandidateSourceCode..............NOT RUN         
07:00:59.871 [main] INFO  f.i.s.r.p.i.ProjectInspector - GatherTestInformationBuggyBuildCandidateSourceCode....NOT RUN         
07:00:59.871 [main] INFO  f.i.s.r.p.i.ProjectInspector - CheckoutBuggyBuildTestCode............................NOT RUN         
07:00:59.871 [main] INFO  f.i.s.r.p.i.ProjectInspector - InitRepoToPush........................................NOT RUN         
07:00:59.872 [main] INFO  f.i.s.r.p.i.ProjectInspector - ComputeClasspath......................................NOT RUN         
07:00:59.872 [main] INFO  f.i.s.r.p.i.ProjectInspector - ComputeModules........................................NOT RUN         
07:00:59.872 [main] INFO  f.i.s.r.p.i.ProjectInspector - CheckoutBuggyBuildCandidateSourceCode.................NOT RUN         
07:00:59.872 [main] INFO  f.i.s.r.p.i.ProjectInspector - CommitChangedTests....................................NOT RUN         
07:00:59.872 [main] INFO  f.i.s.r.p.i.ProjectInspector - CheckoutPatchedBuildCandidate.........................NOT RUN         
07:00:59.872 [main] INFO  f.i.s.r.p.i.ProjectInspector - BuildProjectPatchedBuildCandidate.....................NOT RUN         
07:00:59.873 [main] INFO  f.i.s.r.p.i.ProjectInspector - TestProjectPatchedBuildCandidate......................NOT RUN         
07:00:59.873 [main] INFO  f.i.s.r.p.i.ProjectInspector - GatherTestInformationPatchedBuildCandidate............NOT RUN         
07:00:59.873 [main] INFO  f.i.s.r.p.i.ProjectInspector - CommitPatch...........................................NOT RUN         
07:00:59.873 [main] INFO  f.i.s.r.p.i.ProjectInspector - WritePropertyFile.....................................NOT RUN         
07:00:59.873 [main] INFO  f.i.s.r.p.i.ProjectInspector - CommitProcessEnd......................................NOT RUN         
07:00:59.874 [main] INFO  f.i.s.r.p.i.ProjectInspector - PushProcessEnd........................................NOT RUN         
07:00:59.874 [main] INFO  f.i.s.r.p.i.ProjectInspector - ----------------------------------------------------------------------
07:00:59.874 [main] INFO  f.i.s.r.p.i.ProjectInspector - PIPELINE FINDING: BUILDNOTCHECKEDOUT
07:00:59.874 [main] INFO  f.i.s.r.p.i.ProjectInspector - ----------------------------------------------------------------------
07:00:59.874 [main] INFO  f.i.s.repairnator.pipeline.Launcher - Inspector is finished. The process will exit now.
