13:54:42.035 [main] INFO  f.i.s.repairnator.pipeline.Launcher - PIPELINE VERSION: 3.0-2018-08-09 19:04
13:54:42.193 [main] INFO  f.i.s.repairnator.pipeline.Launcher - The pipeline will try to reproduce a bug from build 360220498 and its corresponding patch from build 360257885
13:54:42.194 [main] INFO  f.i.s.repairnator.pipeline.Launcher - Initialize file serializer engines.
13:54:42.196 [main] INFO  f.i.s.repairnator.pipeline.Launcher - MongoDB won't be used for serialization.
13:54:42.196 [main] INFO  f.i.s.repairnator.pipeline.Launcher - The email notifier engine won't be used.
13:54:42.199 [main] INFO  f.i.s.repairnator.pipeline.Launcher - Start by getting the build (buildId: 360220498) with the following config: RepairnatorConfig{runId='2461c511-4012-473b-8e60-28377c2cdad5_03-18-week4-PASSING_AND_PASSING', launcherMode=BEARS, serializeJson=true, inputPath='null', outputPath='/var/log', mongodbHost='null', mongodbName='repairnator', smtpServer='null', notifyTo=[], notifyEndProcess=false, push=true, pushRemoteRepo='https://github.com/fermadeiral/bears-collection-pp', fork=false, lookFromDate=null, lookToDate=null, buildId=360220498, z3solverPath='./z3_for_linux', workspacePath='./workspace', githubToken='c8a341a903[...]', dockerImageName='null', skipDelete=false, createOutputDir=false, logDirectory='null', nbThreads=0, globalTimeout=0, whiteList=null, blackList=null, jobSleepTime=0, buildSleepTime=0, maxInspectedBuilds=0, duration=null, humanPatch=false, repository='null', clean=true, bearsMode=BOTH, bearsDelimiter = false, repairTools=NopolAllTests,NPEFix,AssertFixer,AstorJGenProg,AstorJKali,NopolSingleTest,AstorJMut,NopolTestExclusionStrategy, githubUserName= fermadeiral, githubUserEmail=fer.madeiral@gmail.com}
13:54:43.478 [main] DEBUG fr.inria.jtravis.helpers.BuildHelper - Get request to :https://api.travis-ci.org/build/360220498 done after 839 ms
13:54:43.783 [main] DEBUG fr.inria.jtravis.helpers.BuildHelper - Get request to :https://api.travis-ci.org/build/360257885 done after 222 ms
13:54:43.793 [main] INFO  f.i.s.repairnator.pipeline.Launcher - The patched build (360257885) was successfully retrieved from Travis.
13:54:44.934 [main] INFO  fr.inria.jtravis.JTravis - GitHub ratelimit: Limit: 5000 Remaining: 4775 Reset hour: 19:35:17
13:54:45.658 [main] INFO  f.i.s.r.p.i.ProjectInspector - ----------------------------------------------------------------------
13:54:45.659 [main] INFO  f.i.s.r.p.i.ProjectInspector - PIPELINE STEPS
13:54:45.659 [main] INFO  f.i.s.r.p.i.ProjectInspector - ----------------------------------------------------------------------
13:54:45.660 [main] INFO  f.i.s.r.p.i.ProjectInspector - CloneRepository
13:54:45.660 [main] INFO  f.i.s.r.p.i.ProjectInspector - CheckoutPatchedBuildCandidate
13:54:45.661 [main] INFO  f.i.s.r.p.i.ProjectInspector - ComputeSourceDir
13:54:45.661 [main] INFO  f.i.s.r.p.i.ProjectInspector - ComputeTestDir
13:54:45.662 [main] INFO  f.i.s.r.p.i.ProjectInspector - CheckoutBuggyBuildCandidateSourceCode
13:54:45.662 [main] INFO  f.i.s.r.p.i.ProjectInspector - BuildProjectBuggyBuildCandidateSourceCode
13:54:45.663 [main] INFO  f.i.s.r.p.i.ProjectInspector - TestProjectBuggyBuildCandidateSourceCode
13:54:45.663 [main] INFO  f.i.s.r.p.i.ProjectInspector - GatherTestInformationBuggyBuildCandidateSourceCode
13:54:45.663 [main] INFO  f.i.s.r.p.i.ProjectInspector - CheckoutBuggyBuildTestCode
13:54:45.664 [main] INFO  f.i.s.r.p.i.ProjectInspector - InitRepoToPush
13:54:45.664 [main] INFO  f.i.s.r.p.i.ProjectInspector - ComputeClasspath
13:54:45.665 [main] INFO  f.i.s.r.p.i.ProjectInspector - ComputeModules
13:54:45.665 [main] INFO  f.i.s.r.p.i.ProjectInspector - CheckoutBuggyBuildCandidateSourceCode
13:54:45.666 [main] INFO  f.i.s.r.p.i.ProjectInspector - CommitChangedTests
13:54:45.666 [main] INFO  f.i.s.r.p.i.ProjectInspector - CheckoutPatchedBuildCandidate
13:54:45.667 [main] INFO  f.i.s.r.p.i.ProjectInspector - BuildProjectPatchedBuildCandidate
13:54:45.667 [main] INFO  f.i.s.r.p.i.ProjectInspector - TestProjectPatchedBuildCandidate
13:54:45.668 [main] INFO  f.i.s.r.p.i.ProjectInspector - GatherTestInformationPatchedBuildCandidate
13:54:45.668 [main] INFO  f.i.s.r.p.i.ProjectInspector - CommitPatch
13:54:45.669 [main] INFO  f.i.s.r.p.i.ProjectInspector - WritePropertyFile
13:54:45.669 [main] INFO  f.i.s.r.p.i.ProjectInspector - CommitProcessEnd
13:54:45.670 [main] INFO  f.i.s.r.p.i.ProjectInspector - PushProcessEnd
13:54:45.671 [main] DEBUG f.i.s.r.process.step.CloneRepository - ----------------------------------------------------------------------
13:54:45.671 [main] DEBUG f.i.s.r.process.step.CloneRepository - STEP 1/22: CloneRepository
13:54:45.672 [main] DEBUG f.i.s.r.process.step.CloneRepository - ----------------------------------------------------------------------
13:54:45.672 [main] DEBUG f.i.s.r.process.step.CloneRepository - Cloning repository prestodb/presto in the following directory: ./workspace/prestodb/presto/360220498
13:55:28.868 [main] DEBUG f.i.s.r.process.step.CloneRepository - STEP STATUS: [ CloneRepository : SUCCESS ]
13:55:28.868 [main] DEBUG f.i.s.r.process.step.CloneRepository - STEP DURATION: 43s
13:55:28.869 [main] DEBUG f.i.s.r.process.step.CloneRepository - EXECUTE NEXT STEP
13:55:28.869 [main] DEBUG f.i.s.r.p.s.c.CheckoutPatchedBuild - ----------------------------------------------------------------------
13:55:28.869 [main] DEBUG f.i.s.r.p.s.c.CheckoutPatchedBuild - STEP 2/22: CheckoutPatchedBuildCandidate
13:55:28.870 [main] DEBUG f.i.s.r.p.s.c.CheckoutPatchedBuild - ----------------------------------------------------------------------
13:55:28.870 [main] DEBUG f.i.s.r.p.s.c.CheckoutPatchedBuild - Checking out patched build candidate...
13:55:29.224 [main] INFO  fr.inria.jtravis.JTravis - GitHub ratelimit: Limit: 5000 Remaining: 4764 Reset hour: 19:35:17
13:55:31.661 [main] DEBUG f.i.s.r.p.s.c.CheckoutPatchedBuild - Reproduce the PR for prestodb/presto by fetching remote branch and merging.
13:55:38.087 [main] ERROR f.i.s.r.p.s.c.CheckoutPatchedBuild - Error while testing commit: org.eclipse.jgit.errors.MissingObjectException: Missing unknown cd17ea33ab96109f346eeb8c075fb1728d0d337d
13:55:38.088 [main] ERROR f.i.s.r.p.s.c.CheckoutPatchedBuild - Commit head ref cannot be retrieved from the repository: cd17ea33ab96109f346eeb8c075fb1728d0d337d. Operation aborted.
13:55:38.088 [main] ERROR f.i.s.r.p.s.c.CheckoutPatchedBuild - Error while merging two commits to reproduce the PR.
13:55:38.089 [main] DEBUG f.i.s.r.p.s.c.CheckoutPatchedBuild - STEP STATUS: [ CheckoutPatchedBuildCandidate : FAILURE ( BUILDNOTCHECKEDOUT ) ]
13:55:38.090 [main] DEBUG f.i.s.r.p.s.c.CheckoutPatchedBuild - STEP DURATION: 9s
13:55:38.090 [main] DEBUG f.i.s.r.p.s.c.CheckoutPatchedBuild - TERMINATE PIPELINE
13:55:38.090 [main] DEBUG f.i.s.r.p.s.c.CheckoutPatchedBuild - FINAL STEPS SKIPPED: The reproduction of the bug and/or the patch failed.
13:55:38.090 [main] INFO  f.i.s.r.p.s.c.CheckoutPatchedBuild - Serialize all data for the pair of builds 360220498, 360257885
13:55:38.401 [main] INFO  fr.inria.jtravis.JTravis - GitHub ratelimit: Limit: 5000 Remaining: 4757 Reset hour: 19:35:17
13:55:39.990 [main] INFO  f.i.s.r.p.i.ProjectInspector - ----------------------------------------------------------------------
13:55:39.990 [main] INFO  f.i.s.r.p.i.ProjectInspector - PIPELINE EXECUTION SUMMARY
13:55:39.991 [main] INFO  f.i.s.r.p.i.ProjectInspector - ----------------------------------------------------------------------
13:55:39.991 [main] INFO  f.i.s.r.p.i.ProjectInspector - CloneRepository.......................................SUCCESS [ 43 s ]
13:55:39.992 [main] INFO  f.i.s.r.p.i.ProjectInspector - CheckoutPatchedBuildCandidate.........................FAILURE [  9 s ]
13:55:39.992 [main] INFO  f.i.s.r.p.i.ProjectInspector - ComputeSourceDir......................................NOT RUN         
13:55:39.992 [main] INFO  f.i.s.r.p.i.ProjectInspector - ComputeTestDir........................................NOT RUN         
13:55:39.992 [main] INFO  f.i.s.r.p.i.ProjectInspector - CheckoutBuggyBuildCandidateSourceCode.................NOT RUN         
13:55:39.994 [main] INFO  f.i.s.r.p.i.ProjectInspector - BuildProjectBuggyBuildCandidateSourceCode.............NOT RUN         
13:55:39.994 [main] INFO  f.i.s.r.p.i.ProjectInspector - TestProjectBuggyBuildCandidateSourceCode..............NOT RUN         
13:55:39.994 [main] INFO  f.i.s.r.p.i.ProjectInspector - GatherTestInformationBuggyBuildCandidateSourceCode....NOT RUN         
13:55:39.994 [main] INFO  f.i.s.r.p.i.ProjectInspector - CheckoutBuggyBuildTestCode............................NOT RUN         
13:55:39.995 [main] INFO  f.i.s.r.p.i.ProjectInspector - InitRepoToPush........................................NOT RUN         
13:55:39.995 [main] INFO  f.i.s.r.p.i.ProjectInspector - ComputeClasspath......................................NOT RUN         
13:55:39.995 [main] INFO  f.i.s.r.p.i.ProjectInspector - ComputeModules........................................NOT RUN         
13:55:39.995 [main] INFO  f.i.s.r.p.i.ProjectInspector - CheckoutBuggyBuildCandidateSourceCode.................NOT RUN         
13:55:39.995 [main] INFO  f.i.s.r.p.i.ProjectInspector - CommitChangedTests....................................NOT RUN         
13:55:39.995 [main] INFO  f.i.s.r.p.i.ProjectInspector - CheckoutPatchedBuildCandidate.........................NOT RUN         
13:55:39.995 [main] INFO  f.i.s.r.p.i.ProjectInspector - BuildProjectPatchedBuildCandidate.....................NOT RUN         
13:55:39.995 [main] INFO  f.i.s.r.p.i.ProjectInspector - TestProjectPatchedBuildCandidate......................NOT RUN         
13:55:39.996 [main] INFO  f.i.s.r.p.i.ProjectInspector - GatherTestInformationPatchedBuildCandidate............NOT RUN         
13:55:39.996 [main] INFO  f.i.s.r.p.i.ProjectInspector - CommitPatch...........................................NOT RUN         
13:55:39.996 [main] INFO  f.i.s.r.p.i.ProjectInspector - WritePropertyFile.....................................NOT RUN         
13:55:39.997 [main] INFO  f.i.s.r.p.i.ProjectInspector - CommitProcessEnd......................................NOT RUN         
13:55:39.997 [main] INFO  f.i.s.r.p.i.ProjectInspector - PushProcessEnd........................................NOT RUN         
13:55:39.997 [main] INFO  f.i.s.r.p.i.ProjectInspector - ----------------------------------------------------------------------
13:55:39.997 [main] INFO  f.i.s.r.p.i.ProjectInspector - PIPELINE FINDING: BUILDNOTCHECKEDOUT
13:55:39.998 [main] INFO  f.i.s.r.p.i.ProjectInspector - ----------------------------------------------------------------------
13:55:39.998 [main] INFO  f.i.s.repairnator.pipeline.Launcher - Inspector is finished. The process will exit now.
