17:38:55.049 [main] INFO  f.i.s.repairnator.pipeline.Launcher - PIPELINE VERSION: 3.0-2018-08-09 19:04
17:38:55.313 [main] INFO  f.i.s.repairnator.pipeline.Launcher - The pipeline will try to reproduce a bug from build 356811038 and its corresponding patch from build 358342099
17:38:55.318 [main] INFO  f.i.s.repairnator.pipeline.Launcher - Initialize file serializer engines.
17:38:55.320 [main] INFO  f.i.s.repairnator.pipeline.Launcher - MongoDB won't be used for serialization.
17:38:55.321 [main] INFO  f.i.s.repairnator.pipeline.Launcher - The email notifier engine won't be used.
17:38:55.325 [main] INFO  f.i.s.repairnator.pipeline.Launcher - Start by getting the build (buildId: 356811038) with the following config: RepairnatorConfig{runId='2461c511-4012-473b-8e60-28377c2cdad5_03-18-week4-PASSING_AND_PASSING', launcherMode=BEARS, serializeJson=true, inputPath='null', outputPath='/var/log', mongodbHost='null', mongodbName='repairnator', smtpServer='null', notifyTo=[], notifyEndProcess=false, push=true, pushRemoteRepo='https://github.com/fermadeiral/bears-collection-pp', fork=false, lookFromDate=null, lookToDate=null, buildId=356811038, z3solverPath='./z3_for_linux', workspacePath='./workspace', githubToken='c8a341a903[...]', dockerImageName='null', skipDelete=false, createOutputDir=false, logDirectory='null', nbThreads=0, globalTimeout=0, whiteList=null, blackList=null, jobSleepTime=0, buildSleepTime=0, maxInspectedBuilds=0, duration=null, humanPatch=false, repository='null', clean=true, bearsMode=BOTH, bearsDelimiter = false, repairTools=NopolAllTests,NPEFix,AssertFixer,AstorJGenProg,AstorJKali,NopolSingleTest,AstorJMut,NopolTestExclusionStrategy, githubUserName= fermadeiral, githubUserEmail=fer.madeiral@gmail.com}
17:38:56.762 [main] DEBUG fr.inria.jtravis.helpers.BuildHelper - Get request to :https://api.travis-ci.org/build/356811038 done after 804 ms
17:38:56.977 [main] DEBUG fr.inria.jtravis.helpers.BuildHelper - Get request to :https://api.travis-ci.org/build/358342099 done after 130 ms
17:38:56.988 [main] INFO  f.i.s.repairnator.pipeline.Launcher - The patched build (358342099) was successfully retrieved from Travis.
17:38:58.383 [main] INFO  fr.inria.jtravis.JTravis - GitHub ratelimit: Limit: 5000 Remaining: 4805 Reset hour: 19:35:32
17:38:58.611 [main] INFO  f.i.s.r.p.i.ProjectInspector - ----------------------------------------------------------------------
17:38:58.611 [main] INFO  f.i.s.r.p.i.ProjectInspector - PIPELINE STEPS
17:38:58.611 [main] INFO  f.i.s.r.p.i.ProjectInspector - ----------------------------------------------------------------------
17:38:58.611 [main] INFO  f.i.s.r.p.i.ProjectInspector - CloneRepository
17:38:58.612 [main] INFO  f.i.s.r.p.i.ProjectInspector - CheckoutPatchedBuildCandidate
17:38:58.612 [main] INFO  f.i.s.r.p.i.ProjectInspector - ComputeSourceDir
17:38:58.612 [main] INFO  f.i.s.r.p.i.ProjectInspector - ComputeTestDir
17:38:58.612 [main] INFO  f.i.s.r.p.i.ProjectInspector - CheckoutBuggyBuildCandidateSourceCode
17:38:58.612 [main] INFO  f.i.s.r.p.i.ProjectInspector - BuildProjectBuggyBuildCandidateSourceCode
17:38:58.612 [main] INFO  f.i.s.r.p.i.ProjectInspector - TestProjectBuggyBuildCandidateSourceCode
17:38:58.612 [main] INFO  f.i.s.r.p.i.ProjectInspector - GatherTestInformationBuggyBuildCandidateSourceCode
17:38:58.612 [main] INFO  f.i.s.r.p.i.ProjectInspector - CheckoutBuggyBuildTestCode
17:38:58.613 [main] INFO  f.i.s.r.p.i.ProjectInspector - InitRepoToPush
17:38:58.613 [main] INFO  f.i.s.r.p.i.ProjectInspector - ComputeClasspath
17:38:58.613 [main] INFO  f.i.s.r.p.i.ProjectInspector - ComputeModules
17:38:58.613 [main] INFO  f.i.s.r.p.i.ProjectInspector - CheckoutBuggyBuildCandidateSourceCode
17:38:58.613 [main] INFO  f.i.s.r.p.i.ProjectInspector - CommitChangedTests
17:38:58.613 [main] INFO  f.i.s.r.p.i.ProjectInspector - CheckoutPatchedBuildCandidate
17:38:58.613 [main] INFO  f.i.s.r.p.i.ProjectInspector - BuildProjectPatchedBuildCandidate
17:38:58.613 [main] INFO  f.i.s.r.p.i.ProjectInspector - TestProjectPatchedBuildCandidate
17:38:58.614 [main] INFO  f.i.s.r.p.i.ProjectInspector - GatherTestInformationPatchedBuildCandidate
17:38:58.614 [main] INFO  f.i.s.r.p.i.ProjectInspector - CommitPatch
17:38:58.614 [main] INFO  f.i.s.r.p.i.ProjectInspector - WritePropertyFile
17:38:58.614 [main] INFO  f.i.s.r.p.i.ProjectInspector - CommitProcessEnd
17:38:58.614 [main] INFO  f.i.s.r.p.i.ProjectInspector - PushProcessEnd
17:38:58.614 [main] DEBUG f.i.s.r.process.step.CloneRepository - ----------------------------------------------------------------------
17:38:58.615 [main] DEBUG f.i.s.r.process.step.CloneRepository - STEP 1/22: CloneRepository
17:38:58.615 [main] DEBUG f.i.s.r.process.step.CloneRepository - ----------------------------------------------------------------------
17:38:58.615 [main] DEBUG f.i.s.r.process.step.CloneRepository - Cloning repository EnMasseProject/enmasse in the following directory: ./workspace/EnMasseProject/enmasse/356811038
17:39:26.877 [main] DEBUG f.i.s.r.process.step.CloneRepository - STEP STATUS: [ CloneRepository : SUCCESS ]
17:39:26.878 [main] DEBUG f.i.s.r.process.step.CloneRepository - STEP DURATION: 28s
17:39:26.878 [main] DEBUG f.i.s.r.process.step.CloneRepository - EXECUTE NEXT STEP
17:39:26.878 [main] DEBUG f.i.s.r.p.s.c.CheckoutPatchedBuild - ----------------------------------------------------------------------
17:39:26.878 [main] DEBUG f.i.s.r.p.s.c.CheckoutPatchedBuild - STEP 2/22: CheckoutPatchedBuildCandidate
17:39:26.878 [main] DEBUG f.i.s.r.p.s.c.CheckoutPatchedBuild - ----------------------------------------------------------------------
17:39:26.879 [main] DEBUG f.i.s.r.p.s.c.CheckoutPatchedBuild - Checking out patched build candidate...
17:39:26.885 [main] ERROR f.i.s.r.p.s.c.CheckoutPatchedBuild - Error while testing commit: org.eclipse.jgit.errors.MissingObjectException: Missing unknown 64903edc1e20afa3c9865e33708c07209d8e964e
17:39:26.886 [main] ERROR f.i.s.r.p.s.c.CheckoutPatchedBuild - Error while getting the commit to checkout from the repo.
17:39:26.886 [main] DEBUG f.i.s.r.p.s.c.CheckoutPatchedBuild - STEP STATUS: [ CheckoutPatchedBuildCandidate : FAILURE ( BUILDNOTCHECKEDOUT ) ]
17:39:26.887 [main] DEBUG f.i.s.r.p.s.c.CheckoutPatchedBuild - STEP DURATION: 0s
17:39:26.887 [main] DEBUG f.i.s.r.p.s.c.CheckoutPatchedBuild - TERMINATE PIPELINE
17:39:26.887 [main] DEBUG f.i.s.r.p.s.c.CheckoutPatchedBuild - FINAL STEPS SKIPPED: The reproduction of the bug and/or the patch failed.
17:39:26.887 [main] INFO  f.i.s.r.p.s.c.CheckoutPatchedBuild - Serialize all data for the pair of builds 356811038, 358342099
17:39:27.242 [main] INFO  fr.inria.jtravis.JTravis - GitHub ratelimit: Limit: 5000 Remaining: 4804 Reset hour: 19:35:32
17:39:29.218 [main] INFO  f.i.s.r.p.i.ProjectInspector - ----------------------------------------------------------------------
17:39:29.219 [main] INFO  f.i.s.r.p.i.ProjectInspector - PIPELINE EXECUTION SUMMARY
17:39:29.219 [main] INFO  f.i.s.r.p.i.ProjectInspector - ----------------------------------------------------------------------
17:39:29.220 [main] INFO  f.i.s.r.p.i.ProjectInspector - CloneRepository.......................................SUCCESS [ 28 s ]
17:39:29.220 [main] INFO  f.i.s.r.p.i.ProjectInspector - CheckoutPatchedBuildCandidate.........................FAILURE [  0 s ]
17:39:29.221 [main] INFO  f.i.s.r.p.i.ProjectInspector - ComputeSourceDir......................................NOT RUN         
17:39:29.221 [main] INFO  f.i.s.r.p.i.ProjectInspector - ComputeTestDir........................................NOT RUN         
17:39:29.221 [main] INFO  f.i.s.r.p.i.ProjectInspector - CheckoutBuggyBuildCandidateSourceCode.................NOT RUN         
17:39:29.222 [main] INFO  f.i.s.r.p.i.ProjectInspector - BuildProjectBuggyBuildCandidateSourceCode.............NOT RUN         
17:39:29.222 [main] INFO  f.i.s.r.p.i.ProjectInspector - TestProjectBuggyBuildCandidateSourceCode..............NOT RUN         
17:39:29.222 [main] INFO  f.i.s.r.p.i.ProjectInspector - GatherTestInformationBuggyBuildCandidateSourceCode....NOT RUN         
17:39:29.223 [main] INFO  f.i.s.r.p.i.ProjectInspector - CheckoutBuggyBuildTestCode............................NOT RUN         
17:39:29.223 [main] INFO  f.i.s.r.p.i.ProjectInspector - InitRepoToPush........................................NOT RUN         
17:39:29.223 [main] INFO  f.i.s.r.p.i.ProjectInspector - ComputeClasspath......................................NOT RUN         
17:39:29.223 [main] INFO  f.i.s.r.p.i.ProjectInspector - ComputeModules........................................NOT RUN         
17:39:29.224 [main] INFO  f.i.s.r.p.i.ProjectInspector - CheckoutBuggyBuildCandidateSourceCode.................NOT RUN         
17:39:29.224 [main] INFO  f.i.s.r.p.i.ProjectInspector - CommitChangedTests....................................NOT RUN         
17:39:29.224 [main] INFO  f.i.s.r.p.i.ProjectInspector - CheckoutPatchedBuildCandidate.........................NOT RUN         
17:39:29.225 [main] INFO  f.i.s.r.p.i.ProjectInspector - BuildProjectPatchedBuildCandidate.....................NOT RUN         
17:39:29.225 [main] INFO  f.i.s.r.p.i.ProjectInspector - TestProjectPatchedBuildCandidate......................NOT RUN         
17:39:29.225 [main] INFO  f.i.s.r.p.i.ProjectInspector - GatherTestInformationPatchedBuildCandidate............NOT RUN         
17:39:29.225 [main] INFO  f.i.s.r.p.i.ProjectInspector - CommitPatch...........................................NOT RUN         
17:39:29.226 [main] INFO  f.i.s.r.p.i.ProjectInspector - WritePropertyFile.....................................NOT RUN         
17:39:29.226 [main] INFO  f.i.s.r.p.i.ProjectInspector - CommitProcessEnd......................................NOT RUN         
17:39:29.227 [main] INFO  f.i.s.r.p.i.ProjectInspector - PushProcessEnd........................................NOT RUN         
17:39:29.227 [main] INFO  f.i.s.r.p.i.ProjectInspector - ----------------------------------------------------------------------
17:39:29.227 [main] INFO  f.i.s.r.p.i.ProjectInspector - PIPELINE FINDING: BUILDNOTCHECKEDOUT
17:39:29.227 [main] INFO  f.i.s.r.p.i.ProjectInspector - ----------------------------------------------------------------------
17:39:29.228 [main] INFO  f.i.s.repairnator.pipeline.Launcher - Inspector is finished. The process will exit now.
