18:49:32.040 [main] INFO  f.i.s.repairnator.pipeline.Launcher - PIPELINE VERSION: 3.0-2018-08-09 19:04
18:49:32.238 [main] INFO  f.i.s.repairnator.pipeline.Launcher - The pipeline will try to reproduce a bug from build 354136284 and its corresponding patch from build 359211800
18:49:32.239 [main] INFO  f.i.s.repairnator.pipeline.Launcher - Initialize file serializer engines.
18:49:32.242 [main] INFO  f.i.s.repairnator.pipeline.Launcher - MongoDB won't be used for serialization.
18:49:32.243 [main] INFO  f.i.s.repairnator.pipeline.Launcher - The email notifier engine won't be used.
18:49:32.248 [main] INFO  f.i.s.repairnator.pipeline.Launcher - Start by getting the build (buildId: 354136284) with the following config: RepairnatorConfig{runId='2461c511-4012-473b-8e60-28377c2cdad5_03-18-week4-PASSING_AND_PASSING', launcherMode=BEARS, serializeJson=true, inputPath='null', outputPath='/var/log', mongodbHost='null', mongodbName='repairnator', smtpServer='null', notifyTo=[], notifyEndProcess=false, push=true, pushRemoteRepo='https://github.com/fermadeiral/bears-collection-pp', fork=false, lookFromDate=null, lookToDate=null, buildId=354136284, z3solverPath='./z3_for_linux', workspacePath='./workspace', githubToken='c8a341a903[...]', dockerImageName='null', skipDelete=false, createOutputDir=false, logDirectory='null', nbThreads=0, globalTimeout=0, whiteList=null, blackList=null, jobSleepTime=0, buildSleepTime=0, maxInspectedBuilds=0, duration=null, humanPatch=false, repository='null', clean=true, bearsMode=BOTH, bearsDelimiter = false, repairTools=NopolAllTests,NPEFix,AssertFixer,AstorJGenProg,AstorJKali,NopolSingleTest,AstorJMut,NopolTestExclusionStrategy, githubUserName= fermadeiral, githubUserEmail=fer.madeiral@gmail.com}
18:49:34.678 [main] DEBUG fr.inria.jtravis.helpers.BuildHelper - Get request to :https://api.travis-ci.org/build/354136284 done after 1711 ms
18:49:35.020 [main] DEBUG fr.inria.jtravis.helpers.BuildHelper - Get request to :https://api.travis-ci.org/build/359211800 done after 146 ms
18:49:35.044 [main] INFO  f.i.s.repairnator.pipeline.Launcher - The patched build (359211800) was successfully retrieved from Travis.
18:49:36.456 [main] INFO  fr.inria.jtravis.JTravis - GitHub ratelimit: Limit: 5000 Remaining: 4424 Reset hour: 19:35:36
18:49:36.754 [main] INFO  f.i.s.r.p.i.ProjectInspector - ----------------------------------------------------------------------
18:49:36.755 [main] INFO  f.i.s.r.p.i.ProjectInspector - PIPELINE STEPS
18:49:36.755 [main] INFO  f.i.s.r.p.i.ProjectInspector - ----------------------------------------------------------------------
18:49:36.755 [main] INFO  f.i.s.r.p.i.ProjectInspector - CloneRepository
18:49:36.755 [main] INFO  f.i.s.r.p.i.ProjectInspector - CheckoutPatchedBuildCandidate
18:49:36.756 [main] INFO  f.i.s.r.p.i.ProjectInspector - ComputeSourceDir
18:49:36.756 [main] INFO  f.i.s.r.p.i.ProjectInspector - ComputeTestDir
18:49:36.756 [main] INFO  f.i.s.r.p.i.ProjectInspector - CheckoutBuggyBuildCandidateSourceCode
18:49:36.756 [main] INFO  f.i.s.r.p.i.ProjectInspector - BuildProjectBuggyBuildCandidateSourceCode
18:49:36.756 [main] INFO  f.i.s.r.p.i.ProjectInspector - TestProjectBuggyBuildCandidateSourceCode
18:49:36.757 [main] INFO  f.i.s.r.p.i.ProjectInspector - GatherTestInformationBuggyBuildCandidateSourceCode
18:49:36.757 [main] INFO  f.i.s.r.p.i.ProjectInspector - CheckoutBuggyBuildTestCode
18:49:36.757 [main] INFO  f.i.s.r.p.i.ProjectInspector - InitRepoToPush
18:49:36.757 [main] INFO  f.i.s.r.p.i.ProjectInspector - ComputeClasspath
18:49:36.758 [main] INFO  f.i.s.r.p.i.ProjectInspector - ComputeModules
18:49:36.758 [main] INFO  f.i.s.r.p.i.ProjectInspector - CheckoutBuggyBuildCandidateSourceCode
18:49:36.758 [main] INFO  f.i.s.r.p.i.ProjectInspector - CommitChangedTests
18:49:36.758 [main] INFO  f.i.s.r.p.i.ProjectInspector - CheckoutPatchedBuildCandidate
18:49:36.758 [main] INFO  f.i.s.r.p.i.ProjectInspector - BuildProjectPatchedBuildCandidate
18:49:36.759 [main] INFO  f.i.s.r.p.i.ProjectInspector - TestProjectPatchedBuildCandidate
18:49:36.759 [main] INFO  f.i.s.r.p.i.ProjectInspector - GatherTestInformationPatchedBuildCandidate
18:49:36.759 [main] INFO  f.i.s.r.p.i.ProjectInspector - CommitPatch
18:49:36.759 [main] INFO  f.i.s.r.p.i.ProjectInspector - WritePropertyFile
18:49:36.760 [main] INFO  f.i.s.r.p.i.ProjectInspector - CommitProcessEnd
18:49:36.760 [main] INFO  f.i.s.r.p.i.ProjectInspector - PushProcessEnd
18:49:36.760 [main] DEBUG f.i.s.r.process.step.CloneRepository - ----------------------------------------------------------------------
18:49:36.761 [main] DEBUG f.i.s.r.process.step.CloneRepository - STEP 1/22: CloneRepository
18:49:36.761 [main] DEBUG f.i.s.r.process.step.CloneRepository - ----------------------------------------------------------------------
18:49:36.761 [main] DEBUG f.i.s.r.process.step.CloneRepository - Cloning repository terasolunaorg/tutorial-apps in the following directory: ./workspace/terasolunaorg/tutorial-apps/354136284
18:49:40.949 [main] DEBUG f.i.s.r.process.step.CloneRepository - STEP STATUS: [ CloneRepository : SUCCESS ]
18:49:40.949 [main] DEBUG f.i.s.r.process.step.CloneRepository - STEP DURATION: 4s
18:49:40.949 [main] DEBUG f.i.s.r.process.step.CloneRepository - EXECUTE NEXT STEP
18:49:40.950 [main] DEBUG f.i.s.r.p.s.c.CheckoutPatchedBuild - ----------------------------------------------------------------------
18:49:40.950 [main] DEBUG f.i.s.r.p.s.c.CheckoutPatchedBuild - STEP 2/22: CheckoutPatchedBuildCandidate
18:49:40.950 [main] DEBUG f.i.s.r.p.s.c.CheckoutPatchedBuild - ----------------------------------------------------------------------
18:49:40.950 [main] DEBUG f.i.s.r.p.s.c.CheckoutPatchedBuild - Checking out patched build candidate...
18:49:41.092 [main] INFO  fr.inria.jtravis.JTravis - GitHub ratelimit: Limit: 5000 Remaining: 4420 Reset hour: 19:35:36
18:49:42.971 [main] DEBUG f.i.s.r.p.s.c.CheckoutPatchedBuild - Reproduce the PR for terasolunaorg/tutorial-apps by fetching remote branch and merging.
18:49:43.197 [main] DEBUG f.i.s.r.process.git.GitHelper - Step CheckoutPatchedBuildCandidate - Get the commit 84b250898da5d194db14a5f4e057290bda20ba51 for repo terasolunaorg/tutorial-apps
18:49:43.726 [main] DEBUG f.i.s.r.process.git.GitHelper - Step CheckoutPatchedBuildCandidate - Do the merge with the PR commit for repo terasolunaorg/tutorial-apps
18:49:43.750 [main] INFO  f.i.s.r.process.git.GitHelper - Init git submodules.
18:49:44.260 [main] DEBUG f.i.s.r.p.s.c.CheckoutPatchedBuild - STEP STATUS: [ CheckoutPatchedBuildCandidate : SUCCESS ]
18:49:44.261 [main] DEBUG f.i.s.r.p.s.c.CheckoutPatchedBuild - STEP DURATION: 3s
18:49:44.265 [main] DEBUG f.i.s.r.p.s.c.CheckoutPatchedBuild - EXECUTE NEXT STEP
18:49:44.266 [main] DEBUG f.i.s.r.p.s.paths.ComputeSourceDir - ----------------------------------------------------------------------
18:49:44.267 [main] DEBUG f.i.s.r.p.s.paths.ComputeSourceDir - STEP 3/22: ComputeSourceDir
18:49:44.268 [main] DEBUG f.i.s.r.p.s.paths.ComputeSourceDir - ----------------------------------------------------------------------
18:49:44.269 [main] DEBUG f.i.s.r.p.s.paths.ComputeSourceDir - Computing the source directory ...
18:49:44.272 [main] DEBUG f.i.s.r.p.s.paths.ComputeSourceDir - The default source directory (/root/workspace/terasolunaorg/tutorial-apps/354136284/src/main/java) does not exist. Try to read pom.xml to get information.
18:49:44.496 [main] DEBUG f.i.s.r.p.s.paths.ComputeSourceDir - The source directory given in pom.xml (/root/workspace/terasolunaorg/tutorial-apps/354136284/src/main/java) does not exist. Continue to try to get source dir from all modules.
18:49:44.497 [main] ERROR f.i.s.r.p.s.paths.ComputeSourceDir - The source directory is not at default location or specified in build section from pom.xml, and no parent can be found.
18:49:44.500 [main] ERROR f.i.s.r.p.s.paths.ComputeSourceDir - Fail to find source directories.
18:49:44.501 [main] DEBUG f.i.s.r.p.s.paths.ComputeSourceDir - STEP STATUS: [ ComputeSourceDir : FAILURE ( SOURCEDIRNOTCOMPUTED ) ]
18:49:44.502 [main] DEBUG f.i.s.r.p.s.paths.ComputeSourceDir - STEP DURATION: 0s
18:49:44.502 [main] DEBUG f.i.s.r.p.s.paths.ComputeSourceDir - TERMINATE PIPELINE
18:49:44.503 [main] DEBUG f.i.s.r.p.s.paths.ComputeSourceDir - FINAL STEPS SKIPPED: The reproduction of the bug and/or the patch failed.
18:49:44.504 [main] INFO  f.i.s.r.p.s.paths.ComputeSourceDir - Serialize all data for the pair of builds 354136284, 359211800
18:49:44.623 [main] INFO  fr.inria.jtravis.JTravis - GitHub ratelimit: Limit: 5000 Remaining: 4411 Reset hour: 19:35:36
18:49:45.214 [main] INFO  f.i.s.r.p.i.ProjectInspector - ----------------------------------------------------------------------
18:49:45.214 [main] INFO  f.i.s.r.p.i.ProjectInspector - PIPELINE EXECUTION SUMMARY
18:49:45.215 [main] INFO  f.i.s.r.p.i.ProjectInspector - ----------------------------------------------------------------------
18:49:45.215 [main] INFO  f.i.s.r.p.i.ProjectInspector - CloneRepository........................................SUCCESS [ 4 s ]
18:49:45.215 [main] INFO  f.i.s.r.p.i.ProjectInspector - CheckoutPatchedBuildCandidate..........................SUCCESS [ 3 s ]
18:49:45.215 [main] INFO  f.i.s.r.p.i.ProjectInspector - ComputeSourceDir.......................................FAILURE [ 0 s ]
18:49:45.216 [main] INFO  f.i.s.r.p.i.ProjectInspector - ComputeTestDir.........................................NOT RUN        
18:49:45.216 [main] INFO  f.i.s.r.p.i.ProjectInspector - CheckoutBuggyBuildCandidateSourceCode..................NOT RUN        
18:49:45.216 [main] INFO  f.i.s.r.p.i.ProjectInspector - BuildProjectBuggyBuildCandidateSourceCode..............NOT RUN        
18:49:45.216 [main] INFO  f.i.s.r.p.i.ProjectInspector - TestProjectBuggyBuildCandidateSourceCode...............NOT RUN        
18:49:45.216 [main] INFO  f.i.s.r.p.i.ProjectInspector - GatherTestInformationBuggyBuildCandidateSourceCode.....NOT RUN        
18:49:45.217 [main] INFO  f.i.s.r.p.i.ProjectInspector - CheckoutBuggyBuildTestCode.............................NOT RUN        
18:49:45.217 [main] INFO  f.i.s.r.p.i.ProjectInspector - InitRepoToPush.........................................NOT RUN        
18:49:45.217 [main] INFO  f.i.s.r.p.i.ProjectInspector - ComputeClasspath.......................................NOT RUN        
18:49:45.217 [main] INFO  f.i.s.r.p.i.ProjectInspector - ComputeModules.........................................NOT RUN        
18:49:45.217 [main] INFO  f.i.s.r.p.i.ProjectInspector - CheckoutBuggyBuildCandidateSourceCode..................NOT RUN        
18:49:45.219 [main] INFO  f.i.s.r.p.i.ProjectInspector - CommitChangedTests.....................................NOT RUN        
18:49:45.219 [main] INFO  f.i.s.r.p.i.ProjectInspector - CheckoutPatchedBuildCandidate..........................NOT RUN        
18:49:45.219 [main] INFO  f.i.s.r.p.i.ProjectInspector - BuildProjectPatchedBuildCandidate......................NOT RUN        
18:49:45.220 [main] INFO  f.i.s.r.p.i.ProjectInspector - TestProjectPatchedBuildCandidate.......................NOT RUN        
18:49:45.220 [main] INFO  f.i.s.r.p.i.ProjectInspector - GatherTestInformationPatchedBuildCandidate.............NOT RUN        
18:49:45.220 [main] INFO  f.i.s.r.p.i.ProjectInspector - CommitPatch............................................NOT RUN        
18:49:45.220 [main] INFO  f.i.s.r.p.i.ProjectInspector - WritePropertyFile......................................NOT RUN        
18:49:45.220 [main] INFO  f.i.s.r.p.i.ProjectInspector - CommitProcessEnd.......................................NOT RUN        
18:49:45.221 [main] INFO  f.i.s.r.p.i.ProjectInspector - PushProcessEnd.........................................NOT RUN        
18:49:45.221 [main] INFO  f.i.s.r.p.i.ProjectInspector - ----------------------------------------------------------------------
18:49:45.221 [main] INFO  f.i.s.r.p.i.ProjectInspector - PIPELINE FINDING: SOURCEDIRNOTCOMPUTED
18:49:45.221 [main] INFO  f.i.s.r.p.i.ProjectInspector - ----------------------------------------------------------------------
18:49:45.221 [main] INFO  f.i.s.repairnator.pipeline.Launcher - Inspector is finished. The process will exit now.
