20:55:03.095 [main] INFO  f.i.s.repairnator.pipeline.Launcher - PIPELINE VERSION: 3.0-2018-08-09 19:04
20:55:03.226 [main] INFO  f.i.s.repairnator.pipeline.Launcher - The pipeline will try to reproduce a bug from build 348508705 and its corresponding patch from build 348522608
20:55:03.227 [main] INFO  f.i.s.repairnator.pipeline.Launcher - Initialize file serializer engines.
20:55:03.228 [main] INFO  f.i.s.repairnator.pipeline.Launcher - MongoDB won't be used for serialization.
20:55:03.229 [main] INFO  f.i.s.repairnator.pipeline.Launcher - The email notifier engine won't be used.
20:55:03.231 [main] INFO  f.i.s.repairnator.pipeline.Launcher - Start by getting the build (buildId: 348508705) with the following config: RepairnatorConfig{runId='48c73b9c-1328-499c-ba34-dd1c2d05cb62_03-18-week1-FAILING_AND_PASSING', launcherMode=BEARS, serializeJson=true, inputPath='null', outputPath='/var/log', mongodbHost='null', mongodbName='repairnator', smtpServer='null', notifyTo=[], notifyEndProcess=false, push=true, pushRemoteRepo='https://github.com/fermadeiral/bears-collection-fp', fork=false, lookFromDate=null, lookToDate=null, buildId=348508705, z3solverPath='./z3_for_linux', workspacePath='./workspace', githubToken='c8a341a903[...]', dockerImageName='null', skipDelete=false, createOutputDir=false, logDirectory='null', nbThreads=0, globalTimeout=0, whiteList=null, blackList=null, jobSleepTime=0, buildSleepTime=0, maxInspectedBuilds=0, duration=null, humanPatch=false, repository='null', clean=true, bearsMode=BOTH, bearsDelimiter = false, repairTools=NopolAllTests,NPEFix,AssertFixer,AstorJGenProg,AstorJKali,NopolSingleTest,AstorJMut,NopolTestExclusionStrategy, githubUserName= fermadeiral, githubUserEmail=fer.madeiral@gmail.com}
20:55:04.475 [main] DEBUG fr.inria.jtravis.helpers.BuildHelper - Get request to :https://api.travis-ci.org/build/348508705 done after 828 ms
20:55:04.750 [main] DEBUG fr.inria.jtravis.helpers.BuildHelper - Get request to :https://api.travis-ci.org/build/348522608 done after 181 ms
20:55:04.761 [main] INFO  f.i.s.repairnator.pipeline.Launcher - The patched build (348522608) was successfully retrieved from Travis.
20:55:05.807 [main] INFO  fr.inria.jtravis.JTravis - GitHub ratelimit: Limit: 5000 Remaining: 4866 Reset hour: 19:28:32
20:55:06.103 [main] INFO  f.i.s.r.p.i.ProjectInspector - ----------------------------------------------------------------------
20:55:06.104 [main] INFO  f.i.s.r.p.i.ProjectInspector - PIPELINE STEPS
20:55:06.104 [main] INFO  f.i.s.r.p.i.ProjectInspector - ----------------------------------------------------------------------
20:55:06.105 [main] INFO  f.i.s.r.p.i.ProjectInspector - CloneRepository
20:55:06.105 [main] INFO  f.i.s.r.p.i.ProjectInspector - CheckoutBuggyBuildCandidate
20:55:06.105 [main] INFO  f.i.s.r.p.i.ProjectInspector - ComputeSourceDir
20:55:06.105 [main] INFO  f.i.s.r.p.i.ProjectInspector - ComputeTestDir
20:55:06.106 [main] INFO  f.i.s.r.p.i.ProjectInspector - BuildProjectBuggyBuildCandidate
20:55:06.106 [main] INFO  f.i.s.r.p.i.ProjectInspector - TestProjectBuggyBuildCandidate
20:55:06.106 [main] INFO  f.i.s.r.p.i.ProjectInspector - GatherTestInformationBuggyBuildCandidate
20:55:06.106 [main] INFO  f.i.s.r.p.i.ProjectInspector - InitRepoToPush
20:55:06.106 [main] INFO  f.i.s.r.p.i.ProjectInspector - ComputeClasspath
20:55:06.107 [main] INFO  f.i.s.r.p.i.ProjectInspector - ComputeModules
20:55:06.107 [main] INFO  f.i.s.r.p.i.ProjectInspector - CheckoutPatchedBuildCandidate
20:55:06.107 [main] INFO  f.i.s.r.p.i.ProjectInspector - BuildProjectPatchedBuildCandidate
20:55:06.107 [main] INFO  f.i.s.r.p.i.ProjectInspector - TestProjectPatchedBuildCandidate
20:55:06.107 [main] INFO  f.i.s.r.p.i.ProjectInspector - GatherTestInformationPatchedBuildCandidate
20:55:06.108 [main] INFO  f.i.s.r.p.i.ProjectInspector - CommitPatch
20:55:06.108 [main] INFO  f.i.s.r.p.i.ProjectInspector - WritePropertyFile
20:55:06.108 [main] INFO  f.i.s.r.p.i.ProjectInspector - CommitProcessEnd
20:55:06.108 [main] INFO  f.i.s.r.p.i.ProjectInspector - PushProcessEnd
20:55:06.109 [main] DEBUG f.i.s.r.process.step.CloneRepository - ----------------------------------------------------------------------
20:55:06.109 [main] DEBUG f.i.s.r.process.step.CloneRepository - STEP 1/18: CloneRepository
20:55:06.110 [main] DEBUG f.i.s.r.process.step.CloneRepository - ----------------------------------------------------------------------
20:55:06.110 [main] DEBUG f.i.s.r.process.step.CloneRepository - Cloning repository batfish/batfish in the following directory: ./workspace/batfish/batfish/348508705
20:56:00.695 [main] DEBUG f.i.s.r.process.step.CloneRepository - STEP STATUS: [ CloneRepository : SUCCESS ]
20:56:00.696 [main] DEBUG f.i.s.r.process.step.CloneRepository - STEP DURATION: 54s
20:56:00.696 [main] DEBUG f.i.s.r.process.step.CloneRepository - EXECUTE NEXT STEP
20:56:00.696 [main] DEBUG f.i.s.r.p.s.c.CheckoutBuggyBuild - ----------------------------------------------------------------------
20:56:00.696 [main] DEBUG f.i.s.r.p.s.c.CheckoutBuggyBuild - STEP 2/18: CheckoutBuggyBuildCandidate
20:56:00.697 [main] DEBUG f.i.s.r.p.s.c.CheckoutBuggyBuild - ----------------------------------------------------------------------
20:56:00.697 [main] DEBUG f.i.s.r.p.s.c.CheckoutBuggyBuild - Checking out buggy build candidate...
20:56:00.709 [main] ERROR f.i.s.r.p.s.c.CheckoutBuggyBuild - Error while testing commit: org.eclipse.jgit.errors.MissingObjectException: Missing unknown 5730589d120584b5c1b6ccc67420158781bf06ac
20:56:00.710 [main] ERROR f.i.s.r.p.s.c.CheckoutBuggyBuild - Error while getting the commit to checkout from the repo.
20:56:00.711 [main] DEBUG f.i.s.r.p.s.c.CheckoutBuggyBuild - STEP STATUS: [ CheckoutBuggyBuildCandidate : FAILURE ( BUILDNOTCHECKEDOUT ) ]
20:56:00.711 [main] DEBUG f.i.s.r.p.s.c.CheckoutBuggyBuild - STEP DURATION: 0s
20:56:00.711 [main] DEBUG f.i.s.r.p.s.c.CheckoutBuggyBuild - TERMINATE PIPELINE
20:56:00.712 [main] DEBUG f.i.s.r.p.s.c.CheckoutBuggyBuild - FINAL STEPS SKIPPED: The reproduction of the bug and/or the patch failed.
20:56:00.712 [main] INFO  f.i.s.r.p.s.c.CheckoutBuggyBuild - Serialize all data for the pair of builds 348508705, 348522608
20:56:01.091 [main] INFO  fr.inria.jtravis.JTravis - GitHub ratelimit: Limit: 5000 Remaining: 4854 Reset hour: 19:28:32
20:56:01.962 [main] INFO  f.i.s.r.p.i.ProjectInspector - ----------------------------------------------------------------------
20:56:02.001 [main] INFO  f.i.s.r.p.i.ProjectInspector - PIPELINE EXECUTION SUMMARY
20:56:02.002 [main] INFO  f.i.s.r.p.i.ProjectInspector - ----------------------------------------------------------------------
20:56:02.002 [main] INFO  f.i.s.r.p.i.ProjectInspector - CloneRepository.......................................SUCCESS [ 54 s ]
20:56:02.002 [main] INFO  f.i.s.r.p.i.ProjectInspector - CheckoutBuggyBuildCandidate...........................FAILURE [  0 s ]
20:56:02.002 [main] INFO  f.i.s.r.p.i.ProjectInspector - ComputeSourceDir......................................NOT RUN         
20:56:02.003 [main] INFO  f.i.s.r.p.i.ProjectInspector - ComputeTestDir........................................NOT RUN         
20:56:02.003 [main] INFO  f.i.s.r.p.i.ProjectInspector - BuildProjectBuggyBuildCandidate.......................NOT RUN         
20:56:02.003 [main] INFO  f.i.s.r.p.i.ProjectInspector - TestProjectBuggyBuildCandidate........................NOT RUN         
20:56:02.003 [main] INFO  f.i.s.r.p.i.ProjectInspector - GatherTestInformationBuggyBuildCandidate..............NOT RUN         
20:56:02.003 [main] INFO  f.i.s.r.p.i.ProjectInspector - InitRepoToPush........................................NOT RUN         
20:56:02.003 [main] INFO  f.i.s.r.p.i.ProjectInspector - ComputeClasspath......................................NOT RUN         
20:56:02.004 [main] INFO  f.i.s.r.p.i.ProjectInspector - ComputeModules........................................NOT RUN         
20:56:02.004 [main] INFO  f.i.s.r.p.i.ProjectInspector - CheckoutPatchedBuildCandidate.........................NOT RUN         
20:56:02.004 [main] INFO  f.i.s.r.p.i.ProjectInspector - BuildProjectPatchedBuildCandidate.....................NOT RUN         
20:56:02.004 [main] INFO  f.i.s.r.p.i.ProjectInspector - TestProjectPatchedBuildCandidate......................NOT RUN         
20:56:02.004 [main] INFO  f.i.s.r.p.i.ProjectInspector - GatherTestInformationPatchedBuildCandidate............NOT RUN         
20:56:02.005 [main] INFO  f.i.s.r.p.i.ProjectInspector - CommitPatch...........................................NOT RUN         
20:56:02.005 [main] INFO  f.i.s.r.p.i.ProjectInspector - WritePropertyFile.....................................NOT RUN         
20:56:02.005 [main] INFO  f.i.s.r.p.i.ProjectInspector - CommitProcessEnd......................................NOT RUN         
20:56:02.005 [main] INFO  f.i.s.r.p.i.ProjectInspector - PushProcessEnd........................................NOT RUN         
20:56:02.006 [main] INFO  f.i.s.r.p.i.ProjectInspector - ----------------------------------------------------------------------
20:56:02.006 [main] INFO  f.i.s.r.p.i.ProjectInspector - PIPELINE FINDING: BUILDNOTCHECKEDOUT
20:56:02.006 [main] INFO  f.i.s.r.p.i.ProjectInspector - ----------------------------------------------------------------------
20:56:02.006 [main] INFO  f.i.s.repairnator.pipeline.Launcher - Inspector is finished. The process will exit now.
