14:34:27.967 [main] INFO  f.i.s.repairnator.pipeline.Launcher - PIPELINE VERSION: 3.0-2018-08-09 19:04
14:34:28.125 [main] INFO  f.i.s.repairnator.pipeline.Launcher - The pipeline will try to reproduce a bug from build 348372853 and its corresponding patch from build 348469329
14:34:28.126 [main] INFO  f.i.s.repairnator.pipeline.Launcher - Initialize file serializer engines.
14:34:28.130 [main] INFO  f.i.s.repairnator.pipeline.Launcher - MongoDB won't be used for serialization.
14:34:28.130 [main] INFO  f.i.s.repairnator.pipeline.Launcher - The email notifier engine won't be used.
14:34:28.134 [main] INFO  f.i.s.repairnator.pipeline.Launcher - Start by getting the build (buildId: 348372853) with the following config: RepairnatorConfig{runId='48c73b9c-1328-499c-ba34-dd1c2d05cb62_03-18-week1-FAILING_AND_PASSING', launcherMode=BEARS, serializeJson=true, inputPath='null', outputPath='/var/log', mongodbHost='null', mongodbName='repairnator', smtpServer='null', notifyTo=[], notifyEndProcess=false, push=true, pushRemoteRepo='https://github.com/fermadeiral/bears-collection-fp', fork=false, lookFromDate=null, lookToDate=null, buildId=348372853, z3solverPath='./z3_for_linux', workspacePath='./workspace', githubToken='c8a341a903[...]', dockerImageName='null', skipDelete=false, createOutputDir=false, logDirectory='null', nbThreads=0, globalTimeout=0, whiteList=null, blackList=null, jobSleepTime=0, buildSleepTime=0, maxInspectedBuilds=0, duration=null, humanPatch=false, repository='null', clean=true, bearsMode=BOTH, bearsDelimiter = false, repairTools=NopolAllTests,NPEFix,AssertFixer,AstorJGenProg,AstorJKali,NopolSingleTest,AstorJMut,NopolTestExclusionStrategy, githubUserName= fermadeiral, githubUserEmail=fer.madeiral@gmail.com}
14:34:29.489 [main] DEBUG fr.inria.jtravis.helpers.BuildHelper - Get request to :https://api.travis-ci.org/build/348372853 done after 791 ms
14:34:29.736 [main] DEBUG fr.inria.jtravis.helpers.BuildHelper - Get request to :https://api.travis-ci.org/build/348469329 done after 144 ms
14:34:29.747 [main] INFO  f.i.s.repairnator.pipeline.Launcher - The patched build (348469329) was successfully retrieved from Travis.
14:34:30.817 [main] INFO  fr.inria.jtravis.JTravis - GitHub ratelimit: Limit: 5000 Remaining: 4939 Reset hour: 19:28:10
14:34:31.356 [main] INFO  f.i.s.r.p.i.ProjectInspector - ----------------------------------------------------------------------
14:34:31.356 [main] INFO  f.i.s.r.p.i.ProjectInspector - PIPELINE STEPS
14:34:31.356 [main] INFO  f.i.s.r.p.i.ProjectInspector - ----------------------------------------------------------------------
14:34:31.356 [main] INFO  f.i.s.r.p.i.ProjectInspector - CloneRepository
14:34:31.356 [main] INFO  f.i.s.r.p.i.ProjectInspector - CheckoutBuggyBuildCandidate
14:34:31.357 [main] INFO  f.i.s.r.p.i.ProjectInspector - ComputeSourceDir
14:34:31.357 [main] INFO  f.i.s.r.p.i.ProjectInspector - ComputeTestDir
14:34:31.357 [main] INFO  f.i.s.r.p.i.ProjectInspector - BuildProjectBuggyBuildCandidate
14:34:31.357 [main] INFO  f.i.s.r.p.i.ProjectInspector - TestProjectBuggyBuildCandidate
14:34:31.357 [main] INFO  f.i.s.r.p.i.ProjectInspector - GatherTestInformationBuggyBuildCandidate
14:34:31.358 [main] INFO  f.i.s.r.p.i.ProjectInspector - InitRepoToPush
14:34:31.358 [main] INFO  f.i.s.r.p.i.ProjectInspector - ComputeClasspath
14:34:31.358 [main] INFO  f.i.s.r.p.i.ProjectInspector - ComputeModules
14:34:31.358 [main] INFO  f.i.s.r.p.i.ProjectInspector - CheckoutPatchedBuildCandidate
14:34:31.358 [main] INFO  f.i.s.r.p.i.ProjectInspector - BuildProjectPatchedBuildCandidate
14:34:31.359 [main] INFO  f.i.s.r.p.i.ProjectInspector - TestProjectPatchedBuildCandidate
14:34:31.359 [main] INFO  f.i.s.r.p.i.ProjectInspector - GatherTestInformationPatchedBuildCandidate
14:34:31.359 [main] INFO  f.i.s.r.p.i.ProjectInspector - CommitPatch
14:34:31.359 [main] INFO  f.i.s.r.p.i.ProjectInspector - WritePropertyFile
14:34:31.359 [main] INFO  f.i.s.r.p.i.ProjectInspector - CommitProcessEnd
14:34:31.359 [main] INFO  f.i.s.r.p.i.ProjectInspector - PushProcessEnd
14:34:31.360 [main] DEBUG f.i.s.r.process.step.CloneRepository - ----------------------------------------------------------------------
14:34:31.360 [main] DEBUG f.i.s.r.process.step.CloneRepository - STEP 1/18: CloneRepository
14:34:31.360 [main] DEBUG f.i.s.r.process.step.CloneRepository - ----------------------------------------------------------------------
14:34:31.361 [main] DEBUG f.i.s.r.process.step.CloneRepository - Cloning repository apache/flink in the following directory: ./workspace/apache/flink/348372853
14:35:30.685 [main] DEBUG f.i.s.r.process.step.CloneRepository - STEP STATUS: [ CloneRepository : SUCCESS ]
14:35:30.686 [main] DEBUG f.i.s.r.process.step.CloneRepository - STEP DURATION: 59s
14:35:30.686 [main] DEBUG f.i.s.r.process.step.CloneRepository - EXECUTE NEXT STEP
14:35:30.686 [main] DEBUG f.i.s.r.p.s.c.CheckoutBuggyBuild - ----------------------------------------------------------------------
14:35:30.687 [main] DEBUG f.i.s.r.p.s.c.CheckoutBuggyBuild - STEP 2/18: CheckoutBuggyBuildCandidate
14:35:30.687 [main] DEBUG f.i.s.r.p.s.c.CheckoutBuggyBuild - ----------------------------------------------------------------------
14:35:30.687 [main] DEBUG f.i.s.r.p.s.c.CheckoutBuggyBuild - Checking out buggy build candidate...
14:35:31.014 [main] INFO  fr.inria.jtravis.JTravis - GitHub ratelimit: Limit: 5000 Remaining: 4938 Reset hour: 19:28:10
14:35:34.150 [main] DEBUG f.i.s.r.p.s.c.CheckoutBuggyBuild - Reproduce the PR for apache/flink by fetching remote branch and merging.
14:35:37.759 [main] ERROR f.i.s.r.p.s.c.CheckoutBuggyBuild - Error while testing commit: org.eclipse.jgit.errors.MissingObjectException: Missing unknown 0475dc343f0fa703bcf82a585482bdd15ae168ea
14:35:37.760 [main] ERROR f.i.s.r.p.s.c.CheckoutBuggyBuild - Commit head ref cannot be retrieved from the repository: 0475dc343f0fa703bcf82a585482bdd15ae168ea. Operation aborted.
14:35:37.760 [main] ERROR f.i.s.r.p.s.c.CheckoutBuggyBuild - Error while merging two commits to reproduce the PR.
14:35:37.762 [main] DEBUG f.i.s.r.p.s.c.CheckoutBuggyBuild - STEP STATUS: [ CheckoutBuggyBuildCandidate : FAILURE ( BUILDNOTCHECKEDOUT ) ]
14:35:37.762 [main] DEBUG f.i.s.r.p.s.c.CheckoutBuggyBuild - STEP DURATION: 7s
14:35:37.762 [main] DEBUG f.i.s.r.p.s.c.CheckoutBuggyBuild - TERMINATE PIPELINE
14:35:37.763 [main] DEBUG f.i.s.r.p.s.c.CheckoutBuggyBuild - FINAL STEPS SKIPPED: The reproduction of the bug and/or the patch failed.
14:35:37.763 [main] INFO  f.i.s.r.p.s.c.CheckoutBuggyBuild - Serialize all data for the pair of builds 348372853, 348469329
14:35:37.881 [main] INFO  fr.inria.jtravis.JTravis - GitHub ratelimit: Limit: 5000 Remaining: 4931 Reset hour: 19:28:10
14:35:39.558 [main] INFO  f.i.s.r.p.i.ProjectInspector - ----------------------------------------------------------------------
14:35:39.558 [main] INFO  f.i.s.r.p.i.ProjectInspector - PIPELINE EXECUTION SUMMARY
14:35:39.558 [main] INFO  f.i.s.r.p.i.ProjectInspector - ----------------------------------------------------------------------
14:35:39.559 [main] INFO  f.i.s.r.p.i.ProjectInspector - CloneRepository.......................................SUCCESS [ 59 s ]
14:35:39.559 [main] INFO  f.i.s.r.p.i.ProjectInspector - CheckoutBuggyBuildCandidate...........................FAILURE [  7 s ]
14:35:39.559 [main] INFO  f.i.s.r.p.i.ProjectInspector - ComputeSourceDir......................................NOT RUN         
14:35:39.559 [main] INFO  f.i.s.r.p.i.ProjectInspector - ComputeTestDir........................................NOT RUN         
14:35:39.559 [main] INFO  f.i.s.r.p.i.ProjectInspector - BuildProjectBuggyBuildCandidate.......................NOT RUN         
14:35:39.560 [main] INFO  f.i.s.r.p.i.ProjectInspector - TestProjectBuggyBuildCandidate........................NOT RUN         
14:35:39.561 [main] INFO  f.i.s.r.p.i.ProjectInspector - GatherTestInformationBuggyBuildCandidate..............NOT RUN         
14:35:39.561 [main] INFO  f.i.s.r.p.i.ProjectInspector - InitRepoToPush........................................NOT RUN         
14:35:39.561 [main] INFO  f.i.s.r.p.i.ProjectInspector - ComputeClasspath......................................NOT RUN         
14:35:39.561 [main] INFO  f.i.s.r.p.i.ProjectInspector - ComputeModules........................................NOT RUN         
14:35:39.561 [main] INFO  f.i.s.r.p.i.ProjectInspector - CheckoutPatchedBuildCandidate.........................NOT RUN         
14:35:39.562 [main] INFO  f.i.s.r.p.i.ProjectInspector - BuildProjectPatchedBuildCandidate.....................NOT RUN         
14:35:39.562 [main] INFO  f.i.s.r.p.i.ProjectInspector - TestProjectPatchedBuildCandidate......................NOT RUN         
14:35:39.562 [main] INFO  f.i.s.r.p.i.ProjectInspector - GatherTestInformationPatchedBuildCandidate............NOT RUN         
14:35:39.562 [main] INFO  f.i.s.r.p.i.ProjectInspector - CommitPatch...........................................NOT RUN         
14:35:39.563 [main] INFO  f.i.s.r.p.i.ProjectInspector - WritePropertyFile.....................................NOT RUN         
14:35:39.563 [main] INFO  f.i.s.r.p.i.ProjectInspector - CommitProcessEnd......................................NOT RUN         
14:35:39.563 [main] INFO  f.i.s.r.p.i.ProjectInspector - PushProcessEnd........................................NOT RUN         
14:35:39.563 [main] INFO  f.i.s.r.p.i.ProjectInspector - ----------------------------------------------------------------------
14:35:39.563 [main] INFO  f.i.s.r.p.i.ProjectInspector - PIPELINE FINDING: BUILDNOTCHECKEDOUT
14:35:39.563 [main] INFO  f.i.s.r.p.i.ProjectInspector - ----------------------------------------------------------------------
14:35:39.563 [main] INFO  f.i.s.repairnator.pipeline.Launcher - Inspector is finished. The process will exit now.
