20:59:01.414 [main] INFO  f.i.s.repairnator.pipeline.Launcher - PIPELINE VERSION: 3.0-2018-08-09 19:04
20:59:01.582 [main] INFO  f.i.s.repairnator.pipeline.Launcher - The pipeline will try to reproduce a bug from build 349733823 and its corresponding patch from build 350120122
20:59:01.582 [main] INFO  f.i.s.repairnator.pipeline.Launcher - Initialize file serializer engines.
20:59:01.584 [main] INFO  f.i.s.repairnator.pipeline.Launcher - MongoDB won't be used for serialization.
20:59:01.585 [main] INFO  f.i.s.repairnator.pipeline.Launcher - The email notifier engine won't be used.
20:59:01.588 [main] INFO  f.i.s.repairnator.pipeline.Launcher - Start by getting the build (buildId: 349733823) with the following config: RepairnatorConfig{runId='48c73b9c-1328-499c-ba34-dd1c2d05cb62_03-18-week1-FAILING_AND_PASSING', launcherMode=BEARS, serializeJson=true, inputPath='null', outputPath='/var/log', mongodbHost='null', mongodbName='repairnator', smtpServer='null', notifyTo=[], notifyEndProcess=false, push=true, pushRemoteRepo='https://github.com/fermadeiral/bears-collection-fp', fork=false, lookFromDate=null, lookToDate=null, buildId=349733823, z3solverPath='./z3_for_linux', workspacePath='./workspace', githubToken='c8a341a903[...]', dockerImageName='null', skipDelete=false, createOutputDir=false, logDirectory='null', nbThreads=0, globalTimeout=0, whiteList=null, blackList=null, jobSleepTime=0, buildSleepTime=0, maxInspectedBuilds=0, duration=null, humanPatch=false, repository='null', clean=true, bearsMode=BOTH, bearsDelimiter = false, repairTools=NopolAllTests,NPEFix,AssertFixer,AstorJGenProg,AstorJKali,NopolSingleTest,AstorJMut,NopolTestExclusionStrategy, githubUserName= fermadeiral, githubUserEmail=fer.madeiral@gmail.com}
20:59:02.939 [main] DEBUG fr.inria.jtravis.helpers.BuildHelper - Get request to :https://api.travis-ci.org/build/349733823 done after 758 ms
20:59:03.260 [main] DEBUG fr.inria.jtravis.helpers.BuildHelper - Get request to :https://api.travis-ci.org/build/350120122 done after 131 ms
20:59:03.281 [main] INFO  f.i.s.repairnator.pipeline.Launcher - The patched build (350120122) was successfully retrieved from Travis.
20:59:05.081 [main] INFO  fr.inria.jtravis.JTravis - GitHub ratelimit: Limit: 5000 Remaining: 4813 Reset hour: 19:28:32
20:59:05.335 [main] INFO  f.i.s.r.p.i.ProjectInspector - ----------------------------------------------------------------------
20:59:05.335 [main] INFO  f.i.s.r.p.i.ProjectInspector - PIPELINE STEPS
20:59:05.335 [main] INFO  f.i.s.r.p.i.ProjectInspector - ----------------------------------------------------------------------
20:59:05.335 [main] INFO  f.i.s.r.p.i.ProjectInspector - CloneRepository
20:59:05.336 [main] INFO  f.i.s.r.p.i.ProjectInspector - CheckoutBuggyBuildCandidate
20:59:05.336 [main] INFO  f.i.s.r.p.i.ProjectInspector - ComputeSourceDir
20:59:05.336 [main] INFO  f.i.s.r.p.i.ProjectInspector - ComputeTestDir
20:59:05.336 [main] INFO  f.i.s.r.p.i.ProjectInspector - BuildProjectBuggyBuildCandidate
20:59:05.336 [main] INFO  f.i.s.r.p.i.ProjectInspector - TestProjectBuggyBuildCandidate
20:59:05.337 [main] INFO  f.i.s.r.p.i.ProjectInspector - GatherTestInformationBuggyBuildCandidate
20:59:05.337 [main] INFO  f.i.s.r.p.i.ProjectInspector - InitRepoToPush
20:59:05.337 [main] INFO  f.i.s.r.p.i.ProjectInspector - ComputeClasspath
20:59:05.337 [main] INFO  f.i.s.r.p.i.ProjectInspector - ComputeModules
20:59:05.337 [main] INFO  f.i.s.r.p.i.ProjectInspector - CheckoutPatchedBuildCandidate
20:59:05.338 [main] INFO  f.i.s.r.p.i.ProjectInspector - BuildProjectPatchedBuildCandidate
20:59:05.338 [main] INFO  f.i.s.r.p.i.ProjectInspector - TestProjectPatchedBuildCandidate
20:59:05.338 [main] INFO  f.i.s.r.p.i.ProjectInspector - GatherTestInformationPatchedBuildCandidate
20:59:05.338 [main] INFO  f.i.s.r.p.i.ProjectInspector - CommitPatch
20:59:05.338 [main] INFO  f.i.s.r.p.i.ProjectInspector - WritePropertyFile
20:59:05.339 [main] INFO  f.i.s.r.p.i.ProjectInspector - CommitProcessEnd
20:59:05.339 [main] INFO  f.i.s.r.p.i.ProjectInspector - PushProcessEnd
20:59:05.339 [main] DEBUG f.i.s.r.process.step.CloneRepository - ----------------------------------------------------------------------
20:59:05.339 [main] DEBUG f.i.s.r.process.step.CloneRepository - STEP 1/18: CloneRepository
20:59:05.340 [main] DEBUG f.i.s.r.process.step.CloneRepository - ----------------------------------------------------------------------
20:59:05.340 [main] DEBUG f.i.s.r.process.step.CloneRepository - Cloning repository apache/incubator-servicecomb-java-chassis in the following directory: ./workspace/apache/incubator-servicecomb-java-chassis/349733823
20:59:16.577 [main] DEBUG f.i.s.r.process.step.CloneRepository - STEP STATUS: [ CloneRepository : SUCCESS ]
20:59:16.578 [main] DEBUG f.i.s.r.process.step.CloneRepository - STEP DURATION: 11s
20:59:16.579 [main] DEBUG f.i.s.r.process.step.CloneRepository - EXECUTE NEXT STEP
20:59:16.579 [main] DEBUG f.i.s.r.p.s.c.CheckoutBuggyBuild - ----------------------------------------------------------------------
20:59:16.579 [main] DEBUG f.i.s.r.p.s.c.CheckoutBuggyBuild - STEP 2/18: CheckoutBuggyBuildCandidate
20:59:16.580 [main] DEBUG f.i.s.r.p.s.c.CheckoutBuggyBuild - ----------------------------------------------------------------------
20:59:16.580 [main] DEBUG f.i.s.r.p.s.c.CheckoutBuggyBuild - Checking out buggy build candidate...
20:59:16.931 [main] INFO  fr.inria.jtravis.JTravis - GitHub ratelimit: Limit: 5000 Remaining: 4810 Reset hour: 19:28:32
20:59:19.055 [main] DEBUG f.i.s.r.p.s.c.CheckoutBuggyBuild - Reproduce the PR for apache/incubator-servicecomb-java-chassis by fetching remote branch and merging.
20:59:20.222 [main] ERROR f.i.s.r.p.s.c.CheckoutBuggyBuild - Error while testing commit: org.eclipse.jgit.errors.MissingObjectException: Missing unknown fee27f13ee5450351cf7a81f0c8435ac7485bfb3
20:59:20.223 [main] ERROR f.i.s.r.p.s.c.CheckoutBuggyBuild - Commit head ref cannot be retrieved from the repository: fee27f13ee5450351cf7a81f0c8435ac7485bfb3. Operation aborted.
20:59:20.223 [main] ERROR f.i.s.r.p.s.c.CheckoutBuggyBuild - Error while merging two commits to reproduce the PR.
20:59:20.225 [main] DEBUG f.i.s.r.p.s.c.CheckoutBuggyBuild - STEP STATUS: [ CheckoutBuggyBuildCandidate : FAILURE ( BUILDNOTCHECKEDOUT ) ]
20:59:20.225 [main] DEBUG f.i.s.r.p.s.c.CheckoutBuggyBuild - STEP DURATION: 3s
20:59:20.225 [main] DEBUG f.i.s.r.p.s.c.CheckoutBuggyBuild - TERMINATE PIPELINE
20:59:20.225 [main] DEBUG f.i.s.r.p.s.c.CheckoutBuggyBuild - FINAL STEPS SKIPPED: The reproduction of the bug and/or the patch failed.
20:59:20.226 [main] INFO  f.i.s.r.p.s.c.CheckoutBuggyBuild - Serialize all data for the pair of builds 349733823, 350120122
20:59:20.354 [main] INFO  fr.inria.jtravis.JTravis - GitHub ratelimit: Limit: 5000 Remaining: 4801 Reset hour: 19:28:32
20:59:21.300 [main] INFO  f.i.s.r.p.i.ProjectInspector - ----------------------------------------------------------------------
20:59:21.301 [main] INFO  f.i.s.r.p.i.ProjectInspector - PIPELINE EXECUTION SUMMARY
20:59:21.301 [main] INFO  f.i.s.r.p.i.ProjectInspector - ----------------------------------------------------------------------
20:59:21.301 [main] INFO  f.i.s.r.p.i.ProjectInspector - CloneRepository.......................................SUCCESS [ 11 s ]
20:59:21.301 [main] INFO  f.i.s.r.p.i.ProjectInspector - CheckoutBuggyBuildCandidate...........................FAILURE [  3 s ]
20:59:21.301 [main] INFO  f.i.s.r.p.i.ProjectInspector - ComputeSourceDir......................................NOT RUN         
20:59:21.302 [main] INFO  f.i.s.r.p.i.ProjectInspector - ComputeTestDir........................................NOT RUN         
20:59:21.302 [main] INFO  f.i.s.r.p.i.ProjectInspector - BuildProjectBuggyBuildCandidate.......................NOT RUN         
20:59:21.302 [main] INFO  f.i.s.r.p.i.ProjectInspector - TestProjectBuggyBuildCandidate........................NOT RUN         
20:59:21.302 [main] INFO  f.i.s.r.p.i.ProjectInspector - GatherTestInformationBuggyBuildCandidate..............NOT RUN         
20:59:21.303 [main] INFO  f.i.s.r.p.i.ProjectInspector - InitRepoToPush........................................NOT RUN         
20:59:21.303 [main] INFO  f.i.s.r.p.i.ProjectInspector - ComputeClasspath......................................NOT RUN         
20:59:21.303 [main] INFO  f.i.s.r.p.i.ProjectInspector - ComputeModules........................................NOT RUN         
20:59:21.303 [main] INFO  f.i.s.r.p.i.ProjectInspector - CheckoutPatchedBuildCandidate.........................NOT RUN         
20:59:21.304 [main] INFO  f.i.s.r.p.i.ProjectInspector - BuildProjectPatchedBuildCandidate.....................NOT RUN         
20:59:21.304 [main] INFO  f.i.s.r.p.i.ProjectInspector - TestProjectPatchedBuildCandidate......................NOT RUN         
20:59:21.304 [main] INFO  f.i.s.r.p.i.ProjectInspector - GatherTestInformationPatchedBuildCandidate............NOT RUN         
20:59:21.304 [main] INFO  f.i.s.r.p.i.ProjectInspector - CommitPatch...........................................NOT RUN         
20:59:21.305 [main] INFO  f.i.s.r.p.i.ProjectInspector - WritePropertyFile.....................................NOT RUN         
20:59:21.305 [main] INFO  f.i.s.r.p.i.ProjectInspector - CommitProcessEnd......................................NOT RUN         
20:59:21.305 [main] INFO  f.i.s.r.p.i.ProjectInspector - PushProcessEnd........................................NOT RUN         
20:59:21.305 [main] INFO  f.i.s.r.p.i.ProjectInspector - ----------------------------------------------------------------------
20:59:21.306 [main] INFO  f.i.s.r.p.i.ProjectInspector - PIPELINE FINDING: BUILDNOTCHECKEDOUT
20:59:21.306 [main] INFO  f.i.s.r.p.i.ProjectInspector - ----------------------------------------------------------------------
20:59:21.306 [main] INFO  f.i.s.repairnator.pipeline.Launcher - Inspector is finished. The process will exit now.
