00:47:08.753 [main] INFO  f.i.s.repairnator.pipeline.Launcher - PIPELINE VERSION: 3.0-2018-08-09 19:04
00:47:08.873 [main] INFO  f.i.s.repairnator.pipeline.Launcher - The pipeline will try to reproduce a bug from build 347741050 and its corresponding patch from build 348178009
00:47:08.874 [main] INFO  f.i.s.repairnator.pipeline.Launcher - Initialize file serializer engines.
00:47:08.876 [main] INFO  f.i.s.repairnator.pipeline.Launcher - MongoDB won't be used for serialization.
00:47:08.876 [main] INFO  f.i.s.repairnator.pipeline.Launcher - The email notifier engine won't be used.
00:47:08.879 [main] INFO  f.i.s.repairnator.pipeline.Launcher - Start by getting the build (buildId: 347741050) with the following config: RepairnatorConfig{runId='48c73b9c-1328-499c-ba34-dd1c2d05cb62_03-18-week1-FAILING_AND_PASSING', launcherMode=BEARS, serializeJson=true, inputPath='null', outputPath='/var/log', mongodbHost='null', mongodbName='repairnator', smtpServer='null', notifyTo=[], notifyEndProcess=false, push=true, pushRemoteRepo='https://github.com/fermadeiral/bears-collection-fp', fork=false, lookFromDate=null, lookToDate=null, buildId=347741050, z3solverPath='./z3_for_linux', workspacePath='./workspace', githubToken='c8a341a903[...]', dockerImageName='null', skipDelete=false, createOutputDir=false, logDirectory='null', nbThreads=0, globalTimeout=0, whiteList=null, blackList=null, jobSleepTime=0, buildSleepTime=0, maxInspectedBuilds=0, duration=null, humanPatch=false, repository='null', clean=true, bearsMode=BOTH, bearsDelimiter = false, repairTools=NopolAllTests,NPEFix,AssertFixer,AstorJGenProg,AstorJKali,NopolSingleTest,AstorJMut,NopolTestExclusionStrategy, githubUserName= fermadeiral, githubUserEmail=fer.madeiral@gmail.com}
00:47:10.111 [main] DEBUG fr.inria.jtravis.helpers.BuildHelper - Get request to :https://api.travis-ci.org/build/347741050 done after 845 ms
00:47:10.406 [main] DEBUG fr.inria.jtravis.helpers.BuildHelper - Get request to :https://api.travis-ci.org/build/348178009 done after 157 ms
00:47:10.426 [main] INFO  f.i.s.repairnator.pipeline.Launcher - The patched build (348178009) was successfully retrieved from Travis.
00:47:11.690 [main] INFO  fr.inria.jtravis.JTravis - GitHub ratelimit: Limit: 5000 Remaining: 4854 Reset hour: 19:28:44
00:47:11.952 [main] INFO  f.i.s.r.p.i.ProjectInspector - ----------------------------------------------------------------------
00:47:11.953 [main] INFO  f.i.s.r.p.i.ProjectInspector - PIPELINE STEPS
00:47:11.953 [main] INFO  f.i.s.r.p.i.ProjectInspector - ----------------------------------------------------------------------
00:47:11.953 [main] INFO  f.i.s.r.p.i.ProjectInspector - CloneRepository
00:47:11.953 [main] INFO  f.i.s.r.p.i.ProjectInspector - CheckoutBuggyBuildCandidate
00:47:11.954 [main] INFO  f.i.s.r.p.i.ProjectInspector - ComputeSourceDir
00:47:11.954 [main] INFO  f.i.s.r.p.i.ProjectInspector - ComputeTestDir
00:47:11.954 [main] INFO  f.i.s.r.p.i.ProjectInspector - BuildProjectBuggyBuildCandidate
00:47:11.954 [main] INFO  f.i.s.r.p.i.ProjectInspector - TestProjectBuggyBuildCandidate
00:47:11.955 [main] INFO  f.i.s.r.p.i.ProjectInspector - GatherTestInformationBuggyBuildCandidate
00:47:11.955 [main] INFO  f.i.s.r.p.i.ProjectInspector - InitRepoToPush
00:47:11.955 [main] INFO  f.i.s.r.p.i.ProjectInspector - ComputeClasspath
00:47:11.955 [main] INFO  f.i.s.r.p.i.ProjectInspector - ComputeModules
00:47:11.955 [main] INFO  f.i.s.r.p.i.ProjectInspector - CheckoutPatchedBuildCandidate
00:47:11.956 [main] INFO  f.i.s.r.p.i.ProjectInspector - BuildProjectPatchedBuildCandidate
00:47:11.956 [main] INFO  f.i.s.r.p.i.ProjectInspector - TestProjectPatchedBuildCandidate
00:47:11.956 [main] INFO  f.i.s.r.p.i.ProjectInspector - GatherTestInformationPatchedBuildCandidate
00:47:11.956 [main] INFO  f.i.s.r.p.i.ProjectInspector - CommitPatch
00:47:11.956 [main] INFO  f.i.s.r.p.i.ProjectInspector - WritePropertyFile
00:47:11.957 [main] INFO  f.i.s.r.p.i.ProjectInspector - CommitProcessEnd
00:47:11.957 [main] INFO  f.i.s.r.p.i.ProjectInspector - PushProcessEnd
00:47:11.957 [main] DEBUG f.i.s.r.process.step.CloneRepository - ----------------------------------------------------------------------
00:47:11.957 [main] DEBUG f.i.s.r.process.step.CloneRepository - STEP 1/18: CloneRepository
00:47:11.958 [main] DEBUG f.i.s.r.process.step.CloneRepository - ----------------------------------------------------------------------
00:47:11.958 [main] DEBUG f.i.s.r.process.step.CloneRepository - Cloning repository datastax/java-driver in the following directory: ./workspace/datastax/java-driver/347741050
00:47:27.727 [main] DEBUG f.i.s.r.process.step.CloneRepository - STEP STATUS: [ CloneRepository : SUCCESS ]
00:47:27.728 [main] DEBUG f.i.s.r.process.step.CloneRepository - STEP DURATION: 15s
00:47:27.728 [main] DEBUG f.i.s.r.process.step.CloneRepository - EXECUTE NEXT STEP
00:47:27.728 [main] DEBUG f.i.s.r.p.s.c.CheckoutBuggyBuild - ----------------------------------------------------------------------
00:47:27.728 [main] DEBUG f.i.s.r.p.s.c.CheckoutBuggyBuild - STEP 2/18: CheckoutBuggyBuildCandidate
00:47:27.729 [main] DEBUG f.i.s.r.p.s.c.CheckoutBuggyBuild - ----------------------------------------------------------------------
00:47:27.729 [main] DEBUG f.i.s.r.p.s.c.CheckoutBuggyBuild - Checking out buggy build candidate...
00:47:27.744 [main] ERROR f.i.s.r.p.s.c.CheckoutBuggyBuild - Error while testing commit: org.eclipse.jgit.errors.MissingObjectException: Missing unknown 5116f1771e9205564593a077eb97ad23a90b742f
00:47:27.744 [main] ERROR f.i.s.r.p.s.c.CheckoutBuggyBuild - Error while getting the commit to checkout from the repo.
00:47:27.745 [main] DEBUG f.i.s.r.p.s.c.CheckoutBuggyBuild - STEP STATUS: [ CheckoutBuggyBuildCandidate : FAILURE ( BUILDNOTCHECKEDOUT ) ]
00:47:27.747 [main] DEBUG f.i.s.r.p.s.c.CheckoutBuggyBuild - STEP DURATION: 0s
00:47:27.747 [main] DEBUG f.i.s.r.p.s.c.CheckoutBuggyBuild - TERMINATE PIPELINE
00:47:27.747 [main] DEBUG f.i.s.r.p.s.c.CheckoutBuggyBuild - FINAL STEPS SKIPPED: The reproduction of the bug and/or the patch failed.
00:47:27.748 [main] INFO  f.i.s.r.p.s.c.CheckoutBuggyBuild - Serialize all data for the pair of builds 347741050, 348178009
00:47:28.065 [main] INFO  fr.inria.jtravis.JTravis - GitHub ratelimit: Limit: 5000 Remaining: 4853 Reset hour: 19:28:44
00:47:28.850 [main] INFO  f.i.s.r.p.i.ProjectInspector - ----------------------------------------------------------------------
00:47:28.851 [main] INFO  f.i.s.r.p.i.ProjectInspector - PIPELINE EXECUTION SUMMARY
00:47:28.851 [main] INFO  f.i.s.r.p.i.ProjectInspector - ----------------------------------------------------------------------
00:47:28.851 [main] INFO  f.i.s.r.p.i.ProjectInspector - CloneRepository.......................................SUCCESS [ 15 s ]
00:47:28.851 [main] INFO  f.i.s.r.p.i.ProjectInspector - CheckoutBuggyBuildCandidate...........................FAILURE [  0 s ]
00:47:28.852 [main] INFO  f.i.s.r.p.i.ProjectInspector - ComputeSourceDir......................................NOT RUN         
00:47:28.852 [main] INFO  f.i.s.r.p.i.ProjectInspector - ComputeTestDir........................................NOT RUN         
00:47:28.852 [main] INFO  f.i.s.r.p.i.ProjectInspector - BuildProjectBuggyBuildCandidate.......................NOT RUN         
00:47:28.852 [main] INFO  f.i.s.r.p.i.ProjectInspector - TestProjectBuggyBuildCandidate........................NOT RUN         
00:47:28.852 [main] INFO  f.i.s.r.p.i.ProjectInspector - GatherTestInformationBuggyBuildCandidate..............NOT RUN         
00:47:28.852 [main] INFO  f.i.s.r.p.i.ProjectInspector - InitRepoToPush........................................NOT RUN         
00:47:28.853 [main] INFO  f.i.s.r.p.i.ProjectInspector - ComputeClasspath......................................NOT RUN         
00:47:28.853 [main] INFO  f.i.s.r.p.i.ProjectInspector - ComputeModules........................................NOT RUN         
00:47:28.853 [main] INFO  f.i.s.r.p.i.ProjectInspector - CheckoutPatchedBuildCandidate.........................NOT RUN         
00:47:28.853 [main] INFO  f.i.s.r.p.i.ProjectInspector - BuildProjectPatchedBuildCandidate.....................NOT RUN         
00:47:28.853 [main] INFO  f.i.s.r.p.i.ProjectInspector - TestProjectPatchedBuildCandidate......................NOT RUN         
00:47:28.853 [main] INFO  f.i.s.r.p.i.ProjectInspector - GatherTestInformationPatchedBuildCandidate............NOT RUN         
00:47:28.854 [main] INFO  f.i.s.r.p.i.ProjectInspector - CommitPatch...........................................NOT RUN         
00:47:28.854 [main] INFO  f.i.s.r.p.i.ProjectInspector - WritePropertyFile.....................................NOT RUN         
00:47:28.854 [main] INFO  f.i.s.r.p.i.ProjectInspector - CommitProcessEnd......................................NOT RUN         
00:47:28.854 [main] INFO  f.i.s.r.p.i.ProjectInspector - PushProcessEnd........................................NOT RUN         
00:47:28.854 [main] INFO  f.i.s.r.p.i.ProjectInspector - ----------------------------------------------------------------------
00:47:28.855 [main] INFO  f.i.s.r.p.i.ProjectInspector - PIPELINE FINDING: BUILDNOTCHECKEDOUT
00:47:28.856 [main] INFO  f.i.s.r.p.i.ProjectInspector - ----------------------------------------------------------------------
00:47:28.856 [main] INFO  f.i.s.repairnator.pipeline.Launcher - Inspector is finished. The process will exit now.
