20:56:08.736 [main] INFO  f.i.s.repairnator.pipeline.Launcher - PIPELINE VERSION: 3.0-2018-08-09 19:04
20:56:08.932 [main] INFO  f.i.s.repairnator.pipeline.Launcher - The pipeline will try to reproduce a bug from build 348409750 and its corresponding patch from build 348411906
20:56:08.933 [main] INFO  f.i.s.repairnator.pipeline.Launcher - Initialize file serializer engines.
20:56:08.935 [main] INFO  f.i.s.repairnator.pipeline.Launcher - MongoDB won't be used for serialization.
20:56:08.935 [main] INFO  f.i.s.repairnator.pipeline.Launcher - The email notifier engine won't be used.
20:56:08.939 [main] INFO  f.i.s.repairnator.pipeline.Launcher - Start by getting the build (buildId: 348409750) with the following config: RepairnatorConfig{runId='48c73b9c-1328-499c-ba34-dd1c2d05cb62_03-18-week1-FAILING_AND_PASSING', launcherMode=BEARS, serializeJson=true, inputPath='null', outputPath='/var/log', mongodbHost='null', mongodbName='repairnator', smtpServer='null', notifyTo=[], notifyEndProcess=false, push=true, pushRemoteRepo='https://github.com/fermadeiral/bears-collection-fp', fork=false, lookFromDate=null, lookToDate=null, buildId=348409750, z3solverPath='./z3_for_linux', workspacePath='./workspace', githubToken='c8a341a903[...]', dockerImageName='null', skipDelete=false, createOutputDir=false, logDirectory='null', nbThreads=0, globalTimeout=0, whiteList=null, blackList=null, jobSleepTime=0, buildSleepTime=0, maxInspectedBuilds=0, duration=null, humanPatch=false, repository='null', clean=true, bearsMode=BOTH, bearsDelimiter = false, repairTools=NopolAllTests,NPEFix,AssertFixer,AstorJGenProg,AstorJKali,NopolSingleTest,AstorJMut,NopolTestExclusionStrategy, githubUserName= fermadeiral, githubUserEmail=fer.madeiral@gmail.com}
20:56:10.228 [main] DEBUG fr.inria.jtravis.helpers.BuildHelper - Get request to :https://api.travis-ci.org/build/348409750 done after 752 ms
20:56:10.507 [main] DEBUG fr.inria.jtravis.helpers.BuildHelper - Get request to :https://api.travis-ci.org/build/348411906 done after 133 ms
20:56:10.527 [main] INFO  f.i.s.repairnator.pipeline.Launcher - The patched build (348411906) was successfully retrieved from Travis.
20:56:11.915 [main] INFO  fr.inria.jtravis.JTravis - GitHub ratelimit: Limit: 5000 Remaining: 4851 Reset hour: 19:28:32
20:56:12.204 [main] INFO  f.i.s.r.p.i.ProjectInspector - ----------------------------------------------------------------------
20:56:12.204 [main] INFO  f.i.s.r.p.i.ProjectInspector - PIPELINE STEPS
20:56:12.204 [main] INFO  f.i.s.r.p.i.ProjectInspector - ----------------------------------------------------------------------
20:56:12.204 [main] INFO  f.i.s.r.p.i.ProjectInspector - CloneRepository
20:56:12.205 [main] INFO  f.i.s.r.p.i.ProjectInspector - CheckoutBuggyBuildCandidate
20:56:12.205 [main] INFO  f.i.s.r.p.i.ProjectInspector - ComputeSourceDir
20:56:12.205 [main] INFO  f.i.s.r.p.i.ProjectInspector - ComputeTestDir
20:56:12.205 [main] INFO  f.i.s.r.p.i.ProjectInspector - BuildProjectBuggyBuildCandidate
20:56:12.206 [main] INFO  f.i.s.r.p.i.ProjectInspector - TestProjectBuggyBuildCandidate
20:56:12.206 [main] INFO  f.i.s.r.p.i.ProjectInspector - GatherTestInformationBuggyBuildCandidate
20:56:12.206 [main] INFO  f.i.s.r.p.i.ProjectInspector - InitRepoToPush
20:56:12.206 [main] INFO  f.i.s.r.p.i.ProjectInspector - ComputeClasspath
20:56:12.207 [main] INFO  f.i.s.r.p.i.ProjectInspector - ComputeModules
20:56:12.207 [main] INFO  f.i.s.r.p.i.ProjectInspector - CheckoutPatchedBuildCandidate
20:56:12.207 [main] INFO  f.i.s.r.p.i.ProjectInspector - BuildProjectPatchedBuildCandidate
20:56:12.207 [main] INFO  f.i.s.r.p.i.ProjectInspector - TestProjectPatchedBuildCandidate
20:56:12.208 [main] INFO  f.i.s.r.p.i.ProjectInspector - GatherTestInformationPatchedBuildCandidate
20:56:12.208 [main] INFO  f.i.s.r.p.i.ProjectInspector - CommitPatch
20:56:12.208 [main] INFO  f.i.s.r.p.i.ProjectInspector - WritePropertyFile
20:56:12.208 [main] INFO  f.i.s.r.p.i.ProjectInspector - CommitProcessEnd
20:56:12.209 [main] INFO  f.i.s.r.p.i.ProjectInspector - PushProcessEnd
20:56:12.209 [main] DEBUG f.i.s.r.process.step.CloneRepository - ----------------------------------------------------------------------
20:56:12.210 [main] DEBUG f.i.s.r.process.step.CloneRepository - STEP 1/18: CloneRepository
20:56:12.211 [main] DEBUG f.i.s.r.process.step.CloneRepository - ----------------------------------------------------------------------
20:56:12.211 [main] DEBUG f.i.s.r.process.step.CloneRepository - Cloning repository batfish/batfish in the following directory: ./workspace/batfish/batfish/348409750
20:57:04.999 [main] DEBUG f.i.s.r.process.step.CloneRepository - STEP STATUS: [ CloneRepository : SUCCESS ]
20:57:05.000 [main] DEBUG f.i.s.r.process.step.CloneRepository - STEP DURATION: 52s
20:57:05.000 [main] DEBUG f.i.s.r.process.step.CloneRepository - EXECUTE NEXT STEP
20:57:05.000 [main] DEBUG f.i.s.r.p.s.c.CheckoutBuggyBuild - ----------------------------------------------------------------------
20:57:05.001 [main] DEBUG f.i.s.r.p.s.c.CheckoutBuggyBuild - STEP 2/18: CheckoutBuggyBuildCandidate
20:57:05.001 [main] DEBUG f.i.s.r.p.s.c.CheckoutBuggyBuild - ----------------------------------------------------------------------
20:57:05.001 [main] DEBUG f.i.s.r.p.s.c.CheckoutBuggyBuild - Checking out buggy build candidate...
20:57:05.019 [main] ERROR f.i.s.r.p.s.c.CheckoutBuggyBuild - Error while testing commit: org.eclipse.jgit.errors.MissingObjectException: Missing unknown 1e4175c38e711c79197e7e6acf2b69bf44eae1bb
20:57:05.020 [main] ERROR f.i.s.r.p.s.c.CheckoutBuggyBuild - Error while getting the commit to checkout from the repo.
20:57:05.022 [main] DEBUG f.i.s.r.p.s.c.CheckoutBuggyBuild - STEP STATUS: [ CheckoutBuggyBuildCandidate : FAILURE ( BUILDNOTCHECKEDOUT ) ]
20:57:05.022 [main] DEBUG f.i.s.r.p.s.c.CheckoutBuggyBuild - STEP DURATION: 0s
20:57:05.022 [main] DEBUG f.i.s.r.p.s.c.CheckoutBuggyBuild - TERMINATE PIPELINE
20:57:05.023 [main] DEBUG f.i.s.r.p.s.c.CheckoutBuggyBuild - FINAL STEPS SKIPPED: The reproduction of the bug and/or the patch failed.
20:57:05.024 [main] INFO  f.i.s.r.p.s.c.CheckoutBuggyBuild - Serialize all data for the pair of builds 348409750, 348411906
20:57:05.371 [main] INFO  fr.inria.jtravis.JTravis - GitHub ratelimit: Limit: 5000 Remaining: 4839 Reset hour: 19:28:32
20:57:06.704 [main] INFO  f.i.s.r.p.i.ProjectInspector - ----------------------------------------------------------------------
20:57:06.704 [main] INFO  f.i.s.r.p.i.ProjectInspector - PIPELINE EXECUTION SUMMARY
20:57:06.704 [main] INFO  f.i.s.r.p.i.ProjectInspector - ----------------------------------------------------------------------
20:57:06.705 [main] INFO  f.i.s.r.p.i.ProjectInspector - CloneRepository.......................................SUCCESS [ 52 s ]
20:57:06.705 [main] INFO  f.i.s.r.p.i.ProjectInspector - CheckoutBuggyBuildCandidate...........................FAILURE [  0 s ]
20:57:06.705 [main] INFO  f.i.s.r.p.i.ProjectInspector - ComputeSourceDir......................................NOT RUN         
20:57:06.705 [main] INFO  f.i.s.r.p.i.ProjectInspector - ComputeTestDir........................................NOT RUN         
20:57:06.705 [main] INFO  f.i.s.r.p.i.ProjectInspector - BuildProjectBuggyBuildCandidate.......................NOT RUN         
20:57:06.705 [main] INFO  f.i.s.r.p.i.ProjectInspector - TestProjectBuggyBuildCandidate........................NOT RUN         
20:57:06.705 [main] INFO  f.i.s.r.p.i.ProjectInspector - GatherTestInformationBuggyBuildCandidate..............NOT RUN         
20:57:06.705 [main] INFO  f.i.s.r.p.i.ProjectInspector - InitRepoToPush........................................NOT RUN         
20:57:06.706 [main] INFO  f.i.s.r.p.i.ProjectInspector - ComputeClasspath......................................NOT RUN         
20:57:06.706 [main] INFO  f.i.s.r.p.i.ProjectInspector - ComputeModules........................................NOT RUN         
20:57:06.706 [main] INFO  f.i.s.r.p.i.ProjectInspector - CheckoutPatchedBuildCandidate.........................NOT RUN         
20:57:06.706 [main] INFO  f.i.s.r.p.i.ProjectInspector - BuildProjectPatchedBuildCandidate.....................NOT RUN         
20:57:06.706 [main] INFO  f.i.s.r.p.i.ProjectInspector - TestProjectPatchedBuildCandidate......................NOT RUN         
20:57:06.706 [main] INFO  f.i.s.r.p.i.ProjectInspector - GatherTestInformationPatchedBuildCandidate............NOT RUN         
20:57:06.706 [main] INFO  f.i.s.r.p.i.ProjectInspector - CommitPatch...........................................NOT RUN         
20:57:06.706 [main] INFO  f.i.s.r.p.i.ProjectInspector - WritePropertyFile.....................................NOT RUN         
20:57:06.707 [main] INFO  f.i.s.r.p.i.ProjectInspector - CommitProcessEnd......................................NOT RUN         
20:57:06.707 [main] INFO  f.i.s.r.p.i.ProjectInspector - PushProcessEnd........................................NOT RUN         
20:57:06.707 [main] INFO  f.i.s.r.p.i.ProjectInspector - ----------------------------------------------------------------------
20:57:06.707 [main] INFO  f.i.s.r.p.i.ProjectInspector - PIPELINE FINDING: BUILDNOTCHECKEDOUT
20:57:06.707 [main] INFO  f.i.s.r.p.i.ProjectInspector - ----------------------------------------------------------------------
20:57:06.707 [main] INFO  f.i.s.repairnator.pipeline.Launcher - Inspector is finished. The process will exit now.
