06:06:40.036 [main] INFO  f.i.s.repairnator.pipeline.Launcher - PIPELINE VERSION: 3.0-2018-08-09 19:04
06:06:40.178 [main] INFO  f.i.s.repairnator.pipeline.Launcher - The pipeline will try to reproduce a bug from build 366882536 and its corresponding patch from build 367470345
06:06:40.179 [main] INFO  f.i.s.repairnator.pipeline.Launcher - Initialize file serializer engines.
06:06:40.181 [main] INFO  f.i.s.repairnator.pipeline.Launcher - MongoDB won't be used for serialization.
06:06:40.181 [main] INFO  f.i.s.repairnator.pipeline.Launcher - The email notifier engine won't be used.
06:06:40.183 [main] INFO  f.i.s.repairnator.pipeline.Launcher - Start by getting the build (buildId: 366882536) with the following config: RepairnatorConfig{runId='ad552a0f-88dd-4063-97e7-719040591c67_04-18-week3-PASSING_AND_PASSING', launcherMode=BEARS, serializeJson=true, inputPath='null', outputPath='/var/log', mongodbHost='null', mongodbName='repairnator', smtpServer='null', notifyTo=[], notifyEndProcess=false, push=true, pushRemoteRepo='https://github.com/fermadeiral/bears-collection-pp', fork=false, lookFromDate=null, lookToDate=null, buildId=366882536, z3solverPath='./z3_for_linux', workspacePath='./workspace', githubToken='c8a341a903[...]', dockerImageName='null', skipDelete=false, createOutputDir=false, logDirectory='null', nbThreads=0, globalTimeout=0, whiteList=null, blackList=null, jobSleepTime=0, buildSleepTime=0, maxInspectedBuilds=0, duration=null, humanPatch=false, repository='null', clean=true, bearsMode=BOTH, bearsDelimiter = false, repairTools=NopolAllTests,NPEFix,AssertFixer,AstorJGenProg,AstorJKali,NopolSingleTest,AstorJMut,NopolTestExclusionStrategy, githubUserName= fermadeiral, githubUserEmail=fer.madeiral@gmail.com}
06:06:42.300 [main] DEBUG fr.inria.jtravis.helpers.BuildHelper - Get request to :https://api.travis-ci.org/build/366882536 done after 1647 ms
06:06:42.574 [main] DEBUG fr.inria.jtravis.helpers.BuildHelper - Get request to :https://api.travis-ci.org/build/367470345 done after 139 ms
06:06:42.597 [main] INFO  f.i.s.repairnator.pipeline.Launcher - The patched build (367470345) was successfully retrieved from Travis.
06:06:44.068 [main] INFO  fr.inria.jtravis.JTravis - GitHub ratelimit: Limit: 5000 Remaining: 4575 Reset hour: 19:40:37
06:06:44.366 [main] INFO  f.i.s.r.p.i.ProjectInspector - ----------------------------------------------------------------------
06:06:44.367 [main] INFO  f.i.s.r.p.i.ProjectInspector - PIPELINE STEPS
06:06:44.367 [main] INFO  f.i.s.r.p.i.ProjectInspector - ----------------------------------------------------------------------
06:06:44.367 [main] INFO  f.i.s.r.p.i.ProjectInspector - CloneRepository
06:06:44.367 [main] INFO  f.i.s.r.p.i.ProjectInspector - CheckoutPatchedBuildCandidate
06:06:44.367 [main] INFO  f.i.s.r.p.i.ProjectInspector - ComputeSourceDir
06:06:44.367 [main] INFO  f.i.s.r.p.i.ProjectInspector - ComputeTestDir
06:06:44.368 [main] INFO  f.i.s.r.p.i.ProjectInspector - CheckoutBuggyBuildCandidateSourceCode
06:06:44.368 [main] INFO  f.i.s.r.p.i.ProjectInspector - BuildProjectBuggyBuildCandidateSourceCode
06:06:44.368 [main] INFO  f.i.s.r.p.i.ProjectInspector - TestProjectBuggyBuildCandidateSourceCode
06:06:44.368 [main] INFO  f.i.s.r.p.i.ProjectInspector - GatherTestInformationBuggyBuildCandidateSourceCode
06:06:44.368 [main] INFO  f.i.s.r.p.i.ProjectInspector - CheckoutBuggyBuildTestCode
06:06:44.368 [main] INFO  f.i.s.r.p.i.ProjectInspector - InitRepoToPush
06:06:44.368 [main] INFO  f.i.s.r.p.i.ProjectInspector - ComputeClasspath
06:06:44.368 [main] INFO  f.i.s.r.p.i.ProjectInspector - ComputeModules
06:06:44.369 [main] INFO  f.i.s.r.p.i.ProjectInspector - CheckoutBuggyBuildCandidateSourceCode
06:06:44.369 [main] INFO  f.i.s.r.p.i.ProjectInspector - CommitChangedTests
06:06:44.369 [main] INFO  f.i.s.r.p.i.ProjectInspector - CheckoutPatchedBuildCandidate
06:06:44.369 [main] INFO  f.i.s.r.p.i.ProjectInspector - BuildProjectPatchedBuildCandidate
06:06:44.369 [main] INFO  f.i.s.r.p.i.ProjectInspector - TestProjectPatchedBuildCandidate
06:06:44.369 [main] INFO  f.i.s.r.p.i.ProjectInspector - GatherTestInformationPatchedBuildCandidate
06:06:44.369 [main] INFO  f.i.s.r.p.i.ProjectInspector - CommitPatch
06:06:44.369 [main] INFO  f.i.s.r.p.i.ProjectInspector - WritePropertyFile
06:06:44.370 [main] INFO  f.i.s.r.p.i.ProjectInspector - CommitProcessEnd
06:06:44.370 [main] INFO  f.i.s.r.p.i.ProjectInspector - PushProcessEnd
06:06:44.371 [main] DEBUG f.i.s.r.process.step.CloneRepository - ----------------------------------------------------------------------
06:06:44.371 [main] DEBUG f.i.s.r.process.step.CloneRepository - STEP 1/22: CloneRepository
06:06:44.372 [main] DEBUG f.i.s.r.process.step.CloneRepository - ----------------------------------------------------------------------
06:06:44.372 [main] DEBUG f.i.s.r.process.step.CloneRepository - Cloning repository runelite/runelite in the following directory: ./workspace/runelite/runelite/366882536
06:06:57.759 [main] DEBUG f.i.s.r.process.step.CloneRepository - STEP STATUS: [ CloneRepository : SUCCESS ]
06:06:57.759 [main] DEBUG f.i.s.r.process.step.CloneRepository - STEP DURATION: 13s
06:06:57.759 [main] DEBUG f.i.s.r.process.step.CloneRepository - EXECUTE NEXT STEP
06:06:57.760 [main] DEBUG f.i.s.r.p.s.c.CheckoutPatchedBuild - ----------------------------------------------------------------------
06:06:57.760 [main] DEBUG f.i.s.r.p.s.c.CheckoutPatchedBuild - STEP 2/22: CheckoutPatchedBuildCandidate
06:06:57.760 [main] DEBUG f.i.s.r.p.s.c.CheckoutPatchedBuild - ----------------------------------------------------------------------
06:06:57.761 [main] DEBUG f.i.s.r.p.s.c.CheckoutPatchedBuild - Checking out patched build candidate...
06:06:58.139 [main] INFO  fr.inria.jtravis.JTravis - GitHub ratelimit: Limit: 5000 Remaining: 4560 Reset hour: 19:40:37
06:07:00.400 [main] DEBUG f.i.s.r.p.s.c.CheckoutPatchedBuild - Reproduce the PR for runelite/runelite by fetching remote branch and merging.
06:07:13.252 [main] DEBUG f.i.s.r.process.git.GitHelper - Step CheckoutPatchedBuildCandidate - Get the commit ded3e62f60bcd19823aedb2f9c92f56973a4da77 for repo runelite/runelite
06:07:14.134 [main] DEBUG f.i.s.r.process.git.GitHelper - Step CheckoutPatchedBuildCandidate - Do the merge with the PR commit for repo runelite/runelite
06:07:14.149 [main] INFO  f.i.s.r.process.git.GitHelper - Init git submodules.
06:07:14.208 [main] DEBUG f.i.s.r.p.s.c.CheckoutPatchedBuild - STEP STATUS: [ CheckoutPatchedBuildCandidate : SUCCESS ]
06:07:14.209 [main] DEBUG f.i.s.r.p.s.c.CheckoutPatchedBuild - STEP DURATION: 16s
06:07:14.209 [main] DEBUG f.i.s.r.p.s.c.CheckoutPatchedBuild - EXECUTE NEXT STEP
06:07:14.209 [main] DEBUG f.i.s.r.p.s.paths.ComputeSourceDir - ----------------------------------------------------------------------
06:07:14.209 [main] DEBUG f.i.s.r.p.s.paths.ComputeSourceDir - STEP 3/22: ComputeSourceDir
06:07:14.210 [main] DEBUG f.i.s.r.p.s.paths.ComputeSourceDir - ----------------------------------------------------------------------
06:07:14.210 [main] DEBUG f.i.s.r.p.s.paths.ComputeSourceDir - Computing the source directory ...
06:07:14.211 [main] DEBUG f.i.s.r.p.s.paths.ComputeSourceDir - The default source directory (/root/workspace/runelite/runelite/366882536/src/main/java) does not exist. Try to read pom.xml to get information.
06:07:14.342 [main] DEBUG f.i.s.r.p.s.paths.ComputeSourceDir - The source directory given in pom.xml (/root/workspace/runelite/runelite/366882536/src/main/java) does not exist. Continue to try to get source dir from all modules.
06:07:14.461 [main] DEBUG f.i.s.r.p.s.paths.ComputeSourceDir - The default source directory (/root/workspace/runelite/runelite/366882536/runelite-scripts/src/main/java) does not exist. Try to read pom.xml to get information.
06:07:14.465 [main] DEBUG f.i.s.r.p.s.paths.ComputeSourceDir - The source directory given in pom.xml (/root/workspace/runelite/runelite/366882536/runelite-scripts/src/main/java) does not exist. Continue to try to get source dir from all modules.
06:07:14.465 [main] ERROR f.i.s.r.p.s.paths.ComputeSourceDir - The source directory is not at default location or specified in build section from pom.xml, and no parent can be found.
06:07:14.472 [main] DEBUG f.i.s.r.p.s.paths.ComputeSourceDir - The default source directory (/root/workspace/runelite/runelite/366882536/runescape-client-injector/src/main/java) does not exist. Try to read pom.xml to get information.
06:07:14.476 [main] DEBUG f.i.s.r.p.s.paths.ComputeSourceDir - The source directory given in pom.xml (/root/workspace/runelite/runelite/366882536/runescape-client-injector/src/main/java) does not exist. Continue to try to get source dir from all modules.
06:07:14.490 [main] ERROR f.i.s.r.p.s.paths.ComputeSourceDir - The source directory is not at default location or specified in build section from pom.xml, and no parent can be found.
06:07:14.531 [main] INFO  f.i.s.r.p.s.paths.ComputeSourceDir - 17 source dirs were found:
06:07:14.531 [main] INFO  f.i.s.r.p.s.paths.ComputeSourceDir - /root/workspace/runelite/runelite/366882536/cache-client/src/main/java
06:07:14.531 [main] INFO  f.i.s.r.p.s.paths.ComputeSourceDir - /root/workspace/runelite/runelite/366882536/cache-server/src/main/java
06:07:14.532 [main] INFO  f.i.s.r.p.s.paths.ComputeSourceDir - /root/workspace/runelite/runelite/366882536/cache-updater/src/main/java
06:07:14.532 [main] INFO  f.i.s.r.p.s.paths.ComputeSourceDir - /root/workspace/runelite/runelite/366882536/cache/src/main/java
06:07:14.532 [main] INFO  f.i.s.r.p.s.paths.ComputeSourceDir - /root/workspace/runelite/runelite/366882536/deobfuscator/src/main/java
06:07:14.532 [main] INFO  f.i.s.r.p.s.paths.ComputeSourceDir - /root/workspace/runelite/runelite/366882536/http-api/src/main/java
06:07:14.532 [main] INFO  f.i.s.r.p.s.paths.ComputeSourceDir - /root/workspace/runelite/runelite/366882536/http-service/src/main/java
06:07:14.532 [main] INFO  f.i.s.r.p.s.paths.ComputeSourceDir - /root/workspace/runelite/runelite/366882536/model-viewer/src/main/java
06:07:14.533 [main] INFO  f.i.s.r.p.s.paths.ComputeSourceDir - /root/workspace/runelite/runelite/366882536/protocol-api/src/main/java
06:07:14.533 [main] INFO  f.i.s.r.p.s.paths.ComputeSourceDir - /root/workspace/runelite/runelite/366882536/protocol/src/main/java
06:07:14.533 [main] INFO  f.i.s.r.p.s.paths.ComputeSourceDir - /root/workspace/runelite/runelite/366882536/runelite-api/src/main/java
06:07:14.533 [main] INFO  f.i.s.r.p.s.paths.ComputeSourceDir - /root/workspace/runelite/runelite/366882536/runelite-client/src/main/java
06:07:14.533 [main] INFO  f.i.s.r.p.s.paths.ComputeSourceDir - /root/workspace/runelite/runelite/366882536/runelite-mixins/src/main/java
06:07:14.533 [main] INFO  f.i.s.r.p.s.paths.ComputeSourceDir - /root/workspace/runelite/runelite/366882536/runelite-script-assembler-plugin/src/main/java
06:07:14.533 [main] INFO  f.i.s.r.p.s.paths.ComputeSourceDir - /root/workspace/runelite/runelite/366882536/runescape-api/src/main/java
06:07:14.533 [main] INFO  f.i.s.r.p.s.paths.ComputeSourceDir - /root/workspace/runelite/runelite/366882536/runescape-client-injector-plugin/src/main/java
06:07:14.533 [main] INFO  f.i.s.r.p.s.paths.ComputeSourceDir - /root/workspace/runelite/runelite/366882536/runescape-client/src/main/java
06:07:14.586 [main] DEBUG f.i.s.r.p.s.paths.ComputeSourceDir - Compute the line of code of the project
06:07:14.934 [main] DEBUG f.i.s.r.p.s.paths.ComputeSourceDir - Get result from cloc process...
06:07:14.936 [main] DEBUG f.i.s.r.p.s.paths.ComputeSourceDir - STEP STATUS: [ ComputeSourceDir : SUCCESS ]
06:07:14.936 [main] DEBUG f.i.s.r.p.s.paths.ComputeSourceDir - STEP DURATION: 0s
06:07:14.937 [main] DEBUG f.i.s.r.p.s.paths.ComputeSourceDir - EXECUTE NEXT STEP
06:07:14.937 [main] DEBUG f.i.s.r.p.step.paths.ComputeTestDir - ----------------------------------------------------------------------
06:07:14.937 [main] DEBUG f.i.s.r.p.step.paths.ComputeTestDir - STEP 4/22: ComputeTestDir
06:07:14.937 [main] DEBUG f.i.s.r.p.step.paths.ComputeTestDir - ----------------------------------------------------------------------
06:07:14.938 [main] DEBUG f.i.s.r.p.step.paths.ComputeTestDir - Computing the test directory ...
06:07:14.938 [main] DEBUG f.i.s.r.p.step.paths.ComputeTestDir - The default test directory (/root/workspace/runelite/runelite/366882536/src/test/java) does not exist. Try to read pom.xml to get information.
06:07:14.944 [main] DEBUG f.i.s.r.p.step.paths.ComputeTestDir - The test directory given in pom.xml (/root/workspace/runelite/runelite/366882536/src/test/java) does not exist. Continue to try to get test dir from all modules.
06:07:14.962 [main] DEBUG f.i.s.r.p.step.paths.ComputeTestDir - The default test directory (/root/workspace/runelite/runelite/366882536/cache-updater/src/test/java) does not exist. Try to read pom.xml to get information.
06:07:14.969 [main] DEBUG f.i.s.r.p.step.paths.ComputeTestDir - The test directory given in pom.xml (/root/workspace/runelite/runelite/366882536/cache-updater/src/test/java) does not exist. Continue to try to get test dir from all modules.
06:07:14.969 [main] ERROR f.i.s.r.p.step.paths.ComputeTestDir - The test directory is not at default location or specified in build section from pom.xml, and no parent can be found.
06:07:14.973 [main] DEBUG f.i.s.r.p.step.paths.ComputeTestDir - The default test directory (/root/workspace/runelite/runelite/366882536/model-viewer/src/test/java) does not exist. Try to read pom.xml to get information.
06:07:14.976 [main] DEBUG f.i.s.r.p.step.paths.ComputeTestDir - The test directory given in pom.xml (/root/workspace/runelite/runelite/366882536/model-viewer/src/test/java) does not exist. Continue to try to get test dir from all modules.
06:07:14.976 [main] ERROR f.i.s.r.p.step.paths.ComputeTestDir - The test directory is not at default location or specified in build section from pom.xml, and no parent can be found.
06:07:14.985 [main] DEBUG f.i.s.r.p.step.paths.ComputeTestDir - The default test directory (/root/workspace/runelite/runelite/366882536/runelite-mixins/src/test/java) does not exist. Try to read pom.xml to get information.
06:07:14.988 [main] DEBUG f.i.s.r.p.step.paths.ComputeTestDir - The test directory given in pom.xml (/root/workspace/runelite/runelite/366882536/runelite-mixins/src/test/java) does not exist. Continue to try to get test dir from all modules.
06:07:14.988 [main] ERROR f.i.s.r.p.step.paths.ComputeTestDir - The test directory is not at default location or specified in build section from pom.xml, and no parent can be found.
06:07:14.988 [main] DEBUG f.i.s.r.p.step.paths.ComputeTestDir - The default test directory (/root/workspace/runelite/runelite/366882536/runelite-script-assembler-plugin/src/test/java) does not exist. Try to read pom.xml to get information.
06:07:14.991 [main] DEBUG f.i.s.r.p.step.paths.ComputeTestDir - The test directory given in pom.xml (/root/workspace/runelite/runelite/366882536/runelite-script-assembler-plugin/src/test/java) does not exist. Continue to try to get test dir from all modules.
06:07:14.991 [main] ERROR f.i.s.r.p.step.paths.ComputeTestDir - The test directory is not at default location or specified in build section from pom.xml, and no parent can be found.
06:07:14.991 [main] DEBUG f.i.s.r.p.step.paths.ComputeTestDir - The default test directory (/root/workspace/runelite/runelite/366882536/runelite-scripts/src/test/java) does not exist. Try to read pom.xml to get information.
06:07:14.994 [main] DEBUG f.i.s.r.p.step.paths.ComputeTestDir - The test directory given in pom.xml (/root/workspace/runelite/runelite/366882536/runelite-scripts/src/test/java) does not exist. Continue to try to get test dir from all modules.
06:07:14.994 [main] ERROR f.i.s.r.p.step.paths.ComputeTestDir - The test directory is not at default location or specified in build section from pom.xml, and no parent can be found.
06:07:14.994 [main] DEBUG f.i.s.r.p.step.paths.ComputeTestDir - The default test directory (/root/workspace/runelite/runelite/366882536/runescape-api/src/test/java) does not exist. Try to read pom.xml to get information.
06:07:14.997 [main] DEBUG f.i.s.r.p.step.paths.ComputeTestDir - The test directory given in pom.xml (/root/workspace/runelite/runelite/366882536/runescape-api/src/test/java) does not exist. Continue to try to get test dir from all modules.
06:07:14.997 [main] ERROR f.i.s.r.p.step.paths.ComputeTestDir - The test directory is not at default location or specified in build section from pom.xml, and no parent can be found.
06:07:15.022 [main] DEBUG f.i.s.r.p.step.paths.ComputeTestDir - The default test directory (/root/workspace/runelite/runelite/366882536/runescape-client-injector/src/test/java) does not exist. Try to read pom.xml to get information.
06:07:15.032 [main] DEBUG f.i.s.r.p.step.paths.ComputeTestDir - The test directory given in pom.xml (/root/workspace/runelite/runelite/366882536/runescape-client-injector/src/test/java) does not exist. Continue to try to get test dir from all modules.
06:07:15.032 [main] ERROR f.i.s.r.p.step.paths.ComputeTestDir - The test directory is not at default location or specified in build section from pom.xml, and no parent can be found.
06:07:15.046 [main] DEBUG f.i.s.r.p.step.paths.ComputeTestDir - The default test directory (/root/workspace/runelite/runelite/366882536/http-api/src/test/java) does not exist. Try to read pom.xml to get information.
06:07:15.051 [main] DEBUG f.i.s.r.p.step.paths.ComputeTestDir - The test directory given in pom.xml (/root/workspace/runelite/runelite/366882536/http-api/src/test/java) does not exist. Continue to try to get test dir from all modules.
06:07:15.051 [main] ERROR f.i.s.r.p.step.paths.ComputeTestDir - The test directory is not at default location or specified in build section from pom.xml, and no parent can be found.
06:07:15.057 [main] DEBUG f.i.s.r.p.step.paths.ComputeTestDir - The default test directory (/root/workspace/runelite/runelite/366882536/protocol-api/src/test/java) does not exist. Try to read pom.xml to get information.
06:07:15.062 [main] DEBUG f.i.s.r.p.step.paths.ComputeTestDir - The test directory given in pom.xml (/root/workspace/runelite/runelite/366882536/protocol-api/src/test/java) does not exist. Continue to try to get test dir from all modules.
06:07:15.062 [main] ERROR f.i.s.r.p.step.paths.ComputeTestDir - The test directory is not at default location or specified in build section from pom.xml, and no parent can be found.
06:07:15.072 [main] INFO  f.i.s.r.p.step.paths.ComputeTestDir - 10 test dirs were found:
06:07:15.072 [main] INFO  f.i.s.r.p.step.paths.ComputeTestDir - /root/workspace/runelite/runelite/366882536/cache-client/src/test/java
06:07:15.072 [main] INFO  f.i.s.r.p.step.paths.ComputeTestDir - /root/workspace/runelite/runelite/366882536/cache-server/src/test/java
06:07:15.073 [main] INFO  f.i.s.r.p.step.paths.ComputeTestDir - /root/workspace/runelite/runelite/366882536/cache/src/test/java
06:07:15.073 [main] INFO  f.i.s.r.p.step.paths.ComputeTestDir - /root/workspace/runelite/runelite/366882536/deobfuscator/src/test/java
06:07:15.074 [main] INFO  f.i.s.r.p.step.paths.ComputeTestDir - /root/workspace/runelite/runelite/366882536/http-service/src/test/java
06:07:15.078 [main] INFO  f.i.s.r.p.step.paths.ComputeTestDir - /root/workspace/runelite/runelite/366882536/protocol/src/test/java
06:07:15.079 [main] INFO  f.i.s.r.p.step.paths.ComputeTestDir - /root/workspace/runelite/runelite/366882536/runelite-api/src/test/java
06:07:15.079 [main] INFO  f.i.s.r.p.step.paths.ComputeTestDir - /root/workspace/runelite/runelite/366882536/runelite-client/src/test/java
06:07:15.079 [main] INFO  f.i.s.r.p.step.paths.ComputeTestDir - /root/workspace/runelite/runelite/366882536/runescape-client-injector-plugin/src/test/java
06:07:15.079 [main] INFO  f.i.s.r.p.step.paths.ComputeTestDir - /root/workspace/runelite/runelite/366882536/runescape-client/src/test/java
06:07:15.097 [main] DEBUG f.i.s.r.p.step.paths.ComputeTestDir - STEP STATUS: [ ComputeTestDir : SUCCESS ]
06:07:15.098 [main] DEBUG f.i.s.r.p.step.paths.ComputeTestDir - STEP DURATION: 0s
06:07:15.099 [main] DEBUG f.i.s.r.p.step.paths.ComputeTestDir - EXECUTE NEXT STEP
06:07:15.099 [main] DEBUG f.i.s.r.p.s.c.CheckoutBuggyBuildSourceCode - ----------------------------------------------------------------------
06:07:15.099 [main] DEBUG f.i.s.r.p.s.c.CheckoutBuggyBuildSourceCode - STEP 5/22: CheckoutBuggyBuildCandidateSourceCode
06:07:15.099 [main] DEBUG f.i.s.r.p.s.c.CheckoutBuggyBuildSourceCode - ----------------------------------------------------------------------
06:07:15.099 [main] DEBUG f.i.s.r.p.s.c.CheckoutBuggyBuildSourceCode - Checking out the source code of the buggy build candidate...
06:07:15.439 [main] INFO  fr.inria.jtravis.JTravis - GitHub ratelimit: Limit: 5000 Remaining: 4534 Reset hour: 19:40:37
06:07:16.929 [main] DEBUG f.i.s.r.p.s.c.CheckoutBuggyBuildSourceCode - Reproduce the PR for runelite/runelite by fetching remote branch and merging.
06:07:17.092 [main] DEBUG f.i.s.r.process.git.GitHelper - Step CheckoutBuggyBuildCandidateSourceCode - Get the commit ded3e62f60bcd19823aedb2f9c92f56973a4da77 for repo runelite/runelite
06:07:17.438 [main] DEBUG f.i.s.r.process.git.GitHelper - Step CheckoutBuggyBuildCandidateSourceCode - Do the merge with the PR commit for repo runelite/runelite
06:07:17.439 [main] INFO  f.i.s.r.process.git.GitHelper - Init git submodules.
06:07:17.649 [main] INFO  fr.inria.jtravis.JTravis - GitHub ratelimit: Limit: 5000 Remaining: 4524 Reset hour: 19:40:37
06:07:19.223 [main] DEBUG f.i.s.r.p.s.c.CheckoutBuggyBuildSourceCode - Reproduce the PR for runelite/runelite by fetching remote branch and merging.
06:07:19.593 [main] ERROR f.i.s.r.p.s.c.CheckoutBuggyBuildSourceCode - Error while testing commit: org.eclipse.jgit.errors.MissingObjectException: Missing unknown bcf698544900ca908596c3a7cd475456ab59d449
06:07:19.595 [main] ERROR f.i.s.r.p.s.c.CheckoutBuggyBuildSourceCode - Commit head ref cannot be retrieved from the repository: bcf698544900ca908596c3a7cd475456ab59d449. Operation aborted.
06:07:19.595 [main] ERROR f.i.s.r.p.s.c.CheckoutBuggyBuildSourceCode - Error while merging two commits to reproduce the PR.
06:07:19.597 [main] DEBUG f.i.s.r.p.s.c.CheckoutBuggyBuildSourceCode - STEP STATUS: [ CheckoutBuggyBuildCandidateSourceCode : FAILURE ( BUILDNOTCHECKEDOUT ) ]
06:07:19.600 [main] DEBUG f.i.s.r.p.s.c.CheckoutBuggyBuildSourceCode - STEP DURATION: 4s
06:07:19.601 [main] DEBUG f.i.s.r.p.s.c.CheckoutBuggyBuildSourceCode - TERMINATE PIPELINE
06:07:19.601 [main] DEBUG f.i.s.r.p.s.c.CheckoutBuggyBuildSourceCode - FINAL STEPS SKIPPED: The reproduction of the bug and/or the patch failed.
06:07:19.602 [main] INFO  f.i.s.r.p.s.c.CheckoutBuggyBuildSourceCode - Serialize all data for the pair of builds 366882536, 367470345
06:07:19.724 [main] INFO  fr.inria.jtravis.JTravis - GitHub ratelimit: Limit: 5000 Remaining: 4517 Reset hour: 19:40:37
06:07:20.532 [main] INFO  f.i.s.r.p.i.ProjectInspector - ----------------------------------------------------------------------
06:07:20.532 [main] INFO  f.i.s.r.p.i.ProjectInspector - PIPELINE EXECUTION SUMMARY
06:07:20.533 [main] INFO  f.i.s.r.p.i.ProjectInspector - ----------------------------------------------------------------------
06:07:20.533 [main] INFO  f.i.s.r.p.i.ProjectInspector - CloneRepository.......................................SUCCESS [ 13 s ]
06:07:20.533 [main] INFO  f.i.s.r.p.i.ProjectInspector - CheckoutPatchedBuildCandidate.........................SUCCESS [ 16 s ]
06:07:20.533 [main] INFO  f.i.s.r.p.i.ProjectInspector - ComputeSourceDir......................................SUCCESS [  0 s ]
06:07:20.534 [main] INFO  f.i.s.r.p.i.ProjectInspector - ComputeTestDir........................................SUCCESS [  0 s ]
06:07:20.534 [main] INFO  f.i.s.r.p.i.ProjectInspector - CheckoutBuggyBuildCandidateSourceCode.................FAILURE [  4 s ]
06:07:20.534 [main] INFO  f.i.s.r.p.i.ProjectInspector - BuildProjectBuggyBuildCandidateSourceCode.............NOT RUN         
06:07:20.534 [main] INFO  f.i.s.r.p.i.ProjectInspector - TestProjectBuggyBuildCandidateSourceCode..............NOT RUN         
06:07:20.534 [main] INFO  f.i.s.r.p.i.ProjectInspector - GatherTestInformationBuggyBuildCandidateSourceCode....NOT RUN         
06:07:20.534 [main] INFO  f.i.s.r.p.i.ProjectInspector - CheckoutBuggyBuildTestCode............................NOT RUN         
06:07:20.534 [main] INFO  f.i.s.r.p.i.ProjectInspector - InitRepoToPush........................................NOT RUN         
06:07:20.535 [main] INFO  f.i.s.r.p.i.ProjectInspector - ComputeClasspath......................................NOT RUN         
06:07:20.535 [main] INFO  f.i.s.r.p.i.ProjectInspector - ComputeModules........................................NOT RUN         
06:07:20.535 [main] INFO  f.i.s.r.p.i.ProjectInspector - CheckoutBuggyBuildCandidateSourceCode.................NOT RUN         
06:07:20.535 [main] INFO  f.i.s.r.p.i.ProjectInspector - CommitChangedTests....................................NOT RUN         
06:07:20.535 [main] INFO  f.i.s.r.p.i.ProjectInspector - CheckoutPatchedBuildCandidate.........................NOT RUN         
06:07:20.535 [main] INFO  f.i.s.r.p.i.ProjectInspector - BuildProjectPatchedBuildCandidate.....................NOT RUN         
06:07:20.535 [main] INFO  f.i.s.r.p.i.ProjectInspector - TestProjectPatchedBuildCandidate......................NOT RUN         
06:07:20.535 [main] INFO  f.i.s.r.p.i.ProjectInspector - GatherTestInformationPatchedBuildCandidate............NOT RUN         
06:07:20.536 [main] INFO  f.i.s.r.p.i.ProjectInspector - CommitPatch...........................................NOT RUN         
06:07:20.536 [main] INFO  f.i.s.r.p.i.ProjectInspector - WritePropertyFile.....................................NOT RUN         
06:07:20.536 [main] INFO  f.i.s.r.p.i.ProjectInspector - CommitProcessEnd......................................NOT RUN         
06:07:20.536 [main] INFO  f.i.s.r.p.i.ProjectInspector - PushProcessEnd........................................NOT RUN         
06:07:20.536 [main] INFO  f.i.s.r.p.i.ProjectInspector - ----------------------------------------------------------------------
06:07:20.536 [main] INFO  f.i.s.r.p.i.ProjectInspector - PIPELINE FINDING: BUILDNOTCHECKEDOUT
06:07:20.536 [main] INFO  f.i.s.r.p.i.ProjectInspector - ----------------------------------------------------------------------
06:07:20.537 [main] INFO  f.i.s.repairnator.pipeline.Launcher - Inspector is finished. The process will exit now.
