05:36:11.360 [main] INFO  f.i.s.repairnator.pipeline.Launcher - PIPELINE VERSION: 3.0-2018-08-09 19:04
05:36:11.482 [main] INFO  f.i.s.repairnator.pipeline.Launcher - The pipeline will try to reproduce a bug from build 366636985 and its corresponding patch from build 367446111
05:36:11.483 [main] INFO  f.i.s.repairnator.pipeline.Launcher - Initialize file serializer engines.
05:36:11.484 [main] INFO  f.i.s.repairnator.pipeline.Launcher - MongoDB won't be used for serialization.
05:36:11.485 [main] INFO  f.i.s.repairnator.pipeline.Launcher - The email notifier engine won't be used.
05:36:11.487 [main] INFO  f.i.s.repairnator.pipeline.Launcher - Start by getting the build (buildId: 366636985) with the following config: RepairnatorConfig{runId='ad552a0f-88dd-4063-97e7-719040591c67_04-18-week3-PASSING_AND_PASSING', launcherMode=BEARS, serializeJson=true, inputPath='null', outputPath='/var/log', mongodbHost='null', mongodbName='repairnator', smtpServer='null', notifyTo=[], notifyEndProcess=false, push=true, pushRemoteRepo='https://github.com/fermadeiral/bears-collection-pp', fork=false, lookFromDate=null, lookToDate=null, buildId=366636985, z3solverPath='./z3_for_linux', workspacePath='./workspace', githubToken='c8a341a903[...]', dockerImageName='null', skipDelete=false, createOutputDir=false, logDirectory='null', nbThreads=0, globalTimeout=0, whiteList=null, blackList=null, jobSleepTime=0, buildSleepTime=0, maxInspectedBuilds=0, duration=null, humanPatch=false, repository='null', clean=true, bearsMode=BOTH, bearsDelimiter = false, repairTools=NopolAllTests,NPEFix,AssertFixer,AstorJGenProg,AstorJKali,NopolSingleTest,AstorJMut,NopolTestExclusionStrategy, githubUserName= fermadeiral, githubUserEmail=fer.madeiral@gmail.com}
05:36:13.006 [main] DEBUG fr.inria.jtravis.helpers.BuildHelper - Get request to :https://api.travis-ci.org/build/366636985 done after 897 ms
05:36:13.246 [main] DEBUG fr.inria.jtravis.helpers.BuildHelper - Get request to :https://api.travis-ci.org/build/367446111 done after 132 ms
05:36:13.274 [main] INFO  f.i.s.repairnator.pipeline.Launcher - The patched build (367446111) was successfully retrieved from Travis.
05:36:14.383 [main] INFO  fr.inria.jtravis.JTravis - GitHub ratelimit: Limit: 5000 Remaining: 4456 Reset hour: 19:40:33
05:36:14.623 [main] INFO  f.i.s.r.p.i.ProjectInspector - ----------------------------------------------------------------------
05:36:14.623 [main] INFO  f.i.s.r.p.i.ProjectInspector - PIPELINE STEPS
05:36:14.623 [main] INFO  f.i.s.r.p.i.ProjectInspector - ----------------------------------------------------------------------
05:36:14.623 [main] INFO  f.i.s.r.p.i.ProjectInspector - CloneRepository
05:36:14.623 [main] INFO  f.i.s.r.p.i.ProjectInspector - CheckoutPatchedBuildCandidate
05:36:14.623 [main] INFO  f.i.s.r.p.i.ProjectInspector - ComputeSourceDir
05:36:14.624 [main] INFO  f.i.s.r.p.i.ProjectInspector - ComputeTestDir
05:36:14.624 [main] INFO  f.i.s.r.p.i.ProjectInspector - CheckoutBuggyBuildCandidateSourceCode
05:36:14.624 [main] INFO  f.i.s.r.p.i.ProjectInspector - BuildProjectBuggyBuildCandidateSourceCode
05:36:14.624 [main] INFO  f.i.s.r.p.i.ProjectInspector - TestProjectBuggyBuildCandidateSourceCode
05:36:14.624 [main] INFO  f.i.s.r.p.i.ProjectInspector - GatherTestInformationBuggyBuildCandidateSourceCode
05:36:14.624 [main] INFO  f.i.s.r.p.i.ProjectInspector - CheckoutBuggyBuildTestCode
05:36:14.624 [main] INFO  f.i.s.r.p.i.ProjectInspector - InitRepoToPush
05:36:14.625 [main] INFO  f.i.s.r.p.i.ProjectInspector - ComputeClasspath
05:36:14.625 [main] INFO  f.i.s.r.p.i.ProjectInspector - ComputeModules
05:36:14.625 [main] INFO  f.i.s.r.p.i.ProjectInspector - CheckoutBuggyBuildCandidateSourceCode
05:36:14.625 [main] INFO  f.i.s.r.p.i.ProjectInspector - CommitChangedTests
05:36:14.625 [main] INFO  f.i.s.r.p.i.ProjectInspector - CheckoutPatchedBuildCandidate
05:36:14.625 [main] INFO  f.i.s.r.p.i.ProjectInspector - BuildProjectPatchedBuildCandidate
05:36:14.625 [main] INFO  f.i.s.r.p.i.ProjectInspector - TestProjectPatchedBuildCandidate
05:36:14.625 [main] INFO  f.i.s.r.p.i.ProjectInspector - GatherTestInformationPatchedBuildCandidate
05:36:14.626 [main] INFO  f.i.s.r.p.i.ProjectInspector - CommitPatch
05:36:14.643 [main] INFO  f.i.s.r.p.i.ProjectInspector - WritePropertyFile
05:36:14.643 [main] INFO  f.i.s.r.p.i.ProjectInspector - CommitProcessEnd
05:36:14.643 [main] INFO  f.i.s.r.p.i.ProjectInspector - PushProcessEnd
05:36:14.643 [main] DEBUG f.i.s.r.process.step.CloneRepository - ----------------------------------------------------------------------
05:36:14.643 [main] DEBUG f.i.s.r.process.step.CloneRepository - STEP 1/22: CloneRepository
05:36:14.644 [main] DEBUG f.i.s.r.process.step.CloneRepository - ----------------------------------------------------------------------
05:36:14.644 [main] DEBUG f.i.s.r.process.step.CloneRepository - Cloning repository batfish/batfish in the following directory: ./workspace/batfish/batfish/366636985
05:37:09.077 [main] DEBUG f.i.s.r.process.step.CloneRepository - STEP STATUS: [ CloneRepository : SUCCESS ]
05:37:09.078 [main] DEBUG f.i.s.r.process.step.CloneRepository - STEP DURATION: 54s
05:37:09.078 [main] DEBUG f.i.s.r.process.step.CloneRepository - EXECUTE NEXT STEP
05:37:09.078 [main] DEBUG f.i.s.r.p.s.c.CheckoutPatchedBuild - ----------------------------------------------------------------------
05:37:09.079 [main] DEBUG f.i.s.r.p.s.c.CheckoutPatchedBuild - STEP 2/22: CheckoutPatchedBuildCandidate
05:37:09.079 [main] DEBUG f.i.s.r.p.s.c.CheckoutPatchedBuild - ----------------------------------------------------------------------
05:37:09.079 [main] DEBUG f.i.s.r.p.s.c.CheckoutPatchedBuild - Checking out patched build candidate...
05:37:09.094 [main] ERROR f.i.s.r.p.s.c.CheckoutPatchedBuild - Error while testing commit: org.eclipse.jgit.errors.MissingObjectException: Missing unknown 500a6f895496dd43dd880b4ed49146ba43463a92
05:37:09.095 [main] ERROR f.i.s.r.p.s.c.CheckoutPatchedBuild - Error while getting the commit to checkout from the repo.
05:37:09.096 [main] DEBUG f.i.s.r.p.s.c.CheckoutPatchedBuild - STEP STATUS: [ CheckoutPatchedBuildCandidate : FAILURE ( BUILDNOTCHECKEDOUT ) ]
05:37:09.096 [main] DEBUG f.i.s.r.p.s.c.CheckoutPatchedBuild - STEP DURATION: 0s
05:37:09.096 [main] DEBUG f.i.s.r.p.s.c.CheckoutPatchedBuild - TERMINATE PIPELINE
05:37:09.096 [main] DEBUG f.i.s.r.p.s.c.CheckoutPatchedBuild - FINAL STEPS SKIPPED: The reproduction of the bug and/or the patch failed.
05:37:09.096 [main] INFO  f.i.s.r.p.s.c.CheckoutPatchedBuild - Serialize all data for the pair of builds 366636985, 367446111
05:37:09.425 [main] INFO  fr.inria.jtravis.JTravis - GitHub ratelimit: Limit: 5000 Remaining: 4451 Reset hour: 19:40:33
05:37:10.249 [main] INFO  f.i.s.r.p.i.ProjectInspector - ----------------------------------------------------------------------
05:37:10.250 [main] INFO  f.i.s.r.p.i.ProjectInspector - PIPELINE EXECUTION SUMMARY
05:37:10.250 [main] INFO  f.i.s.r.p.i.ProjectInspector - ----------------------------------------------------------------------
05:37:10.250 [main] INFO  f.i.s.r.p.i.ProjectInspector - CloneRepository.......................................SUCCESS [ 54 s ]
05:37:10.251 [main] INFO  f.i.s.r.p.i.ProjectInspector - CheckoutPatchedBuildCandidate.........................FAILURE [  0 s ]
05:37:10.251 [main] INFO  f.i.s.r.p.i.ProjectInspector - ComputeSourceDir......................................NOT RUN         
05:37:10.251 [main] INFO  f.i.s.r.p.i.ProjectInspector - ComputeTestDir........................................NOT RUN         
05:37:10.251 [main] INFO  f.i.s.r.p.i.ProjectInspector - CheckoutBuggyBuildCandidateSourceCode.................NOT RUN         
05:37:10.251 [main] INFO  f.i.s.r.p.i.ProjectInspector - BuildProjectBuggyBuildCandidateSourceCode.............NOT RUN         
05:37:10.251 [main] INFO  f.i.s.r.p.i.ProjectInspector - TestProjectBuggyBuildCandidateSourceCode..............NOT RUN         
05:37:10.252 [main] INFO  f.i.s.r.p.i.ProjectInspector - GatherTestInformationBuggyBuildCandidateSourceCode....NOT RUN         
05:37:10.252 [main] INFO  f.i.s.r.p.i.ProjectInspector - CheckoutBuggyBuildTestCode............................NOT RUN         
05:37:10.252 [main] INFO  f.i.s.r.p.i.ProjectInspector - InitRepoToPush........................................NOT RUN         
05:37:10.252 [main] INFO  f.i.s.r.p.i.ProjectInspector - ComputeClasspath......................................NOT RUN         
05:37:10.252 [main] INFO  f.i.s.r.p.i.ProjectInspector - ComputeModules........................................NOT RUN         
05:37:10.252 [main] INFO  f.i.s.r.p.i.ProjectInspector - CheckoutBuggyBuildCandidateSourceCode.................NOT RUN         
05:37:10.252 [main] INFO  f.i.s.r.p.i.ProjectInspector - CommitChangedTests....................................NOT RUN         
05:37:10.252 [main] INFO  f.i.s.r.p.i.ProjectInspector - CheckoutPatchedBuildCandidate.........................NOT RUN         
05:37:10.252 [main] INFO  f.i.s.r.p.i.ProjectInspector - BuildProjectPatchedBuildCandidate.....................NOT RUN         
05:37:10.253 [main] INFO  f.i.s.r.p.i.ProjectInspector - TestProjectPatchedBuildCandidate......................NOT RUN         
05:37:10.253 [main] INFO  f.i.s.r.p.i.ProjectInspector - GatherTestInformationPatchedBuildCandidate............NOT RUN         
05:37:10.253 [main] INFO  f.i.s.r.p.i.ProjectInspector - CommitPatch...........................................NOT RUN         
05:37:10.253 [main] INFO  f.i.s.r.p.i.ProjectInspector - WritePropertyFile.....................................NOT RUN         
05:37:10.253 [main] INFO  f.i.s.r.p.i.ProjectInspector - CommitProcessEnd......................................NOT RUN         
05:37:10.253 [main] INFO  f.i.s.r.p.i.ProjectInspector - PushProcessEnd........................................NOT RUN         
05:37:10.253 [main] INFO  f.i.s.r.p.i.ProjectInspector - ----------------------------------------------------------------------
05:37:10.253 [main] INFO  f.i.s.r.p.i.ProjectInspector - PIPELINE FINDING: BUILDNOTCHECKEDOUT
05:37:10.254 [main] INFO  f.i.s.r.p.i.ProjectInspector - ----------------------------------------------------------------------
05:37:10.254 [main] INFO  f.i.s.repairnator.pipeline.Launcher - Inspector is finished. The process will exit now.
