04:05:42.215 [main] INFO  f.i.s.repairnator.pipeline.Launcher - PIPELINE VERSION: 3.0-2018-08-09 19:04
04:05:42.336 [main] INFO  f.i.s.repairnator.pipeline.Launcher - The pipeline will try to reproduce a bug from build 367968954 and its corresponding patch from build 368079300
04:05:42.336 [main] INFO  f.i.s.repairnator.pipeline.Launcher - Initialize file serializer engines.
04:05:42.338 [main] INFO  f.i.s.repairnator.pipeline.Launcher - MongoDB won't be used for serialization.
04:05:42.338 [main] INFO  f.i.s.repairnator.pipeline.Launcher - The email notifier engine won't be used.
04:05:42.358 [main] INFO  f.i.s.repairnator.pipeline.Launcher - Start by getting the build (buildId: 367968954) with the following config: RepairnatorConfig{runId='ad552a0f-88dd-4063-97e7-719040591c67_04-18-week3-PASSING_AND_PASSING', launcherMode=BEARS, serializeJson=true, inputPath='null', outputPath='/var/log', mongodbHost='null', mongodbName='repairnator', smtpServer='null', notifyTo=[], notifyEndProcess=false, push=true, pushRemoteRepo='https://github.com/fermadeiral/bears-collection-pp', fork=false, lookFromDate=null, lookToDate=null, buildId=367968954, z3solverPath='./z3_for_linux', workspacePath='./workspace', githubToken='c8a341a903[...]', dockerImageName='null', skipDelete=false, createOutputDir=false, logDirectory='null', nbThreads=0, globalTimeout=0, whiteList=null, blackList=null, jobSleepTime=0, buildSleepTime=0, maxInspectedBuilds=0, duration=null, humanPatch=false, repository='null', clean=true, bearsMode=BOTH, bearsDelimiter = false, repairTools=NopolAllTests,NPEFix,AssertFixer,AstorJGenProg,AstorJKali,NopolSingleTest,AstorJMut,NopolTestExclusionStrategy, githubUserName= fermadeiral, githubUserEmail=fer.madeiral@gmail.com}
04:05:43.547 [main] DEBUG fr.inria.jtravis.helpers.BuildHelper - Get request to :https://api.travis-ci.org/build/367968954 done after 756 ms
04:05:43.778 [main] DEBUG fr.inria.jtravis.helpers.BuildHelper - Get request to :https://api.travis-ci.org/build/368079300 done after 134 ms
04:05:43.792 [main] INFO  f.i.s.repairnator.pipeline.Launcher - The patched build (368079300) was successfully retrieved from Travis.
04:05:44.798 [main] INFO  fr.inria.jtravis.JTravis - GitHub ratelimit: Limit: 5000 Remaining: 4937 Reset hour: 19:40:29
04:05:45.040 [main] INFO  f.i.s.r.p.i.ProjectInspector - ----------------------------------------------------------------------
04:05:45.040 [main] INFO  f.i.s.r.p.i.ProjectInspector - PIPELINE STEPS
04:05:45.040 [main] INFO  f.i.s.r.p.i.ProjectInspector - ----------------------------------------------------------------------
04:05:45.040 [main] INFO  f.i.s.r.p.i.ProjectInspector - CloneRepository
04:05:45.041 [main] INFO  f.i.s.r.p.i.ProjectInspector - CheckoutPatchedBuildCandidate
04:05:45.041 [main] INFO  f.i.s.r.p.i.ProjectInspector - ComputeSourceDir
04:05:45.041 [main] INFO  f.i.s.r.p.i.ProjectInspector - ComputeTestDir
04:05:45.041 [main] INFO  f.i.s.r.p.i.ProjectInspector - CheckoutBuggyBuildCandidateSourceCode
04:05:45.041 [main] INFO  f.i.s.r.p.i.ProjectInspector - BuildProjectBuggyBuildCandidateSourceCode
04:05:45.041 [main] INFO  f.i.s.r.p.i.ProjectInspector - TestProjectBuggyBuildCandidateSourceCode
04:05:45.041 [main] INFO  f.i.s.r.p.i.ProjectInspector - GatherTestInformationBuggyBuildCandidateSourceCode
04:05:45.041 [main] INFO  f.i.s.r.p.i.ProjectInspector - CheckoutBuggyBuildTestCode
04:05:45.042 [main] INFO  f.i.s.r.p.i.ProjectInspector - InitRepoToPush
04:05:45.042 [main] INFO  f.i.s.r.p.i.ProjectInspector - ComputeClasspath
04:05:45.042 [main] INFO  f.i.s.r.p.i.ProjectInspector - ComputeModules
04:05:45.042 [main] INFO  f.i.s.r.p.i.ProjectInspector - CheckoutBuggyBuildCandidateSourceCode
04:05:45.042 [main] INFO  f.i.s.r.p.i.ProjectInspector - CommitChangedTests
04:05:45.042 [main] INFO  f.i.s.r.p.i.ProjectInspector - CheckoutPatchedBuildCandidate
04:05:45.042 [main] INFO  f.i.s.r.p.i.ProjectInspector - BuildProjectPatchedBuildCandidate
04:05:45.042 [main] INFO  f.i.s.r.p.i.ProjectInspector - TestProjectPatchedBuildCandidate
04:05:45.043 [main] INFO  f.i.s.r.p.i.ProjectInspector - GatherTestInformationPatchedBuildCandidate
04:05:45.043 [main] INFO  f.i.s.r.p.i.ProjectInspector - CommitPatch
04:05:45.043 [main] INFO  f.i.s.r.p.i.ProjectInspector - WritePropertyFile
04:05:45.043 [main] INFO  f.i.s.r.p.i.ProjectInspector - CommitProcessEnd
04:05:45.043 [main] INFO  f.i.s.r.p.i.ProjectInspector - PushProcessEnd
04:05:45.043 [main] DEBUG f.i.s.r.process.step.CloneRepository - ----------------------------------------------------------------------
04:05:45.043 [main] DEBUG f.i.s.r.process.step.CloneRepository - STEP 1/22: CloneRepository
04:05:45.044 [main] DEBUG f.i.s.r.process.step.CloneRepository - ----------------------------------------------------------------------
04:05:45.044 [main] DEBUG f.i.s.r.process.step.CloneRepository - Cloning repository thelastpickle/cassandra-reaper in the following directory: ./workspace/thelastpickle/cassandra-reaper/367968954
04:05:52.635 [main] DEBUG f.i.s.r.process.step.CloneRepository - STEP STATUS: [ CloneRepository : SUCCESS ]
04:05:52.636 [main] DEBUG f.i.s.r.process.step.CloneRepository - STEP DURATION: 7s
04:05:52.637 [main] DEBUG f.i.s.r.process.step.CloneRepository - EXECUTE NEXT STEP
04:05:52.637 [main] DEBUG f.i.s.r.p.s.c.CheckoutPatchedBuild - ----------------------------------------------------------------------
04:05:52.637 [main] DEBUG f.i.s.r.p.s.c.CheckoutPatchedBuild - STEP 2/22: CheckoutPatchedBuildCandidate
04:05:52.637 [main] DEBUG f.i.s.r.p.s.c.CheckoutPatchedBuild - ----------------------------------------------------------------------
04:05:52.638 [main] DEBUG f.i.s.r.p.s.c.CheckoutPatchedBuild - Checking out patched build candidate...
04:05:52.646 [main] DEBUG f.i.s.r.p.s.c.CheckoutPatchedBuild - Get commit 791d2147989d951b37a9265c6c7a8512244b6489 for repo thelastpickle/cassandra-reaper
04:05:53.081 [main] INFO  f.i.s.r.process.git.GitHelper - Init git submodules.
04:05:53.127 [main] DEBUG f.i.s.r.p.s.c.CheckoutPatchedBuild - STEP STATUS: [ CheckoutPatchedBuildCandidate : SUCCESS ]
04:05:53.127 [main] DEBUG f.i.s.r.p.s.c.CheckoutPatchedBuild - STEP DURATION: 0s
04:05:53.128 [main] DEBUG f.i.s.r.p.s.c.CheckoutPatchedBuild - EXECUTE NEXT STEP
04:05:53.128 [main] DEBUG f.i.s.r.p.s.paths.ComputeSourceDir - ----------------------------------------------------------------------
04:05:53.128 [main] DEBUG f.i.s.r.p.s.paths.ComputeSourceDir - STEP 3/22: ComputeSourceDir
04:05:53.128 [main] DEBUG f.i.s.r.p.s.paths.ComputeSourceDir - ----------------------------------------------------------------------
04:05:53.129 [main] DEBUG f.i.s.r.p.s.paths.ComputeSourceDir - Computing the source directory ...
04:05:53.130 [main] DEBUG f.i.s.r.p.s.paths.ComputeSourceDir - The default source directory (/root/workspace/thelastpickle/cassandra-reaper/367968954/src/main/java) does not exist. Try to read pom.xml to get information.
04:05:53.259 [main] DEBUG f.i.s.r.p.s.paths.ComputeSourceDir - The source directory given in pom.xml (/root/workspace/thelastpickle/cassandra-reaper/367968954/src/main/java) does not exist. Continue to try to get source dir from all modules.
04:05:53.290 [main] INFO  f.i.s.r.p.s.paths.ComputeSourceDir - 1 source dir was found:
04:05:53.291 [main] INFO  f.i.s.r.p.s.paths.ComputeSourceDir - /root/workspace/thelastpickle/cassandra-reaper/367968954/src/server/src/main/java
04:05:53.321 [main] DEBUG f.i.s.r.p.s.paths.ComputeSourceDir - Compute the line of code of the project
04:05:53.825 [main] DEBUG f.i.s.r.p.s.paths.ComputeSourceDir - Get result from cloc process...
04:05:53.827 [main] DEBUG f.i.s.r.p.s.paths.ComputeSourceDir - STEP STATUS: [ ComputeSourceDir : SUCCESS ]
04:05:53.827 [main] DEBUG f.i.s.r.p.s.paths.ComputeSourceDir - STEP DURATION: 0s
04:05:53.827 [main] DEBUG f.i.s.r.p.s.paths.ComputeSourceDir - EXECUTE NEXT STEP
04:05:53.828 [main] DEBUG f.i.s.r.p.step.paths.ComputeTestDir - ----------------------------------------------------------------------
04:05:53.828 [main] DEBUG f.i.s.r.p.step.paths.ComputeTestDir - STEP 4/22: ComputeTestDir
04:05:53.828 [main] DEBUG f.i.s.r.p.step.paths.ComputeTestDir - ----------------------------------------------------------------------
04:05:53.828 [main] DEBUG f.i.s.r.p.step.paths.ComputeTestDir - Computing the test directory ...
04:05:53.829 [main] DEBUG f.i.s.r.p.step.paths.ComputeTestDir - The default test directory (/root/workspace/thelastpickle/cassandra-reaper/367968954/src/test/java) does not exist. Try to read pom.xml to get information.
04:05:53.837 [main] DEBUG f.i.s.r.p.step.paths.ComputeTestDir - The test directory given in pom.xml (/root/workspace/thelastpickle/cassandra-reaper/367968954/src/test/java) does not exist. Continue to try to get test dir from all modules.
04:05:53.855 [main] INFO  f.i.s.r.p.step.paths.ComputeTestDir - 1 test dir was found:
04:05:53.856 [main] INFO  f.i.s.r.p.step.paths.ComputeTestDir - /root/workspace/thelastpickle/cassandra-reaper/367968954/src/server/src/test/java
04:05:53.858 [main] DEBUG f.i.s.r.p.step.paths.ComputeTestDir - STEP STATUS: [ ComputeTestDir : SUCCESS ]
04:05:53.859 [main] DEBUG f.i.s.r.p.step.paths.ComputeTestDir - STEP DURATION: 0s
04:05:53.859 [main] DEBUG f.i.s.r.p.step.paths.ComputeTestDir - EXECUTE NEXT STEP
04:05:53.859 [main] DEBUG f.i.s.r.p.s.c.CheckoutBuggyBuildSourceCode - ----------------------------------------------------------------------
04:05:53.859 [main] DEBUG f.i.s.r.p.s.c.CheckoutBuggyBuildSourceCode - STEP 5/22: CheckoutBuggyBuildCandidateSourceCode
04:05:53.860 [main] DEBUG f.i.s.r.p.s.c.CheckoutBuggyBuildSourceCode - ----------------------------------------------------------------------
04:05:53.860 [main] DEBUG f.i.s.r.p.s.c.CheckoutBuggyBuildSourceCode - Checking out the source code of the buggy build candidate...
04:05:53.868 [main] DEBUG f.i.s.r.p.s.c.CheckoutBuggyBuildSourceCode - Get commit 791d2147989d951b37a9265c6c7a8512244b6489 for repo thelastpickle/cassandra-reaper
04:05:54.268 [main] INFO  f.i.s.r.process.git.GitHelper - Init git submodules.
04:05:54.329 [main] ERROR f.i.s.r.p.s.c.CheckoutBuggyBuildSourceCode - Error while testing commit: org.eclipse.jgit.errors.MissingObjectException: Missing unknown f8a430edf7fd9f7a82fa9196639836f3b9fea218
04:05:54.329 [main] ERROR f.i.s.r.p.s.c.CheckoutBuggyBuildSourceCode - Error while getting the commit to checkout from the repo.
04:05:54.331 [main] DEBUG f.i.s.r.p.s.c.CheckoutBuggyBuildSourceCode - STEP STATUS: [ CheckoutBuggyBuildCandidateSourceCode : FAILURE ( BUILDNOTCHECKEDOUT ) ]
04:05:54.331 [main] DEBUG f.i.s.r.p.s.c.CheckoutBuggyBuildSourceCode - STEP DURATION: 0s
04:05:54.331 [main] DEBUG f.i.s.r.p.s.c.CheckoutBuggyBuildSourceCode - TERMINATE PIPELINE
04:05:54.332 [main] DEBUG f.i.s.r.p.s.c.CheckoutBuggyBuildSourceCode - FINAL STEPS SKIPPED: The reproduction of the bug and/or the patch failed.
04:05:54.332 [main] INFO  f.i.s.r.p.s.c.CheckoutBuggyBuildSourceCode - Serialize all data for the pair of builds 367968954, 368079300
04:05:54.665 [main] INFO  fr.inria.jtravis.JTravis - GitHub ratelimit: Limit: 5000 Remaining: 4936 Reset hour: 19:40:29
04:05:55.253 [main] INFO  f.i.s.r.p.i.ProjectInspector - ----------------------------------------------------------------------
04:05:55.253 [main] INFO  f.i.s.r.p.i.ProjectInspector - PIPELINE EXECUTION SUMMARY
04:05:55.253 [main] INFO  f.i.s.r.p.i.ProjectInspector - ----------------------------------------------------------------------
04:05:55.254 [main] INFO  f.i.s.r.p.i.ProjectInspector - CloneRepository........................................SUCCESS [ 7 s ]
04:05:55.254 [main] INFO  f.i.s.r.p.i.ProjectInspector - CheckoutPatchedBuildCandidate..........................SUCCESS [ 0 s ]
04:05:55.254 [main] INFO  f.i.s.r.p.i.ProjectInspector - ComputeSourceDir.......................................SUCCESS [ 0 s ]
04:05:55.254 [main] INFO  f.i.s.r.p.i.ProjectInspector - ComputeTestDir.........................................SUCCESS [ 0 s ]
04:05:55.255 [main] INFO  f.i.s.r.p.i.ProjectInspector - CheckoutBuggyBuildCandidateSourceCode..................FAILURE [ 0 s ]
04:05:55.255 [main] INFO  f.i.s.r.p.i.ProjectInspector - BuildProjectBuggyBuildCandidateSourceCode..............NOT RUN        
04:05:55.255 [main] INFO  f.i.s.r.p.i.ProjectInspector - TestProjectBuggyBuildCandidateSourceCode...............NOT RUN        
04:05:55.255 [main] INFO  f.i.s.r.p.i.ProjectInspector - GatherTestInformationBuggyBuildCandidateSourceCode.....NOT RUN        
04:05:55.255 [main] INFO  f.i.s.r.p.i.ProjectInspector - CheckoutBuggyBuildTestCode.............................NOT RUN        
04:05:55.256 [main] INFO  f.i.s.r.p.i.ProjectInspector - InitRepoToPush.........................................NOT RUN        
04:05:55.256 [main] INFO  f.i.s.r.p.i.ProjectInspector - ComputeClasspath.......................................NOT RUN        
04:05:55.256 [main] INFO  f.i.s.r.p.i.ProjectInspector - ComputeModules.........................................NOT RUN        
04:05:55.256 [main] INFO  f.i.s.r.p.i.ProjectInspector - CheckoutBuggyBuildCandidateSourceCode..................NOT RUN        
04:05:55.256 [main] INFO  f.i.s.r.p.i.ProjectInspector - CommitChangedTests.....................................NOT RUN        
04:05:55.256 [main] INFO  f.i.s.r.p.i.ProjectInspector - CheckoutPatchedBuildCandidate..........................NOT RUN        
04:05:55.257 [main] INFO  f.i.s.r.p.i.ProjectInspector - BuildProjectPatchedBuildCandidate......................NOT RUN        
04:05:55.257 [main] INFO  f.i.s.r.p.i.ProjectInspector - TestProjectPatchedBuildCandidate.......................NOT RUN        
04:05:55.257 [main] INFO  f.i.s.r.p.i.ProjectInspector - GatherTestInformationPatchedBuildCandidate.............NOT RUN        
04:05:55.257 [main] INFO  f.i.s.r.p.i.ProjectInspector - CommitPatch............................................NOT RUN        
04:05:55.257 [main] INFO  f.i.s.r.p.i.ProjectInspector - WritePropertyFile......................................NOT RUN        
04:05:55.257 [main] INFO  f.i.s.r.p.i.ProjectInspector - CommitProcessEnd.......................................NOT RUN        
04:05:55.258 [main] INFO  f.i.s.r.p.i.ProjectInspector - PushProcessEnd.........................................NOT RUN        
04:05:55.258 [main] INFO  f.i.s.r.p.i.ProjectInspector - ----------------------------------------------------------------------
04:05:55.258 [main] INFO  f.i.s.r.p.i.ProjectInspector - PIPELINE FINDING: BUILDNOTCHECKEDOUT
04:05:55.258 [main] INFO  f.i.s.r.p.i.ProjectInspector - ----------------------------------------------------------------------
04:05:55.258 [main] INFO  f.i.s.repairnator.pipeline.Launcher - Inspector is finished. The process will exit now.
