06:07:58.502 [main] INFO  f.i.s.repairnator.pipeline.Launcher - PIPELINE VERSION: 3.0-2018-08-09 19:04
06:07:58.673 [main] INFO  f.i.s.repairnator.pipeline.Launcher - The pipeline will try to reproduce a bug from build 367047215 and its corresponding patch from build 367053383
06:07:58.674 [main] INFO  f.i.s.repairnator.pipeline.Launcher - Initialize file serializer engines.
06:07:58.677 [main] INFO  f.i.s.repairnator.pipeline.Launcher - MongoDB won't be used for serialization.
06:07:58.677 [main] INFO  f.i.s.repairnator.pipeline.Launcher - The email notifier engine won't be used.
06:07:58.682 [main] INFO  f.i.s.repairnator.pipeline.Launcher - Start by getting the build (buildId: 367047215) with the following config: RepairnatorConfig{runId='ad552a0f-88dd-4063-97e7-719040591c67_04-18-week3-PASSING_AND_PASSING', launcherMode=BEARS, serializeJson=true, inputPath='null', outputPath='/var/log', mongodbHost='null', mongodbName='repairnator', smtpServer='null', notifyTo=[], notifyEndProcess=false, push=true, pushRemoteRepo='https://github.com/fermadeiral/bears-collection-pp', fork=false, lookFromDate=null, lookToDate=null, buildId=367047215, z3solverPath='./z3_for_linux', workspacePath='./workspace', githubToken='c8a341a903[...]', dockerImageName='null', skipDelete=false, createOutputDir=false, logDirectory='null', nbThreads=0, globalTimeout=0, whiteList=null, blackList=null, jobSleepTime=0, buildSleepTime=0, maxInspectedBuilds=0, duration=null, humanPatch=false, repository='null', clean=true, bearsMode=BOTH, bearsDelimiter = false, repairTools=NopolAllTests,NPEFix,AssertFixer,AstorJGenProg,AstorJKali,NopolSingleTest,AstorJMut,NopolTestExclusionStrategy, githubUserName= fermadeiral, githubUserEmail=fer.madeiral@gmail.com}
06:08:00.631 [main] DEBUG fr.inria.jtravis.helpers.BuildHelper - Get request to :https://api.travis-ci.org/build/367047215 done after 1288 ms
06:08:01.044 [main] DEBUG fr.inria.jtravis.helpers.BuildHelper - Get request to :https://api.travis-ci.org/build/367053383 done after 250 ms
06:08:01.069 [main] INFO  f.i.s.repairnator.pipeline.Launcher - The patched build (367053383) was successfully retrieved from Travis.
06:08:02.681 [main] INFO  fr.inria.jtravis.JTravis - GitHub ratelimit: Limit: 5000 Remaining: 4459 Reset hour: 19:40:37
06:08:02.934 [main] INFO  f.i.s.r.p.i.ProjectInspector - ----------------------------------------------------------------------
06:08:02.934 [main] INFO  f.i.s.r.p.i.ProjectInspector - PIPELINE STEPS
06:08:02.935 [main] INFO  f.i.s.r.p.i.ProjectInspector - ----------------------------------------------------------------------
06:08:02.935 [main] INFO  f.i.s.r.p.i.ProjectInspector - CloneRepository
06:08:02.935 [main] INFO  f.i.s.r.p.i.ProjectInspector - CheckoutPatchedBuildCandidate
06:08:02.935 [main] INFO  f.i.s.r.p.i.ProjectInspector - ComputeSourceDir
06:08:02.935 [main] INFO  f.i.s.r.p.i.ProjectInspector - ComputeTestDir
06:08:02.935 [main] INFO  f.i.s.r.p.i.ProjectInspector - CheckoutBuggyBuildCandidateSourceCode
06:08:02.935 [main] INFO  f.i.s.r.p.i.ProjectInspector - BuildProjectBuggyBuildCandidateSourceCode
06:08:02.936 [main] INFO  f.i.s.r.p.i.ProjectInspector - TestProjectBuggyBuildCandidateSourceCode
06:08:02.936 [main] INFO  f.i.s.r.p.i.ProjectInspector - GatherTestInformationBuggyBuildCandidateSourceCode
06:08:02.936 [main] INFO  f.i.s.r.p.i.ProjectInspector - CheckoutBuggyBuildTestCode
06:08:02.936 [main] INFO  f.i.s.r.p.i.ProjectInspector - InitRepoToPush
06:08:02.936 [main] INFO  f.i.s.r.p.i.ProjectInspector - ComputeClasspath
06:08:02.936 [main] INFO  f.i.s.r.p.i.ProjectInspector - ComputeModules
06:08:02.936 [main] INFO  f.i.s.r.p.i.ProjectInspector - CheckoutBuggyBuildCandidateSourceCode
06:08:02.936 [main] INFO  f.i.s.r.p.i.ProjectInspector - CommitChangedTests
06:08:02.936 [main] INFO  f.i.s.r.p.i.ProjectInspector - CheckoutPatchedBuildCandidate
06:08:02.937 [main] INFO  f.i.s.r.p.i.ProjectInspector - BuildProjectPatchedBuildCandidate
06:08:02.937 [main] INFO  f.i.s.r.p.i.ProjectInspector - TestProjectPatchedBuildCandidate
06:08:02.937 [main] INFO  f.i.s.r.p.i.ProjectInspector - GatherTestInformationPatchedBuildCandidate
06:08:02.937 [main] INFO  f.i.s.r.p.i.ProjectInspector - CommitPatch
06:08:02.937 [main] INFO  f.i.s.r.p.i.ProjectInspector - WritePropertyFile
06:08:02.937 [main] INFO  f.i.s.r.p.i.ProjectInspector - CommitProcessEnd
06:08:02.937 [main] INFO  f.i.s.r.p.i.ProjectInspector - PushProcessEnd
06:08:02.938 [main] DEBUG f.i.s.r.process.step.CloneRepository - ----------------------------------------------------------------------
06:08:02.938 [main] DEBUG f.i.s.r.process.step.CloneRepository - STEP 1/22: CloneRepository
06:08:02.939 [main] DEBUG f.i.s.r.process.step.CloneRepository - ----------------------------------------------------------------------
06:08:02.939 [main] DEBUG f.i.s.r.process.step.CloneRepository - Cloning repository runelite/runelite in the following directory: ./workspace/runelite/runelite/367047215
06:08:16.321 [main] DEBUG f.i.s.r.process.step.CloneRepository - STEP STATUS: [ CloneRepository : SUCCESS ]
06:08:16.322 [main] DEBUG f.i.s.r.process.step.CloneRepository - STEP DURATION: 13s
06:08:16.322 [main] DEBUG f.i.s.r.process.step.CloneRepository - EXECUTE NEXT STEP
06:08:16.322 [main] DEBUG f.i.s.r.p.s.c.CheckoutPatchedBuild - ----------------------------------------------------------------------
06:08:16.322 [main] DEBUG f.i.s.r.p.s.c.CheckoutPatchedBuild - STEP 2/22: CheckoutPatchedBuildCandidate
06:08:16.323 [main] DEBUG f.i.s.r.p.s.c.CheckoutPatchedBuild - ----------------------------------------------------------------------
06:08:16.323 [main] DEBUG f.i.s.r.p.s.c.CheckoutPatchedBuild - Checking out patched build candidate...
06:08:16.661 [main] INFO  fr.inria.jtravis.JTravis - GitHub ratelimit: Limit: 5000 Remaining: 4448 Reset hour: 19:40:37
06:08:17.207 [main] WARN  f.i.j.helpers.PullRequestHelper - The head repository is null: maybe it has been deleted from GitHub
06:08:17.208 [main] ERROR f.i.s.r.p.s.c.CheckoutPatchedBuild - Error while getting PR information.
06:08:17.209 [main] DEBUG f.i.s.r.p.s.c.CheckoutPatchedBuild - STEP STATUS: [ CheckoutPatchedBuildCandidate : FAILURE ( BUILDNOTCHECKEDOUT ) ]
06:08:17.209 [main] DEBUG f.i.s.r.p.s.c.CheckoutPatchedBuild - STEP DURATION: 0s
06:08:17.209 [main] DEBUG f.i.s.r.p.s.c.CheckoutPatchedBuild - TERMINATE PIPELINE
06:08:17.210 [main] DEBUG f.i.s.r.p.s.c.CheckoutPatchedBuild - FINAL STEPS SKIPPED: The reproduction of the bug and/or the patch failed.
06:08:17.210 [main] INFO  f.i.s.r.p.s.c.CheckoutPatchedBuild - Serialize all data for the pair of builds 367047215, 367053383
06:08:17.338 [main] INFO  fr.inria.jtravis.JTravis - GitHub ratelimit: Limit: 5000 Remaining: 4446 Reset hour: 19:40:37
06:08:18.270 [main] INFO  f.i.s.r.p.i.ProjectInspector - ----------------------------------------------------------------------
06:08:18.271 [main] INFO  f.i.s.r.p.i.ProjectInspector - PIPELINE EXECUTION SUMMARY
06:08:18.271 [main] INFO  f.i.s.r.p.i.ProjectInspector - ----------------------------------------------------------------------
06:08:18.271 [main] INFO  f.i.s.r.p.i.ProjectInspector - CloneRepository.......................................SUCCESS [ 13 s ]
06:08:18.272 [main] INFO  f.i.s.r.p.i.ProjectInspector - CheckoutPatchedBuildCandidate.........................FAILURE [  0 s ]
06:08:18.272 [main] INFO  f.i.s.r.p.i.ProjectInspector - ComputeSourceDir......................................NOT RUN         
06:08:18.272 [main] INFO  f.i.s.r.p.i.ProjectInspector - ComputeTestDir........................................NOT RUN         
06:08:18.272 [main] INFO  f.i.s.r.p.i.ProjectInspector - CheckoutBuggyBuildCandidateSourceCode.................NOT RUN         
06:08:18.272 [main] INFO  f.i.s.r.p.i.ProjectInspector - BuildProjectBuggyBuildCandidateSourceCode.............NOT RUN         
06:08:18.272 [main] INFO  f.i.s.r.p.i.ProjectInspector - TestProjectBuggyBuildCandidateSourceCode..............NOT RUN         
06:08:18.272 [main] INFO  f.i.s.r.p.i.ProjectInspector - GatherTestInformationBuggyBuildCandidateSourceCode....NOT RUN         
06:08:18.273 [main] INFO  f.i.s.r.p.i.ProjectInspector - CheckoutBuggyBuildTestCode............................NOT RUN         
06:08:18.273 [main] INFO  f.i.s.r.p.i.ProjectInspector - InitRepoToPush........................................NOT RUN         
06:08:18.273 [main] INFO  f.i.s.r.p.i.ProjectInspector - ComputeClasspath......................................NOT RUN         
06:08:18.273 [main] INFO  f.i.s.r.p.i.ProjectInspector - ComputeModules........................................NOT RUN         
06:08:18.273 [main] INFO  f.i.s.r.p.i.ProjectInspector - CheckoutBuggyBuildCandidateSourceCode.................NOT RUN         
06:08:18.273 [main] INFO  f.i.s.r.p.i.ProjectInspector - CommitChangedTests....................................NOT RUN         
06:08:18.274 [main] INFO  f.i.s.r.p.i.ProjectInspector - CheckoutPatchedBuildCandidate.........................NOT RUN         
06:08:18.274 [main] INFO  f.i.s.r.p.i.ProjectInspector - BuildProjectPatchedBuildCandidate.....................NOT RUN         
06:08:18.274 [main] INFO  f.i.s.r.p.i.ProjectInspector - TestProjectPatchedBuildCandidate......................NOT RUN         
06:08:18.274 [main] INFO  f.i.s.r.p.i.ProjectInspector - GatherTestInformationPatchedBuildCandidate............NOT RUN         
06:08:18.276 [main] INFO  f.i.s.r.p.i.ProjectInspector - CommitPatch...........................................NOT RUN         
06:08:18.276 [main] INFO  f.i.s.r.p.i.ProjectInspector - WritePropertyFile.....................................NOT RUN         
06:08:18.276 [main] INFO  f.i.s.r.p.i.ProjectInspector - CommitProcessEnd......................................NOT RUN         
06:08:18.276 [main] INFO  f.i.s.r.p.i.ProjectInspector - PushProcessEnd........................................NOT RUN         
06:08:18.276 [main] INFO  f.i.s.r.p.i.ProjectInspector - ----------------------------------------------------------------------
06:08:18.276 [main] INFO  f.i.s.r.p.i.ProjectInspector - PIPELINE FINDING: BUILDNOTCHECKEDOUT
06:08:18.277 [main] INFO  f.i.s.r.p.i.ProjectInspector - ----------------------------------------------------------------------
06:08:18.277 [main] INFO  f.i.s.repairnator.pipeline.Launcher - Inspector is finished. The process will exit now.
