11:35:24.532 [main] INFO  f.i.s.repairnator.pipeline.Launcher - PIPELINE VERSION: 3.0-2018-08-09 19:04
11:35:24.697 [main] INFO  f.i.s.repairnator.pipeline.Launcher - The pipeline will try to reproduce a bug from build 365788600 and its corresponding patch from build 367846888
11:35:24.698 [main] INFO  f.i.s.repairnator.pipeline.Launcher - Initialize file serializer engines.
11:35:24.700 [main] INFO  f.i.s.repairnator.pipeline.Launcher - MongoDB won't be used for serialization.
11:35:24.701 [main] INFO  f.i.s.repairnator.pipeline.Launcher - The email notifier engine won't be used.
11:35:24.705 [main] INFO  f.i.s.repairnator.pipeline.Launcher - Start by getting the build (buildId: 365788600) with the following config: RepairnatorConfig{runId='ad552a0f-88dd-4063-97e7-719040591c67_04-18-week3-PASSING_AND_PASSING', launcherMode=BEARS, serializeJson=true, inputPath='null', outputPath='/var/log', mongodbHost='null', mongodbName='repairnator', smtpServer='null', notifyTo=[], notifyEndProcess=false, push=true, pushRemoteRepo='https://github.com/fermadeiral/bears-collection-pp', fork=false, lookFromDate=null, lookToDate=null, buildId=365788600, z3solverPath='./z3_for_linux', workspacePath='./workspace', githubToken='c8a341a903[...]', dockerImageName='null', skipDelete=false, createOutputDir=false, logDirectory='null', nbThreads=0, globalTimeout=0, whiteList=null, blackList=null, jobSleepTime=0, buildSleepTime=0, maxInspectedBuilds=0, duration=null, humanPatch=false, repository='null', clean=true, bearsMode=BOTH, bearsDelimiter = false, repairTools=NopolAllTests,NPEFix,AssertFixer,AstorJGenProg,AstorJKali,NopolSingleTest,AstorJMut,NopolTestExclusionStrategy, githubUserName= fermadeiral, githubUserEmail=fer.madeiral@gmail.com}
11:35:26.377 [main] DEBUG fr.inria.jtravis.helpers.BuildHelper - Get request to :https://api.travis-ci.org/build/365788600 done after 982 ms
11:35:26.672 [main] DEBUG fr.inria.jtravis.helpers.BuildHelper - Get request to :https://api.travis-ci.org/build/367846888 done after 137 ms
11:35:26.690 [main] INFO  f.i.s.repairnator.pipeline.Launcher - The patched build (367846888) was successfully retrieved from Travis.
11:35:29.070 [main] INFO  fr.inria.jtravis.JTravis - GitHub ratelimit: Limit: 5000 Remaining: 4624 Reset hour: 19:40:55
11:35:29.361 [main] INFO  f.i.s.r.p.i.ProjectInspector - ----------------------------------------------------------------------
11:35:29.361 [main] INFO  f.i.s.r.p.i.ProjectInspector - PIPELINE STEPS
11:35:29.361 [main] INFO  f.i.s.r.p.i.ProjectInspector - ----------------------------------------------------------------------
11:35:29.362 [main] INFO  f.i.s.r.p.i.ProjectInspector - CloneRepository
11:35:29.362 [main] INFO  f.i.s.r.p.i.ProjectInspector - CheckoutPatchedBuildCandidate
11:35:29.362 [main] INFO  f.i.s.r.p.i.ProjectInspector - ComputeSourceDir
11:35:29.362 [main] INFO  f.i.s.r.p.i.ProjectInspector - ComputeTestDir
11:35:29.363 [main] INFO  f.i.s.r.p.i.ProjectInspector - CheckoutBuggyBuildCandidateSourceCode
11:35:29.363 [main] INFO  f.i.s.r.p.i.ProjectInspector - BuildProjectBuggyBuildCandidateSourceCode
11:35:29.363 [main] INFO  f.i.s.r.p.i.ProjectInspector - TestProjectBuggyBuildCandidateSourceCode
11:35:29.363 [main] INFO  f.i.s.r.p.i.ProjectInspector - GatherTestInformationBuggyBuildCandidateSourceCode
11:35:29.364 [main] INFO  f.i.s.r.p.i.ProjectInspector - CheckoutBuggyBuildTestCode
11:35:29.364 [main] INFO  f.i.s.r.p.i.ProjectInspector - InitRepoToPush
11:35:29.364 [main] INFO  f.i.s.r.p.i.ProjectInspector - ComputeClasspath
11:35:29.364 [main] INFO  f.i.s.r.p.i.ProjectInspector - ComputeModules
11:35:29.365 [main] INFO  f.i.s.r.p.i.ProjectInspector - CheckoutBuggyBuildCandidateSourceCode
11:35:29.365 [main] INFO  f.i.s.r.p.i.ProjectInspector - CommitChangedTests
11:35:29.365 [main] INFO  f.i.s.r.p.i.ProjectInspector - CheckoutPatchedBuildCandidate
11:35:29.365 [main] INFO  f.i.s.r.p.i.ProjectInspector - BuildProjectPatchedBuildCandidate
11:35:29.366 [main] INFO  f.i.s.r.p.i.ProjectInspector - TestProjectPatchedBuildCandidate
11:35:29.366 [main] INFO  f.i.s.r.p.i.ProjectInspector - GatherTestInformationPatchedBuildCandidate
11:35:29.366 [main] INFO  f.i.s.r.p.i.ProjectInspector - CommitPatch
11:35:29.366 [main] INFO  f.i.s.r.p.i.ProjectInspector - WritePropertyFile
11:35:29.367 [main] INFO  f.i.s.r.p.i.ProjectInspector - CommitProcessEnd
11:35:29.367 [main] INFO  f.i.s.r.p.i.ProjectInspector - PushProcessEnd
11:35:29.367 [main] DEBUG f.i.s.r.process.step.CloneRepository - ----------------------------------------------------------------------
11:35:29.368 [main] DEBUG f.i.s.r.process.step.CloneRepository - STEP 1/22: CloneRepository
11:35:29.368 [main] DEBUG f.i.s.r.process.step.CloneRepository - ----------------------------------------------------------------------
11:35:29.369 [main] DEBUG f.i.s.r.process.step.CloneRepository - Cloning repository spring-cloud/spring-cloud-gcp in the following directory: ./workspace/spring-cloud/spring-cloud-gcp/365788600
11:35:34.693 [main] DEBUG f.i.s.r.process.step.CloneRepository - STEP STATUS: [ CloneRepository : SUCCESS ]
11:35:34.693 [main] DEBUG f.i.s.r.process.step.CloneRepository - STEP DURATION: 5s
11:35:34.694 [main] DEBUG f.i.s.r.process.step.CloneRepository - EXECUTE NEXT STEP
11:35:34.694 [main] DEBUG f.i.s.r.p.s.c.CheckoutPatchedBuild - ----------------------------------------------------------------------
11:35:34.694 [main] DEBUG f.i.s.r.p.s.c.CheckoutPatchedBuild - STEP 2/22: CheckoutPatchedBuildCandidate
11:35:34.695 [main] DEBUG f.i.s.r.p.s.c.CheckoutPatchedBuild - ----------------------------------------------------------------------
11:35:34.695 [main] DEBUG f.i.s.r.p.s.c.CheckoutPatchedBuild - Checking out patched build candidate...
11:35:35.045 [main] INFO  fr.inria.jtravis.JTravis - GitHub ratelimit: Limit: 5000 Remaining: 4621 Reset hour: 19:40:55
11:35:36.817 [main] DEBUG f.i.s.r.p.s.c.CheckoutPatchedBuild - Reproduce the PR for spring-cloud/spring-cloud-gcp by fetching remote branch and merging.
11:35:37.056 [main] ERROR f.i.s.r.p.s.c.CheckoutPatchedBuild - Error while testing commit: org.eclipse.jgit.errors.MissingObjectException: Missing unknown 2a0c3c860f41f1c04ed7551d049224175b867bfc
11:35:37.058 [main] ERROR f.i.s.r.p.s.c.CheckoutPatchedBuild - Commit head ref cannot be retrieved from the repository: 2a0c3c860f41f1c04ed7551d049224175b867bfc. Operation aborted.
11:35:37.059 [main] ERROR f.i.s.r.p.s.c.CheckoutPatchedBuild - Error while merging two commits to reproduce the PR.
11:35:37.060 [main] DEBUG f.i.s.r.p.s.c.CheckoutPatchedBuild - STEP STATUS: [ CheckoutPatchedBuildCandidate : FAILURE ( BUILDNOTCHECKEDOUT ) ]
11:35:37.060 [main] DEBUG f.i.s.r.p.s.c.CheckoutPatchedBuild - STEP DURATION: 2s
11:35:37.061 [main] DEBUG f.i.s.r.p.s.c.CheckoutPatchedBuild - TERMINATE PIPELINE
11:35:37.070 [main] DEBUG f.i.s.r.p.s.c.CheckoutPatchedBuild - FINAL STEPS SKIPPED: The reproduction of the bug and/or the patch failed.
11:35:37.071 [main] INFO  f.i.s.r.p.s.c.CheckoutPatchedBuild - Serialize all data for the pair of builds 365788600, 367846888
11:35:37.195 [main] INFO  fr.inria.jtravis.JTravis - GitHub ratelimit: Limit: 5000 Remaining: 4614 Reset hour: 19:40:55
11:35:37.705 [main] INFO  f.i.s.r.p.i.ProjectInspector - ----------------------------------------------------------------------
11:35:37.705 [main] INFO  f.i.s.r.p.i.ProjectInspector - PIPELINE EXECUTION SUMMARY
11:35:37.705 [main] INFO  f.i.s.r.p.i.ProjectInspector - ----------------------------------------------------------------------
11:35:37.705 [main] INFO  f.i.s.r.p.i.ProjectInspector - CloneRepository........................................SUCCESS [ 5 s ]
11:35:37.705 [main] INFO  f.i.s.r.p.i.ProjectInspector - CheckoutPatchedBuildCandidate..........................FAILURE [ 2 s ]
11:35:37.706 [main] INFO  f.i.s.r.p.i.ProjectInspector - ComputeSourceDir.......................................NOT RUN        
11:35:37.706 [main] INFO  f.i.s.r.p.i.ProjectInspector - ComputeTestDir.........................................NOT RUN        
11:35:37.706 [main] INFO  f.i.s.r.p.i.ProjectInspector - CheckoutBuggyBuildCandidateSourceCode..................NOT RUN        
11:35:37.706 [main] INFO  f.i.s.r.p.i.ProjectInspector - BuildProjectBuggyBuildCandidateSourceCode..............NOT RUN        
11:35:37.706 [main] INFO  f.i.s.r.p.i.ProjectInspector - TestProjectBuggyBuildCandidateSourceCode...............NOT RUN        
11:35:37.707 [main] INFO  f.i.s.r.p.i.ProjectInspector - GatherTestInformationBuggyBuildCandidateSourceCode.....NOT RUN        
11:35:37.707 [main] INFO  f.i.s.r.p.i.ProjectInspector - CheckoutBuggyBuildTestCode.............................NOT RUN        
11:35:37.707 [main] INFO  f.i.s.r.p.i.ProjectInspector - InitRepoToPush.........................................NOT RUN        
11:35:37.707 [main] INFO  f.i.s.r.p.i.ProjectInspector - ComputeClasspath.......................................NOT RUN        
11:35:37.707 [main] INFO  f.i.s.r.p.i.ProjectInspector - ComputeModules.........................................NOT RUN        
11:35:37.708 [main] INFO  f.i.s.r.p.i.ProjectInspector - CheckoutBuggyBuildCandidateSourceCode..................NOT RUN        
11:35:37.708 [main] INFO  f.i.s.r.p.i.ProjectInspector - CommitChangedTests.....................................NOT RUN        
11:35:37.708 [main] INFO  f.i.s.r.p.i.ProjectInspector - CheckoutPatchedBuildCandidate..........................NOT RUN        
11:35:37.708 [main] INFO  f.i.s.r.p.i.ProjectInspector - BuildProjectPatchedBuildCandidate......................NOT RUN        
11:35:37.708 [main] INFO  f.i.s.r.p.i.ProjectInspector - TestProjectPatchedBuildCandidate.......................NOT RUN        
11:35:37.708 [main] INFO  f.i.s.r.p.i.ProjectInspector - GatherTestInformationPatchedBuildCandidate.............NOT RUN        
11:35:37.708 [main] INFO  f.i.s.r.p.i.ProjectInspector - CommitPatch............................................NOT RUN        
11:35:37.708 [main] INFO  f.i.s.r.p.i.ProjectInspector - WritePropertyFile......................................NOT RUN        
11:35:37.708 [main] INFO  f.i.s.r.p.i.ProjectInspector - CommitProcessEnd.......................................NOT RUN        
11:35:37.709 [main] INFO  f.i.s.r.p.i.ProjectInspector - PushProcessEnd.........................................NOT RUN        
11:35:37.709 [main] INFO  f.i.s.r.p.i.ProjectInspector - ----------------------------------------------------------------------
11:35:37.709 [main] INFO  f.i.s.r.p.i.ProjectInspector - PIPELINE FINDING: BUILDNOTCHECKEDOUT
11:35:37.709 [main] INFO  f.i.s.r.p.i.ProjectInspector - ----------------------------------------------------------------------
11:35:37.709 [main] INFO  f.i.s.repairnator.pipeline.Launcher - Inspector is finished. The process will exit now.
