05:32:22.153 [main] INFO  f.i.s.repairnator.pipeline.Launcher - PIPELINE VERSION: 3.0-2018-08-09 19:04
05:32:22.260 [main] INFO  f.i.s.repairnator.pipeline.Launcher - The pipeline will try to reproduce a bug from build 367499221 and its corresponding patch from build 367501025
05:32:22.260 [main] INFO  f.i.s.repairnator.pipeline.Launcher - Initialize file serializer engines.
05:32:22.262 [main] INFO  f.i.s.repairnator.pipeline.Launcher - MongoDB won't be used for serialization.
05:32:22.262 [main] INFO  f.i.s.repairnator.pipeline.Launcher - The email notifier engine won't be used.
05:32:22.265 [main] INFO  f.i.s.repairnator.pipeline.Launcher - Start by getting the build (buildId: 367499221) with the following config: RepairnatorConfig{runId='ad552a0f-88dd-4063-97e7-719040591c67_04-18-week3-PASSING_AND_PASSING', launcherMode=BEARS, serializeJson=true, inputPath='null', outputPath='/var/log', mongodbHost='null', mongodbName='repairnator', smtpServer='null', notifyTo=[], notifyEndProcess=false, push=true, pushRemoteRepo='https://github.com/fermadeiral/bears-collection-pp', fork=false, lookFromDate=null, lookToDate=null, buildId=367499221, z3solverPath='./z3_for_linux', workspacePath='./workspace', githubToken='c8a341a903[...]', dockerImageName='null', skipDelete=false, createOutputDir=false, logDirectory='null', nbThreads=0, globalTimeout=0, whiteList=null, blackList=null, jobSleepTime=0, buildSleepTime=0, maxInspectedBuilds=0, duration=null, humanPatch=false, repository='null', clean=true, bearsMode=BOTH, bearsDelimiter = false, repairTools=NopolAllTests,NPEFix,AssertFixer,AstorJGenProg,AstorJKali,NopolSingleTest,AstorJMut,NopolTestExclusionStrategy, githubUserName= fermadeiral, githubUserEmail=fer.madeiral@gmail.com}
05:32:23.533 [main] DEBUG fr.inria.jtravis.helpers.BuildHelper - Get request to :https://api.travis-ci.org/build/367499221 done after 796 ms
05:32:23.771 [main] DEBUG fr.inria.jtravis.helpers.BuildHelper - Get request to :https://api.travis-ci.org/build/367501025 done after 130 ms
05:32:23.784 [main] INFO  f.i.s.repairnator.pipeline.Launcher - The patched build (367501025) was successfully retrieved from Travis.
05:32:24.804 [main] INFO  fr.inria.jtravis.JTravis - GitHub ratelimit: Limit: 5000 Remaining: 4519 Reset hour: 19:40:33
05:32:25.042 [main] INFO  f.i.s.r.p.i.ProjectInspector - ----------------------------------------------------------------------
05:32:25.043 [main] INFO  f.i.s.r.p.i.ProjectInspector - PIPELINE STEPS
05:32:25.043 [main] INFO  f.i.s.r.p.i.ProjectInspector - ----------------------------------------------------------------------
05:32:25.043 [main] INFO  f.i.s.r.p.i.ProjectInspector - CloneRepository
05:32:25.043 [main] INFO  f.i.s.r.p.i.ProjectInspector - CheckoutPatchedBuildCandidate
05:32:25.043 [main] INFO  f.i.s.r.p.i.ProjectInspector - ComputeSourceDir
05:32:25.043 [main] INFO  f.i.s.r.p.i.ProjectInspector - ComputeTestDir
05:32:25.043 [main] INFO  f.i.s.r.p.i.ProjectInspector - CheckoutBuggyBuildCandidateSourceCode
05:32:25.044 [main] INFO  f.i.s.r.p.i.ProjectInspector - BuildProjectBuggyBuildCandidateSourceCode
05:32:25.044 [main] INFO  f.i.s.r.p.i.ProjectInspector - TestProjectBuggyBuildCandidateSourceCode
05:32:25.044 [main] INFO  f.i.s.r.p.i.ProjectInspector - GatherTestInformationBuggyBuildCandidateSourceCode
05:32:25.044 [main] INFO  f.i.s.r.p.i.ProjectInspector - CheckoutBuggyBuildTestCode
05:32:25.044 [main] INFO  f.i.s.r.p.i.ProjectInspector - InitRepoToPush
05:32:25.044 [main] INFO  f.i.s.r.p.i.ProjectInspector - ComputeClasspath
05:32:25.044 [main] INFO  f.i.s.r.p.i.ProjectInspector - ComputeModules
05:32:25.044 [main] INFO  f.i.s.r.p.i.ProjectInspector - CheckoutBuggyBuildCandidateSourceCode
05:32:25.045 [main] INFO  f.i.s.r.p.i.ProjectInspector - CommitChangedTests
05:32:25.045 [main] INFO  f.i.s.r.p.i.ProjectInspector - CheckoutPatchedBuildCandidate
05:32:25.045 [main] INFO  f.i.s.r.p.i.ProjectInspector - BuildProjectPatchedBuildCandidate
05:32:25.045 [main] INFO  f.i.s.r.p.i.ProjectInspector - TestProjectPatchedBuildCandidate
05:32:25.045 [main] INFO  f.i.s.r.p.i.ProjectInspector - GatherTestInformationPatchedBuildCandidate
05:32:25.045 [main] INFO  f.i.s.r.p.i.ProjectInspector - CommitPatch
05:32:25.045 [main] INFO  f.i.s.r.p.i.ProjectInspector - WritePropertyFile
05:32:25.045 [main] INFO  f.i.s.r.p.i.ProjectInspector - CommitProcessEnd
05:32:25.046 [main] INFO  f.i.s.r.p.i.ProjectInspector - PushProcessEnd
05:32:25.046 [main] DEBUG f.i.s.r.process.step.CloneRepository - ----------------------------------------------------------------------
05:32:25.046 [main] DEBUG f.i.s.r.process.step.CloneRepository - STEP 1/22: CloneRepository
05:32:25.046 [main] DEBUG f.i.s.r.process.step.CloneRepository - ----------------------------------------------------------------------
05:32:25.046 [main] DEBUG f.i.s.r.process.step.CloneRepository - Cloning repository batfish/batfish in the following directory: ./workspace/batfish/batfish/367499221
05:33:20.349 [main] DEBUG f.i.s.r.process.step.CloneRepository - STEP STATUS: [ CloneRepository : SUCCESS ]
05:33:20.350 [main] DEBUG f.i.s.r.process.step.CloneRepository - STEP DURATION: 55s
05:33:20.350 [main] DEBUG f.i.s.r.process.step.CloneRepository - EXECUTE NEXT STEP
05:33:20.350 [main] DEBUG f.i.s.r.p.s.c.CheckoutPatchedBuild - ----------------------------------------------------------------------
05:33:20.363 [main] DEBUG f.i.s.r.p.s.c.CheckoutPatchedBuild - STEP 2/22: CheckoutPatchedBuildCandidate
05:33:20.363 [main] DEBUG f.i.s.r.p.s.c.CheckoutPatchedBuild - ----------------------------------------------------------------------
05:33:20.363 [main] DEBUG f.i.s.r.p.s.c.CheckoutPatchedBuild - Checking out patched build candidate...
05:33:20.658 [main] INFO  fr.inria.jtravis.JTravis - GitHub ratelimit: Limit: 5000 Remaining: 4503 Reset hour: 19:40:33
05:33:23.411 [main] DEBUG f.i.s.r.p.s.c.CheckoutPatchedBuild - Reproduce the PR for batfish/batfish by fetching remote branch and merging.
05:33:24.261 [main] ERROR f.i.s.r.p.s.c.CheckoutPatchedBuild - Error while testing commit: org.eclipse.jgit.errors.MissingObjectException: Missing unknown b88534cb2f41019fa464bac1bf2778b6f4e80ddd
05:33:24.264 [main] ERROR f.i.s.r.p.s.c.CheckoutPatchedBuild - Commit head ref cannot be retrieved from the repository: b88534cb2f41019fa464bac1bf2778b6f4e80ddd. Operation aborted.
05:33:24.264 [main] ERROR f.i.s.r.p.s.c.CheckoutPatchedBuild - Error while merging two commits to reproduce the PR.
05:33:24.265 [main] DEBUG f.i.s.r.p.s.c.CheckoutPatchedBuild - STEP STATUS: [ CheckoutPatchedBuildCandidate : FAILURE ( BUILDNOTCHECKEDOUT ) ]
05:33:24.266 [main] DEBUG f.i.s.r.p.s.c.CheckoutPatchedBuild - STEP DURATION: 3s
05:33:24.266 [main] DEBUG f.i.s.r.p.s.c.CheckoutPatchedBuild - TERMINATE PIPELINE
05:33:24.266 [main] DEBUG f.i.s.r.p.s.c.CheckoutPatchedBuild - FINAL STEPS SKIPPED: The reproduction of the bug and/or the patch failed.
05:33:24.266 [main] INFO  f.i.s.r.p.s.c.CheckoutPatchedBuild - Serialize all data for the pair of builds 367499221, 367501025
05:33:24.376 [main] INFO  fr.inria.jtravis.JTravis - GitHub ratelimit: Limit: 5000 Remaining: 4487 Reset hour: 19:40:33
05:33:25.159 [main] INFO  f.i.s.r.p.i.ProjectInspector - ----------------------------------------------------------------------
05:33:25.159 [main] INFO  f.i.s.r.p.i.ProjectInspector - PIPELINE EXECUTION SUMMARY
05:33:25.159 [main] INFO  f.i.s.r.p.i.ProjectInspector - ----------------------------------------------------------------------
05:33:25.160 [main] INFO  f.i.s.r.p.i.ProjectInspector - CloneRepository.......................................SUCCESS [ 55 s ]
05:33:25.160 [main] INFO  f.i.s.r.p.i.ProjectInspector - CheckoutPatchedBuildCandidate.........................FAILURE [  3 s ]
05:33:25.160 [main] INFO  f.i.s.r.p.i.ProjectInspector - ComputeSourceDir......................................NOT RUN         
05:33:25.160 [main] INFO  f.i.s.r.p.i.ProjectInspector - ComputeTestDir........................................NOT RUN         
05:33:25.161 [main] INFO  f.i.s.r.p.i.ProjectInspector - CheckoutBuggyBuildCandidateSourceCode.................NOT RUN         
05:33:25.161 [main] INFO  f.i.s.r.p.i.ProjectInspector - BuildProjectBuggyBuildCandidateSourceCode.............NOT RUN         
05:33:25.161 [main] INFO  f.i.s.r.p.i.ProjectInspector - TestProjectBuggyBuildCandidateSourceCode..............NOT RUN         
05:33:25.161 [main] INFO  f.i.s.r.p.i.ProjectInspector - GatherTestInformationBuggyBuildCandidateSourceCode....NOT RUN         
05:33:25.161 [main] INFO  f.i.s.r.p.i.ProjectInspector - CheckoutBuggyBuildTestCode............................NOT RUN         
05:33:25.162 [main] INFO  f.i.s.r.p.i.ProjectInspector - InitRepoToPush........................................NOT RUN         
05:33:25.162 [main] INFO  f.i.s.r.p.i.ProjectInspector - ComputeClasspath......................................NOT RUN         
05:33:25.162 [main] INFO  f.i.s.r.p.i.ProjectInspector - ComputeModules........................................NOT RUN         
05:33:25.162 [main] INFO  f.i.s.r.p.i.ProjectInspector - CheckoutBuggyBuildCandidateSourceCode.................NOT RUN         
05:33:25.162 [main] INFO  f.i.s.r.p.i.ProjectInspector - CommitChangedTests....................................NOT RUN         
05:33:25.162 [main] INFO  f.i.s.r.p.i.ProjectInspector - CheckoutPatchedBuildCandidate.........................NOT RUN         
05:33:25.162 [main] INFO  f.i.s.r.p.i.ProjectInspector - BuildProjectPatchedBuildCandidate.....................NOT RUN         
05:33:25.162 [main] INFO  f.i.s.r.p.i.ProjectInspector - TestProjectPatchedBuildCandidate......................NOT RUN         
05:33:25.163 [main] INFO  f.i.s.r.p.i.ProjectInspector - GatherTestInformationPatchedBuildCandidate............NOT RUN         
05:33:25.163 [main] INFO  f.i.s.r.p.i.ProjectInspector - CommitPatch...........................................NOT RUN         
05:33:25.163 [main] INFO  f.i.s.r.p.i.ProjectInspector - WritePropertyFile.....................................NOT RUN         
05:33:25.163 [main] INFO  f.i.s.r.p.i.ProjectInspector - CommitProcessEnd......................................NOT RUN         
05:33:25.163 [main] INFO  f.i.s.r.p.i.ProjectInspector - PushProcessEnd........................................NOT RUN         
05:33:25.163 [main] INFO  f.i.s.r.p.i.ProjectInspector - ----------------------------------------------------------------------
05:33:25.163 [main] INFO  f.i.s.r.p.i.ProjectInspector - PIPELINE FINDING: BUILDNOTCHECKEDOUT
05:33:25.163 [main] INFO  f.i.s.r.p.i.ProjectInspector - ----------------------------------------------------------------------
05:33:25.163 [main] INFO  f.i.s.repairnator.pipeline.Launcher - Inspector is finished. The process will exit now.
