06:04:08.720 [main] INFO  f.i.s.repairnator.pipeline.Launcher - PIPELINE VERSION: 3.0-2018-08-09 19:04
06:04:08.832 [main] INFO  f.i.s.repairnator.pipeline.Launcher - The pipeline will try to reproduce a bug from build 366849049 and its corresponding patch from build 368365656
06:04:08.832 [main] INFO  f.i.s.repairnator.pipeline.Launcher - Initialize file serializer engines.
06:04:08.834 [main] INFO  f.i.s.repairnator.pipeline.Launcher - MongoDB won't be used for serialization.
06:04:08.834 [main] INFO  f.i.s.repairnator.pipeline.Launcher - The email notifier engine won't be used.
06:04:08.837 [main] INFO  f.i.s.repairnator.pipeline.Launcher - Start by getting the build (buildId: 366849049) with the following config: RepairnatorConfig{runId='ad552a0f-88dd-4063-97e7-719040591c67_04-18-week3-PASSING_AND_PASSING', launcherMode=BEARS, serializeJson=true, inputPath='null', outputPath='/var/log', mongodbHost='null', mongodbName='repairnator', smtpServer='null', notifyTo=[], notifyEndProcess=false, push=true, pushRemoteRepo='https://github.com/fermadeiral/bears-collection-pp', fork=false, lookFromDate=null, lookToDate=null, buildId=366849049, z3solverPath='./z3_for_linux', workspacePath='./workspace', githubToken='c8a341a903[...]', dockerImageName='null', skipDelete=false, createOutputDir=false, logDirectory='null', nbThreads=0, globalTimeout=0, whiteList=null, blackList=null, jobSleepTime=0, buildSleepTime=0, maxInspectedBuilds=0, duration=null, humanPatch=false, repository='null', clean=true, bearsMode=BOTH, bearsDelimiter = false, repairTools=NopolAllTests,NPEFix,AssertFixer,AstorJGenProg,AstorJKali,NopolSingleTest,AstorJMut,NopolTestExclusionStrategy, githubUserName= fermadeiral, githubUserEmail=fer.madeiral@gmail.com}
06:04:10.058 [main] DEBUG fr.inria.jtravis.helpers.BuildHelper - Get request to :https://api.travis-ci.org/build/366849049 done after 781 ms
06:04:10.351 [main] DEBUG fr.inria.jtravis.helpers.BuildHelper - Get request to :https://api.travis-ci.org/build/368365656 done after 154 ms
06:04:10.380 [main] INFO  f.i.s.repairnator.pipeline.Launcher - The patched build (368365656) was successfully retrieved from Travis.
06:04:11.700 [main] INFO  fr.inria.jtravis.JTravis - GitHub ratelimit: Limit: 5000 Remaining: 4738 Reset hour: 19:40:37
06:04:11.994 [main] INFO  f.i.s.r.p.i.ProjectInspector - ----------------------------------------------------------------------
06:04:11.995 [main] INFO  f.i.s.r.p.i.ProjectInspector - PIPELINE STEPS
06:04:11.995 [main] INFO  f.i.s.r.p.i.ProjectInspector - ----------------------------------------------------------------------
06:04:11.996 [main] INFO  f.i.s.r.p.i.ProjectInspector - CloneRepository
06:04:11.997 [main] INFO  f.i.s.r.p.i.ProjectInspector - CheckoutPatchedBuildCandidate
06:04:11.998 [main] INFO  f.i.s.r.p.i.ProjectInspector - ComputeSourceDir
06:04:11.999 [main] INFO  f.i.s.r.p.i.ProjectInspector - ComputeTestDir
06:04:12.000 [main] INFO  f.i.s.r.p.i.ProjectInspector - CheckoutBuggyBuildCandidateSourceCode
06:04:12.000 [main] INFO  f.i.s.r.p.i.ProjectInspector - BuildProjectBuggyBuildCandidateSourceCode
06:04:12.001 [main] INFO  f.i.s.r.p.i.ProjectInspector - TestProjectBuggyBuildCandidateSourceCode
06:04:12.002 [main] INFO  f.i.s.r.p.i.ProjectInspector - GatherTestInformationBuggyBuildCandidateSourceCode
06:04:12.003 [main] INFO  f.i.s.r.p.i.ProjectInspector - CheckoutBuggyBuildTestCode
06:04:12.003 [main] INFO  f.i.s.r.p.i.ProjectInspector - InitRepoToPush
06:04:12.004 [main] INFO  f.i.s.r.p.i.ProjectInspector - ComputeClasspath
06:04:12.004 [main] INFO  f.i.s.r.p.i.ProjectInspector - ComputeModules
06:04:12.005 [main] INFO  f.i.s.r.p.i.ProjectInspector - CheckoutBuggyBuildCandidateSourceCode
06:04:12.005 [main] INFO  f.i.s.r.p.i.ProjectInspector - CommitChangedTests
06:04:12.006 [main] INFO  f.i.s.r.p.i.ProjectInspector - CheckoutPatchedBuildCandidate
06:04:12.006 [main] INFO  f.i.s.r.p.i.ProjectInspector - BuildProjectPatchedBuildCandidate
06:04:12.007 [main] INFO  f.i.s.r.p.i.ProjectInspector - TestProjectPatchedBuildCandidate
06:04:12.007 [main] INFO  f.i.s.r.p.i.ProjectInspector - GatherTestInformationPatchedBuildCandidate
06:04:12.008 [main] INFO  f.i.s.r.p.i.ProjectInspector - CommitPatch
06:04:12.010 [main] INFO  f.i.s.r.p.i.ProjectInspector - WritePropertyFile
06:04:12.010 [main] INFO  f.i.s.r.p.i.ProjectInspector - CommitProcessEnd
06:04:12.011 [main] INFO  f.i.s.r.p.i.ProjectInspector - PushProcessEnd
06:04:12.012 [main] DEBUG f.i.s.r.process.step.CloneRepository - ----------------------------------------------------------------------
06:04:12.012 [main] DEBUG f.i.s.r.process.step.CloneRepository - STEP 1/22: CloneRepository
06:04:12.013 [main] DEBUG f.i.s.r.process.step.CloneRepository - ----------------------------------------------------------------------
06:04:12.014 [main] DEBUG f.i.s.r.process.step.CloneRepository - Cloning repository runelite/runelite in the following directory: ./workspace/runelite/runelite/366849049
06:04:24.116 [main] DEBUG f.i.s.r.process.step.CloneRepository - STEP STATUS: [ CloneRepository : SUCCESS ]
06:04:24.116 [main] DEBUG f.i.s.r.process.step.CloneRepository - STEP DURATION: 12s
06:04:24.117 [main] DEBUG f.i.s.r.process.step.CloneRepository - EXECUTE NEXT STEP
06:04:24.117 [main] DEBUG f.i.s.r.p.s.c.CheckoutPatchedBuild - ----------------------------------------------------------------------
06:04:24.117 [main] DEBUG f.i.s.r.p.s.c.CheckoutPatchedBuild - STEP 2/22: CheckoutPatchedBuildCandidate
06:04:24.118 [main] DEBUG f.i.s.r.p.s.c.CheckoutPatchedBuild - ----------------------------------------------------------------------
06:04:24.118 [main] DEBUG f.i.s.r.p.s.c.CheckoutPatchedBuild - Checking out patched build candidate...
06:04:24.450 [main] INFO  fr.inria.jtravis.JTravis - GitHub ratelimit: Limit: 5000 Remaining: 4732 Reset hour: 19:40:37
06:04:26.405 [main] DEBUG f.i.s.r.p.s.c.CheckoutPatchedBuild - Reproduce the PR for runelite/runelite by fetching remote branch and merging.
06:04:28.067 [main] ERROR f.i.s.r.p.s.c.CheckoutPatchedBuild - Error while testing commit: org.eclipse.jgit.errors.MissingObjectException: Missing unknown 9709902f6ca396204d8757513554e0fb7ec2812e
06:04:28.069 [main] ERROR f.i.s.r.p.s.c.CheckoutPatchedBuild - Error while testing commit: org.eclipse.jgit.errors.MissingObjectException: Missing unknown 355b2ebb80310c66882474bb5923e1465ac4b6b6
06:04:28.069 [main] ERROR f.i.s.r.p.s.c.CheckoutPatchedBuild - Commit head ref cannot be retrieved from the repository: 9709902f6ca396204d8757513554e0fb7ec2812e. Operation aborted.
06:04:28.070 [main] ERROR f.i.s.r.p.s.c.CheckoutPatchedBuild - Error while merging two commits to reproduce the PR.
06:04:28.071 [main] DEBUG f.i.s.r.p.s.c.CheckoutPatchedBuild - STEP STATUS: [ CheckoutPatchedBuildCandidate : FAILURE ( BUILDNOTCHECKEDOUT ) ]
06:04:28.072 [main] DEBUG f.i.s.r.p.s.c.CheckoutPatchedBuild - STEP DURATION: 3s
06:04:28.072 [main] DEBUG f.i.s.r.p.s.c.CheckoutPatchedBuild - TERMINATE PIPELINE
06:04:28.072 [main] DEBUG f.i.s.r.p.s.c.CheckoutPatchedBuild - FINAL STEPS SKIPPED: The reproduction of the bug and/or the patch failed.
06:04:28.073 [main] INFO  f.i.s.r.p.s.c.CheckoutPatchedBuild - Serialize all data for the pair of builds 366849049, 368365656
06:04:28.193 [main] INFO  fr.inria.jtravis.JTravis - GitHub ratelimit: Limit: 5000 Remaining: 4721 Reset hour: 19:40:37
06:04:29.111 [main] INFO  f.i.s.r.p.i.ProjectInspector - ----------------------------------------------------------------------
06:04:29.112 [main] INFO  f.i.s.r.p.i.ProjectInspector - PIPELINE EXECUTION SUMMARY
06:04:29.112 [main] INFO  f.i.s.r.p.i.ProjectInspector - ----------------------------------------------------------------------
06:04:29.112 [main] INFO  f.i.s.r.p.i.ProjectInspector - CloneRepository.......................................SUCCESS [ 12 s ]
06:04:29.113 [main] INFO  f.i.s.r.p.i.ProjectInspector - CheckoutPatchedBuildCandidate.........................FAILURE [  3 s ]
06:04:29.113 [main] INFO  f.i.s.r.p.i.ProjectInspector - ComputeSourceDir......................................NOT RUN         
06:04:29.114 [main] INFO  f.i.s.r.p.i.ProjectInspector - ComputeTestDir........................................NOT RUN         
06:04:29.114 [main] INFO  f.i.s.r.p.i.ProjectInspector - CheckoutBuggyBuildCandidateSourceCode.................NOT RUN         
06:04:29.115 [main] INFO  f.i.s.r.p.i.ProjectInspector - BuildProjectBuggyBuildCandidateSourceCode.............NOT RUN         
06:04:29.116 [main] INFO  f.i.s.r.p.i.ProjectInspector - TestProjectBuggyBuildCandidateSourceCode..............NOT RUN         
06:04:29.116 [main] INFO  f.i.s.r.p.i.ProjectInspector - GatherTestInformationBuggyBuildCandidateSourceCode....NOT RUN         
06:04:29.117 [main] INFO  f.i.s.r.p.i.ProjectInspector - CheckoutBuggyBuildTestCode............................NOT RUN         
06:04:29.117 [main] INFO  f.i.s.r.p.i.ProjectInspector - InitRepoToPush........................................NOT RUN         
06:04:29.117 [main] INFO  f.i.s.r.p.i.ProjectInspector - ComputeClasspath......................................NOT RUN         
06:04:29.118 [main] INFO  f.i.s.r.p.i.ProjectInspector - ComputeModules........................................NOT RUN         
06:04:29.118 [main] INFO  f.i.s.r.p.i.ProjectInspector - CheckoutBuggyBuildCandidateSourceCode.................NOT RUN         
06:04:29.119 [main] INFO  f.i.s.r.p.i.ProjectInspector - CommitChangedTests....................................NOT RUN         
06:04:29.119 [main] INFO  f.i.s.r.p.i.ProjectInspector - CheckoutPatchedBuildCandidate.........................NOT RUN         
06:04:29.119 [main] INFO  f.i.s.r.p.i.ProjectInspector - BuildProjectPatchedBuildCandidate.....................NOT RUN         
06:04:29.120 [main] INFO  f.i.s.r.p.i.ProjectInspector - TestProjectPatchedBuildCandidate......................NOT RUN         
06:04:29.120 [main] INFO  f.i.s.r.p.i.ProjectInspector - GatherTestInformationPatchedBuildCandidate............NOT RUN         
06:04:29.120 [main] INFO  f.i.s.r.p.i.ProjectInspector - CommitPatch...........................................NOT RUN         
06:04:29.121 [main] INFO  f.i.s.r.p.i.ProjectInspector - WritePropertyFile.....................................NOT RUN         
06:04:29.121 [main] INFO  f.i.s.r.p.i.ProjectInspector - CommitProcessEnd......................................NOT RUN         
06:04:29.121 [main] INFO  f.i.s.r.p.i.ProjectInspector - PushProcessEnd........................................NOT RUN         
06:04:29.122 [main] INFO  f.i.s.r.p.i.ProjectInspector - ----------------------------------------------------------------------
06:04:29.122 [main] INFO  f.i.s.r.p.i.ProjectInspector - PIPELINE FINDING: BUILDNOTCHECKEDOUT
06:04:29.122 [main] INFO  f.i.s.r.p.i.ProjectInspector - ----------------------------------------------------------------------
06:04:29.123 [main] INFO  f.i.s.repairnator.pipeline.Launcher - Inspector is finished. The process will exit now.
