06:19:36.492 [main] INFO  f.i.s.repairnator.pipeline.Launcher - PIPELINE VERSION: 3.0-2018-08-09 19:04
06:19:36.700 [main] INFO  f.i.s.repairnator.pipeline.Launcher - The pipeline will try to reproduce a bug from build 368303201 and its corresponding patch from build 368306261
06:19:36.701 [main] INFO  f.i.s.repairnator.pipeline.Launcher - Initialize file serializer engines.
06:19:36.703 [main] INFO  f.i.s.repairnator.pipeline.Launcher - MongoDB won't be used for serialization.
06:19:36.703 [main] INFO  f.i.s.repairnator.pipeline.Launcher - The email notifier engine won't be used.
06:19:36.706 [main] INFO  f.i.s.repairnator.pipeline.Launcher - Start by getting the build (buildId: 368303201) with the following config: RepairnatorConfig{runId='ad552a0f-88dd-4063-97e7-719040591c67_04-18-week3-PASSING_AND_PASSING', launcherMode=BEARS, serializeJson=true, inputPath='null', outputPath='/var/log', mongodbHost='null', mongodbName='repairnator', smtpServer='null', notifyTo=[], notifyEndProcess=false, push=true, pushRemoteRepo='https://github.com/fermadeiral/bears-collection-pp', fork=false, lookFromDate=null, lookToDate=null, buildId=368303201, z3solverPath='./z3_for_linux', workspacePath='./workspace', githubToken='c8a341a903[...]', dockerImageName='null', skipDelete=false, createOutputDir=false, logDirectory='null', nbThreads=0, globalTimeout=0, whiteList=null, blackList=null, jobSleepTime=0, buildSleepTime=0, maxInspectedBuilds=0, duration=null, humanPatch=false, repository='null', clean=true, bearsMode=BOTH, bearsDelimiter = false, repairTools=NopolAllTests,NPEFix,AssertFixer,AstorJGenProg,AstorJKali,NopolSingleTest,AstorJMut,NopolTestExclusionStrategy, githubUserName= fermadeiral, githubUserEmail=fer.madeiral@gmail.com}
06:19:37.886 [main] DEBUG fr.inria.jtravis.helpers.BuildHelper - Get request to :https://api.travis-ci.org/build/368303201 done after 760 ms
06:19:38.412 [main] DEBUG fr.inria.jtravis.helpers.BuildHelper - Get request to :https://api.travis-ci.org/build/368306261 done after 186 ms
06:19:38.434 [main] INFO  f.i.s.repairnator.pipeline.Launcher - The patched build (368306261) was successfully retrieved from Travis.
06:19:39.593 [main] INFO  fr.inria.jtravis.JTravis - GitHub ratelimit: Limit: 5000 Remaining: 4287 Reset hour: 19:40:37
06:19:39.828 [main] INFO  f.i.s.r.p.i.ProjectInspector - ----------------------------------------------------------------------
06:19:39.829 [main] INFO  f.i.s.r.p.i.ProjectInspector - PIPELINE STEPS
06:19:39.829 [main] INFO  f.i.s.r.p.i.ProjectInspector - ----------------------------------------------------------------------
06:19:39.829 [main] INFO  f.i.s.r.p.i.ProjectInspector - CloneRepository
06:19:39.829 [main] INFO  f.i.s.r.p.i.ProjectInspector - CheckoutPatchedBuildCandidate
06:19:39.829 [main] INFO  f.i.s.r.p.i.ProjectInspector - ComputeSourceDir
06:19:39.829 [main] INFO  f.i.s.r.p.i.ProjectInspector - ComputeTestDir
06:19:39.829 [main] INFO  f.i.s.r.p.i.ProjectInspector - CheckoutBuggyBuildCandidateSourceCode
06:19:39.830 [main] INFO  f.i.s.r.p.i.ProjectInspector - BuildProjectBuggyBuildCandidateSourceCode
06:19:39.830 [main] INFO  f.i.s.r.p.i.ProjectInspector - TestProjectBuggyBuildCandidateSourceCode
06:19:39.830 [main] INFO  f.i.s.r.p.i.ProjectInspector - GatherTestInformationBuggyBuildCandidateSourceCode
06:19:39.830 [main] INFO  f.i.s.r.p.i.ProjectInspector - CheckoutBuggyBuildTestCode
06:19:39.830 [main] INFO  f.i.s.r.p.i.ProjectInspector - InitRepoToPush
06:19:39.830 [main] INFO  f.i.s.r.p.i.ProjectInspector - ComputeClasspath
06:19:39.830 [main] INFO  f.i.s.r.p.i.ProjectInspector - ComputeModules
06:19:39.830 [main] INFO  f.i.s.r.p.i.ProjectInspector - CheckoutBuggyBuildCandidateSourceCode
06:19:39.831 [main] INFO  f.i.s.r.p.i.ProjectInspector - CommitChangedTests
06:19:39.831 [main] INFO  f.i.s.r.p.i.ProjectInspector - CheckoutPatchedBuildCandidate
06:19:39.831 [main] INFO  f.i.s.r.p.i.ProjectInspector - BuildProjectPatchedBuildCandidate
06:19:39.831 [main] INFO  f.i.s.r.p.i.ProjectInspector - TestProjectPatchedBuildCandidate
06:19:39.831 [main] INFO  f.i.s.r.p.i.ProjectInspector - GatherTestInformationPatchedBuildCandidate
06:19:39.831 [main] INFO  f.i.s.r.p.i.ProjectInspector - CommitPatch
06:19:39.832 [main] INFO  f.i.s.r.p.i.ProjectInspector - WritePropertyFile
06:19:39.832 [main] INFO  f.i.s.r.p.i.ProjectInspector - CommitProcessEnd
06:19:39.832 [main] INFO  f.i.s.r.p.i.ProjectInspector - PushProcessEnd
06:19:39.832 [main] DEBUG f.i.s.r.process.step.CloneRepository - ----------------------------------------------------------------------
06:19:39.832 [main] DEBUG f.i.s.r.process.step.CloneRepository - STEP 1/22: CloneRepository
06:19:39.833 [main] DEBUG f.i.s.r.process.step.CloneRepository - ----------------------------------------------------------------------
06:19:39.833 [main] DEBUG f.i.s.r.process.step.CloneRepository - Cloning repository CorfuDB/CorfuDB in the following directory: ./workspace/CorfuDB/CorfuDB/368303201
06:23:58.271 [main] DEBUG f.i.s.r.process.step.CloneRepository - STEP STATUS: [ CloneRepository : SUCCESS ]
06:23:58.271 [main] DEBUG f.i.s.r.process.step.CloneRepository - STEP DURATION: 258s
06:23:58.271 [main] DEBUG f.i.s.r.process.step.CloneRepository - EXECUTE NEXT STEP
06:23:58.272 [main] DEBUG f.i.s.r.p.s.c.CheckoutPatchedBuild - ----------------------------------------------------------------------
06:23:58.272 [main] DEBUG f.i.s.r.p.s.c.CheckoutPatchedBuild - STEP 2/22: CheckoutPatchedBuildCandidate
06:23:58.272 [main] DEBUG f.i.s.r.p.s.c.CheckoutPatchedBuild - ----------------------------------------------------------------------
06:23:58.272 [main] DEBUG f.i.s.r.p.s.c.CheckoutPatchedBuild - Checking out patched build candidate...
06:23:58.307 [main] ERROR f.i.s.r.p.s.c.CheckoutPatchedBuild - Error while testing commit: org.eclipse.jgit.errors.MissingObjectException: Missing unknown d755f7a11ce26140d3b5b7a4c9f3ef47b2dee309
06:23:58.307 [main] ERROR f.i.s.r.p.s.c.CheckoutPatchedBuild - Error while getting the commit to checkout from the repo.
06:23:58.308 [main] DEBUG f.i.s.r.p.s.c.CheckoutPatchedBuild - STEP STATUS: [ CheckoutPatchedBuildCandidate : FAILURE ( BUILDNOTCHECKEDOUT ) ]
06:23:58.309 [main] DEBUG f.i.s.r.p.s.c.CheckoutPatchedBuild - STEP DURATION: 0s
06:23:58.309 [main] DEBUG f.i.s.r.p.s.c.CheckoutPatchedBuild - TERMINATE PIPELINE
06:23:58.309 [main] DEBUG f.i.s.r.p.s.c.CheckoutPatchedBuild - FINAL STEPS SKIPPED: The reproduction of the bug and/or the patch failed.
06:23:58.310 [main] INFO  f.i.s.r.p.s.c.CheckoutPatchedBuild - Serialize all data for the pair of builds 368303201, 368306261
06:23:58.621 [main] INFO  fr.inria.jtravis.JTravis - GitHub ratelimit: Limit: 5000 Remaining: 4238 Reset hour: 19:40:37
06:23:59.151 [main] INFO  f.i.s.r.p.i.ProjectInspector - ----------------------------------------------------------------------
06:23:59.151 [main] INFO  f.i.s.r.p.i.ProjectInspector - PIPELINE EXECUTION SUMMARY
06:23:59.152 [main] INFO  f.i.s.r.p.i.ProjectInspector - ----------------------------------------------------------------------
06:23:59.152 [main] INFO  f.i.s.r.p.i.ProjectInspector - CloneRepository......................................SUCCESS [ 258 s ]
06:23:59.153 [main] INFO  f.i.s.r.p.i.ProjectInspector - CheckoutPatchedBuildCandidate........................FAILURE [   0 s ]
06:23:59.153 [main] INFO  f.i.s.r.p.i.ProjectInspector - ComputeSourceDir.....................................NOT RUN          
06:23:59.154 [main] INFO  f.i.s.r.p.i.ProjectInspector - ComputeTestDir.......................................NOT RUN          
06:23:59.154 [main] INFO  f.i.s.r.p.i.ProjectInspector - CheckoutBuggyBuildCandidateSourceCode................NOT RUN          
06:23:59.155 [main] INFO  f.i.s.r.p.i.ProjectInspector - BuildProjectBuggyBuildCandidateSourceCode............NOT RUN          
06:23:59.155 [main] INFO  f.i.s.r.p.i.ProjectInspector - TestProjectBuggyBuildCandidateSourceCode.............NOT RUN          
06:23:59.156 [main] INFO  f.i.s.r.p.i.ProjectInspector - GatherTestInformationBuggyBuildCandidateSourceCode...NOT RUN          
06:23:59.157 [main] INFO  f.i.s.r.p.i.ProjectInspector - CheckoutBuggyBuildTestCode...........................NOT RUN          
06:23:59.157 [main] INFO  f.i.s.r.p.i.ProjectInspector - InitRepoToPush.......................................NOT RUN          
06:23:59.157 [main] INFO  f.i.s.r.p.i.ProjectInspector - ComputeClasspath.....................................NOT RUN          
06:23:59.158 [main] INFO  f.i.s.r.p.i.ProjectInspector - ComputeModules.......................................NOT RUN          
06:23:59.158 [main] INFO  f.i.s.r.p.i.ProjectInspector - CheckoutBuggyBuildCandidateSourceCode................NOT RUN          
06:23:59.159 [main] INFO  f.i.s.r.p.i.ProjectInspector - CommitChangedTests...................................NOT RUN          
06:23:59.159 [main] INFO  f.i.s.r.p.i.ProjectInspector - CheckoutPatchedBuildCandidate........................NOT RUN          
06:23:59.160 [main] INFO  f.i.s.r.p.i.ProjectInspector - BuildProjectPatchedBuildCandidate....................NOT RUN          
06:23:59.160 [main] INFO  f.i.s.r.p.i.ProjectInspector - TestProjectPatchedBuildCandidate.....................NOT RUN          
06:23:59.161 [main] INFO  f.i.s.r.p.i.ProjectInspector - GatherTestInformationPatchedBuildCandidate...........NOT RUN          
06:23:59.161 [main] INFO  f.i.s.r.p.i.ProjectInspector - CommitPatch..........................................NOT RUN          
06:23:59.162 [main] INFO  f.i.s.r.p.i.ProjectInspector - WritePropertyFile....................................NOT RUN          
06:23:59.162 [main] INFO  f.i.s.r.p.i.ProjectInspector - CommitProcessEnd.....................................NOT RUN          
06:23:59.163 [main] INFO  f.i.s.r.p.i.ProjectInspector - PushProcessEnd.......................................NOT RUN          
06:23:59.163 [main] INFO  f.i.s.r.p.i.ProjectInspector - ----------------------------------------------------------------------
06:23:59.164 [main] INFO  f.i.s.r.p.i.ProjectInspector - PIPELINE FINDING: BUILDNOTCHECKEDOUT
06:23:59.164 [main] INFO  f.i.s.r.p.i.ProjectInspector - ----------------------------------------------------------------------
06:23:59.164 [main] INFO  f.i.s.repairnator.pipeline.Launcher - Inspector is finished. The process will exit now.
