09:48:49.223 [main] INFO  f.i.s.repairnator.pipeline.Launcher - PIPELINE VERSION: 3.0-2018-08-09 19:04
09:48:49.383 [main] INFO  f.i.s.repairnator.pipeline.Launcher - The pipeline will try to reproduce a bug from build 367600491 and its corresponding patch from build 367650788
09:48:49.384 [main] INFO  f.i.s.repairnator.pipeline.Launcher - Initialize file serializer engines.
09:48:49.386 [main] INFO  f.i.s.repairnator.pipeline.Launcher - MongoDB won't be used for serialization.
09:48:49.386 [main] INFO  f.i.s.repairnator.pipeline.Launcher - The email notifier engine won't be used.
09:48:49.390 [main] INFO  f.i.s.repairnator.pipeline.Launcher - Start by getting the build (buildId: 367600491) with the following config: RepairnatorConfig{runId='ad552a0f-88dd-4063-97e7-719040591c67_04-18-week3-PASSING_AND_PASSING', launcherMode=BEARS, serializeJson=true, inputPath='null', outputPath='/var/log', mongodbHost='null', mongodbName='repairnator', smtpServer='null', notifyTo=[], notifyEndProcess=false, push=true, pushRemoteRepo='https://github.com/fermadeiral/bears-collection-pp', fork=false, lookFromDate=null, lookToDate=null, buildId=367600491, z3solverPath='./z3_for_linux', workspacePath='./workspace', githubToken='c8a341a903[...]', dockerImageName='null', skipDelete=false, createOutputDir=false, logDirectory='null', nbThreads=0, globalTimeout=0, whiteList=null, blackList=null, jobSleepTime=0, buildSleepTime=0, maxInspectedBuilds=0, duration=null, humanPatch=false, repository='null', clean=true, bearsMode=BOTH, bearsDelimiter = false, repairTools=NopolAllTests,NPEFix,AssertFixer,AstorJGenProg,AstorJKali,NopolSingleTest,AstorJMut,NopolTestExclusionStrategy, githubUserName= fermadeiral, githubUserEmail=fer.madeiral@gmail.com}
09:48:50.729 [main] DEBUG fr.inria.jtravis.helpers.BuildHelper - Get request to :https://api.travis-ci.org/build/367600491 done after 798 ms
09:48:51.384 [main] DEBUG fr.inria.jtravis.helpers.BuildHelper - Get request to :https://api.travis-ci.org/build/367650788 done after 545 ms
09:48:51.394 [main] INFO  f.i.s.repairnator.pipeline.Launcher - The patched build (367650788) was successfully retrieved from Travis.
09:48:52.514 [main] INFO  fr.inria.jtravis.JTravis - GitHub ratelimit: Limit: 5000 Remaining: 4758 Reset hour: 19:40:48
09:48:52.789 [main] INFO  f.i.s.r.p.i.ProjectInspector - ----------------------------------------------------------------------
09:48:52.789 [main] INFO  f.i.s.r.p.i.ProjectInspector - PIPELINE STEPS
09:48:52.789 [main] INFO  f.i.s.r.p.i.ProjectInspector - ----------------------------------------------------------------------
09:48:52.789 [main] INFO  f.i.s.r.p.i.ProjectInspector - CloneRepository
09:48:52.789 [main] INFO  f.i.s.r.p.i.ProjectInspector - CheckoutPatchedBuildCandidate
09:48:52.790 [main] INFO  f.i.s.r.p.i.ProjectInspector - ComputeSourceDir
09:48:52.790 [main] INFO  f.i.s.r.p.i.ProjectInspector - ComputeTestDir
09:48:52.790 [main] INFO  f.i.s.r.p.i.ProjectInspector - CheckoutBuggyBuildCandidateSourceCode
09:48:52.790 [main] INFO  f.i.s.r.p.i.ProjectInspector - BuildProjectBuggyBuildCandidateSourceCode
09:48:52.790 [main] INFO  f.i.s.r.p.i.ProjectInspector - TestProjectBuggyBuildCandidateSourceCode
09:48:52.790 [main] INFO  f.i.s.r.p.i.ProjectInspector - GatherTestInformationBuggyBuildCandidateSourceCode
09:48:52.790 [main] INFO  f.i.s.r.p.i.ProjectInspector - CheckoutBuggyBuildTestCode
09:48:52.790 [main] INFO  f.i.s.r.p.i.ProjectInspector - InitRepoToPush
09:48:52.791 [main] INFO  f.i.s.r.p.i.ProjectInspector - ComputeClasspath
09:48:52.791 [main] INFO  f.i.s.r.p.i.ProjectInspector - ComputeModules
09:48:52.791 [main] INFO  f.i.s.r.p.i.ProjectInspector - CheckoutBuggyBuildCandidateSourceCode
09:48:52.791 [main] INFO  f.i.s.r.p.i.ProjectInspector - CommitChangedTests
09:48:52.791 [main] INFO  f.i.s.r.p.i.ProjectInspector - CheckoutPatchedBuildCandidate
09:48:52.791 [main] INFO  f.i.s.r.p.i.ProjectInspector - BuildProjectPatchedBuildCandidate
09:48:52.791 [main] INFO  f.i.s.r.p.i.ProjectInspector - TestProjectPatchedBuildCandidate
09:48:52.791 [main] INFO  f.i.s.r.p.i.ProjectInspector - GatherTestInformationPatchedBuildCandidate
09:48:52.792 [main] INFO  f.i.s.r.p.i.ProjectInspector - CommitPatch
09:48:52.792 [main] INFO  f.i.s.r.p.i.ProjectInspector - WritePropertyFile
09:48:52.792 [main] INFO  f.i.s.r.p.i.ProjectInspector - CommitProcessEnd
09:48:52.792 [main] INFO  f.i.s.r.p.i.ProjectInspector - PushProcessEnd
09:48:52.792 [main] DEBUG f.i.s.r.process.step.CloneRepository - ----------------------------------------------------------------------
09:48:52.792 [main] DEBUG f.i.s.r.process.step.CloneRepository - STEP 1/22: CloneRepository
09:48:52.793 [main] DEBUG f.i.s.r.process.step.CloneRepository - ----------------------------------------------------------------------
09:48:52.793 [main] DEBUG f.i.s.r.process.step.CloneRepository - Cloning repository openzipkin/zipkin in the following directory: ./workspace/openzipkin/zipkin/367600491
09:49:16.414 [main] DEBUG f.i.s.r.process.step.CloneRepository - STEP STATUS: [ CloneRepository : SUCCESS ]
09:49:16.415 [main] DEBUG f.i.s.r.process.step.CloneRepository - STEP DURATION: 23s
09:49:16.415 [main] DEBUG f.i.s.r.process.step.CloneRepository - EXECUTE NEXT STEP
09:49:16.416 [main] DEBUG f.i.s.r.p.s.c.CheckoutPatchedBuild - ----------------------------------------------------------------------
09:49:16.416 [main] DEBUG f.i.s.r.p.s.c.CheckoutPatchedBuild - STEP 2/22: CheckoutPatchedBuildCandidate
09:49:16.416 [main] DEBUG f.i.s.r.p.s.c.CheckoutPatchedBuild - ----------------------------------------------------------------------
09:49:16.416 [main] DEBUG f.i.s.r.p.s.c.CheckoutPatchedBuild - Checking out patched build candidate...
09:49:16.428 [main] ERROR f.i.s.r.p.s.c.CheckoutPatchedBuild - Error while testing commit: org.eclipse.jgit.errors.MissingObjectException: Missing unknown 425ab6acf01e90efda68ff8d70ac5285c7af207c
09:49:16.429 [main] ERROR f.i.s.r.p.s.c.CheckoutPatchedBuild - Error while getting the commit to checkout from the repo.
09:49:16.430 [main] DEBUG f.i.s.r.p.s.c.CheckoutPatchedBuild - STEP STATUS: [ CheckoutPatchedBuildCandidate : FAILURE ( BUILDNOTCHECKEDOUT ) ]
09:49:16.431 [main] DEBUG f.i.s.r.p.s.c.CheckoutPatchedBuild - STEP DURATION: 0s
09:49:16.431 [main] DEBUG f.i.s.r.p.s.c.CheckoutPatchedBuild - TERMINATE PIPELINE
09:49:16.431 [main] DEBUG f.i.s.r.p.s.c.CheckoutPatchedBuild - FINAL STEPS SKIPPED: The reproduction of the bug and/or the patch failed.
09:49:16.432 [main] INFO  f.i.s.r.p.s.c.CheckoutPatchedBuild - Serialize all data for the pair of builds 367600491, 367650788
09:49:16.767 [main] INFO  fr.inria.jtravis.JTravis - GitHub ratelimit: Limit: 5000 Remaining: 4757 Reset hour: 19:40:48
09:49:17.483 [main] INFO  f.i.s.r.p.i.ProjectInspector - ----------------------------------------------------------------------
09:49:17.483 [main] INFO  f.i.s.r.p.i.ProjectInspector - PIPELINE EXECUTION SUMMARY
09:49:17.484 [main] INFO  f.i.s.r.p.i.ProjectInspector - ----------------------------------------------------------------------
09:49:17.484 [main] INFO  f.i.s.r.p.i.ProjectInspector - CloneRepository.......................................SUCCESS [ 23 s ]
09:49:17.485 [main] INFO  f.i.s.r.p.i.ProjectInspector - CheckoutPatchedBuildCandidate.........................FAILURE [  0 s ]
09:49:17.485 [main] INFO  f.i.s.r.p.i.ProjectInspector - ComputeSourceDir......................................NOT RUN         
09:49:17.485 [main] INFO  f.i.s.r.p.i.ProjectInspector - ComputeTestDir........................................NOT RUN         
09:49:17.485 [main] INFO  f.i.s.r.p.i.ProjectInspector - CheckoutBuggyBuildCandidateSourceCode.................NOT RUN         
09:49:17.485 [main] INFO  f.i.s.r.p.i.ProjectInspector - BuildProjectBuggyBuildCandidateSourceCode.............NOT RUN         
09:49:17.486 [main] INFO  f.i.s.r.p.i.ProjectInspector - TestProjectBuggyBuildCandidateSourceCode..............NOT RUN         
09:49:17.486 [main] INFO  f.i.s.r.p.i.ProjectInspector - GatherTestInformationBuggyBuildCandidateSourceCode....NOT RUN         
09:49:17.486 [main] INFO  f.i.s.r.p.i.ProjectInspector - CheckoutBuggyBuildTestCode............................NOT RUN         
09:49:17.487 [main] INFO  f.i.s.r.p.i.ProjectInspector - InitRepoToPush........................................NOT RUN         
09:49:17.487 [main] INFO  f.i.s.r.p.i.ProjectInspector - ComputeClasspath......................................NOT RUN         
09:49:17.487 [main] INFO  f.i.s.r.p.i.ProjectInspector - ComputeModules........................................NOT RUN         
09:49:17.487 [main] INFO  f.i.s.r.p.i.ProjectInspector - CheckoutBuggyBuildCandidateSourceCode.................NOT RUN         
09:49:17.487 [main] INFO  f.i.s.r.p.i.ProjectInspector - CommitChangedTests....................................NOT RUN         
09:49:17.488 [main] INFO  f.i.s.r.p.i.ProjectInspector - CheckoutPatchedBuildCandidate.........................NOT RUN         
09:49:17.488 [main] INFO  f.i.s.r.p.i.ProjectInspector - BuildProjectPatchedBuildCandidate.....................NOT RUN         
09:49:17.488 [main] INFO  f.i.s.r.p.i.ProjectInspector - TestProjectPatchedBuildCandidate......................NOT RUN         
09:49:17.488 [main] INFO  f.i.s.r.p.i.ProjectInspector - GatherTestInformationPatchedBuildCandidate............NOT RUN         
09:49:17.489 [main] INFO  f.i.s.r.p.i.ProjectInspector - CommitPatch...........................................NOT RUN         
09:49:17.489 [main] INFO  f.i.s.r.p.i.ProjectInspector - WritePropertyFile.....................................NOT RUN         
09:49:17.489 [main] INFO  f.i.s.r.p.i.ProjectInspector - CommitProcessEnd......................................NOT RUN         
09:49:17.490 [main] INFO  f.i.s.r.p.i.ProjectInspector - PushProcessEnd........................................NOT RUN         
09:49:17.490 [main] INFO  f.i.s.r.p.i.ProjectInspector - ----------------------------------------------------------------------
09:49:17.490 [main] INFO  f.i.s.r.p.i.ProjectInspector - PIPELINE FINDING: BUILDNOTCHECKEDOUT
09:49:17.490 [main] INFO  f.i.s.r.p.i.ProjectInspector - ----------------------------------------------------------------------
09:49:17.491 [main] INFO  f.i.s.repairnator.pipeline.Launcher - Inspector is finished. The process will exit now.
