10:04:14.544 [main] INFO  f.i.s.repairnator.pipeline.Launcher - PIPELINE VERSION: 3.0-2018-08-09 19:04
10:04:14.714 [main] INFO  f.i.s.repairnator.pipeline.Launcher - The pipeline will try to reproduce a bug from build 367032254 and its corresponding patch from build 367187522
10:04:14.714 [main] INFO  f.i.s.repairnator.pipeline.Launcher - Initialize file serializer engines.
10:04:14.716 [main] INFO  f.i.s.repairnator.pipeline.Launcher - MongoDB won't be used for serialization.
10:04:14.717 [main] INFO  f.i.s.repairnator.pipeline.Launcher - The email notifier engine won't be used.
10:04:14.722 [main] INFO  f.i.s.repairnator.pipeline.Launcher - Start by getting the build (buildId: 367032254) with the following config: RepairnatorConfig{runId='ad552a0f-88dd-4063-97e7-719040591c67_04-18-week3-PASSING_AND_PASSING', launcherMode=BEARS, serializeJson=true, inputPath='null', outputPath='/var/log', mongodbHost='null', mongodbName='repairnator', smtpServer='null', notifyTo=[], notifyEndProcess=false, push=true, pushRemoteRepo='https://github.com/fermadeiral/bears-collection-pp', fork=false, lookFromDate=null, lookToDate=null, buildId=367032254, z3solverPath='./z3_for_linux', workspacePath='./workspace', githubToken='c8a341a903[...]', dockerImageName='null', skipDelete=false, createOutputDir=false, logDirectory='null', nbThreads=0, globalTimeout=0, whiteList=null, blackList=null, jobSleepTime=0, buildSleepTime=0, maxInspectedBuilds=0, duration=null, humanPatch=false, repository='null', clean=true, bearsMode=BOTH, bearsDelimiter = false, repairTools=NopolAllTests,NPEFix,AssertFixer,AstorJGenProg,AstorJKali,NopolSingleTest,AstorJMut,NopolTestExclusionStrategy, githubUserName= fermadeiral, githubUserEmail=fer.madeiral@gmail.com}
10:04:16.501 [main] DEBUG fr.inria.jtravis.helpers.BuildHelper - Get request to :https://api.travis-ci.org/build/367032254 done after 1201 ms
10:04:16.788 [main] DEBUG fr.inria.jtravis.helpers.BuildHelper - Get request to :https://api.travis-ci.org/build/367187522 done after 137 ms
10:04:16.799 [main] INFO  f.i.s.repairnator.pipeline.Launcher - The patched build (367187522) was successfully retrieved from Travis.
10:04:18.376 [main] INFO  fr.inria.jtravis.JTravis - GitHub ratelimit: Limit: 5000 Remaining: 4958 Reset hour: 19:40:51
10:04:18.787 [main] INFO  f.i.s.r.p.i.ProjectInspector - ----------------------------------------------------------------------
10:04:18.787 [main] INFO  f.i.s.r.p.i.ProjectInspector - PIPELINE STEPS
10:04:18.787 [main] INFO  f.i.s.r.p.i.ProjectInspector - ----------------------------------------------------------------------
10:04:18.788 [main] INFO  f.i.s.r.p.i.ProjectInspector - CloneRepository
10:04:18.788 [main] INFO  f.i.s.r.p.i.ProjectInspector - CheckoutPatchedBuildCandidate
10:04:18.788 [main] INFO  f.i.s.r.p.i.ProjectInspector - ComputeSourceDir
10:04:18.788 [main] INFO  f.i.s.r.p.i.ProjectInspector - ComputeTestDir
10:04:18.789 [main] INFO  f.i.s.r.p.i.ProjectInspector - CheckoutBuggyBuildCandidateSourceCode
10:04:18.789 [main] INFO  f.i.s.r.p.i.ProjectInspector - BuildProjectBuggyBuildCandidateSourceCode
10:04:18.789 [main] INFO  f.i.s.r.p.i.ProjectInspector - TestProjectBuggyBuildCandidateSourceCode
10:04:18.789 [main] INFO  f.i.s.r.p.i.ProjectInspector - GatherTestInformationBuggyBuildCandidateSourceCode
10:04:18.789 [main] INFO  f.i.s.r.p.i.ProjectInspector - CheckoutBuggyBuildTestCode
10:04:18.790 [main] INFO  f.i.s.r.p.i.ProjectInspector - InitRepoToPush
10:04:18.790 [main] INFO  f.i.s.r.p.i.ProjectInspector - ComputeClasspath
10:04:18.790 [main] INFO  f.i.s.r.p.i.ProjectInspector - ComputeModules
10:04:18.791 [main] INFO  f.i.s.r.p.i.ProjectInspector - CheckoutBuggyBuildCandidateSourceCode
10:04:18.791 [main] INFO  f.i.s.r.p.i.ProjectInspector - CommitChangedTests
10:04:18.791 [main] INFO  f.i.s.r.p.i.ProjectInspector - CheckoutPatchedBuildCandidate
10:04:18.791 [main] INFO  f.i.s.r.p.i.ProjectInspector - BuildProjectPatchedBuildCandidate
10:04:18.791 [main] INFO  f.i.s.r.p.i.ProjectInspector - TestProjectPatchedBuildCandidate
10:04:18.792 [main] INFO  f.i.s.r.p.i.ProjectInspector - GatherTestInformationPatchedBuildCandidate
10:04:18.792 [main] INFO  f.i.s.r.p.i.ProjectInspector - CommitPatch
10:04:18.795 [main] INFO  f.i.s.r.p.i.ProjectInspector - WritePropertyFile
10:04:18.797 [main] INFO  f.i.s.r.p.i.ProjectInspector - CommitProcessEnd
10:04:18.797 [main] INFO  f.i.s.r.p.i.ProjectInspector - PushProcessEnd
10:04:18.798 [main] DEBUG f.i.s.r.process.step.CloneRepository - ----------------------------------------------------------------------
10:04:18.798 [main] DEBUG f.i.s.r.process.step.CloneRepository - STEP 1/22: CloneRepository
10:04:18.799 [main] DEBUG f.i.s.r.process.step.CloneRepository - ----------------------------------------------------------------------
10:04:18.799 [main] DEBUG f.i.s.r.process.step.CloneRepository - Cloning repository openzipkin/zipkin in the following directory: ./workspace/openzipkin/zipkin/367032254
10:04:43.847 [main] DEBUG f.i.s.r.process.step.CloneRepository - STEP STATUS: [ CloneRepository : SUCCESS ]
10:04:43.848 [main] DEBUG f.i.s.r.process.step.CloneRepository - STEP DURATION: 25s
10:04:43.848 [main] DEBUG f.i.s.r.process.step.CloneRepository - EXECUTE NEXT STEP
10:04:43.848 [main] DEBUG f.i.s.r.p.s.c.CheckoutPatchedBuild - ----------------------------------------------------------------------
10:04:43.848 [main] DEBUG f.i.s.r.p.s.c.CheckoutPatchedBuild - STEP 2/22: CheckoutPatchedBuildCandidate
10:04:43.849 [main] DEBUG f.i.s.r.p.s.c.CheckoutPatchedBuild - ----------------------------------------------------------------------
10:04:43.849 [main] DEBUG f.i.s.r.p.s.c.CheckoutPatchedBuild - Checking out patched build candidate...
10:04:43.894 [main] ERROR f.i.s.r.p.s.c.CheckoutPatchedBuild - Error while testing commit: org.eclipse.jgit.errors.MissingObjectException: Missing unknown 8e12c4524f49a1055ad058af9da85909e803806c
10:04:43.895 [main] ERROR f.i.s.r.p.s.c.CheckoutPatchedBuild - Error while getting the commit to checkout from the repo.
10:04:43.896 [main] DEBUG f.i.s.r.p.s.c.CheckoutPatchedBuild - STEP STATUS: [ CheckoutPatchedBuildCandidate : FAILURE ( BUILDNOTCHECKEDOUT ) ]
10:04:43.896 [main] DEBUG f.i.s.r.p.s.c.CheckoutPatchedBuild - STEP DURATION: 0s
10:04:43.896 [main] DEBUG f.i.s.r.p.s.c.CheckoutPatchedBuild - TERMINATE PIPELINE
10:04:43.897 [main] DEBUG f.i.s.r.p.s.c.CheckoutPatchedBuild - FINAL STEPS SKIPPED: The reproduction of the bug and/or the patch failed.
10:04:43.897 [main] INFO  f.i.s.r.p.s.c.CheckoutPatchedBuild - Serialize all data for the pair of builds 367032254, 367187522
10:04:44.242 [main] INFO  fr.inria.jtravis.JTravis - GitHub ratelimit: Limit: 5000 Remaining: 4955 Reset hour: 19:40:51
10:04:44.880 [main] INFO  f.i.s.r.p.i.ProjectInspector - ----------------------------------------------------------------------
10:04:44.881 [main] INFO  f.i.s.r.p.i.ProjectInspector - PIPELINE EXECUTION SUMMARY
10:04:44.881 [main] INFO  f.i.s.r.p.i.ProjectInspector - ----------------------------------------------------------------------
10:04:44.882 [main] INFO  f.i.s.r.p.i.ProjectInspector - CloneRepository.......................................SUCCESS [ 25 s ]
10:04:44.882 [main] INFO  f.i.s.r.p.i.ProjectInspector - CheckoutPatchedBuildCandidate.........................FAILURE [  0 s ]
10:04:44.883 [main] INFO  f.i.s.r.p.i.ProjectInspector - ComputeSourceDir......................................NOT RUN         
10:04:44.883 [main] INFO  f.i.s.r.p.i.ProjectInspector - ComputeTestDir........................................NOT RUN         
10:04:44.883 [main] INFO  f.i.s.r.p.i.ProjectInspector - CheckoutBuggyBuildCandidateSourceCode.................NOT RUN         
10:04:44.884 [main] INFO  f.i.s.r.p.i.ProjectInspector - BuildProjectBuggyBuildCandidateSourceCode.............NOT RUN         
10:04:44.884 [main] INFO  f.i.s.r.p.i.ProjectInspector - TestProjectBuggyBuildCandidateSourceCode..............NOT RUN         
10:04:44.884 [main] INFO  f.i.s.r.p.i.ProjectInspector - GatherTestInformationBuggyBuildCandidateSourceCode....NOT RUN         
10:04:44.884 [main] INFO  f.i.s.r.p.i.ProjectInspector - CheckoutBuggyBuildTestCode............................NOT RUN         
10:04:44.885 [main] INFO  f.i.s.r.p.i.ProjectInspector - InitRepoToPush........................................NOT RUN         
10:04:44.885 [main] INFO  f.i.s.r.p.i.ProjectInspector - ComputeClasspath......................................NOT RUN         
10:04:44.885 [main] INFO  f.i.s.r.p.i.ProjectInspector - ComputeModules........................................NOT RUN         
10:04:44.885 [main] INFO  f.i.s.r.p.i.ProjectInspector - CheckoutBuggyBuildCandidateSourceCode.................NOT RUN         
10:04:44.886 [main] INFO  f.i.s.r.p.i.ProjectInspector - CommitChangedTests....................................NOT RUN         
10:04:44.886 [main] INFO  f.i.s.r.p.i.ProjectInspector - CheckoutPatchedBuildCandidate.........................NOT RUN         
10:04:44.886 [main] INFO  f.i.s.r.p.i.ProjectInspector - BuildProjectPatchedBuildCandidate.....................NOT RUN         
10:04:44.886 [main] INFO  f.i.s.r.p.i.ProjectInspector - TestProjectPatchedBuildCandidate......................NOT RUN         
10:04:44.887 [main] INFO  f.i.s.r.p.i.ProjectInspector - GatherTestInformationPatchedBuildCandidate............NOT RUN         
10:04:44.887 [main] INFO  f.i.s.r.p.i.ProjectInspector - CommitPatch...........................................NOT RUN         
10:04:44.887 [main] INFO  f.i.s.r.p.i.ProjectInspector - WritePropertyFile.....................................NOT RUN         
10:04:44.887 [main] INFO  f.i.s.r.p.i.ProjectInspector - CommitProcessEnd......................................NOT RUN         
10:04:44.888 [main] INFO  f.i.s.r.p.i.ProjectInspector - PushProcessEnd........................................NOT RUN         
10:04:44.888 [main] INFO  f.i.s.r.p.i.ProjectInspector - ----------------------------------------------------------------------
10:04:44.888 [main] INFO  f.i.s.r.p.i.ProjectInspector - PIPELINE FINDING: BUILDNOTCHECKEDOUT
10:04:44.888 [main] INFO  f.i.s.r.p.i.ProjectInspector - ----------------------------------------------------------------------
10:04:44.888 [main] INFO  f.i.s.repairnator.pipeline.Launcher - Inspector is finished. The process will exit now.
