08:52:44.464 [main] INFO  f.i.s.repairnator.pipeline.Launcher - PIPELINE VERSION: 3.0-2018-08-09 19:04
08:52:44.682 [main] INFO  f.i.s.repairnator.pipeline.Launcher - The pipeline will try to reproduce a bug from build 368760173 and its corresponding patch from build 369129176
08:52:44.682 [main] INFO  f.i.s.repairnator.pipeline.Launcher - Initialize file serializer engines.
08:52:44.684 [main] INFO  f.i.s.repairnator.pipeline.Launcher - MongoDB won't be used for serialization.
08:52:44.684 [main] INFO  f.i.s.repairnator.pipeline.Launcher - The email notifier engine won't be used.
08:52:44.687 [main] INFO  f.i.s.repairnator.pipeline.Launcher - Start by getting the build (buildId: 368760173) with the following config: RepairnatorConfig{runId='ad552a0f-88dd-4063-97e7-719040591c67_04-18-week3-PASSING_AND_PASSING', launcherMode=BEARS, serializeJson=true, inputPath='null', outputPath='/var/log', mongodbHost='null', mongodbName='repairnator', smtpServer='null', notifyTo=[], notifyEndProcess=false, push=true, pushRemoteRepo='https://github.com/fermadeiral/bears-collection-pp', fork=false, lookFromDate=null, lookToDate=null, buildId=368760173, z3solverPath='./z3_for_linux', workspacePath='./workspace', githubToken='c8a341a903[...]', dockerImageName='null', skipDelete=false, createOutputDir=false, logDirectory='null', nbThreads=0, globalTimeout=0, whiteList=null, blackList=null, jobSleepTime=0, buildSleepTime=0, maxInspectedBuilds=0, duration=null, humanPatch=false, repository='null', clean=true, bearsMode=BOTH, bearsDelimiter = false, repairTools=NopolAllTests,NPEFix,AssertFixer,AstorJGenProg,AstorJKali,NopolSingleTest,AstorJMut,NopolTestExclusionStrategy, githubUserName= fermadeiral, githubUserEmail=fer.madeiral@gmail.com}
08:52:46.120 [main] DEBUG fr.inria.jtravis.helpers.BuildHelper - Get request to :https://api.travis-ci.org/build/368760173 done after 899 ms
08:52:46.445 [main] DEBUG fr.inria.jtravis.helpers.BuildHelper - Get request to :https://api.travis-ci.org/build/369129176 done after 146 ms
08:52:46.472 [main] INFO  f.i.s.repairnator.pipeline.Launcher - The patched build (369129176) was successfully retrieved from Travis.
08:52:47.944 [main] INFO  fr.inria.jtravis.JTravis - GitHub ratelimit: Limit: 5000 Remaining: 4538 Reset hour: 19:40:44
08:52:48.257 [main] INFO  f.i.s.r.p.i.ProjectInspector - ----------------------------------------------------------------------
08:52:48.258 [main] INFO  f.i.s.r.p.i.ProjectInspector - PIPELINE STEPS
08:52:48.258 [main] INFO  f.i.s.r.p.i.ProjectInspector - ----------------------------------------------------------------------
08:52:48.258 [main] INFO  f.i.s.r.p.i.ProjectInspector - CloneRepository
08:52:48.258 [main] INFO  f.i.s.r.p.i.ProjectInspector - CheckoutPatchedBuildCandidate
08:52:48.259 [main] INFO  f.i.s.r.p.i.ProjectInspector - ComputeSourceDir
08:52:48.259 [main] INFO  f.i.s.r.p.i.ProjectInspector - ComputeTestDir
08:52:48.259 [main] INFO  f.i.s.r.p.i.ProjectInspector - CheckoutBuggyBuildCandidateSourceCode
08:52:48.259 [main] INFO  f.i.s.r.p.i.ProjectInspector - BuildProjectBuggyBuildCandidateSourceCode
08:52:48.260 [main] INFO  f.i.s.r.p.i.ProjectInspector - TestProjectBuggyBuildCandidateSourceCode
08:52:48.260 [main] INFO  f.i.s.r.p.i.ProjectInspector - GatherTestInformationBuggyBuildCandidateSourceCode
08:52:48.260 [main] INFO  f.i.s.r.p.i.ProjectInspector - CheckoutBuggyBuildTestCode
08:52:48.260 [main] INFO  f.i.s.r.p.i.ProjectInspector - InitRepoToPush
08:52:48.260 [main] INFO  f.i.s.r.p.i.ProjectInspector - ComputeClasspath
08:52:48.261 [main] INFO  f.i.s.r.p.i.ProjectInspector - ComputeModules
08:52:48.261 [main] INFO  f.i.s.r.p.i.ProjectInspector - CheckoutBuggyBuildCandidateSourceCode
08:52:48.261 [main] INFO  f.i.s.r.p.i.ProjectInspector - CommitChangedTests
08:52:48.261 [main] INFO  f.i.s.r.p.i.ProjectInspector - CheckoutPatchedBuildCandidate
08:52:48.262 [main] INFO  f.i.s.r.p.i.ProjectInspector - BuildProjectPatchedBuildCandidate
08:52:48.262 [main] INFO  f.i.s.r.p.i.ProjectInspector - TestProjectPatchedBuildCandidate
08:52:48.262 [main] INFO  f.i.s.r.p.i.ProjectInspector - GatherTestInformationPatchedBuildCandidate
08:52:48.262 [main] INFO  f.i.s.r.p.i.ProjectInspector - CommitPatch
08:52:48.263 [main] INFO  f.i.s.r.p.i.ProjectInspector - WritePropertyFile
08:52:48.263 [main] INFO  f.i.s.r.p.i.ProjectInspector - CommitProcessEnd
08:52:48.263 [main] INFO  f.i.s.r.p.i.ProjectInspector - PushProcessEnd
08:52:48.264 [main] DEBUG f.i.s.r.process.step.CloneRepository - ----------------------------------------------------------------------
08:52:48.264 [main] DEBUG f.i.s.r.process.step.CloneRepository - STEP 1/22: CloneRepository
08:52:48.264 [main] DEBUG f.i.s.r.process.step.CloneRepository - ----------------------------------------------------------------------
08:52:48.265 [main] DEBUG f.i.s.r.process.step.CloneRepository - Cloning repository ga4gh/dockstore in the following directory: ./workspace/ga4gh/dockstore/368760173
08:52:57.937 [main] DEBUG f.i.s.r.process.step.CloneRepository - STEP STATUS: [ CloneRepository : SUCCESS ]
08:52:57.937 [main] DEBUG f.i.s.r.process.step.CloneRepository - STEP DURATION: 9s
08:52:57.938 [main] DEBUG f.i.s.r.process.step.CloneRepository - EXECUTE NEXT STEP
08:52:57.938 [main] DEBUG f.i.s.r.p.s.c.CheckoutPatchedBuild - ----------------------------------------------------------------------
08:52:57.938 [main] DEBUG f.i.s.r.p.s.c.CheckoutPatchedBuild - STEP 2/22: CheckoutPatchedBuildCandidate
08:52:57.938 [main] DEBUG f.i.s.r.p.s.c.CheckoutPatchedBuild - ----------------------------------------------------------------------
08:52:57.938 [main] DEBUG f.i.s.r.p.s.c.CheckoutPatchedBuild - Checking out patched build candidate...
08:52:57.948 [main] ERROR f.i.s.r.p.s.c.CheckoutPatchedBuild - Error while testing commit: org.eclipse.jgit.errors.MissingObjectException: Missing unknown 86b8ff093c979bfbda726e2afe649895dacb51f8
08:52:57.949 [main] ERROR f.i.s.r.p.s.c.CheckoutPatchedBuild - Error while getting the commit to checkout from the repo.
08:52:57.949 [main] DEBUG f.i.s.r.p.s.c.CheckoutPatchedBuild - STEP STATUS: [ CheckoutPatchedBuildCandidate : FAILURE ( BUILDNOTCHECKEDOUT ) ]
08:52:57.950 [main] DEBUG f.i.s.r.p.s.c.CheckoutPatchedBuild - STEP DURATION: 0s
08:52:57.950 [main] DEBUG f.i.s.r.p.s.c.CheckoutPatchedBuild - TERMINATE PIPELINE
08:52:57.950 [main] DEBUG f.i.s.r.p.s.c.CheckoutPatchedBuild - FINAL STEPS SKIPPED: The reproduction of the bug and/or the patch failed.
08:52:57.950 [main] INFO  f.i.s.r.p.s.c.CheckoutPatchedBuild - Serialize all data for the pair of builds 368760173, 369129176
08:52:58.261 [main] INFO  fr.inria.jtravis.JTravis - GitHub ratelimit: Limit: 5000 Remaining: 4537 Reset hour: 19:40:44
08:52:58.719 [main] INFO  f.i.s.r.p.i.ProjectInspector - ----------------------------------------------------------------------
08:52:58.719 [main] INFO  f.i.s.r.p.i.ProjectInspector - PIPELINE EXECUTION SUMMARY
08:52:58.719 [main] INFO  f.i.s.r.p.i.ProjectInspector - ----------------------------------------------------------------------
08:52:58.720 [main] INFO  f.i.s.r.p.i.ProjectInspector - CloneRepository........................................SUCCESS [ 9 s ]
08:52:58.720 [main] INFO  f.i.s.r.p.i.ProjectInspector - CheckoutPatchedBuildCandidate..........................FAILURE [ 0 s ]
08:52:58.720 [main] INFO  f.i.s.r.p.i.ProjectInspector - ComputeSourceDir.......................................NOT RUN        
08:52:58.720 [main] INFO  f.i.s.r.p.i.ProjectInspector - ComputeTestDir.........................................NOT RUN        
08:52:58.720 [main] INFO  f.i.s.r.p.i.ProjectInspector - CheckoutBuggyBuildCandidateSourceCode..................NOT RUN        
08:52:58.721 [main] INFO  f.i.s.r.p.i.ProjectInspector - BuildProjectBuggyBuildCandidateSourceCode..............NOT RUN        
08:52:58.721 [main] INFO  f.i.s.r.p.i.ProjectInspector - TestProjectBuggyBuildCandidateSourceCode...............NOT RUN        
08:52:58.721 [main] INFO  f.i.s.r.p.i.ProjectInspector - GatherTestInformationBuggyBuildCandidateSourceCode.....NOT RUN        
08:52:58.721 [main] INFO  f.i.s.r.p.i.ProjectInspector - CheckoutBuggyBuildTestCode.............................NOT RUN        
08:52:58.721 [main] INFO  f.i.s.r.p.i.ProjectInspector - InitRepoToPush.........................................NOT RUN        
08:52:58.721 [main] INFO  f.i.s.r.p.i.ProjectInspector - ComputeClasspath.......................................NOT RUN        
08:52:58.722 [main] INFO  f.i.s.r.p.i.ProjectInspector - ComputeModules.........................................NOT RUN        
08:52:58.722 [main] INFO  f.i.s.r.p.i.ProjectInspector - CheckoutBuggyBuildCandidateSourceCode..................NOT RUN        
08:52:58.722 [main] INFO  f.i.s.r.p.i.ProjectInspector - CommitChangedTests.....................................NOT RUN        
08:52:58.722 [main] INFO  f.i.s.r.p.i.ProjectInspector - CheckoutPatchedBuildCandidate..........................NOT RUN        
08:52:58.722 [main] INFO  f.i.s.r.p.i.ProjectInspector - BuildProjectPatchedBuildCandidate......................NOT RUN        
08:52:58.722 [main] INFO  f.i.s.r.p.i.ProjectInspector - TestProjectPatchedBuildCandidate.......................NOT RUN        
08:52:58.722 [main] INFO  f.i.s.r.p.i.ProjectInspector - GatherTestInformationPatchedBuildCandidate.............NOT RUN        
08:52:58.722 [main] INFO  f.i.s.r.p.i.ProjectInspector - CommitPatch............................................NOT RUN        
08:52:58.723 [main] INFO  f.i.s.r.p.i.ProjectInspector - WritePropertyFile......................................NOT RUN        
08:52:58.723 [main] INFO  f.i.s.r.p.i.ProjectInspector - CommitProcessEnd.......................................NOT RUN        
08:52:58.723 [main] INFO  f.i.s.r.p.i.ProjectInspector - PushProcessEnd.........................................NOT RUN        
08:52:58.723 [main] INFO  f.i.s.r.p.i.ProjectInspector - ----------------------------------------------------------------------
08:52:58.723 [main] INFO  f.i.s.r.p.i.ProjectInspector - PIPELINE FINDING: BUILDNOTCHECKEDOUT
08:52:58.723 [main] INFO  f.i.s.r.p.i.ProjectInspector - ----------------------------------------------------------------------
08:52:58.723 [main] INFO  f.i.s.repairnator.pipeline.Launcher - Inspector is finished. The process will exit now.
