03:34:35.252 [main] INFO  f.i.s.repairnator.pipeline.Launcher - PIPELINE VERSION: 3.0-2018-08-09 19:04
03:34:35.382 [main] INFO  f.i.s.repairnator.pipeline.Launcher - The pipeline will try to reproduce a bug from build 368775379 and its corresponding patch from build 368852020
03:34:35.383 [main] INFO  f.i.s.repairnator.pipeline.Launcher - Initialize file serializer engines.
03:34:35.385 [main] INFO  f.i.s.repairnator.pipeline.Launcher - MongoDB won't be used for serialization.
03:34:35.385 [main] INFO  f.i.s.repairnator.pipeline.Launcher - The email notifier engine won't be used.
03:34:35.388 [main] INFO  f.i.s.repairnator.pipeline.Launcher - Start by getting the build (buildId: 368775379) with the following config: RepairnatorConfig{runId='ad552a0f-88dd-4063-97e7-719040591c67_04-18-week3-PASSING_AND_PASSING', launcherMode=BEARS, serializeJson=true, inputPath='null', outputPath='/var/log', mongodbHost='null', mongodbName='repairnator', smtpServer='null', notifyTo=[], notifyEndProcess=false, push=true, pushRemoteRepo='https://github.com/fermadeiral/bears-collection-pp', fork=false, lookFromDate=null, lookToDate=null, buildId=368775379, z3solverPath='./z3_for_linux', workspacePath='./workspace', githubToken='c8a341a903[...]', dockerImageName='null', skipDelete=false, createOutputDir=false, logDirectory='null', nbThreads=0, globalTimeout=0, whiteList=null, blackList=null, jobSleepTime=0, buildSleepTime=0, maxInspectedBuilds=0, duration=null, humanPatch=false, repository='null', clean=true, bearsMode=BOTH, bearsDelimiter = false, repairTools=NopolAllTests,NPEFix,AssertFixer,AstorJGenProg,AstorJKali,NopolSingleTest,AstorJMut,NopolTestExclusionStrategy, githubUserName= fermadeiral, githubUserEmail=fer.madeiral@gmail.com}
03:34:36.573 [main] DEBUG fr.inria.jtravis.helpers.BuildHelper - Get request to :https://api.travis-ci.org/build/368775379 done after 773 ms
03:34:36.793 [main] DEBUG fr.inria.jtravis.helpers.BuildHelper - Get request to :https://api.travis-ci.org/build/368852020 done after 133 ms
03:34:36.805 [main] INFO  f.i.s.repairnator.pipeline.Launcher - The patched build (368852020) was successfully retrieved from Travis.
03:34:37.846 [main] INFO  fr.inria.jtravis.JTravis - GitHub ratelimit: Limit: 5000 Remaining: 4886 Reset hour: 19:40:26
03:34:38.113 [main] INFO  f.i.s.r.p.i.ProjectInspector - ----------------------------------------------------------------------
03:34:38.113 [main] INFO  f.i.s.r.p.i.ProjectInspector - PIPELINE STEPS
03:34:38.113 [main] INFO  f.i.s.r.p.i.ProjectInspector - ----------------------------------------------------------------------
03:34:38.113 [main] INFO  f.i.s.r.p.i.ProjectInspector - CloneRepository
03:34:38.114 [main] INFO  f.i.s.r.p.i.ProjectInspector - CheckoutPatchedBuildCandidate
03:34:38.114 [main] INFO  f.i.s.r.p.i.ProjectInspector - ComputeSourceDir
03:34:38.114 [main] INFO  f.i.s.r.p.i.ProjectInspector - ComputeTestDir
03:34:38.114 [main] INFO  f.i.s.r.p.i.ProjectInspector - CheckoutBuggyBuildCandidateSourceCode
03:34:38.114 [main] INFO  f.i.s.r.p.i.ProjectInspector - BuildProjectBuggyBuildCandidateSourceCode
03:34:38.114 [main] INFO  f.i.s.r.p.i.ProjectInspector - TestProjectBuggyBuildCandidateSourceCode
03:34:38.115 [main] INFO  f.i.s.r.p.i.ProjectInspector - GatherTestInformationBuggyBuildCandidateSourceCode
03:34:38.115 [main] INFO  f.i.s.r.p.i.ProjectInspector - CheckoutBuggyBuildTestCode
03:34:38.115 [main] INFO  f.i.s.r.p.i.ProjectInspector - InitRepoToPush
03:34:38.115 [main] INFO  f.i.s.r.p.i.ProjectInspector - ComputeClasspath
03:34:38.115 [main] INFO  f.i.s.r.p.i.ProjectInspector - ComputeModules
03:34:38.115 [main] INFO  f.i.s.r.p.i.ProjectInspector - CheckoutBuggyBuildCandidateSourceCode
03:34:38.115 [main] INFO  f.i.s.r.p.i.ProjectInspector - CommitChangedTests
03:34:38.115 [main] INFO  f.i.s.r.p.i.ProjectInspector - CheckoutPatchedBuildCandidate
03:34:38.116 [main] INFO  f.i.s.r.p.i.ProjectInspector - BuildProjectPatchedBuildCandidate
03:34:38.116 [main] INFO  f.i.s.r.p.i.ProjectInspector - TestProjectPatchedBuildCandidate
03:34:38.116 [main] INFO  f.i.s.r.p.i.ProjectInspector - GatherTestInformationPatchedBuildCandidate
03:34:38.116 [main] INFO  f.i.s.r.p.i.ProjectInspector - CommitPatch
03:34:38.117 [main] INFO  f.i.s.r.p.i.ProjectInspector - WritePropertyFile
03:34:38.117 [main] INFO  f.i.s.r.p.i.ProjectInspector - CommitProcessEnd
03:34:38.118 [main] INFO  f.i.s.r.p.i.ProjectInspector - PushProcessEnd
03:34:38.118 [main] DEBUG f.i.s.r.process.step.CloneRepository - ----------------------------------------------------------------------
03:34:38.119 [main] DEBUG f.i.s.r.process.step.CloneRepository - STEP 1/22: CloneRepository
03:34:38.119 [main] DEBUG f.i.s.r.process.step.CloneRepository - ----------------------------------------------------------------------
03:34:38.119 [main] DEBUG f.i.s.r.process.step.CloneRepository - Cloning repository prestodb/presto in the following directory: ./workspace/prestodb/presto/368775379
03:35:25.354 [main] DEBUG f.i.s.r.process.step.CloneRepository - STEP STATUS: [ CloneRepository : SUCCESS ]
03:35:25.354 [main] DEBUG f.i.s.r.process.step.CloneRepository - STEP DURATION: 47s
03:35:25.355 [main] DEBUG f.i.s.r.process.step.CloneRepository - EXECUTE NEXT STEP
03:35:25.355 [main] DEBUG f.i.s.r.p.s.c.CheckoutPatchedBuild - ----------------------------------------------------------------------
03:35:25.355 [main] DEBUG f.i.s.r.p.s.c.CheckoutPatchedBuild - STEP 2/22: CheckoutPatchedBuildCandidate
03:35:25.355 [main] DEBUG f.i.s.r.p.s.c.CheckoutPatchedBuild - ----------------------------------------------------------------------
03:35:25.356 [main] DEBUG f.i.s.r.p.s.c.CheckoutPatchedBuild - Checking out patched build candidate...
03:35:25.713 [main] INFO  fr.inria.jtravis.JTravis - GitHub ratelimit: Limit: 5000 Remaining: 4885 Reset hour: 19:40:26
03:35:28.034 [main] DEBUG f.i.s.r.p.s.c.CheckoutPatchedBuild - Reproduce the PR for prestodb/presto by fetching remote branch and merging.
03:35:29.601 [main] ERROR f.i.s.r.p.s.c.CheckoutPatchedBuild - Error while testing commit: org.eclipse.jgit.errors.MissingObjectException: Missing unknown 3fc64c823f2a58f2ebb64eef871beeca9e3c4322
03:35:29.602 [main] ERROR f.i.s.r.p.s.c.CheckoutPatchedBuild - Commit head ref cannot be retrieved from the repository: 3fc64c823f2a58f2ebb64eef871beeca9e3c4322. Operation aborted.
03:35:29.602 [main] ERROR f.i.s.r.p.s.c.CheckoutPatchedBuild - Error while merging two commits to reproduce the PR.
03:35:29.603 [main] DEBUG f.i.s.r.p.s.c.CheckoutPatchedBuild - STEP STATUS: [ CheckoutPatchedBuildCandidate : FAILURE ( BUILDNOTCHECKEDOUT ) ]
03:35:29.604 [main] DEBUG f.i.s.r.p.s.c.CheckoutPatchedBuild - STEP DURATION: 4s
03:35:29.604 [main] DEBUG f.i.s.r.p.s.c.CheckoutPatchedBuild - TERMINATE PIPELINE
03:35:29.605 [main] DEBUG f.i.s.r.p.s.c.CheckoutPatchedBuild - FINAL STEPS SKIPPED: The reproduction of the bug and/or the patch failed.
03:35:29.605 [main] INFO  f.i.s.r.p.s.c.CheckoutPatchedBuild - Serialize all data for the pair of builds 368775379, 368852020
03:35:29.730 [main] INFO  fr.inria.jtravis.JTravis - GitHub ratelimit: Limit: 5000 Remaining: 4878 Reset hour: 19:40:26
03:35:31.041 [main] INFO  f.i.s.r.p.i.ProjectInspector - ----------------------------------------------------------------------
03:35:31.043 [main] INFO  f.i.s.r.p.i.ProjectInspector - PIPELINE EXECUTION SUMMARY
03:35:31.043 [main] INFO  f.i.s.r.p.i.ProjectInspector - ----------------------------------------------------------------------
03:35:31.043 [main] INFO  f.i.s.r.p.i.ProjectInspector - CloneRepository.......................................SUCCESS [ 47 s ]
03:35:31.044 [main] INFO  f.i.s.r.p.i.ProjectInspector - CheckoutPatchedBuildCandidate.........................FAILURE [  4 s ]
03:35:31.044 [main] INFO  f.i.s.r.p.i.ProjectInspector - ComputeSourceDir......................................NOT RUN         
03:35:31.044 [main] INFO  f.i.s.r.p.i.ProjectInspector - ComputeTestDir........................................NOT RUN         
03:35:31.045 [main] INFO  f.i.s.r.p.i.ProjectInspector - CheckoutBuggyBuildCandidateSourceCode.................NOT RUN         
03:35:31.046 [main] INFO  f.i.s.r.p.i.ProjectInspector - BuildProjectBuggyBuildCandidateSourceCode.............NOT RUN         
03:35:31.046 [main] INFO  f.i.s.r.p.i.ProjectInspector - TestProjectBuggyBuildCandidateSourceCode..............NOT RUN         
03:35:31.046 [main] INFO  f.i.s.r.p.i.ProjectInspector - GatherTestInformationBuggyBuildCandidateSourceCode....NOT RUN         
03:35:31.046 [main] INFO  f.i.s.r.p.i.ProjectInspector - CheckoutBuggyBuildTestCode............................NOT RUN         
03:35:31.047 [main] INFO  f.i.s.r.p.i.ProjectInspector - InitRepoToPush........................................NOT RUN         
03:35:31.047 [main] INFO  f.i.s.r.p.i.ProjectInspector - ComputeClasspath......................................NOT RUN         
03:35:31.047 [main] INFO  f.i.s.r.p.i.ProjectInspector - ComputeModules........................................NOT RUN         
03:35:31.047 [main] INFO  f.i.s.r.p.i.ProjectInspector - CheckoutBuggyBuildCandidateSourceCode.................NOT RUN         
03:35:31.048 [main] INFO  f.i.s.r.p.i.ProjectInspector - CommitChangedTests....................................NOT RUN         
03:35:31.048 [main] INFO  f.i.s.r.p.i.ProjectInspector - CheckoutPatchedBuildCandidate.........................NOT RUN         
03:35:31.048 [main] INFO  f.i.s.r.p.i.ProjectInspector - BuildProjectPatchedBuildCandidate.....................NOT RUN         
03:35:31.048 [main] INFO  f.i.s.r.p.i.ProjectInspector - TestProjectPatchedBuildCandidate......................NOT RUN         
03:35:31.049 [main] INFO  f.i.s.r.p.i.ProjectInspector - GatherTestInformationPatchedBuildCandidate............NOT RUN         
03:35:31.049 [main] INFO  f.i.s.r.p.i.ProjectInspector - CommitPatch...........................................NOT RUN         
03:35:31.049 [main] INFO  f.i.s.r.p.i.ProjectInspector - WritePropertyFile.....................................NOT RUN         
03:35:31.050 [main] INFO  f.i.s.r.p.i.ProjectInspector - CommitProcessEnd......................................NOT RUN         
03:35:31.050 [main] INFO  f.i.s.r.p.i.ProjectInspector - PushProcessEnd........................................NOT RUN         
03:35:31.050 [main] INFO  f.i.s.r.p.i.ProjectInspector - ----------------------------------------------------------------------
03:35:31.050 [main] INFO  f.i.s.r.p.i.ProjectInspector - PIPELINE FINDING: BUILDNOTCHECKEDOUT
03:35:31.053 [main] INFO  f.i.s.r.p.i.ProjectInspector - ----------------------------------------------------------------------
03:35:31.054 [main] INFO  f.i.s.repairnator.pipeline.Launcher - Inspector is finished. The process will exit now.
