05:10:55.064 [main] INFO  f.i.s.repairnator.pipeline.Launcher - PIPELINE VERSION: 3.0-2018-08-09 19:04
05:10:55.277 [main] INFO  f.i.s.repairnator.pipeline.Launcher - The pipeline will try to reproduce a bug from build 368019721 and its corresponding patch from build 368023303
05:10:55.277 [main] INFO  f.i.s.repairnator.pipeline.Launcher - Initialize file serializer engines.
05:10:55.279 [main] INFO  f.i.s.repairnator.pipeline.Launcher - MongoDB won't be used for serialization.
05:10:55.281 [main] INFO  f.i.s.repairnator.pipeline.Launcher - The email notifier engine won't be used.
05:10:55.285 [main] INFO  f.i.s.repairnator.pipeline.Launcher - Start by getting the build (buildId: 368019721) with the following config: RepairnatorConfig{runId='ad552a0f-88dd-4063-97e7-719040591c67_04-18-week3-PASSING_AND_PASSING', launcherMode=BEARS, serializeJson=true, inputPath='null', outputPath='/var/log', mongodbHost='null', mongodbName='repairnator', smtpServer='null', notifyTo=[], notifyEndProcess=false, push=true, pushRemoteRepo='https://github.com/fermadeiral/bears-collection-pp', fork=false, lookFromDate=null, lookToDate=null, buildId=368019721, z3solverPath='./z3_for_linux', workspacePath='./workspace', githubToken='c8a341a903[...]', dockerImageName='null', skipDelete=false, createOutputDir=false, logDirectory='null', nbThreads=0, globalTimeout=0, whiteList=null, blackList=null, jobSleepTime=0, buildSleepTime=0, maxInspectedBuilds=0, duration=null, humanPatch=false, repository='null', clean=true, bearsMode=BOTH, bearsDelimiter = false, repairTools=NopolAllTests,NPEFix,AssertFixer,AstorJGenProg,AstorJKali,NopolSingleTest,AstorJMut,NopolTestExclusionStrategy, githubUserName= fermadeiral, githubUserEmail=fer.madeiral@gmail.com}
05:10:56.635 [main] DEBUG fr.inria.jtravis.helpers.BuildHelper - Get request to :https://api.travis-ci.org/build/368019721 done after 794 ms
05:10:56.852 [main] DEBUG fr.inria.jtravis.helpers.BuildHelper - Get request to :https://api.travis-ci.org/build/368023303 done after 125 ms
05:10:56.869 [main] INFO  f.i.s.repairnator.pipeline.Launcher - The patched build (368023303) was successfully retrieved from Travis.
05:10:58.080 [main] INFO  fr.inria.jtravis.JTravis - GitHub ratelimit: Limit: 5000 Remaining: 4851 Reset hour: 19:40:33
05:10:58.364 [main] INFO  f.i.s.r.p.i.ProjectInspector - ----------------------------------------------------------------------
05:10:58.365 [main] INFO  f.i.s.r.p.i.ProjectInspector - PIPELINE STEPS
05:10:58.365 [main] INFO  f.i.s.r.p.i.ProjectInspector - ----------------------------------------------------------------------
05:10:58.365 [main] INFO  f.i.s.r.p.i.ProjectInspector - CloneRepository
05:10:58.366 [main] INFO  f.i.s.r.p.i.ProjectInspector - CheckoutPatchedBuildCandidate
05:10:58.366 [main] INFO  f.i.s.r.p.i.ProjectInspector - ComputeSourceDir
05:10:58.366 [main] INFO  f.i.s.r.p.i.ProjectInspector - ComputeTestDir
05:10:58.367 [main] INFO  f.i.s.r.p.i.ProjectInspector - CheckoutBuggyBuildCandidateSourceCode
05:10:58.367 [main] INFO  f.i.s.r.p.i.ProjectInspector - BuildProjectBuggyBuildCandidateSourceCode
05:10:58.368 [main] INFO  f.i.s.r.p.i.ProjectInspector - TestProjectBuggyBuildCandidateSourceCode
05:10:58.368 [main] INFO  f.i.s.r.p.i.ProjectInspector - GatherTestInformationBuggyBuildCandidateSourceCode
05:10:58.368 [main] INFO  f.i.s.r.p.i.ProjectInspector - CheckoutBuggyBuildTestCode
05:10:58.368 [main] INFO  f.i.s.r.p.i.ProjectInspector - InitRepoToPush
05:10:58.369 [main] INFO  f.i.s.r.p.i.ProjectInspector - ComputeClasspath
05:10:58.374 [main] INFO  f.i.s.r.p.i.ProjectInspector - ComputeModules
05:10:58.374 [main] INFO  f.i.s.r.p.i.ProjectInspector - CheckoutBuggyBuildCandidateSourceCode
05:10:58.375 [main] INFO  f.i.s.r.p.i.ProjectInspector - CommitChangedTests
05:10:58.375 [main] INFO  f.i.s.r.p.i.ProjectInspector - CheckoutPatchedBuildCandidate
05:10:58.375 [main] INFO  f.i.s.r.p.i.ProjectInspector - BuildProjectPatchedBuildCandidate
05:10:58.375 [main] INFO  f.i.s.r.p.i.ProjectInspector - TestProjectPatchedBuildCandidate
05:10:58.376 [main] INFO  f.i.s.r.p.i.ProjectInspector - GatherTestInformationPatchedBuildCandidate
05:10:58.376 [main] INFO  f.i.s.r.p.i.ProjectInspector - CommitPatch
05:10:58.376 [main] INFO  f.i.s.r.p.i.ProjectInspector - WritePropertyFile
05:10:58.376 [main] INFO  f.i.s.r.p.i.ProjectInspector - CommitProcessEnd
05:10:58.377 [main] INFO  f.i.s.r.p.i.ProjectInspector - PushProcessEnd
05:10:58.377 [main] DEBUG f.i.s.r.process.step.CloneRepository - ----------------------------------------------------------------------
05:10:58.377 [main] DEBUG f.i.s.r.process.step.CloneRepository - STEP 1/22: CloneRepository
05:10:58.378 [main] DEBUG f.i.s.r.process.step.CloneRepository - ----------------------------------------------------------------------
05:10:58.378 [main] DEBUG f.i.s.r.process.step.CloneRepository - Cloning repository EnMasseProject/enmasse in the following directory: ./workspace/EnMasseProject/enmasse/368019721
05:11:27.356 [main] DEBUG f.i.s.r.process.step.CloneRepository - STEP STATUS: [ CloneRepository : SUCCESS ]
05:11:27.356 [main] DEBUG f.i.s.r.process.step.CloneRepository - STEP DURATION: 28s
05:11:27.357 [main] DEBUG f.i.s.r.process.step.CloneRepository - EXECUTE NEXT STEP
05:11:27.357 [main] DEBUG f.i.s.r.p.s.c.CheckoutPatchedBuild - ----------------------------------------------------------------------
05:11:27.357 [main] DEBUG f.i.s.r.p.s.c.CheckoutPatchedBuild - STEP 2/22: CheckoutPatchedBuildCandidate
05:11:27.357 [main] DEBUG f.i.s.r.p.s.c.CheckoutPatchedBuild - ----------------------------------------------------------------------
05:11:27.366 [main] DEBUG f.i.s.r.p.s.c.CheckoutPatchedBuild - Checking out patched build candidate...
05:11:27.707 [main] INFO  fr.inria.jtravis.JTravis - GitHub ratelimit: Limit: 5000 Remaining: 4846 Reset hour: 19:40:33
05:11:29.519 [main] DEBUG f.i.s.r.p.s.c.CheckoutPatchedBuild - Reproduce the PR for EnMasseProject/enmasse by fetching remote branch and merging.
05:11:30.662 [main] ERROR f.i.s.r.p.s.c.CheckoutPatchedBuild - Error while testing commit: org.eclipse.jgit.errors.MissingObjectException: Missing unknown 3c282d5a8d63f4c5312abcde32411f481ff7fb55
05:11:30.664 [main] ERROR f.i.s.r.p.s.c.CheckoutPatchedBuild - Commit head ref cannot be retrieved from the repository: 3c282d5a8d63f4c5312abcde32411f481ff7fb55. Operation aborted.
05:11:30.665 [main] ERROR f.i.s.r.p.s.c.CheckoutPatchedBuild - Error while merging two commits to reproduce the PR.
05:11:30.667 [main] DEBUG f.i.s.r.p.s.c.CheckoutPatchedBuild - STEP STATUS: [ CheckoutPatchedBuildCandidate : FAILURE ( BUILDNOTCHECKEDOUT ) ]
05:11:30.667 [main] DEBUG f.i.s.r.p.s.c.CheckoutPatchedBuild - STEP DURATION: 3s
05:11:30.668 [main] DEBUG f.i.s.r.p.s.c.CheckoutPatchedBuild - TERMINATE PIPELINE
05:11:30.668 [main] DEBUG f.i.s.r.p.s.c.CheckoutPatchedBuild - FINAL STEPS SKIPPED: The reproduction of the bug and/or the patch failed.
05:11:30.669 [main] INFO  f.i.s.r.p.s.c.CheckoutPatchedBuild - Serialize all data for the pair of builds 368019721, 368023303
05:11:30.792 [main] INFO  fr.inria.jtravis.JTravis - GitHub ratelimit: Limit: 5000 Remaining: 4839 Reset hour: 19:40:33
05:11:31.960 [main] INFO  f.i.s.r.p.i.ProjectInspector - ----------------------------------------------------------------------
05:11:31.961 [main] INFO  f.i.s.r.p.i.ProjectInspector - PIPELINE EXECUTION SUMMARY
05:11:31.961 [main] INFO  f.i.s.r.p.i.ProjectInspector - ----------------------------------------------------------------------
05:11:31.961 [main] INFO  f.i.s.r.p.i.ProjectInspector - CloneRepository.......................................SUCCESS [ 28 s ]
05:11:31.961 [main] INFO  f.i.s.r.p.i.ProjectInspector - CheckoutPatchedBuildCandidate.........................FAILURE [  3 s ]
05:11:31.962 [main] INFO  f.i.s.r.p.i.ProjectInspector - ComputeSourceDir......................................NOT RUN         
05:11:31.962 [main] INFO  f.i.s.r.p.i.ProjectInspector - ComputeTestDir........................................NOT RUN         
05:11:31.963 [main] INFO  f.i.s.r.p.i.ProjectInspector - CheckoutBuggyBuildCandidateSourceCode.................NOT RUN         
05:11:31.963 [main] INFO  f.i.s.r.p.i.ProjectInspector - BuildProjectBuggyBuildCandidateSourceCode.............NOT RUN         
05:11:31.963 [main] INFO  f.i.s.r.p.i.ProjectInspector - TestProjectBuggyBuildCandidateSourceCode..............NOT RUN         
05:11:31.963 [main] INFO  f.i.s.r.p.i.ProjectInspector - GatherTestInformationBuggyBuildCandidateSourceCode....NOT RUN         
05:11:31.964 [main] INFO  f.i.s.r.p.i.ProjectInspector - CheckoutBuggyBuildTestCode............................NOT RUN         
05:11:31.964 [main] INFO  f.i.s.r.p.i.ProjectInspector - InitRepoToPush........................................NOT RUN         
05:11:31.964 [main] INFO  f.i.s.r.p.i.ProjectInspector - ComputeClasspath......................................NOT RUN         
05:11:31.964 [main] INFO  f.i.s.r.p.i.ProjectInspector - ComputeModules........................................NOT RUN         
05:11:31.965 [main] INFO  f.i.s.r.p.i.ProjectInspector - CheckoutBuggyBuildCandidateSourceCode.................NOT RUN         
05:11:31.965 [main] INFO  f.i.s.r.p.i.ProjectInspector - CommitChangedTests....................................NOT RUN         
05:11:31.965 [main] INFO  f.i.s.r.p.i.ProjectInspector - CheckoutPatchedBuildCandidate.........................NOT RUN         
05:11:31.965 [main] INFO  f.i.s.r.p.i.ProjectInspector - BuildProjectPatchedBuildCandidate.....................NOT RUN         
05:11:31.966 [main] INFO  f.i.s.r.p.i.ProjectInspector - TestProjectPatchedBuildCandidate......................NOT RUN         
05:11:31.966 [main] INFO  f.i.s.r.p.i.ProjectInspector - GatherTestInformationPatchedBuildCandidate............NOT RUN         
05:11:31.966 [main] INFO  f.i.s.r.p.i.ProjectInspector - CommitPatch...........................................NOT RUN         
05:11:31.966 [main] INFO  f.i.s.r.p.i.ProjectInspector - WritePropertyFile.....................................NOT RUN         
05:11:31.967 [main] INFO  f.i.s.r.p.i.ProjectInspector - CommitProcessEnd......................................NOT RUN         
05:11:31.967 [main] INFO  f.i.s.r.p.i.ProjectInspector - PushProcessEnd........................................NOT RUN         
05:11:31.967 [main] INFO  f.i.s.r.p.i.ProjectInspector - ----------------------------------------------------------------------
05:11:31.967 [main] INFO  f.i.s.r.p.i.ProjectInspector - PIPELINE FINDING: BUILDNOTCHECKEDOUT
05:11:31.967 [main] INFO  f.i.s.r.p.i.ProjectInspector - ----------------------------------------------------------------------
05:11:31.968 [main] INFO  f.i.s.repairnator.pipeline.Launcher - Inspector is finished. The process will exit now.
