05:15:20.615 [main] INFO  f.i.s.repairnator.pipeline.Launcher - PIPELINE VERSION: 3.0-2018-08-09 19:04
05:15:20.799 [main] INFO  f.i.s.repairnator.pipeline.Launcher - The pipeline will try to reproduce a bug from build 366097611 and its corresponding patch from build 367021239
05:15:20.800 [main] INFO  f.i.s.repairnator.pipeline.Launcher - Initialize file serializer engines.
05:15:20.802 [main] INFO  f.i.s.repairnator.pipeline.Launcher - MongoDB won't be used for serialization.
05:15:20.802 [main] INFO  f.i.s.repairnator.pipeline.Launcher - The email notifier engine won't be used.
05:15:20.806 [main] INFO  f.i.s.repairnator.pipeline.Launcher - Start by getting the build (buildId: 366097611) with the following config: RepairnatorConfig{runId='ad552a0f-88dd-4063-97e7-719040591c67_04-18-week3-PASSING_AND_PASSING', launcherMode=BEARS, serializeJson=true, inputPath='null', outputPath='/var/log', mongodbHost='null', mongodbName='repairnator', smtpServer='null', notifyTo=[], notifyEndProcess=false, push=true, pushRemoteRepo='https://github.com/fermadeiral/bears-collection-pp', fork=false, lookFromDate=null, lookToDate=null, buildId=366097611, z3solverPath='./z3_for_linux', workspacePath='./workspace', githubToken='c8a341a903[...]', dockerImageName='null', skipDelete=false, createOutputDir=false, logDirectory='null', nbThreads=0, globalTimeout=0, whiteList=null, blackList=null, jobSleepTime=0, buildSleepTime=0, maxInspectedBuilds=0, duration=null, humanPatch=false, repository='null', clean=true, bearsMode=BOTH, bearsDelimiter = false, repairTools=NopolAllTests,NPEFix,AssertFixer,AstorJGenProg,AstorJKali,NopolSingleTest,AstorJMut,NopolTestExclusionStrategy, githubUserName= fermadeiral, githubUserEmail=fer.madeiral@gmail.com}
05:15:22.464 [main] DEBUG fr.inria.jtravis.helpers.BuildHelper - Get request to :https://api.travis-ci.org/build/366097611 done after 1065 ms
05:15:22.744 [main] DEBUG fr.inria.jtravis.helpers.BuildHelper - Get request to :https://api.travis-ci.org/build/367021239 done after 132 ms
05:15:22.779 [main] INFO  f.i.s.repairnator.pipeline.Launcher - The patched build (367021239) was successfully retrieved from Travis.
05:15:24.181 [main] INFO  fr.inria.jtravis.JTravis - GitHub ratelimit: Limit: 5000 Remaining: 4760 Reset hour: 19:40:33
05:15:24.446 [main] INFO  f.i.s.r.p.i.ProjectInspector - ----------------------------------------------------------------------
05:15:24.446 [main] INFO  f.i.s.r.p.i.ProjectInspector - PIPELINE STEPS
05:15:24.447 [main] INFO  f.i.s.r.p.i.ProjectInspector - ----------------------------------------------------------------------
05:15:24.447 [main] INFO  f.i.s.r.p.i.ProjectInspector - CloneRepository
05:15:24.447 [main] INFO  f.i.s.r.p.i.ProjectInspector - CheckoutPatchedBuildCandidate
05:15:24.448 [main] INFO  f.i.s.r.p.i.ProjectInspector - ComputeSourceDir
05:15:24.448 [main] INFO  f.i.s.r.p.i.ProjectInspector - ComputeTestDir
05:15:24.449 [main] INFO  f.i.s.r.p.i.ProjectInspector - CheckoutBuggyBuildCandidateSourceCode
05:15:24.449 [main] INFO  f.i.s.r.p.i.ProjectInspector - BuildProjectBuggyBuildCandidateSourceCode
05:15:24.449 [main] INFO  f.i.s.r.p.i.ProjectInspector - TestProjectBuggyBuildCandidateSourceCode
05:15:24.450 [main] INFO  f.i.s.r.p.i.ProjectInspector - GatherTestInformationBuggyBuildCandidateSourceCode
05:15:24.450 [main] INFO  f.i.s.r.p.i.ProjectInspector - CheckoutBuggyBuildTestCode
05:15:24.451 [main] INFO  f.i.s.r.p.i.ProjectInspector - InitRepoToPush
05:15:24.451 [main] INFO  f.i.s.r.p.i.ProjectInspector - ComputeClasspath
05:15:24.451 [main] INFO  f.i.s.r.p.i.ProjectInspector - ComputeModules
05:15:24.452 [main] INFO  f.i.s.r.p.i.ProjectInspector - CheckoutBuggyBuildCandidateSourceCode
05:15:24.452 [main] INFO  f.i.s.r.p.i.ProjectInspector - CommitChangedTests
05:15:24.452 [main] INFO  f.i.s.r.p.i.ProjectInspector - CheckoutPatchedBuildCandidate
05:15:24.453 [main] INFO  f.i.s.r.p.i.ProjectInspector - BuildProjectPatchedBuildCandidate
05:15:24.453 [main] INFO  f.i.s.r.p.i.ProjectInspector - TestProjectPatchedBuildCandidate
05:15:24.454 [main] INFO  f.i.s.r.p.i.ProjectInspector - GatherTestInformationPatchedBuildCandidate
05:15:24.454 [main] INFO  f.i.s.r.p.i.ProjectInspector - CommitPatch
05:15:24.454 [main] INFO  f.i.s.r.p.i.ProjectInspector - WritePropertyFile
05:15:24.455 [main] INFO  f.i.s.r.p.i.ProjectInspector - CommitProcessEnd
05:15:24.455 [main] INFO  f.i.s.r.p.i.ProjectInspector - PushProcessEnd
05:15:24.456 [main] DEBUG f.i.s.r.process.step.CloneRepository - ----------------------------------------------------------------------
05:15:24.456 [main] DEBUG f.i.s.r.process.step.CloneRepository - STEP 1/22: CloneRepository
05:15:24.456 [main] DEBUG f.i.s.r.process.step.CloneRepository - ----------------------------------------------------------------------
05:15:24.457 [main] DEBUG f.i.s.r.process.step.CloneRepository - Cloning repository EnMasseProject/enmasse in the following directory: ./workspace/EnMasseProject/enmasse/366097611
05:15:55.806 [main] DEBUG f.i.s.r.process.step.CloneRepository - STEP STATUS: [ CloneRepository : SUCCESS ]
05:15:55.807 [main] DEBUG f.i.s.r.process.step.CloneRepository - STEP DURATION: 31s
05:15:55.807 [main] DEBUG f.i.s.r.process.step.CloneRepository - EXECUTE NEXT STEP
05:15:55.807 [main] DEBUG f.i.s.r.p.s.c.CheckoutPatchedBuild - ----------------------------------------------------------------------
05:15:55.807 [main] DEBUG f.i.s.r.p.s.c.CheckoutPatchedBuild - STEP 2/22: CheckoutPatchedBuildCandidate
05:15:55.807 [main] DEBUG f.i.s.r.p.s.c.CheckoutPatchedBuild - ----------------------------------------------------------------------
05:15:55.808 [main] DEBUG f.i.s.r.p.s.c.CheckoutPatchedBuild - Checking out patched build candidate...
05:15:55.815 [main] ERROR f.i.s.r.p.s.c.CheckoutPatchedBuild - Error while testing commit: org.eclipse.jgit.errors.MissingObjectException: Missing unknown e4b0dcff48f2313ff47030ffe975a44f563de94b
05:15:55.815 [main] ERROR f.i.s.r.p.s.c.CheckoutPatchedBuild - Error while getting the commit to checkout from the repo.
05:15:55.816 [main] DEBUG f.i.s.r.p.s.c.CheckoutPatchedBuild - STEP STATUS: [ CheckoutPatchedBuildCandidate : FAILURE ( BUILDNOTCHECKEDOUT ) ]
05:15:55.816 [main] DEBUG f.i.s.r.p.s.c.CheckoutPatchedBuild - STEP DURATION: 0s
05:15:55.817 [main] DEBUG f.i.s.r.p.s.c.CheckoutPatchedBuild - TERMINATE PIPELINE
05:15:55.817 [main] DEBUG f.i.s.r.p.s.c.CheckoutPatchedBuild - FINAL STEPS SKIPPED: The reproduction of the bug and/or the patch failed.
05:15:55.817 [main] INFO  f.i.s.r.p.s.c.CheckoutPatchedBuild - Serialize all data for the pair of builds 366097611, 367021239
05:15:56.109 [main] INFO  fr.inria.jtravis.JTravis - GitHub ratelimit: Limit: 5000 Remaining: 4752 Reset hour: 19:40:33
05:15:57.384 [main] INFO  f.i.s.r.p.i.ProjectInspector - ----------------------------------------------------------------------
05:15:57.384 [main] INFO  f.i.s.r.p.i.ProjectInspector - PIPELINE EXECUTION SUMMARY
05:15:57.384 [main] INFO  f.i.s.r.p.i.ProjectInspector - ----------------------------------------------------------------------
05:15:57.385 [main] INFO  f.i.s.r.p.i.ProjectInspector - CloneRepository.......................................SUCCESS [ 31 s ]
05:15:57.385 [main] INFO  f.i.s.r.p.i.ProjectInspector - CheckoutPatchedBuildCandidate.........................FAILURE [  0 s ]
05:15:57.385 [main] INFO  f.i.s.r.p.i.ProjectInspector - ComputeSourceDir......................................NOT RUN         
05:15:57.385 [main] INFO  f.i.s.r.p.i.ProjectInspector - ComputeTestDir........................................NOT RUN         
05:15:57.385 [main] INFO  f.i.s.r.p.i.ProjectInspector - CheckoutBuggyBuildCandidateSourceCode.................NOT RUN         
05:15:57.385 [main] INFO  f.i.s.r.p.i.ProjectInspector - BuildProjectBuggyBuildCandidateSourceCode.............NOT RUN         
05:15:57.386 [main] INFO  f.i.s.r.p.i.ProjectInspector - TestProjectBuggyBuildCandidateSourceCode..............NOT RUN         
05:15:57.387 [main] INFO  f.i.s.r.p.i.ProjectInspector - GatherTestInformationBuggyBuildCandidateSourceCode....NOT RUN         
05:15:57.387 [main] INFO  f.i.s.r.p.i.ProjectInspector - CheckoutBuggyBuildTestCode............................NOT RUN         
05:15:57.387 [main] INFO  f.i.s.r.p.i.ProjectInspector - InitRepoToPush........................................NOT RUN         
05:15:57.387 [main] INFO  f.i.s.r.p.i.ProjectInspector - ComputeClasspath......................................NOT RUN         
05:15:57.387 [main] INFO  f.i.s.r.p.i.ProjectInspector - ComputeModules........................................NOT RUN         
05:15:57.387 [main] INFO  f.i.s.r.p.i.ProjectInspector - CheckoutBuggyBuildCandidateSourceCode.................NOT RUN         
05:15:57.388 [main] INFO  f.i.s.r.p.i.ProjectInspector - CommitChangedTests....................................NOT RUN         
05:15:57.388 [main] INFO  f.i.s.r.p.i.ProjectInspector - CheckoutPatchedBuildCandidate.........................NOT RUN         
05:15:57.388 [main] INFO  f.i.s.r.p.i.ProjectInspector - BuildProjectPatchedBuildCandidate.....................NOT RUN         
05:15:57.388 [main] INFO  f.i.s.r.p.i.ProjectInspector - TestProjectPatchedBuildCandidate......................NOT RUN         
05:15:57.388 [main] INFO  f.i.s.r.p.i.ProjectInspector - GatherTestInformationPatchedBuildCandidate............NOT RUN         
05:15:57.388 [main] INFO  f.i.s.r.p.i.ProjectInspector - CommitPatch...........................................NOT RUN         
05:15:57.389 [main] INFO  f.i.s.r.p.i.ProjectInspector - WritePropertyFile.....................................NOT RUN         
05:15:57.389 [main] INFO  f.i.s.r.p.i.ProjectInspector - CommitProcessEnd......................................NOT RUN         
05:15:57.389 [main] INFO  f.i.s.r.p.i.ProjectInspector - PushProcessEnd........................................NOT RUN         
05:15:57.389 [main] INFO  f.i.s.r.p.i.ProjectInspector - ----------------------------------------------------------------------
05:15:57.389 [main] INFO  f.i.s.r.p.i.ProjectInspector - PIPELINE FINDING: BUILDNOTCHECKEDOUT
05:15:57.389 [main] INFO  f.i.s.r.p.i.ProjectInspector - ----------------------------------------------------------------------
05:15:57.390 [main] INFO  f.i.s.repairnator.pipeline.Launcher - Inspector is finished. The process will exit now.
