22:40:48.667 [main] INFO  f.i.s.repairnator.pipeline.Launcher - PIPELINE VERSION: 3.0-2018-08-09 19:04
22:40:48.790 [main] INFO  f.i.s.repairnator.pipeline.Launcher - The pipeline will try to reproduce a bug from build 349936634 and its corresponding patch from build 350179526
22:40:48.791 [main] INFO  f.i.s.repairnator.pipeline.Launcher - Initialize file serializer engines.
22:40:48.792 [main] INFO  f.i.s.repairnator.pipeline.Launcher - MongoDB won't be used for serialization.
22:40:48.793 [main] INFO  f.i.s.repairnator.pipeline.Launcher - The email notifier engine won't be used.
22:40:48.796 [main] INFO  f.i.s.repairnator.pipeline.Launcher - Start by getting the build (buildId: 349936634) with the following config: RepairnatorConfig{runId='4f10a5c0-d543-4288-82ed-b7536ce5532c_03-18-week1-PASSING_AND_PASSING', launcherMode=BEARS, serializeJson=true, inputPath='null', outputPath='/var/log', mongodbHost='null', mongodbName='repairnator', smtpServer='null', notifyTo=[], notifyEndProcess=false, push=true, pushRemoteRepo='https://github.com/fermadeiral/bears-collection-pp', fork=false, lookFromDate=null, lookToDate=null, buildId=349936634, z3solverPath='./z3_for_linux', workspacePath='./workspace', githubToken='c8a341a903[...]', dockerImageName='null', skipDelete=false, createOutputDir=false, logDirectory='null', nbThreads=0, globalTimeout=0, whiteList=null, blackList=null, jobSleepTime=0, buildSleepTime=0, maxInspectedBuilds=0, duration=null, humanPatch=false, repository='null', clean=true, bearsMode=BOTH, bearsDelimiter = false, repairTools=NopolAllTests,NPEFix,AssertFixer,AstorJGenProg,AstorJKali,NopolSingleTest,AstorJMut,NopolTestExclusionStrategy, githubUserName= fermadeiral, githubUserEmail=fer.madeiral@gmail.com}
22:40:49.933 [main] DEBUG fr.inria.jtravis.helpers.BuildHelper - Get request to :https://api.travis-ci.org/build/349936634 done after 765 ms
22:40:50.141 [main] DEBUG fr.inria.jtravis.helpers.BuildHelper - Get request to :https://api.travis-ci.org/build/350179526 done after 128 ms
22:40:50.155 [main] INFO  f.i.s.repairnator.pipeline.Launcher - The patched build (350179526) was successfully retrieved from Travis.
22:40:51.266 [main] INFO  fr.inria.jtravis.JTravis - GitHub ratelimit: Limit: 5000 Remaining: 4871 Reset hour: 19:30:05
22:40:51.541 [main] INFO  f.i.s.r.p.i.ProjectInspector - ----------------------------------------------------------------------
22:40:51.542 [main] INFO  f.i.s.r.p.i.ProjectInspector - PIPELINE STEPS
22:40:51.542 [main] INFO  f.i.s.r.p.i.ProjectInspector - ----------------------------------------------------------------------
22:40:51.542 [main] INFO  f.i.s.r.p.i.ProjectInspector - CloneRepository
22:40:51.542 [main] INFO  f.i.s.r.p.i.ProjectInspector - CheckoutPatchedBuildCandidate
22:40:51.542 [main] INFO  f.i.s.r.p.i.ProjectInspector - ComputeSourceDir
22:40:51.543 [main] INFO  f.i.s.r.p.i.ProjectInspector - ComputeTestDir
22:40:51.543 [main] INFO  f.i.s.r.p.i.ProjectInspector - CheckoutBuggyBuildCandidateSourceCode
22:40:51.543 [main] INFO  f.i.s.r.p.i.ProjectInspector - BuildProjectBuggyBuildCandidateSourceCode
22:40:51.543 [main] INFO  f.i.s.r.p.i.ProjectInspector - TestProjectBuggyBuildCandidateSourceCode
22:40:51.543 [main] INFO  f.i.s.r.p.i.ProjectInspector - GatherTestInformationBuggyBuildCandidateSourceCode
22:40:51.543 [main] INFO  f.i.s.r.p.i.ProjectInspector - CheckoutBuggyBuildTestCode
22:40:51.543 [main] INFO  f.i.s.r.p.i.ProjectInspector - InitRepoToPush
22:40:51.544 [main] INFO  f.i.s.r.p.i.ProjectInspector - ComputeClasspath
22:40:51.544 [main] INFO  f.i.s.r.p.i.ProjectInspector - ComputeModules
22:40:51.544 [main] INFO  f.i.s.r.p.i.ProjectInspector - CheckoutBuggyBuildCandidateSourceCode
22:40:51.544 [main] INFO  f.i.s.r.p.i.ProjectInspector - CommitChangedTests
22:40:51.544 [main] INFO  f.i.s.r.p.i.ProjectInspector - CheckoutPatchedBuildCandidate
22:40:51.544 [main] INFO  f.i.s.r.p.i.ProjectInspector - BuildProjectPatchedBuildCandidate
22:40:51.544 [main] INFO  f.i.s.r.p.i.ProjectInspector - TestProjectPatchedBuildCandidate
22:40:51.544 [main] INFO  f.i.s.r.p.i.ProjectInspector - GatherTestInformationPatchedBuildCandidate
22:40:51.545 [main] INFO  f.i.s.r.p.i.ProjectInspector - CommitPatch
22:40:51.545 [main] INFO  f.i.s.r.p.i.ProjectInspector - WritePropertyFile
22:40:51.545 [main] INFO  f.i.s.r.p.i.ProjectInspector - CommitProcessEnd
22:40:51.545 [main] INFO  f.i.s.r.p.i.ProjectInspector - PushProcessEnd
22:40:51.545 [main] DEBUG f.i.s.r.process.step.CloneRepository - ----------------------------------------------------------------------
22:40:51.546 [main] DEBUG f.i.s.r.process.step.CloneRepository - STEP 1/22: CloneRepository
22:40:51.546 [main] DEBUG f.i.s.r.process.step.CloneRepository - ----------------------------------------------------------------------
22:40:51.546 [main] DEBUG f.i.s.r.process.step.CloneRepository - Cloning repository EnMasseProject/enmasse in the following directory: ./workspace/EnMasseProject/enmasse/349936634
22:41:18.901 [main] DEBUG f.i.s.r.process.step.CloneRepository - STEP STATUS: [ CloneRepository : SUCCESS ]
22:41:18.902 [main] DEBUG f.i.s.r.process.step.CloneRepository - STEP DURATION: 27s
22:41:18.903 [main] DEBUG f.i.s.r.process.step.CloneRepository - EXECUTE NEXT STEP
22:41:18.903 [main] DEBUG f.i.s.r.p.s.c.CheckoutPatchedBuild - ----------------------------------------------------------------------
22:41:18.903 [main] DEBUG f.i.s.r.p.s.c.CheckoutPatchedBuild - STEP 2/22: CheckoutPatchedBuildCandidate
22:41:18.903 [main] DEBUG f.i.s.r.p.s.c.CheckoutPatchedBuild - ----------------------------------------------------------------------
22:41:18.904 [main] DEBUG f.i.s.r.p.s.c.CheckoutPatchedBuild - Checking out patched build candidate...
22:41:19.243 [main] INFO  fr.inria.jtravis.JTravis - GitHub ratelimit: Limit: 5000 Remaining: 4866 Reset hour: 19:30:05
22:41:20.963 [main] DEBUG f.i.s.r.p.s.c.CheckoutPatchedBuild - Reproduce the PR for EnMasseProject/enmasse by fetching remote branch and merging.
22:41:21.750 [main] ERROR f.i.s.r.p.s.c.CheckoutPatchedBuild - Error while testing commit: org.eclipse.jgit.errors.MissingObjectException: Missing unknown 2924a6561c9f73e1a2a81ae705b563e0277771b4
22:41:21.752 [main] ERROR f.i.s.r.p.s.c.CheckoutPatchedBuild - Commit head ref cannot be retrieved from the repository: 2924a6561c9f73e1a2a81ae705b563e0277771b4. Operation aborted.
22:41:21.752 [main] ERROR f.i.s.r.p.s.c.CheckoutPatchedBuild - Error while merging two commits to reproduce the PR.
22:41:21.754 [main] DEBUG f.i.s.r.p.s.c.CheckoutPatchedBuild - STEP STATUS: [ CheckoutPatchedBuildCandidate : FAILURE ( BUILDNOTCHECKEDOUT ) ]
22:41:21.754 [main] DEBUG f.i.s.r.p.s.c.CheckoutPatchedBuild - STEP DURATION: 2s
22:41:21.755 [main] DEBUG f.i.s.r.p.s.c.CheckoutPatchedBuild - TERMINATE PIPELINE
22:41:21.755 [main] DEBUG f.i.s.r.p.s.c.CheckoutPatchedBuild - FINAL STEPS SKIPPED: The reproduction of the bug and/or the patch failed.
22:41:21.755 [main] INFO  f.i.s.r.p.s.c.CheckoutPatchedBuild - Serialize all data for the pair of builds 349936634, 350179526
22:41:21.879 [main] INFO  fr.inria.jtravis.JTravis - GitHub ratelimit: Limit: 5000 Remaining: 4859 Reset hour: 19:30:05
22:41:23.354 [main] INFO  f.i.s.r.p.i.ProjectInspector - ----------------------------------------------------------------------
22:41:23.354 [main] INFO  f.i.s.r.p.i.ProjectInspector - PIPELINE EXECUTION SUMMARY
22:41:23.354 [main] INFO  f.i.s.r.p.i.ProjectInspector - ----------------------------------------------------------------------
22:41:23.354 [main] INFO  f.i.s.r.p.i.ProjectInspector - CloneRepository.......................................SUCCESS [ 27 s ]
22:41:23.355 [main] INFO  f.i.s.r.p.i.ProjectInspector - CheckoutPatchedBuildCandidate.........................FAILURE [  2 s ]
22:41:23.355 [main] INFO  f.i.s.r.p.i.ProjectInspector - ComputeSourceDir......................................NOT RUN         
22:41:23.355 [main] INFO  f.i.s.r.p.i.ProjectInspector - ComputeTestDir........................................NOT RUN         
22:41:23.356 [main] INFO  f.i.s.r.p.i.ProjectInspector - CheckoutBuggyBuildCandidateSourceCode.................NOT RUN         
22:41:23.357 [main] INFO  f.i.s.r.p.i.ProjectInspector - BuildProjectBuggyBuildCandidateSourceCode.............NOT RUN         
22:41:23.357 [main] INFO  f.i.s.r.p.i.ProjectInspector - TestProjectBuggyBuildCandidateSourceCode..............NOT RUN         
22:41:23.357 [main] INFO  f.i.s.r.p.i.ProjectInspector - GatherTestInformationBuggyBuildCandidateSourceCode....NOT RUN         
22:41:23.357 [main] INFO  f.i.s.r.p.i.ProjectInspector - CheckoutBuggyBuildTestCode............................NOT RUN         
22:41:23.358 [main] INFO  f.i.s.r.p.i.ProjectInspector - InitRepoToPush........................................NOT RUN         
22:41:23.358 [main] INFO  f.i.s.r.p.i.ProjectInspector - ComputeClasspath......................................NOT RUN         
22:41:23.358 [main] INFO  f.i.s.r.p.i.ProjectInspector - ComputeModules........................................NOT RUN         
22:41:23.358 [main] INFO  f.i.s.r.p.i.ProjectInspector - CheckoutBuggyBuildCandidateSourceCode.................NOT RUN         
22:41:23.358 [main] INFO  f.i.s.r.p.i.ProjectInspector - CommitChangedTests....................................NOT RUN         
22:41:23.358 [main] INFO  f.i.s.r.p.i.ProjectInspector - CheckoutPatchedBuildCandidate.........................NOT RUN         
22:41:23.358 [main] INFO  f.i.s.r.p.i.ProjectInspector - BuildProjectPatchedBuildCandidate.....................NOT RUN         
22:41:23.358 [main] INFO  f.i.s.r.p.i.ProjectInspector - TestProjectPatchedBuildCandidate......................NOT RUN         
22:41:23.359 [main] INFO  f.i.s.r.p.i.ProjectInspector - GatherTestInformationPatchedBuildCandidate............NOT RUN         
22:41:23.359 [main] INFO  f.i.s.r.p.i.ProjectInspector - CommitPatch...........................................NOT RUN         
22:41:23.359 [main] INFO  f.i.s.r.p.i.ProjectInspector - WritePropertyFile.....................................NOT RUN         
22:41:23.359 [main] INFO  f.i.s.r.p.i.ProjectInspector - CommitProcessEnd......................................NOT RUN         
22:41:23.359 [main] INFO  f.i.s.r.p.i.ProjectInspector - PushProcessEnd........................................NOT RUN         
22:41:23.359 [main] INFO  f.i.s.r.p.i.ProjectInspector - ----------------------------------------------------------------------
22:41:23.359 [main] INFO  f.i.s.r.p.i.ProjectInspector - PIPELINE FINDING: BUILDNOTCHECKEDOUT
22:41:23.360 [main] INFO  f.i.s.r.p.i.ProjectInspector - ----------------------------------------------------------------------
22:41:23.360 [main] INFO  f.i.s.repairnator.pipeline.Launcher - Inspector is finished. The process will exit now.
