06:54:40.331 [main] INFO  f.i.s.repairnator.pipeline.Launcher - PIPELINE VERSION: 3.0-2018-08-09 19:04
06:54:40.550 [main] INFO  f.i.s.repairnator.pipeline.Launcher - The pipeline will try to reproduce a bug from build 339029025 and its corresponding patch from build 350268673
06:54:40.551 [main] INFO  f.i.s.repairnator.pipeline.Launcher - Initialize file serializer engines.
06:54:40.554 [main] INFO  f.i.s.repairnator.pipeline.Launcher - MongoDB won't be used for serialization.
06:54:40.555 [main] INFO  f.i.s.repairnator.pipeline.Launcher - The email notifier engine won't be used.
06:54:40.559 [main] INFO  f.i.s.repairnator.pipeline.Launcher - Start by getting the build (buildId: 339029025) with the following config: RepairnatorConfig{runId='4f10a5c0-d543-4288-82ed-b7536ce5532c_03-18-week1-PASSING_AND_PASSING', launcherMode=BEARS, serializeJson=true, inputPath='null', outputPath='/var/log', mongodbHost='null', mongodbName='repairnator', smtpServer='null', notifyTo=[], notifyEndProcess=false, push=true, pushRemoteRepo='https://github.com/fermadeiral/bears-collection-pp', fork=false, lookFromDate=null, lookToDate=null, buildId=339029025, z3solverPath='./z3_for_linux', workspacePath='./workspace', githubToken='c8a341a903[...]', dockerImageName='null', skipDelete=false, createOutputDir=false, logDirectory='null', nbThreads=0, globalTimeout=0, whiteList=null, blackList=null, jobSleepTime=0, buildSleepTime=0, maxInspectedBuilds=0, duration=null, humanPatch=false, repository='null', clean=true, bearsMode=BOTH, bearsDelimiter = false, repairTools=NopolAllTests,NPEFix,AssertFixer,AstorJGenProg,AstorJKali,NopolSingleTest,AstorJMut,NopolTestExclusionStrategy, githubUserName= fermadeiral, githubUserEmail=fer.madeiral@gmail.com}
06:54:42.141 [main] DEBUG fr.inria.jtravis.helpers.BuildHelper - Get request to :https://api.travis-ci.org/build/339029025 done after 960 ms
06:54:42.439 [main] DEBUG fr.inria.jtravis.helpers.BuildHelper - Get request to :https://api.travis-ci.org/build/350268673 done after 143 ms
06:54:42.466 [main] INFO  f.i.s.repairnator.pipeline.Launcher - The patched build (350268673) was successfully retrieved from Travis.
06:54:43.819 [main] INFO  fr.inria.jtravis.JTravis - GitHub ratelimit: Limit: 5000 Remaining: 4640 Reset hour: 19:30:32
06:54:44.140 [main] INFO  f.i.s.r.p.i.ProjectInspector - ----------------------------------------------------------------------
06:54:44.140 [main] INFO  f.i.s.r.p.i.ProjectInspector - PIPELINE STEPS
06:54:44.140 [main] INFO  f.i.s.r.p.i.ProjectInspector - ----------------------------------------------------------------------
06:54:44.140 [main] INFO  f.i.s.r.p.i.ProjectInspector - CloneRepository
06:54:44.141 [main] INFO  f.i.s.r.p.i.ProjectInspector - CheckoutPatchedBuildCandidate
06:54:44.141 [main] INFO  f.i.s.r.p.i.ProjectInspector - ComputeSourceDir
06:54:44.141 [main] INFO  f.i.s.r.p.i.ProjectInspector - ComputeTestDir
06:54:44.141 [main] INFO  f.i.s.r.p.i.ProjectInspector - CheckoutBuggyBuildCandidateSourceCode
06:54:44.142 [main] INFO  f.i.s.r.p.i.ProjectInspector - BuildProjectBuggyBuildCandidateSourceCode
06:54:44.142 [main] INFO  f.i.s.r.p.i.ProjectInspector - TestProjectBuggyBuildCandidateSourceCode
06:54:44.142 [main] INFO  f.i.s.r.p.i.ProjectInspector - GatherTestInformationBuggyBuildCandidateSourceCode
06:54:44.142 [main] INFO  f.i.s.r.p.i.ProjectInspector - CheckoutBuggyBuildTestCode
06:54:44.143 [main] INFO  f.i.s.r.p.i.ProjectInspector - InitRepoToPush
06:54:44.143 [main] INFO  f.i.s.r.p.i.ProjectInspector - ComputeClasspath
06:54:44.143 [main] INFO  f.i.s.r.p.i.ProjectInspector - ComputeModules
06:54:44.143 [main] INFO  f.i.s.r.p.i.ProjectInspector - CheckoutBuggyBuildCandidateSourceCode
06:54:44.143 [main] INFO  f.i.s.r.p.i.ProjectInspector - CommitChangedTests
06:54:44.144 [main] INFO  f.i.s.r.p.i.ProjectInspector - CheckoutPatchedBuildCandidate
06:54:44.144 [main] INFO  f.i.s.r.p.i.ProjectInspector - BuildProjectPatchedBuildCandidate
06:54:44.144 [main] INFO  f.i.s.r.p.i.ProjectInspector - TestProjectPatchedBuildCandidate
06:54:44.144 [main] INFO  f.i.s.r.p.i.ProjectInspector - GatherTestInformationPatchedBuildCandidate
06:54:44.145 [main] INFO  f.i.s.r.p.i.ProjectInspector - CommitPatch
06:54:44.145 [main] INFO  f.i.s.r.p.i.ProjectInspector - WritePropertyFile
06:54:44.145 [main] INFO  f.i.s.r.p.i.ProjectInspector - CommitProcessEnd
06:54:44.145 [main] INFO  f.i.s.r.p.i.ProjectInspector - PushProcessEnd
06:54:44.146 [main] DEBUG f.i.s.r.process.step.CloneRepository - ----------------------------------------------------------------------
06:54:44.146 [main] DEBUG f.i.s.r.process.step.CloneRepository - STEP 1/22: CloneRepository
06:54:44.147 [main] DEBUG f.i.s.r.process.step.CloneRepository - ----------------------------------------------------------------------
06:54:44.147 [main] DEBUG f.i.s.r.process.step.CloneRepository - Cloning repository dhis2/dhis2-core in the following directory: ./workspace/dhis2/dhis2-core/339029025
06:55:08.523 [main] DEBUG f.i.s.r.process.step.CloneRepository - STEP STATUS: [ CloneRepository : SUCCESS ]
06:55:08.523 [main] DEBUG f.i.s.r.process.step.CloneRepository - STEP DURATION: 24s
06:55:08.524 [main] DEBUG f.i.s.r.process.step.CloneRepository - EXECUTE NEXT STEP
06:55:08.524 [main] DEBUG f.i.s.r.p.s.c.CheckoutPatchedBuild - ----------------------------------------------------------------------
06:55:08.524 [main] DEBUG f.i.s.r.p.s.c.CheckoutPatchedBuild - STEP 2/22: CheckoutPatchedBuildCandidate
06:55:08.524 [main] DEBUG f.i.s.r.p.s.c.CheckoutPatchedBuild - ----------------------------------------------------------------------
06:55:08.525 [main] DEBUG f.i.s.r.p.s.c.CheckoutPatchedBuild - Checking out patched build candidate...
06:55:08.843 [main] INFO  fr.inria.jtravis.JTravis - GitHub ratelimit: Limit: 5000 Remaining: 4635 Reset hour: 19:30:32
06:55:11.212 [main] DEBUG f.i.s.r.p.s.c.CheckoutPatchedBuild - Reproduce the PR for dhis2/dhis2-core by fetching remote branch and merging.
06:55:12.202 [main] ERROR f.i.s.r.p.s.c.CheckoutPatchedBuild - Error while testing commit: org.eclipse.jgit.errors.MissingObjectException: Missing unknown 3df2629d49a6da4c4f4b2d4f263d9ca0174146f7
06:55:12.203 [main] ERROR f.i.s.r.p.s.c.CheckoutPatchedBuild - Commit head ref cannot be retrieved from the repository: 3df2629d49a6da4c4f4b2d4f263d9ca0174146f7. Operation aborted.
06:55:12.203 [main] ERROR f.i.s.r.p.s.c.CheckoutPatchedBuild - Error while merging two commits to reproduce the PR.
06:55:12.204 [main] DEBUG f.i.s.r.p.s.c.CheckoutPatchedBuild - STEP STATUS: [ CheckoutPatchedBuildCandidate : FAILURE ( BUILDNOTCHECKEDOUT ) ]
06:55:12.205 [main] DEBUG f.i.s.r.p.s.c.CheckoutPatchedBuild - STEP DURATION: 3s
06:55:12.205 [main] DEBUG f.i.s.r.p.s.c.CheckoutPatchedBuild - TERMINATE PIPELINE
06:55:12.205 [main] DEBUG f.i.s.r.p.s.c.CheckoutPatchedBuild - FINAL STEPS SKIPPED: The reproduction of the bug and/or the patch failed.
06:55:12.206 [main] INFO  f.i.s.r.p.s.c.CheckoutPatchedBuild - Serialize all data for the pair of builds 339029025, 350268673
06:55:12.318 [main] INFO  fr.inria.jtravis.JTravis - GitHub ratelimit: Limit: 5000 Remaining: 4628 Reset hour: 19:30:32
06:55:13.862 [main] INFO  f.i.s.r.p.i.ProjectInspector - ----------------------------------------------------------------------
06:55:13.863 [main] INFO  f.i.s.r.p.i.ProjectInspector - PIPELINE EXECUTION SUMMARY
06:55:13.864 [main] INFO  f.i.s.r.p.i.ProjectInspector - ----------------------------------------------------------------------
06:55:13.864 [main] INFO  f.i.s.r.p.i.ProjectInspector - CloneRepository.......................................SUCCESS [ 24 s ]
06:55:13.865 [main] INFO  f.i.s.r.p.i.ProjectInspector - CheckoutPatchedBuildCandidate.........................FAILURE [  3 s ]
06:55:13.865 [main] INFO  f.i.s.r.p.i.ProjectInspector - ComputeSourceDir......................................NOT RUN         
06:55:13.866 [main] INFO  f.i.s.r.p.i.ProjectInspector - ComputeTestDir........................................NOT RUN         
06:55:13.867 [main] INFO  f.i.s.r.p.i.ProjectInspector - CheckoutBuggyBuildCandidateSourceCode.................NOT RUN         
06:55:13.867 [main] INFO  f.i.s.r.p.i.ProjectInspector - BuildProjectBuggyBuildCandidateSourceCode.............NOT RUN         
06:55:13.867 [main] INFO  f.i.s.r.p.i.ProjectInspector - TestProjectBuggyBuildCandidateSourceCode..............NOT RUN         
06:55:13.868 [main] INFO  f.i.s.r.p.i.ProjectInspector - GatherTestInformationBuggyBuildCandidateSourceCode....NOT RUN         
06:55:13.868 [main] INFO  f.i.s.r.p.i.ProjectInspector - CheckoutBuggyBuildTestCode............................NOT RUN         
06:55:13.869 [main] INFO  f.i.s.r.p.i.ProjectInspector - InitRepoToPush........................................NOT RUN         
06:55:13.869 [main] INFO  f.i.s.r.p.i.ProjectInspector - ComputeClasspath......................................NOT RUN         
06:55:13.870 [main] INFO  f.i.s.r.p.i.ProjectInspector - ComputeModules........................................NOT RUN         
06:55:13.870 [main] INFO  f.i.s.r.p.i.ProjectInspector - CheckoutBuggyBuildCandidateSourceCode.................NOT RUN         
06:55:13.870 [main] INFO  f.i.s.r.p.i.ProjectInspector - CommitChangedTests....................................NOT RUN         
06:55:13.871 [main] INFO  f.i.s.r.p.i.ProjectInspector - CheckoutPatchedBuildCandidate.........................NOT RUN         
06:55:13.871 [main] INFO  f.i.s.r.p.i.ProjectInspector - BuildProjectPatchedBuildCandidate.....................NOT RUN         
06:55:13.872 [main] INFO  f.i.s.r.p.i.ProjectInspector - TestProjectPatchedBuildCandidate......................NOT RUN         
06:55:13.872 [main] INFO  f.i.s.r.p.i.ProjectInspector - GatherTestInformationPatchedBuildCandidate............NOT RUN         
06:55:13.873 [main] INFO  f.i.s.r.p.i.ProjectInspector - CommitPatch...........................................NOT RUN         
06:55:13.873 [main] INFO  f.i.s.r.p.i.ProjectInspector - WritePropertyFile.....................................NOT RUN         
06:55:13.874 [main] INFO  f.i.s.r.p.i.ProjectInspector - CommitProcessEnd......................................NOT RUN         
06:55:13.874 [main] INFO  f.i.s.r.p.i.ProjectInspector - PushProcessEnd........................................NOT RUN         
06:55:13.875 [main] INFO  f.i.s.r.p.i.ProjectInspector - ----------------------------------------------------------------------
06:55:13.875 [main] INFO  f.i.s.r.p.i.ProjectInspector - PIPELINE FINDING: BUILDNOTCHECKEDOUT
06:55:13.875 [main] INFO  f.i.s.r.p.i.ProjectInspector - ----------------------------------------------------------------------
06:55:13.875 [main] INFO  f.i.s.repairnator.pipeline.Launcher - Inspector is finished. The process will exit now.
