22:42:20.094 [main] INFO  f.i.s.repairnator.pipeline.Launcher - PIPELINE VERSION: 3.0-2018-08-09 19:04
22:42:20.281 [main] INFO  f.i.s.repairnator.pipeline.Launcher - The pipeline will try to reproduce a bug from build 349831624 and its corresponding patch from build 349877592
22:42:20.282 [main] INFO  f.i.s.repairnator.pipeline.Launcher - Initialize file serializer engines.
22:42:20.285 [main] INFO  f.i.s.repairnator.pipeline.Launcher - MongoDB won't be used for serialization.
22:42:20.285 [main] INFO  f.i.s.repairnator.pipeline.Launcher - The email notifier engine won't be used.
22:42:20.290 [main] INFO  f.i.s.repairnator.pipeline.Launcher - Start by getting the build (buildId: 349831624) with the following config: RepairnatorConfig{runId='4f10a5c0-d543-4288-82ed-b7536ce5532c_03-18-week1-PASSING_AND_PASSING', launcherMode=BEARS, serializeJson=true, inputPath='null', outputPath='/var/log', mongodbHost='null', mongodbName='repairnator', smtpServer='null', notifyTo=[], notifyEndProcess=false, push=true, pushRemoteRepo='https://github.com/fermadeiral/bears-collection-pp', fork=false, lookFromDate=null, lookToDate=null, buildId=349831624, z3solverPath='./z3_for_linux', workspacePath='./workspace', githubToken='c8a341a903[...]', dockerImageName='null', skipDelete=false, createOutputDir=false, logDirectory='null', nbThreads=0, globalTimeout=0, whiteList=null, blackList=null, jobSleepTime=0, buildSleepTime=0, maxInspectedBuilds=0, duration=null, humanPatch=false, repository='null', clean=true, bearsMode=BOTH, bearsDelimiter = false, repairTools=NopolAllTests,NPEFix,AssertFixer,AstorJGenProg,AstorJKali,NopolSingleTest,AstorJMut,NopolTestExclusionStrategy, githubUserName= fermadeiral, githubUserEmail=fer.madeiral@gmail.com}
22:42:21.828 [main] DEBUG fr.inria.jtravis.helpers.BuildHelper - Get request to :https://api.travis-ci.org/build/349831624 done after 880 ms
22:42:22.161 [main] DEBUG fr.inria.jtravis.helpers.BuildHelper - Get request to :https://api.travis-ci.org/build/349877592 done after 225 ms
22:42:22.176 [main] INFO  f.i.s.repairnator.pipeline.Launcher - The patched build (349877592) was successfully retrieved from Travis.
22:42:23.257 [main] INFO  fr.inria.jtravis.JTravis - GitHub ratelimit: Limit: 5000 Remaining: 4808 Reset hour: 19:30:05
22:42:23.560 [main] INFO  f.i.s.r.p.i.ProjectInspector - ----------------------------------------------------------------------
22:42:23.561 [main] INFO  f.i.s.r.p.i.ProjectInspector - PIPELINE STEPS
22:42:23.561 [main] INFO  f.i.s.r.p.i.ProjectInspector - ----------------------------------------------------------------------
22:42:23.561 [main] INFO  f.i.s.r.p.i.ProjectInspector - CloneRepository
22:42:23.561 [main] INFO  f.i.s.r.p.i.ProjectInspector - CheckoutPatchedBuildCandidate
22:42:23.562 [main] INFO  f.i.s.r.p.i.ProjectInspector - ComputeSourceDir
22:42:23.562 [main] INFO  f.i.s.r.p.i.ProjectInspector - ComputeTestDir
22:42:23.562 [main] INFO  f.i.s.r.p.i.ProjectInspector - CheckoutBuggyBuildCandidateSourceCode
22:42:23.563 [main] INFO  f.i.s.r.p.i.ProjectInspector - BuildProjectBuggyBuildCandidateSourceCode
22:42:23.563 [main] INFO  f.i.s.r.p.i.ProjectInspector - TestProjectBuggyBuildCandidateSourceCode
22:42:23.563 [main] INFO  f.i.s.r.p.i.ProjectInspector - GatherTestInformationBuggyBuildCandidateSourceCode
22:42:23.563 [main] INFO  f.i.s.r.p.i.ProjectInspector - CheckoutBuggyBuildTestCode
22:42:23.564 [main] INFO  f.i.s.r.p.i.ProjectInspector - InitRepoToPush
22:42:23.564 [main] INFO  f.i.s.r.p.i.ProjectInspector - ComputeClasspath
22:42:23.564 [main] INFO  f.i.s.r.p.i.ProjectInspector - ComputeModules
22:42:23.564 [main] INFO  f.i.s.r.p.i.ProjectInspector - CheckoutBuggyBuildCandidateSourceCode
22:42:23.564 [main] INFO  f.i.s.r.p.i.ProjectInspector - CommitChangedTests
22:42:23.565 [main] INFO  f.i.s.r.p.i.ProjectInspector - CheckoutPatchedBuildCandidate
22:42:23.565 [main] INFO  f.i.s.r.p.i.ProjectInspector - BuildProjectPatchedBuildCandidate
22:42:23.572 [main] INFO  f.i.s.r.p.i.ProjectInspector - TestProjectPatchedBuildCandidate
22:42:23.572 [main] INFO  f.i.s.r.p.i.ProjectInspector - GatherTestInformationPatchedBuildCandidate
22:42:23.572 [main] INFO  f.i.s.r.p.i.ProjectInspector - CommitPatch
22:42:23.573 [main] INFO  f.i.s.r.p.i.ProjectInspector - WritePropertyFile
22:42:23.573 [main] INFO  f.i.s.r.p.i.ProjectInspector - CommitProcessEnd
22:42:23.573 [main] INFO  f.i.s.r.p.i.ProjectInspector - PushProcessEnd
22:42:23.574 [main] DEBUG f.i.s.r.process.step.CloneRepository - ----------------------------------------------------------------------
22:42:23.574 [main] DEBUG f.i.s.r.process.step.CloneRepository - STEP 1/22: CloneRepository
22:42:23.575 [main] DEBUG f.i.s.r.process.step.CloneRepository - ----------------------------------------------------------------------
22:42:23.575 [main] DEBUG f.i.s.r.process.step.CloneRepository - Cloning repository EnMasseProject/enmasse in the following directory: ./workspace/EnMasseProject/enmasse/349831624
22:42:56.470 [main] DEBUG f.i.s.r.process.step.CloneRepository - STEP STATUS: [ CloneRepository : SUCCESS ]
22:42:56.470 [main] DEBUG f.i.s.r.process.step.CloneRepository - STEP DURATION: 32s
22:42:56.470 [main] DEBUG f.i.s.r.process.step.CloneRepository - EXECUTE NEXT STEP
22:42:56.471 [main] DEBUG f.i.s.r.p.s.c.CheckoutPatchedBuild - ----------------------------------------------------------------------
22:42:56.471 [main] DEBUG f.i.s.r.p.s.c.CheckoutPatchedBuild - STEP 2/22: CheckoutPatchedBuildCandidate
22:42:56.471 [main] DEBUG f.i.s.r.p.s.c.CheckoutPatchedBuild - ----------------------------------------------------------------------
22:42:56.473 [main] DEBUG f.i.s.r.p.s.c.CheckoutPatchedBuild - Checking out patched build candidate...
22:42:56.485 [main] ERROR f.i.s.r.p.s.c.CheckoutPatchedBuild - Error while testing commit: org.eclipse.jgit.errors.MissingObjectException: Missing unknown 076ca0b20a1b04ed5a3bf294c693b4bad194c1c0
22:42:56.485 [main] ERROR f.i.s.r.p.s.c.CheckoutPatchedBuild - Error while getting the commit to checkout from the repo.
22:42:56.486 [main] DEBUG f.i.s.r.p.s.c.CheckoutPatchedBuild - STEP STATUS: [ CheckoutPatchedBuildCandidate : FAILURE ( BUILDNOTCHECKEDOUT ) ]
22:42:56.486 [main] DEBUG f.i.s.r.p.s.c.CheckoutPatchedBuild - STEP DURATION: 0s
22:42:56.486 [main] DEBUG f.i.s.r.p.s.c.CheckoutPatchedBuild - TERMINATE PIPELINE
22:42:56.486 [main] DEBUG f.i.s.r.p.s.c.CheckoutPatchedBuild - FINAL STEPS SKIPPED: The reproduction of the bug and/or the patch failed.
22:42:56.487 [main] INFO  f.i.s.r.p.s.c.CheckoutPatchedBuild - Serialize all data for the pair of builds 349831624, 349877592
22:42:56.839 [main] INFO  fr.inria.jtravis.JTravis - GitHub ratelimit: Limit: 5000 Remaining: 4794 Reset hour: 19:30:05
22:42:58.253 [main] INFO  f.i.s.r.p.i.ProjectInspector - ----------------------------------------------------------------------
22:42:58.254 [main] INFO  f.i.s.r.p.i.ProjectInspector - PIPELINE EXECUTION SUMMARY
22:42:58.254 [main] INFO  f.i.s.r.p.i.ProjectInspector - ----------------------------------------------------------------------
22:42:58.255 [main] INFO  f.i.s.r.p.i.ProjectInspector - CloneRepository.......................................SUCCESS [ 32 s ]
22:42:58.255 [main] INFO  f.i.s.r.p.i.ProjectInspector - CheckoutPatchedBuildCandidate.........................FAILURE [  0 s ]
22:42:58.256 [main] INFO  f.i.s.r.p.i.ProjectInspector - ComputeSourceDir......................................NOT RUN         
22:42:58.256 [main] INFO  f.i.s.r.p.i.ProjectInspector - ComputeTestDir........................................NOT RUN         
22:42:58.256 [main] INFO  f.i.s.r.p.i.ProjectInspector - CheckoutBuggyBuildCandidateSourceCode.................NOT RUN         
22:42:58.257 [main] INFO  f.i.s.r.p.i.ProjectInspector - BuildProjectBuggyBuildCandidateSourceCode.............NOT RUN         
22:42:58.257 [main] INFO  f.i.s.r.p.i.ProjectInspector - TestProjectBuggyBuildCandidateSourceCode..............NOT RUN         
22:42:58.258 [main] INFO  f.i.s.r.p.i.ProjectInspector - GatherTestInformationBuggyBuildCandidateSourceCode....NOT RUN         
22:42:58.258 [main] INFO  f.i.s.r.p.i.ProjectInspector - CheckoutBuggyBuildTestCode............................NOT RUN         
22:42:58.259 [main] INFO  f.i.s.r.p.i.ProjectInspector - InitRepoToPush........................................NOT RUN         
22:42:58.259 [main] INFO  f.i.s.r.p.i.ProjectInspector - ComputeClasspath......................................NOT RUN         
22:42:58.259 [main] INFO  f.i.s.r.p.i.ProjectInspector - ComputeModules........................................NOT RUN         
22:42:58.260 [main] INFO  f.i.s.r.p.i.ProjectInspector - CheckoutBuggyBuildCandidateSourceCode.................NOT RUN         
22:42:58.260 [main] INFO  f.i.s.r.p.i.ProjectInspector - CommitChangedTests....................................NOT RUN         
22:42:58.260 [main] INFO  f.i.s.r.p.i.ProjectInspector - CheckoutPatchedBuildCandidate.........................NOT RUN         
22:42:58.261 [main] INFO  f.i.s.r.p.i.ProjectInspector - BuildProjectPatchedBuildCandidate.....................NOT RUN         
22:42:58.261 [main] INFO  f.i.s.r.p.i.ProjectInspector - TestProjectPatchedBuildCandidate......................NOT RUN         
22:42:58.261 [main] INFO  f.i.s.r.p.i.ProjectInspector - GatherTestInformationPatchedBuildCandidate............NOT RUN         
22:42:58.261 [main] INFO  f.i.s.r.p.i.ProjectInspector - CommitPatch...........................................NOT RUN         
22:42:58.262 [main] INFO  f.i.s.r.p.i.ProjectInspector - WritePropertyFile.....................................NOT RUN         
22:42:58.262 [main] INFO  f.i.s.r.p.i.ProjectInspector - CommitProcessEnd......................................NOT RUN         
22:42:58.262 [main] INFO  f.i.s.r.p.i.ProjectInspector - PushProcessEnd........................................NOT RUN         
22:42:58.262 [main] INFO  f.i.s.r.p.i.ProjectInspector - ----------------------------------------------------------------------
22:42:58.262 [main] INFO  f.i.s.r.p.i.ProjectInspector - PIPELINE FINDING: BUILDNOTCHECKEDOUT
22:42:58.263 [main] INFO  f.i.s.r.p.i.ProjectInspector - ----------------------------------------------------------------------
22:42:58.263 [main] INFO  f.i.s.repairnator.pipeline.Launcher - Inspector is finished. The process will exit now.
