23:48:35.770 [main] INFO  f.i.s.repairnator.pipeline.Launcher - PIPELINE VERSION: 3.0-2018-08-09 19:04
23:48:35.952 [main] INFO  f.i.s.repairnator.pipeline.Launcher - The pipeline will try to reproduce a bug from build 349481629 and its corresponding patch from build 350492913
23:48:35.953 [main] INFO  f.i.s.repairnator.pipeline.Launcher - Initialize file serializer engines.
23:48:35.956 [main] INFO  f.i.s.repairnator.pipeline.Launcher - MongoDB won't be used for serialization.
23:48:35.956 [main] INFO  f.i.s.repairnator.pipeline.Launcher - The email notifier engine won't be used.
23:48:35.961 [main] INFO  f.i.s.repairnator.pipeline.Launcher - Start by getting the build (buildId: 349481629) with the following config: RepairnatorConfig{runId='4f10a5c0-d543-4288-82ed-b7536ce5532c_03-18-week1-PASSING_AND_PASSING', launcherMode=BEARS, serializeJson=true, inputPath='null', outputPath='/var/log', mongodbHost='null', mongodbName='repairnator', smtpServer='null', notifyTo=[], notifyEndProcess=false, push=true, pushRemoteRepo='https://github.com/fermadeiral/bears-collection-pp', fork=false, lookFromDate=null, lookToDate=null, buildId=349481629, z3solverPath='./z3_for_linux', workspacePath='./workspace', githubToken='c8a341a903[...]', dockerImageName='null', skipDelete=false, createOutputDir=false, logDirectory='null', nbThreads=0, globalTimeout=0, whiteList=null, blackList=null, jobSleepTime=0, buildSleepTime=0, maxInspectedBuilds=0, duration=null, humanPatch=false, repository='null', clean=true, bearsMode=BOTH, bearsDelimiter = false, repairTools=NopolAllTests,NPEFix,AssertFixer,AstorJGenProg,AstorJKali,NopolSingleTest,AstorJMut,NopolTestExclusionStrategy, githubUserName= fermadeiral, githubUserEmail=fer.madeiral@gmail.com}
23:48:37.483 [main] DEBUG fr.inria.jtravis.helpers.BuildHelper - Get request to :https://api.travis-ci.org/build/349481629 done after 905 ms
23:48:37.765 [main] DEBUG fr.inria.jtravis.helpers.BuildHelper - Get request to :https://api.travis-ci.org/build/350492913 done after 137 ms
23:48:37.790 [main] INFO  f.i.s.repairnator.pipeline.Launcher - The patched build (350492913) was successfully retrieved from Travis.
23:48:39.073 [main] INFO  fr.inria.jtravis.JTravis - GitHub ratelimit: Limit: 5000 Remaining: 4846 Reset hour: 19:30:09
23:48:39.362 [main] INFO  f.i.s.r.p.i.ProjectInspector - ----------------------------------------------------------------------
23:48:39.363 [main] INFO  f.i.s.r.p.i.ProjectInspector - PIPELINE STEPS
23:48:39.363 [main] INFO  f.i.s.r.p.i.ProjectInspector - ----------------------------------------------------------------------
23:48:39.363 [main] INFO  f.i.s.r.p.i.ProjectInspector - CloneRepository
23:48:39.363 [main] INFO  f.i.s.r.p.i.ProjectInspector - CheckoutPatchedBuildCandidate
23:48:39.364 [main] INFO  f.i.s.r.p.i.ProjectInspector - ComputeSourceDir
23:48:39.364 [main] INFO  f.i.s.r.p.i.ProjectInspector - ComputeTestDir
23:48:39.364 [main] INFO  f.i.s.r.p.i.ProjectInspector - CheckoutBuggyBuildCandidateSourceCode
23:48:39.364 [main] INFO  f.i.s.r.p.i.ProjectInspector - BuildProjectBuggyBuildCandidateSourceCode
23:48:39.364 [main] INFO  f.i.s.r.p.i.ProjectInspector - TestProjectBuggyBuildCandidateSourceCode
23:48:39.365 [main] INFO  f.i.s.r.p.i.ProjectInspector - GatherTestInformationBuggyBuildCandidateSourceCode
23:48:39.365 [main] INFO  f.i.s.r.p.i.ProjectInspector - CheckoutBuggyBuildTestCode
23:48:39.365 [main] INFO  f.i.s.r.p.i.ProjectInspector - InitRepoToPush
23:48:39.365 [main] INFO  f.i.s.r.p.i.ProjectInspector - ComputeClasspath
23:48:39.365 [main] INFO  f.i.s.r.p.i.ProjectInspector - ComputeModules
23:48:39.366 [main] INFO  f.i.s.r.p.i.ProjectInspector - CheckoutBuggyBuildCandidateSourceCode
23:48:39.366 [main] INFO  f.i.s.r.p.i.ProjectInspector - CommitChangedTests
23:48:39.366 [main] INFO  f.i.s.r.p.i.ProjectInspector - CheckoutPatchedBuildCandidate
23:48:39.366 [main] INFO  f.i.s.r.p.i.ProjectInspector - BuildProjectPatchedBuildCandidate
23:48:39.367 [main] INFO  f.i.s.r.p.i.ProjectInspector - TestProjectPatchedBuildCandidate
23:48:39.367 [main] INFO  f.i.s.r.p.i.ProjectInspector - GatherTestInformationPatchedBuildCandidate
23:48:39.367 [main] INFO  f.i.s.r.p.i.ProjectInspector - CommitPatch
23:48:39.368 [main] INFO  f.i.s.r.p.i.ProjectInspector - WritePropertyFile
23:48:39.368 [main] INFO  f.i.s.r.p.i.ProjectInspector - CommitProcessEnd
23:48:39.368 [main] INFO  f.i.s.r.p.i.ProjectInspector - PushProcessEnd
23:48:39.369 [main] DEBUG f.i.s.r.process.step.CloneRepository - ----------------------------------------------------------------------
23:48:39.369 [main] DEBUG f.i.s.r.process.step.CloneRepository - STEP 1/22: CloneRepository
23:48:39.369 [main] DEBUG f.i.s.r.process.step.CloneRepository - ----------------------------------------------------------------------
23:48:39.370 [main] DEBUG f.i.s.r.process.step.CloneRepository - Cloning repository runelite/runelite in the following directory: ./workspace/runelite/runelite/349481629
23:48:50.964 [main] DEBUG f.i.s.r.process.step.CloneRepository - STEP STATUS: [ CloneRepository : SUCCESS ]
23:48:50.964 [main] DEBUG f.i.s.r.process.step.CloneRepository - STEP DURATION: 11s
23:48:50.964 [main] DEBUG f.i.s.r.process.step.CloneRepository - EXECUTE NEXT STEP
23:48:50.965 [main] DEBUG f.i.s.r.p.s.c.CheckoutPatchedBuild - ----------------------------------------------------------------------
23:48:50.965 [main] DEBUG f.i.s.r.p.s.c.CheckoutPatchedBuild - STEP 2/22: CheckoutPatchedBuildCandidate
23:48:50.965 [main] DEBUG f.i.s.r.p.s.c.CheckoutPatchedBuild - ----------------------------------------------------------------------
23:48:50.966 [main] DEBUG f.i.s.r.p.s.c.CheckoutPatchedBuild - Checking out patched build candidate...
23:48:51.292 [main] INFO  fr.inria.jtravis.JTravis - GitHub ratelimit: Limit: 5000 Remaining: 4845 Reset hour: 19:30:09
23:48:53.144 [main] DEBUG f.i.s.r.p.s.c.CheckoutPatchedBuild - Reproduce the PR for runelite/runelite by fetching remote branch and merging.
23:48:54.583 [main] ERROR f.i.s.r.p.s.c.CheckoutPatchedBuild - Error while testing commit: org.eclipse.jgit.errors.MissingObjectException: Missing unknown a8de01ed1fd76908e7a1a4ffaa08e3bb02c2dffd
23:48:54.584 [main] ERROR f.i.s.r.p.s.c.CheckoutPatchedBuild - Error while testing commit: org.eclipse.jgit.errors.MissingObjectException: Missing unknown ff27750155027f899b0d415f48827d1b498fd96b
23:48:54.585 [main] ERROR f.i.s.r.p.s.c.CheckoutPatchedBuild - Commit head ref cannot be retrieved from the repository: a8de01ed1fd76908e7a1a4ffaa08e3bb02c2dffd. Operation aborted.
23:48:54.585 [main] ERROR f.i.s.r.p.s.c.CheckoutPatchedBuild - Error while merging two commits to reproduce the PR.
23:48:54.586 [main] DEBUG f.i.s.r.p.s.c.CheckoutPatchedBuild - STEP STATUS: [ CheckoutPatchedBuildCandidate : FAILURE ( BUILDNOTCHECKEDOUT ) ]
23:48:54.586 [main] DEBUG f.i.s.r.p.s.c.CheckoutPatchedBuild - STEP DURATION: 3s
23:48:54.586 [main] DEBUG f.i.s.r.p.s.c.CheckoutPatchedBuild - TERMINATE PIPELINE
23:48:54.587 [main] DEBUG f.i.s.r.p.s.c.CheckoutPatchedBuild - FINAL STEPS SKIPPED: The reproduction of the bug and/or the patch failed.
23:48:54.587 [main] INFO  f.i.s.r.p.s.c.CheckoutPatchedBuild - Serialize all data for the pair of builds 349481629, 350492913
23:48:54.705 [main] INFO  fr.inria.jtravis.JTravis - GitHub ratelimit: Limit: 5000 Remaining: 4838 Reset hour: 19:30:09
23:48:55.448 [main] INFO  f.i.s.r.p.i.ProjectInspector - ----------------------------------------------------------------------
23:48:55.449 [main] INFO  f.i.s.r.p.i.ProjectInspector - PIPELINE EXECUTION SUMMARY
23:48:55.449 [main] INFO  f.i.s.r.p.i.ProjectInspector - ----------------------------------------------------------------------
23:48:55.450 [main] INFO  f.i.s.r.p.i.ProjectInspector - CloneRepository.......................................SUCCESS [ 11 s ]
23:48:55.450 [main] INFO  f.i.s.r.p.i.ProjectInspector - CheckoutPatchedBuildCandidate.........................FAILURE [  3 s ]
23:48:55.450 [main] INFO  f.i.s.r.p.i.ProjectInspector - ComputeSourceDir......................................NOT RUN         
23:48:55.451 [main] INFO  f.i.s.r.p.i.ProjectInspector - ComputeTestDir........................................NOT RUN         
23:48:55.451 [main] INFO  f.i.s.r.p.i.ProjectInspector - CheckoutBuggyBuildCandidateSourceCode.................NOT RUN         
23:48:55.451 [main] INFO  f.i.s.r.p.i.ProjectInspector - BuildProjectBuggyBuildCandidateSourceCode.............NOT RUN         
23:48:55.452 [main] INFO  f.i.s.r.p.i.ProjectInspector - TestProjectBuggyBuildCandidateSourceCode..............NOT RUN         
23:48:55.452 [main] INFO  f.i.s.r.p.i.ProjectInspector - GatherTestInformationBuggyBuildCandidateSourceCode....NOT RUN         
23:48:55.452 [main] INFO  f.i.s.r.p.i.ProjectInspector - CheckoutBuggyBuildTestCode............................NOT RUN         
23:48:55.453 [main] INFO  f.i.s.r.p.i.ProjectInspector - InitRepoToPush........................................NOT RUN         
23:48:55.453 [main] INFO  f.i.s.r.p.i.ProjectInspector - ComputeClasspath......................................NOT RUN         
23:48:55.453 [main] INFO  f.i.s.r.p.i.ProjectInspector - ComputeModules........................................NOT RUN         
23:48:55.454 [main] INFO  f.i.s.r.p.i.ProjectInspector - CheckoutBuggyBuildCandidateSourceCode.................NOT RUN         
23:48:55.454 [main] INFO  f.i.s.r.p.i.ProjectInspector - CommitChangedTests....................................NOT RUN         
23:48:55.454 [main] INFO  f.i.s.r.p.i.ProjectInspector - CheckoutPatchedBuildCandidate.........................NOT RUN         
23:48:55.455 [main] INFO  f.i.s.r.p.i.ProjectInspector - BuildProjectPatchedBuildCandidate.....................NOT RUN         
23:48:55.455 [main] INFO  f.i.s.r.p.i.ProjectInspector - TestProjectPatchedBuildCandidate......................NOT RUN         
23:48:55.455 [main] INFO  f.i.s.r.p.i.ProjectInspector - GatherTestInformationPatchedBuildCandidate............NOT RUN         
23:48:55.456 [main] INFO  f.i.s.r.p.i.ProjectInspector - CommitPatch...........................................NOT RUN         
23:48:55.456 [main] INFO  f.i.s.r.p.i.ProjectInspector - WritePropertyFile.....................................NOT RUN         
23:48:55.456 [main] INFO  f.i.s.r.p.i.ProjectInspector - CommitProcessEnd......................................NOT RUN         
23:48:55.457 [main] INFO  f.i.s.r.p.i.ProjectInspector - PushProcessEnd........................................NOT RUN         
23:48:55.457 [main] INFO  f.i.s.r.p.i.ProjectInspector - ----------------------------------------------------------------------
23:48:55.458 [main] INFO  f.i.s.r.p.i.ProjectInspector - PIPELINE FINDING: BUILDNOTCHECKEDOUT
23:48:55.458 [main] INFO  f.i.s.r.p.i.ProjectInspector - ----------------------------------------------------------------------
23:48:55.459 [main] INFO  f.i.s.repairnator.pipeline.Launcher - Inspector is finished. The process will exit now.
