22:41:26.722 [main] INFO  f.i.s.repairnator.pipeline.Launcher - PIPELINE VERSION: 3.0-2018-08-09 19:04
22:41:26.838 [main] INFO  f.i.s.repairnator.pipeline.Launcher - The pipeline will try to reproduce a bug from build 349347079 and its corresponding patch from build 350178450
22:41:26.838 [main] INFO  f.i.s.repairnator.pipeline.Launcher - Initialize file serializer engines.
22:41:26.840 [main] INFO  f.i.s.repairnator.pipeline.Launcher - MongoDB won't be used for serialization.
22:41:26.840 [main] INFO  f.i.s.repairnator.pipeline.Launcher - The email notifier engine won't be used.
22:41:26.843 [main] INFO  f.i.s.repairnator.pipeline.Launcher - Start by getting the build (buildId: 349347079) with the following config: RepairnatorConfig{runId='4f10a5c0-d543-4288-82ed-b7536ce5532c_03-18-week1-PASSING_AND_PASSING', launcherMode=BEARS, serializeJson=true, inputPath='null', outputPath='/var/log', mongodbHost='null', mongodbName='repairnator', smtpServer='null', notifyTo=[], notifyEndProcess=false, push=true, pushRemoteRepo='https://github.com/fermadeiral/bears-collection-pp', fork=false, lookFromDate=null, lookToDate=null, buildId=349347079, z3solverPath='./z3_for_linux', workspacePath='./workspace', githubToken='c8a341a903[...]', dockerImageName='null', skipDelete=false, createOutputDir=false, logDirectory='null', nbThreads=0, globalTimeout=0, whiteList=null, blackList=null, jobSleepTime=0, buildSleepTime=0, maxInspectedBuilds=0, duration=null, humanPatch=false, repository='null', clean=true, bearsMode=BOTH, bearsDelimiter = false, repairTools=NopolAllTests,NPEFix,AssertFixer,AstorJGenProg,AstorJKali,NopolSingleTest,AstorJMut,NopolTestExclusionStrategy, githubUserName= fermadeiral, githubUserEmail=fer.madeiral@gmail.com}
22:41:28.437 [main] DEBUG fr.inria.jtravis.helpers.BuildHelper - Get request to :https://api.travis-ci.org/build/349347079 done after 908 ms
22:41:28.806 [main] DEBUG fr.inria.jtravis.helpers.BuildHelper - Get request to :https://api.travis-ci.org/build/350178450 done after 190 ms
22:41:28.824 [main] INFO  f.i.s.repairnator.pipeline.Launcher - The patched build (350178450) was successfully retrieved from Travis.
22:41:30.171 [main] INFO  fr.inria.jtravis.JTravis - GitHub ratelimit: Limit: 5000 Remaining: 4854 Reset hour: 19:30:05
22:41:30.454 [main] INFO  f.i.s.r.p.i.ProjectInspector - ----------------------------------------------------------------------
22:41:30.454 [main] INFO  f.i.s.r.p.i.ProjectInspector - PIPELINE STEPS
22:41:30.455 [main] INFO  f.i.s.r.p.i.ProjectInspector - ----------------------------------------------------------------------
22:41:30.455 [main] INFO  f.i.s.r.p.i.ProjectInspector - CloneRepository
22:41:30.455 [main] INFO  f.i.s.r.p.i.ProjectInspector - CheckoutPatchedBuildCandidate
22:41:30.455 [main] INFO  f.i.s.r.p.i.ProjectInspector - ComputeSourceDir
22:41:30.455 [main] INFO  f.i.s.r.p.i.ProjectInspector - ComputeTestDir
22:41:30.455 [main] INFO  f.i.s.r.p.i.ProjectInspector - CheckoutBuggyBuildCandidateSourceCode
22:41:30.456 [main] INFO  f.i.s.r.p.i.ProjectInspector - BuildProjectBuggyBuildCandidateSourceCode
22:41:30.456 [main] INFO  f.i.s.r.p.i.ProjectInspector - TestProjectBuggyBuildCandidateSourceCode
22:41:30.456 [main] INFO  f.i.s.r.p.i.ProjectInspector - GatherTestInformationBuggyBuildCandidateSourceCode
22:41:30.456 [main] INFO  f.i.s.r.p.i.ProjectInspector - CheckoutBuggyBuildTestCode
22:41:30.456 [main] INFO  f.i.s.r.p.i.ProjectInspector - InitRepoToPush
22:41:30.456 [main] INFO  f.i.s.r.p.i.ProjectInspector - ComputeClasspath
22:41:30.457 [main] INFO  f.i.s.r.p.i.ProjectInspector - ComputeModules
22:41:30.457 [main] INFO  f.i.s.r.p.i.ProjectInspector - CheckoutBuggyBuildCandidateSourceCode
22:41:30.457 [main] INFO  f.i.s.r.p.i.ProjectInspector - CommitChangedTests
22:41:30.457 [main] INFO  f.i.s.r.p.i.ProjectInspector - CheckoutPatchedBuildCandidate
22:41:30.457 [main] INFO  f.i.s.r.p.i.ProjectInspector - BuildProjectPatchedBuildCandidate
22:41:30.457 [main] INFO  f.i.s.r.p.i.ProjectInspector - TestProjectPatchedBuildCandidate
22:41:30.457 [main] INFO  f.i.s.r.p.i.ProjectInspector - GatherTestInformationPatchedBuildCandidate
22:41:30.458 [main] INFO  f.i.s.r.p.i.ProjectInspector - CommitPatch
22:41:30.458 [main] INFO  f.i.s.r.p.i.ProjectInspector - WritePropertyFile
22:41:30.459 [main] INFO  f.i.s.r.p.i.ProjectInspector - CommitProcessEnd
22:41:30.459 [main] INFO  f.i.s.r.p.i.ProjectInspector - PushProcessEnd
22:41:30.459 [main] DEBUG f.i.s.r.process.step.CloneRepository - ----------------------------------------------------------------------
22:41:30.460 [main] DEBUG f.i.s.r.process.step.CloneRepository - STEP 1/22: CloneRepository
22:41:30.460 [main] DEBUG f.i.s.r.process.step.CloneRepository - ----------------------------------------------------------------------
22:41:30.460 [main] DEBUG f.i.s.r.process.step.CloneRepository - Cloning repository EnMasseProject/enmasse in the following directory: ./workspace/EnMasseProject/enmasse/349347079
22:42:01.469 [main] DEBUG f.i.s.r.process.step.CloneRepository - STEP STATUS: [ CloneRepository : SUCCESS ]
22:42:01.470 [main] DEBUG f.i.s.r.process.step.CloneRepository - STEP DURATION: 31s
22:42:01.470 [main] DEBUG f.i.s.r.process.step.CloneRepository - EXECUTE NEXT STEP
22:42:01.471 [main] DEBUG f.i.s.r.p.s.c.CheckoutPatchedBuild - ----------------------------------------------------------------------
22:42:01.471 [main] DEBUG f.i.s.r.p.s.c.CheckoutPatchedBuild - STEP 2/22: CheckoutPatchedBuildCandidate
22:42:01.472 [main] DEBUG f.i.s.r.p.s.c.CheckoutPatchedBuild - ----------------------------------------------------------------------
22:42:01.472 [main] DEBUG f.i.s.r.p.s.c.CheckoutPatchedBuild - Checking out patched build candidate...
22:42:01.810 [main] INFO  fr.inria.jtravis.JTravis - GitHub ratelimit: Limit: 5000 Remaining: 4851 Reset hour: 19:30:05
22:42:03.841 [main] DEBUG f.i.s.r.p.s.c.CheckoutPatchedBuild - Reproduce the PR for EnMasseProject/enmasse by fetching remote branch and merging.
22:42:04.935 [main] DEBUG f.i.s.r.process.git.GitHelper - Step CheckoutPatchedBuildCandidate - Get the commit 0f97ce77b3864389756aef9e3017d085b74eb1ff for repo EnMasseProject/enmasse
22:42:05.375 [main] DEBUG f.i.s.r.process.git.GitHelper - Step CheckoutPatchedBuildCandidate - Do the merge with the PR commit for repo EnMasseProject/enmasse
22:42:05.386 [main] INFO  f.i.s.r.process.git.GitHelper - Init git submodules.
22:42:05.498 [main] DEBUG f.i.s.r.p.s.c.CheckoutPatchedBuild - STEP STATUS: [ CheckoutPatchedBuildCandidate : SUCCESS ]
22:42:05.499 [main] DEBUG f.i.s.r.p.s.c.CheckoutPatchedBuild - STEP DURATION: 4s
22:42:05.499 [main] DEBUG f.i.s.r.p.s.c.CheckoutPatchedBuild - EXECUTE NEXT STEP
22:42:05.499 [main] DEBUG f.i.s.r.p.s.paths.ComputeSourceDir - ----------------------------------------------------------------------
22:42:05.499 [main] DEBUG f.i.s.r.p.s.paths.ComputeSourceDir - STEP 3/22: ComputeSourceDir
22:42:05.500 [main] DEBUG f.i.s.r.p.s.paths.ComputeSourceDir - ----------------------------------------------------------------------
22:42:05.500 [main] DEBUG f.i.s.r.p.s.paths.ComputeSourceDir - Computing the source directory ...
22:42:05.501 [main] DEBUG f.i.s.r.p.s.paths.ComputeSourceDir - The default source directory (/root/workspace/EnMasseProject/enmasse/349347079/src/main/java) does not exist. Try to read pom.xml to get information.
22:42:06.221 [main] DEBUG f.i.s.r.p.s.paths.ComputeSourceDir - The source directory given in pom.xml (/root/workspace/EnMasseProject/enmasse/349347079/src/main/java) does not exist. Continue to try to get source dir from all modules.
22:42:06.286 [main] DEBUG f.i.s.r.p.m.RepositoryModelResolver - Downloading https://repo1.maven.org/maven2/org/springframework/boot/spring-boot-starter-parent/1.5.4.RELEASE/spring-boot-starter-parent-1.5.4.RELEASE.pom
22:42:06.409 [main] DEBUG f.i.s.r.p.m.RepositoryModelResolver - Downloading https://repo1.maven.org/maven2/org/springframework/boot/spring-boot-dependencies/1.5.4.RELEASE/spring-boot-dependencies-1.5.4.RELEASE.pom
22:42:06.580 [main] DEBUG f.i.s.r.p.m.RepositoryModelResolver - Downloading https://repo1.maven.org/maven2/com/fasterxml/jackson/jackson-bom/2.8.8/jackson-bom-2.8.8.pom
22:42:06.683 [main] DEBUG f.i.s.r.p.m.RepositoryModelResolver - Downloading https://repo1.maven.org/maven2/com/fasterxml/jackson/jackson-parent/2.8/jackson-parent-2.8.pom
22:42:06.779 [main] DEBUG f.i.s.r.p.m.RepositoryModelResolver - Downloading https://repo1.maven.org/maven2/com/fasterxml/oss-parent/27/oss-parent-27.pom
22:42:06.908 [main] DEBUG f.i.s.r.p.m.RepositoryModelResolver - Downloading https://repo1.maven.org/maven2/org/apache/logging/log4j/log4j-bom/2.7/log4j-bom-2.7.pom
22:42:07.007 [main] DEBUG f.i.s.r.p.m.RepositoryModelResolver - Downloading https://repo1.maven.org/maven2/org/apache/apache/9/apache-9.pom
22:42:07.117 [main] DEBUG f.i.s.r.p.m.RepositoryModelResolver - Downloading https://repo1.maven.org/maven2/org/springframework/spring-framework-bom/4.3.9.RELEASE/spring-framework-bom-4.3.9.RELEASE.pom
22:42:07.223 [main] DEBUG f.i.s.r.p.m.RepositoryModelResolver - Downloading https://repo1.maven.org/maven2/org/springframework/data/spring-data-releasetrain/Ingalls-SR4/spring-data-releasetrain-Ingalls-SR4.pom
22:42:07.320 [main] DEBUG f.i.s.r.p.m.RepositoryModelResolver - Downloading https://repo1.maven.org/maven2/org/springframework/data/build/spring-data-build/1.9.4.RELEASE/spring-data-build-1.9.4.RELEASE.pom
22:42:07.440 [main] DEBUG f.i.s.r.p.m.RepositoryModelResolver - Downloading https://repo1.maven.org/maven2/org/springframework/integration/spring-integration-bom/4.3.10.RELEASE/spring-integration-bom-4.3.10.RELEASE.pom
22:42:07.540 [main] DEBUG f.i.s.r.p.m.RepositoryModelResolver - Downloading https://repo1.maven.org/maven2/org/springframework/security/spring-security-bom/4.2.3.RELEASE/spring-security-bom-4.2.3.RELEASE.pom
22:42:07.787 [main] DEBUG f.i.s.r.p.s.paths.ComputeSourceDir - The default source directory (/root/workspace/EnMasseProject/enmasse/349347079/keycloak-plugin/src/main/java) does not exist. Try to read pom.xml to get information.
22:42:07.792 [main] DEBUG f.i.s.r.p.s.paths.ComputeSourceDir - The source directory given in pom.xml (/root/workspace/EnMasseProject/enmasse/349347079/keycloak-plugin/src/main/java) does not exist. Continue to try to get source dir from all modules.
22:42:07.808 [main] DEBUG f.i.s.r.p.s.paths.ComputeSourceDir - The default source directory (/root/workspace/EnMasseProject/enmasse/349347079/artemis/src/main/java) does not exist. Try to read pom.xml to get information.
22:42:07.817 [main] DEBUG f.i.s.r.p.s.paths.ComputeSourceDir - The source directory given in pom.xml (/root/workspace/EnMasseProject/enmasse/349347079/artemis/src/main/java) does not exist. Continue to try to get source dir from all modules.
22:42:07.834 [main] DEBUG f.i.s.r.p.s.paths.ComputeSourceDir - The default source directory (/root/workspace/EnMasseProject/enmasse/349347079/artemis/jmx_exporter/src/main/java) does not exist. Try to read pom.xml to get information.
22:42:07.839 [main] DEBUG f.i.s.r.p.s.paths.ComputeSourceDir - The source directory given in pom.xml (/root/workspace/EnMasseProject/enmasse/349347079/artemis/jmx_exporter/src/main/java) does not exist. Continue to try to get source dir from all modules.
22:42:07.839 [main] ERROR f.i.s.r.p.s.paths.ComputeSourceDir - The source directory is not at default location or specified in build section from pom.xml, and no parent can be found.
22:42:07.840 [main] INFO  f.i.s.r.p.s.paths.ComputeSourceDir - 16 source dirs were found:
22:42:07.840 [main] INFO  f.i.s.r.p.s.paths.ComputeSourceDir - /root/workspace/EnMasseProject/enmasse/349347079/address-controller/src/main/java
22:42:07.840 [main] INFO  f.i.s.r.p.s.paths.ComputeSourceDir - /root/workspace/EnMasseProject/enmasse/349347079/address-model-lib/src/main/java
22:42:07.841 [main] INFO  f.i.s.r.p.s.paths.ComputeSourceDir - /root/workspace/EnMasseProject/enmasse/349347079/amqp-utils/src/main/java
22:42:07.841 [main] INFO  f.i.s.r.p.s.paths.ComputeSourceDir - /root/workspace/EnMasseProject/enmasse/349347079/artemis/amqp-connector/src/main/java
22:42:07.841 [main] INFO  f.i.s.r.p.s.paths.ComputeSourceDir - /root/workspace/EnMasseProject/enmasse/349347079/artemis/sasl-delegation/src/main/java
22:42:07.841 [main] INFO  f.i.s.r.p.s.paths.ComputeSourceDir - /root/workspace/EnMasseProject/enmasse/349347079/artemis/shutdown-hook/src/main/java
22:42:07.841 [main] INFO  f.i.s.r.p.s.paths.ComputeSourceDir - /root/workspace/EnMasseProject/enmasse/349347079/discovery-lib/src/main/java
22:42:07.842 [main] INFO  f.i.s.r.p.s.paths.ComputeSourceDir - /root/workspace/EnMasseProject/enmasse/349347079/k8s-api-testutil/src/main/java
22:42:07.842 [main] INFO  f.i.s.r.p.s.paths.ComputeSourceDir - /root/workspace/EnMasseProject/enmasse/349347079/k8s-api/src/main/java
22:42:07.842 [main] INFO  f.i.s.r.p.s.paths.ComputeSourceDir - /root/workspace/EnMasseProject/enmasse/349347079/keycloak-controller/src/main/java
22:42:07.842 [main] INFO  f.i.s.r.p.s.paths.ComputeSourceDir - /root/workspace/EnMasseProject/enmasse/349347079/keycloak-plugin/sasl-plugin/src/main/java
22:42:07.842 [main] INFO  f.i.s.r.p.s.paths.ComputeSourceDir - /root/workspace/EnMasseProject/enmasse/349347079/mqtt-gateway/src/main/java
22:42:07.842 [main] INFO  f.i.s.r.p.s.paths.ComputeSourceDir - /root/workspace/EnMasseProject/enmasse/349347079/mqtt-lwt/src/main/java
22:42:07.843 [main] INFO  f.i.s.r.p.s.paths.ComputeSourceDir - /root/workspace/EnMasseProject/enmasse/349347079/standard-controller/src/main/java
22:42:07.843 [main] INFO  f.i.s.r.p.s.paths.ComputeSourceDir - /root/workspace/EnMasseProject/enmasse/349347079/systemtests/src/main/java
22:42:07.843 [main] INFO  f.i.s.r.p.s.paths.ComputeSourceDir - /root/workspace/EnMasseProject/enmasse/349347079/topic-forwarder/src/main/java
22:42:07.883 [main] DEBUG f.i.s.r.p.s.paths.ComputeSourceDir - Compute the line of code of the project
22:42:08.765 [main] DEBUG f.i.s.r.p.s.paths.ComputeSourceDir - Get result from cloc process...
22:42:08.766 [main] DEBUG f.i.s.r.p.s.paths.ComputeSourceDir - STEP STATUS: [ ComputeSourceDir : SUCCESS ]
22:42:08.767 [main] DEBUG f.i.s.r.p.s.paths.ComputeSourceDir - STEP DURATION: 3s
22:42:08.767 [main] DEBUG f.i.s.r.p.s.paths.ComputeSourceDir - EXECUTE NEXT STEP
22:42:08.767 [main] DEBUG f.i.s.r.p.step.paths.ComputeTestDir - ----------------------------------------------------------------------
22:42:08.767 [main] DEBUG f.i.s.r.p.step.paths.ComputeTestDir - STEP 4/22: ComputeTestDir
22:42:08.767 [main] DEBUG f.i.s.r.p.step.paths.ComputeTestDir - ----------------------------------------------------------------------
22:42:08.768 [main] DEBUG f.i.s.r.p.step.paths.ComputeTestDir - Computing the test directory ...
22:42:08.768 [main] DEBUG f.i.s.r.p.step.paths.ComputeTestDir - The default test directory (/root/workspace/EnMasseProject/enmasse/349347079/src/test/java) does not exist. Try to read pom.xml to get information.
22:42:08.772 [main] DEBUG f.i.s.r.p.step.paths.ComputeTestDir - The test directory given in pom.xml (/root/workspace/EnMasseProject/enmasse/349347079/src/test/java) does not exist. Continue to try to get test dir from all modules.
22:42:08.780 [main] DEBUG f.i.s.r.p.step.paths.ComputeTestDir - The default test directory (/root/workspace/EnMasseProject/enmasse/349347079/k8s-api-testutil/src/test/java) does not exist. Try to read pom.xml to get information.
22:42:08.784 [main] DEBUG f.i.s.r.p.step.paths.ComputeTestDir - The test directory given in pom.xml (/root/workspace/EnMasseProject/enmasse/349347079/k8s-api-testutil/src/test/java) does not exist. Continue to try to get test dir from all modules.
22:42:08.784 [main] ERROR f.i.s.r.p.step.paths.ComputeTestDir - The test directory is not at default location or specified in build section from pom.xml, and no parent can be found.
22:42:08.897 [main] DEBUG f.i.s.r.p.step.paths.ComputeTestDir - The default test directory (/root/workspace/EnMasseProject/enmasse/349347079/keycloak-plugin/src/test/java) does not exist. Try to read pom.xml to get information.
22:42:08.901 [main] DEBUG f.i.s.r.p.step.paths.ComputeTestDir - The test directory given in pom.xml (/root/workspace/EnMasseProject/enmasse/349347079/keycloak-plugin/src/test/java) does not exist. Continue to try to get test dir from all modules.
22:42:08.982 [main] DEBUG f.i.s.r.p.step.paths.ComputeTestDir - The default test directory (/root/workspace/EnMasseProject/enmasse/349347079/artemis/src/test/java) does not exist. Try to read pom.xml to get information.
22:42:08.988 [main] DEBUG f.i.s.r.p.step.paths.ComputeTestDir - The test directory given in pom.xml (/root/workspace/EnMasseProject/enmasse/349347079/artemis/src/test/java) does not exist. Continue to try to get test dir from all modules.
22:42:08.993 [main] DEBUG f.i.s.r.p.step.paths.ComputeTestDir - The default test directory (/root/workspace/EnMasseProject/enmasse/349347079/artemis/amqp-connector/src/test/java) does not exist. Try to read pom.xml to get information.
22:42:09.001 [main] DEBUG f.i.s.r.p.step.paths.ComputeTestDir - The test directory given in pom.xml (/root/workspace/EnMasseProject/enmasse/349347079/artemis/amqp-connector/src/test/java) does not exist. Continue to try to get test dir from all modules.
22:42:09.001 [main] ERROR f.i.s.r.p.step.paths.ComputeTestDir - The test directory is not at default location or specified in build section from pom.xml, and no parent can be found.
22:42:09.012 [main] DEBUG f.i.s.r.p.step.paths.ComputeTestDir - The default test directory (/root/workspace/EnMasseProject/enmasse/349347079/artemis/jmx_exporter/src/test/java) does not exist. Try to read pom.xml to get information.
22:42:09.017 [main] DEBUG f.i.s.r.p.step.paths.ComputeTestDir - The test directory given in pom.xml (/root/workspace/EnMasseProject/enmasse/349347079/artemis/jmx_exporter/src/test/java) does not exist. Continue to try to get test dir from all modules.
22:42:09.017 [main] ERROR f.i.s.r.p.step.paths.ComputeTestDir - The test directory is not at default location or specified in build section from pom.xml, and no parent can be found.
22:42:09.018 [main] INFO  f.i.s.r.p.step.paths.ComputeTestDir - 14 test dirs were found:
22:42:09.018 [main] INFO  f.i.s.r.p.step.paths.ComputeTestDir - /root/workspace/EnMasseProject/enmasse/349347079/address-controller/src/test/java
22:42:09.019 [main] INFO  f.i.s.r.p.step.paths.ComputeTestDir - /root/workspace/EnMasseProject/enmasse/349347079/address-model-lib/src/test/java
22:42:09.019 [main] INFO  f.i.s.r.p.step.paths.ComputeTestDir - /root/workspace/EnMasseProject/enmasse/349347079/amqp-utils/src/test/java
22:42:09.019 [main] INFO  f.i.s.r.p.step.paths.ComputeTestDir - /root/workspace/EnMasseProject/enmasse/349347079/artemis/sasl-delegation/src/test/java
22:42:09.020 [main] INFO  f.i.s.r.p.step.paths.ComputeTestDir - /root/workspace/EnMasseProject/enmasse/349347079/artemis/shutdown-hook/src/test/java
22:42:09.020 [main] INFO  f.i.s.r.p.step.paths.ComputeTestDir - /root/workspace/EnMasseProject/enmasse/349347079/discovery-lib/src/test/java
22:42:09.020 [main] INFO  f.i.s.r.p.step.paths.ComputeTestDir - /root/workspace/EnMasseProject/enmasse/349347079/k8s-api/src/test/java
22:42:09.021 [main] INFO  f.i.s.r.p.step.paths.ComputeTestDir - /root/workspace/EnMasseProject/enmasse/349347079/keycloak-controller/src/test/java
22:42:09.021 [main] INFO  f.i.s.r.p.step.paths.ComputeTestDir - /root/workspace/EnMasseProject/enmasse/349347079/keycloak-plugin/sasl-plugin/src/test/java
22:42:09.022 [main] INFO  f.i.s.r.p.step.paths.ComputeTestDir - /root/workspace/EnMasseProject/enmasse/349347079/mqtt-gateway/src/test/java
22:42:09.022 [main] INFO  f.i.s.r.p.step.paths.ComputeTestDir - /root/workspace/EnMasseProject/enmasse/349347079/mqtt-lwt/src/test/java
22:42:09.023 [main] INFO  f.i.s.r.p.step.paths.ComputeTestDir - /root/workspace/EnMasseProject/enmasse/349347079/standard-controller/src/test/java
22:42:09.023 [main] INFO  f.i.s.r.p.step.paths.ComputeTestDir - /root/workspace/EnMasseProject/enmasse/349347079/systemtests/src/test/java
22:42:09.023 [main] INFO  f.i.s.r.p.step.paths.ComputeTestDir - /root/workspace/EnMasseProject/enmasse/349347079/topic-forwarder/src/test/java
22:42:09.034 [main] DEBUG f.i.s.r.p.step.paths.ComputeTestDir - STEP STATUS: [ ComputeTestDir : SUCCESS ]
22:42:09.034 [main] DEBUG f.i.s.r.p.step.paths.ComputeTestDir - STEP DURATION: 0s
22:42:09.035 [main] DEBUG f.i.s.r.p.step.paths.ComputeTestDir - EXECUTE NEXT STEP
22:42:09.035 [main] DEBUG f.i.s.r.p.s.c.CheckoutBuggyBuildSourceCode - ----------------------------------------------------------------------
22:42:09.036 [main] DEBUG f.i.s.r.p.s.c.CheckoutBuggyBuildSourceCode - STEP 5/22: CheckoutBuggyBuildCandidateSourceCode
22:42:09.036 [main] DEBUG f.i.s.r.p.s.c.CheckoutBuggyBuildSourceCode - ----------------------------------------------------------------------
22:42:09.037 [main] DEBUG f.i.s.r.p.s.c.CheckoutBuggyBuildSourceCode - Checking out the source code of the buggy build candidate...
22:42:09.399 [main] INFO  fr.inria.jtravis.JTravis - GitHub ratelimit: Limit: 5000 Remaining: 4833 Reset hour: 19:30:05
22:42:11.406 [main] DEBUG f.i.s.r.process.git.GitHelper - Commit repairnator files...
22:42:11.407 [main] INFO  f.i.s.r.process.git.GitHelper - There is no repairnator file to commit.
22:42:11.407 [main] DEBUG f.i.s.r.p.s.c.CheckoutBuggyBuildSourceCode - Reproduce the PR for EnMasseProject/enmasse by fetching remote branch and merging.
22:42:11.963 [main] DEBUG f.i.s.r.process.git.GitHelper - Step CheckoutBuggyBuildCandidateSourceCode - Get the commit 0f97ce77b3864389756aef9e3017d085b74eb1ff for repo EnMasseProject/enmasse
22:42:12.204 [main] DEBUG f.i.s.r.process.git.GitHelper - Step CheckoutBuggyBuildCandidateSourceCode - Do the merge with the PR commit for repo EnMasseProject/enmasse
22:42:12.206 [main] INFO  f.i.s.r.process.git.GitHelper - Init git submodules.
22:42:12.548 [main] INFO  fr.inria.jtravis.JTravis - GitHub ratelimit: Limit: 5000 Remaining: 4824 Reset hour: 19:30:05
22:42:14.277 [main] DEBUG f.i.s.r.process.git.GitHelper - Commit repairnator files...
22:42:14.278 [main] INFO  f.i.s.r.process.git.GitHelper - There is no repairnator file to commit.
22:42:14.278 [main] DEBUG f.i.s.r.p.s.c.CheckoutBuggyBuildSourceCode - Reproduce the PR for EnMasseProject/enmasse by fetching remote branch and merging.
22:42:14.455 [main] ERROR f.i.s.r.p.s.c.CheckoutBuggyBuildSourceCode - Error while testing commit: org.eclipse.jgit.errors.MissingObjectException: Missing unknown 9712b0d8feec49a8263376f1ee36a58c784bac76
22:42:14.457 [main] ERROR f.i.s.r.p.s.c.CheckoutBuggyBuildSourceCode - Commit head ref cannot be retrieved from the repository: 9712b0d8feec49a8263376f1ee36a58c784bac76. Operation aborted.
22:42:14.457 [main] ERROR f.i.s.r.p.s.c.CheckoutBuggyBuildSourceCode - Error while merging two commits to reproduce the PR.
22:42:14.459 [main] DEBUG f.i.s.r.p.s.c.CheckoutBuggyBuildSourceCode - STEP STATUS: [ CheckoutBuggyBuildCandidateSourceCode : FAILURE ( BUILDNOTCHECKEDOUT ) ]
22:42:14.459 [main] DEBUG f.i.s.r.p.s.c.CheckoutBuggyBuildSourceCode - STEP DURATION: 5s
22:42:14.460 [main] DEBUG f.i.s.r.p.s.c.CheckoutBuggyBuildSourceCode - TERMINATE PIPELINE
22:42:14.460 [main] DEBUG f.i.s.r.p.s.c.CheckoutBuggyBuildSourceCode - FINAL STEPS SKIPPED: The reproduction of the bug and/or the patch failed.
22:42:14.461 [main] INFO  f.i.s.r.p.s.c.CheckoutBuggyBuildSourceCode - Serialize all data for the pair of builds 349347079, 350178450
22:42:14.581 [main] INFO  fr.inria.jtravis.JTravis - GitHub ratelimit: Limit: 5000 Remaining: 4817 Reset hour: 19:30:05
22:42:15.969 [main] INFO  f.i.s.r.p.i.ProjectInspector - ----------------------------------------------------------------------
22:42:15.970 [main] INFO  f.i.s.r.p.i.ProjectInspector - PIPELINE EXECUTION SUMMARY
22:42:15.970 [main] INFO  f.i.s.r.p.i.ProjectInspector - ----------------------------------------------------------------------
22:42:15.971 [main] INFO  f.i.s.r.p.i.ProjectInspector - CloneRepository.......................................SUCCESS [ 31 s ]
22:42:15.971 [main] INFO  f.i.s.r.p.i.ProjectInspector - CheckoutPatchedBuildCandidate.........................SUCCESS [  4 s ]
22:42:15.972 [main] INFO  f.i.s.r.p.i.ProjectInspector - ComputeSourceDir......................................SUCCESS [  3 s ]
22:42:15.972 [main] INFO  f.i.s.r.p.i.ProjectInspector - ComputeTestDir........................................SUCCESS [  0 s ]
22:42:15.972 [main] INFO  f.i.s.r.p.i.ProjectInspector - CheckoutBuggyBuildCandidateSourceCode.................FAILURE [  5 s ]
22:42:15.973 [main] INFO  f.i.s.r.p.i.ProjectInspector - BuildProjectBuggyBuildCandidateSourceCode.............NOT RUN         
22:42:15.973 [main] INFO  f.i.s.r.p.i.ProjectInspector - TestProjectBuggyBuildCandidateSourceCode..............NOT RUN         
22:42:15.974 [main] INFO  f.i.s.r.p.i.ProjectInspector - GatherTestInformationBuggyBuildCandidateSourceCode....NOT RUN         
22:42:15.974 [main] INFO  f.i.s.r.p.i.ProjectInspector - CheckoutBuggyBuildTestCode............................NOT RUN         
22:42:15.974 [main] INFO  f.i.s.r.p.i.ProjectInspector - InitRepoToPush........................................NOT RUN         
22:42:15.975 [main] INFO  f.i.s.r.p.i.ProjectInspector - ComputeClasspath......................................NOT RUN         
22:42:15.975 [main] INFO  f.i.s.r.p.i.ProjectInspector - ComputeModules........................................NOT RUN         
22:42:15.976 [main] INFO  f.i.s.r.p.i.ProjectInspector - CheckoutBuggyBuildCandidateSourceCode.................NOT RUN         
22:42:15.976 [main] INFO  f.i.s.r.p.i.ProjectInspector - CommitChangedTests....................................NOT RUN         
22:42:15.976 [main] INFO  f.i.s.r.p.i.ProjectInspector - CheckoutPatchedBuildCandidate.........................NOT RUN         
22:42:15.977 [main] INFO  f.i.s.r.p.i.ProjectInspector - BuildProjectPatchedBuildCandidate.....................NOT RUN         
22:42:15.977 [main] INFO  f.i.s.r.p.i.ProjectInspector - TestProjectPatchedBuildCandidate......................NOT RUN         
22:42:15.977 [main] INFO  f.i.s.r.p.i.ProjectInspector - GatherTestInformationPatchedBuildCandidate............NOT RUN         
22:42:15.978 [main] INFO  f.i.s.r.p.i.ProjectInspector - CommitPatch...........................................NOT RUN         
22:42:15.978 [main] INFO  f.i.s.r.p.i.ProjectInspector - WritePropertyFile.....................................NOT RUN         
22:42:15.979 [main] INFO  f.i.s.r.p.i.ProjectInspector - CommitProcessEnd......................................NOT RUN         
22:42:15.979 [main] INFO  f.i.s.r.p.i.ProjectInspector - PushProcessEnd........................................NOT RUN         
22:42:15.979 [main] INFO  f.i.s.r.p.i.ProjectInspector - ----------------------------------------------------------------------
22:42:15.980 [main] INFO  f.i.s.r.p.i.ProjectInspector - PIPELINE FINDING: BUILDNOTCHECKEDOUT
22:42:15.980 [main] INFO  f.i.s.r.p.i.ProjectInspector - ----------------------------------------------------------------------
22:42:15.980 [main] INFO  f.i.s.repairnator.pipeline.Launcher - Inspector is finished. The process will exit now.
