22:37:32.542 [main] INFO  f.i.s.repairnator.pipeline.Launcher - PIPELINE VERSION: 3.0-2018-08-09 19:04
22:37:32.666 [main] INFO  f.i.s.repairnator.pipeline.Launcher - The pipeline will try to reproduce a bug from build 350235805 and its corresponding patch from build 350241123
22:37:32.666 [main] INFO  f.i.s.repairnator.pipeline.Launcher - Initialize file serializer engines.
22:37:32.668 [main] INFO  f.i.s.repairnator.pipeline.Launcher - MongoDB won't be used for serialization.
22:37:32.668 [main] INFO  f.i.s.repairnator.pipeline.Launcher - The email notifier engine won't be used.
22:37:32.671 [main] INFO  f.i.s.repairnator.pipeline.Launcher - Start by getting the build (buildId: 350235805) with the following config: RepairnatorConfig{runId='4f10a5c0-d543-4288-82ed-b7536ce5532c_03-18-week1-PASSING_AND_PASSING', launcherMode=BEARS, serializeJson=true, inputPath='null', outputPath='/var/log', mongodbHost='null', mongodbName='repairnator', smtpServer='null', notifyTo=[], notifyEndProcess=false, push=true, pushRemoteRepo='https://github.com/fermadeiral/bears-collection-pp', fork=false, lookFromDate=null, lookToDate=null, buildId=350235805, z3solverPath='./z3_for_linux', workspacePath='./workspace', githubToken='c8a341a903[...]', dockerImageName='null', skipDelete=false, createOutputDir=false, logDirectory='null', nbThreads=0, globalTimeout=0, whiteList=null, blackList=null, jobSleepTime=0, buildSleepTime=0, maxInspectedBuilds=0, duration=null, humanPatch=false, repository='null', clean=true, bearsMode=BOTH, bearsDelimiter = false, repairTools=NopolAllTests,NPEFix,AssertFixer,AstorJGenProg,AstorJKali,NopolSingleTest,AstorJMut,NopolTestExclusionStrategy, githubUserName= fermadeiral, githubUserEmail=fer.madeiral@gmail.com}
22:37:34.175 [main] DEBUG fr.inria.jtravis.helpers.BuildHelper - Get request to :https://api.travis-ci.org/build/350235805 done after 876 ms
22:37:34.398 [main] DEBUG fr.inria.jtravis.helpers.BuildHelper - Get request to :https://api.travis-ci.org/build/350241123 done after 140 ms
22:37:34.408 [main] INFO  f.i.s.repairnator.pipeline.Launcher - The patched build (350241123) was successfully retrieved from Travis.
22:37:35.735 [main] INFO  fr.inria.jtravis.JTravis - GitHub ratelimit: Limit: 5000 Remaining: 4962 Reset hour: 19:30:05
22:37:36.463 [main] INFO  f.i.s.r.p.i.ProjectInspector - ----------------------------------------------------------------------
22:37:36.464 [main] INFO  f.i.s.r.p.i.ProjectInspector - PIPELINE STEPS
22:37:36.464 [main] INFO  f.i.s.r.p.i.ProjectInspector - ----------------------------------------------------------------------
22:37:36.464 [main] INFO  f.i.s.r.p.i.ProjectInspector - CloneRepository
22:37:36.464 [main] INFO  f.i.s.r.p.i.ProjectInspector - CheckoutPatchedBuildCandidate
22:37:36.465 [main] INFO  f.i.s.r.p.i.ProjectInspector - ComputeSourceDir
22:37:36.465 [main] INFO  f.i.s.r.p.i.ProjectInspector - ComputeTestDir
22:37:36.465 [main] INFO  f.i.s.r.p.i.ProjectInspector - CheckoutBuggyBuildCandidateSourceCode
22:37:36.465 [main] INFO  f.i.s.r.p.i.ProjectInspector - BuildProjectBuggyBuildCandidateSourceCode
22:37:36.465 [main] INFO  f.i.s.r.p.i.ProjectInspector - TestProjectBuggyBuildCandidateSourceCode
22:37:36.465 [main] INFO  f.i.s.r.p.i.ProjectInspector - GatherTestInformationBuggyBuildCandidateSourceCode
22:37:36.465 [main] INFO  f.i.s.r.p.i.ProjectInspector - CheckoutBuggyBuildTestCode
22:37:36.466 [main] INFO  f.i.s.r.p.i.ProjectInspector - InitRepoToPush
22:37:36.466 [main] INFO  f.i.s.r.p.i.ProjectInspector - ComputeClasspath
22:37:36.466 [main] INFO  f.i.s.r.p.i.ProjectInspector - ComputeModules
22:37:36.466 [main] INFO  f.i.s.r.p.i.ProjectInspector - CheckoutBuggyBuildCandidateSourceCode
22:37:36.466 [main] INFO  f.i.s.r.p.i.ProjectInspector - CommitChangedTests
22:37:36.466 [main] INFO  f.i.s.r.p.i.ProjectInspector - CheckoutPatchedBuildCandidate
22:37:36.466 [main] INFO  f.i.s.r.p.i.ProjectInspector - BuildProjectPatchedBuildCandidate
22:37:36.467 [main] INFO  f.i.s.r.p.i.ProjectInspector - TestProjectPatchedBuildCandidate
22:37:36.467 [main] INFO  f.i.s.r.p.i.ProjectInspector - GatherTestInformationPatchedBuildCandidate
22:37:36.467 [main] INFO  f.i.s.r.p.i.ProjectInspector - CommitPatch
22:37:36.467 [main] INFO  f.i.s.r.p.i.ProjectInspector - WritePropertyFile
22:37:36.467 [main] INFO  f.i.s.r.p.i.ProjectInspector - CommitProcessEnd
22:37:36.468 [main] INFO  f.i.s.r.p.i.ProjectInspector - PushProcessEnd
22:37:36.468 [main] DEBUG f.i.s.r.process.step.CloneRepository - ----------------------------------------------------------------------
22:37:36.468 [main] DEBUG f.i.s.r.process.step.CloneRepository - STEP 1/22: CloneRepository
22:37:36.468 [main] DEBUG f.i.s.r.process.step.CloneRepository - ----------------------------------------------------------------------
22:37:36.469 [main] DEBUG f.i.s.r.process.step.CloneRepository - Cloning repository EnMasseProject/enmasse in the following directory: ./workspace/EnMasseProject/enmasse/350235805
22:38:03.291 [main] DEBUG f.i.s.r.process.step.CloneRepository - STEP STATUS: [ CloneRepository : SUCCESS ]
22:38:03.291 [main] DEBUG f.i.s.r.process.step.CloneRepository - STEP DURATION: 26s
22:38:03.292 [main] DEBUG f.i.s.r.process.step.CloneRepository - EXECUTE NEXT STEP
22:38:03.292 [main] DEBUG f.i.s.r.p.s.c.CheckoutPatchedBuild - ----------------------------------------------------------------------
22:38:03.292 [main] DEBUG f.i.s.r.p.s.c.CheckoutPatchedBuild - STEP 2/22: CheckoutPatchedBuildCandidate
22:38:03.292 [main] DEBUG f.i.s.r.p.s.c.CheckoutPatchedBuild - ----------------------------------------------------------------------
22:38:03.292 [main] DEBUG f.i.s.r.p.s.c.CheckoutPatchedBuild - Checking out patched build candidate...
22:38:03.299 [main] ERROR f.i.s.r.p.s.c.CheckoutPatchedBuild - Error while testing commit: org.eclipse.jgit.errors.MissingObjectException: Missing unknown dfdcd99dfd6c2efd073ca37c24ae743338b646d7
22:38:03.299 [main] ERROR f.i.s.r.p.s.c.CheckoutPatchedBuild - Error while getting the commit to checkout from the repo.
22:38:03.300 [main] DEBUG f.i.s.r.p.s.c.CheckoutPatchedBuild - STEP STATUS: [ CheckoutPatchedBuildCandidate : FAILURE ( BUILDNOTCHECKEDOUT ) ]
22:38:03.300 [main] DEBUG f.i.s.r.p.s.c.CheckoutPatchedBuild - STEP DURATION: 0s
22:38:03.300 [main] DEBUG f.i.s.r.p.s.c.CheckoutPatchedBuild - TERMINATE PIPELINE
22:38:03.301 [main] DEBUG f.i.s.r.p.s.c.CheckoutPatchedBuild - FINAL STEPS SKIPPED: The reproduction of the bug and/or the patch failed.
22:38:03.301 [main] INFO  f.i.s.r.p.s.c.CheckoutPatchedBuild - Serialize all data for the pair of builds 350235805, 350241123
22:38:03.611 [main] INFO  fr.inria.jtravis.JTravis - GitHub ratelimit: Limit: 5000 Remaining: 4959 Reset hour: 19:30:05
22:38:04.835 [main] INFO  f.i.s.r.p.i.ProjectInspector - ----------------------------------------------------------------------
22:38:04.836 [main] INFO  f.i.s.r.p.i.ProjectInspector - PIPELINE EXECUTION SUMMARY
22:38:04.836 [main] INFO  f.i.s.r.p.i.ProjectInspector - ----------------------------------------------------------------------
22:38:04.837 [main] INFO  f.i.s.r.p.i.ProjectInspector - CloneRepository.......................................SUCCESS [ 26 s ]
22:38:04.837 [main] INFO  f.i.s.r.p.i.ProjectInspector - CheckoutPatchedBuildCandidate.........................FAILURE [  0 s ]
22:38:04.837 [main] INFO  f.i.s.r.p.i.ProjectInspector - ComputeSourceDir......................................NOT RUN         
22:38:04.838 [main] INFO  f.i.s.r.p.i.ProjectInspector - ComputeTestDir........................................NOT RUN         
22:38:04.838 [main] INFO  f.i.s.r.p.i.ProjectInspector - CheckoutBuggyBuildCandidateSourceCode.................NOT RUN         
22:38:04.838 [main] INFO  f.i.s.r.p.i.ProjectInspector - BuildProjectBuggyBuildCandidateSourceCode.............NOT RUN         
22:38:04.839 [main] INFO  f.i.s.r.p.i.ProjectInspector - TestProjectBuggyBuildCandidateSourceCode..............NOT RUN         
22:38:04.839 [main] INFO  f.i.s.r.p.i.ProjectInspector - GatherTestInformationBuggyBuildCandidateSourceCode....NOT RUN         
22:38:04.840 [main] INFO  f.i.s.r.p.i.ProjectInspector - CheckoutBuggyBuildTestCode............................NOT RUN         
22:38:04.840 [main] INFO  f.i.s.r.p.i.ProjectInspector - InitRepoToPush........................................NOT RUN         
22:38:04.840 [main] INFO  f.i.s.r.p.i.ProjectInspector - ComputeClasspath......................................NOT RUN         
22:38:04.842 [main] INFO  f.i.s.r.p.i.ProjectInspector - ComputeModules........................................NOT RUN         
22:38:04.842 [main] INFO  f.i.s.r.p.i.ProjectInspector - CheckoutBuggyBuildCandidateSourceCode.................NOT RUN         
22:38:04.842 [main] INFO  f.i.s.r.p.i.ProjectInspector - CommitChangedTests....................................NOT RUN         
22:38:04.842 [main] INFO  f.i.s.r.p.i.ProjectInspector - CheckoutPatchedBuildCandidate.........................NOT RUN         
22:38:04.842 [main] INFO  f.i.s.r.p.i.ProjectInspector - BuildProjectPatchedBuildCandidate.....................NOT RUN         
22:38:04.843 [main] INFO  f.i.s.r.p.i.ProjectInspector - TestProjectPatchedBuildCandidate......................NOT RUN         
22:38:04.843 [main] INFO  f.i.s.r.p.i.ProjectInspector - GatherTestInformationPatchedBuildCandidate............NOT RUN         
22:38:04.843 [main] INFO  f.i.s.r.p.i.ProjectInspector - CommitPatch...........................................NOT RUN         
22:38:04.843 [main] INFO  f.i.s.r.p.i.ProjectInspector - WritePropertyFile.....................................NOT RUN         
22:38:04.843 [main] INFO  f.i.s.r.p.i.ProjectInspector - CommitProcessEnd......................................NOT RUN         
22:38:04.844 [main] INFO  f.i.s.r.p.i.ProjectInspector - PushProcessEnd........................................NOT RUN         
22:38:04.844 [main] INFO  f.i.s.r.p.i.ProjectInspector - ----------------------------------------------------------------------
22:38:04.844 [main] INFO  f.i.s.r.p.i.ProjectInspector - PIPELINE FINDING: BUILDNOTCHECKEDOUT
22:38:04.844 [main] INFO  f.i.s.r.p.i.ProjectInspector - ----------------------------------------------------------------------
22:38:04.844 [main] INFO  f.i.s.repairnator.pipeline.Launcher - Inspector is finished. The process will exit now.
