03:11:05.913 [main] INFO  f.i.s.repairnator.pipeline.Launcher - PIPELINE VERSION: 3.0-2018-08-09 19:04
03:11:06.239 [main] INFO  f.i.s.repairnator.pipeline.Launcher - The pipeline will try to reproduce a bug from build 346106531 and its corresponding patch from build 347755273
03:11:06.240 [main] INFO  f.i.s.repairnator.pipeline.Launcher - Initialize file serializer engines.
03:11:06.243 [main] INFO  f.i.s.repairnator.pipeline.Launcher - MongoDB won't be used for serialization.
03:11:06.243 [main] INFO  f.i.s.repairnator.pipeline.Launcher - The email notifier engine won't be used.
03:11:06.249 [main] INFO  f.i.s.repairnator.pipeline.Launcher - Start by getting the build (buildId: 346106531) with the following config: RepairnatorConfig{runId='4f10a5c0-d543-4288-82ed-b7536ce5532c_03-18-week1-PASSING_AND_PASSING', launcherMode=BEARS, serializeJson=true, inputPath='null', outputPath='/var/log', mongodbHost='null', mongodbName='repairnator', smtpServer='null', notifyTo=[], notifyEndProcess=false, push=true, pushRemoteRepo='https://github.com/fermadeiral/bears-collection-pp', fork=false, lookFromDate=null, lookToDate=null, buildId=346106531, z3solverPath='./z3_for_linux', workspacePath='./workspace', githubToken='c8a341a903[...]', dockerImageName='null', skipDelete=false, createOutputDir=false, logDirectory='null', nbThreads=0, globalTimeout=0, whiteList=null, blackList=null, jobSleepTime=0, buildSleepTime=0, maxInspectedBuilds=0, duration=null, humanPatch=false, repository='null', clean=true, bearsMode=BOTH, bearsDelimiter = false, repairTools=NopolAllTests,NPEFix,AssertFixer,AstorJGenProg,AstorJKali,NopolSingleTest,AstorJMut,NopolTestExclusionStrategy, githubUserName= fermadeiral, githubUserEmail=fer.madeiral@gmail.com}
03:11:07.847 [main] DEBUG fr.inria.jtravis.helpers.BuildHelper - Get request to :https://api.travis-ci.org/build/346106531 done after 907 ms
03:11:08.130 [main] DEBUG fr.inria.jtravis.helpers.BuildHelper - Get request to :https://api.travis-ci.org/build/347755273 done after 133 ms
03:11:08.152 [main] INFO  f.i.s.repairnator.pipeline.Launcher - The patched build (347755273) was successfully retrieved from Travis.
03:11:09.703 [main] INFO  fr.inria.jtravis.JTravis - GitHub ratelimit: Limit: 5000 Remaining: 4825 Reset hour: 19:30:21
03:11:10.000 [main] INFO  f.i.s.r.p.i.ProjectInspector - ----------------------------------------------------------------------
03:11:10.000 [main] INFO  f.i.s.r.p.i.ProjectInspector - PIPELINE STEPS
03:11:10.000 [main] INFO  f.i.s.r.p.i.ProjectInspector - ----------------------------------------------------------------------
03:11:10.001 [main] INFO  f.i.s.r.p.i.ProjectInspector - CloneRepository
03:11:10.001 [main] INFO  f.i.s.r.p.i.ProjectInspector - CheckoutPatchedBuildCandidate
03:11:10.001 [main] INFO  f.i.s.r.p.i.ProjectInspector - ComputeSourceDir
03:11:10.001 [main] INFO  f.i.s.r.p.i.ProjectInspector - ComputeTestDir
03:11:10.002 [main] INFO  f.i.s.r.p.i.ProjectInspector - CheckoutBuggyBuildCandidateSourceCode
03:11:10.002 [main] INFO  f.i.s.r.p.i.ProjectInspector - BuildProjectBuggyBuildCandidateSourceCode
03:11:10.002 [main] INFO  f.i.s.r.p.i.ProjectInspector - TestProjectBuggyBuildCandidateSourceCode
03:11:10.003 [main] INFO  f.i.s.r.p.i.ProjectInspector - GatherTestInformationBuggyBuildCandidateSourceCode
03:11:10.003 [main] INFO  f.i.s.r.p.i.ProjectInspector - CheckoutBuggyBuildTestCode
03:11:10.003 [main] INFO  f.i.s.r.p.i.ProjectInspector - InitRepoToPush
03:11:10.003 [main] INFO  f.i.s.r.p.i.ProjectInspector - ComputeClasspath
03:11:10.004 [main] INFO  f.i.s.r.p.i.ProjectInspector - ComputeModules
03:11:10.004 [main] INFO  f.i.s.r.p.i.ProjectInspector - CheckoutBuggyBuildCandidateSourceCode
03:11:10.004 [main] INFO  f.i.s.r.p.i.ProjectInspector - CommitChangedTests
03:11:10.004 [main] INFO  f.i.s.r.p.i.ProjectInspector - CheckoutPatchedBuildCandidate
03:11:10.005 [main] INFO  f.i.s.r.p.i.ProjectInspector - BuildProjectPatchedBuildCandidate
03:11:10.005 [main] INFO  f.i.s.r.p.i.ProjectInspector - TestProjectPatchedBuildCandidate
03:11:10.005 [main] INFO  f.i.s.r.p.i.ProjectInspector - GatherTestInformationPatchedBuildCandidate
03:11:10.006 [main] INFO  f.i.s.r.p.i.ProjectInspector - CommitPatch
03:11:10.006 [main] INFO  f.i.s.r.p.i.ProjectInspector - WritePropertyFile
03:11:10.006 [main] INFO  f.i.s.r.p.i.ProjectInspector - CommitProcessEnd
03:11:10.007 [main] INFO  f.i.s.r.p.i.ProjectInspector - PushProcessEnd
03:11:10.007 [main] DEBUG f.i.s.r.process.step.CloneRepository - ----------------------------------------------------------------------
03:11:10.007 [main] DEBUG f.i.s.r.process.step.CloneRepository - STEP 1/22: CloneRepository
03:11:10.008 [main] DEBUG f.i.s.r.process.step.CloneRepository - ----------------------------------------------------------------------
03:11:10.008 [main] DEBUG f.i.s.r.process.step.CloneRepository - Cloning repository StuPro-TOSCAna/TOSCAna in the following directory: ./workspace/StuPro-TOSCAna/TOSCAna/346106531
03:11:27.968 [main] DEBUG f.i.s.r.process.step.CloneRepository - STEP STATUS: [ CloneRepository : SUCCESS ]
03:11:27.969 [main] DEBUG f.i.s.r.process.step.CloneRepository - STEP DURATION: 17s
03:11:27.969 [main] DEBUG f.i.s.r.process.step.CloneRepository - EXECUTE NEXT STEP
03:11:27.970 [main] DEBUG f.i.s.r.p.s.c.CheckoutPatchedBuild - ----------------------------------------------------------------------
03:11:27.970 [main] DEBUG f.i.s.r.p.s.c.CheckoutPatchedBuild - STEP 2/22: CheckoutPatchedBuildCandidate
03:11:27.970 [main] DEBUG f.i.s.r.p.s.c.CheckoutPatchedBuild - ----------------------------------------------------------------------
03:11:27.970 [main] DEBUG f.i.s.r.p.s.c.CheckoutPatchedBuild - Checking out patched build candidate...
03:11:28.307 [main] INFO  fr.inria.jtravis.JTravis - GitHub ratelimit: Limit: 5000 Remaining: 4822 Reset hour: 19:30:21
03:11:29.944 [main] DEBUG f.i.s.r.p.s.c.CheckoutPatchedBuild - Reproduce the PR for StuPro-TOSCAna/TOSCAna by fetching remote branch and merging.
03:11:30.559 [main] ERROR f.i.s.r.p.s.c.CheckoutPatchedBuild - Error while testing commit: org.eclipse.jgit.errors.MissingObjectException: Missing unknown 476ccefd8ea55db241fea47a2e78f2b366f29390
03:11:30.561 [main] ERROR f.i.s.r.p.s.c.CheckoutPatchedBuild - Commit head ref cannot be retrieved from the repository: 476ccefd8ea55db241fea47a2e78f2b366f29390. Operation aborted.
03:11:30.561 [main] ERROR f.i.s.r.p.s.c.CheckoutPatchedBuild - Error while merging two commits to reproduce the PR.
03:11:30.562 [main] DEBUG f.i.s.r.p.s.c.CheckoutPatchedBuild - STEP STATUS: [ CheckoutPatchedBuildCandidate : FAILURE ( BUILDNOTCHECKEDOUT ) ]
03:11:30.563 [main] DEBUG f.i.s.r.p.s.c.CheckoutPatchedBuild - STEP DURATION: 2s
03:11:30.563 [main] DEBUG f.i.s.r.p.s.c.CheckoutPatchedBuild - TERMINATE PIPELINE
03:11:30.564 [main] DEBUG f.i.s.r.p.s.c.CheckoutPatchedBuild - FINAL STEPS SKIPPED: The reproduction of the bug and/or the patch failed.
03:11:30.564 [main] INFO  f.i.s.r.p.s.c.CheckoutPatchedBuild - Serialize all data for the pair of builds 346106531, 347755273
03:11:30.689 [main] INFO  fr.inria.jtravis.JTravis - GitHub ratelimit: Limit: 5000 Remaining: 4815 Reset hour: 19:30:21
03:11:31.229 [main] INFO  f.i.s.r.p.i.ProjectInspector - ----------------------------------------------------------------------
03:11:31.229 [main] INFO  f.i.s.r.p.i.ProjectInspector - PIPELINE EXECUTION SUMMARY
03:11:31.229 [main] INFO  f.i.s.r.p.i.ProjectInspector - ----------------------------------------------------------------------
03:11:31.230 [main] INFO  f.i.s.r.p.i.ProjectInspector - CloneRepository.......................................SUCCESS [ 17 s ]
03:11:31.230 [main] INFO  f.i.s.r.p.i.ProjectInspector - CheckoutPatchedBuildCandidate.........................FAILURE [  2 s ]
03:11:31.230 [main] INFO  f.i.s.r.p.i.ProjectInspector - ComputeSourceDir......................................NOT RUN         
03:11:31.231 [main] INFO  f.i.s.r.p.i.ProjectInspector - ComputeTestDir........................................NOT RUN         
03:11:31.231 [main] INFO  f.i.s.r.p.i.ProjectInspector - CheckoutBuggyBuildCandidateSourceCode.................NOT RUN         
03:11:31.231 [main] INFO  f.i.s.r.p.i.ProjectInspector - BuildProjectBuggyBuildCandidateSourceCode.............NOT RUN         
03:11:31.231 [main] INFO  f.i.s.r.p.i.ProjectInspector - TestProjectBuggyBuildCandidateSourceCode..............NOT RUN         
03:11:31.231 [main] INFO  f.i.s.r.p.i.ProjectInspector - GatherTestInformationBuggyBuildCandidateSourceCode....NOT RUN         
03:11:31.232 [main] INFO  f.i.s.r.p.i.ProjectInspector - CheckoutBuggyBuildTestCode............................NOT RUN         
03:11:31.232 [main] INFO  f.i.s.r.p.i.ProjectInspector - InitRepoToPush........................................NOT RUN         
03:11:31.232 [main] INFO  f.i.s.r.p.i.ProjectInspector - ComputeClasspath......................................NOT RUN         
03:11:31.232 [main] INFO  f.i.s.r.p.i.ProjectInspector - ComputeModules........................................NOT RUN         
03:11:31.232 [main] INFO  f.i.s.r.p.i.ProjectInspector - CheckoutBuggyBuildCandidateSourceCode.................NOT RUN         
03:11:31.232 [main] INFO  f.i.s.r.p.i.ProjectInspector - CommitChangedTests....................................NOT RUN         
03:11:31.233 [main] INFO  f.i.s.r.p.i.ProjectInspector - CheckoutPatchedBuildCandidate.........................NOT RUN         
03:11:31.233 [main] INFO  f.i.s.r.p.i.ProjectInspector - BuildProjectPatchedBuildCandidate.....................NOT RUN         
03:11:31.233 [main] INFO  f.i.s.r.p.i.ProjectInspector - TestProjectPatchedBuildCandidate......................NOT RUN         
03:11:31.233 [main] INFO  f.i.s.r.p.i.ProjectInspector - GatherTestInformationPatchedBuildCandidate............NOT RUN         
03:11:31.233 [main] INFO  f.i.s.r.p.i.ProjectInspector - CommitPatch...........................................NOT RUN         
03:11:31.233 [main] INFO  f.i.s.r.p.i.ProjectInspector - WritePropertyFile.....................................NOT RUN         
03:11:31.234 [main] INFO  f.i.s.r.p.i.ProjectInspector - CommitProcessEnd......................................NOT RUN         
03:11:31.234 [main] INFO  f.i.s.r.p.i.ProjectInspector - PushProcessEnd........................................NOT RUN         
03:11:31.234 [main] INFO  f.i.s.r.p.i.ProjectInspector - ----------------------------------------------------------------------
03:11:31.234 [main] INFO  f.i.s.r.p.i.ProjectInspector - PIPELINE FINDING: BUILDNOTCHECKEDOUT
03:11:31.235 [main] INFO  f.i.s.r.p.i.ProjectInspector - ----------------------------------------------------------------------
03:11:31.235 [main] INFO  f.i.s.repairnator.pipeline.Launcher - Inspector is finished. The process will exit now.
