03:08:28.964 [main] INFO  f.i.s.repairnator.pipeline.Launcher - PIPELINE VERSION: 3.0-2018-08-09 19:04
03:08:29.102 [main] INFO  f.i.s.repairnator.pipeline.Launcher - The pipeline will try to reproduce a bug from build 349004408 and its corresponding patch from build 349005221
03:08:29.103 [main] INFO  f.i.s.repairnator.pipeline.Launcher - Initialize file serializer engines.
03:08:29.105 [main] INFO  f.i.s.repairnator.pipeline.Launcher - MongoDB won't be used for serialization.
03:08:29.105 [main] INFO  f.i.s.repairnator.pipeline.Launcher - The email notifier engine won't be used.
03:08:29.108 [main] INFO  f.i.s.repairnator.pipeline.Launcher - Start by getting the build (buildId: 349004408) with the following config: RepairnatorConfig{runId='4f10a5c0-d543-4288-82ed-b7536ce5532c_03-18-week1-PASSING_AND_PASSING', launcherMode=BEARS, serializeJson=true, inputPath='null', outputPath='/var/log', mongodbHost='null', mongodbName='repairnator', smtpServer='null', notifyTo=[], notifyEndProcess=false, push=true, pushRemoteRepo='https://github.com/fermadeiral/bears-collection-pp', fork=false, lookFromDate=null, lookToDate=null, buildId=349004408, z3solverPath='./z3_for_linux', workspacePath='./workspace', githubToken='c8a341a903[...]', dockerImageName='null', skipDelete=false, createOutputDir=false, logDirectory='null', nbThreads=0, globalTimeout=0, whiteList=null, blackList=null, jobSleepTime=0, buildSleepTime=0, maxInspectedBuilds=0, duration=null, humanPatch=false, repository='null', clean=true, bearsMode=BOTH, bearsDelimiter = false, repairTools=NopolAllTests,NPEFix,AssertFixer,AstorJGenProg,AstorJKali,NopolSingleTest,AstorJMut,NopolTestExclusionStrategy, githubUserName= fermadeiral, githubUserEmail=fer.madeiral@gmail.com}
03:08:30.515 [main] DEBUG fr.inria.jtravis.helpers.BuildHelper - Get request to :https://api.travis-ci.org/build/349004408 done after 1011 ms
03:08:30.780 [main] DEBUG fr.inria.jtravis.helpers.BuildHelper - Get request to :https://api.travis-ci.org/build/349005221 done after 129 ms
03:08:30.801 [main] INFO  f.i.s.repairnator.pipeline.Launcher - The patched build (349005221) was successfully retrieved from Travis.
03:08:31.826 [main] INFO  fr.inria.jtravis.JTravis - GitHub ratelimit: Limit: 5000 Remaining: 4898 Reset hour: 19:30:21
03:08:32.129 [main] INFO  f.i.s.r.p.i.ProjectInspector - ----------------------------------------------------------------------
03:08:32.129 [main] INFO  f.i.s.r.p.i.ProjectInspector - PIPELINE STEPS
03:08:32.130 [main] INFO  f.i.s.r.p.i.ProjectInspector - ----------------------------------------------------------------------
03:08:32.130 [main] INFO  f.i.s.r.p.i.ProjectInspector - CloneRepository
03:08:32.130 [main] INFO  f.i.s.r.p.i.ProjectInspector - CheckoutPatchedBuildCandidate
03:08:32.130 [main] INFO  f.i.s.r.p.i.ProjectInspector - ComputeSourceDir
03:08:32.130 [main] INFO  f.i.s.r.p.i.ProjectInspector - ComputeTestDir
03:08:32.130 [main] INFO  f.i.s.r.p.i.ProjectInspector - CheckoutBuggyBuildCandidateSourceCode
03:08:32.130 [main] INFO  f.i.s.r.p.i.ProjectInspector - BuildProjectBuggyBuildCandidateSourceCode
03:08:32.131 [main] INFO  f.i.s.r.p.i.ProjectInspector - TestProjectBuggyBuildCandidateSourceCode
03:08:32.131 [main] INFO  f.i.s.r.p.i.ProjectInspector - GatherTestInformationBuggyBuildCandidateSourceCode
03:08:32.131 [main] INFO  f.i.s.r.p.i.ProjectInspector - CheckoutBuggyBuildTestCode
03:08:32.131 [main] INFO  f.i.s.r.p.i.ProjectInspector - InitRepoToPush
03:08:32.131 [main] INFO  f.i.s.r.p.i.ProjectInspector - ComputeClasspath
03:08:32.131 [main] INFO  f.i.s.r.p.i.ProjectInspector - ComputeModules
03:08:32.131 [main] INFO  f.i.s.r.p.i.ProjectInspector - CheckoutBuggyBuildCandidateSourceCode
03:08:32.131 [main] INFO  f.i.s.r.p.i.ProjectInspector - CommitChangedTests
03:08:32.131 [main] INFO  f.i.s.r.p.i.ProjectInspector - CheckoutPatchedBuildCandidate
03:08:32.132 [main] INFO  f.i.s.r.p.i.ProjectInspector - BuildProjectPatchedBuildCandidate
03:08:32.132 [main] INFO  f.i.s.r.p.i.ProjectInspector - TestProjectPatchedBuildCandidate
03:08:32.132 [main] INFO  f.i.s.r.p.i.ProjectInspector - GatherTestInformationPatchedBuildCandidate
03:08:32.132 [main] INFO  f.i.s.r.p.i.ProjectInspector - CommitPatch
03:08:32.132 [main] INFO  f.i.s.r.p.i.ProjectInspector - WritePropertyFile
03:08:32.132 [main] INFO  f.i.s.r.p.i.ProjectInspector - CommitProcessEnd
03:08:32.132 [main] INFO  f.i.s.r.p.i.ProjectInspector - PushProcessEnd
03:08:32.133 [main] DEBUG f.i.s.r.process.step.CloneRepository - ----------------------------------------------------------------------
03:08:32.133 [main] DEBUG f.i.s.r.process.step.CloneRepository - STEP 1/22: CloneRepository
03:08:32.133 [main] DEBUG f.i.s.r.process.step.CloneRepository - ----------------------------------------------------------------------
03:08:32.133 [main] DEBUG f.i.s.r.process.step.CloneRepository - Cloning repository StuPro-TOSCAna/TOSCAna in the following directory: ./workspace/StuPro-TOSCAna/TOSCAna/349004408
03:08:51.985 [main] DEBUG f.i.s.r.process.step.CloneRepository - STEP STATUS: [ CloneRepository : SUCCESS ]
03:08:51.986 [main] DEBUG f.i.s.r.process.step.CloneRepository - STEP DURATION: 19s
03:08:51.986 [main] DEBUG f.i.s.r.process.step.CloneRepository - EXECUTE NEXT STEP
03:08:51.986 [main] DEBUG f.i.s.r.p.s.c.CheckoutPatchedBuild - ----------------------------------------------------------------------
03:08:51.987 [main] DEBUG f.i.s.r.p.s.c.CheckoutPatchedBuild - STEP 2/22: CheckoutPatchedBuildCandidate
03:08:51.987 [main] DEBUG f.i.s.r.p.s.c.CheckoutPatchedBuild - ----------------------------------------------------------------------
03:08:51.987 [main] DEBUG f.i.s.r.p.s.c.CheckoutPatchedBuild - Checking out patched build candidate...
03:08:51.995 [main] ERROR f.i.s.r.p.s.c.CheckoutPatchedBuild - Error while testing commit: org.eclipse.jgit.errors.MissingObjectException: Missing unknown 3126d11371efe18027f96d6696c0be09f975cef7
03:08:51.995 [main] ERROR f.i.s.r.p.s.c.CheckoutPatchedBuild - Error while getting the commit to checkout from the repo.
03:08:51.996 [main] DEBUG f.i.s.r.p.s.c.CheckoutPatchedBuild - STEP STATUS: [ CheckoutPatchedBuildCandidate : FAILURE ( BUILDNOTCHECKEDOUT ) ]
03:08:51.996 [main] DEBUG f.i.s.r.p.s.c.CheckoutPatchedBuild - STEP DURATION: 0s
03:08:51.996 [main] DEBUG f.i.s.r.p.s.c.CheckoutPatchedBuild - TERMINATE PIPELINE
03:08:51.996 [main] DEBUG f.i.s.r.p.s.c.CheckoutPatchedBuild - FINAL STEPS SKIPPED: The reproduction of the bug and/or the patch failed.
03:08:51.997 [main] INFO  f.i.s.r.p.s.c.CheckoutPatchedBuild - Serialize all data for the pair of builds 349004408, 349005221
03:08:52.308 [main] INFO  fr.inria.jtravis.JTravis - GitHub ratelimit: Limit: 5000 Remaining: 4897 Reset hour: 19:30:21
03:08:53.317 [main] INFO  f.i.s.r.p.i.ProjectInspector - ----------------------------------------------------------------------
03:08:53.318 [main] INFO  f.i.s.r.p.i.ProjectInspector - PIPELINE EXECUTION SUMMARY
03:08:53.318 [main] INFO  f.i.s.r.p.i.ProjectInspector - ----------------------------------------------------------------------
03:08:53.318 [main] INFO  f.i.s.r.p.i.ProjectInspector - CloneRepository.......................................SUCCESS [ 19 s ]
03:08:53.318 [main] INFO  f.i.s.r.p.i.ProjectInspector - CheckoutPatchedBuildCandidate.........................FAILURE [  0 s ]
03:08:53.318 [main] INFO  f.i.s.r.p.i.ProjectInspector - ComputeSourceDir......................................NOT RUN         
03:08:53.318 [main] INFO  f.i.s.r.p.i.ProjectInspector - ComputeTestDir........................................NOT RUN         
03:08:53.319 [main] INFO  f.i.s.r.p.i.ProjectInspector - CheckoutBuggyBuildCandidateSourceCode.................NOT RUN         
03:08:53.319 [main] INFO  f.i.s.r.p.i.ProjectInspector - BuildProjectBuggyBuildCandidateSourceCode.............NOT RUN         
03:08:53.319 [main] INFO  f.i.s.r.p.i.ProjectInspector - TestProjectBuggyBuildCandidateSourceCode..............NOT RUN         
03:08:53.319 [main] INFO  f.i.s.r.p.i.ProjectInspector - GatherTestInformationBuggyBuildCandidateSourceCode....NOT RUN         
03:08:53.319 [main] INFO  f.i.s.r.p.i.ProjectInspector - CheckoutBuggyBuildTestCode............................NOT RUN         
03:08:53.319 [main] INFO  f.i.s.r.p.i.ProjectInspector - InitRepoToPush........................................NOT RUN         
03:08:53.319 [main] INFO  f.i.s.r.p.i.ProjectInspector - ComputeClasspath......................................NOT RUN         
03:08:53.319 [main] INFO  f.i.s.r.p.i.ProjectInspector - ComputeModules........................................NOT RUN         
03:08:53.327 [main] INFO  f.i.s.r.p.i.ProjectInspector - CheckoutBuggyBuildCandidateSourceCode.................NOT RUN         
03:08:53.327 [main] INFO  f.i.s.r.p.i.ProjectInspector - CommitChangedTests....................................NOT RUN         
03:08:53.327 [main] INFO  f.i.s.r.p.i.ProjectInspector - CheckoutPatchedBuildCandidate.........................NOT RUN         
03:08:53.327 [main] INFO  f.i.s.r.p.i.ProjectInspector - BuildProjectPatchedBuildCandidate.....................NOT RUN         
03:08:53.327 [main] INFO  f.i.s.r.p.i.ProjectInspector - TestProjectPatchedBuildCandidate......................NOT RUN         
03:08:53.327 [main] INFO  f.i.s.r.p.i.ProjectInspector - GatherTestInformationPatchedBuildCandidate............NOT RUN         
03:08:53.327 [main] INFO  f.i.s.r.p.i.ProjectInspector - CommitPatch...........................................NOT RUN         
03:08:53.327 [main] INFO  f.i.s.r.p.i.ProjectInspector - WritePropertyFile.....................................NOT RUN         
03:08:53.327 [main] INFO  f.i.s.r.p.i.ProjectInspector - CommitProcessEnd......................................NOT RUN         
03:08:53.328 [main] INFO  f.i.s.r.p.i.ProjectInspector - PushProcessEnd........................................NOT RUN         
03:08:53.328 [main] INFO  f.i.s.r.p.i.ProjectInspector - ----------------------------------------------------------------------
03:08:53.328 [main] INFO  f.i.s.r.p.i.ProjectInspector - PIPELINE FINDING: BUILDNOTCHECKEDOUT
03:08:53.328 [main] INFO  f.i.s.r.p.i.ProjectInspector - ----------------------------------------------------------------------
03:08:53.328 [main] INFO  f.i.s.repairnator.pipeline.Launcher - Inspector is finished. The process will exit now.
