22:38:50.942 [main] INFO  f.i.s.repairnator.pipeline.Launcher - PIPELINE VERSION: 3.0-2018-08-09 19:04
22:38:51.145 [main] INFO  f.i.s.repairnator.pipeline.Launcher - The pipeline will try to reproduce a bug from build 347661000 and its corresponding patch from build 350215035
22:38:51.146 [main] INFO  f.i.s.repairnator.pipeline.Launcher - Initialize file serializer engines.
22:38:51.149 [main] INFO  f.i.s.repairnator.pipeline.Launcher - MongoDB won't be used for serialization.
22:38:51.149 [main] INFO  f.i.s.repairnator.pipeline.Launcher - The email notifier engine won't be used.
22:38:51.154 [main] INFO  f.i.s.repairnator.pipeline.Launcher - Start by getting the build (buildId: 347661000) with the following config: RepairnatorConfig{runId='4f10a5c0-d543-4288-82ed-b7536ce5532c_03-18-week1-PASSING_AND_PASSING', launcherMode=BEARS, serializeJson=true, inputPath='null', outputPath='/var/log', mongodbHost='null', mongodbName='repairnator', smtpServer='null', notifyTo=[], notifyEndProcess=false, push=true, pushRemoteRepo='https://github.com/fermadeiral/bears-collection-pp', fork=false, lookFromDate=null, lookToDate=null, buildId=347661000, z3solverPath='./z3_for_linux', workspacePath='./workspace', githubToken='c8a341a903[...]', dockerImageName='null', skipDelete=false, createOutputDir=false, logDirectory='null', nbThreads=0, globalTimeout=0, whiteList=null, blackList=null, jobSleepTime=0, buildSleepTime=0, maxInspectedBuilds=0, duration=null, humanPatch=false, repository='null', clean=true, bearsMode=BOTH, bearsDelimiter = false, repairTools=NopolAllTests,NPEFix,AssertFixer,AstorJGenProg,AstorJKali,NopolSingleTest,AstorJMut,NopolTestExclusionStrategy, githubUserName= fermadeiral, githubUserEmail=fer.madeiral@gmail.com}
22:38:52.701 [main] DEBUG fr.inria.jtravis.helpers.BuildHelper - Get request to :https://api.travis-ci.org/build/347661000 done after 866 ms
22:38:52.938 [main] DEBUG fr.inria.jtravis.helpers.BuildHelper - Get request to :https://api.travis-ci.org/build/350215035 done after 129 ms
22:38:52.952 [main] INFO  f.i.s.repairnator.pipeline.Launcher - The patched build (350215035) was successfully retrieved from Travis.
22:38:54.030 [main] INFO  fr.inria.jtravis.JTravis - GitHub ratelimit: Limit: 5000 Remaining: 4932 Reset hour: 19:30:05
22:38:54.254 [main] INFO  f.i.s.r.p.i.ProjectInspector - ----------------------------------------------------------------------
22:38:54.254 [main] INFO  f.i.s.r.p.i.ProjectInspector - PIPELINE STEPS
22:38:54.254 [main] INFO  f.i.s.r.p.i.ProjectInspector - ----------------------------------------------------------------------
22:38:54.254 [main] INFO  f.i.s.r.p.i.ProjectInspector - CloneRepository
22:38:54.254 [main] INFO  f.i.s.r.p.i.ProjectInspector - CheckoutPatchedBuildCandidate
22:38:54.254 [main] INFO  f.i.s.r.p.i.ProjectInspector - ComputeSourceDir
22:38:54.255 [main] INFO  f.i.s.r.p.i.ProjectInspector - ComputeTestDir
22:38:54.255 [main] INFO  f.i.s.r.p.i.ProjectInspector - CheckoutBuggyBuildCandidateSourceCode
22:38:54.255 [main] INFO  f.i.s.r.p.i.ProjectInspector - BuildProjectBuggyBuildCandidateSourceCode
22:38:54.255 [main] INFO  f.i.s.r.p.i.ProjectInspector - TestProjectBuggyBuildCandidateSourceCode
22:38:54.255 [main] INFO  f.i.s.r.p.i.ProjectInspector - GatherTestInformationBuggyBuildCandidateSourceCode
22:38:54.255 [main] INFO  f.i.s.r.p.i.ProjectInspector - CheckoutBuggyBuildTestCode
22:38:54.255 [main] INFO  f.i.s.r.p.i.ProjectInspector - InitRepoToPush
22:38:54.256 [main] INFO  f.i.s.r.p.i.ProjectInspector - ComputeClasspath
22:38:54.256 [main] INFO  f.i.s.r.p.i.ProjectInspector - ComputeModules
22:38:54.256 [main] INFO  f.i.s.r.p.i.ProjectInspector - CheckoutBuggyBuildCandidateSourceCode
22:38:54.256 [main] INFO  f.i.s.r.p.i.ProjectInspector - CommitChangedTests
22:38:54.256 [main] INFO  f.i.s.r.p.i.ProjectInspector - CheckoutPatchedBuildCandidate
22:38:54.256 [main] INFO  f.i.s.r.p.i.ProjectInspector - BuildProjectPatchedBuildCandidate
22:38:54.256 [main] INFO  f.i.s.r.p.i.ProjectInspector - TestProjectPatchedBuildCandidate
22:38:54.256 [main] INFO  f.i.s.r.p.i.ProjectInspector - GatherTestInformationPatchedBuildCandidate
22:38:54.257 [main] INFO  f.i.s.r.p.i.ProjectInspector - CommitPatch
22:38:54.257 [main] INFO  f.i.s.r.p.i.ProjectInspector - WritePropertyFile
22:38:54.257 [main] INFO  f.i.s.r.p.i.ProjectInspector - CommitProcessEnd
22:38:54.257 [main] INFO  f.i.s.r.p.i.ProjectInspector - PushProcessEnd
22:38:54.257 [main] DEBUG f.i.s.r.process.step.CloneRepository - ----------------------------------------------------------------------
22:38:54.258 [main] DEBUG f.i.s.r.process.step.CloneRepository - STEP 1/22: CloneRepository
22:38:54.258 [main] DEBUG f.i.s.r.process.step.CloneRepository - ----------------------------------------------------------------------
22:38:54.258 [main] DEBUG f.i.s.r.process.step.CloneRepository - Cloning repository EnMasseProject/enmasse in the following directory: ./workspace/EnMasseProject/enmasse/347661000
22:39:22.655 [main] DEBUG f.i.s.r.process.step.CloneRepository - STEP STATUS: [ CloneRepository : SUCCESS ]
22:39:22.655 [main] DEBUG f.i.s.r.process.step.CloneRepository - STEP DURATION: 28s
22:39:22.655 [main] DEBUG f.i.s.r.process.step.CloneRepository - EXECUTE NEXT STEP
22:39:22.656 [main] DEBUG f.i.s.r.p.s.c.CheckoutPatchedBuild - ----------------------------------------------------------------------
22:39:22.656 [main] DEBUG f.i.s.r.p.s.c.CheckoutPatchedBuild - STEP 2/22: CheckoutPatchedBuildCandidate
22:39:22.656 [main] DEBUG f.i.s.r.p.s.c.CheckoutPatchedBuild - ----------------------------------------------------------------------
22:39:22.656 [main] DEBUG f.i.s.r.p.s.c.CheckoutPatchedBuild - Checking out patched build candidate...
22:39:22.988 [main] INFO  fr.inria.jtravis.JTravis - GitHub ratelimit: Limit: 5000 Remaining: 4929 Reset hour: 19:30:05
22:39:24.650 [main] DEBUG f.i.s.r.p.s.c.CheckoutPatchedBuild - Reproduce the PR for EnMasseProject/enmasse by fetching remote branch and merging.
22:39:25.402 [main] ERROR f.i.s.r.p.s.c.CheckoutPatchedBuild - Error while testing commit: org.eclipse.jgit.errors.MissingObjectException: Missing unknown ca2f29b38b07a51f668f83900df9a410cec830be
22:39:25.403 [main] ERROR f.i.s.r.p.s.c.CheckoutPatchedBuild - Commit head ref cannot be retrieved from the repository: ca2f29b38b07a51f668f83900df9a410cec830be. Operation aborted.
22:39:25.403 [main] ERROR f.i.s.r.p.s.c.CheckoutPatchedBuild - Error while merging two commits to reproduce the PR.
22:39:25.404 [main] DEBUG f.i.s.r.p.s.c.CheckoutPatchedBuild - STEP STATUS: [ CheckoutPatchedBuildCandidate : FAILURE ( BUILDNOTCHECKEDOUT ) ]
22:39:25.404 [main] DEBUG f.i.s.r.p.s.c.CheckoutPatchedBuild - STEP DURATION: 2s
22:39:25.405 [main] DEBUG f.i.s.r.p.s.c.CheckoutPatchedBuild - TERMINATE PIPELINE
22:39:25.405 [main] DEBUG f.i.s.r.p.s.c.CheckoutPatchedBuild - FINAL STEPS SKIPPED: The reproduction of the bug and/or the patch failed.
22:39:25.405 [main] INFO  f.i.s.r.p.s.c.CheckoutPatchedBuild - Serialize all data for the pair of builds 347661000, 350215035
22:39:25.527 [main] INFO  fr.inria.jtravis.JTravis - GitHub ratelimit: Limit: 5000 Remaining: 4920 Reset hour: 19:30:05
22:39:26.486 [main] INFO  f.i.s.r.p.i.ProjectInspector - ----------------------------------------------------------------------
22:39:26.487 [main] INFO  f.i.s.r.p.i.ProjectInspector - PIPELINE EXECUTION SUMMARY
22:39:26.487 [main] INFO  f.i.s.r.p.i.ProjectInspector - ----------------------------------------------------------------------
22:39:26.488 [main] INFO  f.i.s.r.p.i.ProjectInspector - CloneRepository.......................................SUCCESS [ 28 s ]
22:39:26.489 [main] INFO  f.i.s.r.p.i.ProjectInspector - CheckoutPatchedBuildCandidate.........................FAILURE [  2 s ]
22:39:26.490 [main] INFO  f.i.s.r.p.i.ProjectInspector - ComputeSourceDir......................................NOT RUN         
22:39:26.490 [main] INFO  f.i.s.r.p.i.ProjectInspector - ComputeTestDir........................................NOT RUN         
22:39:26.490 [main] INFO  f.i.s.r.p.i.ProjectInspector - CheckoutBuggyBuildCandidateSourceCode.................NOT RUN         
22:39:26.491 [main] INFO  f.i.s.r.p.i.ProjectInspector - BuildProjectBuggyBuildCandidateSourceCode.............NOT RUN         
22:39:26.491 [main] INFO  f.i.s.r.p.i.ProjectInspector - TestProjectBuggyBuildCandidateSourceCode..............NOT RUN         
22:39:26.491 [main] INFO  f.i.s.r.p.i.ProjectInspector - GatherTestInformationBuggyBuildCandidateSourceCode....NOT RUN         
22:39:26.491 [main] INFO  f.i.s.r.p.i.ProjectInspector - CheckoutBuggyBuildTestCode............................NOT RUN         
22:39:26.492 [main] INFO  f.i.s.r.p.i.ProjectInspector - InitRepoToPush........................................NOT RUN         
22:39:26.492 [main] INFO  f.i.s.r.p.i.ProjectInspector - ComputeClasspath......................................NOT RUN         
22:39:26.492 [main] INFO  f.i.s.r.p.i.ProjectInspector - ComputeModules........................................NOT RUN         
22:39:26.492 [main] INFO  f.i.s.r.p.i.ProjectInspector - CheckoutBuggyBuildCandidateSourceCode.................NOT RUN         
22:39:26.493 [main] INFO  f.i.s.r.p.i.ProjectInspector - CommitChangedTests....................................NOT RUN         
22:39:26.493 [main] INFO  f.i.s.r.p.i.ProjectInspector - CheckoutPatchedBuildCandidate.........................NOT RUN         
22:39:26.493 [main] INFO  f.i.s.r.p.i.ProjectInspector - BuildProjectPatchedBuildCandidate.....................NOT RUN         
22:39:26.493 [main] INFO  f.i.s.r.p.i.ProjectInspector - TestProjectPatchedBuildCandidate......................NOT RUN         
22:39:26.493 [main] INFO  f.i.s.r.p.i.ProjectInspector - GatherTestInformationPatchedBuildCandidate............NOT RUN         
22:39:26.494 [main] INFO  f.i.s.r.p.i.ProjectInspector - CommitPatch...........................................NOT RUN         
22:39:26.494 [main] INFO  f.i.s.r.p.i.ProjectInspector - WritePropertyFile.....................................NOT RUN         
22:39:26.494 [main] INFO  f.i.s.r.p.i.ProjectInspector - CommitProcessEnd......................................NOT RUN         
22:39:26.494 [main] INFO  f.i.s.r.p.i.ProjectInspector - PushProcessEnd........................................NOT RUN         
22:39:26.495 [main] INFO  f.i.s.r.p.i.ProjectInspector - ----------------------------------------------------------------------
22:39:26.495 [main] INFO  f.i.s.r.p.i.ProjectInspector - PIPELINE FINDING: BUILDNOTCHECKEDOUT
22:39:26.495 [main] INFO  f.i.s.r.p.i.ProjectInspector - ----------------------------------------------------------------------
22:39:26.495 [main] INFO  f.i.s.repairnator.pipeline.Launcher - Inspector is finished. The process will exit now.
