23:42:46.178 [main] INFO  f.i.s.repairnator.pipeline.Launcher - PIPELINE VERSION: 3.0-2018-08-09 19:04
23:42:46.332 [main] INFO  f.i.s.repairnator.pipeline.Launcher - The pipeline will try to reproduce a bug from build 349612219 and its corresponding patch from build 350210206
23:42:46.333 [main] INFO  f.i.s.repairnator.pipeline.Launcher - Initialize file serializer engines.
23:42:46.335 [main] INFO  f.i.s.repairnator.pipeline.Launcher - MongoDB won't be used for serialization.
23:42:46.335 [main] INFO  f.i.s.repairnator.pipeline.Launcher - The email notifier engine won't be used.
23:42:46.338 [main] INFO  f.i.s.repairnator.pipeline.Launcher - Start by getting the build (buildId: 349612219) with the following config: RepairnatorConfig{runId='4f10a5c0-d543-4288-82ed-b7536ce5532c_03-18-week1-PASSING_AND_PASSING', launcherMode=BEARS, serializeJson=true, inputPath='null', outputPath='/var/log', mongodbHost='null', mongodbName='repairnator', smtpServer='null', notifyTo=[], notifyEndProcess=false, push=true, pushRemoteRepo='https://github.com/fermadeiral/bears-collection-pp', fork=false, lookFromDate=null, lookToDate=null, buildId=349612219, z3solverPath='./z3_for_linux', workspacePath='./workspace', githubToken='c8a341a903[...]', dockerImageName='null', skipDelete=false, createOutputDir=false, logDirectory='null', nbThreads=0, globalTimeout=0, whiteList=null, blackList=null, jobSleepTime=0, buildSleepTime=0, maxInspectedBuilds=0, duration=null, humanPatch=false, repository='null', clean=true, bearsMode=BOTH, bearsDelimiter = false, repairTools=NopolAllTests,NPEFix,AssertFixer,AstorJGenProg,AstorJKali,NopolSingleTest,AstorJMut,NopolTestExclusionStrategy, githubUserName= fermadeiral, githubUserEmail=fer.madeiral@gmail.com}
23:42:47.888 [main] DEBUG fr.inria.jtravis.helpers.BuildHelper - Get request to :https://api.travis-ci.org/build/349612219 done after 935 ms
23:42:48.165 [main] DEBUG fr.inria.jtravis.helpers.BuildHelper - Get request to :https://api.travis-ci.org/build/350210206 done after 147 ms
23:42:48.181 [main] INFO  f.i.s.repairnator.pipeline.Launcher - The patched build (350210206) was successfully retrieved from Travis.
23:42:49.262 [main] INFO  fr.inria.jtravis.JTravis - GitHub ratelimit: Limit: 5000 Remaining: 4957 Reset hour: 19:30:09
23:42:49.569 [main] INFO  f.i.s.r.p.i.ProjectInspector - ----------------------------------------------------------------------
23:42:49.571 [main] INFO  f.i.s.r.p.i.ProjectInspector - PIPELINE STEPS
23:42:49.571 [main] INFO  f.i.s.r.p.i.ProjectInspector - ----------------------------------------------------------------------
23:42:49.572 [main] INFO  f.i.s.r.p.i.ProjectInspector - CloneRepository
23:42:49.572 [main] INFO  f.i.s.r.p.i.ProjectInspector - CheckoutPatchedBuildCandidate
23:42:49.572 [main] INFO  f.i.s.r.p.i.ProjectInspector - ComputeSourceDir
23:42:49.573 [main] INFO  f.i.s.r.p.i.ProjectInspector - ComputeTestDir
23:42:49.573 [main] INFO  f.i.s.r.p.i.ProjectInspector - CheckoutBuggyBuildCandidateSourceCode
23:42:49.573 [main] INFO  f.i.s.r.p.i.ProjectInspector - BuildProjectBuggyBuildCandidateSourceCode
23:42:49.574 [main] INFO  f.i.s.r.p.i.ProjectInspector - TestProjectBuggyBuildCandidateSourceCode
23:42:49.574 [main] INFO  f.i.s.r.p.i.ProjectInspector - GatherTestInformationBuggyBuildCandidateSourceCode
23:42:49.575 [main] INFO  f.i.s.r.p.i.ProjectInspector - CheckoutBuggyBuildTestCode
23:42:49.575 [main] INFO  f.i.s.r.p.i.ProjectInspector - InitRepoToPush
23:42:49.575 [main] INFO  f.i.s.r.p.i.ProjectInspector - ComputeClasspath
23:42:49.575 [main] INFO  f.i.s.r.p.i.ProjectInspector - ComputeModules
23:42:49.576 [main] INFO  f.i.s.r.p.i.ProjectInspector - CheckoutBuggyBuildCandidateSourceCode
23:42:49.576 [main] INFO  f.i.s.r.p.i.ProjectInspector - CommitChangedTests
23:42:49.577 [main] INFO  f.i.s.r.p.i.ProjectInspector - CheckoutPatchedBuildCandidate
23:42:49.577 [main] INFO  f.i.s.r.p.i.ProjectInspector - BuildProjectPatchedBuildCandidate
23:42:49.577 [main] INFO  f.i.s.r.p.i.ProjectInspector - TestProjectPatchedBuildCandidate
23:42:49.578 [main] INFO  f.i.s.r.p.i.ProjectInspector - GatherTestInformationPatchedBuildCandidate
23:42:49.578 [main] INFO  f.i.s.r.p.i.ProjectInspector - CommitPatch
23:42:49.578 [main] INFO  f.i.s.r.p.i.ProjectInspector - WritePropertyFile
23:42:49.579 [main] INFO  f.i.s.r.p.i.ProjectInspector - CommitProcessEnd
23:42:49.579 [main] INFO  f.i.s.r.p.i.ProjectInspector - PushProcessEnd
23:42:49.579 [main] DEBUG f.i.s.r.process.step.CloneRepository - ----------------------------------------------------------------------
23:42:49.580 [main] DEBUG f.i.s.r.process.step.CloneRepository - STEP 1/22: CloneRepository
23:42:49.580 [main] DEBUG f.i.s.r.process.step.CloneRepository - ----------------------------------------------------------------------
23:42:49.580 [main] DEBUG f.i.s.r.process.step.CloneRepository - Cloning repository apache/incubator-servicecomb-java-chassis in the following directory: ./workspace/apache/incubator-servicecomb-java-chassis/349612219
23:42:59.407 [main] DEBUG f.i.s.r.process.step.CloneRepository - STEP STATUS: [ CloneRepository : SUCCESS ]
23:42:59.407 [main] DEBUG f.i.s.r.process.step.CloneRepository - STEP DURATION: 9s
23:42:59.408 [main] DEBUG f.i.s.r.process.step.CloneRepository - EXECUTE NEXT STEP
23:42:59.408 [main] DEBUG f.i.s.r.p.s.c.CheckoutPatchedBuild - ----------------------------------------------------------------------
23:42:59.408 [main] DEBUG f.i.s.r.p.s.c.CheckoutPatchedBuild - STEP 2/22: CheckoutPatchedBuildCandidate
23:42:59.408 [main] DEBUG f.i.s.r.p.s.c.CheckoutPatchedBuild - ----------------------------------------------------------------------
23:42:59.408 [main] DEBUG f.i.s.r.p.s.c.CheckoutPatchedBuild - Checking out patched build candidate...
23:42:59.735 [main] INFO  fr.inria.jtravis.JTravis - GitHub ratelimit: Limit: 5000 Remaining: 4956 Reset hour: 19:30:09
23:43:01.708 [main] DEBUG f.i.s.r.p.s.c.CheckoutPatchedBuild - Reproduce the PR for apache/incubator-servicecomb-java-chassis by fetching remote branch and merging.
23:43:04.040 [main] ERROR f.i.s.r.p.s.c.CheckoutPatchedBuild - Error while testing commit: org.eclipse.jgit.errors.MissingObjectException: Missing unknown 1c474b0ec5e137d0a7165ae8775d779e15e2b32a
23:43:04.042 [main] ERROR f.i.s.r.p.s.c.CheckoutPatchedBuild - Commit head ref cannot be retrieved from the repository: 1c474b0ec5e137d0a7165ae8775d779e15e2b32a. Operation aborted.
23:43:04.043 [main] ERROR f.i.s.r.p.s.c.CheckoutPatchedBuild - Error while merging two commits to reproduce the PR.
23:43:04.045 [main] DEBUG f.i.s.r.p.s.c.CheckoutPatchedBuild - STEP STATUS: [ CheckoutPatchedBuildCandidate : FAILURE ( BUILDNOTCHECKEDOUT ) ]
23:43:04.046 [main] DEBUG f.i.s.r.p.s.c.CheckoutPatchedBuild - STEP DURATION: 4s
23:43:04.046 [main] DEBUG f.i.s.r.p.s.c.CheckoutPatchedBuild - TERMINATE PIPELINE
23:43:04.047 [main] DEBUG f.i.s.r.p.s.c.CheckoutPatchedBuild - FINAL STEPS SKIPPED: The reproduction of the bug and/or the patch failed.
23:43:04.048 [main] INFO  f.i.s.r.p.s.c.CheckoutPatchedBuild - Serialize all data for the pair of builds 349612219, 350210206
23:43:04.174 [main] INFO  fr.inria.jtravis.JTravis - GitHub ratelimit: Limit: 5000 Remaining: 4949 Reset hour: 19:30:09
23:43:05.358 [main] INFO  f.i.s.r.p.i.ProjectInspector - ----------------------------------------------------------------------
23:43:05.358 [main] INFO  f.i.s.r.p.i.ProjectInspector - PIPELINE EXECUTION SUMMARY
23:43:05.358 [main] INFO  f.i.s.r.p.i.ProjectInspector - ----------------------------------------------------------------------
23:43:05.358 [main] INFO  f.i.s.r.p.i.ProjectInspector - CloneRepository........................................SUCCESS [ 9 s ]
23:43:05.359 [main] INFO  f.i.s.r.p.i.ProjectInspector - CheckoutPatchedBuildCandidate..........................FAILURE [ 4 s ]
23:43:05.359 [main] INFO  f.i.s.r.p.i.ProjectInspector - ComputeSourceDir.......................................NOT RUN        
23:43:05.359 [main] INFO  f.i.s.r.p.i.ProjectInspector - ComputeTestDir.........................................NOT RUN        
23:43:05.359 [main] INFO  f.i.s.r.p.i.ProjectInspector - CheckoutBuggyBuildCandidateSourceCode..................NOT RUN        
23:43:05.359 [main] INFO  f.i.s.r.p.i.ProjectInspector - BuildProjectBuggyBuildCandidateSourceCode..............NOT RUN        
23:43:05.360 [main] INFO  f.i.s.r.p.i.ProjectInspector - TestProjectBuggyBuildCandidateSourceCode...............NOT RUN        
23:43:05.360 [main] INFO  f.i.s.r.p.i.ProjectInspector - GatherTestInformationBuggyBuildCandidateSourceCode.....NOT RUN        
23:43:05.360 [main] INFO  f.i.s.r.p.i.ProjectInspector - CheckoutBuggyBuildTestCode.............................NOT RUN        
23:43:05.360 [main] INFO  f.i.s.r.p.i.ProjectInspector - InitRepoToPush.........................................NOT RUN        
23:43:05.360 [main] INFO  f.i.s.r.p.i.ProjectInspector - ComputeClasspath.......................................NOT RUN        
23:43:05.360 [main] INFO  f.i.s.r.p.i.ProjectInspector - ComputeModules.........................................NOT RUN        
23:43:05.361 [main] INFO  f.i.s.r.p.i.ProjectInspector - CheckoutBuggyBuildCandidateSourceCode..................NOT RUN        
23:43:05.361 [main] INFO  f.i.s.r.p.i.ProjectInspector - CommitChangedTests.....................................NOT RUN        
23:43:05.361 [main] INFO  f.i.s.r.p.i.ProjectInspector - CheckoutPatchedBuildCandidate..........................NOT RUN        
23:43:05.361 [main] INFO  f.i.s.r.p.i.ProjectInspector - BuildProjectPatchedBuildCandidate......................NOT RUN        
23:43:05.361 [main] INFO  f.i.s.r.p.i.ProjectInspector - TestProjectPatchedBuildCandidate.......................NOT RUN        
23:43:05.361 [main] INFO  f.i.s.r.p.i.ProjectInspector - GatherTestInformationPatchedBuildCandidate.............NOT RUN        
23:43:05.362 [main] INFO  f.i.s.r.p.i.ProjectInspector - CommitPatch............................................NOT RUN        
23:43:05.362 [main] INFO  f.i.s.r.p.i.ProjectInspector - WritePropertyFile......................................NOT RUN        
23:43:05.362 [main] INFO  f.i.s.r.p.i.ProjectInspector - CommitProcessEnd.......................................NOT RUN        
23:43:05.362 [main] INFO  f.i.s.r.p.i.ProjectInspector - PushProcessEnd.........................................NOT RUN        
23:43:05.362 [main] INFO  f.i.s.r.p.i.ProjectInspector - ----------------------------------------------------------------------
23:43:05.363 [main] INFO  f.i.s.r.p.i.ProjectInspector - PIPELINE FINDING: BUILDNOTCHECKEDOUT
23:43:05.363 [main] INFO  f.i.s.r.p.i.ProjectInspector - ----------------------------------------------------------------------
23:43:05.363 [main] INFO  f.i.s.repairnator.pipeline.Launcher - Inspector is finished. The process will exit now.
