22:48:54.641 [main] INFO  f.i.s.repairnator.pipeline.Launcher - PIPELINE VERSION: 3.0-2018-08-09 19:04
22:48:54.836 [main] INFO  f.i.s.repairnator.pipeline.Launcher - The pipeline will try to reproduce a bug from build 348287405 and its corresponding patch from build 349495927
22:48:54.837 [main] INFO  f.i.s.repairnator.pipeline.Launcher - Initialize file serializer engines.
22:48:54.839 [main] INFO  f.i.s.repairnator.pipeline.Launcher - MongoDB won't be used for serialization.
22:48:54.840 [main] INFO  f.i.s.repairnator.pipeline.Launcher - The email notifier engine won't be used.
22:48:54.844 [main] INFO  f.i.s.repairnator.pipeline.Launcher - Start by getting the build (buildId: 348287405) with the following config: RepairnatorConfig{runId='4f10a5c0-d543-4288-82ed-b7536ce5532c_03-18-week1-PASSING_AND_PASSING', launcherMode=BEARS, serializeJson=true, inputPath='null', outputPath='/var/log', mongodbHost='null', mongodbName='repairnator', smtpServer='null', notifyTo=[], notifyEndProcess=false, push=true, pushRemoteRepo='https://github.com/fermadeiral/bears-collection-pp', fork=false, lookFromDate=null, lookToDate=null, buildId=348287405, z3solverPath='./z3_for_linux', workspacePath='./workspace', githubToken='c8a341a903[...]', dockerImageName='null', skipDelete=false, createOutputDir=false, logDirectory='null', nbThreads=0, globalTimeout=0, whiteList=null, blackList=null, jobSleepTime=0, buildSleepTime=0, maxInspectedBuilds=0, duration=null, humanPatch=false, repository='null', clean=true, bearsMode=BOTH, bearsDelimiter = false, repairTools=NopolAllTests,NPEFix,AssertFixer,AstorJGenProg,AstorJKali,NopolSingleTest,AstorJMut,NopolTestExclusionStrategy, githubUserName= fermadeiral, githubUserEmail=fer.madeiral@gmail.com}
22:48:56.320 [main] DEBUG fr.inria.jtravis.helpers.BuildHelper - Get request to :https://api.travis-ci.org/build/348287405 done after 881 ms
22:48:56.549 [main] DEBUG fr.inria.jtravis.helpers.BuildHelper - Get request to :https://api.travis-ci.org/build/349495927 done after 130 ms
22:48:56.564 [main] INFO  f.i.s.repairnator.pipeline.Launcher - The patched build (349495927) was successfully retrieved from Travis.
22:48:57.710 [main] INFO  fr.inria.jtravis.JTravis - GitHub ratelimit: Limit: 5000 Remaining: 4707 Reset hour: 19:30:05
22:48:57.957 [main] INFO  f.i.s.r.p.i.ProjectInspector - ----------------------------------------------------------------------
22:48:57.958 [main] INFO  f.i.s.r.p.i.ProjectInspector - PIPELINE STEPS
22:48:57.958 [main] INFO  f.i.s.r.p.i.ProjectInspector - ----------------------------------------------------------------------
22:48:57.958 [main] INFO  f.i.s.r.p.i.ProjectInspector - CloneRepository
22:48:57.958 [main] INFO  f.i.s.r.p.i.ProjectInspector - CheckoutPatchedBuildCandidate
22:48:57.958 [main] INFO  f.i.s.r.p.i.ProjectInspector - ComputeSourceDir
22:48:57.959 [main] INFO  f.i.s.r.p.i.ProjectInspector - ComputeTestDir
22:48:57.959 [main] INFO  f.i.s.r.p.i.ProjectInspector - CheckoutBuggyBuildCandidateSourceCode
22:48:57.959 [main] INFO  f.i.s.r.p.i.ProjectInspector - BuildProjectBuggyBuildCandidateSourceCode
22:48:57.959 [main] INFO  f.i.s.r.p.i.ProjectInspector - TestProjectBuggyBuildCandidateSourceCode
22:48:57.960 [main] INFO  f.i.s.r.p.i.ProjectInspector - GatherTestInformationBuggyBuildCandidateSourceCode
22:48:57.960 [main] INFO  f.i.s.r.p.i.ProjectInspector - CheckoutBuggyBuildTestCode
22:48:57.960 [main] INFO  f.i.s.r.p.i.ProjectInspector - InitRepoToPush
22:48:57.960 [main] INFO  f.i.s.r.p.i.ProjectInspector - ComputeClasspath
22:48:57.960 [main] INFO  f.i.s.r.p.i.ProjectInspector - ComputeModules
22:48:57.960 [main] INFO  f.i.s.r.p.i.ProjectInspector - CheckoutBuggyBuildCandidateSourceCode
22:48:57.961 [main] INFO  f.i.s.r.p.i.ProjectInspector - CommitChangedTests
22:48:57.961 [main] INFO  f.i.s.r.p.i.ProjectInspector - CheckoutPatchedBuildCandidate
22:48:57.961 [main] INFO  f.i.s.r.p.i.ProjectInspector - BuildProjectPatchedBuildCandidate
22:48:57.961 [main] INFO  f.i.s.r.p.i.ProjectInspector - TestProjectPatchedBuildCandidate
22:48:57.961 [main] INFO  f.i.s.r.p.i.ProjectInspector - GatherTestInformationPatchedBuildCandidate
22:48:57.962 [main] INFO  f.i.s.r.p.i.ProjectInspector - CommitPatch
22:48:57.962 [main] INFO  f.i.s.r.p.i.ProjectInspector - WritePropertyFile
22:48:57.962 [main] INFO  f.i.s.r.p.i.ProjectInspector - CommitProcessEnd
22:48:57.962 [main] INFO  f.i.s.r.p.i.ProjectInspector - PushProcessEnd
22:48:57.963 [main] DEBUG f.i.s.r.process.step.CloneRepository - ----------------------------------------------------------------------
22:48:57.963 [main] DEBUG f.i.s.r.process.step.CloneRepository - STEP 1/22: CloneRepository
22:48:57.964 [main] DEBUG f.i.s.r.process.step.CloneRepository - ----------------------------------------------------------------------
22:48:57.964 [main] DEBUG f.i.s.r.process.step.CloneRepository - Cloning repository EnMasseProject/enmasse in the following directory: ./workspace/EnMasseProject/enmasse/348287405
22:49:25.038 [main] DEBUG f.i.s.r.process.step.CloneRepository - STEP STATUS: [ CloneRepository : SUCCESS ]
22:49:25.039 [main] DEBUG f.i.s.r.process.step.CloneRepository - STEP DURATION: 27s
22:49:25.040 [main] DEBUG f.i.s.r.process.step.CloneRepository - EXECUTE NEXT STEP
22:49:25.040 [main] DEBUG f.i.s.r.p.s.c.CheckoutPatchedBuild - ----------------------------------------------------------------------
22:49:25.041 [main] DEBUG f.i.s.r.p.s.c.CheckoutPatchedBuild - STEP 2/22: CheckoutPatchedBuildCandidate
22:49:25.041 [main] DEBUG f.i.s.r.p.s.c.CheckoutPatchedBuild - ----------------------------------------------------------------------
22:49:25.041 [main] DEBUG f.i.s.r.p.s.c.CheckoutPatchedBuild - Checking out patched build candidate...
22:49:25.364 [main] INFO  fr.inria.jtravis.JTravis - GitHub ratelimit: Limit: 5000 Remaining: 4681 Reset hour: 19:30:05
22:49:27.669 [main] DEBUG f.i.s.r.p.s.c.CheckoutPatchedBuild - Reproduce the PR for EnMasseProject/enmasse by fetching remote branch and merging.
22:49:28.389 [main] ERROR f.i.s.r.p.s.c.CheckoutPatchedBuild - Error while testing commit: org.eclipse.jgit.errors.MissingObjectException: Missing unknown 832de9a2fc170f013a1ef1120583ceb9abbbd631
22:49:28.390 [main] ERROR f.i.s.r.p.s.c.CheckoutPatchedBuild - Commit head ref cannot be retrieved from the repository: 832de9a2fc170f013a1ef1120583ceb9abbbd631. Operation aborted.
22:49:28.391 [main] ERROR f.i.s.r.p.s.c.CheckoutPatchedBuild - Error while merging two commits to reproduce the PR.
22:49:28.392 [main] DEBUG f.i.s.r.p.s.c.CheckoutPatchedBuild - STEP STATUS: [ CheckoutPatchedBuildCandidate : FAILURE ( BUILDNOTCHECKEDOUT ) ]
22:49:28.392 [main] DEBUG f.i.s.r.p.s.c.CheckoutPatchedBuild - STEP DURATION: 3s
22:49:28.392 [main] DEBUG f.i.s.r.p.s.c.CheckoutPatchedBuild - TERMINATE PIPELINE
22:49:28.393 [main] DEBUG f.i.s.r.p.s.c.CheckoutPatchedBuild - FINAL STEPS SKIPPED: The reproduction of the bug and/or the patch failed.
22:49:28.393 [main] INFO  f.i.s.r.p.s.c.CheckoutPatchedBuild - Serialize all data for the pair of builds 348287405, 349495927
22:49:28.516 [main] INFO  fr.inria.jtravis.JTravis - GitHub ratelimit: Limit: 5000 Remaining: 4674 Reset hour: 19:30:05
22:49:29.742 [main] INFO  f.i.s.r.p.i.ProjectInspector - ----------------------------------------------------------------------
22:49:29.743 [main] INFO  f.i.s.r.p.i.ProjectInspector - PIPELINE EXECUTION SUMMARY
22:49:29.743 [main] INFO  f.i.s.r.p.i.ProjectInspector - ----------------------------------------------------------------------
22:49:29.744 [main] INFO  f.i.s.r.p.i.ProjectInspector - CloneRepository.......................................SUCCESS [ 27 s ]
22:49:29.744 [main] INFO  f.i.s.r.p.i.ProjectInspector - CheckoutPatchedBuildCandidate.........................FAILURE [  3 s ]
22:49:29.745 [main] INFO  f.i.s.r.p.i.ProjectInspector - ComputeSourceDir......................................NOT RUN         
22:49:29.745 [main] INFO  f.i.s.r.p.i.ProjectInspector - ComputeTestDir........................................NOT RUN         
22:49:29.745 [main] INFO  f.i.s.r.p.i.ProjectInspector - CheckoutBuggyBuildCandidateSourceCode.................NOT RUN         
22:49:29.746 [main] INFO  f.i.s.r.p.i.ProjectInspector - BuildProjectBuggyBuildCandidateSourceCode.............NOT RUN         
22:49:29.746 [main] INFO  f.i.s.r.p.i.ProjectInspector - TestProjectBuggyBuildCandidateSourceCode..............NOT RUN         
22:49:29.746 [main] INFO  f.i.s.r.p.i.ProjectInspector - GatherTestInformationBuggyBuildCandidateSourceCode....NOT RUN         
22:49:29.747 [main] INFO  f.i.s.r.p.i.ProjectInspector - CheckoutBuggyBuildTestCode............................NOT RUN         
22:49:29.747 [main] INFO  f.i.s.r.p.i.ProjectInspector - InitRepoToPush........................................NOT RUN         
22:49:29.747 [main] INFO  f.i.s.r.p.i.ProjectInspector - ComputeClasspath......................................NOT RUN         
22:49:29.747 [main] INFO  f.i.s.r.p.i.ProjectInspector - ComputeModules........................................NOT RUN         
22:49:29.748 [main] INFO  f.i.s.r.p.i.ProjectInspector - CheckoutBuggyBuildCandidateSourceCode.................NOT RUN         
22:49:29.748 [main] INFO  f.i.s.r.p.i.ProjectInspector - CommitChangedTests....................................NOT RUN         
22:49:29.748 [main] INFO  f.i.s.r.p.i.ProjectInspector - CheckoutPatchedBuildCandidate.........................NOT RUN         
22:49:29.749 [main] INFO  f.i.s.r.p.i.ProjectInspector - BuildProjectPatchedBuildCandidate.....................NOT RUN         
22:49:29.749 [main] INFO  f.i.s.r.p.i.ProjectInspector - TestProjectPatchedBuildCandidate......................NOT RUN         
22:49:29.749 [main] INFO  f.i.s.r.p.i.ProjectInspector - GatherTestInformationPatchedBuildCandidate............NOT RUN         
22:49:29.750 [main] INFO  f.i.s.r.p.i.ProjectInspector - CommitPatch...........................................NOT RUN         
22:49:29.750 [main] INFO  f.i.s.r.p.i.ProjectInspector - WritePropertyFile.....................................NOT RUN         
22:49:29.751 [main] INFO  f.i.s.r.p.i.ProjectInspector - CommitProcessEnd......................................NOT RUN         
22:49:29.751 [main] INFO  f.i.s.r.p.i.ProjectInspector - PushProcessEnd........................................NOT RUN         
22:49:29.752 [main] INFO  f.i.s.r.p.i.ProjectInspector - ----------------------------------------------------------------------
22:49:29.752 [main] INFO  f.i.s.r.p.i.ProjectInspector - PIPELINE FINDING: BUILDNOTCHECKEDOUT
22:49:29.752 [main] INFO  f.i.s.r.p.i.ProjectInspector - ----------------------------------------------------------------------
22:49:29.753 [main] INFO  f.i.s.repairnator.pipeline.Launcher - Inspector is finished. The process will exit now.
