07:06:20.508 [main] INFO  f.i.s.repairnator.pipeline.Launcher - PIPELINE VERSION: 3.0-2018-08-09 19:04
07:06:20.678 [main] INFO  f.i.s.repairnator.pipeline.Launcher - The pipeline will try to reproduce a bug from build 349410197 and its corresponding patch from build 349447030
07:06:20.679 [main] INFO  f.i.s.repairnator.pipeline.Launcher - Initialize file serializer engines.
07:06:20.681 [main] INFO  f.i.s.repairnator.pipeline.Launcher - MongoDB won't be used for serialization.
07:06:20.682 [main] INFO  f.i.s.repairnator.pipeline.Launcher - The email notifier engine won't be used.
07:06:20.686 [main] INFO  f.i.s.repairnator.pipeline.Launcher - Start by getting the build (buildId: 349410197) with the following config: RepairnatorConfig{runId='4f10a5c0-d543-4288-82ed-b7536ce5532c_03-18-week1-PASSING_AND_PASSING', launcherMode=BEARS, serializeJson=true, inputPath='null', outputPath='/var/log', mongodbHost='null', mongodbName='repairnator', smtpServer='null', notifyTo=[], notifyEndProcess=false, push=true, pushRemoteRepo='https://github.com/fermadeiral/bears-collection-pp', fork=false, lookFromDate=null, lookToDate=null, buildId=349410197, z3solverPath='./z3_for_linux', workspacePath='./workspace', githubToken='c8a341a903[...]', dockerImageName='null', skipDelete=false, createOutputDir=false, logDirectory='null', nbThreads=0, globalTimeout=0, whiteList=null, blackList=null, jobSleepTime=0, buildSleepTime=0, maxInspectedBuilds=0, duration=null, humanPatch=false, repository='null', clean=true, bearsMode=BOTH, bearsDelimiter = false, repairTools=NopolAllTests,NPEFix,AssertFixer,AstorJGenProg,AstorJKali,NopolSingleTest,AstorJMut,NopolTestExclusionStrategy, githubUserName= fermadeiral, githubUserEmail=fer.madeiral@gmail.com}
07:06:22.014 [main] DEBUG fr.inria.jtravis.helpers.BuildHelper - Get request to :https://api.travis-ci.org/build/349410197 done after 747 ms
07:06:22.293 [main] DEBUG fr.inria.jtravis.helpers.BuildHelper - Get request to :https://api.travis-ci.org/build/349447030 done after 190 ms
07:06:22.310 [main] INFO  f.i.s.repairnator.pipeline.Launcher - The patched build (349447030) was successfully retrieved from Travis.
07:06:23.627 [main] INFO  fr.inria.jtravis.JTravis - GitHub ratelimit: Limit: 5000 Remaining: 4924 Reset hour: 19:30:36
07:06:23.943 [main] INFO  f.i.s.r.p.i.ProjectInspector - ----------------------------------------------------------------------
07:06:23.943 [main] INFO  f.i.s.r.p.i.ProjectInspector - PIPELINE STEPS
07:06:23.944 [main] INFO  f.i.s.r.p.i.ProjectInspector - ----------------------------------------------------------------------
07:06:23.944 [main] INFO  f.i.s.r.p.i.ProjectInspector - CloneRepository
07:06:23.944 [main] INFO  f.i.s.r.p.i.ProjectInspector - CheckoutPatchedBuildCandidate
07:06:23.944 [main] INFO  f.i.s.r.p.i.ProjectInspector - ComputeSourceDir
07:06:23.944 [main] INFO  f.i.s.r.p.i.ProjectInspector - ComputeTestDir
07:06:23.944 [main] INFO  f.i.s.r.p.i.ProjectInspector - CheckoutBuggyBuildCandidateSourceCode
07:06:23.944 [main] INFO  f.i.s.r.p.i.ProjectInspector - BuildProjectBuggyBuildCandidateSourceCode
07:06:23.947 [main] INFO  f.i.s.r.p.i.ProjectInspector - TestProjectBuggyBuildCandidateSourceCode
07:06:23.947 [main] INFO  f.i.s.r.p.i.ProjectInspector - GatherTestInformationBuggyBuildCandidateSourceCode
07:06:23.947 [main] INFO  f.i.s.r.p.i.ProjectInspector - CheckoutBuggyBuildTestCode
07:06:23.947 [main] INFO  f.i.s.r.p.i.ProjectInspector - InitRepoToPush
07:06:23.947 [main] INFO  f.i.s.r.p.i.ProjectInspector - ComputeClasspath
07:06:23.947 [main] INFO  f.i.s.r.p.i.ProjectInspector - ComputeModules
07:06:23.947 [main] INFO  f.i.s.r.p.i.ProjectInspector - CheckoutBuggyBuildCandidateSourceCode
07:06:23.948 [main] INFO  f.i.s.r.p.i.ProjectInspector - CommitChangedTests
07:06:23.948 [main] INFO  f.i.s.r.p.i.ProjectInspector - CheckoutPatchedBuildCandidate
07:06:23.948 [main] INFO  f.i.s.r.p.i.ProjectInspector - BuildProjectPatchedBuildCandidate
07:06:23.948 [main] INFO  f.i.s.r.p.i.ProjectInspector - TestProjectPatchedBuildCandidate
07:06:23.948 [main] INFO  f.i.s.r.p.i.ProjectInspector - GatherTestInformationPatchedBuildCandidate
07:06:23.949 [main] INFO  f.i.s.r.p.i.ProjectInspector - CommitPatch
07:06:23.949 [main] INFO  f.i.s.r.p.i.ProjectInspector - WritePropertyFile
07:06:23.949 [main] INFO  f.i.s.r.p.i.ProjectInspector - CommitProcessEnd
07:06:23.949 [main] INFO  f.i.s.r.p.i.ProjectInspector - PushProcessEnd
07:06:23.949 [main] DEBUG f.i.s.r.process.step.CloneRepository - ----------------------------------------------------------------------
07:06:23.950 [main] DEBUG f.i.s.r.process.step.CloneRepository - STEP 1/22: CloneRepository
07:06:23.950 [main] DEBUG f.i.s.r.process.step.CloneRepository - ----------------------------------------------------------------------
07:06:23.950 [main] DEBUG f.i.s.r.process.step.CloneRepository - Cloning repository fabric8io/fabric8-maven-plugin in the following directory: ./workspace/fabric8io/fabric8-maven-plugin/349410197
07:06:56.183 [main] DEBUG f.i.s.r.process.step.CloneRepository - STEP STATUS: [ CloneRepository : SUCCESS ]
07:06:56.184 [main] DEBUG f.i.s.r.process.step.CloneRepository - STEP DURATION: 32s
07:06:56.184 [main] DEBUG f.i.s.r.process.step.CloneRepository - EXECUTE NEXT STEP
07:06:56.184 [main] DEBUG f.i.s.r.p.s.c.CheckoutPatchedBuild - ----------------------------------------------------------------------
07:06:56.184 [main] DEBUG f.i.s.r.p.s.c.CheckoutPatchedBuild - STEP 2/22: CheckoutPatchedBuildCandidate
07:06:56.185 [main] DEBUG f.i.s.r.p.s.c.CheckoutPatchedBuild - ----------------------------------------------------------------------
07:06:56.185 [main] DEBUG f.i.s.r.p.s.c.CheckoutPatchedBuild - Checking out patched build candidate...
07:06:56.519 [main] INFO  fr.inria.jtravis.JTravis - GitHub ratelimit: Limit: 5000 Remaining: 4912 Reset hour: 19:30:36
07:06:58.117 [main] DEBUG f.i.s.r.p.s.c.CheckoutPatchedBuild - Reproduce the PR for fabric8io/fabric8-maven-plugin by fetching remote branch and merging.
07:07:04.657 [main] ERROR f.i.s.r.p.s.c.CheckoutPatchedBuild - Error while testing commit: org.eclipse.jgit.errors.MissingObjectException: Missing unknown 4314f328b92bee9adcdb473c052510f4051fb8fd
07:07:04.659 [main] ERROR f.i.s.r.p.s.c.CheckoutPatchedBuild - Commit head ref cannot be retrieved from the repository: 4314f328b92bee9adcdb473c052510f4051fb8fd. Operation aborted.
07:07:04.659 [main] ERROR f.i.s.r.p.s.c.CheckoutPatchedBuild - Error while merging two commits to reproduce the PR.
07:07:04.660 [main] DEBUG f.i.s.r.p.s.c.CheckoutPatchedBuild - STEP STATUS: [ CheckoutPatchedBuildCandidate : FAILURE ( BUILDNOTCHECKEDOUT ) ]
07:07:04.661 [main] DEBUG f.i.s.r.p.s.c.CheckoutPatchedBuild - STEP DURATION: 8s
07:07:04.661 [main] DEBUG f.i.s.r.p.s.c.CheckoutPatchedBuild - TERMINATE PIPELINE
07:07:04.662 [main] DEBUG f.i.s.r.p.s.c.CheckoutPatchedBuild - FINAL STEPS SKIPPED: The reproduction of the bug and/or the patch failed.
07:07:04.662 [main] INFO  f.i.s.r.p.s.c.CheckoutPatchedBuild - Serialize all data for the pair of builds 349410197, 349447030
07:07:04.976 [main] INFO  fr.inria.jtravis.JTravis - GitHub ratelimit: Limit: 5000 Remaining: 4901 Reset hour: 19:30:36
07:07:05.894 [main] INFO  f.i.s.r.p.i.ProjectInspector - ----------------------------------------------------------------------
07:07:05.895 [main] INFO  f.i.s.r.p.i.ProjectInspector - PIPELINE EXECUTION SUMMARY
07:07:05.895 [main] INFO  f.i.s.r.p.i.ProjectInspector - ----------------------------------------------------------------------
07:07:05.895 [main] INFO  f.i.s.r.p.i.ProjectInspector - CloneRepository.......................................SUCCESS [ 32 s ]
07:07:05.895 [main] INFO  f.i.s.r.p.i.ProjectInspector - CheckoutPatchedBuildCandidate.........................FAILURE [  8 s ]
07:07:05.896 [main] INFO  f.i.s.r.p.i.ProjectInspector - ComputeSourceDir......................................NOT RUN         
07:07:05.898 [main] INFO  f.i.s.r.p.i.ProjectInspector - ComputeTestDir........................................NOT RUN         
07:07:05.899 [main] INFO  f.i.s.r.p.i.ProjectInspector - CheckoutBuggyBuildCandidateSourceCode.................NOT RUN         
07:07:05.899 [main] INFO  f.i.s.r.p.i.ProjectInspector - BuildProjectBuggyBuildCandidateSourceCode.............NOT RUN         
07:07:05.899 [main] INFO  f.i.s.r.p.i.ProjectInspector - TestProjectBuggyBuildCandidateSourceCode..............NOT RUN         
07:07:05.899 [main] INFO  f.i.s.r.p.i.ProjectInspector - GatherTestInformationBuggyBuildCandidateSourceCode....NOT RUN         
07:07:05.899 [main] INFO  f.i.s.r.p.i.ProjectInspector - CheckoutBuggyBuildTestCode............................NOT RUN         
07:07:05.900 [main] INFO  f.i.s.r.p.i.ProjectInspector - InitRepoToPush........................................NOT RUN         
07:07:05.900 [main] INFO  f.i.s.r.p.i.ProjectInspector - ComputeClasspath......................................NOT RUN         
07:07:05.900 [main] INFO  f.i.s.r.p.i.ProjectInspector - ComputeModules........................................NOT RUN         
07:07:05.900 [main] INFO  f.i.s.r.p.i.ProjectInspector - CheckoutBuggyBuildCandidateSourceCode.................NOT RUN         
07:07:05.901 [main] INFO  f.i.s.r.p.i.ProjectInspector - CommitChangedTests....................................NOT RUN         
07:07:05.901 [main] INFO  f.i.s.r.p.i.ProjectInspector - CheckoutPatchedBuildCandidate.........................NOT RUN         
07:07:05.901 [main] INFO  f.i.s.r.p.i.ProjectInspector - BuildProjectPatchedBuildCandidate.....................NOT RUN         
07:07:05.901 [main] INFO  f.i.s.r.p.i.ProjectInspector - TestProjectPatchedBuildCandidate......................NOT RUN         
07:07:05.901 [main] INFO  f.i.s.r.p.i.ProjectInspector - GatherTestInformationPatchedBuildCandidate............NOT RUN         
07:07:05.901 [main] INFO  f.i.s.r.p.i.ProjectInspector - CommitPatch...........................................NOT RUN         
07:07:05.901 [main] INFO  f.i.s.r.p.i.ProjectInspector - WritePropertyFile.....................................NOT RUN         
07:07:05.901 [main] INFO  f.i.s.r.p.i.ProjectInspector - CommitProcessEnd......................................NOT RUN         
07:07:05.902 [main] INFO  f.i.s.r.p.i.ProjectInspector - PushProcessEnd........................................NOT RUN         
07:07:05.903 [main] INFO  f.i.s.r.p.i.ProjectInspector - ----------------------------------------------------------------------
07:07:05.903 [main] INFO  f.i.s.r.p.i.ProjectInspector - PIPELINE FINDING: BUILDNOTCHECKEDOUT
07:07:05.903 [main] INFO  f.i.s.r.p.i.ProjectInspector - ----------------------------------------------------------------------
07:07:05.903 [main] INFO  f.i.s.repairnator.pipeline.Launcher - Inspector is finished. The process will exit now.
