23:50:33.920 [main] INFO  f.i.s.repairnator.pipeline.Launcher - PIPELINE VERSION: 3.0-2018-08-09 19:04
23:50:34.069 [main] INFO  f.i.s.repairnator.pipeline.Launcher - The pipeline will try to reproduce a bug from build 348082228 and its corresponding patch from build 350137209
23:50:34.070 [main] INFO  f.i.s.repairnator.pipeline.Launcher - Initialize file serializer engines.
23:50:34.072 [main] INFO  f.i.s.repairnator.pipeline.Launcher - MongoDB won't be used for serialization.
23:50:34.073 [main] INFO  f.i.s.repairnator.pipeline.Launcher - The email notifier engine won't be used.
23:50:34.077 [main] INFO  f.i.s.repairnator.pipeline.Launcher - Start by getting the build (buildId: 348082228) with the following config: RepairnatorConfig{runId='4f10a5c0-d543-4288-82ed-b7536ce5532c_03-18-week1-PASSING_AND_PASSING', launcherMode=BEARS, serializeJson=true, inputPath='null', outputPath='/var/log', mongodbHost='null', mongodbName='repairnator', smtpServer='null', notifyTo=[], notifyEndProcess=false, push=true, pushRemoteRepo='https://github.com/fermadeiral/bears-collection-pp', fork=false, lookFromDate=null, lookToDate=null, buildId=348082228, z3solverPath='./z3_for_linux', workspacePath='./workspace', githubToken='c8a341a903[...]', dockerImageName='null', skipDelete=false, createOutputDir=false, logDirectory='null', nbThreads=0, globalTimeout=0, whiteList=null, blackList=null, jobSleepTime=0, buildSleepTime=0, maxInspectedBuilds=0, duration=null, humanPatch=false, repository='null', clean=true, bearsMode=BOTH, bearsDelimiter = false, repairTools=NopolAllTests,NPEFix,AssertFixer,AstorJGenProg,AstorJKali,NopolSingleTest,AstorJMut,NopolTestExclusionStrategy, githubUserName= fermadeiral, githubUserEmail=fer.madeiral@gmail.com}
23:50:35.531 [main] DEBUG fr.inria.jtravis.helpers.BuildHelper - Get request to :https://api.travis-ci.org/build/348082228 done after 856 ms
23:50:35.788 [main] DEBUG fr.inria.jtravis.helpers.BuildHelper - Get request to :https://api.travis-ci.org/build/350137209 done after 128 ms
23:50:35.800 [main] INFO  f.i.s.repairnator.pipeline.Launcher - The patched build (350137209) was successfully retrieved from Travis.
23:50:36.837 [main] INFO  fr.inria.jtravis.JTravis - GitHub ratelimit: Limit: 5000 Remaining: 4806 Reset hour: 19:30:09
23:50:37.053 [main] INFO  f.i.s.r.p.i.ProjectInspector - ----------------------------------------------------------------------
23:50:37.054 [main] INFO  f.i.s.r.p.i.ProjectInspector - PIPELINE STEPS
23:50:37.054 [main] INFO  f.i.s.r.p.i.ProjectInspector - ----------------------------------------------------------------------
23:50:37.054 [main] INFO  f.i.s.r.p.i.ProjectInspector - CloneRepository
23:50:37.054 [main] INFO  f.i.s.r.p.i.ProjectInspector - CheckoutPatchedBuildCandidate
23:50:37.055 [main] INFO  f.i.s.r.p.i.ProjectInspector - ComputeSourceDir
23:50:37.055 [main] INFO  f.i.s.r.p.i.ProjectInspector - ComputeTestDir
23:50:37.055 [main] INFO  f.i.s.r.p.i.ProjectInspector - CheckoutBuggyBuildCandidateSourceCode
23:50:37.055 [main] INFO  f.i.s.r.p.i.ProjectInspector - BuildProjectBuggyBuildCandidateSourceCode
23:50:37.055 [main] INFO  f.i.s.r.p.i.ProjectInspector - TestProjectBuggyBuildCandidateSourceCode
23:50:37.055 [main] INFO  f.i.s.r.p.i.ProjectInspector - GatherTestInformationBuggyBuildCandidateSourceCode
23:50:37.056 [main] INFO  f.i.s.r.p.i.ProjectInspector - CheckoutBuggyBuildTestCode
23:50:37.056 [main] INFO  f.i.s.r.p.i.ProjectInspector - InitRepoToPush
23:50:37.056 [main] INFO  f.i.s.r.p.i.ProjectInspector - ComputeClasspath
23:50:37.056 [main] INFO  f.i.s.r.p.i.ProjectInspector - ComputeModules
23:50:37.056 [main] INFO  f.i.s.r.p.i.ProjectInspector - CheckoutBuggyBuildCandidateSourceCode
23:50:37.056 [main] INFO  f.i.s.r.p.i.ProjectInspector - CommitChangedTests
23:50:37.057 [main] INFO  f.i.s.r.p.i.ProjectInspector - CheckoutPatchedBuildCandidate
23:50:37.057 [main] INFO  f.i.s.r.p.i.ProjectInspector - BuildProjectPatchedBuildCandidate
23:50:37.057 [main] INFO  f.i.s.r.p.i.ProjectInspector - TestProjectPatchedBuildCandidate
23:50:37.057 [main] INFO  f.i.s.r.p.i.ProjectInspector - GatherTestInformationPatchedBuildCandidate
23:50:37.057 [main] INFO  f.i.s.r.p.i.ProjectInspector - CommitPatch
23:50:37.057 [main] INFO  f.i.s.r.p.i.ProjectInspector - WritePropertyFile
23:50:37.058 [main] INFO  f.i.s.r.p.i.ProjectInspector - CommitProcessEnd
23:50:37.058 [main] INFO  f.i.s.r.p.i.ProjectInspector - PushProcessEnd
23:50:37.058 [main] DEBUG f.i.s.r.process.step.CloneRepository - ----------------------------------------------------------------------
23:50:37.058 [main] DEBUG f.i.s.r.process.step.CloneRepository - STEP 1/22: CloneRepository
23:50:37.059 [main] DEBUG f.i.s.r.process.step.CloneRepository - ----------------------------------------------------------------------
23:50:37.059 [main] DEBUG f.i.s.r.process.step.CloneRepository - Cloning repository runelite/runelite in the following directory: ./workspace/runelite/runelite/348082228
23:50:47.877 [main] DEBUG f.i.s.r.process.step.CloneRepository - STEP STATUS: [ CloneRepository : SUCCESS ]
23:50:47.878 [main] DEBUG f.i.s.r.process.step.CloneRepository - STEP DURATION: 10s
23:50:47.878 [main] DEBUG f.i.s.r.process.step.CloneRepository - EXECUTE NEXT STEP
23:50:47.878 [main] DEBUG f.i.s.r.p.s.c.CheckoutPatchedBuild - ----------------------------------------------------------------------
23:50:47.878 [main] DEBUG f.i.s.r.p.s.c.CheckoutPatchedBuild - STEP 2/22: CheckoutPatchedBuildCandidate
23:50:47.879 [main] DEBUG f.i.s.r.p.s.c.CheckoutPatchedBuild - ----------------------------------------------------------------------
23:50:47.879 [main] DEBUG f.i.s.r.p.s.c.CheckoutPatchedBuild - Checking out patched build candidate...
23:50:48.223 [main] INFO  fr.inria.jtravis.JTravis - GitHub ratelimit: Limit: 5000 Remaining: 4805 Reset hour: 19:30:09
23:50:48.597 [main] WARN  f.i.j.helpers.PullRequestHelper - The head repository is null: maybe it has been deleted from GitHub
23:50:48.597 [main] ERROR f.i.s.r.p.s.c.CheckoutPatchedBuild - Error while getting PR information.
23:50:48.598 [main] DEBUG f.i.s.r.p.s.c.CheckoutPatchedBuild - STEP STATUS: [ CheckoutPatchedBuildCandidate : FAILURE ( BUILDNOTCHECKEDOUT ) ]
23:50:48.598 [main] DEBUG f.i.s.r.p.s.c.CheckoutPatchedBuild - STEP DURATION: 0s
23:50:48.598 [main] DEBUG f.i.s.r.p.s.c.CheckoutPatchedBuild - TERMINATE PIPELINE
23:50:48.599 [main] DEBUG f.i.s.r.p.s.c.CheckoutPatchedBuild - FINAL STEPS SKIPPED: The reproduction of the bug and/or the patch failed.
23:50:48.599 [main] INFO  f.i.s.r.p.s.c.CheckoutPatchedBuild - Serialize all data for the pair of builds 348082228, 350137209
23:50:48.726 [main] INFO  fr.inria.jtravis.JTravis - GitHub ratelimit: Limit: 5000 Remaining: 4803 Reset hour: 19:30:09
23:50:49.545 [main] INFO  f.i.s.r.p.i.ProjectInspector - ----------------------------------------------------------------------
23:50:49.546 [main] INFO  f.i.s.r.p.i.ProjectInspector - PIPELINE EXECUTION SUMMARY
23:50:49.546 [main] INFO  f.i.s.r.p.i.ProjectInspector - ----------------------------------------------------------------------
23:50:49.547 [main] INFO  f.i.s.r.p.i.ProjectInspector - CloneRepository.......................................SUCCESS [ 10 s ]
23:50:49.547 [main] INFO  f.i.s.r.p.i.ProjectInspector - CheckoutPatchedBuildCandidate.........................FAILURE [  0 s ]
23:50:49.547 [main] INFO  f.i.s.r.p.i.ProjectInspector - ComputeSourceDir......................................NOT RUN         
23:50:49.547 [main] INFO  f.i.s.r.p.i.ProjectInspector - ComputeTestDir........................................NOT RUN         
23:50:49.547 [main] INFO  f.i.s.r.p.i.ProjectInspector - CheckoutBuggyBuildCandidateSourceCode.................NOT RUN         
23:50:49.547 [main] INFO  f.i.s.r.p.i.ProjectInspector - BuildProjectBuggyBuildCandidateSourceCode.............NOT RUN         
23:50:49.548 [main] INFO  f.i.s.r.p.i.ProjectInspector - TestProjectBuggyBuildCandidateSourceCode..............NOT RUN         
23:50:49.548 [main] INFO  f.i.s.r.p.i.ProjectInspector - GatherTestInformationBuggyBuildCandidateSourceCode....NOT RUN         
23:50:49.548 [main] INFO  f.i.s.r.p.i.ProjectInspector - CheckoutBuggyBuildTestCode............................NOT RUN         
23:50:49.548 [main] INFO  f.i.s.r.p.i.ProjectInspector - InitRepoToPush........................................NOT RUN         
23:50:49.548 [main] INFO  f.i.s.r.p.i.ProjectInspector - ComputeClasspath......................................NOT RUN         
23:50:49.549 [main] INFO  f.i.s.r.p.i.ProjectInspector - ComputeModules........................................NOT RUN         
23:50:49.549 [main] INFO  f.i.s.r.p.i.ProjectInspector - CheckoutBuggyBuildCandidateSourceCode.................NOT RUN         
23:50:49.549 [main] INFO  f.i.s.r.p.i.ProjectInspector - CommitChangedTests....................................NOT RUN         
23:50:49.549 [main] INFO  f.i.s.r.p.i.ProjectInspector - CheckoutPatchedBuildCandidate.........................NOT RUN         
23:50:49.549 [main] INFO  f.i.s.r.p.i.ProjectInspector - BuildProjectPatchedBuildCandidate.....................NOT RUN         
23:50:49.549 [main] INFO  f.i.s.r.p.i.ProjectInspector - TestProjectPatchedBuildCandidate......................NOT RUN         
23:50:49.550 [main] INFO  f.i.s.r.p.i.ProjectInspector - GatherTestInformationPatchedBuildCandidate............NOT RUN         
23:50:49.550 [main] INFO  f.i.s.r.p.i.ProjectInspector - CommitPatch...........................................NOT RUN         
23:50:49.550 [main] INFO  f.i.s.r.p.i.ProjectInspector - WritePropertyFile.....................................NOT RUN         
23:50:49.555 [main] INFO  f.i.s.r.p.i.ProjectInspector - CommitProcessEnd......................................NOT RUN         
23:50:49.555 [main] INFO  f.i.s.r.p.i.ProjectInspector - PushProcessEnd........................................NOT RUN         
23:50:49.556 [main] INFO  f.i.s.r.p.i.ProjectInspector - ----------------------------------------------------------------------
23:50:49.556 [main] INFO  f.i.s.r.p.i.ProjectInspector - PIPELINE FINDING: BUILDNOTCHECKEDOUT
23:50:49.562 [main] INFO  f.i.s.r.p.i.ProjectInspector - ----------------------------------------------------------------------
23:50:49.562 [main] INFO  f.i.s.repairnator.pipeline.Launcher - Inspector is finished. The process will exit now.
